2020-04-16 19:22:15

CONFIGURATION:
{u'simulation': {u'stdev_factor': 0.01, u'power_mgmt_enabled': False, u'tasks': {u'loc': {u'mean_service_time': {u'gpu': 90, u'cpu_core': 200, u'loc_accel': 10}, u'priority': 1, u'deadline': 1000, u'stdev_service_time': {u'gpu': 0.9, u'cpu_core': 2.0, u'loc_accel': 0.1}, u'power': {u'gpu': 4.457, u'cpu_core': 6.133, u'loc_accel': 0.02197}}, u'detect': {u'mean_service_time': {u'gpu': 0.4607, u'cpu_core': 3.654, u'det_accel': 0.278}, u'priority': 2, u'deadline': 1000, u'stdev_service_time': {u'gpu': 0.004607, u'cpu_core': 0.03654, u'det_accel': 0.0027800000000000004}, u'power': {u'gpu': 90, u'cpu_core': 200, u'det_accel': 10}}, u'Frontier': {u'mean_service_time': {u'cpu_core': 396}, u'priority': 9, u'deadline': 1000, u'stdev_service_time': {u'cpu_core': 3.96}, u'power': {u'cpu_core': 5.98}}, u'track': {u'mean_service_time': {u'gpu': 17, u'tra_accel': 2, u'cpu_core': 1820}, u'priority': 3, u'deadline': 1000, u'stdev_service_time': {u'gpu': 0.17, u'tra_accel': 0.02, u'cpu_core': 18.2}, u'power': {u'gpu': 12.79, u'tra_accel': 0.59, u'cpu_core': 5.6}}, u'sp': {u'mean_service_time': {u'gpu': 379, u'cpu_core': 1004}, u'priority': 11, u'deadline': 1000, u'stdev_service_time': {u'gpu': 3.79, u'cpu_core': 10.040000000000001}, u'power': {u'gpu': 3.302, u'cpu_core': 1004}}, u'mission': {u'mean_service_time': {u'cpu_core': 0.0022}, u'priority': 5, u'deadline': 1000, u'stdev_service_time': {u'cpu_core': 2.2000000000000003e-05}, u'power': {u'cpu_core': 3.534}}, u'motion': {u'mean_service_time': {u'cpu_core': 8}, u'priority': 6, u'deadline': 1000, u'stdev_service_time': {u'cpu_core': 0.08}, u'power': {u'cpu_core': 4.222}}, u'collision': {u'mean_service_time': {u'cpu_core': 8}, u'priority': 7, u'deadline': 1000, u'stdev_service_time': {u'cpu_core': 0.08}, u'power': {u'cpu_core': 0}}, u'fusion': {u'mean_service_time': {u'cpu_core': 1}, u'priority': 4, u'deadline': 1000, u'stdev_service_time': {u'cpu_core': 0.01}, u'power': {u'cpu_core': 0}}, u'map': {u'mean_service_time': {u'gpu': 761, u'cpu_core': 973}, u'priority': 10, u'deadline': 1000, u'stdev_service_time': {u'gpu': 7.61, u'cpu_core': 9.73}, u'power': {u'gpu': 3.533, u'cpu_core': 2.995}}, u'path': {u'mean_service_time': {u'cpu_core': 8}, u'priority': 8, u'deadline': 1000, u'stdev_service_time': {u'cpu_core': 0.08}, u'power': {u'cpu_core': 0}}}, u'sched_policy_module': u'policies.heft', u'drop': True, u'servers': {u'gpu': {u'count': 2}, u'tra_accel': {u'count': 1}, u'cpu_core': {u'count': 8}, u'loc_accel': {u'count': 1}, u'det_accel': {u'count': 1}}, u'max_tasks_simulated': 10000, u'max_queue_size': 1000000, u'mean_arrival_time': 50, u'arrival_time_scale': 4.2}, u'general': {u'random_seed': 0, u'pre_gen_arrivals': False, u'basename': u'policy:heft__stdev_factor:0.01', u'output_trace_file': None, u'working_dir': u'/home/hiwot/meta-stomp2/sim_16042020_192013_new_arrival_50_map_rheftmapping_50_trace_20', u'input_trace_file': (False, '../mv_mapping_50_trace_20.trc'), u'logging_level': u'INFO'}}
Time	Response time (avg)
966	5.0
995	4.0
1005	3.7
1042	3.5
1121	3.4
1609	3.3
1651	3.3
1762	3.2
1777	3.4
1861	3.6
1904	3.9
1932	4.0
1999	3.9
2358	4.0
2394	3.9
2776	3.9
3124	3.9
3951	4.0
4059	3.9
4599	3.9
4627	4.0
4902	4.0
4990	4.0
5012	4.0
5074	4.0
5083	4.0
5090	4.0
5649	4.1
5716	4.0
5853	4.1
5924	4.0
6154	4.1
6388	4.1
6409	4.1
6505	4.1
6628	4.1
6863	4.1
6926	4.1
7179	4.1
7429	4.1
7531	4.1
7542	4.1
7720	4.1
8299	4.1
8719	4.1
9605	4.0
9652	4.0
9798	4.0
10043	4.1
10241	4.1
10410	4.1
10601	4.1
10714	4.1
10749	4.1
11000	4.1
11000	4.1
11340	4.1
11437	4.1
11516	4.1
11700	4.1
12280	4.1
12669	4.1
12747	4.1
12784	4.2
12809	4.2
13255	4.2
13839	4.2
14057	4.2
15285	4.2
15313	4.2
15477	4.2
15578	4.2
15758	4.2
15799	4.2
16293	4.2
16401	4.2
16537	4.2
16749	4.2
16985	4.2
17349	4.2
17552	4.2
17645	4.2
17682	4.2
17707	4.2
17741	4.2
17996	4.2
18244	4.2
18320	4.2
18547	4.2
19068	4.2
19153	4.2
19271	4.2
19520	4.2
20039	4.2
20147	4.2
20495	4.2
20769	4.2
20780	4.2
20846	4.2
20951	4.2
21460	4.2
21795	4.2
21811	4.2
21979	4.2
22310	4.2
22634	4.2
22784	4.2
23268	4.2
23318	4.2
23465	4.2
23663	4.2
23701	4.2
23911	4.2
23923	4.2
23947	4.2
23983	4.2
24024	4.2
24403	4.2
24408	4.2
24437	4.2
24599	4.2
24653	4.2
24847	4.2
25309	4.2
25351	4.2
25609	4.2
25972	4.2
26619	4.2
26783	4.2
26888	4.2
27101	4.2
27132	4.2
27475	5.4
27482	5.9
27489	6.0
27815	5.9
27842	5.9
27852	5.9
27874	5.9
27888	5.9
28060	5.9
28127	5.9
28134	6.0
28189	6.0
28266	6.0
28449	5.9
28536	5.9
28580	5.9
28634	5.9
29173	5.9
29286	5.9
29407	5.9
30311	5.9
30358	5.9
30560	5.9
30595	5.9
30677	5.9
31319	5.8
31758	5.8
31841	5.8
31924	5.8
32212	5.8
32270	5.8
32302	5.8
32509	5.8
32521	5.8
32634	5.8
33138	5.8
33221	5.8
33664	5.8
33750	5.8
34031	5.8
34582	5.8
34584	5.7
34595	5.7
34669	5.8
35292	5.7
35670	5.7
36430	5.7
37702	5.7
38090	5.7
38513	5.7
38897	5.7
39332	5.7
39548	5.7
39887	5.7
39926	5.7
40072	5.7
40085	5.7
40249	5.7
40559	5.7
41604	5.7
41643	5.7
42382	5.6
42651	5.6
42659	5.6
42798	5.6
43151	5.6
43333	5.6
43350	5.6
43432	5.6
43442	5.6
43634	5.6
43698	5.6
43772	5.6
44026	5.6
44096	5.6
44105	5.5
44284	5.5
44561	5.5
44915	5.5
45100	5.5
45245	5.5
45784	5.5
45818	5.5
45889	5.5
46060	5.5
46391	5.5
46516	5.5
46571	5.5
46977	5.5
47349	5.5
47414	5.4
47891	5.4
47928	5.4
48011	5.4
48019	5.4
48672	5.4
48779	5.4
48786	5.4
48879	5.4
48962	5.4
49346	5.4
49416	5.4
50325	5.4
50669	5.4
50984	5.4
51080	5.4
51168	5.4
51307	5.4
52044	5.4
52072	5.4
52638	5.4
52949	5.4
53589	5.4
54209	5.4
54587	5.4
54617	5.3
54671	5.3
54831	5.3
55208	5.3
55538	5.3
56623	5.3
56652	5.3
56986	5.3
57309	5.3
57397	5.3
57544	5.3
57679	5.3
57796	5.3
57884	5.3
57935	5.3
58388	5.3
58716	5.3
59484	5.3
59727	5.3
59785	5.3
60593	5.3
60723	5.3
61079	5.3
61425	5.2
61433	5.2
61958	5.2
62042	5.2
63003	5.2
63092	5.2
63185	5.2
63813	5.2
63886	5.2
64011	5.2
64520	5.2
64524	5.2
64646	5.2
65043	5.2
65471	5.2
66156	5.2
66157	5.2
67007	5.2
67674	5.2
67764	5.2
67803	5.2
67922	5.2
68447	5.2
69350	5.2
69945	5.1
70112	5.2
70568	5.2
70745	5.1
70821	5.2
71063	5.2
71278	5.2
71513	5.2
71591	5.2
71624	5.2
71707	5.2
71728	5.2
71772	5.2
72014	5.2
72198	5.2
72509	5.2
72546	5.2
73181	5.1
73186	5.1
73466	5.1
73642	5.1
73690	5.1
73994	5.1
74059	5.1
74281	5.1
74739	5.1
74969	5.1
74974	5.1
75411	5.1
75709	5.1
75801	5.1
75806	5.1
76099	5.1
76646	5.1
77162	5.1
77510	5.1
77968	5.1
77981	5.1
78303	5.1
78309	5.1
78610	5.1
79149	5.1
79217	5.1
79226	5.1
79254	5.1
79416	5.1
79804	5.1
80413	5.1
80695	5.1
80850	5.1
80899	5.1
80976	5.1
81106	5.1
82059	5.1
82383	5.1
82424	5.1
82515	5.1
82792	5.1
83375	5.1
83416	5.1
83451	5.1
83475	5.1
83634	5.1
83714	5.1
83878	5.1
83891	5.1
83961	5.1
84249	5.1
84311	5.1
84358	5.1
84417	5.1
84785	5.1
84894	5.1
85199	5.1
85642	5.1
85746	5.1
85814	5.0
86405	5.0
86593	5.0
86699	5.0
86814	5.0
86827	5.0
86860	5.0
86960	5.0
87648	5.0
87704	5.0
88229	5.0
88477	5.0
88570	5.0
88665	5.0
89119	5.0
89850	5.0
89980	5.0
90766	5.0
91140	5.0
91182	5.0
91241	5.0
91770	5.0
91886	5.0
92017	5.0
92473	5.0
92592	5.0
93419	5.0
93638	5.0
94285	5.0
94606	5.0
94735	5.0
95236	5.0
95789	5.0
95865	5.0
96020	5.0
96634	5.0
96675	5.0
97406	5.0
97461	5.0
98052	5.0
98357	5.0
98406	5.0
98527	5.0
98547	5.0
98876	5.0
98956	5.0
98981	5.0
99002	5.0
99369	5.0
99478	5.0
99649	5.0
99971	5.0
100115	5.0
100866	5.0
101354	5.0
101501	5.0
101863	5.0
102259	5.0
102329	5.0
102452	5.0
102757	4.9
102800	4.9
103178	4.9
103435	5.0
103500	5.0
103522	4.9
103681	4.9
104503	4.9
104870	4.9
105168	4.9
105332	4.9
105680	4.9
105751	4.9
105784	4.9
106037	4.9
106231	4.9
106327	4.9
106331	4.9
106450	4.9
106726	4.9
106814	4.9
106966	4.9
106980	4.9
106992	4.9
107109	4.9
107113	4.9
107226	4.9
107236	4.9
107457	4.9
107808	4.9
108058	4.9
108205	4.9
108392	4.9
108903	4.9
108984	4.9
109170	4.9
109478	4.9
110147	4.9
110203	4.9
110310	4.9
110431	4.9
110544	4.9
110687	4.9
111154	4.9
112034	4.9
112342	4.9
112463	4.9
112957	4.9
113134	4.9
113171	4.9
113183	4.9
113310	4.9
113414	4.9
113450	4.9
113487	4.9
113532	4.9
113647	4.9
113887	4.9
114181	4.9
114215	4.9
114265	4.9
114496	4.9
114886	4.9
115316	4.9
115479	4.9
115748	4.9
115839	4.9
116332	4.9
116377	4.9
116390	4.9
116491	4.8
117060	4.8
117141	4.8
117176	4.8
117284	4.9
117328	4.9
117329	4.9
117351	4.9
117431	4.9
117562	4.9
117793	4.9
118221	4.9
118279	4.9
118938	4.9
119050	4.9
119124	4.9
119157	4.9
119241	4.9
119292	4.9
119725	4.9
119788	4.9
120008	4.9
120210	4.9
120309	4.9
120319	4.9
120737	4.9
121456	4.9
121611	4.9
121649	4.9
121707	4.9
122226	4.9
122258	4.9
122612	4.9
122758	4.9
122774	4.9
122870	4.9
122997	4.9
123059	4.9
123189	4.9
123236	4.9
123719	4.9
124131	4.9
124333	4.9
124395	4.9
125361	4.9
125732	4.9
126169	4.9
126206	4.9
126252	4.9
126649	4.9
126735	4.8
127168	4.8
127192	4.8
127203	4.8
127424	4.8
127686	4.8
127965	4.8
128145	4.8
128268	4.8
128343	4.8
129502	4.8
129587	4.8
129717	4.8
129834	4.8
130225	4.8
130235	4.8
130453	4.8
130511	4.8
130813	4.8
130909	4.8
131143	4.8
131282	4.8
131305	4.8
131983	4.8
132233	4.8
132262	4.8
132357	4.8
132452	4.8
133034	4.8
133249	4.8
134328	4.8
134559	4.8
135174	4.8
135177	4.8
135278	4.8
135512	4.8
135774	4.8
136361	4.8
136463	4.8
136960	4.8
136962	4.8
137148	4.8
137206	4.8
137206	4.8
137414	4.8
137424	4.8
137602	4.8
137966	4.8
138184	4.8
138226	4.8
138238	4.8
138407	4.8
139020	4.8
139048	4.8
139175	4.8
139413	4.8
139499	4.8
139521	4.8
139686	4.8
140356	4.8
140440	4.8
140507	4.8
141018	4.8
141053	4.8
141241	4.8
141474	4.8
141519	4.8
142031	4.8
142211	4.8
142738	4.8
142837	4.8
142898	4.8
142938	4.8
142968	4.8
143031	4.8
143300	4.8
143754	4.8
143758	4.8
144283	4.8
144425	4.8
144519	4.8
144535	4.8
144739	4.8
145731	4.8
145947	4.8
146187	4.8
146215	4.8
146261	4.8
146262	4.8
146641	4.8
146682	4.8
147138	4.8
147347	4.8
147580	4.8
147752	4.8
147979	4.8
148087	4.8
148130	4.8
148256	4.8
148348	4.8
149250	4.8
149290	4.8
149734	4.8
149881	4.8
150151	4.8
150426	4.8
150461	4.8
150589	4.8
150591	4.8
150716	4.8
150948	4.8
151098	4.8
151185	4.8
151557	4.8
152304	4.8
152436	4.8
152685	4.8
152834	4.8
153081	4.8
153577	4.8
153934	4.8
153955	4.8
154203	4.8
154324	4.8
154642	4.8
154783	4.8
155275	4.8
155408	4.8
155420	4.8
155752	4.8
155891	4.8
155941	4.8
156131	4.8
156183	4.8
156362	4.8
156547	4.8
156645	4.8
156842	4.8
156892	4.8
157296	4.8
157843	4.8
157886	4.8
158288	4.8
158957	4.8
159159	4.8
159221	4.8
159403	4.8
159503	4.8
159982	4.8
160138	4.8
160246	4.8
160612	4.8
160702	4.8
160927	4.8
160990	4.8
161071	4.8
161456	4.8
161927	4.8
161965	4.7
161989	4.7
162022	4.8
162044	4.8
162204	4.7
162411	4.8
162448	4.7
162865	4.7
162875	4.7
163081	4.7
163132	4.7
163178	4.7
163216	4.7
164071	4.7
164112	4.7
164307	4.7
164332	4.7
164640	4.7
164947	4.7
165005	4.7
165467	4.7
165744	4.7
165862	4.7
166303	4.7
166412	4.7
166446	4.7
166760	4.7
166942	4.7
167146	4.7
167584	4.7
167677	4.7
167752	4.7
167827	4.7
168075	4.7
168531	4.7
168739	5.0
168806	5.2
168813	5.3
168820	5.3
169038	5.3
169138	5.3
169239	5.3
169277	5.3
169339	5.3
169369	5.3
169520	5.3
169603	5.3
169729	5.3
169923	5.3
169949	5.3
170150	5.3
170595	5.3
170704	5.3
171175	5.3
171655	5.3
171746	5.3
171767	5.3
171931	5.3
172126	5.3
172175	5.3
172234	5.3
172354	5.3
172372	5.3
172608	5.3
172683	5.3
172872	5.3
173934	5.3
174155	5.3
174255	5.3
174489	5.3
174709	5.3
174718	5.3
174885	5.3
175014	5.3
175053	5.3
175742	5.3
175791	5.3
175836	5.3
176108	5.2
176281	5.2
176773	5.2
177441	5.2
177630	5.2
178290	5.2
178392	5.2
179241	5.2
179295	5.2
179420	5.2
179452	5.2
179482	5.2
179773	5.2
179836	5.2
180298	5.2
180383	5.2
180616	5.2
180814	5.2
180926	5.2
181334	5.2
181373	5.2
181662	5.2
182091	5.2
182482	5.2
182679	5.2
182968	5.2
183424	5.2
183630	5.2
183859	5.2
184027	5.2
184107	5.2
184330	5.2
184760	5.2
184772	5.2
184872	5.2
184905	5.2
184923	5.2
184976	5.2
185078	5.2
185326	5.2
185532	5.2
185846	5.2
186641	5.2
186774	5.2
186829	5.2
187032	5.2
187119	5.2
187389	5.2
187492	5.2
187689	5.2
187723	5.2
188179	5.2
188244	5.2
188450	5.2
188685	5.2
189130	5.2
189498	5.2
189636	5.2
189833	5.2
190050	5.2
190081	5.2
190587	5.2
190621	5.2
190623	5.2
191289	5.6
191294	5.8
191299	5.8
191540	5.8
191662	5.8
191711	5.8
191755	5.8
191898	5.8
192035	5.8
192125	5.8
192138	5.8
192351	5.8
192480	5.8
192984	5.8
193192	5.8
193372	5.8
193501	5.8
193611	5.8
193918	5.8
193952	5.8
194065	5.8
194149	5.8
194452	5.8
194787	5.8
195191	5.8
195362	5.8
195460	5.7
195496	5.7
195521	5.7
196009	5.7
196098	5.7
196123	5.7
196552	5.7
196697	5.7
196788	5.7
196816	5.7
197204	5.7
197362	5.7
197394	5.7
197455	5.7
197673	5.7
197737	5.7
197854	5.7
198105	5.7
198143	5.7
198406	5.7
198470	5.7
198690	5.7
199113	5.7
199174	5.7
200151	5.7
200656	5.7
200802	5.7
200827	5.7
201016	5.7
201077	5.7
201102	5.7
201390	5.7
201406	5.7
202053	5.7
202117	5.7
202234	5.7
202286	5.7
202444	5.7
202503	5.7
202829	5.7
202835	5.7
202854	5.7
203309	5.7
203531	5.7
203738	5.7
203805	5.7
203917	5.7
204934	5.7
205287	5.7
205391	5.7
205885	5.7
206081	5.7
206117	5.7
206127	5.7
206238	5.7
206254	5.7
206338	5.7
206341	5.7
206341	5.7
206569	5.7
206694	5.7
207721	5.7
208219	5.7
208374	5.7
209151	5.7
209210	5.7
209265	5.7
209489	5.7
209943	5.7
210016	5.7
210022	5.7
210287	5.7
210741	5.7
210831	5.7
210953	5.7
211361	5.7
211541	5.7
211709	5.7
211887	5.7
212331	5.7
213326	6.0
213331	6.1
213336	6.1
213341	6.1
213544	6.1
213923	6.4
213930	6.6
213935	6.6
213953	6.6
213960	6.6
214843	6.9
215023	7.1
215107	7.4
215109	7.7
215114	7.9
215114	7.9
215121	7.9
215156	7.9
215254	7.9
215323	7.9
215345	7.9
215410	7.9
215523	7.9
215681	7.9
217134	8.7
217141	9.1
217144	9.3
217149	9.4
217152	9.4
217157	9.5
217171	9.4
217199	9.4
217293	9.4
217549	9.4
217561	9.4
217676	9.4
217770	9.4
217773	9.4
218103	9.4
218606	9.4
218623	9.4
218794	9.4
219978	9.4
220242	9.4
