2020-04-16 19:22:15

CONFIGURATION:
{u'simulation': {u'stdev_factor': 0.01, u'power_mgmt_enabled': False, u'tasks': {u'loc': {u'mean_service_time': {u'gpu': 90, u'cpu_core': 200, u'loc_accel': 10}, u'priority': 1, u'deadline': 1000, u'stdev_service_time': {u'gpu': 0.9, u'cpu_core': 2.0, u'loc_accel': 0.1}, u'power': {u'gpu': 4.457, u'cpu_core': 6.133, u'loc_accel': 0.02197}}, u'detect': {u'mean_service_time': {u'gpu': 0.4607, u'cpu_core': 3.654, u'det_accel': 0.278}, u'priority': 2, u'deadline': 1000, u'stdev_service_time': {u'gpu': 0.004607, u'cpu_core': 0.03654, u'det_accel': 0.0027800000000000004}, u'power': {u'gpu': 90, u'cpu_core': 200, u'det_accel': 10}}, u'Frontier': {u'mean_service_time': {u'cpu_core': 396}, u'priority': 9, u'deadline': 1000, u'stdev_service_time': {u'cpu_core': 3.96}, u'power': {u'cpu_core': 5.98}}, u'track': {u'mean_service_time': {u'gpu': 17, u'tra_accel': 2, u'cpu_core': 1820}, u'priority': 3, u'deadline': 1000, u'stdev_service_time': {u'gpu': 0.17, u'tra_accel': 0.02, u'cpu_core': 18.2}, u'power': {u'gpu': 12.79, u'tra_accel': 0.59, u'cpu_core': 5.6}}, u'sp': {u'mean_service_time': {u'gpu': 379, u'cpu_core': 1004}, u'priority': 11, u'deadline': 1000, u'stdev_service_time': {u'gpu': 3.79, u'cpu_core': 10.040000000000001}, u'power': {u'gpu': 3.302, u'cpu_core': 1004}}, u'mission': {u'mean_service_time': {u'cpu_core': 0.0022}, u'priority': 5, u'deadline': 1000, u'stdev_service_time': {u'cpu_core': 2.2000000000000003e-05}, u'power': {u'cpu_core': 3.534}}, u'motion': {u'mean_service_time': {u'cpu_core': 8}, u'priority': 6, u'deadline': 1000, u'stdev_service_time': {u'cpu_core': 0.08}, u'power': {u'cpu_core': 4.222}}, u'collision': {u'mean_service_time': {u'cpu_core': 8}, u'priority': 7, u'deadline': 1000, u'stdev_service_time': {u'cpu_core': 0.08}, u'power': {u'cpu_core': 0}}, u'fusion': {u'mean_service_time': {u'cpu_core': 1}, u'priority': 4, u'deadline': 1000, u'stdev_service_time': {u'cpu_core': 0.01}, u'power': {u'cpu_core': 0}}, u'map': {u'mean_service_time': {u'gpu': 761, u'cpu_core': 973}, u'priority': 10, u'deadline': 1000, u'stdev_service_time': {u'gpu': 7.61, u'cpu_core': 9.73}, u'power': {u'gpu': 3.533, u'cpu_core': 2.995}}, u'path': {u'mean_service_time': {u'cpu_core': 8}, u'priority': 8, u'deadline': 1000, u'stdev_service_time': {u'cpu_core': 0.08}, u'power': {u'cpu_core': 0}}}, u'sched_policy_module': u'policies.heft', u'drop': True, u'servers': {u'gpu': {u'count': 2}, u'tra_accel': {u'count': 1}, u'cpu_core': {u'count': 8}, u'loc_accel': {u'count': 1}, u'det_accel': {u'count': 1}}, u'max_tasks_simulated': 10000, u'max_queue_size': 1000000, u'mean_arrival_time': 50, u'arrival_time_scale': 4.2}, u'general': {u'random_seed': 0, u'pre_gen_arrivals': False, u'basename': u'policy:heft__stdev_factor:0.01', u'output_trace_file': None, u'working_dir': u'/home/hiwot/meta-stomp2/sim_16042020_192013_new_arrival_50_map_rheftmapping_50_trace_20', u'input_trace_file': (False, '../mv_mapping_50_trace_20.trc'), u'logging_level': u'INFO'}}
Time	Response time (avg)
10	10.0
451	10.0
543	10.0
556	10.0
640	10.0
976	10.0
992	10.0
1002	10.1
1039	10.1
1118	10.1
1316	10.1
1606	10.1
1648	10.1
1996	10.1
2168	10.1
2391	10.1
2500	10.1
2773	10.1
2840	10.1
3176	10.1
3374	10.0
3395	10.0
3869	10.0
4088	10.0
4344	10.0
4428	10.0
4438	10.4
4596	10.4
4705	10.4
4789	10.4
4987	10.4
5071	10.3
5432	10.3
5453	10.3
5463	10.6
5713	10.6
5923	10.6
6473	10.6
6625	10.5
6860	10.5
6923	10.5
7528	10.5
7717	10.5
8296	10.5
8347	10.5
8590	10.5
8624	10.4
8716	10.4
9166	10.4
9191	10.4
9602	10.4
9649	10.4
9758	10.4
9779	10.4
10085	10.4
10119	10.4
10216	10.4
10598	10.4
10829	10.4
10997	10.3
11358	10.3
11450	10.3
11513	10.3
11526	10.3
11828	10.3
12034	10.3
12883	10.3
13101	10.3
13794	10.3
14348	10.3
14802	10.3
14920	10.3
15310	10.3
15474	10.3
15575	10.3
15793	10.3
15898	10.3
16028	10.3
16280	10.3
16290	10.3
16398	10.3
16461	10.3
16528	10.3
16751	10.3
16982	10.3
17364	10.3
17549	10.3
17700	10.2
17738	10.2
18233	10.2
18301	10.2
18422	10.2
18544	10.2
19044	10.2
19065	10.2
19393	10.2
19561	10.2
19968	10.2
20144	10.2
20154	10.3
20241	10.3
20590	10.3
20766	10.3
21333	10.3
21354	10.3
21413	10.3
21602	10.3
21976	10.2
22496	10.2
22530	10.2
22883	10.2
23034	10.2
23189	10.2
23265	10.2
23332	10.2
23450	10.2
23462	10.2
23593	10.2
23660	10.2
23698	10.2
23891	10.2
23908	10.2
23920	10.2
24021	10.2
24130	10.2
24844	10.2
25016	10.2
25168	10.2
25705	10.2
25835	10.2
25856	10.2
25882	10.2
26176	10.2
26512	10.2
26570	10.2
26596	10.2
26780	10.2
26885	10.2
26911	10.2
26986	10.2
27045	10.2
27230	10.2
27255	10.2
27339	10.2
27570	10.2
27839	10.2
27849	10.2
27885	10.2
27956	10.2
28057	10.2
28112	10.2
28217	10.2
28725	10.2
28943	10.2
29355	10.2
29376	10.2
29456	10.2
30363	10.2
30388	10.2
30539	10.2
30892	10.2
30902	10.2
30993	10.2
31161	10.2
31346	10.2
31413	10.2
31921	10.2
32047	10.2
32257	10.2
32295	10.2
32812	10.2
32866	10.2
32967	10.2
33076	10.2
33135	10.2
33639	10.2
33954	10.2
34336	10.2
34979	10.2
36251	10.2
37062	10.2
37444	10.2
37616	10.2
38087	10.2
38097	10.2
38171	10.2
38473	10.2
40069	10.2
40082	10.2
40153	10.2
40246	10.2
40556	10.2
40687	10.2
41426	10.2
41703	10.2
42081	10.2
42131	10.2
42194	10.2
42211	10.2
42221	10.2
42413	10.2
42467	10.2
42648	10.2
42795	10.2
42805	10.3
43148	10.3
43240	10.3
43509	10.2
43694	10.2
43769	10.2
44026	10.2
44093	10.2
44609	10.2
44933	10.2
45097	10.2
45172	10.2
45382	10.2
45781	10.2
45815	10.2
46021	10.2
46130	10.2
46558	10.2
46568	10.2
46672	10.2
46949	10.2
47167	10.2
47411	10.2
47432	10.2
47453	10.2
47558	10.2
47919	10.2
48016	10.2
48125	10.2
48419	10.2
48675	10.2
50124	10.2
50212	10.2
50666	10.2
50825	10.2
50851	10.2
50981	10.2
51187	10.2
51304	10.2
51993	10.2
52098	10.2
53631	10.2
53757	10.2
54206	10.2
54484	10.2
54614	10.2
54668	10.2
54828	10.2
55172	10.2
55340	10.2
55433	10.2
55681	10.2
56353	10.2
56420	10.2
56575	10.2
57541	10.2
57676	10.2
57881	10.2
58276	10.2
58385	10.2
58528	10.2
58566	10.2
58713	10.2
59272	10.2
59637	10.2
59860	10.2
60477	10.2
61422	10.2
61552	10.2
61955	10.2
62039	10.2
62136	10.2
62560	10.2
62594	10.2
62808	10.2
63182	10.2
63564	10.2
63690	10.2
63824	10.2
63883	10.2
64505	10.2
64706	10.2
64937	10.2
66223	10.2
66311	10.2
66584	10.2
67004	10.2
67919	10.2
68394	10.2
68444	10.2
68659	10.2
68726	10.2
68852	10.2
69368	10.2
69427	10.2
69562	10.2
69906	10.2
70133	10.2
70292	10.2
70360	10.2
70370	10.2
70486	10.2
70742	10.2
71590	10.2
71725	10.2
71735	10.2
72073	10.2
72195	10.2
72434	10.2
72506	10.2
72653	10.2
72838	10.2
73060	10.2
73178	10.2
73253	10.2
73463	10.2
74350	10.2
74455	10.2
74480	10.2
74490	10.2
74736	10.2
74971	10.2
75803	10.2
76059	10.2
76206	10.2
76643	10.2
77012	10.2
77054	10.2
77084	10.2
77508	10.2
77600	10.2
77936	10.2
77978	10.2
78306	10.2
78848	10.2
79146	10.2
79251	10.2
79448	10.2
80020	10.2
80410	10.2
80608	10.2
80692	10.2
80847	10.2
80973	10.2
81103	10.2
81175	10.2
81485	10.2
81884	10.2
82015	10.2
82195	10.2
82254	10.2
82309	10.2
82380	10.2
82493	10.2
82531	10.2
82905	10.2
83090	10.2
83178	10.2
83438	10.2
83448	10.2
83875	10.2
83888	10.2
84295	10.2
84686	10.2
84782	10.2
85051	10.2
85186	10.2
85196	10.2
85244	10.2
85496	10.2
85593	10.2
85606	10.2
85639	10.2
85811	10.2
86021	10.2
86748	10.2
86761	10.2
87214	10.2
87403	10.2
88226	10.2
88567	10.2
88894	10.2
89024	10.2
89050	10.2
90184	10.2
90566	10.2
90667	10.2
91141	10.2
91179	10.2
91238	10.2
91309	10.2
91767	10.2
92187	10.2
92200	10.2
92834	10.2
93153	10.2
93682	10.2
94732	10.2
95064	10.2
95224	10.2
95786	10.2
95862	10.2
96450	10.2
96601	10.2
96631	10.2
97193	10.2
97328	10.2
97458	10.2
97571	10.2
97655	10.2
97735	10.2
98403	10.2
98413	10.2
98487	10.2
98752	10.2
98894	10.2
98978	10.2
98999	10.2
99415	10.2
99646	10.2
100398	10.2
100545	10.2
100642	10.2
101280	10.2
101343	10.2
101561	10.2
101717	10.2
101860	10.2
102326	10.2
102544	10.2
102754	10.2
103052	10.2
103519	10.2
103678	10.2
104212	10.2
104300	10.2
104833	10.2
104867	10.2
105329	10.2
105371	10.2
105656	10.2
105677	10.2
105761	10.2
105771	10.2
105781	10.2
105892	10.2
106005	10.2
106015	10.2
106034	10.2
106228	10.2
106328	10.2
106501	10.2
106530	10.2
106589	10.2
106723	10.2
106811	10.2
106963	10.2
107173	10.2
107282	10.2
107719	10.2
107765	10.2
107861	10.2
108202	10.2
108752	10.2
108857	10.2
108928	10.2
109210	10.2
109567	10.2
110541	10.2
110583	10.2
110684	10.2
111507	10.2
111683	10.2
111693	10.2
111738	10.2
111868	10.2
111952	10.2
111962	10.2
112301	10.2
112313	10.2
112339	10.2
112691	10.2
112960	10.2
112994	10.2
113435	10.2
113447	10.2
113863	10.2
113884	10.2
114262	10.2
114388	10.2
114493	10.2
114880	10.2
115421	10.2
115476	10.2
115522	10.2
115623	10.2
115732	10.2
115745	10.2
115812	10.2
115841	10.2
115955	10.2
116198	10.2
116341	10.2
116387	10.2
116488	10.2
116505	10.2
116837	10.2
117316	10.2
117326	10.2
117433	10.2
117505	10.2
117538	10.2
117589	10.2
117673	10.2
117719	10.2
118193	10.2
118290	10.2
118492	10.2
118832	10.2
119781	10.2
120306	10.2
120316	10.2
120655	10.2
120751	10.2
120995	10.2
121007	10.2
121154	10.2
121453	10.2
121595	10.2
121646	10.2
121738	10.2
121776	10.2
122003	10.2
122015	10.2
122255	10.2
122755	10.2
122771	10.2
123439	10.2
123910	10.2
124115	10.2
124128	10.2
124330	10.2
124716	10.2
125296	10.2
125430	10.2
125741	10.2
126060	10.2
126203	10.2
126249	10.2
126467	10.2
126539	10.2
126627	10.2
126732	10.2
127165	10.2
127421	10.2
128051	10.2
128265	10.2
128878	10.2
128920	10.2
129584	10.2
129594	10.2
129651	10.2
129714	10.2
129798	10.2
129924	10.2
130084	10.2
130222	10.2
130232	10.2
130508	10.2
130730	10.2
130740	10.2
130764	10.2
130835	10.2
131318	10.2
132259	10.2
132293	10.2
133108	10.2
133372	10.2
133557	10.2
133952	10.2
134057	10.2
134132	10.2
134645	10.2
134968	10.2
135174	10.2
135695	10.2
135741	10.2
135859	10.2
135985	10.2
136203	10.2
136539	10.2
136959	10.2
137203	10.2
137282	10.2
137442	10.2
137904	10.2
137963	10.2
138080	10.2
138181	10.2
138194	10.2
138223	10.2
138278	10.2
138404	10.2
139017	10.2
139172	10.2
139567	10.2
139790	10.2
140353	10.2
140363	10.2
140437	10.2
140504	10.2
140760	10.2
141050	10.2
141121	10.2
141180	10.2
141516	10.2
141881	10.2
141982	10.2
142028	10.2
142038	10.2
142688	10.2
142709	10.2
142965	10.2
143028	10.2
143066	10.2
143297	10.2
143687	10.2
143755	10.2
144280	10.2
144330	10.2
144532	10.2
144611	10.2
144645	10.2
145027	10.2
145678	10.2
146052	10.2
146128	10.2
146212	10.2
146258	10.2
146359	10.2
146455	10.2
146531	10.2
146909	10.2
147799	10.2
147837	10.2
147976	10.2
148253	10.2
148345	10.2
148534	10.2
148975	10.2
149265	10.2
149370	10.2
149380	10.2
149467	10.2
149731	10.2
149878	10.2
149992	10.2
150458	10.2
150588	10.2
150853	10.2
150983	10.2
151466	10.2
151554	10.2
152125	10.2
152831	10.2
152978	10.2
153368	10.2
153423	10.2
153562	10.2
153574	10.2
153952	10.2
153969	10.2
154036	10.2
154116	10.2
154187	10.2
154200	10.2
154465	10.2
154985	10.2
155389	10.2
155426	10.2
155809	10.2
155888	10.2
156128	10.2
156296	10.2
156359	10.2
156544	10.2
156775	10.2
157069	10.2
157770	10.2
157883	10.2
158203	10.2
158266	10.2
158282	10.2
158795	10.2
158896	10.2
158917	10.2
158954	10.2
159400	10.2
159618	10.2
159656	10.2
159706	10.2
160273	10.2
160550	10.2
160958	10.2
160987	10.2
161453	10.2
161924	10.2
161962	10.2
162041	10.2
162125	10.2
162201	10.2
162260	10.2
162445	10.2
162495	10.2
162688	10.2
162713	10.2
162852	10.2
162862	10.2
162872	10.2
163129	10.2
163175	10.2
164293	10.2
164637	10.2
164906	10.2
164944	10.2
165002	10.2
165309	10.2
165464	10.2
165527	10.2
166300	10.2
166409	10.2
166443	10.2
166871	10.2
166939	10.2
167119	10.2
167165	10.2
167191	10.2
167312	10.2
167322	10.2
167518	10.2
167581	10.2
167611	10.2
167621	10.2
167674	10.2
167749	10.2
168152	10.2
168207	10.2
168299	10.2
168518	10.2
168528	10.2
168551	10.2
168623	10.2
169135	10.2
169253	10.2
169366	10.2
169376	10.2
169719	10.2
169946	10.2
170164	10.2
170656	10.2
170735	10.2
171038	10.2
171727	10.2
171743	10.2
171764	10.2
171928	10.2
172172	10.2
172231	10.2
172369	10.2
172483	10.2
172802	10.2
172869	10.2
172936	10.2
173377	10.2
173436	10.2
173499	10.2
173604	10.2
174125	10.2
174310	10.2
174486	10.2
174830	10.2
174889	10.2
175011	10.2
175057	10.2
175788	10.2
176179	10.2
176485	10.2
177334	10.2
177346	10.2
177678	10.2
177833	10.2
177863	10.2
178115	10.2
179165	10.2
179417	10.2
179427	10.2
179707	10.2
179770	10.2
179833	10.2
180211	10.2
180295	10.2
180311	10.2
180811	10.2
180870	10.2
181370	10.2
181517	10.2
181723	10.2
182365	10.2
182479	10.2
182571	10.2
183218	10.2
183306	10.2
183495	10.2
183541	10.2
183551	10.2
183684	10.2
183856	10.2
184024	10.2
184104	10.2
184230	10.2
184327	10.2
184469	10.2
184625	10.2
184973	10.2
185024	10.2
185217	10.2
185666	10.2
186145	10.2
186170	10.2
186271	10.2
186733	10.2
186826	10.2
187019	10.2
187029	10.2
187229	10.2
187729	10.2
188006	10.2
188216	10.2
188241	10.2
188279	10.2
188606	10.2
189052	10.2
189404	10.2
189631	10.2
189703	10.2
189824	10.2
189879	10.2
189946	10.2
190047	10.2
190068	10.2
190480	10.2
190490	10.2
190534	10.2
190618	10.2
190635	10.2
190677	10.2
190803	10.2
190813	10.3
191387	10.3
192050	10.2
192122	10.2
192655	10.2
192697	10.2
192844	10.2
192928	10.2
193168	10.2
193189	10.2
193369	10.2
193911	10.2
193949	10.2
194045	10.2
194062	10.2
194239	10.2
194302	10.2
194407	10.2
195053	10.2
195188	10.2
195335	10.2
195478	10.2
195488	10.3
195595	10.3
195797	10.3
196095	10.3
196162	10.3
196175	10.3
196389	10.3
196549	10.3
196633	10.3
196822	10.3
196851	10.3
197086	10.3
197359	10.3
197397	10.3
197456	10.3
197670	10.3
198140	10.3
199195	10.3
199205	10.3
199858	10.3
200026	10.3
200450	10.3
200518	10.3
200568	10.3
200799	10.3
200824	10.3
201013	10.3
201038	10.3
201324	10.3
201387	10.3
201610	10.3
202080	10.3
202114	10.3
202269	10.3
202298	10.3
202441	10.3
202500	10.3
202832	10.3
203306	10.3
203483	10.3
203735	10.3
203836	10.3
204172	10.3
204344	10.3
204365	10.2
204621	10.2
204722	10.2
205033	10.2
205117	10.2
205272	10.2
205348	10.2
205537	10.2
206104	10.2
206114	10.3
206124	10.3
206923	10.3
207700	10.3
208036	10.3
208046	10.3
208216	10.3
208300	10.3
208405	10.3
208834	10.3
208939	10.3
209115	10.3
209207	10.3
209669	10.3
209997	10.3
210270	10.3
210488	10.3
211358	10.3
211375	10.3
211538	10.3
211551	10.3
212013	10.3
212093	10.3
212103	10.3
212118	10.3
212315	10.3
212325	10.3
212404	10.3
212672	10.3
212702	10.3
212832	10.3
212878	10.3
213038	10.3
213139	10.3
213605	10.3
213615	10.3
213752	10.3
213882	10.3
213932	10.3
214025	10.3
214035	10.3
214789	10.3
214799	10.3
214852	10.3
214919	10.3
215407	10.3
215482	10.3
215709	10.3
215831	10.3
215843	10.3
215911	10.3
215948	10.3
215958	10.3
215978	10.3
216032	10.3
216650	10.3
216814	10.3
216893	10.3
217099	10.3
217838	10.3
218527	10.3
218603	10.3
218620	10.3
218729	10.3
