2020-04-16 19:22:15

CONFIGURATION:
{u'simulation': {u'stdev_factor': 0.01, u'power_mgmt_enabled': False, u'tasks': {u'loc': {u'mean_service_time': {u'gpu': 90, u'cpu_core': 200, u'loc_accel': 10}, u'priority': 1, u'deadline': 1000, u'stdev_service_time': {u'gpu': 0.9, u'cpu_core': 2.0, u'loc_accel': 0.1}, u'power': {u'gpu': 4.457, u'cpu_core': 6.133, u'loc_accel': 0.02197}}, u'detect': {u'mean_service_time': {u'gpu': 0.4607, u'cpu_core': 3.654, u'det_accel': 0.278}, u'priority': 2, u'deadline': 1000, u'stdev_service_time': {u'gpu': 0.004607, u'cpu_core': 0.03654, u'det_accel': 0.0027800000000000004}, u'power': {u'gpu': 90, u'cpu_core': 200, u'det_accel': 10}}, u'Frontier': {u'mean_service_time': {u'cpu_core': 396}, u'priority': 9, u'deadline': 1000, u'stdev_service_time': {u'cpu_core': 3.96}, u'power': {u'cpu_core': 5.98}}, u'track': {u'mean_service_time': {u'gpu': 17, u'tra_accel': 2, u'cpu_core': 1820}, u'priority': 3, u'deadline': 1000, u'stdev_service_time': {u'gpu': 0.17, u'tra_accel': 0.02, u'cpu_core': 18.2}, u'power': {u'gpu': 12.79, u'tra_accel': 0.59, u'cpu_core': 5.6}}, u'sp': {u'mean_service_time': {u'gpu': 379, u'cpu_core': 1004}, u'priority': 11, u'deadline': 1000, u'stdev_service_time': {u'gpu': 3.79, u'cpu_core': 10.040000000000001}, u'power': {u'gpu': 3.302, u'cpu_core': 1004}}, u'mission': {u'mean_service_time': {u'cpu_core': 0.0022}, u'priority': 5, u'deadline': 1000, u'stdev_service_time': {u'cpu_core': 2.2000000000000003e-05}, u'power': {u'cpu_core': 3.534}}, u'motion': {u'mean_service_time': {u'cpu_core': 8}, u'priority': 6, u'deadline': 1000, u'stdev_service_time': {u'cpu_core': 0.08}, u'power': {u'cpu_core': 4.222}}, u'collision': {u'mean_service_time': {u'cpu_core': 8}, u'priority': 7, u'deadline': 1000, u'stdev_service_time': {u'cpu_core': 0.08}, u'power': {u'cpu_core': 0}}, u'fusion': {u'mean_service_time': {u'cpu_core': 1}, u'priority': 4, u'deadline': 1000, u'stdev_service_time': {u'cpu_core': 0.01}, u'power': {u'cpu_core': 0}}, u'map': {u'mean_service_time': {u'gpu': 761, u'cpu_core': 973}, u'priority': 10, u'deadline': 1000, u'stdev_service_time': {u'gpu': 7.61, u'cpu_core': 9.73}, u'power': {u'gpu': 3.533, u'cpu_core': 2.995}}, u'path': {u'mean_service_time': {u'cpu_core': 8}, u'priority': 8, u'deadline': 1000, u'stdev_service_time': {u'cpu_core': 0.08}, u'power': {u'cpu_core': 0}}}, u'sched_policy_module': u'policies.heft', u'drop': True, u'servers': {u'gpu': {u'count': 2}, u'tra_accel': {u'count': 1}, u'cpu_core': {u'count': 8}, u'loc_accel': {u'count': 1}, u'det_accel': {u'count': 1}}, u'max_tasks_simulated': 10000, u'max_queue_size': 1000000, u'mean_arrival_time': 50, u'arrival_time_scale': 4.2}, u'general': {u'random_seed': 0, u'pre_gen_arrivals': False, u'basename': u'policy:heft__stdev_factor:0.01', u'output_trace_file': None, u'working_dir': u'/home/hiwot/meta-stomp2/sim_16042020_192013_new_arrival_50_map_rheftmapping_50_trace_20', u'input_trace_file': (False, '../mv_mapping_50_trace_20.trc'), u'logging_level': u'INFO'}}
Time	Response time (avg)
967	1.0
996	1.0
1006	1.0
1043	1.0
1122	1.0
1610	1.0
1652	1.0
1763	1.0
1778	1.0
1862	1.0
1905	1.0
1933	1.0
2000	1.0
2359	1.0
2395	1.0
2777	1.0
3125	1.0
3952	1.0
4060	1.0
4600	1.0
4628	1.0
4903	1.0
4991	1.0
5013	1.0
5075	1.0
5084	1.0
5091	1.0
5650	1.0
5717	1.0
5854	1.0
5925	1.0
6155	1.0
6389	1.0
6410	1.0
6506	1.0
6629	1.0
6864	1.0
6927	1.0
7180	1.0
7430	1.0
7532	1.0
7543	1.0
7721	1.0
8300	1.0
8720	1.0
9606	1.0
9653	1.0
9799	1.0
10044	1.0
10242	1.0
10411	1.0
10602	1.0
10715	1.0
10750	1.0
11001	1.0
11001	1.0
11341	1.0
11438	1.0
11517	1.0
11701	1.0
12281	1.0
12670	1.0
12748	1.0
12785	1.0
12810	1.0
13256	1.0
13840	1.0
14058	1.0
15286	1.0
15314	1.0
15478	1.0
15579	1.0
15759	1.0
15800	1.0
16294	1.0
16402	1.0
16538	1.0
16750	1.0
16986	1.0
17350	1.0
17553	1.0
17646	1.0
17683	1.0
17708	1.0
17742	1.0
17997	1.0
18245	1.0
18321	1.0
18548	1.0
19069	1.0
19154	1.0
19272	1.0
19521	1.0
20040	1.0
20148	1.0
20496	1.0
20770	1.0
20781	1.0
20847	1.0
20952	1.0
21461	1.0
21796	1.0
21812	1.0
21980	1.0
22311	1.0
22635	1.0
22785	1.0
23269	1.0
23319	1.0
23466	1.0
23664	1.0
23702	1.0
23912	1.0
23924	1.0
23948	1.0
23984	1.0
24025	1.0
24404	1.0
24409	1.0
24438	1.0
24600	1.0
24654	1.0
24848	1.0
25310	1.0
25352	1.0
25610	1.0
25973	1.0
26620	1.0
26784	1.0
26889	1.0
27102	1.0
27133	1.0
27492	1.1
27495	1.2
27498	1.3
27816	1.3
27843	1.3
27853	1.3
27875	1.3
27889	1.3
28061	1.3
28137	1.3
28140	1.3
28190	1.3
28267	1.3
28450	1.3
28537	1.3
28581	1.3
28635	1.3
29174	1.3
29287	1.3
29408	1.3
30312	1.3
30359	1.3
30561	1.3
30596	1.3
30678	1.3
31320	1.3
31759	1.3
31842	1.3
31925	1.3
32213	1.3
32271	1.3
32303	1.3
32510	1.3
32522	1.3
32635	1.3
33139	1.3
33222	1.3
33665	1.3
33751	1.3
34032	1.3
34583	1.3
34587	1.3
34596	1.3
34670	1.3
35293	1.3
35671	1.3
36431	1.3
37703	1.3
38091	1.3
38514	1.3
38898	1.3
39333	1.3
39549	1.3
39888	1.3
39927	1.3
40073	1.3
40086	1.3
40250	1.3
40560	1.3
41605	1.3
41644	1.3
42383	1.3
42652	1.3
42660	1.3
42799	1.3
43152	1.3
43334	1.3
43351	1.3
43433	1.3
43443	1.3
43635	1.3
43699	1.3
43773	1.3
44029	1.3
44097	1.3
44106	1.3
44285	1.3
44562	1.3
44916	1.3
45101	1.3
45246	1.3
45785	1.3
45819	1.3
45890	1.2
46061	1.2
46392	1.2
46517	1.2
46572	1.2
46978	1.2
47350	1.2
47415	1.2
47892	1.2
47929	1.2
48012	1.2
48020	1.2
48673	1.2
48782	1.2
48787	1.2
48880	1.2
48963	1.2
49347	1.2
49417	1.2
50326	1.2
50670	1.2
50985	1.2
51081	1.2
51169	1.2
51308	1.2
52045	1.2
52073	1.2
52639	1.2
52950	1.2
53590	1.2
54210	1.2
54588	1.2
54618	1.2
54672	1.2
54832	1.2
55209	1.2
55539	1.2
56624	1.2
56653	1.2
56987	1.2
57310	1.2
57398	1.2
57545	1.2
57680	1.2
57797	1.2
57885	1.2
57936	1.2
58389	1.2
58717	1.2
59485	1.2
59728	1.2
59786	1.2
60594	1.2
60724	1.2
61080	1.2
61426	1.2
61434	1.2
61959	1.2
62043	1.2
63004	1.2
63093	1.2
63186	1.2
63814	1.2
63887	1.2
64012	1.2
64521	1.2
64525	1.2
64647	1.2
65044	1.2
65472	1.2
66157	1.2
66160	1.2
67008	1.2
67675	1.2
67765	1.2
67804	1.2
67923	1.2
68448	1.2
69351	1.2
69946	1.2
70113	1.2
70569	1.2
70746	1.2
70822	1.2
71064	1.2
71279	1.2
71514	1.2
71592	1.2
71625	1.2
71708	1.2
71729	1.2
71773	1.2
72015	1.2
72199	1.2
72510	1.2
72547	1.2
73182	1.2
73187	1.2
73467	1.2
73643	1.2
73691	1.2
73995	1.2
74060	1.2
74282	1.2
74740	1.2
74970	1.2
74975	1.2
75412	1.2
75710	1.2
75802	1.2
75807	1.2
76100	1.2
76647	1.2
77163	1.2
77511	1.2
77969	1.2
77982	1.2
78304	1.2
78310	1.2
78611	1.2
79150	1.2
79218	1.2
79227	1.2
79255	1.2
79417	1.2
79805	1.2
80414	1.2
80696	1.2
80851	1.2
80900	1.2
80977	1.2
81107	1.2
82060	1.2
82384	1.2
82425	1.2
82516	1.2
82793	1.2
83376	1.2
83417	1.2
83452	1.2
83476	1.2
83635	1.2
83715	1.2
83879	1.2
83892	1.2
83962	1.2
84250	1.2
84312	1.2
84359	1.2
84418	1.2
84786	1.2
84895	1.2
85200	1.2
85643	1.2
85747	1.2
85815	1.2
86406	1.2
86594	1.2
86700	1.2
86815	1.2
86828	1.2
86861	1.2
86961	1.2
87649	1.2
87705	1.2
88230	1.2
88478	1.2
88571	1.2
88666	1.2
89120	1.2
89851	1.2
89981	1.1
90767	1.1
91141	1.1
91183	1.1
91242	1.1
91771	1.1
91887	1.1
92018	1.1
92474	1.1
92593	1.1
93420	1.1
93639	1.1
94286	1.1
94607	1.1
94736	1.1
95237	1.1
95790	1.1
95866	1.1
96021	1.1
96635	1.1
96676	1.1
97407	1.1
97462	1.1
98053	1.1
98358	1.1
98407	1.1
98528	1.1
98548	1.1
98877	1.1
98957	1.1
98982	1.1
99003	1.1
99370	1.1
99479	1.1
99650	1.1
99972	1.1
100116	1.1
100867	1.1
101355	1.1
101502	1.1
101864	1.1
102260	1.1
102330	1.1
102453	1.1
102758	1.1
102801	1.1
103179	1.1
103436	1.1
103501	1.1
103523	1.1
103682	1.1
104504	1.1
104871	1.1
105169	1.1
105333	1.1
105681	1.1
105752	1.1
105785	1.1
106038	1.1
106232	1.1
106328	1.1
106332	1.1
106451	1.1
106727	1.1
106815	1.1
106967	1.1
106981	1.1
106993	1.1
107110	1.1
107116	1.1
107227	1.1
107237	1.1
107458	1.1
107809	1.1
108059	1.1
108206	1.1
108393	1.1
108904	1.1
108985	1.1
109171	1.1
109479	1.1
110148	1.1
110204	1.1
110311	1.1
110432	1.1
110545	1.1
110688	1.1
111155	1.1
112035	1.1
112343	1.1
112464	1.1
112958	1.1
113135	1.1
113172	1.1
113184	1.1
113311	1.1
113415	1.1
113451	1.1
113488	1.1
113533	1.1
113648	1.1
113888	1.1
114182	1.1
114216	1.1
114266	1.1
114497	1.1
114887	1.1
115317	1.1
115480	1.1
115749	1.1
115840	1.1
116333	1.1
116378	1.1
116391	1.1
116492	1.1
117061	1.1
117142	1.1
117177	1.1
117285	1.1
117329	1.1
117332	1.1
117352	1.1
117432	1.1
117563	1.1
117794	1.1
118222	1.1
118280	1.1
118939	1.1
119051	1.1
119125	1.1
119158	1.1
119242	1.1
119293	1.1
119726	1.1
119789	1.1
120009	1.1
120211	1.1
120310	1.1
120320	1.1
120738	1.1
121457	1.1
121612	1.1
121650	1.1
121708	1.1
122227	1.1
122259	1.1
122613	1.1
122759	1.1
122775	1.1
122871	1.1
122998	1.1
123060	1.1
123190	1.1
123237	1.1
123720	1.1
124132	1.1
124334	1.1
124396	1.1
125362	1.1
125733	1.1
126170	1.1
126207	1.1
126253	1.1
126650	1.1
126736	1.1
127169	1.1
127193	1.1
127204	1.1
127425	1.1
127687	1.1
127966	1.1
128146	1.1
128269	1.1
128344	1.1
129503	1.1
129588	1.1
129718	1.1
129835	1.1
130226	1.1
130236	1.1
130454	1.1
130512	1.1
130814	1.1
130910	1.1
131144	1.1
131283	1.1
131306	1.1
131984	1.1
132234	1.1
132263	1.1
132358	1.1
132453	1.1
133035	1.1
133250	1.1
134329	1.1
134560	1.1
135177	1.1
135178	1.1
135279	1.1
135513	1.1
135775	1.1
136362	1.1
136464	1.1
136961	1.1
136965	1.1
137149	1.1
137207	1.1
137207	1.1
137415	1.1
137425	1.1
137603	1.1
137967	1.1
138185	1.1
138227	1.1
138239	1.1
138408	1.1
139021	1.1
139049	1.1
139176	1.1
139414	1.1
139500	1.1
139522	1.1
139687	1.1
140357	1.1
140441	1.1
140508	1.1
141019	1.1
141054	1.1
141242	1.1
141475	1.1
141520	1.1
142032	1.1
142212	1.1
142739	1.1
142838	1.1
142899	1.1
142939	1.1
142969	1.1
143032	1.1
143301	1.1
143755	1.1
143759	1.1
144284	1.1
144426	1.1
144520	1.1
144536	1.1
144740	1.1
145732	1.1
145948	1.1
146188	1.1
146216	1.1
146262	1.1
146263	1.1
146642	1.1
146683	1.1
147139	1.1
147348	1.1
147581	1.1
147753	1.1
147980	1.1
148088	1.1
148131	1.1
148257	1.1
148349	1.1
149251	1.1
149291	1.1
149735	1.1
149882	1.1
150152	1.1
150427	1.1
150462	1.1
150590	1.1
150594	1.1
150717	1.1
150949	1.1
151099	1.1
151186	1.1
151558	1.1
152305	1.1
152437	1.1
152686	1.1
152835	1.1
153082	1.1
153578	1.1
153935	1.1
153956	1.1
154204	1.1
154325	1.1
154643	1.1
154784	1.1
155276	1.1
155409	1.1
155421	1.1
155753	1.1
155892	1.1
155942	1.1
156132	1.1
156184	1.1
156363	1.1
156548	1.1
156646	1.1
156843	1.1
156893	1.1
157297	1.1
157844	1.1
157887	1.1
158289	1.1
158958	1.1
159160	1.1
159222	1.1
159404	1.1
159504	1.1
159983	1.1
160139	1.1
160247	1.1
160613	1.1
160703	1.1
160928	1.1
160991	1.1
161072	1.1
161457	1.1
161928	1.1
161966	1.1
161990	1.1
162023	1.1
162045	1.1
162205	1.1
162412	1.1
162449	1.1
162866	1.1
162876	1.1
163082	1.1
163133	1.1
163179	1.1
163217	1.1
164072	1.1
164113	1.1
164308	1.1
164333	1.1
164641	1.1
164948	1.1
165006	1.1
165468	1.1
165745	1.1
165863	1.1
166304	1.1
166413	1.1
166447	1.1
166761	1.1
166943	1.1
167147	1.1
167585	1.1
167678	1.1
167753	1.1
167828	1.1
168076	1.1
168823	1.5
168826	1.6
168829	1.6
168832	1.7
168835	1.7
169039	1.7
169139	1.7
169240	1.7
169278	1.7
169340	1.7
169370	1.7
169521	1.7
169604	1.7
169730	1.7
169924	1.7
169950	1.7
170151	1.7
170596	1.7
170705	1.7
171176	1.7
171656	1.7
171747	1.7
171768	1.7
171932	1.7
172127	1.7
172176	1.6
172235	1.6
172355	1.6
172373	1.6
172609	1.6
172684	1.6
172873	1.6
173935	1.6
174156	1.6
174256	1.6
174490	1.6
174710	1.6
174719	1.6
174886	1.6
175015	1.6
175054	1.6
175743	1.6
175792	1.6
175837	1.6
176109	1.6
176282	1.6
176774	1.6
177442	1.6
177631	1.6
178291	1.6
178393	1.6
179242	1.6
179296	1.6
179421	1.6
179453	1.6
179483	1.6
179774	1.6
179837	1.6
180299	1.6
180384	1.6
180617	1.6
180815	1.6
180927	1.6
181335	1.6
181374	1.6
181663	1.6
182092	1.6
182483	1.6
182680	1.6
182969	1.6
183425	1.6
183631	1.6
183860	1.6
184028	1.6
184108	1.6
184331	1.6
184761	1.6
184773	1.6
184873	1.6
184906	1.6
184924	1.6
184977	1.6
185079	1.6
185327	1.6
185533	1.6
185847	1.6
186642	1.6
186775	1.6
186830	1.6
187033	1.6
187120	1.6
187390	1.6
187493	1.6
187690	1.6
187724	1.6
188180	1.6
188245	1.6
188451	1.6
188686	1.6
189131	1.6
189499	1.6
189637	1.6
189834	1.6
190051	1.6
190082	1.6
190588	1.6
190622	1.6
190624	1.6
191302	1.6
191305	1.6
191308	1.6
191541	1.6
191663	1.6
191712	1.6
191756	1.6
191899	1.6
192036	1.6
192126	1.6
192139	1.6
192352	1.6
192481	1.6
192985	1.6
193193	1.6
193373	1.6
193502	1.6
193612	1.6
193919	1.6
193955	1.6
194066	1.6
194150	1.6
194453	1.6
194788	1.6
195192	1.6
195363	1.6
195461	1.6
195497	1.6
195522	1.6
196010	1.6
196099	1.6
196124	1.6
196553	1.6
196698	1.6
196789	1.6
196817	1.6
197205	1.6
197363	1.6
197395	1.6
197456	1.6
197674	1.6
197738	1.6
197855	1.6
198106	1.6
198144	1.6
198407	1.6
198471	1.6
198691	1.6
199114	1.6
199175	1.6
200152	1.6
200657	1.6
200803	1.6
200828	1.6
201017	1.6
201078	1.6
201103	1.6
201391	1.6
201407	1.6
202054	1.6
202118	1.6
202235	1.6
202287	1.6
202445	1.6
202504	1.6
202830	1.6
202836	1.6
202855	1.6
203310	1.6
203532	1.6
203739	1.6
203806	1.6
203918	1.6
204935	1.6
205288	1.6
205392	1.6
205886	1.6
206082	1.6
206118	1.6
206128	1.6
206239	1.6
206255	1.6
206339	1.6
206342	1.6
206344	1.6
206570	1.6
206695	1.6
207722	1.6
208220	1.6
208375	1.6
209152	1.6
209211	1.6
209266	1.6
209490	1.6
209944	1.6
210017	1.6
210023	1.6
210288	1.6
210742	1.6
210832	1.6
210954	1.6
211362	1.6
211542	1.6
211710	1.6
211888	1.6
212332	1.6
213344	1.6
213347	1.6
213350	1.6
213353	1.6
213545	1.6
213963	1.7
213966	1.7
213969	1.7
213972	1.7
213975	1.8
215117	2.0
215120	2.1
215123	2.1
215124	2.2
215126	2.2
215127	2.2
215129	2.2
215157	2.2
215255	2.2
215324	2.2
215346	2.2
215411	2.2
215524	2.2
215682	2.2
217160	2.2
217163	2.2
217166	2.2
217167	2.3
217170	2.3
217172	2.3
217173	2.3
217200	2.3
217294	2.3
217550	2.3
217562	2.3
217677	2.3
217771	2.3
217774	2.3
218104	2.3
218607	2.3
218624	2.3
218795	2.3
219979	2.3
220243	2.3
