2020-04-16 19:22:15

CONFIGURATION:
{u'simulation': {u'stdev_factor': 0.01, u'power_mgmt_enabled': False, u'tasks': {u'loc': {u'mean_service_time': {u'gpu': 90, u'cpu_core': 200, u'loc_accel': 10}, u'priority': 1, u'deadline': 1000, u'stdev_service_time': {u'gpu': 0.9, u'cpu_core': 2.0, u'loc_accel': 0.1}, u'power': {u'gpu': 4.457, u'cpu_core': 6.133, u'loc_accel': 0.02197}}, u'detect': {u'mean_service_time': {u'gpu': 0.4607, u'cpu_core': 3.654, u'det_accel': 0.278}, u'priority': 2, u'deadline': 1000, u'stdev_service_time': {u'gpu': 0.004607, u'cpu_core': 0.03654, u'det_accel': 0.0027800000000000004}, u'power': {u'gpu': 90, u'cpu_core': 200, u'det_accel': 10}}, u'Frontier': {u'mean_service_time': {u'cpu_core': 396}, u'priority': 9, u'deadline': 1000, u'stdev_service_time': {u'cpu_core': 3.96}, u'power': {u'cpu_core': 5.98}}, u'track': {u'mean_service_time': {u'gpu': 17, u'tra_accel': 2, u'cpu_core': 1820}, u'priority': 3, u'deadline': 1000, u'stdev_service_time': {u'gpu': 0.17, u'tra_accel': 0.02, u'cpu_core': 18.2}, u'power': {u'gpu': 12.79, u'tra_accel': 0.59, u'cpu_core': 5.6}}, u'sp': {u'mean_service_time': {u'gpu': 379, u'cpu_core': 1004}, u'priority': 11, u'deadline': 1000, u'stdev_service_time': {u'gpu': 3.79, u'cpu_core': 10.040000000000001}, u'power': {u'gpu': 3.302, u'cpu_core': 1004}}, u'mission': {u'mean_service_time': {u'cpu_core': 0.0022}, u'priority': 5, u'deadline': 1000, u'stdev_service_time': {u'cpu_core': 2.2000000000000003e-05}, u'power': {u'cpu_core': 3.534}}, u'motion': {u'mean_service_time': {u'cpu_core': 8}, u'priority': 6, u'deadline': 1000, u'stdev_service_time': {u'cpu_core': 0.08}, u'power': {u'cpu_core': 4.222}}, u'collision': {u'mean_service_time': {u'cpu_core': 8}, u'priority': 7, u'deadline': 1000, u'stdev_service_time': {u'cpu_core': 0.08}, u'power': {u'cpu_core': 0}}, u'fusion': {u'mean_service_time': {u'cpu_core': 1}, u'priority': 4, u'deadline': 1000, u'stdev_service_time': {u'cpu_core': 0.01}, u'power': {u'cpu_core': 0}}, u'map': {u'mean_service_time': {u'gpu': 761, u'cpu_core': 973}, u'priority': 10, u'deadline': 1000, u'stdev_service_time': {u'gpu': 7.61, u'cpu_core': 9.73}, u'power': {u'gpu': 3.533, u'cpu_core': 2.995}}, u'path': {u'mean_service_time': {u'cpu_core': 8}, u'priority': 8, u'deadline': 1000, u'stdev_service_time': {u'cpu_core': 0.08}, u'power': {u'cpu_core': 0}}}, u'sched_policy_module': u'policies.heft', u'drop': True, u'servers': {u'gpu': {u'count': 2}, u'tra_accel': {u'count': 1}, u'cpu_core': {u'count': 8}, u'loc_accel': {u'count': 1}, u'det_accel': {u'count': 1}}, u'max_tasks_simulated': 10000, u'max_queue_size': 1000000, u'mean_arrival_time': 50, u'arrival_time_scale': 4.2}, u'general': {u'random_seed': 0, u'pre_gen_arrivals': False, u'basename': u'policy:heft__stdev_factor:0.01', u'output_trace_file': None, u'working_dir': u'/home/hiwot/meta-stomp2/sim_16042020_192013_new_arrival_50_map_rheftmapping_50_trace_20', u'input_trace_file': (False, '../mv_mapping_50_trace_20.trc'), u'logging_level': u'INFO'}}
Time	Response time (avg)
961	951.0
1402	951.0
1759	1039.3
1772	1083.5
1856	1110.0
1927	1083.5
2353	1076.9
3119	1061.1
3451	1048.9
4056	1065.6
4127	1055.2
4402	1052.9
4611	1065.5
5078	1060.1
5085	1070.5
5353	1066.6
5644	1075.4
5654	1083.2
5921	1090.2
6005	1096.5
6383	1089.6
6404	1083.3
6679	1089.0
7139	1094.3
7424	1088.6
9298	1083.3
9541	1078.4
9840	1083.3
10249	1083.3
10407	1087.7
10709	1083.3
10995	1087.5
11200	1087.3
11335	1092.1
11432	1095.6
11780	1091.6
12309	1087.8
12666	1091.2
12742	1094.4
12779	1090.8
13250	1093.8
13834	1090.4
14052	1087.2
14785	1085.0
15299	1082.0
15753	1079.2
16136	1082.1
16744	1079.4
16849	1076.7
17244	1079.5
17496	1082.2
17677	1084.8
17702	1082.2
17744	1084.7
18315	1082.3
18653	1080.0
19266	1079.2
19517	1081.5
19638	1083.8
19995	1081.6
20344	1079.4
20777	1081.6
20946	1080.0
21295	1081.0
21457	1083.0
21806	1085.0
22284	1083.0
22305	1081.1
22629	1083.1
22818	1085.0
23447	1083.1
23481	1081.2
24099	1083.1
24250	1084.9
24398	1084.6
24405	1086.4
24432	1085.0
24809	1086.7
25107	1088.3
25346	1089.9
25967	1088.2
26119	1086.5
26918	1086.5
26921	1088.0
27072	1089.5
27098	1091.0
27127	1089.4
27728	1090.8
27786	1092.2
27812	1093.6
27869	1092.1
28078	1091.5
28261	1093.5
28446	1094.8
28533	1096.7
28629	1098.7
28786	1099.9
28907	1098.4
29168	1096.9
29858	1097.3
30159	1098.4
30306	1097.0
30592	1098.1
30672	1099.3
31314	1097.9
31339	1096.5
31755	1097.6
32108	1098.7
32118	1099.8
32209	1100.8
32265	1100.9
32297	1099.5
32629	1100.5
33216	1099.3
33248	1098.0
33263	1099.1
34028	1100.1
34082	1101.0
34167	1100.9
34183	1101.9
34590	1100.7
35170	1101.6
35287	1100.4
35930	1099.2
37202	1098.0
38013	1096.8
38395	1095.7
38832	1096.6
39048	1095.5
39387	1096.4
39424	1095.3
41104	1094.2
41638	1093.1
42377	1092.1
42654	1091.0
43297	1091.9
43328	1092.3
43347	1093.2
43427	1094.0
43437	1094.9
43605	1095.2
43629	1096.1
44021	1096.9
44279	1096.5
44556	1096.2
44910	1097.0
45242	1097.8
45560	1096.8
45884	1095.8
46388	1096.6
46511	1096.8
46972	1095.9
47346	1096.7
47509	1095.7
47888	1096.5
47923	1095.7
48383	1096.5
48460	1095.9
48669	1096.8
48774	1097.5
48874	1096.7
49341	1097.4
49411	1096.7
49825	1097.1
51075	1096.2
51163	1095.3
52041	1096.0
52067	1096.7
52138	1095.9
52944	1095.0
53089	1094.4
54582	1093.6
54708	1092.8
55533	1092.5
56123	1091.7
56484	1091.5
56649	1092.7
56897	1093.4
57304	1092.6
57435	1092.2
57791	1092.9
59227	1092.1
59479	1091.3
59782	1092.0
60223	1091.2
60588	1090.5
61076	1091.1
61428	1090.4
62503	1089.7
63087	1088.9
63511	1088.2
63810	1088.9
64024	1089.5
64515	1088.8
64641	1088.1
65040	1088.8
65466	1088.1
65657	1087.4
66153	1088.1
67174	1087.4
67262	1086.7
67800	1087.3
69345	1086.7
69610	1086.0
69942	1086.6
70068	1087.3
70319	1086.6
70561	1086.8
70778	1087.4
71122	1088.1
71270	1088.3
71508	1088.9
71512	1088.6
71586	1089.2
71702	1090.4
72541	1089.7
72686	1089.1
73289	1089.7
73492	1089.5
73637	1089.0
74054	1089.6
74276	1090.2
74469	1090.8
75301	1090.1
75406	1089.5
75696	1090.1
75706	1090.6
77010	1090.0
77157	1089.4
77963	1088.8
78108	1088.7
78300	1089.2
78724	1089.7
78816	1090.3
78914	1089.8
79799	1089.2
80399	1088.6
80971	1088.1
81559	1087.5
81924	1086.9
82391	1087.5
82510	1087.2
82875	1086.8
83231	1087.3
83411	1087.9
83461	1087.4
83470	1087.9
83709	1089.1
83747	1089.7
83856	1089.1
84306	1089.6
84394	1090.1
84412	1089.6
85246	1089.1
85637	1088.6
86197	1088.8
86402	1089.3
86460	1089.8
86588	1089.8
86809	1090.3
86822	1090.7
86855	1091.2
87148	1091.4
87699	1090.8
87977	1091.3
88165	1090.8
88619	1091.2
89845	1090.7
89975	1090.2
90266	1090.7
91135	1090.2
91517	1089.6
91883	1090.1
92092	1089.6
92468	1089.8
93138	1089.3
93416	1089.8
93785	1089.3
94104	1088.8
94736	1088.7
96015	1088.2
96175	1087.7
97401	1087.2
97552	1086.7
98352	1087.0
98522	1086.5
98544	1087.0
98871	1087.4
98951	1087.9
99364	1087.4
99473	1087.0
99968	1087.5
100110	1087.9
100366	1087.5
101349	1087.0
101496	1086.5
101858	1087.0
102300	1086.5
102447	1086.8
102777	1087.2
102933	1087.7
103495	1087.2
104003	1086.8
105163	1086.3
105251	1085.9
106049	1086.3
106322	1085.9
106607	1085.4
106977	1085.8
106987	1086.3
107108	1086.7
107221	1087.1
107231	1087.5
107452	1087.1
107558	1086.7
107805	1087.3
108389	1087.7
108403	1087.8
108670	1087.4
108981	1087.8
109077	1088.2
109703	1087.7
109808	1087.3
110144	1087.7
110426	1088.1
110654	1088.1
111534	1087.7
112458	1087.3
112634	1086.9
112909	1087.3
112954	1087.6
113084	1088.0
113168	1088.4
113178	1088.8
113409	1088.9
113529	1089.2
113642	1088.8
114176	1089.2
114210	1089.6
114386	1089.2
114814	1088.8
115339	1088.4
115831	1088.0
116372	1087.6
116738	1087.9
116782	1088.1
116948	1088.5
117028	1088.9
117057	1089.2
117171	1089.6
117323	1089.7
117557	1090.1
117721	1090.4
117788	1090.0
118274	1089.6
118649	1090.0
118721	1090.4
118739	1090.5
118754	1090.9
118889	1091.2
118935	1091.6
119225	1091.4
119506	1091.7
119708	1092.1
119783	1091.7
120732	1091.3
121606	1090.9
121702	1090.6
122211	1090.9
122223	1091.2
122370	1091.6
122557	1091.2
122689	1090.8
122992	1091.2
123219	1091.5
123231	1091.8
124390	1091.5
124861	1091.1
125331	1091.4
125667	1091.1
126247	1090.7
126646	1091.0
126692	1090.7
127198	1090.8
127465	1091.1
127643	1091.1
127683	1091.5
127843	1091.8
129002	1091.4
129829	1091.1
129953	1090.9
130780	1091.0
130810	1091.3
130904	1091.4
131140	1091.7
131300	1092.0
131731	1091.8
131855	1091.8
131980	1092.1
132051	1092.4
132534	1092.7
133244	1092.4
134059	1092.0
134323	1091.7
134773	1092.0
135010	1091.7
135273	1092.2
135274	1092.3
135861	1092.6
135961	1092.4
136646	1092.1
136912	1092.0
136957	1092.3
137201	1092.6
137419	1092.9
137597	1092.8
138233	1092.4
138548	1092.5
139120	1092.8
139184	1092.8
139410	1093.1
139494	1093.4
140518	1093.0
140741	1092.7
141469	1092.7
141711	1092.4
142337	1092.7
142396	1093.0
142832	1092.6
142933	1092.3
143254	1092.6
143783	1092.6
143925	1092.9
144017	1092.6
144734	1092.5
145231	1092.1
145546	1092.4
145685	1092.4
145861	1092.7
146182	1092.8
146636	1092.5
147133	1092.5
147344	1092.8
147575	1093.0
147587	1093.1
147747	1093.4
148125	1093.7
148750	1093.3
148788	1093.0
149750	1093.3
149926	1093.0
150216	1092.7
150586	1092.9
150596	1093.2
150683	1093.5
150943	1093.2
151804	1092.9
151934	1092.6
152682	1092.8
153076	1092.5
153929	1092.2
154319	1091.9
154639	1092.2
154778	1092.4
154920	1092.1
155252	1092.4
155270	1092.5
155403	1092.8
155681	1093.1
155936	1092.8
156340	1092.5
156642	1092.7
156887	1092.7
157291	1092.5
157838	1092.4
158285	1092.7
158721	1092.4
159154	1092.1
159482	1092.3
159498	1092.6
159746	1092.3
160112	1092.6
160133	1092.8
160569	1092.5
160697	1092.4
160922	1092.7
161489	1092.9
161520	1092.7
161909	1092.4
163076	1092.1
163211	1091.8
163711	1092.1
163904	1092.3
163929	1092.6
164068	1092.8
165244	1092.5
165857	1092.2
166260	1092.0
166743	1092.2
167822	1091.9
168070	1091.6
168381	1091.9
168407	1092.1
168528	1092.4
168538	1092.6
168734	1092.9
168773	1093.0
168837	1093.2
169103	1093.0
169423	1093.2
169515	1093.5
169724	1093.6
169747	1093.9
170204	1093.6
170592	1093.8
170675	1093.5
171155	1093.3
171626	1093.1
171951	1093.3
172106	1093.3
172678	1093.0
173434	1092.8
173753	1092.5
174152	1092.7
174385	1092.6
174652	1092.8
174704	1092.8
174715	1093.0
175336	1092.9
175341	1093.1
175781	1092.9
176105	1093.1
176273	1093.3
177130	1093.1
177436	1092.8
178285	1092.5
178387	1092.4
178894	1092.7
179049	1092.9
179079	1093.1
179236	1093.2
180116	1092.9
180378	1092.7
180923	1092.9
181162	1092.6
181329	1092.5
182086	1092.7
182468	1092.5
182674	1092.2
183419	1092.1
183625	1092.1
184370	1092.2
184522	1092.4
184576	1092.3
184757	1092.6
184767	1092.8
184900	1093.0
185321	1093.0
185527	1093.0
185841	1093.2
186240	1093.4
186272	1093.3
186617	1093.1
187223	1093.1
187386	1093.3
187487	1093.5
187684	1093.2
188174	1093.4
188445	1093.6
188680	1093.3
189125	1093.4
189432	1093.6
189495	1093.8
189631	1093.7
190076	1093.5
190582	1093.3
190620	1093.5
190919	1093.7
191027	1093.7
191040	1093.9
191162	1094.2
191284	1094.5
191533	1094.4
191706	1094.6
191750	1094.8
191851	1095.0
191893	1095.2
191978	1095.3
192135	1095.7
192484	1095.7
193001	1095.5
193606	1095.2
193913	1095.4
193952	1095.3
194144	1095.7
194384	1095.9
194862	1095.6
194996	1095.4
195455	1095.6
195518	1095.8
195623	1096.0
196004	1095.7
196286	1095.5
196694	1095.7
196704	1095.9
196811	1096.1
196955	1096.2
197237	1096.1
197391	1096.4
197605	1096.6
197849	1096.8
197906	1096.7
198067	1096.9
198188	1096.9
198613	1097.1
198672	1097.3
200146	1097.1
200156	1096.9
201074	1097.0
201097	1097.0
201401	1096.8
201734	1097.0
201784	1097.2
202048	1097.0
202352	1096.9
202826	1097.1
203031	1096.9
203303	1096.8
203514	1096.9
204434	1096.7
204787	1096.5
205385	1096.4
205388	1096.6
205581	1096.8
205738	1096.8
205938	1097.0
206249	1097.2
206333	1097.4
206336	1097.3
206564	1097.5
206689	1097.6
207320	1097.8
207874	1097.5
208651	1097.3
208987	1097.1
209262	1097.3
209516	1097.5
209621	1097.6
209785	1097.4
209938	1097.3
210331	1097.4
210736	1097.4
210948	1097.2
211486	1097.4
211704	1097.5
212326	1097.3
212502	1097.1
213229	1097.3
213277	1097.1
213309	1097.2
213319	1097.4
213453	1097.5
213541	1098.0
213620	1098.1
213888	1098.3
213918	1098.5
214213	1098.9
214228	1099.3
214404	1099.5
214445	1100.0
214821	1100.2
214836	1100.4
215020	1100.6
215104	1100.8
215151	1101.0
215179	1101.0
215251	1101.2
215803	1101.0
216156	1101.2
216433	1101.0
216754	1100.9
217047	1101.0
217059	1101.2
217127	1101.4
217164	1101.6
217174	1101.7
217194	1101.9
217372	1102.2
217601	1102.0
217765	1101.8
218789	1101.6
219478	1101.4
219740	1101.2
