2020-04-16 19:22:15

CONFIGURATION:
{u'simulation': {u'stdev_factor': 0.01, u'power_mgmt_enabled': False, u'tasks': {u'loc': {u'mean_service_time': {u'gpu': 90, u'cpu_core': 200, u'loc_accel': 10}, u'priority': 1, u'deadline': 1000, u'stdev_service_time': {u'gpu': 0.9, u'cpu_core': 2.0, u'loc_accel': 0.1}, u'power': {u'gpu': 4.457, u'cpu_core': 6.133, u'loc_accel': 0.02197}}, u'detect': {u'mean_service_time': {u'gpu': 0.4607, u'cpu_core': 3.654, u'det_accel': 0.278}, u'priority': 2, u'deadline': 1000, u'stdev_service_time': {u'gpu': 0.004607, u'cpu_core': 0.03654, u'det_accel': 0.0027800000000000004}, u'power': {u'gpu': 90, u'cpu_core': 200, u'det_accel': 10}}, u'Frontier': {u'mean_service_time': {u'cpu_core': 396}, u'priority': 9, u'deadline': 1000, u'stdev_service_time': {u'cpu_core': 3.96}, u'power': {u'cpu_core': 5.98}}, u'track': {u'mean_service_time': {u'gpu': 17, u'tra_accel': 2, u'cpu_core': 1820}, u'priority': 3, u'deadline': 1000, u'stdev_service_time': {u'gpu': 0.17, u'tra_accel': 0.02, u'cpu_core': 18.2}, u'power': {u'gpu': 12.79, u'tra_accel': 0.59, u'cpu_core': 5.6}}, u'sp': {u'mean_service_time': {u'gpu': 379, u'cpu_core': 1004}, u'priority': 11, u'deadline': 1000, u'stdev_service_time': {u'gpu': 3.79, u'cpu_core': 10.040000000000001}, u'power': {u'gpu': 3.302, u'cpu_core': 1004}}, u'mission': {u'mean_service_time': {u'cpu_core': 0.0022}, u'priority': 5, u'deadline': 1000, u'stdev_service_time': {u'cpu_core': 2.2000000000000003e-05}, u'power': {u'cpu_core': 3.534}}, u'motion': {u'mean_service_time': {u'cpu_core': 8}, u'priority': 6, u'deadline': 1000, u'stdev_service_time': {u'cpu_core': 0.08}, u'power': {u'cpu_core': 4.222}}, u'collision': {u'mean_service_time': {u'cpu_core': 8}, u'priority': 7, u'deadline': 1000, u'stdev_service_time': {u'cpu_core': 0.08}, u'power': {u'cpu_core': 0}}, u'fusion': {u'mean_service_time': {u'cpu_core': 1}, u'priority': 4, u'deadline': 1000, u'stdev_service_time': {u'cpu_core': 0.01}, u'power': {u'cpu_core': 0}}, u'map': {u'mean_service_time': {u'gpu': 761, u'cpu_core': 973}, u'priority': 10, u'deadline': 1000, u'stdev_service_time': {u'gpu': 7.61, u'cpu_core': 9.73}, u'power': {u'gpu': 3.533, u'cpu_core': 2.995}}, u'path': {u'mean_service_time': {u'cpu_core': 8}, u'priority': 8, u'deadline': 1000, u'stdev_service_time': {u'cpu_core': 0.08}, u'power': {u'cpu_core': 0}}}, u'sched_policy_module': u'policies.heft', u'drop': True, u'servers': {u'gpu': {u'count': 2}, u'tra_accel': {u'count': 1}, u'cpu_core': {u'count': 8}, u'loc_accel': {u'count': 1}, u'det_accel': {u'count': 1}}, u'max_tasks_simulated': 10000, u'max_queue_size': 1000000, u'mean_arrival_time': 50, u'arrival_time_scale': 4.2}, u'general': {u'random_seed': 0, u'pre_gen_arrivals': False, u'basename': u'policy:heft__stdev_factor:0.01', u'output_trace_file': None, u'working_dir': u'/home/hiwot/meta-stomp2/sim_16042020_192013_new_arrival_50_map_rheftmapping_50_trace_20', u'input_trace_file': (False, '../mv_mapping_50_trace_20.trc'), u'logging_level': u'INFO'}}
Time	Response time (avg)
1897	495.0
3946	495.0
4622	495.0
4897	495.0
5007	475.2
5848	478.5
6149	480.9
6500	482.6
7174	484.0
7535	475.2
9793	477.0
10036	478.5
10236	472.2
10744	473.8
11695	475.2
12275	476.4
12804	477.5
15280	478.5
15794	479.4
16532	475.2
17344	476.1
17640	472.5
17991	473.5
18239	474.4
19148	475.2
20034	472.2
20490	473.0
20839	473.8
21790	474.5
22779	475.2
23313	475.8
23942	476.4
23976	477.0
24594	477.5
24646	475.2
25304	475.8
25602	476.3
26614	476.8
27317	474.7
27413	475.2
27468	473.3
28124	471.4
28182	469.7
28573	470.2
29281	470.8
29402	471.3
30353	471.8
30555	470.2
31834	470.8
32504	469.3
32514	467.8
33659	466.4
33743	467.0
34577	467.5
34579	466.2
34662	466.7
35665	467.2
36425	467.7
37697	468.2
38508	468.6
38890	469.0
39327	469.5
39543	469.9
39882	470.2
39919	470.6
41599	471.0
43693	469.9
44100	470.2
46055	470.6
48004	471.0
48779	469.9
48955	470.2
50320	470.6
52633	470.9
53584	471.2
55203	471.6
56618	471.9
56979	472.2
57392	472.4
57930	472.7
59722	473.0
60718	473.3
62998	473.5
64006	473.8
64519	474.0
66152	474.3
67669	474.5
67757	474.8
70105	475.0
70563	475.2
70814	475.4
71056	475.6
71273	475.8
71617	476.0
71765	476.2
72007	476.4
73181	476.6
73685	475.8
73987	476.0
74964	476.2
75796	476.4
76092	475.6
77505	475.8
78603	476.0
79212	475.2
79219	475.4
79409	475.6
80894	475.8
82054	475.9
82419	476.1
82787	475.4
83370	475.6
83627	474.8
83956	475.0
84242	475.2
84351	475.4
84889	475.5
85741	475.7
86692	475.9
86955	476.0
87643	476.2
88472	476.3
88660	476.5
89114	476.6
90761	476.8
92012	476.9
92587	477.1
93633	477.2
94280	477.3
94599	477.5
95231	477.6
96670	477.8
98047	477.9
100861	478.0
102254	477.4
102795	477.5
103173	476.9
103428	477.1
104498	477.2
105746	477.3
106445	476.7
107102	476.9
108053	477.0
108898	477.1
109165	477.2
109473	476.7
110198	476.8
110303	476.9
111149	477.1
112029	477.2
113129	477.3
113305	476.8
113480	476.2
114881	476.4
115309	476.5
115834	476.6
116327	476.7
117134	476.2
117277	476.3
117344	475.8
117424	475.3
118216	475.5
119045	475.0
119117	474.5
119150	474.0
119234	474.1
119285	473.7
119720	473.8
120001	473.9
120203	474.0
122607	473.6
122865	473.7
123052	473.8
123184	474.0
123714	474.1
125356	474.2
125727	473.8
126162	473.9
127187	474.0
127960	474.1
128138	474.2
128338	474.3
129497	474.4
130448	474.6
131275	474.7
132226	474.8
132350	474.9
132447	474.5
133029	474.6
134554	474.7
135169	474.3
135505	474.4
135769	474.5
136356	474.6
136456	474.7
137141	474.8
137407	474.9
139043	475.0
139516	474.6
139679	474.7
141013	474.8
141236	474.9
142206	475.0
142733	474.6
142891	474.7
143749	474.8
144278	474.9
144420	475.0
144512	475.1
145726	475.2
145942	474.8
146180	474.9
146257	474.6
146677	474.6
148082	474.7
149245	474.8
149283	474.9
150146	474.6
150421	474.7
150711	474.8
151091	474.8
151178	474.9
152299	475.0
152429	475.1
155415	475.2
155747	475.3
156176	475.4
156835	475.5
159216	475.6
159977	475.6
160241	475.7
160607	475.8
161064	475.9
161984	476.0
162015	476.0
162404	476.1
164107	475.8
164300	475.5
164325	475.1
165739	475.2
166755	475.3
167139	475.0
168777	474.6
168803	474.3
169033	474.4
169234	474.5
169272	474.6
169332	474.7
169598	474.8
169918	474.9
170143	474.6
170699	474.7
171170	474.7
171650	474.8
172121	474.9
172347	474.6
172601	474.7
173929	474.7
174248	474.8
174880	474.9
175048	474.6
175737	474.3
175831	474.4
176276	474.5
176768	474.5
177625	474.6
179290	474.3
179445	474.0
179475	473.7
180611	473.8
181657	473.9
182963	474.0
184865	474.0
184918	473.8
185071	473.8
186636	473.6
186767	473.6
187112	473.7
187718	473.8
189828	473.5
191535	473.6
191657	474.1
192028	474.2
192346	474.3
192473	474.4
192979	474.4
193496	474.5
194447	474.6
194780	474.3
195357	474.4
195491	474.4
196118	474.5
196781	474.6
197199	474.6
197450	474.7
197732	474.8
198100	474.9
198401	474.9
198463	474.7
198683	474.7
199108	474.8
199167	474.9
200651	474.9
202229	475.0
202279	475.1
202847	475.1
203526	475.2
203798	475.3
203910	475.0
204929	475.1
205282	475.1
205880	475.2
206076	475.3
206233	475.3
206334	475.1
207716	474.8
208369	474.9
209146	474.9
209482	475.0
210011	475.1
210017	474.8
210280	474.9
210826	474.9
211882	474.7
212997	474.8
213804	474.9
213948	475.0
214609	474.7
214940	475.5
215104	476.1
215316	477.3
215338	477.4
215518	477.5
215674	477.5
216298	477.6
216793	478.1
217288	479.2
217542	480.1
217554	480.2
217669	480.2
217768	480.0
218096	480.0
219973	480.0
220235	480.1
