CONFIGURATION:
{u'simulation': {u'stdev_factor': 0.01, u'power_mgmt_enabled': False, u'tasks': {u'loc': {u'mean_service_time': {u'gpu': 90, u'cpu_core': 200, u'loc_accel': 10}, u'priority': 1, u'deadline': 1000, u'stdev_service_time': {u'gpu': 0.9, u'cpu_core': 2.0, u'loc_accel': 0.1}, u'power': {u'gpu': 4.457, u'cpu_core': 6.133, u'loc_accel': 0.02197}}, u'detect': {u'mean_service_time': {u'gpu': 0.4607, u'cpu_core': 3.654, u'det_accel': 0.278}, u'priority': 2, u'deadline': 1000, u'stdev_service_time': {u'gpu': 0.004607, u'cpu_core': 0.03654, u'det_accel': 0.0027800000000000004}, u'power': {u'gpu': 90, u'cpu_core': 200, u'det_accel': 10}}, u'Frontier': {u'mean_service_time': {u'cpu_core': 396}, u'priority': 9, u'deadline': 1000, u'stdev_service_time': {u'cpu_core': 3.96}, u'power': {u'cpu_core': 5.98}}, u'track': {u'mean_service_time': {u'gpu': 17, u'tra_accel': 2, u'cpu_core': 1820}, u'priority': 3, u'deadline': 1000, u'stdev_service_time': {u'gpu': 0.17, u'tra_accel': 0.02, u'cpu_core': 18.2}, u'power': {u'gpu': 12.79, u'tra_accel': 0.59, u'cpu_core': 5.6}}, u'sp': {u'mean_service_time': {u'gpu': 379, u'cpu_core': 1004}, u'priority': 11, u'deadline': 1000, u'stdev_service_time': {u'gpu': 3.79, u'cpu_core': 10.040000000000001}, u'power': {u'gpu': 3.302, u'cpu_core': 1004}}, u'mission': {u'mean_service_time': {u'cpu_core': 0.0022}, u'priority': 5, u'deadline': 1000, u'stdev_service_time': {u'cpu_core': 2.2000000000000003e-05}, u'power': {u'cpu_core': 3.534}}, u'motion': {u'mean_service_time': {u'cpu_core': 8}, u'priority': 6, u'deadline': 1000, u'stdev_service_time': {u'cpu_core': 0.08}, u'power': {u'cpu_core': 4.222}}, u'collision': {u'mean_service_time': {u'cpu_core': 8}, u'priority': 7, u'deadline': 1000, u'stdev_service_time': {u'cpu_core': 0.08}, u'power': {u'cpu_core': 0}}, u'fusion': {u'mean_service_time': {u'cpu_core': 1}, u'priority': 4, u'deadline': 1000, u'stdev_service_time': {u'cpu_core': 0.01}, u'power': {u'cpu_core': 0}}, u'map': {u'mean_service_time': {u'gpu': 761, u'cpu_core': 973}, u'priority': 10, u'deadline': 1000, u'stdev_service_time': {u'gpu': 7.61, u'cpu_core': 9.73}, u'power': {u'gpu': 3.533, u'cpu_core': 2.995}}, u'path': {u'mean_service_time': {u'cpu_core': 8}, u'priority': 8, u'deadline': 1000, u'stdev_service_time': {u'cpu_core': 0.08}, u'power': {u'cpu_core': 0}}}, u'sched_policy_module': u'policies.heft', u'drop': True, u'servers': {u'gpu': {u'count': 2}, u'tra_accel': {u'count': 1}, u'cpu_core': {u'count': 8}, u'loc_accel': {u'count': 1}, u'det_accel': {u'count': 1}}, u'max_tasks_simulated': 10000, u'max_queue_size': 1000000, u'mean_arrival_time': 50, u'arrival_time_scale': 3.8}, u'general': {u'random_seed': 0, u'pre_gen_arrivals': False, u'basename': u'policy:heft__stdev_factor:0.01', u'output_trace_file': None, u'working_dir': u'/home/hiwot/meta-stomp2/sim_16042020_192013_new_arrival_50_map_rheftmapping_50_trace_20', u'input_trace_file': (False, '../mv_mapping_50_trace_20.trc'), u'logging_level': u'INFO'}}

/home/hiwot/meta-stomp2/sim_16042020_192013_new_arrival_50_map_rheftmapping_50_trace_20/../mv_mapping_50_trace_20.trc

Running STOMP simulation...
Dropped,DAG ID,DAG Priority,DAG Type,Slack,Response Time,No-Affinity Time,Energy
0,0,3,2,3365,967,194,3360.1027
0,1,1,0,4372,1464,295,6320.2027
0,2,1,2,3102,1230,245,3642.1397
0,3,1,2,3100,1232,247,3642.1397
0,4,1,2,3100,1232,247,3642.1397
0,5,1,2,3288,1044,194,3632.1437
0,6,1,1,620,14,2,0.2197
0,7,1,1,617,17,2,0.28561
0,8,1,1,620,14,2,0.2197
0,9,1,1,620,14,2,0.2197
0,10,1,2,3196,1136,194,3957.1797
0,11,3,1,620,14,2,0.2197
0,12,1,1,620,14,2,0.2197
0,13,1,1,620,14,2,0.2197
0,14,1,2,3365,967,194,3360.1027
0,15,1,1,620,14,2,0.2197
0,16,3,0,4326,1510,293,6489.7867
0,17,1,1,620,14,2,0.2197
0,18,1,2,3102,1230,245,3642.1397
0,19,1,0,4335,1501,293,6457.9897
0,20,1,0,4163,1673,295,7058.5997
0,21,1,0,4206,1630,249,6010.2197
0,22,3,2,3100,1232,247,3642.1397
0,23,1,2,3199,1133,194,3946.5807
0,24,1,0,4208,1628,247,6010.2197
0,25,3,2,3092,1240,245,3672.0897
0,26,3,0,4168,1668,293,7012.8904
0,27,3,1,620,14,2,0.2197
0,28,1,2,3100,1232,247,3642.1397
0,29,1,0,4109,1727,346,6602.2397
0,30,3,1,620,14,2,0.2197
0,31,1,1,620,14,2,0.2197
0,32,1,2,3365,967,194,3360.1027
0,33,1,2,3102,1230,245,3642.1397
0,34,1,0,4099,1737,346,6602.4594
0,35,1,1,620,14,2,0.2197
0,36,3,0,4372,1464,295,6320.2027
0,37,1,2,3355,977,196,3388.3667
0,38,1,1,620,14,2,0.2197
0,39,1,1,620,14,2,0.2197
0,40,1,1,620,14,2,0.2197
0,41,1,1,618,16,4,0.2197
0,42,1,1,620,14,2,0.2197
0,43,1,1,620,14,2,0.2197
0,44,1,0,4374,1462,293,6320.2027
0,45,1,0,4374,1462,293,6320.2027
0,46,1,0,4208,1628,247,6010.2197
0,47,1,1,620,14,2,0.2197
0,48,1,0,4164,1672,293,7062.1327
0,49,1,2,3102,1230,245,3642.1397
0,50,1,1,620,14,2,0.2197
0,51,1,1,620,14,2,0.2197
0,52,1,2,3365,967,194,3360.1027
0,53,1,2,3100,1232,247,3642.1397
0,54,1,2,3100,1232,247,3642.1397
0,55,1,0,4109,1727,346,6602.2397
0,56,3,2,3154,1178,194,4105.5657
0,57,1,1,620,14,2,0.2197
0,58,1,0,4374,1462,293,6320.2027
0,59,3,1,620,14,2,0.2197
0,60,1,0,4243,1593,295,6775.9597
0,61,1,2,3102,1230,245,3642.1397
0,62,3,1,620,14,2,0.2197
0,63,1,2,3100,1232,247,3642.1397
0,64,1,2,3319,1013,194,3522.6207
0,65,1,2,3100,1232,247,3642.1397
0,66,1,2,3365,967,194,3360.1027
0,67,1,2,3365,967,194,3360.1027
0,68,1,0,4247,1589,293,6768.8937
0,69,1,0,4372,1464,295,6320.2027
0,70,3,2,2995,1337,245,3962.6047
0,71,1,0,4315,1521,293,6528.6497
0,72,1,1,620,14,2,0.2197
0,73,1,1,620,14,2,0.2197
0,74,1,1,620,14,2,0.2197
0,75,1,2,3365,967,194,3360.1027
0,76,1,0,4249,1587,293,6761.8277
0,77,1,0,4208,1628,247,6010.2197
0,78,1,0,4208,1628,247,6010.2197
0,79,1,1,617,17,2,0.28561
0,80,1,1,620,14,2,0.2197
0,81,1,2,3100,1232,247,3642.1397
0,82,1,0,4109,1727,346,6602.2397
0,83,1,2,3280,1052,194,3660.4077
0,84,1,1,620,14,2,0.2197
0,85,1,2,3365,967,194,3360.1027
0,86,1,1,620,14,2,0.2197
0,87,3,0,4197,1639,293,6945.5437
0,88,1,1,620,14,2,0.2197
0,89,3,2,3201,1131,194,3939.5147
0,90,3,2,3102,1230,245,3642.1397
0,91,3,0,4109,1727,346,6602.2397
0,92,3,1,620,14,2,0.2197
0,93,3,0,4374,1462,293,6320.2027
0,94,1,1,620,14,2,0.2197
0,95,1,0,4308,1528,293,6553.3807
0,96,3,2,3102,1230,245,3642.1397
0,97,1,2,3250,1082,194,3766.3977
0,98,3,1,620,14,2,0.2197
0,99,1,0,4103,1733,346,6602.37152
0,100,1,2,3100,1232,247,3642.1397
0,101,1,2,3365,967,194,3360.1027
0,102,1,1,620,14,2,0.2197
0,103,1,0,4374,1462,293,6320.2027
0,104,1,2,3102,1230,245,3642.1397
0,105,1,2,2929,1403,247,4154.2847
0,106,1,0,4338,1498,293,6447.3907
0,107,1,1,620,14,2,0.2197
0,108,1,0,4374,1462,293,6320.2027
0,109,3,0,4227,1609,293,6839.5537
0,110,3,0,4208,1628,247,6010.2197
0,111,1,0,4206,1630,249,6010.2197
0,112,1,2,3102,1230,245,3642.1397
0,113,1,1,620,14,2,0.2197
0,114,1,2,3170,1162,194,4049.0377
0,115,3,2,3100,1232,247,3642.1397
0,116,3,1,620,14,2,0.2197
0,117,1,0,4236,1600,295,6800.6907
0,118,3,1,620,14,2,0.2197
0,119,3,1,620,14,2,0.2197
0,120,3,0,4109,1727,346,6602.2397
0,121,1,1,620,14,2,0.2197
0,122,1,1,620,14,2,0.2197
0,123,3,1,620,14,2,0.2197
0,124,1,2,3100,1232,247,3642.1397
0,125,1,1,620,14,2,0.2197
0,126,1,2,3365,967,194,3360.1027
0,127,1,0,4374,1462,293,6320.2027
0,128,3,0,3767,2069,251,6010.2197
0,129,1,0,3879,1957,297,7062.1327
0,130,1,0,3901,1935,251,6010.2197
0,131,1,2,2429,1903,247,3642.1397
0,132,1,2,2692,1640,196,3497.8897
0,133,1,0,4102,1734,348,6632.1397
0,134,1,0,4100,1736,348,6644.0997
0,135,1,2,3051,1281,249,3642.1397
0,136,1,1,620,14,2,0.2197
0,137,1,1,620,14,2,0.2197
0,138,1,2,3025,1307,196,4508.3277
0,139,1,2,3090,1242,249,3642.1397
0,140,1,0,4303,1533,297,6556.9137
0,141,1,2,3102,1230,245,3642.1397
0,142,1,2,2892,1440,245,4271.0897
0,143,3,2,2804,1528,247,4528.6597
0,144,1,0,4146,1690,247,6195.9097
0,145,3,1,486,148,4,0.2197
0,146,1,1,487,147,4,0.35152
0,147,1,1,522,112,4,0.2197
0,148,1,0,4181,1655,293,7002.0717
0,149,3,1,620,14,2,0.2197
0,150,1,1,620,14,2,0.2197
0,151,1,2,3270,1062,194,3695.7377
0,152,1,0,4208,1628,247,6010.2197
0,153,1,0,4208,1628,247,6010.2197
0,154,1,2,3365,967,194,3360.1027
0,155,1,2,3365,967,194,3360.1027
0,156,1,2,3102,1230,245,3642.1397
0,157,1,2,3307,1025,194,3565.0167
0,158,3,0,4356,1480,295,6376.7307
0,159,1,2,3102,1230,245,3642.1397
0,160,1,0,4208,1628,247,6010.2197
0,161,1,0,4204,1632,249,6010.26364
0,162,1,2,3102,1230,245,3642.1397
0,163,1,2,3100,1232,247,3642.1397
0,164,1,2,3262,1070,196,3716.9357
0,165,3,2,3306,1026,194,3568.5497
0,166,1,1,620,14,2,0.2197
0,167,1,0,4208,1628,247,6010.2197
0,168,1,2,3102,1230,245,3642.1397
0,169,1,0,4179,1657,295,7002.0717
0,170,1,2,3365,967,194,3360.1027
0,171,3,0,4208,1628,247,6010.2197
0,172,1,0,4206,1630,249,6010.2197
0,173,1,0,4206,1630,249,6010.2197
0,174,1,1,620,14,2,0.2197
0,175,1,2,3365,967,194,3360.1027
0,176,1,0,4374,1462,293,6320.2027
0,177,1,2,3100,1232,247,3642.1397
0,178,1,0,4374,1462,293,6320.2027
0,179,1,0,4374,1462,293,6320.2027
0,180,1,0,4374,1462,293,6320.2027
0,181,1,0,4372,1464,295,6320.2027
0,182,1,0,4109,1727,346,6602.2397
0,183,1,1,620,14,2,0.2197
0,184,1,0,4354,1482,293,6369.79652
0,185,1,0,4109,1727,346,6602.2397
0,186,1,0,4352,1484,295,6390.8627
0,187,1,1,620,14,2,0.2197
0,188,1,1,620,14,2,0.2197
0,189,1,0,4374,1462,293,6320.2027
0,190,1,1,620,14,2,0.2197
0,191,1,1,620,14,2,0.2197
0,192,3,2,3365,967,194,3360.1027
0,193,3,2,3365,967,194,3360.1027
0,194,1,2,3331,1001,196,3473.1587
0,195,1,0,4208,1628,247,6010.2197
0,196,3,2,3102,1230,245,3642.1397
0,197,1,2,3102,1230,245,3642.1397
0,198,3,2,3100,1232,247,3642.1397
0,199,1,2,3094,1238,247,3642.27152
0,200,1,2,3050,1282,247,3791.8897
0,201,3,0,4366,1470,293,6348.4667
0,202,1,1,620,14,2,0.2197
0,203,3,1,620,14,2,0.2197
0,204,1,2,3359,973,194,3360.23452
0,205,1,1,620,14,2,0.2197
0,206,1,2,3100,1232,247,3642.1397
0,207,1,2,3346,986,196,3420.1637
0,208,1,2,3217,1115,194,3882.9867
0,209,1,1,620,14,2,0.2197
0,210,1,2,3102,1230,245,3642.1397
0,211,3,1,620,14,2,0.2197
0,212,1,0,4374,1462,293,6320.2027
0,213,1,2,3365,967,194,3360.1027
0,214,1,1,620,14,2,0.2197
0,215,3,2,3102,1230,245,3642.1397
0,216,1,2,3102,1230,245,3642.1397
0,217,3,1,620,14,2,0.2197
0,218,1,1,620,14,2,0.2197
0,219,3,2,3365,967,194,3360.1027
0,220,3,2,3365,967,194,3360.1027
0,221,3,0,4208,1628,247,6010.2197
0,222,3,1,618,16,2,0.26364
0,223,3,2,3102,1230,245,3642.1397
0,224,1,2,3253,1079,194,3755.7987
0,225,1,0,4360,1476,295,6362.5987
0,226,1,1,620,14,2,0.2197
0,227,1,2,3100,1232,247,3642.1397
0,228,1,0,4109,1727,346,6602.2397
0,229,1,2,3100,1232,247,3642.1397
0,230,1,2,3180,1152,194,4013.7077
0,231,1,1,620,14,2,0.2197
0,232,3,2,3268,1064,194,3702.8037
0,233,1,2,3100,1232,247,3642.1397
0,234,1,0,4109,1727,346,6602.2397
0,235,3,2,3365,967,194,3360.1027
0,236,1,2,3365,967,194,3360.1027
0,237,1,1,620,14,2,0.2197
0,238,1,2,3102,1230,245,3642.1397
0,239,3,2,3100,1232,247,3642.1397
0,240,1,1,620,14,2,0.2197
0,241,1,0,4374,1462,293,6320.2027
0,242,1,1,620,14,2,0.2197
0,243,1,2,3365,967,194,3360.1027
0,244,3,0,4247,1589,293,6768.8937
0,245,1,2,3365,967,194,3360.1027
0,246,1,0,4374,1462,293,6320.2027
0,247,1,1,620,14,2,0.2197
0,248,1,2,3186,1146,194,3992.5097
0,249,1,1,620,14,2,0.2197
0,250,3,1,620,14,2,0.2197
0,251,1,1,620,14,2,0.2197
0,252,1,0,4372,1464,295,6320.2027
0,253,3,2,3102,1230,245,3642.1397
0,254,1,0,4208,1628,247,6010.2197
0,255,1,0,4325,1511,295,6486.2537
0,256,1,2,3365,967,194,3360.1027
0,257,1,0,4109,1727,346,6602.2397
0,258,1,2,3176,1156,194,4027.8397
0,259,1,1,620,14,2,0.2197
0,260,1,1,620,14,2,0.2197
0,261,3,1,620,14,2,0.2197
0,262,3,0,4374,1462,293,6320.2027
0,263,1,1,620,14,2,0.2197
0,264,1,2,3365,967,194,3360.1027
0,265,1,2,3102,1230,245,3642.1397
0,266,1,1,620,14,2,0.2197
0,267,3,0,4324,1512,293,6496.8527
0,268,1,2,3365,967,194,3360.1027
0,269,1,2,3100,1232,247,3642.1397
0,270,3,2,3365,967,194,3360.1027
0,271,1,1,620,14,2,0.2197
0,272,1,0,4374,1462,293,6320.2027
0,273,1,1,620,14,2,0.2197
0,274,3,1,620,14,2,0.2197
0,275,1,2,3365,967,194,3360.1027
0,276,1,0,4335,1501,293,6457.9897
0,277,3,2,3102,1230,245,3642.1397
0,278,3,0,4109,1727,346,6602.2397
0,279,1,1,620,14,2,0.2197
0,280,1,2,3365,967,194,3360.1027
0,281,3,2,3365,967,194,3360.1027
0,282,1,2,3100,1232,247,3642.1397
0,283,1,1,620,14,2,0.2197
0,284,1,2,3265,1067,194,3713.4027
0,285,3,0,4341,1495,295,6429.7257
0,286,1,2,3102,1230,245,3642.1397
0,287,1,0,4374,1462,293,6320.2027
0,288,1,0,4372,1464,295,6320.2027
0,289,1,2,3102,1230,245,3642.1397
0,290,3,1,620,14,2,0.2197
0,291,1,1,620,14,2,0.2197
0,292,1,2,3365,967,194,3360.1027
0,293,1,1,620,14,2,0.2197
0,294,3,0,4374,1462,293,6320.2027
0,295,1,2,3102,1230,245,3642.1397
0,296,1,0,4208,1628,247,6010.2197
0,297,3,0,4305,1531,293,6563.9797
0,298,1,0,4208,1628,247,6010.2197
0,299,3,0,4240,1596,293,6793.6247
0,300,1,0,4109,1727,346,6602.2397
0,301,1,0,4208,1628,247,6010.2197
0,302,3,2,2925,1407,247,4166.2647
0,303,1,2,3102,1230,245,3642.1397
0,304,1,2,3097,1235,247,3642.20561
0,305,1,0,4365,1471,293,6351.9997
0,306,1,1,620,14,2,0.2197
0,307,1,2,3364,968,194,3360.1027
0,308,3,1,620,14,2,0.2197
0,309,1,0,4364,1472,293,6320.4224
0,310,1,0,4208,1628,247,6010.2197
0,311,1,1,620,14,2,0.2197
0,312,1,0,4185,1651,295,6980.8737
0,313,1,1,620,14,2,0.2197
0,314,1,2,3243,1089,194,3791.1287
0,315,1,2,3100,1232,247,3642.1397
0,316,1,2,3100,1232,247,3642.1397
0,317,1,1,620,14,2,0.2197
0,318,1,0,4109,1727,346,6602.2397
0,319,1,1,620,14,2,0.2197
0,320,1,0,4372,1464,295,6320.2027
0,321,1,2,3365,967,194,3360.1027
0,322,3,0,4208,1628,247,6010.2197
0,323,1,2,3092,1240,245,3642.3594
0,324,1,1,620,14,2,0.2197
0,325,1,1,620,14,2,0.2197
0,326,1,1,620,14,2,0.2197
0,327,3,0,4374,1462,293,6320.2027
0,328,1,2,3365,967,194,3360.1027
0,329,1,1,620,14,2,0.2197
0,330,1,2,3142,1190,196,4140.8957
0,331,1,0,4322,1514,295,6496.8527
0,332,1,2,3102,1230,245,3642.1397
0,333,1,0,4109,1727,346,6602.2397
0,334,1,0,4107,1729,348,6602.2397
0,335,3,0,4169,1667,295,7037.4017
0,336,1,1,620,14,2,0.2197
0,337,1,1,620,14,2,0.2197
0,338,1,2,3365,967,194,3360.1027
0,339,1,1,620,14,2,0.2197
0,340,1,1,620,14,2,0.2197
0,341,1,0,4374,1462,293,6320.2027
0,342,1,2,3365,967,194,3360.1027
0,343,1,1,620,14,2,0.2197
0,344,1,0,4374,1462,293,6320.2027
0,345,1,1,620,14,2,0.2197
0,346,3,1,620,14,2,0.2197
0,347,1,0,4285,1551,293,6634.6397
0,348,3,1,620,14,2,0.2197
0,349,3,0,4208,1628,247,6010.2197
0,350,1,2,3208,1124,194,3914.7837
0,351,3,0,4206,1630,249,6010.2197
0,352,1,0,4277,1559,293,6662.9037
0,353,1,2,3092,1240,249,3642.1397
0,354,1,2,3102,1230,245,3642.1397
0,355,3,2,3100,1232,247,3642.1397
0,356,1,1,620,14,2,0.2197
0,357,3,0,4178,1658,293,7012.6707
0,358,3,0,4107,1729,348,6602.2397
0,359,1,0,4107,1729,348,6602.2397
0,360,1,2,3289,1043,194,3628.6107
0,361,3,0,4109,1727,346,6602.2397
0,362,1,2,3073,1259,194,4391.7387
0,363,1,1,522,112,4,0.4394
0,364,1,1,620,14,2,0.2197
0,365,1,1,620,14,2,0.2197
0,366,1,0,4374,1462,293,6320.2027
0,367,1,2,3250,1082,194,3766.3977
0,368,1,1,620,14,2,0.2197
0,369,1,0,4204,1632,251,6010.2197
0,370,1,2,3049,1283,245,3800.8747
0,371,1,1,613,21,2,0.37349
0,372,3,0,4280,1556,295,6645.2387
0,373,1,2,3100,1232,247,3642.1397
0,374,1,2,3100,1232,247,3642.1397
0,375,1,2,3098,1234,249,3642.1397
0,376,1,2,3162,1170,194,4077.3017
0,377,1,1,620,14,2,0.2197
0,378,1,0,4109,1727,346,6602.2397
0,379,1,2,3365,967,194,3360.1027
0,380,1,0,4235,1601,293,6811.2897
0,381,1,0,4208,1628,247,6010.2197
0,382,3,0,4109,1727,346,6602.2397
0,383,1,1,620,14,2,0.2197
0,384,1,1,620,14,2,0.2197
0,385,1,2,3365,967,194,3360.1027
0,386,1,2,3365,967,194,3360.1027
0,387,3,0,4208,1628,247,6010.2197
0,388,1,2,3365,967,194,3360.1027
0,389,1,0,4372,1464,295,6320.2027
0,390,1,2,3102,1230,245,3642.1397
0,391,1,0,4287,1549,295,6620.5077
0,392,1,1,620,14,2,0.2197
0,393,1,1,620,14,2,0.2197
0,394,3,2,3102,1230,245,3642.1397
0,395,1,1,620,14,2,0.2197
0,396,1,0,4374,1462,293,6320.2027
0,397,1,2,3287,1045,194,3635.6767
0,398,1,0,4109,1727,346,6602.2397
0,399,1,0,4295,1541,295,6592.2437
0,400,1,0,4372,1464,295,6320.2027
0,401,1,1,620,14,2,0.2197
0,402,3,2,3365,967,194,3360.1027
0,403,1,0,4374,1462,293,6320.2027
0,404,1,1,620,14,2,0.2197
0,405,1,1,620,14,2,0.2197
0,406,3,2,3365,967,194,3360.1027
0,407,1,0,4374,1462,293,6320.2027
0,408,1,1,620,14,2,0.2197
0,409,3,2,3102,1230,245,3642.1397
0,410,1,2,3208,1124,194,3914.7837
0,411,1,1,620,14,2,0.2197
0,412,3,2,3292,1040,194,3618.0117
0,413,1,2,3102,1230,245,3642.1397
0,414,1,2,3100,1232,247,3642.1397
0,415,1,1,620,14,2,0.2197
0,416,1,2,3238,1094,194,3801.77164
0,417,1,2,3169,1163,194,4052.5707
0,418,1,2,3102,1230,245,3642.1397
0,419,1,2,3100,1232,247,3642.1397
0,420,1,1,620,14,2,0.2197
0,421,1,1,620,14,2,0.2197
0,422,1,0,4204,1632,293,6920.8127
0,423,3,1,620,14,2,0.2197
0,424,1,2,3365,967,194,3360.1027
0,425,1,2,3014,1318,245,3905.6997
0,426,1,0,4360,1476,295,6365.0457
0,427,3,2,3045,1287,245,3812.8547
0,428,1,0,4278,1558,293,6659.3707
0,429,1,0,4242,1594,295,6779.4927
0,430,1,0,4109,1727,346,6602.2397
0,431,3,1,620,14,2,0.2197
0,432,1,1,620,14,2,0.2197
0,433,1,2,3365,967,194,3360.1027
0,434,1,1,620,14,2,0.2197
0,435,1,0,4374,1462,293,6320.2027
0,436,1,1,620,14,2,0.2197
0,437,1,1,620,14,2,0.2197
0,438,1,2,3365,967,194,3360.1027
0,439,1,0,4374,1462,293,6320.2027
0,440,1,0,4208,1628,247,6010.2197
0,441,1,1,620,14,2,0.2197
0,442,1,1,620,14,2,0.2197
0,443,1,2,3365,967,194,3360.1027
0,444,1,0,4374,1462,293,6320.2027
0,445,1,1,620,14,2,0.2197
0,446,1,2,3102,1230,245,3642.1397
0,447,3,2,3097,1235,247,3642.20561
0,448,1,1,615,19,2,0.32955
0,449,1,2,3100,1232,247,3642.1397
0,450,3,2,3102,1230,245,3642.1397
0,451,1,2,3098,1234,247,3642.18364
0,452,3,1,620,14,2,0.2197
0,453,1,1,620,14,2,0.2197
0,454,1,1,620,14,2,0.2197
0,455,3,2,3365,967,194,3360.1027
0,456,1,2,3047,1285,247,3800.8747
0,457,3,0,4266,1570,293,6701.7667
0,458,1,1,620,14,2,0.2197
0,459,3,1,620,14,2,0.2197
0,460,1,1,620,14,2,0.2197
0,461,3,2,3100,1232,247,3642.1397
0,462,1,0,4208,1628,247,6010.2197
0,463,1,0,4374,1462,293,6320.2027
0,464,1,2,3365,967,194,3360.1027
0,465,1,0,4109,1727,346,6602.2397
0,466,1,1,620,14,2,0.2197
0,467,1,0,4357,1479,293,6380.2637
0,468,1,0,4372,1464,295,6320.2027
0,469,1,2,3102,1230,245,3642.1397
0,470,3,2,3100,1232,247,3642.1397
0,471,1,0,4109,1727,346,6602.2397
0,472,1,1,620,14,2,0.2197
0,473,1,0,4374,1462,293,6320.2027
0,474,3,1,620,14,2,0.2197
0,475,1,2,3365,967,194,3360.1027
0,476,1,0,4369,1467,295,6320.2027
0,477,1,0,4067,1769,346,6835.52561
0,478,1,2,2922,1410,249,3642.1397
0,479,1,0,4102,1734,348,6632.1397
0,480,1,2,3102,1230,245,3642.1397
0,481,1,2,3098,1234,247,3642.18364
0,482,1,2,3102,1230,245,3642.1397
0,483,1,2,3100,1232,247,3642.1397
0,484,1,1,620,14,2,0.2197
0,485,1,2,3365,967,194,3360.1027
0,486,1,2,3365,967,194,3360.1027
0,487,3,2,3059,1273,247,3764.9347
0,488,1,0,4109,1727,346,6602.2397
0,489,1,1,620,14,2,0.2197
0,490,1,0,4374,1462,293,6320.2027
0,491,1,1,620,14,2,0.2197
0,492,1,1,620,14,2,0.2197
0,493,3,0,4374,1462,293,6320.2027
0,494,3,1,620,14,2,0.2197
0,495,1,0,4343,1493,293,6429.7257
0,496,1,2,3343,989,196,3416.6307
0,497,1,1,620,14,2,0.2197
0,498,1,0,4208,1628,247,6010.2197
0,499,1,0,4206,1630,249,6010.2197
0,500,3,0,4161,1675,295,7065.6657
0,501,1,1,620,14,2,0.2197
0,502,1,0,4208,1628,247,6010.2197
0,503,1,2,3102,1230,245,3642.1397
0,504,1,2,3100,1232,247,3642.1397
0,505,1,2,3102,1230,245,3642.1397
0,506,3,2,3228,1104,196,3837.0577
0,507,1,1,620,14,2,0.2197
0,508,1,1,613,21,4,0.2197
0,509,1,0,4109,1727,346,6602.2397
0,510,1,2,3202,1130,194,3935.9817
0,511,1,2,2996,1336,245,3959.6097
0,512,1,1,610,24,2,0.4394
0,513,1,0,4274,1562,295,6666.4367
0,514,1,0,4208,1628,247,6010.2197
0,515,1,0,4206,1630,249,6010.2197
0,516,1,0,4208,1628,247,6010.2197
0,517,1,0,4206,1630,249,6010.2197
0,518,1,2,3102,1230,245,3642.1397
0,519,3,0,4372,1464,295,6320.2027
0,520,3,0,4109,1727,346,6602.2397
0,521,1,0,4281,1555,295,6641.7057
0,522,1,2,3102,1230,245,3642.1397
0,523,3,2,3365,967,194,3360.1027
0,524,1,1,620,14,2,0.2197
0,525,1,1,614,20,2,0.35152
0,526,1,2,3365,967,194,3360.1027
0,527,1,2,3292,1040,194,3618.0117
0,528,1,0,4208,1628,247,6010.2197
0,529,1,2,3102,1230,245,3642.1397
0,530,1,0,4109,1727,346,6602.2397
0,531,1,1,620,14,2,0.2197
0,532,1,0,4272,1564,295,6673.5027
0,533,1,1,620,14,2,0.2197
0,534,1,0,4243,1593,293,6783.0257
0,535,1,2,3100,1232,247,3642.1397
0,536,3,0,4107,1729,348,6602.2397
0,537,3,2,3100,1232,247,3642.1397
0,538,1,1,620,14,2,0.2197
0,539,1,1,620,14,2,0.2197
0,540,1,1,620,14,2,0.2197
0,541,1,2,3365,967,194,3360.1027
0,542,1,0,4374,1462,293,6320.2027
0,543,1,0,4208,1628,247,6010.2197
0,544,1,1,620,14,2,0.2197
0,545,1,1,620,14,2,0.2197
0,546,1,0,4374,1462,293,6320.2027
0,547,3,2,3365,967,194,3360.1027
0,548,1,2,3102,1230,245,3642.1397
0,549,1,0,4350,1486,293,6404.9947
0,550,1,2,3102,1230,245,3642.1397
0,551,1,1,620,14,2,0.2197
0,552,3,0,4285,1551,293,6634.6397
0,553,3,2,3100,1232,247,3642.1397
0,554,1,0,4107,1729,348,6602.2397
0,555,1,0,4201,1635,293,6931.4117
0,556,3,1,620,14,2,0.2197
0,557,1,1,620,14,2,0.2197
0,558,3,1,620,14,2,0.2197
0,559,1,0,4374,1462,293,6320.2027
0,560,1,1,620,14,2,0.2197
0,561,1,2,3365,967,194,3360.1027
0,562,1,0,4210,1626,293,6899.6147
0,563,1,1,620,14,2,0.2197
0,564,1,2,3096,1236,245,3642.27152
0,565,1,0,4107,1729,348,6602.2397
0,566,1,1,620,14,2,0.2197
0,567,3,2,3246,1086,194,3780.5297
0,568,3,2,3158,1174,194,4091.4337
0,569,1,2,3102,1230,245,3642.1397
0,570,1,1,620,14,2,0.2197
0,571,1,1,618,16,2,0.26364
0,572,3,1,620,14,2,0.2197
0,573,1,0,4107,1729,348,6602.2397
0,574,1,2,3094,1238,247,3642.27152
0,575,1,0,4178,1658,293,7012.6707
0,576,1,0,4107,1729,348,6602.2397
0,577,1,0,4372,1464,295,6320.2027
0,578,3,1,620,14,2,0.2197
0,579,3,2,3365,967,194,3360.1027
0,580,3,0,4374,1462,293,6320.2027
0,581,1,2,3365,967,194,3360.1027
0,582,1,0,4208,1628,247,6010.2197
0,583,3,2,3005,1327,247,3926.6647
0,584,1,0,4279,1557,295,6648.7717
0,585,1,0,4109,1727,346,6602.2397
0,586,1,0,4374,1462,293,6320.2027
0,587,1,0,4109,1727,346,6602.2397
0,588,1,1,620,14,2,0.2197
0,589,1,0,4372,1464,295,6320.2027
0,590,1,2,3365,967,194,3360.1027
0,591,3,0,4107,1729,348,6602.2397
0,592,3,2,3100,1232,247,3642.1397
0,593,1,2,3102,1230,245,3642.1397
0,594,1,2,3178,1154,194,4020.7737
0,595,1,1,620,14,2,0.2197
0,596,3,1,620,14,2,0.2197
0,597,1,2,3365,967,194,3360.1027
0,598,1,0,4208,1628,247,6010.2197
0,599,1,0,4372,1464,295,6320.2027
0,600,1,1,620,14,2,0.2197
0,601,1,0,4208,1628,247,6010.2197
0,602,1,1,620,14,2,0.2197
0,603,1,2,3238,1094,194,3808.7937
0,604,1,1,620,14,2,0.2197
0,605,1,2,3102,1230,245,3642.1397
0,606,1,1,620,14,2,0.2197
0,607,1,1,620,14,2,0.2197
0,608,1,1,620,14,2,0.2197
0,609,1,0,4374,1462,293,6320.2027
0,610,1,0,4374,1462,293,6320.2027
0,611,1,1,620,14,2,0.2197
0,612,1,2,3095,1237,245,3642.29349
0,613,1,1,620,14,2,0.2197
0,614,3,1,620,14,2,0.2197
0,615,1,0,4374,1462,293,6320.2027
0,616,1,1,620,14,2,0.2197
0,617,3,0,4374,1462,293,6320.2027
0,618,1,0,4109,1727,346,6602.2397
0,619,1,1,620,14,2,0.2197
0,620,1,2,3365,967,194,3360.1027
0,621,3,2,3050,1282,245,3797.8797
0,622,3,1,620,14,2,0.2197
0,623,1,0,4244,1592,293,6744.3824
0,624,1,0,4208,1628,247,6010.2197
0,625,3,0,4171,1665,293,7037.4017
0,626,1,1,620,14,2,0.2197
0,627,3,1,620,14,2,0.2197
0,628,1,0,4231,1605,293,6825.4217
0,629,1,1,620,14,2,0.2197
0,630,3,2,3102,1230,245,3642.1397
0,631,1,1,620,14,2,0.2197
0,632,1,0,4374,1462,293,6320.2027
0,633,1,0,4372,1464,295,6320.2027
0,634,1,1,620,14,2,0.2197
0,635,1,0,4208,1628,247,6010.2197
0,636,1,0,4206,1630,249,6010.2197
0,637,1,0,4206,1630,249,6010.2197
0,638,1,2,3365,967,194,3360.1027
0,639,1,2,3365,967,194,3360.1027
0,640,1,2,3100,1232,247,3642.1397
0,641,3,1,620,14,2,0.2197
0,642,1,1,620,14,2,0.2197
0,643,1,2,3100,1232,247,3642.1397
0,644,1,0,4208,1628,247,6010.2197
0,645,1,2,3185,1147,194,3996.0427
0,646,3,2,3189,1143,194,3981.9107
0,647,1,0,4374,1462,293,6320.2027
0,648,1,0,4208,1628,247,6010.2197
0,649,3,1,620,14,2,0.2197
0,650,1,1,620,14,2,0.2197
0,651,1,1,620,14,2,0.2197
0,652,3,0,4374,1462,293,6320.2027
0,653,1,0,4374,1462,293,6320.2027
0,654,1,0,4109,1727,346,6602.2397
0,655,3,2,3092,1240,245,3672.0897
0,656,1,0,4185,1651,295,6973.85164
0,657,1,0,4208,1628,247,6010.2197
0,658,1,1,620,14,2,0.2197
0,659,1,1,620,14,2,0.2197
0,660,1,2,3334,998,194,3469.6257
0,661,1,1,620,14,2,0.2197
0,662,1,1,620,14,2,0.2197
0,663,3,0,4374,1462,293,6320.2027
0,664,1,0,4286,1550,295,6624.0407
0,665,1,2,3102,1230,245,3642.1397
0,666,3,1,620,14,2,0.2197
0,667,1,2,3365,967,194,3360.1027
0,668,1,1,620,14,2,0.2197
0,669,1,2,3365,967,194,3360.1027
0,670,3,2,3365,967,194,3360.1027
0,671,1,2,3102,1230,245,3642.1397
0,672,1,2,3100,1232,247,3642.1397
0,673,1,1,620,14,2,0.2197
0,674,1,1,620,14,2,0.2197
0,675,1,0,4320,1516,293,6510.9847
0,676,1,0,4109,1727,346,6602.2397
0,677,1,2,3102,1230,245,3642.1397
0,678,1,2,3155,1177,194,4102.0327
0,679,1,1,620,14,2,0.2197
0,680,1,0,4109,1727,346,6602.2397
0,681,1,2,3280,1052,194,3660.4077
0,682,1,0,4300,1536,293,6581.6447
0,683,1,2,3100,1232,247,3642.1397
0,684,3,2,3100,1232,247,3642.1397
0,685,3,1,620,14,2,0.2197
0,686,1,1,618,16,4,0.2197
0,687,3,2,3365,967,194,3360.1027
0,688,1,1,620,14,2,0.2197
0,689,1,1,620,14,2,0.2197
0,690,1,2,3365,967,194,3360.1027
0,691,1,2,3102,1230,245,3642.1397
0,692,1,0,4374,1462,293,6320.2027
0,693,1,1,620,14,2,0.2197
0,694,1,2,3365,967,194,3360.1027
0,695,1,0,4208,1628,247,6010.2197
0,696,1,2,3100,1232,247,3642.1397
0,697,1,0,4350,1486,293,6404.9947
0,698,3,0,4109,1727,346,6602.2397
0,699,3,2,3100,1232,247,3642.1397
0,700,3,1,620,14,2,0.2197
0,701,1,1,620,14,2,0.2197
0,702,1,0,4372,1464,295,6320.2027
0,703,3,2,3169,1163,194,4052.5707
0,704,1,2,3100,1232,247,3642.1397
0,705,1,0,4109,1727,346,6602.2397
0,706,1,0,4265,1571,295,6698.2337
0,707,1,0,4372,1464,295,6320.2027
0,708,1,1,620,14,2,0.2197
0,709,1,1,620,14,2,0.2197
0,710,1,1,620,14,2,0.2197
0,711,1,1,620,14,2,0.2197
0,712,3,1,620,14,2,0.2197
0,713,1,2,3363,969,196,3360.1027
0,714,3,1,620,14,2,0.2197
0,715,1,2,3365,967,194,3360.1027
0,716,1,1,620,14,2,0.2197
0,717,1,0,4208,1628,247,6010.2197
0,718,1,0,4206,1630,249,6010.2197
0,719,3,0,4206,1630,249,6010.2197
0,720,1,2,3102,1230,245,3642.1397
0,721,1,1,610,24,2,0.4394
0,722,1,1,608,26,2,0.48334
0,723,1,1,620,14,2,0.2197
0,724,1,1,620,14,2,0.2197
0,725,3,0,4374,1462,293,6320.2027
0,726,1,1,620,14,2,0.2197
0,727,1,2,3365,967,194,3360.1027
0,728,1,1,620,14,2,0.2197
0,729,1,1,620,14,2,0.2197
0,730,1,0,4342,1494,293,6433.2587
0,731,1,1,620,14,2,0.2197
0,732,1,0,4208,1628,247,6010.2197
0,733,1,1,620,14,2,0.2197
0,734,3,1,620,14,2,0.2197
0,735,3,1,620,14,2,0.2197
0,736,1,2,3365,967,194,3360.1027
0,737,3,1,620,14,2,0.2197
0,738,3,2,3365,967,194,3360.1027
0,739,1,0,3686,2150,251,6010.2197
0,740,1,0,3706,2130,350,7319.8397
0,741,1,0,3816,2020,350,7714.5197
0,742,1,2,2323,2009,249,3642.20561
0,743,1,0,4000,1836,350,7062.6997
0,744,1,1,620,14,2,0.2197
0,745,1,0,4083,1753,350,6620.1797
0,746,1,0,4086,1750,350,6620.33349
0,747,1,1,620,14,2,0.2197
0,748,3,1,620,14,2,0.2197
0,749,3,0,4364,1472,293,6380.0027
0,750,1,0,4235,1601,295,7139.4627
0,751,1,2,3100,1232,247,3642.1397
0,752,1,1,-289,923,4,0.2197
0,753,1,0,4097,1739,346,6620.34152
0,754,1,2,3005,1327,247,3926.6647
0,755,1,1,-195,829,4,0.2197
0,756,1,1,266,368,4,0.2197
0,757,3,0,4374,1462,293,6320.2027
0,758,1,1,473,161,4,0.2197
0,759,1,2,3361,971,196,3360.14664
0,760,1,0,4208,1628,247,6010.2197
0,761,3,1,620,14,2,0.2197
0,762,1,0,4248,1588,293,6765.3607
0,763,1,0,4374,1462,293,6320.2027
0,764,3,0,4208,1628,247,6010.2197
0,765,3,0,4109,1727,346,6602.2397
0,766,3,2,3365,967,194,3360.1027
0,767,3,1,620,14,2,0.2197
0,768,1,1,620,14,2,0.2197
0,769,3,1,620,14,2,0.2197
0,770,1,1,620,14,2,0.2197
0,771,1,1,620,14,2,0.2197
0,772,1,1,620,14,2,0.2197
0,773,1,0,4374,1462,293,6320.2027
0,774,1,0,4372,1464,295,6320.2027
0,775,1,1,620,14,2,0.2197
0,776,1,2,3102,1230,245,3642.1397
0,777,1,0,4232,1604,293,6821.8887
0,778,1,0,4208,1628,247,6010.2197
0,779,1,2,3102,1230,245,3642.1397
0,780,1,2,3102,1230,245,3642.1397
0,781,1,0,4372,1464,295,6320.2027
0,782,1,0,4208,1628,247,6010.2197
0,783,3,1,620,14,2,0.2197
0,784,1,0,4374,1462,293,6320.2027
0,785,1,2,3102,1230,245,3642.1397
0,786,1,1,620,14,2,0.2197
0,787,1,0,4267,1569,293,6698.2337
0,788,1,1,620,14,2,0.2197
0,789,1,0,4374,1462,293,6320.2027
0,790,1,2,3365,967,194,3360.1027
0,791,1,2,3365,967,194,3360.1027
0,792,1,2,3193,1139,194,3967.7787
0,793,1,0,4208,1628,247,6010.2197
0,794,1,0,4208,1628,247,6010.2197
0,795,3,0,4206,1630,249,6010.2197
0,796,1,2,3102,1230,245,3642.1397
0,797,1,0,4374,1462,293,6320.2027
0,798,1,1,620,14,2,0.2197
0,799,1,2,3359,973,194,3360.23452
0,800,1,2,3102,1230,245,3642.1397
0,801,1,1,620,14,2,0.2197
0,802,1,1,620,14,2,0.2197
0,803,1,0,4370,1466,293,6334.3347
0,804,3,1,620,14,2,0.2197
0,805,3,2,3214,1118,194,3893.5857
0,806,1,1,620,14,2,0.2197
0,807,3,2,3100,1232,247,3642.1397
0,808,1,1,620,14,2,0.2197
0,809,1,0,4374,1462,293,6320.2027
0,810,1,2,3365,967,194,3360.1027
0,811,1,2,3182,1150,194,4006.6417
0,812,3,1,620,14,2,0.2197
0,813,1,2,3181,1151,194,4010.1747
0,814,1,0,4208,1628,247,6010.2197
0,815,1,0,4206,1630,249,6010.2197
0,816,1,2,3060,1272,245,3767.9297
0,817,1,0,4302,1534,295,6567.5127
0,818,1,2,3098,1234,247,3642.18364
0,819,1,2,3237,1095,194,3812.3267
0,820,1,1,620,14,2,0.2197
0,821,1,1,620,14,2,0.2197
0,822,1,1,620,14,2,0.2197
0,823,3,2,3100,1232,247,3642.1397
0,824,1,1,620,14,2,0.2197
0,825,1,2,3184,1148,194,3999.5757
0,826,3,2,3100,1232,247,3642.1397
0,827,1,1,620,14,2,0.2197
0,828,1,0,4374,1462,293,6320.2027
0,829,1,0,4208,1628,247,6010.2197
0,830,1,0,4325,1511,293,6493.3197
0,831,1,0,4372,1464,295,6320.2027
0,832,1,2,3100,1232,247,3642.1397
0,833,3,2,3100,1232,247,3642.1397
0,834,1,2,3330,1002,194,3483.7577
0,835,1,1,620,14,2,0.2197
0,836,1,2,3204,1128,194,3928.9157
0,837,1,1,614,20,2,0.35152
0,838,1,2,3100,1232,247,3642.1397
0,839,3,2,3280,1052,194,3660.4077
0,840,1,2,3102,1230,245,3642.1397
0,841,1,0,4345,1491,293,6422.6597
0,842,1,1,620,14,2,0.2197
0,843,1,2,3100,1232,247,3642.1397
0,844,3,2,3102,1230,245,3642.1397
0,845,3,2,3365,967,194,3360.1027
0,846,1,2,3365,967,194,3360.1027
0,847,3,2,2688,1644,249,3642.1397
0,848,1,2,2750,1582,249,3642.1397
0,849,1,0,3999,1837,346,7260.0397
0,850,1,2,2906,1426,249,3824.8347
0,851,1,0,4217,1619,295,6899.6287
0,852,1,1,620,14,2,0.2197
0,853,1,2,3074,1258,249,3642.1397
0,854,3,2,3365,967,194,3360.1027
0,855,3,0,4097,1739,348,6602.4594
0,856,1,2,3100,1232,247,3642.1397
0,857,1,1,620,14,2,0.2197
0,858,3,0,4107,1729,348,6602.2397
0,859,1,2,2832,1500,245,4450.7897
0,860,1,0,4054,1782,295,7443.6967
0,861,3,2,2879,1453,247,4274.3044
0,862,1,0,4243,1593,293,6783.0257
0,863,3,0,4234,1602,293,6814.8227
0,864,1,1,620,14,2,0.2197
0,865,3,2,3365,967,194,3360.1027
0,866,1,2,3100,1232,247,3642.1397
0,867,1,2,3100,1232,247,3642.1397
0,868,1,0,4109,1727,346,6602.2397
0,869,1,0,4292,1544,295,6602.8427
0,870,1,1,620,14,2,0.2197
0,871,1,1,620,14,2,0.2197
0,872,1,0,4374,1462,293,6320.2027
0,873,1,1,620,14,2,0.2197
0,874,1,0,4208,1628,247,6010.2197
0,875,1,1,620,14,2,0.2197
0,876,1,2,3303,1029,194,3579.1487
0,877,1,2,3102,1230,245,3642.1397
0,878,3,0,4109,1727,346,6602.2397
0,879,1,2,3365,967,194,3360.1027
0,880,1,1,620,14,2,0.2197
0,881,1,0,4350,1486,295,6397.9287
0,882,1,2,3102,1230,245,3642.1397
0,883,1,0,4097,1739,348,6602.4594
0,884,1,2,3102,1230,245,3642.1397
0,885,1,0,4109,1727,346,6602.2397
0,886,1,1,620,14,2,0.2197
0,887,1,2,3365,967,194,3360.1027
0,888,1,0,4206,1630,249,6010.2197
0,889,1,0,4353,1483,295,6387.3297
0,890,1,1,620,14,2,0.2197
0,891,1,2,3100,1232,247,3642.1397
0,892,1,0,4109,1727,346,6602.2397
0,893,1,0,4107,1729,348,6602.2397
0,894,1,0,4257,1579,295,6726.4977
0,895,1,1,620,14,2,0.2197
0,896,1,0,4314,1522,295,6525.1167
0,897,1,0,4109,1727,346,6602.2397
0,898,1,1,620,14,2,0.2197
0,899,1,1,620,14,2,0.2197
0,900,1,2,3365,967,194,3360.1027
0,901,3,0,4367,1469,293,6320.35649
0,902,1,2,3102,1230,245,3642.1397
0,903,1,2,3166,1166,194,4063.1697
0,904,3,2,3365,967,194,3360.1027
0,905,3,0,4109,1727,346,6602.2397
0,906,1,0,4107,1729,348,6602.2397
0,907,1,1,620,14,2,0.2197
0,908,1,1,620,14,2,0.2197
0,909,1,1,620,14,2,0.2197
0,910,1,2,3102,1230,245,3642.1397
0,911,1,0,4372,1464,295,6320.2027
0,912,3,1,620,14,2,0.2197
0,913,1,2,3365,967,194,3360.1027
0,914,1,0,4109,1727,346,6602.2397
0,915,1,1,620,14,2,0.2197
0,916,1,0,4276,1560,295,6659.3707
0,917,1,0,4107,1729,348,6602.2397
0,918,1,1,620,14,2,0.2197
0,919,1,1,620,14,2,0.2197
0,920,1,1,620,14,2,0.2197
0,921,1,1,620,14,2,0.2197
0,922,3,0,4374,1462,293,6320.2027
0,923,1,1,620,14,2,0.2197
0,924,1,0,4374,1462,293,6320.2027
0,925,3,2,3102,1230,245,3642.1397
0,926,1,0,4186,1650,297,6927.8787
0,927,1,0,4206,1630,249,6010.2197
0,928,3,0,4206,1630,249,6010.2197
0,929,1,0,4222,1614,295,6850.1527
0,930,1,2,3100,1232,247,3642.1397
0,931,1,2,3100,1232,247,3642.1397
0,932,1,2,3100,1232,247,3642.1397
0,933,1,2,3100,1232,247,3642.1397
0,934,1,2,3322,1010,194,3512.0217
0,935,1,0,4374,1462,293,6320.2027
0,936,1,1,583,51,4,0.37349
0,937,1,1,598,36,4,0.32955
0,938,1,0,4374,1462,293,6320.2027
0,939,1,0,4374,1462,293,6320.2027
0,940,3,0,4372,1464,295,6320.2027
0,941,1,2,3097,1235,247,3642.20561
0,942,1,1,620,14,2,0.2197
0,943,3,0,4109,1727,346,6602.2397
0,944,1,0,4109,1727,346,6602.2397
0,945,1,0,4372,1464,295,6320.2027
0,946,1,2,3231,1101,194,3833.5247
0,947,3,0,4109,1727,346,6602.2397
0,948,1,1,620,14,2,0.2197
0,949,1,2,3170,1162,194,4049.0377
0,950,3,2,3237,1095,194,3812.3267
0,951,1,0,4208,1628,247,6010.2197
0,952,1,2,3100,1232,247,3642.1397
0,953,3,1,620,14,2,0.2197
0,954,3,2,3365,967,194,3360.1027
0,955,1,1,620,14,2,0.2197
0,956,1,0,4102,1734,297,6320.2027
0,957,3,2,3014,1318,249,3642.1397
0,958,1,2,3085,1247,249,3642.1397
0,959,1,2,3091,1241,249,3642.18364
0,960,1,2,3100,1232,247,3642.1397
0,961,1,0,3014,2822,297,6673.5027
0,962,1,0,3015,2821,350,6632.20561
0,963,1,2,1599,2733,196,3992.5097
0,964,1,2,1836,2496,249,3642.1397
0,965,1,2,1856,2476,249,3642.1397
0,966,1,0,3463,2373,350,7491.7047
0,967,1,0,3502,2334,297,9167.9687
0,968,3,0,3586,2250,346,8867.1147
0,969,1,0,3598,2238,295,9810.8677
0,970,3,2,2661,1671,249,3642.1397
0,971,1,0,3842,1994,346,8163.15152
0,972,1,0,3862,1974,346,7362.8997
0,973,1,2,2903,1429,249,4028.4947
0,974,1,2,2837,1495,247,4429.8247
0,975,1,2,2909,1423,194,4971.1507
0,976,1,0,4090,1746,350,6653.15864
0,977,1,1,41,593,4,0.2197
0,978,3,1,46,588,4,0.26364
0,979,1,0,3619,2217,297,6320.2027
0,980,1,0,3676,2160,350,7535.2497
0,981,1,1,582,52,4,0.24167
0,982,3,0,3952,1884,295,8616.4667
0,983,3,0,3999,1837,293,8132.0307
0,984,1,0,4095,1741,348,6673.9997
0,985,1,2,3002,1330,249,3642.1397
0,986,3,2,3062,1270,249,3642.1397
0,987,1,2,3094,1238,249,3642.1397
0,988,3,0,4097,1739,348,6602.4594
0,989,3,2,3100,1232,247,3642.1397
0,990,1,0,3874,1962,346,7306.0647
0,991,3,0,4372,1464,295,6320.2027
0,992,1,2,3238,1094,194,3808.7937
0,993,1,1,261,373,4,0.2197
0,994,1,1,443,191,4,0.2197
0,995,3,2,3365,967,194,3360.1027
0,996,1,0,4374,1462,293,6320.2027
0,997,1,1,620,14,2,0.2197
0,998,3,1,620,14,2,0.2197
0,999,1,0,4226,1610,295,6836.0207
