CONFIGURATION:
{u'simulation': {u'stdev_factor': 0.01, u'power_mgmt_enabled': False, u'tasks': {u'loc': {u'mean_service_time': {u'gpu': 90, u'cpu_core': 200, u'loc_accel': 10}, u'priority': 1, u'deadline': 1000, u'stdev_service_time': {u'gpu': 0.9, u'cpu_core': 2.0, u'loc_accel': 0.1}, u'power': {u'gpu': 4.457, u'cpu_core': 6.133, u'loc_accel': 0.02197}}, u'detect': {u'mean_service_time': {u'gpu': 0.4607, u'cpu_core': 3.654, u'det_accel': 0.278}, u'priority': 2, u'deadline': 1000, u'stdev_service_time': {u'gpu': 0.004607, u'cpu_core': 0.03654, u'det_accel': 0.0027800000000000004}, u'power': {u'gpu': 90, u'cpu_core': 200, u'det_accel': 10}}, u'Frontier': {u'mean_service_time': {u'cpu_core': 396}, u'priority': 9, u'deadline': 1000, u'stdev_service_time': {u'cpu_core': 3.96}, u'power': {u'cpu_core': 5.98}}, u'track': {u'mean_service_time': {u'gpu': 17, u'tra_accel': 2, u'cpu_core': 1820}, u'priority': 3, u'deadline': 1000, u'stdev_service_time': {u'gpu': 0.17, u'tra_accel': 0.02, u'cpu_core': 18.2}, u'power': {u'gpu': 12.79, u'tra_accel': 0.59, u'cpu_core': 5.6}}, u'sp': {u'mean_service_time': {u'gpu': 379, u'cpu_core': 1004}, u'priority': 11, u'deadline': 1000, u'stdev_service_time': {u'gpu': 3.79, u'cpu_core': 10.040000000000001}, u'power': {u'gpu': 3.302, u'cpu_core': 1004}}, u'mission': {u'mean_service_time': {u'cpu_core': 0.0022}, u'priority': 5, u'deadline': 1000, u'stdev_service_time': {u'cpu_core': 2.2000000000000003e-05}, u'power': {u'cpu_core': 3.534}}, u'motion': {u'mean_service_time': {u'cpu_core': 8}, u'priority': 6, u'deadline': 1000, u'stdev_service_time': {u'cpu_core': 0.08}, u'power': {u'cpu_core': 4.222}}, u'collision': {u'mean_service_time': {u'cpu_core': 8}, u'priority': 7, u'deadline': 1000, u'stdev_service_time': {u'cpu_core': 0.08}, u'power': {u'cpu_core': 0}}, u'fusion': {u'mean_service_time': {u'cpu_core': 1}, u'priority': 4, u'deadline': 1000, u'stdev_service_time': {u'cpu_core': 0.01}, u'power': {u'cpu_core': 0}}, u'map': {u'mean_service_time': {u'gpu': 761, u'cpu_core': 973}, u'priority': 10, u'deadline': 1000, u'stdev_service_time': {u'gpu': 7.61, u'cpu_core': 9.73}, u'power': {u'gpu': 3.533, u'cpu_core': 2.995}}, u'path': {u'mean_service_time': {u'cpu_core': 8}, u'priority': 8, u'deadline': 1000, u'stdev_service_time': {u'cpu_core': 0.08}, u'power': {u'cpu_core': 0}}}, u'sched_policy_module': u'policies.heft', u'drop': True, u'servers': {u'gpu': {u'count': 2}, u'tra_accel': {u'count': 1}, u'cpu_core': {u'count': 8}, u'loc_accel': {u'count': 1}, u'det_accel': {u'count': 1}}, u'max_tasks_simulated': 10000, u'max_queue_size': 1000000, u'mean_arrival_time': 50, u'arrival_time_scale': 2.9}, u'general': {u'random_seed': 0, u'pre_gen_arrivals': False, u'basename': u'policy:heft__stdev_factor:0.01', u'output_trace_file': None, u'working_dir': u'/home/hiwot/meta-stomp2/sim_16042020_192013_new_arrival_50_map_rheftmapping_50_trace_20', u'input_trace_file': (False, '../mv_mapping_50_trace_20.trc'), u'logging_level': u'INFO'}}

/home/hiwot/meta-stomp2/sim_16042020_192013_new_arrival_50_map_rheftmapping_50_trace_20/../mv_mapping_50_trace_20.trc

Running STOMP simulation...
Dropped,DAG ID,DAG Priority,DAG Type,Slack,Response Time,No-Affinity Time,Energy
0,0,3,2,2339,967,194,3360.1027
0,1,1,0,2990,1464,295,6320.2027
0,2,1,2,2076,1230,245,3642.1397
0,3,1,2,2073,1233,247,3642.16167
0,4,1,2,2074,1232,247,3642.1397
0,5,1,2,2074,1232,247,3642.1397
0,6,1,1,470,14,2,0.2197
0,7,1,1,466,18,2,0.30758
0,8,1,1,470,14,2,0.2197
0,9,1,1,470,14,2,0.2197
0,10,1,2,2289,1017,194,3536.7527
0,11,3,1,470,14,2,0.2197
0,12,1,1,470,14,2,0.2197
0,13,1,1,470,14,2,0.2197
0,14,1,2,2339,967,194,3360.1027
0,15,1,1,470,14,2,0.2197
0,16,3,0,2809,1645,293,6966.7417
0,17,1,1,470,14,2,0.2197
0,18,1,2,2066,1240,249,3642.1397
0,19,1,0,2566,1888,251,6010.2197
0,20,1,0,2699,1755,297,6740.6297
0,21,1,0,2708,1746,350,6620.1797
0,22,3,2,1894,1412,196,4024.3067
0,23,1,2,2041,1265,249,3642.1397
0,24,1,0,2725,1729,348,6602.2397
0,25,3,2,2074,1232,247,3642.1397
0,26,3,0,2715,1739,348,6602.4594
0,27,3,1,459,25,4,0.2197
0,28,1,2,2018,1288,245,3815.8497
0,29,1,0,2898,1556,295,6645.2387
0,30,3,1,-151,635,4,0.2197
0,31,1,1,-96,580,4,0.2197
0,32,1,2,2021,1285,245,3806.8647
0,33,1,2,1945,1361,247,4028.4947
0,34,1,0,2946,1508,293,6447.6104
0,35,2,1,342,142,4,0.2197
0,36,3,0,2727,1727,346,6602.2397
0,37,1,2,2339,967,194,3360.1027
0,38,1,1,470,14,2,0.2197
0,39,1,1,470,14,2,0.2197
0,40,1,1,470,14,2,0.2197
0,41,1,1,470,14,2,0.2197
0,42,1,1,470,14,2,0.2197
0,43,1,1,470,14,2,0.2197
0,44,1,0,2992,1462,293,6320.2027
0,45,1,0,2990,1464,295,6320.2027
0,46,1,0,2826,1628,247,6010.2197
0,47,1,1,470,14,2,0.2197
0,48,1,0,2826,1628,247,6010.2197
0,49,1,2,2076,1230,245,3642.1397
0,50,1,1,470,14,2,0.2197
0,51,1,1,470,14,2,0.2197
0,52,1,2,2339,967,194,3360.1027
0,53,1,2,2209,1097,194,3819.3927
0,54,1,2,2074,1232,247,3642.1397
0,55,1,0,2727,1727,346,6602.2397
0,56,3,2,2074,1232,247,3642.1397
0,57,1,1,470,14,2,0.2197
0,58,1,0,2779,1675,295,7065.6657
0,59,3,1,470,14,2,0.2197
0,60,1,0,2990,1464,295,6320.2027
0,61,1,2,2076,1230,245,3642.1397
0,62,3,1,470,14,2,0.2197
0,63,1,2,2072,1234,247,3642.18364
0,64,1,2,2074,1232,247,3642.1397
0,65,1,2,2074,1232,247,3642.1397
0,66,1,2,2339,967,194,3360.1027
0,67,1,2,2339,967,194,3360.1027
0,68,1,0,2826,1628,247,6010.2197
0,69,1,0,2992,1462,293,6320.2027
0,70,3,2,2339,967,194,3360.1027
0,71,1,0,2826,1628,247,6010.2197
0,72,1,1,470,14,2,0.2197
0,73,1,1,470,14,2,0.2197
0,74,1,1,470,14,2,0.2197
0,75,1,2,2339,967,194,3360.1027
0,76,1,0,2798,1656,293,7005.6047
0,77,1,0,2826,1628,247,6010.2197
0,78,1,0,2826,1628,247,6010.2197
0,79,1,1,466,18,2,0.30758
0,80,1,1,470,14,2,0.2197
0,81,1,2,2076,1230,245,3642.1397
0,82,1,0,2725,1729,348,6602.2397
0,83,1,2,2076,1230,245,3642.1397
0,84,1,1,470,14,2,0.2197
0,85,1,2,2339,967,194,3360.1027
0,86,1,1,470,14,2,0.2197
0,87,3,0,2992,1462,293,6320.2027
0,88,1,1,470,14,2,0.2197
0,89,3,2,2076,1230,245,3642.1397
0,90,3,2,2074,1232,247,3642.1397
0,91,3,0,2727,1727,346,6602.2397
0,92,3,1,470,14,2,0.2197
0,93,3,0,2990,1464,295,6320.2027
0,94,1,1,470,14,2,0.2197
0,95,1,0,2992,1462,293,6320.2027
0,96,3,2,2076,1230,245,3642.1397
0,97,1,2,2076,1230,245,3642.1397
0,98,3,1,470,14,2,0.2197
0,99,1,0,2804,1650,293,6959.82949
0,100,1,2,2076,1230,245,3642.1397
0,101,1,2,2215,1091,194,3798.1947
0,102,1,1,468,16,4,0.2197
0,103,1,0,2826,1628,247,6010.2197
0,104,1,2,2076,1230,245,3642.1397
0,105,1,2,2074,1232,247,3642.1397
0,106,1,0,2855,1599,293,6806.6707
0,107,1,1,470,14,2,0.2197
0,108,1,0,2796,1658,297,6320.2027
0,109,3,0,2813,1641,251,6010.2197
0,110,3,0,2764,1690,293,7189.3487
0,111,1,0,2718,1736,348,6644.0997
0,112,1,2,2074,1232,247,3642.1397
0,113,1,1,470,14,2,0.2197
0,114,1,2,2074,1232,247,3642.1397
0,115,3,2,2074,1232,247,3642.1397
0,116,3,1,469,15,2,0.24167
0,117,1,0,2798,1656,293,7005.6047
0,118,3,1,470,14,2,0.2197
0,119,3,1,470,14,2,0.2197
0,120,3,0,2725,1729,348,6602.2397
0,121,1,1,470,14,2,0.2197
0,122,1,1,468,16,2,0.26364
0,123,3,1,470,14,2,0.2197
0,124,1,2,2076,1230,245,3642.1397
0,125,1,1,444,40,4,0.2197
0,126,1,2,2339,967,194,3360.1027
0,127,1,0,1510,2944,297,6521.5837
0,128,3,0,1607,2847,350,10172.2997
0,129,1,0,1694,2760,350,9741.7397
0,130,1,0,1696,2758,350,10955.6797
0,131,1,2,852,2454,249,3642.1397
0,132,1,2,1055,2251,196,3890.0527
0,133,1,0,2143,2311,297,10908.4427
0,134,1,0,2180,2274,350,9669.9797
0,135,1,2,1105,2201,249,3642.1397
0,136,1,1,470,14,2,0.2197
0,137,1,1,470,14,2,0.2197
0,138,2,2,1294,2012,249,3642.1397
0,139,1,2,1334,1972,249,4906.0297
0,140,1,0,2498,1956,348,7341.8047
0,141,1,2,1505,1801,249,4133.3197
0,142,1,2,1517,1789,249,4390.8897
0,143,3,2,1569,1737,249,4271.0897
0,144,1,0,2706,1748,295,7678.3897
0,145,3,1,-622,1106,4,0.2197
0,146,1,1,-627,1111,4,0.37349
0,147,1,1,-601,1085,4,0.2197
0,148,1,0,2941,1513,295,6530.0247
0,149,3,1,-485,969,4,4.59173
0,150,1,1,-689,1173,4,3.99854
0,151,1,2,1695,1611,194,5249.11943
0,152,1,0,2029,2425,297,6941.0963
0,153,1,0,2171,2283,350,7637.19853
0,154,1,2,1322,1984,249,3678.82668
0,155,1,2,1333,1973,249,3699.7038
0,156,1,2,1382,1924,249,3647.06098
0,157,1,2,1997,1309,249,3693.0547
0,158,3,0,2882,1572,293,6745.5377
0,159,1,2,2122,1184,196,3897.1187
0,160,1,0,2818,1636,251,6010.2197
0,161,1,0,2820,1634,249,6010.30758
0,162,1,2,2065,1241,245,3675.0847
0,163,1,2,2061,1245,245,3687.0647
0,164,1,2,1981,1325,247,3914.6847
0,165,3,2,1988,1318,245,3905.6997
0,166,1,1,260,224,4,0.2197
0,167,1,0,2992,1462,293,6320.2027
0,168,1,2,2339,967,194,3360.1027
0,169,1,0,2826,1628,247,6010.2197
0,170,1,2,2076,1230,245,3642.1397
0,171,3,0,2727,1727,346,6602.2397
0,172,1,0,2727,1727,346,6602.2397
0,173,1,0,2749,1705,295,7171.6557
0,174,1,1,400,84,4,0.2197
0,175,1,2,2339,967,194,3360.1027
0,176,1,0,2727,1727,346,6602.2397
0,177,1,2,2076,1230,245,3642.1397
0,178,1,0,2992,1462,293,6320.2027
0,179,1,0,2992,1462,293,6320.2027
0,180,1,0,2992,1462,293,6320.2027
0,181,1,0,2862,1592,295,6772.4267
0,182,1,0,2826,1628,247,6010.2197
0,183,1,1,470,14,2,0.2197
0,184,1,0,2819,1635,247,6010.37349
0,185,1,0,2807,1647,293,6973.8077
0,186,1,0,2727,1727,346,6602.2397
0,187,1,1,470,14,2,0.2197
0,188,1,1,468,16,2,0.26364
0,189,1,0,2992,1462,293,6320.2027
0,190,1,1,470,14,2,0.2197
0,191,1,1,470,14,2,0.2197
0,192,3,2,2339,967,194,3360.1027
0,193,3,2,2266,1040,194,3618.0117
0,194,1,2,2076,1230,245,3642.1397
0,195,1,0,2988,1466,297,6320.2027
0,196,3,2,2019,1287,249,3642.1397
0,197,1,2,2059,1247,249,3642.1397
0,198,3,2,2071,1235,249,3642.1397
0,199,1,2,2067,1239,247,3642.29349
0,200,1,2,2076,1230,245,3642.1397
0,201,3,0,2727,1727,346,6602.2397
0,202,1,1,470,14,2,0.2197
0,203,3,1,470,14,2,0.2197
0,204,1,2,2264,1042,194,3600.50049
0,205,1,1,470,14,2,0.2197
0,206,1,2,2188,1118,194,3893.5857
0,207,1,2,2076,1230,245,3642.1397
0,208,1,2,1936,1370,247,4055.4497
0,209,1,1,331,153,4,0.2197
0,210,1,2,2160,1146,194,3992.5097
0,211,3,1,470,14,2,0.2197
0,212,1,0,2834,1620,295,6871.3507
0,213,1,2,2076,1230,245,3642.1397
0,214,1,1,470,14,2,0.2197
0,215,3,2,2074,1232,247,3642.1397
0,216,1,2,2145,1161,194,4045.5047
0,217,3,1,470,14,2,0.2197
0,218,1,1,470,14,2,0.2197
0,219,3,2,2206,1100,194,3829.9917
0,220,3,2,2076,1230,245,3642.1397
0,221,3,0,2826,1628,247,6010.2197
0,222,3,1,466,18,2,0.30758
0,223,3,2,2076,1230,245,3642.1397
0,224,1,2,2276,1030,194,3582.6817
0,225,1,0,2826,1628,247,6010.2197
0,226,1,1,470,14,2,0.2197
0,227,1,2,2061,1245,245,3687.0647
0,228,1,0,2893,1561,297,6655.8377
0,229,1,2,2074,1232,247,3642.1397
0,230,1,2,2074,1232,247,3642.1397
0,231,1,1,470,14,2,0.2197
0,232,3,2,2137,1169,194,4073.7687
0,233,1,2,2074,1232,247,3642.1397
0,234,1,0,2790,1664,293,7033.8687
0,235,3,2,2339,967,194,3360.1027
0,236,1,2,2247,1059,194,3685.1387
0,237,1,1,470,14,2,0.2197
0,238,1,2,2076,1230,245,3642.1397
0,239,3,2,2074,1232,247,3642.1397
0,240,1,1,470,14,2,0.2197
0,241,1,0,2826,1628,247,6010.2197
0,242,1,1,470,14,2,0.2197
0,243,1,2,2339,967,194,3360.1027
0,244,3,0,2990,1464,295,6320.2027
0,245,1,2,2339,967,194,3360.1027
0,246,1,0,2992,1462,293,6320.2027
0,247,1,1,470,14,2,0.2197
0,248,1,2,2076,1230,245,3642.1397
0,249,1,1,470,14,2,0.2197
0,250,3,1,470,14,2,0.2197
0,251,1,1,470,14,2,0.2197
0,252,1,0,2992,1462,293,6320.2027
0,253,3,2,2339,967,194,3360.1027
0,254,1,0,2826,1628,247,6010.2197
0,255,1,0,2727,1727,346,6602.2397
0,256,1,2,2087,1219,194,4250.4187
0,257,1,0,2900,1554,295,6638.1727
0,258,1,2,2074,1232,247,3642.1397
0,259,1,1,470,14,2,0.2197
0,260,1,1,470,14,2,0.2197
0,261,3,1,470,14,2,0.2197
0,262,3,0,2990,1464,295,6320.2027
0,263,1,1,470,14,2,0.2197
0,264,1,2,2339,967,194,3360.1027
0,265,1,2,2076,1230,245,3642.1397
0,266,1,1,470,14,2,0.2197
0,267,3,0,2826,1628,247,6010.2197
0,268,1,2,2328,978,194,3398.9657
0,269,1,2,2308,998,194,3469.6257
0,270,3,2,2076,1230,245,3642.1397
0,271,1,1,470,14,2,0.2197
0,272,1,0,2992,1462,293,6320.2027
0,273,1,1,470,14,2,0.2197
0,274,3,1,470,14,2,0.2197
0,275,1,2,2339,967,194,3360.1027
0,276,1,0,2826,1628,247,6010.2197
0,277,3,2,2076,1230,245,3642.1397
0,278,3,0,2906,1548,295,6616.9747
0,279,1,1,470,14,2,0.2197
0,280,1,2,2339,967,194,3360.1027
0,281,3,2,2074,1232,247,3642.1397
0,282,1,2,2074,1232,247,3642.1397
0,283,1,1,470,14,2,0.2197
0,284,1,2,2339,967,194,3360.1027
0,285,3,0,2828,1626,295,6892.5487
0,286,1,2,2076,1230,245,3642.1397
0,287,1,0,2992,1462,293,6320.2027
0,288,1,0,2985,1469,295,6337.8677
0,289,1,2,2074,1232,247,3642.1397
0,290,3,1,470,14,2,0.2197
0,291,1,1,470,14,2,0.2197
0,292,1,2,2339,967,194,3360.1027
0,293,1,1,470,14,2,0.2197
0,294,3,0,2162,2292,297,6320.2027
0,295,1,2,1066,2240,249,3642.1397
0,296,1,0,2292,2162,350,7182.2997
0,297,3,0,2643,1811,350,6632.1397
0,298,1,0,2533,1921,346,7762.3597
0,299,3,0,2774,1680,297,6996.3947
0,300,1,0,2598,1856,293,8456.0927
0,301,1,0,2722,1732,348,6620.1797
0,302,3,2,2074,1232,247,3642.1397
0,303,1,2,2074,1232,247,3642.1397
0,304,1,2,1994,1312,245,3872.86455
0,305,1,0,2640,1814,346,6862.8047
0,306,1,1,-367,851,4,0.2197
0,307,1,2,2339,967,194,3360.1027
0,308,3,1,303,181,4,0.2197
0,309,1,0,2982,1472,293,6320.4224
0,310,1,0,2824,1630,249,6010.2197
0,311,1,1,470,14,2,0.2197
0,312,1,0,2727,1727,346,6602.2397
0,313,1,1,470,14,2,0.2197
0,314,1,2,2076,1230,245,3642.1397
0,315,1,2,2250,1056,194,3674.5397
0,316,1,2,2300,1006,194,3497.8897
0,317,1,1,470,14,2,0.2197
0,318,1,0,2727,1727,346,6602.2397
0,319,1,1,470,14,2,0.2197
0,320,1,0,2990,1464,295,6320.2027
0,321,1,2,2059,1247,245,3693.0547
0,322,3,0,2982,1472,293,6355.5327
0,323,1,2,2064,1242,247,3642.3594
0,324,1,1,470,14,2,0.2197
0,325,1,1,470,14,2,0.2197
0,326,1,1,470,14,2,0.2197
0,327,3,0,2992,1462,293,6320.2027
0,328,1,2,2339,967,194,3360.1027
0,329,1,1,470,14,2,0.2197
0,330,1,2,2076,1230,245,3642.1397
0,331,1,0,2727,1727,346,6602.2397
0,332,1,2,2074,1232,247,3642.1397
0,333,1,0,2990,1464,295,6320.2027
0,334,1,0,2990,1464,295,6320.2027
0,335,3,0,2725,1729,348,6602.2397
0,336,1,1,470,14,2,0.2197
0,337,1,1,470,14,2,0.2197
0,338,1,2,2313,993,194,3451.9607
0,339,1,1,470,14,2,0.2197
0,340,1,1,470,14,2,0.2197
0,341,1,0,2992,1462,293,6320.2027
0,342,1,2,2172,1134,194,3950.1137
0,343,1,1,468,16,4,0.2197
0,344,1,0,2048,2406,297,6850.1527
0,345,1,1,470,14,2,0.2197
0,346,3,1,470,14,2,0.2197
0,347,1,0,2298,2156,251,6010.2197
0,348,3,1,470,14,2,0.2197
0,349,3,0,2434,2020,350,6644.0997
0,350,1,2,1509,1797,196,3734.6007
0,351,3,0,2510,1944,348,7887.9397
0,352,1,0,2805,1649,293,7120.3527
0,353,1,2,1987,1319,249,3642.1397
0,354,1,2,2025,1281,249,3642.1397
0,355,3,2,2062,1244,249,3642.1397
0,356,1,1,470,14,2,0.2197
0,357,3,0,2727,1727,346,6602.2397
0,358,3,0,2655,1799,295,7503.7577
0,359,1,0,2717,1737,346,6632.1897
0,360,1,2,1925,1381,245,4094.3847
0,361,3,0,2714,1740,293,7302.3767
0,362,1,2,1933,1373,245,4070.4247
0,363,1,1,29,455,4,0.4394
0,364,1,1,328,156,4,0.2197
0,365,1,1,334,150,4,0.26364
0,366,1,0,2912,1542,297,6560.4467
0,367,1,2,2036,1270,196,4024.3067
0,368,1,1,470,14,2,0.2197
0,369,1,0,2824,1630,249,6010.2197
0,370,1,2,2076,1230,245,3642.1397
0,371,1,1,462,22,2,0.39546
0,372,3,0,2725,1729,348,6602.2397
0,373,1,2,2149,1157,194,4031.3727
0,374,1,2,2076,1230,245,3642.1397
0,375,1,2,2073,1233,247,3642.16167
0,376,1,2,2074,1232,247,3642.1397
0,377,1,1,470,14,2,0.2197
0,378,1,0,2727,1727,346,6602.2397
0,379,1,2,2339,967,194,3360.1027
0,380,1,0,2726,1728,346,6602.26167
0,381,1,0,2990,1464,295,6320.2027
0,382,3,0,2824,1630,249,6010.2197
0,383,1,1,470,14,2,0.2197
0,384,1,1,470,14,2,0.2197
0,385,1,2,2339,967,194,3360.1027
0,386,1,2,2339,967,194,3360.1027
0,387,3,0,2727,1727,346,6602.2397
0,388,1,2,2279,1027,194,3572.0827
0,389,1,0,2990,1464,295,6320.2027
0,390,1,2,2076,1230,245,3642.1397
0,391,1,0,2727,1727,346,6602.2397
0,392,1,1,470,14,2,0.2197
0,393,1,1,470,14,2,0.2197
0,394,3,2,2074,1232,247,3642.1397
0,395,1,1,470,14,2,0.2197
0,396,1,0,2990,1464,295,6320.2027
0,397,1,2,2338,968,194,3360.12467
0,398,1,0,2826,1628,247,6010.2197
0,399,1,0,2725,1729,348,6602.2397
0,400,1,0,2988,1466,297,6320.2027
0,401,1,1,470,14,2,0.2197
0,402,3,2,2339,967,194,3360.1027
0,403,1,0,2992,1462,293,6320.2027
0,404,1,1,470,14,2,0.2197
0,405,1,1,470,14,2,0.2197
0,406,3,2,2339,967,194,3360.1027
0,407,1,0,2992,1462,293,6320.2027
0,408,1,1,470,14,2,0.2197
0,409,3,2,2076,1230,245,3642.1397
0,410,1,2,2076,1230,245,3642.1397
0,411,1,1,470,14,2,0.2197
0,412,3,2,2163,1143,194,3981.9107
0,413,1,2,2074,1232,247,3642.1397
0,414,1,2,2171,1135,194,3953.6467
0,415,1,1,470,14,2,0.2197
0,416,1,2,2070,1236,247,3642.22758
0,417,1,2,2074,1232,247,3642.1397
0,418,1,2,2074,1232,247,3642.1397
0,419,1,2,2074,1232,247,3642.1397
0,420,1,1,470,14,2,0.2197
0,421,1,1,470,14,2,0.2197
0,422,1,0,2992,1462,293,6320.2027
0,423,3,1,470,14,2,0.2197
0,424,1,2,2339,967,194,3360.1027
0,425,1,2,2009,1297,245,3842.8047
0,426,1,0,2886,1568,295,6687.6347
0,427,3,2,2074,1232,247,3642.1397
0,428,1,0,2727,1727,346,6602.2397
0,429,1,0,2843,1611,295,6839.5537
0,430,1,0,2824,1630,249,6010.2197
0,431,3,1,470,14,2,0.2197
0,432,1,1,470,14,2,0.2197
0,433,1,2,2339,967,194,3360.1027
0,434,1,1,470,14,2,0.2197
0,435,1,0,2923,1531,293,6563.9797
0,436,1,1,470,14,2,0.2197
0,437,1,1,470,14,2,0.2197
0,438,1,2,2339,967,194,3360.1027
0,439,1,0,2089,2365,297,6881.9497
0,440,1,0,2076,2378,350,10435.4197
0,441,1,1,470,14,2,0.2197
0,442,1,1,470,14,2,0.2197
0,443,1,2,1616,1690,196,3893.5857
0,444,1,0,2642,1812,295,7977.9117
0,445,1,1,470,14,2,0.2197
0,446,1,2,1883,1423,249,3642.1397
0,447,3,2,1885,1421,249,3642.24955
0,448,1,1,461,23,2,0.41743
0,449,1,2,1967,1339,249,3642.1397
0,450,3,2,2042,1264,249,3642.1397
0,451,1,2,2045,1261,249,3642.22758
0,452,3,1,470,14,2,0.2197
0,453,1,1,470,14,2,0.2197
0,454,1,1,470,14,2,0.2197
0,455,3,2,2074,1232,247,3642.1397
0,456,1,2,2009,1297,247,3836.8147
0,457,3,0,2723,1731,346,6614.2197
0,458,1,1,-210,694,4,0.2197
0,459,3,1,-152,636,4,0.2197
0,460,1,1,-104,588,4,0.2197
0,461,3,2,2339,967,194,3360.1027
0,462,1,0,2990,1464,293,6327.2687
0,463,2,0,2727,1727,346,6602.2397
0,464,1,2,2073,1233,247,3645.1347
0,465,1,0,2727,1727,346,6602.2397
0,466,1,1,435,49,4,0.2197
0,467,1,0,2990,1464,295,6320.2027
0,468,1,0,2992,1462,293,6320.2027
0,469,1,2,2076,1230,245,3642.1397
0,470,3,2,2076,1230,245,3642.1397
0,471,1,0,2727,1727,346,6602.2397
0,472,1,1,470,14,2,0.2197
0,473,1,0,2982,1472,297,6320.2027
0,474,3,1,470,14,2,0.2197
0,475,1,2,2339,967,194,3360.1027
0,476,1,0,2688,1766,295,7658.7857
0,477,1,0,2603,1851,348,7302.00955
0,478,1,2,1898,1408,249,3642.1397
0,479,1,0,2667,1787,348,6949.0797
0,480,1,2,2043,1263,249,3642.1397
0,481,1,2,2046,1260,249,3642.22758
0,482,1,2,2067,1239,249,3642.1397
0,483,1,2,2072,1234,247,3642.16167
0,484,1,1,227,257,4,0.2197
0,485,1,2,2206,1100,194,3829.9917
0,486,1,2,2072,1234,249,3642.1397
0,487,3,2,2101,1205,194,4200.9567
0,488,1,0,2710,1744,346,6653.1547
0,489,1,1,260,224,4,0.24167
0,490,1,0,1007,3447,350,6602.2397
0,491,1,1,340,144,4,0.2197
0,492,1,1,470,14,2,0.2197
0,493,3,0,1363,3091,297,6320.2027
0,494,3,1,470,14,2,0.2197
0,495,1,0,1685,2769,297,6667.0427
0,496,1,2,908,2398,249,3642.1397
0,497,1,1,470,14,2,0.2197
0,498,1,0,1302,3152,297,7081.1867
0,499,1,0,1363,3091,350,6644.0997
0,500,3,0,1435,3019,350,7056.7197
0,501,1,1,469,15,2,0.24167
0,502,1,0,1484,2970,350,8826.7997
0,503,1,2,649,2657,249,3642.1397
0,504,1,2,693,2613,196,4098.4997
0,505,1,2,618,2688,249,3642.1397
0,506,3,2,714,2592,249,3932.6547
0,507,1,1,-1223,1707,4,0.2197
0,508,1,1,-1172,1656,4,0.2197
0,509,1,0,1957,2497,297,9220.2227
0,510,1,2,1047,2259,249,4100.3747
0,511,1,2,1372,1934,249,4007.5297
0,512,1,1,-867,1351,4,0.4394
0,513,1,0,2592,1862,297,8138.8497
0,514,1,0,2517,1937,346,7717.7447
0,515,1,0,2467,1987,346,7309.70668
0,516,1,0,2468,1986,346,7327.4391
0,517,1,0,2311,2143,295,7850.17531
0,518,1,2,1644,1662,249,3921.07797
0,519,3,0,2613,1841,348,6747.40578
0,520,3,0,2493,1961,293,7911.12923
0,521,1,0,2459,1995,346,6655.69614
0,522,1,2,1781,1525,245,4442.41986
0,523,3,2,2259,1047,194,3642.7427
0,524,1,1,470,14,2,0.2197
0,525,1,1,463,21,2,0.37349
0,526,1,2,2339,967,194,3360.1027
0,527,1,2,2076,1230,245,3642.1397
0,528,1,0,2797,1657,295,7002.0717
0,529,1,2,2075,1231,245,3642.16167
0,530,1,0,2727,1727,346,6602.2397
0,531,1,1,470,14,2,0.2197
0,532,1,0,2826,1628,247,6010.2197
0,533,1,1,470,14,2,0.2197
0,534,1,0,2789,1665,293,7037.4017
0,535,1,2,2074,1232,247,3642.1397
0,536,3,0,2727,1727,346,6602.2397
0,537,3,2,2073,1233,247,3642.16167
0,538,1,1,470,14,2,0.2197
0,539,1,1,470,14,2,0.2197
0,540,1,1,468,16,4,0.2197
0,541,1,2,2339,967,194,3360.1027
0,542,1,0,2992,1462,293,6320.2027
0,543,1,0,2826,1628,247,6010.2197
0,544,1,1,466,18,4,0.26364
0,545,1,1,470,14,2,0.2197
0,546,1,0,2922,1532,293,6567.5127
0,547,3,2,2339,967,194,3360.1027
0,548,1,2,2074,1232,247,3642.1397
0,549,1,0,2727,1727,346,6602.2397
0,550,1,2,2246,1060,194,3688.6717
0,551,1,1,470,14,2,0.2197
0,552,3,0,2725,1729,348,6602.2397
0,553,3,2,2027,1279,245,3788.8947
0,554,1,0,2897,1557,295,6648.7717
0,555,1,0,2727,1727,346,6602.2397
0,556,3,1,470,14,2,0.2197
0,557,1,1,470,14,2,0.2197
0,558,3,1,470,14,2,0.2197
0,559,1,0,2992,1462,293,6320.2027
0,560,1,1,470,14,2,0.2197
0,561,1,2,2339,967,194,3360.1027
0,562,1,0,2727,1727,346,6602.2397
0,563,1,1,470,14,2,0.2197
0,564,1,2,2332,974,194,3360.25649
0,565,1,0,2727,1727,346,6602.2397
0,566,1,1,470,14,2,0.2197
0,567,3,2,2074,1232,247,3642.1397
0,568,3,2,2074,1232,247,3642.1397
0,569,1,2,2221,1085,194,3776.9967
0,570,1,1,470,14,2,0.2197
0,571,1,1,466,18,2,0.30758
0,572,3,1,470,14,2,0.2197
0,573,1,0,2823,1631,293,6917.2797
0,574,1,2,2069,1237,245,3642.29349
0,575,1,0,2727,1727,346,6602.2397
0,576,1,0,2725,1729,348,6602.2397
0,577,1,0,2727,1727,346,6602.2397
0,578,3,1,470,14,2,0.2197
0,579,3,2,2339,967,194,3360.1027
0,580,3,0,2992,1462,293,6320.2027
0,581,1,2,1948,1358,245,4025.4997
0,582,1,0,2912,1542,295,6595.7767
0,583,3,2,2076,1230,245,3642.1397
0,584,1,0,2727,1727,346,6602.2397
0,585,1,0,2826,1628,247,6010.2197
0,586,1,0,2990,1464,295,6320.2027
0,587,1,0,2935,1519,295,6514.5177
0,588,1,1,470,14,2,0.2197
0,589,1,0,2826,1628,247,6010.2197
0,590,1,2,1995,1311,245,3884.7347
0,591,3,0,2879,1575,293,6719.4317
0,592,3,2,2074,1232,247,3642.1397
0,593,1,2,2186,1120,194,3900.6517
0,594,1,2,2076,1230,245,3642.1397
0,595,1,1,470,14,2,0.2197
0,596,3,1,470,14,2,0.2197
0,597,1,2,2258,1048,194,3646.2757
0,598,1,0,2727,1727,346,6602.2397
0,599,1,0,2990,1464,295,6320.2027
0,600,1,1,470,14,2,0.2197
0,601,1,0,2826,1628,247,6010.2197
0,602,1,1,470,14,2,0.2197
0,603,1,2,2074,1232,245,3642.18364
0,604,1,1,470,14,2,0.2197
0,605,1,2,2074,1232,247,3642.1397
0,606,1,1,470,14,2,0.2197
0,607,1,1,470,14,2,0.2197
0,608,1,1,470,14,2,0.2197
0,609,1,0,2992,1462,293,6320.2027
0,610,1,0,2992,1462,293,6320.2027
0,611,1,1,470,14,2,0.2197
0,612,1,2,2069,1237,245,3642.29349
0,613,1,1,470,14,2,0.2197
0,614,3,1,470,14,2,0.2197
0,615,1,0,2864,1590,293,6772.4267
0,616,1,1,470,14,2,0.2197
0,617,3,0,2961,1493,293,6429.7257
0,618,1,0,2826,1628,247,6010.2197
0,619,1,1,470,14,2,0.2197
0,620,1,2,2076,1230,245,3642.1397
0,621,3,2,2076,1230,245,3642.1397
0,622,3,1,470,14,2,0.2197
0,623,1,0,2789,1665,293,7002.2914
0,624,1,0,2992,1462,293,6320.2027
0,625,3,0,2727,1727,346,6602.2397
0,626,1,1,470,14,2,0.2197
0,627,3,1,470,14,2,0.2197
0,628,1,0,2826,1628,247,6010.2197
0,629,1,1,470,14,2,0.2197
0,630,3,2,2331,975,194,3388.3667
0,631,1,1,470,14,2,0.2197
0,632,1,0,2992,1462,293,6320.2027
0,633,1,0,2727,1727,346,6602.2397
0,634,1,1,470,14,2,0.2197
0,635,1,0,2824,1630,249,6010.2197
0,636,1,0,2727,1727,346,6602.2397
0,637,1,0,2956,1498,295,6440.3247
0,638,1,2,2339,967,194,3360.1027
0,639,1,2,2074,1232,247,3642.1397
0,640,1,2,2074,1232,247,3642.1397
0,641,3,1,470,14,2,0.2197
0,642,1,1,470,14,2,0.2197
0,643,1,2,2273,1033,194,3593.2807
0,644,1,0,2727,1727,346,6602.2397
0,645,1,2,2074,1232,247,3642.1397
0,646,3,2,2238,1068,194,3716.9357
0,647,1,0,2970,1484,293,6397.9287
0,648,1,0,2824,1630,249,6010.2197
0,649,3,1,470,14,2,0.2197
0,650,1,1,470,14,2,0.2197
0,651,1,1,470,14,2,0.2197
0,652,3,0,2990,1464,295,6320.2027
0,653,1,0,2831,1623,293,6889.0157
0,654,1,0,2824,1630,249,6010.2197
0,655,3,2,2076,1230,245,3642.1397
0,656,1,0,2721,1733,348,6602.32758
0,657,1,0,2725,1729,348,6602.2397
0,658,1,1,470,14,2,0.2197
0,659,1,1,470,14,2,0.2197
0,660,1,2,2339,967,194,3360.1027
0,661,1,1,470,14,2,0.2197
0,662,1,1,470,14,2,0.2197
0,663,3,0,2992,1462,293,6320.2027
0,664,1,0,2824,1630,249,6010.2197
0,665,1,2,2339,967,194,3360.1027
0,666,3,1,470,14,2,0.2197
0,667,1,2,2267,1039,194,3614.4787
0,668,1,1,470,14,2,0.2197
0,669,1,2,2339,967,194,3360.1027
0,670,3,2,2174,1132,194,3943.0477
0,671,1,2,2076,1230,245,3642.1397
0,672,1,2,2074,1232,247,3642.1397
0,673,1,1,468,16,2,0.26364
0,674,1,1,470,14,2,0.2197
0,675,1,0,2727,1727,346,6602.2397
0,676,1,0,2725,1729,348,6602.2397
0,677,1,2,2174,1132,194,3943.0477
0,678,1,2,2076,1230,245,3642.1397
0,679,1,1,468,16,2,0.26364
0,680,1,0,2725,1729,348,6602.2397
0,681,1,2,2339,967,194,3360.1027
0,682,1,0,2826,1628,247,6010.2197
0,683,1,2,2128,1178,194,4105.5657
0,684,3,2,2074,1232,247,3642.1397
0,685,3,1,470,14,2,0.2197
0,686,1,1,470,14,2,0.2197
0,687,3,2,2292,1014,194,3526.1537
0,688,1,1,468,16,4,0.2197
0,689,1,1,470,14,2,0.2197
0,690,1,2,2076,1230,245,3642.1397
0,691,1,2,2311,995,194,3459.0267
0,692,1,0,2989,1465,295,6320.2027
0,693,1,1,470,14,2,0.2197
0,694,1,2,2032,1274,245,3773.9197
0,695,1,0,2840,1614,293,6857.2187
0,696,1,2,2074,1232,247,3642.1397
0,697,1,0,2826,1628,247,6010.2197
0,698,3,0,2816,1638,295,6931.4117
0,699,3,2,2076,1230,245,3642.1397
0,700,3,1,470,14,2,0.2197
0,701,1,1,470,14,2,0.2197
0,702,1,0,2822,1632,293,6920.8127
0,703,3,2,2074,1232,247,3642.1397
0,704,1,2,2074,1232,247,3642.1397
0,705,1,0,2816,1638,295,6931.4117
0,706,1,0,2826,1628,247,6010.2197
0,707,1,0,2796,1658,293,7012.6707
0,708,1,1,470,14,2,0.2197
0,709,1,1,470,14,2,0.2197
0,710,1,1,470,14,2,0.2197
0,711,1,1,468,16,4,0.2197
0,712,3,1,470,14,2,0.2197
0,713,1,2,2339,967,194,3360.1027
0,714,3,1,470,14,2,0.2197
0,715,1,2,2076,1230,245,3642.1397
0,716,1,1,470,14,2,0.2197
0,717,1,0,2907,1547,293,6620.5077
0,718,1,0,2727,1727,346,6602.2397
0,719,3,0,2725,1729,348,6602.2397
0,720,1,2,2074,1232,247,3642.1397
0,721,1,1,460,24,2,0.4394
0,722,1,1,456,28,2,0.52728
0,723,1,1,470,14,2,0.2197
0,724,1,1,470,14,2,0.2197
0,725,3,0,2992,1462,293,6320.2027
0,726,1,1,470,14,2,0.2197
0,727,1,2,2339,967,194,3360.1027
0,728,1,1,470,14,2,0.2197
0,729,1,1,470,14,2,0.2197
0,730,1,0,2726,1728,251,6010.2197
0,731,1,1,470,14,2,0.2197
0,732,1,0,2868,1586,297,6666.4367
0,733,1,1,470,14,2,0.2197
0,734,3,1,470,14,2,0.2197
0,735,3,1,470,14,2,0.2197
0,736,1,2,2339,967,194,3360.1027
0,737,3,1,470,14,2,0.2197
0,738,3,2,944,2362,196,3360.1027
0,739,1,0,2107,2347,350,7206.2197
0,740,1,0,2122,2332,350,7164.3597
0,741,1,0,2202,2252,350,7834.1197
0,742,1,2,1070,2236,249,3642.22758
0,743,1,0,2342,2112,350,7122.4997
0,744,1,1,470,14,2,0.2197
0,745,1,0,2405,2049,350,8330.4597
0,746,1,0,2406,2048,350,8291.80849
0,747,1,1,386,98,4,0.2197
0,748,3,1,435,49,4,0.2197
0,749,3,0,2625,1829,293,8350.9137
0,750,1,0,2642,1812,295,7911.8427
0,751,1,2,1739,1567,249,3642.1397
0,752,1,1,-917,1401,4,0.2197
0,753,1,0,2546,1908,247,6828.00849
0,754,1,2,1800,1506,245,4468.7597
0,755,1,1,-850,1334,4,0.2197
0,756,1,1,-500,984,4,0.2197
0,757,3,0,2707,1747,348,6656.1497
0,758,1,1,-343,827,4,0.2197
0,759,1,2,2165,1141,194,3960.80058
0,760,1,0,2883,1571,295,6698.2337
0,761,3,1,51,433,4,2.197
0,762,2,0,2811,1643,247,6046.22561
0,763,1,0,2725,1729,348,6602.2397
0,764,3,0,2807,1647,293,6973.8077
0,765,3,0,2844,1610,293,6843.0867
0,766,3,2,2076,1230,245,3642.1397
0,767,3,1,470,14,2,0.2197
0,768,1,1,470,14,2,0.2197
0,769,3,1,470,14,2,0.2197
0,770,1,1,470,14,2,0.2197
0,771,1,1,470,14,2,0.2197
0,772,1,1,470,14,2,0.2197
0,773,1,0,2992,1462,293,6320.2027
0,774,1,0,2992,1462,293,6320.2027
0,775,1,1,470,14,2,0.2197
0,776,1,2,2074,1232,247,3642.1397
0,777,1,0,2826,1628,247,6010.2197
0,778,1,0,2824,1630,249,6010.2197
0,779,1,2,2076,1230,245,3642.1397
0,780,1,2,2162,1144,194,3985.4437
0,781,1,0,2953,1501,295,6450.9237
0,782,1,0,2727,1727,346,6602.2397
0,783,3,1,470,14,2,0.2197
0,784,1,0,2725,1729,348,6602.2397
0,785,1,2,2074,1232,247,3642.1397
0,786,1,1,470,14,2,0.2197
0,787,1,0,2866,1588,295,6758.2947
0,788,1,1,470,14,2,0.2197
0,789,1,0,2992,1462,293,6320.2027
0,790,1,2,2250,1056,194,3674.5397
0,791,1,2,2186,1120,194,3900.6517
0,792,1,2,2074,1232,245,3642.18364
0,793,1,0,2725,1729,348,6602.2397
0,794,1,0,2883,1571,293,6705.2997
0,795,3,0,2725,1729,348,6602.2397
0,796,1,2,2076,1230,245,3642.1397
0,797,1,0,2992,1462,293,6320.2027
0,798,1,1,470,14,2,0.2197
0,799,1,2,2332,974,194,3360.25649
0,800,1,2,2074,1232,247,3642.1397
0,801,1,1,470,14,2,0.2197
0,802,1,1,470,14,2,0.2197
0,803,1,0,2826,1628,247,6010.2197
0,804,3,1,470,14,2,0.2197
0,805,3,2,2180,1126,194,3921.8497
0,806,1,1,470,14,2,0.2197
0,807,3,2,2339,967,194,3360.1027
0,808,1,1,470,14,2,0.2197
0,809,1,0,2826,1628,247,6010.2197
0,810,1,2,2203,1103,194,3840.5907
0,811,1,2,2339,967,194,3360.1027
0,812,3,1,470,14,2,0.2197
0,813,1,2,2076,1230,245,3642.1397
0,814,1,0,2935,1519,295,6514.5177
0,815,1,0,2826,1628,247,6010.2197
0,816,1,2,2025,1281,249,3737.9797
0,817,1,0,2851,1603,295,6811.2897
0,818,1,2,2060,1246,249,3642.22758
0,819,1,2,2074,1232,247,3642.1397
0,820,1,1,468,16,4,0.2197
0,821,1,1,470,14,2,0.2197
0,822,1,1,470,14,2,0.2197
0,823,3,2,2076,1230,245,3642.1397
0,824,1,1,470,14,2,0.2197
0,825,1,2,2198,1108,194,3858.2557
0,826,3,2,2076,1230,245,3642.1397
0,827,1,1,470,14,2,0.2197
0,828,1,0,2925,1529,293,6556.9137
0,829,1,0,2767,1687,247,6186.9247
0,830,1,0,2727,1727,346,6602.2397
0,831,1,0,2992,1462,293,6320.2027
0,832,1,2,2076,1230,245,3642.1397
0,833,3,2,2183,1123,194,3911.2507
0,834,1,2,2074,1232,247,3642.1397
0,835,1,1,470,14,2,0.2197
0,836,1,2,2074,1232,247,3642.1397
0,837,1,1,463,21,2,0.37349
0,838,1,2,2136,1170,194,4077.3017
0,839,3,2,2238,1068,194,3716.9357
0,840,1,2,2076,1230,245,3642.1397
0,841,1,0,1573,2881,251,6010.2197
0,842,1,1,470,14,2,0.2197
0,843,1,2,2076,1230,245,3642.1397
0,844,3,2,2136,1170,194,4077.3017
0,845,3,2,998,2308,196,3847.6567
0,846,1,2,1240,2066,249,3642.1397
0,847,3,2,1395,1911,249,3642.1397
0,848,1,2,1443,1863,249,3642.1397
0,849,1,0,2666,1788,350,6829.4797
0,850,1,2,1563,1743,249,3642.1397
0,851,1,0,2718,1736,348,6644.0997
0,852,1,1,470,14,2,0.2197
0,853,1,2,1692,1614,196,3872.3877
0,854,3,2,1974,1332,249,3672.0897
0,855,3,0,2717,1737,293,7677.5514
0,856,1,2,2009,1297,249,3675.0847
0,857,1,1,-741,1225,4,0.2197
0,858,3,0,2460,1994,247,7106.3897
0,859,1,2,1523,1783,249,5268.4247
0,860,1,0,2404,2050,293,8397.6067
0,861,3,2,1536,1770,245,5229.7094
0,862,1,0,2820,1634,249,6022.1997
0,863,3,0,2992,1462,293,6320.2027
0,864,2,1,286,198,4,0.2197
0,865,3,2,2076,1230,245,3642.1397
0,866,1,2,2074,1232,247,3642.1397
0,867,1,2,2016,1290,247,3815.8497
0,868,1,0,2920,1534,293,6574.5787
0,869,1,0,2813,1641,293,6952.6097
0,870,1,1,438,46,4,0.2197
0,871,1,1,470,14,2,0.2197
0,872,1,0,2808,1646,251,6010.2197
0,873,1,1,470,14,2,0.2197
0,874,1,0,2550,1904,346,7660.6997
0,875,1,1,470,14,2,0.2197
0,876,1,2,1889,1417,249,3989.5597
0,877,1,2,1939,1367,249,3642.1397
0,878,3,0,2978,1476,297,6327.2687
0,879,1,2,2280,1026,196,3360.1027
0,880,1,1,470,14,2,0.2197
0,881,1,0,2494,1960,350,7194.2597
0,882,1,2,1466,1840,249,3642.1397
0,883,1,0,2596,1858,297,7832.9614
0,884,1,2,1544,1762,249,3642.1397
0,885,1,0,2463,1991,346,8160.0647
0,886,1,1,352,132,4,0.2197
0,887,1,2,1923,1383,249,3678.0797
0,888,1,0,2711,1743,295,7551.99267
0,889,1,0,2727,1727,346,6602.2397
0,890,1,1,470,14,2,0.2197
0,891,1,2,2074,1232,247,3642.1397
0,892,1,0,2824,1630,249,6010.2197
0,893,1,0,2774,1680,295,7083.3307
0,894,1,0,2718,1736,348,6623.2047
0,895,1,1,-63,547,4,0.2197
0,896,1,0,2708,1746,293,7323.5747
0,897,1,0,2649,1805,346,6835.8497
0,898,1,1,148,336,4,0.2197
0,899,2,1,458,26,4,0.2197
0,900,1,2,2339,967,194,3360.1027
0,901,3,0,2985,1469,293,6320.35649
0,902,1,2,2076,1230,245,3642.1397
0,903,1,2,2076,1230,245,3642.1397
0,904,3,2,1995,1311,245,3884.7347
0,905,3,0,2955,1499,293,6450.9237
0,906,1,0,2977,1477,295,6366.1317
0,907,1,1,470,14,2,0.2197
0,908,1,1,470,14,2,0.2197
0,909,1,1,470,14,2,0.2197
0,910,1,2,2074,1232,247,3642.1397
0,911,1,0,2727,1727,346,6602.2397
0,912,3,1,470,14,2,0.2197
0,913,1,2,2074,1232,247,3642.1397
0,914,1,0,2992,1462,293,6320.2027
0,915,1,1,470,14,2,0.2197
0,916,1,0,2992,1462,293,6320.2027
0,917,1,0,2727,1727,346,6602.2397
0,918,1,1,470,14,2,0.2197
0,919,1,1,470,14,2,0.2197
0,920,1,1,470,14,2,0.2197
0,921,1,1,470,14,2,0.2197
0,922,3,0,2742,1712,297,6320.2027
0,923,1,1,470,14,2,0.2197
0,924,1,0,2983,1471,297,6320.2027
0,925,3,2,2068,1238,247,3642.1397
0,926,1,0,2813,1641,251,6010.2197
0,927,1,0,2824,1630,249,6010.2197
0,928,3,0,2825,1629,295,6903.1477
0,929,1,0,2824,1630,249,6010.2197
0,930,1,2,2145,1161,196,3801.7277
0,931,1,2,2074,1232,247,3642.1397
0,932,1,2,2074,1232,247,3642.1397
0,933,1,2,1918,1388,245,4115.3497
0,934,1,2,1682,1624,247,4816.1797
0,935,1,0,2900,1554,293,6645.2387
0,936,1,1,461,23,2,0.41743
0,937,1,1,460,24,2,0.4394
0,938,1,0,2992,1462,293,6320.2027
0,939,1,0,2992,1462,293,6320.2027
0,940,3,0,2808,1646,295,6963.2087
0,941,1,2,2071,1235,245,3642.24955
0,942,1,1,470,14,2,0.2197
0,943,3,0,2725,1729,348,6602.2397
0,944,1,0,2826,1628,247,6010.2197
0,945,1,0,2822,1632,295,6913.7467
0,946,1,2,2076,1230,245,3642.1397
0,947,3,0,2727,1727,346,6602.2397
0,948,1,1,470,14,2,0.2197
0,949,1,2,2334,972,194,3377.7677
0,950,3,2,2074,1232,247,3642.1397
0,951,1,0,2864,1590,293,6772.4267
0,952,1,2,2074,1232,247,3642.1397
0,953,3,1,470,14,2,0.2197
0,954,3,2,-550,3856,196,3360.1027
0,955,1,1,470,14,2,0.2197
0,956,1,0,-511,4965,297,16605.97367
0,957,3,2,-112,3418,249,3642.1397
0,958,1,2,-60,3366,249,3642.1397
0,959,1,2,-866,4172,249,3642.22758
0,960,1,2,-852,4158,249,3642.20561
0,961,2,0,12,4442,350,12952.9997
0,962,1,0,-100,4554,350,12953.10955
0,963,1,2,-660,3966,249,3642.1397
0,964,1,2,-485,3791,196,3554.4177
0,965,1,2,-471,3777,249,3642.1397
0,966,1,0,250,4204,297,11607.7157
0,967,1,0,172,4282,350,9765.7647
0,968,3,0,390,4064,297,10353.5047
0,969,1,0,349,4105,350,9367.4697
0,970,3,2,15,3291,249,4618.5097
0,971,1,0,665,3789,350,9569.33349
0,972,1,0,760,3694,350,9386.3847
0,973,1,2,203,3103,249,4076.4147
0,974,1,2,-9,3315,249,4124.3347
0,975,1,2,52,3254,249,4409.87032
0,976,1,0,952,3502,297,9192.5772
0,977,1,1,-1848,2332,4,13.182
0,978,3,1,-1848,2332,4,13.70928
0,979,1,0,1502,2952,297,10035.42999
0,980,1,0,1548,2906,297,10032.7201
0,981,1,1,-1431,1915,4,4.92128
0,982,3,0,1933,2521,350,8814.39914
0,983,3,0,2088,2366,350,7541.9915
0,984,1,0,1938,2516,346,8739.83072
0,985,1,2,1048,2258,249,4096.45769
0,986,3,2,1091,2215,249,4787.95117
0,987,1,2,1113,2193,249,5012.22465
0,988,3,0,2013,2441,346,8448.80555
0,989,3,2,1128,2178,196,6250.17095
0,990,2,0,1993,2461,348,8317.07099
0,991,3,0,1812,2642,293,6862.24871
0,992,1,2,948,2358,247,4225.80756
0,993,1,1,-1043,1527,4,19.83891
0,994,1,1,-904,1388,4,17.15857
0,995,3,2,1337,1969,247,5103.22417
0,996,2,0,2661,1793,293,6931.37193
0,997,1,1,127,357,4,2.79019
0,998,3,1,137,347,4,2.74625
0,999,1,0,2597,1857,346,6842.9382
