CONFIGURATION:
{u'simulation': {u'stdev_factor': 0.01, u'power_mgmt_enabled': False, u'tasks': {u'cnn': {u'mean_service_time': {u'fft_accel': 10, u'gpu': 150, u'cpu_core': 200}, u'priority': 2, u'stdev_service_time': {u'fft_accel': 0.1, u'gpu': 1.5, u'cpu_core': 2.0}, u'deadline': 1000}, u'fft': {u'mean_service_time': {u'fft_accel': 10, u'gpu': 100, u'cpu_core': 500}, u'priority': 1, u'stdev_service_time': {u'fft_accel': 0.1, u'gpu': 1.0, u'cpu_core': 5.0}, u'deadline': 1000}, u'decoder': {u'mean_service_time': {u'gpu': 150, u'cpu_core': 200}, u'priority': 3, u'stdev_service_time': {u'gpu': 1.5, u'cpu_core': 2.0}, u'deadline': 1000}}, u'sched_policy_module': u'policies.heft', u'drop': False, u'servers': {u'fft_accel': {u'count': 1}, u'gpu': {u'count': 2}, u'cpu_core': {u'count': 8}}, u'max_tasks_simulated': 10000, u'max_queue_size': 1000000, u'mean_arrival_time': 200, u'arrival_time_scale': 0.3}, u'general': {u'random_seed': 0, u'pre_gen_arrivals': False, u'basename': u'policy:heft__stdev_factor:0.01', u'output_trace_file': None, u'working_dir': u'/home/hiwot/meta-stomp2/sim_09042020_153419', u'input_trace_file': (False, '../user_traces/user_gen_trace.trc'), u'logging_level': u'INFO'}}

/home/hiwot/meta-stomp2/sim_09042020_153419/../user_traces/user_gen_trace.trc

Running STOMP simulation...
Dropped,DAG ID,DAG Priority,DAG Type,Slack,Response Time,No-Affinity Time
0,0,2,5,669,431,119
0,1,1,5,582,518,144
0,2,2,10,486,814,125
0,3,1,5,559,541,142
0,4,2,10,562,738,75
0,5,1,5,596,504,130
0,6,2,5,504,596,155
0,7,2,5,499,601,157
0,8,2,10,692,608,94
0,9,1,10,586,714,125
0,10,1,5,583,517,132
0,11,2,10,585,715,75
0,12,2,5,467,633,157
0,13,1,10,542,758,125
0,14,2,5,540,560,144
0,15,1,10,609,691,75
0,16,1,5,508,592,157
0,17,2,5,538,562,142
0,18,1,10,648,652,112
0,19,1,5,557,543,132
0,20,2,10,573,727,112
0,21,1,5,593,507,119
0,22,2,5,501,599,157
0,23,2,10,-351,1651,125
0,24,1,5,471,629,157
0,25,1,10,-218,1518,62
0,26,2,10,-271,1571,75
0,27,2,5,218,882,157
0,28,2,10,-305,1605,112
0,29,1,10,-149,1449,75
0,30,1,5,146,954,157
0,31,1,10,-180,1480,112
0,32,1,5,195,905,157
0,33,1,10,-217,1517,125
0,34,1,10,-954,2254,112
0,35,2,10,-1003,2303,112
0,36,1,10,-1037,2337,112
0,37,2,5,69,1031,157
0,38,1,5,129,971,157
0,39,2,5,123,977,157
0,40,2,5,-88,1188,157
0,41,1,10,-880,2180,99
0,42,1,10,-952,2252,112
0,43,1,10,-992,2292,125
0,44,2,10,-1200,2500,112
0,45,1,5,-33,1133,157
0,46,1,5,-17,1117,157
0,47,2,5,-315,1415,157
0,48,2,10,-1032,2332,112
0,49,1,5,-243,1343,157
0,50,1,10,-844,2144,125
0,51,1,10,-778,2078,125
0,52,1,10,-859,2159,125
0,53,1,10,-982,2282,112
0,54,1,10,-1272,2572,125
0,55,2,10,-1324,2624,125
0,56,1,10,-1487,2787,125
0,57,1,10,-1442,2742,112
0,58,2,10,-1478,2778,125
0,59,1,10,-1411,2711,112
0,60,1,10,-1491,2791,125
0,61,1,10,-1418,2718,112
0,62,1,10,-1219,2519,112
0,63,2,10,-1606,2906,125
0,64,1,5,-415,1515,157
0,65,1,5,-429,1529,157
0,66,2,5,-593,1693,157
0,67,2,10,-1619,2919,112
0,68,2,5,-601,1701,157
0,69,2,10,-1688,2988,112
0,70,1,10,-1800,3100,125
0,71,1,10,-1949,3249,125
0,72,1,10,-1934,3234,99
0,73,1,10,-2052,3352,112
0,74,2,5,-888,1988,144
0,75,2,10,-2203,3503,125
0,76,2,10,-2117,3417,112
0,77,1,10,-2148,3448,112
0,78,2,5,-969,2069,157
0,79,2,5,-1071,2171,157
0,80,2,10,-2259,3559,125
0,81,1,10,-2259,3559,112
0,82,2,10,-2171,3471,125
0,83,1,10,-2083,3383,112
0,84,2,5,-985,2085,144
0,85,1,10,-2176,3476,112
0,86,2,10,-2268,3568,125
0,87,2,5,-1095,2195,157
0,88,1,5,-1105,2205,157
0,89,2,10,-2160,3460,112
0,90,1,5,-1078,2178,132
0,91,1,5,-1244,2344,157
0,92,1,10,-1907,3207,125
0,93,1,5,-1138,2238,132
0,94,1,10,-1910,3210,112
0,95,1,10,-2030,3330,125
0,96,2,5,-1213,2313,157
0,97,1,5,-1225,2325,157
0,98,2,10,-2069,3369,99
0,99,1,10,-2186,3486,112
0,100,1,10,-2162,3462,99
0,101,1,5,-1400,2500,157
0,102,1,10,-2175,3475,112
0,103,1,10,-2189,3489,125
0,104,2,10,-2397,3697,125
0,105,2,10,-2657,3957,112
0,106,1,5,-1632,2732,157
0,107,1,10,-2621,3921,112
0,108,1,5,-1558,2658,157
0,109,1,10,-2591,3891,125
0,110,2,5,-1396,2496,157
0,111,1,10,-2451,3751,112
0,112,2,10,-2481,3781,112
0,113,2,10,-2415,3715,112
0,114,2,10,-2391,3691,112
0,115,1,10,-2517,3817,112
0,116,2,5,-1386,2486,157
0,117,2,5,-1341,2441,157
0,118,2,5,-1309,2409,144
0,119,1,5,-1408,2508,157
0,120,2,5,-1389,2489,157
0,121,2,5,-1384,2484,157
0,122,2,5,-1421,2521,157
0,123,1,5,-1490,2590,157
0,124,1,10,-2051,3351,112
0,125,2,10,-2094,3394,99
0,126,2,10,-1911,3211,99
0,127,2,10,-1915,3215,112
0,128,1,10,-2049,3349,112
0,129,2,5,-1130,2230,157
0,130,2,5,-1170,2270,157
0,131,2,10,-1954,3254,99
0,132,2,5,-1099,2199,157
0,133,2,10,-1786,3086,112
0,134,2,5,-1097,2197,157
0,135,1,5,-1176,2276,157
0,136,1,5,-1114,2214,157
0,137,1,10,-1966,3266,112
0,138,1,10,-2132,3432,112
0,139,1,5,-1175,2275,132
0,140,1,10,-2140,3440,112
0,141,2,10,-2057,3357,112
0,142,1,10,-2132,3432,125
0,143,1,5,-843,1943,157
0,144,1,5,-807,1907,157
0,145,2,5,-852,1952,157
0,146,1,5,-791,1891,157
0,147,1,10,-2248,3548,112
0,148,1,5,-910,2010,157
0,149,1,10,-2524,3824,125
0,150,2,10,-2602,3902,112
0,151,2,5,-936,2036,157
0,152,1,10,-2397,3697,112
0,153,1,10,-2433,3733,112
0,154,2,10,-2542,3842,112
0,155,2,5,-790,1890,157
0,156,2,5,-915,2015,157
0,157,1,10,-2521,3821,125
0,158,1,10,-2529,3829,112
0,159,1,5,-1037,2137,157
0,160,2,10,-2426,3726,112
0,161,1,5,-1073,2173,157
0,162,1,5,-1503,2603,157
0,163,2,10,-2733,4033,125
0,164,2,5,-1417,2517,157
0,165,1,10,-2587,3887,125
0,166,2,10,-2719,4019,112
0,167,2,10,-2755,4055,112
0,168,2,10,-2883,4183,112
0,169,1,10,-2982,4282,125
0,170,1,5,-1267,2367,157
0,171,2,10,-2971,4271,99
0,172,1,10,-2927,4227,112
0,173,1,10,-2927,4227,125
0,174,2,10,-3203,4503,125
0,175,1,10,-2931,4231,125
0,176,1,5,-1341,2441,157
0,177,2,5,-1471,2571,157
0,178,2,5,-1565,2665,157
0,179,2,5,-1676,2776,157
0,180,2,5,-1707,2807,157
0,181,1,10,-2926,4226,112
0,182,2,10,-2913,4213,125
0,183,1,10,-3431,4731,112
0,184,2,10,-3449,4749,112
0,185,1,5,-1883,2983,157
0,186,1,10,-3403,4703,125
0,187,1,10,-3457,4757,112
0,188,2,10,-3389,4689,112
0,189,1,10,-3412,4712,112
0,190,2,5,-2032,3132,157
0,191,2,10,-3451,4751,125
0,192,1,10,-3424,4724,112
0,193,2,10,-3478,4778,125
0,194,1,5,-2219,3319,157
0,195,1,10,-3605,4905,125
0,196,1,10,-3710,5010,112
0,197,1,10,-3764,5064,112
0,198,1,10,-3762,5062,112
0,199,2,5,-2374,3474,157
0,200,1,10,-3805,5105,125
0,201,2,5,-2485,3585,144
0,202,2,10,-3794,5094,112
0,203,1,10,-3935,5235,112
0,204,1,5,-2560,3660,157
0,205,1,5,-2544,3644,157
0,206,2,10,-3892,5192,125
0,207,2,5,-2737,3837,157
0,208,1,10,-3755,5055,112
0,209,1,5,-2550,3650,119
0,210,2,10,-3616,4916,112
0,211,1,10,-3683,4983,99
0,212,2,10,-3537,4837,125
0,213,1,10,-3959,5259,112
0,214,1,5,-2763,3863,144
0,215,2,10,-3845,5145,112
0,216,1,10,-3908,5208,125
0,217,1,5,-3051,4151,157
0,218,2,5,-3067,4167,157
0,219,2,10,-3780,5080,99
0,220,2,5,-3047,4147,157
0,221,1,5,-2979,4079,157
0,222,1,10,-4524,5824,99
0,223,2,5,-3337,4437,157
0,224,2,5,-3359,4459,157
0,225,1,5,-3599,4699,157
0,226,2,5,-3438,4538,144
0,227,1,5,-3629,4729,157
0,228,2,5,-3627,4727,157
0,229,1,5,-3600,4700,157
0,230,2,10,-3991,5291,125
0,231,1,5,-3492,4592,157
0,232,2,10,-4251,5551,125
0,233,2,5,-3834,4934,157
0,234,2,10,-4325,5625,112
0,235,2,10,-4282,5582,99
0,236,2,10,-4420,5720,125
0,237,2,5,-3698,4798,144
0,238,2,10,-4321,5621,125
0,239,2,5,-3576,4676,157
0,240,1,10,-4187,5487,99
0,241,2,5,-3569,4669,144
0,242,2,10,-4217,5517,125
0,243,2,5,-3445,4545,157
0,244,1,5,-3328,4428,144
0,245,1,10,-4202,5502,112
0,246,1,10,-4284,5584,112
0,247,2,10,-4246,5546,125
0,248,2,5,-3499,4599,144
0,249,1,10,-4252,5552,112
0,250,2,5,-3350,4450,157
0,251,1,5,-3418,4518,157
0,252,2,5,-3378,4478,157
0,253,1,5,-3285,4385,132
0,254,2,5,-3233,4333,157
0,255,2,5,-3276,4376,157
0,256,2,5,-3241,4341,132
0,257,1,5,-3253,4353,157
0,258,2,5,-3221,4321,132
0,259,2,5,-3272,4372,157
0,260,2,10,-3924,5224,125
0,261,1,5,-3313,4413,157
0,262,1,5,-3254,4354,157
0,263,1,5,-3361,4461,157
0,264,1,5,-3542,4642,157
0,265,2,10,-3787,5087,112
0,266,1,10,-3792,5092,112
0,267,2,10,-3891,5191,125
0,268,1,5,-3450,4550,157
0,269,1,10,-3821,5121,112
0,270,2,5,-3618,4718,157
0,271,1,10,-3994,5294,112
0,272,2,5,-3482,4582,157
0,273,2,10,-3953,5253,112
0,274,2,10,-4350,5650,125
0,275,1,5,-3509,4609,157
0,276,2,5,-3492,4592,157
0,277,1,10,-4391,5691,112
0,278,1,5,-3658,4758,157
0,279,2,5,-3571,4671,157
0,280,1,10,-4180,5480,99
0,281,1,10,-4232,5532,125
0,282,1,10,-4193,5493,112
0,283,2,5,-3620,4720,157
0,284,2,10,-4275,5575,112
0,285,1,10,-4399,5699,112
0,286,1,5,-3520,4620,157
0,287,1,10,-4380,5680,112
0,288,1,5,-3485,4585,157
0,289,1,5,-3499,4599,132
0,290,1,10,-4614,5914,125
0,291,2,5,-3332,4432,157
0,292,1,10,-4306,5606,99
0,293,1,10,-4463,5763,125
0,294,1,10,-4623,5923,125
0,295,2,10,-4606,5906,112
0,296,1,10,-4624,5924,125
0,297,2,5,-2975,4075,157
0,298,1,5,-3049,4149,144
0,299,1,5,-3010,4110,157
0,300,2,5,-3003,4103,157
0,301,1,10,-4213,5513,125
0,302,2,10,-4375,5675,112
0,303,2,10,-4381,5681,125
0,304,1,10,-4338,5638,112
0,305,1,5,-2834,3934,157
0,306,2,5,-2921,4021,157
0,307,1,5,-2867,3967,157
0,308,1,5,-2934,4034,157
0,309,2,10,-4210,5510,125
0,310,1,10,-4237,5537,112
0,311,1,5,-2651,3751,132
0,312,1,10,-4172,5472,99
0,313,1,10,-4353,5653,125
0,314,2,5,-2778,3878,157
0,315,2,5,-2779,3879,157
0,316,2,10,-4029,5329,112
0,317,2,10,-4345,5645,125
0,318,1,10,-4354,5654,99
0,319,2,10,-4178,5478,99
0,320,1,5,-2754,3854,157
0,321,2,10,-4136,5436,125
0,322,2,10,-4287,5587,125
0,323,1,5,-2749,3849,157
0,324,1,5,-2682,3782,157
0,325,1,10,-4179,5479,125
0,326,2,5,-2725,3825,144
0,327,2,5,-2745,3845,157
0,328,1,10,-4179,5479,99
0,329,1,10,-4276,5576,112
0,330,2,5,-2861,3961,157
0,331,2,10,-4152,5452,112
0,332,2,10,-4193,5493,125
0,333,2,10,-4175,5475,99
0,334,2,10,-4148,5448,125
0,335,1,5,-2699,3799,157
0,336,1,5,-2800,3900,144
0,337,1,10,-3964,5264,99
0,338,2,10,-3805,5105,112
0,339,2,5,-2664,3764,132
0,340,1,5,-2737,3837,157
0,341,2,10,-3746,5046,125
0,342,2,10,-3780,5080,125
0,343,1,10,-3716,5016,125
0,344,1,10,-3685,4985,99
0,345,2,5,-2720,3820,132
0,346,2,10,-3567,4867,112
0,347,1,5,-2765,3865,157
0,348,2,10,-4283,5583,112
0,349,1,5,-2821,3921,157
0,350,1,10,-4625,5925,125
0,351,2,5,-2732,3832,157
0,352,1,5,-2763,3863,144
0,353,1,10,-4721,6021,112
0,354,1,10,-4684,5984,112
0,355,1,5,-2664,3764,157
0,356,1,5,-2875,3975,157
0,357,2,5,-2971,4071,157
0,358,1,5,-2967,4067,157
0,359,1,5,-2983,4083,157
0,360,2,10,-4701,6001,125
0,361,1,10,-4541,5841,112
0,362,2,5,-3164,4264,132
0,363,1,5,-3179,4279,157
0,364,1,10,-4714,6014,125
0,365,2,10,-4740,6040,125
0,366,2,5,-3344,4444,157
0,367,1,10,-4669,5969,112
0,368,1,10,-4413,5713,99
0,369,2,10,-4387,5687,125
0,370,2,10,-4559,5859,112
0,371,2,5,-2810,3910,157
0,372,2,10,-4299,5599,99
0,373,1,5,-2723,3823,132
0,374,1,10,-4206,5506,125
0,375,1,5,-2951,4051,157
0,376,1,10,-4287,5587,99
0,377,2,5,-2853,3953,157
0,378,1,5,-2867,3967,157
0,379,2,10,-4179,5479,112
0,380,1,10,-4366,5666,125
0,381,2,10,-4385,5685,125
0,382,1,5,-2820,3920,157
0,383,2,5,-2952,4052,157
0,384,1,10,-4491,5791,125
0,385,2,10,-4337,5637,112
0,386,1,5,-2942,4042,119
0,387,1,5,-2974,4074,157
0,388,2,10,-4384,5684,112
0,389,1,5,-2975,4075,157
0,390,1,10,-4520,5820,125
0,391,1,5,-2952,4052,132
0,392,2,5,-2990,4090,157
0,393,1,5,-2935,4035,157
0,394,1,5,-2900,4000,144
0,395,2,10,-4372,5672,125
0,396,2,10,-4681,5981,112
0,397,1,5,-3065,4165,157
0,398,2,5,-3074,4174,157
0,399,1,10,-4528,5828,125
0,400,1,5,-2913,4013,157
0,401,2,10,-4478,5778,125
0,402,2,10,-4565,5865,112
0,403,2,10,-4482,5782,125
0,404,2,10,-4480,5780,112
0,405,1,10,-4884,6184,112
0,406,1,10,-4969,6269,125
0,407,2,5,-3089,4189,157
0,408,2,5,-2925,4025,157
0,409,2,10,-4746,6046,112
0,410,2,10,-4759,6059,125
0,411,2,10,-4757,6057,112
0,412,2,5,-2983,4083,157
0,413,1,10,-4725,6025,125
0,414,1,5,-3062,4162,157
0,415,2,5,-3213,4313,144
0,416,2,10,-5510,6810,112
0,417,1,5,-3463,4563,157
0,418,1,10,-5604,6904,112
0,419,1,10,-5585,6885,125
0,420,2,5,-3496,4596,157
0,421,1,5,-3332,4432,157
0,422,1,10,-5439,6739,125
0,423,2,5,-3380,4480,157
0,424,2,5,-3311,4411,157
0,425,1,5,-3354,4454,144
0,426,1,5,-3259,4359,144
0,427,1,5,-3234,4334,132
0,428,1,10,-4947,6247,125
0,429,2,5,-3360,4460,157
0,430,2,10,-4933,6233,112
0,431,1,10,-4820,6120,112
0,432,2,5,-3302,4402,119
0,433,2,5,-3339,4439,132
0,434,1,5,-3598,4698,157
0,435,2,5,-3452,4552,157
0,436,2,5,-3483,4583,144
0,437,1,5,-3471,4571,132
0,438,2,5,-3502,4602,157
0,439,1,5,-3608,4708,157
0,440,1,10,-4666,5966,112
0,441,2,5,-3584,4684,157
0,442,2,10,-4502,5802,112
0,443,2,10,-4668,5968,112
0,444,1,10,-4806,6106,112
0,445,2,10,-4831,6131,112
0,446,1,5,-3563,4663,157
0,447,1,10,-4959,6259,112
0,448,2,5,-3505,4605,157
0,449,2,10,-4987,6287,112
0,450,2,10,-4952,6252,112
0,451,1,5,-3807,4907,157
0,452,2,5,-3577,4677,157
0,453,2,10,-4905,6205,99
0,454,1,10,-4904,6204,112
0,455,2,10,-4985,6285,125
0,456,1,5,-3781,4881,157
0,457,1,10,-4987,6287,99
0,458,1,10,-4955,6255,99
0,459,1,5,-3696,4796,144
0,460,1,5,-3682,4782,157
0,461,2,5,-3813,4913,157
0,462,2,5,-4114,5214,157
0,463,1,10,-4835,6135,125
0,464,2,5,-4096,5196,144
0,465,2,10,-4796,6096,112
0,466,1,5,-4168,5268,119
0,467,1,5,-4333,5433,157
0,468,1,10,-5362,6662,125
0,469,1,5,-4275,5375,132
0,470,2,10,-5271,6571,99
0,471,1,5,-4143,5243,157
0,472,2,10,-5089,6389,112
0,473,1,5,-3918,5018,157
0,474,1,10,-4980,6280,112
0,475,2,5,-3934,5034,157
0,476,2,10,-4955,6255,112
0,477,2,5,-3811,4911,157
0,478,1,5,-3890,4990,157
0,479,1,5,-3854,4954,132
0,480,1,5,-3864,4964,157
0,481,1,5,-3926,5026,157
0,482,2,5,-3894,4994,144
0,483,1,5,-3874,4974,144
0,484,2,10,-4931,6231,112
0,485,2,5,-3999,5099,157
0,486,1,5,-4334,5434,157
0,487,1,5,-4473,5573,157
0,488,2,10,-5121,6421,112
0,489,2,10,-5073,6373,125
0,490,2,10,-5113,6413,125
0,491,1,10,-5145,6445,112
0,492,1,10,-5277,6577,125
0,493,2,10,-5253,6553,112
0,494,1,10,-5624,6924,125
0,495,1,5,-4486,5586,157
0,496,1,5,-4495,5595,157
0,497,2,5,-4638,5738,144
0,498,2,5,-4412,5512,157
0,499,2,5,-4684,5784,157
0,500,1,5,-4458,5558,157
0,501,1,10,-5364,6664,112
0,502,1,5,-4386,5486,157
0,503,2,5,-4665,5765,157
0,504,1,5,-4498,5598,157
0,505,2,10,-5159,6459,112
0,506,2,10,-5898,7198,125
0,507,2,5,-4556,5656,157
0,508,1,10,-5863,7163,125
0,509,1,5,-4303,5403,157
0,510,1,5,-4589,5689,157
0,511,1,5,-4466,5566,157
0,512,1,5,-4686,5786,157
0,513,2,5,-4840,5940,157
0,514,1,5,-4489,5589,157
0,515,2,5,-4482,5582,157
0,516,2,10,-5593,6893,125
0,517,1,10,-5849,7149,99
0,518,1,5,-4625,5725,157
0,519,2,5,-4553,5653,144
0,520,1,5,-4308,5408,157
0,521,1,10,-5959,7259,125
0,522,1,5,-4460,5560,157
0,523,1,5,-4652,5752,157
0,524,1,10,-5960,7260,125
0,525,2,5,-4569,5669,132
0,526,1,10,-5880,7180,125
0,527,1,5,-4615,5715,144
0,528,2,10,-5852,7152,112
0,529,1,5,-4624,5724,157
0,530,1,5,-4750,5850,157
0,531,1,5,-5006,6106,157
0,532,1,5,-4852,5952,157
0,533,1,10,-5945,7245,112
0,534,2,10,-6319,7619,125
0,535,2,5,-5052,6152,157
0,536,2,10,-6346,7646,112
0,537,1,10,-6428,7728,125
0,538,2,10,-6428,7728,125
0,539,2,5,-4926,6026,144
0,540,1,5,-4939,6039,157
0,541,1,5,-4744,5844,157
0,542,1,5,-5189,6289,144
0,543,2,5,-5287,6387,157
0,544,1,5,-5586,6686,157
0,545,2,10,-6196,7496,112
0,546,2,10,-6323,7623,125
0,547,2,10,-6335,7635,112
0,548,1,10,-6553,7853,125
0,549,1,10,-6116,7416,112
0,550,2,10,-6738,8038,125
0,551,2,10,-6738,8038,112
0,552,1,10,-6888,8188,125
0,553,1,10,-6846,8146,112
0,554,1,10,-6743,8043,125
0,555,1,5,-4975,6075,144
0,556,1,5,-4971,6071,157
0,557,1,5,-5222,6322,157
0,558,2,10,-6884,8184,125
0,559,2,5,-5159,6259,157
0,560,2,10,-7035,8335,125
0,561,2,5,-5025,6125,144
0,562,2,5,-5557,6657,157
0,563,1,10,-6823,8123,125
0,564,1,10,-6969,8269,99
0,565,1,10,-7033,8333,125
0,566,1,5,-5194,6294,157
0,567,2,10,-6917,8217,99
0,568,1,10,-6991,8291,99
0,569,2,5,-5018,6118,144
0,570,1,10,-6952,8252,125
0,571,2,5,-5083,6183,157
0,572,2,10,-7105,8405,125
0,573,1,10,-7057,8357,112
0,574,2,5,-4989,6089,157
0,575,1,5,-5133,6233,157
0,576,2,10,-7000,8300,112
0,577,1,5,-5138,6238,157
0,578,1,5,-5226,6326,157
0,579,2,10,-7199,8499,125
0,580,2,5,-5181,6281,157
0,581,1,10,-7048,8348,99
0,582,2,5,-5095,6195,157
0,583,2,5,-5272,6372,157
0,584,2,5,-5136,6236,157
0,585,2,5,-5229,6329,132
0,586,1,10,-6949,8249,112
0,587,1,5,-5172,6272,157
0,588,2,10,-6952,8252,112
0,589,2,10,-7140,8440,125
0,590,1,5,-5116,6216,157
0,591,1,10,-7127,8427,99
0,592,2,5,-5184,6284,157
0,593,1,10,-7074,8374,125
0,594,2,10,-7191,8491,112
0,595,2,5,-5209,6309,157
0,596,2,5,-5379,6479,157
0,597,1,5,-5277,6377,157
0,598,1,10,-6826,8126,112
0,599,1,5,-5254,6354,157
0,600,1,10,-7366,8666,112
0,601,2,5,-5245,6345,157
0,602,2,10,-7511,8811,125
0,603,2,5,-5490,6590,157
0,604,1,10,-7700,9000,112
0,605,2,10,-7694,8994,112
0,606,2,10,-7888,9188,112
0,607,1,5,-5410,6510,157
0,608,1,5,-5500,6600,157
0,609,2,5,-5503,6603,157
0,610,2,5,-5490,6590,157
0,611,2,5,-5587,6687,157
0,612,1,10,-7941,9241,112
0,613,1,5,-5731,6831,157
0,614,2,5,-5671,6771,157
0,615,2,10,-7877,9177,125
0,616,1,5,-5729,6829,157
0,617,1,5,-5817,6917,157
0,618,1,5,-5818,6918,157
0,619,1,10,-7722,9022,99
0,620,1,10,-8021,9321,112
0,621,2,5,-5825,6925,157
0,622,1,5,-5799,6899,157
0,623,2,10,-7921,9221,112
0,624,1,10,-8248,9548,99
0,625,2,5,-5835,6935,157
0,626,1,5,-5873,6973,157
0,627,2,5,-6033,7133,157
0,628,2,10,-8145,9445,125
0,629,2,5,-5910,7010,157
0,630,2,10,-8311,9611,112
0,631,1,5,-6146,7246,157
0,632,2,5,-5790,6890,157
0,633,2,5,-6136,7236,157
0,634,1,10,-8136,9436,112
0,635,2,10,-8056,9356,125
0,636,1,10,-7998,9298,125
0,637,1,10,-7876,9176,125
0,638,2,10,-7948,9248,112
0,639,2,10,-7888,9188,99
0,640,1,5,-5885,6985,157
0,641,2,5,-5905,7005,157
0,642,2,10,-7809,9109,125
0,643,2,10,-8098,9398,112
0,644,1,5,-5791,6891,157
0,645,2,5,-5812,6912,132
0,646,1,10,-7915,9215,112
0,647,2,10,-8101,9401,112
0,648,2,10,-8119,9419,112
0,649,2,5,-5702,6802,144
0,650,2,5,-5780,6880,157
0,651,2,5,-5823,6923,157
0,652,2,10,-8141,9441,112
0,653,1,10,-7928,9228,112
0,654,1,10,-8065,9365,112
0,655,2,5,-5586,6686,119
0,656,2,10,-8026,9326,112
0,657,2,10,-7993,9293,125
0,658,1,10,-7986,9286,112
0,659,2,5,-5981,7081,157
0,660,1,10,-7874,9174,125
0,661,2,10,-7880,9180,125
0,662,2,10,-7903,9203,112
0,663,2,5,-5872,6972,157
0,664,1,10,-8143,9443,112
0,665,2,10,-7962,9262,125
0,666,2,5,-6110,7210,132
0,667,2,5,-6013,7113,119
0,668,2,10,-7946,9246,112
0,669,1,5,-5975,7075,157
0,670,1,5,-6046,7146,157
0,671,1,5,-6101,7201,157
0,672,2,5,-6075,7175,157
0,673,2,10,-7769,9069,99
0,674,1,10,-7615,8915,125
0,675,1,5,-5998,7098,132
0,676,2,5,-5998,7098,157
0,677,2,5,-6054,7154,157
0,678,1,5,-5980,7080,144
0,679,2,10,-7609,8909,125
0,680,1,10,-7626,8926,112
0,681,2,5,-5883,6983,157
0,682,2,5,-5871,6971,157
0,683,2,5,-6109,7209,157
0,684,2,5,-5937,7037,157
0,685,1,5,-6194,7294,157
0,686,1,10,-7709,9009,112
0,687,1,5,-5934,7034,157
0,688,2,10,-8035,9335,125
0,689,2,10,-8040,9340,112
0,690,1,10,-8113,9413,125
0,691,1,10,-8014,9314,112
0,692,2,5,-6258,7358,157
0,693,2,5,-6194,7294,157
0,694,1,5,-6178,7278,144
0,695,2,5,-6175,7275,157
0,696,2,10,-8165,9465,125
0,697,2,5,-6096,7196,157
0,698,1,10,-8331,9631,112
0,699,1,10,-8426,9726,125
0,700,2,10,-8300,9600,112
0,701,2,5,-6298,7398,144
0,702,2,5,-6275,7375,157
0,703,2,10,-8585,9885,125
0,704,2,5,-6104,7204,157
0,705,1,10,-8330,9630,125
0,706,2,5,-5954,7054,157
0,707,2,5,-6086,7186,157
0,708,1,5,-6060,7160,157
0,709,1,5,-6087,7187,144
0,710,2,10,-8205,9505,112
0,711,2,10,-8305,9605,125
0,712,1,10,-8330,9630,99
0,713,1,5,-6159,7259,157
0,714,1,5,-6472,7572,157
0,715,1,5,-6390,7490,157
0,716,1,5,-6440,7540,157
0,717,1,10,-8199,9499,125
0,718,2,10,-8409,9709,112
0,719,1,10,-8494,9794,112
0,720,1,5,-6975,8075,157
0,721,2,5,-6795,7895,157
0,722,2,5,-6867,7967,157
0,723,2,10,-8295,9595,112
0,724,2,10,-8379,9679,112
0,725,1,10,-8437,9737,125
0,726,1,10,-9012,10312,112
0,727,2,10,-8953,10253,112
0,728,1,10,-9071,10371,125
0,729,2,5,-6632,7732,144
0,730,2,5,-6576,7676,157
0,731,1,5,-6437,7537,157
0,732,1,5,-6404,7504,144
0,733,1,10,-8464,9764,125
0,734,2,5,-6316,7416,157
0,735,2,10,-8365,9665,99
0,736,1,5,-6109,7209,157
0,737,1,5,-6143,7243,157
0,738,2,10,-8366,9666,99
0,739,1,10,-8375,9675,125
0,740,2,10,-8368,9668,125
0,741,2,5,-5999,7099,144
0,742,1,10,-8266,9566,112
0,743,2,10,-8232,9532,125
0,744,2,10,-8132,9432,125
0,745,2,5,-6223,7323,157
0,746,2,5,-6337,7437,157
0,747,2,5,-6356,7456,144
0,748,1,5,-6352,7452,132
0,749,2,5,-6388,7488,157
0,750,1,5,-6339,7439,144
0,751,1,5,-6326,7426,132
0,752,2,5,-6381,7481,144
0,753,2,5,-6283,7383,132
0,754,2,5,-6327,7427,157
0,755,1,10,-8041,9341,125
0,756,2,10,-8107,9407,99
0,757,2,5,-6318,7418,157
0,758,1,10,-7959,9259,112
0,759,1,5,-6193,7293,157
0,760,2,10,-7953,9253,112
0,761,2,10,-8046,9346,125
0,762,2,5,-6078,7178,157
0,763,1,10,-7993,9293,125
0,764,2,10,-7877,9177,99
0,765,1,5,-6031,7131,157
0,766,1,10,-7872,9172,112
0,767,1,10,-7852,9152,112
0,768,1,10,-7864,9164,99
0,769,1,10,-7981,9281,125
0,770,2,5,-6146,7246,157
0,771,1,10,-8054,9354,112
0,772,1,5,-6323,7423,157
0,773,2,10,-8024,9324,112
0,774,2,10,-8215,9515,125
0,775,1,10,-8188,9488,112
0,776,1,10,-8263,9563,125
0,777,1,5,-6247,7347,157
0,778,2,5,-6172,7272,157
0,779,2,5,-6301,7401,157
0,780,1,10,-8180,9480,112
0,781,2,5,-6414,7514,157
0,782,1,5,-6570,7670,157
0,783,2,5,-6910,8010,157
0,784,2,5,-6476,7576,157
0,785,2,5,-6456,7556,157
0,786,1,5,-6698,7798,157
0,787,1,5,-6879,7979,157
0,788,2,5,-6752,7852,157
0,789,2,10,-7952,9252,125
0,790,1,5,-6914,8014,157
0,791,2,10,-7958,9258,99
0,792,2,5,-6924,8024,157
0,793,2,10,-8466,9766,112
0,794,1,10,-8721,10021,125
0,795,2,5,-7232,8332,144
0,796,1,5,-7352,8452,157
0,797,2,10,-8998,10298,125
0,798,1,5,-7303,8403,157
0,799,1,10,-9059,10359,125
0,800,1,10,-8869,10169,99
0,801,1,10,-9062,10362,125
0,802,2,5,-7083,8183,157
0,803,1,5,-7174,8274,157
0,804,1,5,-6942,8042,157
0,805,1,5,-6901,8001,157
0,806,2,10,-8874,10174,99
0,807,2,10,-9352,10652,125
0,808,2,10,-9281,10581,112
0,809,2,5,-6847,7947,157
0,810,2,5,-7185,8285,157
0,811,2,5,-7287,8387,157
0,812,1,5,-7269,8369,157
0,813,2,10,-9316,10616,112
0,814,2,10,-9295,10595,125
0,815,2,5,-7157,8257,144
0,816,1,5,-7256,8356,157
0,817,2,5,-7350,8450,144
0,818,2,5,-7269,8369,157
0,819,2,10,-9269,10569,112
0,820,1,5,-7176,8276,157
0,821,1,10,-8848,10148,125
0,822,1,10,-9186,10486,112
0,823,2,10,-9107,10407,125
0,824,1,5,-6556,7656,157
0,825,2,10,-8861,10161,112
0,826,2,10,-8930,10230,125
0,827,1,5,-6586,7686,157
0,828,1,5,-6853,7953,157
0,829,1,10,-9579,10879,112
0,830,2,5,-6836,7936,157
0,831,1,5,-6842,7942,157
0,832,2,10,-9601,10901,99
0,833,2,5,-6774,7874,157
0,834,2,10,-9653,10953,99
0,835,1,5,-6749,7849,144
0,836,2,5,-6689,7789,157
0,837,1,10,-9430,10730,112
0,838,2,5,-6731,7831,157
0,839,1,10,-9414,10714,99
0,840,2,5,-6841,7941,157
0,841,2,5,-6653,7753,157
0,842,1,5,-6707,7807,144
0,843,1,5,-6642,7742,144
0,844,2,10,-8968,10268,125
0,845,2,10,-9281,10581,112
0,846,1,5,-6559,7659,157
0,847,2,10,-9941,11241,99
0,848,2,5,-7015,8115,157
0,849,2,10,-9972,11272,125
0,850,2,5,-6935,8035,157
0,851,1,10,-9980,11280,112
0,852,2,10,-10023,11323,125
0,853,1,10,-10145,11445,125
0,854,1,5,-6908,8008,157
0,855,2,10,-10324,11624,112
0,856,2,10,-10691,11991,125
0,857,1,5,-7534,8634,157
0,858,1,10,-10516,11816,125
0,859,1,5,-7338,8438,157
0,860,2,5,-7352,8452,157
0,861,1,5,-7290,8390,157
0,862,2,5,-7431,8531,157
0,863,1,5,-7451,8551,157
0,864,2,5,-7499,8599,157
0,865,2,10,-10351,11651,112
0,866,1,5,-7428,8528,157
0,867,1,5,-7351,8451,157
0,868,2,5,-7720,8820,157
0,869,1,10,-10139,11439,99
0,870,2,10,-10125,11425,112
0,871,2,10,-10147,11447,112
0,872,1,5,-7299,8399,144
0,873,1,10,-10164,11464,125
0,874,2,5,-7512,8612,157
0,875,1,10,-10224,11524,125
0,876,1,5,-7495,8595,157
0,877,1,5,-7290,8390,132
0,878,2,10,-9980,11280,125
0,879,1,10,-9802,11102,112
0,880,2,5,-7322,8422,157
0,881,1,10,-9959,11259,99
0,882,1,5,-7314,8414,157
0,883,1,10,-9821,11121,112
0,884,2,10,-9855,11155,112
0,885,1,5,-7371,8471,157
0,886,1,10,-9707,11007,125
0,887,1,10,-9738,11038,125
0,888,2,10,-9805,11105,112
0,889,2,10,-9845,11145,99
0,890,2,5,-7770,8870,157
0,891,1,10,-9829,11129,112
0,892,1,10,-9830,11130,125
0,893,1,10,-9754,11054,112
0,894,2,10,-9820,11120,112
0,895,2,5,-7612,8712,157
0,896,2,10,-9835,11135,112
0,897,2,10,-9840,11140,99
0,898,2,5,-7690,8790,157
0,899,1,5,-7815,8915,157
0,900,1,5,-7689,8789,157
0,901,1,10,-9733,11033,125
0,902,2,10,-9452,10752,112
0,903,1,10,-9386,10686,125
0,904,2,10,-9384,10684,125
0,905,2,10,-9215,10515,112
0,906,2,10,-9342,10642,125
0,907,2,5,-7564,8664,157
0,908,1,10,-9412,10712,125
0,909,2,10,-9415,10715,112
0,910,2,10,-9475,10775,112
0,911,1,10,-9341,10641,112
0,912,2,5,-7479,8579,132
0,913,2,10,-9414,10714,112
0,914,1,10,-9458,10758,112
0,915,2,10,-9501,10801,112
0,916,2,10,-9540,10840,112
0,917,1,5,-7686,8786,157
0,918,2,5,-7744,8844,157
0,919,2,5,-7631,8731,157
0,920,2,5,-7740,8840,157
0,921,1,10,-9335,10635,99
0,922,2,5,-7665,8765,157
0,923,2,10,-9288,10588,112
0,924,1,10,-9233,10533,125
0,925,2,5,-7762,8862,157
0,926,2,10,-9097,10397,112
0,927,2,5,-7556,8656,132
0,928,2,10,-9094,10394,112
0,929,2,10,-9110,10410,125
0,930,2,10,-9151,10451,112
0,931,2,10,-9130,10430,125
0,932,1,10,-9055,10355,112
0,933,2,5,-7463,8563,157
0,934,2,10,-9014,10314,125
0,935,1,10,-9018,10318,112
0,936,2,5,-7483,8583,132
0,937,2,10,-8954,10254,112
0,938,1,10,-9052,10352,112
0,939,2,5,-7610,8710,132
0,940,2,5,-7656,8756,132
0,941,1,5,-7606,8706,157
0,942,1,5,-7543,8643,157
0,943,1,10,-8748,10048,125
0,944,1,10,-8624,9924,125
0,945,2,10,-8652,9952,99
0,946,1,5,-7315,8415,132
0,947,1,10,-8562,9862,112
0,948,2,10,-8556,9856,125
0,949,2,5,-7382,8482,157
0,950,1,10,-8556,9856,112
0,951,1,5,-7452,8552,157
0,952,1,10,-8438,9738,125
0,953,1,5,-7443,8543,119
0,954,2,5,-7384,8484,132
0,955,1,5,-7487,8587,157
0,956,1,10,-8335,9635,99
0,957,2,5,-7460,8560,157
0,958,2,5,-7462,8562,132
0,959,2,5,-7439,8539,157
0,960,1,10,-8165,9465,125
0,961,1,5,-7323,8423,157
0,962,2,10,-8075,9375,112
0,963,1,5,-7355,8455,144
0,964,2,10,-8008,9308,112
0,965,1,10,-8016,9316,125
0,966,1,10,-8034,9334,112
0,967,1,10,-8036,9336,112
0,968,1,5,-7292,8392,144
0,969,1,10,-8068,9368,125
0,970,1,10,-7950,9250,112
0,971,1,10,-7911,9211,99
0,972,2,10,-7948,9248,112
0,973,2,5,-7291,8391,144
0,974,2,10,-7956,9256,125
0,975,1,5,-7249,8349,157
0,976,2,10,-7941,9241,112
0,977,1,10,-7874,9174,112
0,978,1,5,-7166,8266,157
0,979,2,5,-7217,8317,157
0,980,2,10,-7906,9206,99
0,981,2,5,-7274,8374,157
0,982,1,5,-7222,8322,157
0,983,1,10,-7732,9032,125
0,984,1,5,-7175,8275,157
0,985,1,5,-6987,8087,157
0,986,2,5,-6979,8079,157
0,987,1,10,-7384,8684,99
0,988,2,10,-7364,8664,112
0,989,1,5,-6861,7961,157
0,990,2,10,-7272,8572,125
0,991,2,5,-6795,7895,144
0,992,1,10,-7125,8425,99
0,993,2,5,-6829,7929,144
0,994,1,10,-7062,8362,112
0,995,2,5,-6736,7836,157
0,996,1,5,-6736,7836,157
0,997,2,10,-6931,8231,125
0,998,2,10,-6861,8161,112
0,999,1,5,-6490,7590,157
