CONFIGURATION:
{u'simulation': {u'stdev_factor': 0.01, u'power_mgmt_enabled': False, u'tasks': {u'cnn': {u'mean_service_time': {u'fft_accel': 10, u'gpu': 150, u'cpu_core': 200}, u'priority': 2, u'stdev_service_time': {u'fft_accel': 0.1, u'gpu': 1.5, u'cpu_core': 2.0}, u'deadline': 1000}, u'fft': {u'mean_service_time': {u'fft_accel': 10, u'gpu': 100, u'cpu_core': 500}, u'priority': 1, u'stdev_service_time': {u'fft_accel': 0.1, u'gpu': 1.0, u'cpu_core': 5.0}, u'deadline': 1000}, u'decoder': {u'mean_service_time': {u'gpu': 150, u'cpu_core': 200}, u'priority': 3, u'stdev_service_time': {u'gpu': 1.5, u'cpu_core': 2.0}, u'deadline': 1000}}, u'sched_policy_module': u'policies.rheft', u'drop': False, u'servers': {u'fft_accel': {u'count': 1}, u'gpu': {u'count': 2}, u'cpu_core': {u'count': 8}}, u'max_tasks_simulated': 10000, u'max_queue_size': 1000000, u'mean_arrival_time': 200, u'arrival_time_scale': 0.25}, u'general': {u'random_seed': 0, u'pre_gen_arrivals': False, u'basename': u'policy:rheft__stdev_factor:0.01', u'output_trace_file': None, u'working_dir': u'/home/hiwot/meta-stomp2/sim_09042020_163349', u'input_trace_file': (False, '../user_traces/user_gen_trace.trc'), u'logging_level': u'INFO'}}

/home/hiwot/meta-stomp2/sim_09042020_163349/../user_traces/user_gen_trace.trc

Running STOMP simulation...
Dropped,DAG ID,DAG Priority,DAG Type,Slack,Response Time,No-Affinity Time
0,0,2,5,669,431,119
0,1,1,5,581,519,144
0,2,2,10,476,824,112
0,3,1,5,582,518,130
0,4,2,10,505,795,112
0,5,1,5,554,546,130
0,6,2,5,521,579,155
0,7,2,5,504,596,130
0,8,2,10,468,832,75
0,9,1,10,365,935,125
0,10,1,5,508,592,132
0,11,2,10,426,874,125
0,12,2,5,503,597,132
0,13,1,10,466,834,125
0,14,2,5,480,620,132
0,15,1,10,325,975,125
0,16,1,5,440,660,132
0,17,2,5,426,674,157
0,18,1,10,198,1102,125
0,19,1,5,466,634,132
0,20,2,10,203,1097,125
0,21,1,5,449,651,144
0,22,2,5,437,663,132
0,23,2,10,59,1241,125
0,24,1,5,422,678,132
0,25,1,10,15,1285,125
0,26,2,10,49,1251,125
0,27,2,5,446,654,132
0,28,2,10,241,1059,125
0,29,1,10,50,1250,112
0,30,1,5,370,730,157
0,31,1,10,-16,1316,125
0,32,1,5,349,751,132
0,33,1,10,-198,1498,110
0,34,1,10,-577,1877,112
0,35,2,10,-917,2217,125
0,36,1,10,-928,2228,125
0,37,2,5,343,757,157
0,38,1,5,363,737,144
0,39,2,5,389,711,132
0,40,2,5,427,673,132
0,41,1,10,-612,1912,125
0,42,1,10,-1162,2462,112
0,43,1,10,-677,1977,112
0,44,2,10,-652,1952,125
0,45,1,5,321,779,157
0,46,1,5,306,794,144
0,47,2,5,370,730,132
0,48,2,10,-872,2172,125
0,49,1,5,383,717,132
0,50,1,10,-775,2075,125
0,51,1,10,-500,1800,112
0,52,1,10,-531,1831,125
0,53,1,10,-530,1830,112
0,54,1,10,-523,1823,112
0,55,2,10,-580,1880,125
0,56,1,10,-426,1726,148
0,57,1,10,-1334,2634,125
0,58,2,10,-1320,2620,125
0,59,1,10,-1265,2565,112
0,60,1,10,-1291,2591,99
0,61,1,10,-1248,2548,125
0,62,1,10,-2242,3542,125
0,63,2,10,-1016,2316,125
0,64,1,5,385,715,144
0,65,1,5,366,734,132
0,66,2,5,19,1081,157
0,67,2,10,-1021,2321,125
0,68,2,5,103,997,119
0,69,2,10,-1980,3280,125
0,70,1,10,-1994,3294,125
0,71,1,10,-2012,3312,125
0,72,1,10,-1888,3188,125
0,73,1,10,-2083,3383,125
0,74,2,5,332,768,132
0,75,2,10,-1912,3212,125
0,76,2,10,-2004,3304,125
0,77,1,10,-1875,3175,112
0,78,2,5,244,856,144
0,79,2,5,-37,1137,157
0,80,2,10,-1838,3138,112
0,81,1,10,-2761,4061,125
0,82,2,10,-2456,3756,125
0,83,1,10,-2724,4024,125
0,84,2,5,178,922,119
0,85,1,10,-2543,3843,125
0,86,2,10,-2353,3653,125
0,87,2,5,262,838,119
0,88,1,5,163,937,157
0,89,2,10,-2493,3793,125
0,90,1,5,359,741,157
0,91,1,5,393,707,157
0,92,1,10,-2247,3547,125
0,93,1,5,250,850,132
0,94,1,10,-2297,3597,85
0,95,1,10,-2305,3605,125
0,96,2,5,333,767,157
0,97,1,5,357,743,157
0,98,2,10,-2237,3537,62
0,99,1,10,-2699,3999,170
0,100,1,10,-3117,4417,125
0,101,1,5,407,693,132
0,102,1,10,-3005,4305,125
0,103,1,10,-3204,4504,112
0,104,2,10,-3274,4574,75
0,105,2,10,-3130,4430,125
0,106,1,5,346,754,119
0,107,1,10,-3028,4328,112
0,108,1,5,277,823,157
0,109,1,10,-3235,4535,125
0,110,2,5,397,703,132
0,111,1,10,-3074,4374,125
0,112,2,10,-2895,4195,125
0,113,2,10,-2903,4203,125
0,114,2,10,-2817,4117,125
0,115,1,10,-3641,4941,125
0,116,2,5,440,660,155
0,117,2,5,467,633,119
0,118,2,5,288,812,144
0,119,1,5,359,741,144
0,120,2,5,367,733,157
0,121,2,5,283,817,132
0,122,2,5,328,772,119
0,123,1,5,-11,1111,132
0,124,1,10,-3265,4565,125
0,125,2,10,-3261,4561,112
0,126,2,10,-3447,4747,125
0,127,2,10,-3174,4474,112
0,128,1,10,-3175,4475,125
0,129,2,5,486,614,132
0,130,2,5,307,793,157
0,131,2,10,-3292,4592,125
0,132,2,5,325,775,132
0,133,2,10,-3419,4719,125
0,134,2,5,361,739,132
0,135,1,5,387,713,157
0,136,1,5,373,727,144
0,137,1,10,-3151,4451,125
0,138,1,10,-3249,4549,75
0,139,1,5,378,722,144
0,140,1,10,-3075,4375,125
0,141,2,10,-4034,5334,125
0,142,1,10,-2931,4231,125
0,143,1,5,422,678,144
0,144,1,5,260,840,144
0,145,2,5,275,825,132
0,146,1,5,255,845,132
0,147,1,10,-4155,5455,125
0,148,1,5,382,718,144
0,149,1,10,-3683,4983,125
0,150,2,10,-3369,4669,125
0,151,2,5,357,743,132
0,152,1,10,-3576,4876,125
0,153,1,10,-3713,5013,125
0,154,2,10,-3606,4906,125
0,155,2,5,286,814,157
0,156,2,5,288,812,132
0,157,1,10,-3484,4784,125
0,158,1,10,-3482,4782,125
0,159,1,5,493,607,119
0,160,2,10,-4282,5582,112
0,161,1,5,-116,1216,157
0,162,1,5,20,1080,132
0,163,2,10,-4479,5779,120
0,164,2,5,59,1041,157
0,165,1,10,-4673,5973,125
0,166,2,10,-4867,6167,112
0,167,2,10,-4929,6229,125
0,168,2,10,-4735,6035,112
0,169,1,10,-5165,6465,125
0,170,1,5,447,653,132
0,171,2,10,-5121,6421,125
0,172,1,10,-5000,6300,125
0,173,1,10,-4950,6250,125
0,174,2,10,-4925,6225,125
0,175,1,10,-5195,6495,148
0,176,1,5,384,716,119
0,177,2,5,340,760,144
0,178,2,5,337,763,157
0,179,2,5,351,749,157
0,180,2,5,418,682,132
0,181,1,10,-4936,6236,125
0,182,2,10,-4873,6173,112
0,183,1,10,-4888,6188,125
0,184,2,10,-6151,7451,125
0,185,1,5,392,708,132
0,186,1,10,-5684,6984,125
0,187,1,10,-5707,7007,125
0,188,2,10,-5397,6697,132
0,189,1,10,-5904,7204,112
0,190,2,5,291,809,119
0,191,2,10,-5848,7148,125
0,192,1,10,-5637,6937,125
0,193,2,10,-5641,6941,112
0,194,1,5,341,759,157
0,195,1,10,-5768,7068,125
0,196,1,10,-5686,6986,125
0,197,1,10,-5799,7099,125
0,198,1,10,-7387,8687,125
0,199,2,5,331,769,157
0,200,1,10,-7104,8404,170
0,201,2,5,399,701,132
0,202,2,10,-7049,8349,125
0,203,1,10,-6514,7814,170
0,204,1,5,277,823,144
0,205,1,5,353,747,157
0,206,2,10,-7016,8316,112
0,207,2,5,354,746,132
0,208,1,10,-6918,8218,112
0,209,1,5,387,713,144
0,210,2,10,-6694,7994,75
0,211,1,10,-6913,8213,123
0,212,2,10,-6942,8242,125
0,213,1,10,-6865,8165,125
0,214,1,5,440,660,132
0,215,2,10,-6872,8172,125
0,216,1,10,-6803,8103,125
0,217,1,5,421,679,119
0,218,2,5,393,707,144
0,219,2,10,-6732,8032,148
0,220,2,5,260,840,157
0,221,1,5,471,629,132
0,222,1,10,-8057,9357,112
0,223,2,5,335,765,157
0,224,2,5,359,741,144
0,225,1,5,205,895,157
0,226,2,5,398,702,132
0,227,1,5,214,886,157
0,228,2,5,218,882,144
0,229,1,5,271,829,132
0,230,2,10,-7190,8490,112
0,231,1,5,390,710,119
0,232,2,10,-7500,8800,125
0,233,2,5,272,828,132
0,234,2,10,-7437,8737,125
0,235,2,10,-7309,8609,125
0,236,2,10,-7237,8537,125
0,237,2,5,325,775,157
0,238,2,10,-7566,8866,125
0,239,2,5,396,704,157
0,240,1,10,-6947,8247,125
0,241,2,5,294,806,144
0,242,2,10,-7187,8487,75
0,243,2,5,400,700,132
0,244,1,5,391,709,144
0,245,1,10,-6993,8293,75
0,246,1,10,-6708,8008,125
0,247,2,10,-7807,9107,125
0,248,2,5,439,661,144
0,249,1,10,-7736,9036,125
0,250,2,5,308,792,119
0,251,1,5,165,935,157
0,252,2,5,171,929,132
0,253,1,5,301,799,157
0,254,2,5,403,697,119
0,255,2,5,317,783,157
0,256,2,5,335,765,144
0,257,1,5,375,725,157
0,258,2,5,299,801,157
0,259,2,5,261,839,144
0,260,2,10,-7144,8444,112
0,261,1,5,267,833,132
0,262,1,5,226,874,144
0,263,1,5,174,926,157
0,264,1,5,215,885,144
0,265,2,10,-6940,8240,125
0,266,1,10,-7059,8359,125
0,267,2,10,-7362,8662,125
0,268,1,5,342,758,157
0,269,1,10,-6895,8195,125
0,270,2,5,393,707,132
0,271,1,10,-7218,8518,125
0,272,2,5,489,611,132
0,273,2,10,-7844,9144,125
0,274,2,10,-7817,9117,112
0,275,1,5,466,634,144
0,276,2,5,405,695,157
0,277,1,10,-7609,8909,125
0,278,1,5,430,670,132
0,279,2,5,167,933,132
0,280,1,10,-7478,8778,125
0,281,1,10,-7355,8655,125
0,282,1,10,-7890,9190,112
0,283,2,5,319,781,130
0,284,2,10,-7771,9071,112
0,285,1,10,-8208,9508,125
0,286,1,5,310,790,130
0,287,1,10,-8138,9438,125
0,288,1,5,251,849,132
0,289,1,5,279,821,157
0,290,1,10,-8046,9346,125
0,291,2,5,285,815,119
0,292,1,10,-8220,9520,125
0,293,1,10,-8385,9685,125
0,294,1,10,-8966,10266,123
0,295,2,10,-9349,10649,125
0,296,1,10,-9282,10582,125
0,297,2,5,351,749,132
0,298,1,5,180,920,132
0,299,1,5,171,929,144
0,300,2,5,166,934,132
0,301,1,10,-8956,10256,112
0,302,2,10,-8793,10093,125
0,303,2,10,-9169,10469,125
0,304,1,10,-9400,10700,75
0,305,1,5,313,787,132
0,306,2,5,312,788,144
0,307,1,5,354,746,157
0,308,1,5,264,836,132
0,309,2,10,-10214,11514,125
0,310,1,10,-10209,11509,112
0,311,1,5,378,722,119
0,312,1,10,-10028,11328,125
0,313,1,10,-10310,11610,125
0,314,2,5,227,873,157
0,315,2,5,346,754,132
0,316,2,10,-10075,11375,125
0,317,2,10,-10025,11325,125
0,318,1,10,-10139,11439,125
0,319,2,10,-9808,11108,125
0,320,1,5,286,814,132
0,321,2,10,-11122,12422,125
0,322,2,10,-10978,12278,125
0,323,1,5,272,828,144
0,324,1,5,295,805,157
0,325,1,10,-11084,12384,125
0,326,2,5,392,708,119
0,327,2,5,238,862,157
0,328,1,10,-10724,12024,112
0,329,1,10,-10939,12239,112
0,330,2,5,339,761,144
0,331,2,10,-10751,12051,125
0,332,2,10,-10698,11998,125
0,333,2,10,-11036,12336,125
0,334,2,10,-10658,11958,125
0,335,1,5,357,743,119
0,336,1,5,336,764,132
0,337,1,10,-10807,12107,125
0,338,2,10,-11968,13268,107
0,339,2,5,390,710,144
0,340,1,5,386,714,132
0,341,2,10,-12279,13579,125
0,342,2,10,-12304,13604,110
0,343,1,10,-12484,13784,123
0,344,1,10,-12838,14138,112
0,345,2,5,166,934,157
0,346,2,10,-12816,14116,125
0,347,1,5,222,878,144
0,348,2,10,-12724,14024,125
0,349,1,5,451,649,119
0,350,1,10,-12759,14059,125
0,351,2,5,313,787,132
0,352,1,5,299,801,157
0,353,1,10,-12567,13867,132
0,354,1,10,-12667,13967,125
0,355,1,5,408,692,157
0,356,1,5,480,620,119
0,357,2,5,373,727,157
0,358,1,5,406,694,132
0,359,1,5,215,885,132
0,360,2,10,-12429,13729,125
0,361,1,10,-12321,13621,125
0,362,2,5,185,915,144
0,363,1,5,286,814,132
0,364,1,10,-12696,13996,125
0,365,2,10,-13515,14815,125
0,366,2,5,346,754,157
0,367,1,10,-12978,14278,170
0,368,1,10,-13206,14506,125
0,369,2,10,-13092,14392,125
0,370,2,10,-13031,14331,112
0,371,2,5,425,675,155
0,372,2,10,-13014,14314,125
0,373,1,5,359,741,144
0,374,1,10,-12750,14050,75
0,375,1,5,418,682,119
0,376,1,10,-12826,14126,125
0,377,2,5,365,735,144
0,378,1,5,400,700,144
0,379,2,10,-12805,14105,125
0,380,1,10,-12695,13995,75
0,381,2,10,-13702,15002,125
0,382,1,5,453,647,119
0,383,2,5,361,739,132
0,384,1,10,-13487,14787,112
0,385,2,10,-13748,15048,125
0,386,1,5,199,901,132
0,387,1,5,172,928,157
0,388,2,10,-13614,14914,110
0,389,1,5,169,931,157
0,390,1,10,-13794,15094,125
0,391,1,5,410,690,144
0,392,2,5,277,823,119
0,393,1,5,226,874,157
0,394,1,5,278,822,157
0,395,2,10,-13532,14832,125
0,396,2,10,-13652,14952,125
0,397,1,5,211,889,119
0,398,2,5,7,1093,157
0,399,1,10,-13659,14959,112
0,400,1,5,344,756,132
0,401,2,10,-13534,14834,125
0,402,2,10,-13586,14886,125
0,403,2,10,-14621,15921,125
0,404,2,10,-14199,15499,112
0,405,1,10,-14396,15696,125
0,406,1,10,-14286,15586,99
0,407,2,5,452,648,119
0,408,2,5,259,841,157
0,409,2,10,-14101,15401,125
0,410,2,10,-14156,15456,125
0,411,2,10,-14333,15633,125
0,412,2,5,309,791,157
0,413,1,10,-14201,15501,125
0,414,1,5,342,758,132
0,415,2,5,378,722,119
0,416,2,10,-14768,16068,125
0,417,1,5,178,922,132
0,418,1,10,-14657,15957,125
0,419,1,10,-14600,15900,112
0,420,2,5,265,835,144
0,421,1,5,289,811,144
0,422,1,10,-14470,15770,112
0,423,2,5,325,775,157
0,424,2,5,168,932,144
0,425,1,5,212,888,157
0,426,1,5,182,918,157
0,427,1,5,280,820,157
0,428,1,10,-14091,15391,75
0,429,2,5,414,686,119
0,430,2,10,-14880,16180,125
0,431,1,10,-14887,16187,125
0,432,2,5,267,833,157
0,433,2,5,278,822,132
0,434,1,5,341,759,144
0,435,2,5,356,744,157
0,436,2,5,413,687,132
0,437,1,5,355,745,157
0,438,2,5,284,816,144
0,439,1,5,346,754,119
0,440,1,10,-14425,15725,125
0,441,2,5,326,774,132
0,442,2,10,-14711,16011,125
0,443,2,10,-15100,16400,125
0,444,1,10,-14991,16291,125
0,445,2,10,-14792,16092,125
0,446,1,5,405,695,132
0,447,1,10,-15189,16489,125
0,448,2,5,385,715,157
0,449,2,10,-15155,16455,75
0,450,2,10,-15616,16916,120
0,451,1,5,375,725,132
0,452,2,5,386,714,132
0,453,2,10,-15747,17047,110
0,454,1,10,-15702,17002,125
0,455,2,10,-16077,17377,112
0,456,1,5,438,662,157
0,457,1,10,-16916,18216,125
0,458,1,10,-17026,18326,125
0,459,1,5,410,690,144
0,460,1,5,406,694,132
0,461,2,5,426,674,132
0,462,2,5,389,711,157
0,463,1,10,-16938,18238,112
0,464,2,5,367,733,157
0,465,2,10,-16817,18117,125
0,466,1,5,360,740,157
0,467,1,5,331,769,132
0,468,1,10,-16803,18103,125
0,469,1,5,404,696,132
0,470,2,10,-16778,18078,112
0,471,1,5,419,681,157
0,472,2,10,-17113,18413,125
0,473,1,5,518,582,130
0,474,1,10,-17022,18322,75
0,475,2,5,371,729,155
0,476,2,10,-16857,18157,125
0,477,2,5,496,604,132
0,478,1,5,236,864,157
0,479,1,5,403,697,117
0,480,1,5,437,663,132
0,481,1,5,412,688,155
0,482,2,5,368,732,132
0,483,1,5,197,903,132
0,484,2,10,-16851,18151,112
0,485,2,5,164,936,157
0,486,1,5,193,907,132
0,487,1,5,107,993,157
0,488,2,10,-17095,18395,125
0,489,2,10,-16967,18267,125
0,490,2,10,-16744,18044,125
0,491,1,10,-17634,18934,125
0,492,1,10,-16885,18185,171
0,493,2,10,-17671,18971,112
0,494,1,10,-18295,19595,125
0,495,1,5,375,725,144
0,496,1,5,322,778,157
0,497,2,5,339,761,157
0,498,2,5,296,804,132
0,499,2,5,329,771,132
0,500,1,5,235,865,157
0,501,1,10,-17366,18666,125
0,502,1,5,242,858,144
0,503,2,5,270,830,119
0,504,1,5,359,741,157
0,505,2,10,-17235,18535,125
0,506,2,10,-17217,18517,125
0,507,2,5,464,636,132
0,508,1,10,-17632,18932,112
0,509,1,5,488,612,157
0,510,1,5,450,650,157
0,511,1,5,332,768,157
0,512,1,5,459,641,157
0,513,2,5,408,692,132
0,514,1,5,491,609,157
0,515,2,5,341,759,144
0,516,2,10,-17045,18345,125
0,517,1,10,-17282,18582,125
0,518,1,5,344,756,132
0,519,2,5,366,734,132
0,520,1,5,389,711,155
0,521,1,10,-16967,18267,125
0,522,1,5,510,590,130
0,523,1,5,349,751,157
0,524,1,10,-16918,18218,125
0,525,2,5,318,782,157
0,526,1,10,-16781,18081,125
0,527,1,5,422,678,144
0,528,2,10,-16740,18040,75
0,529,1,5,461,639,132
0,530,1,5,435,665,132
0,531,1,5,353,747,144
0,532,1,5,329,771,157
0,533,1,10,-17691,18991,112
0,534,2,10,-17337,18637,125
0,535,2,5,310,790,132
0,536,2,10,-17219,18519,135
0,537,1,10,-17418,18718,135
0,538,2,10,-17384,18684,125
0,539,2,5,338,762,132
0,540,1,5,327,773,157
0,541,1,5,394,706,144
0,542,1,5,473,627,144
0,543,2,5,391,709,157
0,544,1,5,429,671,132
0,545,2,10,-17062,18362,125
0,546,2,10,-17375,18675,125
0,547,2,10,-17330,18630,125
0,548,1,10,-17309,18609,112
0,549,1,10,-18081,19381,125
0,550,2,10,-17093,18393,125
0,551,2,10,-17065,18365,148
0,552,1,10,-17110,18410,125
0,553,1,10,-17904,19204,125
0,554,1,10,-17968,19268,75
0,555,1,5,429,671,119
0,556,1,5,430,670,144
0,557,1,5,471,629,132
0,558,2,10,-17798,19098,75
0,559,2,5,398,702,157
0,560,2,10,-17905,19205,75
0,561,2,5,281,819,157
0,562,2,5,417,683,132
0,563,1,10,-18384,19684,125
0,564,1,10,-18600,19900,125
0,565,1,10,-18614,19914,125
0,566,1,5,340,760,132
0,567,2,10,-18560,19860,112
0,568,1,10,-18501,19801,112
0,569,2,5,268,832,132
0,570,1,10,-18516,19816,125
0,571,2,5,299,801,157
0,572,2,10,-18808,20108,109
0,573,1,10,-19167,20467,170
0,574,2,5,312,788,144
0,575,1,5,178,922,157
0,576,2,10,-19268,20568,170
0,577,1,5,257,843,157
0,578,1,5,63,1037,157
0,579,2,10,-19272,20572,125
0,580,2,5,244,856,144
0,581,1,10,-19188,20488,170
0,582,2,5,298,802,132
0,583,2,5,315,785,157
0,584,2,5,394,706,157
0,585,2,5,440,660,132
0,586,1,10,-18986,20286,125
0,587,1,5,345,755,144
0,588,2,10,-19125,20425,125
0,589,2,10,-19183,20483,112
0,590,1,5,398,702,144
0,591,1,10,-19200,20500,112
0,592,2,5,442,658,132
0,593,1,10,-18940,20240,125
0,594,2,10,-19039,20339,99
0,595,2,5,423,677,132
0,596,2,5,430,670,119
0,597,1,5,345,755,155
0,598,1,10,-18711,20011,112
0,599,1,5,425,675,157
0,600,1,10,-18721,20021,112
0,601,2,5,399,701,155
0,602,2,10,-20174,21474,112
0,603,2,5,501,599,130
0,604,1,10,-18923,20223,112
0,605,2,10,-18749,20049,157
0,606,2,10,-18907,20207,148
0,607,1,5,345,755,117
0,608,1,5,397,703,157
0,609,2,5,467,633,132
0,610,2,5,390,710,157
0,611,2,5,310,790,132
0,612,1,10,-19991,21291,125
0,613,1,5,371,729,157
0,614,2,5,439,661,157
0,615,2,10,-19791,21091,170
0,616,1,5,442,658,132
0,617,1,5,361,739,157
0,618,1,5,411,689,157
0,619,1,10,-19064,20364,170
0,620,1,10,-19495,20795,75
0,621,2,5,449,651,132
0,622,1,5,226,874,132
0,623,2,10,-19490,20790,170
0,624,1,10,-19369,20669,112
0,625,2,5,347,753,157
0,626,1,5,426,674,157
0,627,2,5,386,714,132
0,628,2,10,-19153,20453,157
0,629,2,5,335,765,157
0,630,2,10,-19290,20590,135
0,631,1,5,381,719,155
0,632,2,5,478,622,157
0,633,2,5,318,782,132
0,634,1,10,-19028,20328,112
0,635,2,10,-19064,20364,97
0,636,1,10,-18859,20159,135
0,637,1,10,-19036,20336,125
0,638,2,10,-18966,20266,148
0,639,2,10,-18898,20198,125
0,640,1,5,423,677,157
0,641,2,5,440,660,144
0,642,2,10,-18827,20127,125
0,643,2,10,-18862,20162,125
0,644,1,5,391,709,144
0,645,2,5,381,719,144
0,646,1,10,-19015,20315,107
0,647,2,10,-18651,19951,125
0,648,2,10,-19166,20466,112
0,649,2,5,365,735,144
0,650,2,5,393,707,119
0,651,2,5,362,738,119
0,652,2,10,-18976,20276,119
0,653,1,10,-18933,20233,157
0,654,1,10,-18839,20139,170
0,655,2,5,300,800,157
0,656,2,10,-18995,20295,125
0,657,2,10,-19002,20302,112
0,658,1,10,-18837,20137,170
0,659,2,5,441,659,119
0,660,1,10,-18763,20063,125
0,661,2,10,-18848,20148,125
0,662,2,10,-18865,20165,125
0,663,2,5,404,696,144
0,664,1,10,-18747,20047,75
0,665,2,10,-18658,19958,112
0,666,2,5,346,754,144
0,667,2,5,435,665,132
0,668,2,10,-18976,20276,125
0,669,1,5,339,761,144
0,670,1,5,391,709,119
0,671,1,5,155,945,132
0,672,2,5,30,1070,119
0,673,2,10,-19267,20567,180
0,674,1,10,-19497,20797,112
0,675,1,5,193,907,132
0,676,2,5,122,978,144
0,677,2,5,167,933,157
0,678,1,5,200,900,157
0,679,2,10,-19482,20782,112
0,680,1,10,-19194,20494,122
0,681,2,5,413,687,132
0,682,2,5,428,672,157
0,683,2,5,407,693,132
0,684,2,5,297,803,157
0,685,1,5,350,750,157
0,686,1,10,-18439,19739,170
0,687,1,5,398,702,132
0,688,2,10,-18938,20238,125
0,689,2,10,-18956,20256,112
0,690,1,10,-18824,20124,120
0,691,1,10,-18739,20039,62
0,692,2,5,426,674,132
0,693,2,5,415,685,132
0,694,1,5,445,655,155
0,695,2,5,423,677,142
0,696,2,10,-18604,19904,75
0,697,2,5,459,641,130
0,698,1,10,-18948,20248,123
0,699,1,10,-18958,20258,133
0,700,2,10,-18357,19657,75
0,701,2,5,466,634,155
0,702,2,5,474,626,132
0,703,2,10,-18221,19521,98
0,704,2,5,341,759,157
0,705,1,10,-17975,19275,75
0,706,2,5,504,596,132
0,707,2,5,293,807,157
0,708,1,5,308,792,132
0,709,1,5,363,737,144
0,710,2,10,-17935,19235,125
0,711,2,10,-17978,19278,112
0,712,1,10,-17882,19182,112
0,713,1,5,386,714,157
0,714,1,5,302,798,157
0,715,1,5,355,745,157
0,716,1,5,300,800,144
0,717,1,10,-18408,19708,170
0,718,2,10,-19002,20302,125
0,719,1,10,-19143,20443,125
0,720,1,5,358,742,132
0,721,2,5,193,907,144
0,722,2,5,300,800,132
0,723,2,10,-18452,19752,125
0,724,2,10,-18464,19764,170
0,725,1,10,-18806,20106,125
0,726,1,10,-18723,20023,99
0,727,2,10,-18669,19969,99
0,728,1,10,-18769,20069,170
0,729,2,5,546,554,119
0,730,2,5,457,643,157
0,731,1,5,485,615,155
0,732,1,5,513,587,132
0,733,1,10,-18371,19671,75
0,734,2,5,515,585,117
0,735,2,10,-18114,19414,112
0,736,1,5,484,616,132
0,737,1,5,348,752,157
0,738,2,10,-18251,19551,125
0,739,1,10,-18410,19710,146
0,740,2,10,-17869,19169,112
0,741,2,5,354,746,119
0,742,1,10,-17868,19168,125
0,743,2,10,-17791,19091,112
0,744,2,10,-18239,19539,135
0,745,2,5,377,723,157
0,746,2,5,236,864,119
0,747,2,5,253,847,132
0,748,1,5,236,864,157
0,749,2,5,299,801,157
0,750,1,5,267,833,157
0,751,1,5,235,865,144
0,752,2,5,285,815,144
0,753,2,5,443,657,132
0,754,2,5,263,837,157
0,755,1,10,-17756,19056,125
0,756,2,10,-17618,18918,155
0,757,2,5,350,750,132
0,758,1,10,-17631,18931,112
0,759,1,5,379,721,144
0,760,2,10,-17398,18698,170
0,761,2,10,-17934,19234,99
0,762,2,5,445,655,119
0,763,1,10,-17766,19066,132
0,764,2,10,-17901,19201,125
0,765,1,5,406,694,132
0,766,1,10,-17988,19288,125
0,767,1,10,-18361,19661,125
0,768,1,10,-18186,19486,125
0,769,1,10,-17854,19154,112
0,770,2,5,568,532,117
0,771,1,10,-17796,19096,112
0,772,1,5,481,619,132
0,773,2,10,-17488,18788,132
0,774,2,10,-17821,19121,112
0,775,1,10,-17974,19274,62
0,776,1,10,-17980,19280,62
0,777,1,5,388,712,132
0,778,2,5,380,720,157
0,779,2,5,397,703,157
0,780,1,10,-18019,19319,157
0,781,2,5,351,749,132
0,782,1,5,351,749,157
0,783,2,5,345,755,119
0,784,2,5,229,871,157
0,785,2,5,226,874,132
0,786,1,5,327,773,132
0,787,1,5,115,985,132
0,788,2,5,311,789,157
0,789,2,10,-17776,19076,135
0,790,1,5,187,913,157
0,791,2,10,-18221,19521,112
0,792,2,5,212,888,157
0,793,2,10,-18890,20190,112
0,794,1,10,-17782,19082,112
0,795,2,5,325,775,132
0,796,1,5,177,923,157
0,797,2,10,-17605,18905,148
0,798,1,5,319,781,157
0,799,1,10,-18820,20120,112
0,800,1,10,-18027,19327,135
0,801,1,10,-17844,19144,112
0,802,2,5,529,571,130
0,803,1,5,568,532,132
0,804,1,5,301,799,157
0,805,1,5,433,667,130
0,806,2,10,-17736,19036,112
0,807,2,10,-17536,18836,170
0,808,2,10,-17481,18781,157
0,809,2,5,498,602,130
0,810,2,5,429,671,155
0,811,2,5,462,638,142
0,812,1,5,387,713,155
0,813,2,10,-17928,19228,125
0,814,2,10,-18094,19394,125
0,815,2,5,483,617,132
0,816,1,5,453,647,157
0,817,2,5,494,606,132
0,818,2,5,481,619,144
0,819,2,10,-18397,19697,107
0,820,1,5,535,565,130
0,821,1,10,-17867,19167,112
0,822,1,10,-17789,19089,135
0,823,2,10,-17543,18843,125
0,824,1,5,371,729,119
0,825,2,10,-17381,18681,125
0,826,2,10,-16795,18095,157
0,827,1,5,367,733,157
0,828,1,5,494,606,119
0,829,1,10,-16978,18278,112
0,830,2,5,-48,1148,132
0,831,1,5,-62,1162,144
0,832,2,10,-16752,18052,112
0,833,2,5,79,1021,119
0,834,2,10,-17703,19003,125
0,835,1,5,151,949,157
0,836,2,5,42,1058,157
0,837,1,10,-17077,18377,112
0,838,2,5,216,884,157
0,839,1,10,-17484,18784,112
0,840,2,5,257,843,157
0,841,2,5,383,717,144
0,842,1,5,388,712,132
0,843,1,5,364,736,157
0,844,2,10,-17141,18441,112
0,845,2,10,-16621,17921,135
0,846,1,5,377,723,157
0,847,2,10,-16696,17996,125
0,848,2,5,240,860,144
0,849,2,10,-17234,18534,125
0,850,2,5,267,833,132
0,851,1,10,-17129,18429,98
0,852,2,10,-17107,18407,62
0,853,1,10,-16882,18182,82
0,854,1,5,321,779,132
0,855,2,10,-17500,18800,125
0,856,2,10,-17408,18708,148
0,857,1,5,330,770,157
0,858,1,10,-16874,18174,125
0,859,1,5,456,644,144
0,860,2,5,510,590,144
0,861,1,5,423,677,157
0,862,2,5,468,632,132
0,863,1,5,457,643,132
0,864,2,5,353,747,157
0,865,2,10,-17485,18785,155
0,866,1,5,396,704,157
0,867,1,5,445,655,132
0,868,2,5,287,813,157
0,869,1,10,-16768,18068,96
0,870,2,10,-17424,18724,125
0,871,2,10,-17432,18732,148
0,872,1,5,514,586,117
0,873,1,10,-16966,18266,125
0,874,2,5,484,616,155
0,875,1,10,-16832,18132,112
0,876,1,5,497,603,132
0,877,1,5,555,545,132
0,878,2,10,-17123,18423,125
0,879,1,10,-16775,18075,119
0,880,2,5,566,534,142
0,881,1,10,-16912,18212,170
0,882,1,5,480,620,130
0,883,1,10,-16868,18168,112
0,884,2,10,-17437,18737,125
0,885,1,5,338,762,157
0,886,1,10,-16773,18073,125
0,887,1,10,-16826,18126,112
0,888,2,10,-16656,17956,170
0,889,2,10,-16534,17834,178
0,890,2,5,393,707,157
0,891,1,10,-16864,18164,125
0,892,1,10,-17250,18550,112
0,893,1,10,-17287,18587,125
0,894,2,10,-17328,18628,125
0,895,2,5,405,695,119
0,896,2,10,-17424,18724,112
0,897,2,10,-17494,18794,112
0,898,2,5,445,655,119
0,899,1,5,323,777,144
0,900,1,5,352,748,144
0,901,1,10,-17303,18603,170
0,902,2,10,-17115,18415,125
0,903,1,10,-17538,18838,112
0,904,2,10,-17302,18602,125
0,905,2,10,-16852,18152,157
0,906,2,10,-17316,18616,125
0,907,2,5,279,821,132
0,908,1,10,-17308,18608,125
0,909,2,10,-17178,18478,112
0,910,2,10,-17342,18642,216
0,911,1,10,-17416,18716,112
0,912,2,5,251,849,144
0,913,2,10,-17312,18612,62
0,914,1,10,-17408,18708,148
0,915,2,10,-17378,18678,148
0,916,2,10,-17717,19017,132
0,917,1,5,400,700,144
0,918,2,5,406,694,157
0,919,2,5,73,1027,157
0,920,2,5,86,1014,119
0,921,1,10,-17827,19127,99
0,922,2,5,-16,1116,157
0,923,2,10,-17815,19115,125
0,924,1,10,-17732,19032,62
0,925,2,5,200,900,157
0,926,2,10,-17535,18835,132
0,927,2,5,390,710,132
0,928,2,10,-17578,18878,125
0,929,2,10,-17605,18905,125
0,930,2,10,-17918,19218,112
0,931,2,10,-17463,18763,132
0,932,1,10,-17776,19076,112
0,933,2,5,448,652,144
0,934,2,10,-17667,18967,125
0,935,1,10,-17698,18998,125
0,936,2,5,258,842,157
0,937,2,10,-17521,18821,125
0,938,1,10,-17471,18771,125
0,939,2,5,370,730,157
0,940,2,5,389,711,132
0,941,1,5,367,733,144
0,942,1,5,421,679,119
0,943,1,10,-18074,19374,132
0,944,1,10,-18475,19775,62
0,945,2,10,-18101,19401,122
0,946,1,5,383,717,144
0,947,1,10,-17855,19155,125
0,948,2,10,-17867,19167,148
0,949,2,5,412,688,132
0,950,1,10,-18989,20289,112
0,951,1,5,361,739,157
0,952,1,10,-18198,19498,99
0,953,1,5,399,701,144
0,954,2,5,308,792,144
0,955,1,5,233,867,132
0,956,1,10,-18213,19513,112
0,957,2,5,244,856,157
0,958,2,5,302,798,157
0,959,2,5,355,745,157
0,960,1,10,-17991,19291,125
0,961,1,5,414,686,119
0,962,2,10,-17955,19255,125
0,963,1,5,316,784,144
0,964,2,10,-18450,19750,158
0,965,1,10,-18373,19673,125
0,966,1,10,-17933,19233,135
0,967,1,10,-18478,19778,148
0,968,1,5,427,673,119
0,969,1,10,-17891,19191,112
0,970,1,10,-17919,19219,112
0,971,1,10,-17863,19163,112
0,972,2,10,-18371,19671,135
0,973,2,5,389,711,132
0,974,2,10,-18437,19737,112
0,975,1,5,334,766,157
0,976,2,10,-18310,19610,125
0,977,1,10,-18684,19984,112
0,978,1,5,427,673,132
0,979,2,5,287,813,157
0,980,2,10,-18678,19978,112
0,981,2,5,342,758,132
0,982,1,5,334,766,144
0,983,1,10,-18177,19477,148
0,984,1,5,435,665,132
0,985,1,5,454,646,130
0,986,2,5,295,805,157
0,987,1,10,-18236,19536,132
0,988,2,10,-18300,19600,125
0,989,1,5,394,706,157
0,990,2,10,-18199,19499,125
0,991,2,5,297,803,157
0,992,1,10,-18053,19353,148
0,993,2,5,389,711,144
0,994,1,10,-17946,19246,135
0,995,2,5,415,685,132
0,996,1,5,493,607,132
0,997,2,10,-17843,19143,125
0,998,2,10,-17790,19090,125
0,999,1,5,488,612,132
