2020-04-16 19:26:44

CONFIGURATION:
{u'simulation': {u'stdev_factor': 0.01, u'power_mgmt_enabled': False, u'tasks': {u'loc': {u'mean_service_time': {u'gpu': 90, u'cpu_core': 200, u'loc_accel': 10}, u'priority': 1, u'deadline': 1000, u'stdev_service_time': {u'gpu': 0.9, u'cpu_core': 2.0, u'loc_accel': 0.1}, u'power': {u'gpu': 4.457, u'cpu_core': 6.133, u'loc_accel': 0.02197}}, u'detect': {u'mean_service_time': {u'gpu': 0.4607, u'cpu_core': 3.654, u'det_accel': 0.278}, u'priority': 2, u'deadline': 1000, u'stdev_service_time': {u'gpu': 0.004607, u'cpu_core': 0.03654, u'det_accel': 0.0027800000000000004}, u'power': {u'gpu': 90, u'cpu_core': 200, u'det_accel': 10}}, u'Frontier': {u'mean_service_time': {u'cpu_core': 396}, u'priority': 9, u'deadline': 1000, u'stdev_service_time': {u'cpu_core': 3.96}, u'power': {u'cpu_core': 5.98}}, u'track': {u'mean_service_time': {u'gpu': 17, u'tra_accel': 2, u'cpu_core': 1820}, u'priority': 3, u'deadline': 1000, u'stdev_service_time': {u'gpu': 0.17, u'tra_accel': 0.02, u'cpu_core': 18.2}, u'power': {u'gpu': 12.79, u'tra_accel': 0.59, u'cpu_core': 5.6}}, u'sp': {u'mean_service_time': {u'gpu': 379, u'cpu_core': 1004}, u'priority': 11, u'deadline': 1000, u'stdev_service_time': {u'gpu': 3.79, u'cpu_core': 10.040000000000001}, u'power': {u'gpu': 3.302, u'cpu_core': 1004}}, u'mission': {u'mean_service_time': {u'cpu_core': 0.0022}, u'priority': 5, u'deadline': 1000, u'stdev_service_time': {u'cpu_core': 2.2000000000000003e-05}, u'power': {u'cpu_core': 3.534}}, u'motion': {u'mean_service_time': {u'cpu_core': 8}, u'priority': 6, u'deadline': 1000, u'stdev_service_time': {u'cpu_core': 0.08}, u'power': {u'cpu_core': 4.222}}, u'collision': {u'mean_service_time': {u'cpu_core': 8}, u'priority': 7, u'deadline': 1000, u'stdev_service_time': {u'cpu_core': 0.08}, u'power': {u'cpu_core': 0}}, u'fusion': {u'mean_service_time': {u'cpu_core': 1}, u'priority': 4, u'deadline': 1000, u'stdev_service_time': {u'cpu_core': 0.01}, u'power': {u'cpu_core': 0}}, u'map': {u'mean_service_time': {u'gpu': 761, u'cpu_core': 973}, u'priority': 10, u'deadline': 1000, u'stdev_service_time': {u'gpu': 7.61, u'cpu_core': 9.73}, u'power': {u'gpu': 3.533, u'cpu_core': 2.995}}, u'path': {u'mean_service_time': {u'cpu_core': 8}, u'priority': 8, u'deadline': 1000, u'stdev_service_time': {u'cpu_core': 0.08}, u'power': {u'cpu_core': 0}}}, u'sched_policy_module': u'policies.heft', u'drop': True, u'servers': {u'gpu': {u'count': 2}, u'tra_accel': {u'count': 1}, u'cpu_core': {u'count': 8}, u'loc_accel': {u'count': 1}, u'det_accel': {u'count': 1}}, u'max_tasks_simulated': 10000, u'max_queue_size': 1000000, u'mean_arrival_time': 50, u'arrival_time_scale': 4.2}, u'general': {u'random_seed': 0, u'pre_gen_arrivals': False, u'basename': u'policy:heft__stdev_factor:0.01', u'output_trace_file': None, u'working_dir': u'/home/hiwot/meta-stomp2/sim_16042020_192450_new_arrival_50_map_rheftmapping_50_trace_50', u'input_trace_file': (False, '../mv_mapping_50_trace_50.trc'), u'logging_level': u'INFO'}}
Time	Response time (avg)
10	10.0
173	10.0
938	10.0
1169	10.0
1635	10.0
1727	10.0
1774	10.0
1946	10.0
2000	10.0
2609	10.0
2619	10.5
3004	10.4
3050	10.4
3134	10.4
3160	10.3
3172	10.3
3197	10.3
3399	10.3
3592	10.3
3626	10.2
3693	10.2
3836	10.2
3895	10.2
3974	10.2
3984	10.2
4159	10.2
4189	10.2
4525	10.2
4802	10.2
5650	10.2
5680	10.2
5768	10.2
5814	10.2
5957	10.2
6742	10.2
7057	10.2
7103	10.2
7204	10.2
7234	10.2
7259	10.2
7389	10.1
7439	10.1
8006	10.1
8053	10.1
8074	10.1
8183	10.1
8582	10.1
8792	10.1
8918	10.1
8977	10.1
9367	10.1
10035	10.1
10186	10.1
10358	10.1
10426	10.1
10531	10.1
10560	10.1
10959	10.1
10972	10.1
11371	10.1
11686	10.1
11795	10.1
11875	10.1
12215	10.1
12244	10.1
12479	10.1
12517	10.1
12698	10.1
12715	10.1
12967	10.1
13143	10.1
13214	10.1
13731	10.1
13773	10.1
14353	10.1
14735	10.1
14806	10.1
14924	10.1
15201	10.1
15211	10.2
15587	10.1
16003	10.1
16049	10.1
16150	10.1
16600	10.1
16730	10.1
16742	10.1
17003	10.1
17351	10.1
18221	10.1
18422	10.1
18952	10.1
19183	10.1
19193	10.1
19523	10.1
19645	10.1
19729	10.1
19745	10.1
19947	10.1
19960	10.1
20191	10.1
20623	10.1
20674	10.1
20812	10.1
20930	10.1
21047	10.1
21614	10.1
21624	10.1
22530	10.1
22950	10.1
23110	10.1
23135	10.1
23521	10.1
23853	10.1
24088	10.1
24202	10.1
24445	10.1
24596	10.1
24748	10.1
25084	10.1
25504	10.1
25646	10.1
25722	10.1
26318	10.1
26688	10.1
26726	10.1
27234	10.1
27276	10.1
27650	10.1
27784	10.1
27977	10.1
28360	10.1
28532	10.1
28620	10.1
28725	10.1
28796	10.1
28964	10.1
29006	10.1
29141	10.1
29351	10.1
29447	10.1
29457	10.1
29515	10.1
29603	10.1
29809	10.1
29964	10.1
30174	10.1
30531	10.1
30541	10.2
31094	10.2
31413	10.2
31770	10.2
31780	10.2
31913	10.2
32312	10.2
32820	10.2
32921	10.2
32950	10.2
33101	10.2
33299	10.2
33891	10.2
33933	10.2
34130	10.2
34290	10.2
34319	10.2
34353	10.2
34370	10.2
34748	10.2
34836	10.2
34949	10.2
35122	10.2
35260	10.2
36172	10.2
36802	10.2
37045	10.2
37448	10.2
37810	10.2
38120	10.2
38461	10.2
38662	10.2
38672	10.2
38776	10.2
38973	10.2
39086	10.2
39851	10.2
39905	10.2
39931	10.2
40157	10.2
40481	10.2
40863	10.2
41543	10.2
41808	10.2
42064	10.2
42312	10.2
42677	10.2
42703	10.2
42728	10.2
43030	10.2
43114	10.2
43459	10.2
43469	10.2
44034	10.2
44189	10.2
44446	10.2
44605	10.2
44908	10.2
45344	10.2
45676	10.2
45777	10.2
45932	10.2
46004	10.2
46021	10.2
46130	10.2
46218	10.2
46714	10.2
46911	10.2
48003	10.2
48583	10.2
48847	10.2
48910	10.2
48990	10.2
49000	10.2
49032	10.2
49112	10.2
49124	10.2
49145	10.2
49225	10.2
49385	10.2
49477	10.2
49985	10.2
49995	10.2
50053	10.2
50124	10.2
50204	10.2
50267	10.2
50326	10.2
50380	10.2
52295	10.2
52539	10.2
52549	10.2
53035	10.2
53308	10.2
53530	10.2
53753	10.2
53841	10.2
53908	10.2
54017	10.2
54206	10.2
54559	10.2
54925	10.2
55139	10.2
55954	10.2
56071	10.2
56752	10.2
56924	10.2
56941	10.2
56951	10.2
57142	10.2
57285	10.2
57499	10.2
57726	10.2
57739	10.2
57768	10.2
57940	10.2
58041	10.2
58226	10.2
58583	10.2
58671	10.2
58923	10.2
58978	10.2
58988	10.2
59389	10.2
59910	10.2
60439	10.2
60449	10.2
60490	10.2
61040	10.2
61401	10.2
61863	10.2
61972	10.2
62002	10.2
62102	10.2
62493	10.2
62560	10.2
62741	10.2
62751	10.3
62854	10.3
63110	10.3
63249	10.3
63346	10.3
63463	10.3
64030	10.2
64559	10.2
64569	10.3
65093	10.3
65278	10.3
65288	10.3
65467	10.3
65576	10.3
65933	10.3
65971	10.3
66134	10.3
66311	10.3
66365	10.3
66517	10.3
66563	10.3
66685	10.3
66882	10.3
67063	10.3
67382	10.3
67420	10.3
67432	10.3
67462	10.3
67802	10.3
67865	10.3
68054	10.3
68096	10.3
68352	10.3
68562	10.3
68671	10.2
68743	10.2
68772	10.2
69049	10.2
69070	10.2
69536	10.2
69557	10.2
70339	10.2
70759	10.2
70981	10.2
71288	10.2
71298	10.3
71351	10.3
71384	10.3
71473	10.3
71704	10.3
72077	10.3
72342	10.3
72392	10.3
72430	10.3
72531	10.3
72737	10.3
72838	10.3
72888	10.3
72913	10.3
73279	10.3
73573	10.3
74072	10.3
74429	10.3
74744	10.3
75047	10.3
75517	10.3
75551	10.3
75622	10.3
75647	10.3
75794	10.3
76189	10.3
76601	10.3
76702	10.3
76903	10.3
76913	10.3
77285	10.3
77794	10.3
78352	10.3
78362	10.3
78701	10.3
79604	10.3
79847	10.3
79944	10.3
80015	10.3
80175	10.3
80456	10.3
80528	10.3
80645	10.3
80655	10.3
81561	10.3
82204	10.3
82267	10.3
82351	10.3
82367	10.3
82447	10.3
82598	10.3
82645	10.3
82687	10.3
82813	10.3
83086	10.3
83119	10.3
83380	10.3
83426	10.3
83436	10.3
83464	10.3
83594	10.3
83648	10.3
83770	10.3
83825	10.3
83934	10.3
84056	10.3
84186	10.3
84400	10.3
84410	10.3
84472	10.3
84518	10.3
84917	10.3
85312	10.3
85648	10.3
85971	10.3
85988	10.3
86009	10.3
86156	10.3
86189	10.3
86576	10.3
86630	10.3
86640	10.3
86786	10.3
86924	10.3
87281	10.3
87291	10.3
87301	10.3
87466	10.3
87916	10.3
88201	10.3
88218	10.3
88390	10.3
88873	10.3
89066	10.3
89633	10.3
89839	10.3
90494	10.3
90595	10.3
90605	10.3
90620	10.3
90805	10.3
91187	10.3
91208	10.3
91218	10.3
91301	10.3
91473	10.3
91683	10.3
91763	10.3
91773	10.3
91994	10.3
92279	10.3
92443	10.3
92473	10.3
92531	10.3
92561	10.3
92825	10.3
94371	10.3
94808	10.3
94997	10.3
95308	10.3
95366	10.3
95732	10.3
95744	10.3
96013	10.3
96366	10.3
96731	10.3
98369	10.3
98458	10.3
99138	10.3
99148	10.3
99158	10.3
99449	10.3
99478	10.3
99579	10.3
99709	10.3
99890	10.3
100129	10.3
100381	10.3
100990	10.3
101066	10.3
101347	10.3
101776	10.3
102107	10.3
102490	10.3
102746	10.3
102964	10.3
103027	10.3
103061	10.3
103199	10.3
104048	10.3
104178	10.3
104560	10.3
104749	10.3
105266	10.3
105379	10.3
105526	10.3
105669	10.3
105753	10.3
105816	10.3
106400	10.3
106778	10.3
106790	10.3
106820	10.3
106887	10.3
107097	10.3
107122	10.3
107324	10.3
107630	10.3
107845	10.3
108101	10.3
108151	10.3
108420	10.3
108756	10.3
108773	10.3
109109	10.3
109277	10.3
109352	10.3
109567	10.3
109806	10.3
110155	10.3
110562	10.3
112036	10.3
112418	10.3
112859	10.3
112897	10.3
113044	10.3
113204	10.3
113271	10.3
113376	10.3
113674	10.3
113708	10.3
113737	10.3
114430	10.3
114493	10.3
114503	10.3
114875	10.3
114959	10.3
115077	10.3
115547	10.3
115678	10.3
115921	10.3
115951	10.3
115961	10.3
116492	10.3
116518	10.3
116698	10.3
116975	10.3
117001	10.3
117185	10.3
117236	10.3
117248	10.3
117349	10.3
117643	10.3
118349	10.3
118433	10.3
118744	10.3
118773	10.3
118941	10.3
119273	10.3
119399	10.3
119479	10.3
119668	10.3
119726	10.3
120377	10.3
120440	10.3
120726	10.3
120856	10.3
120902	10.3
120957	10.3
121104	10.3
121671	10.3
121726	10.3
121768	10.3
122095	10.3
122360	10.3
122490	10.3
122944	10.3
123044	10.3
123166	10.3
123305	10.3
123334	10.3
123435	10.3
123779	10.3
125065	10.3
125510	10.3
125850	10.3
125905	10.3
126022	10.3
126043	10.3
126211	10.3
126278	10.3
126955	10.3
126976	10.3
127211	10.3
127555	10.3
127820	10.3
128584	10.3
128735	10.3
129013	10.3
129023	10.3
129323	10.3
129785	10.3
129795	10.3
129819	10.3
129829	10.3
129890	10.3
130819	10.3
130861	10.3
130903	10.3
131029	10.3
131394	10.3
131768	10.3
132091	10.3
132272	10.3
132385	10.3
132410	10.3
132549	10.3
133360	10.3
133607	10.3
133617	10.3
133633	10.3
133700	10.3
133952	10.3
134120	10.3
134141	10.3
134342	10.3
134452	10.3
134611	10.3
134653	10.3
134754	10.3
135833	10.3
136581	10.3
136862	10.3
137047	10.3
137161	10.3
137505	10.3
137677	10.3
137896	10.3
138055	10.3
138425	10.3
138895	10.3
140344	10.3
140441	10.3
141016	10.3
141268	10.3
141613	10.3
141709	10.3
141802	10.3
141827	10.3
142276	10.3
142591	10.3
142608	10.3
142742	10.3
142822	10.3
143024	10.3
143154	10.3
143204	10.3
143524	10.3
144359	10.3
144548	10.3
144775	10.3
144813	10.3
144989	10.3
145073	10.3
145124	10.3
145300	10.3
145733	10.3
145758	10.3
145768	10.3
145792	10.3
146065	10.3
146434	10.3
146661	10.3
146741	10.3
147005	10.3
147480	10.3
147841	10.3
147976	10.3
148034	10.3
148207	10.3
148265	10.3
148320	10.3
148375	10.3
148505	10.3
148694	10.3
148984	10.3
149177	10.3
149215	10.3
149433	10.3
149542	10.3
149782	10.3
149807	10.3
149819	10.3
150055	10.3
150071	10.3
150097	10.3
150160	10.3
150189	10.3
150424	10.3
150588	10.3
150601	10.3
150748	10.3
150773	10.3
151541	10.3
151680	10.3
151911	10.3
152050	10.3
152957	10.3
153104	10.3
153150	10.3
153179	10.3
153364	10.3
153427	10.3
153671	10.3
153772	10.3
154070	10.3
154402	10.3
154649	10.3
154847	10.3
154998	10.3
155716	10.3
155746	10.3
156128	10.3
156140	10.3
156258	10.3
156804	10.3
156825	10.3
157123	10.3
157174	10.3
157820	10.3
157921	10.3
158102	10.3
158119	10.3
158350	10.3
158450	10.3
159118	10.3
159190	10.3
159946	10.3
159956	10.3
160815	10.3
160844	10.3
161159	10.3
161269	10.3
161689	10.3
161802	10.3
161907	10.3
162151	10.3
162411	10.3
162739	10.3
163251	10.3
163310	10.3
163541	10.3
163658	10.3
164175	10.3
164318	10.3
164335	10.3
164377	10.3
164414	10.3
164498	10.3
164519	10.3
164654	10.3
165259	10.3
165288	10.3
165540	10.3
165578	10.3
165796	10.3
165893	10.3
165935	10.3
166422	10.3
166481	10.3
166603	10.3
166613	10.3
166653	10.3
166745	10.3
166905	10.3
167199	10.3
167254	10.3
167619	10.3
167665	10.3
167762	10.3
168228	10.3
168308	10.3
168413	10.3
168480	10.3
168501	10.3
168526	10.3
168635	10.3
169349	10.3
169396	10.3
169643	10.3
169740	10.3
169963	10.3
170261	10.3
170399	10.3
170429	10.3
171323	10.3
171743	10.3
171874	10.3
172210	10.3
172378	10.3
172529	10.3
173495	10.3
173604	10.3
173642	10.3
173730	10.3
173740	10.3
173890	10.3
173978	10.3
174259	10.3
174864	10.3
174889	10.3
174899	10.3
175045	10.3
175055	10.3
175364	10.3
175381	10.3
175565	10.3
175738	10.3
175784	10.3
175801	10.3
175811	10.3
175981	10.3
176275	10.3
176292	10.3
176317	10.3
176327	10.3
176548	10.3
176683	10.3
177056	10.3
177145	10.3
178064	10.3
178111	10.3
178304	10.3
178442	10.3
178459	10.3
178581	10.3
178591	10.3
178640	10.3
178841	10.3
178900	10.3
178980	10.3
179077	10.3
179089	10.3
179165	10.3
179194	10.3
179740	10.3
179820	10.3
180269	10.3
180521	10.3
180572	10.3
180582	10.3
180668	10.3
180702	10.3
180878	10.3
180920	10.3
181605	10.3
181786	10.3
181975	10.3
182054	10.3
182088	10.3
182311	10.3
182684	10.3
182819	10.3
182924	10.3
182941	10.3
183487	10.3
183566	10.3
183923	10.3
183953	10.3
184100	10.3
184633	10.3
184789	10.3
185343	10.3
185353	10.3
185410	10.3
185721	10.3
185830	10.3
186015	10.3
186070	10.3
186103	10.3
186527	10.3
186537	10.3
186616	10.3
186956	10.3
187057	10.3
187334	10.3
187460	10.3
188023	10.3
188044	10.3
188056	10.3
188283	10.3
188459	10.3
188665	10.3
188791	10.3
188909	10.3
188947	10.3
189005	10.3
189018	10.3
189388	10.3
189703	10.3
189816	10.3
189955	10.3
190438	10.3
190622	10.3
190656	10.3
190929	10.3
191017	10.3
191433	10.3
191584	10.3
191719	10.3
191924	10.3
191992	10.3
192002	10.3
192059	10.3
192302	10.3
192651	10.3
192962	10.3
193037	10.3
193138	10.3
193512	10.3
194020	10.3
194104	10.3
194650	10.3
194663	10.3
195331	10.3
195654	10.3
195675	10.3
195759	10.3
195872	10.3
196003	10.3
196124	10.3
196292	10.3
196834	10.3
197363	10.3
197418	10.3
197494	10.3
197851	10.3
198275	10.3
198321	10.3
198434	10.3
198497	10.3
198586	10.3
198959	10.3
198969	10.3
199111	10.3
199522	10.3
199745	10.3
199925	10.3
199959	10.3
200077	10.3
200173	10.3
200690	10.3
200828	10.3
201135	10.3
201412	10.3
201736	10.3
201757	10.3
202025	10.3
202093	10.3
202189	10.3
202252	10.3
202437	10.3
202555	10.3
202565	10.3
202576	10.3
202823	10.3
203348	10.3
203726	10.3
203736	10.3
203840	10.3
203953	10.3
204314	10.3
204365	10.3
204398	10.3
204411	10.3
204701	10.3
204722	10.3
205209	10.3
205474	10.3
205507	10.3
206116	10.3
206431	10.3
206477	10.3
206612	10.3
206629	10.3
206639	10.3
207838	10.3
208376	10.3
208712	10.3
208800	10.3
208951	10.3
209119	10.3
209245	10.3
209380	10.3
209510	10.3
210199	10.3
210274	10.3
210284	10.3
210294	10.3
210929	10.3
211089	10.3
211194	10.3
211488	10.3
211526	10.3
211946	10.3
212189	10.3
212584	10.3
212594	10.3
212962	10.3
213139	10.3
