2020-04-16 19:26:44

CONFIGURATION:
{u'simulation': {u'stdev_factor': 0.01, u'power_mgmt_enabled': False, u'tasks': {u'loc': {u'mean_service_time': {u'gpu': 90, u'cpu_core': 200, u'loc_accel': 10}, u'priority': 1, u'deadline': 1000, u'stdev_service_time': {u'gpu': 0.9, u'cpu_core': 2.0, u'loc_accel': 0.1}, u'power': {u'gpu': 4.457, u'cpu_core': 6.133, u'loc_accel': 0.02197}}, u'detect': {u'mean_service_time': {u'gpu': 0.4607, u'cpu_core': 3.654, u'det_accel': 0.278}, u'priority': 2, u'deadline': 1000, u'stdev_service_time': {u'gpu': 0.004607, u'cpu_core': 0.03654, u'det_accel': 0.0027800000000000004}, u'power': {u'gpu': 90, u'cpu_core': 200, u'det_accel': 10}}, u'Frontier': {u'mean_service_time': {u'cpu_core': 396}, u'priority': 9, u'deadline': 1000, u'stdev_service_time': {u'cpu_core': 3.96}, u'power': {u'cpu_core': 5.98}}, u'track': {u'mean_service_time': {u'gpu': 17, u'tra_accel': 2, u'cpu_core': 1820}, u'priority': 3, u'deadline': 1000, u'stdev_service_time': {u'gpu': 0.17, u'tra_accel': 0.02, u'cpu_core': 18.2}, u'power': {u'gpu': 12.79, u'tra_accel': 0.59, u'cpu_core': 5.6}}, u'sp': {u'mean_service_time': {u'gpu': 379, u'cpu_core': 1004}, u'priority': 11, u'deadline': 1000, u'stdev_service_time': {u'gpu': 3.79, u'cpu_core': 10.040000000000001}, u'power': {u'gpu': 3.302, u'cpu_core': 1004}}, u'mission': {u'mean_service_time': {u'cpu_core': 0.0022}, u'priority': 5, u'deadline': 1000, u'stdev_service_time': {u'cpu_core': 2.2000000000000003e-05}, u'power': {u'cpu_core': 3.534}}, u'motion': {u'mean_service_time': {u'cpu_core': 8}, u'priority': 6, u'deadline': 1000, u'stdev_service_time': {u'cpu_core': 0.08}, u'power': {u'cpu_core': 4.222}}, u'collision': {u'mean_service_time': {u'cpu_core': 8}, u'priority': 7, u'deadline': 1000, u'stdev_service_time': {u'cpu_core': 0.08}, u'power': {u'cpu_core': 0}}, u'fusion': {u'mean_service_time': {u'cpu_core': 1}, u'priority': 4, u'deadline': 1000, u'stdev_service_time': {u'cpu_core': 0.01}, u'power': {u'cpu_core': 0}}, u'map': {u'mean_service_time': {u'gpu': 761, u'cpu_core': 973}, u'priority': 10, u'deadline': 1000, u'stdev_service_time': {u'gpu': 7.61, u'cpu_core': 9.73}, u'power': {u'gpu': 3.533, u'cpu_core': 2.995}}, u'path': {u'mean_service_time': {u'cpu_core': 8}, u'priority': 8, u'deadline': 1000, u'stdev_service_time': {u'cpu_core': 0.08}, u'power': {u'cpu_core': 0}}}, u'sched_policy_module': u'policies.heft', u'drop': True, u'servers': {u'gpu': {u'count': 2}, u'tra_accel': {u'count': 1}, u'cpu_core': {u'count': 8}, u'loc_accel': {u'count': 1}, u'det_accel': {u'count': 1}}, u'max_tasks_simulated': 10000, u'max_queue_size': 1000000, u'mean_arrival_time': 50, u'arrival_time_scale': 4.2}, u'general': {u'random_seed': 0, u'pre_gen_arrivals': False, u'basename': u'policy:heft__stdev_factor:0.01', u'output_trace_file': None, u'working_dir': u'/home/hiwot/meta-stomp2/sim_16042020_192450_new_arrival_50_map_rheftmapping_50_trace_50', u'input_trace_file': (False, '../mv_mapping_50_trace_50.trc'), u'logging_level': u'INFO'}}
Time	Response time (avg)
941	3.0
1461	4.0
1626	5.0
1730	4.5
2125	4.6
2993	4.3
3007	4.1
3086	4.2
3219	4.1
3402	4.0
3565	4.1
3571	4.2
3629	4.1
3898	4.0
4355	25.9
4383	27.6
4881	46.9
4888	46.4
4893	44.8
4895	43.0
4918	41.3
5193	39.5
5310	38.0
5352	36.8
5475	35.6
5499	34.4
5683	33.2
5702	32.3
6046	31.3
6426	30.5
6606	29.7
6745	28.9
7033	28.1
7060	27.4
7106	26.7
7178	26.1
7375	25.5
8056	24.9
8077	24.3
8190	23.9
8478	23.3
8655	22.9
9006	22.5
9058	22.1
9111	21.8
9370	21.3
9636	21.0
10038	20.6
10092	20.3
10298	20.0
10361	19.7
10510	19.4
10559	19.2
10962	18.9
11142	18.6
11382	18.4
11689	18.1
11779	17.9
11798	17.6
12093	17.4
12148	17.2
12218	17.0
12333	16.8
12701	16.6
13094	16.4
13146	16.2
13695	16.0
13930	15.8
14134	15.7
14332	15.5
14586	15.4
14665	15.2
14809	15.1
14992	14.9
15182	14.8
15204	14.6
15309	14.5
15691	14.4
16006	14.2
16153	14.1
16260	14.0
16603	13.9
16640	13.7
17137	13.6
17706	13.5
18162	13.4
18183	13.4
18359	13.3
18572	13.2
19177	13.1
19196	13.0
19526	12.9
19732	12.8
19873	12.7
20569	12.6
20601	12.5
20626	12.4
20636	12.4
20933	12.3
21090	12.2
21179	12.1
21364	12.1
21617	12.0
21627	11.9
21907	11.8
22041	11.8
22127	11.7
22429	11.6
23138	11.6
23524	11.5
23856	11.4
23906	11.4
23981	11.3
24329	11.2
25539	11.2
25653	11.1
25664	11.1
25815	11.0
26321	10.9
26460	10.9
26464	10.8
26537	10.8
26691	10.7
26941	10.7
27279	10.6
27364	10.6
27653	10.5
27682	10.5
27980	10.4
28623	10.4
28685	10.3
29009	10.3
29235	10.2
29316	10.2
29460	10.1
29518	10.1
29812	10.0
29944	10.0
29967	9.9
30188	9.9
30267	9.9
30512	9.8
30544	9.8
30572	9.8
30642	9.7
30668	9.7
30682	9.7
31593	9.6
31713	9.6
31916	9.6
32664	9.5
32953	9.5
32999	9.4
33041	9.4
33104	9.4
33387	9.4
33765	9.3
33894	9.3
33936	9.3
34133	9.2
34271	9.2
34637	9.2
34752	9.2
35246	9.1
35275	9.1
35572	9.1
35591	9.0
35969	9.0
36057	9.0
36175	9.0
36197	8.9
36665	8.9
36723	8.9
36805	8.9
37813	8.8
38123	8.8
38404	8.8
38496	8.8
39089	8.7
39854	8.7
39891	8.7
39908	8.6
39912	8.6
40115	8.6
40194	8.6
40484	8.6
40492	8.5
40887	8.5
41546	8.5
41608	8.5
41811	8.4
41838	8.4
42706	8.4
43117	8.4
43268	8.4
43472	8.3
43515	8.3
43896	8.3
44192	8.3
44415	8.2
44444	8.2
44483	8.2
44990	8.2
45679	8.2
45780	8.2
45897	8.1
45941	8.1
46221	8.1
46222	8.1
46848	8.1
46892	8.1
46914	8.0
47242	8.0
47351	8.0
47670	8.0
47720	8.0
48586	7.9
48850	7.9
48959	7.9
48993	7.9
49127	7.9
49148	7.8
49228	7.8
49388	7.8
49866	7.8
49988	7.8
50056	7.7
50270	7.7
50451	7.7
50649	7.7
50698	7.7
50731	7.7
50951	7.7
51425	7.7
51575	7.7
51601	7.6
52044	7.6
52542	7.6
53251	7.6
53844	7.6
54000	7.6
54020	7.6
54202	7.6
54209	7.5
54456	7.5
54974	7.5
55246	7.5
55515	7.5
55626	7.5
55881	7.5
56360	7.5
56755	7.5
56910	7.4
56944	7.4
57145	7.4
57522	7.4
57771	7.4
58375	7.4
58475	7.4
58718	7.4
58902	7.3
58926	7.3
58929	7.3
58958	7.3
59326	7.3
59392	7.3
59447	7.3
59757	7.3
59934	7.3
60207	7.2
60279	7.2
60301	7.2
60452	7.2
60866	7.2
61709	7.2
61892	7.2
62357	7.2
62491	7.2
62563	7.2
62744	7.2
62857	7.1
63221	7.1
63323	7.1
63442	7.1
63589	7.1
63944	7.1
64331	7.1
64393	7.1
64562	7.1
64567	7.1
64684	7.0
64895	7.0
64986	7.0
65525	7.0
65579	7.0
65974	7.0
66049	7.0
66314	7.0
66368	7.0
66507	7.0
66566	6.9
66688	6.9
66895	6.9
66973	6.9
67066	6.9
67385	6.9
67465	6.9
67495	6.9
67852	6.9
67951	6.9
67970	6.9
68099	6.9
68424	6.9
68651	6.8
69052	6.8
69073	6.8
69084	6.8
69275	6.8
69399	6.8
69781	6.8
69870	6.8
69993	6.8
70342	6.8
70350	6.8
70387	6.8
70987	6.8
71176	6.8
71387	6.7
71476	6.7
71715	6.7
72080	6.7
72432	6.7
72433	6.7
72517	6.7
72572	6.7
72666	6.7
72905	6.7
73298	6.7
73611	6.7
73956	6.6
74114	6.6
74132	6.6
74249	6.6
74556	6.6
74606	6.6
74747	6.6
75063	6.6
75695	6.6
76014	6.6
76151	6.6
76604	6.6
76866	6.6
76968	6.6
77013	6.6
77170	6.6
77241	6.6
77640	6.6
78134	6.6
78153	6.6
78241	6.6
78619	6.6
78750	6.5
79308	6.5
79581	6.5
79701	6.5
79850	6.5
80018	6.5
80178	6.5
80459	6.5
80658	6.5
80900	6.5
81055	6.5
81564	6.5
82006	6.5
82264	6.5
82601	6.5
82648	6.4
83586	6.8
83589	7.2
83594	7.3
83655	7.5
83658	7.5
83665	7.5
83720	7.5
84032	7.5
84059	7.5
84165	7.5
84174	7.4
84304	7.4
84817	8.0
84991	8.5
85049	8.5
85283	8.8
85290	8.8
85319	8.8
85493	8.8
85559	8.8
85651	8.8
85822	8.8
86013	8.8
86116	8.8
86128	8.8
86312	8.8
86633	8.8
86643	8.7
86763	8.7
86789	8.7
87207	8.7
87219	8.7
87408	8.7
87461	8.7
87727	8.7
88204	8.7
88237	8.7
88292	8.6
88410	8.6
88512	8.6
88522	8.6
88685	8.6
88872	8.6
89069	8.6
89188	8.6
89611	8.6
89829	8.6
89842	8.5
90623	8.5
91084	8.5
91190	8.5
91211	8.5
91221	8.5
91304	8.5
91450	8.5
91551	8.5
91686	8.4
91766	8.4
91776	8.4
91826	8.4
91997	8.4
92026	8.4
92924	8.4
93235	8.4
93399	8.4
93694	8.4
93782	8.4
94247	8.3
94374	8.3
94543	8.3
95369	8.3
95747	8.3
96259	8.3
96369	8.3
96450	8.3
96715	8.3
96734	8.3
96925	8.3
96969	8.2
99141	8.2
99325	8.2
99414	8.2
99452	8.2
100132	8.2
100434	8.2
100771	8.2
100775	8.2
101109	8.2
101295	8.2
101337	8.2
101427	8.2
101779	8.1
102110	8.1
102287	8.1
102441	8.1
102800	8.1
103030	8.1
103702	8.1
103941	8.1
104183	8.1
104282	8.1
104420	8.1
105134	8.1
105269	8.1
105499	8.0
105529	8.0
105779	8.0
105968	8.0
106793	8.0
106830	8.0
106890	8.0
107035	8.0
107100	8.0
107122	8.0
107125	8.0
107469	7.9
107734	7.9
107851	7.9
108041	7.9
108307	7.9
108685	7.9
108759	7.9
109370	7.9
109464	7.9
109570	7.9
109641	7.9
109729	7.9
109755	7.9
109809	7.9
110209	7.9
110993	7.9
111070	7.9
111111	7.8
111518	7.8
112862	7.8
112992	7.8
113379	7.8
113677	7.8
113711	7.8
113869	7.8
113943	7.8
114325	7.8
114433	7.8
114490	7.8
114661	7.8
114878	7.7
115080	7.7
115389	7.7
115449	7.7
115550	7.7
115681	7.7
115924	7.7
115964	7.7
116219	7.7
116412	7.7
117004	7.7
117352	7.7
117402	7.7
117448	7.7
117737	7.7
117858	7.6
118196	7.6
118776	7.6
118809	7.6
118894	7.6
118903	7.6
118966	7.6
119671	7.6
119760	7.6
119845	7.6
120052	7.6
120301	7.6
120558	7.6
120620	7.6
120700	7.6
120905	7.6
120960	7.6
121206	7.6
121333	7.6
121661	7.6
121729	7.5
122177	7.5
122325	7.5
122363	7.5
122493	7.5
122574	7.5
122627	7.5
122947	7.5
123169	7.5
123219	7.5
123316	7.5
123337	7.5
123438	7.5
123782	7.5
124261	7.5
124495	7.5
125068	7.4
126806	7.4
126958	7.4
126961	7.4
126979	7.4
127124	7.4
127243	7.4
127264	7.4
127417	7.4
127432	7.4
127823	7.4
128167	7.4
128511	7.4
128587	7.4
129016	7.4
129326	7.4
129822	7.4
129832	7.3
129893	7.3
130186	7.3
130476	7.3
130741	7.3
130930	7.3
131397	7.3
131775	7.3
132122	7.3
132376	7.3
132413	7.3
132552	7.3
132745	7.3
133221	7.3
133363	7.3
133491	7.3
133542	7.3
133606	7.3
133703	7.3
134563	7.3
134573	7.2
135250	7.2
135341	7.2
135362	7.2
135514	7.2
135563	7.2
135567	7.2
135571	7.2
135836	7.2
135874	7.2
136470	7.2
137537	7.2
138313	7.2
138428	7.2
138664	7.2
138769	7.2
138780	7.2
138898	7.2
138985	7.2
139117	7.2
139276	7.2
140347	7.2
141805	7.2
141892	7.2
142279	7.2
142467	7.2
142594	7.1
142611	7.1
142834	7.1
142845	7.1
142923	7.1
143425	7.1
143527	7.1
143698	7.1
144362	7.1
144369	7.1
144641	7.1
144816	7.1
144870	7.1
144922	7.1
145303	7.1
145504	7.1
146226	7.1
146343	7.1
146606	7.1
146690	7.1
146989	7.1
147008	7.1
147013	7.1
147184	7.1
147211	7.1
147483	7.0
147653	7.0
147781	7.0
148135	7.0
148194	7.0
148268	7.0
148323	7.0
148508	7.0
148797	7.0
148932	7.0
149253	7.0
149428	7.0
149545	7.0
149748	7.0
149940	7.0
150091	7.0
150396	7.3
150401	7.3
150427	7.3
151278	7.8
151292	8.1
151320	8.5
151325	8.5
151381	8.5
151537	8.5
151545	8.5
151780	8.5
151794	8.5
151822	8.5
151842	8.5
152053	8.5
152147	8.5
152184	8.5
152640	8.5
152793	8.5
153430	8.5
153627	8.5
153775	8.5
153913	8.5
154060	8.5
154073	8.5
154369	8.4
154400	8.4
154405	8.4
154652	8.4
155080	8.4
155288	8.4
155954	8.4
156298	8.4
157249	8.4
157349	8.4
157402	8.4
157760	8.4
157856	8.4
157856	8.4
157924	8.4
157976	8.4
158776	8.4
158839	8.4
158892	8.4
159058	8.4
159338	8.3
159571	8.3
159949	8.3
160074	8.3
160146	8.3
160166	8.3
160818	8.3
161272	8.3
161520	8.3
161910	8.3
162115	8.3
162295	8.3
163246	8.3
163254	8.3
163313	8.3
163419	8.3
163604	8.3
163661	8.3
164028	8.2
164178	8.2
164199	8.2
164497	8.2
164522	8.2
165274	8.2
165543	8.2
165581	8.2
165596	8.2
165635	8.2
165943	8.2
166214	8.2
166370	8.2
166425	8.2
166484	8.2
166720	8.2
166894	8.2
166908	8.2
167015	8.2
167202	8.1
167609	8.1
167653	8.1
167874	8.1
168056	8.1
168066	8.1
168362	8.1
168504	8.1
168529	8.1
168575	8.1
168970	8.1
168983	8.1
169118	8.1
169399	8.1
169572	8.1
169743	8.1
169856	8.1
169944	8.1
170021	8.1
170024	8.1
170432	8.1
170972	8.1
171096	8.1
171580	8.1
171746	8.0
171877	8.0
171925	8.0
172047	8.0
172379	8.0
173166	8.0
173334	8.0
173498	8.0
173645	8.0
173733	8.0
173748	8.0
173893	8.0
173981	8.0
174262	8.0
174560	8.0
174892	8.0
174902	8.0
175191	8.0
175384	8.0
175804	7.9
175814	7.9
176001	7.9
176274	7.9
176278	7.9
176295	7.9
176317	7.9
176551	7.9
176771	7.9
176784	7.9
176981	7.9
177200	7.9
177447	7.9
177548	7.9
177722	7.9
177934	7.9
178114	7.9
178364	7.9
178507	7.9
178594	7.9
178643	7.9
178903	7.8
178983	7.8
179092	7.8
179515	7.8
179661	7.8
179680	7.8
179743	7.8
179757	7.8
180211	7.8
180297	7.8
180386	7.8
180415	7.8
180468	7.8
180524	7.8
180585	7.8
180671	7.8
180922	7.8
181720	7.8
181921	7.8
182189	7.8
182368	7.8
182539	7.8
182561	7.8
182824	7.8
183273	7.8
183309	7.7
183592	7.7
183640	7.7
183775	7.7
183928	7.7
184541	7.7
184560	7.7
184636	7.7
184792	7.7
185086	7.7
185223	7.7
185321	7.7
185540	7.7
185570	7.7
185724	7.7
186018	7.7
186106	7.7
186794	7.7
186806	7.7
187027	7.7
187289	7.7
187447	7.7
187463	7.7
187493	7.7
187837	7.7
187978	7.7
188175	7.7
188276	7.6
188286	7.6
188462	7.6
188794	7.6
188929	7.6
188950	7.6
189008	7.6
189263	7.6
189277	7.6
189476	7.6
189621	7.6
189706	7.6
189930	7.6
189958	7.6
190239	7.6
190607	7.6
190625	7.6
190659	7.6
190772	7.6
191020	7.6
191394	7.6
191885	7.6
191995	7.6
192005	7.6
192062	7.5
192803	7.5
192884	7.5
193331	7.5
193340	7.5
193541	7.5
194256	7.5
194282	7.5
194579	7.5
194731	7.5
194788	7.5
195242	7.5
195334	7.5
195471	7.5
195678	7.5
195884	7.5
196006	7.5
196366	7.5
196610	7.5
196715	7.5
196837	7.5
197421	7.5
197588	7.5
197842	7.5
198010	7.5
198319	7.5
198437	7.5
198589	7.5
198945	7.5
198962	7.5
199114	7.4
199270	7.4
199468	7.4
199525	7.4
199898	7.4
199928	7.4
200188	7.4
200213	7.4
200701	7.4
200915	7.4
201298	7.4
201394	7.4
202028	7.4
202147	7.4
202361	7.4
202631	7.4
202692	7.4
202752	7.4
203312	7.4
203314	7.4
203473	7.4
203656	7.4
203779	7.4
203786	7.4
203905	7.4
204138	7.4
204294	7.4
204567	7.4
204682	7.4
204704	7.4
204725	7.4
204730	7.4
205061	7.4
205174	7.3
205477	7.3
205535	7.3
205619	7.3
206081	7.3
206119	7.3
206129	7.3
206165	7.3
206958	7.3
207831	7.3
207841	7.3
207850	7.3
207882	7.3
207930	7.3
208357	7.3
208379	7.3
209248	7.3
209383	7.3
209513	7.3
209668	7.3
209756	7.3
210277	7.3
210568	7.3
210738	7.3
211092	7.3
211240	7.3
211513	7.3
211529	7.3
211650	7.3
212151	7.3
212444	7.3
212546	7.3
212587	7.3
212597	7.3
213596	7.2
213808	7.2
213918	7.2
214095	7.2
