2020-04-16 19:26:44

CONFIGURATION:
{u'simulation': {u'stdev_factor': 0.01, u'power_mgmt_enabled': False, u'tasks': {u'loc': {u'mean_service_time': {u'gpu': 90, u'cpu_core': 200, u'loc_accel': 10}, u'priority': 1, u'deadline': 1000, u'stdev_service_time': {u'gpu': 0.9, u'cpu_core': 2.0, u'loc_accel': 0.1}, u'power': {u'gpu': 4.457, u'cpu_core': 6.133, u'loc_accel': 0.02197}}, u'detect': {u'mean_service_time': {u'gpu': 0.4607, u'cpu_core': 3.654, u'det_accel': 0.278}, u'priority': 2, u'deadline': 1000, u'stdev_service_time': {u'gpu': 0.004607, u'cpu_core': 0.03654, u'det_accel': 0.0027800000000000004}, u'power': {u'gpu': 90, u'cpu_core': 200, u'det_accel': 10}}, u'Frontier': {u'mean_service_time': {u'cpu_core': 396}, u'priority': 9, u'deadline': 1000, u'stdev_service_time': {u'cpu_core': 3.96}, u'power': {u'cpu_core': 5.98}}, u'track': {u'mean_service_time': {u'gpu': 17, u'tra_accel': 2, u'cpu_core': 1820}, u'priority': 3, u'deadline': 1000, u'stdev_service_time': {u'gpu': 0.17, u'tra_accel': 0.02, u'cpu_core': 18.2}, u'power': {u'gpu': 12.79, u'tra_accel': 0.59, u'cpu_core': 5.6}}, u'sp': {u'mean_service_time': {u'gpu': 379, u'cpu_core': 1004}, u'priority': 11, u'deadline': 1000, u'stdev_service_time': {u'gpu': 3.79, u'cpu_core': 10.040000000000001}, u'power': {u'gpu': 3.302, u'cpu_core': 1004}}, u'mission': {u'mean_service_time': {u'cpu_core': 0.0022}, u'priority': 5, u'deadline': 1000, u'stdev_service_time': {u'cpu_core': 2.2000000000000003e-05}, u'power': {u'cpu_core': 3.534}}, u'motion': {u'mean_service_time': {u'cpu_core': 8}, u'priority': 6, u'deadline': 1000, u'stdev_service_time': {u'cpu_core': 0.08}, u'power': {u'cpu_core': 4.222}}, u'collision': {u'mean_service_time': {u'cpu_core': 8}, u'priority': 7, u'deadline': 1000, u'stdev_service_time': {u'cpu_core': 0.08}, u'power': {u'cpu_core': 0}}, u'fusion': {u'mean_service_time': {u'cpu_core': 1}, u'priority': 4, u'deadline': 1000, u'stdev_service_time': {u'cpu_core': 0.01}, u'power': {u'cpu_core': 0}}, u'map': {u'mean_service_time': {u'gpu': 761, u'cpu_core': 973}, u'priority': 10, u'deadline': 1000, u'stdev_service_time': {u'gpu': 7.61, u'cpu_core': 9.73}, u'power': {u'gpu': 3.533, u'cpu_core': 2.995}}, u'path': {u'mean_service_time': {u'cpu_core': 8}, u'priority': 8, u'deadline': 1000, u'stdev_service_time': {u'cpu_core': 0.08}, u'power': {u'cpu_core': 0}}}, u'sched_policy_module': u'policies.heft', u'drop': True, u'servers': {u'gpu': {u'count': 2}, u'tra_accel': {u'count': 1}, u'cpu_core': {u'count': 8}, u'loc_accel': {u'count': 1}, u'det_accel': {u'count': 1}}, u'max_tasks_simulated': 10000, u'max_queue_size': 1000000, u'mean_arrival_time': 50, u'arrival_time_scale': 4.2}, u'general': {u'random_seed': 0, u'pre_gen_arrivals': False, u'basename': u'policy:heft__stdev_factor:0.01', u'output_trace_file': None, u'working_dir': u'/home/hiwot/meta-stomp2/sim_16042020_192450_new_arrival_50_map_rheftmapping_50_trace_50', u'input_trace_file': (False, '../mv_mapping_50_trace_50.trc'), u'logging_level': u'INFO'}}
Time	Response time (avg)
961	951.0
1124	951.0
2120	951.0
2586	951.0
2990	1004.0
3071	1024.2
3216	1051.6
3560	1039.0
3835	1058.7
4022	1050.0
4350	1065.1
4376	1077.7
4388	1088.3
4413	1097.4
4543	1087.7
4909	1095.7
4973	1098.1
5190	1104.7
5200	1110.5
5494	1120.2
5546	1133.0
5924	1132.5
6601	1124.6
6875	1121.9
7030	1127.5
7173	1130.9
8155	1124.3
8185	1118.1
8475	1121.4
8605	1124.6
8655	1127.5
9106	1126.7
9136	1121.4
9798	1124.2
10008	1126.8
10057	1125.5
10087	1126.7
11137	1122.1
11377	1117.7
11747	1120.2
11776	1122.5
12088	1122.3
12328	1118.5
13091	1120.7
13195	1116.9
13430	1113.3
13733	1115.5
13931	1117.6
14165	1114.2
14183	1116.2
14682	1113.0
14989	1115.0
15304	1111.9
15686	1108.9
16140	1110.9
16255	1109.7
16637	1108.6
17206	1109.4
17681	1106.8
17958	1108.6
18157	1109.3
18567	1111.0
19172	1108.5
19373	1106.0
20134	1103.7
20168	1105.4
20596	1103.1
20961	1104.7
21085	1105.2
21176	1106.8
21407	1108.3
21625	1106.1
22028	1107.6
22036	1106.0
23481	1104.0
23901	1102.0
24326	1103.4
25039	1101.5
25153	1099.6
25661	1101.0
25812	1102.5
25964	1103.8
26035	1102.0
26455	1100.2
26862	1101.6
26938	1102.9
27677	1101.1
28185	1099.4
28735	1097.8
29311	1096.1
29686	1096.8
29941	1098.1
30012	1099.3
30180	1100.6
30262	1100.8
30567	1102.0
30637	1101.3
30663	1102.5
31213	1101.8
31588	1101.4
32164	1101.1
32539	1101.3
32986	1102.4
32996	1103.5
33263	1102.1
33771	1100.6
34137	1101.7
34250	1100.3
35241	1099.0
35270	1097.6
35569	1098.7
35586	1099.7
35964	1100.8
36052	1101.8
36165	1102.8
36192	1102.5
36221	1101.3
37996	1100.0
38399	1098.7
39412	1097.5
39613	1096.3
39888	1097.3
39992	1098.2
40189	1099.2
40882	1098.0
41108	1096.8
41833	1095.8
43015	1094.7
43263	1093.6
43893	1094.5
43944	1095.5
43981	1094.4
44410	1093.3
44985	1092.2
45397	1091.2
45821	1092.1
45936	1091.6
46348	1091.0
46887	1090.0
47220	1090.9
47237	1091.8
47346	1092.7
47665	1091.7
48954	1090.7
49861	1089.8
49951	1088.8
50248	1089.7
50328	1090.5
50693	1091.4
50946	1090.4
51075	1089.5
51420	1090.3
51542	1091.2
51596	1092.0
53246	1091.1
53500	1090.2
54197	1090.6
54451	1090.9
54746	1091.7
54969	1092.5
55124	1093.3
55510	1092.4
55876	1091.5
56355	1092.3
56905	1091.4
57022	1090.6
57875	1089.8
57973	1089.4
58501	1090.1
58715	1090.8
58826	1090.9
58924	1090.3
58955	1091.0
59257	1091.7
59442	1092.4
59777	1092.5
59799	1093.2
59929	1092.4
60204	1093.1
60861	1092.3
61390	1091.5
61706	1092.2
61991	1091.4
62352	1090.7
62942	1090.6
63188	1091.3
63218	1092.0
63318	1092.6
63444	1091.9
63893	1092.1
64326	1092.8
64395	1092.5
64562	1093.7
64679	1094.3
64981	1093.6
65520	1092.9
66044	1092.1
66471	1091.7
66494	1092.3
66504	1092.9
66995	1092.8
67350	1093.4
67468	1092.7
67946	1092.5
68419	1092.1
68648	1092.7
68897	1092.4
69081	1093.3
69270	1093.9
69370	1093.5
69778	1094.1
69848	1094.2
69887	1094.7
69988	1095.3
70487	1094.6
70773	1095.2
71710	1094.5
71932	1093.9
72504	1094.4
72514	1095.0
72567	1095.5
72661	1094.9
73293	1094.3
73608	1094.8
73612	1094.7
73953	1095.3
74054	1095.8
74104	1096.3
74129	1096.9
74244	1096.3
74563	1095.8
75195	1095.9
75514	1095.9
76146	1095.9
76468	1095.3
76767	1095.8
76838	1096.3
76863	1096.8
77010	1097.3
77140	1096.7
77653	1096.1
78119	1096.6
78129	1097.1
78236	1096.5
78745	1095.9
79303	1095.3
79578	1095.8
79696	1095.4
80555	1094.8
80895	1094.2
81506	1093.8
81861	1094.2
83155	1093.7
83218	1093.1
83567	1093.6
83583	1094.1
83663	1094.6
83903	1095.0
84029	1095.5
84106	1095.2
84169	1095.0
84596	1095.5
84783	1096.3
84810	1096.8
84986	1097.2
85041	1097.7
85057	1097.8
85137	1097.2
85616	1097.7
85626	1098.1
85812	1098.8
85817	1099.7
86008	1099.7
86263	1099.2
86959	1098.7
87204	1099.2
87214	1099.0
87225	1099.5
87405	1099.9
87792	1100.3
87910	1099.9
88232	1099.4
88507	1099.8
88517	1100.2
88682	1100.6
88867	1100.1
89183	1099.6
89606	1100.0
89824	1099.5
90584	1099.0
91445	1098.5
91546	1098.0
91821	1098.4
92021	1098.8
92424	1098.3
93230	1097.8
93394	1097.3
93689	1097.7
93747	1098.1
93777	1098.5
94041	1098.8
95759	1098.4
95948	1097.9
96524	1098.3
96710	1097.9
96964	1097.4
99320	1096.9
99409	1096.4
100271	1096.5
100374	1096.9
100429	1096.4
100795	1096.8
100925	1097.2
101106	1097.6
101332	1097.1
101941	1096.6
102282	1097.0
102298	1096.6
103441	1096.1
103697	1095.7
104180	1096.0
104277	1096.4
104415	1096.8
104999	1096.3
105129	1095.9
105776	1096.2
105965	1096.6
106330	1096.2
106620	1095.7
106969	1096.1
107032	1096.5
107351	1096.0
107729	1095.6
108036	1095.9
108302	1095.6
108680	1095.5
109061	1095.8
109253	1095.8
109367	1096.3
109636	1096.7
109724	1096.3
110204	1096.3
110493	1096.6
110568	1096.9
111106	1096.5
111513	1096.1
112987	1095.7
113369	1095.3
113938	1095.1
114260	1095.5
114320	1095.5
114487	1095.9
114889	1096.0
115444	1095.6
115719	1095.9
115910	1095.5
116902	1095.1
117443	1094.7
117734	1095.1
117853	1095.2
118191	1095.6
118394	1095.7
118401	1096.1
118464	1096.4
118804	1096.6
119345	1096.3
119649	1096.6
119755	1096.4
120157	1096.7
120296	1096.5
120615	1096.8
120695	1097.2
120706	1096.9
121328	1096.5
121656	1096.8
121677	1096.4
122072	1096.7
122320	1097.0
122622	1096.6
122719	1096.3
123311	1096.6
123995	1096.2
124256	1095.8
126461	1095.4
126801	1095.1
127121	1095.4
127238	1095.7
127259	1096.0
127412	1096.1
127427	1096.4
128162	1096.0
128506	1095.7
129686	1095.3
129974	1094.9
130736	1094.6
130925	1094.7
131770	1094.3
131876	1094.1
132119	1094.4
132245	1094.7
132721	1094.3
133042	1094.0
133488	1094.3
133601	1094.6
134558	1094.2
134568	1093.9
134849	1094.2
135168	1094.5
135336	1094.8
135357	1095.1
135509	1095.0
135558	1095.3
135562	1094.9
135869	1095.2
135970	1095.5
137532	1095.2
137813	1094.8
138263	1095.1
138377	1095.4
138483	1095.1
138764	1095.1
139112	1095.4
139271	1095.7
141392	1095.3
141967	1095.0
142343	1094.9
142829	1095.2
142918	1095.2
142925	1095.5
143693	1095.2
143869	1095.1
144240	1095.3
144370	1095.6
144420	1095.9
145499	1095.6
145726	1095.2
146205	1095.5
146289	1095.8
146340	1096.0
146684	1095.7
146709	1095.4
146984	1095.7
147008	1095.9
147281	1096.2
147635	1095.9
147650	1096.2
147692	1095.9
148792	1095.6
148927	1095.2
149250	1095.5
149423	1095.8
149591	1096.0
149743	1095.9
149935	1095.6
150393	1095.9
150431	1096.1
150649	1096.4
150733	1096.1
150886	1096.0
151035	1096.3
151271	1096.6
151287	1096.8
151313	1097.1
151376	1097.3
151684	1097.3
151817	1097.6
151837	1097.6
152142	1098.1
152635	1098.1
152788	1098.2
153127	1098.4
153908	1098.1
154055	1097.8
154366	1098.0
154395	1098.3
154580	1098.5
154887	1098.8
155798	1098.5
155949	1098.2
156749	1098.0
156900	1098.1
157344	1098.4
157356	1098.6
157474	1098.9
157755	1098.6
157851	1098.4
158339	1098.7
158390	1098.9
158771	1098.6
159053	1098.3
159335	1098.5
159566	1098.8
159666	1099.0
160069	1098.7
160141	1098.4
161020	1098.3
161795	1098.1
162110	1097.8
162746	1097.7
163018	1097.9
163102	1097.6
163627	1097.9
163697	1097.6
164492	1097.3
165269	1097.0
165443	1097.0
165593	1097.3
165630	1097.5
165714	1097.7
165870	1097.9
166220	1097.7
166394	1097.7
167012	1097.9
167109	1098.2
167151	1098.4
167554	1098.1
167564	1097.8
167869	1098.0
167961	1098.3
168470	1098.5
168570	1098.2
168616	1097.9
168978	1098.2
169444	1098.4
169521	1098.4
169524	1098.6
169567	1098.6
169851	1098.8
170472	1098.9
170594	1098.6
171179	1098.8
171423	1098.9
171545	1099.0
172374	1098.9
173161	1098.7
173329	1098.4
173745	1098.6
174555	1098.3
174691	1098.1
175815	1097.8
175996	1097.5
176271	1097.7
176580	1097.9
176766	1097.8
176781	1098.0
176947	1097.8
177197	1098.4
177533	1098.6
177543	1098.8
177717	1098.7
178007	1098.4
178361	1098.6
179015	1098.4
179255	1098.1
179658	1098.3
179675	1098.5
179797	1098.7
179966	1098.8
180206	1098.8
180381	1099.0
180410	1099.2
180917	1099.2
181220	1099.0
181788	1099.2
181868	1099.0
181918	1099.2
182136	1099.4
182556	1099.1
182819	1099.0
183191	1099.2
183270	1099.4
183304	1099.6
183527	1099.8
183635	1099.6
183770	1099.3
184140	1099.5
184157	1099.7
184586	1099.7
184721	1099.8
185139	1100.0
185169	1100.2
185316	1100.4
186294	1100.2
186304	1099.9
186626	1100.1
187046	1100.3
187286	1100.5
187478	1100.2
187488	1100.0
187832	1100.2
188172	1100.4
188273	1100.6
188429	1100.6
188974	1100.3
189260	1100.5
189272	1100.7
189616	1100.5
189925	1100.3
190234	1100.5
190604	1100.7
190767	1100.5
191389	1100.2
191880	1100.0
192384	1099.7
192800	1099.9
192831	1099.9
193140	1100.1
193335	1100.0
193782	1100.1
194178	1100.2
194253	1100.4
194286	1100.5
194728	1100.7
194971	1100.5
195237	1100.5
195866	1100.7
195879	1100.9
196605	1100.6
196710	1100.4
197088	1100.6
197340	1100.8
197508	1101.0
198314	1100.7
198445	1100.5
199067	1100.7
199265	1100.5
199396	1100.4
199713	1100.6
200185	1100.8
200696	1100.6
200910	1100.3
201293	1100.5
201389	1100.7
201647	1100.5
201861	1100.4
202351	1100.6
202628	1100.7
202687	1100.5
202812	1100.4
203309	1100.6
203405	1100.8
203468	1101.0
203638	1100.9
203653	1101.1
203774	1100.9
203781	1101.1
203792	1101.2
204564	1101.4
204677	1101.2
204725	1101.0
205056	1101.2
205169	1101.4
205530	1101.5
205581	1101.7
205614	1101.9
205627	1102.1
206160	1101.8
206458	1101.6
207382	1101.4
207428	1101.2
207828	1101.3
207845	1101.5
207855	1101.7
209663	1101.4
209751	1101.2
210167	1101.4
210335	1101.6
211150	1101.3
211235	1101.1
211510	1101.3
212145	1101.5
212145	1101.2
212439	1101.0
213096	1101.1
213405	1101.2
213913	1101.0
214090	1100.8
