2020-04-16 19:26:44

CONFIGURATION:
{u'simulation': {u'stdev_factor': 0.01, u'power_mgmt_enabled': False, u'tasks': {u'loc': {u'mean_service_time': {u'gpu': 90, u'cpu_core': 200, u'loc_accel': 10}, u'priority': 1, u'deadline': 1000, u'stdev_service_time': {u'gpu': 0.9, u'cpu_core': 2.0, u'loc_accel': 0.1}, u'power': {u'gpu': 4.457, u'cpu_core': 6.133, u'loc_accel': 0.02197}}, u'detect': {u'mean_service_time': {u'gpu': 0.4607, u'cpu_core': 3.654, u'det_accel': 0.278}, u'priority': 2, u'deadline': 1000, u'stdev_service_time': {u'gpu': 0.004607, u'cpu_core': 0.03654, u'det_accel': 0.0027800000000000004}, u'power': {u'gpu': 90, u'cpu_core': 200, u'det_accel': 10}}, u'Frontier': {u'mean_service_time': {u'cpu_core': 396}, u'priority': 9, u'deadline': 1000, u'stdev_service_time': {u'cpu_core': 3.96}, u'power': {u'cpu_core': 5.98}}, u'track': {u'mean_service_time': {u'gpu': 17, u'tra_accel': 2, u'cpu_core': 1820}, u'priority': 3, u'deadline': 1000, u'stdev_service_time': {u'gpu': 0.17, u'tra_accel': 0.02, u'cpu_core': 18.2}, u'power': {u'gpu': 12.79, u'tra_accel': 0.59, u'cpu_core': 5.6}}, u'sp': {u'mean_service_time': {u'gpu': 379, u'cpu_core': 1004}, u'priority': 11, u'deadline': 1000, u'stdev_service_time': {u'gpu': 3.79, u'cpu_core': 10.040000000000001}, u'power': {u'gpu': 3.302, u'cpu_core': 1004}}, u'mission': {u'mean_service_time': {u'cpu_core': 0.0022}, u'priority': 5, u'deadline': 1000, u'stdev_service_time': {u'cpu_core': 2.2000000000000003e-05}, u'power': {u'cpu_core': 3.534}}, u'motion': {u'mean_service_time': {u'cpu_core': 8}, u'priority': 6, u'deadline': 1000, u'stdev_service_time': {u'cpu_core': 0.08}, u'power': {u'cpu_core': 4.222}}, u'collision': {u'mean_service_time': {u'cpu_core': 8}, u'priority': 7, u'deadline': 1000, u'stdev_service_time': {u'cpu_core': 0.08}, u'power': {u'cpu_core': 0}}, u'fusion': {u'mean_service_time': {u'cpu_core': 1}, u'priority': 4, u'deadline': 1000, u'stdev_service_time': {u'cpu_core': 0.01}, u'power': {u'cpu_core': 0}}, u'map': {u'mean_service_time': {u'gpu': 761, u'cpu_core': 973}, u'priority': 10, u'deadline': 1000, u'stdev_service_time': {u'gpu': 7.61, u'cpu_core': 9.73}, u'power': {u'gpu': 3.533, u'cpu_core': 2.995}}, u'path': {u'mean_service_time': {u'cpu_core': 8}, u'priority': 8, u'deadline': 1000, u'stdev_service_time': {u'cpu_core': 0.08}, u'power': {u'cpu_core': 0}}}, u'sched_policy_module': u'policies.heft', u'drop': True, u'servers': {u'gpu': {u'count': 2}, u'tra_accel': {u'count': 1}, u'cpu_core': {u'count': 8}, u'loc_accel': {u'count': 1}, u'det_accel': {u'count': 1}}, u'max_tasks_simulated': 10000, u'max_queue_size': 1000000, u'mean_arrival_time': 50, u'arrival_time_scale': 4.2}, u'general': {u'random_seed': 0, u'pre_gen_arrivals': False, u'basename': u'policy:heft__stdev_factor:0.01', u'output_trace_file': None, u'working_dir': u'/home/hiwot/meta-stomp2/sim_16042020_192450_new_arrival_50_map_rheftmapping_50_trace_50', u'input_trace_file': (False, '../mv_mapping_50_trace_50.trc'), u'logging_level': u'INFO'}}
Time	Response time (avg)
942	1.0
1462	1.0
1627	1.0
1731	1.0
2126	1.0
2994	1.0
3008	1.0
3087	1.0
3220	1.0
3403	1.0
3566	1.0
3572	1.0
3630	1.0
3899	1.0
4391	3.3
4416	5.2
4896	5.8
4898	6.0
4899	6.0
4901	6.0
4919	5.8
5194	5.5
5311	5.3
5353	5.2
5476	5.0
5500	4.8
5684	4.7
5703	4.6
6047	4.4
6427	4.3
6607	4.2
6746	4.1
7034	4.0
7061	3.9
7107	3.9
7179	3.8
7376	3.7
8057	3.6
8078	3.6
8191	3.5
8479	3.4
8656	3.4
9007	3.3
9059	3.3
9112	3.2
9371	3.2
9637	3.1
10039	3.1
10093	3.0
10299	3.0
10362	3.0
10511	2.9
10560	2.9
10963	2.9
11143	2.8
11383	2.8
11690	2.8
11780	2.7
11799	2.7
12094	2.7
12149	2.6
12219	2.6
12334	2.6
12702	2.6
13095	2.5
13147	2.5
13696	2.5
13931	2.5
14135	2.4
14333	2.4
14587	2.4
14666	2.4
14810	2.4
14993	2.4
15183	2.3
15205	2.3
15310	2.3
15692	2.3
16007	2.3
16154	2.2
16261	2.2
16604	2.2
16641	2.2
17138	2.2
17707	2.2
18163	2.2
18184	2.1
18360	2.1
18573	2.1
19178	2.1
19197	2.1
19527	2.1
19733	2.1
19874	2.1
20570	2.1
20602	2.0
20627	2.0
20637	2.0
20934	2.0
21091	2.0
21180	2.0
21365	2.0
21618	2.0
21628	2.0
21908	2.0
22042	1.9
22128	1.9
22430	1.9
23139	1.9
23525	1.9
23857	1.9
23907	1.9
23982	1.9
24330	1.9
25540	1.9
25654	1.9
25665	1.9
25816	1.8
26322	1.8
26461	1.8
26465	1.8
26538	1.8
26692	1.8
26942	1.8
27280	1.8
27365	1.8
27654	1.8
27683	1.8
27981	1.8
28624	1.8
28686	1.8
29010	1.8
29236	1.8
29317	1.7
29461	1.7
29519	1.7
29813	1.7
29945	1.7
29968	1.7
30189	1.7
30268	1.7
30513	1.7
30545	1.7
30573	1.7
30643	1.7
30669	1.7
30683	1.7
31594	1.7
31714	1.7
31917	1.7
32665	1.7
32954	1.7
33000	1.7
33042	1.6
33105	1.6
33388	1.6
33766	1.6
33895	1.6
33937	1.6
34134	1.6
34272	1.6
34638	1.6
34753	1.6
35247	1.6
35276	1.6
35573	1.6
35592	1.6
35970	1.6
36058	1.6
36176	1.6
36198	1.6
36666	1.6
36724	1.6
36806	1.6
37814	1.6
38124	1.6
38405	1.6
38497	1.6
39090	1.6
39855	1.6
39892	1.6
39909	1.5
39915	1.6
40116	1.6
40195	1.6
40485	1.5
40493	1.5
40888	1.5
41547	1.5
41609	1.5
41812	1.5
41839	1.5
42707	1.5
43118	1.5
43269	1.5
43473	1.5
43516	1.5
43897	1.5
44193	1.5
44416	1.5
44445	1.5
44484	1.5
44991	1.5
45680	1.5
45781	1.5
45898	1.5
45942	1.5
46222	1.5
46223	1.5
46849	1.5
46893	1.5
46915	1.5
47243	1.5
47352	1.5
47671	1.5
47721	1.5
48587	1.5
48851	1.5
48960	1.5
48994	1.5
49128	1.5
49149	1.5
49229	1.5
49389	1.5
49867	1.5
49989	1.5
50057	1.4
50271	1.4
50452	1.4
50650	1.4
50699	1.4
50732	1.4
50952	1.4
51426	1.4
51576	1.4
51602	1.4
52045	1.4
52543	1.4
53252	1.4
53845	1.4
54001	1.4
54021	1.4
54203	1.4
54210	1.4
54457	1.4
54975	1.4
55247	1.4
55516	1.4
55627	1.4
55882	1.4
56361	1.4
56756	1.4
56911	1.4
56945	1.4
57146	1.4
57523	1.4
57772	1.4
58376	1.4
58476	1.4
58719	1.4
58903	1.4
58927	1.4
58932	1.4
58959	1.4
59327	1.4
59393	1.4
59448	1.4
59758	1.4
59935	1.4
60208	1.4
60280	1.4
60302	1.4
60453	1.4
60867	1.4
61710	1.4
61893	1.4
62358	1.4
62492	1.4
62564	1.4
62745	1.4
62858	1.4
63222	1.4
63324	1.4
63443	1.4
63590	1.4
63945	1.4
64332	1.4
64394	1.4
64565	1.4
64568	1.4
64685	1.4
64896	1.4
64987	1.4
65526	1.4
65580	1.4
65975	1.4
66050	1.4
66315	1.4
66369	1.4
66508	1.4
66567	1.4
66689	1.4
66896	1.3
66974	1.3
67067	1.3
67386	1.3
67466	1.3
67496	1.3
67853	1.3
67952	1.3
67971	1.3
68100	1.3
68425	1.3
68652	1.3
69053	1.3
69074	1.3
69085	1.3
69276	1.3
69400	1.3
69782	1.3
69871	1.3
69994	1.3
70343	1.3
70351	1.3
70388	1.3
70988	1.3
71177	1.3
71388	1.3
71477	1.3
71716	1.3
72081	1.3
72433	1.3
72436	1.3
72518	1.3
72573	1.3
72667	1.3
72906	1.3
73299	1.3
73612	1.3
73957	1.3
74115	1.3
74133	1.3
74250	1.3
74557	1.3
74607	1.3
74748	1.3
75064	1.3
75696	1.3
76015	1.3
76152	1.3
76605	1.3
76867	1.3
76969	1.3
77014	1.3
77171	1.3
77242	1.3
77641	1.3
78135	1.3
78154	1.3
78242	1.3
78620	1.3
78751	1.3
79309	1.3
79582	1.3
79702	1.3
79851	1.3
80019	1.3
80179	1.3
80460	1.3
80659	1.3
80901	1.3
81056	1.3
81565	1.3
82007	1.3
82265	1.3
82602	1.3
82649	1.3
83666	1.5
83669	1.7
83672	1.9
83675	2.0
83678	2.0
83681	2.0
83721	2.0
84033	2.0
84060	2.0
84166	2.0
84175	2.0
84305	2.0
85044	2.6
85052	2.7
85055	2.8
85293	2.8
85296	2.8
85320	2.8
85494	2.8
85560	2.8
85652	2.8
85823	2.8
86014	2.8
86117	2.7
86129	2.7
86313	2.7
86634	2.7
86644	2.7
86764	2.7
86790	2.7
87208	2.7
87220	2.7
87409	2.7
87462	2.7
87728	2.7
88205	2.7
88238	2.7
88293	2.7
88411	2.7
88513	2.7
88523	2.7
88686	2.7
88873	2.7
89070	2.7
89189	2.7
89612	2.7
89830	2.7
89843	2.6
90624	2.6
91085	2.6
91191	2.6
91212	2.6
91222	2.6
91305	2.6
91451	2.6
91552	2.6
91687	2.6
91767	2.6
91777	2.6
91827	2.6
91998	2.6
92027	2.6
92925	2.6
93236	2.6
93400	2.6
93695	2.6
93783	2.6
94248	2.6
94375	2.6
94544	2.6
95370	2.6
95748	2.6
96260	2.6
96370	2.6
96451	2.6
96716	2.5
96735	2.5
96926	2.5
96970	2.5
99142	2.5
99326	2.5
99415	2.5
99453	2.5
100133	2.5
100435	2.5
100772	2.5
100776	2.5
101110	2.5
101296	2.5
101338	2.5
101428	2.5
101780	2.5
102111	2.5
102288	2.5
102442	2.5
102801	2.5
103031	2.5
103703	2.5
103942	2.5
104184	2.5
104283	2.5
104421	2.5
105135	2.5
105270	2.5
105500	2.5
105530	2.5
105780	2.4
105969	2.4
106794	2.4
106831	2.4
106891	2.4
107036	2.4
107101	2.4
107125	2.4
107126	2.4
107470	2.4
107735	2.4
107852	2.4
108042	2.4
108308	2.4
108686	2.4
108760	2.4
109371	2.4
109465	2.4
109571	2.4
109642	2.4
109730	2.4
109756	2.4
109810	2.4
110210	2.4
110994	2.4
111071	2.4
111112	2.4
111519	2.4
112863	2.4
112993	2.4
113380	2.4
113678	2.4
113712	2.4
113870	2.4
113944	2.4
114326	2.4
114434	2.4
114491	2.3
114662	2.3
114879	2.3
115081	2.3
115390	2.3
115450	2.3
115551	2.3
115682	2.3
115925	2.3
115965	2.3
116220	2.3
116413	2.3
117005	2.3
117353	2.3
117403	2.3
117449	2.3
117738	2.3
117859	2.3
118197	2.3
118777	2.3
118810	2.3
118895	2.3
118904	2.3
118967	2.3
119672	2.3
119761	2.3
119846	2.3
120053	2.3
120302	2.3
120559	2.3
120621	2.3
120701	2.3
120906	2.3
120961	2.3
121207	2.3
121334	2.3
121662	2.3
121730	2.3
122178	2.3
122326	2.3
122364	2.3
122494	2.3
122575	2.2
122628	2.2
122948	2.2
123170	2.2
123220	2.2
123317	2.2
123338	2.2
123439	2.2
123783	2.2
124262	2.2
124496	2.2
125069	2.2
126807	2.2
126959	2.2
126962	2.2
126980	2.2
127125	2.2
127244	2.2
127265	2.2
127418	2.2
127433	2.2
127824	2.2
128168	2.2
128512	2.2
128588	2.2
129017	2.2
129327	2.2
129823	2.2
129833	2.2
129894	2.2
130187	2.2
130477	2.2
130742	2.2
130931	2.2
131398	2.2
131776	2.2
132123	2.2
132377	2.2
132414	2.2
132553	2.2
132746	2.2
133222	2.2
133364	2.2
133492	2.2
133543	2.2
133607	2.2
133704	2.2
134564	2.2
134574	2.2
135251	2.1
135342	2.1
135363	2.1
135515	2.1
135564	2.1
135570	2.1
135572	2.1
135837	2.1
135875	2.1
136471	2.1
137538	2.1
138314	2.1
138429	2.1
138665	2.1
138770	2.1
138781	2.1
138899	2.1
138986	2.1
139118	2.1
139277	2.1
140348	2.1
141806	2.1
141893	2.1
142280	2.1
142468	2.1
142595	2.1
142612	2.1
142835	2.1
142846	2.1
142924	2.1
143426	2.1
143528	2.1
143699	2.1
144363	2.1
144370	2.1
144642	2.1
144817	2.1
144871	2.1
144923	2.1
145304	2.1
145505	2.1
146227	2.1
146344	2.1
146607	2.1
146691	2.1
146990	2.1
147011	2.1
147014	2.1
147185	2.1
147212	2.1
147484	2.1
147654	2.1
147782	2.1
148136	2.1
148195	2.1
148269	2.1
148324	2.1
148509	2.1
148798	2.1
148933	2.1
149254	2.1
149429	2.1
149546	2.0
149749	2.0
149941	2.0
150092	2.0
150404	2.1
150407	2.1
150428	2.1
151328	2.1
151331	2.2
151334	2.2
151337	2.2
151382	2.2
151538	2.2
151546	2.2
151781	2.2
151795	2.2
151823	2.2
151843	2.2
152054	2.2
152148	2.2
152185	2.2
152641	2.2
152794	2.2
153431	2.2
153628	2.2
153776	2.2
153914	2.2
154061	2.2
154074	2.2
154370	2.2
154401	2.2
154406	2.2
154653	2.2
155081	2.2
155289	2.2
155955	2.2
156299	2.2
157250	2.2
157350	2.2
157403	2.2
157761	2.2
157857	2.2
157857	2.2
157925	2.2
157977	2.2
158777	2.2
158840	2.2
158893	2.2
159059	2.1
159339	2.1
159572	2.1
159950	2.1
160075	2.1
160147	2.1
160167	2.1
160819	2.1
161273	2.1
161521	2.1
161911	2.1
162116	2.1
162296	2.1
163247	2.1
163255	2.1
163314	2.1
163420	2.1
163605	2.1
163662	2.1
164029	2.1
164179	2.1
164200	2.1
164498	2.1
164523	2.1
165275	2.1
165544	2.1
165582	2.1
165597	2.1
165636	2.1
165944	2.1
166215	2.1
166371	2.1
166426	2.1
166485	2.1
166721	2.1
166895	2.1
166909	2.1
167016	2.1
167203	2.1
167610	2.1
167654	2.1
167875	2.1
168057	2.1
168067	2.1
168363	2.1
168505	2.1
168530	2.1
168576	2.1
168971	2.1
168984	2.1
169119	2.1
169400	2.1
169573	2.1
169744	2.1
169857	2.1
169945	2.1
170022	2.1
170027	2.1
170433	2.1
170973	2.1
171097	2.1
171581	2.1
171747	2.1
171878	2.1
171926	2.1
172048	2.1
172380	2.1
173167	2.1
173335	2.1
173499	2.1
173646	2.1
173734	2.0
173749	2.0
173894	2.0
173982	2.0
174263	2.0
174561	2.0
174893	2.0
174903	2.0
175192	2.0
175385	2.0
175805	2.0
175815	2.0
176002	2.0
176275	2.0
176279	2.0
176296	2.0
176320	2.0
176552	2.0
176772	2.0
176785	2.0
176982	2.0
177201	2.0
177448	2.0
177549	2.0
177723	2.0
177935	2.0
178115	2.0
178365	2.0
178508	2.0
178595	2.0
178644	2.0
178904	2.0
178984	2.0
179093	2.0
179516	2.0
179662	2.0
179681	2.0
179744	2.0
179758	2.0
180212	2.0
180298	2.0
180387	2.0
180416	2.0
180469	2.0
180525	2.0
180586	2.0
180672	2.0
180923	2.0
181721	2.0
181922	2.0
182190	2.0
182369	2.0
182540	2.0
182562	2.0
182825	2.0
183274	2.0
183310	2.0
183593	2.0
183641	2.0
183776	2.0
183929	2.0
184542	2.0
184561	2.0
184637	2.0
184793	2.0
185087	2.0
185224	2.0
185322	2.0
185541	2.0
185571	2.0
185725	2.0
186019	2.0
186107	2.0
186795	2.0
186807	2.0
187028	2.0
187290	2.0
187448	2.0
187464	2.0
187494	2.0
187838	2.0
187979	2.0
188176	2.0
188277	2.0
188287	2.0
188463	1.9
188795	1.9
188930	1.9
188951	1.9
189009	1.9
189264	1.9
189278	1.9
189477	1.9
189622	1.9
189707	1.9
189931	1.9
189959	1.9
190240	1.9
190608	1.9
190626	1.9
190660	1.9
190773	1.9
191021	1.9
191395	1.9
191886	1.9
191996	1.9
192006	1.9
192063	1.9
192804	1.9
192885	1.9
193332	1.9
193341	1.9
193542	1.9
194257	1.9
194283	1.9
194580	1.9
194732	1.9
194789	1.9
195243	1.9
195335	1.9
195472	1.9
195679	1.9
195885	1.9
196007	1.9
196367	1.9
196611	1.9
196716	1.9
196838	1.9
197422	1.9
197589	1.9
197843	1.9
198011	1.9
198320	1.9
198438	1.9
198590	1.9
198946	1.9
198963	1.9
199115	1.9
199271	1.9
199469	1.9
199526	1.9
199899	1.9
199929	1.9
200189	1.9
200214	1.9
200702	1.9
200916	1.9
201299	1.9
201395	1.9
202029	1.9
202148	1.9
202362	1.9
202632	1.9
202693	1.9
202753	1.9
203313	1.9
203317	1.9
203474	1.9
203657	1.9
203780	1.9
203787	1.9
203906	1.9
204139	1.9
204295	1.9
204568	1.9
204683	1.9
204705	1.9
204728	1.9
204731	1.9
205062	1.9
205175	1.9
205478	1.9
205536	1.9
205620	1.9
206082	1.9
206120	1.9
206130	1.9
206166	1.9
206959	1.9
207832	1.9
207842	1.9
207851	1.9
207883	1.9
207931	1.9
208358	1.9
208380	1.9
209249	1.9
209384	1.9
209514	1.9
209669	1.9
209757	1.9
210278	1.9
210569	1.9
210739	1.8
211093	1.8
211241	1.8
211514	1.8
211530	1.8
211651	1.8
212152	1.8
212445	1.8
212547	1.8
212588	1.8
212598	1.8
213597	1.8
213809	1.8
213919	1.8
214096	1.8
