2020-04-16 19:26:44

CONFIGURATION:
{u'simulation': {u'stdev_factor': 0.01, u'power_mgmt_enabled': False, u'tasks': {u'loc': {u'mean_service_time': {u'gpu': 90, u'cpu_core': 200, u'loc_accel': 10}, u'priority': 1, u'deadline': 1000, u'stdev_service_time': {u'gpu': 0.9, u'cpu_core': 2.0, u'loc_accel': 0.1}, u'power': {u'gpu': 4.457, u'cpu_core': 6.133, u'loc_accel': 0.02197}}, u'detect': {u'mean_service_time': {u'gpu': 0.4607, u'cpu_core': 3.654, u'det_accel': 0.278}, u'priority': 2, u'deadline': 1000, u'stdev_service_time': {u'gpu': 0.004607, u'cpu_core': 0.03654, u'det_accel': 0.0027800000000000004}, u'power': {u'gpu': 90, u'cpu_core': 200, u'det_accel': 10}}, u'Frontier': {u'mean_service_time': {u'cpu_core': 396}, u'priority': 9, u'deadline': 1000, u'stdev_service_time': {u'cpu_core': 3.96}, u'power': {u'cpu_core': 5.98}}, u'track': {u'mean_service_time': {u'gpu': 17, u'tra_accel': 2, u'cpu_core': 1820}, u'priority': 3, u'deadline': 1000, u'stdev_service_time': {u'gpu': 0.17, u'tra_accel': 0.02, u'cpu_core': 18.2}, u'power': {u'gpu': 12.79, u'tra_accel': 0.59, u'cpu_core': 5.6}}, u'sp': {u'mean_service_time': {u'gpu': 379, u'cpu_core': 1004}, u'priority': 11, u'deadline': 1000, u'stdev_service_time': {u'gpu': 3.79, u'cpu_core': 10.040000000000001}, u'power': {u'gpu': 3.302, u'cpu_core': 1004}}, u'mission': {u'mean_service_time': {u'cpu_core': 0.0022}, u'priority': 5, u'deadline': 1000, u'stdev_service_time': {u'cpu_core': 2.2000000000000003e-05}, u'power': {u'cpu_core': 3.534}}, u'motion': {u'mean_service_time': {u'cpu_core': 8}, u'priority': 6, u'deadline': 1000, u'stdev_service_time': {u'cpu_core': 0.08}, u'power': {u'cpu_core': 4.222}}, u'collision': {u'mean_service_time': {u'cpu_core': 8}, u'priority': 7, u'deadline': 1000, u'stdev_service_time': {u'cpu_core': 0.08}, u'power': {u'cpu_core': 0}}, u'fusion': {u'mean_service_time': {u'cpu_core': 1}, u'priority': 4, u'deadline': 1000, u'stdev_service_time': {u'cpu_core': 0.01}, u'power': {u'cpu_core': 0}}, u'map': {u'mean_service_time': {u'gpu': 761, u'cpu_core': 973}, u'priority': 10, u'deadline': 1000, u'stdev_service_time': {u'gpu': 7.61, u'cpu_core': 9.73}, u'power': {u'gpu': 3.533, u'cpu_core': 2.995}}, u'path': {u'mean_service_time': {u'cpu_core': 8}, u'priority': 8, u'deadline': 1000, u'stdev_service_time': {u'cpu_core': 0.08}, u'power': {u'cpu_core': 0}}}, u'sched_policy_module': u'policies.heft', u'drop': True, u'servers': {u'gpu': {u'count': 2}, u'tra_accel': {u'count': 1}, u'cpu_core': {u'count': 8}, u'loc_accel': {u'count': 1}, u'det_accel': {u'count': 1}}, u'max_tasks_simulated': 10000, u'max_queue_size': 1000000, u'mean_arrival_time': 50, u'arrival_time_scale': 4.2}, u'general': {u'random_seed': 0, u'pre_gen_arrivals': False, u'basename': u'policy:heft__stdev_factor:0.01', u'output_trace_file': None, u'working_dir': u'/home/hiwot/meta-stomp2/sim_16042020_192450_new_arrival_50_map_rheftmapping_50_trace_50', u'input_trace_file': (False, '../mv_mapping_50_trace_50.trc'), u'logging_level': u'INFO'}}
Time	Response time (avg)
1456	495.0
1619	495.0
3081	495.0
3566	495.0
4330	495.0
4850	495.8
4878	496.7
4886	496.9
4911	497.0
5305	486.9
5345	515.5
5468	513.8
5695	512.4
6041	511.1
6419	510.1
7370	509.1
8650	508.3
9001	502.1
9051	496.5
9631	496.4
10293	496.3
10503	496.3
10552	496.2
12143	492.0
13690	492.2
13925	492.3
14129	488.7
14327	485.4
14579	482.3
14660	482.7
15177	483.1
16635	483.5
17132	483.8
17701	484.2
18176	484.5
18354	482.0
19868	482.4
20564	480.1
20629	480.5
21357	478.4
21902	478.8
22120	479.2
22424	477.2
23976	477.6
25534	478.0
25648	478.4
26459	478.7
26530	479.1
27357	479.4
28680	479.7
29230	480.0
30181	480.3
30507	480.6
30675	480.9
31708	481.1
32659	481.4
33034	481.6
33382	480.1
33758	480.4
34266	480.6
34632	480.9
34745	481.1
36660	481.3
36716	481.5
38491	481.7
39907	481.9
40108	482.1
40487	482.3
41603	482.5
43510	482.7
44439	482.8
44476	483.0
45892	483.2
46217	482.0
46843	482.2
47715	482.3
50446	482.5
50644	481.4
50724	480.3
51570	480.5
52037	480.7
53995	480.9
55241	481.0
55619	481.2
57517	481.4
58370	481.5
58468	481.7
58897	480.7
59321	480.9
59752	481.0
60272	481.2
60294	481.3
61885	481.5
62486	481.6
63437	481.7
63584	480.9
63939	481.0
64388	481.1
64890	481.3
66890	480.4
66966	480.6
67490	480.7
67845	480.9
67963	481.0
69392	481.1
69865	481.3
70343	481.4
70382	481.5
70982	481.6
71169	480.9
72427	481.0
72900	480.2
74107	480.4
74549	480.5
74599	480.6
75058	480.7
75690	480.9
76009	481.0
76963	481.1
77163	480.4
77234	479.7
77635	479.8
78148	479.9
78614	480.1
81050	480.2
82001	480.3
82257	479.6
83650	479.8
83713	479.9
84160	480.0
84299	479.4
84601	479.5
85278	481.0
85312	481.2
85486	481.3
85552	481.4
86111	481.5
86121	481.6
86307	481.7
86758	481.8
87454	481.9
87720	482.0
88287	482.1
88405	482.2
91079	482.2
92919	482.3
94242	482.4
94536	482.5
96254	482.6
96443	482.7
96920	482.1
100766	482.2
100770	481.6
101290	481.7
101420	481.8
102436	481.9
102793	482.0
103936	482.0
105494	482.1
106825	482.2
107115	482.3
107464	482.4
107846	482.4
109457	481.9
109748	482.0
110988	482.1
111063	482.1
113864	482.2
114656	481.7
115384	481.8
116214	481.9
116405	481.9
117397	482.0
118889	482.1
118896	482.2
118959	482.2
119840	482.3
120045	481.8
120553	481.3
121201	481.4
122172	481.5
122567	481.6
123214	481.6
124490	481.7
126956	481.8
130181	481.9
130469	481.9
132371	482.0
132740	482.1
133216	482.1
133537	482.2
135245	481.8
135564	481.3
136465	481.4
138308	481.5
138659	481.0
138773	480.6
138978	480.7
141887	480.7
142462	480.8
142838	480.9
143420	480.9
144364	481.0
144636	480.6
144865	480.7
144915	480.7
146221	480.8
146601	480.4
146685	480.0
147179	480.1
147204	480.1
147776	480.2
148130	480.3
148187	480.3
150086	480.4
150926	480.5
151045	480.1
151530	481.5
151540	482.3
151773	482.4
151787	482.5
152179	482.6
153622	482.6
155075	482.7
155283	482.3
156293	482.3
157244	482.4
157395	482.4
157851	482.5
157969	482.6
158834	482.6
158885	482.7
160161	482.7
161515	482.8
162290	482.8
163241	482.9
163414	482.5
163597	482.6
164023	482.2
164192	482.2
165938	482.3
166209	482.4
166365	482.4
166715	482.5
166889	482.5
167604	482.6
167646	482.6
168049	482.7
168059	482.7
168357	482.4
168965	482.4
169111	482.5
169939	482.5
170016	482.6
170019	482.6
170967	482.7
171089	482.7
171575	482.4
171918	482.4
172040	482.5
175186	482.5
176310	482.6
176976	482.2
177442	482.3
177929	482.0
178502	482.0
179510	482.1
179750	482.1
180292	482.2
180461	482.2
181715	482.2
182184	481.9
182363	482.0
182532	481.7
183587	481.4
183923	481.0
184536	480.7
184553	480.4
185081	480.5
185216	480.5
185535	480.2
185565	479.9
186789	480.0
186799	480.0
187022	479.7
187442	479.5
187973	479.5
188924	479.6
189469	479.6
192879	479.7
193326	479.7
193536	479.4
194277	479.5
194574	479.2
194781	479.3
195466	479.3
196361	479.4
197583	479.4
197835	479.5
198003	479.5
198940	479.6
199463	479.3
199891	479.3
200208	479.4
202142	479.4
202356	479.5
202747	479.2
203307	479.3
203900	479.3
204133	479.4
204287	479.4
206076	479.5
206122	479.5
206953	479.6
207877	479.6
207923	479.7
208350	479.7
210563	479.5
210731	479.2
211645	479.2
212541	479.0
213591	479.0
213801	478.8
