CONFIGURATION:
{u'simulation': {u'stdev_factor': 0.01, u'power_mgmt_enabled': False, u'tasks': {u'loc': {u'mean_service_time': {u'gpu': 90, u'cpu_core': 200, u'loc_accel': 10}, u'priority': 1, u'deadline': 1000, u'stdev_service_time': {u'gpu': 0.9, u'cpu_core': 2.0, u'loc_accel': 0.1}, u'power': {u'gpu': 4.457, u'cpu_core': 6.133, u'loc_accel': 0.02197}}, u'detect': {u'mean_service_time': {u'gpu': 0.4607, u'cpu_core': 3.654, u'det_accel': 0.278}, u'priority': 2, u'deadline': 1000, u'stdev_service_time': {u'gpu': 0.004607, u'cpu_core': 0.03654, u'det_accel': 0.0027800000000000004}, u'power': {u'gpu': 90, u'cpu_core': 200, u'det_accel': 10}}, u'Frontier': {u'mean_service_time': {u'cpu_core': 396}, u'priority': 9, u'deadline': 1000, u'stdev_service_time': {u'cpu_core': 3.96}, u'power': {u'cpu_core': 5.98}}, u'track': {u'mean_service_time': {u'gpu': 17, u'tra_accel': 2, u'cpu_core': 1820}, u'priority': 3, u'deadline': 1000, u'stdev_service_time': {u'gpu': 0.17, u'tra_accel': 0.02, u'cpu_core': 18.2}, u'power': {u'gpu': 12.79, u'tra_accel': 0.59, u'cpu_core': 5.6}}, u'sp': {u'mean_service_time': {u'gpu': 379, u'cpu_core': 1004}, u'priority': 11, u'deadline': 1000, u'stdev_service_time': {u'gpu': 3.79, u'cpu_core': 10.040000000000001}, u'power': {u'gpu': 3.302, u'cpu_core': 1004}}, u'mission': {u'mean_service_time': {u'cpu_core': 0.0022}, u'priority': 5, u'deadline': 1000, u'stdev_service_time': {u'cpu_core': 2.2000000000000003e-05}, u'power': {u'cpu_core': 3.534}}, u'motion': {u'mean_service_time': {u'cpu_core': 8}, u'priority': 6, u'deadline': 1000, u'stdev_service_time': {u'cpu_core': 0.08}, u'power': {u'cpu_core': 4.222}}, u'collision': {u'mean_service_time': {u'cpu_core': 8}, u'priority': 7, u'deadline': 1000, u'stdev_service_time': {u'cpu_core': 0.08}, u'power': {u'cpu_core': 0}}, u'fusion': {u'mean_service_time': {u'cpu_core': 1}, u'priority': 4, u'deadline': 1000, u'stdev_service_time': {u'cpu_core': 0.01}, u'power': {u'cpu_core': 0}}, u'map': {u'mean_service_time': {u'gpu': 761, u'cpu_core': 973}, u'priority': 10, u'deadline': 1000, u'stdev_service_time': {u'gpu': 7.61, u'cpu_core': 9.73}, u'power': {u'gpu': 3.533, u'cpu_core': 2.995}}, u'path': {u'mean_service_time': {u'cpu_core': 8}, u'priority': 8, u'deadline': 1000, u'stdev_service_time': {u'cpu_core': 0.08}, u'power': {u'cpu_core': 0}}}, u'sched_policy_module': u'policies.heft', u'drop': True, u'servers': {u'gpu': {u'count': 2}, u'tra_accel': {u'count': 1}, u'cpu_core': {u'count': 8}, u'loc_accel': {u'count': 1}, u'det_accel': {u'count': 1}}, u'max_tasks_simulated': 10000, u'max_queue_size': 1000000, u'mean_arrival_time': 50, u'arrival_time_scale': 3.6}, u'general': {u'random_seed': 0, u'pre_gen_arrivals': False, u'basename': u'policy:heft__stdev_factor:0.01', u'output_trace_file': None, u'working_dir': u'/home/hiwot/meta-stomp2/sim_16042020_192450_new_arrival_50_map_rheftmapping_50_trace_50', u'input_trace_file': (False, '../mv_mapping_50_trace_50.trc'), u'logging_level': u'INFO'}}

/home/hiwot/meta-stomp2/sim_16042020_192450_new_arrival_50_map_rheftmapping_50_trace_50/../mv_mapping_50_trace_50.trc

Running STOMP simulation...
Dropped,DAG ID,DAG Priority,DAG Type,Slack,Response Time,No-Affinity Time,Energy
0,0,3,0,4067,1462,293,6320.2027
0,1,1,0,4067,1462,293,6320.2027
0,2,1,1,587,14,2,0.2197
0,3,1,2,3137,967,194,3360.1027
0,4,1,0,4067,1462,293,6320.2027
0,5,1,1,587,14,2,0.2197
0,6,3,2,2874,1230,245,3642.1397
0,7,3,0,3901,1628,247,6010.2197
0,8,3,2,2874,1230,245,3642.1397
0,9,3,2,3137,967,194,3360.1027
0,10,3,0,3100,2429,297,6694.83252
0,11,1,1,587,14,2,0.2197
0,12,1,2,2046,2058,249,3642.1397
0,13,1,0,3537,1992,350,6733.7997
0,14,3,0,3556,1973,350,6662.0397
0,15,1,0,3563,1966,350,6733.7997
0,16,3,0,3337,2192,348,9370.9797
0,17,3,1,587,14,2,0.2197
0,18,3,0,3665,1864,295,8445.4797
0,19,1,1,587,14,2,0.2197
0,20,3,0,3732,1797,293,7985.8167
0,21,3,0,3795,1734,346,6644.0997
0,22,3,1,587,14,2,0.2197
0,23,3,2,2823,1281,249,3642.1397
0,24,3,0,3417,2112,346,7746.39561
0,25,3,0,3534,1995,348,7398.9097
0,26,3,2,2562,1542,245,4576.5797
0,27,1,1,-196,797,4,0.2197
0,28,1,0,4042,1487,295,6401.4617
0,29,3,2,3137,967,194,3360.1027
0,30,3,1,587,14,2,0.2197
0,31,1,2,2834,1270,245,3761.9397
0,32,1,0,3961,1568,293,6694.7007
0,33,3,2,2872,1232,247,3642.1397
0,34,1,1,587,14,2,0.2197
0,35,1,1,587,14,2,0.2197
0,36,1,1,587,14,2,0.2197
0,37,1,0,4067,1462,293,6320.2027
0,38,1,2,3137,967,194,3360.1027
0,39,1,2,2874,1230,245,3642.1397
0,40,3,0,3901,1628,247,6010.2197
0,41,1,0,3899,1630,249,6010.2197
0,42,1,2,2874,1230,245,3642.1397
0,43,1,1,587,14,2,0.2197
0,44,3,1,587,14,2,0.2197
0,45,1,0,3955,1574,293,6715.8987
0,46,1,0,4067,1462,293,6320.2027
0,47,1,0,3901,1628,247,6010.2197
0,48,1,2,2872,1232,247,3642.1397
0,49,3,0,3802,1727,346,6602.2397
0,50,1,1,587,14,2,0.2197
0,51,1,1,587,14,2,0.2197
0,52,3,2,3137,967,194,3360.1027
0,53,1,1,587,14,2,0.2197
0,54,1,2,3137,967,194,3360.1027
0,55,1,0,3802,1727,346,6602.2397
0,56,1,2,2872,1232,247,3642.1397
0,57,1,1,587,14,2,0.2197
0,58,3,2,2874,1230,245,3642.1397
0,59,3,2,3137,967,194,3360.1027
0,60,3,1,587,14,2,0.2197
0,61,1,1,587,14,2,0.2197
0,62,3,2,3137,967,194,3360.1027
0,63,3,1,587,14,2,0.2197
0,64,1,0,3864,1665,293,7037.4017
0,65,3,0,3901,1628,247,6010.2197
0,66,3,0,3899,1630,249,6010.2197
0,67,3,1,587,14,2,0.2197
0,68,3,0,3899,1630,249,6010.2197
0,69,3,0,4050,1479,295,6373.1977
0,70,1,1,587,14,2,0.2197
0,71,1,0,3802,1727,346,6602.2397
0,72,1,0,4065,1464,295,6320.2027
0,73,3,2,2872,1232,247,3642.1397
0,74,3,2,3137,967,194,3360.1027
0,75,1,2,3046,1058,194,3681.6057
0,76,1,1,587,14,2,0.2197
0,77,3,0,3802,1727,346,6602.2397
0,78,1,1,587,14,2,0.2197
0,79,3,2,2865,1239,247,3642.29349
0,80,3,0,4067,1462,293,6320.2027
0,81,1,1,587,14,2,0.2197
0,82,1,0,4067,1462,293,6320.2027
0,83,3,1,587,14,2,0.2197
0,84,1,1,587,14,2,0.2197
0,85,3,0,4067,1462,293,6320.2027
0,86,3,0,3899,1630,249,6010.2197
0,87,1,2,3003,1101,194,3833.5247
0,88,3,2,2872,1232,247,3642.1397
0,89,1,2,3137,967,194,3360.1027
0,90,3,0,4067,1462,293,6320.2027
0,91,1,0,3901,1628,247,6010.2197
0,92,1,0,3939,1590,295,6765.3607
0,93,3,1,584,17,2,0.28561
0,94,1,1,587,14,2,0.2197
0,95,1,2,3137,967,194,3360.1027
0,96,1,1,587,14,2,0.2197
0,97,3,0,3897,1632,251,6010.2197
0,98,1,2,2874,1230,245,3642.1397
0,99,3,2,2872,1232,247,3642.1397
0,100,1,0,3901,1628,247,6010.2197
0,101,1,1,587,14,2,0.2197
0,102,3,0,4065,1464,295,6320.2027
0,103,3,0,4065,1464,295,6320.2027
0,104,3,1,587,14,2,0.2197
0,105,1,2,2874,1230,245,3642.1397
0,106,3,1,587,14,2,0.2197
0,107,1,1,584,17,2,0.28561
0,108,3,0,4067,1462,293,6320.2027
0,109,1,2,3137,967,194,3360.1027
0,110,1,2,2874,1230,245,3642.1397
0,111,3,1,587,14,2,0.2197
0,112,3,1,587,14,2,0.2197
0,113,3,1,587,14,2,0.2197
0,114,1,0,4067,1462,293,6320.2027
0,115,1,0,4065,1464,295,6320.2027
0,116,3,2,2874,1230,245,3642.1397
0,117,3,2,2874,1230,245,3642.1397
0,118,3,0,3802,1727,346,6602.2397
0,119,1,0,3968,1561,295,6662.9037
0,120,3,2,3137,967,194,3360.1027
0,121,3,0,3802,1727,346,6602.2397
0,122,3,2,2872,1232,247,3642.1397
0,123,1,1,587,14,2,0.2197
0,124,1,1,587,14,2,0.2197
0,125,3,2,3137,967,194,3360.1027
0,126,1,0,4067,1462,293,6320.2027
0,127,3,1,587,14,2,0.2197
0,128,3,1,587,14,2,0.2197
0,129,3,0,4023,1506,293,6475.6547
0,130,1,1,587,14,2,0.2197
0,131,3,2,3137,967,194,3360.1027
0,132,3,0,3901,1628,247,6010.2197
0,133,3,1,587,14,2,0.2197
0,134,3,2,2813,1291,245,3824.8347
0,135,1,0,3938,1591,295,6768.8937
0,136,3,0,3800,1729,348,6602.2397
0,137,1,1,587,14,2,0.2197
0,138,1,2,2872,1232,247,3642.1397
0,139,3,2,3035,1069,194,3720.4687
0,140,3,2,2872,1232,247,3642.1397
0,141,3,1,581,20,2,0.35152
0,142,3,1,587,14,2,0.2197
0,143,3,2,2874,1230,245,3642.1397
0,144,1,1,587,14,2,0.2197
0,145,1,1,587,14,2,0.2197
0,146,3,0,4067,1462,293,6320.2027
0,147,3,2,3096,1008,194,3504.9557
0,148,3,1,577,24,2,0.4394
0,149,3,0,3904,1625,293,6896.0817
0,150,3,0,3899,1630,249,6010.2197
0,151,3,0,4065,1464,295,6320.2027
0,152,1,2,2869,1235,247,3642.20561
0,153,3,1,587,14,2,0.2197
0,154,1,0,3997,1532,293,6567.5127
0,155,1,0,4016,1513,293,6500.3857
0,156,3,0,3802,1727,346,6602.2397
0,157,1,1,587,14,2,0.2197
0,158,1,1,587,14,2,0.2197
0,159,1,0,3892,1637,293,6938.4777
0,160,3,1,587,14,2,0.2197
0,161,3,1,587,14,2,0.2197
0,162,1,1,587,14,2,0.2197
0,163,3,2,3137,967,194,3360.1027
0,164,1,2,2874,1230,245,3642.1397
0,165,1,2,2872,1232,247,3642.1397
0,166,3,2,2929,1175,194,4094.9667
0,167,1,2,2870,1234,249,3642.1397
0,168,1,2,2872,1232,247,3642.1397
0,169,3,0,3802,1727,346,6602.2397
0,170,1,2,2872,1232,247,3642.1397
0,171,1,0,3945,1584,295,6744.1627
0,172,1,1,587,14,2,0.2197
0,173,3,1,587,14,2,0.2197
0,174,3,0,4067,1462,293,6320.2027
0,175,1,2,3137,967,194,3360.1027
0,176,3,1,587,14,2,0.2197
0,177,1,1,587,14,2,0.2197
0,178,1,0,4065,1464,295,6320.2027
0,179,1,0,4065,1464,295,6320.2027
0,180,3,2,2868,1236,245,3642.27152
0,181,1,0,3901,1628,247,6010.2197
0,182,1,2,2872,1232,247,3642.1397
0,183,1,1,587,14,2,0.2197
0,184,1,1,587,14,2,0.2197
0,185,1,1,587,14,2,0.2197
0,186,1,2,3137,967,194,3360.1027
0,187,1,0,4067,1462,293,6320.2027
0,188,3,1,587,14,2,0.2197
0,189,3,2,2985,1119,194,3897.1187
0,190,3,1,587,14,2,0.2197
0,191,1,1,587,14,2,0.2197
0,192,3,0,4067,1462,293,6320.2027
0,193,1,2,3137,967,194,3360.1027
0,194,3,2,2874,1230,245,3642.1397
0,195,3,1,587,14,2,0.2197
0,196,1,0,3802,1727,346,6602.2397
0,197,3,0,3942,1587,295,6754.7617
0,198,1,1,587,14,2,0.2197
0,199,3,2,3137,967,194,3360.1027
0,200,3,1,580,21,2,0.37349
0,201,3,2,2872,1232,247,3642.1397
0,202,3,1,587,14,2,0.2197
0,203,1,0,4067,1462,293,6320.2027
0,204,1,0,4065,1464,295,6320.2027
0,205,3,2,2874,1230,245,3642.1397
0,206,3,0,3886,1643,293,6959.6757
0,207,1,1,587,14,2,0.2197
0,208,1,1,587,14,2,0.2197
0,209,1,2,3137,967,194,3360.1027
0,210,1,0,3802,1727,346,6602.2397
0,211,1,2,2872,1232,247,3642.1397
0,212,3,2,2872,1232,247,3642.1397
0,213,1,1,587,14,2,0.2197
0,214,3,2,3137,967,194,3360.1027
0,215,1,1,587,14,2,0.2197
0,216,1,2,3136,968,194,3360.1027
0,217,1,1,587,14,2,0.2197
0,218,3,1,587,14,2,0.2197
0,219,3,2,3137,967,194,3360.1027
0,220,3,1,587,14,2,0.2197
0,221,3,0,3969,1560,293,6655.90361
0,222,3,0,3901,1628,247,6010.2197
0,223,1,0,3899,1630,249,6010.2197
0,224,3,1,587,14,2,0.2197
0,225,1,1,587,14,2,0.2197
0,226,3,1,587,14,2,0.2197
0,227,1,1,587,14,2,0.2197
0,228,3,2,2874,1230,245,3642.1397
0,229,1,1,587,14,2,0.2197
0,230,3,2,3108,996,194,3427.4494
0,231,1,1,587,14,2,0.2197
0,232,1,0,3983,1546,293,6616.9747
0,233,3,2,2872,1232,247,3642.1397
0,234,1,1,587,14,2,0.2197
0,235,1,0,3800,1729,348,6602.2397
0,236,3,2,2872,1232,247,3642.1397
0,237,3,2,3137,967,194,3360.1027
0,238,1,1,587,14,2,0.2197
0,239,1,0,4064,1465,293,6320.26861
0,240,3,2,2874,1230,245,3642.1397
0,241,1,2,3054,1050,194,3653.3417
0,242,1,0,3955,1574,293,6715.8987
0,243,1,2,2874,1230,245,3642.1397
0,244,1,1,587,14,2,0.2197
0,245,3,0,3800,1729,348,6602.2397
0,246,1,1,587,14,2,0.2197
0,247,3,1,587,14,2,0.2197
0,248,1,2,3137,967,194,3360.1027
0,249,3,2,3137,967,194,3360.1027
0,250,1,2,2872,1232,247,3642.1397
0,251,3,2,3137,967,194,3360.1027
0,252,1,0,4067,1462,293,6320.2027
0,253,1,1,587,14,2,0.2197
0,254,3,0,3836,1693,297,6744.1627
0,255,3,1,587,14,2,0.2197
0,256,1,0,3855,1674,297,7009.20361
0,257,3,1,587,14,2,0.2197
0,258,1,0,3762,1767,346,6841.4397
0,259,3,2,2874,1230,245,3642.1397
0,260,1,0,3899,1630,249,6010.2197
0,261,3,2,2874,1230,245,3642.1397
0,262,3,1,587,14,2,0.2197
0,263,1,2,2787,1317,245,3902.7047
0,264,3,0,3952,1577,295,6719.4317
0,265,3,2,3082,1022,194,3554.4177
0,266,1,0,3800,1729,348,6602.2397
0,267,3,0,3871,1658,249,6094.0797
0,268,1,1,587,14,2,0.2197
0,269,3,2,2874,1230,245,3642.1397
0,270,3,2,2869,1235,247,3642.20561
0,271,1,1,587,14,2,0.2197
0,272,3,2,3137,967,194,3360.1027
0,273,1,0,4067,1462,293,6320.2027
0,274,1,1,585,16,2,0.26364
0,275,3,2,2874,1230,245,3642.1397
0,276,3,0,4067,1462,293,6320.2027
0,277,3,2,3011,1093,194,3805.2607
0,278,3,0,3901,1628,247,6010.2197
0,279,3,0,3913,1616,295,6857.2187
0,280,1,2,2874,1230,245,3642.1397
0,281,1,2,2874,1230,245,3642.1397
0,282,1,0,3926,1603,293,6818.3557
0,283,1,1,587,14,2,0.2197
0,284,1,1,587,14,2,0.2197
0,285,3,0,3891,1638,247,6010.4394
0,286,3,1,587,14,2,0.2197
0,287,3,2,3010,1094,194,3808.7937
0,288,1,2,2872,1232,247,3642.1397
0,289,1,0,3802,1727,346,6602.2397
0,290,3,2,2872,1232,247,3642.1397
0,291,3,2,3137,967,194,3360.1027
0,292,3,1,587,14,2,0.2197
0,293,3,2,3131,973,194,3360.23452
0,294,3,2,3097,1007,194,3501.4227
0,295,3,0,3901,1628,247,6010.2197
0,296,1,2,2871,1233,245,3642.20561
0,297,3,0,3884,1645,293,6966.7417
0,298,1,1,587,14,2,0.2197
0,299,1,0,3901,1628,247,6010.2197
0,300,3,1,587,14,2,0.2197
0,301,1,0,3967,1562,295,6666.4367
0,302,1,1,587,14,2,0.2197
0,303,3,1,587,14,2,0.2197
0,304,3,0,3802,1727,346,6602.2397
0,305,1,1,587,14,2,0.2197
0,306,3,1,587,14,2,0.2197
0,307,3,2,3137,967,194,3360.1027
0,308,3,1,587,14,2,0.2197
0,309,1,1,587,14,2,0.2197
0,310,3,2,3137,967,194,3360.1027
0,311,3,2,2874,1230,245,3642.1397
0,312,3,1,587,14,2,0.2197
0,313,1,2,2820,1284,245,3803.8697
0,314,1,0,3958,1571,293,6705.2997
0,315,1,2,2872,1232,247,3642.1397
0,316,3,1,587,14,2,0.2197
0,317,1,0,3915,1614,293,6857.2187
0,318,3,2,2874,1230,245,3642.1397
0,319,1,0,3802,1727,346,6602.2397
0,320,1,0,3800,1729,348,6602.2397
0,321,1,2,2872,1232,247,3642.1397
0,322,1,1,587,14,2,0.2197
0,323,3,1,587,14,2,0.2197
0,324,1,0,4067,1462,293,6320.2027
0,325,1,0,3997,1532,293,6567.5127
0,326,1,1,587,14,2,0.2197
0,327,1,2,3137,967,194,3360.1027
0,328,1,0,4067,1462,293,6320.2027
0,329,3,0,3901,1628,247,6010.2197
0,330,1,2,2864,1240,245,3642.3594
0,331,3,2,2874,1230,245,3642.1397
0,332,3,1,587,14,2,0.2197
0,333,3,1,587,14,2,0.2197
0,334,3,2,2996,1108,194,3858.2557
0,335,3,1,587,14,2,0.2197
0,336,1,2,3137,967,194,3360.1027
0,337,1,2,2874,1230,245,3642.1397
0,338,1,1,587,14,2,0.2197
0,339,3,0,3800,1729,348,6602.2397
0,340,3,2,2787,1317,245,3902.7047
0,341,3,0,3945,1584,295,6744.1627
0,342,3,0,3802,1727,346,6602.2397
0,343,3,2,2872,1232,247,3642.1397
0,344,1,2,2989,1115,194,3882.9867
0,345,1,0,3901,1628,247,6010.2197
0,346,3,0,4054,1475,293,6366.1317
0,347,3,0,3954,1575,293,6719.4317
0,348,1,1,587,14,2,0.2197
0,349,3,2,3008,1096,194,3815.8597
0,350,3,0,3933,1596,295,6786.5587
0,351,1,0,3901,1628,247,6010.2197
0,352,1,0,3899,1630,249,6010.2197
0,353,3,2,2874,1230,245,3642.1397
0,354,3,2,2874,1230,245,3642.1397
0,355,1,0,3966,1563,293,6677.0357
0,356,3,1,587,14,2,0.2197
0,357,3,0,4000,1529,293,6556.9137
0,358,3,0,3802,1727,346,6602.2397
0,359,3,2,2866,1238,247,3642.27152
0,360,3,2,3025,1079,194,3755.7987
0,361,3,2,3055,1049,194,3649.8087
0,362,1,2,2988,1116,194,3886.5197
0,363,1,2,2866,1238,247,3642.27152
0,364,3,2,2874,1230,245,3642.1397
0,365,3,0,4067,1462,293,6320.2027
0,366,3,1,587,14,2,0.2197
0,367,3,2,3137,967,194,3360.1027
0,368,1,1,587,14,2,0.2197
0,369,1,1,587,14,2,0.2197
0,370,1,1,587,14,2,0.2197
0,371,3,0,3908,1621,293,6881.9497
0,372,1,0,3901,1628,247,6010.2197
0,373,3,1,581,20,2,0.35152
0,374,3,1,587,14,2,0.2197
0,375,1,0,2800,2729,297,6320.2027
0,376,1,0,2851,2678,297,6320.2027
0,377,3,2,1505,2599,249,3642.1397
0,378,1,2,1516,2588,249,3642.1397
0,379,3,0,2980,2549,350,7834.1197
0,380,1,1,587,14,2,0.2197
0,381,3,1,587,14,2,0.2197
0,382,1,0,3183,2346,350,7248.0797
0,383,1,2,1875,2229,249,3642.1397
0,384,3,0,3522,2007,297,7595.1777
0,385,1,2,2134,1970,249,3642.1397
0,386,3,0,3765,1764,297,7958.7227
0,387,1,1,-1068,1669,4,0.2197
0,388,3,1,-1067,1668,4,0.35152
0,389,1,2,2418,1686,249,4672.4197
0,390,3,0,3610,1919,350,7239.8647
0,391,1,1,-883,1484,4,0.2197
0,392,3,0,3710,1819,346,7110.6097
0,393,3,2,2724,1380,249,3812.8547
0,394,3,0,3777,1752,348,6689.0347
0,395,3,1,-553,1154,4,0.2197
0,396,1,2,2934,1170,194,4077.3017
0,397,1,0,3669,1860,297,6631.7658
0,398,1,0,3666,1863,247,6618.90774
0,399,1,2,2303,1801,249,4742.50597
0,400,3,0,3224,2305,346,7560.3619
0,401,3,2,2479,1625,247,4087.80932
0,402,1,0,3876,1653,295,6851.00953
0,403,1,1,446,155,4,0.2197
0,404,3,2,3137,967,194,3360.1027
0,405,3,0,3901,1628,247,6010.2197
0,406,1,0,3899,1630,249,6010.2197
0,407,1,2,2874,1230,245,3642.1397
0,408,1,2,2844,1260,245,3731.9897
0,409,3,0,4008,1521,295,6521.5837
0,410,3,1,587,14,2,0.2197
0,411,1,1,576,25,2,0.4394
0,412,1,1,587,14,2,0.2197
0,413,3,0,3931,1598,295,6793.6247
0,414,1,2,2874,1230,245,3642.1397
0,415,1,2,2866,1238,247,3642.27152
0,416,3,2,2863,1241,247,3642.33743
0,417,1,2,2872,1232,247,3642.1397
0,418,3,2,3137,967,194,3360.1027
0,419,1,1,587,14,2,0.2197
0,420,3,2,3137,967,194,3360.1027
0,421,3,2,2872,1232,247,3642.1397
0,422,1,2,3006,1098,194,3822.9257
0,423,3,1,587,14,2,0.2197
0,424,3,0,4067,1462,293,6320.2027
0,425,1,1,587,14,2,0.2197
0,426,1,2,3137,967,194,3360.1027
0,427,1,2,3010,1094,194,3808.7937
0,428,3,2,2872,1232,245,3642.18364
0,429,1,1,587,14,2,0.2197
0,430,3,2,2872,1232,247,3642.1397
0,431,3,1,587,14,2,0.2197
0,432,3,1,587,14,2,0.2197
0,433,1,1,584,17,2,0.28561
0,434,1,1,587,14,2,0.2197
0,435,1,0,3955,1574,293,6715.8987
0,436,1,1,587,14,2,0.2197
0,437,3,1,587,14,2,0.2197
0,438,1,1,584,17,2,0.28561
0,439,3,1,587,14,2,0.2197
0,440,1,2,3137,967,194,3360.1027
0,441,1,2,2874,1230,245,3642.1397
0,442,1,2,2822,1282,247,3791.8897
0,443,1,0,3909,1620,295,6871.3507
0,444,3,2,2872,1232,247,3642.1397
0,445,1,0,3802,1727,346,6602.2397
0,446,3,1,587,14,2,0.2197
0,447,1,0,4067,1462,293,6320.2027
0,448,1,0,4065,1464,295,6320.2027
0,449,3,0,3901,1628,247,6010.2197
0,450,1,1,587,14,2,0.2197
0,451,3,2,2978,1126,194,3921.8497
0,452,3,1,587,14,2,0.2197
0,453,1,2,3057,1047,194,3642.7427
0,454,1,1,587,14,2,0.2197
0,455,3,1,587,14,2,0.2197
0,456,1,2,3137,967,194,3360.1027
0,457,3,2,3137,967,194,3360.1027
0,458,1,1,587,14,2,0.2197
0,459,1,0,3898,1631,247,6010.28561
0,460,3,0,3886,1643,249,6010.50531
0,461,3,1,587,14,2,0.2197
0,462,3,2,3136,968,194,3363.6357
0,463,3,0,4065,1464,295,6320.2027
0,464,1,0,3802,1727,346,6602.2397
0,465,3,2,2872,1232,247,3642.1397
0,466,3,1,587,14,2,0.2197
0,467,1,2,2959,1145,194,3988.9767
0,468,1,0,4065,1464,295,6320.2027
0,469,3,2,2874,1230,245,3642.1397
0,470,3,0,3802,1727,346,6602.2397
0,471,3,1,587,14,2,0.2197
0,472,3,1,587,14,2,0.2197
0,473,3,0,4067,1462,293,6320.2027
0,474,3,2,3137,967,194,3360.1027
0,475,3,2,2872,1232,247,3642.1397
0,476,3,1,587,14,2,0.2197
0,477,3,2,2872,1232,247,3642.1397
0,478,3,2,2872,1232,247,3642.1397
0,479,1,0,4067,1462,293,6320.2027
0,480,1,2,3137,967,194,3360.1027
0,481,1,2,2874,1230,245,3642.1397
0,482,3,2,2872,1232,247,3642.1397
0,483,1,1,587,14,2,0.2197
0,484,3,0,4067,1462,293,6320.2027
0,485,3,1,587,14,2,0.2197
0,486,1,0,4067,1462,293,6320.2027
0,487,3,0,3802,1727,346,6602.2397
0,488,1,2,2872,1232,247,3642.1397
0,489,1,0,3991,1538,293,6588.7107
0,490,3,2,3136,968,194,3363.6357
0,491,3,1,586,15,2,0.24167
0,492,1,2,2872,1232,247,3642.1397
0,493,1,1,587,14,2,0.2197
0,494,1,1,587,14,2,0.2197
0,495,1,1,587,14,2,0.2197
0,496,1,2,2872,1232,247,3642.1397
0,497,3,2,3135,969,196,3360.1027
0,498,3,0,4028,1501,295,6450.9237
0,499,3,2,2874,1230,245,3642.1397
0,500,3,0,3899,1630,249,6010.2197
0,501,3,2,2872,1232,247,3642.1397
0,502,1,1,587,14,2,0.2197
0,503,1,2,3137,967,194,3360.1027
0,504,3,2,3137,967,194,3360.1027
0,505,1,0,3802,1727,346,6602.2397
0,506,3,0,3800,1729,348,6602.2397
0,507,1,1,587,14,2,0.2197
0,508,3,1,587,14,2,0.2197
0,509,1,2,3137,967,194,3360.1027
0,510,3,2,3137,967,194,3360.1027
0,511,3,2,3137,967,194,3360.1027
0,512,1,0,4067,1462,293,6320.2027
0,513,3,1,587,14,2,0.2197
0,514,3,2,2874,1230,245,3642.1397
0,515,1,0,3978,1551,295,6627.5737
0,516,1,2,2874,1230,245,3642.1397
0,517,3,2,2872,1232,247,3642.1397
0,518,1,1,587,14,2,0.2197
0,519,3,1,587,14,2,0.2197
0,520,3,1,587,14,2,0.2197
0,521,1,0,4067,1462,293,6320.2027
0,522,3,1,587,14,2,0.2197
0,523,3,2,3137,967,194,3360.1027
0,524,1,0,3899,1630,247,6010.26364
0,525,1,1,587,14,2,0.2197
0,526,1,0,4067,1462,293,6320.2027
0,527,3,1,587,14,2,0.2197
0,528,3,1,587,14,2,0.2197
0,529,1,1,587,14,2,0.2197
0,530,1,1,587,14,2,0.2197
0,531,3,0,4067,1462,293,6320.2027
0,532,1,1,577,24,2,0.4394
0,533,3,2,3137,967,194,3360.1027
0,534,1,2,2874,1230,245,3642.1397
0,535,3,2,2872,1232,247,3642.1397
0,536,3,2,3064,1040,194,3618.0117
0,537,1,1,587,14,2,0.2197
0,538,1,0,3802,1727,346,6602.2397
0,539,1,0,3800,1729,348,6602.2397
0,540,3,0,3800,1729,348,6602.2397
0,541,1,1,587,14,2,0.2197
0,542,1,2,3137,967,194,3360.1027
0,543,1,0,4067,1462,293,6320.2027
0,544,1,0,3901,1628,247,6010.2197
0,545,1,2,3130,974,194,3384.8337
0,546,1,1,587,14,2,0.2197
0,547,1,0,3802,1727,346,6602.2397
0,548,1,2,2978,1126,194,3921.8497
0,549,1,2,2874,1230,245,3642.1397
0,550,3,2,2874,1230,245,3642.1397
0,551,3,1,587,14,2,0.2197
0,552,1,0,3951,1578,293,6730.0307
0,553,1,2,2974,1130,194,3935.9817
0,554,1,2,2874,1230,245,3642.1397
0,555,3,0,3857,1672,293,7062.1327
0,556,3,0,3901,1628,247,6010.2197
0,557,1,1,587,14,2,0.2197
0,558,1,1,587,14,2,0.2197
0,559,3,2,2874,1230,245,3642.1397
0,560,1,2,3132,972,194,3377.7677
0,561,3,1,587,14,2,0.2197
0,562,1,0,3901,1628,247,6010.2197
0,563,1,2,3137,967,194,3360.1027
0,564,3,1,587,14,2,0.2197
0,565,1,1,587,14,2,0.2197
0,566,1,1,587,14,2,0.2197
0,567,3,0,4067,1462,293,6320.2027
0,568,3,1,587,14,2,0.2197
0,569,1,2,3137,967,194,3360.1027
0,570,1,1,587,14,2,0.2197
0,571,3,1,587,14,2,0.2197
0,572,3,1,587,14,2,0.2197
0,573,1,1,587,14,2,0.2197
0,574,3,0,4067,1462,293,6320.2027
0,575,1,2,3137,967,194,3360.1027
0,576,1,2,2874,1230,245,3642.1397
0,577,1,2,2872,1232,247,3642.1397
0,578,1,2,2872,1232,247,3642.1397
0,579,3,2,2872,1232,247,3642.1397
0,580,3,2,2872,1232,247,3642.1397
0,581,1,1,587,14,2,0.2197
0,582,1,1,587,14,2,0.2197
0,583,1,2,3137,967,194,3360.1027
0,584,1,2,3137,967,194,3360.1027
0,585,3,1,587,14,2,0.2197
0,586,3,1,587,14,2,0.2197
0,587,3,0,4067,1462,293,6320.2027
0,588,3,1,587,14,2,0.2197
0,589,3,0,4058,1471,295,6320.35649
0,590,3,1,587,14,2,0.2197
0,591,3,2,3086,1018,194,3540.2857
0,592,3,2,2864,1240,245,3642.3594
0,593,3,1,587,14,2,0.2197
0,594,3,1,580,21,2,0.37349
0,595,1,1,587,14,2,0.2197
0,596,1,2,3137,967,194,3360.1027
0,597,1,0,3987,1542,293,6602.8427
0,598,1,2,2874,1230,245,3642.1397
0,599,1,0,3899,1630,249,6010.2197
0,600,3,1,587,14,2,0.2197
0,601,1,0,3929,1600,293,6807.7567
0,602,1,0,4067,1462,293,6320.2027
0,603,1,2,2874,1230,245,3642.1397
0,604,1,2,2874,1230,245,3642.1397
0,605,1,1,587,14,2,0.2197
0,606,1,1,587,14,2,0.2197
0,607,1,1,587,14,2,0.2197
0,608,1,2,3137,967,194,3360.1027
0,609,1,2,3134,970,194,3360.16861
0,610,1,0,3901,1628,247,6010.2197
0,611,3,1,587,14,2,0.2197
0,612,1,0,3899,1630,249,6010.2197
0,613,1,2,2872,1232,247,3642.1397
0,614,1,2,2872,1232,247,3642.1397
0,615,3,2,2872,1232,247,3642.1397
0,616,1,2,2872,1232,247,3642.1397
0,617,1,2,3044,1060,196,3681.6057
0,618,3,2,3070,1034,196,3589.7477
0,619,1,0,3802,1727,346,6602.2397
0,620,3,1,585,16,4,0.2197
0,621,1,2,3137,967,194,3360.1027
0,622,1,0,4067,1462,293,6320.2027
0,623,1,0,3901,1628,247,6010.2197
0,624,3,0,3899,1630,249,6010.2197
0,625,1,0,3906,1623,295,6881.9497
0,626,1,2,2872,1232,247,3642.1397
0,627,3,2,3072,1032,194,3589.7477
0,628,3,2,2872,1232,247,3642.1397
0,629,3,1,587,14,2,0.2197
0,630,1,1,587,14,2,0.2197
0,631,1,1,587,14,2,0.2197
0,632,3,0,4067,1462,293,6320.2027
0,633,3,0,4065,1464,295,6320.2027
0,634,3,0,3899,1630,249,6010.2197
0,635,1,2,3137,967,194,3360.1027
0,636,3,0,3901,1628,247,6010.2197
0,637,3,1,587,14,2,0.2197
0,638,3,2,2874,1230,245,3642.1397
0,639,3,1,587,14,2,0.2197
0,640,1,1,587,14,2,0.2197
0,641,1,1,587,14,2,0.2197
0,642,1,2,3137,967,194,3360.1027
0,643,1,0,4067,1462,293,6320.2027
0,644,1,0,3901,1628,247,6010.2197
0,645,3,0,3901,1628,247,6010.2197
0,646,3,0,3802,1727,346,6602.2397
0,647,1,1,587,14,2,0.2197
0,648,1,1,587,14,2,0.2197
0,649,1,2,3137,967,194,3360.1027
0,650,1,0,4067,1462,293,6320.2027
0,651,1,1,587,14,2,0.2197
0,652,1,0,3901,1628,247,6010.2197
0,653,3,0,3901,1628,247,6010.2197
0,654,1,2,2874,1230,245,3642.1397
0,655,1,1,587,14,2,0.2197
0,656,3,0,4065,1464,295,6320.2027
0,657,1,0,3959,1570,293,6701.7667
0,658,3,2,2862,1242,247,3642.3594
0,659,1,2,2872,1232,247,3642.1397
0,660,3,0,3802,1727,346,6602.2397
0,661,3,2,2872,1232,247,3642.1397
0,662,3,0,3912,1617,293,6867.8177
0,663,3,0,3802,1727,346,6602.2397
0,664,1,1,587,14,2,0.2197
0,665,3,1,585,16,4,0.2197
0,666,1,2,3137,967,194,3360.1027
0,667,3,2,3137,967,194,3360.1027
0,668,3,2,2874,1230,245,3642.1397
0,669,1,2,2872,1232,247,3642.1397
0,670,3,1,587,14,2,0.2197
0,671,3,1,587,14,2,0.2197
0,672,1,0,3784,1745,350,6602.2397
0,673,3,1,587,14,2,0.2197
0,674,3,2,2869,1235,247,3642.1397
0,675,1,2,3124,980,196,3360.1027
0,676,3,2,3049,1055,196,3360.1027
0,677,1,0,3242,2287,350,9508.5197
0,678,1,0,3426,2103,350,8515.8397
0,679,3,1,587,14,2,0.2197
0,680,3,0,3722,1807,350,6793.5997
0,681,3,2,2333,1771,249,3642.1397
0,682,3,0,3510,2019,346,8348.3997
0,683,3,0,3762,1767,295,8051.3917
0,684,3,0,3532,1997,295,9057.2947
0,685,3,2,2579,1525,249,3648.1297
0,686,1,2,2630,1474,249,3642.1397
0,687,3,1,417,184,4,0.2197
0,688,1,1,587,14,2,0.2197
0,689,3,0,3899,1630,249,6010.2197
0,690,3,2,2836,1268,249,3725.9997
0,691,3,2,2783,1321,247,3908.6947
0,692,1,2,2768,1336,194,4663.7797
0,693,3,2,3137,967,194,3360.1027
0,694,3,2,2790,1314,245,3893.7197
0,695,3,0,3802,1727,346,6602.2397
0,696,1,1,578,23,4,0.2197
0,697,3,2,3137,967,194,3360.1027
0,698,1,2,3137,967,194,3360.1027
0,699,3,2,2874,1230,245,3642.1397
0,700,1,2,2872,1232,247,3642.1397
0,701,3,0,3802,1727,346,6602.2397
0,702,1,1,587,14,2,0.2197
0,703,3,0,3800,1729,348,6602.2397
0,704,1,1,587,14,2,0.2197
0,705,3,1,585,16,4,0.2197
0,706,1,1,587,14,2,0.2197
0,707,3,1,587,14,2,0.2197
0,708,1,0,4067,1462,293,6320.2027
0,709,3,2,3137,967,194,3360.1027
0,710,1,0,3859,1670,295,7048.0007
0,711,3,0,3901,1628,247,6010.2197
0,712,3,2,3137,967,194,3360.1027
0,713,3,0,3901,1628,247,6010.2197
0,714,1,0,3802,1727,346,6602.2397
0,715,3,2,2874,1230,245,3642.1397
0,716,1,2,2931,1173,194,4087.9007
0,717,3,0,3969,1560,293,6666.4367
0,718,3,0,3800,1729,348,6602.2397
0,719,3,2,2874,1230,245,3642.1397
0,720,3,1,587,14,2,0.2197
0,721,1,2,3074,1030,194,3582.6817
0,722,3,2,2942,1162,194,4049.0377
0,723,1,2,2874,1230,245,3642.1397
0,724,1,0,3802,1727,346,6602.2397
0,725,3,2,2994,1110,194,3865.3217
0,726,3,2,2874,1230,245,3642.1397
0,727,1,1,587,14,2,0.2197
0,728,1,0,4064,1465,293,6320.26861
0,729,3,1,587,14,2,0.2197
0,730,1,0,4067,1462,293,6320.2027
0,731,3,2,3137,967,194,3360.1027
0,732,1,1,587,14,2,0.2197
0,733,1,0,3901,1628,247,6010.2197
0,734,3,0,3935,1594,295,6779.4927
0,735,1,1,587,14,2,0.2197
0,736,1,0,3964,1565,295,6677.0357
0,737,3,0,3802,1727,346,6602.2397
0,738,3,0,3901,1628,247,6010.2197
0,739,1,1,587,14,2,0.2197
0,740,3,1,587,14,2,0.2197
0,741,1,2,3137,967,194,3360.1027
0,742,1,1,587,14,2,0.2197
0,743,3,1,587,14,2,0.2197
0,744,1,2,3137,967,194,3360.1027
0,745,3,0,3901,1628,247,6010.2197
0,746,1,2,2874,1230,245,3642.1397
0,747,1,2,2802,1302,245,3857.7797
0,748,1,0,3935,1594,295,6779.4927
0,749,3,1,587,14,2,0.2197
0,750,3,0,3899,1630,249,6010.2197
0,751,1,0,3923,1606,293,6828.9547
0,752,3,0,3901,1628,247,6010.2197
0,753,1,1,587,14,2,0.2197
0,754,1,1,587,14,2,0.2197
0,755,3,2,3137,967,194,3360.1027
0,756,1,0,3901,1628,247,6010.2197
0,757,1,0,3901,1628,247,6010.2197
0,758,1,1,587,14,2,0.2197
0,759,3,1,587,14,2,0.2197
0,760,3,0,4065,1464,295,6320.2027
0,761,3,0,3889,1640,249,6010.37349
0,762,3,2,2872,1232,247,3642.1397
0,763,1,0,3930,1599,293,6804.2237
0,764,1,1,587,14,2,0.2197
0,765,1,1,587,14,2,0.2197
0,766,3,0,3802,1727,346,6602.2397
0,767,1,2,2833,1271,247,3758.9447
0,768,3,0,4026,1503,293,6465.0557
0,769,1,2,2872,1232,247,3642.1397
0,770,1,0,4067,1462,293,6320.2027
0,771,3,0,3800,1729,348,6602.2397
0,772,1,0,3800,1729,348,6602.2397
0,773,3,2,2872,1232,247,3642.1397
0,774,1,1,582,19,4,0.2197
0,775,1,1,587,14,2,0.2197
0,776,1,2,2977,1127,194,3925.3827
0,777,3,0,4067,1462,293,6320.2027
0,778,3,1,587,14,2,0.2197
0,779,3,0,3901,1628,247,6010.2197
0,780,1,1,587,14,2,0.2197
0,781,3,0,4067,1462,293,6320.2027
0,782,3,0,3897,1632,293,6920.8127
0,783,1,0,3901,1628,247,6010.2197
0,784,3,1,587,14,2,0.2197
0,785,1,2,3137,967,194,3360.1027
0,786,3,1,587,14,2,0.2197
0,787,1,1,587,14,2,0.2197
0,788,3,2,3137,967,194,3360.1027
0,789,3,2,3090,1014,194,3526.1537
0,790,1,2,2874,1230,245,3642.1397
0,791,1,1,587,14,2,0.2197
0,792,3,2,3137,967,194,3360.1027
0,793,3,1,587,14,2,0.2197
0,794,1,1,587,14,2,0.2197
0,795,3,0,4057,1472,293,6320.4224
0,796,3,1,587,14,2,0.2197
0,797,1,1,587,14,2,0.2197
0,798,1,1,587,14,2,0.2197
0,799,3,0,4065,1464,295,6320.2027
0,800,1,1,587,14,2,0.2197
0,801,1,1,581,20,2,0.35152
0,802,3,2,3137,967,194,3360.1027
0,803,1,2,2867,1237,245,3642.29349
0,804,1,0,3899,1630,249,6010.2197
0,805,1,1,587,14,2,0.2197
0,806,1,2,2874,1230,245,3642.1397
0,807,1,2,2935,1169,194,4073.7687
0,808,1,2,2872,1232,247,3642.1397
0,809,1,1,587,14,2,0.2197
0,810,1,1,580,21,2,0.37349
0,811,3,0,3918,1611,293,6846.6197
0,812,3,1,587,14,2,0.2197
0,813,3,1,587,14,2,0.2197
0,814,1,0,3800,1729,348,6602.2397
0,815,1,2,2870,1234,247,3642.18364
0,816,3,1,585,16,4,0.2197
0,817,1,2,2872,1232,247,3642.1397
0,818,1,0,4044,1485,293,6401.4617
0,819,1,2,3035,1069,194,3720.4687
0,820,1,0,3953,1576,297,6708.8327
0,821,3,1,587,14,2,0.2197
0,822,1,0,4005,1524,295,6532.1827
0,823,3,2,2864,1240,249,3642.1397
0,824,3,2,2872,1232,247,3642.1397
0,825,3,0,3799,1730,348,6602.2397
0,826,3,1,584,17,2,0.28561
0,827,1,1,587,14,2,0.2197
0,828,1,0,3901,1628,247,6010.2197
0,829,3,1,587,14,2,0.2197
0,830,1,1,587,14,2,0.2197
0,831,1,2,2944,1160,194,4041.9717
0,832,3,1,587,14,2,0.2197
0,833,3,2,2870,1234,249,3642.1397
0,834,3,2,2872,1232,247,3642.1397
0,835,1,1,476,125,4,0.2197
0,836,3,2,3137,967,194,3360.1027
0,837,1,0,3945,1584,293,6751.2287
0,838,3,1,587,14,2,0.2197
0,839,3,0,3901,1628,247,6010.2197
0,840,3,1,584,17,2,0.28561
0,841,1,1,587,14,2,0.2197
0,842,1,2,2723,1381,245,4094.3847
0,843,3,0,4021,1508,295,6475.6547
0,844,3,0,3901,1628,247,6010.2197
0,845,3,2,3137,967,194,3360.1027
0,846,1,2,2874,1230,245,3642.1397
0,847,3,0,4012,1517,293,6514.5177
0,848,1,2,2872,1232,247,3642.1397
0,849,3,2,2872,1232,247,3642.1397
0,850,3,0,3901,1628,247,6010.2197
0,851,1,2,3111,993,194,3451.9607
0,852,1,2,2872,1232,247,3642.1397
0,853,3,0,3874,1655,293,7002.0717
0,854,3,0,3802,1727,346,6602.2397
0,855,3,0,3802,1727,346,6602.2397
0,856,3,0,3800,1729,348,6602.2397
0,857,3,0,4065,1464,295,6320.2027
0,858,1,0,3899,1630,249,6010.2197
0,859,1,2,3001,1103,194,3840.5907
0,860,1,1,587,14,2,0.2197
0,861,1,1,587,14,2,0.2197
0,862,3,0,4067,1462,293,6320.2027
0,863,1,0,4047,1482,295,6359.21949
0,864,3,0,3899,1630,249,6010.2197
0,865,1,1,587,14,2,0.2197
0,866,1,0,3901,1628,247,6010.2197
0,867,3,1,587,14,2,0.2197
0,868,1,2,2874,1230,245,3642.1397
0,869,1,1,587,14,2,0.2197
0,870,3,0,4067,1462,293,6320.2027
0,871,1,2,3127,977,194,3360.3224
0,872,1,2,2872,1232,247,3642.1397
0,873,1,2,2872,1232,247,3642.1397
0,874,3,2,2872,1232,247,3642.1397
0,875,1,0,3901,1628,247,6010.2197
0,876,1,1,587,14,2,0.2197
0,877,1,0,4065,1464,295,6320.2027
0,878,1,2,3137,967,194,3360.1027
0,879,1,2,2874,1230,245,3642.1397
0,880,1,1,587,14,2,0.2197
0,881,1,1,587,14,2,0.2197
0,882,1,2,2874,1230,245,3642.1397
0,883,3,1,587,14,2,0.2197
0,884,3,2,2945,1159,194,4038.4387
0,885,3,1,587,14,2,0.2197
0,886,3,1,587,14,2,0.2197
0,887,1,2,3021,1083,194,3769.9307
0,888,1,2,2872,1232,247,3642.1397
0,889,1,1,587,14,2,0.2197
0,890,3,2,2874,1230,245,3642.1397
0,891,3,1,587,14,2,0.2197
0,892,3,2,3137,967,194,3360.1027
0,893,3,1,587,14,2,0.2197
0,894,1,1,587,14,2,0.2197
0,895,3,2,3137,967,194,3360.1027
0,896,3,1,587,14,2,0.2197
0,897,1,0,3969,1560,293,6666.4367
0,898,3,2,2874,1230,245,3642.1397
0,899,3,0,3901,1628,247,6010.2197
0,900,3,0,3965,1564,297,6666.4367
0,901,1,1,587,14,2,0.2197
0,902,3,1,577,24,2,0.4394
0,903,3,1,587,14,2,0.2197
0,904,1,2,2872,1232,247,3642.1397
0,905,1,0,4062,1467,293,6337.8677
0,906,1,0,3907,1622,293,6885.4827
0,907,1,2,2874,1230,245,3642.1397
0,908,1,0,3802,1727,346,6602.2397
0,909,3,2,2872,1232,247,3642.1397
0,910,3,0,4065,1464,295,6320.2027
0,911,1,2,3005,1099,194,3826.4587
0,912,3,0,3901,1628,247,6010.2197
0,913,1,2,2872,1232,247,3642.1397
0,914,3,1,587,14,2,0.2197
0,915,1,2,3137,967,194,3360.1027
0,916,3,1,587,14,2,0.2197
0,917,3,2,3137,967,194,3360.1027
0,918,1,0,3901,1628,247,6010.2197
0,919,1,1,587,14,2,0.2197
0,920,1,0,3802,1727,346,6602.2397
0,921,3,0,3800,1729,348,6602.2397
0,922,3,1,587,14,2,0.2197
0,923,3,2,3137,967,194,3360.1027
0,924,1,1,587,14,2,0.2197
0,925,1,0,4067,1462,293,6320.2027
0,926,3,0,3901,1628,247,6010.2197
0,927,3,2,2832,1272,247,3761.9397
0,928,3,0,3935,1594,295,6779.4927
0,929,1,1,587,14,2,0.2197
0,930,1,0,3974,1555,295,6641.7057
0,931,3,1,587,14,2,0.2197
0,932,1,1,587,14,2,0.2197
0,933,3,2,2862,1242,247,3642.3594
0,934,3,1,587,14,2,0.2197
0,935,3,1,587,14,2,0.2197
0,936,1,2,3137,967,194,3360.1027
0,937,3,1,587,14,2,0.2197
0,938,1,2,3137,967,194,3360.1027
0,939,1,2,2874,1230,245,3642.1397
0,940,3,2,2872,1232,247,3642.1397
0,941,1,0,3926,1603,293,6818.3557
0,942,3,0,3480,2049,297,7048.0007
0,943,1,0,3737,1792,350,6602.2397
0,944,3,2,2552,1552,249,3642.1397
0,945,1,2,2824,1280,249,3696.0497
0,946,1,0,3840,1689,293,7244.5437
0,947,1,1,587,14,2,0.2197
0,948,3,2,3064,1040,194,3618.0117
0,949,1,0,3802,1727,346,6602.2397
0,950,1,2,2872,1232,247,3642.1397
0,951,1,2,2874,1230,245,3642.1397
0,952,1,0,3901,1628,247,6010.2197
0,953,3,2,2700,1404,194,4893.49061
0,954,3,0,3745,1784,249,6465.50364
0,955,3,2,2866,1238,247,3660.1097
0,956,3,2,3137,967,194,3360.1027
0,957,3,2,2874,1230,245,3642.1397
0,958,3,2,2866,1238,247,3642.27152
0,959,3,2,2872,1232,247,3642.1397
0,960,1,2,2940,1164,194,4056.1037
0,961,3,2,2831,1273,245,3770.9247
0,962,1,0,3987,1542,293,6602.8427
0,963,3,2,2872,1232,247,3642.1397
0,964,1,0,3802,1727,346,6602.2397
0,965,3,1,587,14,2,0.2197
0,966,3,1,587,14,2,0.2197
0,967,1,2,3066,1038,194,3610.9457
0,968,1,1,587,14,2,0.2197
0,969,1,0,4015,1514,293,6503.9187
0,970,3,1,587,14,2,0.2197
0,971,1,0,4065,1464,295,6320.2027
0,972,1,0,3894,1635,295,6924.3457
0,973,3,2,2874,1230,245,3642.1397
0,974,3,2,2872,1232,247,3642.1397
0,975,3,0,3799,1730,346,6602.30561
0,976,1,1,587,14,2,0.2197
0,977,3,1,587,14,2,0.2197
0,978,1,2,3137,967,194,3360.1027
0,979,1,2,3137,967,194,3360.1027
0,980,1,0,3901,1628,247,6010.2197
0,981,3,0,3901,1628,247,6010.2197
0,982,3,1,587,14,2,0.2197
0,983,1,1,587,14,2,0.2197
0,984,1,1,587,14,2,0.2197
0,985,3,0,4067,1462,293,6320.2027
0,986,1,1,587,14,2,0.2197
0,987,3,2,3127,977,194,3360.3224
0,988,3,2,2858,1246,245,3642.49122
0,989,1,0,3901,1628,247,6010.2197
0,990,1,1,587,14,2,0.2197
0,991,3,2,3039,1065,194,3706.3367
0,992,1,2,3135,969,196,3360.1027
0,993,1,1,587,14,2,0.2197
0,994,1,0,3901,1628,247,6010.2197
0,995,3,0,3869,1660,295,7012.6707
0,996,1,1,587,14,2,0.2197
0,997,3,1,585,16,2,0.26364
0,998,1,2,3137,967,194,3360.1027
0,999,3,2,2874,1230,245,3642.1397
