CONFIGURATION:
{u'simulation': {u'stdev_factor': 0.01, u'power_mgmt_enabled': False, u'tasks': {u'loc': {u'mean_service_time': {u'gpu': 90, u'cpu_core': 200, u'loc_accel': 10}, u'priority': 1, u'deadline': 1000, u'stdev_service_time': {u'gpu': 0.9, u'cpu_core': 2.0, u'loc_accel': 0.1}, u'power': {u'gpu': 4.457, u'cpu_core': 6.133, u'loc_accel': 0.02197}}, u'detect': {u'mean_service_time': {u'gpu': 0.4607, u'cpu_core': 3.654, u'det_accel': 0.278}, u'priority': 2, u'deadline': 1000, u'stdev_service_time': {u'gpu': 0.004607, u'cpu_core': 0.03654, u'det_accel': 0.0027800000000000004}, u'power': {u'gpu': 90, u'cpu_core': 200, u'det_accel': 10}}, u'Frontier': {u'mean_service_time': {u'cpu_core': 396}, u'priority': 9, u'deadline': 1000, u'stdev_service_time': {u'cpu_core': 3.96}, u'power': {u'cpu_core': 5.98}}, u'track': {u'mean_service_time': {u'gpu': 17, u'tra_accel': 2, u'cpu_core': 1820}, u'priority': 3, u'deadline': 1000, u'stdev_service_time': {u'gpu': 0.17, u'tra_accel': 0.02, u'cpu_core': 18.2}, u'power': {u'gpu': 12.79, u'tra_accel': 0.59, u'cpu_core': 5.6}}, u'sp': {u'mean_service_time': {u'gpu': 379, u'cpu_core': 1004}, u'priority': 11, u'deadline': 1000, u'stdev_service_time': {u'gpu': 3.79, u'cpu_core': 10.040000000000001}, u'power': {u'gpu': 3.302, u'cpu_core': 1004}}, u'mission': {u'mean_service_time': {u'cpu_core': 0.0022}, u'priority': 5, u'deadline': 1000, u'stdev_service_time': {u'cpu_core': 2.2000000000000003e-05}, u'power': {u'cpu_core': 3.534}}, u'motion': {u'mean_service_time': {u'cpu_core': 8}, u'priority': 6, u'deadline': 1000, u'stdev_service_time': {u'cpu_core': 0.08}, u'power': {u'cpu_core': 4.222}}, u'collision': {u'mean_service_time': {u'cpu_core': 8}, u'priority': 7, u'deadline': 1000, u'stdev_service_time': {u'cpu_core': 0.08}, u'power': {u'cpu_core': 0}}, u'fusion': {u'mean_service_time': {u'cpu_core': 1}, u'priority': 4, u'deadline': 1000, u'stdev_service_time': {u'cpu_core': 0.01}, u'power': {u'cpu_core': 0}}, u'map': {u'mean_service_time': {u'gpu': 761, u'cpu_core': 973}, u'priority': 10, u'deadline': 1000, u'stdev_service_time': {u'gpu': 7.61, u'cpu_core': 9.73}, u'power': {u'gpu': 3.533, u'cpu_core': 2.995}}, u'path': {u'mean_service_time': {u'cpu_core': 8}, u'priority': 8, u'deadline': 1000, u'stdev_service_time': {u'cpu_core': 0.08}, u'power': {u'cpu_core': 0}}}, u'sched_policy_module': u'policies.heft', u'drop': True, u'servers': {u'gpu': {u'count': 2}, u'tra_accel': {u'count': 1}, u'cpu_core': {u'count': 8}, u'loc_accel': {u'count': 1}, u'det_accel': {u'count': 1}}, u'max_tasks_simulated': 10000, u'max_queue_size': 1000000, u'mean_arrival_time': 50, u'arrival_time_scale': 2.9}, u'general': {u'random_seed': 0, u'pre_gen_arrivals': False, u'basename': u'policy:heft__stdev_factor:0.01', u'output_trace_file': None, u'working_dir': u'/home/hiwot/meta-stomp2/sim_16042020_192450_new_arrival_50_map_rheftmapping_50_trace_50', u'input_trace_file': (False, '../mv_mapping_50_trace_50.trc'), u'logging_level': u'INFO'}}

/home/hiwot/meta-stomp2/sim_16042020_192450_new_arrival_50_map_rheftmapping_50_trace_50/../mv_mapping_50_trace_50.trc

Running STOMP simulation...
Dropped,DAG ID,DAG Priority,DAG Type,Slack,Response Time,No-Affinity Time,Energy
0,0,3,0,2992,1462,293,6320.2027
0,1,1,0,2990,1464,295,6320.2027
0,2,1,1,470,14,2,0.2197
0,3,1,2,2188,1118,194,3893.5857
0,4,1,0,1148,3306,297,6320.2027
0,5,1,1,470,14,2,0.2197
0,6,3,2,107,3199,249,3642.1397
0,7,3,0,1333,3121,350,6829.4797
0,8,3,2,249,3057,249,3642.1397
0,9,3,2,650,2656,249,3672.0897
0,10,3,0,1789,2665,297,9880.29749
0,11,1,1,470,14,2,0.2197
0,12,1,2,951,2355,196,3360.1027
0,13,1,0,2145,2309,350,6787.6197
0,14,3,0,2160,2294,350,8151.0597
0,15,1,0,2162,2292,350,8796.94364
0,16,3,0,2177,2277,350,8149.2347
0,17,3,1,-1590,2074,4,0.2197
0,18,3,0,2443,2011,350,7544.4847
0,19,1,1,-1445,1929,4,0.2197
0,20,3,0,2510,1944,350,7364.8147
0,21,3,0,2432,2022,293,9150.2387
0,22,3,1,-1268,1752,4,0.2197
0,23,3,2,1562,1744,249,4684.3997
0,24,3,0,2429,2025,295,8909.70958
0,25,3,0,2536,1918,348,7266.7997
0,26,3,2,1588,1718,245,4669.63732
0,27,1,1,-859,1343,4,6.45918
0,28,1,0,2496,1958,293,7710.93461
0,29,3,2,1970,1336,194,3722.82366
0,30,3,1,-73,557,4,7.62359
0,31,1,2,1733,1573,245,3786.43479
0,32,1,0,2430,2024,346,6733.63205
0,33,3,2,1799,1507,247,3942.51142
0,34,1,1,470,14,2,0.2197
0,35,1,1,470,14,2,0.2197
0,36,1,1,470,14,2,0.2197
0,37,1,0,2990,1464,295,6320.2027
0,38,1,2,1960,1346,249,3642.1397
0,39,1,2,1974,1332,249,3911.6897
0,40,3,0,2871,1583,295,6740.6297
0,41,1,0,2725,1729,348,6602.2397
0,42,1,2,2076,1230,245,3642.1397
0,43,1,1,470,14,2,0.2197
0,44,3,1,470,14,2,0.2197
0,45,1,0,2727,1727,346,6602.2397
0,46,1,0,2988,1466,297,6320.2027
0,47,1,0,2888,1566,295,6680.5687
0,48,1,2,2076,1230,245,3642.1397
0,49,3,0,2714,1740,346,6641.1747
0,50,1,1,470,14,2,0.2197
0,51,1,1,470,14,2,0.2197
0,52,3,2,2339,967,194,3360.1027
0,53,1,1,470,14,2,0.2197
0,54,1,2,2339,967,194,3360.1027
0,55,1,0,2725,1729,348,6602.2397
0,56,1,2,2074,1232,247,3642.1397
0,57,1,1,470,14,2,0.2197
0,58,3,2,2075,1231,245,3642.16167
0,59,3,2,2206,1100,194,3829.9917
0,60,3,1,470,14,2,0.2197
0,61,1,1,470,14,2,0.2197
0,62,3,2,2339,967,194,3360.1027
0,63,3,1,470,14,2,0.2197
0,64,1,0,2826,1628,247,6010.2197
0,65,3,0,2826,1628,247,6010.2197
0,66,3,0,2824,1630,249,6010.2197
0,67,3,1,470,14,2,0.2197
0,68,3,0,2834,1620,295,6871.3507
0,69,3,0,2795,1659,293,7016.2037
0,70,1,1,470,14,2,0.2197
0,71,1,0,2826,1628,247,6010.2197
0,72,1,0,2727,1727,346,6602.2397
0,73,3,2,2074,1232,247,3642.1397
0,74,3,2,2339,967,194,3360.1027
0,75,1,2,2339,967,194,3360.1027
0,76,1,1,470,14,2,0.2197
0,77,3,0,2727,1727,346,6602.2397
0,78,1,1,470,14,2,0.2197
0,79,3,2,2067,1239,247,3642.29349
0,80,3,0,2894,1560,293,6666.4367
0,81,1,1,470,14,2,0.2197
0,82,1,0,2949,1505,293,6472.1217
0,83,3,1,470,14,2,0.2197
0,84,1,1,470,14,2,0.2197
0,85,3,0,2826,1628,247,6010.2197
0,86,3,0,2823,1631,249,6010.24167
0,87,1,2,2267,1039,194,3614.4787
0,88,3,2,2244,1062,194,3695.7377
0,89,1,2,1937,1369,245,4058.4447
0,90,3,0,2949,1505,293,6472.1217
0,91,1,0,2992,1462,293,6320.2027
0,92,1,0,2826,1628,247,6010.2197
0,93,3,1,466,18,2,0.30758
0,94,1,1,470,14,2,0.2197
0,95,1,2,2006,1300,245,3851.7897
0,96,1,1,470,14,2,0.2197
0,97,3,0,2912,1542,293,6602.8427
0,98,1,2,2074,1232,247,3642.1397
0,99,3,2,2073,1233,247,3642.16167
0,100,1,0,2894,1560,295,6659.3707
0,101,1,1,470,14,2,0.2197
0,102,3,0,2727,1727,346,6602.2397
0,103,3,0,2725,1729,348,6602.2397
0,104,3,1,470,14,2,0.2197
0,105,1,2,2207,1099,194,3826.4587
0,106,3,1,470,14,2,0.2197
0,107,1,1,466,18,2,0.30758
0,108,3,0,2992,1462,293,6320.2027
0,109,1,2,2339,967,194,3360.1027
0,110,1,2,2076,1230,245,3642.1397
0,111,3,1,470,14,2,0.2197
0,112,3,1,470,14,2,0.2197
0,113,3,1,470,14,2,0.2197
0,114,1,0,2992,1462,293,6320.2027
0,115,1,0,2904,1550,295,6624.0407
0,116,3,2,2076,1230,245,3642.1397
0,117,3,2,2074,1232,247,3642.1397
0,118,3,0,2826,1628,247,6010.2197
0,119,1,0,2725,1729,348,6602.2397
0,120,3,2,2339,967,194,3360.1027
0,121,3,0,2950,1504,295,6461.5227
0,122,3,2,2074,1232,247,3642.1397
0,123,1,1,470,14,2,0.2197
0,124,1,1,470,14,2,0.2197
0,125,3,2,2231,1075,194,3741.6667
0,126,1,0,2992,1462,293,6320.2027
0,127,3,1,470,14,2,0.2197
0,128,3,1,470,14,2,0.2197
0,129,3,0,2826,1628,247,6010.2197
0,130,1,1,470,14,2,0.2197
0,131,3,2,2339,967,194,3360.1027
0,132,3,0,2935,1519,295,6514.5177
0,133,3,1,470,14,2,0.2197
0,134,3,2,2074,1232,247,3642.1397
0,135,1,0,2725,1729,348,6602.2397
0,136,3,0,2725,1729,348,6602.2397
0,137,1,1,470,14,2,0.2197
0,138,1,2,2074,1232,247,3642.1397
0,139,3,2,2076,1230,245,3642.1397
0,140,3,2,2137,1169,196,4066.7027
0,141,3,1,463,21,2,0.37349
0,142,3,1,470,14,2,0.2197
0,143,3,2,2074,1232,247,3642.1397
0,144,1,1,470,14,2,0.2197
0,145,1,1,470,14,2,0.2197
0,146,3,0,2992,1462,293,6320.2027
0,147,3,2,2076,1230,245,3642.1397
0,148,3,1,460,24,2,0.4394
0,149,3,0,2977,1477,293,6373.1977
0,150,3,0,2895,1559,295,6655.8377
0,151,3,0,2826,1628,247,6010.2197
0,152,1,2,2072,1234,245,3642.22758
0,153,3,1,470,14,2,0.2197
0,154,1,0,2867,1587,293,6761.8277
0,155,1,0,2917,1537,293,6585.1777
0,156,3,0,2568,1886,249,6010.2197
0,157,1,1,470,14,2,0.2197
0,158,1,1,470,14,2,0.2197
0,159,1,0,2821,1633,249,6010.2197
0,160,3,1,470,14,2,0.2197
0,161,3,1,470,14,2,0.2197
0,162,1,1,470,14,2,0.2197
0,163,3,2,2339,967,194,3360.1027
0,164,1,2,2339,967,194,3360.1027
0,165,1,2,2074,1232,247,3642.1397
0,166,3,2,2074,1232,247,3642.1397
0,167,1,2,2074,1232,247,3642.1397
0,168,1,2,2074,1232,247,3642.1397
0,169,3,0,2727,1727,346,6602.2397
0,170,1,2,2076,1230,245,3642.1397
0,171,1,0,2822,1632,249,6016.2097
0,172,1,1,470,14,2,0.2197
0,173,3,1,470,14,2,0.2197
0,174,3,0,2992,1462,293,6320.2027
0,175,1,2,2339,967,194,3360.1027
0,176,3,1,470,14,2,0.2197
0,177,1,1,470,14,2,0.2197
0,178,1,0,2992,1462,293,6320.2027
0,179,1,0,2877,1577,295,6719.4317
0,180,3,2,2069,1237,245,3642.29349
0,181,1,0,2727,1727,346,6602.2397
0,182,1,2,2074,1232,247,3642.1397
0,183,1,1,470,14,2,0.2197
0,184,1,1,470,14,2,0.2197
0,185,1,1,470,14,2,0.2197
0,186,1,2,2339,967,194,3360.1027
0,187,1,0,2961,1493,293,6429.7257
0,188,3,1,470,14,2,0.2197
0,189,3,2,2076,1230,245,3642.1397
0,190,3,1,470,14,2,0.2197
0,191,1,1,470,14,2,0.2197
0,192,3,0,2992,1462,293,6320.2027
0,193,1,2,2339,967,194,3360.1027
0,194,3,2,2076,1230,245,3642.1397
0,195,3,1,470,14,2,0.2197
0,196,1,0,2826,1628,247,6010.2197
0,197,3,0,2824,1630,249,6010.2197
0,198,1,1,470,14,2,0.2197
0,199,3,2,2339,967,194,3360.1027
0,200,3,1,463,21,2,0.37349
0,201,3,2,2339,967,194,3360.1027
0,202,3,1,470,14,2,0.2197
0,203,1,0,2824,1630,249,6010.2197
0,204,1,0,2831,1623,295,6881.9497
0,205,3,2,2076,1230,245,3642.1397
0,206,3,0,2946,1508,293,6482.7207
0,207,1,1,470,14,2,0.2197
0,208,1,1,470,14,2,0.2197
0,209,1,2,2027,1279,245,3788.8947
0,210,1,0,2847,1607,293,6832.4877
0,211,1,2,2074,1232,247,3642.1397
0,212,3,2,2074,1232,247,3642.1397
0,213,1,1,470,14,2,0.2197
0,214,3,2,2288,1018,194,3540.2857
0,215,1,1,470,14,2,0.2197
0,216,1,2,2339,967,194,3360.1027
0,217,1,1,470,14,2,0.2197
0,218,3,1,470,14,2,0.2197
0,219,3,2,2339,967,194,3360.1027
0,220,3,1,470,14,2,0.2197
0,221,3,0,2822,1632,247,6010.30758
0,222,3,0,2824,1630,249,6010.2197
0,223,1,0,2804,1650,295,6977.3407
0,224,3,1,469,15,2,0.24167
0,225,1,1,470,14,2,0.2197
0,226,3,1,470,14,2,0.2197
0,227,1,1,468,16,4,0.2197
0,228,3,2,2076,1230,245,3642.1397
0,229,1,1,470,14,2,0.2197
0,230,3,2,1979,1327,247,3896.9344
0,231,1,1,470,14,2,0.2197
0,232,1,0,2879,1575,293,6719.4317
0,233,3,2,2074,1232,247,3642.1397
0,234,1,1,470,14,2,0.2197
0,235,1,0,2725,1729,348,6602.2397
0,236,3,2,2074,1232,247,3642.1397
0,237,3,2,2339,967,194,3360.1027
0,238,1,1,470,14,2,0.2197
0,239,1,0,2988,1466,293,6320.29058
0,240,3,2,2076,1230,245,3642.1397
0,241,1,2,2076,1230,245,3642.1397
0,242,1,0,2893,1561,293,6669.9697
0,243,1,2,1969,1337,245,3962.6047
0,244,1,1,470,14,2,0.2197
0,245,3,0,2976,1478,293,6376.7307
0,246,1,1,470,14,2,0.2197
0,247,3,1,470,14,2,0.2197
0,248,1,2,2074,1232,247,3642.1397
0,249,3,2,2252,1054,194,3667.4737
0,250,1,2,2222,1084,194,3773.4637
0,251,3,2,2076,1230,245,3642.1397
0,252,1,0,2826,1628,247,6010.2197
0,253,1,1,470,14,2,0.2197
0,254,3,0,2631,1823,297,6320.2027
0,255,3,1,470,14,2,0.2197
0,256,1,0,2646,1808,297,6320.29058
0,257,3,1,470,14,2,0.2197
0,258,1,0,2579,1875,346,7487.2797
0,259,3,2,1875,1431,249,3642.1397
0,260,1,0,2724,1730,346,6620.1797
0,261,3,2,2034,1272,249,3642.16167
0,262,3,1,470,14,2,0.2197
0,263,1,2,2076,1230,245,3642.1397
0,264,3,0,2811,1643,295,6952.6097
0,265,3,2,2265,1041,194,3621.5447
0,266,1,0,2727,1727,346,6602.2397
0,267,3,0,2486,1968,348,7318.0447
0,268,1,1,45,439,4,0.2197
0,269,3,2,2029,1277,245,3782.9047
0,270,3,2,2028,1278,249,3759.05455
0,271,1,1,355,129,4,0.2197
0,272,3,2,2339,967,194,3360.1027
0,273,1,0,2990,1464,295,6320.2027
0,274,1,1,466,18,2,0.30758
0,275,3,2,2076,1230,245,3642.1397
0,276,3,0,2821,1633,293,6924.3457
0,277,3,2,2076,1230,245,3642.1397
0,278,3,0,2992,1462,293,6320.2027
0,279,3,0,2826,1628,247,6010.2197
0,280,1,2,2076,1230,245,3642.1397
0,281,1,2,2074,1232,247,3642.1397
0,282,1,0,2874,1580,293,6737.0967
0,283,1,1,470,14,2,0.2197
0,284,1,1,470,14,2,0.2197
0,285,3,0,2814,1640,249,6010.4394
0,286,3,1,470,14,2,0.2197
0,287,3,2,2249,1057,194,3678.0727
0,288,1,2,2074,1232,247,3642.1397
0,289,1,0,2727,1727,346,6602.2397
0,290,3,2,2076,1230,245,3642.1397
0,291,3,2,2331,975,194,3388.3667
0,292,3,1,470,14,2,0.2197
0,293,3,2,2302,1004,194,3466.24649
0,294,3,2,2076,1230,245,3642.1397
0,295,3,0,2895,1559,293,6662.9037
0,296,1,2,2071,1235,245,3642.24955
0,297,3,0,2727,1727,346,6602.2397
0,298,1,1,470,14,2,0.2197
0,299,1,0,2947,1507,295,6472.1217
0,300,3,1,470,14,2,0.2197
0,301,1,0,2826,1628,247,6010.2197
0,302,1,1,470,14,2,0.2197
0,303,3,1,470,14,2,0.2197
0,304,3,0,2787,1667,297,7002.0717
0,305,1,1,470,14,2,0.2197
0,306,3,1,470,14,2,0.2197
0,307,3,2,2074,1232,247,3642.1397
0,308,3,1,470,14,2,0.2197
0,309,1,1,470,14,2,0.2197
0,310,3,2,2266,1040,196,3360.1027
0,311,3,2,2072,1234,247,3642.18364
0,312,3,1,470,14,2,0.2197
0,313,1,2,2076,1230,245,3642.1397
0,314,1,0,2727,1727,346,6602.2397
0,315,1,2,2254,1052,196,3653.3417
0,316,3,1,470,14,2,0.2197
0,317,1,0,2824,1630,249,6010.2197
0,318,3,2,2000,1306,245,3869.7597
0,319,1,0,2903,1551,295,6627.5737
0,320,1,0,2727,1727,346,6602.2397
0,321,1,2,2074,1232,247,3642.1397
0,322,1,1,470,14,2,0.2197
0,323,3,1,470,14,2,0.2197
0,324,1,0,2982,1472,293,6355.5327
0,325,1,0,2826,1628,247,6010.2197
0,326,1,1,470,14,2,0.2197
0,327,1,2,2339,967,194,3360.1027
0,328,1,0,2950,1504,297,6320.2027
0,329,3,0,2708,1746,346,6715.8597
0,330,1,2,2016,1290,249,3642.3594
0,331,3,2,2054,1252,249,3642.1397
0,332,3,1,470,14,2,0.2197
0,333,3,1,470,14,2,0.2197
0,334,3,2,2076,1230,245,3642.1397
0,335,3,1,470,14,2,0.2197
0,336,1,2,2339,967,194,3360.1027
0,337,1,2,2339,967,194,3360.1027
0,338,1,1,470,14,2,0.2197
0,339,3,0,2727,1727,346,6602.2397
0,340,3,2,2074,1232,247,3642.1397
0,341,3,0,2725,1729,348,6602.2397
0,342,3,0,2715,1739,247,6342.6647
0,343,3,2,1973,1333,245,3950.6247
0,344,1,2,2074,1232,247,3642.1397
0,345,1,0,2891,1563,293,6677.0357
0,346,3,0,2992,1462,293,6320.2027
0,347,3,0,2727,1727,346,6602.2397
0,348,1,1,470,14,2,0.2197
0,349,3,2,2305,1001,194,3480.2247
0,350,3,0,2992,1462,293,6320.2027
0,351,1,0,2826,1628,247,6010.2197
0,352,1,0,2824,1630,249,6010.2197
0,353,3,2,2076,1230,245,3642.1397
0,354,3,2,2074,1232,247,3642.1397
0,355,1,0,2796,1658,293,7012.6707
0,356,3,1,470,14,2,0.2197
0,357,3,0,2857,1597,295,6790.0917
0,358,3,0,2727,1727,346,6602.2397
0,359,3,2,2069,1237,245,3642.29349
0,360,3,2,2074,1232,247,3642.1397
0,361,3,2,2300,1006,194,3497.8897
0,362,1,2,2339,967,194,3360.1027
0,363,1,2,2067,1239,247,3642.29349
0,364,3,2,2076,1230,245,3642.1397
0,365,3,0,2992,1462,293,6320.2027
0,366,3,1,470,14,2,0.2197
0,367,3,2,2339,967,194,3360.1027
0,368,1,1,470,14,2,0.2197
0,369,1,1,470,14,2,0.2197
0,370,1,1,470,14,2,0.2197
0,371,3,0,2826,1628,247,6010.2197
0,372,1,0,2824,1630,249,6010.2197
0,373,3,1,463,21,2,0.37349
0,374,3,1,470,14,2,0.2197
0,375,1,0,885,3569,297,6320.2027
0,376,1,0,914,3540,297,11289.5827
0,377,3,2,-159,3465,249,3642.1397
0,378,1,2,-152,3458,249,3642.1397
0,379,3,0,1036,3418,350,9376.9597
0,380,1,1,470,14,2,0.2197
0,381,3,1,470,14,2,0.2197
0,382,1,0,958,3496,350,11350.3597
0,383,1,2,152,3154,249,3642.1397
0,384,3,0,1231,3223,350,10836.0797
0,385,1,2,356,2950,249,3642.1397
0,386,3,0,1431,3023,297,10656.4297
0,387,1,1,470,14,2,0.2197
0,388,3,1,463,21,2,0.37349
0,389,1,2,588,2718,249,5181.5697
0,390,3,0,1069,3385,297,10731.5177
0,391,1,1,-2080,2564,4,0.2197
0,392,3,0,1134,3320,350,8696.4197
0,393,3,2,836,2470,249,4621.5047
0,394,3,0,1244,3210,350,8776.6447
0,395,3,1,-1801,2285,4,0.2197
0,396,1,2,1079,2227,196,5398.6437
0,397,1,0,1556,2898,350,7340.9347
0,398,1,0,1404,3050,350,7984.25758
0,399,1,2,74,3232,249,5662.5273
0,400,3,0,1244,3210,297,8308.87693
0,401,3,2,346,2960,249,4460.82999
0,402,1,0,1761,2693,297,7585.61479
0,403,1,1,-730,1214,4,6.67888
0,404,3,2,1071,2235,196,3524.5802
0,405,3,0,2149,2305,348,7646.7872
0,406,1,0,1982,2472,348,8406.58735
0,407,1,2,1189,2117,249,5026.21808
0,408,1,2,1210,2096,249,5067.8405
0,409,3,0,2168,2286,346,6799.06425
0,410,3,1,-1270,1754,4,10.91909
0,411,1,1,-1287,1771,4,12.01759
0,412,1,1,-1183,1667,4,9.8865
0,413,3,0,2402,2052,346,6719.45388
0,414,1,2,1952,1354,249,3709.28199
0,415,1,2,1964,1342,196,4220.02778
0,416,3,2,1966,1340,196,4294.33063
0,417,1,2,1373,1933,247,5132.16355
0,418,3,2,1535,1771,247,3921.55423
0,419,1,1,-217,701,4,6.41524
0,420,3,2,1724,1582,194,4651.62917
0,421,3,2,1783,1523,247,4091.51444
0,422,1,2,2146,1160,194,3392.43115
0,423,3,1,365,119,4,1.58184
0,424,3,0,2826,1628,247,6010.2197
0,425,1,1,470,14,2,0.2197
0,426,1,2,2339,967,194,3360.1027
0,427,1,2,2337,969,196,3360.1027
0,428,3,2,2072,1234,245,3642.22758
0,429,1,1,467,17,2,0.28561
0,430,3,2,2076,1230,245,3642.1397
0,431,3,1,470,14,2,0.2197
0,432,3,1,470,14,2,0.2197
0,433,1,1,466,18,2,0.30758
0,434,1,1,470,14,2,0.2197
0,435,1,0,2826,1628,247,6010.2197
0,436,1,1,470,14,2,0.2197
0,437,3,1,470,14,2,0.2197
0,438,1,1,466,18,2,0.30758
0,439,3,1,470,14,2,0.2197
0,440,1,2,2339,967,194,3360.1027
0,441,1,2,2339,967,194,3360.1027
0,442,1,2,2076,1230,245,3642.1397
0,443,1,0,2727,1727,346,6602.2397
0,444,3,2,2074,1232,247,3642.1397
0,445,1,0,2824,1630,249,6010.2197
0,446,3,1,470,14,2,0.2197
0,447,1,0,2992,1462,293,6320.2027
0,448,1,0,2990,1464,295,6320.2027
0,449,3,0,2826,1628,247,6010.2197
0,450,1,1,470,14,2,0.2197
0,451,3,2,2076,1230,245,3642.1397
0,452,3,1,469,15,2,0.24167
0,453,1,2,2221,1085,194,3776.9967
0,454,1,1,470,14,2,0.2197
0,455,3,1,470,14,2,0.2197
0,456,1,2,2339,967,194,3360.1027
0,457,3,2,2339,967,194,3360.1027
0,458,1,1,470,14,2,0.2197
0,459,1,0,2822,1632,247,6010.30758
0,460,3,0,2810,1644,249,6010.52728
0,461,3,1,470,14,2,0.2197
0,462,3,2,1916,1390,245,4121.3397
0,463,3,0,2874,1580,295,6730.0307
0,464,1,0,2903,1551,295,6627.5737
0,465,3,2,2074,1232,247,3642.1397
0,466,3,1,470,14,2,0.2197
0,467,1,2,2074,1232,247,3642.1397
0,468,1,0,2899,1555,293,6648.7717
0,469,3,2,2237,1069,194,3720.4687
0,470,3,0,2725,1729,348,6602.2397
0,471,3,1,470,14,2,0.2197
0,472,3,1,470,14,2,0.2197
0,473,3,0,2984,1470,293,6348.4667
0,474,3,2,2339,967,194,3360.1027
0,475,3,2,2074,1232,247,3642.1397
0,476,3,1,470,14,2,0.2197
0,477,3,2,2074,1232,247,3642.1397
0,478,3,2,2074,1232,247,3642.1397
0,479,1,0,2992,1462,293,6320.2027
0,480,1,2,2339,967,194,3360.1027
0,481,1,2,2074,1232,247,3642.1397
0,482,3,2,2076,1230,245,3642.1397
0,483,1,1,470,14,2,0.2197
0,484,3,0,2961,1493,293,6429.7257
0,485,3,1,470,14,2,0.2197
0,486,1,0,2992,1462,293,6320.2027
0,487,3,0,2826,1628,247,6010.2197
0,488,1,2,2074,1232,247,3642.1397
0,489,1,0,2826,1628,247,6010.2197
0,490,3,2,2322,984,194,3420.1637
0,491,3,1,469,15,2,0.24167
0,492,1,2,2182,1124,194,3914.7837
0,493,1,1,470,14,2,0.2197
0,494,1,1,470,14,2,0.2197
0,495,1,1,470,14,2,0.2197
0,496,1,2,2074,1232,247,3642.1397
0,497,3,2,2076,1230,245,3642.1397
0,498,3,0,2824,1630,249,6010.2197
0,499,3,2,2116,1190,194,4147.9617
0,500,3,0,2973,1481,293,6387.3297
0,501,3,2,2076,1230,245,3642.1397
0,502,1,1,470,14,2,0.2197
0,503,1,2,2074,1232,247,3642.1397
0,504,3,2,2074,1232,247,3642.1397
0,505,1,0,2799,1655,293,7002.0717
0,506,3,0,2725,1729,348,6602.2397
0,507,1,1,470,14,2,0.2197
0,508,3,1,468,16,4,0.2197
0,509,1,2,2339,967,194,3360.1027
0,510,3,2,2076,1230,245,3642.1397
0,511,3,2,2339,967,194,3360.1027
0,512,1,0,2992,1462,293,6320.2027
0,513,3,1,470,14,2,0.2197
0,514,3,2,2076,1230,245,3642.1397
0,515,1,0,2727,1727,346,6602.2397
0,516,1,2,2194,1112,194,3872.3877
0,517,3,2,2074,1232,247,3642.1397
0,518,1,1,470,14,2,0.2197
0,519,3,1,470,14,2,0.2197
0,520,3,1,470,14,2,0.2197
0,521,1,0,2950,1504,295,6461.5227
0,522,3,1,470,14,2,0.2197
0,523,3,2,2064,1242,247,3672.0897
0,524,1,0,2793,1661,293,7009.22558
0,525,1,1,470,14,2,0.2197
0,526,1,0,2845,1609,293,6839.5537
0,527,3,1,470,14,2,0.2197
0,528,3,1,470,14,2,0.2197
0,529,1,1,470,14,2,0.2197
0,530,1,1,470,14,2,0.2197
0,531,3,0,2842,1612,293,6850.1527
0,532,1,1,460,24,2,0.4394
0,533,3,2,2299,1007,194,3501.4227
0,534,1,2,2076,1230,245,3642.1397
0,535,3,2,2076,1230,245,3642.1397
0,536,3,2,2076,1230,245,3642.1397
0,537,1,1,470,14,2,0.2197
0,538,1,0,2826,1628,247,6010.2197
0,539,1,0,2824,1630,249,6010.2197
0,540,3,0,2787,1667,293,7040.95667
0,541,1,1,470,14,2,0.2197
0,542,1,2,2143,1163,194,4052.5707
0,543,1,0,2826,1628,247,6010.2197
0,544,1,0,2826,1628,247,6010.2197
0,545,1,2,2216,1090,194,3794.6617
0,546,1,1,470,14,2,0.2197
0,547,1,0,2727,1727,346,6602.2397
0,548,1,2,2317,989,194,3437.8287
0,549,1,2,2074,1232,247,3642.1397
0,550,3,2,2074,1232,247,3642.1397
0,551,3,1,470,14,2,0.2197
0,552,1,0,2826,1628,247,6010.2197
0,553,1,2,2339,967,194,3360.1027
0,554,1,2,2172,1134,194,3950.1137
0,555,3,0,2727,1727,346,6602.2397
0,556,3,0,2826,1628,247,6010.2197
0,557,1,1,470,14,2,0.2197
0,558,1,1,470,14,2,0.2197
0,559,3,2,2074,1232,247,3642.1397
0,560,1,2,2281,1025,194,3565.0167
0,561,3,1,470,14,2,0.2197
0,562,1,0,2789,1665,295,7030.3357
0,563,1,2,2076,1230,245,3642.1397
0,564,3,1,470,14,2,0.2197
0,565,1,1,470,14,2,0.2197
0,566,1,1,470,14,2,0.2197
0,567,3,0,2931,1523,293,6535.7157
0,568,3,1,470,14,2,0.2197
0,569,1,2,2248,1058,194,3681.6057
0,570,1,1,470,14,2,0.2197
0,571,3,1,470,14,2,0.2197
0,572,3,1,470,14,2,0.2197
0,573,1,1,470,14,2,0.2197
0,574,3,0,2992,1462,293,6320.2027
0,575,1,2,2339,967,194,3360.1027
0,576,1,2,2076,1230,245,3642.1397
0,577,1,2,2074,1232,247,3642.1397
0,578,1,2,2074,1232,247,3642.1397
0,579,3,2,2074,1232,247,3642.1397
0,580,3,2,2074,1232,247,3642.1397
0,581,1,1,470,14,2,0.2197
0,582,1,1,470,14,2,0.2197
0,583,1,2,2339,967,194,3360.1027
0,584,1,2,2339,967,194,3360.1027
0,585,3,1,470,14,2,0.2197
0,586,3,1,468,16,4,0.2197
0,587,3,0,2992,1462,293,6320.2027
0,588,3,1,470,14,2,0.2197
0,589,3,0,2985,1469,293,6320.35649
0,590,3,1,470,14,2,0.2197
0,591,3,2,2076,1230,245,3642.1397
0,592,3,2,2064,1242,247,3642.3594
0,593,3,1,470,14,2,0.2197
0,594,3,1,463,21,2,0.37349
0,595,1,1,470,14,2,0.2197
0,596,1,2,2339,967,194,3360.1027
0,597,1,0,2992,1462,293,6320.2027
0,598,1,2,2076,1230,245,3642.1397
0,599,1,0,2725,1729,348,6602.2397
0,600,3,1,470,14,2,0.2197
0,601,1,0,2826,1628,247,6010.2197
0,602,1,0,2920,1534,293,6574.5787
0,603,1,2,2339,967,194,3360.1027
0,604,1,2,2076,1230,245,3642.1397
0,605,1,1,470,14,2,0.2197
0,606,1,1,470,14,2,0.2197
0,607,1,1,470,14,2,0.2197
0,608,1,2,1711,1595,196,3360.1027
0,609,1,2,1714,1592,249,3672.19955
0,610,1,0,2722,1732,295,7885.39261
0,611,3,1,470,14,2,0.2197
0,612,1,0,2720,1734,348,6632.1397
0,613,1,2,2056,1250,249,3642.1397
0,614,1,2,2071,1235,249,3642.1397
0,615,3,2,2074,1232,247,3642.1397
0,616,1,2,2074,1232,247,3642.1397
0,617,1,2,2074,1232,247,3642.1397
0,618,3,2,2074,1232,247,3642.1397
0,619,1,0,2832,1622,293,6885.4827
0,620,3,1,421,63,4,0.2197
0,621,1,2,2339,967,194,3360.1027
0,622,1,0,2992,1462,293,6320.2027
0,623,1,0,2826,1628,247,6010.2197
0,624,3,0,2826,1628,247,6010.2197
0,625,1,0,2824,1630,249,6010.2197
0,626,1,2,2145,1161,194,4045.5047
0,627,3,2,2074,1232,247,3642.1397
0,628,3,2,2212,1094,194,3808.7937
0,629,3,1,470,14,2,0.2197
0,630,1,1,470,14,2,0.2197
0,631,1,1,470,14,2,0.2197
0,632,3,0,2992,1462,293,6320.2027
0,633,3,0,2992,1462,293,6320.2027
0,634,3,0,2826,1628,247,6010.2197
0,635,1,2,2009,1297,245,3842.8047
0,636,3,0,2915,1539,295,6585.1777
0,637,3,1,470,14,2,0.2197
0,638,3,2,2074,1232,247,3642.1397
0,639,3,1,470,14,2,0.2197
0,640,1,1,470,14,2,0.2197
0,641,1,1,470,14,2,0.2197
0,642,1,2,2339,967,194,3360.1027
0,643,1,0,2725,1729,348,6602.2397
0,644,1,0,2873,1581,293,6740.6297
0,645,3,0,2725,1729,348,6602.2397
0,646,3,0,2725,1729,348,6602.2397
0,647,1,1,470,14,2,0.2197
0,648,1,1,470,14,2,0.2197
0,649,1,2,2339,967,194,3360.1027
0,650,1,0,2475,1979,297,6320.2027
0,651,1,1,470,14,2,0.2197
0,652,1,0,2614,1840,350,7092.5997
0,653,3,0,2670,1784,350,6805.5597
0,654,1,2,1565,1741,249,3642.1397
0,655,1,1,470,14,2,0.2197
0,656,3,0,2710,1744,293,7681.1117
0,657,1,0,2715,1739,348,6662.0397
0,658,3,2,1999,1307,249,3642.3594
0,659,1,2,2021,1285,249,3642.1397
0,660,3,0,2913,1541,295,6631.3957
0,661,3,2,2074,1232,247,3642.1397
0,662,3,0,2665,1789,346,6787.9297
0,663,3,0,2660,1794,348,6796.9147
0,664,1,1,42,442,4,0.2197
0,665,3,1,367,117,4,0.2197
0,666,1,2,2339,967,194,3360.1027
0,667,3,2,2339,967,194,3360.1027
0,668,3,2,2076,1230,245,3642.1397
0,669,1,2,2076,1230,245,3642.1397
0,670,3,1,468,16,4,0.2197
0,671,3,1,470,14,2,0.2197
0,672,1,0,1233,3221,350,7917.8397
0,673,3,1,470,14,2,0.2197
0,674,3,2,309,2997,249,3642.1397
0,675,1,2,509,2797,196,4261.0177
0,676,3,2,640,2666,249,3720.0097
0,677,1,0,1804,2650,297,10403.1817
0,678,1,0,1955,2499,350,9167.6597
0,679,3,1,470,14,2,0.2197
0,680,3,0,2190,2264,350,8061.3597
0,681,3,2,1071,2235,249,3642.1397
0,682,3,0,2213,2241,350,9562.36167
0,683,3,0,2232,2222,346,9562.3397
0,684,3,0,2188,2266,346,9694.1197
0,685,3,2,1268,2038,196,4907.5567
0,686,1,2,1306,2000,249,5328.3247
0,687,3,1,-1474,1958,4,0.2197
0,688,1,1,-1315,1799,4,0.2197
0,689,3,0,2457,1997,295,9492.8607
0,690,3,2,1607,1699,249,4819.19667
0,691,3,2,1706,1600,249,4564.5997
0,692,1,2,1544,1762,245,5235.4797
0,693,3,2,2056,1250,247,3696.0497
0,694,3,2,2136,1170,194,3712.15458
0,695,3,0,2563,1891,293,7649.77511
0,696,1,1,-211,695,4,7.77738
0,697,3,2,2049,1257,247,3675.39228
0,698,1,2,2168,1138,194,3964.2457
0,699,3,2,2076,1230,245,3642.1397
0,700,1,2,2074,1232,247,3642.1397
0,701,3,0,2826,1628,247,6010.2197
0,702,1,1,470,14,2,0.2197
0,703,3,0,2827,1627,293,6903.1477
0,704,1,1,470,14,2,0.2197
0,705,3,1,470,14,2,0.2197
0,706,1,1,470,14,2,0.2197
0,707,3,1,470,14,2,0.2197
0,708,1,0,2992,1462,293,6320.2027
0,709,3,2,2139,1167,194,4066.7027
0,710,1,0,2826,1628,247,6010.2197
0,711,3,0,2824,1630,249,6010.2197
0,712,3,2,2066,1240,245,3672.0897
0,713,3,0,2932,1522,295,6521.60567
0,714,1,0,2727,1727,346,6602.2397
0,715,3,2,2339,967,194,3360.1027
0,716,1,2,2076,1230,245,3642.1397
0,717,3,0,2727,1727,346,6602.2397
0,718,3,0,2725,1729,348,6602.2397
0,719,3,2,2339,967,194,3360.1027
0,720,3,1,470,14,2,0.2197
0,721,1,2,2284,1022,194,3554.4177
0,722,3,2,2076,1230,245,3642.1397
0,723,1,2,2074,1232,247,3642.1397
0,724,1,0,2727,1727,346,6602.2397
0,725,3,2,2284,1022,194,3554.4177
0,726,3,2,2074,1232,247,3642.1397
0,727,1,1,470,14,2,0.2197
0,728,1,0,2987,1467,293,6320.31255
0,729,3,1,470,14,2,0.2197
0,730,1,0,2992,1462,293,6320.2027
0,731,3,2,2216,1090,194,3794.6617
0,732,1,1,470,14,2,0.2197
0,733,1,0,2727,1727,346,6602.2397
0,734,3,0,2725,1729,348,6602.2397
0,735,1,1,470,14,2,0.2197
0,736,1,0,2941,1513,295,6493.3197
0,737,3,0,2782,1672,293,7062.1327
0,738,3,0,2826,1628,247,6010.2197
0,739,1,1,470,14,2,0.2197
0,740,3,1,470,14,2,0.2197
0,741,1,2,2299,1007,194,3501.4227
0,742,1,1,470,14,2,0.2197
0,743,3,1,470,14,2,0.2197
0,744,1,2,2339,967,194,3360.1027
0,745,3,0,2600,1854,251,6010.2197
0,746,1,2,2076,1230,245,3642.1397
0,747,1,2,2074,1232,247,3642.1397
0,748,1,0,2707,1747,350,6602.2397
0,749,3,1,470,14,2,0.2197
0,750,3,0,2727,1727,346,6602.2397
0,751,1,0,2990,1464,295,6320.2027
0,752,3,0,2727,1727,346,6602.2397
0,753,1,1,470,14,2,0.2197
0,754,1,1,470,14,2,0.2197
0,755,3,2,2339,967,194,3360.1027
0,756,1,0,2800,1654,249,6010.2197
0,757,1,0,2821,1633,249,6010.2197
0,758,1,1,470,14,2,0.2197
0,759,3,1,470,14,2,0.2197
0,760,3,0,2488,1966,297,6401.4617
0,761,3,0,2488,1966,251,6010.37349
0,762,3,2,2065,1241,245,3675.0847
0,763,1,0,2420,2034,293,9018.8977
0,764,1,1,402,82,4,0.2197
0,765,1,1,470,14,2,0.2197
0,766,3,0,2724,1730,346,6620.1797
0,767,1,2,2036,1270,249,3642.1397
0,768,3,0,2726,1728,346,6608.2197
0,769,1,2,2131,1175,196,3974.8447
0,770,1,0,2819,1635,249,6025.1947
0,771,3,0,2822,1632,295,6913.7467
0,772,1,0,2725,1729,348,6602.2397
0,773,3,2,2076,1230,245,3642.1397
0,774,1,1,-166,650,4,0.2197
0,775,1,1,-151,635,4,0.2197
0,776,1,2,2011,1295,245,3836.8147
0,777,3,0,2964,1490,293,6419.1267
0,778,3,1,435,49,4,0.2197
0,779,3,0,2794,1660,295,7012.6707
0,780,1,1,470,14,2,0.2197
0,781,3,0,2727,1727,346,6602.2397
0,782,3,0,2725,1729,348,6602.2397
0,783,1,0,2727,1727,346,6602.2397
0,784,3,1,470,14,2,0.2197
0,785,1,2,2339,967,194,3360.1027
0,786,3,1,470,14,2,0.2197
0,787,1,1,470,14,2,0.2197
0,788,3,2,2339,967,194,3360.1027
0,789,3,2,2074,1232,247,3642.1397
0,790,1,2,2220,1086,194,3780.5297
0,791,1,1,470,14,2,0.2197
0,792,3,2,2339,967,194,3360.1027
0,793,3,1,470,14,2,0.2197
0,794,1,1,470,14,2,0.2197
0,795,3,0,2816,1638,247,6010.4394
0,796,3,1,470,14,2,0.2197
0,797,1,1,470,14,2,0.2197
0,798,1,1,470,14,2,0.2197
0,799,3,0,2992,1462,293,6320.2027
0,800,1,1,470,14,2,0.2197
0,801,1,1,463,21,2,0.37349
0,802,3,2,2339,967,194,3360.1027
0,803,1,2,2069,1237,245,3642.29349
0,804,1,0,2727,1727,346,6602.2397
0,805,1,1,470,14,2,0.2197
0,806,1,2,2076,1230,245,3642.1397
0,807,1,2,2074,1232,247,3642.1397
0,808,1,2,2074,1232,247,3642.1397
0,809,1,1,470,14,2,0.2197
0,810,1,1,463,21,2,0.37349
0,811,3,0,2811,1643,295,6952.6097
0,812,3,1,470,14,2,0.2197
0,813,3,1,470,14,2,0.2197
0,814,1,0,2920,1534,293,6574.5787
0,815,1,2,2070,1236,247,3642.22758
0,816,3,1,470,14,2,0.2197
0,817,1,2,2074,1232,247,3642.1397
0,818,1,0,2826,1628,247,6010.2197
0,819,1,2,2076,1230,245,3642.1397
0,820,1,0,2982,1472,297,6320.2027
0,821,3,1,470,14,2,0.2197
0,822,1,0,2990,1464,295,6320.2027
0,823,3,2,2074,1232,247,3642.1397
0,824,3,2,2074,1232,247,3642.1397
0,825,3,0,2727,1727,346,6602.2397
0,826,3,1,466,18,2,0.30758
0,827,1,1,470,14,2,0.2197
0,828,1,0,2725,1729,348,6602.2397
0,829,3,1,470,14,2,0.2197
0,830,1,1,470,14,2,0.2197
0,831,1,2,2076,1230,245,3642.1397
0,832,3,1,469,15,2,0.24167
0,833,3,2,2148,1158,194,4034.9057
0,834,3,2,2074,1232,247,3642.1397
0,835,1,1,172,312,4,0.2197
0,836,3,2,2339,967,194,3360.1027
0,837,1,0,2826,1628,247,6010.2197
0,838,3,1,470,14,2,0.2197
0,839,3,0,2504,1950,297,6924.3457
0,840,3,1,466,18,2,0.30758
0,841,1,1,470,14,2,0.2197
0,842,1,2,2076,1230,245,3642.1397
0,843,3,0,2713,1741,350,6602.2397
0,844,3,0,2740,1714,297,6995.0057
0,845,3,2,2064,1242,249,3642.1397
0,846,1,2,2074,1232,247,3642.1397
0,847,3,0,2723,1731,297,6860.7517
0,848,1,2,2076,1230,245,3642.1397
0,849,3,2,2074,1232,247,3642.1397
0,850,3,0,2808,1646,295,6963.2087
0,851,1,2,2062,1244,249,3642.1397
0,852,1,2,2007,1299,249,3836.8147
0,853,3,0,2543,1911,293,7906.5197
0,854,3,0,2584,1870,247,6735.0097
0,855,3,0,2826,1628,247,6010.2197
0,856,3,0,2826,1628,247,6010.2197
0,857,3,0,2971,1483,295,6387.3297
0,858,1,0,2727,1727,346,6602.2397
0,859,1,2,1944,1362,245,4037.4797
0,860,1,1,470,14,2,0.2197
0,861,1,1,470,14,2,0.2197
0,862,3,0,2968,1486,297,6320.2027
0,863,1,0,2968,1486,297,6320.35649
0,864,3,0,2824,1630,249,6010.2197
0,865,1,1,470,14,2,0.2197
0,866,1,0,2826,1628,247,6010.2197
0,867,3,1,470,14,2,0.2197
0,868,1,2,2076,1230,245,3642.1397
0,869,1,1,470,14,2,0.2197
0,870,3,0,2857,1597,295,6790.0917
0,871,1,2,2196,1110,194,3830.2114
0,872,1,2,2074,1232,247,3642.1397
0,873,1,2,2074,1232,247,3642.1397
0,874,3,2,2074,1232,247,3642.1397
0,875,1,0,2754,1700,247,6225.8597
0,876,1,1,453,31,4,0.2197
0,877,1,0,2938,1516,295,6503.9187
0,878,1,2,2292,1014,194,3526.1537
0,879,1,2,2074,1232,245,3642.18364
0,880,1,1,470,14,2,0.2197
0,881,1,1,470,14,2,0.2197
0,882,1,2,2076,1230,245,3642.1397
0,883,3,1,470,14,2,0.2197
0,884,3,2,2074,1232,247,3642.1397
0,885,3,1,470,14,2,0.2197
0,886,3,1,470,14,2,0.2197
0,887,1,2,2072,1234,247,3642.18364
0,888,1,2,2279,1027,194,3572.0827
0,889,1,1,470,14,2,0.2197
0,890,3,2,2339,967,194,3360.1027
0,891,3,1,470,14,2,0.2197
0,892,3,2,2076,1230,245,3642.1397
0,893,3,1,470,14,2,0.2197
0,894,1,1,470,14,2,0.2197
0,895,3,2,2339,967,194,3360.1027
0,896,3,1,470,14,2,0.2197
0,897,1,0,2992,1462,293,6320.2027
0,898,3,2,2076,1230,245,3642.1397
0,899,3,0,2727,1727,346,6602.2397
0,900,3,0,2725,1729,348,6602.2397
0,901,1,1,470,14,2,0.2197
0,902,3,1,460,24,2,0.4394
0,903,3,1,470,14,2,0.2197
0,904,1,2,2336,970,194,3370.7017
0,905,1,0,2882,1572,293,6708.8327
0,906,1,0,2824,1630,249,6010.2197
0,907,1,2,2076,1230,245,3642.1397
0,908,1,0,2725,1729,348,6602.2397
0,909,3,2,2220,1086,194,3780.5297
0,910,3,0,2876,1578,293,6730.0307
0,911,1,2,2076,1230,245,3642.1397
0,912,3,0,2826,1628,247,6010.2197
0,913,1,2,2075,1231,245,3642.16167
0,914,3,1,470,14,2,0.2197
0,915,1,2,2339,967,194,3360.1027
0,916,3,1,470,14,2,0.2197
0,917,3,2,2339,967,194,3360.1027
0,918,1,0,2826,1628,247,6010.2197
0,919,1,1,470,14,2,0.2197
0,920,1,0,2727,1727,346,6602.2397
0,921,3,0,2824,1630,249,6010.2197
0,922,3,1,470,14,2,0.2197
0,923,3,2,2339,967,194,3360.1027
0,924,1,1,470,14,2,0.2197
0,925,1,0,2992,1462,293,6320.2027
0,926,3,0,2826,1628,247,6010.2197
0,927,3,2,2076,1230,245,3642.1397
0,928,3,0,2727,1727,346,6602.2397
0,929,1,1,470,14,2,0.2197
0,930,1,0,2824,1630,293,6913.7467
0,931,3,1,470,14,2,0.2197
0,932,1,1,470,14,2,0.2197
0,933,3,2,2329,977,194,3360.3224
0,934,3,1,470,14,2,0.2197
0,935,3,1,470,14,2,0.2197
0,936,1,2,2076,1230,245,3642.1397
0,937,3,1,470,14,2,0.2197
0,938,1,2,2229,1077,194,3748.7327
0,939,1,2,2149,1157,194,4031.3727
0,940,3,2,2076,1230,245,3642.1397
0,941,1,0,1116,3338,251,6010.2197
0,942,3,0,1209,3245,350,8396.2397
0,943,1,0,1409,3045,350,10955.6797
0,944,3,2,469,2837,196,3565.0167
0,945,1,2,690,2616,196,3360.1027
0,946,1,0,1835,2619,350,9412.8397
0,947,1,1,470,14,2,0.2197
0,948,3,2,933,2373,249,3642.1397
0,949,1,0,2134,2320,350,8252.7197
0,950,1,2,1041,2265,249,3642.1397
0,951,1,2,1168,2138,249,3642.1397
0,952,1,0,2374,2080,297,8819.7027
0,953,3,2,1253,2053,196,4688.59858
0,954,3,0,2324,2130,350,8946.52955
0,955,3,2,1427,1879,249,3791.8897
0,956,3,2,1780,1526,249,3992.5547
0,957,3,2,2032,1274,249,3672.0897
0,958,3,2,1991,1315,245,3875.90349
0,959,3,2,2055,1251,194,4363.4747
0,960,1,2,2033,1273,247,3764.9347
0,961,3,2,2217,1089,194,3791.1287
0,962,1,0,2622,1832,249,6615.2097
0,963,3,2,1609,1697,245,4478.90203
0,964,1,0,2225,2229,249,7239.349
0,965,3,1,-105,589,4,6.10766
0,966,3,1,-97,581,4,8.89785
0,967,1,2,1851,1455,245,3870.0602
0,968,1,1,414,70,4,0.90077
0,969,1,0,2909,1545,293,6550.24316
0,970,3,1,470,14,2,0.2197
0,971,1,0,2992,1462,293,6320.2027
0,972,1,0,2727,1727,346,6602.2397
0,973,3,2,2074,1232,247,3642.1397
0,974,3,2,2074,1232,247,3642.1397
0,975,3,0,2723,1731,346,6602.32758
0,976,1,1,470,14,2,0.2197
0,977,3,1,470,14,2,0.2197
0,978,1,2,2339,967,194,3360.1027
0,979,1,2,2339,967,194,3360.1027
0,980,1,0,2826,1628,247,6010.2197
0,981,3,0,2824,1630,249,6010.2197
0,982,3,1,470,14,2,0.2197
0,983,1,1,470,14,2,0.2197
0,984,1,1,470,14,2,0.2197
0,985,3,0,2992,1462,293,6320.2027
0,986,1,1,470,14,2,0.2197
0,987,3,2,2329,977,194,3360.3224
0,988,3,2,2057,1249,247,3642.51319
0,989,1,0,2727,1727,346,6602.2397
0,990,1,1,470,14,2,0.2197
0,991,3,2,2072,1234,249,3642.1397
0,992,1,2,2278,1028,194,3575.6157
0,993,1,1,470,14,2,0.2197
0,994,1,0,2990,1464,295,6320.2027
0,995,3,0,2727,1727,346,6602.2397
0,996,1,1,470,14,2,0.2197
0,997,3,1,466,18,2,0.30758
0,998,1,2,2339,967,194,3360.1027
0,999,3,2,2212,1094,194,3808.7937
