CONFIGURATION:
{u'simulation': {u'stdev_factor': 0.01, u'power_mgmt_enabled': False, u'tasks': {u'loc': {u'mean_service_time': {u'gpu': 90, u'cpu_core': 200, u'loc_accel': 10}, u'priority': 1, u'deadline': 1000, u'stdev_service_time': {u'gpu': 0.9, u'cpu_core': 2.0, u'loc_accel': 0.1}, u'power': {u'gpu': 4.457, u'cpu_core': 6.133, u'loc_accel': 0.02197}}, u'detect': {u'mean_service_time': {u'gpu': 0.4607, u'cpu_core': 3.654, u'det_accel': 0.278}, u'priority': 2, u'deadline': 1000, u'stdev_service_time': {u'gpu': 0.004607, u'cpu_core': 0.03654, u'det_accel': 0.0027800000000000004}, u'power': {u'gpu': 90, u'cpu_core': 200, u'det_accel': 10}}, u'Frontier': {u'mean_service_time': {u'cpu_core': 396}, u'priority': 9, u'deadline': 1000, u'stdev_service_time': {u'cpu_core': 3.96}, u'power': {u'cpu_core': 5.98}}, u'track': {u'mean_service_time': {u'gpu': 17, u'tra_accel': 2, u'cpu_core': 1820}, u'priority': 3, u'deadline': 1000, u'stdev_service_time': {u'gpu': 0.17, u'tra_accel': 0.02, u'cpu_core': 18.2}, u'power': {u'gpu': 12.79, u'tra_accel': 0.59, u'cpu_core': 5.6}}, u'sp': {u'mean_service_time': {u'gpu': 379, u'cpu_core': 1004}, u'priority': 11, u'deadline': 1000, u'stdev_service_time': {u'gpu': 3.79, u'cpu_core': 10.040000000000001}, u'power': {u'gpu': 3.302, u'cpu_core': 1004}}, u'mission': {u'mean_service_time': {u'cpu_core': 0.0022}, u'priority': 5, u'deadline': 1000, u'stdev_service_time': {u'cpu_core': 2.2000000000000003e-05}, u'power': {u'cpu_core': 3.534}}, u'motion': {u'mean_service_time': {u'cpu_core': 8}, u'priority': 6, u'deadline': 1000, u'stdev_service_time': {u'cpu_core': 0.08}, u'power': {u'cpu_core': 4.222}}, u'collision': {u'mean_service_time': {u'cpu_core': 8}, u'priority': 7, u'deadline': 1000, u'stdev_service_time': {u'cpu_core': 0.08}, u'power': {u'cpu_core': 0}}, u'fusion': {u'mean_service_time': {u'cpu_core': 1}, u'priority': 4, u'deadline': 1000, u'stdev_service_time': {u'cpu_core': 0.01}, u'power': {u'cpu_core': 0}}, u'map': {u'mean_service_time': {u'gpu': 761, u'cpu_core': 973}, u'priority': 10, u'deadline': 1000, u'stdev_service_time': {u'gpu': 7.61, u'cpu_core': 9.73}, u'power': {u'gpu': 3.533, u'cpu_core': 2.995}}, u'path': {u'mean_service_time': {u'cpu_core': 8}, u'priority': 8, u'deadline': 1000, u'stdev_service_time': {u'cpu_core': 0.08}, u'power': {u'cpu_core': 0}}}, u'sched_policy_module': u'policies.heft', u'drop': True, u'servers': {u'gpu': {u'count': 2}, u'tra_accel': {u'count': 1}, u'cpu_core': {u'count': 8}, u'loc_accel': {u'count': 1}, u'det_accel': {u'count': 1}}, u'max_tasks_simulated': 10000, u'max_queue_size': 1000000, u'mean_arrival_time': 50, u'arrival_time_scale': 3.8}, u'general': {u'random_seed': 0, u'pre_gen_arrivals': False, u'basename': u'policy:heft__stdev_factor:0.01', u'output_trace_file': None, u'working_dir': u'/home/hiwot/meta-stomp2/sim_16042020_192450_new_arrival_50_map_rheftmapping_50_trace_50', u'input_trace_file': (False, '../mv_mapping_50_trace_50.trc'), u'logging_level': u'INFO'}}

/home/hiwot/meta-stomp2/sim_16042020_192450_new_arrival_50_map_rheftmapping_50_trace_50/../mv_mapping_50_trace_50.trc

Running STOMP simulation...
Dropped,DAG ID,DAG Priority,DAG Type,Slack,Response Time,No-Affinity Time,Energy
0,0,3,0,4374,1462,293,6320.2027
0,1,1,0,4372,1464,295,6320.2027
0,2,1,1,620,14,2,0.2197
0,3,1,2,3365,967,194,3360.1027
0,4,1,0,4374,1462,293,6320.2027
0,5,1,1,620,14,2,0.2197
0,6,3,2,3102,1230,245,3642.1397
0,7,3,0,4208,1628,247,6010.2197
0,8,3,2,3167,1165,194,4059.6367
0,9,3,2,2040,2292,249,3672.0897
0,10,3,0,3545,2291,297,6528.78152
0,11,1,1,620,14,2,0.2197
0,12,1,2,2433,1899,249,3869.7597
0,13,1,0,4007,1829,297,7741.4617
0,14,3,0,4027,1809,350,6668.0197
0,15,1,0,4035,1801,350,6739.7797
0,16,3,0,3661,2175,346,9281.2797
0,17,3,1,620,14,2,0.2197
0,18,3,0,4003,1833,295,8206.2657
0,19,1,1,620,14,2,0.2197
0,20,3,0,4083,1753,348,6745.7597
0,21,3,0,4107,1729,348,6602.2397
0,22,3,1,550,84,4,0.2197
0,23,3,2,3100,1232,245,3648.1297
0,24,3,0,4067,1769,293,7394.30061
0,25,3,0,4095,1741,247,6348.6547
0,26,3,2,2840,1492,245,4426.8297
0,27,1,1,66,568,4,0.2197
0,28,1,0,4372,1464,295,6320.2027
0,29,3,2,3365,967,194,3360.1027
0,30,3,1,620,14,2,0.2197
0,31,1,2,3058,1274,247,3767.9297
0,32,1,0,4339,1497,293,6443.8577
0,33,3,2,3102,1230,245,3642.1397
0,34,1,1,620,14,2,0.2197
0,35,1,1,620,14,2,0.2197
0,36,1,1,620,14,2,0.2197
0,37,1,0,4374,1462,293,6320.2027
0,38,1,2,3365,967,194,3360.1027
0,39,1,2,3102,1230,245,3642.1397
0,40,3,0,4109,1727,346,6602.2397
0,41,1,0,4109,1727,346,6602.2397
0,42,1,2,3102,1230,245,3642.1397
0,43,1,1,620,14,2,0.2197
0,44,3,1,620,14,2,0.2197
0,45,1,0,4308,1528,293,6553.3807
0,46,1,0,4374,1462,293,6320.2027
0,47,1,0,4109,1727,346,6602.2397
0,48,1,2,3100,1232,247,3642.1397
0,49,3,0,4109,1727,346,6602.2397
0,50,1,1,620,14,2,0.2197
0,51,1,1,620,14,2,0.2197
0,52,3,2,3365,967,194,3360.1027
0,53,1,1,620,14,2,0.2197
0,54,1,2,3365,967,194,3360.1027
0,55,1,0,4107,1729,348,6602.2397
0,56,1,2,3100,1232,247,3642.1397
0,57,1,1,620,14,2,0.2197
0,58,3,2,3102,1230,245,3642.1397
0,59,3,2,3364,968,194,3360.1027
0,60,3,1,620,14,2,0.2197
0,61,1,1,620,14,2,0.2197
0,62,3,2,3365,967,194,3360.1027
0,63,3,1,620,14,2,0.2197
0,64,1,0,4213,1623,293,6889.0157
0,65,3,0,4208,1628,247,6010.2197
0,66,3,0,4206,1630,249,6010.2197
0,67,3,1,620,14,2,0.2197
0,68,3,0,4181,1655,295,6995.0057
0,69,3,0,4109,1727,346,6602.2397
0,70,1,1,620,14,2,0.2197
0,71,1,0,4107,1729,348,6602.2397
0,72,1,0,4372,1464,295,6320.2027
0,73,3,2,3180,1152,194,4013.7077
0,74,3,2,3102,1230,245,3642.1397
0,75,1,2,3322,1010,194,3512.0217
0,76,1,1,620,14,2,0.2197
0,77,3,0,4277,1559,295,6655.8377
0,78,1,1,620,14,2,0.2197
0,79,3,2,3096,1236,245,3642.27152
0,80,3,0,4109,1727,346,6602.2397
0,81,1,1,620,14,2,0.2197
0,82,1,0,4372,1464,295,6320.2027
0,83,3,1,620,14,2,0.2197
0,84,1,1,620,14,2,0.2197
0,85,3,0,4374,1462,293,6320.2027
0,86,3,0,4208,1628,247,6010.2197
0,87,1,2,3276,1056,194,3674.5397
0,88,3,2,3100,1232,247,3642.1397
0,89,1,2,3365,967,194,3360.1027
0,90,3,0,4374,1462,293,6320.2027
0,91,1,0,4208,1628,247,6010.2197
0,92,1,0,4294,1542,293,6602.8427
0,93,3,1,617,17,2,0.28561
0,94,1,1,620,14,2,0.2197
0,95,1,2,3365,967,194,3360.1027
0,96,1,1,620,14,2,0.2197
0,97,3,0,4208,1628,247,6010.2197
0,98,1,2,3102,1230,245,3642.1397
0,99,3,2,3100,1232,247,3642.1397
0,100,1,0,4255,1581,293,6740.6297
0,101,1,1,620,14,2,0.2197
0,102,3,0,4354,1482,293,6390.8627
0,103,3,0,4208,1628,247,6010.2197
0,104,3,1,620,14,2,0.2197
0,105,1,2,3102,1230,245,3642.1397
0,106,3,1,620,14,2,0.2197
0,107,1,1,617,17,2,0.28561
0,108,3,0,4374,1462,293,6320.2027
0,109,1,2,3365,967,194,3360.1027
0,110,1,2,3102,1230,245,3642.1397
0,111,3,1,620,14,2,0.2197
0,112,3,1,620,14,2,0.2197
0,113,3,1,620,14,2,0.2197
0,114,1,0,4374,1462,293,6320.2027
0,115,1,0,4372,1464,295,6320.2027
0,116,3,2,3102,1230,245,3642.1397
0,117,3,2,3102,1230,245,3642.1397
0,118,3,0,4109,1727,346,6602.2397
0,119,1,0,4322,1514,295,6496.8527
0,120,3,2,3365,967,194,3360.1027
0,121,3,0,4109,1727,346,6602.2397
0,122,3,2,3100,1232,247,3642.1397
0,123,1,1,620,14,2,0.2197
0,124,1,1,620,14,2,0.2197
0,125,3,2,3365,967,194,3360.1027
0,126,1,0,4374,1462,293,6320.2027
0,127,3,1,620,14,2,0.2197
0,128,3,1,620,14,2,0.2197
0,129,3,0,4374,1462,293,6320.2027
0,130,1,1,620,14,2,0.2197
0,131,3,2,3365,967,194,3360.1027
0,132,3,0,4208,1628,247,6010.2197
0,133,3,1,620,14,2,0.2197
0,134,3,2,3037,1295,245,3836.8147
0,135,1,0,4337,1499,295,6443.8577
0,136,3,0,4208,1628,247,6010.2197
0,137,1,1,620,14,2,0.2197
0,138,1,2,3100,1232,247,3642.1397
0,139,3,2,3310,1022,194,3554.4177
0,140,3,2,3100,1232,247,3642.1397
0,141,3,1,614,20,2,0.35152
0,142,3,1,620,14,2,0.2197
0,143,3,2,3100,1232,247,3642.1397
0,144,1,1,620,14,2,0.2197
0,145,1,1,620,14,2,0.2197
0,146,3,0,4374,1462,293,6320.2027
0,147,3,2,3365,967,194,3360.1027
0,148,3,1,610,24,2,0.4394
0,149,3,0,4255,1581,293,6740.6297
0,150,3,0,4219,1617,295,6860.7517
0,151,3,0,4208,1628,247,6010.2197
0,152,1,2,3100,1232,245,3642.18364
0,153,3,1,620,14,2,0.2197
0,154,1,0,4374,1462,293,6320.2027
0,155,1,0,4374,1462,293,6320.2027
0,156,3,0,4109,1727,346,6602.2397
0,157,1,1,620,14,2,0.2197
0,158,1,1,620,14,2,0.2197
0,159,1,0,4316,1520,293,6525.1167
0,160,3,1,620,14,2,0.2197
0,161,3,1,620,14,2,0.2197
0,162,1,1,620,14,2,0.2197
0,163,3,2,3365,967,194,3360.1027
0,164,1,2,3280,1052,194,3660.4077
0,165,1,2,3102,1230,245,3642.1397
0,166,3,2,3100,1232,247,3642.1397
0,167,1,2,3102,1230,245,3642.1397
0,168,1,2,3102,1230,245,3642.1397
0,169,3,0,4109,1727,346,6602.2397
0,170,1,2,3055,1277,194,4455.3327
0,171,1,0,4299,1537,295,6578.1117
0,172,1,1,620,14,2,0.2197
0,173,3,1,620,14,2,0.2197
0,174,3,0,4374,1462,293,6320.2027
0,175,1,2,3365,967,194,3360.1027
0,176,3,1,620,14,2,0.2197
0,177,1,1,620,14,2,0.2197
0,178,1,0,4372,1464,295,6320.2027
0,179,1,0,4372,1464,295,6320.2027
0,180,3,2,3096,1236,245,3642.27152
0,181,1,0,4109,1727,346,6602.2397
0,182,1,2,3100,1232,247,3642.1397
0,183,1,1,620,14,2,0.2197
0,184,1,1,620,14,2,0.2197
0,185,1,1,620,14,2,0.2197
0,186,1,2,3365,967,194,3360.1027
0,187,1,0,4374,1462,293,6320.2027
0,188,3,1,620,14,2,0.2197
0,189,3,2,3257,1075,194,3741.6667
0,190,3,1,620,14,2,0.2197
0,191,1,1,620,14,2,0.2197
0,192,3,0,4372,1464,295,6320.2027
0,193,1,2,3365,967,194,3360.1027
0,194,3,2,3102,1230,245,3642.1397
0,195,3,1,620,14,2,0.2197
0,196,1,0,4109,1727,346,6602.2397
0,197,3,0,4295,1541,295,6592.2437
0,198,1,1,620,14,2,0.2197
0,199,3,2,3365,967,194,3360.1027
0,200,3,1,613,21,2,0.37349
0,201,3,2,3245,1087,194,3784.0627
0,202,3,1,620,14,2,0.2197
0,203,1,0,4316,1520,293,6525.1167
0,204,1,0,4206,1630,249,6010.2197
0,205,3,2,3102,1230,245,3642.1397
0,206,3,0,4374,1462,293,6320.2027
0,207,1,1,620,14,2,0.2197
0,208,1,1,620,14,2,0.2197
0,209,1,2,3365,967,194,3360.1027
0,210,1,0,4109,1727,346,6602.2397
0,211,1,2,3100,1232,247,3642.1397
0,212,3,2,3102,1230,245,3642.1397
0,213,1,1,620,14,2,0.2197
0,214,3,2,3365,967,194,3360.1027
0,215,1,1,620,14,2,0.2197
0,216,1,2,3365,967,194,3360.1027
0,217,1,1,620,14,2,0.2197
0,218,3,1,620,14,2,0.2197
0,219,3,2,3365,967,194,3360.1027
0,220,3,1,620,14,2,0.2197
0,221,3,0,4324,1512,293,6489.83064
0,222,3,0,4208,1628,247,6010.2197
0,223,1,0,4206,1630,249,6010.2197
0,224,3,1,620,14,2,0.2197
0,225,1,1,620,14,2,0.2197
0,226,3,1,620,14,2,0.2197
0,227,1,1,620,14,2,0.2197
0,228,3,2,3100,1232,247,3642.1397
0,229,1,1,620,14,2,0.2197
0,230,3,2,3355,977,194,3360.3224
0,231,1,1,620,14,2,0.2197
0,232,1,0,4374,1462,293,6320.2027
0,233,3,2,3100,1232,247,3642.1397
0,234,1,1,620,14,2,0.2197
0,235,1,0,4107,1729,348,6602.2397
0,236,3,2,3098,1234,249,3642.1397
0,237,3,2,3365,967,194,3360.1027
0,238,1,1,620,14,2,0.2197
0,239,1,0,4372,1464,293,6320.24664
0,240,3,2,3102,1230,245,3642.1397
0,241,1,2,3330,1002,194,3483.7577
0,242,1,0,4310,1526,293,6546.3147
0,243,1,2,3100,1232,247,3642.1397
0,244,1,1,620,14,2,0.2197
0,245,3,0,4109,1727,346,6602.2397
0,246,1,1,620,14,2,0.2197
0,247,3,1,620,14,2,0.2197
0,248,1,2,3365,967,194,3360.1027
0,249,3,2,3365,967,194,3360.1027
0,250,1,2,3100,1232,247,3642.1397
0,251,3,2,3365,967,194,3360.1027
0,252,1,0,4374,1462,293,6320.2027
0,253,1,1,620,14,2,0.2197
0,254,3,0,4300,1536,293,6581.6447
0,255,3,1,620,14,2,0.2197
0,256,1,0,4217,1619,293,6864.35061
0,257,3,1,620,14,2,0.2197
0,258,1,0,4208,1628,247,6010.2197
0,259,3,2,3102,1230,245,3642.1397
0,260,1,0,4208,1628,247,6010.2197
0,261,3,2,3100,1232,247,3642.1397
0,262,3,1,620,14,2,0.2197
0,263,1,2,3154,1178,194,4105.5657
0,264,3,0,4358,1478,295,6369.6647
0,265,3,2,3100,1232,247,3642.1397
0,266,1,0,4109,1727,346,6602.2397
0,267,3,0,4109,1727,346,6602.2397
0,268,1,1,620,14,2,0.2197
0,269,3,2,3248,1084,194,3773.4637
0,270,3,2,3099,1233,245,3642.20561
0,271,1,1,620,14,2,0.2197
0,272,3,2,3365,967,194,3360.1027
0,273,1,0,4374,1462,293,6320.2027
0,274,1,1,618,16,2,0.26364
0,275,3,2,3102,1230,245,3642.1397
0,276,3,0,4374,1462,293,6320.2027
0,277,3,2,3284,1048,194,3646.2757
0,278,3,0,4166,1670,295,7048.0007
0,279,3,0,4208,1628,247,6010.2197
0,280,1,2,3102,1230,245,3642.1397
0,281,1,2,3100,1232,247,3642.1397
0,282,1,0,4328,1508,295,6475.6547
0,283,1,1,620,14,2,0.2197
0,284,1,1,620,14,2,0.2197
0,285,3,0,4099,1737,346,6602.4594
0,286,3,1,620,14,2,0.2197
0,287,3,2,3337,995,194,3459.0267
0,288,1,2,3100,1232,247,3642.1397
0,289,1,0,4109,1727,346,6602.2397
0,290,3,2,3246,1086,196,3773.4637
0,291,3,2,3218,1114,194,3879.4537
0,292,3,1,620,14,2,0.2197
0,293,3,2,3293,1039,194,3593.41252
0,294,3,2,3228,1104,194,3844.1237
0,295,3,0,4208,1628,247,6010.2197
0,296,1,2,3099,1233,245,3642.20561
0,297,3,0,4168,1668,293,7048.0007
0,298,1,1,620,14,2,0.2197
0,299,1,0,4109,1727,346,6602.2397
0,300,3,1,620,14,2,0.2197
0,301,1,0,4229,1607,293,6832.4877
0,302,1,1,620,14,2,0.2197
0,303,3,1,620,14,2,0.2197
0,304,3,0,4165,1671,295,7051.5337
0,305,1,1,620,14,2,0.2197
0,306,3,1,620,14,2,0.2197
0,307,3,2,3102,1230,245,3642.1397
0,308,3,1,618,16,4,0.2197
0,309,1,1,620,14,2,0.2197
0,310,3,2,3365,967,194,3360.1027
0,311,3,2,3102,1230,245,3642.1397
0,312,3,1,620,14,2,0.2197
0,313,1,2,3365,967,194,3360.1027
0,314,1,0,4208,1628,247,6010.2197
0,315,1,2,3102,1230,245,3642.1397
0,316,3,1,620,14,2,0.2197
0,317,1,0,4266,1570,293,6701.7667
0,318,3,2,3102,1230,245,3642.1397
0,319,1,0,4210,1626,293,6899.6147
0,320,1,0,4109,1727,346,6602.2397
0,321,1,2,3100,1232,247,3642.1397
0,322,1,1,620,14,2,0.2197
0,323,3,1,620,14,2,0.2197
0,324,1,0,4374,1462,293,6320.2027
0,325,1,0,4109,1727,346,6602.2397
0,326,1,1,620,14,2,0.2197
0,327,1,2,3365,967,194,3360.1027
0,328,1,0,4374,1462,293,6320.2027
0,329,3,0,4208,1628,247,6010.2197
0,330,1,2,3090,1242,247,3642.3594
0,331,3,2,3100,1232,247,3642.1397
0,332,3,1,620,14,2,0.2197
0,333,3,1,620,14,2,0.2197
0,334,3,2,3269,1063,194,3699.2707
0,335,3,1,620,14,2,0.2197
0,336,1,2,3365,967,194,3360.1027
0,337,1,2,3102,1230,245,3642.1397
0,338,1,1,620,14,2,0.2197
0,339,3,0,4107,1729,348,6602.2397
0,340,3,2,3010,1322,245,3917.6797
0,341,3,0,4351,1485,295,6394.3957
0,342,3,0,4109,1727,346,6602.2397
0,343,3,2,3100,1232,247,3642.1397
0,344,1,2,3262,1070,194,3724.0017
0,345,1,0,4208,1628,247,6010.2197
0,346,3,0,4374,1462,293,6320.2027
0,347,3,0,4361,1475,293,6366.1317
0,348,1,1,620,14,2,0.2197
0,349,3,2,3295,1037,194,3607.4127
0,350,3,0,4374,1462,293,6320.2027
0,351,1,0,4206,1630,249,6010.2197
0,352,1,0,4206,1630,249,6010.2197
0,353,3,2,3102,1230,245,3642.1397
0,354,3,2,3100,1232,247,3642.1397
0,355,1,0,4374,1462,293,6320.2027
0,356,3,1,620,14,2,0.2197
0,357,3,0,4374,1462,293,6320.2027
0,358,3,0,4109,1727,346,6602.2397
0,359,3,2,3094,1238,247,3642.27152
0,360,3,2,3365,967,194,3360.1027
0,361,3,2,3365,967,194,3360.1027
0,362,1,2,3365,967,194,3360.1027
0,363,1,2,3094,1238,247,3642.27152
0,364,3,2,3234,1098,194,3822.9257
0,365,3,0,4374,1462,293,6320.2027
0,366,3,1,620,14,2,0.2197
0,367,3,2,3365,967,194,3360.1027
0,368,1,1,620,14,2,0.2197
0,369,1,1,620,14,2,0.2197
0,370,1,1,620,14,2,0.2197
0,371,3,0,4259,1577,293,6726.4977
0,372,1,0,4208,1628,247,6010.2197
0,373,3,1,614,20,2,0.35152
0,374,3,1,620,14,2,0.2197
0,375,1,0,3104,2732,297,6320.2027
0,376,1,0,3153,2683,297,6320.2027
0,377,3,2,1792,2540,249,3642.1397
0,378,1,2,1804,2528,249,3642.1397
0,379,3,0,3307,2529,350,6662.0397
0,380,1,1,620,14,2,0.2197
0,381,3,1,620,14,2,0.2197
0,382,1,0,3518,2318,350,7283.9597
0,383,1,2,2137,2195,249,3642.1397
0,384,3,0,3876,1960,297,7093.9717
0,385,1,2,2408,1924,196,3996.0427
0,386,3,0,4101,1735,346,6650.0797
0,387,1,1,-861,1495,4,0.2197
0,388,3,1,-860,1494,4,0.35152
0,389,1,2,2711,1621,249,4313.0197
0,390,3,0,3989,1847,346,7045.2197
0,391,1,1,-724,1358,4,0.2197
0,392,3,0,4076,1760,346,6742.8647
0,393,3,2,3034,1298,249,3752.9547
0,394,3,0,4118,1718,249,6273.7797
0,395,3,1,-434,1068,4,0.2197
0,396,1,2,3256,1076,194,3745.1997
0,397,2,0,4076,1760,293,6361.86006
0,398,1,0,3796,2040,350,6638.561
0,399,1,2,2580,1752,247,4447.36311
0,400,3,0,3851,1985,249,6472.89264
0,401,3,2,2744,1588,245,4289.20641
0,402,1,0,4333,1503,293,6465.0557
0,403,1,1,620,14,2,0.2197
0,404,3,2,3365,967,194,3360.1027
0,405,3,0,4208,1628,247,6010.2197
0,406,1,0,4206,1630,249,6010.2197
0,407,1,2,3100,1232,247,3642.1397
0,408,1,2,3167,1165,194,4059.6367
0,409,3,0,4208,1628,247,6010.2197
0,410,3,1,607,27,4,0.2197
0,411,1,1,601,33,4,0.4394
0,412,1,1,620,14,2,0.2197
0,413,3,0,4284,1552,295,6631.1067
0,414,1,2,3204,1128,194,3928.9157
0,415,1,2,3096,1236,245,3642.27152
0,416,3,2,3091,1241,247,3642.33743
0,417,1,2,3100,1232,247,3642.1397
0,418,3,2,3223,1109,194,3861.7887
0,419,1,1,620,14,2,0.2197
0,420,3,2,3100,1232,247,3642.1397
0,421,3,2,3256,1076,194,3745.1997
0,422,1,2,3102,1230,245,3642.1397
0,423,3,1,620,14,2,0.2197
0,424,3,0,4374,1462,293,6320.2027
0,425,1,1,620,14,2,0.2197
0,426,1,2,3365,967,194,3360.1027
0,427,1,2,3284,1048,194,3646.2757
0,428,3,2,3100,1232,245,3642.18364
0,429,1,1,620,14,2,0.2197
0,430,3,2,3100,1232,247,3642.1397
0,431,3,1,620,14,2,0.2197
0,432,3,1,620,14,2,0.2197
0,433,1,1,617,17,2,0.28561
0,434,1,1,620,14,2,0.2197
0,435,1,0,4308,1528,293,6553.3807
0,436,1,1,620,14,2,0.2197
0,437,3,1,620,14,2,0.2197
0,438,1,1,618,16,2,0.26364
0,439,3,1,620,14,2,0.2197
0,440,1,2,3365,967,194,3360.1027
0,441,1,2,3020,1312,247,3881.7397
0,442,1,2,3102,1230,245,3642.1397
0,443,1,0,4313,1523,295,6528.6497
0,444,3,2,3100,1232,247,3642.1397
0,445,1,0,4109,1727,346,6602.2397
0,446,3,1,620,14,2,0.2197
0,447,1,0,4374,1462,293,6320.2027
0,448,1,0,4372,1464,295,6320.2027
0,449,3,0,4208,1628,247,6010.2197
0,450,1,1,620,14,2,0.2197
0,451,3,2,3250,1082,194,3766.3977
0,452,3,1,620,14,2,0.2197
0,453,1,2,3334,998,194,3469.6257
0,454,1,1,620,14,2,0.2197
0,455,3,1,620,14,2,0.2197
0,456,1,2,3365,967,194,3360.1027
0,457,3,2,3365,967,194,3360.1027
0,458,1,1,620,14,2,0.2197
0,459,1,0,4206,1630,247,6010.26364
0,460,3,0,4194,1642,249,6010.48334
0,461,3,1,620,14,2,0.2197
0,462,3,2,3365,967,194,3360.1027
0,463,3,0,4372,1464,295,6320.2027
0,464,1,0,4109,1727,346,6602.2397
0,465,3,2,3100,1232,247,3642.1397
0,466,3,1,620,14,2,0.2197
0,467,1,2,3231,1101,194,3833.5247
0,468,1,0,4374,1462,293,6320.2027
0,469,3,2,3102,1230,245,3642.1397
0,470,3,0,4163,1673,293,7065.6657
0,471,3,1,620,14,2,0.2197
0,472,3,1,620,14,2,0.2197
0,473,3,0,4374,1462,293,6320.2027
0,474,3,2,3365,967,194,3360.1027
0,475,3,2,3102,1230,245,3642.1397
0,476,3,1,620,14,2,0.2197
0,477,3,2,3100,1232,247,3642.1397
0,478,3,2,3102,1230,245,3642.1397
0,479,1,0,4374,1462,293,6320.2027
0,480,1,2,3365,967,194,3360.1027
0,481,1,2,3102,1230,245,3642.1397
0,482,3,2,3100,1232,247,3642.1397
0,483,1,1,620,14,2,0.2197
0,484,3,0,4374,1462,293,6320.2027
0,485,3,1,620,14,2,0.2197
0,486,1,0,4374,1462,293,6320.2027
0,487,3,0,4109,1727,346,6602.2397
0,488,1,2,3100,1232,247,3642.1397
0,489,1,0,4346,1490,293,6419.1267
0,490,3,2,3365,967,194,3360.1027
0,491,3,1,620,14,2,0.2197
0,492,1,2,3100,1232,247,3642.1397
0,493,1,1,620,14,2,0.2197
0,494,1,1,620,14,2,0.2197
0,495,1,1,620,14,2,0.2197
0,496,1,2,3222,1110,194,3865.3217
0,497,3,2,3186,1146,194,3992.5097
0,498,3,0,4208,1628,247,6010.2197
0,499,3,2,3102,1230,245,3642.1397
0,500,3,0,4107,1729,348,6602.2397
0,501,3,2,3263,1069,194,3720.4687
0,502,1,1,620,14,2,0.2197
0,503,1,2,3268,1064,194,3702.8037
0,504,3,2,3100,1232,247,3642.1397
0,505,1,0,4109,1727,346,6602.2397
0,506,3,0,4163,1673,295,7058.5997
0,507,1,1,620,14,2,0.2197
0,508,3,1,620,14,2,0.2197
0,509,1,2,3365,967,194,3360.1027
0,510,3,2,3299,1033,194,3593.2807
0,511,3,2,3365,967,194,3360.1027
0,512,1,0,4374,1462,293,6320.2027
0,513,3,1,620,14,2,0.2197
0,514,3,2,2969,1363,245,4040.4747
0,515,1,0,4333,1503,295,6457.9897
0,516,1,2,3100,1232,247,3642.1397
0,517,3,2,3185,1147,194,3996.0427
0,518,1,1,620,14,2,0.2197
0,519,3,1,620,14,2,0.2197
0,520,3,1,620,14,2,0.2197
0,521,1,0,4109,1727,346,6602.2397
0,522,3,1,620,14,2,0.2197
0,523,3,2,3365,967,194,3360.1027
0,524,1,0,4355,1481,295,6373.24164
0,525,1,1,620,14,2,0.2197
0,526,1,0,4208,1628,247,6010.2197
0,527,3,1,620,14,2,0.2197
0,528,3,1,618,16,4,0.2197
0,529,1,1,620,14,2,0.2197
0,530,1,1,620,14,2,0.2197
0,531,3,0,4374,1462,293,6320.2027
0,532,1,1,610,24,2,0.4394
0,533,3,2,3365,967,194,3360.1027
0,534,1,2,3102,1230,245,3642.1397
0,535,3,2,3100,1232,247,3642.1397
0,536,3,2,3341,991,194,3444.8947
0,537,1,1,620,14,2,0.2197
0,538,1,0,4208,1628,247,6010.2197
0,539,1,0,4107,1729,348,6602.2397
0,540,3,0,4107,1729,348,6602.2397
0,541,1,1,620,14,2,0.2197
0,542,1,2,3365,967,194,3360.1027
0,543,1,0,4374,1462,293,6320.2027
0,544,1,0,4208,1628,247,6010.2197
0,545,1,2,3365,967,194,3360.1027
0,546,1,1,620,14,2,0.2197
0,547,1,0,4107,1729,348,6602.2397
0,548,1,2,3250,1082,194,3766.3977
0,549,1,2,3102,1230,245,3642.1397
0,550,3,2,3100,1232,247,3642.1397
0,551,3,1,620,14,2,0.2197
0,552,1,0,4312,1524,293,6539.2487
0,553,1,2,3299,1033,194,3593.2807
0,554,1,2,3100,1232,247,3642.1397
0,555,3,0,4265,1571,293,6705.2997
0,556,3,0,4206,1630,249,6010.2197
0,557,1,1,620,14,2,0.2197
0,558,1,1,620,14,2,0.2197
0,559,3,2,3100,1232,247,3642.1397
0,560,1,2,3365,967,194,3360.1027
0,561,3,1,620,14,2,0.2197
0,562,1,0,4257,1579,293,6733.5637
0,563,1,2,3100,1232,247,3642.1397
0,564,3,1,620,14,2,0.2197
0,565,1,1,620,14,2,0.2197
0,566,1,1,620,14,2,0.2197
0,567,3,0,4374,1462,293,6320.2027
0,568,3,1,620,14,2,0.2197
0,569,1,2,3365,967,194,3360.1027
0,570,1,1,620,14,2,0.2197
0,571,3,1,620,14,2,0.2197
0,572,3,1,620,14,2,0.2197
0,573,1,1,620,14,2,0.2197
0,574,3,0,4374,1462,293,6320.2027
0,575,1,2,3365,967,194,3360.1027
0,576,1,2,3102,1230,245,3642.1397
0,577,1,2,3100,1232,247,3642.1397
0,578,1,2,3100,1232,247,3642.1397
0,579,3,2,3100,1232,247,3642.1397
0,580,3,2,3100,1232,247,3642.1397
0,581,1,1,620,14,2,0.2197
0,582,1,1,620,14,2,0.2197
0,583,1,2,3365,967,194,3360.1027
0,584,1,2,3365,967,194,3360.1027
0,585,3,1,620,14,2,0.2197
0,586,3,1,620,14,2,0.2197
0,587,3,0,4374,1462,293,6320.2027
0,588,3,1,620,14,2,0.2197
0,589,3,0,4365,1471,295,6320.35649
0,590,3,1,620,14,2,0.2197
0,591,3,2,3364,968,194,3363.6357
0,592,3,2,3092,1240,245,3642.3594
0,593,3,1,620,14,2,0.2197
0,594,3,1,614,20,2,0.35152
0,595,1,1,620,14,2,0.2197
0,596,1,2,3365,967,194,3360.1027
0,597,1,0,4374,1462,293,6320.2027
0,598,1,2,3102,1230,245,3642.1397
0,599,1,0,4206,1630,249,6010.2197
0,600,3,1,620,14,2,0.2197
0,601,1,0,4281,1555,293,6648.7717
0,602,1,0,4372,1464,295,6320.2027
0,603,1,2,3102,1230,245,3642.1397
0,604,1,2,3100,1232,247,3642.1397
0,605,1,1,620,14,2,0.2197
0,606,1,1,620,14,2,0.2197
0,607,1,1,620,14,2,0.2197
0,608,1,2,3365,967,194,3360.1027
0,609,1,2,3362,970,194,3360.16861
0,610,1,0,4208,1628,247,6010.2197
0,611,3,1,620,14,2,0.2197
0,612,1,0,4206,1630,249,6010.2197
0,613,1,2,3100,1232,247,3642.1397
0,614,1,2,3100,1232,247,3642.1397
0,615,3,2,3100,1232,247,3642.1397
0,616,1,2,3178,1154,194,4020.7737
0,617,1,2,3312,1020,194,3547.3517
0,618,3,2,3100,1232,247,3642.1397
0,619,1,0,4109,1727,346,6602.2397
0,620,3,1,620,14,2,0.2197
0,621,1,2,3365,967,194,3360.1027
0,622,1,0,4374,1462,293,6320.2027
0,623,1,0,4208,1628,247,6010.2197
0,624,3,0,4206,1630,249,6010.2197
0,625,1,0,4257,1579,295,6726.4977
0,626,1,2,3100,1232,247,3642.1397
0,627,3,2,3349,983,194,3416.6307
0,628,3,2,3100,1232,247,3642.1397
0,629,3,1,620,14,2,0.2197
0,630,1,1,620,14,2,0.2197
0,631,1,1,620,14,2,0.2197
0,632,3,0,4374,1462,293,6320.2027
0,633,3,0,4374,1462,293,6320.2027
0,634,3,0,4170,1666,295,7033.8687
0,635,1,2,3100,1232,247,3642.1397
0,636,3,0,4109,1727,346,6602.2397
0,637,3,1,620,14,2,0.2197
0,638,3,2,3102,1230,245,3642.1397
0,639,3,1,620,14,2,0.2197
0,640,1,1,620,14,2,0.2197
0,641,1,1,620,14,2,0.2197
0,642,1,2,3365,967,194,3360.1027
0,643,1,0,4374,1462,293,6320.2027
0,644,1,0,4208,1628,247,6010.2197
0,645,3,0,4109,1727,346,6602.2397
0,646,3,0,4109,1727,346,6602.2397
0,647,1,1,620,14,2,0.2197
0,648,1,1,620,14,2,0.2197
0,649,1,2,3365,967,194,3360.1027
0,650,1,0,4374,1462,293,6320.2027
0,651,1,1,620,14,2,0.2197
0,652,1,0,4208,1628,247,6010.2197
0,653,3,0,4208,1628,247,6010.2197
0,654,1,2,3102,1230,245,3642.1397
0,655,1,1,620,14,2,0.2197
0,656,3,0,4374,1462,293,6320.2027
0,657,1,0,4312,1524,293,6539.2487
0,658,3,2,3090,1242,247,3642.3594
0,659,1,2,3100,1232,247,3642.1397
0,660,3,0,4109,1727,346,6602.2397
0,661,3,2,3100,1232,247,3642.1397
0,662,3,0,4263,1573,293,6712.3657
0,663,3,0,4248,1588,295,6758.2947
0,664,1,1,620,14,2,0.2197
0,665,3,1,620,14,2,0.2197
0,666,1,2,3365,967,194,3360.1027
0,667,3,2,3365,967,194,3360.1027
0,668,3,2,3102,1230,245,3642.1397
0,669,1,2,3102,1230,245,3642.1397
0,670,3,1,620,14,2,0.2197
0,671,3,1,620,14,2,0.2197
0,672,1,0,3861,1975,350,6602.2397
0,673,3,1,620,14,2,0.2197
0,674,3,2,3185,1147,194,3996.0427
0,675,1,2,3326,1006,194,3497.8897
0,676,3,2,3076,1256,249,3642.1397
0,677,1,0,3577,2259,350,6602.2397
0,678,1,0,3756,2080,350,8384.2797
0,679,3,1,620,14,2,0.2197
0,680,3,0,4070,1766,297,7679.2007
0,681,3,2,2598,1734,249,3642.1397
0,682,3,0,3879,1957,348,7965.6797
0,683,3,0,4316,1520,297,6579.7757
0,684,3,0,4084,1752,348,6739.7797
0,685,3,2,2859,1473,249,3642.1397
0,686,1,2,2913,1419,249,3929.6597
0,687,3,1,303,331,4,0.2197
0,688,1,1,510,124,4,0.2197
0,689,3,0,4206,1630,249,6010.2197
0,690,3,2,3009,1323,194,4617.8507
0,691,3,2,3076,1256,245,3720.0097
0,692,1,2,3042,1290,194,4501.2617
0,693,3,2,3038,1294,247,3827.8297
0,694,3,2,3095,1237,247,3657.1147
0,695,3,0,4252,1584,293,6751.2287
0,696,1,1,618,16,4,0.2197
0,697,3,2,3365,967,194,3360.1027
0,698,1,2,3365,967,194,3360.1027
0,699,3,2,3102,1230,245,3642.1397
0,700,1,2,3100,1232,247,3642.1397
0,701,3,0,4109,1727,346,6602.2397
0,702,1,1,620,14,2,0.2197
0,703,3,0,4208,1628,247,6010.2197
0,704,1,1,620,14,2,0.2197
0,705,3,1,620,14,2,0.2197
0,706,1,1,620,14,2,0.2197
0,707,3,1,620,14,2,0.2197
0,708,1,0,4374,1462,293,6320.2027
0,709,3,2,3365,967,194,3360.1027
0,710,1,0,4210,1626,293,6899.6147
0,711,3,0,4208,1628,247,6010.2197
0,712,3,2,3365,967,194,3360.1027
0,713,3,0,4208,1628,247,6010.2197
0,714,1,0,4109,1727,346,6602.2397
0,715,3,2,3234,1098,194,3822.9257
0,716,1,2,3100,1232,247,3642.1397
0,717,3,0,4324,1512,293,6496.8527
0,718,3,0,4107,1729,348,6602.2397
0,719,3,2,3203,1129,194,3932.4487
0,720,3,1,620,14,2,0.2197
0,721,1,2,3249,1083,194,3769.9307
0,722,3,2,3100,1232,247,3642.1397
0,723,1,2,3100,1232,247,3642.1397
0,724,1,0,4109,1727,346,6602.2397
0,725,3,2,3365,967,194,3360.1027
0,726,3,2,3283,1049,194,3649.8087
0,727,1,1,620,14,2,0.2197
0,728,1,0,4179,1657,293,6998.60461
0,729,3,1,620,14,2,0.2197
0,730,1,0,4374,1462,293,6320.2027
0,731,3,2,3310,1022,194,3554.4177
0,732,1,1,620,14,2,0.2197
0,733,1,0,4187,1649,293,6980.8737
0,734,3,0,4208,1628,247,6010.2197
0,735,1,1,619,15,2,0.24167
0,736,1,0,4263,1573,295,6705.2997
0,737,3,0,4109,1727,346,6602.2397
0,738,3,0,4186,1650,293,6984.4067
0,739,1,1,620,14,2,0.2197
0,740,3,1,620,14,2,0.2197
0,741,1,2,3365,967,194,3360.1027
0,742,1,1,620,14,2,0.2197
0,743,3,1,620,14,2,0.2197
0,744,1,2,3365,967,194,3360.1027
0,745,3,0,4208,1628,247,6010.2197
0,746,1,2,2990,1342,247,3971.5897
0,747,1,2,3102,1230,245,3642.1397
0,748,1,0,4288,1548,295,6616.9747
0,749,3,1,620,14,2,0.2197
0,750,3,0,4208,1628,247,6010.2197
0,751,1,0,4275,1561,293,6669.9697
0,752,3,0,4107,1729,348,6602.2397
0,753,1,1,620,14,2,0.2197
0,754,1,1,620,14,2,0.2197
0,755,3,2,3365,967,194,3360.1027
0,756,1,0,4109,1727,346,6602.2397
0,757,1,0,4107,1729,348,6602.2397
0,758,1,1,620,14,2,0.2197
0,759,3,1,620,14,2,0.2197
0,760,3,0,4373,1463,293,6326.1827
0,761,3,0,4156,1680,293,7065.81949
0,762,3,2,3100,1232,247,3642.1397
0,763,1,0,4109,1727,346,6602.2397
0,764,1,1,620,14,2,0.2197
0,765,1,1,620,14,2,0.2197
0,766,3,0,4109,1727,346,6602.2397
0,767,1,2,3333,999,194,3473.1587
0,768,3,0,4161,1675,295,7065.6657
0,769,1,2,3102,1230,245,3642.1397
0,770,1,0,4109,1727,346,6602.2397
0,771,3,0,4107,1729,348,6602.2397
0,772,1,0,4107,1729,348,6602.2397
0,773,3,2,3160,1172,194,4080.8347
0,774,1,1,620,14,2,0.2197
0,775,1,1,620,14,2,0.2197
0,776,1,2,3102,1230,245,3642.1397
0,777,3,0,4374,1462,293,6320.2027
0,778,3,1,620,14,2,0.2197
0,779,3,0,4272,1564,293,6680.5687
0,780,1,1,620,14,2,0.2197
0,781,3,0,4109,1727,346,6602.2397
0,782,3,0,4245,1591,295,6768.8937
0,783,1,0,4208,1628,247,6010.2197
0,784,3,1,620,14,2,0.2197
0,785,1,2,3365,967,194,3360.1027
0,786,3,1,620,14,2,0.2197
0,787,1,1,620,14,2,0.2197
0,788,3,2,3365,967,194,3360.1027
0,789,3,2,3365,967,194,3360.1027
0,790,1,2,3102,1230,245,3642.1397
0,791,1,1,620,14,2,0.2197
0,792,3,2,3365,967,194,3360.1027
0,793,3,1,620,14,2,0.2197
0,794,1,1,620,14,2,0.2197
0,795,3,0,4364,1472,293,6320.4224
0,796,3,1,620,14,2,0.2197
0,797,1,1,620,14,2,0.2197
0,798,1,1,620,14,2,0.2197
0,799,3,0,4372,1464,295,6320.2027
0,800,1,1,620,14,2,0.2197
0,801,1,1,614,20,2,0.35152
0,802,3,2,3365,967,194,3360.1027
0,803,1,2,3095,1237,245,3642.29349
0,804,1,0,4208,1628,247,6010.2197
0,805,1,1,620,14,2,0.2197
0,806,1,2,3102,1230,245,3642.1397
0,807,1,2,3205,1127,194,3925.3827
0,808,1,2,3100,1232,247,3642.1397
0,809,1,1,620,14,2,0.2197
0,810,1,1,613,21,2,0.37349
0,811,3,0,4270,1566,293,6687.6347
0,812,3,1,620,14,2,0.2197
0,813,3,1,620,14,2,0.2197
0,814,1,0,4109,1727,346,6602.2397
0,815,1,2,3098,1234,247,3642.18364
0,816,3,1,620,14,2,0.2197
0,817,1,2,3102,1230,245,3642.1397
0,818,1,0,4374,1462,293,6320.2027
0,819,1,2,3363,969,194,3367.1687
0,820,1,0,4335,1501,293,6457.9897
0,821,3,1,620,14,2,0.2197
0,822,1,0,4372,1464,295,6320.2027
0,823,3,2,3102,1230,245,3642.1397
0,824,3,2,3100,1232,247,3642.1397
0,825,3,0,4109,1727,346,6602.2397
0,826,3,1,618,16,2,0.26364
0,827,1,1,620,14,2,0.2197
0,828,1,0,4208,1628,247,6010.2197
0,829,3,1,620,14,2,0.2197
0,830,1,1,620,14,2,0.2197
0,831,1,2,3291,1041,194,3621.5447
0,832,3,1,620,14,2,0.2197
0,833,3,2,3193,1139,194,3967.7787
0,834,3,2,3100,1232,247,3642.1397
0,835,1,1,620,14,2,0.2197
0,836,3,2,3102,1230,245,3642.1397
0,837,1,0,4374,1462,293,6320.2027
0,838,3,1,620,14,2,0.2197
0,839,3,0,4374,1462,293,6320.2027
0,840,3,1,618,16,2,0.26364
0,841,1,1,620,14,2,0.2197
0,842,1,2,3102,1230,245,3642.1397
0,843,3,0,4208,1628,247,6010.2197
0,844,3,0,4206,1630,249,6010.2197
0,845,3,2,3365,967,194,3360.1027
0,846,1,2,3365,967,194,3360.1027
0,847,3,0,4208,1628,247,6010.2197
0,848,1,2,3102,1230,245,3642.1397
0,849,3,2,3100,1232,247,3642.1397
0,850,3,0,4208,1628,247,6010.2197
0,851,1,2,3365,967,194,3360.1027
0,852,1,2,3348,984,194,3420.1637
0,853,3,0,4208,1628,247,6010.2197
0,854,3,0,4206,1630,249,6010.2197
0,855,3,0,4208,1628,247,6010.2197
0,856,3,0,4219,1617,295,6860.7517
0,857,3,0,4372,1464,295,6320.2027
0,858,1,0,4208,1628,247,6010.2197
0,859,1,2,3100,1232,247,3642.1397
0,860,1,1,620,14,2,0.2197
0,861,1,1,620,14,2,0.2197
0,862,3,0,4374,1462,293,6320.2027
0,863,1,0,4366,1470,295,6320.33452
0,864,3,0,4208,1628,247,6010.2197
0,865,1,1,620,14,2,0.2197
0,866,1,0,4208,1628,247,6010.2197
0,867,3,1,620,14,2,0.2197
0,868,1,2,3102,1230,245,3642.1397
0,869,1,1,620,14,2,0.2197
0,870,3,0,4374,1462,293,6320.2027
0,871,1,2,3355,977,194,3360.3224
0,872,1,2,3100,1232,247,3642.1397
0,873,1,2,3100,1232,247,3642.1397
0,874,3,2,3100,1232,247,3642.1397
0,875,1,0,4208,1628,247,6010.2197
0,876,1,1,620,14,2,0.2197
0,877,1,0,4372,1464,295,6320.2027
0,878,1,2,3365,967,194,3360.1027
0,879,1,2,3102,1230,245,3642.1397
0,880,1,1,620,14,2,0.2197
0,881,1,1,620,14,2,0.2197
0,882,1,2,3102,1230,245,3642.1397
0,883,3,1,620,14,2,0.2197
0,884,3,2,3215,1117,194,3890.0527
0,885,3,1,620,14,2,0.2197
0,886,3,1,620,14,2,0.2197
0,887,1,2,3295,1037,194,3607.4127
0,888,1,2,3102,1230,245,3642.1397
0,889,1,1,620,14,2,0.2197
0,890,3,2,3102,1230,245,3642.1397
0,891,3,1,620,14,2,0.2197
0,892,3,2,3365,967,194,3360.1027
0,893,3,1,620,14,2,0.2197
0,894,1,1,620,14,2,0.2197
0,895,3,2,3365,967,194,3360.1027
0,896,3,1,620,14,2,0.2197
0,897,1,0,4323,1513,293,6500.3857
0,898,3,2,3102,1230,245,3642.1397
0,899,3,0,4208,1628,247,6010.2197
0,900,3,0,4324,1512,293,6496.8527
0,901,1,1,620,14,2,0.2197
0,902,3,1,610,24,2,0.4394
0,903,3,1,620,14,2,0.2197
0,904,1,2,3100,1232,247,3642.1397
0,905,1,0,4374,1462,293,6320.2027
0,906,1,0,4311,1525,293,6542.7817
0,907,1,2,3100,1232,247,3642.1397
0,908,1,0,4109,1727,346,6602.2397
0,909,3,2,3193,1139,194,3967.7787
0,910,3,0,4318,1518,293,6518.0507
0,911,1,2,3102,1230,245,3642.1397
0,912,3,0,4281,1555,293,6648.7717
0,913,1,2,3102,1230,245,3642.1397
0,914,3,1,620,14,2,0.2197
0,915,1,2,3365,967,194,3360.1027
0,916,3,1,620,14,2,0.2197
0,917,3,2,3324,1008,194,3504.9557
0,918,1,0,4109,1727,346,6602.2397
0,919,1,1,620,14,2,0.2197
0,920,1,0,4208,1628,247,6010.2197
0,921,3,0,4107,1729,348,6602.2397
0,922,3,1,620,14,2,0.2197
0,923,3,2,3365,967,194,3360.1027
0,924,1,1,620,14,2,0.2197
0,925,1,0,4374,1462,293,6320.2027
0,926,3,0,4208,1628,247,6010.2197
0,927,3,2,2898,1434,247,4247.1297
0,928,3,0,4287,1549,295,6620.5077
0,929,1,1,620,14,2,0.2197
0,930,1,0,4329,1507,295,6472.1217
0,931,3,1,620,14,2,0.2197
0,932,1,1,620,14,2,0.2197
0,933,3,2,3090,1242,247,3642.3594
0,934,3,1,620,14,2,0.2197
0,935,3,1,620,14,2,0.2197
0,936,1,2,3365,967,194,3360.1027
0,937,3,1,620,14,2,0.2197
0,938,1,2,3365,967,194,3360.1027
0,939,1,2,3102,1230,245,3642.1397
0,940,3,2,3100,1232,247,3642.1397
0,941,1,0,4278,1558,293,6659.3707
0,942,3,0,4067,1769,297,6899.6147
0,943,1,0,4032,1804,251,6010.2197
0,944,3,2,3088,1244,249,3642.1397
0,945,1,2,3069,1263,249,3699.0447
0,946,1,0,4274,1562,295,6708.0357
0,947,1,1,620,14,2,0.2197
0,948,3,2,3365,967,194,3360.1027
0,949,1,0,4109,1727,346,6602.2397
0,950,1,2,3100,1232,247,3642.1397
0,951,1,2,3102,1230,245,3642.1397
0,952,1,0,4109,1727,346,6602.2397
0,953,3,2,3062,1270,194,4420.06861
0,954,3,0,4177,1659,249,6094.10167
0,955,3,2,3100,1232,247,3642.1397
0,956,3,2,3364,968,194,3360.1027
0,957,3,2,3164,1168,194,4070.2357
0,958,3,2,3096,1236,245,3642.27152
0,959,3,2,3102,1230,245,3642.1397
0,960,1,2,3100,1232,247,3642.1397
0,961,3,2,3057,1275,245,3776.9147
0,962,1,0,4342,1494,293,6433.2587
0,963,3,2,3100,1232,247,3642.1397
0,964,1,0,4109,1727,346,6602.2397
0,965,3,1,620,14,2,0.2197
0,966,3,1,620,14,2,0.2197
0,967,1,2,3365,967,194,3360.1027
0,968,1,1,620,14,2,0.2197
0,969,1,0,4374,1462,293,6320.2027
0,970,3,1,620,14,2,0.2197
0,971,1,0,4374,1462,293,6320.2027
0,972,1,0,4299,1537,295,6578.1117
0,973,3,2,3102,1230,245,3642.1397
0,974,3,2,3100,1232,247,3642.1397
0,975,3,0,4104,1732,348,6602.30561
0,976,1,1,620,14,2,0.2197
0,977,3,1,620,14,2,0.2197
0,978,1,2,3365,967,194,3360.1027
0,979,1,2,3365,967,194,3360.1027
0,980,1,0,4208,1628,247,6010.2197
0,981,3,0,4206,1630,249,6010.2197
0,982,3,1,620,14,2,0.2197
0,983,1,1,620,14,2,0.2197
0,984,1,1,620,14,2,0.2197
0,985,3,0,4374,1462,293,6320.2027
0,986,1,1,620,14,2,0.2197
0,987,3,2,3355,977,194,3360.3224
0,988,3,2,3086,1246,245,3642.49122
0,989,1,0,4208,1628,247,6010.2197
0,990,1,1,620,14,2,0.2197
0,991,3,2,3314,1018,194,3540.2857
0,992,1,2,3365,967,194,3360.1027
0,993,1,1,620,14,2,0.2197
0,994,1,0,4109,1727,346,6602.2397
0,995,3,0,4271,1565,295,6677.0357
0,996,1,1,620,14,2,0.2197
0,997,3,1,618,16,2,0.26364
0,998,1,2,3365,967,194,3360.1027
0,999,3,2,3172,1160,194,4041.9717
