2020-04-16 19:52:30

CONFIGURATION:
{u'simulation': {u'stdev_factor': 0.01, u'power_mgmt_enabled': False, u'tasks': {u'loc': {u'mean_service_time': {u'gpu': 90, u'cpu_core': 200, u'loc_accel': 10}, u'priority': 1, u'deadline': 1000, u'stdev_service_time': {u'gpu': 0.9, u'cpu_core': 2.0, u'loc_accel': 0.1}, u'power': {u'gpu': 4.457, u'cpu_core': 6.133, u'loc_accel': 0.02197}}, u'detect': {u'mean_service_time': {u'gpu': 0.4607, u'cpu_core': 3.654, u'det_accel': 0.278}, u'priority': 2, u'deadline': 1000, u'stdev_service_time': {u'gpu': 0.004607, u'cpu_core': 0.03654, u'det_accel': 0.0027800000000000004}, u'power': {u'gpu': 90, u'cpu_core': 200, u'det_accel': 10}}, u'Frontier': {u'mean_service_time': {u'cpu_core': 396}, u'priority': 9, u'deadline': 1000, u'stdev_service_time': {u'cpu_core': 3.96}, u'power': {u'cpu_core': 5.98}}, u'track': {u'mean_service_time': {u'gpu': 17, u'tra_accel': 2, u'cpu_core': 1820}, u'priority': 3, u'deadline': 1000, u'stdev_service_time': {u'gpu': 0.17, u'tra_accel': 0.02, u'cpu_core': 18.2}, u'power': {u'gpu': 12.79, u'tra_accel': 0.59, u'cpu_core': 5.6}}, u'sp': {u'mean_service_time': {u'gpu': 379, u'cpu_core': 1004}, u'priority': 11, u'deadline': 1000, u'stdev_service_time': {u'gpu': 3.79, u'cpu_core': 10.040000000000001}, u'power': {u'gpu': 3.302, u'cpu_core': 1004}}, u'mission': {u'mean_service_time': {u'cpu_core': 0.0022}, u'priority': 5, u'deadline': 1000, u'stdev_service_time': {u'cpu_core': 2.2000000000000003e-05}, u'power': {u'cpu_core': 3.534}}, u'motion': {u'mean_service_time': {u'cpu_core': 8}, u'priority': 6, u'deadline': 1000, u'stdev_service_time': {u'cpu_core': 0.08}, u'power': {u'cpu_core': 4.222}}, u'collision': {u'mean_service_time': {u'cpu_core': 8}, u'priority': 7, u'deadline': 1000, u'stdev_service_time': {u'cpu_core': 0.08}, u'power': {u'cpu_core': 0}}, u'fusion': {u'mean_service_time': {u'cpu_core': 1}, u'priority': 4, u'deadline': 1000, u'stdev_service_time': {u'cpu_core': 0.01}, u'power': {u'cpu_core': 0}}, u'map': {u'mean_service_time': {u'gpu': 761, u'cpu_core': 973}, u'priority': 10, u'deadline': 1000, u'stdev_service_time': {u'gpu': 7.61, u'cpu_core': 9.73}, u'power': {u'gpu': 3.533, u'cpu_core': 2.995}}, u'path': {u'mean_service_time': {u'cpu_core': 8}, u'priority': 8, u'deadline': 1000, u'stdev_service_time': {u'cpu_core': 0.08}, u'power': {u'cpu_core': 0}}}, u'sched_policy_module': u'policies.ms2_update2', u'drop': True, u'servers': {u'gpu': {u'count': 2}, u'tra_accel': {u'count': 1}, u'cpu_core': {u'count': 8}, u'loc_accel': {u'count': 1}, u'det_accel': {u'count': 1}}, u'max_tasks_simulated': 10000, u'max_queue_size': 1000000, u'mean_arrival_time': 50, u'arrival_time_scale': 3.1}, u'general': {u'random_seed': 0, u'pre_gen_arrivals': False, u'basename': u'policy:ms2_update2__stdev_factor:0.01', u'output_trace_file': None, u'working_dir': u'/home/hiwot/meta-stomp2/sim_16042020_194257_new_arrival_50_map_rheftmapping_50_trace_10', u'input_trace_file': (False, '../mv_mapping_50_trace_10.trc'), u'logging_level': u'INFO'}}
Time	Response time (avg)
1707	495.0
1797	495.0
2658	495.0
3511	495.0
4247	495.0
5171	478.5
5585	480.9
7159	482.6
7487	484.0
7623	475.2
8008	468.0
8166	462.0
8438	464.5
9061	466.7
9389	468.6
9588	470.2
10340	471.7
10473	473.0
10735	474.2
10766	475.2
11436	471.4
12915	468.0
13160	464.9
13325	466.1
13820	467.8
13838	469.7
14024	470.6
14327	471.5
14772	468.9
15155	469.7
15387	470.5
16216	468.2
16808	469.0
17082	469.8
17117	470.5
17735	471.2
17776	469.2
18058	469.8
18068	470.5
18854	471.1
19259	471.7
19668	472.2
21062	470.5
21180	471.0
21905	471.6
23841	472.1
23851	472.6
24128	471.0
24795	471.4
24895	471.9
25746	472.4
26011	472.8
26611	471.4
29177	471.8
29569	472.2
30413	472.6
31364	473.0
31608	471.7
32629	472.1
32955	472.5
35342	472.8
35771	471.6
36103	470.4
36293	470.8
37360	471.2
37788	471.5
38311	471.9
38750	472.2
38760	472.5
38792	472.9
39400	473.2
40869	473.5
40934	473.8
41140	472.7
42332	473.0
42617	473.3
43907	473.6
44346	472.6
44467	472.9
45798	473.1
46401	472.2
46492	472.5
46990	472.7
47443	473.0
47700	473.3
48153	472.4
48394	472.6
48804	472.9
49315	473.1
49389	473.4
50099	472.5
50168	471.7
50738	471.9
50811	472.2
51067	471.4
51373	471.6
51762	471.9
52179	472.1
52216	472.3
52713	472.6
52834	471.8
53075	472.0
53664	472.3
53845	471.5
54532	471.8
55314	471.0
55503	470.3
56517	470.6
56932	469.9
57414	470.1
58190	469.4
58482	468.8
58911	469.0
59207	468.4
59470	468.6
60735	468.0
60969	468.2
61421	467.6
61509	467.8
62143	468.1
62158	468.3
62578	468.5
63126	467.9
63761	468.1
65156	467.6
65184	467.0
65353	467.2
65841	467.4
65864	467.6
66198	467.8
66552	468.1
67937	467.5
68445	467.0
70424	467.2
71760	466.7
72850	466.1
73238	465.6
73521	465.8
73713	466.0
73994	465.5
74022	465.0
74078	464.6
74174	464.1
74472	464.3
74617	463.8
74687	464.0
75336	464.3
75442	464.5
76849	464.7
76892	464.9
77835	464.4
78714	464.6
79025	464.2
80343	464.4
80841	464.6
81567	464.8
81792	464.9
82197	464.5
82395	464.1
82423	463.7
82564	463.9
83694	464.0
85470	464.2
85478	464.4
86013	464.6
86214	464.8
86861	465.0
87522	465.1
87640	465.3
87746	465.5
87812	465.7
88947	465.8
90865	466.0
91236	465.6
92941	465.8
93134	465.9
93212	466.1
94085	466.3
94163	466.4
94531	466.7
94752	466.9
94863	467.0
95060	467.2
95425	467.3
95437	467.5
96101	467.6
96962	467.8
97052	467.9
97139	467.6
97219	467.2
97852	467.3
98424	467.5
99092	467.6
99102	467.7
99237	467.4
99832	467.5
99957	467.2
100366	467.3
100787	466.9
101268	467.1
101364	467.2
102355	467.4
102877	467.0
102936	467.1
103602	467.3
104110	467.4
104838	467.5
104917	467.2
105789	467.3
106510	467.5
106560	467.1
107111	467.3
107861	467.4
108331	467.5
109099	467.2
109535	467.3
109554	467.0
109688	467.1
110639	467.2
111806	467.4
113031	467.5
114691	467.2
115088	467.3
115808	467.4
117079	467.5
117692	467.2
118842	467.3
118913	467.5
118981	467.6
119384	467.7
120632	467.8
121077	467.9
121084	468.1
121471	467.8
121771	467.9
122035	468.0
122522	467.7
122546	467.8
122986	467.9
123412	468.0
123672	468.1
123937	468.2
124636	468.4
125967	468.5
126251	468.2
126918	468.3
127512	468.4
127641	468.5
127779	468.2
128359	468.3
128794	468.4
129439	468.5
129745	468.6
129856	468.3
130144	468.1
131071	467.8
131325	467.9
131341	468.0
132765	468.1
133418	467.8
134077	467.9
134411	468.0
135011	468.1
135684	468.2
135867	468.0
136395	468.1
137346	468.2
137550	467.9
138733	468.0
139539	468.1
139712	468.2
139984	467.9
139994	467.7
140300	467.8
140579	467.5
142371	467.2
142427	467.3
142565	467.4
142926	467.5
143325	467.6
144344	467.7
144950	467.5
144981	467.6
144997	467.3
145295	467.4
145416	467.5
147728	467.3
147869	467.4
148910	467.5
149095	467.2
149637	467.0
149956	467.1
150009	467.2
150555	467.3
150812	467.3
150998	467.1
151451	466.9
151655	467.0
151763	467.1
152629	466.8
152714	466.9
153557	467.0
153855	467.1
154806	467.2
154898	467.0
155251	466.7
155384	466.8
155394	466.6
155482	466.7
155757	466.8
156386	466.9
157106	467.0
157272	467.0
159952	467.1
160634	467.2
163252	467.3
164341	467.1
164537	467.2
165489	467.3
165957	467.3
167391	467.4
167837	467.2
168826	467.3
