2020-04-16 19:52:30

CONFIGURATION:
{u'simulation': {u'stdev_factor': 0.01, u'power_mgmt_enabled': False, u'tasks': {u'loc': {u'mean_service_time': {u'gpu': 90, u'cpu_core': 200, u'loc_accel': 10}, u'priority': 1, u'deadline': 1000, u'stdev_service_time': {u'gpu': 0.9, u'cpu_core': 2.0, u'loc_accel': 0.1}, u'power': {u'gpu': 4.457, u'cpu_core': 6.133, u'loc_accel': 0.02197}}, u'detect': {u'mean_service_time': {u'gpu': 0.4607, u'cpu_core': 3.654, u'det_accel': 0.278}, u'priority': 2, u'deadline': 1000, u'stdev_service_time': {u'gpu': 0.004607, u'cpu_core': 0.03654, u'det_accel': 0.0027800000000000004}, u'power': {u'gpu': 90, u'cpu_core': 200, u'det_accel': 10}}, u'Frontier': {u'mean_service_time': {u'cpu_core': 396}, u'priority': 9, u'deadline': 1000, u'stdev_service_time': {u'cpu_core': 3.96}, u'power': {u'cpu_core': 5.98}}, u'track': {u'mean_service_time': {u'gpu': 17, u'tra_accel': 2, u'cpu_core': 1820}, u'priority': 3, u'deadline': 1000, u'stdev_service_time': {u'gpu': 0.17, u'tra_accel': 0.02, u'cpu_core': 18.2}, u'power': {u'gpu': 12.79, u'tra_accel': 0.59, u'cpu_core': 5.6}}, u'sp': {u'mean_service_time': {u'gpu': 379, u'cpu_core': 1004}, u'priority': 11, u'deadline': 1000, u'stdev_service_time': {u'gpu': 3.79, u'cpu_core': 10.040000000000001}, u'power': {u'gpu': 3.302, u'cpu_core': 1004}}, u'mission': {u'mean_service_time': {u'cpu_core': 0.0022}, u'priority': 5, u'deadline': 1000, u'stdev_service_time': {u'cpu_core': 2.2000000000000003e-05}, u'power': {u'cpu_core': 3.534}}, u'motion': {u'mean_service_time': {u'cpu_core': 8}, u'priority': 6, u'deadline': 1000, u'stdev_service_time': {u'cpu_core': 0.08}, u'power': {u'cpu_core': 4.222}}, u'collision': {u'mean_service_time': {u'cpu_core': 8}, u'priority': 7, u'deadline': 1000, u'stdev_service_time': {u'cpu_core': 0.08}, u'power': {u'cpu_core': 0}}, u'fusion': {u'mean_service_time': {u'cpu_core': 1}, u'priority': 4, u'deadline': 1000, u'stdev_service_time': {u'cpu_core': 0.01}, u'power': {u'cpu_core': 0}}, u'map': {u'mean_service_time': {u'gpu': 761, u'cpu_core': 973}, u'priority': 10, u'deadline': 1000, u'stdev_service_time': {u'gpu': 7.61, u'cpu_core': 9.73}, u'power': {u'gpu': 3.533, u'cpu_core': 2.995}}, u'path': {u'mean_service_time': {u'cpu_core': 8}, u'priority': 8, u'deadline': 1000, u'stdev_service_time': {u'cpu_core': 0.08}, u'power': {u'cpu_core': 0}}}, u'sched_policy_module': u'policies.ms2_update2', u'drop': True, u'servers': {u'gpu': {u'count': 2}, u'tra_accel': {u'count': 1}, u'cpu_core': {u'count': 8}, u'loc_accel': {u'count': 1}, u'det_accel': {u'count': 1}}, u'max_tasks_simulated': 10000, u'max_queue_size': 1000000, u'mean_arrival_time': 50, u'arrival_time_scale': 3.1}, u'general': {u'random_seed': 0, u'pre_gen_arrivals': False, u'basename': u'policy:ms2_update2__stdev_factor:0.01', u'output_trace_file': None, u'working_dir': u'/home/hiwot/meta-stomp2/sim_16042020_194257_new_arrival_50_map_rheftmapping_50_trace_10', u'input_trace_file': (False, '../mv_mapping_50_trace_10.trc'), u'logging_level': u'INFO'}}
Time	Response time (avg)
13	3.0
648	3.0
1191	3.0
1525	3.0
1656	3.0
1712	3.3
1804	3.9
2028	3.8
2052	3.7
2514	3.6
2648	3.5
2663	3.7
2672	3.6
3119	3.7
3516	3.8
3743	3.8
3838	3.8
4109	3.9
4252	3.9
4340	3.9
4403	4.0
4715	4.0
4823	4.0
5176	4.1
5214	4.0
5592	4.2
5718	4.2
5881	4.1
6046	4.2
6355	4.1
6380	4.2
6581	4.1
6929	4.1
7164	4.1
7494	4.2
7511	4.2
7620	4.2
7628	4.2
8013	4.2
8042	4.2
8171	4.2
8445	4.3
8851	4.3
9012	4.2
9066	4.2
9285	4.2
9393	4.2
9394	4.2
9412	4.2
9522	4.2
9595	4.3
9836	4.3
10345	4.3
10456	4.3
10480	4.3
10541	4.3
10608	4.3
10618	4.3
10677	4.3
10742	4.3
10773	4.3
10801	4.4
11441	4.4
11812	4.4
11884	4.4
12763	4.4
12920	4.4
13315	6.6
13332	9.0
13339	9.0
13347	9.0
13367	8.9
13448	8.8
13553	8.8
13714	8.7
13827	8.7
13843	8.7
13975	8.6
14029	8.6
14224	8.5
14334	8.5
14536	8.4
14777	8.4
15110	8.3
15160	8.3
15364	8.2
15389	8.2
15392	8.1
15457	8.1
15616	8.0
15761	8.0
15848	7.9
16037	7.9
16099	7.8
16221	7.8
16269	7.8
16281	7.7
16297	7.7
16459	7.6
16799	7.6
16813	7.6
17089	7.6
17124	7.6
17214	7.5
17252	7.5
17317	7.4
17512	7.4
17740	7.4
17781	7.4
17895	7.3
18065	7.3
18075	7.3
18842	7.3
18859	7.3
18978	7.2
19264	7.2
19335	7.2
19673	7.2
19739	7.1
19853	7.1
19983	7.1
20129	7.1
20358	7.0
20377	7.0
21067	7.0
21080	7.0
21187	7.0
21334	6.9
21458	6.9
21617	6.9
21654	6.9
21894	6.8
21910	6.8
22031	6.8
22227	6.8
22481	6.8
22801	6.7
22880	6.7
23011	6.7
23191	6.7
23731	6.6
23812	6.6
23848	6.6
23858	6.6
24125	6.6
24135	6.6
24211	6.6
24735	6.5
24800	6.5
24884	6.5
24902	6.5
24973	6.5
25128	6.5
25591	6.5
25681	6.5
25751	6.4
25810	6.4
25991	6.4
26018	6.4
26616	6.4
27029	6.4
27595	6.4
27723	6.4
28128	6.3
28499	6.3
28546	6.3
28917	6.3
29182	6.3
29370	6.3
29425	6.3
29576	6.3
29658	6.2
29828	6.2
29971	6.2
30418	6.2
30482	6.2
30621	6.2
30907	6.2
31196	6.1
31369	6.1
31471	6.1
31522	6.1
31613	6.1
31915	6.1
32231	6.1
32600	6.0
32634	6.0
32748	6.0
32776	6.0
32879	6.0
32910	6.0
32962	6.0
33090	6.0
33416	6.0
33756	6.0
34904	6.0
35347	5.9
35477	5.9
35776	5.9
35855	5.9
36108	5.9
36264	5.9
36298	5.9
36958	5.9
37098	5.9
37365	5.9
37795	5.9
37857	5.9
38159	5.9
38207	5.9
38316	5.8
38487	5.8
38757	5.8
38767	5.8
38799	5.9
39405	5.8
40567	5.8
40619	5.8
40818	5.8
40874	5.8
40941	5.8
41001	5.8
41011	5.8
41145	5.8
41190	5.8
41735	5.8
42337	5.8
42428	5.7
42624	5.7
42762	5.7
43026	5.7
43431	5.7
43912	5.7
44351	5.7
44395	5.7
44451	5.7
44474	5.7
45051	5.7
45300	5.7
45536	5.7
45595	5.7
45803	5.7
45903	5.6
46259	5.6
46345	5.6
46406	5.6
46497	5.6
46995	5.6
47064	5.6
47284	5.6
47350	5.6
47437	5.6
47448	5.6
47617	5.6
47705	5.6
47870	5.6
47954	5.5
48041	5.5
48156	5.5
48158	5.5
48161	5.5
48186	5.5
48401	5.5
48809	5.5
48873	5.5
48893	5.5
49002	5.5
49020	5.5
49316	5.5
49320	5.5
49396	5.5
49761	5.5
49824	5.5
49976	5.5
50104	5.5
50175	5.5
50499	5.5
50580	5.5
50743	5.5
50775	5.5
50812	5.5
50816	5.5
50869	5.4
51072	5.4
51150	5.4
51378	5.4
51767	5.4
51845	5.4
51994	5.4
52062	5.4
52067	5.4
52179	5.4
52186	5.4
52204	5.4
52214	5.4
52223	5.4
52226	5.4
52677	5.4
52718	5.4
52839	5.4
52889	5.4
53082	5.4
53462	5.4
53534	5.4
53628	5.4
53652	5.4
53669	5.4
53850	5.4
53904	5.4
53969	5.3
54114	5.3
54125	5.3
54368	5.3
54448	5.3
54489	5.3
54537	5.3
54579	5.3
54793	5.3
55007	5.3
55076	5.3
55196	5.3
55248	5.3
55319	5.3
55372	5.3
55508	5.3
55935	5.3
56259	5.3
56522	5.3
56524	5.3
56811	5.3
56937	5.3
57165	5.3
57421	5.3
57714	5.3
57810	5.3
57875	5.3
58010	5.3
58193	5.4
58200	5.4
58367	5.4
58487	5.4
58498	5.4
58916	5.6
58923	5.7
59018	5.7
59087	5.7
59105	5.6
59145	5.6
59212	5.6
59356	5.6
59441	5.6
59477	5.6
59728	5.6
60068	5.6
60740	5.6
60888	5.6
60976	5.6
61064	5.6
61426	5.6
61430	5.6
61514	5.6
61659	5.6
62148	5.6
62165	5.6
62381	5.6
62391	5.6
62397	5.6
62585	5.6
63039	5.6
63054	5.6
63131	5.6
63287	5.6
63766	5.6
63806	5.6
64288	5.6
64423	5.6
64480	5.6
65161	5.6
65191	5.6
65194	5.6
65360	5.6
65846	5.6
65871	5.6
66205	5.6
66489	5.6
66517	5.6
66557	5.6
66608	5.6
66978	5.6
67271	5.6
67447	5.6
67761	5.6
67942	5.6
68226	5.6
68450	5.6
68677	5.6
69617	5.5
70073	5.5
70429	5.5
70440	5.5
70587	5.5
71094	5.5
71145	5.5
71582	5.5
71709	5.5
71765	5.5
71867	5.5
71915	5.5
72045	5.5
72855	5.5
72897	5.5
73243	5.5
73528	5.5
73720	5.5
73999	5.5
74029	5.5
74085	5.5
74181	5.5
74479	5.5
74622	5.5
74694	5.5
74964	5.5
75029	5.5
75107	5.5
75158	5.5
75341	5.5
75449	5.5
75465	5.5
75820	5.5
76080	5.5
76109	5.5
76307	5.5
76421	5.5
76446	5.5
76547	5.5
76854	5.5
76899	5.5
77035	5.5
77108	5.5
77308	5.5
77498	5.5
77556	5.5
77840	5.5
77959	5.5
78027	5.4
78105	5.4
78449	5.4
78542	5.4
78719	5.4
78997	5.4
79032	5.4
79075	5.4
79175	5.4
79400	5.4
79614	5.4
79772	5.4
79853	5.4
80064	5.4
80126	5.4
80348	5.4
80675	5.4
80752	5.4
80824	5.4
80846	5.4
81229	5.4
81239	5.4
81572	5.4
81797	5.4
82202	5.4
82253	5.4
82358	5.4
82400	5.4
82430	5.4
82571	5.4
82671	5.4
82875	5.4
82888	5.4
83078	5.4
83471	5.4
83699	5.4
83750	5.4
84029	5.4
84174	5.4
84228	5.4
84441	5.4
84976	5.3
85179	5.3
85210	5.3
85477	5.3
85483	5.3
85669	5.3
85679	5.3
86018	5.3
86143	5.3
86221	5.3
86305	5.3
86788	5.3
86866	5.3
86964	5.3
87414	5.3
87489	5.3
87527	5.3
87535	5.3
87647	5.3
87711	5.3
87753	5.3
87819	5.3
87823	5.3
87857	5.3
88068	5.3
88301	5.3
88432	5.3
88499	5.3
88654	5.3
88952	5.3
89035	5.3
89131	5.3
89424	5.3
89480	5.3
90359	5.3
90534	5.3
90666	5.3
90870	5.3
90874	5.3
90917	5.3
91029	5.3
91045	5.3
91220	5.3
91241	5.3
91693	5.3
91771	5.3
92191	5.3
92257	5.3
92448	5.3
92946	5.3
93139	5.3
93217	5.3
93242	5.3
93643	5.3
94027	5.5
94030	5.6
94090	5.6
94257	5.7
94534	5.8
94541	5.8
94550	5.8
94576	5.7
94660	5.7
94755	5.8
94762	5.8
94868	5.8
95065	5.8
95068	5.8
95309	5.8
95314	5.8
95382	5.8
95432	5.8
95444	5.8
95521	5.8
95952	5.8
96106	5.8
96107	5.8
96193	5.8
96295	5.8
96346	5.8
96957	5.7
96967	5.7
97059	5.8
97144	5.7
97185	5.7
97226	5.7
97423	5.7
97440	5.7
97594	5.7
97857	5.7
98374	5.7
98397	5.7
98429	5.7
98506	5.7
99097	5.9
99104	5.9
99111	5.9
99244	5.9
99325	5.9
99574	5.9
99835	6.0
99842	6.0
99848	6.0
99950	6.0
99963	6.0
99964	6.0
100276	6.0
100276	6.0
100329	6.0
100371	6.0
100412	6.0
100528	6.0
100567	6.0
100792	6.0
100914	6.0
101273	6.0
101317	6.0
101369	6.0
101495	6.0
101500	6.0
101631	6.0
101886	6.0
102043	6.0
102360	6.0
102778	6.0
102816	6.0
102884	6.0
102943	6.0
103397	6.0
103607	6.0
103720	6.0
103963	6.0
104115	5.9
104765	5.9
104843	5.9
104914	5.9
104922	5.9
105526	5.9
105614	5.9
105778	5.9
105790	5.9
105794	5.9
105865	5.9
106219	5.9
106250	5.9
106515	5.9
106531	5.9
106567	5.9
106816	5.9
107116	5.9
107201	5.9
107412	5.9
107579	5.9
107623	5.9
107866	5.9
107958	5.9
108336	6.0
108343	6.0
108435	6.0
108792	6.0
108876	6.0
108897	6.0
108937	6.0
109104	6.0
109210	6.0
109418	6.0
109540	6.0
109559	6.0
109695	6.0
109743	6.0
110196	6.0
110249	6.0
110644	6.0
110712	6.0
111768	6.0
111811	6.0
111871	6.0
112096	6.0
112152	6.0
112822	6.0
113036	6.0
113321	6.0
113349	6.0
113647	6.0
113739	6.0
113773	6.0
113930	6.0
114139	6.0
114696	6.0
115093	6.0
115503	6.0
115549	6.0
115578	6.0
115813	6.0
115987	5.9
116272	5.9
116284	5.9
116521	5.9
116526	5.9
117084	5.9
117341	5.9
117472	5.9
117540	5.9
117661	5.9
117697	5.9
118200	5.9
118805	5.9
118847	5.9
118918	5.9
118988	5.9
119389	5.9
119643	5.9
119772	5.9
120528	5.9
120548	5.9
120637	5.9
120892	5.9
121055	5.9
121082	5.9
121091	5.9
121117	5.9
121188	5.9
121476	5.9
121776	6.0
121783	6.0
121892	6.0
122042	6.0
122231	6.0
122504	6.0
122527	6.0
122553	6.0
122791	6.0
122819	6.0
122850	6.0
122991	6.0
123061	6.0
123284	6.0
123417	6.0
123677	6.0
123942	6.0
123954	6.0
124133	6.0
124534	5.9
124641	5.9
125135	5.9
125145	5.9
125237	5.9
125513	5.9
125563	5.9
125972	5.9
126037	5.9
126069	5.9
126200	5.9
126256	5.9
126403	5.9
126923	5.9
127016	5.9
127216	5.9
127274	5.9
127408	5.9
127517	5.9
127648	5.9
127784	5.9
127924	5.9
127953	5.9
128364	5.9
128588	5.9
128737	5.9
128783	5.9
128799	5.9
128824	5.9
129444	5.9
129478	5.9
129552	5.9
129750	5.9
129861	5.9
129900	5.9
130149	5.9
130206	5.9
130704	5.9
130874	5.9
131076	5.9
131146	5.8
131157	5.8
131332	5.8
131348	5.9
131506	5.8
131672	5.8
131837	5.8
132052	5.8
132097	5.8
132628	5.8
132764	5.8
132770	5.8
133423	5.8
133597	5.8
133700	5.8
133909	5.8
133951	5.8
134082	5.8
134196	5.8
134376	5.8
134416	5.8
134537	5.8
134709	5.8
134802	5.8
135016	5.8
135104	5.8
135660	5.8
135691	5.8
135872	5.8
135878	5.8
136400	5.8
136525	5.8
136701	5.8
136829	5.8
137091	5.8
137300	5.8
137353	5.8
137367	5.8
137555	5.8
137638	5.8
137708	5.8
137978	5.8
138028	5.8
138149	5.8
138728	5.8
138738	5.8
139168	5.8
139544	5.8
139659	5.8
139661	5.8
139719	5.8
139989	5.8
140000	5.8
140001	5.8
140173	5.8
140307	5.8
140584	5.8
140833	5.8
140986	5.8
141004	5.8
141063	5.7
141124	5.7
141258	5.7
141391	5.7
141518	5.7
141823	5.7
142376	5.7
142432	5.7
142498	5.7
142572	5.7
142671	5.7
142888	5.7
142931	5.7
143304	5.7
143330	5.7
143975	5.7
144290	5.7
144349	5.7
144387	5.7
144683	5.7
144792	5.7
144802	5.7
144955	5.7
144988	5.7
145004	5.7
145148	5.7
145302	5.7
145423	5.7
145601	5.7
145756	5.7
145780	5.7
146147	5.7
146224	5.7
146399	5.7
146506	5.7
146779	5.7
146870	5.7
147142	5.7
147733	5.7
147749	5.7
147876	5.7
148312	5.7
148555	5.7
148915	5.7
149026	5.7
149100	5.7
149203	5.7
149263	5.7
149341	5.7
149371	5.7
149377	5.7
149642	5.7
149652	5.7
149961	5.7
150016	5.7
150214	5.7
150560	5.7
150595	5.7
150817	5.7
151003	5.7
151451	5.7
151456	5.7
151652	5.7
151662	5.7
151702	5.7
151770	5.7
151801	5.7
152003	5.6
152116	5.6
152492	5.6
152634	5.6
152719	5.6
152908	5.6
153546	5.6
153562	5.6
153590	5.6
153690	5.6
153695	5.6
153810	5.6
153860	5.6
153891	5.6
154018	5.6
154222	5.6
154811	5.6
154873	5.6
154883	5.6
154903	5.6
155256	5.6
155268	5.6
155282	5.6
155335	5.6
155391	5.6
155401	5.6
155487	5.6
155762	5.6
155812	5.6
155953	5.6
156235	5.6
156296	5.6
156303	5.6
156391	5.6
156606	5.6
156628	5.6
156637	5.6
157024	5.6
157055	5.6
157077	5.6
157111	5.6
157209	5.6
157279	5.6
157661	5.6
157905	5.6
157951	5.6
158076	5.6
158160	5.6
158504	5.6
158556	5.6
158568	5.6
158680	5.6
158884	5.6
158946	5.6
159193	5.6
159511	5.6
159551	5.5
159607	5.5
159957	5.5
160131	5.5
160562	5.5
160608	5.5
160639	5.5
160786	5.5
161095	5.5
161114	5.5
161334	5.5
161389	5.5
161865	5.5
162082	5.5
162084	5.5
162366	5.5
162465	5.5
162487	5.5
162615	5.5
162627	5.5
162816	5.5
163033	5.5
163257	5.5
163510	5.5
163594	5.5
163761	5.5
163767	5.5
163848	5.5
163944	5.5
164335	5.5
164346	5.5
164353	5.5
164393	5.5
164520	5.5
164544	5.5
164560	5.5
164827	5.5
165106	5.5
165494	5.5
165950	5.5
165950	5.5
165964	5.5
166595	5.5
166972	5.5
167025	5.5
167396	5.5
167581	5.5
167842	5.5
167852	5.5
168831	5.5
