2020-04-16 19:52:30

CONFIGURATION:
{u'simulation': {u'stdev_factor': 0.01, u'power_mgmt_enabled': False, u'tasks': {u'loc': {u'mean_service_time': {u'gpu': 90, u'cpu_core': 200, u'loc_accel': 10}, u'priority': 1, u'deadline': 1000, u'stdev_service_time': {u'gpu': 0.9, u'cpu_core': 2.0, u'loc_accel': 0.1}, u'power': {u'gpu': 4.457, u'cpu_core': 6.133, u'loc_accel': 0.02197}}, u'detect': {u'mean_service_time': {u'gpu': 0.4607, u'cpu_core': 3.654, u'det_accel': 0.278}, u'priority': 2, u'deadline': 1000, u'stdev_service_time': {u'gpu': 0.004607, u'cpu_core': 0.03654, u'det_accel': 0.0027800000000000004}, u'power': {u'gpu': 90, u'cpu_core': 200, u'det_accel': 10}}, u'Frontier': {u'mean_service_time': {u'cpu_core': 396}, u'priority': 9, u'deadline': 1000, u'stdev_service_time': {u'cpu_core': 3.96}, u'power': {u'cpu_core': 5.98}}, u'track': {u'mean_service_time': {u'gpu': 17, u'tra_accel': 2, u'cpu_core': 1820}, u'priority': 3, u'deadline': 1000, u'stdev_service_time': {u'gpu': 0.17, u'tra_accel': 0.02, u'cpu_core': 18.2}, u'power': {u'gpu': 12.79, u'tra_accel': 0.59, u'cpu_core': 5.6}}, u'sp': {u'mean_service_time': {u'gpu': 379, u'cpu_core': 1004}, u'priority': 11, u'deadline': 1000, u'stdev_service_time': {u'gpu': 3.79, u'cpu_core': 10.040000000000001}, u'power': {u'gpu': 3.302, u'cpu_core': 1004}}, u'mission': {u'mean_service_time': {u'cpu_core': 0.0022}, u'priority': 5, u'deadline': 1000, u'stdev_service_time': {u'cpu_core': 2.2000000000000003e-05}, u'power': {u'cpu_core': 3.534}}, u'motion': {u'mean_service_time': {u'cpu_core': 8}, u'priority': 6, u'deadline': 1000, u'stdev_service_time': {u'cpu_core': 0.08}, u'power': {u'cpu_core': 4.222}}, u'collision': {u'mean_service_time': {u'cpu_core': 8}, u'priority': 7, u'deadline': 1000, u'stdev_service_time': {u'cpu_core': 0.08}, u'power': {u'cpu_core': 0}}, u'fusion': {u'mean_service_time': {u'cpu_core': 1}, u'priority': 4, u'deadline': 1000, u'stdev_service_time': {u'cpu_core': 0.01}, u'power': {u'cpu_core': 0}}, u'map': {u'mean_service_time': {u'gpu': 761, u'cpu_core': 973}, u'priority': 10, u'deadline': 1000, u'stdev_service_time': {u'gpu': 7.61, u'cpu_core': 9.73}, u'power': {u'gpu': 3.533, u'cpu_core': 2.995}}, u'path': {u'mean_service_time': {u'cpu_core': 8}, u'priority': 8, u'deadline': 1000, u'stdev_service_time': {u'cpu_core': 0.08}, u'power': {u'cpu_core': 0}}}, u'sched_policy_module': u'policies.ms2_update2', u'drop': True, u'servers': {u'gpu': {u'count': 2}, u'tra_accel': {u'count': 1}, u'cpu_core': {u'count': 8}, u'loc_accel': {u'count': 1}, u'det_accel': {u'count': 1}}, u'max_tasks_simulated': 10000, u'max_queue_size': 1000000, u'mean_arrival_time': 50, u'arrival_time_scale': 3.1}, u'general': {u'random_seed': 0, u'pre_gen_arrivals': False, u'basename': u'policy:ms2_update2__stdev_factor:0.01', u'output_trace_file': None, u'working_dir': u'/home/hiwot/meta-stomp2/sim_16042020_194257_new_arrival_50_map_rheftmapping_50_trace_10', u'input_trace_file': (False, '../mv_mapping_50_trace_10.trc'), u'logging_level': u'INFO'}}
Time	Response time (avg)
14	1.0
649	1.0
1192	1.0
1526	1.0
1657	1.0
1713	1.0
1805	1.0
2029	1.0
2053	1.0
2515	1.0
2649	1.0
2664	1.0
2673	1.0
3120	1.0
3517	1.0
3744	1.0
3839	1.0
4110	1.0
4253	1.0
4341	1.0
4404	1.0
4716	1.0
4824	1.0
5177	1.0
5215	1.0
5593	1.0
5719	1.0
5882	1.0
6047	1.0
6356	1.0
6381	1.0
6582	1.0
6930	1.0
7165	1.0
7495	1.0
7512	1.0
7621	1.0
7629	1.0
8014	1.0
8043	1.0
8172	1.0
8446	1.0
8852	1.0
9013	1.0
9067	1.0
9286	1.0
9394	1.0
9395	1.0
9413	1.0
9523	1.0
9596	1.0
9837	1.0
10346	1.0
10457	1.0
10481	1.0
10542	1.0
10609	1.0
10619	1.0
10678	1.0
10743	1.0
10774	1.0
10802	1.0
11442	1.0
11813	1.0
11885	1.0
12764	1.0
12921	1.0
13325	1.1
13342	1.3
13343	1.3
13348	1.3
13368	1.3
13449	1.3
13554	1.3
13715	1.3
13828	1.3
13844	1.3
13976	1.3
14030	1.3
14225	1.3
14335	1.3
14537	1.3
14778	1.3
15111	1.2
15161	1.2
15365	1.2
15390	1.2
15395	1.3
15458	1.3
15617	1.3
15762	1.3
15849	1.2
16038	1.2
16100	1.2
16222	1.2
16270	1.2
16282	1.2
16298	1.2
16460	1.2
16800	1.2
16814	1.2
17090	1.2
17125	1.2
17215	1.2
17253	1.2
17318	1.2
17513	1.2
17741	1.2
17782	1.2
17896	1.2
18066	1.2
18076	1.2
18843	1.2
18860	1.2
18979	1.2
19265	1.2
19336	1.2
19674	1.2
19740	1.2
19854	1.2
19984	1.2
20130	1.2
20359	1.2
20378	1.2
21068	1.2
21081	1.2
21188	1.2
21335	1.2
21459	1.2
21618	1.2
21655	1.2
21895	1.2
21911	1.2
22032	1.2
22228	1.2
22482	1.2
22802	1.2
22881	1.2
23012	1.2
23192	1.2
23732	1.2
23813	1.2
23849	1.2
23859	1.2
24126	1.2
24136	1.2
24212	1.2
24736	1.2
24801	1.2
24885	1.2
24903	1.2
24974	1.2
25129	1.2
25592	1.1
25682	1.1
25752	1.1
25811	1.1
25992	1.1
26019	1.1
26617	1.1
27030	1.1
27596	1.1
27724	1.1
28129	1.1
28500	1.1
28547	1.1
28918	1.1
29183	1.1
29371	1.1
29426	1.1
29577	1.1
29659	1.1
29829	1.1
29972	1.1
30419	1.1
30483	1.1
30622	1.1
30908	1.1
31197	1.1
31370	1.1
31472	1.1
31523	1.1
31614	1.1
31916	1.1
32232	1.1
32601	1.1
32635	1.1
32749	1.1
32777	1.1
32880	1.1
32911	1.1
32963	1.1
33091	1.1
33417	1.1
33757	1.1
34905	1.1
35348	1.1
35478	1.1
35777	1.1
35856	1.1
36109	1.1
36265	1.1
36299	1.1
36959	1.1
37099	1.1
37366	1.1
37796	1.1
37858	1.1
38160	1.1
38208	1.1
38317	1.1
38488	1.1
38758	1.1
38768	1.1
38800	1.1
39406	1.1
40568	1.1
40620	1.1
40819	1.1
40875	1.1
40942	1.1
41002	1.1
41012	1.1
41146	1.1
41191	1.1
41736	1.1
42338	1.1
42429	1.1
42625	1.1
42763	1.1
43027	1.1
43432	1.1
43913	1.1
44352	1.1
44396	1.1
44452	1.1
44475	1.1
45052	1.1
45301	1.1
45537	1.1
45596	1.1
45804	1.1
45904	1.1
46260	1.1
46346	1.1
46407	1.1
46498	1.1
46996	1.1
47065	1.1
47285	1.1
47351	1.1
47438	1.1
47449	1.1
47618	1.1
47706	1.1
47871	1.1
47955	1.1
48042	1.1
48159	1.1
48159	1.1
48164	1.1
48187	1.1
48402	1.1
48810	1.1
48874	1.1
48894	1.1
49003	1.1
49021	1.1
49317	1.1
49321	1.1
49397	1.1
49762	1.1
49825	1.1
49977	1.1
50105	1.1
50176	1.1
50500	1.1
50581	1.1
50744	1.1
50778	1.1
50813	1.1
50817	1.1
50870	1.1
51073	1.1
51151	1.1
51379	1.1
51768	1.1
51846	1.1
51995	1.1
52065	1.1
52068	1.1
52182	1.1
52187	1.1
52205	1.1
52215	1.1
52226	1.1
52227	1.1
52678	1.1
52719	1.1
52840	1.1
52890	1.1
53083	1.1
53463	1.1
53535	1.1
53629	1.1
53653	1.1
53670	1.1
53851	1.1
53905	1.1
53970	1.1
54115	1.1
54126	1.1
54369	1.1
54449	1.1
54490	1.1
54538	1.1
54580	1.1
54794	1.1
55008	1.1
55077	1.1
55197	1.1
55249	1.1
55320	1.1
55373	1.1
55509	1.1
55936	1.1
56260	1.1
56523	1.1
56527	1.1
56812	1.1
56938	1.1
57166	1.1
57422	1.1
57715	1.1
57811	1.1
57876	1.1
58011	1.1
58203	1.1
58206	1.2
58368	1.1
58488	1.1
58499	1.1
58926	1.2
58929	1.2
59019	1.2
59088	1.2
59106	1.2
59146	1.2
59213	1.2
59357	1.2
59442	1.2
59478	1.2
59729	1.2
60069	1.2
60741	1.2
60889	1.2
60977	1.2
61065	1.2
61427	1.2
61433	1.2
61517	1.2
61660	1.2
62149	1.2
62166	1.2
62382	1.2
62392	1.2
62398	1.2
62586	1.2
63040	1.2
63055	1.2
63132	1.2
63288	1.2
63767	1.2
63807	1.2
64289	1.2
64424	1.2
64481	1.2
65162	1.2
65192	1.2
65195	1.2
65361	1.2
65847	1.2
65872	1.2
66206	1.2
66490	1.2
66518	1.2
66558	1.2
66609	1.2
66979	1.2
67272	1.2
67448	1.2
67762	1.2
67943	1.2
68227	1.2
68451	1.2
68678	1.2
69618	1.2
70074	1.2
70430	1.2
70441	1.2
70588	1.2
71095	1.2
71146	1.2
71583	1.2
71710	1.2
71766	1.2
71868	1.2
71916	1.2
72046	1.2
72856	1.2
72898	1.2
73244	1.2
73529	1.2
73721	1.2
74000	1.2
74030	1.2
74086	1.2
74182	1.2
74480	1.2
74623	1.2
74695	1.2
74965	1.2
75030	1.2
75108	1.2
75159	1.2
75342	1.2
75450	1.2
75466	1.2
75821	1.2
76081	1.2
76110	1.2
76308	1.2
76422	1.2
76447	1.2
76548	1.2
76855	1.2
76900	1.2
77036	1.2
77109	1.2
77309	1.2
77499	1.2
77557	1.2
77841	1.2
77960	1.2
78028	1.2
78106	1.2
78450	1.2
78543	1.2
78720	1.2
78998	1.2
79033	1.2
79076	1.2
79176	1.2
79401	1.2
79615	1.2
79773	1.2
79854	1.2
80065	1.2
80127	1.2
80349	1.1
80676	1.1
80753	1.1
80825	1.1
80847	1.1
81230	1.1
81240	1.1
81573	1.1
81798	1.1
82203	1.1
82254	1.1
82359	1.1
82401	1.1
82431	1.1
82572	1.1
82672	1.1
82876	1.1
82889	1.1
83079	1.1
83472	1.1
83700	1.1
83751	1.1
84030	1.1
84175	1.1
84229	1.1
84442	1.1
84977	1.1
85180	1.1
85211	1.1
85478	1.1
85484	1.1
85670	1.1
85680	1.1
86019	1.1
86144	1.1
86222	1.1
86306	1.1
86789	1.1
86867	1.1
86965	1.1
87415	1.1
87490	1.1
87528	1.1
87536	1.1
87648	1.1
87712	1.1
87754	1.1
87820	1.1
87826	1.1
87858	1.1
88069	1.1
88302	1.1
88433	1.1
88500	1.1
88655	1.1
88953	1.1
89036	1.1
89132	1.1
89425	1.1
89481	1.1
90360	1.1
90535	1.1
90667	1.1
90871	1.1
90875	1.1
90918	1.1
91030	1.1
91046	1.1
91221	1.1
91242	1.1
91694	1.1
91772	1.1
92192	1.1
92258	1.1
92449	1.1
92947	1.1
93140	1.1
93218	1.1
93243	1.1
93644	1.1
94033	1.1
94036	1.1
94250	1.4
94368	1.6
94544	1.7
94547	1.7
94551	1.7
94577	1.7
94661	1.7
94765	1.7
94768	1.7
94869	1.7
95071	1.7
95074	1.7
95317	1.7
95320	1.7
95383	1.7
95433	1.7
95445	1.7
95522	1.7
95953	1.7
96107	1.7
96108	1.7
96194	1.7
96296	1.7
96347	1.7
96958	1.7
96968	1.7
97060	1.7
97145	1.7
97186	1.7
97227	1.7
97424	1.7
97441	1.7
97595	1.7
97858	1.7
98375	1.7
98398	1.7
98430	1.7
98507	1.7
99105	1.7
99108	1.7
99112	1.7
99245	1.7
99326	1.7
99575	1.7
99845	1.7
99851	1.7
99854	1.7
99951	1.7
99964	1.7
99965	1.7
100277	1.7
100277	1.7
100330	1.7
100372	1.7
100413	1.7
100529	1.7
100568	1.7
100793	1.7
100915	1.7
101274	1.7
101318	1.7
101370	1.7
101496	1.7
101501	1.7
101632	1.7
101887	1.7
102044	1.7
102361	1.7
102779	1.7
102817	1.7
102885	1.7
102944	1.7
103398	1.7
103608	1.7
103721	1.7
103964	1.7
104116	1.7
104766	1.7
104844	1.7
104915	1.7
104923	1.7
105527	1.7
105615	1.7
105779	1.7
105791	1.7
105797	1.7
105866	1.7
106220	1.7
106251	1.7
106516	1.7
106532	1.7
106568	1.7
106817	1.7
107117	1.7
107202	1.7
107413	1.7
107580	1.7
107624	1.7
107867	1.7
107959	1.7
108346	1.7
108349	1.7
108436	1.7
108793	1.7
108877	1.7
108898	1.7
108938	1.7
109105	1.7
109211	1.7
109419	1.7
109541	1.7
109560	1.7
109696	1.7
109744	1.7
110197	1.7
110250	1.7
110645	1.7
110713	1.7
111769	1.7
111812	1.7
111872	1.7
112097	1.7
112153	1.7
112823	1.7
113037	1.7
113322	1.7
113350	1.7
113648	1.7
113740	1.7
113774	1.7
113931	1.7
114140	1.7
114697	1.7
115094	1.7
115504	1.7
115550	1.7
115579	1.7
115814	1.7
115988	1.7
116273	1.7
116285	1.7
116522	1.7
116527	1.7
117085	1.7
117342	1.7
117473	1.7
117541	1.7
117662	1.7
117698	1.6
118201	1.6
118806	1.6
118848	1.6
118919	1.6
118989	1.6
119390	1.6
119644	1.6
119773	1.6
120529	1.6
120549	1.6
120638	1.6
120893	1.6
121056	1.6
121083	1.6
121092	1.6
121118	1.6
121189	1.6
121477	1.6
121786	1.6
121789	1.7
121893	1.6
122043	1.6
122232	1.6
122505	1.6
122528	1.6
122554	1.6
122792	1.6
122820	1.6
122851	1.6
122992	1.6
123062	1.6
123285	1.6
123418	1.6
123678	1.6
123943	1.6
123955	1.6
124134	1.6
124535	1.6
124642	1.6
125136	1.6
125146	1.6
125238	1.6
125514	1.6
125564	1.6
125973	1.6
126038	1.6
126070	1.6
126201	1.6
126257	1.6
126404	1.6
126924	1.6
127017	1.6
127217	1.6
127275	1.6
127409	1.6
127518	1.6
127649	1.6
127785	1.6
127925	1.6
127954	1.6
128365	1.6
128589	1.6
128738	1.6
128784	1.6
128800	1.6
128825	1.6
129445	1.6
129479	1.6
129553	1.6
129751	1.6
129862	1.6
129901	1.6
130150	1.6
130207	1.6
130705	1.6
130875	1.6
131077	1.6
131147	1.6
131158	1.6
131333	1.6
131349	1.6
131507	1.6
131673	1.6
131838	1.6
132053	1.6
132098	1.6
132629	1.6
132765	1.6
132771	1.6
133424	1.6
133598	1.6
133701	1.6
133910	1.6
133952	1.6
134083	1.6
134197	1.6
134377	1.6
134417	1.6
134538	1.6
134710	1.6
134803	1.6
135017	1.6
135105	1.6
135661	1.6
135692	1.6
135873	1.6
135879	1.6
136401	1.6
136526	1.6
136702	1.6
136830	1.6
137092	1.6
137301	1.6
137354	1.6
137368	1.6
137556	1.6
137639	1.6
137709	1.6
137979	1.6
138029	1.6
138150	1.6
138729	1.6
138739	1.6
139169	1.6
139545	1.6
139660	1.6
139664	1.6
139720	1.6
139990	1.6
140001	1.6
140002	1.6
140174	1.6
140308	1.6
140585	1.6
140834	1.6
140987	1.6
141005	1.6
141064	1.6
141125	1.6
141259	1.6
141392	1.6
141519	1.6
141824	1.6
142377	1.6
142433	1.6
142499	1.6
142573	1.6
142672	1.6
142889	1.6
142932	1.6
143305	1.6
143331	1.6
143976	1.6
144291	1.5
144350	1.5
144388	1.5
144684	1.5
144793	1.5
144803	1.5
144956	1.5
144989	1.5
145005	1.5
145149	1.5
145303	1.5
145424	1.5
145602	1.5
145757	1.5
145781	1.5
146148	1.5
146225	1.5
146400	1.5
146507	1.5
146780	1.5
146871	1.5
147143	1.5
147734	1.5
147750	1.5
147877	1.5
148313	1.5
148556	1.5
148916	1.5
149027	1.5
149101	1.5
149204	1.5
149264	1.5
149342	1.5
149372	1.5
149378	1.5
149643	1.5
149653	1.5
149962	1.5
150017	1.5
150215	1.5
150561	1.5
150596	1.5
150818	1.5
151004	1.5
151452	1.5
151457	1.5
151653	1.5
151663	1.5
151703	1.5
151771	1.5
151802	1.5
152004	1.5
152117	1.5
152493	1.5
152635	1.5
152720	1.5
152909	1.5
153547	1.5
153563	1.5
153591	1.5
153691	1.5
153696	1.5
153811	1.5
153861	1.5
153892	1.5
154019	1.5
154223	1.5
154812	1.5
154874	1.5
154884	1.5
154904	1.5
155257	1.5
155269	1.5
155283	1.5
155336	1.5
155392	1.5
155402	1.5
155488	1.5
155763	1.5
155813	1.5
155954	1.5
156236	1.5
156297	1.5
156304	1.5
156392	1.5
156607	1.5
156629	1.5
156638	1.5
157025	1.5
157056	1.5
157078	1.5
157112	1.5
157210	1.5
157280	1.5
157662	1.5
157906	1.5
157952	1.5
158077	1.5
158161	1.5
158505	1.5
158557	1.5
158569	1.5
158681	1.5
158885	1.5
158947	1.5
159194	1.5
159512	1.5
159552	1.5
159608	1.5
159958	1.5
160132	1.5
160563	1.5
160609	1.5
160640	1.5
160787	1.5
161096	1.5
161115	1.5
161335	1.5
161390	1.5
161866	1.5
162083	1.5
162087	1.5
162367	1.5
162466	1.5
162488	1.5
162616	1.5
162628	1.5
162817	1.5
163034	1.5
163258	1.5
163511	1.5
163595	1.5
163762	1.5
163768	1.5
163849	1.5
163945	1.5
164336	1.5
164347	1.5
164354	1.5
164394	1.5
164521	1.5
164545	1.5
164561	1.5
164828	1.5
165107	1.5
165495	1.5
165953	1.5
165953	1.5
165965	1.5
166596	1.5
166973	1.5
167026	1.5
167397	1.5
167582	1.5
167843	1.5
167853	1.5
168832	1.5
