2020-04-16 19:52:13

CONFIGURATION:
{u'simulation': {u'stdev_factor': 0.01, u'power_mgmt_enabled': False, u'tasks': {u'loc': {u'mean_service_time': {u'gpu': 90, u'cpu_core': 200, u'loc_accel': 10}, u'priority': 1, u'deadline': 1000, u'stdev_service_time': {u'gpu': 0.9, u'cpu_core': 2.0, u'loc_accel': 0.1}, u'power': {u'gpu': 4.457, u'cpu_core': 6.133, u'loc_accel': 0.02197}}, u'detect': {u'mean_service_time': {u'gpu': 0.4607, u'cpu_core': 3.654, u'det_accel': 0.278}, u'priority': 2, u'deadline': 1000, u'stdev_service_time': {u'gpu': 0.004607, u'cpu_core': 0.03654, u'det_accel': 0.0027800000000000004}, u'power': {u'gpu': 90, u'cpu_core': 200, u'det_accel': 10}}, u'Frontier': {u'mean_service_time': {u'cpu_core': 396}, u'priority': 9, u'deadline': 1000, u'stdev_service_time': {u'cpu_core': 3.96}, u'power': {u'cpu_core': 5.98}}, u'track': {u'mean_service_time': {u'gpu': 17, u'tra_accel': 2, u'cpu_core': 1820}, u'priority': 3, u'deadline': 1000, u'stdev_service_time': {u'gpu': 0.17, u'tra_accel': 0.02, u'cpu_core': 18.2}, u'power': {u'gpu': 12.79, u'tra_accel': 0.59, u'cpu_core': 5.6}}, u'sp': {u'mean_service_time': {u'gpu': 379, u'cpu_core': 1004}, u'priority': 11, u'deadline': 1000, u'stdev_service_time': {u'gpu': 3.79, u'cpu_core': 10.040000000000001}, u'power': {u'gpu': 3.302, u'cpu_core': 1004}}, u'mission': {u'mean_service_time': {u'cpu_core': 0.0022}, u'priority': 5, u'deadline': 1000, u'stdev_service_time': {u'cpu_core': 2.2000000000000003e-05}, u'power': {u'cpu_core': 3.534}}, u'motion': {u'mean_service_time': {u'cpu_core': 8}, u'priority': 6, u'deadline': 1000, u'stdev_service_time': {u'cpu_core': 0.08}, u'power': {u'cpu_core': 4.222}}, u'collision': {u'mean_service_time': {u'cpu_core': 8}, u'priority': 7, u'deadline': 1000, u'stdev_service_time': {u'cpu_core': 0.08}, u'power': {u'cpu_core': 0}}, u'fusion': {u'mean_service_time': {u'cpu_core': 1}, u'priority': 4, u'deadline': 1000, u'stdev_service_time': {u'cpu_core': 0.01}, u'power': {u'cpu_core': 0}}, u'map': {u'mean_service_time': {u'gpu': 761, u'cpu_core': 973}, u'priority': 10, u'deadline': 1000, u'stdev_service_time': {u'gpu': 7.61, u'cpu_core': 9.73}, u'power': {u'gpu': 3.533, u'cpu_core': 2.995}}, u'path': {u'mean_service_time': {u'cpu_core': 8}, u'priority': 8, u'deadline': 1000, u'stdev_service_time': {u'cpu_core': 0.08}, u'power': {u'cpu_core': 0}}}, u'sched_policy_module': u'policies.ms1_update2', u'drop': True, u'servers': {u'gpu': {u'count': 2}, u'tra_accel': {u'count': 1}, u'cpu_core': {u'count': 8}, u'loc_accel': {u'count': 1}, u'det_accel': {u'count': 1}}, u'max_tasks_simulated': 10000, u'max_queue_size': 1000000, u'mean_arrival_time': 50, u'arrival_time_scale': 3.1}, u'general': {u'random_seed': 0, u'pre_gen_arrivals': False, u'basename': u'policy:ms1_update2__stdev_factor:0.01', u'output_trace_file': None, u'working_dir': u'/home/hiwot/meta-stomp2/sim_16042020_194257_new_arrival_50_map_rheftmapping_50_trace_10', u'input_trace_file': (False, '../mv_mapping_50_trace_10.trc'), u'logging_level': u'INFO'}}
Time	Response time (avg)
10	10.0
261	10.0
351	10.0
645	10.0
1026	10.0
1188	10.0
1522	10.0
1653	10.0
2025	10.0
2049	10.0
2065	10.0
2083	10.0
2511	10.0
2524	10.0
2536	10.0
2617	10.0
2645	10.0
2669	10.0
3153	10.0
3447	10.0
3494	10.0
3559	10.0
3602	10.0
4139	10.0
4337	10.0
4762	10.0
4895	10.0
5159	10.0
5211	10.0
5683	10.0
5878	10.0
5900	10.0
6011	10.0
6352	10.0
6396	10.0
6516	10.0
6554	10.0
6578	10.0
6802	10.0
6926	10.0
7468	10.0
7508	10.0
7632	10.0
7849	10.0
7877	10.0
8039	10.0
8066	10.0
8522	10.0
8615	10.0
8752	10.0
8762	10.0
9009	10.0
9024	10.0
9055	10.0
9390	10.0
9409	10.0
9585	10.0
9768	10.0
9824	10.0
10453	10.0
10605	10.0
10615	10.0
10674	10.0
10856	10.0
10928	10.0
11303	10.0
11548	10.0
11669	10.0
11731	10.0
12096	10.0
12106	10.0
12124	10.0
12313	10.0
12332	10.0
12729	10.0
12881	10.0
13005	10.0
13057	10.0
13163	10.0
13219	10.0
13364	10.0
13445	10.0
13603	10.0
13941	10.0
13972	10.0
14170	10.0
14499	10.0
14604	10.0
14849	10.0
14880	10.0
15048	10.0
15097	10.0
15107	10.1
15240	10.1
15361	10.1
15371	10.1
15454	10.1
15671	10.1
15720	10.1
15758	10.1
16024	10.1
16034	10.2
16164	10.2
16278	10.2
16294	10.2
16347	10.2
16412	10.2
16939	10.2
17143	10.2
17211	10.2
17249	10.2
17314	10.2
17509	10.2
17813	10.2
18222	10.2
18783	10.2
18839	10.2
18975	10.2
19118	10.2
19158	10.2
19332	10.2
19450	10.2
19558	10.2
19850	10.2
19955	10.2
19980	10.2
20113	10.1
20194	10.1
20355	10.1
20398	10.1
20938	10.1
20997	10.1
21455	10.1
21582	10.1
21651	10.1
21661	10.1
22224	10.1
22395	10.1
22405	10.2
22478	10.2
22516	10.1
22593	10.1
22906	10.1
22990	10.1
23008	10.1
23188	10.1
23349	10.1
23449	10.1
23728	10.1
23752	10.1
23907	10.1
24273	10.1
24565	10.1
24589	10.1
24732	10.1
24881	10.1
24999	10.1
25588	10.1
25678	10.1
25988	10.1
26639	10.1
27026	10.1
27172	10.1
27280	10.1
27451	10.1
27466	10.1
27720	10.1
27919	10.1
28914	10.1
28967	10.1
29367	10.1
29422	10.1
29655	10.1
29665	10.1
29825	10.1
29900	10.1
29968	10.1
29996	10.1
30479	10.1
30904	10.1
31183	10.1
31193	10.1
31468	10.1
31509	10.1
31519	10.2
31529	10.2
31555	10.2
31912	10.2
32033	10.2
32228	10.2
32271	10.2
32597	10.2
32876	10.2
32907	10.2
33753	10.2
33896	10.2
33948	10.2
34159	10.2
34491	10.2
34761	10.2
34771	10.2
35043	10.2
35474	10.2
35914	10.2
36342	10.2
36825	10.2
36940	10.2
36955	10.2
36986	10.2
37039	10.2
37049	10.2
37095	10.2
37346	10.2
37854	10.2
37954	10.2
38484	10.2
39423	10.2
39488	10.2
39528	10.2
40564	10.2
40616	10.2
40815	10.2
40886	10.2
40998	10.2
41008	10.2
41171	10.2
41187	10.2
41209	10.2
41732	10.2
42070	10.2
42461	10.2
42734	10.2
42759	10.2
42941	10.2
43428	10.2
44095	10.2
44352	10.2
44392	10.2
44448	10.2
44684	10.2
44789	10.2
44848	10.2
45180	10.2
45279	10.2
45297	10.2
45533	10.2
45592	10.2
45921	10.2
46045	10.2
46218	10.2
46342	10.2
46541	10.2
46854	10.2
46965	10.2
47061	10.2
47083	10.2
47093	10.2
47281	10.2
47347	10.2
47604	10.2
47614	10.2
47678	10.2
47867	10.2
47917	10.2
47951	10.2
48038	10.2
48153	10.2
48360	10.2
48487	10.2
48556	10.2
48720	10.2
48757	10.2
48890	10.2
48999	10.2
49017	10.2
49027	10.2
49365	10.2
49455	10.2
49610	10.2
49650	10.2
49662	10.2
49758	10.2
49929	10.2
50273	10.2
50468	10.2
50496	10.2
50577	10.2
50595	10.2
50775	10.2
50809	10.2
50846	10.2
51132	10.2
51222	10.2
51364	10.2
51553	10.2
51842	10.2
52059	10.2
52148	10.2
52176	10.2
52201	10.2
52211	10.2
52223	10.2
52233	10.2
52243	10.2
52313	10.2
52660	10.2
52750	10.2
52821	10.2
52886	10.2
53153	10.2
53227	10.2
53268	10.2
53605	10.2
53649	10.2
53702	10.2
53891	10.2
53901	10.2
54052	10.2
54111	10.2
54365	10.2
54790	10.2
54979	10.2
55004	10.2
55041	10.2
55193	10.2
55245	10.2
55301	10.2
55320	10.2
55369	10.2
55968	10.2
56209	10.2
56256	10.2
56495	10.2
56578	10.2
56591	10.2
56733	10.2
56808	10.2
56870	10.2
57465	10.2
57595	10.2
57688	10.2
57759	10.2
57797	10.2
57868	10.2
57924	10.2
58007	10.2
58135	10.2
58145	10.2
58364	10.2
58485	10.2
58495	10.2
58507	10.2
59102	10.2
59112	10.3
59123	10.3
59523	10.3
59669	10.3
59809	10.3
60060	10.3
60339	10.3
60432	10.3
60447	10.3
61061	10.3
61132	10.3
61176	10.3
61383	10.3
61514	10.3
61656	10.3
61833	10.3
62000	10.3
62050	10.3
62388	10.2
62850	10.2
63284	10.2
63467	10.2
63544	10.2
63572	10.2
63907	10.2
63975	10.2
64130	10.2
64245	10.2
64285	10.2
64477	10.2
64487	10.2
65106	10.2
65652	10.2
65757	10.2
66315	10.2
66325	10.2
66486	10.2
66514	10.2
66805	10.2
66833	10.2
67270	10.2
67444	10.2
67456	10.2
68978	10.2
69484	10.2
69614	10.2
70070	10.2
70138	10.2
70148	10.3
70584	10.3
70959	10.3
70969	10.3
71142	10.3
71238	10.3
71579	10.3
71626	10.3
71706	10.3
71864	10.3
72075	10.3
72267	10.3
72382	10.3
72410	10.3
72466	10.3
72562	10.3
72894	10.3
72928	10.3
73005	10.3
73241	10.3
73625	10.3
73731	10.3
74202	10.3
74509	10.3
74961	10.3
75026	10.3
75092	10.3
75104	10.3
75138	10.3
75181	10.3
75200	10.2
75225	10.2
75591	10.2
75817	10.2
76077	10.2
76152	10.2
76223	10.2
76304	10.2
76384	10.2
76806	10.2
77032	10.2
77268	10.2
77305	10.2
77398	10.2
77413	10.2
77553	10.2
77776	10.2
77956	10.2
78102	10.2
78176	10.2
78316	10.2
78539	10.2
78551	10.2
78632	10.2
79001	10.2
79072	10.2
79391	10.2
79456	10.2
79611	10.2
79850	10.2
80008	10.2
80061	10.2
80269	10.2
80585	10.2
80749	10.2
80783	10.2
80811	10.2
80821	10.2
81118	10.2
81226	10.2
81236	10.2
81246	10.3
81450	10.3
81654	10.3
82122	10.3
82187	10.3
82355	10.3
82885	10.3
82944	10.3
83272	10.3
83468	10.3
83747	10.3
83757	10.3
83767	10.3
83852	10.3
84035	10.3
84171	10.3
84302	10.3
84438	10.3
84448	10.3
84458	10.3
84503	10.3
85207	10.3
85349	10.3
85415	10.3
85811	10.3
85929	10.3
86140	10.3
86227	10.3
86320	10.3
86490	10.3
86602	10.3
86785	10.3
86847	10.3
86961	10.3
87411	10.3
87476	10.3
87486	10.3
87501	10.3
87532	10.3
87854	10.3
88298	10.3
88468	10.3
88496	10.3
88524	10.3
88651	10.3
89032	10.3
89128	10.3
89330	10.3
89578	10.3
89624	10.3
89655	10.3
89696	10.3
89826	10.3
89999	10.3
90356	10.3
90663	10.3
90737	10.3
90815	10.3
90970	10.3
91026	10.3
91036	10.3
91230	10.3
91599	10.3
91689	10.3
92424	10.3
92445	10.3
92507	10.3
92517	10.3
92808	10.3
93031	10.3
93149	10.3
93239	10.3
93357	10.3
93614	10.3
93704	10.3
93714	10.3
93726	10.3
93915	10.3
93958	10.3
94085	10.3
94101	10.3
94367	10.3
94454	10.3
94522	10.3
94547	10.3
94733	10.3
94743	10.3
94888	10.3
94972	10.3
95062	10.3
95127	10.3
95297	10.3
95424	10.3
95440	10.3
95527	10.3
95607	10.3
95738	10.3
95964	10.3
96141	10.3
96221	10.3
96292	10.3
96451	10.3
96978	10.3
97241	10.3
97381	10.3
97391	10.3
97591	10.3
97625	10.3
98056	10.3
98121	10.3
98323	10.3
98345	10.3
98355	10.3
98394	10.3
98503	10.3
98655	10.3
98729	10.3
98937	10.3
99154	10.3
99175	10.3
99309	10.3
99557	10.3
99653	10.3
99684	10.3
99752	10.3
99839	10.3
100273	10.3
100326	10.3
100409	10.3
100539	10.3
100564	10.3
100667	10.3
100877	10.3
101265	10.3
101314	10.3
101355	10.3
101497	10.3
101559	10.3
101628	10.3
101835	10.3
101891	10.3
102040	10.3
102359	10.3
102399	10.3
102499	10.3
103007	10.3
103252	10.3
103305	10.3
103785	10.3
104297	10.3
104307	10.3
104393	10.3
104569	10.3
104718	10.3
104762	10.3
104799	10.3
104948	10.3
105224	10.3
105310	10.3
105400	10.3
105720	10.3
105775	10.3
106135	10.3
106150	10.3
106216	10.3
106358	10.3
106885	10.3
107291	10.3
107409	10.3
107487	10.3
107620	10.3
107632	10.3
107657	10.3
107676	10.3
107716	10.3
107824	10.3
107942	10.3
107955	10.3
107989	10.3
108203	10.3
108432	10.3
108730	10.3
108975	10.3
109061	10.3
109415	10.3
109756	10.3
110246	10.3
110360	10.3
110915	10.3
111585	10.3
111765	10.3
111820	10.3
112093	10.3
112149	10.3
112691	10.3
112701	10.3
112711	10.3
112918	10.3
113079	10.3
113318	10.3
113346	10.3
113609	10.3
113736	10.3
114362	10.3
114508	10.3
114768	10.3
115051	10.3
115500	10.3
115565	10.3
115575	10.3
115633	10.3
116080	10.3
116281	10.3
116424	10.3
116458	10.3
116523	10.3
117131	10.3
117338	10.3
117363	10.3
117475	10.3
117658	10.3
117673	10.3
118197	10.3
118687	10.3
118802	10.3
119186	10.3
119329	10.3
119366	10.3
119437	10.3
119673	10.3
119769	10.3
119859	10.3
120324	10.3
120448	10.3
120485	10.3
120525	10.3
120671	10.3
120835	10.3
120910	10.3
121052	10.3
121080	10.3
121114	10.3
121185	10.3
121285	10.3
121530	10.3
121570	10.3
121626	10.3
122128	10.3
122326	10.3
122735	10.3
122816	10.3
122847	10.3
122925	10.3
123058	10.3
123126	10.3
123281	10.3
124189	10.3
124521	10.3
124531	10.3
124639	10.3
124850	10.3
125132	10.3
125234	10.3
125244	10.3
125423	10.3
125510	10.3
125560	10.3
125801	10.3
125987	10.3
125997	10.3
126034	10.3
126167	10.3
126400	10.3
126452	10.3
126648	10.3
126703	10.3
127013	10.3
127271	10.3
127348	10.3
127950	10.3
127993	10.3
128222	10.3
128244	10.3
128532	10.3
128585	10.3
128734	10.3
128780	10.3
128821	10.3
128939	10.3
129087	10.3
129459	10.3
129475	10.3
129485	10.3
129549	10.3
129614	10.3
129655	10.3
129686	10.3
129927	10.3
130113	10.3
130287	10.3
130451	10.3
130616	10.3
131096	10.3
131319	10.3
131409	10.3
131806	10.3
132094	10.3
132631	10.3
132641	10.3
132690	10.3
132700	10.3
132730	10.3
132761	10.3
132975	10.3
133155	10.3
133300	10.3
133697	10.3
133753	10.3
133846	10.3
133883	10.3
133973	10.3
134255	10.3
134441	10.3
134534	10.3
134922	10.3
134949	10.3
135306	10.3
135684	10.3
135867	10.3
135938	10.3
136081	10.3
136146	10.3
136419	10.3
136487	10.3
136698	10.3
137088	10.3
137287	10.3
137975	10.3
138025	10.3
138093	10.3
138146	10.3
138266	10.3
138372	10.3
138382	10.3
138440	10.3
138589	10.3
138725	10.3
138874	10.3
138967	10.3
139048	10.3
139165	10.3
139658	10.3
140030	10.3
140099	10.3
140604	10.3
140759	10.3
140830	10.3
140849	10.3
141001	10.3
141047	10.3
141060	10.3
141215	10.3
141255	10.3
141277	10.3
141388	10.3
141515	10.3
141614	10.3
141667	10.3
142668	10.3
142898	10.3
143019	10.3
143168	10.3
143270	10.3
143301	10.3
143338	10.3
143385	10.3
143583	10.3
143701	10.3
143862	10.3
144287	10.3
144380	10.3
144559	10.3
144668	10.3
144680	10.3
144789	10.3
145145	10.3
145443	10.3
145914	10.3
146116	10.3
146144	10.3
146221	10.3
146423	10.3
146503	10.3
146776	10.3
147139	10.3
147356	10.3
147464	10.3
147483	10.3
147746	10.3
148025	10.3
148112	10.3
148122	10.3
148217	10.3
148245	10.3
148298	10.3
148431	10.3
148552	10.3
148844	10.3
149023	10.3
149200	10.3
149210	10.3
149231	10.3
149374	10.3
149386	10.3
149839	10.3
150105	10.3
150254	10.3
150592	10.3
150784	10.3
150964	10.3
151017	10.3
151066	10.3
151448	10.3
151649	10.3
151689	10.3
151699	10.3
151798	10.3
152061	10.3
152409	10.3
152471	10.3
152489	10.3
152672	10.3
152960	10.3
153205	10.3
153286	10.3
153543	10.3
153587	10.3
153639	10.3
153673	10.3
153692	10.3
153782	10.3
153807	10.3
154036	10.3
154049	10.3
154219	10.3
154281	10.3
154675	10.3
154870	10.3
154880	10.3
154997	10.3
155016	10.3
155279	10.3
155332	10.3
155347	10.3
155385	10.3
155395	10.3
155409	10.3
155561	10.3
155809	10.3
156253	10.3
156293	10.3
156634	10.3
156705	10.3
156857	10.3
157021	10.3
157052	10.3
157074	10.3
157130	10.3
157285	10.3
157347	10.3
157902	10.3
157948	10.3
158237	10.3
158506	10.3
158553	10.3
158677	10.3
158881	10.3
158943	10.3
159160	10.3
159508	10.3
159548	10.3
159604	10.3
159830	10.3
159895	10.3
160022	10.3
160115	10.3
160128	10.3
160559	10.3
160605	10.3
160909	10.3
161126	10.3
161268	10.3
161386	10.3
161396	10.3
161406	10.3
161541	10.3
161780	10.3
162056	10.3
162081	10.3
162291	10.3
162363	10.3
162373	10.3
162462	10.3
162719	10.3
162729	10.3
163091	10.3
163116	10.3
163132	10.3
163172	10.3
163299	10.3
163339	10.3
163758	10.3
163845	10.3
163941	10.3
164043	10.3
164511	10.3
164731	10.3
164824	10.3
164976	10.3
165103	10.3
165639	10.3
165779	10.3
166225	10.3
166625	10.3
166799	10.3
166969	10.3
167022	10.3
167115	10.3
