2020-04-16 19:52:47

CONFIGURATION:
{u'simulation': {u'stdev_factor': 0.01, u'power_mgmt_enabled': False, u'tasks': {u'loc': {u'mean_service_time': {u'gpu': 90, u'cpu_core': 200, u'loc_accel': 10}, u'priority': 1, u'deadline': 1000, u'stdev_service_time': {u'gpu': 0.9, u'cpu_core': 2.0, u'loc_accel': 0.1}, u'power': {u'gpu': 4.457, u'cpu_core': 6.133, u'loc_accel': 0.02197}}, u'detect': {u'mean_service_time': {u'gpu': 0.4607, u'cpu_core': 3.654, u'det_accel': 0.278}, u'priority': 2, u'deadline': 1000, u'stdev_service_time': {u'gpu': 0.004607, u'cpu_core': 0.03654, u'det_accel': 0.0027800000000000004}, u'power': {u'gpu': 90, u'cpu_core': 200, u'det_accel': 10}}, u'Frontier': {u'mean_service_time': {u'cpu_core': 396}, u'priority': 9, u'deadline': 1000, u'stdev_service_time': {u'cpu_core': 3.96}, u'power': {u'cpu_core': 5.98}}, u'track': {u'mean_service_time': {u'gpu': 17, u'tra_accel': 2, u'cpu_core': 1820}, u'priority': 3, u'deadline': 1000, u'stdev_service_time': {u'gpu': 0.17, u'tra_accel': 0.02, u'cpu_core': 18.2}, u'power': {u'gpu': 12.79, u'tra_accel': 0.59, u'cpu_core': 5.6}}, u'sp': {u'mean_service_time': {u'gpu': 379, u'cpu_core': 1004}, u'priority': 11, u'deadline': 1000, u'stdev_service_time': {u'gpu': 3.79, u'cpu_core': 10.040000000000001}, u'power': {u'gpu': 3.302, u'cpu_core': 1004}}, u'mission': {u'mean_service_time': {u'cpu_core': 0.0022}, u'priority': 5, u'deadline': 1000, u'stdev_service_time': {u'cpu_core': 2.2000000000000003e-05}, u'power': {u'cpu_core': 3.534}}, u'motion': {u'mean_service_time': {u'cpu_core': 8}, u'priority': 6, u'deadline': 1000, u'stdev_service_time': {u'cpu_core': 0.08}, u'power': {u'cpu_core': 4.222}}, u'collision': {u'mean_service_time': {u'cpu_core': 8}, u'priority': 7, u'deadline': 1000, u'stdev_service_time': {u'cpu_core': 0.08}, u'power': {u'cpu_core': 0}}, u'fusion': {u'mean_service_time': {u'cpu_core': 1}, u'priority': 4, u'deadline': 1000, u'stdev_service_time': {u'cpu_core': 0.01}, u'power': {u'cpu_core': 0}}, u'map': {u'mean_service_time': {u'gpu': 761, u'cpu_core': 973}, u'priority': 10, u'deadline': 1000, u'stdev_service_time': {u'gpu': 7.61, u'cpu_core': 9.73}, u'power': {u'gpu': 3.533, u'cpu_core': 2.995}}, u'path': {u'mean_service_time': {u'cpu_core': 8}, u'priority': 8, u'deadline': 1000, u'stdev_service_time': {u'cpu_core': 0.08}, u'power': {u'cpu_core': 0}}}, u'sched_policy_module': u'policies.ms3_update2', u'drop': True, u'servers': {u'gpu': {u'count': 2}, u'tra_accel': {u'count': 1}, u'cpu_core': {u'count': 8}, u'loc_accel': {u'count': 1}, u'det_accel': {u'count': 1}}, u'max_tasks_simulated': 10000, u'max_queue_size': 1000000, u'mean_arrival_time': 50, u'arrival_time_scale': 3.1}, u'general': {u'random_seed': 0, u'pre_gen_arrivals': False, u'basename': u'policy:ms3_update2__stdev_factor:0.01', u'output_trace_file': None, u'working_dir': u'/home/hiwot/meta-stomp2/sim_16042020_194257_new_arrival_50_map_rheftmapping_50_trace_10', u'input_trace_file': (False, '../mv_mapping_50_trace_10.trc'), u'logging_level': u'INFO'}}
Time	Response time (avg)
1707	495.0
1797	495.0
2658	495.0
3511	495.0
4247	495.0
5171	478.5
5585	480.9
7159	482.6
7487	484.0
7623	475.2
8008	468.0
8166	462.0
8438	464.5
9061	466.7
9389	468.6
9588	470.2
10340	471.7
10473	473.0
10735	474.2
10766	475.2
11291	476.1
12915	472.5
13160	469.2
13253	470.2
13814	471.5
13820	472.5
14024	473.4
14327	474.1
14871	474.9
15155	475.5
15387	476.2
16216	473.7
16808	474.3
17082	474.9
17117	475.5
17735	476.0
17776	473.9
18058	474.4
18068	474.9
18854	475.4
19259	475.9
19668	476.4
21062	474.5
21180	475.0
21905	475.4
23841	475.8
23851	476.3
24128	474.6
24795	475.0
24895	475.4
25746	475.8
26011	476.2
26611	474.6
29177	475.0
29569	475.4
30413	475.7
31364	476.1
31608	474.7
32629	475.0
32955	475.4
35342	475.7
35771	474.4
36103	473.2
36293	473.5
37360	473.8
37788	474.2
38311	474.5
38750	474.8
38760	475.1
38792	475.3
39400	475.6
40869	475.9
40934	476.2
41140	475.1
42332	475.3
42617	475.6
43907	475.8
44346	474.8
44467	475.1
45798	475.3
46401	474.3
46492	474.6
46990	474.8
47443	475.1
47700	475.3
48153	474.4
48394	474.6
48651	474.9
49216	474.0
49290	473.1
50099	472.3
50168	471.4
50738	471.7
50811	471.9
51067	471.1
51373	471.4
51762	471.6
52179	471.9
52216	472.1
52713	472.3
52834	471.6
53075	471.8
53664	472.0
53845	471.3
54532	471.5
55413	471.7
55503	471.0
56517	471.3
57031	471.5
57414	471.7
58190	471.0
58482	470.3
58911	470.6
59207	469.9
59406	470.9
60735	470.3
60969	470.5
61509	470.7
61520	470.9
61920	471.1
62143	471.3
62578	471.5
63126	470.9
63529	471.1
65156	470.5
65184	469.9
65353	470.1
65841	470.3
65864	470.4
66198	470.6
66552	470.8
67937	470.3
68445	469.7
70424	469.9
71760	469.3
72850	468.8
73238	468.3
73521	468.5
73713	468.7
73994	468.1
74022	467.6
74078	467.1
74174	466.6
74472	466.8
74617	466.3
74687	466.5
75336	466.7
75442	466.9
76599	467.1
76892	467.3
77835	466.8
78714	467.0
78939	467.2
80343	467.4
80841	467.5
81567	467.7
81792	467.9
82197	467.4
82395	467.0
82423	466.5
82564	466.7
83694	466.9
85470	467.1
85478	467.2
86013	467.4
86214	467.6
86861	467.7
87522	467.9
87640	468.1
87746	468.2
87812	468.4
88947	468.5
90865	468.7
91236	468.3
92941	468.4
93134	468.6
93212	468.7
94085	468.9
94163	469.0
94522	469.2
94745	469.3
94867	469.5
95060	469.7
95425	469.8
95437	469.9
96011	470.1
96962	470.2
97052	470.3
97139	469.9
97219	469.5
97753	469.2
98424	469.3
98864	469.4
99092	469.6
99237	469.2
99733	468.8
99957	468.4
100373	468.6
100766	468.7
101268	468.9
101364	469.0
102489	468.6
102877	468.3
102936	468.4
103602	468.5
103887	468.7
104838	468.8
104917	468.4
105789	468.6
106429	468.7
106560	468.4
107111	468.5
107691	468.6
108331	468.7
109099	468.4
109535	468.5
109653	468.6
109688	468.8
110639	468.9
111806	469.0
113031	469.1
114691	468.8
115088	468.9
115808	469.0
117079	469.1
117692	468.8
118842	468.9
118913	469.0
118981	469.2
119384	469.3
120632	469.4
121077	469.5
121084	469.6
121471	469.3
121770	469.4
122035	469.5
122522	469.2
122546	469.3
122986	469.4
123412	469.5
123673	469.6
123937	469.7
124636	469.8
125967	469.9
126251	469.6
126918	469.7
127512	469.8
127641	469.9
127779	469.6
128359	469.7
128794	469.8
129439	469.9
129745	470.0
129856	469.7
130144	469.5
131071	469.2
131325	469.3
131341	469.4
132765	469.5
133418	469.2
134077	469.3
134411	469.4
135011	469.5
135684	469.6
135867	469.3
136395	469.4
137319	469.5
137550	469.2
138733	469.3
139539	469.4
139712	469.5
139984	469.2
139994	469.0
140300	469.1
140579	468.8
142371	468.5
142427	468.6
142565	468.7
142926	468.8
143325	468.9
144344	469.0
144950	468.7
144981	468.8
144997	468.6
145295	468.7
145416	468.8
147728	468.5
147869	468.6
148910	468.7
149095	468.4
149637	468.2
149857	467.9
149861	468.0
150555	468.1
150704	468.2
151097	468.3
151451	468.1
151655	468.2
151763	468.3
152714	468.3
152728	468.4
153557	468.5
153855	468.6
154806	468.7
154898	468.5
155251	468.2
155384	468.3
155394	468.1
155482	468.2
155757	468.2
156386	468.3
157106	468.4
157173	468.2
159952	468.3
160634	468.4
163252	468.4
164341	468.2
164537	468.3
165489	468.4
165957	468.5
167391	468.5
167837	468.3
168826	468.4
