2020-04-16 19:52:30

CONFIGURATION:
{u'simulation': {u'stdev_factor': 0.01, u'power_mgmt_enabled': False, u'tasks': {u'loc': {u'mean_service_time': {u'gpu': 90, u'cpu_core': 200, u'loc_accel': 10}, u'priority': 1, u'deadline': 1000, u'stdev_service_time': {u'gpu': 0.9, u'cpu_core': 2.0, u'loc_accel': 0.1}, u'power': {u'gpu': 4.457, u'cpu_core': 6.133, u'loc_accel': 0.02197}}, u'detect': {u'mean_service_time': {u'gpu': 0.4607, u'cpu_core': 3.654, u'det_accel': 0.278}, u'priority': 2, u'deadline': 1000, u'stdev_service_time': {u'gpu': 0.004607, u'cpu_core': 0.03654, u'det_accel': 0.0027800000000000004}, u'power': {u'gpu': 90, u'cpu_core': 200, u'det_accel': 10}}, u'Frontier': {u'mean_service_time': {u'cpu_core': 396}, u'priority': 9, u'deadline': 1000, u'stdev_service_time': {u'cpu_core': 3.96}, u'power': {u'cpu_core': 5.98}}, u'track': {u'mean_service_time': {u'gpu': 17, u'tra_accel': 2, u'cpu_core': 1820}, u'priority': 3, u'deadline': 1000, u'stdev_service_time': {u'gpu': 0.17, u'tra_accel': 0.02, u'cpu_core': 18.2}, u'power': {u'gpu': 12.79, u'tra_accel': 0.59, u'cpu_core': 5.6}}, u'sp': {u'mean_service_time': {u'gpu': 379, u'cpu_core': 1004}, u'priority': 11, u'deadline': 1000, u'stdev_service_time': {u'gpu': 3.79, u'cpu_core': 10.040000000000001}, u'power': {u'gpu': 3.302, u'cpu_core': 1004}}, u'mission': {u'mean_service_time': {u'cpu_core': 0.0022}, u'priority': 5, u'deadline': 1000, u'stdev_service_time': {u'cpu_core': 2.2000000000000003e-05}, u'power': {u'cpu_core': 3.534}}, u'motion': {u'mean_service_time': {u'cpu_core': 8}, u'priority': 6, u'deadline': 1000, u'stdev_service_time': {u'cpu_core': 0.08}, u'power': {u'cpu_core': 4.222}}, u'collision': {u'mean_service_time': {u'cpu_core': 8}, u'priority': 7, u'deadline': 1000, u'stdev_service_time': {u'cpu_core': 0.08}, u'power': {u'cpu_core': 0}}, u'fusion': {u'mean_service_time': {u'cpu_core': 1}, u'priority': 4, u'deadline': 1000, u'stdev_service_time': {u'cpu_core': 0.01}, u'power': {u'cpu_core': 0}}, u'map': {u'mean_service_time': {u'gpu': 761, u'cpu_core': 973}, u'priority': 10, u'deadline': 1000, u'stdev_service_time': {u'gpu': 7.61, u'cpu_core': 9.73}, u'power': {u'gpu': 3.533, u'cpu_core': 2.995}}, u'path': {u'mean_service_time': {u'cpu_core': 8}, u'priority': 8, u'deadline': 1000, u'stdev_service_time': {u'cpu_core': 0.08}, u'power': {u'cpu_core': 0}}}, u'sched_policy_module': u'policies.ms2_update2', u'drop': True, u'servers': {u'gpu': {u'count': 2}, u'tra_accel': {u'count': 1}, u'cpu_core': {u'count': 8}, u'loc_accel': {u'count': 1}, u'det_accel': {u'count': 1}}, u'max_tasks_simulated': 10000, u'max_queue_size': 1000000, u'mean_arrival_time': 50, u'arrival_time_scale': 3.1}, u'general': {u'random_seed': 0, u'pre_gen_arrivals': False, u'basename': u'policy:ms2_update2__stdev_factor:0.01', u'output_trace_file': None, u'working_dir': u'/home/hiwot/meta-stomp2/sim_16042020_194257_new_arrival_50_map_rheftmapping_50_trace_10', u'input_trace_file': (False, '../mv_mapping_50_trace_10.trc'), u'logging_level': u'INFO'}}
Time	Response time (avg)
1212	951.0
1302	951.0
2163	1013.0
3016	997.5
3114	1004.2
3740	1039.5
3752	1064.7
3833	1083.6
4104	1068.9
4398	1057.1
4710	1071.5
4775	1083.6
4818	1093.8
5090	1083.6
5713	1074.7
6041	1079.2
6375	1087.2
6664	1081.3
6992	1081.9
7227	1088.6
7612	1094.7
7615	1094.9
7770	1100.1
7943	1101.8
8566	1101.7
8848	1106.1
8894	1103.8
9093	1107.8
9282	1111.6
9517	1107.7
9831	1111.2
9845	1110.6
9978	1113.8
10240	1116.8
10271	1119.6
10536	1114.9
10796	1111.1
11040	1115.3
11807	1111.1
11879	1107.1
12519	1109.8
12758	1107.8
12764	1110.3
12830	1111.5
13312	1113.8
13322	1116.0
13340	1118.1
13529	1120.2
13548	1122.1
13709	1119.3
13832	1116.0
14221	1117.9
14376	1121.7
14531	1125.2
14660	1124.0
14892	1120.9
15386	1122.6
15611	1122.4
15820	1124.0
15843	1121.8
16096	1123.3
16264	1124.8
16313	1126.3
16456	1127.7
16587	1129.0
16622	1126.3
16794	1125.6
17240	1126.9
17380	1128.2
17563	1129.4
17573	1129.9
17890	1127.4
18359	1128.6
18764	1126.2
19173	1123.9
19734	1121.6
20124	1120.1
20374	1121.3
20666	1122.5
20685	1122.6
21075	1122.6
21329	1123.7
21410	1124.8
21614	1125.9
21889	1123.8
22026	1122.7
22798	1123.8
22877	1124.9
23346	1122.9
23356	1121.0
23732	1122.0
23809	1123.1
24122	1124.1
24206	1125.0
24300	1123.2
24400	1121.4
24968	1122.4
25123	1123.3
25251	1121.9
25516	1120.2
25805	1121.1
26215	1122.0
27590	1120.4
28123	1118.8
28496	1119.7
28541	1119.3
28682	1120.3
29074	1120.6
29918	1119.1
30616	1117.5
30869	1116.2
31212	1117.1
32134	1115.6
32460	1114.2
32745	1115.1
32771	1115.9
33085	1115.4
33411	1115.6
34847	1114.2
34899	1112.8
35375	1113.7
35707	1114.5
35798	1113.8
35850	1113.6
36259	1114.4
36865	1113.2
37293	1111.9
37816	1110.9
38156	1111.7
38202	1112.5
38255	1113.3
38265	1114.1
38297	1112.9
38905	1111.7
40374	1110.5
40439	1109.3
40744	1110.1
41837	1108.9
42122	1107.8
42425	1108.6
43021	1107.5
43412	1106.4
43950	1107.1
43972	1106.6
45046	1105.5
45303	1104.5
45900	1105.2
45997	1105.5
46005	1106.3
46254	1106.0
46495	1106.8
46948	1106.2
47205	1106.6
47434	1107.3
47757	1108.0
47899	1107.6
48156	1107.3
48181	1108.0
48309	1108.8
48820	1109.4
48868	1108.4
48894	1109.1
49311	1108.1
49703	1108.8
49772	1109.4
49819	1109.4
49973	1110.0
50243	1110.6
50316	1109.7
50671	1110.3
50770	1110.6
50866	1111.2
50878	1111.8
51145	1112.4
51267	1111.8
51684	1112.4
51721	1112.4
51991	1113.0
52062	1113.6
52218	1113.4
52438	1114.0
52580	1114.6
52672	1114.6
53169	1114.1
53449	1114.6
53459	1115.2
53529	1115.7
53623	1114.9
53966	1115.4
54037	1116.0
54120	1115.2
54443	1115.7
54484	1116.2
54574	1115.5
54918	1116.0
55071	1115.5
55107	1116.0
55930	1115.2
56022	1114.5
56517	1115.0
56536	1115.5
56919	1114.7
57160	1113.9
57711	1114.4
57794	1114.9
57807	1115.4
57870	1115.5
58086	1116.0
58416	1115.2
58811	1115.6
58821	1115.4
58975	1116.2
59013	1116.7
59084	1117.1
59140	1117.6
59351	1118.1
59436	1117.3
59723	1117.7
60063	1117.0
60339	1117.4
60474	1116.7
60885	1117.1
61014	1116.4
61025	1116.8
61425	1116.2
61648	1116.7
61663	1117.6
62083	1116.8
62376	1116.3
62392	1116.7
62730	1117.2
63034	1116.6
63049	1117.0
63266	1117.6
63801	1116.9
64418	1116.2
64760	1116.7
64788	1117.1
64858	1116.4
65191	1116.8
65346	1117.2
65369	1117.2
65703	1117.6
66057	1117.0
66603	1116.3
66973	1116.7
67266	1116.0
67541	1116.4
67756	1115.8
68049	1116.2
68221	1115.5
68672	1115.9
69929	1115.2
70435	1114.6
71089	1114.0
71364	1114.4
71910	1113.7
72040	1113.6
72454	1113.9
72842	1114.3
73026	1113.7
73218	1113.1
73598	1113.5
73626	1113.9
73682	1114.3
73778	1114.6
73977	1114.4
74192	1113.8
74221	1114.2
74841	1114.5
74947	1114.9
75153	1114.3
75460	1113.7
76104	1113.2
76354	1113.7
76397	1114.1
76416	1114.5
76441	1114.8
76542	1114.2
77103	1113.7
77439	1114.0
77493	1114.0
78022	1114.4
78219	1113.8
78444	1113.5
78629	1113.9
78992	1114.3
79170	1113.8
79395	1113.7
79767	1114.1
79848	1114.4
80121	1114.4
80346	1113.9
80672	1114.2
81072	1114.1
81297	1113.8
81801	1114.1
81999	1114.5
82027	1114.8
82069	1114.3
82248	1113.9
82666	1114.2
82870	1114.6
83073	1114.0
83199	1113.7
84024	1113.6
84223	1113.1
84973	1113.4
84975	1113.4
84983	1113.8
85174	1113.8
85518	1114.2
85664	1114.5
85674	1114.8
85719	1115.1
86300	1114.6
86366	1114.1
87027	1114.4
87145	1114.7
87251	1114.5
87317	1114.1
87706	1114.4
87818	1114.7
88063	1115.0
88427	1114.5
88452	1114.0
89419	1113.5
89475	1113.0
90370	1112.8
90529	1112.3
90840	1112.6
90871	1112.9
90912	1113.2
91042	1113.6
91215	1113.9
91688	1113.4
91766	1112.9
92186	1113.2
92252	1113.5
92446	1113.8
92639	1113.6
92717	1113.3
93590	1113.3
93640	1113.5
93668	1113.7
94024	1114.0
94247	1114.2
94365	1114.5
94565	1114.1
94573	1114.4
94655	1113.9
94930	1114.2
94942	1114.5
95306	1114.8
95379	1115.2
95516	1115.1
95606	1115.4
95949	1115.7
96104	1116.0
96188	1116.3
96343	1116.5
96467	1116.3
96557	1116.3
96743	1116.6
96823	1116.9
96954	1117.2
97180	1117.4
97357	1117.7
97418	1117.3
97437	1117.6
97929	1117.1
98369	1116.7
98597	1117.0
98607	1117.7
98841	1117.9
99007	1117.5
99320	1117.2
99337	1117.4
99561	1117.7
99571	1117.9
99871	1118.2
99945	1118.5
99958	1118.2
100271	1118.1
100391	1118.5
100525	1118.7
100773	1119.0
100869	1119.2
100909	1119.5
101490	1119.1
101860	1118.7
101883	1119.0
102441	1118.9
102481	1119.1
102775	1119.4
102811	1119.0
103107	1119.2
103392	1118.9
103615	1119.3
103715	1119.5
103958	1119.1
104343	1119.0
104521	1119.3
104909	1119.3
105294	1118.9
105523	1119.2
105609	1119.4
105785	1119.7
105860	1119.5
106015	1120.0
106164	1120.2
106245	1120.0
106526	1120.2
106616	1120.4
106811	1120.4
107196	1120.2
107366	1120.4
107574	1120.7
107836	1120.3
108242	1119.9
108703	1120.1
108787	1120.2
108873	1120.4
108892	1120.6
108932	1120.9
109040	1121.1
109158	1121.3
109193	1121.0
109205	1121.2
109738	1121.0
110144	1120.9
110191	1121.1
110707	1120.7
111311	1120.3
111866	1119.9
112536	1119.5
112817	1119.2
113642	1118.9
113768	1118.7
113927	1119.0
114134	1119.2
114295	1119.4
114593	1119.1
115313	1118.7
115544	1118.5
115984	1118.7
116267	1119.0
116516	1118.6
116584	1118.2
117296	1118.4
117467	1118.3
117535	1118.2
118347	1118.4
118418	1118.3
118486	1118.0
118889	1118.2
119638	1117.9
120137	1117.5
120545	1117.7
120582	1117.9
120589	1118.0
120889	1118.2
121075	1118.4
121275	1118.1
121540	1117.9
121701	1118.2
121887	1118.4
122051	1118.6
122126	1118.8
122226	1118.9
122491	1118.6
122501	1118.8
122786	1119.0
122917	1119.3
123177	1119.2
123442	1119.2
123951	1119.4
124128	1119.1
124141	1119.3
125140	1119.0
125472	1118.6
125855	1118.9
126066	1119.1
126195	1118.7
126423	1118.5
127017	1118.7
127146	1118.7
127213	1118.9
127383	1119.1
127403	1118.8
127864	1119.0
127919	1119.2
128299	1118.9
128944	1118.5
129250	1118.3
129460	1118.5
129748	1118.7
129895	1118.4
130201	1118.4
130675	1118.6
130701	1118.8
130830	1119.0
130846	1119.1
130871	1119.2
131143	1119.4
131152	1119.3
131503	1119.5
131667	1119.7
131832	1119.8
132047	1119.5
132270	1119.2
132625	1119.4
133022	1119.6
133582	1119.2
133592	1118.9
133906	1119.1
133916	1119.3
133946	1119.5
134191	1119.7
134371	1119.8
134516	1120.0
134704	1119.7
134797	1119.4
135099	1119.6
135189	1119.7
135471	1119.9
135657	1120.1
135873	1119.8
135900	1119.5
136522	1119.7
136824	1119.4
136851	1119.4
137154	1119.6
137297	1119.8
137362	1120.0
137635	1120.2
137703	1120.3
138238	1120.0
139044	1119.7
139217	1119.4
139588	1119.6
139598	1119.8
139656	1119.9
139805	1120.1
139995	1120.1
140168	1120.1
140183	1120.3
140981	1120.0
141119	1119.8
141820	1120.0
141932	1119.9
141975	1120.1
142070	1119.9
142431	1120.1
142493	1120.2
142830	1120.4
142883	1120.6
143849	1120.3
143970	1120.0
144384	1120.2
144486	1120.3
144554	1120.5
144601	1120.7
144799	1120.8
144800	1120.8
144921	1120.7
145596	1120.9
145751	1120.8
145775	1121.0
146394	1120.7
146865	1120.4
147332	1120.5
147374	1120.2
148307	1119.9
148415	1119.6
148699	1119.8
149241	1120.0
149258	1120.0
149338	1120.2
149366	1120.1
149461	1120.3
149514	1120.6
149647	1120.7
150060	1120.9
150209	1120.6
150317	1120.6
150602	1120.8
151055	1121.0
151160	1120.8
151268	1120.7
152000	1120.8
152111	1120.9
152219	1120.9
152233	1121.1
152905	1121.2
153062	1121.0
153360	1120.8
153687	1120.9
153888	1121.1
154013	1121.0
154311	1120.9
154502	1121.1
154855	1121.2
154889	1121.4
154987	1121.1
154998	1121.3
155262	1121.0
155265	1121.2
155891	1121.4
155948	1121.1
156232	1121.2
156298	1121.0
156601	1121.1
156611	1121.3
156625	1121.4
156777	1121.6
157204	1121.3
157656	1121.0
158073	1121.2
158155	1121.0
158501	1121.2
158563	1121.3
159188	1121.1
159457	1120.8
160139	1120.6
160781	1120.3
161090	1120.2
161111	1120.4
161331	1120.5
161860	1120.2
162077	1120.0
162484	1120.1
162612	1120.3
162622	1120.4
162757	1120.6
162811	1120.4
163028	1120.2
163507	1120.3
163589	1120.5
163762	1120.4
163945	1120.5
164042	1120.3
164332	1120.4
164348	1120.6
164388	1120.7
164515	1120.9
164555	1121.0
164994	1120.7
165462	1120.5
165945	1120.2
165947	1120.4
166590	1120.1
166896	1120.1
167441	1120.3
167576	1120.0
167847	1119.9
168331	1120.1
