2020-04-16 19:52:47

CONFIGURATION:
{u'simulation': {u'stdev_factor': 0.01, u'power_mgmt_enabled': False, u'tasks': {u'loc': {u'mean_service_time': {u'gpu': 90, u'cpu_core': 200, u'loc_accel': 10}, u'priority': 1, u'deadline': 1000, u'stdev_service_time': {u'gpu': 0.9, u'cpu_core': 2.0, u'loc_accel': 0.1}, u'power': {u'gpu': 4.457, u'cpu_core': 6.133, u'loc_accel': 0.02197}}, u'detect': {u'mean_service_time': {u'gpu': 0.4607, u'cpu_core': 3.654, u'det_accel': 0.278}, u'priority': 2, u'deadline': 1000, u'stdev_service_time': {u'gpu': 0.004607, u'cpu_core': 0.03654, u'det_accel': 0.0027800000000000004}, u'power': {u'gpu': 90, u'cpu_core': 200, u'det_accel': 10}}, u'Frontier': {u'mean_service_time': {u'cpu_core': 396}, u'priority': 9, u'deadline': 1000, u'stdev_service_time': {u'cpu_core': 3.96}, u'power': {u'cpu_core': 5.98}}, u'track': {u'mean_service_time': {u'gpu': 17, u'tra_accel': 2, u'cpu_core': 1820}, u'priority': 3, u'deadline': 1000, u'stdev_service_time': {u'gpu': 0.17, u'tra_accel': 0.02, u'cpu_core': 18.2}, u'power': {u'gpu': 12.79, u'tra_accel': 0.59, u'cpu_core': 5.6}}, u'sp': {u'mean_service_time': {u'gpu': 379, u'cpu_core': 1004}, u'priority': 11, u'deadline': 1000, u'stdev_service_time': {u'gpu': 3.79, u'cpu_core': 10.040000000000001}, u'power': {u'gpu': 3.302, u'cpu_core': 1004}}, u'mission': {u'mean_service_time': {u'cpu_core': 0.0022}, u'priority': 5, u'deadline': 1000, u'stdev_service_time': {u'cpu_core': 2.2000000000000003e-05}, u'power': {u'cpu_core': 3.534}}, u'motion': {u'mean_service_time': {u'cpu_core': 8}, u'priority': 6, u'deadline': 1000, u'stdev_service_time': {u'cpu_core': 0.08}, u'power': {u'cpu_core': 4.222}}, u'collision': {u'mean_service_time': {u'cpu_core': 8}, u'priority': 7, u'deadline': 1000, u'stdev_service_time': {u'cpu_core': 0.08}, u'power': {u'cpu_core': 0}}, u'fusion': {u'mean_service_time': {u'cpu_core': 1}, u'priority': 4, u'deadline': 1000, u'stdev_service_time': {u'cpu_core': 0.01}, u'power': {u'cpu_core': 0}}, u'map': {u'mean_service_time': {u'gpu': 761, u'cpu_core': 973}, u'priority': 10, u'deadline': 1000, u'stdev_service_time': {u'gpu': 7.61, u'cpu_core': 9.73}, u'power': {u'gpu': 3.533, u'cpu_core': 2.995}}, u'path': {u'mean_service_time': {u'cpu_core': 8}, u'priority': 8, u'deadline': 1000, u'stdev_service_time': {u'cpu_core': 0.08}, u'power': {u'cpu_core': 0}}}, u'sched_policy_module': u'policies.ms3_update2', u'drop': True, u'servers': {u'gpu': {u'count': 2}, u'tra_accel': {u'count': 1}, u'cpu_core': {u'count': 8}, u'loc_accel': {u'count': 1}, u'det_accel': {u'count': 1}}, u'max_tasks_simulated': 10000, u'max_queue_size': 1000000, u'mean_arrival_time': 50, u'arrival_time_scale': 3.1}, u'general': {u'random_seed': 0, u'pre_gen_arrivals': False, u'basename': u'policy:ms3_update2__stdev_factor:0.01', u'output_trace_file': None, u'working_dir': u'/home/hiwot/meta-stomp2/sim_16042020_194257_new_arrival_50_map_rheftmapping_50_trace_10', u'input_trace_file': (False, '../mv_mapping_50_trace_10.trc'), u'logging_level': u'INFO'}}
Time	Response time (avg)
14	1.0
649	1.0
1192	1.0
1526	1.0
1657	1.0
1713	1.0
1805	1.0
2029	1.0
2053	1.0
2515	1.0
2649	1.0
2664	1.0
2673	1.0
3120	1.0
3517	1.0
3744	1.0
3839	1.0
4110	1.0
4253	1.0
4341	1.0
4404	1.0
4716	1.0
4824	1.0
5177	1.0
5215	1.0
5593	1.0
5719	1.0
5882	1.0
6047	1.0
6356	1.0
6381	1.0
6582	1.0
6930	1.0
7165	1.0
7495	1.0
7512	1.0
7621	1.0
7629	1.0
8014	1.0
8043	1.0
8172	1.0
8446	1.0
8852	1.0
9013	1.0
9067	1.0
9286	1.0
9394	1.0
9395	1.0
9413	1.0
9523	1.0
9596	1.0
9837	1.0
10346	1.0
10457	1.0
10481	1.0
10542	1.0
10609	1.0
10619	1.0
10678	1.0
10743	1.0
10774	1.0
11044	1.0
11299	1.0
11813	1.0
11885	1.0
12930	1.1
12933	1.2
13350	1.6
13353	2.0
13361	2.2
13364	2.3
13368	2.2
13449	2.2
13554	2.2
13715	2.2
13820	2.2
13828	2.2
13976	2.1
14032	2.1
14225	2.1
14335	2.1
14475	2.1
14877	2.1
15111	2.1
15161	2.0
15365	2.0
15390	2.0
15395	2.0
15458	2.0
15617	2.0
15762	2.0
15849	2.0
16038	2.0
16100	2.0
16222	2.0
16270	1.9
16282	1.9
16298	1.9
16460	1.9
16800	1.9
16814	1.9
17090	1.9
17125	1.9
17215	1.9
17253	1.9
17318	1.9
17513	1.9
17741	1.8
17782	1.8
17896	1.8
18066	1.8
18076	1.8
18843	1.8
18860	1.8
18979	1.8
19265	1.8
19336	1.8
19674	1.8
19740	1.8
19854	1.8
19984	1.8
20130	1.7
20359	1.7
20378	1.7
21068	1.7
21081	1.7
21188	1.7
21335	1.7
21459	1.7
21618	1.7
21655	1.7
21895	1.7
21911	1.7
22032	1.7
22228	1.7
22482	1.7
22802	1.7
22881	1.7
23012	1.7
23192	1.6
23732	1.6
23813	1.6
23849	1.6
23859	1.6
24126	1.6
24136	1.6
24212	1.6
24736	1.6
24801	1.6
24885	1.6
24903	1.6
24974	1.6
25129	1.6
25592	1.6
25682	1.6
25752	1.6
25811	1.6
25992	1.6
26019	1.6
26617	1.6
27030	1.6
27596	1.6
27724	1.6
28129	1.6
28500	1.6
28547	1.5
28918	1.5
29183	1.5
29371	1.5
29426	1.5
29577	1.5
29659	1.5
29829	1.5
29972	1.5
30419	1.5
30483	1.5
30622	1.5
30908	1.5
31197	1.5
31370	1.5
31472	1.5
31523	1.5
31614	1.5
31916	1.5
32232	1.5
32601	1.5
32635	1.5
32749	1.5
32777	1.5
32880	1.5
32911	1.5
32963	1.5
33091	1.5
33417	1.5
33757	1.5
34905	1.5
35348	1.5
35478	1.5
35777	1.5
35856	1.5
36109	1.5
36265	1.5
36299	1.4
36959	1.4
37099	1.4
37366	1.4
37796	1.4
37858	1.4
38160	1.4
38208	1.4
38317	1.4
38488	1.4
38758	1.4
38768	1.4
38800	1.4
39406	1.4
40568	1.4
40620	1.4
40819	1.4
40875	1.4
40942	1.4
41002	1.4
41012	1.4
41146	1.4
41191	1.4
41736	1.4
42338	1.4
42429	1.4
42625	1.4
42763	1.4
43027	1.4
43432	1.4
43913	1.4
44352	1.4
44396	1.4
44452	1.4
44475	1.4
45052	1.4
45301	1.4
45537	1.4
45596	1.4
45804	1.4
45904	1.4
46260	1.4
46346	1.4
46407	1.4
46498	1.4
46996	1.4
47065	1.4
47285	1.4
47351	1.4
47438	1.4
47449	1.4
47618	1.4
47706	1.4
47871	1.4
47955	1.4
48042	1.4
48159	1.4
48159	1.4
48187	1.4
48315	1.4
48402	1.4
48659	1.4
48874	1.4
48894	1.3
49003	1.3
49021	1.3
49222	1.3
49298	1.3
49317	1.3
49762	1.3
49825	1.3
49977	1.3
50105	1.3
50176	1.3
50500	1.3
50581	1.3
50744	1.3
50778	1.3
50813	1.3
50817	1.3
50870	1.3
51073	1.3
51151	1.3
51379	1.3
51768	1.3
51846	1.3
51995	1.3
52065	1.3
52068	1.3
52182	1.3
52187	1.3
52205	1.3
52215	1.3
52226	1.3
52227	1.3
52678	1.3
52719	1.3
52840	1.3
52890	1.3
53083	1.3
53463	1.3
53535	1.3
53629	1.3
53653	1.3
53670	1.3
53851	1.3
53905	1.3
53970	1.3
54115	1.3
54126	1.3
54369	1.3
54449	1.3
54490	1.3
54538	1.3
54580	1.3
54794	1.3
55008	1.3
55077	1.3
55197	1.3
55249	1.3
55373	1.3
55419	1.3
55509	1.3
55936	1.3
56260	1.3
56523	1.3
56527	1.3
56812	1.3
57037	1.3
57166	1.3
57422	1.3
57715	1.3
57811	1.3
57876	1.3
58011	1.3
58203	1.3
58206	1.3
58368	1.3
58488	1.3
58499	1.3
58990	1.4
58993	1.4
59019	1.4
59090	1.4
59106	1.4
59146	1.4
59213	1.4
59357	1.4
59414	1.4
59442	1.4
59729	1.4
60069	1.4
60741	1.4
60889	1.4
60977	1.4
61065	1.4
61517	1.4
61526	1.4
61660	1.4
61669	1.4
61928	1.4
62149	1.4
62382	1.4
62392	1.4
62398	1.4
62586	1.4
63055	1.4
63132	1.4
63272	1.4
63288	1.4
63537	1.4
63807	1.4
64289	1.3
64424	1.3
64481	1.3
65162	1.3
65194	1.4
65197	1.4
65361	1.3
65847	1.3
65872	1.3
66206	1.3
66490	1.3
66518	1.3
66558	1.3
66609	1.3
66979	1.3
67272	1.3
67448	1.3
67762	1.3
67943	1.3
68227	1.3
68451	1.3
68678	1.3
69618	1.3
70074	1.3
70430	1.3
70441	1.3
70588	1.3
71095	1.3
71146	1.3
71583	1.3
71710	1.3
71766	1.3
71868	1.3
71916	1.3
72046	1.3
72856	1.3
72898	1.3
73244	1.3
73529	1.3
73721	1.3
74000	1.3
74030	1.3
74086	1.3
74182	1.3
74480	1.3
74623	1.3
74695	1.3
74965	1.3
75030	1.3
75108	1.3
75159	1.3
75342	1.3
75450	1.3
75466	1.3
75821	1.3
76081	1.3
76308	1.3
76358	1.3
76422	1.3
76447	1.3
76548	1.3
76605	1.3
76898	1.3
77036	1.3
77109	1.3
77309	1.3
77499	1.3
77557	1.3
77841	1.3
77960	1.3
78026	1.3
78106	1.3
78543	1.3
78635	1.3
78720	1.3
78947	1.3
78998	1.3
79076	1.3
79176	1.3
79401	1.3
79615	1.3
79773	1.3
79854	1.3
80065	1.3
80127	1.3
80349	1.3
80676	1.3
80753	1.3
80825	1.3
80847	1.3
81230	1.3
81250	1.3
81573	1.3
81798	1.3
82203	1.3
82254	1.3
82359	1.3
82401	1.3
82431	1.3
82572	1.3
82672	1.3
82876	1.3
82889	1.3
83079	1.3
83472	1.3
83700	1.3
83751	1.3
84030	1.3
84175	1.3
84229	1.3
84442	1.3
84977	1.3
85180	1.3
85211	1.3
85478	1.3
85484	1.3
85670	1.3
85680	1.3
86019	1.3
86144	1.3
86222	1.3
86306	1.3
86789	1.3
86867	1.3
86965	1.3
87415	1.3
87490	1.3
87528	1.3
87536	1.3
87648	1.3
87712	1.3
87754	1.3
87820	1.3
87826	1.3
87858	1.3
88069	1.3
88302	1.3
88433	1.3
88500	1.3
88655	1.3
88953	1.3
89036	1.3
89132	1.3
89425	1.3
89481	1.3
90360	1.3
90535	1.3
90667	1.3
90871	1.3
90875	1.3
90918	1.3
91030	1.3
91046	1.3
91221	1.3
91242	1.3
91694	1.3
91772	1.3
92192	1.3
92258	1.3
92449	1.3
92947	1.3
93140	1.3
93218	1.3
93243	1.3
93644	1.3
94250	1.7
94525	2.5
94535	2.8
94548	2.8
94551	2.8
94554	2.8
94558	2.8
94577	2.8
94661	2.8
94758	2.8
94761	2.8
94873	2.8
95071	2.8
95074	2.8
95315	2.8
95318	2.8
95383	2.8
95433	2.8
95445	2.8
95612	2.8
95953	2.8
96017	2.8
96110	2.8
96194	2.8
96296	2.8
96347	2.8
96958	2.8
96968	2.8
97060	2.8
97145	2.8
97186	2.8
97227	2.8
97424	2.8
97441	2.8
97595	2.8
97759	2.8
98437	2.8
98440	2.8
98507	2.8
98613	2.8
98870	2.8
99013	2.8
99098	2.8
99243	2.8
99326	2.8
99575	2.8
99954	2.9
99960	2.9
99962	2.9
99968	2.9
99970	2.9
99971	2.9
100277	2.9
100330	2.9
100379	2.9
100395	2.9
100413	2.9
100531	2.9
100568	2.9
100776	2.9
100955	2.9
101274	2.9
101318	2.9
101372	2.9
101496	2.9
101501	2.9
101624	2.9
101632	2.9
102044	2.9
102495	2.9
102576	2.9
102883	2.9
102944	2.9
103055	2.9
103527	2.9
103608	2.9
103721	2.9
103895	2.9
104229	2.9
104742	2.9
104766	2.9
104844	2.9
104923	2.8
105527	2.8
105615	2.8
105693	2.8
105779	2.8
105797	2.8
106021	2.8
106220	2.8
106251	2.8
106435	2.8
106532	2.8
106568	2.8
106677	2.8
107117	2.8
107372	2.8
107413	2.8
107580	2.8
107624	2.8
107697	2.8
107959	2.8
108346	2.8
108349	2.8
108436	2.8
108793	2.8
108877	2.8
108898	2.8
108936	2.8
109105	2.8
109211	2.8
109419	2.8
109541	2.8
109659	2.8
109696	2.8
109744	2.8
110195	2.8
110250	2.8
110647	2.8
110713	2.8
111769	2.8
111812	2.8
111872	2.8
112097	2.8
112153	2.8
112823	2.7
113037	2.7
113322	2.7
113350	2.7
113648	2.7
113740	2.7
113774	2.7
113931	2.7
114140	2.7
114697	2.7
115094	2.7
115504	2.7
115550	2.7
115579	2.7
115814	2.7
115988	2.7
116273	2.7
116285	2.7
116522	2.7
116527	2.7
117085	2.7
117342	2.7
117473	2.7
117541	2.7
117662	2.7
117698	2.7
118201	2.7
118806	2.7
118848	2.7
118919	2.7
118989	2.7
119390	2.7
119644	2.7
119773	2.7
120529	2.7
120549	2.7
120638	2.7
120893	2.7
121056	2.7
121083	2.7
121092	2.6
121118	2.6
121189	2.6
121477	2.6
121785	2.7
121788	2.7
121893	2.7
122043	2.7
122233	2.7
122505	2.6
122528	2.6
122554	2.6
122792	2.6
122820	2.6
122851	2.6
122992	2.6
123062	2.6
123285	2.6
123418	2.6
123679	2.6
123943	2.6
123955	2.6
124135	2.6
124535	2.6
124642	2.6
125136	2.6
125146	2.6
125238	2.6
125514	2.6
125564	2.6
125973	2.6
126038	2.6
126070	2.6
126201	2.6
126257	2.6
126404	2.6
126924	2.6
127017	2.6
127217	2.6
127275	2.6
127409	2.6
127518	2.6
127649	2.6
127785	2.6
127925	2.6
127954	2.6
128365	2.6
128589	2.6
128738	2.6
128784	2.6
128800	2.6
128825	2.6
129445	2.6
129479	2.6
129553	2.6
129751	2.5
129862	2.5
129901	2.5
130150	2.5
130207	2.5
130705	2.5
130875	2.5
131077	2.5
131147	2.5
131158	2.5
131333	2.5
131349	2.5
131507	2.5
131673	2.5
131838	2.5
132053	2.5
132098	2.5
132629	2.5
132765	2.5
132771	2.5
133424	2.5
133598	2.5
133701	2.5
133910	2.5
133952	2.5
134083	2.5
134197	2.5
134377	2.5
134417	2.5
134538	2.5
134710	2.5
134803	2.5
135017	2.5
135105	2.5
135661	2.5
135692	2.5
135873	2.5
135879	2.5
136401	2.5
136526	2.5
136702	2.5
136857	2.5
137092	2.5
137301	2.5
137327	2.5
137368	2.5
137556	2.5
137639	2.5
137709	2.5
137979	2.5
138029	2.5
138150	2.5
138729	2.4
138739	2.4
139169	2.4
139545	2.4
139660	2.4
139664	2.4
139720	2.4
139990	2.4
140001	2.4
140002	2.4
140174	2.4
140308	2.4
140585	2.4
140834	2.4
140987	2.4
141005	2.4
141064	2.4
141125	2.4
141259	2.4
141392	2.4
141519	2.4
141824	2.4
142377	2.4
142433	2.4
142499	2.4
142573	2.4
142672	2.4
142889	2.4
142932	2.4
143305	2.4
143331	2.4
143976	2.4
144291	2.4
144350	2.4
144388	2.4
144684	2.4
144793	2.4
144803	2.4
144956	2.4
144989	2.4
145005	2.4
145149	2.4
145303	2.4
145424	2.4
145602	2.4
145757	2.4
145781	2.4
146148	2.4
146225	2.4
146400	2.4
146507	2.4
146780	2.4
146871	2.4
147143	2.4
147734	2.4
147750	2.4
147877	2.4
148313	2.4
148556	2.4
148916	2.4
149027	2.4
149101	2.4
149204	2.3
149264	2.3
149342	2.3
149378	2.3
149518	2.3
149643	2.3
149653	2.3
149863	2.3
149867	2.3
150323	2.3
150561	2.3
150596	2.3
150712	2.3
151103	2.3
151452	2.3
151457	2.3
151653	2.3
151663	2.3
151703	2.3
151771	2.3
151802	2.3
152006	2.3
152117	2.3
152493	2.3
152720	2.3
152736	2.3
152909	2.3
153547	2.3
153563	2.3
153591	2.3
153691	2.3
153696	2.3
153811	2.3
153861	2.3
153894	2.3
154019	2.3
154223	2.3
154812	2.3
154874	2.3
154884	2.3
154904	2.3
155257	2.3
155269	2.3
155283	2.3
155336	2.3
155392	2.3
155402	2.3
155488	2.3
155763	2.3
155813	2.3
155954	2.3
156236	2.3
156297	2.3
156304	2.3
156392	2.3
156607	2.3
156629	2.3
156638	2.3
157025	2.3
157056	2.3
157078	2.3
157112	2.3
157181	2.3
157210	2.3
157662	2.3
157906	2.3
157952	2.3
158077	2.3
158161	2.3
158505	2.3
158557	2.2
158569	2.2
158681	2.2
158885	2.2
158947	2.2
159194	2.2
159512	2.2
159552	2.2
159608	2.2
159958	2.2
160132	2.2
160563	2.2
160609	2.2
160640	2.2
160787	2.2
161096	2.2
161115	2.2
161335	2.2
161390	2.2
161866	2.2
162083	2.2
162087	2.2
162367	2.2
162466	2.2
162488	2.2
162616	2.2
162628	2.2
162817	2.2
163034	2.2
163258	2.2
163511	2.2
163595	2.2
163762	2.2
163768	2.2
163849	2.2
163945	2.2
164336	2.2
164347	2.2
164354	2.2
164394	2.2
164521	2.2
164545	2.2
164561	2.2
164828	2.2
165107	2.2
165495	2.2
165953	2.2
165953	2.2
165965	2.2
166596	2.2
166973	2.2
167026	2.2
167397	2.2
167582	2.2
167843	2.2
167853	2.2
168832	2.2
