2020-04-16 19:52:13

CONFIGURATION:
{u'simulation': {u'stdev_factor': 0.01, u'power_mgmt_enabled': False, u'tasks': {u'loc': {u'mean_service_time': {u'gpu': 90, u'cpu_core': 200, u'loc_accel': 10}, u'priority': 1, u'deadline': 1000, u'stdev_service_time': {u'gpu': 0.9, u'cpu_core': 2.0, u'loc_accel': 0.1}, u'power': {u'gpu': 4.457, u'cpu_core': 6.133, u'loc_accel': 0.02197}}, u'detect': {u'mean_service_time': {u'gpu': 0.4607, u'cpu_core': 3.654, u'det_accel': 0.278}, u'priority': 2, u'deadline': 1000, u'stdev_service_time': {u'gpu': 0.004607, u'cpu_core': 0.03654, u'det_accel': 0.0027800000000000004}, u'power': {u'gpu': 90, u'cpu_core': 200, u'det_accel': 10}}, u'Frontier': {u'mean_service_time': {u'cpu_core': 396}, u'priority': 9, u'deadline': 1000, u'stdev_service_time': {u'cpu_core': 3.96}, u'power': {u'cpu_core': 5.98}}, u'track': {u'mean_service_time': {u'gpu': 17, u'tra_accel': 2, u'cpu_core': 1820}, u'priority': 3, u'deadline': 1000, u'stdev_service_time': {u'gpu': 0.17, u'tra_accel': 0.02, u'cpu_core': 18.2}, u'power': {u'gpu': 12.79, u'tra_accel': 0.59, u'cpu_core': 5.6}}, u'sp': {u'mean_service_time': {u'gpu': 379, u'cpu_core': 1004}, u'priority': 11, u'deadline': 1000, u'stdev_service_time': {u'gpu': 3.79, u'cpu_core': 10.040000000000001}, u'power': {u'gpu': 3.302, u'cpu_core': 1004}}, u'mission': {u'mean_service_time': {u'cpu_core': 0.0022}, u'priority': 5, u'deadline': 1000, u'stdev_service_time': {u'cpu_core': 2.2000000000000003e-05}, u'power': {u'cpu_core': 3.534}}, u'motion': {u'mean_service_time': {u'cpu_core': 8}, u'priority': 6, u'deadline': 1000, u'stdev_service_time': {u'cpu_core': 0.08}, u'power': {u'cpu_core': 4.222}}, u'collision': {u'mean_service_time': {u'cpu_core': 8}, u'priority': 7, u'deadline': 1000, u'stdev_service_time': {u'cpu_core': 0.08}, u'power': {u'cpu_core': 0}}, u'fusion': {u'mean_service_time': {u'cpu_core': 1}, u'priority': 4, u'deadline': 1000, u'stdev_service_time': {u'cpu_core': 0.01}, u'power': {u'cpu_core': 0}}, u'map': {u'mean_service_time': {u'gpu': 761, u'cpu_core': 973}, u'priority': 10, u'deadline': 1000, u'stdev_service_time': {u'gpu': 7.61, u'cpu_core': 9.73}, u'power': {u'gpu': 3.533, u'cpu_core': 2.995}}, u'path': {u'mean_service_time': {u'cpu_core': 8}, u'priority': 8, u'deadline': 1000, u'stdev_service_time': {u'cpu_core': 0.08}, u'power': {u'cpu_core': 0}}}, u'sched_policy_module': u'policies.ms1_update2', u'drop': True, u'servers': {u'gpu': {u'count': 2}, u'tra_accel': {u'count': 1}, u'cpu_core': {u'count': 8}, u'loc_accel': {u'count': 1}, u'det_accel': {u'count': 1}}, u'max_tasks_simulated': 10000, u'max_queue_size': 1000000, u'mean_arrival_time': 50, u'arrival_time_scale': 3.1}, u'general': {u'random_seed': 0, u'pre_gen_arrivals': False, u'basename': u'policy:ms1_update2__stdev_factor:0.01', u'output_trace_file': None, u'working_dir': u'/home/hiwot/meta-stomp2/sim_16042020_194257_new_arrival_50_map_rheftmapping_50_trace_10', u'input_trace_file': (False, '../mv_mapping_50_trace_10.trc'), u'logging_level': u'INFO'}}
Time	Response time (avg)
13	3.0
648	3.0
1191	3.0
1525	3.0
1656	3.0
1712	3.3
1804	3.9
2028	3.8
2052	3.7
2514	3.6
2648	3.5
2663	3.7
2672	3.6
3119	3.7
3516	3.8
3743	3.8
3838	3.8
4109	3.9
4252	3.9
4340	3.9
4403	4.0
4715	4.0
4823	4.0
5176	4.1
5214	4.0
5592	4.2
5718	4.2
5881	4.1
6046	4.2
6355	4.1
6380	4.2
6581	4.1
6929	4.1
7164	4.1
7494	4.2
7511	4.2
7620	4.2
7628	4.2
8013	4.2
8042	4.2
8171	4.2
8445	4.3
8851	4.3
9012	4.2
9066	4.2
9285	4.2
9393	4.2
9394	4.2
9412	4.2
9522	4.2
9595	4.3
9836	4.3
10345	4.3
10456	4.3
10480	4.3
10541	4.3
10608	4.3
10618	4.3
10677	4.3
10742	4.3
10773	4.3
11043	4.3
11298	4.4
11812	4.4
11884	4.4
12920	5.7
12927	5.8
13319	8.0
13325	10.3
13347	11.5
13358	11.5
13367	11.4
13448	11.3
13553	11.2
13714	11.1
13819	11.1
13827	11.0
13975	10.9
14031	10.9
14224	10.8
14334	10.7
14474	10.6
14876	10.6
15110	10.5
15160	10.4
15364	10.3
15389	10.3
15392	10.2
15457	10.1
15616	10.1
15761	10.0
15848	9.9
16037	9.8
16099	9.8
16221	9.7
16269	9.7
16281	9.6
16297	9.5
16459	9.5
16799	9.4
16813	9.4
17089	9.4
17124	9.3
17214	9.3
17252	9.2
17317	9.2
17512	9.1
17740	9.1
17781	9.0
17895	9.0
18065	9.0
18075	9.0
18842	8.9
18859	8.9
18978	8.8
19264	8.8
19335	8.7
19673	8.7
19739	8.7
19853	8.6
19983	8.6
20129	8.5
20358	8.5
20377	8.5
21067	8.4
21080	8.4
21187	8.4
21334	8.4
21458	8.3
21617	8.3
21654	8.2
21894	8.2
21910	8.2
22031	8.2
22227	8.1
22481	8.1
22801	8.1
22880	8.0
23011	8.0
23191	8.0
23731	7.9
23812	7.9
23848	7.9
23858	7.9
24125	7.8
24135	7.8
24211	7.8
24735	7.8
24800	7.8
24884	7.7
24902	7.7
24973	7.7
25128	7.7
25591	7.7
25681	7.6
25751	7.6
25810	7.6
25991	7.6
26018	7.6
26616	7.5
27029	7.5
27595	7.5
27723	7.5
28128	7.5
28499	7.4
28546	7.4
28917	7.4
29182	7.4
29370	7.3
29425	7.3
29576	7.3
29658	7.3
29828	7.3
29971	7.2
30418	7.2
30482	7.2
30621	7.2
30907	7.2
31196	7.2
31369	7.1
31471	7.1
31522	7.1
31613	7.1
31915	7.1
32231	7.0
32600	7.0
32634	7.0
32748	7.0
32776	7.0
32879	7.0
32910	6.9
32962	6.9
33090	6.9
33416	6.9
33756	6.9
34904	6.9
35347	6.9
35477	6.9
35776	6.8
35855	6.8
36108	6.8
36264	6.8
36298	6.8
36958	6.8
37098	6.8
37365	6.8
37795	6.8
37857	6.7
38159	6.7
38207	6.7
38316	6.7
38487	6.7
38757	6.7
38767	6.7
38799	6.7
39405	6.7
40567	6.7
40619	6.7
40818	6.6
40874	6.6
40941	6.6
41001	6.6
41011	6.6
41145	6.6
41190	6.6
41735	6.6
42337	6.6
42428	6.5
42624	6.5
42762	6.5
43026	6.5
43431	6.5
43912	6.5
44351	6.5
44395	6.5
44451	6.5
44474	6.5
45051	6.5
45300	6.4
45536	6.4
45595	6.4
45803	6.4
45903	6.4
46259	6.4
46345	6.4
46406	6.4
46497	6.4
46995	6.4
47064	6.3
47284	6.3
47350	6.3
47437	6.3
47448	6.3
47617	6.3
47705	6.3
47870	6.3
47954	6.3
48041	6.2
48156	6.2
48158	6.2
48186	6.2
48314	6.2
48401	6.2
48658	6.2
48873	6.2
48893	6.2
49002	6.2
49020	6.2
49221	6.2
49297	6.2
49316	6.2
49761	6.2
49824	6.2
49976	6.1
50104	6.1
50175	6.1
50499	6.1
50580	6.1
50743	6.1
50775	6.1
50812	6.1
50816	6.1
50869	6.1
51072	6.1
51150	6.1
51378	6.1
51767	6.1
51845	6.1
51994	6.1
52062	6.0
52067	6.0
52179	6.0
52186	6.0
52204	6.0
52214	6.0
52223	6.0
52226	6.0
52677	6.0
52718	6.0
52839	6.0
52889	6.0
53082	6.0
53462	6.0
53534	6.0
53628	6.0
53652	6.0
53669	6.0
53850	6.0
53904	5.9
53969	5.9
54114	5.9
54125	5.9
54368	5.9
54448	5.9
54489	5.9
54537	5.9
54579	5.9
54793	5.9
55007	5.9
55076	5.9
55196	5.9
55248	5.9
55372	5.9
55418	5.9
55508	5.9
55935	5.8
56259	5.8
56522	5.8
56524	5.8
56811	5.8
57036	5.8
57165	5.8
57421	5.8
57714	5.8
57810	5.8
57875	5.8
58010	5.8
58193	5.9
58200	5.9
58367	5.9
58487	5.9
58498	5.9
58982	6.1
58987	6.1
59018	6.1
59089	6.1
59105	6.1
59145	6.1
59212	6.1
59356	6.1
59413	6.1
59441	6.1
59728	6.1
60068	6.1
60740	6.1
60888	6.1
60976	6.1
61064	6.1
61514	6.1
61525	6.1
61659	6.1
61668	6.1
61927	6.1
62148	6.1
62381	6.1
62391	6.0
62397	6.0
62585	6.0
63054	6.0
63131	6.0
63271	6.0
63287	6.0
63536	6.0
63806	6.0
64288	6.0
64423	6.0
64480	6.0
65161	6.0
65191	6.0
65196	6.0
65360	6.0
65846	6.0
65871	6.0
66205	6.0
66489	6.0
66517	6.0
66557	6.0
66608	6.0
66978	6.0
67271	6.0
67447	6.0
67761	6.0
67942	6.0
68226	6.0
68450	6.0
68677	6.0
69617	6.0
70073	6.0
70429	6.0
70440	6.0
70587	5.9
71094	5.9
71145	5.9
71582	5.9
71709	5.9
71765	5.9
71867	5.9
71915	5.9
72045	5.9
72855	5.9
72897	5.9
73243	5.9
73528	5.9
73720	5.9
73999	5.9
74029	5.9
74085	5.9
74181	5.9
74479	5.9
74622	5.9
74694	5.9
74964	5.9
75029	5.9
75107	5.9
75158	5.9
75341	5.9
75449	5.9
75465	5.9
75820	5.9
76080	5.9
76307	5.9
76357	5.9
76421	5.9
76446	5.9
76547	5.9
76604	5.8
76897	5.8
77035	5.8
77108	5.8
77308	5.8
77498	5.8
77556	5.8
77840	5.8
77959	5.8
78025	5.8
78105	5.8
78542	5.8
78632	5.8
78719	5.8
78946	5.8
78997	5.8
79075	5.8
79175	5.8
79400	5.8
79614	5.8
79772	5.8
79853	5.8
80064	5.8
80126	5.8
80348	5.8
80675	5.8
80752	5.7
80824	5.7
80846	5.7
81229	5.7
81249	5.7
81572	5.7
81797	5.7
82202	5.7
82253	5.7
82358	5.7
82400	5.7
82430	5.7
82571	5.7
82671	5.7
82875	5.7
82888	5.7
83078	5.7
83471	5.7
83699	5.7
83750	5.7
84029	5.7
84174	5.7
84228	5.7
84441	5.7
84976	5.7
85179	5.7
85210	5.7
85477	5.7
85483	5.7
85669	5.7
85679	5.7
86018	5.7
86143	5.7
86221	5.7
86305	5.7
86788	5.7
86866	5.7
86964	5.6
87414	5.6
87489	5.6
87527	5.6
87535	5.6
87647	5.6
87711	5.6
87753	5.6
87819	5.6
87823	5.6
87857	5.6
88068	5.6
88301	5.6
88432	5.6
88499	5.6
88654	5.6
88952	5.6
89035	5.6
89131	5.6
89424	5.6
89480	5.6
90359	5.6
90534	5.6
90666	5.6
90870	5.6
90874	5.6
90917	5.6
91029	5.6
91045	5.6
91220	5.6
91241	5.6
91693	5.6
91771	5.6
92191	5.6
92257	5.6
92448	5.6
92946	5.6
93139	5.6
93217	5.6
93242	5.6
93643	5.5
94027	5.7
94088	6.0
94372	6.5
94532	7.2
94542	7.2
94545	7.2
94557	7.2
94576	7.2
94660	7.2
94748	7.2
94755	7.2
94872	7.2
95065	7.2
95068	7.2
95307	7.2
95312	7.2
95382	7.2
95432	7.2
95444	7.2
95611	7.2
95952	7.2
96016	7.2
96109	7.2
96193	7.2
96295	7.2
96346	7.2
96957	7.2
96967	7.1
97059	7.1
97144	7.1
97185	7.1
97226	7.1
97423	7.1
97440	7.1
97594	7.1
97758	7.1
98427	7.2
98434	7.2
98506	7.2
98612	7.2
98869	7.2
99012	7.1
99097	7.1
99242	7.1
99325	7.1
99574	7.1
99878	7.4
99948	7.7
99951	7.9
99959	7.9
99967	7.9
99967	7.9
100276	7.9
100329	7.9
100378	7.9
100394	7.9
100412	7.8
100530	7.8
100567	7.8
100773	7.8
100954	7.8
101273	7.8
101317	7.8
101371	7.8
101495	7.8
101500	7.8
101623	7.8
101631	7.8
102043	7.8
102494	7.8
102575	7.8
102882	7.8
102943	7.8
103054	7.8
103526	7.8
103607	7.7
103720	7.7
103894	7.7
104228	7.7
104741	7.7
104765	7.7
104843	7.7
104922	7.7
105526	7.7
105614	7.7
105692	7.7
105778	7.7
105796	7.7
106020	7.7
106219	7.7
106250	7.7
106434	7.7
106531	7.7
106567	7.7
106676	7.7
107116	7.7
107371	7.7
107412	7.6
107579	7.6
107623	7.6
107696	7.6
107958	7.6
108336	7.8
108343	7.8
108435	7.8
108792	7.8
108876	7.7
108897	7.7
108935	7.7
109104	7.7
109210	7.7
109418	7.7
109540	7.7
109658	7.7
109695	7.7
109743	7.7
110194	7.7
110249	7.7
110646	7.7
110712	7.7
111768	7.7
111811	7.7
111871	7.7
112096	7.7
112152	7.7
112822	7.7
113036	7.6
113321	7.6
113349	7.6
113647	7.6
113739	7.6
113773	7.6
113930	7.6
114139	7.6
114696	7.6
115093	7.6
115503	7.6
115549	7.6
115578	7.6
115813	7.6
115987	7.6
116272	7.6
116284	7.6
116521	7.6
116526	7.6
117084	7.5
117341	7.5
117472	7.5
117540	7.5
117661	7.5
117697	7.5
118200	7.5
118805	7.5
118847	7.5
118918	7.5
118988	7.5
119389	7.5
119643	7.5
119772	7.5
120528	7.5
120548	7.5
120637	7.5
120892	7.5
121055	7.5
121082	7.5
121091	7.5
121117	7.4
121188	7.4
121476	7.4
121775	7.5
121782	7.5
121892	7.5
122042	7.5
122232	7.5
122504	7.5
122527	7.5
122553	7.5
122791	7.5
122819	7.5
122850	7.5
122991	7.5
123061	7.5
123284	7.5
123417	7.5
123678	7.5
123942	7.5
123954	7.5
124134	7.5
124534	7.5
124641	7.5
125135	7.5
125145	7.5
125237	7.4
125513	7.4
125563	7.4
125972	7.4
126037	7.4
126069	7.4
126200	7.4
126256	7.4
126403	7.4
126923	7.4
127016	7.4
127216	7.4
127274	7.4
127408	7.4
127517	7.4
127648	7.4
127784	7.4
127924	7.4
127953	7.4
128364	7.4
128588	7.4
128737	7.3
128783	7.3
128799	7.3
128824	7.3
129444	7.3
129478	7.3
129552	7.3
129750	7.3
129861	7.3
129900	7.3
130149	7.3
130206	7.3
130704	7.3
130874	7.3
131076	7.3
131146	7.3
131157	7.3
131332	7.3
131348	7.3
131506	7.3
131672	7.3
131837	7.3
132052	7.3
132097	7.3
132628	7.3
132764	7.3
132770	7.2
133423	7.2
133597	7.2
133700	7.2
133909	7.2
133951	7.2
134082	7.2
134196	7.2
134376	7.2
134416	7.2
134537	7.2
134709	7.2
134802	7.2
135016	7.2
135104	7.2
135660	7.2
135691	7.2
135872	7.2
135878	7.2
136400	7.2
136525	7.2
136701	7.2
136856	7.2
137091	7.2
137300	7.2
137326	7.2
137367	7.2
137555	7.2
137638	7.2
137708	7.1
137978	7.1
138028	7.1
138149	7.1
138728	7.1
138738	7.1
139168	7.1
139544	7.1
139659	7.1
139661	7.1
139719	7.1
139989	7.1
140000	7.1
140001	7.1
140173	7.1
140307	7.1
140584	7.1
140833	7.1
140986	7.1
141004	7.1
141063	7.1
141124	7.1
141258	7.1
141391	7.1
141518	7.1
141823	7.1
142376	7.1
142432	7.1
142498	7.1
142572	7.1
142671	7.0
142888	7.0
142931	7.0
143304	7.0
143330	7.0
143975	7.0
144290	7.0
144349	7.0
144387	7.0
144683	7.0
144792	7.0
144802	7.0
144955	7.0
144988	7.0
145004	7.0
145148	7.0
145302	7.0
145423	7.0
145601	7.0
145756	7.0
145780	7.0
146147	7.0
146224	7.0
146399	7.0
146506	7.0
146779	7.0
146870	7.0
147142	7.0
147733	7.0
147749	7.0
147876	7.0
148312	7.0
148555	7.0
148915	6.9
149026	6.9
149100	6.9
149203	6.9
149263	6.9
149341	6.9
149377	6.9
149517	6.9
149642	6.9
149652	6.9
149862	6.9
149866	6.9
150322	6.9
150560	6.9
150595	6.9
150711	6.9
151102	6.9
151451	6.9
151456	6.9
151652	6.9
151662	6.9
151702	6.9
151770	6.9
151801	6.9
152005	6.9
152116	6.9
152492	6.9
152719	6.9
152735	6.9
152908	6.9
153546	6.9
153562	6.9
153590	6.9
153690	6.9
153695	6.8
153810	6.8
153860	6.8
153893	6.8
154018	6.8
154222	6.8
154811	6.8
154873	6.8
154883	6.8
154903	6.8
155256	6.8
155268	6.8
155282	6.8
155335	6.8
155391	6.8
155401	6.8
155487	6.8
155762	6.8
155812	6.8
155953	6.8
156235	6.8
156296	6.8
156303	6.8
156391	6.8
156606	6.8
156628	6.8
156637	6.8
157024	6.8
157055	6.8
157077	6.8
157111	6.8
157180	6.8
157209	6.8
157661	6.8
157905	6.8
157951	6.8
158076	6.7
158160	6.7
158504	6.7
158556	6.7
158568	6.7
158680	6.7
158884	6.7
158946	6.7
159193	6.7
159511	6.7
159551	6.7
159607	6.7
159957	6.7
160131	6.7
160562	6.7
160608	6.7
160639	6.7
160786	6.7
161095	6.7
161114	6.7
161334	6.7
161389	6.7
161865	6.7
162082	6.7
162084	6.7
162366	6.7
162465	6.7
162487	6.7
162615	6.7
162627	6.7
162816	6.7
163033	6.7
163257	6.6
163510	6.6
163594	6.6
163761	6.6
163767	6.6
163848	6.6
163944	6.6
164335	6.6
164346	6.6
164353	6.6
164393	6.6
164520	6.6
164544	6.6
164560	6.6
164827	6.6
165106	6.6
165494	6.6
165950	6.6
165950	6.6
165964	6.6
166595	6.6
166972	6.6
167025	6.6
167396	6.6
167581	6.6
167842	6.6
167852	6.6
168831	6.6
