2020-04-16 19:52:47

CONFIGURATION:
{u'simulation': {u'stdev_factor': 0.01, u'power_mgmt_enabled': False, u'tasks': {u'loc': {u'mean_service_time': {u'gpu': 90, u'cpu_core': 200, u'loc_accel': 10}, u'priority': 1, u'deadline': 1000, u'stdev_service_time': {u'gpu': 0.9, u'cpu_core': 2.0, u'loc_accel': 0.1}, u'power': {u'gpu': 4.457, u'cpu_core': 6.133, u'loc_accel': 0.02197}}, u'detect': {u'mean_service_time': {u'gpu': 0.4607, u'cpu_core': 3.654, u'det_accel': 0.278}, u'priority': 2, u'deadline': 1000, u'stdev_service_time': {u'gpu': 0.004607, u'cpu_core': 0.03654, u'det_accel': 0.0027800000000000004}, u'power': {u'gpu': 90, u'cpu_core': 200, u'det_accel': 10}}, u'Frontier': {u'mean_service_time': {u'cpu_core': 396}, u'priority': 9, u'deadline': 1000, u'stdev_service_time': {u'cpu_core': 3.96}, u'power': {u'cpu_core': 5.98}}, u'track': {u'mean_service_time': {u'gpu': 17, u'tra_accel': 2, u'cpu_core': 1820}, u'priority': 3, u'deadline': 1000, u'stdev_service_time': {u'gpu': 0.17, u'tra_accel': 0.02, u'cpu_core': 18.2}, u'power': {u'gpu': 12.79, u'tra_accel': 0.59, u'cpu_core': 5.6}}, u'sp': {u'mean_service_time': {u'gpu': 379, u'cpu_core': 1004}, u'priority': 11, u'deadline': 1000, u'stdev_service_time': {u'gpu': 3.79, u'cpu_core': 10.040000000000001}, u'power': {u'gpu': 3.302, u'cpu_core': 1004}}, u'mission': {u'mean_service_time': {u'cpu_core': 0.0022}, u'priority': 5, u'deadline': 1000, u'stdev_service_time': {u'cpu_core': 2.2000000000000003e-05}, u'power': {u'cpu_core': 3.534}}, u'motion': {u'mean_service_time': {u'cpu_core': 8}, u'priority': 6, u'deadline': 1000, u'stdev_service_time': {u'cpu_core': 0.08}, u'power': {u'cpu_core': 4.222}}, u'collision': {u'mean_service_time': {u'cpu_core': 8}, u'priority': 7, u'deadline': 1000, u'stdev_service_time': {u'cpu_core': 0.08}, u'power': {u'cpu_core': 0}}, u'fusion': {u'mean_service_time': {u'cpu_core': 1}, u'priority': 4, u'deadline': 1000, u'stdev_service_time': {u'cpu_core': 0.01}, u'power': {u'cpu_core': 0}}, u'map': {u'mean_service_time': {u'gpu': 761, u'cpu_core': 973}, u'priority': 10, u'deadline': 1000, u'stdev_service_time': {u'gpu': 7.61, u'cpu_core': 9.73}, u'power': {u'gpu': 3.533, u'cpu_core': 2.995}}, u'path': {u'mean_service_time': {u'cpu_core': 8}, u'priority': 8, u'deadline': 1000, u'stdev_service_time': {u'cpu_core': 0.08}, u'power': {u'cpu_core': 0}}}, u'sched_policy_module': u'policies.ms3_update2', u'drop': True, u'servers': {u'gpu': {u'count': 2}, u'tra_accel': {u'count': 1}, u'cpu_core': {u'count': 8}, u'loc_accel': {u'count': 1}, u'det_accel': {u'count': 1}}, u'max_tasks_simulated': 10000, u'max_queue_size': 1000000, u'mean_arrival_time': 50, u'arrival_time_scale': 3.1}, u'general': {u'random_seed': 0, u'pre_gen_arrivals': False, u'basename': u'policy:ms3_update2__stdev_factor:0.01', u'output_trace_file': None, u'working_dir': u'/home/hiwot/meta-stomp2/sim_16042020_194257_new_arrival_50_map_rheftmapping_50_trace_10', u'input_trace_file': (False, '../mv_mapping_50_trace_10.trc'), u'logging_level': u'INFO'}}
Time	Response time (avg)
1212	951.0
1302	951.0
2163	1013.0
3016	997.5
3114	1004.2
3740	1039.5
3752	1064.7
3833	1083.6
4104	1068.9
4398	1057.1
4710	1071.5
4775	1083.6
4818	1093.8
5090	1083.6
5713	1074.7
6041	1079.2
6375	1087.2
6664	1081.3
6992	1081.9
7227	1088.6
7612	1094.7
7615	1094.9
7770	1100.1
7943	1101.8
8566	1101.7
8848	1106.1
8894	1103.8
9093	1107.8
9282	1111.6
9517	1107.7
9831	1111.2
9845	1110.6
9978	1113.8
10240	1116.8
10271	1119.6
10536	1114.9
10796	1112.6
11040	1115.3
11807	1111.1
11879	1107.1
12519	1109.8
12758	1109.3
12764	1111.7
12830	1111.5
13312	1113.8
13322	1116.0
13340	1118.1
13529	1120.2
13548	1122.1
13709	1119.3
13832	1116.0
14221	1117.9
14376	1121.7
14469	1124.1
14660	1122.9
14892	1119.8
15386	1121.5
15611	1121.3
15820	1122.9
15843	1120.8
16096	1122.3
16264	1123.8
16313	1125.3
16456	1126.7
16587	1128.1
16622	1125.4
16794	1124.6
17240	1126.0
17380	1127.3
17563	1128.6
17573	1129.0
17890	1126.5
18359	1127.8
18764	1125.4
19173	1123.1
19734	1120.8
20124	1119.3
20374	1120.5
20666	1121.7
20685	1121.8
21075	1121.8
21329	1122.9
21410	1124.1
21614	1125.2
21889	1123.1
22026	1122.0
22798	1123.1
22877	1124.1
23346	1122.2
23356	1120.3
23732	1121.4
23809	1122.4
24122	1123.4
24206	1124.4
24300	1122.5
24400	1120.8
24968	1121.7
25123	1122.7
25251	1121.2
25516	1119.5
25805	1120.5
26215	1121.4
27590	1119.8
28123	1118.2
28496	1119.1
28541	1118.7
28682	1119.7
29074	1120.0
29918	1118.5
30616	1117.0
30869	1115.6
31212	1116.5
32134	1115.1
32460	1113.6
32745	1114.5
32771	1115.4
33085	1114.9
33411	1115.1
34847	1113.7
34899	1112.3
35375	1113.2
35707	1114.0
35798	1113.3
35850	1113.1
36259	1114.0
36865	1112.7
37293	1111.4
37816	1110.4
38156	1111.3
38202	1112.1
38255	1112.9
38265	1113.6
38297	1112.4
38905	1111.2
40374	1110.0
40439	1108.9
40744	1109.6
41837	1108.5
42122	1107.4
42425	1108.1
43021	1107.0
43412	1105.9
43950	1106.7
43972	1106.2
45046	1105.1
45303	1104.0
45900	1104.8
45997	1105.1
46005	1105.8
46254	1105.6
46495	1106.4
46948	1105.8
47205	1106.2
47434	1106.9
47757	1107.6
47899	1107.2
48156	1107.0
48181	1107.7
48309	1108.4
48820	1109.0
48868	1108.1
48894	1108.7
49311	1107.8
49703	1108.4
49772	1109.1
49819	1109.0
49973	1109.6
50243	1110.3
50316	1109.3
50671	1110.0
50770	1110.3
50866	1110.9
50878	1111.5
51145	1112.1
51267	1111.4
51684	1112.0
51721	1112.1
51991	1112.7
52062	1113.2
52218	1113.1
52438	1113.7
52580	1114.2
52672	1114.2
53169	1113.7
53449	1114.3
53459	1114.8
53529	1115.4
53623	1114.6
53966	1115.1
54037	1115.6
54120	1114.9
54443	1115.4
54484	1115.9
54574	1115.1
54918	1115.7
55071	1115.2
55107	1115.7
55930	1114.9
56022	1114.2
56517	1114.7
56536	1115.2
56919	1114.4
57160	1113.6
57711	1114.1
57794	1114.6
57807	1115.1
57870	1115.2
58086	1115.7
58416	1114.9
58811	1115.4
58821	1115.4
58975	1115.9
59013	1116.4
59084	1116.8
59140	1117.3
59351	1117.8
59436	1117.0
59723	1117.4
60063	1116.7
60339	1117.1
60474	1116.4
60885	1116.8
61014	1116.1
61025	1116.6
61425	1116.4
61648	1116.9
61663	1117.3
62083	1116.6
62376	1116.0
62392	1116.5
62730	1116.9
63034	1116.5
63049	1117.0
63266	1117.4
63801	1116.7
64418	1116.0
64760	1116.4
64788	1116.8
64858	1116.1
65191	1116.5
65346	1117.0
65369	1117.0
65703	1117.4
66057	1116.7
66603	1116.0
66973	1116.4
67266	1115.8
67541	1116.2
67756	1115.5
68049	1115.9
68221	1115.3
68672	1115.7
69929	1115.0
70435	1114.4
71089	1113.7
71364	1114.1
71910	1113.5
72040	1113.3
72454	1113.7
72842	1114.1
73026	1113.5
73218	1112.9
73598	1113.3
73626	1113.6
73682	1114.0
73778	1114.4
73977	1114.2
74192	1113.6
74221	1113.9
74841	1114.3
74947	1114.7
75153	1114.1
75460	1113.5
76104	1113.1
76354	1113.5
76397	1113.9
76416	1114.2
76441	1114.6
76542	1114.0
77103	1113.4
77439	1113.8
77493	1113.8
78022	1114.1
78219	1113.6
78444	1113.3
78629	1113.7
78992	1114.0
79170	1113.6
79395	1113.5
79767	1113.9
79848	1114.2
80121	1114.2
80346	1113.7
80672	1114.0
81072	1113.9
81297	1113.6
81801	1113.9
81999	1114.3
82027	1114.6
82069	1114.1
82248	1113.7
82666	1114.1
82870	1114.4
83073	1113.9
83199	1113.5
84024	1113.4
84223	1112.9
84973	1113.2
84975	1113.3
84983	1113.6
85174	1113.7
85518	1114.0
85664	1114.3
85674	1114.6
85719	1115.0
86300	1114.4
86366	1113.9
87027	1114.3
87145	1114.6
87251	1114.3
87317	1113.9
87706	1114.2
87818	1114.6
88063	1114.9
88427	1114.4
88452	1113.9
89419	1113.4
89475	1112.9
90370	1112.6
90529	1112.2
90840	1112.5
90871	1112.8
90912	1113.1
91042	1113.4
91215	1113.7
91688	1113.2
91766	1112.7
92186	1113.0
92252	1113.4
92446	1113.7
92639	1113.4
92717	1113.2
93590	1113.1
93640	1113.4
93668	1113.5
94024	1113.8
94247	1114.1
94365	1114.4
94565	1113.9
94573	1114.2
94655	1113.7
94930	1114.0
94942	1114.3
95304	1114.6
95379	1115.1
95516	1115.2
95606	1115.3
95949	1115.6
96104	1115.8
96188	1116.1
96343	1116.4
96467	1116.2
96557	1116.2
96743	1116.5
96823	1116.7
96954	1117.0
97180	1117.3
97357	1117.6
97418	1117.1
97437	1117.4
97929	1117.0
98369	1117.0
98597	1117.3
98607	1117.5
98841	1117.8
99007	1117.3
99320	1117.0
99337	1117.3
99561	1117.5
99571	1117.8
99871	1118.1
99945	1118.3
99958	1118.1
100271	1118.1
100391	1118.3
100525	1118.6
100773	1118.8
100869	1119.1
100949	1119.4
101490	1119.0
101618	1118.6
102093	1118.8
102441	1118.8
102481	1119.0
102570	1118.7
103051	1119.0
103107	1119.2
103392	1119.0
103521	1119.0
103715	1119.2
104223	1119.5
104343	1119.4
104521	1119.7
104736	1119.2
105294	1118.9
105523	1119.2
105609	1119.4
105687	1119.4
105934	1119.6
106015	1119.9
106164	1120.1
106245	1119.9
106526	1120.1
106616	1120.3
106671	1119.9
107196	1119.8
107366	1120.0
107574	1120.3
107836	1119.8
108242	1119.4
108703	1119.7
108787	1119.8
108873	1120.0
108892	1120.2
108932	1120.4
109040	1120.7
109158	1120.9
109193	1120.6
109205	1120.8
109738	1120.5
110144	1120.5
110191	1120.7
110707	1120.3
111311	1119.9
111866	1119.5
112536	1119.1
112817	1118.8
113642	1118.5
113768	1118.3
113927	1118.6
114134	1118.8
114295	1119.0
114593	1118.7
115313	1118.3
115544	1118.1
115984	1118.4
116267	1118.6
116516	1118.2
116584	1117.8
117296	1118.0
117467	1117.9
117535	1117.8
118347	1118.0
118418	1117.9
118486	1117.6
118889	1117.8
119638	1117.5
120137	1117.1
120545	1117.3
120582	1117.5
120589	1117.6
120889	1117.8
121075	1118.0
121275	1117.7
121540	1117.6
121701	1117.8
121887	1118.1
122051	1118.3
122126	1118.5
122227	1118.5
122491	1118.2
122501	1118.4
122786	1118.6
122917	1119.0
123178	1118.8
123442	1118.8
123951	1119.0
124129	1118.8
124141	1119.0
125140	1118.6
125472	1118.3
125855	1118.5
126066	1118.7
126195	1118.3
126423	1118.1
127017	1118.3
127146	1118.4
127213	1118.6
127383	1118.8
127403	1118.4
127864	1118.6
127919	1118.8
128299	1118.5
128944	1118.2
129250	1118.0
129460	1118.2
129748	1118.4
129895	1118.0
130201	1118.0
130675	1118.2
130701	1118.4
130830	1118.6
130846	1118.7
130871	1118.9
131143	1119.1
131152	1118.9
131503	1119.1
131667	1119.3
131832	1119.5
132047	1119.2
132270	1118.8
132625	1119.0
133022	1119.2
133582	1118.9
133592	1118.6
133906	1118.8
133916	1118.9
133946	1119.1
134191	1119.3
134371	1119.5
134516	1119.7
134704	1119.4
134797	1119.0
135099	1119.2
135189	1119.4
135471	1119.6
135657	1119.8
135873	1119.5
135900	1119.1
136522	1119.3
136824	1119.4
136851	1119.1
137154	1119.3
137297	1119.5
137362	1119.7
137635	1119.8
137703	1120.0
138238	1119.7
139044	1119.4
139217	1119.1
139588	1119.3
139598	1119.4
139656	1119.6
139805	1119.8
139995	1119.8
140168	1119.8
140183	1120.0
140981	1119.7
141119	1119.5
141820	1119.7
141932	1119.6
141975	1119.8
142070	1119.6
142431	1119.8
142493	1119.9
142830	1120.1
142883	1120.3
143849	1120.0
143970	1119.7
144384	1119.8
144486	1120.0
144554	1120.2
144601	1120.4
144799	1120.5
144800	1120.5
144921	1120.4
145596	1120.5
145751	1120.5
145775	1120.7
146394	1120.4
146865	1120.1
147332	1120.2
147374	1119.9
148307	1119.6
148415	1119.3
148699	1119.5
149241	1119.7
149258	1119.7
149338	1119.9
149366	1119.9
149461	1120.1
149514	1120.3
149647	1120.4
150060	1120.6
150209	1120.4
150317	1120.3
150602	1120.5
151055	1120.7
151160	1120.5
151268	1120.4
152000	1120.5
152111	1120.6
152219	1120.6
152233	1120.8
152905	1120.9
153062	1120.7
153360	1120.5
153687	1120.6
153888	1120.8
154013	1120.7
154311	1120.6
154502	1120.8
154855	1121.0
154889	1121.1
154987	1120.8
154998	1121.0
155262	1120.8
155265	1120.9
155891	1121.1
155948	1120.8
156232	1120.9
156298	1120.7
156601	1120.8
156611	1121.0
156625	1121.1
156777	1121.3
157204	1121.0
157656	1120.7
158073	1120.9
158155	1120.7
158501	1120.9
158563	1121.0
159188	1120.8
159457	1120.5
160139	1120.3
160781	1120.0
161090	1119.9
161111	1120.1
161331	1120.2
161860	1120.0
162077	1119.7
162484	1119.8
162612	1120.0
162622	1120.1
162757	1120.3
162811	1120.2
163028	1119.9
163507	1120.1
163589	1120.2
163762	1120.1
163945	1120.3
164042	1120.0
164332	1120.1
164348	1120.3
164388	1120.4
164515	1120.6
164555	1120.7
164994	1120.5
165462	1120.2
165945	1120.0
165947	1120.1
166590	1119.9
166896	1119.9
167441	1120.0
167576	1119.7
167847	1119.6
168331	1119.8
