CONFIGURATION:
{u'simulation': {u'stdev_factor': 0.01, u'power_mgmt_enabled': False, u'tasks': {u'loc': {u'mean_service_time': {u'gpu': 90, u'cpu_core': 200, u'loc_accel': 10}, u'priority': 1, u'deadline': 1000, u'stdev_service_time': {u'gpu': 0.9, u'cpu_core': 2.0, u'loc_accel': 0.1}, u'power': {u'gpu': 4.457, u'cpu_core': 6.133, u'loc_accel': 0.02197}}, u'detect': {u'mean_service_time': {u'gpu': 0.4607, u'cpu_core': 3.654, u'det_accel': 0.278}, u'priority': 2, u'deadline': 1000, u'stdev_service_time': {u'gpu': 0.004607, u'cpu_core': 0.03654, u'det_accel': 0.0027800000000000004}, u'power': {u'gpu': 90, u'cpu_core': 200, u'det_accel': 10}}, u'Frontier': {u'mean_service_time': {u'cpu_core': 396}, u'priority': 9, u'deadline': 1000, u'stdev_service_time': {u'cpu_core': 3.96}, u'power': {u'cpu_core': 5.98}}, u'track': {u'mean_service_time': {u'gpu': 17, u'tra_accel': 2, u'cpu_core': 1820}, u'priority': 3, u'deadline': 1000, u'stdev_service_time': {u'gpu': 0.17, u'tra_accel': 0.02, u'cpu_core': 18.2}, u'power': {u'gpu': 12.79, u'tra_accel': 0.59, u'cpu_core': 5.6}}, u'sp': {u'mean_service_time': {u'gpu': 379, u'cpu_core': 1004}, u'priority': 11, u'deadline': 1000, u'stdev_service_time': {u'gpu': 3.79, u'cpu_core': 10.040000000000001}, u'power': {u'gpu': 3.302, u'cpu_core': 1004}}, u'mission': {u'mean_service_time': {u'cpu_core': 0.0022}, u'priority': 5, u'deadline': 1000, u'stdev_service_time': {u'cpu_core': 2.2000000000000003e-05}, u'power': {u'cpu_core': 3.534}}, u'motion': {u'mean_service_time': {u'cpu_core': 8}, u'priority': 6, u'deadline': 1000, u'stdev_service_time': {u'cpu_core': 0.08}, u'power': {u'cpu_core': 4.222}}, u'collision': {u'mean_service_time': {u'cpu_core': 8}, u'priority': 7, u'deadline': 1000, u'stdev_service_time': {u'cpu_core': 0.08}, u'power': {u'cpu_core': 0}}, u'fusion': {u'mean_service_time': {u'cpu_core': 1}, u'priority': 4, u'deadline': 1000, u'stdev_service_time': {u'cpu_core': 0.01}, u'power': {u'cpu_core': 0}}, u'map': {u'mean_service_time': {u'gpu': 761, u'cpu_core': 973}, u'priority': 10, u'deadline': 1000, u'stdev_service_time': {u'gpu': 7.61, u'cpu_core': 9.73}, u'power': {u'gpu': 3.533, u'cpu_core': 2.995}}, u'path': {u'mean_service_time': {u'cpu_core': 8}, u'priority': 8, u'deadline': 1000, u'stdev_service_time': {u'cpu_core': 0.08}, u'power': {u'cpu_core': 0}}}, u'sched_policy_module': u'policies.ms1_update2', u'drop': True, u'servers': {u'gpu': {u'count': 2}, u'tra_accel': {u'count': 1}, u'cpu_core': {u'count': 8}, u'loc_accel': {u'count': 1}, u'det_accel': {u'count': 1}}, u'max_tasks_simulated': 10000, u'max_queue_size': 1000000, u'mean_arrival_time': 50, u'arrival_time_scale': 2.2}, u'general': {u'random_seed': 0, u'pre_gen_arrivals': False, u'basename': u'policy:ms1_update2__stdev_factor:0.01', u'output_trace_file': None, u'working_dir': u'/home/hiwot/meta-stomp2/sim_16042020_194257_new_arrival_50_map_rheftmapping_50_trace_10', u'input_trace_file': (False, '../mv_mapping_50_trace_10.trc'), u'logging_level': u'INFO'}}

/home/hiwot/meta-stomp2/sim_16042020_194257_new_arrival_50_map_rheftmapping_50_trace_10/../mv_mapping_50_trace_10.trc

Running STOMP simulation...
Dropped,DAG ID,DAG Priority,DAG Type,Slack,Response Time,No-Affinity Time,Energy
0,0,1,1,353.4,14,2,0.2197
0,1,1,0,1917.2,1462,293,6320.2027
0,2,1,0,1915.2,1464,295,6320.2027
0,3,1,1,353.4,14,2,0.2197
0,4,1,0,1751.2,1628,247,6010.2197
0,5,1,1,353.4,14,2,0.2197
0,6,1,1,353.4,14,2,0.2197
0,7,1,1,353.4,14,2,0.2197
0,8,1,1,353.4,14,2,0.2197
0,9,1,1,353.4,14,2,0.2197
0,10,1,0,1917.2,1462,293,6320.2027
0,11,1,2,1541.0,967,194,3360.1027
0,12,1,1,353.4,14,2,0.2197
0,13,1,2,1277.0,1231,245,3642.16167
0,14,1,0,1650.2,1729,346,6602.28364
0,15,1,2,1274.0,1234,249,3642.1397
0,16,1,1,353.4,14,2,0.2197
0,17,1,1,353.4,14,2,0.2197
0,18,1,2,1362.0,1146,194,3992.5097
0,19,1,2,1541.0,967,194,3360.1027
0,20,1,2,1276.0,1232,247,3642.1397
0,21,1,0,1652.2,1727,346,6602.2397
0,22,1,2,1276.0,1232,247,3642.1397
0,23,1,0,1751.2,1628,247,6010.2197
0,24,1,1,353.4,14,2,0.2197
0,25,1,2,1541.0,967,194,3360.1027
0,26,1,2,1541.0,967,194,3360.1027
0,27,1,2,1278.0,1230,245,3642.1397
0,28,1,1,351.4,16,4,0.2197
0,29,1,0,1537.2,1842,350,6602.2397
0,30,1,1,353.4,14,2,0.2197
0,31,1,0,1688.2,1691,297,6825.4217
0,32,1,0,1756.2,1623,295,6881.9497
0,33,1,1,353.4,14,2,0.2197
0,34,1,0,1628.2,1751,350,6620.1797
0,35,3,2,1260.0,1248,249,3642.1397
0,36,1,0,1737.2,1642,251,6010.2197
0,37,1,1,353.4,14,2,0.2197
0,38,1,0,1422.2,1957,350,6602.2397
0,39,1,1,353.4,14,2,0.2197
0,40,3,0,1901.2,1478,297,6332.1627
0,41,1,1,353.4,14,2,0.2197
0,42,1,2,1541.0,967,194,3360.1027
0,43,1,0,1581.2,1798,350,6602.2397
0,44,1,0,1466.2,1913,346,7245.8747
0,45,3,1,304.4,63,4,0.2197
0,46,1,2,867.0,1641,249,3797.8797
0,47,1,2,1185.0,1323,196,4487.1297
0,48,1,2,1248.0,1260,249,3642.1397
0,49,3,0,1798.2,1581,293,6933.9427
0,50,1,0,1646.2,1733,348,6602.32758
0,51,1,1,353.4,14,2,0.2197
0,52,1,0,1650.2,1729,348,6602.2397
0,53,1,0,1639.2,1740,247,6345.6597
0,54,1,1,244.4,123,4,0.2197
0,55,1,1,254.4,113,4,0.2197
0,56,1,2,1276.0,1232,247,3642.1397
0,57,1,0,1621.2,1758,346,6695.0847
0,58,1,2,1309.0,1199,196,4172.6927
0,59,1,1,353.4,14,2,0.2197
0,60,1,1,353.4,14,2,0.2197
0,61,1,1,350.4,17,2,0.28561
0,62,1,1,353.4,14,2,0.2197
0,63,3,2,1541.0,967,194,3360.1027
0,64,3,2,1278.0,1230,245,3642.1397
0,65,1,0,1037.2,2342,297,6786.5587
0,66,1,0,1185.2,2194,350,7116.5197
0,67,1,0,1268.2,2111,350,6865.3597
0,68,1,2,478.0,2030,249,3642.1397
0,69,1,0,1568.2,1811,297,7790.9657
0,70,1,0,1572.2,1807,350,6662.10561
0,71,1,2,729.0,1779,249,3642.1397
0,72,1,0,1636.2,1743,348,6685.9597
0,73,1,2,874.0,1634,249,3642.1397
0,74,2,2,1175.0,1333,196,3610.9457
0,77,1,0,-130.8,3510,350,9016.8347
0,82,1,0,136.2,3243,350,7727.9797
0,83,1,0,359.2,3020,350,7287.4447
0,85,1,2,-85.0,2593,249,3645.1347
0,86,1,2,145.0,2363,249,3690.0597
0,87,1,0,811.2,2568,297,7079.8117
0,88,2,2,139.0,2369,249,3642.1397
0,89,1,2,152.0,2356,249,3842.8047
0,90,1,2,268.0,2240,196,4515.3937
0,91,1,0,1151.2,2228,350,6922.6747
0,93,1,2,384.0,2124,196,5808.4717
0,95,1,0,1005.2,2374,348,8525.13152
0,97,3,0,1590.2,1789,350,6766.9347
0,98,1,2,715.0,1793,247,5280.4047
0,100,1,0,1331.2,2048,293,8392.9877
0,102,1,0,1367.2,2012,348,7449.8247
0,105,1,0,1584.2,1795,247,6510.3847
0,106,1,0,1555.2,1824,247,6597.2397
0,107,1,2,1278.0,1230,245,3642.1397
0,108,2,0,1624.2,1755,293,7355.3717
0,111,2,1,-281.6,649,4,0.2197
0,112,2,1,154.4,213,4,0.2197
0,113,1,0,1651.2,1728,346,6605.2347
0,114,1,0,1915.2,1464,295,6320.2027
0,115,3,2,1461.0,1047,194,3642.7427
0,116,1,1,353.4,14,2,0.2197
0,117,1,1,353.4,14,2,0.2197
0,118,1,2,1278.0,1230,245,3642.1397
0,119,1,2,1276.0,1232,247,3642.1397
0,120,1,1,353.4,14,2,0.2197
0,121,1,0,1837.2,1542,293,6602.8427
0,122,1,0,1749.2,1630,249,6010.2197
0,123,3,1,353.4,14,2,0.2197
0,124,3,2,1341.0,1167,194,4066.7027
0,125,1,1,353.4,14,2,0.2197
0,126,1,2,1278.0,1230,245,3642.1397
0,127,1,0,1652.2,1727,346,6602.2397
0,128,1,1,353.4,14,2,0.2197
0,129,1,2,1278.0,1230,245,3642.1397
0,130,1,2,1541.0,967,194,3360.1027
0,131,1,2,1276.0,1232,247,3642.1397
0,132,1,1,353.4,14,2,0.2197
0,133,1,2,1541.0,967,194,3360.1027
0,134,1,1,353.4,14,2,0.2197
0,135,1,2,1274.0,1234,245,3642.22758
0,136,1,1,353.4,14,2,0.2197
0,137,1,0,1917.2,1462,293,6320.2027
0,138,1,0,1747.2,1632,247,6010.30758
0,139,1,1,353.4,14,2,0.2197
0,140,1,0,1749.2,1630,249,6010.2197
0,141,1,2,1266.0,1242,249,3642.1397
0,142,1,2,1491.0,1017,196,3398.9657
0,143,1,2,1278.0,1230,245,3642.1397
0,144,1,1,353.4,14,2,0.2197
0,145,3,1,353.4,14,2,0.2197
0,146,1,0,1652.2,1727,346,6602.2397
0,147,3,0,1712.2,1667,295,7037.4017
0,148,1,1,353.4,14,2,0.2197
0,149,1,2,1276.0,1232,247,3642.1397
0,150,3,2,1276.0,1232,247,3642.1397
0,151,1,0,1915.2,1464,295,6320.2027
0,152,1,0,1652.2,1727,346,6602.2397
0,153,1,2,1276.0,1232,247,3642.1397
0,154,1,1,353.4,14,2,0.2197
0,155,1,1,353.4,14,2,0.2197
0,156,1,0,1861.2,1518,295,6510.9847
0,157,1,1,353.4,14,2,0.2197
0,158,1,1,353.4,14,2,0.2197
0,159,1,1,353.4,14,2,0.2197
0,160,1,2,1541.0,967,194,3360.1027
0,161,1,1,353.4,14,2,0.2197
0,162,1,2,1541.0,967,194,3360.1027
0,163,1,2,1278.0,1230,245,3642.1397
0,164,1,0,1652.2,1727,346,6602.2397
0,165,3,2,1276.0,1232,247,3642.1397
0,166,1,1,353.4,14,2,0.2197
0,167,1,0,1874.2,1505,293,6472.1217
0,168,1,1,353.4,14,2,0.2197
0,169,1,0,1917.2,1462,293,6320.2027
0,170,1,1,353.4,14,2,0.2197
0,171,1,1,353.4,14,2,0.2197
0,172,1,1,353.4,14,2,0.2197
0,173,1,2,1536.0,972,196,3360.16861
0,174,1,1,353.4,14,2,0.2197
0,175,1,0,1751.2,1628,247,6010.2197
0,176,1,1,353.4,14,2,0.2197
0,177,1,0,1749.2,1630,249,6010.2197
0,178,1,1,353.4,14,2,0.2197
0,179,1,1,353.4,14,2,0.2197
0,180,1,0,1917.2,1462,293,6320.2027
0,181,1,1,349.4,18,2,0.30758
0,182,1,1,353.4,14,2,0.2197
0,183,1,0,1915.2,1464,295,6320.2027
0,184,1,1,345.4,22,2,0.39546
0,185,1,2,1269.0,1239,247,3642.29349
0,186,1,2,1276.0,1232,247,3642.1397
0,187,3,1,353.4,14,2,0.2197
0,188,1,2,1274.0,1234,249,3642.1397
0,189,1,1,353.4,14,2,0.2197
0,190,1,2,1362.0,1146,194,3992.5097
0,191,1,1,353.4,14,2,0.2197
0,192,1,1,353.4,14,2,0.2197
0,193,1,1,353.4,14,2,0.2197
0,194,1,1,353.4,14,2,0.2197
0,195,1,0,1917.2,1462,293,6320.2027
0,196,1,2,1541.0,967,194,3360.1027
0,197,1,0,1751.2,1628,247,6010.2197
0,198,1,0,1751.2,1628,247,6010.2197
0,199,1,2,1276.0,1232,247,3642.1397
0,200,3,0,1646.2,1733,346,6602.37152
0,201,1,2,1404.0,1104,194,3844.1237
0,202,1,1,353.4,14,2,0.2197
0,203,1,0,1917.2,1462,293,6320.2027
0,204,1,0,1749.2,1630,295,6906.6807
0,205,1,0,1652.2,1727,346,6602.2397
0,206,1,2,1276.0,1232,247,3642.1397
0,207,1,1,353.4,14,2,0.2197
0,208,1,2,1351.0,1157,194,4031.3727
0,209,1,0,1652.2,1727,346,6602.2397
0,210,1,0,1642.2,1737,348,6602.41546
0,211,1,1,353.4,14,2,0.2197
0,212,1,0,1650.2,1729,348,6602.2397
0,213,1,1,353.4,14,2,0.2197
0,214,1,0,1917.2,1462,293,6320.2027
0,215,1,1,353.4,14,2,0.2197
0,216,1,0,1917.2,1462,293,6320.2027
0,217,1,0,1915.2,1464,295,6320.2027
0,218,1,0,1749.2,1630,249,6010.2197
0,219,1,1,353.4,14,2,0.2197
0,220,1,1,353.4,14,2,0.2197
0,221,1,1,353.4,14,2,0.2197
0,222,1,0,1917.2,1462,293,6320.2027
0,223,3,1,353.4,14,2,0.2197
0,224,1,1,343.4,24,2,0.4394
0,225,1,0,1917.2,1462,293,6320.2027
0,226,1,1,353.4,14,2,0.2197
0,227,1,2,1278.0,1230,245,3642.1397
0,228,1,1,353.4,14,2,0.2197
0,229,1,2,1430.0,1078,194,3752.2657
0,230,1,0,1881.2,1498,293,6447.3907
0,231,1,0,1751.2,1628,247,6010.2197
0,232,1,1,353.4,14,2,0.2197
0,233,1,0,1751.2,1628,247,6010.2197
0,234,1,1,353.4,14,2,0.2197
0,235,1,2,1541.0,967,194,3360.1027
0,236,1,0,1917.2,1462,293,6320.2027
0,237,1,1,353.4,14,2,0.2197
0,238,1,1,353.4,14,2,0.2197
0,239,1,2,1278.0,1230,245,3642.1397
0,240,1,0,1652.2,1727,346,6602.2397
0,241,1,0,1650.2,1729,348,6602.2397
0,242,3,2,1360.0,1148,194,3999.5757
0,243,1,0,1751.2,1628,247,6010.2197
0,244,1,1,353.4,14,2,0.2197
0,245,1,1,353.4,14,2,0.2197
0,246,1,1,353.4,14,2,0.2197
0,247,1,0,1917.2,1462,293,6320.2027
0,248,3,0,1751.2,1628,247,6010.2197
0,249,1,2,1268.0,1240,249,3642.1397
0,250,1,1,353.4,14,2,0.2197
0,252,3,0,1565.2,1814,251,6010.2197
0,254,1,1,353.4,14,2,0.2197
0,257,1,1,353.4,14,2,0.2197
0,258,1,1,353.4,14,2,0.2197
0,260,1,1,348.4,19,2,0.32955
0,262,1,1,300.4,67,4,0.2197
0,264,1,1,353.4,14,2,0.2197
0,265,1,1,353.4,14,2,0.2197
0,266,1,1,353.4,14,2,0.2197
0,282,3,2,1260.0,1248,196,3391.8997
0,283,3,0,1156.2,2223,297,8091.4057
0,286,3,1,77.4,290,4,0.2197
0,293,1,0,28.2,3351,297,8444.1137
0,294,3,2,1148.0,1360,249,3896.7147
0,296,2,1,-2435.6,2803,4,0.2197
0,297,3,0,1263.2,2116,350,6847.7797
0,299,3,1,323.4,44,4,0.2197
0,302,1,0,640.2,2739,350,8109.03016
0,304,3,2,1186.0,1322,196,4133.8297
0,305,2,2,75.0,2433,196,5405.7097
0,306,1,2,137.0,2371,249,4867.0947
0,307,1,0,1055.2,2324,350,7845.1347
0,309,1,2,422.0,2086,196,5388.0447
0,310,2,2,472.0,2036,249,5636.8097
0,311,1,2,499.0,2009,249,5660.7697
0,312,2,2,741.0,1767,249,5154.6147
0,314,1,0,937.2,2442,297,9111.2727
0,315,1,0,1068.2,2311,350,8213.5497
0,317,1,2,850.0,1658,245,4923.9997
0,318,3,1,318.4,49,4,0.2197
0,321,1,2,978.0,1530,196,4169.1597
0,323,1,0,1582.2,1797,346,7002.9297
0,326,1,2,1195.0,1313,249,3776.9147
0,327,1,0,-129.8,3509,251,7058.4697
0,329,2,0,1717.2,1662,297,6790.0917
0,331,1,1,353.4,14,2,0.2197
0,332,3,2,1290.0,1218,196,3727.5347
0,333,3,0,1196.2,2183,350,6620.1797
0,334,2,2,-102.0,2610,249,3642.16167
0,335,1,2,-4.0,2512,249,3705.0347
0,336,1,1,132.4,235,4,0.2197
0,337,1,0,948.2,2431,350,7939.4447
0,338,1,0,1361.2,2018,297,8449.0687
0,339,1,0,1417.2,1962,346,8007.5397
0,340,1,0,1445.2,1934,295,8621.8267
0,341,1,2,711.0,1797,249,3989.5597
0,342,2,2,732.0,1776,249,4268.0947
0,343,1,2,779.0,1729,249,4363.9347
0,344,1,2,813.0,1695,249,4453.7847
0,346,1,2,957.0,1551,249,4366.9297
0,349,1,2,1208.0,1300,196,4239.8197
0,351,1,2,1087.0,1421,247,4196.30258
0,353,1,2,93.0,2415,249,5106.87046
0,354,3,0,1776.2,1603,293,6800.80055
0,355,1,0,1224.2,2155,350,7779.2247
0,356,1,2,491.0,2017,249,4175.2497
0,357,1,0,1430.2,1949,350,7072.4047
0,358,3,0,1648.2,1731,297,6621.8687
0,359,1,0,1575.2,1804,346,7062.6997
0,360,1,0,1718.2,1661,293,7111.3617
0,361,2,2,1018.0,1490,249,3642.1397
0,362,1,1,353.4,14,2,0.2197
0,363,1,0,1749.2,1630,249,6010.2197
0,364,1,2,1300.0,1208,194,4211.5557
0,365,1,2,1276.0,1232,247,3642.1397
0,366,1,0,1567.2,1812,346,6856.8147
0,368,1,2,1421.0,1087,194,3784.0627
0,369,1,0,1499.2,1880,346,7060.4747
0,370,1,2,998.0,1510,245,4480.7397
0,371,1,1,251.4,116,4,0.2197
0,372,1,2,1537.0,971,194,3374.2347
0,373,1,1,353.4,14,2,0.2197
0,374,1,2,1541.0,967,194,3360.1027
0,375,3,0,1751.2,1628,247,6010.2197
0,376,3,0,1749.2,1630,249,6010.2197
0,377,1,0,1710.2,1669,295,7044.4677
0,378,1,2,1278.0,1230,245,3642.1397
0,379,1,0,1751.2,1628,247,6010.2197
0,380,1,0,1751.2,1628,247,6010.2197
0,381,1,1,353.4,14,2,0.2197
0,382,1,1,353.4,14,2,0.2197
0,383,1,0,1648.2,1731,346,6602.32758
0,384,1,0,1915.2,1464,295,6320.2027
0,385,1,2,1541.0,967,194,3360.1027
0,386,3,2,1276.0,1232,247,3642.1397
0,387,1,2,1448.0,1060,194,3688.6717
0,388,1,0,1748.2,1631,247,6010.28561
0,389,1,1,353.4,14,2,0.2197
0,390,1,1,353.4,14,2,0.2197
0,391,1,2,1408.0,1100,194,3829.9917
0,392,1,0,1751.2,1628,247,6010.2197
0,393,1,2,1278.0,1230,245,3642.1397
0,394,1,1,353.4,14,2,0.2197
0,395,1,2,1275.0,1233,247,3642.16167
0,396,1,0,1917.2,1462,293,6320.2027
0,397,1,2,1541.0,967,194,3360.1027
0,398,1,1,353.4,14,2,0.2197
0,399,3,1,353.4,14,2,0.2197
0,400,1,2,1413.0,1095,194,3812.3267
0,401,1,0,1741.2,1638,247,6010.4394
0,402,3,1,353.4,14,2,0.2197
0,403,1,2,1541.0,967,194,3360.1027
0,404,3,2,1272.0,1236,245,3642.27152
0,405,1,1,353.4,14,2,0.2197
0,406,1,0,1751.2,1628,247,6010.2197
0,407,1,1,353.4,14,2,0.2197
0,408,1,0,1070.2,2309,297,6401.4617
0,409,1,1,353.4,14,2,0.2197
0,410,1,1,353.4,14,2,0.2197
0,411,1,0,1386.2,1993,297,7121.1497
0,412,1,0,1519.2,1860,350,7092.5997
0,413,1,0,1598.2,1781,350,6721.8397
0,414,1,0,1613.2,1766,346,6835.4597
0,415,1,0,1582.2,1797,348,7008.8797
0,416,3,0,1566.2,1813,348,7104.5597
0,417,1,1,353.4,14,2,0.2197
0,418,1,0,1533.2,1846,297,8111.4527
0,419,1,0,1585.2,1794,350,6919.1797
0,420,1,0,1627.2,1752,295,7320.0417
0,421,1,0,1595.2,1784,348,6931.1397
0,422,1,0,1474.2,1905,346,7138.3347
0,423,1,2,1436.0,1072,196,3702.8037
0,424,1,2,1207.0,1301,194,4540.1247
0,425,1,1,353.4,14,2,0.2197
0,426,1,1,353.4,14,2,0.2197
0,427,1,0,1751.2,1628,247,6010.2197
0,428,1,1,351.4,16,2,0.26364
0,429,1,2,1278.0,1230,245,3642.1397
0,430,1,0,1652.2,1727,346,6602.2397
0,431,1,2,1180.0,1328,245,3935.6497
0,432,1,2,1018.0,1490,245,4420.8397
0,433,3,2,1479.0,1029,194,3579.1487
0,434,1,1,353.4,14,2,0.2197
0,435,1,1,353.4,14,2,0.2197
0,436,3,2,1422.0,1086,194,3780.5297
0,437,1,0,1751.2,1628,247,6010.2197
0,438,1,1,353.4,14,2,0.2197
0,439,1,2,1276.0,1232,247,3642.1397
0,440,1,2,1389.0,1119,194,3897.1187
0,441,1,1,353.4,14,2,0.2197
0,442,3,0,1749.2,1630,249,6010.2197
0,443,1,1,353.4,14,2,0.2197
0,444,1,0,1729.2,1650,295,6977.3407
0,445,1,2,1278.0,1230,245,3642.1397
0,446,1,1,353.4,14,2,0.2197
0,447,1,2,1278.0,1230,245,3642.1397
0,448,1,1,353.4,14,2,0.2197
0,449,1,1,351.4,16,4,0.2197
0,450,1,2,1411.0,1097,194,3819.3927
0,451,1,2,1276.0,1232,247,3642.1397
0,452,1,1,353.4,14,2,0.2197
0,453,1,2,1275.0,1233,247,3642.16167
0,454,1,0,1652.2,1727,346,6602.2397
0,455,1,2,1541.0,967,194,3360.1027
0,456,1,1,353.4,14,2,0.2197
0,457,1,0,1751.2,1628,247,6010.2197
0,458,1,2,1368.0,1140,194,3971.3117
0,459,1,1,353.4,14,2,0.2197
0,460,1,1,353.4,14,2,0.2197
0,461,1,0,1751.2,1628,247,6010.2197
0,462,1,1,353.4,14,2,0.2197
0,463,1,0,1864.2,1515,295,6500.3857
0,464,1,0,1652.2,1727,346,6602.2397
0,465,1,1,353.4,14,2,0.2197
0,466,1,0,1733.2,1646,295,6963.2087
0,467,1,0,1650.2,1729,348,6602.2397
0,468,1,1,349.4,18,2,0.30758
0,469,1,0,1749.2,1630,249,6010.2197
0,470,1,1,353.4,14,2,0.2197
0,471,1,2,1269.0,1239,247,3642.29349
0,472,1,1,340.4,27,2,0.50531
0,473,1,2,1377.0,1131,194,3939.5147
0,474,1,2,1276.0,1232,247,3642.1397
0,475,3,2,1358.0,1150,194,4006.6417
0,476,1,0,1652.2,1727,346,6602.2397
0,477,1,1,353.4,14,2,0.2197
0,478,1,1,353.4,14,2,0.2197
0,479,3,2,1486.0,1022,194,3554.4177
0,480,1,2,1278.0,1230,245,3642.1397
0,481,1,1,353.4,14,2,0.2197
0,482,1,1,353.4,14,2,0.2197
0,483,1,0,1636.2,1743,346,6602.59122
0,484,1,2,1538.0,970,194,3360.16861
0,485,1,0,1652.2,1727,346,6602.2397
0,486,1,2,1276.0,1232,247,3642.1397
0,487,1,1,353.4,14,2,0.2197
0,488,1,0,1875.2,1504,293,6468.5887
0,489,1,1,353.4,14,2,0.2197
0,490,1,2,1259.0,1249,249,3642.3594
0,491,1,2,1259.0,1249,247,3642.49122
0,492,1,0,1652.2,1727,346,6602.2397
0,493,1,1,353.4,14,2,0.2197
0,494,1,2,1541.0,967,194,3360.1027
0,495,1,0,1709.2,1670,295,7037.4017
0,496,1,0,1751.2,1628,247,6010.2197
0,497,1,0,1647.2,1732,348,6620.1797
0,498,1,1,327.4,40,4,0.2197
0,499,1,0,1652.2,1727,346,6602.2397
0,500,1,0,1751.2,1628,247,6010.2197
0,501,3,2,1400.0,1108,194,3858.2557
0,502,1,2,1278.0,1230,245,3642.1397
0,503,1,1,353.4,14,2,0.2197
0,504,1,2,1403.0,1105,194,3847.6567
0,505,1,1,353.4,14,2,0.2197
0,506,1,1,353.4,14,2,0.2197
0,507,1,2,1276.0,1232,247,3642.1397
0,508,1,1,345.4,22,2,0.39546
0,509,1,0,1649.2,1730,346,6602.30561
0,510,1,1,207.4,160,4,0.2197
0,511,1,1,353.4,14,2,0.2197
0,512,1,1,353.4,14,2,0.2197
0,513,1,2,1541.0,967,194,3360.1027
0,514,1,1,353.4,14,2,0.2197
0,515,1,2,1541.0,967,194,3360.1027
0,516,3,1,353.4,14,2,0.2197
0,517,1,1,353.4,14,2,0.2197
0,518,1,1,353.4,14,2,0.2197
0,519,1,0,1751.2,1628,247,6010.2197
0,520,1,2,1377.0,1131,194,3939.5147
0,521,1,0,1745.2,1634,295,6920.8127
0,522,1,2,1240.0,1268,249,3642.1397
0,523,1,2,1266.0,1242,249,3642.1397
0,524,1,2,1276.0,1232,247,3642.1397
0,525,1,2,1278.0,1230,245,3642.1397
0,526,1,1,353.4,14,2,0.2197
0,527,1,1,353.4,14,2,0.2197
0,528,1,2,1276.0,1232,247,3642.1397
0,529,3,2,1276.0,1232,247,3642.1397
0,530,1,2,1414.0,1094,194,3808.7937
0,531,3,1,353.4,14,2,0.2197
0,532,1,2,1421.0,1087,194,3770.01858
0,533,1,0,1653.2,1726,247,6303.7297
0,537,1,1,353.4,14,2,0.2197
0,543,1,1,353.4,14,2,0.2197
0,570,3,0,1430.2,1949,297,7762.5757
0,603,3,2,839.0,1669,249,3764.9347
0,617,3,2,1188.0,1320,196,3865.3217
0,618,1,0,375.2,3004,350,8264.2847
0,619,1,0,411.2,2968,350,8120.6647
0,621,1,2,250.0,2258,196,4130.2967
0,622,3,0,1492.2,1887,297,8352.56758
0,623,1,2,315.0,2193,249,3899.7097
0,624,2,2,436.0,2072,249,3974.5847
0,625,2,0,1511.2,1868,350,7006.5147
0,627,3,2,986.0,1522,249,3758.9447
0,628,1,0,-91.8,3471,348,7246.1347
0,629,1,2,898.0,1610,196,5165.4657
0,630,3,2,1123.0,1385,196,4812.1657
0,631,1,0,189.2,3190,350,7231.1897
0,634,1,0,705.2,2674,350,7279.0097
0,637,1,2,-5.0,2513,249,4085.3997
0,638,1,0,1231.2,2148,297,8402.1747
0,639,2,2,1140.0,1368,196,3360.1027
0,640,2,1,317.4,50,4,0.2197
0,641,1,0,1546.2,1833,348,7224.1597
0,642,1,1,353.4,14,2,0.2197
0,643,2,2,894.0,1614,249,3642.16167
0,644,1,2,909.0,1599,249,3657.1147
0,645,1,2,919.0,1589,249,4558.6097
0,646,2,2,955.0,1553,249,4528.6597
0,647,1,0,1428.2,1951,346,7276.1047
0,648,1,0,1470.2,1909,295,7892.3877
0,650,1,2,1071.0,1437,245,4262.1047
0,651,1,0,1611.2,1768,295,7394.2347
0,653,1,2,816.0,1692,247,5019.8397
0,654,3,2,1115.0,1393,245,4130.3247
0,655,1,0,1302.2,2077,346,7650.4897
0,656,1,1,17.4,350,4,0.2197
0,657,1,2,1432.0,1076,194,3745.1997
0,658,1,1,353.4,14,2,0.2197
0,659,1,0,1915.2,1464,295,6320.2027
0,660,1,2,1278.0,1230,245,3642.1397
0,661,1,0,1917.2,1462,293,6320.2027
0,662,3,1,353.4,14,2,0.2197
0,663,1,2,1541.0,967,194,3360.1027
0,664,1,1,353.4,14,2,0.2197
0,665,1,1,353.4,14,2,0.2197
0,666,1,2,1256.0,1252,247,3702.0397
0,667,1,2,1273.0,1235,245,3642.24955
0,668,3,2,1386.0,1122,194,3876.11843
0,669,1,2,1369.0,1139,194,3967.7787
0,670,1,0,1652.2,1727,346,6602.2397
0,671,1,1,353.4,14,2,0.2197
0,672,1,1,353.4,14,2,0.2197
0,673,1,0,1652.2,1727,346,6602.2397
0,674,1,1,353.4,14,2,0.2197
0,675,1,0,1917.2,1462,293,6320.2027
0,676,1,2,1541.0,967,194,3360.1027
0,677,1,2,1278.0,1230,245,3642.1397
0,678,1,2,1276.0,1232,247,3642.1397
0,679,1,1,353.4,14,2,0.2197
0,680,1,2,1444.0,1064,194,3702.8037
0,681,1,1,345.4,22,2,0.39546
0,682,1,0,1764.2,1615,293,6860.7517
0,683,1,0,1749.2,1630,249,6010.2197
0,684,1,1,353.4,14,2,0.2197
0,685,1,2,1276.0,1232,247,3642.1397
0,686,1,2,1276.0,1232,247,3642.1397
0,687,1,1,353.4,14,2,0.2197
0,688,1,0,1917.2,1462,293,6320.2027
0,689,1,1,353.4,14,2,0.2197
0,690,1,0,1917.2,1462,293,6320.2027
0,691,1,0,1652.2,1727,346,6602.2397
0,692,1,1,353.4,14,2,0.2197
0,693,1,0,1650.2,1729,348,6602.2397
0,694,3,1,353.4,14,2,0.2197
0,695,1,2,1541.0,967,194,3360.1027
0,696,1,1,353.4,14,2,0.2197
0,697,1,0,869.2,2510,297,6320.2027
0,698,1,2,140.0,2368,249,3642.1397
0,699,1,0,726.2,2653,350,6632.1397
0,700,3,0,1433.2,1946,350,6907.2197
0,701,1,2,76.0,2432,249,3642.1397
0,702,1,1,353.4,14,2,0.2197
0,703,1,0,1073.2,2306,297,6824.3497
0,704,1,0,1167.2,2212,350,7733.0297
0,705,1,2,617.0,1891,249,3642.1397
0,706,3,0,1837.2,1542,297,6655.8797
0,707,1,1,353.4,14,2,0.2197
0,708,3,2,1101.0,1407,249,3642.1397
0,709,1,0,1428.2,1951,346,7502.9647
0,710,1,0,1559.2,1820,297,7470.8747
0,712,1,2,839.0,1669,249,3791.8897
0,715,1,2,960.0,1548,196,4815.6987
0,716,1,0,1571.2,1808,247,6549.3197
0,717,1,2,904.0,1604,247,4756.2797
0,718,1,0,1368.2,2011,247,7157.3047
0,719,1,0,1602.2,1777,346,6751.9897
0,720,3,0,1645.2,1734,295,7274.1127
0,721,2,2,1261.0,1247,247,3687.0647
0,722,1,1,-63.6,431,4,0.2197
0,723,1,1,-44.6,412,4,0.2197
0,724,1,0,1718.2,1661,293,7023.2697
0,725,1,1,98.4,269,4,0.2197
0,726,1,2,1275.0,1233,247,3645.1347
0,727,1,1,233.4,134,4,0.2197
0,728,1,2,1541.0,967,194,3360.1027
0,729,3,0,1898.2,1481,295,6380.2637
0,730,1,1,343.4,24,2,0.4394
0,731,1,0,1751.2,1628,247,6010.2197
0,732,1,2,1278.0,1230,245,3642.1397
0,733,1,1,353.4,14,2,0.2197
0,734,1,1,353.4,14,2,0.2197
0,735,3,2,1338.0,1170,194,4063.25758
0,736,1,0,1751.2,1628,247,6010.2197
0,737,1,1,353.4,14,2,0.2197
0,738,1,1,353.4,14,2,0.2197
0,739,1,0,1857.2,1522,293,6532.1827
0,740,1,2,1274.0,1234,249,3642.1397
0,741,3,0,1642.2,1737,346,6602.4594
0,742,1,1,353.4,14,2,0.2197
0,743,3,0,1650.2,1729,348,6602.2397
0,744,1,1,353.4,14,2,0.2197
0,745,3,2,1276.0,1232,247,3642.1397
0,746,1,0,1760.2,1619,293,6874.8837
0,747,1,2,1276.0,1232,247,3642.1397
0,748,1,1,353.4,14,2,0.2197
0,749,3,1,353.4,14,2,0.2197
0,750,1,0,1917.2,1462,293,6320.2027
0,751,1,1,353.4,14,2,0.2197
0,752,1,0,421.2,2958,297,6860.7517
0,753,1,0,577.2,2802,350,6697.9197
0,754,1,0,575.2,2804,350,11882.5797
0,755,3,0,1639.2,1740,297,7639.2657
0,756,1,1,351.4,16,4,0.2197
0,757,3,1,353.4,14,2,0.2197
0,758,1,1,353.4,14,2,0.2197
0,759,1,1,353.4,14,2,0.2197
0,760,1,2,218.0,2290,249,3642.1397
0,761,3,2,1165.0,1343,249,3642.1397
0,762,1,0,1440.2,1939,297,6887.1747
0,763,1,1,353.4,14,2,0.2197
0,764,1,2,596.0,1912,249,3642.20561
0,765,1,1,353.4,14,2,0.2197
0,766,1,0,1544.2,1835,350,6775.6597
0,767,1,2,714.0,1794,249,3642.1397
0,768,1,0,1475.2,1904,293,8368.7417
0,769,1,2,904.0,1604,249,3660.1097
0,770,1,2,990.0,1518,194,5306.7857
0,771,1,2,1019.0,1489,245,4417.8447
0,772,1,2,1129.0,1379,249,4076.4147
0,773,1,2,1145.0,1363,247,4034.4847
0,774,1,2,1348.0,1160,194,4041.9717
0,775,1,0,1735.2,1644,251,6028.1897
0,776,1,2,931.0,1577,249,4190.2247
0,777,1,0,1033.2,2346,350,6811.8697
0,778,1,1,289.4,78,4,0.2197
0,779,1,0,1556.2,1823,297,7773.3427
0,780,1,2,878.0,1630,196,3519.17558
0,781,1,2,756.0,1752,249,3642.1397
0,782,1,0,1597.2,1782,350,6710.05546
0,783,1,2,781.0,1727,249,3642.1397
0,784,1,1,353.4,14,2,0.2197
0,785,1,2,949.0,1559,249,3642.1397
0,786,1,2,1074.0,1434,249,3642.1397
0,787,1,0,1590.2,1789,348,6790.8947
0,788,1,1,353.4,14,2,0.2197
0,789,1,2,1386.0,1122,194,3907.7177
0,790,1,2,1397.0,1111,194,3868.8547
0,791,1,2,1278.0,1230,245,3642.1397
0,792,1,0,1428.2,1951,249,6956.6397
0,793,3,0,1634.2,1745,251,6324.6947
0,794,1,2,1103.0,1405,245,4166.2647
0,795,1,1,-81.6,449,4,0.2197
0,796,1,2,1239.0,1269,249,3642.1397
0,797,1,0,1608.2,1771,346,6734.0197
0,798,1,2,1505.0,1003,196,3374.2347
0,799,1,0,1915.2,1464,295,6320.2027
0,800,1,2,1278.0,1230,245,3642.1397
0,801,1,0,1648.2,1731,350,6602.2397
0,802,3,2,1276.0,1232,247,3642.1397
0,803,1,2,1183.0,1325,194,4624.9167
0,804,1,2,1276.0,1232,247,3642.1397
0,805,1,2,1171.0,1337,247,3956.6147
0,806,1,1,348.4,19,2,0.2197
0,807,1,1,353.4,14,2,0.2197
0,808,1,0,1907.2,1472,297,6320.2027
0,809,1,1,353.4,14,2,0.2197
0,810,3,1,353.4,14,2,0.2197
0,811,1,0,1885.2,1494,297,6320.2027
0,812,1,1,353.4,14,2,0.2197
0,813,1,0,1567.2,1812,346,7110.5397
0,814,1,0,1727.2,1652,293,7013.4957
0,815,1,0,1623.2,1756,348,6733.90955
0,816,1,2,1258.0,1250,249,3642.1397
0,817,1,0,1652.2,1727,346,6602.2397
0,818,1,1,353.4,14,2,0.2197
0,819,1,2,1276.0,1232,247,3642.1397
0,820,1,0,1648.2,1731,350,6602.2397
0,821,1,2,1276.0,1232,247,3642.1397
0,822,1,1,231.4,136,4,0.2197
0,823,1,1,-12.6,380,4,0.2197
0,824,1,2,1541.0,967,194,3360.1027
0,825,1,2,1541.0,967,194,3360.1027
0,826,1,2,1278.0,1230,245,3642.1397
0,827,1,0,1751.2,1628,247,6010.2197
0,828,1,1,353.4,14,2,0.2197
0,829,1,0,1751.2,1628,247,6010.2197
0,830,1,1,353.4,14,2,0.2197
0,831,1,0,1751.2,1628,247,6010.2197
0,832,1,1,352.4,15,2,0.24167
0,833,1,0,1807.2,1572,293,6708.8327
0,834,1,1,353.4,14,2,0.2197
0,835,1,2,1426.0,1082,194,3766.3977
0,836,1,1,353.4,14,2,0.2197
0,837,1,1,353.4,14,2,0.2197
0,838,1,0,1652.2,1727,346,6602.2397
0,839,1,2,1276.0,1232,247,3642.1397
0,840,3,1,353.4,14,2,0.2197
0,841,1,0,1883.2,1496,297,6320.2027
0,842,1,2,1109.0,1399,196,3360.1027
0,843,1,2,1207.0,1301,249,3642.1397
0,844,1,0,1651.2,1728,346,6608.2197
0,845,3,1,353.4,14,2,0.2197
0,846,1,0,1652.2,1727,346,6602.2397
0,847,1,0,1650.2,1729,348,6602.2397
0,848,1,2,1278.0,1230,245,3642.1397
0,849,1,0,1650.2,1729,348,6602.2397
0,850,1,0,1650.2,1729,348,6602.2397
0,852,1,2,1541.0,967,194,3360.1027
0,853,1,2,1541.0,967,194,3360.1027
0,854,1,2,1126.0,1382,245,4097.3797
0,855,2,1,144.4,223,4,0.24167
0,856,1,1,218.4,149,4,0.2197
0,857,1,1,353.4,14,2,0.2197
0,858,1,2,1344.0,1164,194,4056.1037
0,859,1,2,1541.0,967,194,3360.1027
0,860,1,0,1511.2,1868,251,6010.2197
0,861,1,1,353.4,14,2,0.2197
0,862,1,1,353.4,14,2,0.2197
0,863,3,0,1737.2,1642,251,6010.2197
0,864,1,1,353.4,14,2,0.2197
0,865,3,1,353.4,14,2,0.2197
0,866,1,1,353.4,14,2,0.2197
0,867,1,2,1514.0,994,196,3360.1027
0,868,1,0,1616.2,1763,297,6320.2027
0,869,1,0,1613.2,1766,350,6620.1797
0,870,1,1,353.4,14,2,0.2197
0,871,1,0,1649.2,1730,346,6620.1797
0,872,1,2,1195.0,1313,249,3642.1397
0,873,1,2,1194.0,1314,249,3642.31546
0,874,1,0,1652.2,1727,346,6602.2397
0,875,2,0,1650.2,1729,348,6602.2397
0,876,1,2,1215.0,1293,245,3830.8247
0,877,1,2,1353.0,1155,194,4024.3067
0,878,1,1,225.4,142,4,0.2197
0,879,1,0,1917.2,1462,293,6320.2027
0,880,1,1,-269.6,637,4,0.2197
0,882,1,0,1190.2,2189,251,6630.36046
0,883,1,2,349.0,2159,196,5377.4457
0,884,3,1,95.4,272,4,0.2197
0,885,1,0,1317.2,2062,350,7593.50667
0,886,1,0,1492.2,1887,346,7556.0547
0,887,1,0,1827.2,1552,297,6583.8307
0,888,1,0,1645.2,1734,348,6632.1397
0,889,1,1,353.4,14,2,0.2197
0,890,1,2,1278.0,1230,245,3642.1397
0,891,1,2,1278.0,1230,245,3642.1397
0,892,1,0,1652.2,1727,346,6602.2397
0,893,1,0,1650.2,1729,348,6602.2397
0,896,1,2,1541.0,967,194,3360.1027
0,898,2,1,19.4,348,4,0.2197
0,899,1,0,1844.2,1535,297,6320.2027
0,900,3,0,1649.2,1730,346,6620.1797
0,901,1,2,1261.0,1247,249,3642.1397
0,902,1,1,353.4,14,2,0.2197
0,903,3,2,1266.0,1242,249,3642.1397
0,904,1,2,1473.0,1035,196,3533.2197
0,905,1,0,775.2,2604,297,6811.2897
0,906,1,0,829.2,2550,251,6010.2197
0,907,1,1,353.4,14,2,0.2197
0,908,1,1,353.4,14,2,0.2197
0,909,1,0,1077.2,2302,350,6745.7597
0,910,1,0,1098.2,2281,350,6823.4997
0,911,1,1,353.4,14,2,0.2197
0,912,1,0,1172.2,2207,350,6865.3597
0,913,1,1,79.4,288,4,0.2197
0,914,1,0,1350.2,2029,297,7590.5307
0,915,2,2,498.0,2010,249,3743.99167
0,916,1,1,353.4,14,2,0.2197
0,917,1,0,1521.2,1858,350,6978.9797
0,918,1,0,1797.2,1582,297,6719.4737
0,919,1,1,353.4,14,2,0.2197
0,920,1,1,345.4,22,2,0.39546
0,921,1,2,1158.0,1350,249,3642.1397
0,922,1,2,1039.0,1469,245,4357.9447
0,925,1,2,1284.0,1224,194,4268.0837
0,926,1,2,1198.0,1310,247,3875.7497
0,927,1,0,1429.2,1950,293,8030.26258
0,928,1,2,862.0,1646,245,4879.14061
0,929,1,0,1257.2,2122,249,7483.7597
0,931,1,2,1094.0,1414,247,4187.2297
0,933,2,1,181.4,186,4,0.2197
0,934,1,2,1272.0,1236,247,3654.1197
0,935,1,2,1405.0,1103,194,3840.5907
0,936,1,1,353.4,14,2,0.2197
0,937,1,1,353.4,14,2,0.2197
0,938,1,1,353.4,14,2,0.2197
0,939,3,2,1334.0,1174,194,4091.4337
0,940,1,2,1278.0,1230,245,3642.1397
0,941,1,2,1276.0,1232,247,3642.1397
0,942,1,1,353.4,14,2,0.2197
0,943,1,1,353.4,14,2,0.2197
0,944,1,2,1433.0,1075,194,3741.6667
0,945,1,0,1736.2,1643,293,6959.6757
0,946,1,1,353.4,14,2,0.2197
0,947,1,1,353.4,14,2,0.2197
0,948,1,1,353.4,14,2,0.2197
0,949,3,1,353.4,14,2,0.2197
0,950,1,0,1751.2,1628,247,6010.2197
0,951,1,1,353.4,14,2,0.2197
0,952,1,1,353.4,14,2,0.2197
0,953,1,1,353.4,14,2,0.2197
0,954,3,2,1541.0,967,194,3360.1027
0,955,1,2,1394.0,1114,194,3879.4537
0,956,1,2,1278.0,1230,245,3642.1397
0,957,1,2,1278.0,1230,245,3642.1397
0,958,1,1,352.4,15,2,0.24167
0,959,1,1,353.4,14,2,0.2197
0,960,1,1,353.4,14,2,0.2197
0,961,1,2,1355.0,1153,194,4017.2407
0,962,1,2,1266.0,1242,249,3642.1397
0,963,1,2,1370.0,1138,196,3798.1947
0,964,1,1,353.4,14,2,0.2197
0,965,1,2,1263.0,1245,247,3642.27152
0,966,1,2,550.0,1958,249,3642.33743
0,967,1,0,1483.2,1896,346,7612.8597
0,968,1,2,815.0,1693,249,3642.1397
0,969,1,2,1000.0,1508,249,3642.1397
0,970,1,1,353.4,14,2,0.2197
0,971,1,2,1164.0,1344,196,3911.2507
0,972,1,1,353.4,14,2,0.2197
0,973,1,2,1216.0,1292,249,3642.20561
0,974,1,1,353.4,14,2,0.2197
0,975,1,2,1459.0,1049,196,3519.0877
0,976,1,0,1642.2,1737,348,6602.41546
0,977,1,0,1749.2,1630,249,6010.2197
0,978,1,2,1268.0,1240,249,3645.1347
0,979,1,2,1275.0,1233,247,3642.1397
0,980,1,2,1219.0,1289,245,3818.8447
0,981,1,2,1149.0,1359,194,4745.0387
0,982,1,2,971.0,1537,247,4555.6147
0,983,1,1,75.4,292,4,0.2197
0,984,3,1,172.4,195,4,0.2197
0,985,1,1,191.4,176,4,0.2197
0,986,1,0,1860.2,1519,293,6521.5837
0,987,1,0,1652.2,1727,346,6602.2397
0,988,1,2,1276.0,1232,247,3642.1397
0,989,1,1,341.4,26,4,0.2197
0,990,1,2,1389.0,1119,194,3897.1187
0,991,1,1,353.4,14,2,0.2197
0,992,1,2,1541.0,967,194,3360.1027
0,993,1,0,1751.2,1628,247,6010.2197
0,994,1,0,1749.2,1630,249,6010.2197
0,995,3,2,1541.0,967,194,3360.1027
0,996,1,2,1413.0,1095,194,3812.3267
0,997,1,1,353.4,14,2,0.2197
0,998,1,1,353.4,14,2,0.2197
0,999,1,0,1751.2,1628,247,6010.2197
1,75,1,0,-33.8,3413,295,6010.2197
1,76,1,2,-294.0,2802,247,6010.2197
1,78,1,1,-340.6,708,2,6010.2197
1,79,1,2,-658.0,3166,194,6010.2197
1,80,1,1,-200.6,568,2,6010.2197
1,81,1,1,-151.6,519,2,6010.2197
1,84,1,1,-50.6,418,2,6010.2197
1,92,1,1,-958.6,1326,2,6010.2197
1,94,1,1,-1130.6,1498,2,6010.2197
1,96,1,1,-1207.6,1575,2,6010.2197
1,99,1,1,-1006.6,1374,2,6010.2197
1,101,1,1,-825.6,1193,2,6010.2197
1,103,1,1,-660.6,1028,2,6010.2197
1,104,1,1,-652.6,1020,2,6010.2197
1,109,1,1,-40.6,408,2,6010.2197
1,110,1,1,-16.6,384,2,6010.2197
1,251,1,0,-3269.8,6649,295,6010.2197
1,253,1,2,-1019.0,3527,194,6010.2197
1,255,1,0,-2905.8,6285,348,6010.2197
1,256,1,2,-3747.0,6255,247,6010.2197
1,259,1,0,-2547.8,5927,348,6010.2197
1,261,1,0,-2498.8,5878,348,6010.2197
1,263,1,2,-3179.0,5687,194,6010.2197
1,267,1,2,-2879.0,5387,194,6010.2197
1,268,1,0,-1937.8,5317,348,6010.2197
1,269,1,0,-1889.8,5269,348,6010.2197
1,270,1,2,-2635.0,5143,247,6010.2197
1,271,1,2,-2609.0,5117,247,6010.2197
1,272,1,1,-4617.6,4985,2,6010.2197
1,273,1,1,-4543.6,4911,2,6010.2197
1,274,1,1,-4533.6,4901,2,6010.2197
1,275,1,0,-1562.8,4942,348,6010.2197
1,276,1,0,-1321.8,4701,295,6010.2197
1,277,1,0,-1278.8,4658,348,6010.2197
1,278,1,2,-2024.0,4532,247,6010.2197
1,279,1,2,-1997.0,4505,247,6010.2197
1,280,1,0,-1132.8,4512,348,6010.2197
1,281,1,1,-4022.6,4390,2,6010.2197
1,284,1,0,-572.8,3952,348,6010.2197
1,285,1,1,-3509.6,3877,2,6010.2197
1,287,1,0,-484.8,3864,295,6010.2197
1,288,1,2,-1219.0,3727,247,6010.2197
1,289,1,1,-3295.6,3663,2,6010.2197
1,290,1,2,-1171.0,3679,247,6010.2197
1,291,1,0,-111.8,3491,348,6010.2197
1,292,1,0,-49.8,3429,348,6010.2197
1,295,1,1,-2583.6,2951,2,6010.2197
1,298,1,1,-2349.6,2717,2,6010.2197
1,300,1,1,-2326.6,2694,2,6010.2197
1,301,1,1,-2320.6,2688,2,6010.2197
1,303,1,2,-207.0,2715,247,6010.2197
1,308,1,1,-1858.6,2226,2,6010.2197
1,313,1,1,-1330.6,1698,2,6010.2197
1,316,1,1,-1154.6,1522,2,6010.2197
1,319,1,1,-832.6,1200,2,6010.2197
1,320,1,1,-532.6,900,2,6010.2197
1,322,1,1,-383.6,751,2,6010.2197
1,324,1,1,-252.6,620,2,6010.2197
1,325,1,1,-215.6,583,2,6010.2197
1,328,1,1,-131.6,499,2,6010.2197
1,330,1,2,-211.0,2719,247,6010.2197
1,345,1,1,-1078.6,1446,2,6010.2197
1,347,1,1,-995.6,1363,2,6010.2197
1,348,1,1,-843.6,1211,2,6010.2197
1,350,1,1,-850.6,1218,2,6010.2197
1,352,1,1,-420.6,788,2,6010.2197
1,367,1,1,-233.6,601,2,6010.2197
1,534,1,0,-7531.8,10911,249,6010.2197
1,535,1,0,-7478.8,10858,249,6010.2197
1,536,1,2,-7808.0,10316,194,6010.2197
1,538,1,0,-6910.8,10290,295,6010.2197
1,539,1,0,-6921.8,10301,348,6010.2197
1,540,1,0,-6729.8,10109,348,6010.2197
1,541,1,0,-6578.8,9958,348,6010.2197
1,542,1,0,-6501.8,9881,348,6010.2197
1,544,1,2,-7190.0,9698,247,6010.2197
1,545,1,0,-6178.8,9558,295,6010.2197
1,546,1,2,-6956.0,9464,194,6010.2197
1,547,1,0,-6120.8,9500,348,6010.2197
1,548,1,0,-6126.8,9506,348,6010.2197
1,549,1,1,-8900.6,9268,2,6010.2197
1,550,1,1,-8872.6,9240,2,6010.2197
1,551,1,2,-6721.0,9229,247,6010.2197
1,552,1,2,-6725.0,9233,247,6010.2197
1,553,1,0,-5706.8,9086,295,6010.2197
1,554,1,2,-6486.0,8994,194,6010.2197
1,555,1,1,-8482.6,8850,2,6010.2197
1,556,1,1,-8467.6,8835,2,6010.2197
1,557,1,2,-6293.0,8801,247,6010.2197
1,558,1,1,-8341.6,8709,2,6010.2197
1,559,1,2,-6188.0,8696,247,6010.2197
1,560,1,2,-6134.0,8642,247,6010.2197
1,561,1,1,-8115.6,8483,2,6010.2197
1,562,1,2,-6032.0,8540,247,6010.2197
1,563,1,1,-7968.6,8336,2,6010.2197
1,564,1,0,-4971.8,8351,348,6010.2197
1,565,1,0,-4982.8,8362,348,6010.2197
1,566,1,0,-4913.8,8293,295,6010.2197
1,567,1,0,-4875.8,8255,348,6010.2197
1,568,1,2,-5610.0,8118,247,6010.2197
1,569,1,2,-5468.0,7976,247,6010.2197
1,571,1,2,-5304.0,7812,247,6010.2197
1,572,1,1,-7305.6,7673,2,6010.2197
1,573,1,2,-5153.0,7661,194,6010.2197
1,574,1,0,-3928.8,7308,295,6010.2197
1,575,1,0,-3748.8,7128,348,6010.2197
1,576,1,0,-3685.8,7065,348,6010.2197
1,577,1,2,-4532.0,7040,247,6010.2197
1,578,1,1,-6418.6,6786,2,6010.2197
1,579,1,0,-3519.8,6899,348,6010.2197
1,580,1,2,-4070.0,6578,247,6010.2197
1,581,1,0,-3180.8,6560,348,6010.2197
1,582,1,2,-3873.0,6381,194,6010.2197
1,583,1,0,-3015.8,6395,295,6010.2197
1,584,1,2,-3866.0,6374,247,6010.2197
1,585,1,1,-5868.6,6236,2,6010.2197
1,586,1,1,-5801.6,6169,2,6010.2197
1,587,1,0,-2813.8,6193,348,6010.2197
1,588,1,2,-3622.0,6130,247,6010.2197
1,589,1,2,-3478.0,5986,194,6010.2197
1,590,1,0,-2466.8,5846,295,6010.2197
1,591,1,2,-3314.0,5822,247,6010.2197
1,592,1,2,-3224.0,5732,247,6010.2197
1,593,1,0,-2187.8,5567,348,6010.2197
1,594,1,0,-225.8,3605,243,6010.2197
1,595,1,2,-2963.0,5471,247,6010.2197
1,596,1,1,-4958.6,5326,2,6010.2197
1,597,1,1,-4903.6,5271,2,6010.2197
1,598,1,1,-4612.6,4980,2,6010.2197
1,599,1,1,-4577.6,4945,2,6010.2197
1,600,1,1,-4526.6,4894,2,6010.2197
1,601,1,2,-2361.0,4869,247,6010.2197
1,602,1,1,-4425.6,4793,2,6010.2197
1,604,1,0,-1257.8,4637,295,6010.2197
1,605,1,0,-989.8,4369,295,6010.2197
1,606,1,1,-3913.6,4281,2,6010.2197
1,607,1,0,-927.8,4307,348,6010.2197
1,608,1,1,-3789.6,4157,2,6010.2197
1,609,1,2,-1642.0,4150,247,6010.2197
1,610,1,1,-3700.6,4068,2,6010.2197
1,611,1,2,-1451.0,3959,247,6010.2197
1,612,1,0,-558.8,3938,348,6010.2197
1,613,1,1,-3416.6,3784,2,6010.2197
1,614,1,0,-227.8,3607,348,6010.2197
1,615,1,2,-1061.0,3569,194,6010.2197
1,616,1,2,-992.0,3500,247,6010.2197
1,620,1,2,-91.0,2599,247,6010.2197
1,626,1,1,-1527.6,1895,2,6010.2197
1,632,1,2,-430.0,2938,247,6010.2197
1,633,1,1,-818.6,1186,2,6010.2197
1,635,1,2,-130.0,2638,247,6010.2197
1,636,1,1,-509.6,877,2,6010.2197
1,649,1,1,-972.6,1340,2,6010.2197
1,652,1,1,-652.6,1020,2,6010.2197
1,711,1,1,-774.6,1142,2,6010.2197
1,713,1,1,-736.6,1104,2,6010.2197
1,714,1,1,-689.6,1057,2,6010.2197
1,851,1,1,-105.6,473,2,6010.2197
1,881,1,1,-140.6,508,2,6010.2197
1,894,1,1,-205.6,573,2,6010.2197
1,895,1,1,-65.6,433,2,6010.2197
1,897,1,1,-37.6,405,2,6010.2197
1,923,1,1,-711.6,1079,2,6010.2197
1,924,1,1,-677.6,1045,2,6010.2197
1,930,1,1,-355.6,723,2,6010.2197
1,932,1,1,-34.6,402,2,6010.2197
Time: 65014, 165669, 432908, 370116
