CONFIGURATION:
{u'simulation': {u'stdev_factor': 0.01, u'power_mgmt_enabled': False, u'tasks': {u'loc': {u'mean_service_time': {u'gpu': 90, u'cpu_core': 200, u'loc_accel': 10}, u'priority': 1, u'deadline': 1000, u'stdev_service_time': {u'gpu': 0.9, u'cpu_core': 2.0, u'loc_accel': 0.1}, u'power': {u'gpu': 4.457, u'cpu_core': 6.133, u'loc_accel': 0.02197}}, u'detect': {u'mean_service_time': {u'gpu': 0.4607, u'cpu_core': 3.654, u'det_accel': 0.278}, u'priority': 2, u'deadline': 1000, u'stdev_service_time': {u'gpu': 0.004607, u'cpu_core': 0.03654, u'det_accel': 0.0027800000000000004}, u'power': {u'gpu': 90, u'cpu_core': 200, u'det_accel': 10}}, u'Frontier': {u'mean_service_time': {u'cpu_core': 396}, u'priority': 9, u'deadline': 1000, u'stdev_service_time': {u'cpu_core': 3.96}, u'power': {u'cpu_core': 5.98}}, u'track': {u'mean_service_time': {u'gpu': 17, u'tra_accel': 2, u'cpu_core': 1820}, u'priority': 3, u'deadline': 1000, u'stdev_service_time': {u'gpu': 0.17, u'tra_accel': 0.02, u'cpu_core': 18.2}, u'power': {u'gpu': 12.79, u'tra_accel': 0.59, u'cpu_core': 5.6}}, u'sp': {u'mean_service_time': {u'gpu': 379, u'cpu_core': 1004}, u'priority': 11, u'deadline': 1000, u'stdev_service_time': {u'gpu': 3.79, u'cpu_core': 10.040000000000001}, u'power': {u'gpu': 3.302, u'cpu_core': 1004}}, u'mission': {u'mean_service_time': {u'cpu_core': 0.0022}, u'priority': 5, u'deadline': 1000, u'stdev_service_time': {u'cpu_core': 2.2000000000000003e-05}, u'power': {u'cpu_core': 3.534}}, u'motion': {u'mean_service_time': {u'cpu_core': 8}, u'priority': 6, u'deadline': 1000, u'stdev_service_time': {u'cpu_core': 0.08}, u'power': {u'cpu_core': 4.222}}, u'collision': {u'mean_service_time': {u'cpu_core': 8}, u'priority': 7, u'deadline': 1000, u'stdev_service_time': {u'cpu_core': 0.08}, u'power': {u'cpu_core': 0}}, u'fusion': {u'mean_service_time': {u'cpu_core': 1}, u'priority': 4, u'deadline': 1000, u'stdev_service_time': {u'cpu_core': 0.01}, u'power': {u'cpu_core': 0}}, u'map': {u'mean_service_time': {u'gpu': 761, u'cpu_core': 973}, u'priority': 10, u'deadline': 1000, u'stdev_service_time': {u'gpu': 7.61, u'cpu_core': 9.73}, u'power': {u'gpu': 3.533, u'cpu_core': 2.995}}, u'path': {u'mean_service_time': {u'cpu_core': 8}, u'priority': 8, u'deadline': 1000, u'stdev_service_time': {u'cpu_core': 0.08}, u'power': {u'cpu_core': 0}}}, u'sched_policy_module': u'policies.ms2_update2', u'drop': True, u'servers': {u'gpu': {u'count': 2}, u'tra_accel': {u'count': 1}, u'cpu_core': {u'count': 8}, u'loc_accel': {u'count': 1}, u'det_accel': {u'count': 1}}, u'max_tasks_simulated': 10000, u'max_queue_size': 1000000, u'mean_arrival_time': 50, u'arrival_time_scale': 2.2}, u'general': {u'random_seed': 0, u'pre_gen_arrivals': False, u'basename': u'policy:ms2_update2__stdev_factor:0.01', u'output_trace_file': None, u'working_dir': u'/home/hiwot/meta-stomp2/sim_16042020_194257_new_arrival_50_map_rheftmapping_50_trace_10', u'input_trace_file': (False, '../mv_mapping_50_trace_10.trc'), u'logging_level': u'INFO'}}

/home/hiwot/meta-stomp2/sim_16042020_194257_new_arrival_50_map_rheftmapping_50_trace_10/../mv_mapping_50_trace_10.trc

Running STOMP simulation...
Dropped,DAG ID,DAG Priority,DAG Type,Slack,Response Time,No-Affinity Time,Energy
0,0,1,1,353.4,14,2,0.2197
0,1,1,0,1917.2,1462,293,6320.2027
0,2,1,0,1915.2,1464,295,6320.2027
0,3,1,1,353.4,14,2,0.2197
0,4,1,0,1751.2,1628,247,6010.2197
0,5,1,1,353.4,14,2,0.2197
0,6,1,1,353.4,14,2,0.2197
0,7,1,1,353.4,14,2,0.2197
0,8,1,1,353.4,14,2,0.2197
0,9,1,1,353.4,14,2,0.2197
0,10,1,0,1917.2,1462,293,6320.2027
0,11,1,2,1541.0,967,194,3360.1027
0,12,1,1,353.4,14,2,0.2197
0,13,1,2,1277.0,1231,245,3642.16167
0,14,1,0,1650.2,1729,346,6602.28364
0,15,1,2,1274.0,1234,249,3642.1397
0,16,1,1,353.4,14,2,0.2197
0,17,1,1,353.4,14,2,0.2197
0,18,1,2,1362.0,1146,194,3992.5097
0,19,1,2,1541.0,967,194,3360.1027
0,20,1,2,1276.0,1232,247,3642.1397
0,21,1,0,1652.2,1727,346,6602.2397
0,22,1,2,1276.0,1232,247,3642.1397
0,23,1,0,1751.2,1628,247,6010.2197
0,24,1,1,353.4,14,2,0.2197
0,25,1,2,1541.0,967,194,3360.1027
0,26,1,2,1541.0,967,194,3360.1027
0,27,1,2,1278.0,1230,245,3642.1397
0,28,1,1,351.4,16,4,0.2197
0,29,1,0,1623.2,1756,350,6602.2397
0,30,1,1,353.4,14,2,0.2197
0,31,1,0,1713.2,1666,297,6825.4217
0,32,1,0,1756.2,1623,295,6881.9497
0,33,1,1,353.4,14,2,0.2197
0,34,1,0,1531.2,1848,350,6662.0397
0,35,3,2,1273.0,1235,247,3642.1397
0,36,1,0,1632.2,1747,348,6602.2397
0,37,1,1,353.4,14,2,0.2197
0,38,1,0,1409.2,1970,350,6602.2397
0,39,1,1,353.4,14,2,0.2197
0,40,3,0,1885.2,1494,297,6374.0227
0,41,1,1,353.4,14,2,0.2197
0,42,1,2,1534.0,974,196,3360.1027
0,43,1,0,1746.2,1633,249,6010.2197
0,44,1,0,1451.2,1928,346,7219.1597
0,45,3,1,304.4,63,4,0.2197
0,46,1,2,1037.0,1471,249,3711.0247
0,47,1,2,1203.0,1305,196,4487.1297
0,48,1,2,1266.0,1242,249,3642.1397
0,49,3,0,1875.2,1504,295,6461.5227
0,50,1,0,1648.2,1731,346,6602.32758
0,51,1,1,353.4,14,2,0.2197
0,52,1,0,1749.2,1630,249,6010.2197
0,53,1,0,1538.2,1841,348,6937.6797
0,54,1,1,257.4,110,4,0.2197
0,55,1,1,267.4,100,4,0.2197
0,56,1,2,1276.0,1232,247,3642.1397
0,57,1,0,1621.2,1758,346,6695.0847
0,58,1,2,1311.0,1197,194,4172.6927
0,59,1,1,353.4,14,2,0.2197
0,60,1,1,353.4,14,2,0.2197
0,61,1,1,350.4,17,2,0.28561
0,62,1,1,353.4,14,2,0.2197
0,63,3,2,1541.0,967,194,3360.1027
0,64,3,2,1278.0,1230,245,3642.1397
0,65,1,0,1564.2,1815,297,6786.5587
0,66,1,0,1508.2,1871,350,7152.3997
0,67,1,0,1313.2,2066,350,6967.0197
0,68,1,2,1265.0,1243,249,3642.1397
0,69,1,0,1613.2,1766,350,6674.0997
0,70,1,0,1612.2,1767,348,6697.98561
0,71,1,2,1279.0,1229,196,3540.2857
0,72,1,0,1649.2,1730,346,6620.1797
0,73,1,2,1249.0,1259,249,3642.1397
0,74,1,2,1211.0,1297,196,3610.9457
0,75,1,0,1179.2,2200,350,7991.8897
0,76,1,2,1094.0,1414,196,4692.0437
0,77,1,0,878.2,2501,297,10429.3197
0,78,1,1,198.4,169,4,0.2197
0,79,1,2,1240.0,1268,247,3740.9747
0,80,1,1,297.4,70,4,0.2197
0,81,1,1,343.4,24,4,0.2197
0,82,1,0,1230.2,2149,350,8074.9297
0,83,1,0,1352.2,2027,350,7586.5247
0,84,1,1,301.4,66,4,0.2197
0,85,1,2,1226.0,1282,249,3657.1147
0,86,1,2,1236.0,1272,249,3737.9797
0,87,1,0,1461.2,1918,348,7141.3097
0,88,1,2,1474.0,1034,196,3427.2297
0,89,1,2,1262.0,1246,249,3648.1297
0,90,1,2,1264.0,1244,249,3642.1397
0,91,1,0,897.2,2482,247,8567.9497
0,92,1,1,-840.6,1208,4,0.35152
0,93,1,2,1350.0,1158,194,4034.9057
0,94,1,1,57.4,310,4,0.2197
0,95,1,0,816.2,2563,348,9103.12652
0,96,1,1,120.4,247,4,0.2197
0,97,3,0,1499.2,1880,350,6859.8097
0,98,1,2,1189.0,1319,194,4603.7187
0,99,1,1,313.4,54,4,0.2197
0,100,1,0,1322.2,2057,293,8446.8077
0,101,1,1,181.4,186,4,0.4394
0,102,1,0,1346.2,2033,348,7521.6747
0,103,1,1,344.4,23,4,0.2197
0,104,1,1,195.4,172,4,0.2197
0,105,1,0,1554.2,1825,249,6594.2447
0,106,1,0,1570.2,1809,249,6546.3247
0,107,1,2,1278.0,1230,245,3642.1397
0,108,1,0,1624.2,1755,293,7355.3717
0,109,1,1,310.4,57,4,0.2197
0,110,1,1,334.4,33,4,0.2197
0,111,1,1,353.4,14,2,0.2197
0,112,1,1,353.4,14,2,0.2197
0,113,1,0,1652.2,1727,346,6602.2397
0,114,1,0,1915.2,1464,295,6320.2027
0,115,3,2,1461.0,1047,194,3642.7427
0,116,1,1,353.4,14,2,0.2197
0,117,1,1,353.4,14,2,0.2197
0,118,1,2,1278.0,1230,245,3642.1397
0,119,1,2,1276.0,1232,247,3642.1397
0,120,1,1,353.4,14,2,0.2197
0,121,1,0,1837.2,1542,293,6602.8427
0,122,1,0,1751.2,1628,247,6010.2197
0,123,3,1,353.4,14,2,0.2197
0,124,3,2,1341.0,1167,194,4066.7027
0,125,1,1,353.4,14,2,0.2197
0,126,1,2,1276.0,1232,247,3642.1397
0,127,1,0,1652.2,1727,346,6602.2397
0,128,1,1,353.4,14,2,0.2197
0,129,1,2,1278.0,1230,245,3642.1397
0,130,1,2,1541.0,967,194,3360.1027
0,131,1,2,1278.0,1230,245,3642.1397
0,132,1,1,353.4,14,2,0.2197
0,133,1,2,1541.0,967,194,3360.1027
0,134,1,1,353.4,14,2,0.2197
0,135,1,2,1274.0,1234,245,3642.22758
0,136,1,1,353.4,14,2,0.2197
0,137,1,0,1917.2,1462,293,6320.2027
0,138,1,0,1747.2,1632,247,6010.30758
0,139,1,1,353.4,14,2,0.2197
0,140,1,0,1749.2,1630,249,6010.2197
0,141,1,2,1266.0,1242,249,3642.1397
0,142,1,2,1491.0,1017,196,3398.9657
0,143,1,2,1278.0,1230,245,3642.1397
0,144,1,1,353.4,14,2,0.2197
0,145,3,1,353.4,14,2,0.2197
0,146,1,0,1652.2,1727,346,6602.2397
0,147,3,0,1712.2,1667,295,7037.4017
0,148,1,1,353.4,14,2,0.2197
0,149,1,2,1276.0,1232,247,3642.1397
0,150,3,2,1276.0,1232,247,3642.1397
0,151,1,0,1915.2,1464,295,6320.2027
0,152,1,0,1751.2,1628,247,6010.2197
0,153,1,2,1276.0,1232,247,3642.1397
0,154,1,1,353.4,14,2,0.2197
0,155,1,1,353.4,14,2,0.2197
0,156,1,0,1861.2,1518,295,6510.9847
0,157,1,1,353.4,14,2,0.2197
0,158,1,1,353.4,14,2,0.2197
0,159,1,1,353.4,14,2,0.2197
0,160,1,2,1541.0,967,194,3360.1027
0,161,1,1,353.4,14,2,0.2197
0,162,1,2,1541.0,967,194,3360.1027
0,163,1,2,1278.0,1230,245,3642.1397
0,164,1,0,1652.2,1727,346,6602.2397
0,165,3,2,1276.0,1232,247,3642.1397
0,166,1,1,353.4,14,2,0.2197
0,167,1,0,1874.2,1505,293,6472.1217
0,168,1,1,353.4,14,2,0.2197
0,169,1,0,1917.2,1462,293,6320.2027
0,170,1,1,353.4,14,2,0.2197
0,171,1,1,353.4,14,2,0.2197
0,172,1,1,353.4,14,2,0.2197
0,173,1,2,1536.0,972,196,3360.16861
0,174,1,1,353.4,14,2,0.2197
0,175,1,0,1751.2,1628,247,6010.2197
0,176,1,1,353.4,14,2,0.2197
0,177,1,0,1749.2,1630,249,6010.2197
0,178,1,1,353.4,14,2,0.2197
0,179,1,1,353.4,14,2,0.2197
0,180,1,0,1917.2,1462,293,6320.2027
0,181,1,1,349.4,18,2,0.30758
0,182,1,1,353.4,14,2,0.2197
0,183,1,0,1915.2,1464,295,6320.2027
0,184,1,1,345.4,22,2,0.39546
0,185,1,2,1269.0,1239,247,3642.29349
0,186,1,2,1276.0,1232,247,3642.1397
0,187,3,1,353.4,14,2,0.2197
0,188,1,2,1274.0,1234,249,3642.1397
0,189,1,1,353.4,14,2,0.2197
0,190,1,2,1362.0,1146,194,3992.5097
0,191,1,1,353.4,14,2,0.2197
0,192,1,1,353.4,14,2,0.2197
0,193,1,1,353.4,14,2,0.2197
0,194,1,1,353.4,14,2,0.2197
0,195,1,0,1917.2,1462,293,6320.2027
0,196,1,2,1541.0,967,194,3360.1027
0,197,1,0,1751.2,1628,247,6010.2197
0,198,1,0,1751.2,1628,247,6010.2197
0,199,1,2,1276.0,1232,247,3642.1397
0,200,3,0,1646.2,1733,346,6602.37152
0,201,1,2,1404.0,1104,194,3844.1237
0,202,1,1,353.4,14,2,0.2197
0,203,1,0,1917.2,1462,293,6320.2027
0,204,1,0,1749.2,1630,295,6906.6807
0,205,1,0,1652.2,1727,346,6602.2397
0,206,1,2,1276.0,1232,247,3642.1397
0,207,1,1,353.4,14,2,0.2197
0,208,1,2,1351.0,1157,194,4031.3727
0,209,1,0,1652.2,1727,346,6602.2397
0,210,1,0,1642.2,1737,348,6602.41546
0,211,1,1,353.4,14,2,0.2197
0,212,1,0,1650.2,1729,348,6602.2397
0,213,1,1,353.4,14,2,0.2197
0,214,1,0,1917.2,1462,293,6320.2027
0,215,1,1,353.4,14,2,0.2197
0,216,1,0,1917.2,1462,293,6320.2027
0,217,1,0,1915.2,1464,295,6320.2027
0,218,1,0,1749.2,1630,249,6010.2197
0,219,1,1,353.4,14,2,0.2197
0,220,1,1,353.4,14,2,0.2197
0,221,1,1,353.4,14,2,0.2197
0,222,1,0,1917.2,1462,293,6320.2027
0,223,3,1,353.4,14,2,0.2197
0,224,1,1,343.4,24,2,0.4394
0,225,1,0,1917.2,1462,293,6320.2027
0,226,1,1,353.4,14,2,0.2197
0,227,1,2,1278.0,1230,245,3642.1397
0,228,1,1,353.4,14,2,0.2197
0,229,1,2,1430.0,1078,194,3752.2657
0,230,1,0,1881.2,1498,293,6447.3907
0,231,1,0,1751.2,1628,247,6010.2197
0,232,1,1,353.4,14,2,0.2197
0,233,1,0,1751.2,1628,247,6010.2197
0,234,1,1,353.4,14,2,0.2197
0,235,1,2,1541.0,967,194,3360.1027
0,236,1,0,1917.2,1462,293,6320.2027
0,237,1,1,353.4,14,2,0.2197
0,238,1,1,353.4,14,2,0.2197
0,239,1,2,1278.0,1230,245,3642.1397
0,240,1,0,1652.2,1727,346,6602.2397
0,241,1,0,1650.2,1729,348,6602.2397
0,242,3,2,1360.0,1148,194,3999.5757
0,243,1,0,1751.2,1628,247,6010.2197
0,244,1,1,353.4,14,2,0.2197
0,245,1,1,353.4,14,2,0.2197
0,246,1,1,353.4,14,2,0.2197
0,247,1,0,1917.2,1462,293,6320.2027
0,248,3,0,1751.2,1628,247,6010.2197
0,249,1,2,1268.0,1240,249,3642.1397
0,250,1,1,353.4,14,2,0.2197
0,251,1,0,1496.2,1883,295,6906.6807
0,252,3,0,1729.2,1650,251,6010.2197
0,253,1,2,1185.0,1323,196,4102.0327
0,254,1,1,353.4,14,2,0.2197
0,255,1,0,1624.2,1755,350,6697.9197
0,256,1,2,1020.0,1488,249,3642.31546
0,257,1,1,353.4,14,2,0.2197
0,258,1,1,353.4,14,2,0.2197
0,259,1,0,1508.2,1871,251,6010.2197
0,260,1,1,348.4,19,2,0.32955
0,261,1,0,1527.2,1852,251,6010.2197
0,262,1,1,300.4,67,4,0.2197
0,263,1,2,1347.0,1161,196,3858.2557
0,264,1,1,353.4,14,2,0.2197
0,265,1,1,353.4,14,2,0.2197
0,266,1,1,353.4,14,2,0.2197
0,267,1,2,1177.0,1331,196,3964.2457
0,268,1,0,1408.2,1971,350,6751.7397
0,269,1,0,1454.2,1925,350,7702.5597
0,270,1,2,1208.0,1300,249,3821.8397
0,271,1,2,939.0,1569,249,3764.9347
0,272,1,1,181.4,186,4,0.2197
0,273,1,1,255.4,112,4,0.2197
0,274,1,1,255.4,112,4,0.2197
0,275,1,0,1277.2,2102,297,8585.68161
0,276,1,0,1505.2,1874,350,7349.7397
0,277,1,0,1267.2,2112,350,8647.7097
0,278,1,2,1022.0,1486,249,4372.9197
0,279,1,2,1047.0,1461,249,4130.3247
0,280,1,0,705.2,2674,297,10573.44867
0,281,1,1,218.4,149,4,0.2197
0,282,3,2,1261.0,1247,196,3391.8997
0,283,3,0,1636.2,1743,350,6623.1747
0,284,1,0,1222.2,2157,350,8701.4897
0,285,1,1,331.4,36,4,0.2197
0,286,3,1,95.4,272,4,0.2197
0,287,1,0,1170.2,2209,350,8024.8347
0,288,1,2,1330.0,1178,196,3409.5647
0,289,1,1,257.4,110,4,0.2197
0,290,1,2,1175.0,1333,249,3872.7547
0,291,1,0,1030.2,2349,350,7988.8947
0,292,1,0,1091.2,2288,297,9536.4867
0,293,1,0,874.2,2505,350,9791.7797
0,294,3,2,1209.0,1299,249,3740.9747
0,295,1,1,266.4,101,4,0.2197
0,296,1,1,204.4,163,4,0.2197
0,297,3,0,1445.2,1934,350,7000.4347
0,298,1,1,278.4,89,4,0.2197
0,299,3,1,308.4,59,4,0.2197
0,300,1,1,299.4,68,4,0.30758
0,301,1,1,234.4,133,4,0.32955
0,302,1,0,607.2,2772,348,9681.46516
0,303,1,2,962.0,1546,249,4019.64152
0,304,3,2,1280.0,1228,196,4133.8297
0,305,1,2,919.0,1589,196,5405.7097
0,306,1,2,860.0,1648,249,4864.0997
0,307,1,0,551.2,2828,251,9433.5047
0,308,1,1,51.4,316,4,0.2197
0,309,1,2,1117.0,1391,245,4124.3347
0,310,1,2,1135.0,1373,247,4064.4347
0,311,1,2,1049.0,1459,194,5098.3387
0,312,1,2,849.0,1659,247,4912.0197
0,313,1,1,328.4,39,4,0.2197
0,314,1,0,1015.2,2364,251,8187.5847
0,315,1,0,872.2,2507,346,9162.2147
0,316,1,1,268.4,99,4,0.30758
0,317,1,2,999.0,1509,194,5274.9887
0,318,3,1,297.4,70,4,0.2197
0,319,1,1,329.4,38,4,0.2197
0,320,1,1,311.4,56,4,0.2197
0,321,1,2,1208.0,1300,196,4169.1597
0,322,1,1,322.4,45,4,0.2197
0,323,1,0,1440.2,1939,350,7690.6597
0,324,1,1,353.4,14,2,0.2197
0,325,1,1,353.4,14,2,0.2197
0,326,1,2,1266.0,1242,249,3642.1397
0,327,1,0,1635.2,1744,350,6620.1797
0,328,1,1,-33.6,401,4,0.2197
0,329,1,0,1194.2,2185,297,6790.0917
0,330,1,2,1062.0,1446,249,3642.1397
0,331,1,1,353.4,14,2,0.2197
0,332,3,2,1268.0,1240,196,3727.5347
0,333,3,0,1624.2,1755,350,6685.9597
0,334,1,2,1111.0,1397,249,3654.14167
0,335,1,2,1209.0,1299,249,3776.9147
0,336,1,1,209.4,158,4,0.2197
0,337,1,0,1183.2,2196,350,8202.4347
0,338,1,0,1417.2,1962,297,9166.6687
0,339,1,0,1412.2,1967,346,7682.2247
0,340,1,0,1256.2,2123,348,8898.6597
0,341,1,2,1163.0,1345,196,3918.3167
0,342,1,2,1120.0,1388,249,3908.6947
0,343,1,2,978.0,1530,249,4417.8447
0,344,1,2,890.0,1618,249,4423.8347
0,345,1,1,216.4,151,4,0.2197
0,346,1,2,1025.0,1483,196,5116.0037
0,347,1,1,306.4,61,4,0.39546
0,348,1,1,244.4,123,4,0.2197
0,349,1,2,1232.0,1276,245,3779.9097
0,350,1,1,332.4,35,4,0.32955
0,351,1,2,1115.0,1393,245,4118.43258
0,352,1,1,88.4,279,4,0.2197
0,353,1,2,1044.0,1464,245,4319.18546
0,354,3,0,1776.2,1603,293,6800.80055
0,355,1,0,1153.2,2226,348,8090.7247
0,356,1,2,1222.0,1286,245,3809.8597
0,357,1,0,1364.2,2015,350,7060.4447
0,358,3,0,1670.2,1709,297,6609.9087
0,359,1,0,1572.2,1807,346,7080.6397
0,360,1,0,1604.2,1775,346,6856.4447
0,361,1,2,1279.0,1229,196,3897.1187
0,362,1,1,353.4,14,2,0.2197
0,363,1,0,1749.2,1630,249,6010.2197
0,364,1,2,1276.0,1232,247,3642.1397
0,365,1,2,1447.0,1061,194,3692.2047
0,366,1,0,1749.2,1630,249,6010.2197
0,367,1,1,161.4,206,4,0.2197
0,368,1,2,1421.0,1087,194,3784.0627
0,369,1,0,1323.2,2056,346,7587.5947
0,370,1,2,1271.0,1237,245,3663.1047
0,371,1,1,313.4,54,4,0.2197
0,372,1,2,1537.0,971,194,3374.2347
0,373,1,1,353.4,14,2,0.2197
0,374,1,2,1541.0,967,194,3360.1027
0,375,3,0,1751.2,1628,247,6010.2197
0,376,3,0,1749.2,1630,249,6010.2197
0,377,1,0,1703.2,1676,247,6153.9797
0,378,1,2,1384.0,1124,194,3914.7837
0,379,1,0,1652.2,1727,346,6602.2397
0,380,1,0,1652.2,1727,346,6602.2397
0,381,1,1,353.4,14,2,0.2197
0,382,1,1,353.4,14,2,0.2197
0,383,1,0,1646.2,1733,348,6602.32758
0,384,1,0,1915.2,1464,295,6320.2027
0,385,1,2,1541.0,967,194,3360.1027
0,386,3,2,1278.0,1230,245,3642.1397
0,387,1,2,1448.0,1060,194,3688.6717
0,388,1,0,1748.2,1631,247,6010.28561
0,389,1,1,353.4,14,2,0.2197
0,390,1,1,353.4,14,2,0.2197
0,391,1,2,1408.0,1100,194,3829.9917
0,392,1,0,1749.2,1630,249,6010.2197
0,393,1,2,1276.0,1232,247,3642.1397
0,394,1,1,353.4,14,2,0.2197
0,395,1,2,1275.0,1233,247,3642.16167
0,396,1,0,1917.2,1462,293,6320.2027
0,397,1,2,1541.0,967,194,3360.1027
0,398,1,1,353.4,14,2,0.2197
0,399,3,1,353.4,14,2,0.2197
0,400,1,2,1413.0,1095,194,3812.3267
0,401,1,0,1741.2,1638,247,6010.4394
0,402,3,1,353.4,14,2,0.2197
0,403,1,2,1541.0,967,194,3360.1027
0,404,3,2,1272.0,1236,245,3642.27152
0,405,1,1,353.4,14,2,0.2197
0,406,1,0,1751.2,1628,247,6010.2197
0,407,1,1,353.4,14,2,0.2197
0,408,1,0,1613.2,1766,297,6401.4617
0,409,1,1,353.4,14,2,0.2197
0,410,1,1,353.4,14,2,0.2197
0,411,1,0,1502.2,1877,297,7121.1497
0,412,1,0,1635.2,1744,350,6644.0997
0,413,1,0,1647.2,1732,348,6620.1797
0,414,1,0,1729.2,1650,249,6010.2197
0,415,1,0,1751.2,1628,247,6010.2197
0,416,3,0,1568.2,1811,346,7104.5597
0,417,1,1,353.4,14,2,0.2197
0,418,1,0,1605.2,1774,297,7979.8927
0,419,1,0,1663.2,1716,251,6010.2197
0,420,1,0,1627.2,1752,295,7320.0417
0,421,1,0,1599.2,1780,346,6919.1797
0,422,1,0,1266.2,2113,346,7758.3097
0,423,1,2,1435.0,1073,196,3702.8037
0,424,1,2,1207.0,1301,194,4540.1247
0,425,1,1,353.4,14,2,0.2197
0,426,1,1,353.4,14,2,0.2197
0,427,1,0,1652.2,1727,346,6602.2397
0,428,1,1,351.4,16,2,0.26364
0,429,1,2,1278.0,1230,245,3642.1397
0,430,1,0,1650.2,1729,348,6602.2397
0,431,1,2,1222.0,1286,247,3803.8697
0,432,1,2,1197.0,1311,245,3884.7347
0,433,3,2,1479.0,1029,194,3579.1487
0,434,1,1,353.4,14,2,0.2197
0,435,1,1,353.4,14,2,0.2197
0,436,3,2,1422.0,1086,194,3780.5297
0,437,1,0,1652.2,1727,346,6602.2397
0,438,1,1,353.4,14,2,0.2197
0,439,1,2,1276.0,1232,247,3642.1397
0,440,1,2,1389.0,1119,194,3897.1187
0,441,1,1,353.4,14,2,0.2197
0,442,3,0,1749.2,1630,249,6010.2197
0,443,1,1,353.4,14,2,0.2197
0,444,1,0,1639.2,1740,348,6635.1847
0,445,1,2,1366.0,1142,194,3978.3777
0,446,1,1,353.4,14,2,0.2197
0,447,1,2,1278.0,1230,245,3642.1397
0,448,1,1,353.4,14,2,0.2197
0,449,1,1,351.4,16,4,0.2197
0,450,1,2,1411.0,1097,194,3819.3927
0,451,1,2,1276.0,1232,247,3642.1397
0,452,1,1,353.4,14,2,0.2197
0,453,1,2,1275.0,1233,247,3642.16167
0,454,1,0,1652.2,1727,346,6602.2397
0,455,1,2,1541.0,967,194,3360.1027
0,456,1,1,353.4,14,2,0.2197
0,457,1,0,1652.2,1727,346,6602.2397
0,458,1,2,1368.0,1140,194,3971.3117
0,459,1,1,353.4,14,2,0.2197
0,460,1,1,353.4,14,2,0.2197
0,461,1,0,1751.2,1628,247,6010.2197
0,462,1,1,353.4,14,2,0.2197
0,463,1,0,1864.2,1515,295,6500.3857
0,464,1,0,1652.2,1727,346,6602.2397
0,465,1,1,353.4,14,2,0.2197
0,466,1,0,1733.2,1646,295,6963.2087
0,467,1,0,1650.2,1729,348,6602.2397
0,468,1,1,349.4,18,2,0.30758
0,469,1,0,1650.2,1729,348,6602.2397
0,470,1,1,353.4,14,2,0.2197
0,471,1,2,1259.0,1249,247,3642.51319
0,472,1,1,350.4,17,2,0.28561
0,473,1,2,1377.0,1131,194,3939.5147
0,474,1,2,1276.0,1232,247,3642.1397
0,475,3,2,1358.0,1150,194,4006.6417
0,476,1,0,1751.2,1628,247,6010.2197
0,477,1,1,353.4,14,2,0.2197
0,478,1,1,353.4,14,2,0.2197
0,479,3,2,1486.0,1022,194,3554.4177
0,480,1,2,1278.0,1230,245,3642.1397
0,481,1,1,353.4,14,2,0.2197
0,482,1,1,353.4,14,2,0.2197
0,483,1,0,1636.2,1743,346,6602.59122
0,484,1,2,1538.0,970,194,3360.16861
0,485,1,0,1652.2,1727,346,6602.2397
0,486,1,2,1278.0,1230,245,3642.1397
0,487,1,1,353.4,14,2,0.2197
0,488,1,0,1875.2,1504,293,6468.5887
0,489,1,1,353.4,14,2,0.2197
0,490,1,2,1259.0,1249,249,3642.3594
0,491,1,2,1257.0,1251,249,3642.49122
0,492,1,0,1652.2,1727,346,6602.2397
0,493,1,1,353.4,14,2,0.2197
0,494,1,2,1541.0,967,194,3360.1027
0,495,1,0,1709.2,1670,295,7037.4017
0,496,1,0,1749.2,1630,249,6010.2197
0,497,1,0,1647.2,1732,348,6620.1797
0,498,1,1,327.4,40,4,0.2197
0,499,1,0,1652.2,1727,346,6602.2397
0,500,1,0,1751.2,1628,247,6010.2197
0,501,3,2,1400.0,1108,194,3858.2557
0,502,1,2,1276.0,1232,247,3642.1397
0,503,1,1,353.4,14,2,0.2197
0,504,1,2,1403.0,1105,194,3847.6567
0,505,1,1,353.4,14,2,0.2197
0,506,1,1,353.4,14,2,0.2197
0,507,1,2,1276.0,1232,247,3642.1397
0,508,1,1,345.4,22,2,0.39546
0,509,1,0,1649.2,1730,346,6602.30561
0,510,1,1,207.4,160,4,0.2197
0,511,1,1,353.4,14,2,0.2197
0,512,1,1,353.4,14,2,0.2197
0,513,1,2,1541.0,967,194,3360.1027
0,514,1,1,353.4,14,2,0.2197
0,515,1,2,1541.0,967,194,3360.1027
0,516,3,1,353.4,14,2,0.2197
0,517,1,1,353.4,14,2,0.2197
0,518,1,1,353.4,14,2,0.2197
0,519,1,0,1751.2,1628,247,6010.2197
0,520,1,2,1377.0,1131,194,3939.5147
0,521,1,0,1727.2,1652,249,6076.1097
0,522,1,2,1393.0,1115,194,3882.9867
0,523,1,2,1278.0,1230,245,3642.1397
0,524,1,2,1276.0,1232,247,3642.1397
0,525,1,2,1278.0,1230,245,3642.1397
0,526,1,1,353.4,14,2,0.2197
0,527,1,1,353.4,14,2,0.2197
0,528,1,2,1276.0,1232,247,3642.1397
0,529,3,2,1276.0,1232,247,3642.1397
0,530,1,2,1414.0,1094,194,3808.7937
0,531,3,1,353.4,14,2,0.2197
0,532,1,2,1421.0,1087,194,3770.01858
0,533,1,0,1652.2,1727,346,6602.2397
0,534,1,0,1739.2,1640,251,6010.2197
0,535,1,0,1292.2,2087,251,6010.2197
0,536,1,2,1456.0,1052,196,3522.6207
0,537,1,1,353.4,14,2,0.2197
0,538,1,0,1263.2,2116,297,6465.8807
0,539,1,0,1267.2,2112,350,8767.06561
0,540,1,0,1126.2,2253,350,9030.1197
0,541,1,0,1080.2,2299,350,9562.3397
0,542,1,0,1046.2,2333,350,10154.3597
0,543,1,1,353.4,14,2,0.2197
0,544,1,2,1265.0,1243,249,3642.1397
0,545,1,0,993.2,2386,297,10176.3657
0,546,1,2,1258.0,1250,196,3674.5397
0,547,1,0,1012.2,2367,350,10124.52561
0,548,1,0,906.2,2473,350,9829.44258
0,549,1,1,316.4,51,4,0.2197
0,550,1,1,344.4,23,4,0.2197
0,551,1,2,1158.0,1350,249,3959.6097
0,552,1,2,965.0,1543,249,4537.6447
0,553,1,0,558.2,2821,350,9648.1247
0,554,1,2,1098.0,1410,249,3983.5697
0,555,1,1,297.4,70,4,0.2197
0,556,1,1,312.4,55,4,0.2197
0,557,1,2,1171.0,1337,249,3926.6647
0,558,1,1,119.4,248,4,0.35152
0,559,1,2,1284.0,1224,196,4063.1697
0,560,1,2,1289.0,1219,196,3992.5097
0,561,1,1,337.4,30,4,0.2197
0,562,1,2,807.0,1701,249,4390.8897
0,563,1,1,251.4,116,4,0.2197
0,564,1,0,491.2,2888,350,9300.7047
0,565,1,0,499.2,2880,350,10165.7797
0,566,1,0,332.2,3047,350,10503.5947
0,567,1,0,328.2,3051,350,10772.9747
0,568,1,2,780.0,1728,249,4495.7147
0,569,1,2,937.0,1571,196,4865.1607
0,570,3,0,1637.2,1742,297,7278.1957
0,571,1,2,1086.0,1422,249,4079.4097
0,572,1,1,279.4,88,4,0.2197
0,573,1,2,983.0,1525,249,3980.5747
0,574,1,0,979.2,2400,297,10273.9237
0,575,1,0,252.2,3127,350,9168.1447
0,576,1,0,40.2,3339,350,12790.1897
0,577,1,2,910.0,1598,196,4497.9484
0,578,1,1,-6310.6,6678,4,0.2197
0,579,1,0,-1389.8,4769,297,14428.0797
0,580,1,2,892.0,1616,249,3884.7347
0,581,1,0,275.2,3104,350,10462.7847
0,582,1,2,1065.0,1443,249,3669.0947
0,583,1,0,226.2,3153,297,11933.8927
0,584,1,2,1083.0,1425,249,4124.46652
0,585,1,1,240.4,127,4,0.2197
0,586,1,1,304.4,63,4,0.2197
0,587,1,0,429.2,2950,350,10253.0447
0,588,1,2,421.0,2087,196,4511.8607
0,589,1,2,555.0,1953,249,4819.1747
0,590,1,0,780.2,2599,350,9219.7297
0,591,1,2,721.0,1787,249,5013.8497
0,592,1,2,540.0,1968,249,4891.0547
0,593,1,0,234.2,3145,350,8411.1897
0,594,1,0,126.2,3253,297,12589.4787
0,595,1,2,771.0,1737,196,5617.6897
0,596,1,1,316.4,51,4,0.2197
0,597,1,1,316.4,51,4,0.2197
0,598,1,1,327.4,40,4,0.2197
0,599,1,1,349.4,18,4,0.2197
0,600,1,1,109.4,258,4,0.2197
0,601,1,2,63.0,2445,196,6695.2547
0,602,1,1,216.4,151,4,0.2197
0,603,3,2,1124.0,1384,249,3845.7997
0,604,1,0,406.2,2973,350,9839.7147
0,605,1,0,678.2,2701,350,9486.3947
0,606,1,1,144.4,223,4,0.2197
0,607,1,0,602.2,2777,350,9708.0047
0,608,1,1,257.4,110,4,0.2197
0,609,1,2,771.0,1737,249,3712.49669
0,610,1,1,340.4,27,4,0.2197
0,611,1,2,964.0,1544,249,4492.7197
0,612,1,0,980.2,2399,350,8581.9047
0,613,1,1,334.4,33,4,0.2197
0,614,1,0,939.2,2440,297,10507.9687
0,615,1,2,1201.0,1307,249,3830.8247
0,616,1,2,1055.0,1453,249,4232.1547
0,617,3,2,1216.0,1292,196,3865.3217
0,618,1,0,753.2,2626,350,10103.4797
0,619,1,0,565.2,2814,348,11138.3497
0,620,1,2,1086.0,1422,249,4091.3897
0,621,1,2,822.0,1686,196,4130.2967
0,622,3,0,1696.2,1683,297,7132.64758
0,623,1,2,715.0,1793,249,3848.7947
0,624,1,2,790.0,1718,249,5025.8297
0,625,1,0,765.2,2614,251,8283.4247
0,626,1,1,323.4,44,4,0.2197
0,627,3,2,1257.0,1251,249,3675.0847
0,628,1,0,1200.2,2179,251,7630.5147
0,629,1,2,1244.0,1264,249,3714.0197
0,630,3,2,1130.0,1378,194,4812.1657
0,631,1,0,1231.2,2148,251,6845.8247
0,632,1,2,1382.0,1126,194,3921.8497
0,633,1,1,348.4,19,4,0.2197
0,634,1,0,1075.2,2304,297,9400.2237
0,635,1,2,895.0,1613,249,4747.2947
0,636,1,1,125.4,242,4,0.2197
0,637,1,2,873.0,1635,249,4825.1647
0,638,1,0,1342.2,2037,350,6757.9297
0,639,1,2,1037.0,1471,196,3360.1027
0,640,1,1,353.4,14,2,0.2197
0,641,1,0,1522.2,1857,348,7367.6797
0,642,1,1,353.4,14,2,0.2197
0,643,1,2,1264.0,1244,249,3642.16167
0,644,1,2,1022.0,1486,249,4378.9097
0,645,1,2,1004.0,1504,247,4456.7797
0,646,1,2,1021.0,1487,247,4405.8647
0,647,1,0,1344.2,2035,293,8344.6117
0,648,1,0,1316.2,2063,348,7602.5697
0,649,1,1,325.4,42,4,0.24167
0,650,1,2,1129.0,1379,194,4815.6987
0,651,1,0,828.2,2551,346,9070.1197
0,652,1,1,207.4,160,4,0.2197
0,653,1,2,836.0,1672,247,4959.9397
0,654,3,2,1116.0,1392,247,4121.3397
0,655,1,0,1269.2,2110,295,8602.5207
0,656,1,1,131.4,236,4,0.2197
0,657,1,2,1432.0,1076,194,3745.1997
0,658,1,1,353.4,14,2,0.2197
0,659,1,0,1652.2,1727,346,6602.2397
0,660,1,2,1278.0,1230,245,3642.1397
0,661,1,0,1917.2,1462,293,6320.2027
0,662,3,1,353.4,14,2,0.2197
0,663,1,2,1541.0,967,194,3360.1027
0,664,1,1,353.4,14,2,0.2197
0,665,1,1,353.4,14,2,0.2197
0,666,1,2,1256.0,1252,247,3702.0397
0,667,1,2,1271.0,1237,247,3642.24955
0,668,3,2,1386.0,1122,194,3876.11843
0,669,1,2,1369.0,1139,194,3967.7787
0,670,1,0,1652.2,1727,346,6602.2397
0,671,1,1,353.4,14,2,0.2197
0,672,1,1,353.4,14,2,0.2197
0,673,1,0,1652.2,1727,346,6602.2397
0,674,1,1,353.4,14,2,0.2197
0,675,1,0,1917.2,1462,293,6320.2027
0,676,1,2,1541.0,967,194,3360.1027
0,677,1,2,1278.0,1230,245,3642.1397
0,678,1,2,1276.0,1232,247,3642.1397
0,679,1,1,353.4,14,2,0.2197
0,680,1,2,1444.0,1064,194,3702.8037
0,681,1,1,345.4,22,2,0.39546
0,682,1,0,1764.2,1615,293,6860.7517
0,683,1,0,1749.2,1630,249,6010.2197
0,684,1,1,353.4,14,2,0.2197
0,685,1,2,1276.0,1232,247,3642.1397
0,686,1,2,1276.0,1232,247,3642.1397
0,687,1,1,353.4,14,2,0.2197
0,688,1,0,1917.2,1462,293,6320.2027
0,689,1,1,353.4,14,2,0.2197
0,690,1,0,1917.2,1462,293,6320.2027
0,691,1,0,1652.2,1727,346,6602.2397
0,692,1,1,353.4,14,2,0.2197
0,693,1,0,1650.2,1729,348,6602.2397
0,694,3,1,353.4,14,2,0.2197
0,695,1,2,1541.0,967,194,3360.1027
0,696,1,1,353.4,14,2,0.2197
0,697,1,0,1904.2,1475,297,6320.2027
0,698,1,2,1242.0,1266,249,3642.1397
0,699,1,0,1356.2,2023,350,6685.9597
0,700,3,0,1433.2,1946,350,6620.1797
0,701,1,2,948.0,1560,249,3642.1397
0,702,1,1,353.4,14,2,0.2197
0,703,1,0,1446.2,1933,297,8594.4297
0,704,1,0,1540.2,1839,348,6925.5997
0,705,1,2,1033.0,1475,249,3720.0097
0,706,3,0,1882.2,1497,295,6428.6397
0,707,1,1,353.4,14,2,0.2197
0,708,3,2,1188.0,1320,249,3642.1397
0,709,1,0,1604.2,1775,247,6450.4847
0,710,1,0,1411.2,1968,346,7324.0347
0,711,1,1,327.4,40,4,0.2197
0,712,1,2,1338.0,1170,194,4077.3017
0,713,1,1,277.4,90,4,0.2197
0,714,1,1,314.4,53,4,0.2197
0,715,1,2,1206.0,1302,245,3857.7797
0,716,1,0,1170.2,2209,346,8045.8297
0,717,1,2,1331.0,1177,194,4102.0327
0,718,1,0,1148.2,2231,295,9030.0137
0,719,1,0,1464.2,1915,251,6857.8047
0,720,3,0,1609.2,1770,348,6725.0347
0,721,1,2,1278.0,1230,245,3642.1397
0,722,1,1,308.4,59,4,0.2197
0,723,1,1,327.4,40,4,0.2197
0,724,1,0,1509.2,1870,346,7030.5247
0,725,1,1,353.4,14,2,0.2197
0,726,1,2,1485.0,1023,194,3557.9507
0,727,1,1,353.4,14,2,0.2197
0,728,1,2,1541.0,967,194,3360.1027
0,729,3,0,1900.2,1479,293,6380.2637
0,730,1,1,343.4,24,2,0.4394
0,731,1,0,1751.2,1628,247,6010.2197
0,732,1,2,1278.0,1230,245,3642.1397
0,733,1,1,353.4,14,2,0.2197
0,734,1,1,353.4,14,2,0.2197
0,735,3,2,1338.0,1170,194,4063.25758
0,736,1,0,1652.2,1727,346,6602.2397
0,737,1,1,353.4,14,2,0.2197
0,738,1,1,353.4,14,2,0.2197
0,739,1,0,1857.2,1522,293,6532.1827
0,740,1,2,1276.0,1232,247,3642.1397
0,741,3,0,1642.2,1737,346,6602.4594
0,742,1,1,353.4,14,2,0.2197
0,743,3,0,1650.2,1729,348,6602.2397
0,744,1,1,353.4,14,2,0.2197
0,745,3,2,1276.0,1232,247,3642.1397
0,746,1,0,1712.2,1667,247,6127.0247
0,747,1,2,1423.0,1085,194,3776.9967
0,748,1,1,353.4,14,2,0.2197
0,749,3,1,353.4,14,2,0.2197
0,750,1,0,1917.2,1462,293,6320.2027
0,751,1,1,353.4,14,2,0.2197
0,752,1,0,1258.2,2121,297,6860.7517
0,753,1,0,1239.2,2140,350,6697.9197
0,754,1,0,1137.2,2242,350,9550.3797
0,755,3,0,1637.2,1742,297,7639.2657
0,756,1,1,353.4,14,2,0.2197
0,757,3,1,353.4,14,2,0.2197
0,758,1,1,353.4,14,2,0.2197
0,759,1,1,353.4,14,2,0.2197
0,760,1,2,1164.0,1344,249,3642.1397
0,761,3,2,1266.0,1242,249,3642.1397
0,762,1,0,1515.2,1864,350,6772.7747
0,763,1,1,353.4,14,2,0.2197
0,764,1,2,1261.0,1247,196,3512.08761
0,765,1,1,353.4,14,2,0.2197
0,766,1,0,1622.2,1757,350,6697.9197
0,767,1,2,1264.0,1244,249,3642.1397
0,768,1,0,1574.2,1805,247,6540.3347
0,769,1,2,1451.0,1057,194,3614.4787
0,770,1,2,990.0,1518,194,5306.7857
0,771,1,2,1015.0,1493,247,4423.8347
0,772,1,2,1014.0,1494,245,4432.8197
0,773,1,2,1023.0,1485,247,4399.8747
0,774,1,2,1348.0,1160,194,4041.9717
0,775,1,0,1636.2,1743,350,6620.2097
0,776,1,2,1276.0,1232,247,3642.1397
0,777,1,0,1655.2,1724,251,6261.7997
0,778,1,1,353.4,14,2,0.2197
0,779,1,0,1739.2,1640,293,7384.6427
0,780,1,2,1378.0,1130,196,3519.17558
0,781,1,2,1251.0,1257,249,3642.1397
0,782,1,0,1639.2,1740,346,6632.31546
0,783,1,2,1102.0,1406,249,3642.1397
0,784,1,1,353.4,14,2,0.2197
0,785,1,2,1151.0,1357,249,3642.1397
0,786,1,2,1273.0,1235,247,3642.1397
0,787,1,0,1749.2,1630,249,6010.2197
0,788,1,1,315.4,52,4,0.2197
0,789,1,2,1386.0,1122,194,3907.7177
0,790,1,2,1397.0,1111,194,3868.8547
0,791,1,2,1276.0,1232,247,3642.1397
0,792,1,0,1115.2,2264,350,8195.5297
0,793,3,0,1641.2,1738,249,6324.6947
0,794,1,2,938.0,1570,249,3669.0947
0,795,1,1,239.4,128,4,0.2197
0,796,1,2,1260.0,1248,249,3642.1397
0,797,1,0,1644.2,1735,346,6650.0797
0,798,1,2,1523.0,985,196,3374.2347
0,799,1,0,1915.2,1464,295,6320.2027
0,800,1,2,1276.0,1232,247,3642.1397
0,801,1,0,1652.2,1727,346,6602.2397
0,802,3,2,1276.0,1232,247,3642.1397
0,803,1,2,1261.0,1247,247,3687.0647
0,804,1,2,1376.0,1132,194,3943.0477
0,805,1,2,1163.0,1345,247,3980.5747
0,806,1,1,353.4,14,2,0.2197
0,807,1,1,317.4,50,4,0.2197
0,808,1,0,1907.2,1472,297,6320.2027
0,809,1,1,353.4,14,2,0.2197
0,810,3,1,353.4,14,2,0.2197
0,811,1,0,1917.2,1462,293,6320.2027
0,812,1,1,353.4,14,2,0.2197
0,813,1,0,1638.2,1741,346,6685.9597
0,814,1,0,1700.2,1679,249,6156.9747
0,815,1,0,1746.2,1633,247,6010.32955
0,816,1,2,1392.0,1116,196,3826.4587
0,817,1,0,1751.2,1628,247,6010.2197
0,818,1,1,353.4,14,2,0.2197
0,819,1,2,1276.0,1232,247,3642.1397
0,820,1,0,1652.2,1727,346,6602.2397
0,821,1,2,1276.0,1232,247,3642.1397
0,822,1,1,231.4,136,4,0.2197
0,823,1,1,118.4,249,4,0.2197
0,824,1,2,1541.0,967,194,3360.1027
0,825,1,2,1541.0,967,194,3360.1027
0,826,1,2,1278.0,1230,245,3642.1397
0,827,1,0,1751.2,1628,247,6010.2197
0,828,1,1,353.4,14,2,0.2197
0,829,1,0,1749.2,1630,249,6010.2197
0,830,1,1,353.4,14,2,0.2197
0,831,1,0,1751.2,1628,247,6010.2197
0,832,1,1,352.4,15,2,0.24167
0,833,1,0,1758.2,1621,293,6881.9497
0,834,1,1,353.4,14,2,0.2197
0,835,1,2,1475.0,1033,194,3593.2807
0,836,1,1,353.4,14,2,0.2197
0,837,1,1,353.4,14,2,0.2197
0,838,1,0,1751.2,1628,247,6010.2197
0,839,1,2,1276.0,1232,247,3642.1397
0,840,3,1,353.4,14,2,0.2197
0,841,1,0,1912.2,1467,295,6320.2027
0,842,1,2,1151.0,1357,196,3360.1027
0,843,1,2,1254.0,1254,249,3642.1397
0,844,1,0,1652.2,1727,346,6602.2397
0,845,3,1,353.4,14,2,0.2197
0,846,1,0,1650.2,1729,348,6602.2397
0,847,1,0,1650.2,1729,348,6602.2397
0,848,1,2,1278.0,1230,245,3642.1397
0,849,1,0,1650.2,1729,348,6602.2397
0,850,1,0,1650.2,1729,348,6602.2397
0,852,1,2,1541.0,967,194,3360.1027
0,853,1,2,1541.0,967,194,3360.1027
0,854,1,2,1098.0,1410,245,4181.2397
0,855,1,1,205.4,162,4,0.24167
0,856,1,1,279.4,88,4,0.2197
0,857,2,1,353.4,14,2,0.2197
0,858,1,2,1344.0,1164,194,4056.1037
0,859,1,2,1541.0,967,194,3360.1027
0,860,1,0,1508.2,1871,251,6010.2197
0,861,1,1,353.4,14,2,0.2197
0,862,1,1,353.4,14,2,0.2197
0,863,3,0,1741.2,1638,251,6010.2197
0,864,1,1,353.4,14,2,0.2197
0,865,3,1,353.4,14,2,0.2197
0,866,1,1,353.4,14,2,0.2197
0,867,1,2,1514.0,994,196,3360.1027
0,868,1,0,1690.2,1689,297,6320.2027
0,869,1,0,1635.2,1744,348,6673.9997
0,870,1,1,353.4,14,2,0.2197
0,871,1,0,1642.2,1737,346,6662.0397
0,872,1,2,1269.0,1239,249,3642.1397
0,873,1,2,1221.0,1287,249,3642.31546
0,874,1,0,1652.2,1727,346,6602.2397
0,875,1,0,1650.2,1729,348,6602.2397
0,876,1,2,1215.0,1293,245,3830.8247
0,877,1,2,1353.0,1155,194,4024.3067
0,878,1,1,243.4,124,4,0.2197
0,879,1,0,1917.2,1462,293,6320.2027
0,880,1,1,225.4,142,4,0.2197
0,881,1,1,348.4,19,4,0.2197
0,882,1,0,1202.2,2177,297,8380.11746
0,883,1,2,1083.0,1425,245,4226.1647
0,884,3,1,95.4,272,4,0.2197
0,885,1,0,1322.2,2057,350,7575.60667
0,886,1,0,1638.2,1741,348,6647.1347
0,887,1,0,1529.2,1850,295,8491.4507
0,888,1,0,1567.2,1812,346,7110.5397
0,889,1,1,353.4,14,2,0.2197
0,890,1,2,1268.0,1240,249,3642.1397
0,891,1,2,1278.0,1230,245,3642.1397
0,892,1,0,1652.2,1727,346,6602.2397
0,893,1,0,1650.2,1729,348,6602.2397
0,894,1,1,271.4,96,4,0.2197
0,895,1,1,122.4,245,4,0.2197
0,896,1,2,1541.0,967,194,3360.1027
0,897,1,1,150.4,217,4,0.37349
0,898,1,1,158.4,209,4,0.2197
0,899,1,0,1907.2,1472,297,6320.2027
0,900,3,0,1749.2,1630,249,6010.2197
0,901,1,2,1278.0,1230,245,3642.1397
0,902,1,1,340.4,27,4,0.2197
0,903,3,2,1266.0,1242,249,3642.1397
0,904,1,2,1473.0,1035,196,3533.2197
0,905,1,0,1386.2,1993,297,6811.2897
0,906,1,0,1303.2,2076,251,6010.2197
0,907,1,1,353.4,14,2,0.2197
0,908,1,1,353.4,14,2,0.2197
0,909,1,0,1510.2,1869,350,7206.2197
0,910,1,0,1303.2,2076,350,7325.8197
0,911,1,1,353.4,14,2,0.2197
0,912,1,0,1287.2,2092,350,8168.9997
0,913,1,1,137.4,230,4,0.2197
0,914,1,0,1331.2,2048,350,7523.4597
0,915,1,2,1217.0,1291,196,4158.58267
0,916,1,1,353.4,14,2,0.2197
0,917,1,0,1497.2,1882,348,7499.2397
0,918,1,0,1504.2,1875,295,8662.9737
0,919,1,1,353.4,14,2,0.2197
0,920,1,1,345.4,22,2,0.39546
0,921,1,2,1273.0,1235,249,3642.1397
0,922,1,2,1027.0,1481,245,4393.8847
0,923,1,1,296.4,71,4,0.2197
0,924,1,1,330.4,37,4,0.2197
0,925,1,2,1248.0,1260,247,3725.9997
0,926,1,2,1305.0,1203,196,4172.6927
0,927,1,0,1427.2,1952,295,8030.26258
0,928,1,2,1257.0,1251,245,3696.11561
0,929,1,0,822.2,2557,348,9082.0997
0,930,1,1,328.4,39,4,0.2197
0,931,1,2,1274.0,1234,245,3654.1197
0,932,1,1,153.4,214,4,0.2197
0,933,1,1,296.4,71,4,0.2197
0,934,1,2,1263.0,1245,247,3681.0747
0,935,1,2,1405.0,1103,194,3840.5907
0,936,1,1,353.4,14,2,0.2197
0,937,1,1,350.4,17,2,0.2197
0,938,1,1,353.4,14,2,0.2197
0,939,3,2,1334.0,1174,194,4091.4337
0,940,1,2,1276.0,1232,247,3642.1397
0,941,1,2,1276.0,1232,247,3642.1397
0,942,1,1,353.4,14,2,0.2197
0,943,1,1,353.4,14,2,0.2197
0,944,1,2,1433.0,1075,194,3741.6667
0,945,1,0,1736.2,1643,293,6959.6757
0,946,1,1,353.4,14,2,0.2197
0,947,1,1,353.4,14,2,0.2197
0,948,1,1,353.4,14,2,0.2197
0,949,3,1,353.4,14,2,0.2197
0,950,1,0,1751.2,1628,247,6010.2197
0,951,1,1,353.4,14,2,0.2197
0,952,1,1,353.4,14,2,0.2197
0,953,1,1,353.4,14,2,0.2197
0,954,3,2,1541.0,967,194,3360.1027
0,955,1,2,1395.0,1113,194,3875.9207
0,956,1,2,1278.0,1230,245,3642.1397
0,957,1,2,1277.0,1231,245,3642.16167
0,958,1,1,351.4,16,2,0.26364
0,959,1,1,353.4,14,2,0.2197
0,960,1,1,353.4,14,2,0.2197
0,961,1,2,1355.0,1153,194,4017.2407
0,962,1,2,1266.0,1242,249,3642.1397
0,963,1,2,1370.0,1138,196,3794.6617
0,964,1,1,353.4,14,2,0.2197
0,965,1,2,1263.0,1245,247,3642.27152
0,966,1,2,1180.0,1328,249,3642.33743
0,967,1,0,1268.2,2111,346,8898.5597
0,968,1,2,1072.0,1436,249,3642.1397
0,969,1,2,1039.0,1469,249,3642.1397
0,970,1,1,353.4,14,2,0.2197
0,971,1,2,1193.0,1315,196,3911.2507
0,972,1,1,353.4,14,2,0.2197
0,973,1,2,1248.0,1260,249,3642.20561
0,974,1,1,353.4,14,2,0.2197
0,975,1,2,1488.0,1020,194,3515.5547
0,976,1,0,1642.2,1737,348,6602.41546
0,977,1,0,1749.2,1630,249,6010.2197
0,978,1,2,1267.0,1241,249,3645.1347
0,979,1,2,1271.0,1237,247,3657.1147
0,980,1,2,1216.0,1292,245,3827.8297
0,981,1,2,1138.0,1370,247,4055.4497
0,982,1,2,1178.0,1330,194,4642.5817
0,983,1,1,338.4,29,4,0.2197
0,984,3,1,174.4,193,4,0.2197
0,985,1,1,239.4,128,4,0.2197
0,986,1,0,1861.2,1518,293,6518.0507
0,987,1,0,1652.2,1727,346,6602.2397
0,988,1,2,1276.0,1232,247,3642.1397
0,989,1,1,341.4,26,4,0.2197
0,990,1,2,1389.0,1119,194,3897.1187
0,991,1,1,353.4,14,2,0.2197
0,992,1,2,1541.0,967,194,3360.1027
0,993,1,0,1751.2,1628,247,6010.2197
0,994,1,0,1749.2,1630,249,6010.2197
0,995,3,2,1541.0,967,194,3360.1027
0,996,1,2,1413.0,1095,194,3812.3267
0,997,1,1,353.4,14,2,0.2197
0,998,1,1,353.4,14,2,0.2197
0,999,1,0,1751.2,1628,247,6010.2197
1,851,1,1,-105.6,473,2,6010.2197
Time: 62435, 107918, 826697, 962382
