CONFIGURATION:
{u'simulation': {u'stdev_factor': 0.01, u'power_mgmt_enabled': False, u'tasks': {u'loc': {u'mean_service_time': {u'gpu': 90, u'cpu_core': 200, u'loc_accel': 10}, u'priority': 1, u'deadline': 1000, u'stdev_service_time': {u'gpu': 0.9, u'cpu_core': 2.0, u'loc_accel': 0.1}, u'power': {u'gpu': 4.457, u'cpu_core': 6.133, u'loc_accel': 0.02197}}, u'detect': {u'mean_service_time': {u'gpu': 0.4607, u'cpu_core': 3.654, u'det_accel': 0.278}, u'priority': 2, u'deadline': 1000, u'stdev_service_time': {u'gpu': 0.004607, u'cpu_core': 0.03654, u'det_accel': 0.0027800000000000004}, u'power': {u'gpu': 90, u'cpu_core': 200, u'det_accel': 10}}, u'Frontier': {u'mean_service_time': {u'cpu_core': 396}, u'priority': 9, u'deadline': 1000, u'stdev_service_time': {u'cpu_core': 3.96}, u'power': {u'cpu_core': 5.98}}, u'track': {u'mean_service_time': {u'gpu': 17, u'tra_accel': 2, u'cpu_core': 1820}, u'priority': 3, u'deadline': 1000, u'stdev_service_time': {u'gpu': 0.17, u'tra_accel': 0.02, u'cpu_core': 18.2}, u'power': {u'gpu': 12.79, u'tra_accel': 0.59, u'cpu_core': 5.6}}, u'sp': {u'mean_service_time': {u'gpu': 379, u'cpu_core': 1004}, u'priority': 11, u'deadline': 1000, u'stdev_service_time': {u'gpu': 3.79, u'cpu_core': 10.040000000000001}, u'power': {u'gpu': 3.302, u'cpu_core': 1004}}, u'mission': {u'mean_service_time': {u'cpu_core': 0.0022}, u'priority': 5, u'deadline': 1000, u'stdev_service_time': {u'cpu_core': 2.2000000000000003e-05}, u'power': {u'cpu_core': 3.534}}, u'motion': {u'mean_service_time': {u'cpu_core': 8}, u'priority': 6, u'deadline': 1000, u'stdev_service_time': {u'cpu_core': 0.08}, u'power': {u'cpu_core': 4.222}}, u'collision': {u'mean_service_time': {u'cpu_core': 8}, u'priority': 7, u'deadline': 1000, u'stdev_service_time': {u'cpu_core': 0.08}, u'power': {u'cpu_core': 0}}, u'fusion': {u'mean_service_time': {u'cpu_core': 1}, u'priority': 4, u'deadline': 1000, u'stdev_service_time': {u'cpu_core': 0.01}, u'power': {u'cpu_core': 0}}, u'map': {u'mean_service_time': {u'gpu': 761, u'cpu_core': 973}, u'priority': 10, u'deadline': 1000, u'stdev_service_time': {u'gpu': 7.61, u'cpu_core': 9.73}, u'power': {u'gpu': 3.533, u'cpu_core': 2.995}}, u'path': {u'mean_service_time': {u'cpu_core': 8}, u'priority': 8, u'deadline': 1000, u'stdev_service_time': {u'cpu_core': 0.08}, u'power': {u'cpu_core': 0}}}, u'sched_policy_module': u'policies.ms1_update2', u'drop': True, u'servers': {u'gpu': {u'count': 2}, u'tra_accel': {u'count': 1}, u'cpu_core': {u'count': 8}, u'loc_accel': {u'count': 1}, u'det_accel': {u'count': 1}}, u'max_tasks_simulated': 10000, u'max_queue_size': 1000000, u'mean_arrival_time': 50, u'arrival_time_scale': 2.5}, u'general': {u'random_seed': 0, u'pre_gen_arrivals': False, u'basename': u'policy:ms1_update2__stdev_factor:0.01', u'output_trace_file': None, u'working_dir': u'/home/hiwot/meta-stomp2/sim_16042020_194257_new_arrival_50_map_rheftmapping_50_trace_10', u'input_trace_file': (False, '../mv_mapping_50_trace_10.trc'), u'logging_level': u'INFO'}}

/home/hiwot/meta-stomp2/sim_16042020_194257_new_arrival_50_map_rheftmapping_50_trace_10/../mv_mapping_50_trace_10.trc

Running STOMP simulation...
Dropped,DAG ID,DAG Priority,DAG Type,Slack,Response Time,No-Affinity Time,Energy
0,0,1,1,403.5,14,2,0.2197
0,1,1,0,2378.0,1462,293,6320.2027
0,2,1,0,2376.0,1464,295,6320.2027
0,3,1,1,403.5,14,2,0.2197
0,4,1,0,2212.0,1628,247,6010.2197
0,5,1,1,403.5,14,2,0.2197
0,6,1,1,403.5,14,2,0.2197
0,7,1,1,403.5,14,2,0.2197
0,8,1,1,403.5,14,2,0.2197
0,9,1,1,403.5,14,2,0.2197
0,10,1,0,2378.0,1462,293,6320.2027
0,11,1,2,1883.0,967,194,3360.1027
0,12,1,1,403.5,14,2,0.2197
0,13,1,2,1618.0,1232,247,3642.1397
0,14,1,0,2113.0,1727,346,6602.2397
0,15,1,2,1618.0,1232,247,3642.1397
0,16,1,1,403.5,14,2,0.2197
0,17,1,1,403.5,14,2,0.2197
0,18,1,2,1810.0,1040,194,3618.0117
0,19,1,2,1883.0,967,194,3360.1027
0,20,1,2,1618.0,1232,247,3642.1397
0,21,1,0,2113.0,1727,346,6602.2397
0,22,1,2,1618.0,1232,247,3642.1397
0,23,1,0,2212.0,1628,247,6010.2197
0,24,1,1,403.5,14,2,0.2197
0,25,1,2,1883.0,967,194,3360.1027
0,26,1,2,1883.0,967,194,3360.1027
0,27,1,2,1620.0,1230,245,3642.1397
0,28,1,1,403.5,14,2,0.2197
0,29,1,0,2170.0,1670,293,7055.0667
0,30,1,1,403.5,14,2,0.2197
0,31,1,0,2237.0,1603,293,6818.3557
0,32,1,0,2212.0,1628,247,6010.2197
0,33,1,1,403.5,14,2,0.2197
0,34,1,0,2212.0,1628,247,6010.2197
0,35,3,2,1618.0,1232,247,3642.1397
0,36,1,0,2113.0,1727,346,6602.2397
0,37,1,1,403.5,14,2,0.2197
0,38,1,0,2212.0,1628,247,6010.2197
0,39,1,1,403.5,14,2,0.2197
0,40,3,0,2378.0,1462,293,6320.2027
0,41,1,1,403.5,14,2,0.2197
0,42,1,2,1883.0,967,194,3360.1027
0,43,1,0,2113.0,1727,346,6602.2397
0,44,1,0,2113.0,1727,346,6602.2397
0,45,3,1,403.5,14,2,0.2197
0,46,1,2,1620.0,1230,245,3642.1397
0,47,1,2,1782.0,1068,194,3716.9357
0,48,1,2,1510.0,1340,245,3971.5897
0,49,3,0,2330.0,1510,293,6489.7867
0,50,1,0,2110.0,1730,346,6602.30561
0,51,1,1,403.5,14,2,0.2197
0,52,1,0,2210.0,1630,249,6010.2197
0,53,1,0,2111.0,1729,348,6602.2397
0,54,1,1,403.5,14,2,0.2197
0,55,1,1,403.5,14,2,0.2197
0,56,1,2,1688.0,1162,194,4049.0377
0,57,1,0,2199.0,1641,293,6952.6097
0,58,1,2,1618.0,1232,247,3642.1397
0,59,1,1,403.5,14,2,0.2197
0,60,1,1,403.5,14,2,0.2197
0,61,1,1,400.5,17,2,0.28561
0,62,1,1,403.5,14,2,0.2197
0,63,3,2,1762.0,1088,194,3787.5957
0,64,3,2,1688.0,1162,194,4049.0377
0,65,1,0,1723.0,2117,251,6010.2197
0,66,1,0,1912.0,1928,350,7182.2997
0,67,1,0,2003.0,1837,350,6901.2397
0,68,1,2,1081.0,1769,249,3642.1397
0,69,1,0,2072.0,1768,297,7866.2587
0,70,1,0,1969.0,1871,295,8267.42864
0,71,1,2,1390.0,1460,249,3642.1397
0,72,1,0,2096.0,1744,348,6691.9397
0,73,1,2,1551.0,1299,249,3642.1397
0,74,1,2,1595.0,1255,249,3642.1397
0,75,1,0,779.0,3061,350,7024.5347
0,76,1,2,1593.0,1257,194,4384.6727
0,77,1,0,918.0,2922,297,7662.7427
0,79,1,2,1553.0,1297,245,3842.8047
0,81,2,1,25.5,392,4,0.2197
0,82,1,0,1349.0,2491,350,7147.2997
0,83,1,0,1611.0,2229,350,8025.4797
0,84,1,1,168.5,249,4,0.2197
0,85,1,2,820.0,2030,249,3800.8747
0,86,2,2,1088.0,1762,196,3487.2907
0,87,1,0,2137.0,1703,297,6900.4817
0,88,1,2,1356.0,1494,249,3642.1397
0,89,1,2,1375.0,1475,249,3642.1397
0,90,1,2,1507.0,1343,249,3642.1397
0,91,1,0,2045.0,1795,348,6802.8947
0,92,1,1,-784.5,1202,4,0.32955
0,93,1,2,1552.0,1298,247,3839.8097
0,95,1,0,2045.0,1795,348,6785.04455
0,97,3,0,2336.0,1504,293,6468.5887
0,98,1,2,1749.0,1101,194,3833.5247
0,100,1,0,1944.0,1896,247,6812.8797
0,102,1,0,1954.0,1886,348,7072.4547
0,103,2,1,81.5,336,4,0.2197
0,104,1,1,90.5,327,4,0.2197
0,105,1,0,2177.0,1663,249,6109.0547
0,106,1,0,1995.0,1845,348,6949.6597
0,107,1,2,1883.0,967,194,3360.1027
0,108,1,0,2376.0,1464,295,6320.2027
0,109,1,1,403.5,14,2,0.2197
0,110,1,1,403.5,14,2,0.2197
0,111,1,1,403.5,14,2,0.2197
0,112,1,1,403.5,14,2,0.2197
0,113,1,0,2212.0,1628,247,6010.2197
0,114,1,0,2376.0,1464,295,6320.2027
0,115,3,2,1883.0,967,194,3360.1027
0,116,1,1,403.5,14,2,0.2197
0,117,1,1,403.5,14,2,0.2197
0,118,1,2,1620.0,1230,245,3642.1397
0,119,1,2,1687.0,1163,194,4052.5707
0,120,1,1,403.5,14,2,0.2197
0,121,1,0,2113.0,1727,346,6602.2397
0,122,1,0,2212.0,1628,247,6010.2197
0,123,3,1,403.5,14,2,0.2197
0,124,3,2,1877.0,973,194,3381.3007
0,125,1,1,403.5,14,2,0.2197
0,126,1,2,1620.0,1230,245,3642.1397
0,127,1,0,2111.0,1729,348,6602.2397
0,128,1,1,403.5,14,2,0.2197
0,129,1,2,1736.0,1114,194,3879.4537
0,130,1,2,1718.0,1132,194,3943.0477
0,131,1,2,1618.0,1232,247,3642.1397
0,132,1,1,403.5,14,2,0.2197
0,133,1,2,1740.0,1110,194,3865.3217
0,134,1,1,403.5,14,2,0.2197
0,135,1,2,1618.0,1232,245,3642.18364
0,136,1,1,403.5,14,2,0.2197
0,137,1,0,2376.0,1464,295,6320.2027
0,138,1,0,2210.0,1630,247,6010.26364
0,139,1,1,403.5,14,2,0.2197
0,140,1,0,2210.0,1630,249,6010.2197
0,141,1,2,1620.0,1230,245,3642.1397
0,142,1,2,1857.0,993,194,3451.9607
0,143,1,2,1618.0,1232,247,3642.1397
0,144,1,1,403.5,14,2,0.2197
0,145,3,1,403.5,14,2,0.2197
0,146,1,0,2132.0,1708,247,6249.8197
0,147,3,0,2277.0,1563,293,6677.0357
0,148,1,1,403.5,14,2,0.2197
0,149,1,2,1618.0,1232,247,3642.1397
0,150,3,2,1713.0,1137,194,3960.7127
0,151,1,0,2113.0,1727,346,6602.2397
0,152,1,0,2224.0,1616,295,6857.2187
0,153,1,2,1620.0,1230,245,3642.1397
0,154,1,1,403.5,14,2,0.2197
0,155,1,1,403.5,14,2,0.2197
0,156,1,0,2113.0,1727,346,6602.2397
0,157,1,1,403.5,14,2,0.2197
0,158,1,1,403.5,14,2,0.2197
0,159,1,1,403.5,14,2,0.2197
0,160,1,2,1883.0,967,194,3360.1027
0,161,1,1,403.5,14,2,0.2197
0,162,1,2,1883.0,967,194,3360.1027
0,163,1,2,1620.0,1230,245,3642.1397
0,164,1,0,2113.0,1727,346,6602.2397
0,165,3,2,1618.0,1232,247,3642.1397
0,166,1,1,403.5,14,2,0.2197
0,167,1,0,2376.0,1464,295,6320.2027
0,168,1,1,403.5,14,2,0.2197
0,169,1,0,2378.0,1462,293,6320.2027
0,170,1,1,403.5,14,2,0.2197
0,171,1,1,403.5,14,2,0.2197
0,172,1,1,403.5,14,2,0.2197
0,173,1,2,1881.0,969,194,3360.14664
0,174,1,1,403.5,14,2,0.2197
0,175,1,0,2180.0,1660,293,7019.7367
0,176,1,1,403.5,14,2,0.2197
0,177,1,0,2212.0,1628,247,6010.2197
0,178,1,1,403.5,14,2,0.2197
0,179,1,1,403.5,14,2,0.2197
0,180,1,0,2378.0,1462,293,6320.2027
0,181,1,1,400.5,17,2,0.28561
0,182,1,1,403.5,14,2,0.2197
0,183,1,0,2376.0,1464,295,6320.2027
0,184,1,1,396.5,21,2,0.37349
0,185,1,2,1613.0,1237,247,3642.24955
0,186,1,2,1618.0,1232,247,3642.1397
0,187,3,1,403.5,14,2,0.2197
0,188,1,2,1620.0,1230,245,3642.1397
0,189,1,1,403.5,14,2,0.2197
0,190,1,2,1807.0,1043,196,3621.5447
0,191,1,1,403.5,14,2,0.2197
0,192,1,1,403.5,14,2,0.2197
0,193,1,1,403.5,14,2,0.2197
0,194,1,1,403.5,14,2,0.2197
0,195,1,0,2378.0,1462,293,6320.2027
0,196,1,2,1883.0,967,194,3360.1027
0,197,1,0,2212.0,1628,247,6010.2197
0,198,1,0,2212.0,1628,247,6010.2197
0,199,1,2,1618.0,1232,247,3642.1397
0,200,3,0,2108.0,1732,346,6602.34955
0,201,1,2,1857.0,993,194,3451.9607
0,202,1,1,403.5,14,2,0.2197
0,203,1,0,2378.0,1462,293,6320.2027
0,204,1,0,2378.0,1462,293,6320.2027
0,205,1,0,2212.0,1628,247,6010.2197
0,206,1,2,1759.0,1091,194,3798.1947
0,207,1,1,403.5,14,2,0.2197
0,208,1,2,1620.0,1230,245,3642.1397
0,209,1,0,2113.0,1727,346,6602.2397
0,210,1,0,2104.0,1736,348,6602.39349
0,211,1,1,403.5,14,2,0.2197
0,212,1,0,2235.0,1605,295,6818.3557
0,213,1,1,403.5,14,2,0.2197
0,214,1,0,2113.0,1727,346,6602.2397
0,215,1,1,403.5,14,2,0.2197
0,216,1,0,2378.0,1462,293,6320.2027
0,217,1,0,2376.0,1464,295,6320.2027
0,218,1,0,2210.0,1630,249,6010.2197
0,219,1,1,403.5,14,2,0.2197
0,220,1,1,403.5,14,2,0.2197
0,221,1,1,403.5,14,2,0.2197
0,222,1,0,2378.0,1462,293,6320.2027
0,223,3,1,403.5,14,2,0.2197
0,224,1,1,393.5,24,2,0.4394
0,225,1,0,2378.0,1462,293,6320.2027
0,226,1,1,403.5,14,2,0.2197
0,227,1,2,1618.0,1232,247,3642.1397
0,228,1,1,403.5,14,2,0.2197
0,229,1,2,1883.0,967,194,3360.1027
0,230,1,0,2378.0,1462,293,6320.2027
0,231,1,0,2212.0,1628,247,6010.2197
0,232,1,1,403.5,14,2,0.2197
0,233,1,0,2212.0,1628,247,6010.2197
0,234,1,1,403.5,14,2,0.2197
0,235,1,2,1883.0,967,194,3360.1027
0,236,1,0,2378.0,1462,293,6320.2027
0,237,1,1,403.5,14,2,0.2197
0,238,1,1,403.5,14,2,0.2197
0,239,1,2,1620.0,1230,245,3642.1397
0,240,1,0,2212.0,1628,247,6010.2197
0,241,1,0,2113.0,1727,346,6602.2397
0,242,3,2,1807.0,1043,194,3628.6107
0,243,1,0,2174.0,1666,293,7040.9347
0,244,1,1,403.5,14,2,0.2197
0,245,1,1,403.5,14,2,0.2197
0,246,1,1,403.5,14,2,0.2197
0,247,1,0,2097.0,1743,350,6602.2397
0,248,3,0,2111.0,1729,348,6602.2397
0,249,1,2,1694.0,1156,194,4027.8397
0,250,1,1,403.5,14,2,0.2197
0,251,1,0,2239.0,1601,295,6804.2237
0,252,3,0,2212.0,1628,247,6010.2197
0,253,1,2,1620.0,1230,245,3642.1397
0,254,1,1,403.5,14,2,0.2197
0,255,1,0,2212.0,1628,247,6010.2197
0,256,1,2,1611.0,1239,247,3642.29349
0,257,1,1,403.5,14,2,0.2197
0,258,1,1,403.5,14,2,0.2197
0,259,1,0,2351.0,1489,297,6401.4617
0,260,1,1,398.5,19,2,0.32955
0,261,1,0,2046.0,1794,297,6924.3457
0,262,1,1,403.5,14,2,0.2197
0,263,1,2,1618.0,1232,247,3642.1397
0,264,1,1,317.5,100,4,0.2197
0,265,1,1,384.5,33,4,0.2197
0,266,1,1,403.5,14,2,0.2197
0,267,1,2,1600.0,1250,249,3642.1397
0,268,1,0,1600.0,2240,350,7720.4997
0,269,1,0,1666.0,2174,297,7071.9207
0,270,1,2,819.0,2031,249,3642.1397
0,271,1,2,841.0,2009,249,3642.1397
0,272,1,1,403.5,14,2,0.2197
0,273,1,1,403.5,14,2,0.2197
0,274,1,1,403.5,14,2,0.2197
0,275,1,0,2032.0,1808,297,6511.04264
0,276,1,0,1736.0,2104,350,6632.1397
0,277,1,0,1806.0,2034,350,6632.1397
0,278,1,2,1509.0,1341,249,3642.1397
0,279,1,2,1538.0,1312,249,3723.0047
0,280,1,0,1967.0,1873,251,6654.1447
0,281,1,1,298.5,119,4,0.2197
0,282,3,2,1811.0,1039,196,3536.7527
0,283,3,0,2344.0,1496,295,6511.5627
0,284,1,0,657.0,3183,350,6952.6547
0,286,3,1,191.5,226,4,0.2197
0,287,1,0,758.0,3082,350,7335.7947
0,288,1,2,-82.0,2932,249,3875.7497
0,289,1,1,52.5,365,4,0.2197
0,290,1,2,-22.0,2872,196,4282.2157
0,291,2,0,1830.0,2010,350,7050.7597
0,292,1,0,1252.0,2588,297,7037.1407
0,293,1,0,1367.0,2473,350,7188.2797
0,294,3,2,1389.0,1461,249,3714.0197
0,295,1,1,305.5,112,4,0.2197
0,296,1,1,403.5,14,2,0.2197
0,297,3,0,2139.0,1701,297,7293.2087
0,298,1,1,403.5,14,2,0.2197
0,299,3,1,403.5,14,2,0.2197
0,300,1,1,400.5,17,2,0.28561
0,301,1,1,400.5,17,2,0.28561
0,302,1,0,2061.0,1779,350,6632.46925
0,303,2,2,1076.0,1774,249,3642.20561
0,304,3,2,1572.0,1278,249,3737.9797
0,305,1,2,1419.0,1431,196,3360.1027
0,306,1,2,1485.0,1365,249,3938.6447
0,307,1,0,1896.0,1944,346,7252.1547
0,309,1,2,1528.0,1322,247,3911.6897
0,310,1,2,1640.0,1210,194,4218.6217
0,311,1,2,1545.0,1305,245,3866.7647
0,312,1,2,1694.0,1156,194,4027.8397
0,314,1,0,2077.0,1763,346,6710.0597
0,315,2,0,2204.0,1636,249,6028.1897
0,317,1,2,1464.0,1386,245,4109.3597
0,318,3,1,302.5,115,4,0.2197
0,319,2,1,358.5,59,4,0.2197
0,320,1,1,403.5,14,2,0.2197
0,321,1,2,1883.0,967,194,3360.1027
0,322,1,1,403.5,14,2,0.2197
0,323,1,0,2378.0,1462,293,6320.2027
0,324,1,1,403.5,14,2,0.2197
0,325,1,1,403.5,14,2,0.2197
0,326,1,2,1620.0,1230,245,3642.1397
0,327,1,0,2113.0,1727,346,6602.2397
0,328,1,1,403.5,14,2,0.2197
0,329,1,0,992.0,2848,297,6864.2847
0,330,1,2,1874.0,976,194,3391.8997
0,331,1,1,403.5,14,2,0.2197
0,332,3,2,1543.0,1307,249,3642.1397
0,333,3,0,1716.0,2124,350,6632.1397
0,334,1,2,478.0,2372,249,3642.1397
0,335,1,2,592.0,2258,249,3642.1397
0,336,1,1,403.5,14,2,0.2197
0,337,1,0,1690.0,2150,350,6644.0997
0,338,1,0,2155.0,1685,297,6619.2027
0,339,1,0,2189.0,1651,293,7450.4227
0,340,1,0,2054.0,1786,348,6943.0997
0,341,1,2,1413.0,1437,249,3642.1397
0,342,1,2,1435.0,1415,249,4016.5147
0,343,1,2,1487.0,1363,249,3965.5997
0,344,1,2,1474.0,1376,247,4073.4197
0,346,1,2,1532.0,1318,247,3899.7097
0,349,1,2,1754.0,1096,194,3815.8597
0,351,1,2,1667.0,1183,194,4116.20864
0,352,2,1,66.5,351,4,0.2197
0,353,1,2,1446.0,1404,245,4139.48546
0,354,3,0,2150.0,1690,247,6186.99061
0,355,1,0,2212.0,1628,247,6010.2197
0,356,1,2,1758.0,1092,194,3801.7277
0,357,1,0,2259.0,1581,295,6733.5637
0,358,3,0,2212.0,1628,247,6010.2197
0,359,1,0,2212.0,1628,247,6010.2197
0,360,1,0,2111.0,1729,348,6602.2397
0,361,1,2,1618.0,1232,247,3642.1397
0,362,1,1,403.5,14,2,0.2197
0,363,1,0,2378.0,1462,293,6320.2027
0,364,1,2,1883.0,967,194,3360.1027
0,365,1,2,1620.0,1230,245,3642.1397
0,366,1,0,2113.0,1727,346,6602.2397
0,367,1,1,403.5,14,2,0.2197
0,368,1,2,1620.0,1230,245,3642.1397
0,369,1,0,2113.0,1727,346,6602.2397
0,370,1,2,1672.0,1178,194,4105.5657
0,371,1,1,403.5,14,2,0.2197
0,372,1,2,1883.0,967,194,3360.1027
0,373,1,1,403.5,14,2,0.2197
0,374,1,2,1864.0,986,194,3427.2297
0,375,3,0,2210.0,1630,249,6010.2197
0,376,3,0,2210.0,1630,249,6010.2197
0,377,1,0,2278.0,1562,295,6666.4367
0,378,1,2,1620.0,1230,245,3642.1397
0,379,1,0,2113.0,1727,346,6602.2397
0,380,1,0,2113.0,1727,346,6602.2397
0,381,1,1,403.5,14,2,0.2197
0,382,1,1,403.5,14,2,0.2197
0,383,1,0,2230.0,1610,293,6832.55361
0,384,1,0,2296.0,1544,293,6609.9087
0,385,1,2,1533.0,1317,247,3896.7147
0,386,3,2,1809.0,1041,194,3621.5447
0,387,1,2,1825.0,1025,194,3565.0167
0,388,1,0,2210.0,1630,247,6010.26364
0,389,1,1,403.5,14,2,0.2197
0,390,1,1,403.5,14,2,0.2197
0,391,1,2,1703.0,1147,194,3996.0427
0,392,1,0,2113.0,1727,346,6602.2397
0,393,1,2,1618.0,1232,247,3642.1397
0,394,1,1,403.5,14,2,0.2197
0,395,1,2,1794.0,1056,194,3674.5397
0,396,1,0,2378.0,1462,293,6320.2027
0,397,1,2,1883.0,967,194,3360.1027
0,398,1,1,403.5,14,2,0.2197
0,399,3,1,403.5,14,2,0.2197
0,400,1,2,1867.0,983,194,3416.6307
0,401,1,0,2202.0,1638,247,6010.4394
0,402,3,1,403.5,14,2,0.2197
0,403,1,2,1883.0,967,194,3360.1027
0,404,3,2,1615.0,1235,245,3642.24955
0,405,1,1,403.5,14,2,0.2197
0,406,1,0,2298.0,1542,293,6602.8427
0,407,1,1,403.5,14,2,0.2197
0,408,1,0,2212.0,1628,247,6010.2197
0,409,1,1,403.5,14,2,0.2197
0,410,1,1,403.5,14,2,0.2197
0,411,1,0,2218.0,1622,297,6500.3857
0,412,1,0,2177.0,1663,293,7030.3357
0,413,1,0,2069.0,1771,350,6733.7997
0,414,1,0,2088.0,1752,350,6668.0197
0,415,1,0,2104.0,1736,348,6644.0997
0,416,3,0,2108.0,1732,348,6620.1797
0,417,1,1,403.5,14,2,0.2197
0,418,1,0,2113.0,1727,346,6602.2397
0,419,1,0,2098.0,1742,346,6691.9397
0,420,1,0,2314.0,1526,295,6539.2487
0,421,1,0,2321.0,1519,293,6521.5837
0,422,1,0,2083.0,1757,247,6396.5747
0,423,1,2,1644.0,1206,194,4204.4897
0,424,1,2,1615.0,1235,247,3651.1247
0,425,1,1,403.5,14,2,0.2197
0,426,1,1,403.5,14,2,0.2197
0,427,1,0,2378.0,1462,293,6320.2027
0,428,1,1,403.5,14,2,0.2197
0,429,1,2,1620.0,1230,245,3642.1397
0,430,1,0,2111.0,1729,348,6602.2397
0,431,1,2,1618.0,1232,247,3642.1397
0,432,1,2,1618.0,1232,247,3642.1397
0,433,3,2,1813.0,1037,194,3607.4127
0,434,1,1,403.5,14,2,0.2197
0,435,1,1,403.5,14,2,0.2197
0,436,3,2,1787.0,1063,194,3699.2707
0,437,1,0,2212.0,1628,247,6010.2197
0,438,1,1,403.5,14,2,0.2197
0,439,1,2,1618.0,1232,247,3642.1397
0,440,1,2,1842.0,1008,194,3504.9557
0,441,1,1,403.5,14,2,0.2197
0,442,3,0,2229.0,1611,295,6839.5537
0,443,1,1,403.5,14,2,0.2197
0,444,1,0,2212.0,1628,247,6010.2197
0,445,1,2,1620.0,1230,245,3642.1397
0,446,1,1,403.5,14,2,0.2197
0,447,1,2,1674.0,1176,194,4098.4997
0,448,1,1,403.5,14,2,0.2197
0,449,1,1,403.5,14,2,0.2197
0,450,1,2,1620.0,1230,245,3642.1397
0,451,1,2,1620.0,1230,245,3642.1397
0,452,1,1,403.5,14,2,0.2197
0,453,1,2,1820.0,1030,194,3582.6817
0,454,1,0,2113.0,1727,346,6602.2397
0,455,1,2,1710.0,1140,194,3971.3117
0,456,1,1,403.5,14,2,0.2197
0,457,1,0,2212.0,1628,247,6010.2197
0,458,1,2,1620.0,1230,245,3642.1397
0,459,1,1,403.5,14,2,0.2197
0,460,1,1,403.5,14,2,0.2197
0,461,1,0,2378.0,1462,293,6320.2027
0,462,1,1,403.5,14,2,0.2197
0,463,1,0,2277.0,1563,293,6677.0357
0,464,1,0,2113.0,1727,346,6602.2397
0,465,1,1,403.5,14,2,0.2197
0,466,1,0,2212.0,1628,247,6010.2197
0,467,1,0,2111.0,1729,348,6602.2397
0,468,1,1,401.5,16,2,0.26364
0,469,1,0,2320.0,1520,295,6518.0507
0,470,1,1,403.5,14,2,0.2197
0,471,1,2,1609.0,1241,249,3642.29349
0,472,1,1,391.5,26,2,0.48334
0,473,1,2,1783.0,1067,194,3713.4027
0,474,1,2,1618.0,1232,247,3642.1397
0,475,3,2,1686.0,1164,194,4056.1037
0,476,1,0,2113.0,1727,346,6602.2397
0,477,1,1,403.5,14,2,0.2197
0,478,1,1,403.5,14,2,0.2197
0,479,3,2,1883.0,967,194,3360.1027
0,480,1,2,1620.0,1230,245,3642.1397
0,481,1,1,403.5,14,2,0.2197
0,482,1,1,403.5,14,2,0.2197
0,483,1,0,2098.0,1742,346,6602.56925
0,484,1,2,1880.0,970,194,3360.16861
0,485,1,0,2111.0,1729,348,6602.2397
0,486,1,2,1812.0,1038,194,3610.9457
0,487,1,1,403.5,14,2,0.2197
0,488,1,0,2113.0,1727,346,6602.2397
0,489,1,1,403.5,14,2,0.2197
0,490,1,2,1610.0,1240,245,3642.3594
0,491,1,2,1603.0,1247,247,3642.46925
0,492,1,0,2113.0,1727,346,6602.2397
0,493,1,1,403.5,14,2,0.2197
0,494,1,2,1883.0,967,194,3360.1027
0,495,1,0,2378.0,1462,293,6320.2027
0,496,1,0,2111.0,1729,348,6602.2397
0,497,1,0,2212.0,1628,247,6010.2197
0,498,1,1,403.5,14,2,0.2197
0,499,1,0,2210.0,1630,249,6010.2197
0,500,1,0,2155.0,1685,295,7100.9957
0,501,3,2,1852.0,998,194,3469.6257
0,502,1,2,1618.0,1232,247,3642.1397
0,503,1,1,403.5,14,2,0.2197
0,504,1,2,1618.0,1232,247,3642.1397
0,505,1,1,403.5,14,2,0.2197
0,506,1,1,403.5,14,2,0.2197
0,507,1,2,1696.0,1154,194,4020.7737
0,508,1,1,396.5,21,2,0.37349
0,509,1,0,2113.0,1727,346,6602.2397
0,510,1,1,403.5,14,2,0.2197
0,511,1,1,403.5,14,2,0.2197
0,512,1,1,403.5,14,2,0.2197
0,513,1,2,1883.0,967,194,3360.1027
0,514,1,1,403.5,14,2,0.2197
0,515,1,2,1620.0,1230,245,3642.1397
0,516,3,1,403.5,14,2,0.2197
0,517,1,1,403.5,14,2,0.2197
0,518,1,1,403.5,14,2,0.2197
0,519,1,0,2378.0,1462,293,6320.2027
0,520,1,2,1827.0,1023,194,3557.9507
0,521,1,0,2113.0,1727,346,6602.2397
0,522,1,2,1620.0,1230,245,3642.1397
0,523,1,2,1618.0,1232,247,3642.1397
0,524,1,2,1618.0,1232,247,3642.1397
0,525,1,2,1618.0,1232,247,3642.1397
0,526,1,1,403.5,14,2,0.2197
0,527,1,1,403.5,14,2,0.2197
0,528,1,2,1883.0,967,194,3360.1027
0,529,3,2,1874.0,976,194,3391.8997
0,530,1,2,1618.0,1232,247,3642.1397
0,531,3,1,403.5,14,2,0.2197
0,532,1,2,1615.0,1235,247,3642.20561
0,533,1,0,2212.0,1628,247,6010.2197
0,534,1,0,2210.0,1630,249,6010.2197
0,535,1,0,2195.0,1645,293,6966.7417
0,536,1,2,1881.0,969,196,3360.1027
0,537,1,1,403.5,14,2,0.2197
0,538,1,0,-833.0,4673,350,6620.1797
0,539,1,0,-829.0,4669,350,6620.24561
0,540,1,0,-597.0,4437,350,8133.1197
0,541,1,0,-414.0,4254,297,6701.2587
0,542,1,0,-324.0,4164,350,7917.8397
0,543,1,1,403.5,14,2,0.2197
0,545,1,0,50.0,3790,350,7038.7797
0,546,2,2,-863.0,3713,249,3642.1397
0,547,1,0,116.0,3724,350,6662.10561
0,548,1,0,125.0,3715,350,6650.14561
0,549,1,1,-2124.5,2542,4,0.2197
0,550,1,1,-2092.5,2510,4,0.2197
0,551,2,2,-557.0,3407,196,3900.6517
0,553,1,0,626.0,3214,350,7326.9397
0,559,1,2,71.0,2779,196,4971.1507
0,560,1,2,126.0,2724,249,4253.1197
0,562,1,2,245.0,2605,249,4648.4597
0,564,1,0,-226.0,4066,297,7885.8717
0,565,1,0,-216.0,4056,350,7653.2847
0,566,1,0,-151.0,3991,350,7431.7747
0,567,2,0,1635.0,2205,350,8624.4997
0,568,1,2,-960.0,3810,196,5910.9287
0,569,1,2,-786.0,3636,249,5250.4547
0,570,3,0,1573.0,2267,350,7116.5697
0,571,1,2,-579.0,3429,249,4876.0797
0,573,2,2,1322.0,1528,249,4432.8197
0,574,2,0,1822.0,2018,297,6794.9857
0,575,1,0,1198.0,2642,350,6868.7247
0,576,1,0,1304.0,2536,297,9846.0067
0,577,1,2,318.0,2532,249,5041.0244
0,579,1,0,1498.0,2342,350,8212.2997
0,580,2,2,862.0,1988,196,4109.0987
0,581,1,0,1892.0,1948,350,7544.1547
0,582,1,2,1076.0,1774,249,3645.1347
0,583,1,0,2072.0,1768,350,6751.7397
0,584,1,2,1097.0,1753,249,3687.17455
0,587,1,0,2035.0,1805,293,7705.7587
0,588,1,2,1394.0,1456,249,4172.2547
0,589,1,2,1430.0,1420,194,4960.5517
0,590,1,0,1850.0,1990,346,7389.9247
0,591,1,2,1366.0,1484,245,4402.8697
0,592,1,2,1182.0,1668,245,4953.9497
0,593,1,0,1883.0,1957,293,8069.0377
0,594,1,0,1864.0,1976,249,7046.4897
0,595,1,2,825.0,2025,247,6017.1747
0,598,2,1,212.5,205,4,0.2197
0,599,1,1,252.5,165,4,0.2197
0,600,1,1,317.5,100,4,0.2197
0,601,1,2,1618.0,1232,247,3642.1397
0,602,1,1,403.5,14,2,0.2197
0,603,3,2,1874.0,976,194,3391.8997
0,604,1,0,2113.0,1727,346,6602.2397
0,605,1,0,2307.0,1533,295,6563.9797
0,606,1,1,403.5,14,2,0.2197
0,607,1,0,2111.0,1729,348,6602.2397
0,608,1,1,403.5,14,2,0.2197
0,609,1,2,1618.0,1232,247,3642.1397
0,610,1,1,403.5,14,2,0.2197
0,611,1,2,1865.0,985,194,3423.6967
0,612,1,0,2212.0,1628,247,6010.2197
0,613,1,1,403.5,14,2,0.2197
0,614,1,0,2239.0,1601,295,6804.2237
0,615,1,2,1618.0,1232,247,3642.1397
0,616,1,2,1618.0,1232,247,3642.1397
0,617,3,2,1859.0,991,194,3444.8947
0,618,1,0,2212.0,1628,247,6010.2197
0,619,1,0,2210.0,1630,249,6010.2197
0,620,1,2,1883.0,967,194,3360.1027
0,621,1,2,1883.0,967,194,3360.1027
0,622,3,0,2108.0,1732,346,6620.22364
0,623,1,2,1615.0,1235,247,3642.1397
0,624,1,2,1618.0,1232,247,3642.1397
0,625,1,0,2046.0,1794,348,6796.9147
0,626,1,1,403.5,14,2,0.2197
0,627,3,2,1747.0,1103,196,3833.5247
0,628,1,0,2113.0,1727,346,6602.2397
0,629,1,2,1550.0,1300,245,3851.7897
0,630,3,2,1750.0,1100,194,3829.9917
0,631,1,0,2212.0,1628,247,6010.2197
0,632,1,2,1618.0,1232,247,3642.1397
0,633,1,1,303.5,114,4,0.2197
0,634,1,0,2371.0,1469,293,6344.9337
0,635,1,2,1620.0,1230,245,3642.1397
0,636,1,1,403.5,14,2,0.2197
0,637,1,2,1620.0,1230,245,3642.1397
0,638,1,0,2360.0,1480,297,6320.2027
0,639,1,2,1700.0,1150,196,3451.9607
0,640,1,1,403.5,14,2,0.2197
0,641,1,0,2212.0,1628,247,6010.2197
0,642,1,1,403.5,14,2,0.2197
0,643,1,2,1591.0,1259,249,3642.1397
0,644,1,2,1608.0,1242,249,3642.1397
0,645,1,2,1620.0,1230,245,3642.1397
0,646,1,2,1618.0,1232,247,3642.1397
0,647,1,0,2182.0,1658,295,7005.6047
0,648,1,0,2111.0,1729,348,6602.2397
0,649,1,1,403.5,14,2,0.2197
0,650,1,2,1618.0,1232,247,3642.1397
0,651,1,0,2136.0,1704,293,7175.1887
0,652,1,1,190.5,227,4,0.2197
0,653,1,2,1618.0,1232,247,3642.1397
0,654,3,2,1666.0,1184,194,4126.7637
0,655,1,0,2050.0,1790,346,6790.9247
0,656,1,1,403.5,14,2,0.2197
0,657,1,2,1883.0,967,194,3360.1027
0,658,1,1,403.5,14,2,0.2197
0,659,1,0,2327.0,1513,293,6500.3857
0,660,1,2,1867.0,983,194,3416.6307
0,661,1,0,2362.0,1478,295,6369.6647
0,662,3,1,403.5,14,2,0.2197
0,663,1,2,1620.0,1230,245,3642.1397
0,664,1,1,403.5,14,2,0.2197
0,665,1,1,403.5,14,2,0.2197
0,666,1,2,1883.0,967,194,3360.1027
0,667,1,2,1605.0,1245,245,3672.19955
0,668,3,2,1823.0,1027,194,3547.50549
0,669,1,2,1618.0,1232,247,3642.1397
0,670,1,0,2113.0,1727,346,6602.2397
0,671,1,1,403.5,14,2,0.2197
0,672,1,1,403.5,14,2,0.2197
0,673,1,0,2167.0,1673,293,7065.6657
0,674,1,1,403.5,14,2,0.2197
0,675,1,0,2376.0,1464,295,6320.2027
0,676,1,2,1620.0,1230,245,3642.1397
0,677,1,2,1618.0,1232,247,3642.1397
0,678,1,2,1883.0,967,194,3360.1027
0,679,1,1,403.5,14,2,0.2197
0,680,1,2,1883.0,967,194,3360.1027
0,681,1,1,395.5,22,2,0.39546
0,682,1,0,2113.0,1727,346,6602.2397
0,683,1,0,2255.0,1585,295,6747.6957
0,684,1,1,401.5,16,4,0.2197
0,685,1,2,1620.0,1230,245,3642.1397
0,686,1,2,1618.0,1232,247,3642.1397
0,687,1,1,403.5,14,2,0.2197
0,688,1,0,2378.0,1462,293,6320.2027
0,689,1,1,403.5,14,2,0.2197
0,690,1,0,2341.0,1499,293,6450.9237
0,691,1,0,2113.0,1727,346,6602.2397
0,692,1,1,403.5,14,2,0.2197
0,693,1,0,2111.0,1729,348,6602.2397
0,694,3,1,403.5,14,2,0.2197
0,695,1,2,1883.0,967,194,3360.1027
0,696,1,1,403.5,14,2,0.2197
0,697,1,0,2378.0,1462,293,6320.2027
0,698,1,2,1620.0,1230,245,3642.1397
0,699,1,0,2113.0,1727,346,6602.2397
0,700,3,0,2202.0,1638,251,6010.2197
0,701,1,2,1727.0,1123,194,3911.2507
0,702,1,1,403.5,14,2,0.2197
0,703,1,0,2103.0,1737,348,6620.1797
0,704,1,0,2344.0,1496,293,6440.3247
0,705,1,2,1591.0,1259,249,3642.1397
0,706,3,0,2108.0,1732,348,6620.1797
0,707,1,1,403.5,14,2,0.2197
0,708,3,2,1618.0,1232,247,3642.1397
0,709,1,0,2205.0,1635,297,6917.2797
0,710,1,0,2210.0,1630,249,6010.2197
0,711,1,1,403.5,14,2,0.2197
0,712,1,2,1620.0,1230,245,3642.1397
0,713,1,1,135.5,282,4,0.2197
0,714,1,1,186.5,231,4,0.2197
0,715,1,2,1673.0,1177,194,4102.0327
0,716,1,0,2212.0,1628,247,6010.2197
0,717,1,2,1309.0,1541,245,4573.5847
0,718,1,0,1895.0,1945,293,8026.6417
0,719,1,0,2212.0,1628,247,6010.2197
0,720,3,0,2113.0,1727,346,6602.2397
0,721,1,2,1883.0,967,194,3360.1027
0,722,1,1,403.5,14,2,0.2197
0,723,1,1,403.5,14,2,0.2197
0,724,1,0,2113.0,1727,346,6602.2397
0,725,1,1,403.5,14,2,0.2197
0,726,1,2,1618.0,1232,247,3642.1397
0,727,1,1,403.5,14,2,0.2197
0,728,1,2,1883.0,967,194,3360.1027
0,729,3,0,2378.0,1462,293,6320.2027
0,730,1,1,393.5,24,2,0.4394
0,731,1,0,2210.0,1630,249,6010.2197
0,732,1,2,1620.0,1230,245,3642.1397
0,733,1,1,403.5,14,2,0.2197
0,734,1,1,403.5,14,2,0.2197
0,735,3,2,1782.0,1068,194,3709.91364
0,736,1,0,2212.0,1628,247,6010.2197
0,737,1,1,403.5,14,2,0.2197
0,738,1,1,403.5,14,2,0.2197
0,739,1,0,2378.0,1462,293,6320.2027
0,740,1,2,1618.0,1232,247,3642.1397
0,741,3,0,2103.0,1737,346,6602.4594
0,742,1,1,403.5,14,2,0.2197
0,743,3,0,2113.0,1727,346,6602.2397
0,744,1,1,403.5,14,2,0.2197
0,745,3,2,1806.0,1044,194,3632.1437
0,746,1,0,2113.0,1727,346,6602.2397
0,747,1,2,1618.0,1232,247,3642.1397
0,748,1,1,403.5,14,2,0.2197
0,749,3,1,403.5,14,2,0.2197
0,750,1,0,2378.0,1462,293,6320.2027
0,751,1,1,403.5,14,2,0.2197
0,752,1,0,1865.0,1975,297,6320.2027
0,753,1,0,2047.0,1793,350,6709.8797
0,754,1,0,2062.0,1778,350,6763.6997
0,755,3,0,2333.0,1507,297,6409.9027
0,756,1,1,403.5,14,2,0.2197
0,757,3,1,403.5,14,2,0.2197
0,758,1,1,403.5,14,2,0.2197
0,759,1,1,403.5,14,2,0.2197
0,760,1,2,1500.0,1350,245,4001.5397
0,761,3,2,1794.0,1056,196,3600.3467
0,762,1,0,2079.0,1761,297,7539.7217
0,763,1,1,403.5,14,2,0.2197
0,764,1,2,1484.0,1366,249,3642.18364
0,765,1,1,403.5,14,2,0.2197
0,766,1,0,2106.0,1734,348,6632.1397
0,767,1,2,1615.0,1235,247,3642.1397
0,768,1,0,2111.0,1729,348,6602.2397
0,769,1,2,1469.0,1381,196,4568.3887
0,770,1,2,1434.0,1416,245,4199.2097
0,771,1,2,1536.0,1314,247,3887.7297
0,772,1,2,1618.0,1232,247,3642.1397
0,773,1,2,1620.0,1230,245,3642.1397
0,774,1,2,1883.0,967,194,3360.1027
0,775,1,0,2208.0,1632,293,6920.8127
0,776,1,2,1618.0,1232,247,3642.1397
0,777,1,0,2210.0,1630,249,6010.2197
0,778,1,1,403.5,14,2,0.2197
0,779,1,0,2373.0,1467,295,6320.2027
0,780,1,2,1544.0,1306,196,3550.92864
0,781,1,2,1576.0,1274,249,3642.1397
0,782,1,0,2100.0,1740,346,6632.31546
0,783,1,2,1471.0,1379,249,3642.1397
0,784,1,1,403.5,14,2,0.2197
0,785,1,2,1620.0,1230,245,3642.1397
0,786,1,2,1618.0,1232,247,3642.1397
0,787,1,0,2111.0,1729,348,6602.2397
0,788,1,1,403.5,14,2,0.2197
0,789,1,2,1837.0,1013,194,3522.6207
0,790,1,2,1848.0,1002,194,3483.7577
0,791,1,2,1620.0,1230,245,3642.1397
0,792,1,0,2031.0,1809,247,6552.3147
0,793,3,0,2210.0,1630,247,6016.2097
0,794,1,2,1620.0,1230,245,3642.1397
0,795,1,1,403.5,14,2,0.2197
0,796,1,2,1829.0,1021,194,3550.8847
0,797,1,0,2282.0,1558,293,6659.3707
0,798,1,2,1620.0,1230,245,3642.1397
0,799,1,0,2113.0,1727,346,6602.2397
0,800,1,2,1618.0,1232,247,3642.1397
0,801,1,0,2127.0,1713,295,7199.9197
0,802,3,2,1813.0,1037,194,3607.4127
0,803,1,2,1618.0,1232,247,3642.1397
0,804,1,2,1618.0,1232,247,3642.1397
0,805,1,2,1618.0,1232,247,3642.1397
0,806,1,1,403.5,14,2,0.2197
0,807,1,1,403.5,14,2,0.2197
0,808,1,0,2329.0,1511,293,6493.3197
0,809,1,1,403.5,14,2,0.2197
0,810,3,1,403.5,14,2,0.2197
0,811,1,0,2378.0,1462,293,6320.2027
0,812,1,1,403.5,14,2,0.2197
0,813,1,0,2166.0,1674,295,7062.1327
0,814,1,0,2212.0,1628,247,6010.2197
0,815,1,0,2205.0,1635,249,6010.32955
0,816,1,2,1620.0,1230,245,3642.1397
0,817,1,0,2111.0,1729,348,6602.2397
0,818,1,1,403.5,14,2,0.2197
0,819,1,2,1618.0,1232,247,3642.1397
0,820,1,0,2113.0,1727,346,6602.2397
0,821,1,2,1702.0,1148,194,3999.5757
0,822,1,1,403.5,14,2,0.2197
0,823,1,1,403.5,14,2,0.2197
0,824,1,2,1883.0,967,194,3360.1027
0,825,1,2,1620.0,1230,245,3642.1397
0,826,1,2,1883.0,967,194,3360.1027
0,827,1,0,2212.0,1628,247,6010.2197
0,828,1,1,403.5,14,2,0.2197
0,829,1,0,2210.0,1630,249,6010.2197
0,830,1,1,403.5,14,2,0.2197
0,831,1,0,2245.0,1595,295,6783.0257
0,832,1,1,403.5,14,2,0.2197
0,833,1,0,2210.0,1630,249,6010.2197
0,834,1,1,403.5,14,2,0.2197
0,835,1,2,1620.0,1230,245,3642.1397
0,836,1,1,403.5,14,2,0.2197
0,837,1,1,403.5,14,2,0.2197
0,838,1,0,2242.0,1598,293,6800.6907
0,839,1,2,1618.0,1232,247,3642.1397
0,840,3,1,403.5,14,2,0.2197
0,841,1,0,2360.0,1480,297,6320.2027
0,842,1,2,1883.0,967,194,3360.1027
0,843,1,2,1594.0,1256,249,3642.1397
0,844,1,0,2212.0,1628,247,6010.2197
0,845,3,1,403.5,14,2,0.2197
0,846,1,0,2210.0,1630,249,6010.2197
0,847,1,0,2210.0,1630,249,6010.2197
0,848,1,2,1620.0,1230,245,3642.1397
0,849,1,0,2113.0,1727,346,6602.2397
0,850,1,0,2203.0,1637,295,6931.4117
0,851,1,1,403.5,14,2,0.2197
0,852,1,2,1883.0,967,194,3360.1027
0,853,1,2,1618.0,1232,247,3642.1397
0,854,1,2,1614.0,1236,245,3660.1097
0,855,1,1,378.5,39,4,0.2197
0,856,1,1,403.5,14,2,0.2197
0,857,1,1,403.5,14,2,0.2197
0,858,1,2,1883.0,967,194,3360.1027
0,859,1,2,1883.0,967,194,3360.1027
0,860,1,0,2212.0,1628,247,6010.2197
0,861,1,1,403.5,14,2,0.2197
0,862,1,1,403.5,14,2,0.2197
0,863,3,0,2217.0,1623,293,6889.0157
0,864,1,1,403.5,14,2,0.2197
0,865,3,1,403.5,14,2,0.2197
0,866,1,1,403.5,14,2,0.2197
0,867,1,2,1883.0,967,194,3360.1027
0,868,1,0,2069.0,1771,251,6010.2197
0,869,1,0,2081.0,1759,251,6010.2197
0,870,1,1,403.5,14,2,0.2197
0,871,1,0,2166.0,1674,293,7587.9627
0,872,1,2,1598.0,1252,249,3642.1397
0,873,1,2,1598.0,1252,249,3642.29349
0,874,1,0,2113.0,1727,346,6602.2397
0,875,1,0,2111.0,1729,348,6602.2397
0,876,1,2,1692.0,1158,194,4034.9057
0,877,1,2,1620.0,1230,245,3642.1397
0,878,1,1,403.5,14,2,0.2197
0,879,1,0,2113.0,1727,346,6602.2397
0,881,2,1,49.5,368,4,0.2197
0,882,1,0,2368.0,1472,295,6320.37846
0,883,1,2,1494.0,1356,194,4734.4397
0,884,3,1,317.5,100,4,0.2197
0,885,1,0,2031.0,1809,348,6841.8397
0,886,1,0,2210.0,1630,249,6010.2197
0,887,1,0,2113.0,1727,346,6602.2397
0,888,1,0,2265.0,1575,295,6712.3657
0,889,1,1,403.5,14,2,0.2197
0,890,1,2,1795.0,1055,194,3671.0067
0,891,1,2,1620.0,1230,245,3642.1397
0,892,1,0,2212.0,1628,247,6010.2197
0,893,1,0,2210.0,1630,249,6010.2197
0,894,1,1,403.5,14,2,0.2197
0,895,1,1,403.5,14,2,0.2197
0,896,1,2,1883.0,967,194,3360.1027
0,897,1,1,396.5,21,2,0.37349
0,898,1,1,403.5,14,2,0.2197
0,899,1,0,2359.0,1481,297,6351.9997
0,900,3,0,2212.0,1628,247,6010.2197
0,901,1,2,1620.0,1230,245,3642.1397
0,902,1,1,403.5,14,2,0.2197
0,903,3,2,1725.0,1125,194,3918.3167
0,904,1,2,1618.0,1232,247,3642.1397
0,905,1,0,2341.0,1499,293,6450.9237
0,906,1,0,2207.0,1633,249,6010.2197
0,907,1,1,403.5,14,2,0.2197
0,908,1,1,403.5,14,2,0.2197
0,909,1,0,1959.0,1881,350,6602.2397
0,910,1,0,1983.0,1857,350,6602.2397
0,911,1,1,403.5,14,2,0.2197
0,912,1,0,2062.0,1778,350,6620.1797
0,913,1,1,347.5,70,4,0.2197
0,914,1,0,2270.0,1570,297,6351.9997
0,915,1,2,1302.0,1548,249,3642.1397
0,916,1,1,403.5,14,2,0.2197
0,917,1,0,2135.0,1705,293,7477.2557
0,918,1,0,2210.0,1630,249,6010.2197
0,919,1,1,403.5,14,2,0.2197
0,920,1,1,396.5,21,2,0.37349
0,921,1,2,1698.0,1152,194,4013.7077
0,922,1,2,1618.0,1232,247,3642.1397
0,923,1,1,395.5,22,4,0.2197
0,924,1,1,403.5,14,2,0.2197
0,925,1,2,1671.0,1179,194,4109.0987
0,926,1,2,1618.0,1232,247,3642.1397
0,927,1,0,1982.0,1858,346,6988.63864
0,928,1,2,1307.0,1543,247,4573.5847
0,929,1,0,1886.0,1954,348,7276.1147
0,930,1,1,280.5,137,4,0.2197
0,931,1,2,1759.0,1091,194,3798.1947
0,932,1,1,403.5,14,2,0.2197
0,933,1,1,403.5,14,2,0.2197
0,934,1,2,1813.0,1037,196,3600.3467
0,935,1,2,1620.0,1230,245,3642.1397
0,936,1,1,403.5,14,2,0.2197
0,937,1,1,403.5,14,2,0.2197
0,938,1,1,403.5,14,2,0.2197
0,939,3,2,1618.0,1232,247,3642.1397
0,940,1,2,1618.0,1232,247,3642.1397
0,941,1,2,1691.0,1159,194,4038.4387
0,942,1,1,403.5,14,2,0.2197
0,943,1,1,403.5,14,2,0.2197
0,944,1,2,1883.0,967,194,3360.1027
0,945,1,0,2170.0,1670,293,7055.0667
0,946,1,1,403.5,14,2,0.2197
0,947,1,1,403.5,14,2,0.2197
0,948,1,1,403.5,14,2,0.2197
0,949,3,1,403.5,14,2,0.2197
0,950,1,0,2172.0,1668,293,7048.0007
0,951,1,1,403.5,14,2,0.2197
0,952,1,1,403.5,14,2,0.2197
0,953,1,1,403.5,14,2,0.2197
0,954,3,2,1791.0,1059,194,3685.1387
0,955,1,2,1620.0,1230,245,3642.1397
0,956,1,2,1620.0,1230,245,3642.1397
0,957,1,2,1620.0,1230,245,3642.1397
0,958,1,1,403.5,14,2,0.2197
0,959,1,1,403.5,14,2,0.2197
0,960,1,1,403.5,14,2,0.2197
0,961,1,2,1883.0,967,194,3360.1027
0,962,1,2,1883.0,967,194,3360.1027
0,963,1,2,1620.0,1230,245,3642.1397
0,964,1,1,403.5,14,2,0.2197
0,965,1,2,1613.0,1237,247,3642.24955
0,966,1,2,1613.0,1237,245,3642.29349
0,967,1,0,2101.0,1739,350,6602.2397
0,968,1,2,1608.0,1242,249,3642.1397
0,969,1,2,1833.0,1017,196,3451.9607
0,970,1,1,403.5,14,2,0.2197
0,971,1,2,1719.0,1131,196,3398.9657
0,972,1,1,403.5,14,2,0.2197
0,973,1,2,1615.0,1235,247,3642.20561
0,974,1,1,403.5,14,2,0.2197
0,975,1,2,1618.0,1232,247,3642.1397
0,976,1,0,2104.0,1736,348,6602.39349
0,977,1,0,2234.0,1606,295,6821.8887
0,978,1,2,1620.0,1230,245,3642.1397
0,979,1,2,1618.0,1232,247,3642.1397
0,980,1,2,1618.0,1232,247,3642.1397
0,981,1,2,1734.0,1116,194,3886.5197
0,982,1,2,1616.0,1234,249,3642.1397
0,983,1,1,403.5,14,2,0.2197
0,984,3,1,403.5,14,2,0.2197
0,985,1,1,403.5,14,2,0.2197
0,986,1,0,2212.0,1628,247,6010.2197
0,987,1,0,2378.0,1462,293,6320.2027
0,988,1,2,1883.0,967,194,3360.1027
0,989,1,1,403.5,14,2,0.2197
0,990,1,2,1620.0,1230,245,3642.1397
0,991,1,1,403.5,14,2,0.2197
0,992,1,2,1842.0,1008,194,3504.9557
0,993,1,0,2272.0,1568,293,6694.7007
0,994,1,0,2212.0,1628,247,6010.2197
0,995,3,2,1686.0,1164,194,4056.1037
0,996,1,2,1620.0,1230,245,3642.1397
0,997,1,1,403.5,14,2,0.2197
0,998,1,1,403.5,14,2,0.2197
0,999,1,0,2378.0,1462,293,6320.2027
1,78,1,1,-151.5,569,2,6320.2027
1,80,1,1,-3.5,421,2,6320.2027
1,94,1,1,-579.5,997,2,6320.2027
1,96,1,1,-507.5,925,2,6320.2027
1,99,1,1,-275.5,693,2,6320.2027
1,101,1,1,-70.5,488,2,6320.2027
1,285,1,1,-101.5,519,2,6320.2027
1,308,1,1,-401.5,819,2,6320.2027
1,313,1,1,-191.5,609,2,6320.2027
1,316,1,1,-0.5,418,2,6320.2027
1,345,1,1,-766.5,1184,2,6320.2027
1,347,1,1,-669.5,1087,2,6320.2027
1,348,1,1,-494.5,912,2,6320.2027
1,350,1,1,-398.5,816,2,6320.2027
1,544,1,2,-173.0,3023,194,6320.2027
1,552,1,2,-517.0,3367,194,6320.2027
1,554,1,2,-237.0,3087,247,6320.2027
1,555,1,1,-1640.5,2058,2,6320.2027
1,556,1,1,-1623.5,2041,2,6320.2027
1,557,1,2,-20.0,2870,247,6320.2027
1,558,1,1,-1485.5,1903,2,6320.2027
1,561,1,1,-1240.5,1658,2,6320.2027
1,563,1,1,-1065.5,1483,2,6320.2027
1,572,1,1,-1190.5,1608,2,6320.2027
1,578,1,1,-164.5,582,2,6320.2027
1,585,1,1,-1262.5,1680,2,6320.2027
1,586,1,1,-1176.5,1594,2,6320.2027
1,596,1,1,-177.5,595,2,6320.2027
1,597,1,1,-112.5,530,2,6320.2027
1,880,1,1,-76.5,494,2,6320.2027
Time: 64032, 76630, 615170, 91866
