CONFIGURATION:
{u'simulation': {u'stdev_factor': 0.01, u'power_mgmt_enabled': False, u'tasks': {u'loc': {u'mean_service_time': {u'gpu': 90, u'cpu_core': 200, u'loc_accel': 10}, u'priority': 1, u'deadline': 1000, u'stdev_service_time': {u'gpu': 0.9, u'cpu_core': 2.0, u'loc_accel': 0.1}, u'power': {u'gpu': 4.457, u'cpu_core': 6.133, u'loc_accel': 0.02197}}, u'detect': {u'mean_service_time': {u'gpu': 0.4607, u'cpu_core': 3.654, u'det_accel': 0.278}, u'priority': 2, u'deadline': 1000, u'stdev_service_time': {u'gpu': 0.004607, u'cpu_core': 0.03654, u'det_accel': 0.0027800000000000004}, u'power': {u'gpu': 90, u'cpu_core': 200, u'det_accel': 10}}, u'Frontier': {u'mean_service_time': {u'cpu_core': 396}, u'priority': 9, u'deadline': 1000, u'stdev_service_time': {u'cpu_core': 3.96}, u'power': {u'cpu_core': 5.98}}, u'track': {u'mean_service_time': {u'gpu': 17, u'tra_accel': 2, u'cpu_core': 1820}, u'priority': 3, u'deadline': 1000, u'stdev_service_time': {u'gpu': 0.17, u'tra_accel': 0.02, u'cpu_core': 18.2}, u'power': {u'gpu': 12.79, u'tra_accel': 0.59, u'cpu_core': 5.6}}, u'sp': {u'mean_service_time': {u'gpu': 379, u'cpu_core': 1004}, u'priority': 11, u'deadline': 1000, u'stdev_service_time': {u'gpu': 3.79, u'cpu_core': 10.040000000000001}, u'power': {u'gpu': 3.302, u'cpu_core': 1004}}, u'mission': {u'mean_service_time': {u'cpu_core': 0.0022}, u'priority': 5, u'deadline': 1000, u'stdev_service_time': {u'cpu_core': 2.2000000000000003e-05}, u'power': {u'cpu_core': 3.534}}, u'motion': {u'mean_service_time': {u'cpu_core': 8}, u'priority': 6, u'deadline': 1000, u'stdev_service_time': {u'cpu_core': 0.08}, u'power': {u'cpu_core': 4.222}}, u'collision': {u'mean_service_time': {u'cpu_core': 8}, u'priority': 7, u'deadline': 1000, u'stdev_service_time': {u'cpu_core': 0.08}, u'power': {u'cpu_core': 0}}, u'fusion': {u'mean_service_time': {u'cpu_core': 1}, u'priority': 4, u'deadline': 1000, u'stdev_service_time': {u'cpu_core': 0.01}, u'power': {u'cpu_core': 0}}, u'map': {u'mean_service_time': {u'gpu': 761, u'cpu_core': 973}, u'priority': 10, u'deadline': 1000, u'stdev_service_time': {u'gpu': 7.61, u'cpu_core': 9.73}, u'power': {u'gpu': 3.533, u'cpu_core': 2.995}}, u'path': {u'mean_service_time': {u'cpu_core': 8}, u'priority': 8, u'deadline': 1000, u'stdev_service_time': {u'cpu_core': 0.08}, u'power': {u'cpu_core': 0}}}, u'sched_policy_module': u'policies.ms2_update2', u'drop': True, u'servers': {u'gpu': {u'count': 2}, u'tra_accel': {u'count': 1}, u'cpu_core': {u'count': 8}, u'loc_accel': {u'count': 1}, u'det_accel': {u'count': 1}}, u'max_tasks_simulated': 10000, u'max_queue_size': 1000000, u'mean_arrival_time': 50, u'arrival_time_scale': 2.9}, u'general': {u'random_seed': 0, u'pre_gen_arrivals': False, u'basename': u'policy:ms2_update2__stdev_factor:0.01', u'output_trace_file': None, u'working_dir': u'/home/hiwot/meta-stomp2/sim_16042020_194257_new_arrival_50_map_rheftmapping_50_trace_10', u'input_trace_file': (False, '../mv_mapping_50_trace_10.trc'), u'logging_level': u'INFO'}}

/home/hiwot/meta-stomp2/sim_16042020_194257_new_arrival_50_map_rheftmapping_50_trace_10/../mv_mapping_50_trace_10.trc

Running STOMP simulation...
Dropped,DAG ID,DAG Priority,DAG Type,Slack,Response Time,No-Affinity Time,Energy
0,0,1,1,470.3,14,2,0.2197
0,1,1,0,2992.4,1462,293,6320.2027
0,2,1,0,2990.4,1464,295,6320.2027
0,3,1,1,470.3,14,2,0.2197
0,4,1,0,2826.4,1628,247,6010.2197
0,5,1,1,470.3,14,2,0.2197
0,6,1,1,470.3,14,2,0.2197
0,7,1,1,470.3,14,2,0.2197
0,8,1,1,470.3,14,2,0.2197
0,9,1,1,470.3,14,2,0.2197
0,10,1,0,2992.4,1462,293,6320.2027
0,11,1,2,2339.0,967,194,3360.1027
0,12,1,1,470.3,14,2,0.2197
0,13,1,2,2074.0,1232,247,3642.1397
0,14,1,0,2727.4,1727,346,6602.2397
0,15,1,2,2074.0,1232,247,3642.1397
0,16,1,1,470.3,14,2,0.2197
0,17,1,1,470.3,14,2,0.2197
0,18,1,2,2339.0,967,194,3360.1027
0,19,1,2,2339.0,967,194,3360.1027
0,20,1,2,2074.0,1232,247,3642.1397
0,21,1,0,2727.4,1727,346,6602.2397
0,22,1,2,2074.0,1232,247,3642.1397
0,23,1,0,2961.4,1493,295,6422.6597
0,24,1,1,470.3,14,2,0.2197
0,25,1,2,2339.0,967,194,3360.1027
0,26,1,2,2076.0,1230,245,3642.1397
0,27,1,2,2313.0,993,194,3451.9607
0,28,1,1,470.3,14,2,0.2197
0,29,1,0,2903.4,1551,293,6634.6397
0,30,1,1,470.3,14,2,0.2197
0,31,1,0,2826.4,1628,247,6010.2197
0,32,1,0,2811.4,1643,295,6952.6097
0,33,1,1,470.3,14,2,0.2197
0,34,1,0,2727.4,1727,346,6602.2397
0,35,3,2,2074.0,1232,247,3642.1397
0,36,1,0,2824.4,1630,249,6010.2197
0,37,1,1,470.3,14,2,0.2197
0,38,1,0,2990.4,1464,295,6320.2027
0,39,1,1,470.3,14,2,0.2197
0,40,3,0,2992.4,1462,293,6320.2027
0,41,1,1,470.3,14,2,0.2197
0,42,1,2,2166.0,1140,194,3971.3117
0,43,1,0,2826.4,1628,247,6010.2197
0,44,1,0,2824.4,1630,249,6010.2197
0,45,3,1,470.3,14,2,0.2197
0,46,1,2,2076.0,1230,245,3642.1397
0,47,1,2,2339.0,967,194,3360.1027
0,48,1,2,1948.0,1358,245,4025.4997
0,49,3,0,2915.4,1539,293,6592.2437
0,50,1,0,2725.4,1729,346,6602.28364
0,51,1,1,470.3,14,2,0.2197
0,52,1,0,2826.4,1628,247,6010.2197
0,53,1,0,2725.4,1729,348,6602.2397
0,54,1,1,470.3,14,2,0.2197
0,55,1,1,470.3,14,2,0.2197
0,56,1,2,2339.0,967,194,3360.1027
0,57,1,0,2675.4,1779,346,6757.9797
0,58,1,2,2314.0,992,194,3448.4277
0,59,1,1,470.3,14,2,0.2197
0,60,1,1,468.3,16,4,0.2197
0,61,1,1,468.3,16,2,0.26364
0,62,1,1,470.3,14,2,0.2197
0,63,3,2,2339.0,967,194,3360.1027
0,64,3,2,2339.0,967,194,3360.1027
0,65,1,0,2469.4,1985,251,6010.2197
0,66,1,0,2685.4,1769,251,6010.2197
0,67,1,0,2723.4,1731,295,7231.7167
0,68,1,2,2205.0,1101,194,3833.5247
0,69,1,0,2711.4,1743,346,6697.9197
0,70,1,0,2715.4,1739,346,6662.08364
0,71,1,2,2013.0,1293,249,3642.1397
0,72,1,0,2824.4,1630,249,6010.2197
0,73,1,2,2076.0,1230,245,3642.1397
0,74,1,2,2188.0,1118,194,3893.5857
0,75,1,0,2917.4,1537,293,6585.1777
0,76,1,2,2056.0,1250,245,3702.0397
0,77,1,0,2376.4,2078,346,7653.4847
0,78,1,1,252.3,232,4,0.2197
0,79,1,2,2022.0,1284,247,3797.8797
0,80,1,1,431.3,53,4,0.2197
0,81,1,1,423.3,61,4,0.2197
0,82,1,0,2727.4,1727,346,6602.2397
0,83,1,0,2990.4,1464,295,6320.2027
0,84,1,1,470.3,14,2,0.2197
0,85,1,2,2339.0,967,194,3360.1027
0,86,1,2,2066.0,1240,249,3642.1397
0,87,1,0,2826.4,1628,247,6010.2197
0,88,1,2,2238.0,1068,194,3716.9357
0,89,1,2,2074.0,1232,247,3642.1397
0,90,1,2,2208.0,1098,194,3822.9257
0,91,1,0,2727.4,1727,346,6602.2397
0,92,1,1,466.3,18,2,0.30758
0,93,1,2,2074.0,1232,247,3642.1397
0,94,1,1,470.3,14,2,0.2197
0,95,1,0,2822.4,1632,247,6010.30758
0,96,1,1,470.3,14,2,0.2197
0,97,3,0,2727.4,1727,346,6602.2397
0,98,1,2,2074.0,1232,247,3642.1397
0,99,1,1,425.3,59,4,0.2197
0,100,1,0,2990.4,1464,295,6320.2027
0,101,1,1,460.3,24,2,0.4394
0,102,1,0,2954.4,1500,293,6454.4567
0,103,1,1,470.3,14,2,0.2197
0,104,1,1,470.3,14,2,0.2197
0,105,1,0,2826.4,1628,247,6010.2197
0,106,1,0,2727.4,1727,346,6602.2397
0,107,1,2,2243.0,1063,194,3699.2707
0,108,1,0,2920.4,1534,293,6574.5787
0,109,1,1,470.3,14,2,0.2197
0,110,1,1,470.3,14,2,0.2197
0,111,1,1,470.3,14,2,0.2197
0,112,1,1,470.3,14,2,0.2197
0,113,1,0,2727.4,1727,346,6602.2397
0,114,1,0,2990.4,1464,295,6320.2027
0,115,3,2,2339.0,967,194,3360.1027
0,116,1,1,470.3,14,2,0.2197
0,117,1,1,470.3,14,2,0.2197
0,118,1,2,2226.0,1080,194,3759.3317
0,119,1,2,2076.0,1230,245,3642.1397
0,120,1,1,470.3,14,2,0.2197
0,121,1,0,2727.4,1727,346,6602.2397
0,122,1,0,2725.4,1729,348,6602.2397
0,123,3,1,470.3,14,2,0.2197
0,124,3,2,2339.0,967,194,3360.1027
0,125,1,1,470.3,14,2,0.2197
0,126,1,2,2206.0,1100,194,3829.9917
0,127,1,0,2826.4,1628,247,6010.2197
0,128,1,1,470.3,14,2,0.2197
0,129,1,2,2076.0,1230,245,3642.1397
0,130,1,2,2307.0,999,194,3473.1587
0,131,1,2,2074.0,1232,247,3642.1397
0,132,1,1,470.3,14,2,0.2197
0,133,1,2,2339.0,967,194,3360.1027
0,134,1,1,470.3,14,2,0.2197
0,135,1,2,2075.0,1231,245,3642.16167
0,136,1,1,470.3,14,2,0.2197
0,137,1,0,2992.4,1462,293,6320.2027
0,138,1,0,2647.4,1807,249,6537.36167
0,139,1,1,470.3,14,2,0.2197
0,140,1,0,2826.4,1628,247,6010.2197
0,141,1,2,2333.0,973,194,3381.3007
0,142,1,2,2076.0,1230,245,3642.1397
0,143,1,2,2074.0,1232,247,3642.1397
0,144,1,1,470.3,14,2,0.2197
0,145,3,1,470.3,14,2,0.2197
0,146,1,0,2935.4,1519,293,6521.5837
0,147,3,0,2835.4,1619,293,6874.8837
0,148,1,1,470.3,14,2,0.2197
0,149,1,2,2074.0,1232,247,3642.1397
0,150,3,2,2074.0,1232,247,3642.1397
0,151,1,0,2848.4,1606,293,6828.9547
0,152,1,0,2802.4,1652,247,6082.0997
0,153,1,2,2299.0,1007,194,3501.4227
0,154,1,1,470.3,14,2,0.2197
0,155,1,1,470.3,14,2,0.2197
0,156,1,0,2826.4,1628,247,6010.2197
0,157,1,1,470.3,14,2,0.2197
0,158,1,1,470.3,14,2,0.2197
0,159,1,1,470.3,14,2,0.2197
0,160,1,2,2339.0,967,194,3360.1027
0,161,1,1,470.3,14,2,0.2197
0,162,1,2,2339.0,967,194,3360.1027
0,163,1,2,2076.0,1230,245,3642.1397
0,164,1,0,2712.4,1742,346,6647.1647
0,165,3,2,2162.0,1144,194,3985.4437
0,166,1,1,470.3,14,2,0.2197
0,167,1,0,2725.4,1729,348,6602.2397
0,168,1,1,470.3,14,2,0.2197
0,169,1,0,2992.4,1462,293,6320.2027
0,170,1,1,470.3,14,2,0.2197
0,171,1,1,470.3,14,2,0.2197
0,172,1,1,470.3,14,2,0.2197
0,173,1,2,2338.0,968,194,3360.12467
0,174,1,1,470.3,14,2,0.2197
0,175,1,0,2914.4,1540,293,6595.7767
0,176,1,1,470.3,14,2,0.2197
0,177,1,0,2826.4,1628,247,6010.2197
0,178,1,1,470.3,14,2,0.2197
0,179,1,1,470.3,14,2,0.2197
0,180,1,0,2992.4,1462,293,6320.2027
0,181,1,1,469.3,15,2,0.24167
0,182,1,1,470.3,14,2,0.2197
0,183,1,0,2990.4,1464,295,6320.2027
0,184,1,1,463.3,21,2,0.37349
0,185,1,2,2072.0,1234,247,3642.18364
0,186,1,2,2076.0,1230,245,3642.1397
0,187,3,1,470.3,14,2,0.2197
0,188,1,2,2183.0,1123,194,3911.2507
0,189,1,1,470.3,14,2,0.2197
0,190,1,2,2074.0,1232,247,3642.1397
0,191,1,1,470.3,14,2,0.2197
0,192,1,1,470.3,14,2,0.2197
0,193,1,1,470.3,14,2,0.2197
0,194,1,1,470.3,14,2,0.2197
0,195,1,0,2992.4,1462,293,6320.2027
0,196,1,2,2339.0,967,194,3360.1027
0,197,1,0,2826.4,1628,247,6010.2197
0,198,1,0,2826.4,1628,247,6010.2197
0,199,1,2,2148.0,1158,194,4034.9057
0,200,3,0,2856.4,1598,293,6783.13555
0,201,1,2,2074.0,1232,247,3642.1397
0,202,1,1,470.3,14,2,0.2197
0,203,1,0,2977.4,1477,293,6375.6447
0,204,1,0,2990.4,1464,295,6320.2027
0,205,1,0,2719.4,1735,247,6330.6847
0,206,1,2,2334.0,972,194,3377.7677
0,207,1,1,470.3,14,2,0.2197
0,208,1,2,2074.0,1232,247,3642.1397
0,209,1,0,2725.4,1729,348,6602.2397
0,210,1,0,2718.4,1736,348,6602.39349
0,211,1,1,470.3,14,2,0.2197
0,212,1,0,2978.4,1476,295,6362.5987
0,213,1,1,470.3,14,2,0.2197
0,214,1,0,2985.4,1469,293,6344.9337
0,215,1,1,470.3,14,2,0.2197
0,216,1,0,2992.4,1462,293,6320.2027
0,217,1,0,2990.4,1464,295,6320.2027
0,218,1,0,2826.4,1628,247,6010.2197
0,219,1,1,470.3,14,2,0.2197
0,220,1,1,470.3,14,2,0.2197
0,221,1,1,470.3,14,2,0.2197
0,222,1,0,2992.4,1462,293,6320.2027
0,223,3,1,470.3,14,2,0.2197
0,224,1,1,460.3,24,2,0.4394
0,225,1,0,2990.4,1464,295,6320.2027
0,226,1,1,470.3,14,2,0.2197
0,227,1,2,2074.0,1232,247,3642.1397
0,228,1,1,470.3,14,2,0.2197
0,229,1,2,2339.0,967,194,3360.1027
0,230,1,0,2992.4,1462,293,6320.2027
0,231,1,0,2826.4,1628,247,6010.2197
0,232,1,1,470.3,14,2,0.2197
0,233,1,0,2854.4,1600,295,6800.6907
0,234,1,1,470.3,14,2,0.2197
0,235,1,2,2339.0,967,194,3360.1027
0,236,1,0,2992.4,1462,293,6320.2027
0,237,1,1,470.3,14,2,0.2197
0,238,1,1,470.3,14,2,0.2197
0,239,1,2,2076.0,1230,245,3642.1397
0,240,1,0,2727.4,1727,346,6602.2397
0,241,1,0,2725.4,1729,348,6602.2397
0,242,3,2,2339.0,967,194,3360.1027
0,243,1,0,2906.4,1548,295,6616.9747
0,244,1,1,470.3,14,2,0.2197
0,245,1,1,470.3,14,2,0.2197
0,246,1,1,470.3,14,2,0.2197
0,247,1,0,2826.4,1628,247,6010.2197
0,248,3,0,2851.4,1603,293,6818.3557
0,249,1,2,2183.0,1123,194,3911.2507
0,250,1,1,470.3,14,2,0.2197
0,251,1,0,2824.4,1630,249,6010.2197
0,252,3,0,2826.4,1628,247,6010.2197
0,253,1,2,2076.0,1230,245,3642.1397
0,254,1,1,470.3,14,2,0.2197
0,255,1,0,2717.4,1737,346,6632.1897
0,256,1,2,2221.0,1085,194,3752.41949
0,257,1,1,470.3,14,2,0.2197
0,258,1,1,470.3,14,2,0.2197
0,259,1,0,2992.4,1462,293,6320.2027
0,260,1,1,466.3,18,2,0.30758
0,261,1,0,2725.4,1729,348,6602.2397
0,262,1,1,470.3,14,2,0.2197
0,263,1,2,2074.0,1232,247,3642.1397
0,264,1,1,470.3,14,2,0.2197
0,265,1,1,470.3,14,2,0.2197
0,266,1,1,470.3,14,2,0.2197
0,267,1,2,2339.0,967,194,3360.1027
0,268,1,0,2868.4,1586,293,6758.2947
0,269,1,0,2722.4,1732,348,6620.1797
0,270,1,2,2032.0,1274,249,3642.1397
0,271,1,2,2064.0,1242,249,3642.1397
0,272,1,1,470.3,14,2,0.2197
0,273,1,1,470.3,14,2,0.2197
0,274,1,1,470.3,14,2,0.2197
0,275,1,0,2667.4,1787,350,6602.28364
0,276,1,0,2975.4,1479,295,6362.5987
0,277,1,0,2572.4,1882,346,7096.3147
0,278,1,2,2314.0,992,194,3448.4277
0,279,1,2,2074.0,1232,247,3642.1397
0,280,1,0,2725.4,1729,348,6602.2397
0,281,1,1,227.3,257,4,0.2197
0,282,3,2,1988.0,1318,245,3905.6997
0,283,3,0,2877.4,1577,295,6719.4317
0,284,1,0,2819.4,1635,293,6931.4117
0,285,1,1,470.3,14,2,0.2197
0,286,3,1,470.3,14,2,0.2197
0,287,1,0,2727.4,1727,346,6602.2397
0,288,1,2,2074.0,1232,247,3642.1397
0,289,1,1,377.3,107,4,0.2197
0,290,1,2,2063.0,1243,245,3681.0747
0,291,1,0,2722.4,1732,348,6602.2397
0,292,1,0,2811.4,1643,295,6942.0107
0,293,1,0,2824.4,1630,249,6010.2197
0,294,3,2,2230.0,1076,194,3745.1997
0,295,1,1,470.3,14,2,0.2197
0,296,1,1,470.3,14,2,0.2197
0,297,3,0,2826.4,1628,247,6010.2197
0,298,1,1,470.3,14,2,0.2197
0,299,3,1,470.3,14,2,0.2197
0,300,1,1,469.3,15,2,0.24167
0,301,1,1,470.3,14,2,0.2197
0,302,1,0,2815.4,1639,247,6040.19167
0,303,1,2,2004.0,1302,245,3833.99546
0,304,3,2,2232.0,1074,194,3738.1337
0,305,1,2,2314.0,992,194,3448.4277
0,306,1,2,2074.0,1232,247,3642.1397
0,307,1,0,2727.4,1727,346,6602.2397
0,308,1,1,402.3,82,4,0.2197
0,309,1,2,2076.0,1230,245,3642.1397
0,310,1,2,2137.0,1169,194,4073.7687
0,311,1,2,2074.0,1232,247,3642.1397
0,312,1,2,2248.0,1058,194,3681.6057
0,313,1,1,470.3,14,2,0.2197
0,314,1,0,2727.4,1727,346,6602.2397
0,315,1,0,2725.4,1729,348,6602.2397
0,316,1,1,469.3,15,2,0.24167
0,317,1,2,2074.0,1232,247,3642.1397
0,318,3,1,470.3,14,2,0.2197
0,319,1,1,470.3,14,2,0.2197
0,320,1,1,470.3,14,2,0.2197
0,321,1,2,2339.0,967,194,3360.1027
0,322,1,1,470.3,14,2,0.2197
0,323,1,0,2992.4,1462,293,6320.2027
0,324,1,1,470.3,14,2,0.2197
0,325,1,1,470.3,14,2,0.2197
0,326,1,2,2074.0,1232,247,3642.1397
0,327,1,0,2727.4,1727,346,6602.2397
0,328,1,1,470.3,14,2,0.2197
0,329,1,0,2964.4,1490,295,6412.0607
0,330,1,2,2339.0,967,194,3360.1027
0,331,1,1,470.3,14,2,0.2197
0,332,3,2,2076.0,1230,245,3642.1397
0,333,3,0,2713.4,1741,348,6602.2397
0,334,1,2,2074.0,1232,247,3642.1397
0,335,1,2,2076.0,1230,245,3642.1397
0,336,1,1,470.3,14,2,0.2197
0,337,1,0,2459.4,1995,297,6790.0917
0,338,1,0,2992.4,1462,293,6320.2027
0,339,1,0,2713.4,1741,350,6662.0397
0,340,1,0,2722.4,1732,348,6620.1797
0,341,1,2,2074.0,1232,247,3642.1397
0,342,1,2,2072.0,1234,249,3642.1397
0,343,1,2,2189.0,1117,194,3890.0527
0,344,1,2,2076.0,1230,245,3642.1397
0,345,1,1,470.3,14,2,0.2197
0,346,1,2,2074.0,1232,247,3642.1397
0,347,1,1,212.3,272,4,0.39546
0,348,1,1,421.3,63,4,0.2197
0,349,1,2,2339.0,967,194,3360.1027
0,350,1,1,93.3,391,4,0.30758
0,351,1,2,2024.0,1282,247,3791.8897
0,352,1,1,470.3,14,2,0.2197
0,353,1,2,2332.0,974,194,3360.25649
0,354,3,0,2826.4,1628,247,6010.2197
0,355,1,0,2990.4,1464,295,6320.2027
0,356,1,2,2076.0,1230,245,3642.1397
0,357,1,0,2727.4,1727,346,6602.2397
0,358,3,0,2925.4,1529,295,6549.8477
0,359,1,0,2623.4,1831,348,6907.7297
0,360,1,0,2727.4,1727,346,6602.2397
0,361,1,2,2252.0,1054,194,3667.4737
0,362,1,1,470.3,14,2,0.2197
0,363,1,0,2978.4,1476,295,6362.5987
0,364,1,2,2074.0,1232,247,3642.1397
0,365,1,2,2177.0,1129,194,3932.4487
0,366,1,0,2727.4,1727,346,6602.2397
0,367,1,1,470.3,14,2,0.2197
0,368,1,2,2074.0,1232,247,3642.1397
0,369,1,0,2681.4,1773,346,6740.0097
0,370,1,2,2234.0,1072,194,3731.0677
0,371,1,1,470.3,14,2,0.2197
0,372,1,2,2339.0,967,194,3360.1027
0,373,1,1,470.3,14,2,0.2197
0,374,1,2,2339.0,967,194,3360.1027
0,375,3,0,2826.4,1628,247,6010.2197
0,376,3,0,2824.4,1630,249,6010.2197
0,377,1,0,2990.4,1464,295,6320.2027
0,378,1,2,2076.0,1230,245,3642.1397
0,379,1,0,2727.4,1727,346,6602.2397
0,380,1,0,2725.4,1729,348,6602.2397
0,381,1,1,470.3,14,2,0.2197
0,382,1,1,470.3,14,2,0.2197
0,383,1,0,2989.4,1465,295,6320.22467
0,384,1,0,2992.4,1462,293,6320.2027
0,385,1,2,2339.0,967,194,3360.1027
0,386,3,2,2074.0,1232,247,3642.1397
0,387,1,2,2339.0,967,194,3360.1027
0,388,1,0,2824.4,1630,247,6010.26364
0,389,1,1,470.3,14,2,0.2197
0,390,1,1,470.3,14,2,0.2197
0,391,1,2,2339.0,967,194,3360.1027
0,392,1,0,2826.4,1628,247,6010.2197
0,393,1,2,2281.0,1025,194,3565.0167
0,394,1,1,470.3,14,2,0.2197
0,395,1,2,2074.0,1232,247,3642.1397
0,396,1,0,2992.4,1462,293,6320.2027
0,397,1,2,2339.0,967,194,3360.1027
0,398,1,1,470.3,14,2,0.2197
0,399,3,1,470.3,14,2,0.2197
0,400,1,2,2339.0,967,194,3360.1027
0,401,1,0,2816.4,1638,247,6010.4394
0,402,3,1,470.3,14,2,0.2197
0,403,1,2,2339.0,967,194,3360.1027
0,404,3,2,2163.0,1143,194,3967.86658
0,405,1,1,470.3,14,2,0.2197
0,406,1,0,2826.4,1628,247,6010.2197
0,407,1,1,470.3,14,2,0.2197
0,408,1,0,2826.4,1628,247,6010.2197
0,409,1,1,470.3,14,2,0.2197
0,410,1,1,470.3,14,2,0.2197
0,411,1,0,2990.4,1464,295,6320.2027
0,412,1,0,2992.4,1462,293,6320.2027
0,413,1,0,2826.4,1628,247,6010.2197
0,414,1,0,2725.4,1729,348,6602.2397
0,415,1,0,2824.4,1630,249,6010.2197
0,416,3,0,2824.4,1630,249,6010.2197
0,417,1,1,470.3,14,2,0.2197
0,418,1,0,2836.4,1618,295,6864.2847
0,419,1,0,2826.4,1628,247,6010.2197
0,420,1,0,2949.4,1505,295,6465.0557
0,421,1,0,2727.4,1727,346,6602.2397
0,422,1,0,2725.4,1729,348,6602.2397
0,423,1,2,2339.0,967,194,3360.1027
0,424,1,2,2339.0,967,194,3360.1027
0,425,1,1,470.3,14,2,0.2197
0,426,1,1,468.3,16,4,0.2197
0,427,1,0,2684.4,1770,346,6731.0247
0,428,1,1,470.3,14,2,0.2197
0,429,1,2,2264.0,1042,194,3625.0777
0,430,1,0,2725.4,1729,348,6602.2397
0,431,1,2,2074.0,1232,247,3642.1397
0,432,1,2,2074.0,1232,247,3642.1397
0,433,3,2,2339.0,967,194,3360.1027
0,434,1,1,470.3,14,2,0.2197
0,435,1,1,470.3,14,2,0.2197
0,436,3,2,2261.0,1045,194,3635.6767
0,437,1,0,2826.4,1628,247,6010.2197
0,438,1,1,470.3,14,2,0.2197
0,439,1,2,2131.0,1175,194,4094.9667
0,440,1,2,2074.0,1232,247,3642.1397
0,441,1,1,470.3,14,2,0.2197
0,442,3,0,2992.4,1462,293,6320.2027
0,443,1,1,470.3,14,2,0.2197
0,444,1,0,2811.4,1643,247,6055.1447
0,445,1,2,2143.0,1163,194,4052.5707
0,446,1,1,470.3,14,2,0.2197
0,447,1,2,2076.0,1230,245,3642.1397
0,448,1,1,470.3,14,2,0.2197
0,449,1,1,470.3,14,2,0.2197
0,450,1,2,2238.0,1068,194,3716.9357
0,451,1,2,2074.0,1232,247,3642.1397
0,452,1,1,470.3,14,2,0.2197
0,453,1,2,2256.0,1050,194,3653.3417
0,454,1,0,2727.4,1727,346,6602.2397
0,455,1,2,2076.0,1230,245,3642.1397
0,456,1,1,470.3,14,2,0.2197
0,457,1,0,2992.4,1462,293,6320.2027
0,458,1,2,2152.0,1154,194,4020.7737
0,459,1,1,470.3,14,2,0.2197
0,460,1,1,470.3,14,2,0.2197
0,461,1,0,2826.4,1628,247,6010.2197
0,462,1,1,470.3,14,2,0.2197
0,463,1,0,2860.4,1594,295,6779.4927
0,464,1,0,2909.4,1545,293,6613.4417
0,465,1,1,470.3,14,2,0.2197
0,466,1,0,2826.4,1628,247,6010.2197
0,467,1,0,2725.4,1729,348,6602.2397
0,468,1,1,469.3,15,2,0.24167
0,469,1,0,2826.4,1628,247,6010.2197
0,470,1,1,470.3,14,2,0.2197
0,471,1,2,2157.0,1149,194,3943.42119
0,472,1,1,468.3,16,2,0.26364
0,473,1,2,2074.0,1232,247,3642.1397
0,474,1,2,2306.0,1000,194,3476.6917
0,475,3,2,2074.0,1232,247,3642.1397
0,476,1,0,2727.4,1727,346,6602.2397
0,477,1,1,470.3,14,2,0.2197
0,478,1,1,470.3,14,2,0.2197
0,479,3,2,2339.0,967,194,3360.1027
0,480,1,2,2339.0,967,194,3360.1027
0,481,1,1,470.3,14,2,0.2197
0,482,1,1,470.3,14,2,0.2197
0,483,1,0,2810.4,1644,249,6010.52728
0,484,1,2,2148.0,1158,194,4031.39467
0,485,1,0,2824.4,1630,249,6010.2197
0,486,1,2,2076.0,1230,245,3642.1397
0,487,1,1,470.3,14,2,0.2197
0,488,1,0,2990.4,1464,295,6320.2027
0,489,1,1,470.3,14,2,0.2197
0,490,1,2,2064.0,1242,247,3642.3594
0,491,1,2,2060.0,1246,247,3642.44728
0,492,1,0,2727.4,1727,346,6602.2397
0,493,1,1,470.3,14,2,0.2197
0,494,1,2,2339.0,967,194,3360.1027
0,495,1,0,2992.4,1462,293,6320.2027
0,496,1,0,2727.4,1727,346,6602.2397
0,497,1,0,2725.4,1729,348,6602.2397
0,498,1,1,470.3,14,2,0.2197
0,499,1,0,2859.4,1595,295,6783.0257
0,500,1,0,2885.4,1569,295,6691.1677
0,501,3,2,2074.0,1232,247,3642.1397
0,502,1,2,2074.0,1232,247,3642.1397
0,503,1,1,470.3,14,2,0.2197
0,504,1,2,2074.0,1232,247,3642.1397
0,505,1,1,470.3,14,2,0.2197
0,506,1,1,470.3,14,2,0.2197
0,507,1,2,2339.0,967,194,3360.1027
0,508,1,1,463.3,21,2,0.37349
0,509,1,0,2992.4,1462,293,6320.2027
0,510,1,1,470.3,14,2,0.2197
0,511,1,1,470.3,14,2,0.2197
0,512,1,1,470.3,14,2,0.2197
0,513,1,2,2316.0,990,194,3441.3617
0,514,1,1,468.3,16,4,0.2197
0,515,1,2,2339.0,967,194,3360.1027
0,516,3,1,470.3,14,2,0.2197
0,517,1,1,470.3,14,2,0.2197
0,518,1,1,470.3,14,2,0.2197
0,519,1,0,2824.4,1630,293,6913.7467
0,520,1,2,2339.0,967,194,3360.1027
0,521,1,0,2826.4,1628,247,6010.2197
0,522,1,2,2076.0,1230,245,3642.1397
0,523,1,2,2076.0,1230,245,3642.1397
0,524,1,2,2076.0,1230,245,3642.1397
0,525,1,2,2076.0,1230,245,3642.1397
0,526,1,1,470.3,14,2,0.2197
0,527,1,1,470.3,14,2,0.2197
0,528,1,2,2339.0,967,194,3360.1027
0,529,3,2,2339.0,967,194,3360.1027
0,530,1,2,2074.0,1232,247,3642.1397
0,531,3,1,470.3,14,2,0.2197
0,532,1,2,2072.0,1234,247,3642.18364
0,533,1,0,2826.4,1628,247,6010.2197
0,534,1,0,2847.4,1607,293,6832.4877
0,535,1,0,2859.4,1595,293,6790.0917
0,536,1,2,2076.0,1230,245,3642.1397
0,537,1,1,470.3,14,2,0.2197
0,538,1,0,2707.4,1747,350,6602.2397
0,539,1,0,2712.4,1742,350,6602.28364
0,540,1,0,2906.4,1548,297,6320.2027
0,541,1,0,2687.4,1767,295,8048.4227
0,542,1,0,2724.4,1730,346,6620.1797
0,543,1,1,470.3,14,2,0.2197
0,544,1,2,2062.0,1244,247,3642.1397
0,545,1,0,2633.4,1821,350,6853.8197
0,546,1,2,2176.0,1130,196,3759.3317
0,547,1,0,2709.4,1745,350,6602.26167
0,548,1,0,2717.4,1737,350,6602.2397
0,549,1,1,70.3,414,4,0.2197
0,550,1,1,108.3,376,4,0.2197
0,551,1,2,2339.0,967,194,3360.1027
0,552,1,2,1845.0,1461,245,4333.9847
0,553,1,0,2720.4,1734,346,6623.2047
0,554,1,2,1806.0,1500,196,4639.0487
0,555,1,1,340.3,144,4,0.2197
0,556,1,1,360.3,124,4,0.2197
0,557,1,2,2064.0,1242,249,3642.1397
0,558,1,1,326.3,158,4,0.30758
0,559,1,2,2139.0,1167,194,4066.7027
0,560,1,2,2076.0,1230,245,3642.1397
0,561,1,1,470.3,14,2,0.2197
0,562,1,2,2074.0,1232,247,3642.1397
0,563,1,1,241.3,243,4,0.2197
0,564,1,0,2715.4,1739,247,6342.6647
0,565,1,0,2717.4,1737,249,6330.6847
0,566,1,0,2784.4,1670,247,6136.0097
0,567,1,0,2704.4,1750,247,6375.6097
0,568,1,2,2227.0,1079,194,3755.7987
0,569,1,2,2194.0,1112,194,3872.3877
0,570,3,0,2824.4,1630,249,6010.2197
0,571,1,2,2076.0,1230,245,3642.1397
0,572,1,1,470.3,14,2,0.2197
0,573,1,2,2076.0,1230,245,3642.1397
0,574,1,0,2978.4,1476,295,6320.2027
0,575,1,0,2992.4,1462,293,6320.2027
0,576,1,0,2824.4,1630,249,6010.2197
0,577,1,2,2066.0,1240,245,3642.3594
0,578,1,1,470.3,14,2,0.2197
0,579,1,0,2561.4,1893,251,6010.2197
0,580,1,2,2339.0,967,194,3360.1027
0,581,1,0,2714.4,1740,297,6768.8937
0,582,1,2,2062.0,1244,249,3642.1397
0,583,1,0,2824.4,1630,249,6010.2197
0,584,1,2,1923.0,1383,249,3642.22758
0,585,1,1,344.3,140,4,0.2197
0,586,1,1,442.3,42,4,0.2197
0,587,1,0,2711.4,1743,346,6697.9197
0,588,1,2,2076.0,1230,245,3642.1397
0,589,1,2,2211.0,1095,194,3812.3267
0,590,1,0,2803.4,1651,249,6073.1147
0,591,1,2,2247.0,1059,194,3685.1387
0,592,1,2,2036.0,1270,247,3755.9497
0,593,1,0,2647.4,1807,346,6841.8397
0,594,1,0,2723.4,1731,348,6605.25667
0,595,1,2,1950.0,1356,245,4019.5097
0,596,1,1,415.3,69,4,0.2197
0,597,1,1,353.3,131,4,0.2197
0,598,1,1,470.3,14,2,0.2197
0,599,1,1,470.3,14,2,0.2197
0,600,1,1,470.3,14,2,0.2197
0,601,1,2,2339.0,967,194,3360.1027
0,602,1,1,470.3,14,2,0.2197
0,603,3,2,2339.0,967,194,3360.1027
0,604,1,0,2826.4,1628,247,6010.2197
0,605,1,0,2824.4,1630,249,6010.2197
0,606,1,1,470.3,14,2,0.2197
0,607,1,0,2801.4,1653,295,6987.9397
0,608,1,1,470.3,14,2,0.2197
0,609,1,2,2223.0,1083,194,3769.9307
0,610,1,1,470.3,14,2,0.2197
0,611,1,2,2076.0,1230,245,3642.1397
0,612,1,0,2727.4,1727,346,6602.2397
0,613,1,1,470.3,14,2,0.2197
0,614,1,0,2786.4,1668,249,6124.0297
0,615,1,2,2177.0,1129,194,3932.4487
0,616,1,2,2150.0,1156,194,4027.8397
0,617,3,2,2076.0,1230,245,3642.1397
0,618,1,0,2826.4,1628,247,6010.2197
0,619,1,0,2824.4,1630,249,6010.2197
0,620,1,2,2339.0,967,194,3360.1027
0,621,1,2,2339.0,967,194,3360.1027
0,622,3,0,2823.4,1631,249,6010.24167
0,623,1,2,2076.0,1230,245,3642.1397
0,624,1,2,2074.0,1232,247,3642.1397
0,625,1,0,2652.4,1802,346,6826.8647
0,626,1,1,470.3,14,2,0.2197
0,627,3,2,2336.0,970,194,3370.7017
0,628,1,0,2725.4,1729,348,6602.2397
0,629,1,2,1995.0,1311,245,3884.7347
0,630,3,2,2337.0,969,194,3367.1687
0,631,1,0,2727.4,1727,346,6602.2397
0,632,1,2,2247.0,1059,194,3685.1387
0,633,1,1,470.3,14,2,0.2197
0,634,1,0,2279.4,2175,350,6647.1647
0,635,1,2,2172.0,1134,194,3950.1137
0,636,1,1,470.3,14,2,0.2197
0,637,1,2,2074.0,1232,247,3642.1397
0,638,1,0,2973.4,1481,295,6320.2027
0,639,1,2,2219.0,1087,196,3540.2857
0,640,1,1,470.3,14,2,0.2197
0,641,1,0,2826.4,1628,247,6010.2197
0,642,1,1,470.3,14,2,0.2197
0,643,1,2,2076.0,1230,245,3642.1397
0,644,1,2,2074.0,1232,247,3642.1397
0,645,1,2,2127.0,1179,194,4109.0987
0,646,1,2,2074.0,1232,247,3642.1397
0,647,1,0,2727.4,1727,346,6602.2397
0,648,1,0,2727.4,1727,346,6602.2397
0,649,1,1,437.3,47,4,0.2197
0,650,1,2,2071.0,1235,245,3657.1147
0,651,1,0,2842.4,1612,293,6850.1527
0,652,1,1,461.3,23,4,0.2197
0,653,1,2,2162.0,1144,194,3985.4437
0,654,3,2,2074.0,1232,247,3642.1397
0,655,1,0,2727.4,1727,346,6602.2397
0,656,1,1,470.3,14,2,0.2197
0,657,1,2,2339.0,967,194,3360.1027
0,658,1,1,470.3,14,2,0.2197
0,659,1,0,2992.4,1462,293,6320.2027
0,660,1,2,2339.0,967,194,3360.1027
0,661,1,0,2992.4,1462,293,6320.2027
0,662,3,1,470.3,14,2,0.2197
0,663,1,2,2235.0,1071,194,3727.5347
0,664,1,1,470.3,14,2,0.2197
0,665,1,1,470.3,14,2,0.2197
0,666,1,2,2339.0,967,194,3360.1027
0,667,1,2,2069.0,1237,247,3642.24955
0,668,3,2,2068.0,1238,247,3642.27152
0,669,1,2,2310.0,996,194,3462.5597
0,670,1,0,2727.4,1727,346,6602.2397
0,671,1,1,470.3,14,2,0.2197
0,672,1,1,470.3,14,2,0.2197
0,673,1,0,2899.4,1555,293,6648.7717
0,674,1,1,470.3,14,2,0.2197
0,675,1,0,2992.4,1462,293,6320.2027
0,676,1,2,2136.0,1170,194,4077.3017
0,677,1,2,2074.0,1232,247,3642.1397
0,678,1,2,2076.0,1230,245,3642.1397
0,679,1,1,470.3,14,2,0.2197
0,680,1,2,2339.0,967,194,3360.1027
0,681,1,1,463.3,21,2,0.37349
0,682,1,0,2891.4,1563,293,6677.0357
0,683,1,0,2824.4,1630,249,6010.2197
0,684,1,1,470.3,14,2,0.2197
0,685,1,2,2191.0,1115,194,3882.9867
0,686,1,2,2076.0,1230,245,3642.1397
0,687,1,1,470.3,14,2,0.2197
0,688,1,0,2992.4,1462,293,6320.2027
0,689,1,1,470.3,14,2,0.2197
0,690,1,0,2826.4,1628,247,6010.2197
0,691,1,0,2876.4,1578,293,6730.0307
0,692,1,1,470.3,14,2,0.2197
0,693,1,0,2727.4,1727,346,6602.2397
0,694,3,1,470.3,14,2,0.2197
0,695,1,2,2339.0,967,194,3360.1027
0,696,1,1,470.3,14,2,0.2197
0,697,1,0,2990.4,1464,295,6320.2027
0,698,1,2,2076.0,1230,245,3642.1397
0,699,1,0,2725.4,1729,348,6602.2397
0,700,3,0,2818.4,1636,251,6010.2197
0,701,1,2,2310.0,996,194,3462.5597
0,702,1,1,470.3,14,2,0.2197
0,703,1,0,2653.4,1801,348,6614.1997
0,704,1,0,2992.4,1462,293,6320.2027
0,705,1,2,2064.0,1242,249,3642.1397
0,706,3,0,2727.4,1727,346,6602.2397
0,707,1,1,470.3,14,2,0.2197
0,708,3,2,2276.0,1030,196,3522.6207
0,709,1,0,2826.4,1628,247,6010.2197
0,710,1,0,2824.4,1630,249,6010.2197
0,711,1,1,470.3,14,2,0.2197
0,712,1,2,2074.0,1232,247,3642.1397
0,713,1,1,420.3,64,4,0.2197
0,714,1,1,470.3,14,2,0.2197
0,715,1,2,2287.0,1019,194,3543.8187
0,716,1,0,2789.4,1665,247,6121.0347
0,717,1,2,2183.0,1123,194,3911.2507
0,718,1,0,2766.4,1688,247,6189.9197
0,719,1,0,2826.4,1628,247,6010.2197
0,720,3,0,2962.4,1492,295,6419.1267
0,721,1,2,2323.0,983,194,3416.6307
0,722,1,1,470.3,14,2,0.2197
0,723,1,1,470.3,14,2,0.2197
0,724,1,0,2727.4,1727,346,6602.2397
0,725,1,1,470.3,14,2,0.2197
0,726,1,2,2074.0,1232,247,3642.1397
0,727,1,1,470.3,14,2,0.2197
0,728,1,2,2339.0,967,194,3360.1027
0,729,3,0,2992.4,1462,293,6320.2027
0,730,1,1,460.3,24,2,0.4394
0,731,1,0,2824.4,1630,249,6010.2197
0,732,1,2,2076.0,1230,245,3642.1397
0,733,1,1,470.3,14,2,0.2197
0,734,1,1,470.3,14,2,0.2197
0,735,3,2,2338.0,968,194,3360.12467
0,736,1,0,2885.4,1569,293,6698.2337
0,737,1,1,470.3,14,2,0.2197
0,738,1,1,470.3,14,2,0.2197
0,739,1,0,2727.4,1727,346,6602.2397
0,740,1,2,2076.0,1230,245,3642.1397
0,741,3,0,2715.4,1739,348,6602.4594
0,742,1,1,470.3,14,2,0.2197
0,743,3,0,2902.4,1552,295,6631.1067
0,744,1,1,470.3,14,2,0.2197
0,745,3,2,2244.0,1062,194,3695.7377
0,746,1,0,2727.4,1727,346,6602.2397
0,747,1,2,2074.0,1232,247,3642.1397
0,748,1,1,470.3,14,2,0.2197
0,749,3,1,470.3,14,2,0.2197
0,750,1,0,2992.4,1462,293,6320.2027
0,751,1,1,470.3,14,2,0.2197
0,752,1,0,2992.4,1462,293,6320.2027
0,753,1,0,2859.4,1595,293,6790.0917
0,754,1,0,2826.4,1628,247,6010.2197
0,755,3,0,2826.4,1628,247,6010.2197
0,756,1,1,470.3,14,2,0.2197
0,757,3,1,470.3,14,2,0.2197
0,758,1,1,470.3,14,2,0.2197
0,759,1,1,470.3,14,2,0.2197
0,760,1,2,2273.0,1033,194,3593.2807
0,761,3,2,2074.0,1232,247,3642.1397
0,762,1,0,2992.4,1462,293,6320.2027
0,763,1,1,470.3,14,2,0.2197
0,764,1,2,2075.0,1231,245,3642.16167
0,765,1,1,470.3,14,2,0.2197
0,766,1,0,2826.4,1628,247,6010.2197
0,767,1,2,2074.0,1232,247,3642.1397
0,768,1,0,2725.4,1729,348,6602.2397
0,769,1,2,2247.0,1059,194,3685.1387
0,770,1,2,2076.0,1230,245,3642.1397
0,771,1,2,2162.0,1144,194,3985.4437
0,772,1,2,2076.0,1230,245,3642.1397
0,773,1,2,2074.0,1232,247,3642.1397
0,774,1,2,2339.0,967,194,3360.1027
0,775,1,0,2742.4,1712,247,6261.7997
0,776,1,2,2261.0,1045,194,3635.6767
0,777,1,0,2826.4,1628,247,6010.2197
0,778,1,1,470.3,14,2,0.2197
0,779,1,0,2992.4,1462,293,6320.2027
0,780,1,2,2338.0,968,194,3360.12467
0,781,1,2,2040.0,1266,249,3642.1397
0,782,1,0,2712.4,1742,348,6632.31546
0,783,1,2,2071.0,1235,247,3642.1397
0,784,1,1,470.3,14,2,0.2197
0,785,1,2,2074.0,1232,247,3642.1397
0,786,1,2,2076.0,1230,245,3642.1397
0,787,1,0,2727.4,1727,346,6602.2397
0,788,1,1,470.3,14,2,0.2197
0,789,1,2,2339.0,967,194,3360.1027
0,790,1,2,2339.0,967,194,3360.1027
0,791,1,2,2074.0,1232,247,3642.1397
0,792,1,0,2810.4,1644,247,6058.1397
0,793,3,0,2826.4,1628,247,6010.2197
0,794,1,2,2074.0,1232,247,3642.1397
0,795,1,1,470.3,14,2,0.2197
0,796,1,2,2339.0,967,194,3360.1027
0,797,1,0,2992.4,1462,293,6320.2027
0,798,1,2,2074.0,1232,247,3642.1397
0,799,1,0,2723.4,1731,350,6602.2397
0,800,1,2,2272.0,1034,194,3596.8137
0,801,1,0,2964.4,1490,295,6412.0607
0,802,3,2,2076.0,1230,245,3642.1397
0,803,1,2,2074.0,1232,247,3642.1397
0,804,1,2,2074.0,1232,247,3642.1397
0,805,1,2,2074.0,1232,247,3642.1397
0,806,1,1,470.3,14,2,0.2197
0,807,1,1,470.3,14,2,0.2197
0,808,1,0,2992.4,1462,293,6320.2027
0,809,1,1,470.3,14,2,0.2197
0,810,3,1,470.3,14,2,0.2197
0,811,1,0,2992.4,1462,293,6320.2027
0,812,1,1,470.3,14,2,0.2197
0,813,1,0,2956.4,1498,295,6440.3247
0,814,1,0,2826.4,1628,247,6010.2197
0,815,1,0,2820.4,1634,249,6010.30758
0,816,1,2,2076.0,1230,245,3642.1397
0,817,1,0,2725.4,1729,348,6602.2397
0,818,1,1,470.3,14,2,0.2197
0,819,1,2,2076.0,1230,245,3642.1397
0,820,1,0,2652.4,1802,346,6826.8647
0,821,1,2,2281.0,1025,194,3565.0167
0,822,1,1,470.3,14,2,0.2197
0,823,1,1,470.3,14,2,0.2197
0,824,1,2,2339.0,967,194,3360.1027
0,825,1,2,2314.0,992,194,3448.4277
0,826,1,2,2076.0,1230,245,3642.1397
0,827,1,0,2725.4,1729,348,6602.2397
0,828,1,1,470.3,14,2,0.2197
0,829,1,0,2804.4,1650,295,6977.3407
0,830,1,1,470.3,14,2,0.2197
0,831,1,0,2901.4,1553,295,6634.6397
0,832,1,1,470.3,14,2,0.2197
0,833,1,0,2826.4,1628,247,6010.2197
0,834,1,1,470.3,14,2,0.2197
0,835,1,2,2076.0,1230,245,3642.1397
0,836,1,1,470.3,14,2,0.2197
0,837,1,1,470.3,14,2,0.2197
0,838,1,0,2727.4,1727,346,6602.2397
0,839,1,2,2074.0,1232,247,3642.1397
0,840,3,1,470.3,14,2,0.2197
0,841,1,0,2992.4,1462,293,6320.2027
0,842,1,2,2339.0,967,194,3360.1027
0,843,1,2,2076.0,1230,245,3642.1397
0,844,1,0,2826.4,1628,247,6010.2197
0,845,3,1,470.3,14,2,0.2197
0,846,1,0,2826.4,1628,247,6010.2197
0,847,1,0,2824.4,1630,249,6010.2197
0,848,1,2,2076.0,1230,245,3642.1397
0,849,1,0,2792.4,1662,293,7026.8027
0,850,1,0,2828.4,1626,295,6892.5487
0,851,1,1,470.3,14,2,0.2197
0,852,1,2,2074.0,1232,247,3642.1397
0,853,1,2,2076.0,1230,245,3642.1397
0,854,1,2,2074.0,1232,247,3642.1397
0,855,1,1,470.3,14,2,0.2197
0,856,1,1,470.3,14,2,0.2197
0,857,1,1,470.3,14,2,0.2197
0,858,1,2,2339.0,967,194,3360.1027
0,859,1,2,2339.0,967,194,3360.1027
0,860,1,0,2826.4,1628,247,6010.2197
0,861,1,1,470.3,14,2,0.2197
0,862,1,1,470.3,14,2,0.2197
0,863,3,0,2956.4,1498,295,6440.3247
0,864,1,1,470.3,14,2,0.2197
0,865,3,1,470.3,14,2,0.2197
0,866,1,1,470.3,14,2,0.2197
0,867,1,2,2339.0,967,194,3360.1027
0,868,1,0,2976.4,1478,295,6359.0657
0,869,1,0,2826.4,1628,247,6010.2197
0,870,1,1,470.3,14,2,0.2197
0,871,1,0,2826.4,1628,247,6010.2197
0,872,1,2,2076.0,1230,245,3642.1397
0,873,1,2,2067.0,1239,247,3642.29349
0,874,1,0,2527.4,1927,346,7201.2397
0,875,1,0,2727.4,1727,346,6602.2397
0,876,1,2,2270.0,1036,194,3603.8797
0,877,1,2,2282.0,1024,194,3561.4837
0,878,1,1,470.3,14,2,0.2197
0,879,1,0,2727.4,1727,346,6602.2397
0,880,1,1,462.3,22,4,0.2197
0,881,1,1,470.3,14,2,0.2197
0,882,1,0,2800.4,1654,247,6067.27849
0,883,1,2,2192.0,1114,194,3879.4537
0,884,3,1,470.3,14,2,0.2197
0,885,1,0,2877.4,1577,293,6726.4977
0,886,1,0,2826.4,1628,247,6010.2197
0,887,1,0,2824.4,1630,249,6010.2197
0,888,1,0,2849.4,1605,295,6818.3557
0,889,1,1,470.3,14,2,0.2197
0,890,1,2,2339.0,967,194,3360.1027
0,891,1,2,2074.0,1232,247,3642.1397
0,892,1,0,2727.4,1727,346,6602.2397
0,893,1,0,2725.4,1729,348,6602.2397
0,894,1,1,470.3,14,2,0.2197
0,895,1,1,470.3,14,2,0.2197
0,896,1,2,2339.0,967,194,3360.1027
0,897,1,1,463.3,21,2,0.37349
0,898,1,1,468.3,16,4,0.2197
0,899,1,0,2992.4,1462,293,6320.2027
0,900,3,0,2826.4,1628,247,6010.2197
0,901,1,2,2076.0,1230,245,3642.1397
0,902,1,1,470.3,14,2,0.2197
0,903,3,2,2307.0,999,194,3473.1587
0,904,1,2,2229.0,1077,194,3748.7327
0,905,1,0,2826.4,1628,247,6010.2197
0,906,1,0,2824.4,1630,249,6010.2197
0,907,1,1,470.3,14,2,0.2197
0,908,1,1,470.3,14,2,0.2197
0,909,1,0,2912.4,1542,295,6595.7767
0,910,1,0,2826.4,1628,247,6010.2197
0,911,1,1,470.3,14,2,0.2197
0,912,1,0,2727.4,1727,346,6602.2397
0,913,1,1,470.3,14,2,0.2197
0,914,1,0,2814.4,1640,247,6046.1597
0,915,1,2,2296.0,1010,194,3512.0217
0,916,1,1,470.3,14,2,0.2197
0,917,1,0,2826.4,1628,247,6010.2197
0,918,1,0,2931.4,1523,293,6535.7157
0,919,1,1,470.3,14,2,0.2197
0,920,1,1,463.3,21,2,0.37349
0,921,1,2,2232.0,1074,194,3738.1337
0,922,1,2,2074.0,1232,247,3642.1397
0,923,1,1,470.3,14,2,0.2197
0,924,1,1,470.3,14,2,0.2197
0,925,1,2,2074.0,1232,247,3642.1397
0,926,1,2,2074.0,1232,247,3642.1397
0,927,1,0,2726.4,1728,346,6602.26167
0,928,1,2,2076.0,1230,245,3642.1397
0,929,1,0,2810.4,1644,293,6963.2087
0,930,1,1,470.3,14,2,0.2197
0,931,1,2,2339.0,967,194,3360.1027
0,932,1,1,470.3,14,2,0.2197
0,933,1,1,470.3,14,2,0.2197
0,934,1,2,2276.0,1030,194,3582.6817
0,935,1,2,2076.0,1230,245,3642.1397
0,936,1,1,470.3,14,2,0.2197
0,937,1,1,470.3,14,2,0.2197
0,938,1,1,470.3,14,2,0.2197
0,939,3,2,2209.0,1097,194,3819.3927
0,940,1,2,2076.0,1230,245,3642.1397
0,941,1,2,2076.0,1230,245,3642.1397
0,942,1,1,470.3,14,2,0.2197
0,943,1,1,470.3,14,2,0.2197
0,944,1,2,2339.0,967,194,3360.1027
0,945,1,0,2992.4,1462,293,6320.2027
0,946,1,1,470.3,14,2,0.2197
0,947,1,1,470.3,14,2,0.2197
0,948,1,1,470.3,14,2,0.2197
0,949,3,1,470.3,14,2,0.2197
0,950,1,0,2906.4,1548,293,6624.0407
0,951,1,1,470.3,14,2,0.2197
0,952,1,1,470.3,14,2,0.2197
0,953,1,1,470.3,14,2,0.2197
0,954,3,2,2339.0,967,194,3360.1027
0,955,1,2,2074.0,1232,247,3642.1397
0,956,1,2,2074.0,1232,247,3642.1397
0,957,1,2,2195.0,1111,194,3868.8547
0,958,1,1,470.3,14,2,0.2197
0,959,1,1,470.3,14,2,0.2197
0,960,1,1,470.3,14,2,0.2197
0,961,1,2,2339.0,967,194,3360.1027
0,962,1,2,2189.0,1117,194,3890.0527
0,963,1,2,2076.0,1230,245,3642.1397
0,964,1,1,470.3,14,2,0.2197
0,965,1,2,2070.0,1236,247,3642.22758
0,966,1,2,2068.0,1238,247,3642.27152
0,967,1,0,2723.4,1731,348,6602.2397
0,968,1,2,2203.0,1103,194,3840.5907
0,969,1,2,2064.0,1242,249,3642.1397
0,970,1,1,470.3,14,2,0.2197
0,971,1,2,2288.0,1018,196,3395.4327
0,972,1,1,470.3,14,2,0.2197
0,973,1,2,2073.0,1233,247,3642.16167
0,974,1,1,470.3,14,2,0.2197
0,975,1,2,2131.0,1175,194,4094.9667
0,976,1,0,2819.4,1635,247,6010.37349
0,977,1,0,2824.4,1630,249,6010.2197
0,978,1,2,2149.0,1157,194,4031.3727
0,979,1,2,2076.0,1230,245,3642.1397
0,980,1,2,2074.0,1232,247,3642.1397
0,981,1,2,2074.0,1232,247,3642.1397
0,982,1,2,2045.0,1261,247,3728.9947
0,983,1,1,470.3,14,2,0.2197
0,984,3,1,470.3,14,2,0.2197
0,985,1,1,470.3,14,2,0.2197
0,986,1,0,2992.4,1462,293,6320.2027
0,987,1,0,2990.4,1464,295,6320.2027
0,988,1,2,2076.0,1230,245,3642.1397
0,989,1,1,470.3,14,2,0.2197
0,990,1,2,2261.0,1045,194,3635.6767
0,991,1,1,470.3,14,2,0.2197
0,992,1,2,2339.0,967,194,3360.1027
0,993,1,0,2826.4,1628,247,6010.2197
0,994,1,0,2990.4,1464,295,6320.2027
0,995,3,2,2310.0,996,194,3462.5597
0,996,1,2,2076.0,1230,245,3642.1397
0,997,1,1,470.3,14,2,0.2197
0,998,1,1,470.3,14,2,0.2197
0,999,1,0,2873.4,1581,293,6740.6297
Time: 62682, 382138, 259100, 214953
