CONFIGURATION:
{u'simulation': {u'stdev_factor': 0.01, u'power_mgmt_enabled': False, u'tasks': {u'loc': {u'mean_service_time': {u'gpu': 90, u'cpu_core': 200, u'loc_accel': 10}, u'priority': 1, u'deadline': 1000, u'stdev_service_time': {u'gpu': 0.9, u'cpu_core': 2.0, u'loc_accel': 0.1}, u'power': {u'gpu': 4.457, u'cpu_core': 6.133, u'loc_accel': 0.02197}}, u'detect': {u'mean_service_time': {u'gpu': 0.4607, u'cpu_core': 3.654, u'det_accel': 0.278}, u'priority': 2, u'deadline': 1000, u'stdev_service_time': {u'gpu': 0.004607, u'cpu_core': 0.03654, u'det_accel': 0.0027800000000000004}, u'power': {u'gpu': 90, u'cpu_core': 200, u'det_accel': 10}}, u'Frontier': {u'mean_service_time': {u'cpu_core': 396}, u'priority': 9, u'deadline': 1000, u'stdev_service_time': {u'cpu_core': 3.96}, u'power': {u'cpu_core': 5.98}}, u'track': {u'mean_service_time': {u'gpu': 17, u'tra_accel': 2, u'cpu_core': 1820}, u'priority': 3, u'deadline': 1000, u'stdev_service_time': {u'gpu': 0.17, u'tra_accel': 0.02, u'cpu_core': 18.2}, u'power': {u'gpu': 12.79, u'tra_accel': 0.59, u'cpu_core': 5.6}}, u'sp': {u'mean_service_time': {u'gpu': 379, u'cpu_core': 1004}, u'priority': 11, u'deadline': 1000, u'stdev_service_time': {u'gpu': 3.79, u'cpu_core': 10.040000000000001}, u'power': {u'gpu': 3.302, u'cpu_core': 1004}}, u'mission': {u'mean_service_time': {u'cpu_core': 0.0022}, u'priority': 5, u'deadline': 1000, u'stdev_service_time': {u'cpu_core': 2.2000000000000003e-05}, u'power': {u'cpu_core': 3.534}}, u'motion': {u'mean_service_time': {u'cpu_core': 8}, u'priority': 6, u'deadline': 1000, u'stdev_service_time': {u'cpu_core': 0.08}, u'power': {u'cpu_core': 4.222}}, u'collision': {u'mean_service_time': {u'cpu_core': 8}, u'priority': 7, u'deadline': 1000, u'stdev_service_time': {u'cpu_core': 0.08}, u'power': {u'cpu_core': 0}}, u'fusion': {u'mean_service_time': {u'cpu_core': 1}, u'priority': 4, u'deadline': 1000, u'stdev_service_time': {u'cpu_core': 0.01}, u'power': {u'cpu_core': 0}}, u'map': {u'mean_service_time': {u'gpu': 761, u'cpu_core': 973}, u'priority': 10, u'deadline': 1000, u'stdev_service_time': {u'gpu': 7.61, u'cpu_core': 9.73}, u'power': {u'gpu': 3.533, u'cpu_core': 2.995}}, u'path': {u'mean_service_time': {u'cpu_core': 8}, u'priority': 8, u'deadline': 1000, u'stdev_service_time': {u'cpu_core': 0.08}, u'power': {u'cpu_core': 0}}}, u'sched_policy_module': u'policies.ms2_update2', u'drop': True, u'servers': {u'gpu': {u'count': 2}, u'tra_accel': {u'count': 1}, u'cpu_core': {u'count': 8}, u'loc_accel': {u'count': 1}, u'det_accel': {u'count': 1}}, u'max_tasks_simulated': 10000, u'max_queue_size': 1000000, u'mean_arrival_time': 50, u'arrival_time_scale': 2.6}, u'general': {u'random_seed': 0, u'pre_gen_arrivals': False, u'basename': u'policy:ms2_update2__stdev_factor:0.01', u'output_trace_file': None, u'working_dir': u'/home/hiwot/meta-stomp2/sim_16042020_194257_new_arrival_50_map_rheftmapping_50_trace_10', u'input_trace_file': (False, '../mv_mapping_50_trace_10.trc'), u'logging_level': u'INFO'}}

/home/hiwot/meta-stomp2/sim_16042020_194257_new_arrival_50_map_rheftmapping_50_trace_10/../mv_mapping_50_trace_10.trc

Running STOMP simulation...
Dropped,DAG ID,DAG Priority,DAG Type,Slack,Response Time,No-Affinity Time,Energy
0,0,1,1,420.2,14,2,0.2197
0,1,1,0,2531.6,1462,293,6320.2027
0,2,1,0,2529.6,1464,295,6320.2027
0,3,1,1,420.2,14,2,0.2197
0,4,1,0,2365.6,1628,247,6010.2197
0,5,1,1,420.2,14,2,0.2197
0,6,1,1,420.2,14,2,0.2197
0,7,1,1,420.2,14,2,0.2197
0,8,1,1,420.2,14,2,0.2197
0,9,1,1,420.2,14,2,0.2197
0,10,1,0,2531.6,1462,293,6320.2027
0,11,1,2,1997.0,967,194,3360.1027
0,12,1,1,420.2,14,2,0.2197
0,13,1,2,1732.0,1232,247,3642.1397
0,14,1,0,2266.6,1727,346,6602.2397
0,15,1,2,1732.0,1232,247,3642.1397
0,16,1,1,420.2,14,2,0.2197
0,17,1,1,420.2,14,2,0.2197
0,18,1,2,1959.0,1005,194,3494.3567
0,19,1,2,1995.0,969,196,3360.1027
0,20,1,2,1732.0,1232,247,3642.1397
0,21,1,0,2266.6,1727,346,6602.2397
0,22,1,2,1732.0,1232,247,3642.1397
0,23,1,0,2369.6,1624,293,6892.5487
0,24,1,1,418.2,16,4,0.2197
0,25,1,2,1997.0,967,194,3360.1027
0,26,1,2,1734.0,1230,245,3642.1397
0,27,1,2,1734.0,1230,245,3642.1397
0,28,1,1,420.2,14,2,0.2197
0,29,1,0,2531.6,1462,293,6320.2027
0,30,1,1,420.2,14,2,0.2197
0,31,1,0,2527.6,1466,297,6320.2027
0,32,1,0,2365.6,1628,247,6010.2197
0,33,1,1,420.2,14,2,0.2197
0,34,1,0,2365.6,1628,247,6010.2197
0,35,3,2,1734.0,1230,245,3642.1397
0,36,1,0,2262.6,1731,350,6602.2397
0,37,1,1,420.2,14,2,0.2197
0,38,1,0,2516.6,1477,295,6366.1317
0,39,1,1,420.2,14,2,0.2197
0,40,3,0,2526.6,1467,295,6320.2027
0,41,1,1,420.2,14,2,0.2197
0,42,1,2,1643.0,1321,247,3642.1397
0,43,1,0,2445.6,1548,293,6626.4877
0,44,1,0,2266.6,1727,346,6602.2397
0,45,3,1,420.2,14,2,0.2197
0,46,1,2,1734.0,1230,245,3642.1397
0,47,1,2,1930.0,1034,194,3596.8137
0,48,1,2,1732.0,1232,247,3642.1397
0,49,3,0,2266.6,1727,346,6602.2397
0,50,1,0,2261.6,1732,348,6602.30561
0,51,1,1,420.2,14,2,0.2197
0,52,1,0,2476.6,1517,297,6500.3857
0,53,1,0,2264.6,1729,348,6602.2397
0,54,1,1,420.2,14,2,0.2197
0,55,1,1,420.2,14,2,0.2197
0,56,1,2,1871.0,1093,194,3805.2607
0,57,1,0,2266.6,1727,346,6602.2397
0,58,1,2,1732.0,1232,247,3642.1397
0,59,1,1,420.2,14,2,0.2197
0,60,1,1,420.2,14,2,0.2197
0,61,1,1,418.2,16,2,0.26364
0,62,1,1,420.2,14,2,0.2197
0,63,3,2,1997.0,967,194,3360.1027
0,64,3,2,1997.0,967,194,3360.1027
0,65,1,0,2136.6,1857,251,6010.2197
0,66,1,0,2339.6,1654,251,6010.2197
0,67,1,0,2189.6,1804,350,6996.9197
0,68,1,2,1724.0,1240,249,3642.1397
0,69,1,0,2288.6,1705,297,7713.5427
0,70,1,0,2251.6,1742,293,7982.68664
0,71,1,2,1560.0,1404,249,3642.1397
0,72,1,0,2259.6,1734,348,6632.1397
0,73,1,2,1720.0,1244,249,3642.1397
0,74,1,2,1732.0,1232,247,3642.1397
0,75,1,0,2067.6,1926,251,6872.7797
0,76,1,2,1806.0,1158,196,4027.8397
0,77,1,0,2213.6,1780,348,6754.9847
0,78,1,1,398.2,36,4,0.2197
0,79,1,2,1977.0,987,194,3430.7627
0,80,1,1,326.2,108,4,0.2197
0,81,1,1,391.2,43,4,0.2197
0,82,1,0,1969.6,2024,350,7063.4697
0,83,1,0,2249.6,1744,350,6620.1797
0,84,1,1,305.2,129,4,0.2197
0,85,1,2,1536.0,1428,196,3935.9817
0,86,1,2,1809.0,1155,196,3360.1027
0,87,1,0,2263.6,1730,346,6620.1797
0,88,1,2,1709.0,1255,249,3642.1397
0,89,1,2,1729.0,1235,247,3642.1397
0,90,1,2,1734.0,1230,245,3642.1397
0,91,1,0,2308.6,1685,247,6180.9347
0,92,1,1,375.2,59,4,0.32955
0,93,1,2,1732.0,1232,247,3642.1397
0,94,1,1,30.2,404,4,0.2197
0,95,1,0,2419.6,1574,295,6691.27755
0,96,1,1,99.2,335,4,0.2197
0,97,3,0,2529.6,1464,295,6320.2027
0,98,1,2,1613.0,1351,245,4004.5347
0,99,1,1,351.2,83,4,0.2197
0,100,1,0,2266.6,1727,346,6602.2397
0,101,1,1,190.2,244,4,0.4394
0,102,1,0,2229.6,1764,249,6411.5497
0,103,1,1,394.2,40,4,0.2197
0,104,1,1,404.2,30,4,0.2197
0,105,1,0,2264.6,1729,348,6602.2397
0,106,1,0,2344.6,1649,295,6973.8077
0,107,1,2,1997.0,967,194,3360.1027
0,108,1,0,2365.6,1628,247,6010.2197
0,109,1,1,420.2,14,2,0.2197
0,110,1,1,420.2,14,2,0.2197
0,111,1,1,420.2,14,2,0.2197
0,112,1,1,420.2,14,2,0.2197
0,113,1,0,2531.6,1462,293,6320.2027
0,114,1,0,2531.6,1462,293,6320.2027
0,115,3,2,1860.0,1104,194,3844.1237
0,116,1,1,420.2,14,2,0.2197
0,117,1,1,420.2,14,2,0.2197
0,118,1,2,1797.0,1167,194,4066.7027
0,119,1,2,1734.0,1230,245,3642.1397
0,120,1,1,420.2,14,2,0.2197
0,121,1,0,2266.6,1727,346,6602.2397
0,122,1,0,2365.6,1628,247,6010.2197
0,123,3,1,420.2,14,2,0.2197
0,124,3,2,1892.0,1072,194,3731.0677
0,125,1,1,420.2,14,2,0.2197
0,126,1,2,1732.0,1232,247,3642.1397
0,127,1,0,2266.6,1727,346,6602.2397
0,128,1,1,420.2,14,2,0.2197
0,129,1,2,1920.0,1044,194,3632.1437
0,130,1,2,1732.0,1232,247,3642.1397
0,131,1,2,1815.0,1149,194,4003.1087
0,132,1,1,420.2,14,2,0.2197
0,133,1,2,1962.0,1002,194,3483.7577
0,134,1,1,420.2,14,2,0.2197
0,135,1,2,1732.0,1232,245,3642.18364
0,136,1,1,420.2,14,2,0.2197
0,137,1,0,2531.6,1462,293,6320.2027
0,138,1,0,2363.6,1630,247,6010.26364
0,139,1,1,420.2,14,2,0.2197
0,140,1,0,2298.6,1695,249,6204.8947
0,141,1,2,1859.0,1105,194,3847.6567
0,142,1,2,1732.0,1232,247,3642.1397
0,143,1,2,1732.0,1232,247,3642.1397
0,144,1,1,420.2,14,2,0.2197
0,145,3,1,420.2,14,2,0.2197
0,146,1,0,2282.6,1711,247,6258.8047
0,147,3,0,2464.6,1529,293,6556.9137
0,148,1,1,420.2,14,2,0.2197
0,149,1,2,1880.0,1084,194,3773.4637
0,150,3,2,1732.0,1232,247,3642.1397
0,151,1,0,2266.6,1727,346,6602.2397
0,152,1,0,2344.6,1649,247,6073.1147
0,153,1,2,1936.0,1028,194,3575.6157
0,154,1,1,420.2,14,2,0.2197
0,155,1,1,420.2,14,2,0.2197
0,156,1,0,2506.6,1487,295,6401.4617
0,157,1,1,420.2,14,2,0.2197
0,158,1,1,420.2,14,2,0.2197
0,159,1,1,420.2,14,2,0.2197
0,160,1,2,1997.0,967,194,3360.1027
0,161,1,1,420.2,14,2,0.2197
0,162,1,2,1997.0,967,194,3360.1027
0,163,1,2,1734.0,1230,245,3642.1397
0,164,1,0,2266.6,1727,346,6602.2397
0,165,3,2,1732.0,1232,247,3642.1397
0,166,1,1,420.2,14,2,0.2197
0,167,1,0,2529.6,1464,295,6320.2027
0,168,1,1,420.2,14,2,0.2197
0,169,1,0,2531.6,1462,293,6320.2027
0,170,1,1,420.2,14,2,0.2197
0,171,1,1,420.2,14,2,0.2197
0,172,1,1,420.2,14,2,0.2197
0,173,1,2,1995.0,969,194,3360.14664
0,174,1,1,420.2,14,2,0.2197
0,175,1,0,2363.6,1630,293,6913.7467
0,176,1,1,420.2,14,2,0.2197
0,177,1,0,2365.6,1628,247,6010.2197
0,178,1,1,420.2,14,2,0.2197
0,179,1,1,420.2,14,2,0.2197
0,180,1,0,2531.6,1462,293,6320.2027
0,181,1,1,418.2,16,2,0.26364
0,182,1,1,420.2,14,2,0.2197
0,183,1,0,2529.6,1464,295,6320.2027
0,184,1,1,413.2,21,2,0.37349
0,185,1,2,1728.0,1236,247,3642.22758
0,186,1,2,1732.0,1232,247,3642.1397
0,187,3,1,420.2,14,2,0.2197
0,188,1,2,1734.0,1230,245,3642.1397
0,189,1,1,420.2,14,2,0.2197
0,190,1,2,1959.0,1005,194,3494.3567
0,191,1,1,420.2,14,2,0.2197
0,192,1,1,420.2,14,2,0.2197
0,193,1,1,420.2,14,2,0.2197
0,194,1,1,420.2,14,2,0.2197
0,195,1,0,2531.6,1462,293,6320.2027
0,196,1,2,1997.0,967,194,3360.1027
0,197,1,0,2365.6,1628,247,6010.2197
0,198,1,0,2365.6,1628,247,6010.2197
0,199,1,2,1732.0,1232,247,3642.1397
0,200,3,0,2261.6,1732,346,6602.34955
0,201,1,2,1997.0,967,194,3360.1027
0,202,1,1,420.2,14,2,0.2197
0,203,1,0,2531.6,1462,293,6320.2027
0,204,1,0,2529.6,1464,295,6320.2027
0,205,1,0,2269.6,1724,247,6297.7397
0,206,1,2,1906.0,1058,194,3681.6057
0,207,1,1,420.2,14,2,0.2197
0,208,1,2,1734.0,1230,245,3642.1397
0,209,1,0,2264.6,1729,348,6602.2397
0,210,1,0,2256.6,1737,348,6602.41546
0,211,1,1,420.2,14,2,0.2197
0,212,1,0,2420.6,1573,295,6705.2997
0,213,1,1,420.2,14,2,0.2197
0,214,1,0,2340.6,1653,293,6995.0057
0,215,1,1,420.2,14,2,0.2197
0,216,1,0,2531.6,1462,293,6320.2027
0,217,1,0,2531.6,1462,293,6320.2027
0,218,1,0,2365.6,1628,247,6010.2197
0,219,1,1,420.2,14,2,0.2197
0,220,1,1,420.2,14,2,0.2197
0,221,1,1,420.2,14,2,0.2197
0,222,1,0,2531.6,1462,293,6320.2027
0,223,3,1,420.2,14,2,0.2197
0,224,1,1,410.2,24,2,0.4394
0,225,1,0,2529.6,1464,295,6320.2027
0,226,1,1,420.2,14,2,0.2197
0,227,1,2,1734.0,1230,245,3642.1397
0,228,1,1,420.2,14,2,0.2197
0,229,1,2,1997.0,967,194,3360.1027
0,230,1,0,2531.6,1462,293,6320.2027
0,231,1,0,2365.6,1628,247,6010.2197
0,232,1,1,420.2,14,2,0.2197
0,233,1,0,2365.6,1628,247,6010.2197
0,234,1,1,420.2,14,2,0.2197
0,235,1,2,1997.0,967,194,3360.1027
0,236,1,0,2531.6,1462,293,6320.2027
0,237,1,1,420.2,14,2,0.2197
0,238,1,1,420.2,14,2,0.2197
0,239,1,2,1734.0,1230,245,3642.1397
0,240,1,0,2266.6,1727,346,6602.2397
0,241,1,0,2266.6,1727,346,6602.2397
0,242,3,2,1956.0,1008,194,3504.9557
0,243,1,0,2357.6,1636,293,6934.9447
0,244,1,1,420.2,14,2,0.2197
0,245,1,1,420.2,14,2,0.2197
0,246,1,1,420.2,14,2,0.2197
0,247,1,0,2256.6,1737,350,6602.2397
0,248,3,0,2264.6,1729,348,6602.2397
0,249,1,2,1876.0,1088,194,3787.5957
0,250,1,1,420.2,14,2,0.2197
0,251,1,0,2463.6,1530,295,6553.3807
0,252,3,0,2365.6,1628,247,6010.2197
0,253,1,2,1734.0,1230,245,3642.1397
0,254,1,1,420.2,14,2,0.2197
0,255,1,0,2266.6,1727,346,6602.2397
0,256,1,2,1724.0,1240,247,3642.31546
0,257,1,1,420.2,14,2,0.2197
0,258,1,1,420.2,14,2,0.2197
0,259,1,0,2529.6,1464,295,6320.2027
0,260,1,1,416.2,18,2,0.30758
0,261,1,0,2468.6,1525,293,6542.7817
0,262,1,1,420.2,14,2,0.2197
0,263,1,2,1732.0,1232,247,3642.1397
0,264,1,1,403.2,31,4,0.2197
0,265,1,1,420.2,14,2,0.2197
0,266,1,1,420.2,14,2,0.2197
0,267,1,2,1724.0,1240,249,3642.1397
0,268,1,0,2034.6,1959,348,7282.1047
0,269,1,0,2095.6,1898,350,6602.2397
0,270,1,2,1982.0,982,194,3413.0977
0,271,1,2,1888.0,1076,194,3745.1997
0,272,1,1,420.2,14,2,0.2197
0,273,1,1,420.2,14,2,0.2197
0,274,1,1,420.2,14,2,0.2197
0,275,1,0,2135.6,1858,350,7301.94364
0,276,1,0,2176.6,1817,350,6602.2397
0,277,1,0,2249.6,1744,350,6620.1797
0,278,1,2,1722.0,1242,249,3642.1397
0,279,1,2,1758.0,1206,196,4017.2407
0,280,1,0,2266.6,1727,346,6602.2397
0,281,1,1,369.2,65,4,0.2197
0,282,3,2,1865.0,1099,196,3635.6767
0,283,3,0,2086.6,1907,350,6602.2397
0,284,1,0,2242.6,1751,348,6629.1947
0,285,1,1,328.2,106,4,0.2197
0,286,3,1,399.2,35,4,0.2197
0,287,1,0,2181.6,1812,247,6561.2997
0,288,1,2,1804.0,1160,194,4041.9717
0,289,1,1,341.2,93,4,0.2197
0,290,1,2,1541.0,1423,196,4275.1497
0,291,1,0,2264.6,1729,348,6602.2397
0,292,1,0,2358.6,1635,247,6031.1847
0,293,1,0,1963.6,2030,350,7535.2897
0,294,3,2,1724.0,1240,249,3642.1397
0,295,1,1,420.2,14,2,0.2197
0,296,1,1,420.2,14,2,0.2197
0,297,3,0,2526.6,1467,295,6320.2027
0,298,1,1,420.2,14,2,0.2197
0,299,3,1,420.2,14,2,0.2197
0,300,1,1,418.2,16,2,0.26364
0,301,1,1,418.2,16,2,0.26364
0,302,1,0,2234.6,1759,348,6698.22728
0,303,1,2,1721.0,1243,196,3515.57667
0,304,3,2,1643.0,1321,249,3657.1147
0,305,1,2,1660.0,1304,249,3642.1397
0,306,1,2,1729.0,1235,247,3642.1397
0,307,1,0,2238.6,1755,346,6686.0997
0,308,1,1,315.2,119,4,0.2197
0,309,1,2,1888.0,1076,194,3745.1997
0,310,1,2,1833.0,1131,194,3939.5147
0,311,1,2,1734.0,1230,245,3642.1397
0,312,1,2,1723.0,1241,247,3669.0947
0,313,1,1,373.2,61,4,0.2197
0,314,1,0,2301.6,1692,247,6201.8997
0,315,1,0,2264.6,1729,348,6602.2397
0,316,1,1,239.2,195,4,0.26364
0,317,1,2,1666.0,1298,247,3839.8097
0,318,3,1,413.2,21,4,0.2197
0,319,1,1,420.2,14,2,0.2197
0,320,1,1,420.2,14,2,0.2197
0,321,1,2,1997.0,967,194,3360.1027
0,322,1,1,420.2,14,2,0.2197
0,323,1,0,2531.6,1462,293,6320.2027
0,324,1,1,420.2,14,2,0.2197
0,325,1,1,420.2,14,2,0.2197
0,326,1,2,1734.0,1230,245,3642.1397
0,327,1,0,2266.6,1727,346,6602.2397
0,328,1,1,420.2,14,2,0.2197
0,329,1,0,1727.6,2266,297,6751.2287
0,330,1,2,1997.0,967,194,3360.1027
0,331,1,1,420.2,14,2,0.2197
0,332,3,2,1654.0,1310,249,3642.1397
0,333,3,0,2236.6,1757,350,6668.0197
0,334,1,2,1613.0,1351,249,3642.1397
0,335,1,2,1620.0,1344,249,3642.1397
0,336,1,1,420.2,14,2,0.2197
0,337,1,0,1953.6,2040,350,6662.0397
0,338,1,0,2434.6,1559,297,6631.1627
0,339,1,0,2369.6,1624,293,7288.9627
0,340,1,0,2159.6,1834,348,7230.1397
0,341,1,2,1700.0,1264,249,3642.1397
0,342,1,2,1686.0,1278,249,3743.9697
0,343,1,2,1668.0,1296,247,3833.8197
0,344,1,2,1626.0,1338,247,3959.6097
0,345,1,1,396.2,38,4,0.2197
0,346,1,2,1678.0,1286,247,3803.8697
0,347,1,1,377.2,57,4,0.39546
0,348,1,1,191.2,243,4,0.2197
0,349,1,2,1901.0,1063,194,3699.2707
0,350,1,1,295.2,139,4,0.30758
0,351,1,2,1811.0,1153,194,4013.72967
0,352,1,1,331.2,103,4,0.2197
0,353,1,2,1636.0,1328,247,3905.87546
0,354,3,0,2350.6,1643,247,6049.19864
0,355,1,0,2246.6,1747,293,7327.1077
0,356,1,2,1944.0,1020,194,3547.3517
0,357,1,0,2365.6,1628,247,6010.2197
0,358,3,0,2365.6,1628,247,6010.2197
0,359,1,0,2266.6,1727,346,6602.2397
0,360,1,0,2365.6,1628,247,6010.2197
0,361,1,2,1734.0,1230,245,3642.1397
0,362,1,1,420.2,14,2,0.2197
0,363,1,0,2529.6,1464,295,6320.2027
0,364,1,2,1997.0,967,194,3360.1027
0,365,1,2,1732.0,1232,247,3642.1397
0,366,1,0,2266.6,1727,346,6602.2397
0,367,1,1,420.2,14,2,0.2197
0,368,1,2,1732.0,1232,247,3642.1397
0,369,1,0,2266.6,1727,346,6602.2397
0,370,1,2,1815.0,1149,194,4003.1087
0,371,1,1,420.2,14,2,0.2197
0,372,1,2,1997.0,967,194,3360.1027
0,373,1,1,420.2,14,2,0.2197
0,374,1,2,1997.0,967,194,3360.1027
0,375,3,0,2365.6,1628,247,6010.2197
0,376,3,0,2365.6,1628,247,6010.2197
0,377,1,0,2308.6,1685,247,6180.9347
0,378,1,2,1990.0,974,194,3384.8337
0,379,1,0,2266.6,1727,346,6602.2397
0,380,1,0,2266.6,1727,346,6602.2397
0,381,1,1,420.2,14,2,0.2197
0,382,1,1,420.2,14,2,0.2197
0,383,1,0,2433.6,1560,295,6652.34864
0,384,1,0,2522.6,1471,293,6351.9997
0,385,1,2,1928.0,1036,194,3603.8797
0,386,3,2,1732.0,1232,247,3642.1397
0,387,1,2,1997.0,967,194,3360.1027
0,388,1,0,2363.6,1630,247,6010.26364
0,389,1,1,420.2,14,2,0.2197
0,390,1,1,420.2,14,2,0.2197
0,391,1,2,1944.0,1020,194,3547.3517
0,392,1,0,2365.6,1628,247,6010.2197
0,393,1,2,1847.0,1117,194,3890.0527
0,394,1,1,420.2,14,2,0.2197
0,395,1,2,1734.0,1230,245,3642.1397
0,396,1,0,2531.6,1462,293,6320.2027
0,397,1,2,1997.0,967,194,3360.1027
0,398,1,1,420.2,14,2,0.2197
0,399,3,1,420.2,14,2,0.2197
0,400,1,2,1997.0,967,194,3360.1027
0,401,1,0,2355.6,1638,247,6010.4394
0,402,3,1,420.2,14,2,0.2197
0,403,1,2,1997.0,967,194,3360.1027
0,404,3,2,1729.0,1235,245,3642.24955
0,405,1,1,420.2,14,2,0.2197
0,406,1,0,2503.6,1490,293,6419.1267
0,407,1,1,420.2,14,2,0.2197
0,408,1,0,2130.6,1863,251,6010.2197
0,409,1,1,420.2,14,2,0.2197
0,410,1,1,420.2,14,2,0.2197
0,411,1,0,2504.6,1489,297,6373.1977
0,412,1,0,2408.6,1585,293,6771.8907
0,413,1,0,2262.6,1731,348,6614.1997
0,414,1,0,2363.6,1630,249,6010.2197
0,415,1,0,2365.6,1628,247,6010.2197
0,416,3,0,2363.6,1630,249,6010.2197
0,417,1,1,420.2,14,2,0.2197
0,418,1,0,2264.6,1729,348,6602.2397
0,419,1,0,2345.6,1648,293,6977.3407
0,420,1,0,2266.6,1727,346,6602.2397
0,421,1,0,2529.6,1464,295,6320.2027
0,422,1,0,2175.6,1818,346,6874.7847
0,423,1,2,1863.0,1101,194,3833.5247
0,424,1,2,1787.0,1177,194,4102.0327
0,425,1,1,420.2,14,2,0.2197
0,426,1,1,420.2,14,2,0.2197
0,427,1,0,2365.6,1628,247,6010.2197
0,428,1,1,420.2,14,2,0.2197
0,429,1,2,1732.0,1232,247,3642.1397
0,430,1,0,2264.6,1729,348,6602.2397
0,431,1,2,1732.0,1232,247,3642.1397
0,432,1,2,1732.0,1232,247,3642.1397
0,433,3,2,1997.0,967,194,3360.1027
0,434,1,1,420.2,14,2,0.2197
0,435,1,1,420.2,14,2,0.2197
0,436,3,2,1997.0,967,194,3360.1027
0,437,1,0,2365.6,1628,247,6010.2197
0,438,1,1,420.2,14,2,0.2197
0,439,1,2,1734.0,1230,245,3642.1397
0,440,1,2,1997.0,967,194,3360.1027
0,441,1,1,420.2,14,2,0.2197
0,442,3,0,2516.6,1477,293,6373.1977
0,443,1,1,420.2,14,2,0.2197
0,444,1,0,2363.6,1630,249,6010.2197
0,445,1,2,1734.0,1230,245,3642.1397
0,446,1,1,420.2,14,2,0.2197
0,447,1,2,1858.0,1106,196,3844.1237
0,448,1,1,420.2,14,2,0.2197
0,449,1,1,420.2,14,2,0.2197
0,450,1,2,1793.0,1171,194,4080.8347
0,451,1,2,1734.0,1230,245,3642.1397
0,452,1,1,420.2,14,2,0.2197
0,453,1,2,1732.0,1232,247,3642.1397
0,454,1,0,2266.6,1727,346,6602.2397
0,455,1,2,1936.0,1028,194,3575.6157
0,456,1,1,420.2,14,2,0.2197
0,457,1,0,2311.6,1682,247,6171.9497
0,458,1,2,1915.0,1049,194,3649.8087
0,459,1,1,420.2,14,2,0.2197
0,460,1,1,420.2,14,2,0.2197
0,461,1,0,2364.6,1629,293,6910.2137
0,462,1,1,420.2,14,2,0.2197
0,463,1,0,2365.6,1628,247,6010.2197
0,464,1,0,2443.6,1550,295,6624.0407
0,465,1,1,420.2,14,2,0.2197
0,466,1,0,2365.6,1628,247,6010.2197
0,467,1,0,2264.6,1729,348,6602.2397
0,468,1,1,417.2,17,2,0.28561
0,469,1,0,2153.6,1840,348,6934.6847
0,470,1,1,420.2,14,2,0.2197
0,471,1,2,1904.0,1060,194,3628.98419
0,472,1,1,418.2,16,2,0.26364
0,473,1,2,1732.0,1232,247,3642.1397
0,474,1,2,1857.0,1107,194,3854.7227
0,475,3,2,1732.0,1232,247,3642.1397
0,476,1,0,2266.6,1727,346,6602.2397
0,477,1,1,420.2,14,2,0.2197
0,478,1,1,420.2,14,2,0.2197
0,479,3,2,1997.0,967,194,3360.1027
0,480,1,2,1997.0,967,194,3360.1027
0,481,1,1,420.2,14,2,0.2197
0,482,1,1,420.2,14,2,0.2197
0,483,1,0,2251.6,1742,346,6602.56925
0,484,1,2,1732.0,1232,245,3642.18364
0,485,1,0,2112.6,1881,346,7063.4697
0,486,1,2,1960.0,1004,196,3483.7577
0,487,1,1,420.2,14,2,0.2197
0,488,1,0,2441.6,1552,295,6631.1067
0,489,1,1,420.2,14,2,0.2197
0,490,1,2,1724.0,1240,245,3642.3594
0,491,1,2,1717.0,1247,247,3642.46925
0,492,1,0,2266.6,1727,346,6602.2397
0,493,1,1,420.2,14,2,0.2197
0,494,1,2,1997.0,967,194,3360.1027
0,495,1,0,2426.6,1567,293,6691.1677
0,496,1,0,2262.6,1731,350,6602.2397
0,497,1,0,2361.6,1632,251,6010.2197
0,498,1,1,420.2,14,2,0.2197
0,499,1,0,2363.6,1630,249,6010.2197
0,500,1,0,2392.6,1601,295,6804.2237
0,501,3,2,1843.0,1121,194,3904.1847
0,502,1,2,1732.0,1232,247,3642.1397
0,503,1,1,420.2,14,2,0.2197
0,504,1,2,1732.0,1232,247,3642.1397
0,505,1,1,420.2,14,2,0.2197
0,506,1,1,420.2,14,2,0.2197
0,507,1,2,1879.0,1085,194,3776.9967
0,508,1,1,412.2,22,2,0.39546
0,509,1,0,2266.6,1727,346,6602.2397
0,510,1,1,420.2,14,2,0.2197
0,511,1,1,420.2,14,2,0.2197
0,512,1,1,420.2,14,2,0.2197
0,513,1,2,1997.0,967,194,3360.1027
0,514,1,1,420.2,14,2,0.2197
0,515,1,2,1806.0,1158,194,4034.9057
0,516,3,1,420.2,14,2,0.2197
0,517,1,1,420.2,14,2,0.2197
0,518,1,1,420.2,14,2,0.2197
0,519,1,0,2365.6,1628,247,6010.2197
0,520,1,2,1976.0,988,194,3434.2957
0,521,1,0,2365.6,1628,247,6010.2197
0,522,1,2,1804.0,1160,194,4041.9717
0,523,1,2,1734.0,1230,245,3642.1397
0,524,1,2,1732.0,1232,247,3642.1397
0,525,1,2,1732.0,1232,247,3642.1397
0,526,1,1,420.2,14,2,0.2197
0,527,1,1,420.2,14,2,0.2197
0,528,1,2,1997.0,967,194,3360.1027
0,529,3,2,1826.0,1138,194,3964.2457
0,530,1,2,1732.0,1232,247,3642.1397
0,531,3,1,420.2,14,2,0.2197
0,532,1,2,1729.0,1235,247,3642.20561
0,533,1,0,2365.6,1628,247,6010.2197
0,534,1,0,2365.6,1628,247,6010.2197
0,535,1,0,2376.6,1617,295,6860.7517
0,536,1,2,1997.0,967,194,3360.1027
0,537,1,1,420.2,14,2,0.2197
0,538,1,0,2234.6,1759,350,6662.0397
0,539,1,0,2239.6,1754,350,6614.24364
0,540,1,0,1979.6,2014,297,9026.0477
0,541,1,0,2163.6,1830,350,7176.3197
0,542,1,0,1769.6,2224,350,9424.7997
0,543,1,1,420.2,14,2,0.2197
0,544,1,2,1445.0,1519,196,3953.6467
0,545,1,0,2156.6,1837,350,7212.1997
0,546,1,2,1725.0,1239,249,3642.1397
0,547,1,0,2104.6,1889,350,6781.68364
0,548,1,0,1752.6,2241,350,9604.24364
0,549,1,1,380.2,54,4,0.2197
0,550,1,1,413.2,21,4,0.2197
0,551,1,2,1542.0,1422,196,3519.0877
0,552,1,2,1406.0,1558,196,5108.9377
0,553,1,0,1636.6,2357,350,9715.8047
0,554,1,2,1699.0,1265,249,3711.0247
0,555,1,1,385.2,49,4,0.2197
0,556,1,1,403.2,31,4,0.2197
0,557,1,2,1430.0,1534,196,4960.5517
0,558,1,1,142.2,292,4,0.32955
0,559,1,2,1557.0,1407,249,4136.3147
0,560,1,2,1559.0,1405,249,4100.3747
0,561,1,1,410.2,24,4,0.2197
0,562,1,2,1686.0,1278,249,3749.9597
0,563,1,1,31.2,403,4,0.2197
0,564,1,0,1948.6,2045,350,7524.6997
0,565,1,0,1953.6,2040,249,6917.7047
0,566,1,0,1826.6,2167,348,8152.8497
0,567,1,0,1384.6,2609,350,9192.9147
0,568,1,2,1760.0,1204,196,3618.0117
0,569,1,2,1374.0,1590,249,3857.7797
0,570,3,0,2150.6,1843,295,8040.9417
0,571,1,2,1587.0,1377,249,4055.4497
0,572,1,1,349.2,85,4,0.2197
0,573,1,2,1604.0,1360,247,4025.4997
0,574,1,0,2528.6,1465,295,6320.2027
0,575,1,0,2012.6,1981,350,6638.1197
0,576,1,0,2126.6,1867,251,6067.1247
0,577,1,2,1845.0,1119,196,3798.4144
0,578,1,1,219.2,215,4,0.2197
0,579,1,0,1858.6,2135,350,7198.1947
0,580,1,2,1886.0,1078,196,3526.1537
0,581,1,0,2246.6,1747,346,6721.8397
0,582,1,2,1724.0,1240,249,3642.1397
0,583,1,0,2159.6,1834,346,7242.0997
0,584,1,2,1643.0,1321,196,4303.52355
0,585,1,1,177.2,257,4,0.2197
0,586,1,1,265.2,169,4,0.2197
0,587,1,0,2218.6,1775,348,6748.9647
0,588,1,2,1734.0,1230,245,3642.1397
0,589,1,2,1738.0,1226,194,4275.1497
0,590,1,0,1733.6,2260,346,8198.5747
0,591,1,2,1639.0,1325,245,3926.6647
0,592,1,2,1715.0,1249,247,3693.0547
0,593,1,0,2065.6,1928,348,7198.2447
0,594,1,0,1919.6,2074,295,8475.3327
0,595,1,2,1892.0,1072,194,3731.0677
0,596,1,1,396.2,38,4,0.2197
0,597,1,1,364.2,70,4,0.2197
0,598,1,1,420.2,14,2,0.2197
0,599,1,1,420.2,14,2,0.2197
0,600,1,1,420.2,14,2,0.2197
0,601,1,2,1734.0,1230,245,3642.1397
0,602,1,1,420.2,14,2,0.2197
0,603,3,2,1732.0,1232,247,3642.1397
0,604,1,0,2476.6,1517,293,6514.5177
0,605,1,0,2320.6,1673,295,7058.5997
0,606,1,1,420.2,14,2,0.2197
0,607,1,0,2266.6,1727,346,6602.2397
0,608,1,1,420.2,14,2,0.2197
0,609,1,2,1732.0,1232,247,3642.1397
0,610,1,1,420.2,14,2,0.2197
0,611,1,2,1795.0,1169,194,4073.7687
0,612,1,0,2365.6,1628,247,6010.2197
0,613,1,1,420.2,14,2,0.2197
0,614,1,0,2266.6,1727,346,6602.2397
0,615,1,2,1789.0,1175,194,4094.9667
0,616,1,2,1732.0,1232,247,3642.1397
0,617,3,2,1827.0,1137,194,3960.7127
0,618,1,0,2365.6,1628,247,6010.2197
0,619,1,0,2266.6,1727,346,6602.2397
0,620,1,2,1997.0,967,194,3360.1027
0,621,1,2,1643.0,1321,249,3672.0897
0,622,3,0,2497.6,1496,295,6426.23664
0,623,1,2,1718.0,1246,247,3642.1397
0,624,1,2,1734.0,1230,245,3642.1397
0,625,1,0,2199.6,1794,346,6802.9047
0,626,1,1,420.2,14,2,0.2197
0,627,3,2,1896.0,1068,194,3716.9357
0,628,1,0,2363.6,1630,249,6010.2197
0,629,1,2,1734.0,1230,245,3642.1397
0,630,3,2,1856.0,1108,194,3858.2557
0,631,1,0,2266.6,1727,346,6602.2397
0,632,1,2,1702.0,1262,245,3737.9797
0,633,1,1,356.2,78,4,0.2197
0,634,1,0,2531.6,1462,293,6320.2027
0,635,1,2,1734.0,1230,245,3642.1397
0,636,1,1,420.2,14,2,0.2197
0,637,1,2,1734.0,1230,245,3642.1397
0,638,1,0,2515.6,1478,295,6320.2027
0,639,1,2,1835.0,1129,196,3360.1027
0,640,1,1,420.2,14,2,0.2197
0,641,1,0,2363.6,1630,249,6010.2197
0,642,1,1,420.2,14,2,0.2197
0,643,1,2,1704.0,1260,249,3642.1397
0,644,1,2,1722.0,1242,249,3642.1397
0,645,1,2,1732.0,1232,247,3642.1397
0,646,1,2,1732.0,1232,247,3642.1397
0,647,1,0,2126.6,1867,348,7015.5497
0,648,1,0,2365.6,1628,247,6010.2197
0,649,1,1,420.2,14,2,0.2197
0,650,1,2,1972.0,992,194,3448.4277
0,651,1,0,2342.6,1651,295,6980.8737
0,652,1,1,265.2,169,4,0.2197
0,653,1,2,1732.0,1232,247,3642.1397
0,654,3,2,1848.0,1116,194,3886.5197
0,655,1,0,2248.6,1745,346,6656.1497
0,656,1,1,420.2,14,2,0.2197
0,657,1,2,1997.0,967,194,3360.1027
0,658,1,1,420.2,14,2,0.2197
0,659,1,0,2531.6,1462,293,6320.2027
0,660,1,2,1997.0,967,194,3360.1027
0,661,1,0,2531.6,1462,293,6320.2027
0,662,3,1,420.2,14,2,0.2197
0,663,1,2,1805.0,1159,194,4038.4387
0,664,1,1,420.2,14,2,0.2197
0,665,1,1,420.2,14,2,0.2197
0,666,1,2,1712.0,1252,247,3702.0397
0,667,1,2,1729.0,1235,245,3642.24955
0,668,3,2,1987.0,977,194,3370.85549
0,669,1,2,1732.0,1232,247,3642.1397
0,670,1,0,2444.6,1549,293,6627.5737
0,671,1,1,420.2,14,2,0.2197
0,672,1,1,420.2,14,2,0.2197
0,673,1,0,2327.6,1666,293,7040.9347
0,674,1,1,420.2,14,2,0.2197
0,675,1,0,2529.6,1464,295,6320.2027
0,676,1,2,1734.0,1230,245,3642.1397
0,677,1,2,1814.0,1150,194,4006.6417
0,678,1,2,1734.0,1230,245,3642.1397
0,679,1,1,420.2,14,2,0.2197
0,680,1,2,1997.0,967,194,3360.1027
0,681,1,1,413.2,21,2,0.37349
0,682,1,0,2365.6,1628,247,6010.2197
0,683,1,0,2495.6,1498,295,6440.3247
0,684,1,1,420.2,14,2,0.2197
0,685,1,2,1732.0,1232,247,3642.1397
0,686,1,2,1795.0,1169,194,4073.7687
0,687,1,1,420.2,14,2,0.2197
0,688,1,0,2427.6,1566,293,6687.6347
0,689,1,1,420.2,14,2,0.2197
0,690,1,0,2266.6,1727,346,6602.2397
0,691,1,0,2266.6,1727,346,6602.2397
0,692,1,1,420.2,14,2,0.2197
0,693,1,0,2395.6,1598,295,6793.6247
0,694,3,1,420.2,14,2,0.2197
0,695,1,2,1997.0,967,194,3360.1027
0,696,1,1,420.2,14,2,0.2197
0,697,1,0,2531.6,1462,293,6320.2027
0,698,1,2,1734.0,1230,245,3642.1397
0,699,1,0,2266.6,1727,346,6602.2397
0,700,3,0,2365.6,1628,247,6010.2197
0,701,1,2,1873.0,1091,194,3798.1947
0,702,1,1,420.2,14,2,0.2197
0,703,1,0,2242.6,1751,350,6673.9997
0,704,1,0,2531.6,1462,293,6320.2027
0,705,1,2,1710.0,1254,249,3642.1397
0,706,3,0,2264.6,1729,348,6602.2397
0,707,1,1,420.2,14,2,0.2197
0,708,3,2,1732.0,1232,247,3642.1397
0,709,1,0,2431.6,1562,293,6673.5027
0,710,1,0,2363.6,1630,249,6010.2197
0,711,1,1,420.2,14,2,0.2197
0,712,1,2,1732.0,1232,247,3642.1397
0,713,1,1,252.2,182,4,0.2197
0,714,1,1,309.2,125,4,0.2197
0,715,1,2,1852.0,1112,194,3872.3877
0,716,1,0,2365.6,1628,247,6010.2197
0,717,1,2,1562.0,1402,194,4896.9577
0,718,1,0,2038.6,1955,346,7285.0997
0,719,1,0,2266.6,1727,346,6602.2397
0,720,3,0,2264.6,1729,348,6602.2397
0,721,1,2,1997.0,967,194,3360.1027
0,722,1,1,420.2,14,2,0.2197
0,723,1,1,420.2,14,2,0.2197
0,724,1,0,2365.6,1628,247,6010.2197
0,725,1,1,420.2,14,2,0.2197
0,726,1,2,1917.0,1047,194,3642.7427
0,727,1,1,420.2,14,2,0.2197
0,728,1,2,1997.0,967,194,3360.1027
0,729,3,0,2531.6,1462,293,6320.2027
0,730,1,1,410.2,24,2,0.4394
0,731,1,0,2363.6,1630,249,6010.2197
0,732,1,2,1732.0,1232,247,3642.1397
0,733,1,1,420.2,14,2,0.2197
0,734,1,1,420.2,14,2,0.2197
0,735,3,2,1930.0,1034,194,3586.28061
0,736,1,0,2336.6,1657,293,7009.1377
0,737,1,1,420.2,14,2,0.2197
0,738,1,1,420.2,14,2,0.2197
0,739,1,0,2266.6,1727,346,6602.2397
0,740,1,2,1732.0,1232,247,3642.1397
0,741,3,0,2256.6,1737,346,6602.4594
0,742,1,1,420.2,14,2,0.2197
0,743,3,0,2264.6,1729,348,6602.2397
0,744,1,1,420.2,14,2,0.2197
0,745,3,2,1993.0,971,194,3374.2347
0,746,1,0,2318.6,1675,247,6150.9847
0,747,1,2,1925.0,1039,194,3614.4787
0,748,1,1,420.2,14,2,0.2197
0,749,3,1,420.2,14,2,0.2197
0,750,1,0,2328.6,1665,293,7037.4017
0,751,1,1,420.2,14,2,0.2197
0,752,1,0,2531.6,1462,293,6320.2027
0,753,1,0,2336.6,1657,251,6010.2197
0,754,1,0,2351.6,1642,251,6010.2197
0,755,3,0,2299.6,1694,295,6889.0157
0,756,1,1,420.2,14,2,0.2197
0,757,3,1,420.2,14,2,0.2197
0,758,1,1,420.2,14,2,0.2197
0,759,1,1,420.2,14,2,0.2197
0,760,1,2,1605.0,1359,247,4013.5197
0,761,3,2,1963.0,1001,194,3480.2247
0,762,1,0,2365.6,1628,247,6010.2197
0,763,1,1,420.2,14,2,0.2197
0,764,1,2,1732.0,1232,245,3642.18364
0,765,1,1,420.2,14,2,0.2197
0,766,1,0,2230.6,1763,348,6704.0697
0,767,1,2,1826.0,1138,194,3964.2457
0,768,1,0,2264.6,1729,348,6602.2397
0,769,1,2,1717.0,1247,194,4349.3427
0,770,1,2,1708.0,1256,245,3720.0097
0,771,1,2,1732.0,1232,247,3642.1397
0,772,1,2,1729.0,1235,247,3651.1247
0,773,1,2,1732.0,1232,247,3642.1397
0,774,1,2,1997.0,967,194,3360.1027
0,775,1,0,2467.6,1526,293,6546.3147
0,776,1,2,1734.0,1230,245,3642.1397
0,777,1,0,2365.6,1628,247,6010.2197
0,778,1,1,420.2,14,2,0.2197
0,779,1,0,2531.6,1462,293,6320.2027
0,780,1,2,1995.0,969,194,3360.14664
0,781,1,2,1702.0,1262,249,3642.1397
0,782,1,0,2251.6,1742,348,6632.31546
0,783,1,2,1729.0,1235,247,3642.1397
0,784,1,1,420.2,14,2,0.2197
0,785,1,2,1734.0,1230,245,3642.1397
0,786,1,2,1732.0,1232,247,3642.1397
0,787,1,0,2266.6,1727,346,6602.2397
0,788,1,1,420.2,14,2,0.2197
0,789,1,2,1987.0,977,194,3395.4327
0,790,1,2,1997.0,967,194,3360.1027
0,791,1,2,1732.0,1232,247,3642.1397
0,792,1,0,2126.6,1867,346,7021.5397
0,793,3,0,2264.6,1729,348,6602.2397
0,794,1,2,1734.0,1230,245,3642.1397
0,795,1,1,420.2,14,2,0.2197
0,796,1,2,1997.0,967,194,3360.1027
0,797,1,0,2506.6,1487,293,6408.5277
0,798,1,2,1734.0,1230,245,3642.1397
0,799,1,0,2266.6,1727,346,6602.2397
0,800,1,2,1839.0,1125,194,3918.3167
0,801,1,0,2245.6,1748,247,6369.6197
0,802,3,2,1970.0,994,194,3455.4937
0,803,1,2,1732.0,1232,247,3642.1397
0,804,1,2,1732.0,1232,247,3642.1397
0,805,1,2,1732.0,1232,247,3642.1397
0,806,1,1,420.2,14,2,0.2197
0,807,1,1,420.2,14,2,0.2197
0,808,1,0,2531.6,1462,293,6320.2027
0,809,1,1,420.2,14,2,0.2197
0,810,3,1,420.2,14,2,0.2197
0,811,1,0,2526.6,1467,295,6320.2027
0,812,1,1,420.2,14,2,0.2197
0,813,1,0,2400.6,1593,295,6775.9597
0,814,1,0,2263.6,1730,346,6620.1797
0,815,1,0,2361.6,1632,247,6010.30758
0,816,1,2,1732.0,1232,247,3642.1397
0,817,1,0,2264.6,1729,348,6602.2397
0,818,1,1,420.2,14,2,0.2197
0,819,1,2,1732.0,1232,247,3642.1397
0,820,1,0,2266.6,1727,346,6602.2397
0,821,1,2,1847.0,1117,194,3890.0527
0,822,1,1,420.2,14,2,0.2197
0,823,1,1,284.2,150,4,0.2197
0,824,1,2,1997.0,967,194,3360.1027
0,825,1,2,1734.0,1230,245,3642.1397
0,826,1,2,1997.0,967,194,3360.1027
0,827,1,0,2365.6,1628,247,6010.2197
0,828,1,1,420.2,14,2,0.2197
0,829,1,0,2363.6,1630,249,6010.2197
0,830,1,1,420.2,14,2,0.2197
0,831,1,0,2431.6,1562,295,6666.4367
0,832,1,1,420.2,14,2,0.2197
0,833,1,0,2365.6,1628,247,6010.2197
0,834,1,1,420.2,14,2,0.2197
0,835,1,2,1732.0,1232,247,3642.1397
0,836,1,1,420.2,14,2,0.2197
0,837,1,1,420.2,14,2,0.2197
0,838,1,0,2222.6,1771,346,6734.0197
0,839,1,2,1938.0,1026,194,3568.5497
0,840,3,1,420.2,14,2,0.2197
0,841,1,0,2531.6,1462,293,6320.2027
0,842,1,2,1997.0,967,194,3360.1027
0,843,1,2,1734.0,1230,245,3642.1397
0,844,1,0,2266.6,1727,346,6602.2397
0,845,3,1,420.2,14,2,0.2197
0,846,1,0,2264.6,1729,348,6602.2397
0,847,1,0,2264.6,1729,348,6602.2397
0,848,1,2,1732.0,1232,247,3642.1397
0,849,1,0,2264.6,1729,348,6602.2397
0,850,1,0,2387.6,1606,295,6821.8887
0,851,1,1,420.2,14,2,0.2197
0,852,1,2,1997.0,967,194,3360.1027
0,853,1,2,1732.0,1232,247,3642.1397
0,854,1,2,1734.0,1230,245,3642.1397
0,855,1,1,420.2,14,2,0.2197
0,856,1,1,420.2,14,2,0.2197
0,857,1,1,420.2,14,2,0.2197
0,858,1,2,1997.0,967,194,3360.1027
0,859,1,2,1997.0,967,194,3360.1027
0,860,1,0,2365.6,1628,247,6010.2197
0,861,1,1,420.2,14,2,0.2197
0,862,1,1,420.2,14,2,0.2197
0,863,3,0,2402.6,1591,293,6775.9597
0,864,1,1,420.2,14,2,0.2197
0,865,3,1,420.2,14,2,0.2197
0,866,1,1,420.2,14,2,0.2197
0,867,1,2,1997.0,967,194,3360.1027
0,868,1,0,2317.6,1676,297,7051.5337
0,869,1,0,2336.6,1657,251,6010.2197
0,870,1,1,420.2,14,2,0.2197
0,871,1,0,2363.6,1630,249,6010.2197
0,872,1,2,1734.0,1230,245,3642.1397
0,873,1,2,1724.0,1240,247,3642.31546
0,874,1,0,2266.6,1727,346,6602.2397
0,875,1,0,2219.6,1774,348,6737.0147
0,876,1,2,1837.0,1127,194,3925.3827
0,877,1,2,1734.0,1230,245,3642.1397
0,878,1,1,420.2,14,2,0.2197
0,879,1,0,2528.6,1465,295,6323.7357
0,880,1,1,95.2,339,4,0.2197
0,881,1,1,227.2,207,4,0.2197
0,882,1,0,2070.6,1923,348,7162.45849
0,883,1,2,1668.0,1296,194,4522.4597
0,884,3,1,386.2,48,4,0.2197
0,885,1,0,2311.6,1682,247,6171.9497
0,886,1,0,2410.6,1583,297,6733.5637
0,887,1,0,2266.6,1727,346,6602.2397
0,888,1,0,2363.6,1630,249,6010.2197
0,889,1,1,420.2,14,2,0.2197
0,890,1,2,1997.0,967,194,3360.1027
0,891,1,2,1873.0,1091,194,3798.1947
0,892,1,0,2266.6,1727,346,6602.2397
0,893,1,0,2264.6,1729,348,6602.2397
0,894,1,1,420.2,14,2,0.2197
0,895,1,1,420.2,14,2,0.2197
0,896,1,2,1805.0,1159,194,4038.4387
0,897,1,1,413.2,21,2,0.37349
0,898,1,1,420.2,14,2,0.2197
0,899,1,0,2374.6,1619,295,6867.8177
0,900,3,0,2263.6,1730,346,6620.1797
0,901,1,2,1729.0,1235,247,3642.1397
0,902,1,1,420.2,14,2,0.2197
0,903,3,2,1732.0,1232,247,3642.1397
0,904,1,2,1920.0,1044,194,3632.1437
0,905,1,0,2384.6,1609,293,6839.5537
0,906,1,0,2365.6,1628,247,6010.2197
0,907,1,1,420.2,14,2,0.2197
0,908,1,1,420.2,14,2,0.2197
0,909,1,0,2226.6,1767,251,6010.2197
0,910,1,0,2252.6,1741,350,6602.2397
0,911,1,1,420.2,14,2,0.2197
0,912,1,0,2256.6,1737,350,6602.2397
0,913,1,1,326.2,108,4,0.2197
0,914,1,0,2203.6,1790,346,6946.1447
0,915,1,2,1881.0,1083,194,3766.3977
0,916,1,1,420.2,14,2,0.2197
0,917,1,0,2261.6,1732,293,7457.6377
0,918,1,0,2363.6,1630,249,6010.2197
0,919,1,1,420.2,14,2,0.2197
0,920,1,1,412.2,22,2,0.39546
0,921,1,2,1732.0,1232,247,3642.1397
0,922,1,2,1742.0,1222,194,4261.0177
0,923,1,1,420.2,14,2,0.2197
0,924,1,1,420.2,14,2,0.2197
0,925,1,2,1732.0,1232,247,3642.1397
0,926,1,2,1732.0,1232,247,3642.1397
0,927,1,0,2277.6,1716,247,6267.83364
0,928,1,2,1797.0,1167,194,4066.7027
0,929,1,0,2130.6,1863,247,6714.0447
0,930,1,1,400.2,34,4,0.2197
0,931,1,2,1828.0,1136,194,3957.1797
0,932,1,1,420.2,14,2,0.2197
0,933,1,1,420.2,14,2,0.2197
0,934,1,2,1933.0,1031,194,3586.2147
0,935,1,2,1734.0,1230,245,3642.1397
0,936,1,1,420.2,14,2,0.2197
0,937,1,1,420.2,14,2,0.2197
0,938,1,1,420.2,14,2,0.2197
0,939,3,2,1732.0,1232,247,3642.1397
0,940,1,2,1732.0,1232,247,3642.1397
0,941,1,2,1795.0,1169,194,4073.7687
0,942,1,1,420.2,14,2,0.2197
0,943,1,1,420.2,14,2,0.2197
0,944,1,2,1997.0,967,194,3360.1027
0,945,1,0,2350.6,1643,293,6959.6757
0,946,1,1,420.2,14,2,0.2197
0,947,1,1,420.2,14,2,0.2197
0,948,1,1,420.2,14,2,0.2197
0,949,3,1,420.2,14,2,0.2197
0,950,1,0,2355.6,1638,293,6942.0107
0,951,1,1,420.2,14,2,0.2197
0,952,1,1,420.2,14,2,0.2197
0,953,1,1,420.2,14,2,0.2197
0,954,3,2,1976.0,988,194,3434.2957
0,955,1,2,1734.0,1230,245,3642.1397
0,956,1,2,1734.0,1230,245,3642.1397
0,957,1,2,1734.0,1230,245,3642.1397
0,958,1,1,420.2,14,2,0.2197
0,959,1,1,420.2,14,2,0.2197
0,960,1,1,420.2,14,2,0.2197
0,961,1,2,1997.0,967,194,3360.1027
0,962,1,2,1997.0,967,194,3360.1027
0,963,1,2,1734.0,1230,245,3642.1397
0,964,1,1,420.2,14,2,0.2197
0,965,1,2,1729.0,1235,245,3642.24955
0,966,1,2,1725.0,1239,247,3642.29349
0,967,1,0,2254.6,1739,350,6602.2397
0,968,1,2,1722.0,1242,249,3642.1397
0,969,1,2,1956.0,1008,196,3360.1027
0,970,1,1,420.2,14,2,0.2197
0,971,1,2,1857.0,1107,196,3360.1027
0,972,1,1,420.2,14,2,0.2197
0,973,1,2,1730.0,1234,247,3642.18364
0,974,1,1,420.2,14,2,0.2197
0,975,1,2,1732.0,1232,247,3642.1397
0,976,1,0,2357.6,1636,247,6010.39546
0,977,1,0,2344.6,1649,247,6073.1147
0,978,1,2,1936.0,1028,194,3575.6157
0,979,1,2,1734.0,1230,245,3642.1397
0,980,1,2,1732.0,1232,247,3642.1397
0,981,1,2,1891.0,1073,194,3734.6007
0,982,1,2,1732.0,1232,247,3642.1397
0,983,1,1,420.2,14,2,0.2197
0,984,3,1,420.2,14,2,0.2197
0,985,1,1,420.2,14,2,0.2197
0,986,1,0,2365.6,1628,247,6010.2197
0,987,1,0,2531.6,1462,293,6320.2027
0,988,1,2,1997.0,967,194,3360.1027
0,989,1,1,420.2,14,2,0.2197
0,990,1,2,1734.0,1230,245,3642.1397
0,991,1,1,420.2,14,2,0.2197
0,992,1,2,1992.0,972,194,3377.7677
0,993,1,0,2459.6,1534,293,6574.5787
0,994,1,0,2266.6,1727,346,6602.2397
0,995,3,2,1868.0,1096,194,3815.8597
0,996,1,2,1829.0,1135,194,3953.6467
0,997,1,1,420.2,14,2,0.2197
0,998,1,1,420.2,14,2,0.2197
0,999,1,0,2266.6,1727,346,6602.2397
Time: 61975, 534522, 220511, 340950
