CONFIGURATION:
{u'simulation': {u'stdev_factor': 0.01, u'power_mgmt_enabled': False, u'tasks': {u'loc': {u'mean_service_time': {u'gpu': 90, u'cpu_core': 200, u'loc_accel': 10}, u'priority': 1, u'deadline': 1000, u'stdev_service_time': {u'gpu': 0.9, u'cpu_core': 2.0, u'loc_accel': 0.1}, u'power': {u'gpu': 4.457, u'cpu_core': 6.133, u'loc_accel': 0.02197}}, u'detect': {u'mean_service_time': {u'gpu': 0.4607, u'cpu_core': 3.654, u'det_accel': 0.278}, u'priority': 2, u'deadline': 1000, u'stdev_service_time': {u'gpu': 0.004607, u'cpu_core': 0.03654, u'det_accel': 0.0027800000000000004}, u'power': {u'gpu': 90, u'cpu_core': 200, u'det_accel': 10}}, u'Frontier': {u'mean_service_time': {u'cpu_core': 396}, u'priority': 9, u'deadline': 1000, u'stdev_service_time': {u'cpu_core': 3.96}, u'power': {u'cpu_core': 5.98}}, u'track': {u'mean_service_time': {u'gpu': 17, u'tra_accel': 2, u'cpu_core': 1820}, u'priority': 3, u'deadline': 1000, u'stdev_service_time': {u'gpu': 0.17, u'tra_accel': 0.02, u'cpu_core': 18.2}, u'power': {u'gpu': 12.79, u'tra_accel': 0.59, u'cpu_core': 5.6}}, u'sp': {u'mean_service_time': {u'gpu': 379, u'cpu_core': 1004}, u'priority': 11, u'deadline': 1000, u'stdev_service_time': {u'gpu': 3.79, u'cpu_core': 10.040000000000001}, u'power': {u'gpu': 3.302, u'cpu_core': 1004}}, u'mission': {u'mean_service_time': {u'cpu_core': 0.0022}, u'priority': 5, u'deadline': 1000, u'stdev_service_time': {u'cpu_core': 2.2000000000000003e-05}, u'power': {u'cpu_core': 3.534}}, u'motion': {u'mean_service_time': {u'cpu_core': 8}, u'priority': 6, u'deadline': 1000, u'stdev_service_time': {u'cpu_core': 0.08}, u'power': {u'cpu_core': 4.222}}, u'collision': {u'mean_service_time': {u'cpu_core': 8}, u'priority': 7, u'deadline': 1000, u'stdev_service_time': {u'cpu_core': 0.08}, u'power': {u'cpu_core': 0}}, u'fusion': {u'mean_service_time': {u'cpu_core': 1}, u'priority': 4, u'deadline': 1000, u'stdev_service_time': {u'cpu_core': 0.01}, u'power': {u'cpu_core': 0}}, u'map': {u'mean_service_time': {u'gpu': 761, u'cpu_core': 973}, u'priority': 10, u'deadline': 1000, u'stdev_service_time': {u'gpu': 7.61, u'cpu_core': 9.73}, u'power': {u'gpu': 3.533, u'cpu_core': 2.995}}, u'path': {u'mean_service_time': {u'cpu_core': 8}, u'priority': 8, u'deadline': 1000, u'stdev_service_time': {u'cpu_core': 0.08}, u'power': {u'cpu_core': 0}}}, u'sched_policy_module': u'policies.ms1_update2', u'drop': True, u'servers': {u'gpu': {u'count': 2}, u'tra_accel': {u'count': 1}, u'cpu_core': {u'count': 8}, u'loc_accel': {u'count': 1}, u'det_accel': {u'count': 1}}, u'max_tasks_simulated': 10000, u'max_queue_size': 1000000, u'mean_arrival_time': 50, u'arrival_time_scale': 2.6}, u'general': {u'random_seed': 0, u'pre_gen_arrivals': False, u'basename': u'policy:ms1_update2__stdev_factor:0.01', u'output_trace_file': None, u'working_dir': u'/home/hiwot/meta-stomp2/sim_16042020_194257_new_arrival_50_map_rheftmapping_50_trace_10', u'input_trace_file': (False, '../mv_mapping_50_trace_10.trc'), u'logging_level': u'INFO'}}

/home/hiwot/meta-stomp2/sim_16042020_194257_new_arrival_50_map_rheftmapping_50_trace_10/../mv_mapping_50_trace_10.trc

Running STOMP simulation...
Dropped,DAG ID,DAG Priority,DAG Type,Slack,Response Time,No-Affinity Time,Energy
0,0,1,1,420.2,14,2,0.2197
0,1,1,0,2531.6,1462,293,6320.2027
0,2,1,0,2529.6,1464,295,6320.2027
0,3,1,1,420.2,14,2,0.2197
0,4,1,0,2365.6,1628,247,6010.2197
0,5,1,1,420.2,14,2,0.2197
0,6,1,1,420.2,14,2,0.2197
0,7,1,1,420.2,14,2,0.2197
0,8,1,1,420.2,14,2,0.2197
0,9,1,1,420.2,14,2,0.2197
0,10,1,0,2531.6,1462,293,6320.2027
0,11,1,2,1997.0,967,194,3360.1027
0,12,1,1,420.2,14,2,0.2197
0,13,1,2,1732.0,1232,247,3642.1397
0,14,1,0,2266.6,1727,346,6602.2397
0,15,1,2,1732.0,1232,247,3642.1397
0,16,1,1,420.2,14,2,0.2197
0,17,1,1,420.2,14,2,0.2197
0,18,1,2,1959.0,1005,194,3494.3567
0,19,1,2,1995.0,969,196,3360.1027
0,20,1,2,1732.0,1232,247,3642.1397
0,21,1,0,2266.6,1727,346,6602.2397
0,22,1,2,1732.0,1232,247,3642.1397
0,23,1,0,2369.6,1624,293,6892.5487
0,24,1,1,418.2,16,4,0.2197
0,25,1,2,1997.0,967,194,3360.1027
0,26,1,2,1734.0,1230,245,3642.1397
0,27,1,2,1734.0,1230,245,3642.1397
0,28,1,1,420.2,14,2,0.2197
0,29,1,0,2531.6,1462,293,6320.2027
0,30,1,1,420.2,14,2,0.2197
0,31,1,0,2527.6,1466,297,6320.2027
0,32,1,0,2365.6,1628,247,6010.2197
0,33,1,1,420.2,14,2,0.2197
0,34,1,0,2365.6,1628,247,6010.2197
0,35,3,2,1734.0,1230,245,3642.1397
0,36,1,0,2262.6,1731,350,6602.2397
0,37,1,1,420.2,14,2,0.2197
0,38,1,0,2516.6,1477,295,6366.1317
0,39,1,1,420.2,14,2,0.2197
0,40,3,0,2526.6,1467,295,6320.2027
0,41,1,1,420.2,14,2,0.2197
0,42,1,2,1643.0,1321,247,3642.1397
0,43,1,0,2445.6,1548,293,6626.4877
0,44,1,0,2266.6,1727,346,6602.2397
0,45,3,1,420.2,14,2,0.2197
0,46,1,2,1734.0,1230,245,3642.1397
0,47,1,2,1930.0,1034,194,3596.8137
0,48,1,2,1732.0,1232,247,3642.1397
0,49,3,0,2266.6,1727,346,6602.2397
0,50,1,0,2261.6,1732,348,6602.30561
0,51,1,1,420.2,14,2,0.2197
0,52,1,0,2476.6,1517,297,6500.3857
0,53,1,0,2264.6,1729,348,6602.2397
0,54,1,1,420.2,14,2,0.2197
0,55,1,1,420.2,14,2,0.2197
0,56,1,2,1871.0,1093,194,3805.2607
0,57,1,0,2266.6,1727,346,6602.2397
0,58,1,2,1732.0,1232,247,3642.1397
0,59,1,1,420.2,14,2,0.2197
0,60,1,1,420.2,14,2,0.2197
0,61,1,1,418.2,16,2,0.26364
0,62,1,1,420.2,14,2,0.2197
0,63,3,2,1997.0,967,194,3360.1027
0,64,3,2,1997.0,967,194,3360.1027
0,65,1,0,1852.6,2141,251,6010.2197
0,66,1,0,2049.6,1944,251,6010.2197
0,67,1,0,2144.6,1849,350,6913.1997
0,68,1,2,1185.0,1779,249,3642.1397
0,69,1,0,2320.6,1673,297,7522.1827
0,70,1,0,2251.6,1742,293,7982.68664
0,71,1,2,1500.0,1464,249,3642.1397
0,72,1,0,2258.6,1735,348,6638.1197
0,73,1,2,1669.0,1295,249,3642.1397
0,74,1,2,1732.0,1232,247,3642.1397
0,75,1,0,2238.6,1755,293,7355.3717
0,76,1,2,1798.0,1166,194,4063.1697
0,77,1,0,2205.6,1788,350,6754.9847
0,79,1,2,1729.0,1235,245,3657.1147
0,80,2,1,19.2,415,4,0.2197
0,81,1,1,84.2,350,4,0.2197
0,82,1,0,1687.6,2306,350,7003.5697
0,83,1,0,1967.6,2026,350,6620.1797
0,84,1,1,337.2,97,4,0.2197
0,85,1,2,1371.0,1593,196,3935.9817
0,86,1,2,1415.0,1549,196,3360.1027
0,87,1,0,2263.6,1730,346,6620.1797
0,88,1,2,1539.0,1425,249,3642.1397
0,89,1,2,1562.0,1402,249,3642.1397
0,90,1,2,1699.0,1265,249,3642.1397
0,91,1,0,2264.6,1729,348,6602.2397
0,92,1,1,365.2,69,4,0.32955
0,93,1,2,1732.0,1232,247,3642.1397
0,94,1,1,-101.8,536,4,0.2197
0,95,1,0,2419.6,1574,295,6691.27755
0,97,3,0,2529.6,1464,295,6320.2027
0,98,1,2,1664.0,1300,245,3851.7897
0,99,2,1,-61.8,496,4,0.2197
0,100,1,0,2266.6,1727,346,6602.2397
0,101,1,1,8.2,426,4,0.4394
0,102,1,0,2249.6,1744,249,6351.6497
0,103,1,1,213.2,221,4,0.2197
0,104,1,1,223.2,211,4,0.2197
0,105,1,0,2362.6,1631,249,6013.2147
0,106,1,0,2344.6,1649,295,6973.8077
0,107,1,2,1997.0,967,194,3360.1027
0,108,1,0,2266.6,1727,346,6602.2397
0,109,1,1,420.2,14,2,0.2197
0,110,1,1,420.2,14,2,0.2197
0,111,1,1,420.2,14,2,0.2197
0,112,1,1,420.2,14,2,0.2197
0,113,1,0,2531.6,1462,293,6320.2027
0,114,1,0,2531.6,1462,293,6320.2027
0,115,3,2,1860.0,1104,194,3844.1237
0,116,1,1,420.2,14,2,0.2197
0,117,1,1,420.2,14,2,0.2197
0,118,1,2,1797.0,1167,194,4066.7027
0,119,1,2,1734.0,1230,245,3642.1397
0,120,1,1,420.2,14,2,0.2197
0,121,1,0,2264.6,1729,348,6602.2397
0,122,1,0,2365.6,1628,247,6010.2197
0,123,3,1,420.2,14,2,0.2197
0,124,3,2,1892.0,1072,194,3731.0677
0,125,1,1,420.2,14,2,0.2197
0,126,1,2,1734.0,1230,245,3642.1397
0,127,1,0,2266.6,1727,346,6602.2397
0,128,1,1,420.2,14,2,0.2197
0,129,1,2,1920.0,1044,194,3632.1437
0,130,1,2,1732.0,1232,247,3642.1397
0,131,1,2,1815.0,1149,194,4003.1087
0,132,1,1,420.2,14,2,0.2197
0,133,1,2,1962.0,1002,194,3483.7577
0,134,1,1,420.2,14,2,0.2197
0,135,1,2,1732.0,1232,245,3642.18364
0,136,1,1,420.2,14,2,0.2197
0,137,1,0,2529.6,1464,295,6320.2027
0,138,1,0,2363.6,1630,247,6010.26364
0,139,1,1,420.2,14,2,0.2197
0,140,1,0,2326.6,1667,295,7037.4017
0,141,1,2,1734.0,1230,245,3642.1397
0,142,1,2,1732.0,1232,247,3642.1397
0,143,1,2,1732.0,1232,247,3642.1397
0,144,1,1,420.2,14,2,0.2197
0,145,3,1,420.2,14,2,0.2197
0,146,1,0,2282.6,1711,247,6258.8047
0,147,3,0,2464.6,1529,293,6556.9137
0,148,1,1,420.2,14,2,0.2197
0,149,1,2,1880.0,1084,194,3773.4637
0,150,3,2,1732.0,1232,247,3642.1397
0,151,1,0,2266.6,1727,346,6602.2397
0,152,1,0,2447.6,1546,295,6609.9087
0,153,1,2,1734.0,1230,245,3642.1397
0,154,1,1,420.2,14,2,0.2197
0,155,1,1,420.2,14,2,0.2197
0,156,1,0,2508.6,1485,293,6401.4617
0,157,1,1,420.2,14,2,0.2197
0,158,1,1,420.2,14,2,0.2197
0,159,1,1,420.2,14,2,0.2197
0,160,1,2,1997.0,967,194,3360.1027
0,161,1,1,420.2,14,2,0.2197
0,162,1,2,1997.0,967,194,3360.1027
0,163,1,2,1734.0,1230,245,3642.1397
0,164,1,0,2266.6,1727,346,6602.2397
0,165,3,2,1732.0,1232,247,3642.1397
0,166,1,1,420.2,14,2,0.2197
0,167,1,0,2529.6,1464,295,6320.2027
0,168,1,1,420.2,14,2,0.2197
0,169,1,0,2531.6,1462,293,6320.2027
0,170,1,1,420.2,14,2,0.2197
0,171,1,1,420.2,14,2,0.2197
0,172,1,1,420.2,14,2,0.2197
0,173,1,2,1995.0,969,194,3360.14664
0,174,1,1,420.2,14,2,0.2197
0,175,1,0,2363.6,1630,293,6913.7467
0,176,1,1,420.2,14,2,0.2197
0,177,1,0,2365.6,1628,247,6010.2197
0,178,1,1,420.2,14,2,0.2197
0,179,1,1,420.2,14,2,0.2197
0,180,1,0,2531.6,1462,293,6320.2027
0,181,1,1,418.2,16,2,0.26364
0,182,1,1,420.2,14,2,0.2197
0,183,1,0,2529.6,1464,295,6320.2027
0,184,1,1,413.2,21,2,0.37349
0,185,1,2,1728.0,1236,247,3642.22758
0,186,1,2,1732.0,1232,247,3642.1397
0,187,3,1,420.2,14,2,0.2197
0,188,1,2,1734.0,1230,245,3642.1397
0,189,1,1,420.2,14,2,0.2197
0,190,1,2,1959.0,1005,194,3494.3567
0,191,1,1,420.2,14,2,0.2197
0,192,1,1,420.2,14,2,0.2197
0,193,1,1,420.2,14,2,0.2197
0,194,1,1,420.2,14,2,0.2197
0,195,1,0,2531.6,1462,293,6320.2027
0,196,1,2,1997.0,967,194,3360.1027
0,197,1,0,2365.6,1628,247,6010.2197
0,198,1,0,2365.6,1628,247,6010.2197
0,199,1,2,1732.0,1232,247,3642.1397
0,200,3,0,2261.6,1732,346,6602.34955
0,201,1,2,1997.0,967,194,3360.1027
0,202,1,1,420.2,14,2,0.2197
0,203,1,0,2531.6,1462,293,6320.2027
0,204,1,0,2529.6,1464,295,6320.2027
0,205,1,0,2344.6,1649,293,6980.8737
0,206,1,2,1734.0,1230,245,3642.1397
0,207,1,1,420.2,14,2,0.2197
0,208,1,2,1732.0,1232,247,3642.1397
0,209,1,0,2266.6,1727,346,6602.2397
0,210,1,0,2256.6,1737,348,6602.41546
0,211,1,1,420.2,14,2,0.2197
0,212,1,0,2420.6,1573,295,6705.2997
0,213,1,1,420.2,14,2,0.2197
0,214,1,0,2340.6,1653,293,6995.0057
0,215,1,1,420.2,14,2,0.2197
0,216,1,0,2531.6,1462,293,6320.2027
0,217,1,0,2531.6,1462,293,6320.2027
0,218,1,0,2365.6,1628,247,6010.2197
0,219,1,1,420.2,14,2,0.2197
0,220,1,1,420.2,14,2,0.2197
0,221,1,1,420.2,14,2,0.2197
0,222,1,0,2531.6,1462,293,6320.2027
0,223,3,1,420.2,14,2,0.2197
0,224,1,1,410.2,24,2,0.4394
0,225,1,0,2529.6,1464,295,6320.2027
0,226,1,1,420.2,14,2,0.2197
0,227,1,2,1734.0,1230,245,3642.1397
0,228,1,1,420.2,14,2,0.2197
0,229,1,2,1997.0,967,194,3360.1027
0,230,1,0,2531.6,1462,293,6320.2027
0,231,1,0,2365.6,1628,247,6010.2197
0,232,1,1,420.2,14,2,0.2197
0,233,1,0,2365.6,1628,247,6010.2197
0,234,1,1,420.2,14,2,0.2197
0,235,1,2,1997.0,967,194,3360.1027
0,236,1,0,2531.6,1462,293,6320.2027
0,237,1,1,420.2,14,2,0.2197
0,238,1,1,420.2,14,2,0.2197
0,239,1,2,1734.0,1230,245,3642.1397
0,240,1,0,2266.6,1727,346,6602.2397
0,241,1,0,2266.6,1727,346,6602.2397
0,242,3,2,1956.0,1008,194,3504.9557
0,243,1,0,2357.6,1636,293,6934.9447
0,244,1,1,420.2,14,2,0.2197
0,245,1,1,420.2,14,2,0.2197
0,246,1,1,420.2,14,2,0.2197
0,247,1,0,2256.6,1737,350,6602.2397
0,248,3,0,2264.6,1729,348,6602.2397
0,249,1,2,1876.0,1088,194,3787.5957
0,250,1,1,420.2,14,2,0.2197
0,251,1,0,2463.6,1530,295,6553.3807
0,252,3,0,2365.6,1628,247,6010.2197
0,253,1,2,1734.0,1230,245,3642.1397
0,254,1,1,420.2,14,2,0.2197
0,255,1,0,2266.6,1727,346,6602.2397
0,256,1,2,1724.0,1240,247,3642.31546
0,257,1,1,420.2,14,2,0.2197
0,258,1,1,420.2,14,2,0.2197
0,259,1,0,2529.6,1464,295,6320.2027
0,260,1,1,416.2,18,2,0.30758
0,261,1,0,2468.6,1525,293,6542.7817
0,262,1,1,420.2,14,2,0.2197
0,263,1,2,1732.0,1232,247,3642.1397
0,264,1,1,403.2,31,4,0.2197
0,265,1,1,420.2,14,2,0.2197
0,266,1,1,420.2,14,2,0.2197
0,267,1,2,1724.0,1240,249,3642.1397
0,268,1,0,2321.6,1672,293,7062.1327
0,269,1,0,2365.6,1628,247,6010.2197
0,270,1,2,1693.0,1271,196,3858.2557
0,271,1,2,1722.0,1242,249,3642.1397
0,272,1,1,420.2,14,2,0.2197
0,273,1,1,420.2,14,2,0.2197
0,274,1,1,420.2,14,2,0.2197
0,275,1,0,2363.6,1630,247,6010.26364
0,276,1,0,2176.6,1817,350,6620.1797
0,277,1,0,2249.6,1744,350,6620.1797
0,278,1,2,1734.0,1230,245,3642.1397
0,279,1,2,1811.0,1153,194,4017.2407
0,280,1,0,2266.6,1727,346,6602.2397
0,281,1,1,369.2,65,4,0.2197
0,282,3,2,1919.0,1045,194,3635.6767
0,283,3,0,2204.6,1789,350,6602.2397
0,284,1,0,2357.6,1636,249,6010.2197
0,285,1,1,420.2,14,2,0.2197
0,286,3,1,420.2,14,2,0.2197
0,287,1,0,2363.6,1630,249,6010.2197
0,288,1,2,1804.0,1160,194,4041.9717
0,289,1,1,341.2,93,4,0.2197
0,290,1,2,1653.0,1311,196,4275.1497
0,291,1,0,2248.6,1745,350,6602.2397
0,292,1,0,2264.6,1729,348,6602.2397
0,293,1,0,1599.6,2394,350,7442.6147
0,294,3,2,1586.0,1378,249,3642.1397
0,295,1,1,420.2,14,2,0.2197
0,296,1,1,420.2,14,2,0.2197
0,297,3,0,2519.6,1474,297,6320.2027
0,298,1,1,420.2,14,2,0.2197
0,299,3,1,420.2,14,2,0.2197
0,300,1,1,418.2,16,2,0.26364
0,301,1,1,418.2,16,2,0.26364
0,302,1,0,2249.6,1744,346,6620.48728
0,303,1,2,1724.0,1240,196,3515.57667
0,304,3,2,1631.0,1333,249,3678.0797
0,305,1,2,1632.0,1332,249,3642.1397
0,306,1,2,1704.0,1260,249,3642.1397
0,307,1,0,2334.6,1659,247,6103.0647
0,308,1,1,164.2,270,4,0.2197
0,309,1,2,1888.0,1076,194,3745.1997
0,310,1,2,1833.0,1131,194,3939.5147
0,311,1,2,1732.0,1232,247,3642.1397
0,312,1,2,1730.0,1234,247,3648.1297
0,314,1,0,2302.6,1691,247,6198.9047
0,315,1,0,2360.6,1633,249,6019.2047
0,316,1,1,145.2,289,4,0.26364
0,317,1,2,1685.0,1279,245,3788.8947
0,318,3,1,341.2,93,4,0.2197
0,319,2,1,420.2,14,2,0.2197
0,320,1,1,420.2,14,2,0.2197
0,321,1,2,1997.0,967,194,3360.1027
0,322,1,1,420.2,14,2,0.2197
0,323,1,0,2531.6,1462,293,6320.2027
0,324,1,1,420.2,14,2,0.2197
0,325,1,1,420.2,14,2,0.2197
0,326,1,2,1734.0,1230,245,3642.1397
0,327,1,0,2266.6,1727,346,6602.2397
0,328,1,1,420.2,14,2,0.2197
0,329,1,0,1180.6,2813,297,6751.2287
0,330,1,2,1997.0,967,194,3360.1027
0,331,1,1,420.2,14,2,0.2197
0,332,3,2,1654.0,1310,249,3642.1397
0,333,3,0,1833.6,2160,350,6632.1397
0,334,1,2,638.0,2326,249,3642.1397
0,335,1,2,754.0,2210,249,3642.1397
0,336,1,1,420.2,14,2,0.2197
0,337,1,0,1895.6,2098,350,6644.0997
0,338,1,0,2385.6,1608,297,6445.7827
0,339,1,0,2365.6,1628,293,7312.8827
0,340,1,0,2204.6,1789,348,6961.0397
0,341,1,2,1606.0,1358,249,3642.1397
0,342,1,2,1631.0,1333,249,3743.9697
0,343,1,2,1670.0,1294,245,3833.8197
0,344,1,2,1631.0,1333,247,3944.6347
0,346,1,2,1692.0,1272,247,3761.9397
0,349,1,2,1901.0,1063,194,3699.2707
0,351,1,2,1811.0,1153,194,4013.72967
0,352,2,1,205.2,229,4,0.2197
0,353,1,2,1642.0,1322,245,3893.89546
0,354,3,0,2350.6,1643,247,6049.19864
0,355,1,0,2355.6,1638,293,6942.0107
0,356,1,2,1835.0,1129,194,3932.4487
0,357,1,0,2365.6,1628,247,6010.2197
0,358,3,0,2365.6,1628,247,6010.2197
0,359,1,0,2266.6,1727,346,6602.2397
0,360,1,0,2365.6,1628,247,6010.2197
0,361,1,2,1734.0,1230,245,3642.1397
0,362,1,1,420.2,14,2,0.2197
0,363,1,0,2529.6,1464,295,6320.2027
0,364,1,2,1997.0,967,194,3360.1027
0,365,1,2,1732.0,1232,247,3642.1397
0,366,1,0,2266.6,1727,346,6602.2397
0,367,1,1,420.2,14,2,0.2197
0,368,1,2,1732.0,1232,247,3642.1397
0,369,1,0,2266.6,1727,346,6602.2397
0,370,1,2,1815.0,1149,194,4003.1087
0,371,1,1,420.2,14,2,0.2197
0,372,1,2,1997.0,967,194,3360.1027
0,373,1,1,420.2,14,2,0.2197
0,374,1,2,1997.0,967,194,3360.1027
0,375,3,0,2365.6,1628,247,6010.2197
0,376,3,0,2365.6,1628,247,6010.2197
0,377,1,0,2465.6,1528,295,6546.3147
0,378,1,2,1734.0,1230,245,3642.1397
0,379,1,0,2266.6,1727,346,6602.2397
0,380,1,0,2266.6,1727,346,6602.2397
0,381,1,1,420.2,14,2,0.2197
0,382,1,1,420.2,14,2,0.2197
0,383,1,0,2433.6,1560,295,6652.34864
0,384,1,0,2522.6,1471,293,6351.9997
0,385,1,2,1928.0,1036,194,3603.8797
0,386,3,2,1732.0,1232,247,3642.1397
0,387,1,2,1997.0,967,194,3360.1027
0,388,1,0,2363.6,1630,247,6010.26364
0,389,1,1,420.2,14,2,0.2197
0,390,1,1,420.2,14,2,0.2197
0,391,1,2,1944.0,1020,194,3547.3517
0,392,1,0,2365.6,1628,247,6010.2197
0,393,1,2,1847.0,1117,194,3890.0527
0,394,1,1,420.2,14,2,0.2197
0,395,1,2,1734.0,1230,245,3642.1397
0,396,1,0,2531.6,1462,293,6320.2027
0,397,1,2,1997.0,967,194,3360.1027
0,398,1,1,420.2,14,2,0.2197
0,399,3,1,420.2,14,2,0.2197
0,400,1,2,1997.0,967,194,3360.1027
0,401,1,0,2355.6,1638,247,6010.4394
0,402,3,1,420.2,14,2,0.2197
0,403,1,2,1997.0,967,194,3360.1027
0,404,3,2,1729.0,1235,245,3642.24955
0,405,1,1,420.2,14,2,0.2197
0,406,1,0,2503.6,1490,293,6419.1267
0,407,1,1,420.2,14,2,0.2197
0,408,1,0,2060.6,1933,251,6010.2197
0,409,1,1,420.2,14,2,0.2197
0,410,1,1,420.2,14,2,0.2197
0,411,1,0,2356.6,1637,297,6373.1977
0,412,1,0,2408.6,1585,293,6771.8907
0,413,1,0,2259.6,1734,346,6644.0997
0,414,1,0,2257.6,1736,348,6644.0997
0,415,1,0,2263.6,1730,346,6620.1797
0,416,3,0,2261.6,1732,348,6620.1797
0,417,1,1,420.2,14,2,0.2197
0,418,1,0,2363.6,1630,249,6010.2197
0,419,1,0,2345.6,1648,293,6977.3407
0,420,1,0,2266.6,1727,346,6602.2397
0,421,1,0,2529.6,1464,295,6320.2027
0,422,1,0,2290.6,1703,249,6228.8547
0,423,1,2,1863.0,1101,194,3833.5247
0,424,1,2,1787.0,1177,194,4102.0327
0,425,1,1,420.2,14,2,0.2197
0,426,1,1,420.2,14,2,0.2197
0,427,1,0,2365.6,1628,247,6010.2197
0,428,1,1,420.2,14,2,0.2197
0,429,1,2,1732.0,1232,247,3642.1397
0,430,1,0,2264.6,1729,348,6602.2397
0,431,1,2,1732.0,1232,247,3642.1397
0,432,1,2,1732.0,1232,247,3642.1397
0,433,3,2,1997.0,967,194,3360.1027
0,434,1,1,420.2,14,2,0.2197
0,435,1,1,420.2,14,2,0.2197
0,436,3,2,1997.0,967,194,3360.1027
0,437,1,0,2365.6,1628,247,6010.2197
0,438,1,1,420.2,14,2,0.2197
0,439,1,2,1734.0,1230,245,3642.1397
0,440,1,2,1997.0,967,194,3360.1027
0,441,1,1,420.2,14,2,0.2197
0,442,3,0,2516.6,1477,293,6373.1977
0,443,1,1,420.2,14,2,0.2197
0,444,1,0,2363.6,1630,249,6010.2197
0,445,1,2,1734.0,1230,245,3642.1397
0,446,1,1,420.2,14,2,0.2197
0,447,1,2,1858.0,1106,196,3844.1237
0,448,1,1,420.2,14,2,0.2197
0,449,1,1,420.2,14,2,0.2197
0,450,1,2,1793.0,1171,194,4080.8347
0,451,1,2,1734.0,1230,245,3642.1397
0,452,1,1,420.2,14,2,0.2197
0,453,1,2,1732.0,1232,247,3642.1397
0,454,1,0,2266.6,1727,346,6602.2397
0,455,1,2,1936.0,1028,194,3575.6157
0,456,1,1,420.2,14,2,0.2197
0,457,1,0,2395.6,1598,293,6800.6907
0,458,1,2,1734.0,1230,245,3642.1397
0,459,1,1,420.2,14,2,0.2197
0,460,1,1,420.2,14,2,0.2197
0,461,1,0,2364.6,1629,293,6910.2137
0,462,1,1,420.2,14,2,0.2197
0,463,1,0,2365.6,1628,247,6010.2197
0,464,1,0,2443.6,1550,295,6624.0407
0,465,1,1,420.2,14,2,0.2197
0,466,1,0,2264.6,1729,348,6602.2397
0,467,1,0,2264.6,1729,348,6602.2397
0,468,1,1,417.2,17,2,0.28561
0,469,1,0,2342.6,1651,295,6980.8737
0,470,1,1,420.2,14,2,0.2197
0,471,1,2,1727.0,1237,245,3642.29349
0,472,1,1,408.2,26,2,0.48334
0,473,1,2,1732.0,1232,247,3642.1397
0,474,1,2,1857.0,1107,194,3854.7227
0,475,3,2,1734.0,1230,245,3642.1397
0,476,1,0,2266.6,1727,346,6602.2397
0,477,1,1,420.2,14,2,0.2197
0,478,1,1,420.2,14,2,0.2197
0,479,3,2,1997.0,967,194,3360.1027
0,480,1,2,1997.0,967,194,3360.1027
0,481,1,1,420.2,14,2,0.2197
0,482,1,1,420.2,14,2,0.2197
0,483,1,0,2249.6,1744,348,6602.56925
0,484,1,2,1732.0,1232,245,3642.18364
0,485,1,0,2340.6,1653,295,6987.9397
0,486,1,2,1732.0,1232,247,3642.1397
0,487,1,1,420.2,14,2,0.2197
0,488,1,0,2443.6,1550,293,6631.1067
0,489,1,1,420.2,14,2,0.2197
0,490,1,2,1724.0,1240,245,3642.3594
0,491,1,2,1717.0,1247,247,3642.46925
0,492,1,0,2266.6,1727,346,6602.2397
0,493,1,1,420.2,14,2,0.2197
0,494,1,2,1997.0,967,194,3360.1027
0,495,1,0,2426.6,1567,293,6691.1677
0,496,1,0,2365.6,1628,247,6010.2197
0,497,1,0,2365.6,1628,247,6010.2197
0,498,1,1,420.2,14,2,0.2197
0,499,1,0,2363.6,1630,249,6010.2197
0,500,1,0,2392.6,1601,295,6804.2237
0,501,3,2,1843.0,1121,194,3904.1847
0,502,1,2,1732.0,1232,247,3642.1397
0,503,1,1,420.2,14,2,0.2197
0,504,1,2,1732.0,1232,247,3642.1397
0,505,1,1,420.2,14,2,0.2197
0,506,1,1,420.2,14,2,0.2197
0,507,1,2,1879.0,1085,194,3776.9967
0,508,1,1,412.2,22,2,0.39546
0,509,1,0,2266.6,1727,346,6602.2397
0,510,1,1,420.2,14,2,0.2197
0,511,1,1,418.2,16,4,0.2197
0,512,1,1,420.2,14,2,0.2197
0,513,1,2,1997.0,967,194,3360.1027
0,514,1,1,420.2,14,2,0.2197
0,515,1,2,1806.0,1158,194,4034.9057
0,516,3,1,420.2,14,2,0.2197
0,517,1,1,420.2,14,2,0.2197
0,518,1,1,420.2,14,2,0.2197
0,519,1,0,2365.6,1628,247,6010.2197
0,520,1,2,1976.0,988,194,3434.2957
0,521,1,0,2365.6,1628,247,6010.2197
0,522,1,2,1804.0,1160,194,4041.9717
0,523,1,2,1734.0,1230,245,3642.1397
0,524,1,2,1732.0,1232,247,3642.1397
0,525,1,2,1732.0,1232,247,3642.1397
0,526,1,1,420.2,14,2,0.2197
0,527,1,1,420.2,14,2,0.2197
0,528,1,2,1997.0,967,194,3360.1027
0,529,3,2,1826.0,1138,194,3964.2457
0,530,1,2,1732.0,1232,247,3642.1397
0,531,3,1,420.2,14,2,0.2197
0,532,1,2,1729.0,1235,247,3642.20561
0,533,1,0,2365.6,1628,247,6010.2197
0,534,1,0,2365.6,1628,247,6010.2197
0,535,1,0,2376.6,1617,295,6860.7517
0,536,1,2,1997.0,967,194,3360.1027
0,537,1,1,420.2,14,2,0.2197
0,538,1,0,382.6,3611,350,6620.1797
0,539,1,0,387.6,3606,350,6620.22364
0,540,1,0,626.6,3367,297,8619.4077
0,541,1,0,810.6,3183,350,6949.0797
0,542,1,0,900.6,3093,350,8934.4397
0,543,1,1,420.2,14,2,0.2197
0,544,2,2,60.0,2904,196,3953.6467
0,545,1,0,1287.6,2706,350,6638.1197
0,546,2,2,342.0,2622,249,3642.1397
0,547,1,0,1367.6,2626,350,6662.08364
0,548,1,0,1368.6,2625,350,8994.28364
0,549,1,1,-1863.8,2298,4,0.2197
0,550,1,1,-1830.8,2265,4,0.2197
0,551,1,2,659.0,2305,196,3519.0877
0,552,1,2,660.0,2304,196,5108.9377
0,553,1,0,1888.6,2105,350,7278.7997
0,554,1,2,953.0,2011,249,4007.5297
0,557,1,2,1178.0,1786,196,4960.5517
0,559,1,2,1305.0,1659,249,4277.0797
0,560,1,2,1372.0,1592,249,4100.3747
0,562,1,2,1499.0,1465,249,3740.9747
0,564,1,0,1765.6,2228,297,7507.2907
0,565,1,0,1775.6,2218,251,6567.2897
0,566,1,0,1845.6,2148,251,6615.2097
0,567,1,0,1822.6,2171,348,8230.4997
0,568,1,2,994.0,1970,249,4915.0147
0,569,1,2,1180.0,1784,249,5217.5097
0,570,3,0,2299.6,1694,295,7149.9217
0,571,1,2,1395.0,1569,249,4603.5347
0,572,2,1,-40.8,475,4,0.2197
0,573,1,2,1588.0,1376,247,4055.4497
0,574,1,0,1091.6,2902,297,6320.2027
0,575,1,0,1305.6,2688,297,7344.5257
0,576,1,0,1417.6,2576,350,7948.0797
0,577,1,2,397.0,2567,249,4388.1144
0,578,1,1,20.2,414,4,0.2197
0,579,1,0,1619.6,2374,350,6793.8897
0,580,1,2,960.0,2004,196,3526.1537
0,581,1,0,2024.6,1969,350,7397.5797
0,582,1,2,1172.0,1792,249,3642.1397
0,583,1,0,2208.6,1785,350,6662.0397
0,584,1,2,1193.0,1771,249,3642.24955
0,587,1,0,2083.6,1910,295,8945.6837
0,588,1,2,1504.0,1460,249,4100.3747
0,589,2,2,1696.0,1268,196,4275.1497
0,590,2,0,2249.6,1744,247,6357.6397
0,591,1,2,1466.0,1498,194,5236.1257
0,592,1,2,1514.0,1450,245,4301.0397
0,593,1,0,2213.6,1780,247,6465.4597
0,594,1,0,2163.6,1830,348,6904.7347
0,595,1,2,1639.0,1325,247,3920.6747
0,598,2,1,272.2,162,4,0.2197
0,599,1,1,316.2,118,4,0.2197
0,600,2,1,389.2,45,4,0.2197
0,601,1,2,1997.0,967,194,3360.1027
0,602,1,1,420.2,14,2,0.2197
0,603,3,2,1734.0,1230,245,3642.1397
0,604,1,0,2476.6,1517,293,6514.5177
0,605,1,0,2266.6,1727,346,6602.2397
0,606,1,1,420.2,14,2,0.2197
0,607,1,0,2264.6,1729,348,6602.2397
0,608,1,1,420.2,14,2,0.2197
0,609,1,2,1901.0,1063,194,3699.2707
0,610,1,1,420.2,14,2,0.2197
0,611,1,2,1795.0,1169,194,4073.7687
0,612,1,0,2365.6,1628,247,6010.2197
0,613,1,1,420.2,14,2,0.2197
0,614,1,0,2266.6,1727,346,6602.2397
0,615,1,2,1732.0,1232,247,3642.1397
0,616,1,2,1732.0,1232,247,3642.1397
0,617,3,2,1997.0,967,194,3360.1027
0,618,1,0,2531.6,1462,293,6320.2027
0,619,1,0,2361.6,1632,251,6010.2197
0,620,1,2,1732.0,1232,247,3642.1397
0,621,1,2,1997.0,967,194,3360.1027
0,622,3,0,2464.6,1529,293,6549.89164
0,623,1,2,1724.0,1240,249,3642.1397
0,624,1,2,1734.0,1230,245,3642.1397
0,625,1,0,2266.6,1727,346,6602.2397
0,626,1,1,420.2,14,2,0.2197
0,627,3,2,1732.0,1232,247,3642.1397
0,628,1,0,2264.6,1729,348,6602.2397
0,629,1,2,1749.0,1215,194,4236.2867
0,630,3,2,1896.0,1068,194,3716.9357
0,631,1,0,2365.6,1628,247,6010.2197
0,632,1,2,1732.0,1232,247,3642.1397
0,633,1,1,356.2,78,4,0.2197
0,634,1,0,1752.6,2241,350,6602.2397
0,635,1,2,1732.0,1232,247,3642.1397
0,636,1,1,420.2,14,2,0.2197
0,637,1,2,1824.0,1140,194,3971.3117
0,638,1,0,2372.6,1621,297,7103.5827
0,639,1,2,1687.0,1277,249,3642.1397
0,640,1,1,420.2,14,2,0.2197
0,641,1,0,2354.6,1639,293,6945.5437
0,642,1,1,420.2,14,2,0.2197
0,643,1,2,1704.0,1260,249,3642.1397
0,644,1,2,1722.0,1242,249,3642.1397
0,645,1,2,1732.0,1232,247,3642.1397
0,646,1,2,1732.0,1232,247,3642.1397
0,647,1,0,2366.6,1627,295,6896.0817
0,648,1,0,2264.6,1729,348,6602.2397
0,649,1,1,420.2,14,2,0.2197
0,650,1,2,1732.0,1232,247,3642.1397
0,651,1,0,2003.6,1990,293,8185.6267
0,652,1,1,117.2,317,4,0.2197
0,653,1,2,1722.0,1242,247,3672.0897
0,654,3,2,1848.0,1116,194,3886.5197
0,655,1,0,2345.6,1648,249,6064.1297
0,656,1,1,420.2,14,2,0.2197
0,657,1,2,1821.0,1143,194,3981.9107
0,658,1,1,420.2,14,2,0.2197
0,659,1,0,2531.6,1462,293,6320.2027
0,660,1,2,1842.0,1122,194,3907.7177
0,661,1,0,2527.6,1466,297,6320.2027
0,662,3,1,420.2,14,2,0.2197
0,663,1,2,1734.0,1230,245,3642.1397
0,664,1,1,420.2,14,2,0.2197
0,665,1,1,420.2,14,2,0.2197
0,666,1,2,1997.0,967,194,3360.1027
0,667,1,2,1719.0,1245,245,3672.19955
0,668,3,2,1987.0,977,194,3370.85549
0,669,1,2,1732.0,1232,247,3642.1397
0,670,1,0,2266.6,1727,346,6602.2397
0,671,1,1,420.2,14,2,0.2197
0,672,1,1,420.2,14,2,0.2197
0,673,1,0,2350.6,1643,293,6959.6757
0,674,1,1,420.2,14,2,0.2197
0,675,1,0,2529.6,1464,295,6320.2027
0,676,1,2,1734.0,1230,245,3642.1397
0,677,1,2,1835.0,1129,196,3925.3827
0,678,1,2,1732.0,1232,247,3642.1397
0,679,1,1,420.2,14,2,0.2197
0,680,1,2,1997.0,967,194,3360.1027
0,681,1,1,413.2,21,2,0.37349
0,682,1,0,2266.6,1727,346,6602.2397
0,683,1,0,2518.6,1475,295,6359.0657
0,684,1,1,420.2,14,2,0.2197
0,685,1,2,1734.0,1230,245,3642.1397
0,686,1,2,1795.0,1169,194,4073.7687
0,687,1,1,420.2,14,2,0.2197
0,688,1,0,2450.6,1543,293,6606.3757
0,689,1,1,420.2,14,2,0.2197
0,690,1,0,2266.6,1727,346,6602.2397
0,691,1,0,2266.6,1727,346,6602.2397
0,692,1,1,420.2,14,2,0.2197
0,693,1,0,2397.6,1596,293,6793.6247
0,694,3,1,420.2,14,2,0.2197
0,695,1,2,1997.0,967,194,3360.1027
0,696,1,1,420.2,14,2,0.2197
0,697,1,0,2531.6,1462,293,6320.2027
0,698,1,2,1734.0,1230,245,3642.1397
0,699,1,0,2264.6,1729,348,6602.2397
0,700,3,0,2355.6,1638,251,6010.2197
0,701,1,2,1873.0,1091,194,3798.1947
0,702,1,1,420.2,14,2,0.2197
0,703,1,0,2251.6,1742,350,6620.1797
0,704,1,0,2531.6,1462,293,6320.2027
0,705,1,2,1719.0,1245,249,3642.1397
0,706,3,0,2264.6,1729,348,6602.2397
0,707,1,1,420.2,14,2,0.2197
0,708,3,2,1732.0,1232,247,3642.1397
0,709,1,0,2429.6,1564,295,6673.5027
0,710,1,0,2363.6,1630,249,6010.2197
0,711,1,1,420.2,14,2,0.2197
0,712,1,2,1732.0,1232,247,3642.1397
0,713,1,1,205.2,229,4,0.2197
0,714,1,1,259.2,175,4,0.2197
0,715,1,2,1852.0,1112,194,3872.3877
0,716,1,0,2266.6,1727,346,6602.2397
0,717,1,2,1562.0,1402,194,4896.9577
0,718,1,0,2038.6,1955,346,7285.0997
0,719,1,0,2266.6,1727,346,6602.2397
0,720,3,0,2264.6,1729,348,6602.2397
0,721,1,2,1997.0,967,194,3360.1027
0,722,1,1,420.2,14,2,0.2197
0,723,1,1,420.2,14,2,0.2197
0,724,1,0,2365.6,1628,247,6010.2197
0,725,1,1,420.2,14,2,0.2197
0,726,1,2,1917.0,1047,194,3642.7427
0,727,1,1,420.2,14,2,0.2197
0,728,1,2,1997.0,967,194,3360.1027
0,729,3,0,2531.6,1462,293,6320.2027
0,730,1,1,410.2,24,2,0.4394
0,731,1,0,2363.6,1630,249,6010.2197
0,732,1,2,1732.0,1232,247,3642.1397
0,733,1,1,420.2,14,2,0.2197
0,734,1,1,420.2,14,2,0.2197
0,735,3,2,1930.0,1034,194,3586.28061
0,736,1,0,2336.6,1657,293,7009.1377
0,737,1,1,420.2,14,2,0.2197
0,738,1,1,420.2,14,2,0.2197
0,739,1,0,2266.6,1727,346,6602.2397
0,740,1,2,1732.0,1232,247,3642.1397
0,741,3,0,2256.6,1737,346,6602.4594
0,742,1,1,420.2,14,2,0.2197
0,743,3,0,2264.6,1729,348,6602.2397
0,744,1,1,420.2,14,2,0.2197
0,745,3,2,1993.0,971,194,3374.2347
0,746,1,0,2412.6,1581,293,6740.6297
0,747,1,2,1734.0,1230,245,3642.1397
0,748,1,1,420.2,14,2,0.2197
0,749,3,1,420.2,14,2,0.2197
0,750,1,0,2328.6,1665,293,7037.4017
0,751,1,1,420.2,14,2,0.2197
0,752,1,0,2531.6,1462,293,6320.2027
0,753,1,0,2336.6,1657,251,6010.2197
0,754,1,0,2351.6,1642,251,6010.2197
0,755,3,0,2299.6,1694,295,6889.0157
0,756,1,1,420.2,14,2,0.2197
0,757,3,1,420.2,14,2,0.2197
0,758,1,1,420.2,14,2,0.2197
0,759,1,1,420.2,14,2,0.2197
0,760,1,2,1605.0,1359,247,4013.5197
0,761,3,2,1963.0,1001,194,3480.2247
0,762,1,0,2365.6,1628,247,6010.2197
0,763,1,1,420.2,14,2,0.2197
0,764,1,2,1732.0,1232,245,3642.18364
0,765,1,1,420.2,14,2,0.2197
0,766,1,0,2326.6,1667,293,7044.4677
0,767,1,2,1734.0,1230,245,3642.1397
0,768,1,0,2264.6,1729,348,6602.2397
0,769,1,2,1717.0,1247,194,4349.3427
0,770,1,2,1708.0,1256,245,3720.0097
0,771,1,2,1732.0,1232,247,3642.1397
0,772,1,2,1729.0,1235,247,3651.1247
0,773,1,2,1732.0,1232,247,3642.1397
0,774,1,2,1997.0,967,194,3360.1027
0,775,1,0,2467.6,1526,293,6546.3147
0,776,1,2,1734.0,1230,245,3642.1397
0,777,1,0,2365.6,1628,247,6010.2197
0,778,1,1,420.2,14,2,0.2197
0,779,1,0,2531.6,1462,293,6320.2027
0,780,1,2,1995.0,969,194,3360.14664
0,781,1,2,1702.0,1262,249,3642.1397
0,782,1,0,2251.6,1742,348,6632.31546
0,783,1,2,1729.0,1235,247,3642.1397
0,784,1,1,420.2,14,2,0.2197
0,785,1,2,1732.0,1232,247,3642.1397
0,786,1,2,1734.0,1230,245,3642.1397
0,787,1,0,2266.6,1727,346,6602.2397
0,788,1,1,420.2,14,2,0.2197
0,789,1,2,1987.0,977,194,3395.4327
0,790,1,2,1997.0,967,194,3360.1027
0,791,1,2,1732.0,1232,247,3642.1397
0,792,1,0,2126.6,1867,346,7021.5397
0,793,3,0,2264.6,1729,348,6602.2397
0,794,1,2,1734.0,1230,245,3642.1397
0,795,1,1,420.2,14,2,0.2197
0,796,1,2,1997.0,967,194,3360.1027
0,797,1,0,2506.6,1487,293,6408.5277
0,798,1,2,1734.0,1230,245,3642.1397
0,799,1,0,2266.6,1727,346,6602.2397
0,800,1,2,1839.0,1125,194,3918.3167
0,801,1,0,2245.6,1748,247,6369.6197
0,802,3,2,1970.0,994,194,3455.4937
0,803,1,2,1732.0,1232,247,3642.1397
0,804,1,2,1732.0,1232,247,3642.1397
0,805,1,2,1732.0,1232,247,3642.1397
0,806,1,1,420.2,14,2,0.2197
0,807,1,1,420.2,14,2,0.2197
0,808,1,0,2531.6,1462,293,6320.2027
0,809,1,1,420.2,14,2,0.2197
0,810,3,1,420.2,14,2,0.2197
0,811,1,0,2526.6,1467,295,6320.2027
0,812,1,1,420.2,14,2,0.2197
0,813,1,0,2400.6,1593,295,6775.9597
0,814,1,0,2263.6,1730,346,6620.1797
0,815,1,0,2361.6,1632,247,6010.30758
0,816,1,2,1732.0,1232,247,3642.1397
0,817,1,0,2264.6,1729,348,6602.2397
0,818,1,1,420.2,14,2,0.2197
0,819,1,2,1732.0,1232,247,3642.1397
0,820,1,0,2266.6,1727,346,6602.2397
0,821,1,2,1847.0,1117,194,3890.0527
0,822,1,1,420.2,14,2,0.2197
0,823,1,1,284.2,150,4,0.2197
0,824,1,2,1997.0,967,194,3360.1027
0,825,1,2,1734.0,1230,245,3642.1397
0,826,1,2,1997.0,967,194,3360.1027
0,827,1,0,2365.6,1628,247,6010.2197
0,828,1,1,420.2,14,2,0.2197
0,829,1,0,2363.6,1630,249,6010.2197
0,830,1,1,420.2,14,2,0.2197
0,831,1,0,2431.6,1562,295,6666.4367
0,832,1,1,420.2,14,2,0.2197
0,833,1,0,2365.6,1628,247,6010.2197
0,834,1,1,420.2,14,2,0.2197
0,835,1,2,1732.0,1232,247,3642.1397
0,836,1,1,420.2,14,2,0.2197
0,837,1,1,420.2,14,2,0.2197
0,838,1,0,2428.6,1565,293,6684.1017
0,839,1,2,1732.0,1232,247,3642.1397
0,840,3,1,420.2,14,2,0.2197
0,841,1,0,2529.6,1464,295,6320.2027
0,842,1,2,1997.0,967,194,3360.1027
0,843,1,2,1732.0,1232,247,3642.1397
0,844,1,0,2365.6,1628,247,6010.2197
0,845,3,1,420.2,14,2,0.2197
0,846,1,0,2363.6,1630,249,6010.2197
0,847,1,0,2363.6,1630,249,6010.2197
0,848,1,2,1734.0,1230,245,3642.1397
0,849,1,0,2266.6,1727,346,6602.2397
0,850,1,0,2387.6,1606,295,6821.8887
0,851,1,1,420.2,14,2,0.2197
0,852,1,2,1997.0,967,194,3360.1027
0,853,1,2,1732.0,1232,247,3642.1397
0,854,1,2,1734.0,1230,245,3642.1397
0,855,1,1,420.2,14,2,0.2197
0,856,1,1,420.2,14,2,0.2197
0,857,1,1,420.2,14,2,0.2197
0,858,1,2,1997.0,967,194,3360.1027
0,859,1,2,1997.0,967,194,3360.1027
0,860,1,0,2365.6,1628,247,6010.2197
0,861,1,1,420.2,14,2,0.2197
0,862,1,1,420.2,14,2,0.2197
0,863,3,0,2402.6,1591,293,6775.9597
0,864,1,1,420.2,14,2,0.2197
0,865,3,1,420.2,14,2,0.2197
0,866,1,1,420.2,14,2,0.2197
0,867,1,2,1997.0,967,194,3360.1027
0,868,1,0,2197.6,1796,297,7051.5337
0,869,1,0,2216.6,1777,251,6010.2197
0,870,1,1,420.2,14,2,0.2197
0,871,1,0,2263.6,1730,346,6620.1797
0,872,1,2,1712.0,1252,249,3642.1397
0,873,1,2,1711.0,1253,249,3642.31546
0,874,1,0,2266.6,1727,346,6602.2397
0,875,1,0,2326.6,1667,293,7044.4677
0,876,1,2,1732.0,1232,247,3642.1397
0,877,1,2,1734.0,1230,245,3642.1397
0,878,1,1,420.2,14,2,0.2197
0,879,1,0,2530.6,1463,293,6323.7357
0,880,1,1,-40.8,475,4,0.2197
0,881,1,1,100.2,334,4,0.2197
0,882,1,0,2179.6,1814,293,7539.24149
0,883,1,2,1585.0,1379,245,4088.3947
0,884,3,1,370.2,64,4,0.2197
0,885,1,0,2222.6,1771,346,6734.0197
0,886,1,0,2410.6,1583,297,6733.5637
0,887,1,0,2266.6,1727,346,6602.2397
0,888,1,0,2365.6,1628,247,6010.2197
0,889,1,1,420.2,14,2,0.2197
0,890,1,2,1997.0,967,194,3360.1027
0,891,1,2,1873.0,1091,194,3798.1947
0,892,1,0,2266.6,1727,346,6602.2397
0,893,1,0,2264.6,1729,348,6602.2397
0,894,1,1,420.2,14,2,0.2197
0,895,1,1,420.2,14,2,0.2197
0,896,1,2,1805.0,1159,194,4038.4387
0,897,1,1,413.2,21,2,0.37349
0,898,1,1,420.2,14,2,0.2197
0,899,1,0,2374.6,1619,295,6867.8177
0,900,3,0,2263.6,1730,346,6620.1797
0,901,1,2,1729.0,1235,247,3642.1397
0,902,1,1,420.2,14,2,0.2197
0,903,3,2,1732.0,1232,247,3642.1397
0,904,1,2,1920.0,1044,194,3632.1437
0,905,1,0,2384.6,1609,293,6839.5537
0,906,1,0,2365.6,1628,247,6010.2197
0,907,1,1,420.2,14,2,0.2197
0,908,1,1,420.2,14,2,0.2197
0,909,1,0,2036.6,1957,251,6010.2197
0,910,1,0,2062.6,1931,350,6602.2397
0,911,1,1,420.2,14,2,0.2197
0,912,1,0,2147.6,1846,350,6602.2397
0,913,1,1,326.2,108,4,0.2197
0,914,1,0,2357.6,1636,297,6765.3607
0,915,1,2,1354.0,1610,249,3642.1397
0,916,1,1,420.2,14,2,0.2197
0,917,1,0,2281.6,1712,293,7338.0377
0,918,1,0,2363.6,1630,249,6010.2197
0,919,1,1,420.2,14,2,0.2197
0,920,1,1,412.2,22,2,0.39546
0,921,1,2,1732.0,1232,247,3642.1397
0,922,1,2,1741.0,1223,194,4264.5507
0,923,1,1,420.2,14,2,0.2197
0,924,1,1,420.2,14,2,0.2197
0,925,1,2,1732.0,1232,247,3642.1397
0,926,1,2,1776.0,1188,194,4140.8957
0,927,1,0,2277.6,1716,247,6267.83364
0,928,1,2,1605.0,1359,247,4022.5047
0,929,1,0,2146.6,1847,247,6666.1247
0,930,1,1,291.2,143,4,0.2197
0,931,1,2,1827.0,1137,194,3960.7127
0,932,1,1,420.2,14,2,0.2197
0,933,1,1,420.2,14,2,0.2197
0,934,1,2,1933.0,1031,194,3586.2147
0,935,1,2,1734.0,1230,245,3642.1397
0,936,1,1,420.2,14,2,0.2197
0,937,1,1,420.2,14,2,0.2197
0,938,1,1,420.2,14,2,0.2197
0,939,3,2,1732.0,1232,247,3642.1397
0,940,1,2,1732.0,1232,247,3642.1397
0,941,1,2,1794.0,1170,194,4077.3017
0,942,1,1,420.2,14,2,0.2197
0,943,1,1,420.2,14,2,0.2197
0,944,1,2,1997.0,967,194,3360.1027
0,945,1,0,2349.6,1644,293,6963.2087
0,946,1,1,420.2,14,2,0.2197
0,947,1,1,420.2,14,2,0.2197
0,948,1,1,420.2,14,2,0.2197
0,949,3,1,420.2,14,2,0.2197
0,950,1,0,2355.6,1638,293,6942.0107
0,951,1,1,420.2,14,2,0.2197
0,952,1,1,420.2,14,2,0.2197
0,953,1,1,420.2,14,2,0.2197
0,954,3,2,1975.0,989,194,3437.8287
0,955,1,2,1734.0,1230,245,3642.1397
0,956,1,2,1734.0,1230,245,3642.1397
0,957,1,2,1734.0,1230,245,3642.1397
0,958,1,1,420.2,14,2,0.2197
0,959,1,1,420.2,14,2,0.2197
0,960,1,1,420.2,14,2,0.2197
0,961,1,2,1997.0,967,194,3360.1027
0,962,1,2,1997.0,967,194,3360.1027
0,963,1,2,1734.0,1230,245,3642.1397
0,964,1,1,420.2,14,2,0.2197
0,965,1,2,1729.0,1235,245,3642.24955
0,966,1,2,1725.0,1239,247,3642.29349
0,967,1,0,2254.6,1739,350,6602.2397
0,968,1,2,1722.0,1242,249,3642.1397
0,969,1,2,1956.0,1008,196,3360.1027
0,970,1,1,420.2,14,2,0.2197
0,971,1,2,1857.0,1107,196,3360.1027
0,972,1,1,420.2,14,2,0.2197
0,973,1,2,1730.0,1234,247,3642.18364
0,974,1,1,420.2,14,2,0.2197
0,975,1,2,1732.0,1232,247,3642.1397
0,976,1,0,2357.6,1636,247,6010.39546
0,977,1,0,2447.6,1546,295,6609.9087
0,978,1,2,1734.0,1230,245,3642.1397
0,979,1,2,1732.0,1232,247,3642.1397
0,980,1,2,1732.0,1232,247,3642.1397
0,981,1,2,1891.0,1073,194,3734.6007
0,982,1,2,1732.0,1232,247,3642.1397
0,983,1,1,420.2,14,2,0.2197
0,984,3,1,420.2,14,2,0.2197
0,985,1,1,420.2,14,2,0.2197
0,986,1,0,2365.6,1628,247,6010.2197
0,987,1,0,2531.6,1462,293,6320.2027
0,988,1,2,1997.0,967,194,3360.1027
0,989,1,1,420.2,14,2,0.2197
0,990,1,2,1734.0,1230,245,3642.1397
0,991,1,1,420.2,14,2,0.2197
0,992,1,2,1992.0,972,194,3377.7677
0,993,1,0,2459.6,1534,293,6574.5787
0,994,1,0,2266.6,1727,346,6602.2397
0,995,3,2,1868.0,1096,194,3815.8597
0,996,1,2,1829.0,1135,194,3953.6467
0,997,1,1,420.2,14,2,0.2197
0,998,1,1,420.2,14,2,0.2197
0,999,1,0,2266.6,1727,346,6602.2397
1,78,1,1,-98.8,533,2,6602.2397
1,96,1,1,-26.8,461,2,6602.2397
1,313,1,1,-49.8,484,2,6602.2397
1,345,1,1,-651.8,1086,2,6602.2397
1,347,1,1,-550.8,985,2,6602.2397
1,348,1,1,-371.8,806,2,6602.2397
1,350,1,1,-267.8,702,2,6602.2397
1,555,1,1,-1360.8,1795,2,6602.2397
1,556,1,1,-1342.8,1777,2,6602.2397
1,558,1,1,-1203.8,1638,2,6602.2397
1,561,1,1,-935.8,1370,2,6602.2397
1,563,1,1,-765.8,1200,2,6602.2397
1,585,1,1,-207.8,642,2,6602.2397
1,586,1,1,-1137.8,1572,2,6602.2397
1,596,1,1,-123.8,558,2,6602.2397
1,597,1,1,-58.8,493,2,6602.2397
Time: 63055, 422159, 597237, 798689
