CONFIGURATION:
{u'simulation': {u'stdev_factor': 0.01, u'power_mgmt_enabled': False, u'tasks': {u'loc': {u'mean_service_time': {u'gpu': 90, u'cpu_core': 200, u'loc_accel': 10}, u'priority': 1, u'deadline': 1000, u'stdev_service_time': {u'gpu': 0.9, u'cpu_core': 2.0, u'loc_accel': 0.1}, u'power': {u'gpu': 4.457, u'cpu_core': 6.133, u'loc_accel': 0.02197}}, u'detect': {u'mean_service_time': {u'gpu': 0.4607, u'cpu_core': 3.654, u'det_accel': 0.278}, u'priority': 2, u'deadline': 1000, u'stdev_service_time': {u'gpu': 0.004607, u'cpu_core': 0.03654, u'det_accel': 0.0027800000000000004}, u'power': {u'gpu': 90, u'cpu_core': 200, u'det_accel': 10}}, u'Frontier': {u'mean_service_time': {u'cpu_core': 396}, u'priority': 9, u'deadline': 1000, u'stdev_service_time': {u'cpu_core': 3.96}, u'power': {u'cpu_core': 5.98}}, u'track': {u'mean_service_time': {u'gpu': 17, u'tra_accel': 2, u'cpu_core': 1820}, u'priority': 3, u'deadline': 1000, u'stdev_service_time': {u'gpu': 0.17, u'tra_accel': 0.02, u'cpu_core': 18.2}, u'power': {u'gpu': 12.79, u'tra_accel': 0.59, u'cpu_core': 5.6}}, u'sp': {u'mean_service_time': {u'gpu': 379, u'cpu_core': 1004}, u'priority': 11, u'deadline': 1000, u'stdev_service_time': {u'gpu': 3.79, u'cpu_core': 10.040000000000001}, u'power': {u'gpu': 3.302, u'cpu_core': 1004}}, u'mission': {u'mean_service_time': {u'cpu_core': 0.0022}, u'priority': 5, u'deadline': 1000, u'stdev_service_time': {u'cpu_core': 2.2000000000000003e-05}, u'power': {u'cpu_core': 3.534}}, u'motion': {u'mean_service_time': {u'cpu_core': 8}, u'priority': 6, u'deadline': 1000, u'stdev_service_time': {u'cpu_core': 0.08}, u'power': {u'cpu_core': 4.222}}, u'collision': {u'mean_service_time': {u'cpu_core': 8}, u'priority': 7, u'deadline': 1000, u'stdev_service_time': {u'cpu_core': 0.08}, u'power': {u'cpu_core': 0}}, u'fusion': {u'mean_service_time': {u'cpu_core': 1}, u'priority': 4, u'deadline': 1000, u'stdev_service_time': {u'cpu_core': 0.01}, u'power': {u'cpu_core': 0}}, u'map': {u'mean_service_time': {u'gpu': 761, u'cpu_core': 973}, u'priority': 10, u'deadline': 1000, u'stdev_service_time': {u'gpu': 7.61, u'cpu_core': 9.73}, u'power': {u'gpu': 3.533, u'cpu_core': 2.995}}, u'path': {u'mean_service_time': {u'cpu_core': 8}, u'priority': 8, u'deadline': 1000, u'stdev_service_time': {u'cpu_core': 0.08}, u'power': {u'cpu_core': 0}}}, u'sched_policy_module': u'policies.ms3_update2', u'drop': True, u'servers': {u'gpu': {u'count': 2}, u'tra_accel': {u'count': 1}, u'cpu_core': {u'count': 8}, u'loc_accel': {u'count': 1}, u'det_accel': {u'count': 1}}, u'max_tasks_simulated': 10000, u'max_queue_size': 1000000, u'mean_arrival_time': 50, u'arrival_time_scale': 2.8}, u'general': {u'random_seed': 0, u'pre_gen_arrivals': False, u'basename': u'policy:ms3_update2__stdev_factor:0.01', u'output_trace_file': None, u'working_dir': u'/home/hiwot/meta-stomp2/sim_16042020_194257_new_arrival_50_map_rheftmapping_50_trace_10', u'input_trace_file': (False, '../mv_mapping_50_trace_10.trc'), u'logging_level': u'INFO'}}

/home/hiwot/meta-stomp2/sim_16042020_194257_new_arrival_50_map_rheftmapping_50_trace_10/../mv_mapping_50_trace_10.trc

Running STOMP simulation...
Dropped,DAG ID,DAG Priority,DAG Type,Slack,Response Time,No-Affinity Time,Energy
0,0,1,1,453.6,14,2,0.2197
0,1,1,0,2838.8,1462,293,6320.2027
0,2,1,0,2836.8,1464,295,6320.2027
0,3,1,1,453.6,14,2,0.2197
0,4,1,0,2672.8,1628,247,6010.2197
0,5,1,1,453.6,14,2,0.2197
0,6,1,1,453.6,14,2,0.2197
0,7,1,1,453.6,14,2,0.2197
0,8,1,1,453.6,14,2,0.2197
0,9,1,1,453.6,14,2,0.2197
0,10,1,0,2838.8,1462,293,6320.2027
0,11,1,2,2225.0,967,194,3360.1027
0,12,1,1,453.6,14,2,0.2197
0,13,1,2,1960.0,1232,247,3642.1397
0,14,1,0,2573.8,1727,346,6602.2397
0,15,1,2,1960.0,1232,247,3642.1397
0,16,1,1,453.6,14,2,0.2197
0,17,1,1,453.6,14,2,0.2197
0,18,1,2,2225.0,967,194,3360.1027
0,19,1,2,2225.0,967,194,3360.1027
0,20,1,2,1960.0,1232,247,3642.1397
0,21,1,0,2573.8,1727,346,6602.2397
0,22,1,2,1960.0,1232,247,3642.1397
0,23,1,0,2773.8,1527,297,6535.7157
0,24,1,1,453.6,14,2,0.2197
0,25,1,2,2225.0,967,194,3360.1027
0,26,1,2,1962.0,1230,245,3642.1397
0,27,1,2,2134.0,1058,194,3681.6057
0,28,1,1,453.6,14,2,0.2197
0,29,1,0,2719.8,1581,293,6740.6297
0,30,1,1,453.6,14,2,0.2197
0,31,1,0,2672.8,1628,247,6010.2197
0,32,1,0,2670.8,1630,249,6010.2197
0,33,1,1,453.6,14,2,0.2197
0,34,1,0,2836.8,1464,295,6320.2027
0,35,3,2,1962.0,1230,245,3642.1397
0,36,1,0,2573.8,1727,346,6602.2397
0,37,1,1,453.6,14,2,0.2197
0,38,1,0,2776.8,1524,295,6532.1827
0,39,1,1,453.6,14,2,0.2197
0,40,3,0,2838.8,1462,293,6320.2027
0,41,1,1,453.6,14,2,0.2197
0,42,1,2,1962.0,1230,245,3642.1397
0,43,1,0,2772.8,1528,295,6546.3147
0,44,1,0,2672.8,1628,247,6010.2197
0,45,3,1,453.6,14,2,0.2197
0,46,1,2,1960.0,1232,247,3642.1397
0,47,1,2,2225.0,967,194,3360.1027
0,48,1,2,1960.0,1232,247,3642.1397
0,49,3,0,2637.8,1663,293,7030.3357
0,50,1,0,2570.8,1730,348,6602.26167
0,51,1,1,453.6,14,2,0.2197
0,52,1,0,2571.8,1729,348,6602.2397
0,53,1,0,2571.8,1729,348,6602.2397
0,54,1,1,453.6,14,2,0.2197
0,55,1,1,453.6,14,2,0.2197
0,56,1,2,2225.0,967,194,3360.1027
0,57,1,0,2672.8,1628,247,6010.2197
0,58,1,2,2042.0,1150,194,4006.6417
0,59,1,1,453.6,14,2,0.2197
0,60,1,1,453.6,14,2,0.2197
0,61,1,1,451.6,16,2,0.26364
0,62,1,1,453.6,14,2,0.2197
0,63,3,2,2225.0,967,194,3360.1027
0,64,3,2,2088.0,1104,194,3844.1237
0,65,1,0,2158.8,2142,251,6010.2197
0,66,1,0,2359.8,1941,251,6010.2197
0,67,1,0,2456.8,1844,350,6632.1397
0,68,1,2,1519.0,1673,196,3932.4487
0,69,1,0,2673.8,1627,293,7228.5987
0,70,1,0,2554.8,1746,348,6691.98364
0,71,1,2,1763.0,1429,249,3642.1397
0,72,1,0,2568.8,1732,348,6620.1797
0,73,1,2,1942.0,1250,247,3642.1397
0,74,1,2,2014.0,1178,194,4105.5657
0,75,1,0,2573.8,1727,346,6602.2397
0,76,1,2,2062.0,1130,194,3935.9817
0,77,1,0,2645.8,1655,247,6091.0847
0,78,1,1,-11.4,479,4,0.2197
0,79,1,2,1747.0,1445,247,4280.0747
0,80,1,1,164.6,303,4,0.2197
0,81,1,1,234.6,233,4,0.2197
0,82,1,0,2666.8,1634,247,6028.1897
0,83,1,0,2769.8,1531,295,6556.9137
0,84,1,1,453.6,14,2,0.2197
0,85,1,2,2164.0,1028,194,3575.6157
0,86,1,2,1952.0,1240,249,3642.1397
0,87,1,0,2573.8,1727,346,6602.2397
0,88,1,2,2027.0,1165,194,4059.6367
0,89,1,2,1962.0,1230,245,3642.1397
0,90,1,2,1962.0,1230,245,3642.1397
0,91,1,0,2663.8,1637,293,6938.4777
0,92,1,1,449.6,18,2,0.30758
0,93,1,2,1960.0,1232,247,3642.1397
0,94,1,1,453.6,14,2,0.2197
0,95,1,0,2569.8,1731,346,6602.32758
0,96,1,1,453.6,14,2,0.2197
0,97,3,0,2672.8,1628,247,6010.2197
0,98,1,2,1962.0,1230,245,3642.1397
0,99,1,1,367.6,100,4,0.2197
0,100,1,0,2750.8,1550,293,6631.1067
0,101,1,1,443.6,24,2,0.4394
0,102,1,0,2673.8,1627,295,6896.0817
0,103,1,1,453.6,14,2,0.2197
0,104,1,1,453.6,14,2,0.2197
0,105,1,0,2573.8,1727,346,6602.2397
0,106,1,0,2672.8,1628,247,6010.2197
0,107,1,2,1960.0,1232,247,3642.1397
0,108,1,0,2808.8,1492,295,6419.1267
0,109,1,1,453.6,14,2,0.2197
0,110,1,1,453.6,14,2,0.2197
0,111,1,1,453.6,14,2,0.2197
0,112,1,1,453.6,14,2,0.2197
0,113,1,0,2838.8,1462,293,6320.2027
0,114,1,0,2834.8,1466,293,6334.3347
0,115,3,2,2150.0,1042,194,3625.0777
0,116,1,1,453.6,14,2,0.2197
0,117,1,1,453.6,14,2,0.2197
0,118,1,2,2079.0,1113,194,3875.9207
0,119,1,2,1962.0,1230,245,3642.1397
0,120,1,1,453.6,14,2,0.2197
0,121,1,0,2672.8,1628,247,6010.2197
0,122,1,0,2571.8,1729,348,6602.2397
0,123,3,1,453.6,14,2,0.2197
0,124,3,2,2225.0,967,194,3360.1027
0,125,1,1,453.6,14,2,0.2197
0,126,1,2,2027.0,1165,194,4059.6367
0,127,1,0,2573.8,1727,346,6602.2397
0,128,1,1,453.6,14,2,0.2197
0,129,1,2,1960.0,1232,247,3642.1397
0,130,1,2,2161.0,1031,194,3586.2147
0,131,1,2,1960.0,1232,247,3642.1397
0,132,1,1,453.6,14,2,0.2197
0,133,1,2,2225.0,967,194,3360.1027
0,134,1,1,453.6,14,2,0.2197
0,135,1,2,1961.0,1231,245,3642.16167
0,136,1,1,453.6,14,2,0.2197
0,137,1,0,2838.8,1462,293,6320.2027
0,138,1,0,2627.8,1673,295,7055.08867
0,139,1,1,453.6,14,2,0.2197
0,140,1,0,2672.8,1628,247,6010.2197
0,141,1,2,1962.0,1230,245,3642.1397
0,142,1,2,1960.0,1232,247,3642.1397
0,143,1,2,1960.0,1232,247,3642.1397
0,144,1,1,451.6,16,4,0.2197
0,145,3,1,453.6,14,2,0.2197
0,146,1,0,2750.8,1550,293,6631.1067
0,147,3,0,2571.8,1729,348,6602.2397
0,148,1,1,453.6,14,2,0.2197
0,149,1,2,2225.0,967,194,3360.1027
0,150,3,2,1960.0,1232,247,3642.1397
0,151,1,0,2633.8,1667,293,7044.4677
0,152,1,0,2672.8,1628,247,6010.2197
0,153,1,2,2030.0,1162,194,4049.0377
0,154,1,1,453.6,14,2,0.2197
0,155,1,1,453.6,14,2,0.2197
0,156,1,0,2573.8,1727,346,6602.2397
0,157,1,1,453.6,14,2,0.2197
0,158,1,1,453.6,14,2,0.2197
0,159,1,1,453.6,14,2,0.2197
0,160,1,2,2225.0,967,194,3360.1027
0,161,1,1,453.6,14,2,0.2197
0,162,1,2,2225.0,967,194,3360.1027
0,163,1,2,1962.0,1230,245,3642.1397
0,164,1,0,2573.8,1727,346,6602.2397
0,165,3,2,2021.0,1171,194,4080.8347
0,166,1,1,453.6,14,2,0.2197
0,167,1,0,2571.8,1729,348,6602.2397
0,168,1,1,453.6,14,2,0.2197
0,169,1,0,2838.8,1462,293,6320.2027
0,170,1,1,453.6,14,2,0.2197
0,171,1,1,453.6,14,2,0.2197
0,172,1,1,453.6,14,2,0.2197
0,173,1,2,2223.0,969,194,3360.14664
0,174,1,1,453.6,14,2,0.2197
0,175,1,0,2730.8,1570,293,6701.7667
0,176,1,1,453.6,14,2,0.2197
0,177,1,0,2672.8,1628,247,6010.2197
0,178,1,1,453.6,14,2,0.2197
0,179,1,1,453.6,14,2,0.2197
0,180,1,0,2838.8,1462,293,6320.2027
0,181,1,1,452.6,15,2,0.24167
0,182,1,1,453.6,14,2,0.2197
0,183,1,0,2836.8,1464,295,6320.2027
0,184,1,1,446.6,21,2,0.37349
0,185,1,2,1957.0,1235,247,3642.20561
0,186,1,2,1958.0,1234,249,3642.1397
0,187,3,1,453.6,14,2,0.2197
0,188,1,2,2041.0,1151,194,4010.1747
0,189,1,1,453.6,14,2,0.2197
0,190,1,2,1960.0,1232,247,3642.1397
0,191,1,1,453.6,14,2,0.2197
0,192,1,1,453.6,14,2,0.2197
0,193,1,1,453.6,14,2,0.2197
0,194,1,1,453.6,14,2,0.2197
0,195,1,0,2838.8,1462,293,6320.2027
0,196,1,2,2225.0,967,194,3360.1027
0,197,1,0,2672.8,1628,247,6010.2197
0,198,1,0,2672.8,1628,247,6010.2197
0,199,1,2,2007.0,1185,194,4130.2967
0,200,3,0,2674.8,1626,293,6885.57058
0,201,1,2,1960.0,1232,247,3642.1397
0,202,1,1,453.6,14,2,0.2197
0,203,1,0,2759.8,1541,293,6599.3097
0,204,1,0,2836.8,1464,295,6320.2027
0,205,1,0,2629.8,1671,295,7051.5337
0,206,1,2,1962.0,1230,245,3642.1397
0,207,1,1,453.6,14,2,0.2197
0,208,1,2,1960.0,1232,247,3642.1397
0,209,1,0,2573.8,1727,346,6602.2397
0,210,1,0,2563.8,1737,348,6602.41546
0,211,1,1,453.6,14,2,0.2197
0,212,1,0,2792.8,1508,295,6475.6547
0,213,1,1,453.6,14,2,0.2197
0,214,1,0,2700.8,1600,293,6807.7567
0,215,1,1,453.6,14,2,0.2197
0,216,1,0,2838.8,1462,293,6320.2027
0,217,1,0,2836.8,1464,295,6320.2027
0,218,1,0,2672.8,1628,247,6010.2197
0,219,1,1,453.6,14,2,0.2197
0,220,1,1,453.6,14,2,0.2197
0,221,1,1,453.6,14,2,0.2197
0,222,1,0,2838.8,1462,293,6320.2027
0,223,3,1,453.6,14,2,0.2197
0,224,1,1,443.6,24,2,0.4394
0,225,1,0,2836.8,1464,295,6320.2027
0,226,1,1,453.6,14,2,0.2197
0,227,1,2,1962.0,1230,245,3642.1397
0,228,1,1,453.6,14,2,0.2197
0,229,1,2,2225.0,967,194,3360.1027
0,230,1,0,2838.8,1462,293,6320.2027
0,231,1,0,2672.8,1628,247,6010.2197
0,232,1,1,453.6,14,2,0.2197
0,233,1,0,2674.8,1626,293,6899.6147
0,234,1,1,453.6,14,2,0.2197
0,235,1,2,2225.0,967,194,3360.1027
0,236,1,0,2838.8,1462,293,6320.2027
0,237,1,1,453.6,14,2,0.2197
0,238,1,1,453.6,14,2,0.2197
0,239,1,2,1962.0,1230,245,3642.1397
0,240,1,0,2573.8,1727,346,6602.2397
0,241,1,0,2571.8,1729,348,6602.2397
0,242,3,2,2225.0,967,194,3360.1027
0,243,1,0,2724.8,1576,293,6722.9647
0,244,1,1,453.6,14,2,0.2197
0,245,1,1,453.6,14,2,0.2197
0,246,1,1,453.6,14,2,0.2197
0,247,1,0,2672.8,1628,247,6010.2197
0,248,3,0,2667.8,1633,295,6917.2797
0,249,1,2,1962.0,1230,245,3642.1397
0,250,1,1,453.6,14,2,0.2197
0,251,1,0,2838.8,1462,293,6320.2027
0,252,3,0,2672.8,1628,247,6010.2197
0,253,1,2,1962.0,1230,245,3642.1397
0,254,1,1,453.6,14,2,0.2197
0,255,1,0,2656.8,1644,293,6963.2087
0,256,1,2,1952.0,1240,247,3642.31546
0,257,1,1,451.6,16,4,0.2197
0,258,1,1,453.6,14,2,0.2197
0,259,1,0,2838.8,1462,293,6320.2027
0,260,1,1,449.6,18,2,0.30758
0,261,1,0,2573.8,1727,346,6602.2397
0,262,1,1,453.6,14,2,0.2197
0,263,1,2,1960.0,1232,247,3642.1397
0,264,1,1,453.6,14,2,0.2197
0,265,1,1,453.6,14,2,0.2197
0,266,1,1,453.6,14,2,0.2197
0,267,1,2,2225.0,967,194,3360.1027
0,268,1,0,2683.8,1617,295,6860.7517
0,269,1,0,2570.8,1730,346,6620.1797
0,270,1,2,1916.0,1276,249,3642.1397
0,271,1,2,1947.0,1245,249,3642.1397
0,272,1,1,451.6,16,4,0.2197
0,273,1,1,453.6,14,2,0.2197
0,274,1,1,453.6,14,2,0.2197
0,275,1,0,2493.8,1807,350,6602.28364
0,276,1,0,2790.8,1510,295,6475.6547
0,277,1,0,2672.8,1628,247,6010.2197
0,278,1,2,2135.0,1057,194,3678.0727
0,279,1,2,1947.0,1245,249,3642.1397
0,280,1,0,2570.8,1730,346,6620.1797
0,281,1,1,142.6,325,4,0.2197
0,282,3,2,1836.0,1356,247,4013.5197
0,283,3,0,2654.8,1646,297,6934.9447
0,284,1,0,2573.8,1727,346,6602.2397
0,285,1,1,453.6,14,2,0.2197
0,286,3,1,453.6,14,2,0.2197
0,287,1,0,2685.8,1615,295,6853.6857
0,288,1,2,1960.0,1232,247,3642.1397
0,289,1,1,274.6,193,4,0.2197
0,290,1,2,1893.0,1299,245,3848.7947
0,291,1,0,2654.8,1646,251,6010.2197
0,292,1,0,2670.8,1630,249,6010.2197
0,293,1,0,2696.8,1604,295,6814.8227
0,294,3,2,1940.0,1252,249,3642.1397
0,295,1,1,235.6,232,4,0.2197
0,296,1,1,428.6,39,4,0.2197
0,297,3,0,2838.8,1462,293,6320.2027
0,298,1,1,453.6,14,2,0.2197
0,299,3,1,453.6,14,2,0.2197
0,300,1,1,452.6,15,2,0.24167
0,301,1,1,453.6,14,2,0.2197
0,302,1,0,2670.8,1630,247,6010.26364
0,303,1,2,1953.0,1239,245,3642.33743
0,304,3,2,1962.0,1230,245,3642.1397
0,305,1,2,2225.0,967,194,3360.1027
0,306,1,2,1960.0,1232,247,3642.1397
0,307,1,0,2502.8,1798,346,6814.8847
0,308,1,1,409.6,58,4,0.2197
0,309,1,2,2181.0,1011,194,3515.5547
0,310,1,2,1962.0,1230,245,3642.1397
0,311,1,2,1960.0,1232,247,3642.1397
0,312,1,2,2128.0,1064,194,3702.8037
0,313,1,1,453.6,14,2,0.2197
0,314,1,0,2573.8,1727,346,6602.2397
0,315,1,0,2672.8,1628,247,6010.2197
0,316,1,1,452.6,15,2,0.24167
0,317,1,2,2042.0,1150,194,4006.6417
0,318,3,1,453.6,14,2,0.2197
0,319,1,1,453.6,14,2,0.2197
0,320,1,1,453.6,14,2,0.2197
0,321,1,2,2225.0,967,194,3360.1027
0,322,1,1,453.6,14,2,0.2197
0,323,1,0,2672.8,1628,247,6010.2197
0,324,1,1,453.6,14,2,0.2197
0,325,1,1,453.6,14,2,0.2197
0,326,1,2,2219.0,973,194,3381.3007
0,327,1,0,2672.8,1628,247,6010.2197
0,328,1,1,453.6,14,2,0.2197
0,329,1,0,2780.8,1520,293,6525.1167
0,330,1,2,2089.0,1103,194,3840.5907
0,331,1,1,453.6,14,2,0.2197
0,332,3,2,1962.0,1230,245,3642.1397
0,333,3,0,2662.8,1638,251,6010.2197
0,334,1,2,1962.0,1230,245,3642.1397
0,335,1,2,1960.0,1232,247,3642.1397
0,336,1,1,453.6,14,2,0.2197
0,337,1,0,2332.8,1968,297,7005.6047
0,338,1,0,2685.8,1615,295,7223.1827
0,339,1,0,2564.8,1736,348,6644.0997
0,340,1,0,2570.8,1730,346,6620.1797
0,341,1,2,1952.0,1240,249,3642.1397
0,342,1,2,1962.0,1230,245,3642.1397
0,343,1,2,1962.0,1230,245,3642.1397
0,344,1,2,2032.0,1160,194,4041.9717
0,345,1,1,453.6,14,2,0.2197
0,346,1,2,1960.0,1232,247,3642.1397
0,347,1,1,234.6,233,4,0.39546
0,348,1,1,436.6,31,4,0.2197
0,349,1,2,2195.0,997,194,3466.0927
0,350,1,1,449.6,18,2,0.30758
0,351,1,2,1962.0,1230,245,3642.1397
0,352,1,1,442.6,25,4,0.2197
0,353,1,2,1943.0,1249,247,3672.24349
0,354,3,0,2778.8,1522,293,6532.1827
0,355,1,0,2793.8,1507,295,6472.1217
0,356,1,2,1962.0,1230,245,3642.1397
0,357,1,0,2573.8,1727,346,6602.2397
0,358,3,0,2672.8,1628,293,6906.6807
0,359,1,0,2672.8,1628,247,6010.2197
0,360,1,0,2662.8,1638,295,6934.9447
0,361,1,2,1960.0,1232,247,3642.1397
0,362,1,1,453.6,14,2,0.2197
0,363,1,0,2688.8,1612,295,6843.0867
0,364,1,2,1962.0,1230,245,3642.1397
0,365,1,2,1960.0,1232,247,3642.1397
0,366,1,0,2689.8,1611,295,6839.5537
0,367,1,1,453.6,14,2,0.2197
0,368,1,2,1962.0,1230,245,3642.1397
0,369,1,0,2573.8,1727,346,6602.2397
0,370,1,2,1960.0,1232,247,3642.1397
0,371,1,1,453.6,14,2,0.2197
0,372,1,2,2225.0,967,194,3360.1027
0,373,1,1,451.6,16,4,0.2197
0,374,1,2,2225.0,967,194,3360.1027
0,375,3,0,2670.8,1630,249,6010.2197
0,376,3,0,2670.8,1630,249,6010.2197
0,377,1,0,2836.8,1464,295,6320.2027
0,378,1,2,1962.0,1230,245,3642.1397
0,379,1,0,2573.8,1727,346,6602.2397
0,380,1,0,2571.8,1729,348,6602.2397
0,381,1,1,453.6,14,2,0.2197
0,382,1,1,453.6,14,2,0.2197
0,383,1,0,2806.8,1494,295,6422.68167
0,384,1,0,2838.8,1462,293,6320.2027
0,385,1,2,2225.0,967,194,3360.1027
0,386,3,2,1960.0,1232,247,3642.1397
0,387,1,2,2225.0,967,194,3360.1027
0,388,1,0,2670.8,1630,247,6010.26364
0,389,1,1,453.6,14,2,0.2197
0,390,1,1,453.6,14,2,0.2197
0,391,1,2,2225.0,967,194,3360.1027
0,392,1,0,2672.8,1628,247,6010.2197
0,393,1,2,2136.0,1056,194,3674.5397
0,394,1,1,453.6,14,2,0.2197
0,395,1,2,1960.0,1232,247,3642.1397
0,396,1,0,2838.8,1462,293,6320.2027
0,397,1,2,2225.0,967,194,3360.1027
0,398,1,1,453.6,14,2,0.2197
0,399,3,1,453.6,14,2,0.2197
0,400,1,2,2225.0,967,194,3360.1027
0,401,1,0,2662.8,1638,247,6010.4394
0,402,3,1,451.6,16,4,0.2197
0,403,1,2,2225.0,967,194,3360.1027
0,404,3,2,2022.0,1170,194,4063.25758
0,405,1,1,453.6,14,2,0.2197
0,406,1,0,2672.8,1628,247,6010.2197
0,407,1,1,453.6,14,2,0.2197
0,408,1,0,2672.8,1628,247,6010.2197
0,409,1,1,453.6,14,2,0.2197
0,410,1,1,453.6,14,2,0.2197
0,411,1,0,2838.8,1462,293,6320.2027
0,412,1,0,2838.8,1462,293,6320.2027
0,413,1,0,2573.8,1727,346,6602.2397
0,414,1,0,2672.8,1628,247,6010.2197
0,415,1,0,2670.8,1630,249,6010.2197
0,416,3,0,2670.8,1630,249,6010.2197
0,417,1,1,453.6,14,2,0.2197
0,418,1,0,2655.8,1645,295,6959.6757
0,419,1,0,2573.8,1727,346,6602.2397
0,420,1,0,2766.8,1534,293,6574.5787
0,421,1,0,2573.8,1727,346,6602.2397
0,422,1,0,2672.8,1628,247,6010.2197
0,423,1,2,2225.0,967,194,3360.1027
0,424,1,2,2225.0,967,194,3360.1027
0,425,1,1,453.6,14,2,0.2197
0,426,1,1,453.6,14,2,0.2197
0,427,1,0,2691.8,1609,293,6839.5537
0,428,1,1,453.6,14,2,0.2197
0,429,1,2,1962.0,1230,245,3642.1397
0,430,1,0,2571.8,1729,348,6602.2397
0,431,1,2,1960.0,1232,247,3642.1397
0,432,1,2,1960.0,1232,247,3642.1397
0,433,3,2,2225.0,967,194,3360.1027
0,434,1,1,453.6,14,2,0.2197
0,435,1,1,453.6,14,2,0.2197
0,436,3,2,2084.0,1108,194,3858.2557
0,437,1,0,2672.8,1628,247,6010.2197
0,438,1,1,453.6,14,2,0.2197
0,439,1,2,1960.0,1232,247,3642.1397
0,440,1,2,2225.0,967,194,3360.1027
0,441,1,1,453.6,14,2,0.2197
0,442,3,0,2752.8,1548,295,6616.9747
0,443,1,1,453.6,14,2,0.2197
0,444,1,0,2672.8,1628,247,6010.2197
0,445,1,2,1962.0,1230,245,3642.1397
0,446,1,1,453.6,14,2,0.2197
0,447,1,2,2150.0,1042,194,3625.0777
0,448,1,1,453.6,14,2,0.2197
0,449,1,1,453.6,14,2,0.2197
0,450,1,2,1962.0,1230,245,3642.1397
0,451,1,2,2137.0,1055,194,3671.0067
0,452,1,1,453.6,14,2,0.2197
0,453,1,2,1960.0,1232,247,3642.1397
0,454,1,0,2573.8,1727,346,6602.2397
0,455,1,2,2225.0,967,194,3360.1027
0,456,1,1,453.6,14,2,0.2197
0,457,1,0,2770.8,1530,293,6560.4467
0,458,1,2,1962.0,1230,245,3642.1397
0,459,1,1,453.6,14,2,0.2197
0,460,1,1,453.6,14,2,0.2197
0,461,1,0,2797.8,1503,293,6465.0557
0,462,1,1,453.6,14,2,0.2197
0,463,1,0,2672.8,1628,247,6010.2197
0,464,1,0,2836.8,1464,295,6320.2027
0,465,1,1,453.6,14,2,0.2197
0,466,1,0,2672.8,1628,247,6010.2197
0,467,1,0,2670.8,1630,249,6010.2197
0,468,1,1,451.6,16,2,0.26364
0,469,1,0,2836.8,1464,295,6320.2027
0,470,1,1,453.6,14,2,0.2197
0,471,1,2,1953.0,1239,247,3642.29349
0,472,1,1,441.6,26,2,0.48334
0,473,1,2,2055.0,1137,194,3960.7127
0,474,1,2,1960.0,1232,247,3642.1397
0,475,3,2,2181.0,1011,194,3515.5547
0,476,1,0,2573.8,1727,346,6602.2397
0,477,1,1,453.6,14,2,0.2197
0,478,1,1,453.6,14,2,0.2197
0,479,3,2,2225.0,967,194,3360.1027
0,480,1,2,2225.0,967,194,3360.1027
0,481,1,1,453.6,14,2,0.2197
0,482,1,1,453.6,14,2,0.2197
0,483,1,0,2616.8,1684,295,7048.30828
0,484,1,2,1961.0,1231,245,3642.16167
0,485,1,0,2573.8,1727,346,6602.2397
0,486,1,2,1962.0,1230,245,3642.1397
0,487,1,1,453.6,14,2,0.2197
0,488,1,0,2816.8,1484,293,6397.9287
0,489,1,1,453.6,14,2,0.2197
0,490,1,2,1952.0,1240,245,3642.3594
0,491,1,2,1945.0,1247,247,3642.46925
0,492,1,0,2571.8,1729,348,6602.2397
0,493,1,1,453.6,14,2,0.2197
0,494,1,2,2225.0,967,194,3360.1027
0,495,1,0,2838.8,1462,293,6320.2027
0,496,1,0,2573.8,1727,346,6602.2397
0,497,1,0,2571.8,1729,348,6602.2397
0,498,1,1,453.6,14,2,0.2197
0,499,1,0,2677.8,1623,295,6881.9497
0,500,1,0,2702.8,1598,295,6793.6247
0,501,3,2,1960.0,1232,247,3642.1397
0,502,1,2,1960.0,1232,247,3642.1397
0,503,1,1,453.6,14,2,0.2197
0,504,1,2,1960.0,1232,247,3642.1397
0,505,1,1,453.6,14,2,0.2197
0,506,1,1,453.6,14,2,0.2197
0,507,1,2,2225.0,967,194,3360.1027
0,508,1,1,445.6,22,2,0.39546
0,509,1,0,2817.8,1483,295,6387.3297
0,510,1,1,453.6,14,2,0.2197
0,511,1,1,453.6,14,2,0.2197
0,512,1,1,453.6,14,2,0.2197
0,513,1,2,2170.0,1022,194,3554.4177
0,514,1,1,453.6,14,2,0.2197
0,515,1,2,2179.0,1013,194,3522.6207
0,516,3,1,453.6,14,2,0.2197
0,517,1,1,453.6,14,2,0.2197
0,518,1,1,453.6,14,2,0.2197
0,519,1,0,2672.8,1628,247,6010.2197
0,520,1,2,2221.0,971,194,3374.2347
0,521,1,0,2833.8,1467,295,6330.8017
0,522,1,2,1962.0,1230,245,3642.1397
0,523,1,2,1962.0,1230,245,3642.1397
0,524,1,2,1960.0,1232,247,3642.1397
0,525,1,2,1960.0,1232,247,3642.1397
0,526,1,1,453.6,14,2,0.2197
0,527,1,1,453.6,14,2,0.2197
0,528,1,2,2225.0,967,194,3360.1027
0,529,3,2,2225.0,967,194,3360.1027
0,530,1,2,1960.0,1232,247,3642.1397
0,531,3,1,453.6,14,2,0.2197
0,532,1,2,1958.0,1234,247,3642.18364
0,533,1,0,2672.8,1628,247,6010.2197
0,534,1,0,2666.8,1634,293,6927.8787
0,535,1,0,2675.8,1625,295,6889.0157
0,536,1,2,1962.0,1230,245,3642.1397
0,537,1,1,453.6,14,2,0.2197
0,538,1,0,1275.8,3025,350,6602.2397
0,539,1,0,1280.8,3020,350,6602.28364
0,540,1,0,1538.8,2762,297,6429.7257
0,541,1,0,1696.8,2604,297,8036.4627
0,542,1,0,1792.8,2508,350,7720.4997
0,543,1,1,453.6,14,2,0.2197
0,544,1,2,907.0,2285,249,3642.1397
0,545,2,0,2660.8,1640,251,6010.2197
0,546,1,2,1218.0,1974,196,3971.3117
0,547,2,0,2298.8,2002,350,6644.14364
0,548,1,0,2306.8,1994,350,6620.20167
0,551,1,2,1532.0,1660,196,3360.1027
0,552,1,2,1534.0,1658,249,4486.7297
0,553,1,0,2471.8,1829,350,6850.7547
0,554,1,2,1850.0,1342,249,3755.9497
0,557,1,2,2030.0,1162,194,4049.0377
0,559,1,2,1842.0,1350,196,4158.5607
0,560,1,2,1912.0,1280,249,3642.1397
0,562,2,2,1850.0,1342,245,3977.5797
0,564,2,0,2669.8,1631,247,6019.2047
0,565,1,0,2426.8,1874,251,6489.4197
0,566,1,0,2483.8,1817,348,6865.7997
0,567,1,0,2535.8,1765,247,6420.5347
0,568,1,2,1987.0,1205,194,4200.9567
0,569,1,2,1788.0,1404,249,4121.3397
0,570,3,0,2791.8,1509,295,6479.1877
0,571,1,2,1874.0,1318,245,3905.6997
0,572,1,1,383.6,84,4,0.2197
0,573,1,2,1958.0,1234,249,3642.1397
0,574,1,0,2573.8,1727,297,6563.9797
0,575,1,0,2805.8,1495,297,6327.2687
0,576,1,0,2570.8,1730,346,6620.1797
0,577,1,2,1826.0,1366,249,3669.3144
0,578,1,1,453.6,14,2,0.2197
0,579,1,0,2034.8,2266,251,6010.2197
0,580,1,2,2179.0,1013,194,3522.6207
0,581,1,0,2462.8,1838,297,7207.3167
0,582,1,2,1548.0,1644,249,3642.1397
0,583,1,0,2561.8,1739,348,6662.0397
0,584,1,2,1570.0,1622,249,3642.22758
0,585,1,1,37.6,430,4,0.2197
0,586,1,1,120.6,347,4,0.2197
0,587,1,0,2565.8,1735,346,6647.0947
0,588,1,2,1900.0,1292,249,3693.0547
0,589,1,2,2023.0,1169,194,4073.7687
0,590,1,0,2659.8,1641,295,6945.5437
0,591,1,2,1962.0,1230,245,3642.1397
0,592,1,2,1960.0,1232,247,3642.1397
0,593,1,0,2471.8,1829,346,6907.7297
0,594,1,0,2535.8,1765,350,6704.0697
0,595,1,2,1714.0,1478,245,4384.8997
0,596,1,1,108.6,359,4,0.2197
0,597,1,1,183.6,284,4,0.2197
0,598,1,1,453.6,14,2,0.2197
0,599,1,1,453.6,14,2,0.2197
0,600,1,1,453.6,14,2,0.2197
0,601,1,2,2225.0,967,194,3360.1027
0,602,1,1,453.6,14,2,0.2197
0,603,3,2,2225.0,967,194,3360.1027
0,604,1,0,2672.8,1628,247,6010.2197
0,605,1,0,2670.8,1630,249,6010.2197
0,606,1,1,453.6,14,2,0.2197
0,607,1,0,2573.8,1727,346,6602.2397
0,608,1,1,453.6,14,2,0.2197
0,609,1,2,2195.0,997,194,3466.0927
0,610,1,1,453.6,14,2,0.2197
0,611,1,2,2225.0,967,194,3360.1027
0,612,1,0,2573.8,1727,346,6602.2397
0,613,1,1,453.6,14,2,0.2197
0,614,1,0,2670.8,1630,249,6010.2197
0,615,1,2,1960.0,1232,247,3642.1397
0,616,1,2,2092.0,1100,194,3829.9917
0,617,3,2,2225.0,967,194,3360.1027
0,618,1,0,2672.8,1628,247,6010.2197
0,619,1,0,2672.8,1628,247,6010.2197
0,620,1,2,2225.0,967,194,3360.1027
0,621,1,2,2225.0,967,194,3360.1027
0,622,3,0,2671.8,1629,247,6010.24167
0,623,1,2,1962.0,1230,245,3642.1397
0,624,1,2,1960.0,1232,247,3642.1397
0,625,1,0,2498.8,1802,348,6820.8747
0,626,1,1,453.6,14,2,0.2197
0,627,3,2,2190.0,1002,194,3483.7577
0,628,1,0,2571.8,1729,348,6602.2397
0,629,1,2,1884.0,1308,245,3875.7497
0,630,3,2,2190.0,1002,194,3483.7577
0,631,1,0,2573.8,1727,346,6602.2397
0,632,1,2,2071.0,1121,194,3904.1847
0,633,1,1,453.6,14,2,0.2197
0,634,1,0,2059.8,2241,350,6602.2397
0,635,1,2,1960.0,1232,247,3642.1397
0,636,1,1,453.6,14,2,0.2197
0,637,1,2,2185.0,1007,194,3501.4227
0,638,1,0,2727.8,1573,297,6686.8517
0,639,1,2,1989.0,1203,196,3882.9867
0,640,1,1,453.6,14,2,0.2197
0,641,1,0,2672.8,1628,247,6010.2197
0,642,1,1,453.6,14,2,0.2197
0,643,1,2,1962.0,1230,245,3642.1397
0,644,1,2,1960.0,1232,247,3642.1397
0,645,1,2,1960.0,1232,247,3642.1397
0,646,1,2,1960.0,1232,247,3642.1397
0,647,1,0,2683.8,1617,293,6867.8177
0,648,1,0,2573.8,1727,346,6602.2397
0,649,1,1,453.6,14,2,0.2197
0,650,1,2,1960.0,1232,247,3642.1397
0,651,1,0,2560.8,1740,295,7295.3107
0,652,1,1,298.6,169,4,0.2197
0,653,1,2,1962.0,1230,245,3642.1397
0,654,3,2,2158.0,1034,194,3596.8137
0,655,1,0,2573.8,1727,346,6602.2397
0,656,1,1,453.6,14,2,0.2197
0,657,1,2,2225.0,967,194,3360.1027
0,658,1,1,453.6,14,2,0.2197
0,659,1,0,2838.8,1462,293,6320.2027
0,660,1,2,2225.0,967,194,3360.1027
0,661,1,0,2838.8,1462,293,6320.2027
0,662,3,1,453.6,14,2,0.2197
0,663,1,2,2092.0,1100,194,3829.9917
0,664,1,1,453.6,14,2,0.2197
0,665,1,1,453.6,14,2,0.2197
0,666,1,2,2225.0,967,194,3360.1027
0,667,1,2,1955.0,1237,247,3642.24955
0,668,3,2,1954.0,1238,247,3642.27152
0,669,1,2,2132.0,1060,194,3688.6717
0,670,1,0,2573.8,1727,346,6602.2397
0,671,1,1,453.6,14,2,0.2197
0,672,1,1,453.6,14,2,0.2197
0,673,1,0,2716.8,1584,293,6751.2287
0,674,1,1,453.6,14,2,0.2197
0,675,1,0,2836.8,1464,295,6320.2027
0,676,1,2,1962.0,1230,245,3642.1397
0,677,1,2,2199.0,993,194,3451.9607
0,678,1,2,1962.0,1230,245,3642.1397
0,679,1,1,453.6,14,2,0.2197
0,680,1,2,2225.0,967,194,3360.1027
0,681,1,1,446.6,21,2,0.37349
0,682,1,0,2642.8,1658,293,7012.6707
0,683,1,0,2670.8,1630,249,6010.2197
0,684,1,1,453.6,14,2,0.2197
0,685,1,2,2050.0,1142,194,3978.3777
0,686,1,2,1962.0,1230,245,3642.1397
0,687,1,1,453.6,14,2,0.2197
0,688,1,0,2838.8,1462,293,6320.2027
0,689,1,1,453.6,14,2,0.2197
0,690,1,0,2573.8,1727,346,6602.2397
0,691,1,0,2659.8,1641,295,6945.5437
0,692,1,1,453.6,14,2,0.2197
0,693,1,0,2573.8,1727,346,6602.2397
0,694,3,1,453.6,14,2,0.2197
0,695,1,2,2225.0,967,194,3360.1027
0,696,1,1,453.6,14,2,0.2197
0,697,1,0,2836.8,1464,295,6320.2027
0,698,1,2,1962.0,1230,245,3642.1397
0,699,1,0,2560.8,1740,350,6602.2397
0,700,3,0,2571.8,1729,348,6602.2397
0,701,1,2,2162.0,1030,196,3575.6157
0,702,1,1,453.6,14,2,0.2197
0,703,1,0,2527.8,1773,350,6620.1797
0,704,1,0,2838.8,1462,293,6320.2027
0,705,1,2,1948.0,1244,249,3642.1397
0,706,3,0,2573.8,1727,346,6602.2397
0,707,1,1,453.6,14,2,0.2197
0,708,3,2,2115.0,1077,194,3748.7327
0,709,1,0,2672.8,1628,247,6010.2197
0,710,1,0,2670.8,1630,249,6010.2197
0,711,1,1,453.6,14,2,0.2197
0,712,1,2,1960.0,1232,247,3642.1397
0,713,1,1,319.6,148,4,0.2197
0,714,1,1,374.6,93,4,0.2197
0,715,1,2,2140.0,1052,196,3653.3417
0,716,1,0,2672.8,1628,247,6010.2197
0,717,1,2,1976.0,1216,194,4239.8197
0,718,1,0,2554.8,1746,247,6363.6297
0,719,1,0,2670.8,1630,249,6010.2197
0,720,3,0,2743.8,1557,295,6648.7717
0,721,1,2,2078.0,1114,194,3879.4537
0,722,1,1,453.6,14,2,0.2197
0,723,1,1,453.6,14,2,0.2197
0,724,1,0,2573.8,1727,346,6602.2397
0,725,1,1,453.6,14,2,0.2197
0,726,1,2,1960.0,1232,247,3642.1397
0,727,1,1,453.6,14,2,0.2197
0,728,1,2,2225.0,967,194,3360.1027
0,729,3,0,2838.8,1462,293,6320.2027
0,730,1,1,443.6,24,2,0.4394
0,731,1,0,2670.8,1630,249,6010.2197
0,732,1,2,1962.0,1230,245,3642.1397
0,733,1,1,453.6,14,2,0.2197
0,734,1,1,453.6,14,2,0.2197
0,735,3,2,2223.0,969,194,3360.14664
0,736,1,0,2701.8,1599,293,6804.2237
0,737,1,1,453.6,14,2,0.2197
0,738,1,1,453.6,14,2,0.2197
0,739,1,0,2672.8,1628,247,6010.2197
0,740,1,2,1960.0,1232,247,3642.1397
0,741,3,0,2563.8,1737,346,6602.4594
0,742,1,1,453.6,14,2,0.2197
0,743,3,0,2717.8,1583,295,6740.6297
0,744,1,1,453.6,14,2,0.2197
0,745,3,2,2067.0,1125,194,3918.3167
0,746,1,0,2573.8,1727,346,6602.2397
0,747,1,2,1960.0,1232,247,3642.1397
0,748,1,1,453.6,14,2,0.2197
0,749,3,1,453.6,14,2,0.2197
0,750,1,0,2833.8,1467,295,6330.8017
0,751,1,1,453.6,14,2,0.2197
0,752,1,0,2838.8,1462,293,6320.2027
0,753,1,0,2674.8,1626,293,6899.6147
0,754,1,0,2672.8,1628,247,6010.2197
0,755,3,0,2672.8,1628,247,6010.2197
0,756,1,1,453.6,14,2,0.2197
0,757,3,1,453.6,14,2,0.2197
0,758,1,1,453.6,14,2,0.2197
0,759,1,1,453.6,14,2,0.2197
0,760,1,2,2128.0,1064,194,3702.8037
0,761,3,2,1962.0,1230,245,3642.1397
0,762,1,0,2838.8,1462,293,6320.2027
0,763,1,1,453.6,14,2,0.2197
0,764,1,2,1960.0,1232,245,3642.18364
0,765,1,1,453.6,14,2,0.2197
0,766,1,0,2672.8,1628,247,6010.2197
0,767,1,2,1960.0,1232,247,3642.1397
0,768,1,0,2571.8,1729,348,6602.2397
0,769,1,2,2071.0,1121,194,3904.1847
0,770,1,2,1960.0,1232,247,3642.1397
0,771,1,2,2021.0,1171,194,4080.8347
0,772,1,2,1960.0,1232,247,3642.1397
0,773,1,2,1960.0,1232,247,3642.1397
0,774,1,2,2175.0,1017,194,3536.7527
0,775,1,0,2573.8,1727,346,6602.2397
0,776,1,2,2084.0,1108,194,3858.2557
0,777,1,0,2672.8,1628,247,6010.2197
0,778,1,1,453.6,14,2,0.2197
0,779,1,0,2838.8,1462,293,6320.2027
0,780,1,2,2219.0,973,196,3360.12467
0,781,1,2,1926.0,1266,249,3642.1397
0,782,1,0,2561.8,1739,346,6632.29349
0,783,1,2,1957.0,1235,247,3642.1397
0,784,1,1,453.6,14,2,0.2197
0,785,1,2,1960.0,1232,247,3642.1397
0,786,1,2,1960.0,1232,247,3642.1397
0,787,1,0,2672.8,1628,247,6010.2197
0,788,1,1,445.6,22,4,0.2197
0,789,1,2,2225.0,967,194,3360.1027
0,790,1,2,2225.0,967,194,3360.1027
0,791,1,2,1960.0,1232,247,3642.1397
0,792,1,0,2616.8,1684,247,6177.9397
0,793,3,0,2672.8,1628,247,6010.2197
0,794,1,2,1962.0,1230,245,3642.1397
0,795,1,1,453.6,14,2,0.2197
0,796,1,2,2225.0,967,194,3360.1027
0,797,1,0,2838.8,1462,293,6320.2027
0,798,1,2,1962.0,1230,245,3642.1397
0,799,1,0,2571.8,1729,348,6602.2397
0,800,1,2,2128.0,1064,194,3702.8037
0,801,1,0,2778.8,1522,295,6525.1167
0,802,3,2,1962.0,1230,245,3642.1397
0,803,1,2,1960.0,1232,247,3642.1397
0,804,1,2,1960.0,1232,247,3642.1397
0,805,1,2,1960.0,1232,247,3642.1397
0,806,1,1,453.6,14,2,0.2197
0,807,1,1,453.6,14,2,0.2197
0,808,1,0,2838.8,1462,293,6320.2027
0,809,1,1,453.6,14,2,0.2197
0,810,3,1,453.6,14,2,0.2197
0,811,1,0,2828.8,1472,297,6320.2027
0,812,1,1,453.6,14,2,0.2197
0,813,1,0,2770.8,1530,295,6553.3807
0,814,1,0,2672.8,1628,247,6010.2197
0,815,1,0,2665.8,1635,249,6010.32955
0,816,1,2,1962.0,1230,245,3642.1397
0,817,1,0,2571.8,1729,348,6602.2397
0,818,1,1,453.6,14,2,0.2197
0,819,1,2,1960.0,1232,247,3642.1397
0,820,1,0,2676.8,1624,293,6892.5487
0,821,1,2,1962.0,1230,245,3642.1397
0,822,1,1,453.6,14,2,0.2197
0,823,1,1,412.6,55,4,0.2197
0,824,1,2,2225.0,967,194,3360.1027
0,825,1,2,2134.0,1058,194,3681.6057
0,826,1,2,1962.0,1230,245,3642.1397
0,827,1,0,2573.8,1727,346,6602.2397
0,828,1,1,453.6,14,2,0.2197
0,829,1,0,2624.8,1676,295,7069.1987
0,830,1,1,453.6,14,2,0.2197
0,831,1,0,2651.8,1649,295,6973.8077
0,832,1,1,453.6,14,2,0.2197
0,833,1,0,2670.8,1630,249,6010.2197
0,834,1,1,451.6,16,4,0.2197
0,835,1,2,1962.0,1230,245,3642.1397
0,836,1,1,453.6,14,2,0.2197
0,837,1,1,453.6,14,2,0.2197
0,838,1,0,2573.8,1727,346,6602.2397
0,839,1,2,1960.0,1232,247,3642.1397
0,840,3,1,453.6,14,2,0.2197
0,841,1,0,2838.8,1462,293,6320.2027
0,842,1,2,2225.0,967,194,3360.1027
0,843,1,2,1962.0,1230,245,3642.1397
0,844,1,0,2672.8,1628,247,6010.2197
0,845,3,1,453.6,14,2,0.2197
0,846,1,0,2670.8,1630,249,6010.2197
0,847,1,0,2670.8,1630,249,6010.2197
0,848,1,2,1962.0,1230,245,3642.1397
0,849,1,0,2670.8,1630,249,6010.2197
0,850,1,0,2758.8,1542,293,6602.8427
0,851,1,1,453.6,14,2,0.2197
0,852,1,2,2225.0,967,194,3360.1027
0,853,1,2,1960.0,1232,247,3642.1397
0,854,1,2,1960.0,1232,247,3642.1397
0,855,1,1,453.6,14,2,0.2197
0,856,1,1,453.6,14,2,0.2197
0,857,1,1,453.6,14,2,0.2197
0,858,1,2,2225.0,967,194,3360.1027
0,859,1,2,2225.0,967,194,3360.1027
0,860,1,0,2672.8,1628,247,6010.2197
0,861,1,1,453.6,14,2,0.2197
0,862,1,1,453.6,14,2,0.2197
0,863,3,0,2772.8,1528,293,6553.3807
0,864,1,1,453.6,14,2,0.2197
0,865,3,1,453.6,14,2,0.2197
0,866,1,1,453.6,14,2,0.2197
0,867,1,2,2225.0,967,194,3360.1027
0,868,1,0,2751.8,1549,297,6592.2437
0,869,1,0,2672.8,1628,247,6010.2197
0,870,1,1,453.6,14,2,0.2197
0,871,1,0,2672.8,1628,247,6010.2197
0,872,1,2,1953.0,1239,247,3642.1397
0,873,1,2,1949.0,1243,247,3642.31546
0,874,1,0,2663.8,1637,295,6933.8587
0,875,1,0,2571.8,1729,348,6602.2397
0,876,1,2,1960.0,1232,247,3642.1397
0,877,1,2,2071.0,1121,194,3904.1847
0,878,1,1,453.6,14,2,0.2197
0,879,1,0,2573.8,1727,346,6602.2397
0,880,1,1,330.6,137,4,0.2197
0,881,1,1,453.6,14,2,0.2197
0,882,1,0,2566.8,1734,346,6602.39349
0,883,1,2,2017.0,1175,194,4094.9667
0,884,3,1,453.6,14,2,0.2197
0,885,1,0,2672.8,1628,247,6010.2197
0,886,1,0,2834.8,1466,297,6320.2027
0,887,1,0,2672.8,1628,247,6010.2197
0,888,1,0,2571.8,1729,348,6602.2397
0,889,1,1,453.6,14,2,0.2197
0,890,1,2,2225.0,967,194,3360.1027
0,891,1,2,2225.0,967,194,3360.1027
0,892,1,0,2573.8,1727,346,6602.2397
0,893,1,0,2571.8,1729,348,6602.2397
0,894,1,1,453.6,14,2,0.2197
0,895,1,1,453.6,14,2,0.2197
0,896,1,2,2092.0,1100,194,3829.9917
0,897,1,1,446.6,21,2,0.37349
0,898,1,1,453.6,14,2,0.2197
0,899,1,0,2838.8,1462,293,6320.2027
0,900,3,0,2672.8,1628,247,6010.2197
0,901,1,2,1962.0,1230,245,3642.1397
0,902,1,1,453.6,14,2,0.2197
0,903,3,2,2028.0,1164,194,4056.1037
0,904,1,2,2086.0,1106,194,3851.1897
0,905,1,0,2670.8,1630,249,6010.2197
0,906,1,0,2672.8,1628,247,6010.2197
0,907,1,1,453.6,14,2,0.2197
0,908,1,1,453.6,14,2,0.2197
0,909,1,0,2361.8,1939,251,6010.2197
0,910,1,0,2389.8,1911,251,6010.2197
0,911,1,1,453.6,14,2,0.2197
0,912,1,0,2484.8,1816,297,6832.4877
0,913,1,1,453.6,14,2,0.2197
0,914,1,0,2705.8,1595,295,6740.6297
0,915,1,2,1626.0,1566,249,3642.1397
0,916,1,1,453.6,14,2,0.2197
0,917,1,0,2566.8,1734,346,6644.0997
0,918,1,0,2571.8,1729,348,6602.2397
0,919,1,1,453.6,14,2,0.2197
0,920,1,1,445.6,22,2,0.39546
0,921,1,2,2225.0,967,194,3360.1027
0,922,1,2,2040.0,1152,194,4013.7077
0,923,1,1,453.6,14,2,0.2197
0,924,1,1,453.6,14,2,0.2197
0,925,1,2,1960.0,1232,247,3642.1397
0,926,1,2,1950.0,1242,247,3672.0897
0,927,1,0,2546.8,1754,346,6680.13167
0,928,1,2,1918.0,1274,245,3773.9197
0,929,1,0,2669.8,1631,247,6019.2047
0,930,1,1,453.6,14,2,0.2197
0,931,1,2,2225.0,967,194,3360.1027
0,932,1,1,453.6,14,2,0.2197
0,933,1,1,453.6,14,2,0.2197
0,934,1,2,2225.0,967,194,3360.1027
0,935,1,2,1962.0,1230,245,3642.1397
0,936,1,1,453.6,14,2,0.2197
0,937,1,1,453.6,14,2,0.2197
0,938,1,1,453.6,14,2,0.2197
0,939,3,2,2067.0,1125,194,3918.3167
0,940,1,2,1960.0,1232,247,3642.1397
0,941,1,2,1960.0,1232,247,3642.1397
0,942,1,1,453.6,14,2,0.2197
0,943,1,1,453.6,14,2,0.2197
0,944,1,2,2225.0,967,194,3360.1027
0,945,1,0,2838.8,1462,293,6320.2027
0,946,1,1,453.6,14,2,0.2197
0,947,1,1,453.6,14,2,0.2197
0,948,1,1,453.6,14,2,0.2197
0,949,3,1,453.6,14,2,0.2197
0,950,1,0,2722.8,1578,293,6730.0307
0,951,1,1,453.6,14,2,0.2197
0,952,1,1,453.6,14,2,0.2197
0,953,1,1,453.6,14,2,0.2197
0,954,3,2,2225.0,967,194,3360.1027
0,955,1,2,1962.0,1230,245,3642.1397
0,956,1,2,1960.0,1232,247,3642.1397
0,957,1,2,2020.0,1172,194,4084.3677
0,958,1,1,453.6,14,2,0.2197
0,959,1,1,453.6,14,2,0.2197
0,960,1,1,453.6,14,2,0.2197
0,961,1,2,2225.0,967,194,3360.1027
0,962,1,2,1962.0,1230,245,3642.1397
0,963,1,2,2111.0,1081,194,3762.8647
0,964,1,1,453.6,14,2,0.2197
0,965,1,2,1958.0,1234,245,3642.22758
0,966,1,2,1956.0,1236,245,3642.27152
0,967,1,0,2561.8,1739,350,6602.2397
0,968,1,2,2061.0,1131,194,3939.5147
0,969,1,2,1921.0,1271,249,3642.1397
0,970,1,1,453.6,14,2,0.2197
0,971,1,2,2084.0,1108,194,3858.2557
0,972,1,1,453.6,14,2,0.2197
0,973,1,2,1959.0,1233,247,3642.16167
0,974,1,1,453.6,14,2,0.2197
0,975,1,2,1962.0,1230,245,3642.1397
0,976,1,0,2566.8,1734,346,6602.39349
0,977,1,0,2836.8,1464,295,6320.2027
0,978,1,2,1962.0,1230,245,3642.1397
0,979,1,2,1960.0,1232,247,3642.1397
0,980,1,2,1960.0,1232,247,3642.1397
0,981,1,2,2043.0,1149,194,4003.1087
0,982,1,2,1903.0,1289,247,3812.8547
0,983,1,1,453.6,14,2,0.2197
0,984,3,1,453.6,14,2,0.2197
0,985,1,1,453.6,14,2,0.2197
0,986,1,0,2747.8,1553,293,6641.7057
0,987,1,0,2798.8,1502,295,6454.4567
0,988,1,2,1962.0,1230,245,3642.1397
0,989,1,1,453.6,14,2,0.2197
0,990,1,2,2026.0,1166,194,4063.1697
0,991,1,1,453.6,14,2,0.2197
0,992,1,2,2225.0,967,194,3360.1027
0,993,1,0,2672.8,1628,247,6010.2197
0,994,1,0,2814.8,1486,295,6397.9287
0,995,3,2,2164.0,1028,194,3575.6157
0,996,1,2,1962.0,1230,245,3642.1397
0,997,1,1,453.6,14,2,0.2197
0,998,1,1,453.6,14,2,0.2197
0,999,1,0,2669.8,1631,293,6917.2797
1,549,1,1,-480.4,948,2,6917.2797
1,550,1,1,-444.4,912,2,6917.2797
1,555,1,1,-42.4,510,2,6917.2797
1,556,1,1,-315.4,783,2,6917.2797
1,558,1,1,-159.4,627,2,6917.2797
1,561,1,1,-256.4,724,2,6917.2797
1,563,1,1,-61.4,529,2,6917.2797
Time: 64793, 211860, 62984, 429390
