2020-04-16 18:10:27

CONFIGURATION:
{u'simulation': {u'stdev_factor': 0.01, u'power_mgmt_enabled': False, u'tasks': {u'loc': {u'mean_service_time': {u'gpu': 90, u'cpu_core': 200, u'loc_accel': 10}, u'priority': 1, u'deadline': 1000, u'stdev_service_time': {u'gpu': 0.9, u'cpu_core': 2.0, u'loc_accel': 0.1}, u'power': {u'gpu': 4.457, u'cpu_core': 6.133, u'loc_accel': 0.02197}}, u'detect': {u'mean_service_time': {u'gpu': 0.4607, u'cpu_core': 3.654, u'det_accel': 0.278}, u'priority': 2, u'deadline': 1000, u'stdev_service_time': {u'gpu': 0.004607, u'cpu_core': 0.03654, u'det_accel': 0.0027800000000000004}, u'power': {u'gpu': 90, u'cpu_core': 200, u'det_accel': 10}}, u'Frontier': {u'mean_service_time': {u'cpu_core': 396}, u'priority': 9, u'deadline': 1000, u'stdev_service_time': {u'cpu_core': 3.96}, u'power': {u'cpu_core': 5.98}}, u'track': {u'mean_service_time': {u'gpu': 17, u'tra_accel': 2, u'cpu_core': 1820}, u'priority': 3, u'deadline': 1000, u'stdev_service_time': {u'gpu': 0.17, u'tra_accel': 0.02, u'cpu_core': 18.2}, u'power': {u'gpu': 12.79, u'tra_accel': 0.59, u'cpu_core': 5.6}}, u'sp': {u'mean_service_time': {u'gpu': 379, u'cpu_core': 1004}, u'priority': 11, u'deadline': 1000, u'stdev_service_time': {u'gpu': 3.79, u'cpu_core': 10.040000000000001}, u'power': {u'gpu': 3.302, u'cpu_core': 1004}}, u'mission': {u'mean_service_time': {u'cpu_core': 0.0022}, u'priority': 5, u'deadline': 1000, u'stdev_service_time': {u'cpu_core': 2.2000000000000003e-05}, u'power': {u'cpu_core': 3.534}}, u'motion': {u'mean_service_time': {u'cpu_core': 8}, u'priority': 6, u'deadline': 1000, u'stdev_service_time': {u'cpu_core': 0.08}, u'power': {u'cpu_core': 4.222}}, u'collision': {u'mean_service_time': {u'cpu_core': 8}, u'priority': 7, u'deadline': 1000, u'stdev_service_time': {u'cpu_core': 0.08}, u'power': {u'cpu_core': 0}}, u'fusion': {u'mean_service_time': {u'cpu_core': 1}, u'priority': 4, u'deadline': 1000, u'stdev_service_time': {u'cpu_core': 0.01}, u'power': {u'cpu_core': 0}}, u'map': {u'mean_service_time': {u'gpu': 761, u'cpu_core': 973}, u'priority': 10, u'deadline': 1000, u'stdev_service_time': {u'gpu': 7.61, u'cpu_core': 9.73}, u'power': {u'gpu': 3.533, u'cpu_core': 2.995}}, u'path': {u'mean_service_time': {u'cpu_core': 8}, u'priority': 8, u'deadline': 1000, u'stdev_service_time': {u'cpu_core': 0.08}, u'power': {u'cpu_core': 0}}}, u'sched_policy_module': u'policies.rheft', u'drop': True, u'servers': {u'gpu': {u'count': 2}, u'tra_accel': {u'count': 1}, u'cpu_core': {u'count': 8}, u'loc_accel': {u'count': 1}, u'det_accel': {u'count': 1}}, u'max_tasks_simulated': 10000, u'max_queue_size': 1000000, u'mean_arrival_time': 50, u'arrival_time_scale': 3}, u'general': {u'random_seed': 0, u'pre_gen_arrivals': False, u'basename': u'policy:rheft__stdev_factor:0.01', u'output_trace_file': None, u'working_dir': u'/home/hiwot/meta-stomp2/sim_16042020_180830_new_arrival_50_map_rheftmapping_50_trace_30', u'input_trace_file': (False, '../mv_mapping_50_trace_30.trc'), u'logging_level': u'INFO'}}
Time	Response time (avg)
961	951.0
976	951.0
1280	1039.3
1400	1083.5
1562	1110.0
1592	1127.7
1921	1102.4
2212	1083.5
2552	1098.2
3580	1083.5
3790	1071.5
4073	1083.5
4184	1093.7
4433	1102.4
4531	1104.5
4649	1111.5
4741	1113.2
4976	1118.9
5767	1110.1
5821	1102.1
6146	1107.5
6230	1112.5
6362	1117.0
6718	1114.7
6728	1118.7
6772	1114.3
7022	1118.1
7341	1121.6
7446	1127.6
7669	1127.4
7771	1121.7
8051	1124.7
8324	1127.4
8366	1130.0
8648	1132.5
8842	1127.4
9007	1122.7
9311	1125.1
9698	1127.5
9734	1129.7
9773	1131.8
9824	1133.8
10141	1129.5
10405	1125.5
10880	1127.5
10913	1129.4
11092	1128.2
11356	1128.2
11387	1130.0
11747	1131.7
11924	1133.4
11960	1135.0
12370	1131.5
12460	1128.2
12857	1129.8
12875	1131.3
13001	1132.8
13190	1134.2
13253	1135.6
13321	1135.2
13411	1134.3
13574	1135.6
13653	1137.4
14091	1142.8
14104	1146.3
14171	1149.3
14249	1150.3
14272	1149.0
14362	1147.7
14531	1148.7
14890	1151.5
15053	1152.3
15223	1155.4
15313	1154.1
15725	1154.9
15851	1155.7
15926	1156.5
15953	1157.3
16118	1158.0
16174	1156.4
16489	1153.9
16868	1154.6
17125	1154.6
17339	1155.3
17402	1156.0
17440	1153.8
17828	1154.5
17870	1155.2
17906	1155.9
18157	1153.6
18712	1151.4
19108	1150.6
19663	1150.4
19910	1151.1
20242	1149.0
20614	1148.8
20706	1149.5
20762	1150.2
20936	1150.8
21167	1151.5
21193	1150.7
21565	1150.7
21668	1151.3
22004	1152.0
22082	1152.6
22130	1153.2
22240	1151.3
22666	1149.4
23051	1150.0
23159	1150.6
23237	1148.8
23597	1149.4
23617	1148.9
23660	1149.4
23765	1150.0
24011	1150.6
24188	1150.7
24221	1151.3
24568	1150.9
24575	1151.4
25139	1150.1
25436	1150.6
25519	1149.7
25952	1150.2
26018	1150.8
26051	1151.3
26090	1150.9
26220	1151.4
26277	1151.9
26470	1151.2
27041	1151.1
27062	1151.5
27209	1152.0
27242	1152.5
27421	1151.8
27704	1152.3
27752	1152.8
27878	1153.2
27992	1153.1
28552	1151.7
28951	1150.3
29503	1149.1
29902	1149.2
29976	1149.6
30191	1150.1
30967	1148.7
31231	1147.4
31520	1147.8
31874	1148.3
31918	1148.0
31943	1148.4
32046	1148.9
32182	1148.1
32456	1148.5
32636	1149.0
32869	1149.2
32873	1149.6
33133	1149.3
33943	1148.1
34084	1147.1
34394	1147.6
34442	1148.0
34583	1148.4
34850	1148.8
35224	1147.6
35365	1146.4
35666	1146.9
36175	1146.4
36316	1146.2
36356	1146.6
37022	1147.0
37032	1147.4
37273	1146.2
37414	1145.1
37850	1145.5
37943	1145.9
38069	1146.3
38096	1146.7
38171	1147.1
38207	1147.5
38224	1147.8
38256	1148.3
38551	1147.2
38972	1147.6
39175	1148.0
39293	1148.7
39580	1147.6
40126	1146.8
40452	1147.2
41017	1146.1
41077	1145.4
41513	1145.7
41894	1146.1
41930	1146.4
41968	1145.6
42028	1144.7
42644	1145.1
42919	1145.1
42932	1145.5
42979	1144.9
43877	1145.2
43922	1145.6
44188	1144.6
44206	1143.7
44495	1144.0
44690	1144.4
44882	1144.7
45139	1144.5
45157	1144.2
45419	1144.5
45620	1144.9
46462	1144.0
47011	1143.1
47306	1143.4
47318	1143.7
47333	1144.1
47393	1144.4
47413	1144.0
47414	1144.4
47424	1144.7
47585	1145.0
47639	1145.3
47962	1146.4
48364	1148.0
48660	1149.0
48801	1150.0
48871	1150.3
49552	1149.4
49639	1148.5
50063	1148.8
50216	1149.1
50279	1149.4
51073	1148.5
51268	1147.7
51596	1148.0
51662	1148.3
51797	1148.6
51851	1148.8
52024	1148.5
52501	1147.6
53116	1146.8
53503	1146.0
53792	1146.3
53885	1146.6
54067	1146.1
54504	1146.4
54628	1145.6
55018	1145.1
55022	1145.4
55295	1145.7
55442	1146.0
55579	1145.4
55595	1145.7
55955	1146.0
56012	1146.2
56380	1145.5
56530	1144.8
56804	1145.0
56822	1145.3
57188	1145.6
57302	1145.9
57511	1145.1
57907	1144.4
58301	1144.6
58462	1144.4
58643	1144.6
58858	1144.0
58862	1144.3
59276	1144.6
59312	1144.8
59413	1144.6
59459	1144.9
59582	1145.2
59623	1145.4
59809	1145.8
59934	1146.3
60364	1146.4
60373	1146.7
60492	1147.4
60596	1147.9
60760	1148.7
61055	1150.6
61150	1152.2
61315	1151.6
61316	1152.3
61589	1152.5
61711	1152.5
61850	1152.7
62225	1152.9
62266	1152.7
62576	1152.9
62710	1152.3
62987	1152.5
63164	1152.7
63174	1152.9
63209	1153.1
63217	1152.7
63408	1152.9
63422	1153.2
64054	1152.5
64168	1151.9
64469	1152.1
64859	1152.3
65005	1152.3
65045	1152.5
65138	1152.7
65787	1152.1
65956	1151.8
66152	1152.1
66428	1152.3
66569	1152.5
66584	1152.7
66731	1152.9
66738	1152.4
66907	1151.9
67151	1152.1
67616	1152.3
67626	1152.5
67689	1151.9
67906	1151.3
68504	1151.5
68636	1151.7
68640	1151.5
68857	1151.2
69059	1151.4
69185	1151.6
69209	1151.8
69326	1152.0
69400	1152.2
69591	1151.9
69797	1152.1
69808	1151.8
70264	1152.4
70415	1152.9
70425	1153.3
70542	1153.5
70759	1153.1
71117	1153.2
71426	1153.4
71493	1153.0
71516	1153.2
71737	1152.6
72161	1152.8
72362	1153.0
72444	1152.6
72688	1152.3
73498	1151.8
73735	1151.2
74219	1151.4
74449	1150.9
74498	1151.1
74710	1150.5
75071	1150.7
75194	1150.9
75257	1151.1
75362	1151.2
75425	1151.4
75806	1150.9
76075	1150.3
76978	1149.7
77026	1149.2
77582	1149.4
77929	1149.2
77977	1149.0
78205	1149.2
78233	1149.3
78626	1149.5
78722	1149.7
78761	1149.9
78800	1150.1
78880	1149.5
78955	1149.0
79230	1149.2
79265	1149.4
79466	1150.1
79831	1151.2
79842	1152.7
79906	1152.5
79938	1152.9
80054	1153.1
80510	1153.3
80535	1153.5
80591	1153.7
80762	1153.9
80782	1153.9
80857	1154.0
80957	1154.1
81218	1154.3
81452	1154.5
81733	1154.1
81746	1154.2
81940	1153.7
82232	1153.9
82661	1154.0
82753	1153.5
82891	1153.1
83453	1153.2
83463	1153.4
83473	1153.5
83687	1153.7
83738	1153.9
83857	1153.4
83935	1152.9
84305	1153.0
84317	1153.2
84698	1153.3
84808	1153.7
84903	1154.1
85051	1153.6
85667	1153.8
85796	1153.9
86086	1153.4
86122	1152.9
87086	1153.1
87277	1152.6
87424	1152.1
88208	1152.3
88218	1152.4
88228	1152.6
88417	1152.1
88633	1151.6
88949	1151.8
89518	1151.3
89980	1150.8
90266	1151.0
90469	1150.5
91132	1150.1
91448	1150.2
91458	1150.4
91538	1149.9
91813	1150.1
92083	1150.0
92090	1150.1
92489	1150.1
92618	1150.3
92705	1150.4
93034	1150.2
93078	1150.3
93586	1149.9
93985	1149.6
94016	1149.8
94304	1149.9
94361	1150.1
94433	1150.2
94532	1150.4
94537	1150.4
94784	1150.5
94889	1150.6
94936	1150.6
95318	1151.2
95488	1151.5
95720	1151.6
95840	1151.7
96316	1151.3
96661	1150.9
96936	1151.0
97043	1151.1
97247	1151.3
97267	1150.9
97571	1151.0
97612	1151.0
97820	1151.1
97955	1151.3
98003	1151.4
98165	1151.6
98218	1151.8
98488	1151.9
98558	1152.2
98563	1152.3
99005	1152.4
99023	1152.5
99171	1152.8
99229	1152.4
99514	1152.4
99723	1152.6
99731	1152.7
99897	1153.1
100079	1153.3
100224	1153.4
100282	1153.0
100591	1152.6
101350	1152.1
102055	1151.7
102301	1151.6
102908	1151.7
103120	1151.3
103252	1151.1
103595	1151.2
103766	1151.3
103904	1151.5
104071	1151.2
104359	1150.8
104634	1151.0
105022	1150.9
105167	1151.0
105203	1151.2
105290	1151.3
105478	1150.9
105973	1150.7
106429	1150.5
106889	1150.7
107257	1150.3
107698	1149.9
108095	1150.0
108149	1150.1
108208	1150.1
108649	1149.9
108861	1150.0
108871	1150.1
109055	1150.2
109180	1149.9
109196	1150.0
109517	1150.1
109600	1149.9
110030	1150.0
110069	1150.1
110131	1150.1
110629	1149.7
110904	1149.8
110984	1150.0
111023	1150.1
111035	1150.2
111129	1150.4
111154	1150.0
111473	1150.1
111580	1150.3
111998	1150.4
112105	1150.4
112120	1150.7
112247	1151.0
112358	1151.2
112385	1151.3
112531	1151.4
113056	1151.0
113369	1151.2
113557	1150.8
114823	1150.4
115213	1150.0
115691	1150.2
115774	1150.1
115808	1150.2
116164	1150.2
116253	1150.3
116914	1149.9
117115	1149.9
117209	1150.0
117308	1150.2
117617	1150.3
117650	1150.4
117662	1150.5
117865	1150.4
118066	1150.2
118361	1150.3
118577	1150.4
118730	1150.5
118787	1150.6
118856	1150.7
118957	1150.4
119164	1150.0
119528	1150.1
119573	1150.3
119735	1150.4
119745	1150.5
119793	1150.7
119908	1150.9
120020	1151.3
120115	1151.2
120545	1151.3
120848	1151.4
121030	1151.1
121084	1150.7
121658	1150.8
121715	1150.9
121844	1151.1
121934	1151.2
121981	1151.0
122035	1150.9
122639	1151.0
122804	1151.1
122932	1151.1
122986	1150.9
123883	1150.7
124015	1150.4
124478	1150.5
124488	1150.6
124834	1150.6
124966	1150.5
125015	1150.7
125399	1150.8
125546	1150.9
125804	1151.0
125837	1151.1
125884	1150.8
125980	1150.4
126419	1150.5
126572	1150.6
126617	1150.8
126771	1150.9
126835	1150.8
126931	1150.5
127364	1150.6
127517	1150.7
127637	1150.8
127688	1150.9
127802	1151.1
127912	1150.7
128041	1150.4
128666	1150.5
128747	1150.6
128869	1150.3
129055	1150.0
129401	1150.1
129521	1150.2
129531	1150.3
129635	1150.4
129713	1150.5
129820	1150.5
130171	1150.2
130496	1150.3
130670	1150.4
130737	1150.6
130771	1150.6
130783	1150.7
131578	1150.4
131722	1150.2
132539	1150.3
133021	1150.0
133099	1149.6
133451	1149.8
133496	1149.9
133550	1150.0
133643	1150.1
133880	1150.2
133972	1150.1
134122	1149.8
134414	1149.9
134726	1150.0
134792	1150.1
134923	1150.1
135196	1149.8
135479	1149.9
135662	1150.0
135874	1150.0
136174	1149.6
136481	1149.7
136538	1149.8
136577	1150.0
136817	1150.1
136825	1150.0
137125	1150.0
137126	1150.1
137205	1150.2
137585	1150.6
137771	1150.8
137776	1150.7
138169	1150.4
138542	1150.5
138704	1150.6
138727	1150.4
138752	1150.5
138953	1150.6
139079	1150.7
139207	1150.4
139798	1150.1
140158	1149.9
140477	1150.0
140487	1150.1
140803	1149.8
141112	1149.5
141461	1149.6
141481	1149.7
141758	1149.8
141800	1149.9
142186	1149.6
142408	1149.3
142796	1149.4
143137	1149.3
143282	1149.4
143359	1149.2
