2020-04-16 18:10:27

CONFIGURATION:
{u'simulation': {u'stdev_factor': 0.01, u'power_mgmt_enabled': False, u'tasks': {u'loc': {u'mean_service_time': {u'gpu': 90, u'cpu_core': 200, u'loc_accel': 10}, u'priority': 1, u'deadline': 1000, u'stdev_service_time': {u'gpu': 0.9, u'cpu_core': 2.0, u'loc_accel': 0.1}, u'power': {u'gpu': 4.457, u'cpu_core': 6.133, u'loc_accel': 0.02197}}, u'detect': {u'mean_service_time': {u'gpu': 0.4607, u'cpu_core': 3.654, u'det_accel': 0.278}, u'priority': 2, u'deadline': 1000, u'stdev_service_time': {u'gpu': 0.004607, u'cpu_core': 0.03654, u'det_accel': 0.0027800000000000004}, u'power': {u'gpu': 90, u'cpu_core': 200, u'det_accel': 10}}, u'Frontier': {u'mean_service_time': {u'cpu_core': 396}, u'priority': 9, u'deadline': 1000, u'stdev_service_time': {u'cpu_core': 3.96}, u'power': {u'cpu_core': 5.98}}, u'track': {u'mean_service_time': {u'gpu': 17, u'tra_accel': 2, u'cpu_core': 1820}, u'priority': 3, u'deadline': 1000, u'stdev_service_time': {u'gpu': 0.17, u'tra_accel': 0.02, u'cpu_core': 18.2}, u'power': {u'gpu': 12.79, u'tra_accel': 0.59, u'cpu_core': 5.6}}, u'sp': {u'mean_service_time': {u'gpu': 379, u'cpu_core': 1004}, u'priority': 11, u'deadline': 1000, u'stdev_service_time': {u'gpu': 3.79, u'cpu_core': 10.040000000000001}, u'power': {u'gpu': 3.302, u'cpu_core': 1004}}, u'mission': {u'mean_service_time': {u'cpu_core': 0.0022}, u'priority': 5, u'deadline': 1000, u'stdev_service_time': {u'cpu_core': 2.2000000000000003e-05}, u'power': {u'cpu_core': 3.534}}, u'motion': {u'mean_service_time': {u'cpu_core': 8}, u'priority': 6, u'deadline': 1000, u'stdev_service_time': {u'cpu_core': 0.08}, u'power': {u'cpu_core': 4.222}}, u'collision': {u'mean_service_time': {u'cpu_core': 8}, u'priority': 7, u'deadline': 1000, u'stdev_service_time': {u'cpu_core': 0.08}, u'power': {u'cpu_core': 0}}, u'fusion': {u'mean_service_time': {u'cpu_core': 1}, u'priority': 4, u'deadline': 1000, u'stdev_service_time': {u'cpu_core': 0.01}, u'power': {u'cpu_core': 0}}, u'map': {u'mean_service_time': {u'gpu': 761, u'cpu_core': 973}, u'priority': 10, u'deadline': 1000, u'stdev_service_time': {u'gpu': 7.61, u'cpu_core': 9.73}, u'power': {u'gpu': 3.533, u'cpu_core': 2.995}}, u'path': {u'mean_service_time': {u'cpu_core': 8}, u'priority': 8, u'deadline': 1000, u'stdev_service_time': {u'cpu_core': 0.08}, u'power': {u'cpu_core': 0}}}, u'sched_policy_module': u'policies.rheft', u'drop': True, u'servers': {u'gpu': {u'count': 2}, u'tra_accel': {u'count': 1}, u'cpu_core': {u'count': 8}, u'loc_accel': {u'count': 1}, u'det_accel': {u'count': 1}}, u'max_tasks_simulated': 10000, u'max_queue_size': 1000000, u'mean_arrival_time': 50, u'arrival_time_scale': 3}, u'general': {u'random_seed': 0, u'pre_gen_arrivals': False, u'basename': u'policy:rheft__stdev_factor:0.01', u'output_trace_file': None, u'working_dir': u'/home/hiwot/meta-stomp2/sim_16042020_180830_new_arrival_50_map_rheftmapping_50_trace_30', u'input_trace_file': (False, '../mv_mapping_50_trace_30.trc'), u'logging_level': u'INFO'}}
Time	Response time (avg)
1456	495.0
1676	445.5
1796	429.0
1958	420.8
2707	435.6
4469	429.0
4580	424.3
4829	420.8
5026	429.0
6262	435.6
6316	441.0
6542	437.2
6757	444.2
6758	440.7
7124	437.7
7213	441.3
7267	444.5
7836	447.3
8546	449.8
8819	452.1
9806	454.1
10094	451.5
10130	449.0
10319	451.0
11276	448.8
11587	450.5
11783	448.5
12419	450.2
12455	451.7
12955	453.2
13748	454.5
14069	460.9
14487	458.9
14500	457.1
14645	455.3
14767	456.4
15286	454.8
15718	455.8
15808	456.8
16121	455.3
16346	456.3
16448	457.2
16984	458.1
17363	458.9
17798	457.5
17834	458.3
18224	457.0
18365	457.8
19603	458.6
20158	459.3
20737	460.0
21332	458.8
21563	457.6
22163	458.3
22400	457.1
22478	456.1
22735	456.7
23161	457.4
23654	458.0
23993	457.0
24407	456.0
24683	456.6
25063	457.2
26546	457.8
26772	458.4
27536	459.0
27704	459.5
28199	460.0
29047	460.5
29998	461.0
30372	460.1
30397	460.6
31462	461.1
31726	461.5
31916	460.6
32270	459.8
32413	460.2
32438	460.7
32677	461.1
33131	461.6
33628	462.0
34438	462.4
34579	462.8
34790	462.0
35719	462.4
35860	462.7
36670	463.1
36752	462.3
37520	462.7
38246	462.0
38441	462.4
38666	462.8
38702	463.1
39046	463.4
39689	462.7
40621	463.1
41572	463.4
41909	462.7
42290	462.0
43139	462.4
43328	461.7
45377	462.0
45652	462.3
45914	462.7
47801	471.0
47813	474.1
47828	474.5
47893	474.7
47922	474.9
48457	475.1
48859	475.3
49366	475.5
50047	475.6
50459	474.9
51763	475.1
52519	475.3
52996	475.4
54188	474.8
54900	474.1
55123	474.3
55513	474.5
56074	474.6
56090	474.8
56507	475.0
56875	475.1
57200	474.5
58402	474.6
58697	474.0
59141	474.2
59362	474.4
59807	474.8
59954	475.3
60077	476.4
60118	476.9
60449	477.1
60859	477.3
60944	478.0
61255	478.1
61451	477.5
61546	476.9
61810	477.0
61985	476.5
62206	476.6
63482	476.7
63560	476.2
63605	475.6
63903	475.8
64549	475.9
64663	476.0
65255	475.5
65441	475.0
66282	475.1
66965	474.6
67127	474.1
67233	474.2
67402	474.3
67646	474.5
68012	474.0
68184	474.1
68401	474.2
69032	473.7
69352	473.9
69455	473.4
69821	474.2
69847	474.5
70303	474.6
70660	474.2
70910	474.3
70920	474.4
71254	474.5
71513	474.1
72011	474.2
72232	474.3
73183	474.4
74615	474.0
75205	474.1
75566	474.2
75752	474.3
75857	474.5
75920	474.6
76301	474.7
76570	474.8
77473	474.9
77521	475.0
78703	475.1
79295	475.3
79375	475.4
79730	475.5
81086	475.6
81277	475.7
81947	475.8
82241	475.9
82435	476.0
83248	476.1
83849	475.7
83869	475.3
83958	475.4
84233	475.7
84430	475.8
84800	475.9
84812	476.0
85094	475.6
85303	475.7
85398	475.8
86617	475.9
87482	475.5
87772	475.6
87919	475.7
88604	475.3
88723	475.4
89128	475.5
91627	475.6
91844	475.2
91854	474.9
92209	474.5
92486	474.1
92578	474.2
93113	474.3
93200	474.4
93529	474.5
94081	474.6
94511	474.8
94802	474.9
94928	475.0
95032	475.1
95282	475.2
95384	475.3
95431	475.4
95813	475.5
97332	475.1
97742	475.2
98216	474.9
98498	475.2
98660	475.9
98711	476.2
99056	476.3
99521	476.4
99666	476.5
100009	476.6
100620	476.2
101086	476.3
101845	476.4
102550	476.5
103991	476.1
104162	475.8
104300	475.5
105129	475.6
105517	475.7
105785	475.7
105973	475.8
106468	475.9
106924	476.0
107285	475.6
108193	475.7
108491	475.4
109675	475.5
109691	475.6
109913	475.3
110095	475.3
110564	475.4
110626	475.5
111124	475.6
111484	475.6
111649	475.7
112600	475.8
112742	475.9
112880	475.9
113026	476.0
113864	476.1
114052	476.1
115708	476.2
116087	475.9
116269	476.0
116659	476.1
117409	476.1
118046	475.8
119230	475.9
120068	476.0
120189	475.7
120230	475.8
120416	475.5
120610	475.6
121525	475.6
122210	475.7
122476	475.8
123134	475.8
123299	475.9
123427	476.0
124378	476.0
124874	475.8
125461	475.8
125795	475.6
125942	475.3
126379	475.3
126815	475.1
127013	474.8
127167	474.5
127426	474.6
127859	474.7
128033	474.4
128183	474.5
129062	474.2
129143	474.0
129364	474.0
129557	474.1
129797	473.9
130031	474.0
130133	474.0
130211	474.1
130315	474.2
130991	474.3
131179	474.0
131266	474.1
132073	474.1
132217	474.2
132935	474.0
134467	474.0
134617	474.1
135418	474.2
135974	474.2
136369	474.3
136669	474.3
136973	474.1
136983	474.2
137320	474.3
137981	474.0
138167	473.8
138664	473.8
139199	473.9
139222	474.0
139448	474.0
140873	473.8
140883	473.6
141298	473.6
141976	473.7
142253	473.8
142903	473.8
143632	473.9
