2020-04-16 18:10:27

CONFIGURATION:
{u'simulation': {u'stdev_factor': 0.01, u'power_mgmt_enabled': False, u'tasks': {u'loc': {u'mean_service_time': {u'gpu': 90, u'cpu_core': 200, u'loc_accel': 10}, u'priority': 1, u'deadline': 1000, u'stdev_service_time': {u'gpu': 0.9, u'cpu_core': 2.0, u'loc_accel': 0.1}, u'power': {u'gpu': 4.457, u'cpu_core': 6.133, u'loc_accel': 0.02197}}, u'detect': {u'mean_service_time': {u'gpu': 0.4607, u'cpu_core': 3.654, u'det_accel': 0.278}, u'priority': 2, u'deadline': 1000, u'stdev_service_time': {u'gpu': 0.004607, u'cpu_core': 0.03654, u'det_accel': 0.0027800000000000004}, u'power': {u'gpu': 90, u'cpu_core': 200, u'det_accel': 10}}, u'Frontier': {u'mean_service_time': {u'cpu_core': 396}, u'priority': 9, u'deadline': 1000, u'stdev_service_time': {u'cpu_core': 3.96}, u'power': {u'cpu_core': 5.98}}, u'track': {u'mean_service_time': {u'gpu': 17, u'tra_accel': 2, u'cpu_core': 1820}, u'priority': 3, u'deadline': 1000, u'stdev_service_time': {u'gpu': 0.17, u'tra_accel': 0.02, u'cpu_core': 18.2}, u'power': {u'gpu': 12.79, u'tra_accel': 0.59, u'cpu_core': 5.6}}, u'sp': {u'mean_service_time': {u'gpu': 379, u'cpu_core': 1004}, u'priority': 11, u'deadline': 1000, u'stdev_service_time': {u'gpu': 3.79, u'cpu_core': 10.040000000000001}, u'power': {u'gpu': 3.302, u'cpu_core': 1004}}, u'mission': {u'mean_service_time': {u'cpu_core': 0.0022}, u'priority': 5, u'deadline': 1000, u'stdev_service_time': {u'cpu_core': 2.2000000000000003e-05}, u'power': {u'cpu_core': 3.534}}, u'motion': {u'mean_service_time': {u'cpu_core': 8}, u'priority': 6, u'deadline': 1000, u'stdev_service_time': {u'cpu_core': 0.08}, u'power': {u'cpu_core': 4.222}}, u'collision': {u'mean_service_time': {u'cpu_core': 8}, u'priority': 7, u'deadline': 1000, u'stdev_service_time': {u'cpu_core': 0.08}, u'power': {u'cpu_core': 0}}, u'fusion': {u'mean_service_time': {u'cpu_core': 1}, u'priority': 4, u'deadline': 1000, u'stdev_service_time': {u'cpu_core': 0.01}, u'power': {u'cpu_core': 0}}, u'map': {u'mean_service_time': {u'gpu': 761, u'cpu_core': 973}, u'priority': 10, u'deadline': 1000, u'stdev_service_time': {u'gpu': 7.61, u'cpu_core': 9.73}, u'power': {u'gpu': 3.533, u'cpu_core': 2.995}}, u'path': {u'mean_service_time': {u'cpu_core': 8}, u'priority': 8, u'deadline': 1000, u'stdev_service_time': {u'cpu_core': 0.08}, u'power': {u'cpu_core': 0}}}, u'sched_policy_module': u'policies.rheft', u'drop': True, u'servers': {u'gpu': {u'count': 2}, u'tra_accel': {u'count': 1}, u'cpu_core': {u'count': 8}, u'loc_accel': {u'count': 1}, u'det_accel': {u'count': 1}}, u'max_tasks_simulated': 10000, u'max_queue_size': 1000000, u'mean_arrival_time': 50, u'arrival_time_scale': 3}, u'general': {u'random_seed': 0, u'pre_gen_arrivals': False, u'basename': u'policy:rheft__stdev_factor:0.01', u'output_trace_file': None, u'working_dir': u'/home/hiwot/meta-stomp2/sim_16042020_180830_new_arrival_50_map_rheftmapping_50_trace_30', u'input_trace_file': (False, '../mv_mapping_50_trace_30.trc'), u'logging_level': u'INFO'}}
Time	Response time (avg)
473	1.0
731	1.0
982	1.0
1019	1.0
1247	1.0
1462	1.0
1596	1.0
1682	1.0
1804	1.0
1927	1.0
1966	1.0
2558	1.0
2693	1.0
2713	1.0
3586	1.0
3617	1.0
3796	1.0
3884	1.0
4451	1.0
4475	1.0
4586	1.0
4655	1.0
4664	1.0
4691	1.0
4712	1.0
4747	1.0
4837	1.0
4982	1.0
5032	1.0
5672	1.0
5693	1.0
5984	1.0
6071	1.0
6119	1.0
6333	1.3
6336	1.4
6548	1.4
6763	1.4
6764	1.4
7026	1.4
7130	1.3
7219	1.3
7273	1.3
7450	1.3
7490	1.3
7631	1.3
7675	1.3
7777	1.3
7814	1.3
7842	1.3
8370	1.3
8496	1.3
8552	1.3
8652	1.3
8822	1.3
8827	1.3
8848	1.3
8885	1.3
9013	1.3
9302	1.3
9428	1.3
9506	1.3
9777	1.3
9814	1.2
10102	1.2
10138	1.2
10147	1.2
10325	1.2
10397	1.2
10411	1.2
10917	1.2
11198	1.2
11282	1.2
11362	1.2
11595	1.2
11751	1.2
11791	1.2
11834	1.2
12308	1.2
12318	1.2
12434	1.3
12437	1.4
12860	6.2
12871	6.2
12874	6.2
12885	6.2
12888	6.2
13016	6.2
13019	6.2
13201	6.2
13204	6.2
13208	6.2
13219	6.1
13280	6.1
13666	6.1
13669	6.1
13751	6.8
13759	6.7
13793	6.7
14075	6.6
14175	6.6
14368	6.5
14493	6.5
14506	6.4
14537	6.4
14651	6.3
14751	6.3
14773	6.2
14801	6.2
15057	6.1
15077	6.1
15197	6.0
15207	6.0
15292	5.9
15724	5.9
15814	5.9
15899	5.8
15930	5.8
16122	5.7
16127	5.7
16180	5.7
16352	5.6
16456	5.6
16990	5.5
17063	5.5
17131	5.5
17371	5.4
17446	5.4
17714	5.4
17806	5.3
17807	5.3
17837	5.3
17840	5.2
17912	5.2
18163	5.2
18230	5.2
18371	5.1
18718	5.1
19268	5.1
19609	5.0
19850	5.0
19914	5.0
20164	5.0
20267	4.9
20620	4.9
20710	4.9
20723	4.8
20743	4.8
20768	4.8
20825	4.8
20885	4.7
21199	4.7
21338	4.7
21380	4.7
21569	4.6
21573	4.6
21602	4.6
21620	4.6
22134	4.6
22169	4.5
22280	4.5
22406	4.5
22484	4.5
22741	4.5
23055	4.4
23169	4.4
23225	4.4
23243	4.4
23623	4.4
23660	4.3
23664	4.3
23771	4.3
24001	4.3
24227	4.3
24251	4.2
24398	4.2
24413	4.2
24581	4.2
24689	4.2
25055	4.2
25069	4.1
25145	4.1
25442	4.1
25525	4.1
25956	4.1
26024	4.0
26096	4.0
26226	4.0
26476	4.0
26552	4.0
26778	4.0
27066	4.0
27248	3.9
27293	3.9
27427	3.9
27544	3.9
27712	3.9
27758	3.9
27884	3.8
27998	3.8
28205	3.8
28343	3.8
28373	3.8
28957	3.8
29053	3.8
29135	3.8
29264	3.7
30004	3.7
30197	3.7
30378	3.7
30405	3.7
31468	3.7
31634	3.7
31732	3.6
31790	3.6
31859	3.6
31922	3.6
32052	3.6
32276	3.6
32421	3.6
32444	3.6
32462	3.6
32480	3.5
32685	3.5
32708	3.5
32875	3.5
32881	3.5
33006	3.5
33104	3.5
33137	3.5
33634	3.5
33914	3.5
33983	3.4
34444	3.4
34446	3.4
34475	3.4
34589	3.4
34589	3.4
34604	3.4
34796	3.4
34856	3.4
35670	3.4
35725	3.4
35840	3.3
35866	3.3
36322	3.3
36374	3.3
36500	3.3
36676	3.3
36758	3.3
37035	3.3
37523	5.2
37538	5.2
37541	5.2
37547	5.2
37625	5.2
38072	5.7
38099	5.7
38105	5.7
38198	5.7
38222	5.7
38230	5.7
38252	5.6
38260	5.6
38449	5.6
38674	5.6
38710	5.6
38976	5.6
39054	5.5
39181	5.5
39230	5.5
39284	5.5
39586	5.5
39695	5.5
39893	5.4
40456	5.4
40627	5.4
40742	5.4
41023	5.4
41186	5.4
41483	5.3
41578	5.3
41681	5.3
41915	5.3
41934	5.3
41974	5.3
42005	5.3
42034	5.2
42296	5.2
42455	5.2
42812	5.2
42925	5.2
42985	5.2
43109	5.2
43145	5.1
43334	5.1
43382	5.1
43640	5.1
43802	5.1
43881	5.1
43895	5.1
43928	5.0
44194	5.0
44212	5.0
44499	5.0
44549	5.0
44696	5.0
44756	5.0
45145	5.0
45173	4.9
45290	4.9
45347	4.9
45383	4.9
45398	4.9
45569	4.9
45626	4.9
45660	4.9
45920	4.8
46131	4.8
47417	4.9
47427	4.9
47430	4.9
47441	4.9
47444	4.9
47652	4.9
47655	4.9
47807	4.9
47821	4.9
47836	4.9
47901	4.8
47930	4.8
48203	4.8
48463	4.8
48666	4.8
48702	4.8
48807	4.8
48865	4.8
49372	4.8
49645	4.7
50024	4.7
50053	4.7
50222	4.7
50246	4.7
50285	4.7
50465	4.7
50489	4.7
51079	4.7
51113	4.6
51158	4.6
51584	4.6
51600	4.6
51668	4.6
51771	4.6
51801	4.6
51848	4.6
51857	4.6
51890	4.6
51953	4.5
52010	4.5
52525	4.5
52814	4.5
53002	4.5
53122	4.5
53252	4.5
53282	4.5
53509	4.5
53888	4.5
53889	4.4
54073	4.4
54194	4.4
54398	4.4
54488	4.4
54906	4.4
55026	4.4
55131	4.4
55299	4.4
55446	4.4
55521	4.4
55925	4.3
55961	4.3
56080	4.3
56096	4.3
56100	4.3
56513	4.3
56536	4.3
56693	4.3
56826	4.3
56881	4.3
57194	4.3
57206	4.3
57306	4.2
57311	4.2
57458	4.2
57517	4.2
57683	4.2
57737	4.2
57953	4.2
58646	4.8
58712	4.8
58715	4.8
59144	5.5
59154	6.5
59157	6.5
59377	6.6
59380	6.6
59822	6.6
59825	6.6
59836	6.6
59839	6.6
60094	6.6
60097	6.6
60121	6.6
60129	6.6
60507	6.6
60510	6.6
60600	6.6
60701	6.6
60872	6.6
60875	6.6
60952	6.6
61070	6.5
61261	6.5
61322	6.5
61457	6.5
61552	6.5
61816	6.5
61854	6.5
61991	6.5
62240	6.5
62243	6.5
62272	6.4
62381	6.4
62582	6.4
62618	6.4
62630	6.4
62716	6.4
63137	6.4
63178	6.4
63223	6.3
63314	6.3
63426	6.3
63490	6.3
63566	6.3
63611	6.3
63911	6.3
64473	6.3
64484	6.2
64555	6.2
64671	6.2
64820	6.2
64830	6.2
64922	6.2
65011	6.2
65142	6.2
65231	6.2
65261	6.1
65447	6.1
65962	6.1
66156	6.1
66290	6.1
66432	6.1
66497	6.1
66590	6.1
66932	6.1
66971	6.0
67061	6.0
67135	6.0
67241	6.0
67410	6.0
67632	6.0
67652	6.0
68018	6.0
68418	6.0
68421	6.0
68508	6.0
68646	6.0
68763	5.9
69045	6.0
69048	6.0
69196	6.0
69199	6.0
69415	6.0
69418	6.0
69422	6.0
69463	5.9
69597	5.9
69803	5.9
69818	5.9
69829	5.9
69855	5.9
70309	5.9
70548	5.9
70580	5.9
70666	5.9
70847	5.8
70916	5.8
70928	5.8
71129	5.8
71260	5.8
71432	5.8
71499	5.8
71519	5.8
72017	5.8
72165	5.8
72240	5.7
72368	5.7
72450	5.7
72983	5.7
73070	5.7
73189	5.7
73504	5.7
73741	5.7
74291	5.7
74455	5.7
74502	5.7
74623	5.6
74849	5.6
75011	5.6
75200	5.6
75211	5.6
75572	5.6
75710	5.6
75758	5.6
75815	5.6
75865	5.6
75928	5.6
75938	5.6
76307	5.5
76502	5.5
76576	5.5
76982	5.5
77479	5.5
77498	5.5
77527	5.5
77586	5.5
77873	5.5
77935	5.5
77983	5.5
78236	5.5
78247	5.5
78250	5.5
78718	5.5
78721	5.5
78732	5.5
78735	5.5
78767	5.5
79268	5.6
79279	5.6
79282	5.6
79291	5.6
79294	5.6
79301	5.6
79313	5.5
79481	5.5
79484	5.5
79736	5.5
79855	5.5
79858	5.5
79912	5.5
79942	5.5
79973	5.5
80058	5.5
80516	5.5
80539	5.5
80766	5.5
80863	5.5
80961	5.5
81092	5.5
81222	5.5
81285	5.5
81638	5.4
81739	5.4
81818	5.4
81947	5.4
81953	5.4
82236	5.4
82249	5.4
82295	5.4
82403	5.4
82441	5.4
82665	5.4
82739	5.4
82897	5.4
82931	5.3
82998	5.3
83254	5.3
83864	5.3
83867	5.3
83873	5.3
83877	5.3
83964	5.3
84241	5.3
84436	5.3
84806	5.3
84818	5.3
85057	5.3
85100	5.3
85190	5.3
85309	5.3
85406	5.3
85670	5.2
85671	5.2
85802	5.2
86092	5.2
86387	5.2
86615	5.2
86623	5.2
87197	5.2
87230	5.2
87488	5.2
87778	5.2
87927	5.2
88031	5.2
88222	5.2
88423	5.2
88610	5.1
88729	5.1
88953	5.1
89134	5.1
89213	5.1
89231	5.1
89270	5.1
89524	5.1
89624	5.1
89876	5.1
89903	5.1
89986	5.1
90080	5.1
90270	5.1
90475	5.1
90581	5.0
91427	5.0
91439	5.0
91544	5.0
91633	5.0
91757	5.0
91850	5.0
91856	5.0
91862	5.0
92215	5.0
92267	5.0
92333	5.0
92494	5.0
92497	5.0
92570	5.0
92586	5.0
93082	5.0
93119	4.9
93206	4.9
93535	4.9
94096	4.9
94099	4.9
94307	5.2
94365	5.2
94463	5.2
94475	5.2
94517	5.2
94540	5.2
94805	5.2
94813	5.2
94934	5.2
95038	5.2
95150	5.2
95207	5.2
95290	5.2
95390	5.2
95437	5.2
95494	5.2
95726	5.2
95780	5.2
95821	5.2
95846	5.2
96322	5.2
96667	5.1
97054	5.1
97057	5.2
97136	5.1
97160	5.1
97335	5.2
97574	5.6
97585	5.6
97588	5.6
97592	5.6
97618	5.5
97637	5.5
97745	5.5
97748	5.5
98501	5.5
98504	5.5
98512	5.5
98515	5.5
98675	5.5
98678	5.5
98681	5.7
98717	5.7
99026	5.7
99062	5.7
99179	5.7
99235	5.7
99527	5.7
99672	5.7
99729	5.7
99737	5.7
99903	5.7
100017	5.6
100085	5.6
100235	5.6
100288	5.6
100626	5.6
101021	5.6
101094	5.6
101851	5.6
101873	5.6
102035	5.6
102307	5.6
102464	5.6
102556	5.6
102912	5.6
103126	5.6
103258	5.5
103829	5.5
103997	5.5
104077	5.5
104105	5.5
104170	5.5
104306	5.5
104365	5.5
104648	5.5
105098	5.5
105135	5.5
105143	5.5
105173	5.5
105179	5.5
105209	5.5
105218	5.5
105338	5.5
105523	5.4
105791	5.4
105884	5.4
105981	5.4
106474	5.4
106769	5.4
106930	5.4
106949	5.4
107153	5.4
107263	5.4
107291	5.4
108153	5.4
108201	5.4
108214	5.4
108497	5.4
108655	5.4
108865	5.4
108877	5.3
109061	5.3
109622	5.3
109681	5.3
109697	5.3
110045	5.3
110048	5.3
110103	5.3
110217	5.3
110577	5.3
110580	5.3
110594	5.3
110634	5.3
111026	5.4
111038	5.4
111044	5.3
111130	5.3
111133	5.3
111484	5.3
111487	5.3
111491	5.3
111494	5.3
111586	5.3
111657	5.3
111926	5.3
112002	5.3
112124	5.3
112362	5.3
112466	5.3
112535	5.3
112606	5.3
112750	5.3
112886	5.3
113034	5.3
113062	5.3
113288	5.3
113654	5.3
113801	5.2
113870	5.2
114060	5.2
114467	5.2
114632	5.2
114829	5.2
114890	5.2
114965	5.2
115439	5.2
115714	5.2
115739	5.2
115812	5.2
116095	5.2
116257	5.2
116277	5.2
116624	5.2
116665	5.2
116843	5.2
117107	5.2
117121	5.1
117213	5.1
117312	5.1
117332	5.1
117417	5.1
117621	5.1
117666	5.1
117689	5.1
117871	5.1
118052	5.1
118072	5.1
118365	5.1
118790	5.2
118801	5.2
118804	5.2
118860	5.2
118963	5.1
119170	5.1
119236	5.1
119411	5.1
119495	5.1
119534	5.1
119751	5.1
119914	5.1
120074	5.1
120195	5.1
120209	5.1
120238	5.1
120424	5.1
120549	5.1
120602	5.1
120618	5.1
120791	5.1
120852	5.1
121090	5.1
121439	5.1
121531	5.0
121662	5.0
121688	5.0
121848	5.0
121940	5.0
122041	5.0
122216	5.0
122484	5.0
122992	5.0
123140	5.0
123305	5.0
123435	5.0
124021	5.0
124344	5.0
124384	5.0
124494	5.0
124840	5.0
124880	5.0
124919	5.0
125019	5.0
125117	5.0
125467	4.9
125549	4.9
125801	4.9
125808	4.9
125843	4.9
125950	4.9
125986	4.9
126385	4.9
126583	4.9
126586	4.9
126821	4.9
126841	4.9
127019	4.9
127173	4.9
127289	4.9
127313	4.9
127432	4.9
127523	4.9
127553	4.9
127808	4.9
127823	4.9
127865	4.9
127874	4.9
127918	4.9
128041	4.9
128047	4.9
128138	4.8
128191	4.8
129160	4.8
129163	4.9
129167	4.8
129239	4.8
129370	4.8
129560	4.9
129638	4.9
129800	5.0
129808	5.0
130044	5.0
130047	5.0
130141	5.0
130174	5.0
130177	5.0
130219	5.0
130321	5.0
130613	5.0
130676	5.0
130741	5.0
130997	5.0
131183	5.0
131185	5.0
131272	5.0
131435	5.0
131465	5.0
132079	5.0
132134	5.0
132225	5.0
132294	4.9
132305	4.9
132353	4.9
132746	4.9
132770	4.9
132941	4.9
133027	4.9
133105	4.9
133304	4.9
133418	4.9
133455	4.9
133502	4.9
133556	4.9
133649	4.9
133790	4.9
133886	4.9
133892	4.9
134418	4.9
134473	4.9
134625	4.9
134636	4.9
134730	4.9
134783	4.9
134798	4.8
135202	4.8
135424	4.8
135666	4.8
135980	4.8
136022	4.8
136541	4.9
136552	4.9
136555	4.9
136675	4.9
136821	4.9
136979	4.9
136989	4.9
137131	4.9
137134	4.9
137165	4.9
137175	4.9
137209	4.8
137328	4.8
137381	4.8
137782	4.8
137795	4.8
137987	4.8
138175	4.8
138548	4.8
138672	4.8
138758	4.8
139085	4.8
139127	4.8
139205	4.8
139213	4.8
139230	4.8
139454	4.8
139463	4.8
139804	4.8
140132	4.8
140164	4.8
140259	4.8
140474	4.8
140879	4.8
140891	4.8
141118	4.8
141306	4.8
141350	4.7
141467	4.7
141494	4.7
141806	4.7
141982	4.7
142192	4.7
142259	4.7
142800	4.7
142911	4.7
143286	4.7
143365	4.7
143640	4.7
