2020-04-16 18:10:27

CONFIGURATION:
{u'simulation': {u'stdev_factor': 0.01, u'power_mgmt_enabled': False, u'tasks': {u'loc': {u'mean_service_time': {u'gpu': 90, u'cpu_core': 200, u'loc_accel': 10}, u'priority': 1, u'deadline': 1000, u'stdev_service_time': {u'gpu': 0.9, u'cpu_core': 2.0, u'loc_accel': 0.1}, u'power': {u'gpu': 4.457, u'cpu_core': 6.133, u'loc_accel': 0.02197}}, u'detect': {u'mean_service_time': {u'gpu': 0.4607, u'cpu_core': 3.654, u'det_accel': 0.278}, u'priority': 2, u'deadline': 1000, u'stdev_service_time': {u'gpu': 0.004607, u'cpu_core': 0.03654, u'det_accel': 0.0027800000000000004}, u'power': {u'gpu': 90, u'cpu_core': 200, u'det_accel': 10}}, u'Frontier': {u'mean_service_time': {u'cpu_core': 396}, u'priority': 9, u'deadline': 1000, u'stdev_service_time': {u'cpu_core': 3.96}, u'power': {u'cpu_core': 5.98}}, u'track': {u'mean_service_time': {u'gpu': 17, u'tra_accel': 2, u'cpu_core': 1820}, u'priority': 3, u'deadline': 1000, u'stdev_service_time': {u'gpu': 0.17, u'tra_accel': 0.02, u'cpu_core': 18.2}, u'power': {u'gpu': 12.79, u'tra_accel': 0.59, u'cpu_core': 5.6}}, u'sp': {u'mean_service_time': {u'gpu': 379, u'cpu_core': 1004}, u'priority': 11, u'deadline': 1000, u'stdev_service_time': {u'gpu': 3.79, u'cpu_core': 10.040000000000001}, u'power': {u'gpu': 3.302, u'cpu_core': 1004}}, u'mission': {u'mean_service_time': {u'cpu_core': 0.0022}, u'priority': 5, u'deadline': 1000, u'stdev_service_time': {u'cpu_core': 2.2000000000000003e-05}, u'power': {u'cpu_core': 3.534}}, u'motion': {u'mean_service_time': {u'cpu_core': 8}, u'priority': 6, u'deadline': 1000, u'stdev_service_time': {u'cpu_core': 0.08}, u'power': {u'cpu_core': 4.222}}, u'collision': {u'mean_service_time': {u'cpu_core': 8}, u'priority': 7, u'deadline': 1000, u'stdev_service_time': {u'cpu_core': 0.08}, u'power': {u'cpu_core': 0}}, u'fusion': {u'mean_service_time': {u'cpu_core': 1}, u'priority': 4, u'deadline': 1000, u'stdev_service_time': {u'cpu_core': 0.01}, u'power': {u'cpu_core': 0}}, u'map': {u'mean_service_time': {u'gpu': 761, u'cpu_core': 973}, u'priority': 10, u'deadline': 1000, u'stdev_service_time': {u'gpu': 7.61, u'cpu_core': 9.73}, u'power': {u'gpu': 3.533, u'cpu_core': 2.995}}, u'path': {u'mean_service_time': {u'cpu_core': 8}, u'priority': 8, u'deadline': 1000, u'stdev_service_time': {u'cpu_core': 0.08}, u'power': {u'cpu_core': 0}}}, u'sched_policy_module': u'policies.rheft', u'drop': True, u'servers': {u'gpu': {u'count': 2}, u'tra_accel': {u'count': 1}, u'cpu_core': {u'count': 8}, u'loc_accel': {u'count': 1}, u'det_accel': {u'count': 1}}, u'max_tasks_simulated': 10000, u'max_queue_size': 1000000, u'mean_arrival_time': 50, u'arrival_time_scale': 3}, u'general': {u'random_seed': 0, u'pre_gen_arrivals': False, u'basename': u'policy:rheft__stdev_factor:0.01', u'output_trace_file': None, u'working_dir': u'/home/hiwot/meta-stomp2/sim_16042020_180830_new_arrival_50_map_rheftmapping_50_trace_30', u'input_trace_file': (False, '../mv_mapping_50_trace_30.trc'), u'logging_level': u'INFO'}}
Time	Response time (avg)
10	10.0
25	10.0
64	10.0
184	10.0
346	10.0
376	10.0
469	10.0
727	10.0
970	10.0
1015	10.0
1243	10.0
1261	10.0
1336	10.0
2629	10.0
2689	10.0
2839	10.0
2857	10.0
2968	10.0
3217	10.0
3397	10.0
3433	10.0
3601	10.0
3613	10.0
3760	10.0
3880	10.0
4447	10.0
4660	10.0
4687	10.0
4708	10.0
4816	10.0
4870	10.0
4930	10.0
5014	10.0
5146	10.0
5512	10.0
5656	10.0
5668	10.0
5689	10.0
5767	10.0
5806	10.0
5980	10.0
6067	10.0
6115	10.0
6125	10.0
6151	10.0
6547	10.0
6820	10.0
6835	10.0
7108	10.0
7150	10.0
7432	10.0
7486	10.0
7627	10.0
7810	10.0
7891	10.0
8056	10.0
8095	10.0
8482	10.0
8492	10.1
8518	10.1
8557	10.1
8608	10.1
8818	10.1
8881	10.1
9190	10.1
9298	10.1
9424	10.1
9454	10.1
9502	10.1
9664	10.1
9697	10.1
10021	10.1
10171	10.1
10225	10.1
10393	10.1
10531	10.1
10708	10.1
10744	10.1
11194	10.1
11419	10.1
11509	10.1
11641	10.1
11659	10.1
11785	10.1
11830	10.1
11974	10.1
12037	10.1
12211	10.1
12304	10.1
12314	10.1
12331	10.1
12358	10.1
12403	10.1
12466	10.1
12607	10.1
12733	10.1
12757	10.1
12832	10.1
13033	10.1
13168	10.1
13195	10.1
13205	10.1
13215	10.1
13276	10.1
13303	10.1
13315	10.1
13546	10.1
13789	10.1
13837	10.1
13847	10.1
14254	10.1
14509	10.1
14635	10.1
14710	10.1
14737	10.1
14747	10.2
14797	10.2
14902	10.2
15073	10.2
15145	10.2
15193	10.2
15203	10.2
15538	10.2
15652	10.2
15895	10.2
15973	10.2
16123	10.2
16186	10.2
16477	10.2
16612	10.2
16654	10.2
16690	10.2
17059	10.2
17206	10.2
17710	10.2
17761	10.2
17803	10.2
17833	10.2
18028	10.2
18535	10.2
18694	10.2
19264	10.2
19291	10.2
19480	10.2
19490	10.2
19546	10.2
19720	10.2
19846	10.2
19951	10.2
20122	10.2
20263	10.2
20413	10.2
20452	10.2
20719	10.2
20788	10.2
20821	10.2
20866	10.2
20881	10.2
20914	10.2
21289	10.2
21376	10.2
21598	10.2
21616	10.2
21715	10.2
21835	10.2
21943	10.2
22276	10.2
22286	10.2
22381	10.2
22444	10.2
22534	10.2
22549	10.2
22795	10.2
23005	10.2
23020	10.2
23221	10.2
23359	10.2
23467	10.2
24151	10.2
24220	10.2
24247	10.2
24394	10.2
24478	10.2
24736	10.2
24802	10.2
24835	10.2
24994	10.2
25004	10.2
25051	10.2
25061	10.2
25405	10.2
25846	10.2
25909	10.2
25993	10.2
26026	10.2
26362	10.2
26488	10.2
26536	10.2
26662	10.2
26851	10.2
27289	10.2
27601	10.2
28000	10.2
28339	10.2
28369	10.2
28510	10.2
28750	10.2
28760	10.2
28975	10.2
29131	10.2
29260	10.2
30016	10.2
30280	10.2
30304	10.2
30658	10.2
30727	10.2
30820	10.2
30830	10.2
31153	10.2
31240	10.2
31420	10.2
31630	10.2
31657	10.2
31678	10.2
31786	10.2
31855	10.2
32038	10.2
32476	10.2
32704	10.2
32992	10.2
33002	10.2
33082	10.2
33100	10.2
33178	10.2
33226	10.2
33367	10.2
33634	10.2
33910	10.2
33979	10.2
34273	10.2
34414	10.2
34450	10.2
34471	10.2
34600	10.2
35110	10.2
35140	10.2
35206	10.2
35806	10.2
35816	10.2
35836	10.2
36322	10.2
36370	10.2
36463	10.2
36496	10.2
36634	10.2
36727	10.2
36853	10.2
36880	10.2
36955	10.2
36991	10.2
37001	10.3
37011	10.3
37021	10.3
37600	10.3
37621	10.3
37756	10.3
37918	10.3
37957	10.3
38014	10.3
38194	10.3
38218	10.3
38629	10.3
39139	10.3
39226	10.3
39236	10.3
39280	10.3
39889	10.3
40066	10.3
40078	10.3
40297	10.3
40678	10.3
40714	10.3
40738	10.3
40993	10.3
41053	10.3
41182	10.3
41428	10.3
41479	10.3
41677	10.3
41716	10.3
41758	10.3
41953	10.3
42001	10.3
42451	10.3
42661	10.3
42706	10.3
42808	10.3
43105	10.3
43237	10.3
43255	10.3
43279	10.3
43378	10.3
43474	10.3
43636	10.3
43666	10.3
43798	10.3
43891	10.3
44038	10.3
44083	10.3
44203	10.3
44404	10.3
44545	10.3
44752	10.3
45169	10.3
45286	10.3
45343	10.3
45394	10.3
45511	10.3
45565	10.3
46060	10.3
46090	10.3
46102	10.3
46117	10.3
46127	10.3
46177	10.3
46198	10.3
46208	10.3
46345	10.3
46369	10.3
46423	10.3
46570	10.3
46774	10.3
46876	10.3
47278	10.3
47438	10.3
47653	10.3
48199	10.3
48601	10.3
48688	10.3
48698	10.3
48847	10.3
49000	10.3
49063	10.3
50020	10.3
50122	10.3
50242	10.3
50317	10.3
50380	10.3
50446	10.3
50485	10.3
50581	10.3
50635	10.3
50965	10.3
51109	10.3
51154	10.3
51550	10.3
51580	10.3
51844	10.3
51886	10.3
51949	10.3
52006	10.3
52165	10.3
52552	10.3
52576	10.3
52669	10.3
52810	10.3
53044	10.3
53248	10.3
53278	10.3
53288	10.3
53677	10.3
53806	10.3
53884	10.3
53989	10.3
54079	10.3
54226	10.3
54379	10.3
54394	10.3
54484	10.3
54571	10.3
54739	10.3
54796	10.3
55429	10.3
55570	10.3
55588	10.3
55606	10.3
55921	10.3
55972	10.3
56086	10.3
56096	10.3
56560	10.3
56689	10.3
56956	10.3
57085	10.3
57307	10.3
57394	10.3
57427	10.3
57454	10.3
57646	10.3
57679	10.3
57733	10.3
57868	10.3
57949	10.3
58060	10.3
58096	10.3
58243	10.3
58321	10.3
58366	10.3
58405	10.3
58552	10.3
58639	10.3
58669	10.3
59149	10.3
59159	10.3
59169	10.4
59308	10.4
59374	10.4
59384	10.4
59551	10.4
59683	10.4
59965	10.4
60025	10.4
60331	10.4
60370	10.4
60577	10.4
60634	10.4
60697	10.4
60805	10.4
61009	10.4
61066	10.4
61162	10.4
61360	10.4
61759	10.4
61771	10.4
61948	10.4
61958	10.4
61993	10.4
62182	10.4
62192	10.4
62202	10.4
62377	10.4
62614	10.4
62626	10.4
63103	10.4
63133	10.4
63190	10.4
63253	10.4
63310	10.4
63643	10.4
63829	10.4
63856	10.4
63922	10.4
64480	10.4
64816	10.4
64826	10.4
64836	10.4
64873	10.4
64918	10.4
64936	10.4
65212	10.4
65227	10.4
65353	10.4
65368	10.4
65515	10.4
65743	10.4
65917	10.4
65935	10.4
66400	10.4
66410	10.4
66493	10.4
66709	10.4
66928	10.4
66955	10.4
67057	10.4
67288	10.4
67420	10.4
67549	10.4
67804	10.4
67843	10.4
67969	10.4
67993	10.4
68110	10.4
68170	10.4
68551	10.4
68581	10.4
68749	10.4
68759	10.4
68914	10.4
68938	10.4
69094	10.4
69127	10.4
69137	10.4
69247	10.4
69319	10.4
69760	10.4
69814	10.4
69901	10.4
70210	10.4
70300	10.4
70480	10.4
70576	10.4
70786	10.4
70843	10.4
70945	10.4
71125	10.4
71146	10.4
71404	10.4
71641	10.4
72547	10.4
72784	10.4
72979	10.4
73003	10.4
73066	10.4
73282	10.4
73468	10.4
73759	10.4
73855	10.4
73978	10.4
74041	10.4
74146	10.4
74209	10.4
74287	10.4
74845	10.4
74855	10.4
75007	10.4
75124	10.4
75706	10.4
75811	10.4
75934	10.4
76027	10.4
76069	10.4
76366	10.4
76498	10.4
76846	10.4
76912	10.4
76978	10.4
76989	10.4
77017	10.4
77410	10.4
77494	10.4
77506	10.4
77545	10.4
77584	10.4
77869	10.4
77923	10.4
78004	10.4
78014	10.4
78049	10.4
78059	10.4
78069	10.4
78079	10.5
78124	10.5
78265	10.5
78607	10.5
78679	10.5
78826	10.5
78838	10.5
78886	10.5
78896	10.5
79081	10.5
79291	10.5
79309	10.5
79319	10.5
79329	10.5
79546	10.5
79612	10.5
79684	10.5
79741	10.5
79969	10.5
80002	10.5
80236	10.5
80530	10.5
80728	10.5
80989	10.5
81016	10.5
81445	10.5
81634	10.5
81802	10.5
81814	10.5
81916	10.5
81943	10.5
82237	10.5
82247	10.5
82257	10.5
82291	10.5
82399	10.5
82471	10.5
82522	10.5
82735	10.5
82906	10.5
82927	10.5
82984	10.5
82994	10.5
83089	10.5
83101	10.5
83482	10.5
83497	10.5
83584	10.5
84100	10.5
84451	10.5
84580	10.5
85135	10.5
85171	10.5
85186	10.5
85666	10.5
85870	10.5
86326	10.5
86383	10.5
86473	10.5
86611	10.5
86992	10.5
87002	10.5
87012	10.5
87193	10.5
87226	10.5
87466	10.5
87682	10.5
87733	10.5
88027	10.5
88567	10.5
89029	10.5
89050	10.5
89209	10.5
89227	10.5
89266	10.5
89512	10.5
89620	10.5
89872	10.5
89899	10.5
90076	10.5
90181	10.5
90232	10.5
90242	10.5
90577	10.5
90587	10.5
90597	10.5
90874	10.5
90964	10.5
91348	10.5
91402	10.5
91423	10.5
91435	10.5
91489	10.5
91753	10.5
91852	10.5
91862	10.5
91987	10.5
92263	10.5
92329	10.5
92566	10.5
92635	10.5
92800	10.5
92953	10.5
93088	10.5
93145	10.5
93217	10.5
93316	10.5
93385	10.5
93568	10.5
93673	10.5
93721	10.5
93805	10.5
93895	10.5
94228	10.5
94459	10.5
94471	10.5
94504	10.5
94624	10.5
94723	10.5
95146	10.5
95203	10.5
95365	10.5
95710	10.5
95720	10.5
95776	10.5
95827	10.5
96031	10.5
96298	10.5
96355	10.5
96469	10.5
96604	10.5
96739	10.5
96787	10.5
96949	10.5
96959	10.5
96973	10.5
97132	10.5
97156	10.5
97270	10.5
97280	10.5
97381	10.5
97432	10.5
97504	10.5
97633	10.5
97741	10.5
97789	10.5
97807	10.5
97888	10.5
98278	10.5
98347	10.5
98500	10.5
98510	10.5
98530	10.5
98540	10.5
98863	10.5
99007	10.5
99175	10.5
99331	10.5
99640	10.5
100231	10.5
100399	10.5
101017	10.5
101104	10.5
101215	10.5
101692	10.5
101869	10.5
102031	10.5
102169	10.5
102217	10.5
102379	10.5
102460	10.5
102550	10.5
102688	10.5
103039	10.5
103408	10.5
103418	10.5
103825	10.5
103897	10.5
103951	10.5
103987	10.5
104074	10.5
104101	10.5
104527	10.5
104644	10.5
104899	10.5
105094	10.5
105139	10.5
105175	10.5
105214	10.5
105334	10.5
105379	10.5
105673	10.5
105880	10.5
106306	10.5
106747	10.5
106765	10.5
106879	10.5
106933	10.5
106945	10.5
107065	10.5
107149	10.5
107635	10.5
107645	10.5
107655	10.5
107839	10.5
107980	10.5
108229	10.5
108301	10.5
108568	10.5
108814	10.5
108853	10.5
109003	10.5
109618	10.5
109678	10.5
109688	10.5
109768	10.5
109807	10.5
109819	10.5
109909	10.5
110203	10.5
110213	10.5
110257	10.5
110299	10.5
110335	10.5
110590	10.5
110782	10.5
110836	10.5
110917	10.5
110932	10.5
111142	10.5
111169	10.5
111316	10.5
111328	10.5
111466	10.5
111922	10.5
112096	10.5
112153	10.5
112462	10.5
112531	10.5
112606	10.5
113284	10.5
113650	10.5
113797	10.5
113872	10.5
114262	10.5
114463	10.5
114475	10.5
114592	10.5
114628	10.5
114673	10.5
114886	10.5
114961	10.5
115027	10.5
115037	10.5
115435	10.5
115735	10.5
115963	10.5
115975	10.5
115993	10.5
116092	10.5
116401	10.5
116434	10.5
116446	10.5
116620	10.5
116776	10.5
116839	10.5
117052	10.5
117103	10.5
117145	10.5
117328	10.5
117361	10.5
117514	10.5
117571	10.5
117640	10.5
117685	10.5
118006	10.5
118213	10.5
118312	10.5
118357	10.5
118519	10.5
118529	10.5
118540	10.5
118612	10.5
118633	10.5
118654	10.5
119038	10.5
119329	10.5
119407	10.5
119491	10.5
119632	10.5
120079	10.5
120133	10.5
120205	10.5
120442	10.5
120499	10.5
120598	10.5
120628	10.5
120718	10.5
120787	10.5
120910	10.5
120961	10.5
121423	10.5
121435	10.5
121588	10.5
121684	10.5
121777	10.5
121966	10.5
122851	10.5
123064	10.5
123262	10.5
123272	10.5
123676	10.5
123799	10.5
123841	10.5
124183	10.5
124330	10.5
124340	10.5
124588	10.5
124621	10.5
124915	10.5
124933	10.5
125029	10.5
125113	10.5
125203	10.5
125356	10.5
125401	10.5
125545	10.5
125555	10.5
125740	10.5
125938	10.5
126148	10.5
126301	10.5
126421	10.5
126472	10.5
126559	10.5
126571	10.5
126961	10.5
127090	10.5
127285	10.5
127309	10.5
127450	10.5
127531	10.5
127549	10.5
127819	10.5
127870	10.5
127918	10.5
128104	10.5
128134	10.5
128185	10.5
128305	10.5
128315	10.5
128419	10.5
128497	10.5
128674	10.5
129085	10.5
129220	10.5
129235	10.5
129280	10.5
129454	10.5
129464	10.5
129559	10.5
129592	10.5
129607	10.5
130006	10.5
130168	10.5
130609	10.5
130627	10.5
130717	10.5
131179	10.5
131323	10.5
131431	10.5
131461	10.5
132070	10.5
132130	10.5
132148	10.5
132235	10.5
132280	10.5
132290	10.5
132301	10.5
132334	10.5
132349	10.5
132427	10.5
132664	10.5
132742	10.5
132766	10.5
132886	10.5
133171	10.5
133198	10.5
133300	10.5
133414	10.5
133510	10.5
133576	10.5
133774	10.5
133786	10.5
133888	10.5
134245	10.5
134263	10.5
134446	10.5
134632	10.5
134731	10.5
134779	10.5
135223	10.5
135265	10.5
135322	10.5
135361	10.5
135601	10.5
135682	10.5
135910	10.5
135979	10.5
135989	10.5
136018	10.5
136186	10.5
136510	10.5
136520	10.5
136678	10.5
137161	10.5
137171	10.5
137218	10.5
137326	10.5
137377	10.5
137488	10.5
137536	10.5
137689	10.5
137737	10.5
137791	10.5
137863	10.5
138256	10.5
138847	10.5
139123	10.5
139186	10.5
139261	10.5
139271	10.5
139459	10.5
139852	10.5
140128	10.5
140161	10.5
140245	10.5
140255	10.5
140265	10.5
140470	10.5
140542	10.5
140584	10.5
141235	10.5
141346	10.5
141457	10.5
141490	10.5
141580	10.5
142024	10.5
142066	10.5
142366	10.5
