2020-04-16 18:10:27

CONFIGURATION:
{u'simulation': {u'stdev_factor': 0.01, u'power_mgmt_enabled': False, u'tasks': {u'loc': {u'mean_service_time': {u'gpu': 90, u'cpu_core': 200, u'loc_accel': 10}, u'priority': 1, u'deadline': 1000, u'stdev_service_time': {u'gpu': 0.9, u'cpu_core': 2.0, u'loc_accel': 0.1}, u'power': {u'gpu': 4.457, u'cpu_core': 6.133, u'loc_accel': 0.02197}}, u'detect': {u'mean_service_time': {u'gpu': 0.4607, u'cpu_core': 3.654, u'det_accel': 0.278}, u'priority': 2, u'deadline': 1000, u'stdev_service_time': {u'gpu': 0.004607, u'cpu_core': 0.03654, u'det_accel': 0.0027800000000000004}, u'power': {u'gpu': 90, u'cpu_core': 200, u'det_accel': 10}}, u'Frontier': {u'mean_service_time': {u'cpu_core': 396}, u'priority': 9, u'deadline': 1000, u'stdev_service_time': {u'cpu_core': 3.96}, u'power': {u'cpu_core': 5.98}}, u'track': {u'mean_service_time': {u'gpu': 17, u'tra_accel': 2, u'cpu_core': 1820}, u'priority': 3, u'deadline': 1000, u'stdev_service_time': {u'gpu': 0.17, u'tra_accel': 0.02, u'cpu_core': 18.2}, u'power': {u'gpu': 12.79, u'tra_accel': 0.59, u'cpu_core': 5.6}}, u'sp': {u'mean_service_time': {u'gpu': 379, u'cpu_core': 1004}, u'priority': 11, u'deadline': 1000, u'stdev_service_time': {u'gpu': 3.79, u'cpu_core': 10.040000000000001}, u'power': {u'gpu': 3.302, u'cpu_core': 1004}}, u'mission': {u'mean_service_time': {u'cpu_core': 0.0022}, u'priority': 5, u'deadline': 1000, u'stdev_service_time': {u'cpu_core': 2.2000000000000003e-05}, u'power': {u'cpu_core': 3.534}}, u'motion': {u'mean_service_time': {u'cpu_core': 8}, u'priority': 6, u'deadline': 1000, u'stdev_service_time': {u'cpu_core': 0.08}, u'power': {u'cpu_core': 4.222}}, u'collision': {u'mean_service_time': {u'cpu_core': 8}, u'priority': 7, u'deadline': 1000, u'stdev_service_time': {u'cpu_core': 0.08}, u'power': {u'cpu_core': 0}}, u'fusion': {u'mean_service_time': {u'cpu_core': 1}, u'priority': 4, u'deadline': 1000, u'stdev_service_time': {u'cpu_core': 0.01}, u'power': {u'cpu_core': 0}}, u'map': {u'mean_service_time': {u'gpu': 761, u'cpu_core': 973}, u'priority': 10, u'deadline': 1000, u'stdev_service_time': {u'gpu': 7.61, u'cpu_core': 9.73}, u'power': {u'gpu': 3.533, u'cpu_core': 2.995}}, u'path': {u'mean_service_time': {u'cpu_core': 8}, u'priority': 8, u'deadline': 1000, u'stdev_service_time': {u'cpu_core': 0.08}, u'power': {u'cpu_core': 0}}}, u'sched_policy_module': u'policies.rheft', u'drop': True, u'servers': {u'gpu': {u'count': 2}, u'tra_accel': {u'count': 1}, u'cpu_core': {u'count': 8}, u'loc_accel': {u'count': 1}, u'det_accel': {u'count': 1}}, u'max_tasks_simulated': 10000, u'max_queue_size': 1000000, u'mean_arrival_time': 50, u'arrival_time_scale': 3}, u'general': {u'random_seed': 0, u'pre_gen_arrivals': False, u'basename': u'policy:rheft__stdev_factor:0.01', u'output_trace_file': None, u'working_dir': u'/home/hiwot/meta-stomp2/sim_16042020_180830_new_arrival_50_map_rheftmapping_50_trace_30', u'input_trace_file': (False, '../mv_mapping_50_trace_30.trc'), u'logging_level': u'INFO'}}
Time	Response time (avg)
472	3.0
730	3.0
981	3.7
1018	3.5
1246	3.4
1461	3.7
1595	3.6
1681	3.8
1803	4.1
1926	4.2
1965	4.5
2557	4.5
2692	4.4
2712	4.4
3585	4.5
3616	4.4
3795	4.4
3883	4.3
4450	4.3
4474	4.3
4585	4.3
4654	4.4
4663	4.3
4690	4.2
4711	4.2
4746	4.2
4836	4.3
4981	4.4
5031	4.4
5671	4.3
5692	4.3
5983	4.2
6070	4.2
6118	4.2
6323	5.8
6330	6.0
6547	6.0
6762	6.0
6763	5.9
7025	5.9
7129	5.9
7218	5.8
7272	5.8
7449	5.8
7489	5.7
7630	5.6
7674	5.6
7776	5.6
7813	5.6
7841	5.5
8369	5.5
8495	5.4
8551	5.4
8651	5.4
8821	5.3
8824	5.3
8847	5.3
8884	5.3
9012	5.3
9301	5.2
9427	5.2
9505	5.2
9776	5.1
9813	5.2
10101	5.2
10137	5.2
10146	5.2
10324	5.2
10396	5.2
10410	5.2
10916	5.2
11197	5.1
11281	5.1
11361	5.1
11594	5.1
11750	5.1
11790	5.1
11833	5.1
12307	5.1
12317	5.1
12424	5.7
12431	5.7
12460	5.7
12865	5.8
12868	10.4
12877	11.7
12882	11.6
13008	12.1
13013	12.1
13193	12.3
13198	12.2
13207	12.2
13218	12.1
13279	12.0
13658	15.4
13663	16.2
13674	16.2
13758	16.2
13792	16.1
14074	15.9
14174	15.8
14367	15.7
14492	15.6
14505	15.5
14536	15.4
14650	15.3
14750	15.2
14772	15.1
14800	15.0
15056	14.9
15076	14.8
15196	14.7
15206	14.6
15291	14.5
15723	14.4
15813	14.3
15898	14.2
15929	14.1
16121	14.0
16126	13.9
16179	13.9
16351	13.8
16455	13.7
16989	13.7
17062	13.6
17130	13.5
17370	13.5
17445	13.4
17713	13.3
17803	13.3
17806	13.2
17836	13.1
17839	13.0
17911	13.0
18162	12.9
18229	12.9
18370	12.8
18717	12.8
19267	12.7
19608	12.6
19849	12.6
19913	12.5
20163	12.4
20266	12.4
20619	12.3
20709	12.3
20722	12.2
20742	12.1
20767	12.1
20824	12.0
20884	12.0
21198	11.9
21337	11.9
21379	11.8
21568	11.8
21570	11.7
21601	11.7
21619	11.6
22133	11.6
22168	11.5
22279	11.5
22405	11.4
22483	11.4
22740	11.4
23054	11.3
23168	11.3
23224	11.2
23242	11.2
23622	11.2
23659	11.1
23663	11.1
23770	11.0
24000	11.0
24226	11.0
24250	10.9
24397	10.9
24412	10.9
24580	10.8
24688	10.8
25054	10.8
25068	10.7
25144	10.7
25441	10.7
25524	10.6
25955	10.6
26023	10.6
26095	10.5
26225	10.5
26475	10.5
26551	10.4
26777	10.4
27065	10.4
27247	10.3
27292	10.3
27426	10.3
27543	10.3
27711	10.2
27757	10.2
27883	10.2
27997	10.2
28204	10.1
28342	10.1
28372	10.1
28956	10.0
29052	10.0
29134	10.0
29263	10.0
30003	9.9
30196	9.9
30377	9.9
30404	9.9
31467	9.8
31633	9.8
31731	9.8
31789	9.8
31858	9.7
31921	9.7
32051	9.7
32275	9.7
32420	9.7
32443	9.6
32461	9.6
32479	9.6
32684	9.6
32707	9.5
32874	9.5
32878	9.5
33005	9.5
33103	9.4
33136	9.4
33633	9.4
33913	9.4
33982	9.4
34443	9.3
34445	9.3
34474	9.3
34586	9.3
34586	9.2
34603	9.2
34795	9.2
34855	9.2
35669	9.2
35724	9.1
35839	9.1
35865	9.1
36321	9.1
36373	9.1
36499	9.0
36675	9.0
36757	9.0
37025	9.1
37040	9.1
37530	9.1
37535	10.1
37546	10.5
37624	10.5
37946	10.6
38077	10.6
38104	10.6
38197	10.5
38221	10.5
38229	10.5
38251	10.5
38259	10.4
38448	10.4
38673	10.4
38709	10.4
38975	10.4
39053	10.3
39180	10.3
39229	10.3
39283	10.3
39585	10.3
39694	10.2
39892	10.2
40455	10.2
40626	10.2
40741	10.1
41022	10.1
41185	10.1
41482	10.1
41577	10.0
41680	10.0
41914	10.0
41933	10.0
41973	10.0
42004	9.9
42033	9.9
42295	9.9
42454	9.9
42811	9.9
42924	9.8
42984	9.8
43108	9.8
43144	9.8
43333	9.8
43381	9.7
43639	9.7
43801	9.7
43880	9.7
43894	9.7
43927	9.6
44193	9.6
44211	9.6
44498	9.6
44548	9.6
44695	9.6
44755	9.5
45144	9.5
45172	9.5
45289	9.5
45346	9.5
45382	9.4
45397	9.4
45568	9.4
45625	9.4
45659	9.4
45919	9.4
46130	9.3
47398	9.6
47422	9.9
47427	9.9
47435	9.9
47438	11.9
47644	12.1
47649	12.1
47806	12.0
47820	12.0
47835	12.0
47900	12.0
47929	12.0
48202	11.9
48462	11.9
48665	11.9
48701	11.9
48806	11.9
48864	11.8
49371	11.8
49644	11.8
50023	11.8
50052	11.8
50221	11.7
50245	11.7
50284	11.7
50464	11.7
50488	11.6
51078	11.6
51112	11.6
51157	11.6
51583	11.5
51599	11.5
51667	11.5
51770	11.5
51800	11.5
51847	11.4
51856	11.4
51889	11.4
51952	11.4
52009	11.4
52524	11.3
52813	11.3
53001	11.3
53121	11.3
53251	11.3
53281	11.2
53508	11.2
53887	11.2
53888	11.2
54072	11.2
54193	11.1
54397	11.1
54487	11.1
54905	11.1
55025	11.1
55130	11.0
55298	11.0
55445	11.0
55520	11.0
55924	11.0
55960	11.0
56079	10.9
56095	10.9
56099	10.9
56512	10.9
56535	10.9
56692	10.9
56825	10.8
56880	10.8
57193	10.8
57205	10.8
57305	10.8
57310	10.8
57457	10.7
57516	10.7
57682	10.7
57736	10.7
57952	10.7
58407	10.6
58702	11.2
58709	11.2
58718	11.4
58867	11.4
59151	11.4
59367	11.5
59374	11.5
59812	11.9
59819	11.9
59830	11.9
59833	12.3
60084	12.6
60091	12.6
60100	12.7
60128	12.7
60499	12.8
60504	12.8
60599	12.8
60700	12.8
60862	12.9
60869	12.9
60951	12.8
61069	12.8
61260	12.8
61321	12.8
61456	12.8
61551	12.8
61815	12.7
61853	12.7
61990	12.7
62232	12.7
62237	12.7
62271	12.7
62380	12.7
62581	12.7
62617	12.6
62629	12.6
62715	12.6
63136	12.6
63177	12.6
63222	12.5
63313	12.5
63425	12.5
63489	12.5
63565	12.5
63610	12.5
63910	12.4
64472	12.4
64483	12.4
64554	12.4
64670	12.4
64819	12.3
64829	12.3
64921	12.3
65010	12.3
65141	12.3
65230	12.2
65260	12.2
65446	12.2
65961	12.2
66155	12.2
66289	12.2
66431	12.1
66496	12.1
66589	12.1
66931	12.1
66970	12.1
67060	12.1
67134	12.0
67240	12.0
67409	12.0
67631	12.0
67651	12.0
68017	12.0
68408	12.4
68415	12.4
68507	12.4
68645	12.4
68762	12.4
69035	12.6
69042	12.6
69188	12.7
69193	12.6
69407	12.7
69412	12.7
69421	13.1
69462	13.0
69596	13.0
69802	13.0
69817	13.0
69828	13.0
69854	13.0
70308	13.0
70547	12.9
70579	12.9
70665	12.9
70846	12.9
70915	12.9
70927	12.9
71128	12.8
71259	12.8
71431	12.8
71498	12.8
71518	12.8
72016	12.8
72164	12.7
72239	12.7
72367	12.7
72449	12.7
72982	12.7
73069	12.7
73188	12.6
73503	12.6
73740	12.6
74290	12.6
74454	12.6
74501	12.6
74622	12.6
74848	12.5
75010	12.5
75199	12.5
75210	12.5
75571	12.5
75709	12.5
75757	12.4
75814	12.4
75864	12.4
75927	12.4
75937	12.4
76306	12.4
76501	12.3
76575	12.3
76981	12.3
77478	12.3
77497	12.3
77526	12.3
77585	12.3
77872	12.2
77934	12.2
77982	12.2
78208	12.4
78241	12.4
78244	12.7
78708	12.8
78715	12.8
78724	12.9
78729	12.9
78766	12.9
79235	13.4
79273	13.4
79276	14.0
79285	14.7
79288	15.1
79300	15.1
79312	15.0
79473	15.2
79478	15.2
79735	15.2
79847	15.2
79852	15.2
79911	15.1
79941	15.1
79972	15.1
80057	15.1
80515	15.1
80538	15.0
80765	15.0
80862	15.0
80960	15.0
81091	15.0
81221	14.9
81284	14.9
81637	14.9
81738	14.9
81817	14.9
81946	14.8
81952	14.8
82235	14.8
82248	14.8
82294	14.8
82402	14.7
82440	14.7
82664	14.7
82738	14.7
82896	14.7
82930	14.7
82997	14.6
83253	14.6
83854	14.8
83861	14.8
83872	14.8
83874	14.8
83963	14.8
84240	14.7
84435	14.7
84805	14.7
84817	14.7
85056	14.7
85099	14.7
85189	14.6
85308	14.6
85405	14.6
85669	14.6
85670	14.6
85801	14.6
86091	14.5
86386	14.5
86614	14.5
86622	14.5
87196	14.5
87229	14.4
87487	14.4
87777	14.4
87926	14.4
88030	14.4
88221	14.4
88422	14.4
88609	14.3
88728	14.3
88952	14.3
89133	14.3
89212	14.3
89230	14.3
89269	14.2
89523	14.2
89623	14.2
89875	14.2
89902	14.2
89985	14.2
90079	14.1
90269	14.1
90474	14.1
90580	14.1
91426	14.1
91438	14.0
91543	14.0
91632	14.0
91756	14.0
91849	14.0
91855	14.0
91859	14.0
92214	13.9
92266	13.9
92332	13.9
92493	13.9
92494	13.9
92569	13.9
92585	13.9
93081	13.8
93118	13.8
93205	13.8
93534	13.8
94086	13.9
94093	13.9
94102	14.4
94364	14.4
94462	14.4
94474	14.4
94516	14.4
94537	14.4
94787	14.4
94812	14.4
94933	14.4
95037	14.4
95149	14.4
95206	14.4
95289	14.4
95389	14.3
95436	14.3
95493	14.3
95725	14.3
95779	14.3
95820	14.3
95845	14.3
96321	14.2
96666	14.2
97046	14.3
97051	14.3
97135	14.3
97159	14.3
97272	14.3
97342	14.3
97579	14.2
97582	14.4
97591	14.6
97617	14.5
97636	14.5
97744	14.5
97747	14.5
98495	14.9
98500	15.3
98507	15.3
98509	15.3
98561	15.3
98665	15.4
98672	15.4
98716	15.4
99008	15.4
99061	15.4
99178	15.3
99234	15.3
99526	15.3
99671	15.3
99728	15.3
99736	15.3
99902	15.3
100016	15.2
100084	15.2
100234	15.2
100287	15.2
100625	15.2
101020	15.2
101093	15.2
101850	15.1
101872	15.1
102034	15.1
102306	15.1
102463	15.1
102555	15.1
102911	15.0
103125	15.0
103257	15.0
103828	15.0
103996	15.0
104076	15.0
104104	15.0
104169	14.9
104305	14.9
104364	14.9
104647	14.9
105097	14.9
105134	14.9
105142	14.9
105172	14.8
105178	14.8
105208	14.8
105217	14.8
105337	14.8
105522	14.8
105790	14.8
105883	14.7
105980	14.7
106473	14.7
106768	14.7
106929	14.7
106948	14.7
107152	14.7
107262	14.6
107290	14.6
108152	14.6
108200	14.6
108213	14.6
108496	14.6
108654	14.6
108864	14.5
108876	14.5
109060	14.5
109621	14.5
109680	14.5
109696	14.5
110037	14.6
110042	14.6
110102	14.6
110216	14.6
110567	14.9
110574	14.9
110593	14.9
110633	14.9
110989	15.0
111031	15.0
111043	15.0
111129	15.0
111132	14.9
111476	15.1
111481	15.1
111490	15.1
111491	15.1
111585	15.1
111656	15.1
111925	15.1
112001	15.1
112123	15.0
112361	15.0
112465	15.0
112534	15.0
112605	15.0
112749	15.0
112885	15.0
113033	14.9
113061	14.9
113287	14.9
113653	14.9
113800	14.9
113869	14.9
114059	14.9
114466	14.8
114631	14.8
114828	14.8
114889	14.8
114964	14.8
115438	14.8
115713	14.8
115738	14.8
115811	14.7
116092	14.7
116256	14.7
116276	14.7
116623	14.7
116664	14.7
116842	14.7
117106	14.6
117120	14.6
117212	14.6
117311	14.6
117331	14.6
117416	14.6
117620	14.6
117665	14.6
117688	14.5
117870	14.5
118051	14.5
118071	14.5
118364	14.5
118735	14.7
118795	14.7
118798	14.8
118859	14.8
118962	14.8
119169	14.8
119235	14.8
119410	14.8
119494	14.8
119533	14.7
119750	14.7
119913	14.7
120073	14.7
120194	14.7
120208	14.7
120237	14.7
120423	14.7
120548	14.7
120601	14.6
120617	14.6
120790	14.6
120851	14.6
121089	14.6
121438	14.6
121530	14.6
121661	14.6
121687	14.5
121847	14.5
121939	14.5
122040	14.5
122215	14.5
122483	14.5
122991	14.5
123139	14.5
123304	14.5
123434	14.4
124020	14.4
124343	14.4
124383	14.4
124493	14.4
124839	14.4
124879	14.4
124918	14.4
125018	14.3
125116	14.3
125466	14.3
125548	14.3
125800	14.3
125807	14.3
125842	14.3
125949	14.3
125985	14.3
126384	14.2
126575	14.2
126580	14.2
126820	14.2
126840	14.2
127018	14.2
127172	14.2
127288	14.2
127312	14.2
127431	14.2
127522	14.2
127552	14.1
127807	14.1
127822	14.1
127864	14.1
127873	14.1
127917	14.1
128040	14.1
128046	14.1
128137	14.1
128190	14.0
129150	14.1
129157	14.1
129166	14.2
129238	14.2
129369	14.2
129536	14.2
129567	14.2
129716	14.3
129807	14.3
130034	14.3
130041	14.3
130140	14.3
130171	14.3
130176	14.3
130218	14.3
130320	14.3
130612	14.2
130675	14.2
130740	14.2
130996	14.2
131182	14.2
131184	14.2
131271	14.2
131434	14.2
131464	14.2
132078	14.1
132133	14.1
132224	14.1
132293	14.1
132304	14.1
132352	14.1
132745	14.1
132769	14.1
132940	14.1
133026	14.0
133104	14.0
133303	14.0
133417	14.0
133454	14.0
133501	14.0
133555	14.0
133648	14.0
133789	14.0
133885	13.9
133891	13.9
134417	13.9
134472	13.9
134624	13.9
134635	13.9
134729	13.9
134782	13.9
134797	13.9
135201	13.9
135423	13.8
135665	13.8
135979	13.8
136021	13.8
136488	13.9
136546	13.9
136549	13.9
136674	13.9
136820	13.9
136978	13.9
136988	13.9
137130	13.9
137131	13.9
137164	13.9
137174	13.9
137208	13.8
137327	13.8
137380	13.8
137781	13.8
137794	13.8
137986	13.8
138174	13.8
138547	13.8
138671	13.8
138757	13.8
139084	13.8
139126	13.7
139204	13.7
139212	13.7
139229	13.7
139453	13.7
139462	13.7
139803	13.7
140131	13.7
140163	13.7
140258	13.7
140473	13.6
140878	13.6
140890	13.6
141117	13.6
141305	13.6
141349	13.6
141466	13.6
141493	13.6
141805	13.6
141981	13.6
142191	13.6
142258	13.6
142799	13.5
142910	13.5
143285	13.5
143364	13.5
143639	13.5
