CONFIGURATION:
{u'simulation': {u'stdev_factor': 0.01, u'power_mgmt_enabled': False, u'tasks': {u'loc': {u'mean_service_time': {u'gpu': 90, u'cpu_core': 200, u'loc_accel': 10}, u'priority': 1, u'deadline': 1000, u'stdev_service_time': {u'gpu': 0.9, u'cpu_core': 2.0, u'loc_accel': 0.1}, u'power': {u'gpu': 4.457, u'cpu_core': 6.133, u'loc_accel': 0.02197}}, u'detect': {u'mean_service_time': {u'gpu': 0.4607, u'cpu_core': 3.654, u'det_accel': 0.278}, u'priority': 2, u'deadline': 1000, u'stdev_service_time': {u'gpu': 0.004607, u'cpu_core': 0.03654, u'det_accel': 0.0027800000000000004}, u'power': {u'gpu': 90, u'cpu_core': 200, u'det_accel': 10}}, u'Frontier': {u'mean_service_time': {u'cpu_core': 396}, u'priority': 9, u'deadline': 1000, u'stdev_service_time': {u'cpu_core': 3.96}, u'power': {u'cpu_core': 5.98}}, u'track': {u'mean_service_time': {u'gpu': 17, u'tra_accel': 2, u'cpu_core': 1820}, u'priority': 3, u'deadline': 1000, u'stdev_service_time': {u'gpu': 0.17, u'tra_accel': 0.02, u'cpu_core': 18.2}, u'power': {u'gpu': 12.79, u'tra_accel': 0.59, u'cpu_core': 5.6}}, u'sp': {u'mean_service_time': {u'gpu': 379, u'cpu_core': 1004}, u'priority': 11, u'deadline': 1000, u'stdev_service_time': {u'gpu': 3.79, u'cpu_core': 10.040000000000001}, u'power': {u'gpu': 3.302, u'cpu_core': 1004}}, u'mission': {u'mean_service_time': {u'cpu_core': 0.0022}, u'priority': 5, u'deadline': 1000, u'stdev_service_time': {u'cpu_core': 2.2000000000000003e-05}, u'power': {u'cpu_core': 3.534}}, u'motion': {u'mean_service_time': {u'cpu_core': 8}, u'priority': 6, u'deadline': 1000, u'stdev_service_time': {u'cpu_core': 0.08}, u'power': {u'cpu_core': 4.222}}, u'collision': {u'mean_service_time': {u'cpu_core': 8}, u'priority': 7, u'deadline': 1000, u'stdev_service_time': {u'cpu_core': 0.08}, u'power': {u'cpu_core': 0}}, u'fusion': {u'mean_service_time': {u'cpu_core': 1}, u'priority': 4, u'deadline': 1000, u'stdev_service_time': {u'cpu_core': 0.01}, u'power': {u'cpu_core': 0}}, u'map': {u'mean_service_time': {u'gpu': 761, u'cpu_core': 973}, u'priority': 10, u'deadline': 1000, u'stdev_service_time': {u'gpu': 7.61, u'cpu_core': 9.73}, u'power': {u'gpu': 3.533, u'cpu_core': 2.995}}, u'path': {u'mean_service_time': {u'cpu_core': 8}, u'priority': 8, u'deadline': 1000, u'stdev_service_time': {u'cpu_core': 0.08}, u'power': {u'cpu_core': 0}}}, u'sched_policy_module': u'policies.rheft', u'drop': True, u'servers': {u'gpu': {u'count': 2}, u'tra_accel': {u'count': 1}, u'cpu_core': {u'count': 8}, u'loc_accel': {u'count': 1}, u'det_accel': {u'count': 1}}, u'max_tasks_simulated': 10000, u'max_queue_size': 1000000, u'mean_arrival_time': 50, u'arrival_time_scale': 2.4}, u'general': {u'random_seed': 0, u'pre_gen_arrivals': False, u'basename': u'policy:rheft__stdev_factor:0.01', u'output_trace_file': None, u'working_dir': u'/home/hiwot/meta-stomp2/sim_16042020_180830_new_arrival_50_map_rheftmapping_50_trace_30', u'input_trace_file': (False, '../mv_mapping_50_trace_30.trc'), u'logging_level': u'INFO'}}

/home/hiwot/meta-stomp2/sim_16042020_180830_new_arrival_50_map_rheftmapping_50_trace_30/../mv_mapping_50_trace_30.trc

Running STOMP simulation...
Dropped,DAG ID,DAG Priority,DAG Type,Slack,Response Time,No-Affinity Time,Energy
0,0,1,0,2224,1462,293,6320.2027
0,1,3,2,1769,967,194,3360.1027
0,2,3,0,2058,1628,247,6010.2197
0,3,1,0,2056,1630,249,6010.2197
0,4,3,0,2056,1630,249,6010.2197
0,5,1,2,1506,1230,245,3642.1397
0,6,1,1,386,14,2,0.2197
0,7,3,1,386,14,2,0.2197
0,8,3,2,1586,1150,194,4006.6417
0,9,3,1,386,14,2,0.2197
0,10,3,1,386,14,2,0.2197
0,11,1,0,2224,1462,293,6320.2027
0,12,3,2,1504,1232,247,3642.1397
0,13,3,2,1769,967,194,3360.1027
0,14,1,1,386,14,2,0.2197
0,15,3,2,1769,967,194,3360.1027
0,16,3,0,2058,1628,247,6010.2197
0,17,3,0,2058,1628,247,6010.2197
0,18,1,0,2058,1628,247,6010.2197
0,19,1,0,1959,1727,346,6602.2397
0,20,1,2,1506,1230,245,3642.1397
0,21,3,2,1595,1141,194,3974.8447
0,22,3,1,386,14,2,0.2197
0,23,3,2,1504,1232,247,3642.1397
0,24,1,1,386,14,2,0.2197
0,25,1,1,386,14,2,0.2197
0,26,1,1,386,14,2,0.2197
0,27,1,1,386,14,2,0.2197
0,28,1,1,386,14,2,0.2197
0,29,3,0,1900,1786,297,6320.2027
0,30,1,0,1833,1853,297,7925.2197
0,31,1,0,1878,1808,350,7002.8997
0,32,1,0,1836,1850,350,7026.8197
0,33,1,0,1938,1748,350,6644.0997
0,34,3,0,1946,1740,350,6620.1797
0,35,1,0,1955,1731,348,6614.1997
0,36,1,1,386,14,2,0.2197
0,37,1,1,386,14,2,0.2197
0,38,3,0,1993,1693,295,7224.6927
0,39,1,2,1506,1230,245,3642.1397
0,40,1,1,386,14,2,0.2197
0,41,3,1,386,14,2,0.2197
0,42,1,1,386,14,2,0.2197
0,43,1,0,2165,1521,295,6511.05061
0,44,1,2,1496,1240,249,3642.1397
0,45,1,2,1252,1484,194,5186.6637
0,46,1,2,1109,1627,249,4238.1447
0,47,1,0,1770,1916,295,7948.9297
0,48,1,0,1900,1786,346,6793.8697
0,49,1,2,1362,1374,249,4043.4697
0,50,1,2,1302,1434,249,4223.1697
0,51,1,1,242,158,4,0.2197
0,52,1,1,344,56,4,0.2197
0,53,1,1,386,14,2,0.2197
0,54,1,2,1506,1230,245,3642.1397
0,55,1,2,1504,1232,247,3642.1397
0,56,1,0,1904,1782,350,6602.2397
0,57,3,0,2210,1476,297,6320.2027
0,58,3,1,381,19,2,0.32955
0,59,1,0,2178,1508,295,6475.6547
0,60,1,2,1506,1230,245,3642.1397
0,61,3,0,1758,1928,346,7204.2347
0,62,1,1,357,43,4,0.2197
0,63,1,1,128,272,4,0.2197
0,64,1,2,1489,1247,245,3693.0547
0,65,1,1,386,14,2,0.2197
0,66,1,1,386,14,2,0.2197
0,67,1,2,1596,1140,194,3971.3117
0,68,1,1,386,14,2,0.2197
0,69,1,0,2146,1540,293,6595.7767
0,70,1,2,1504,1232,247,3642.1397
0,71,1,0,1927,1759,350,6602.2397
0,72,3,0,2044,1642,251,6010.2197
0,73,3,2,1499,1237,245,3663.1047
0,74,1,1,386,14,2,0.2197
0,75,3,2,1012,1724,249,3642.1397
0,76,1,0,2091,1595,297,6759.6557
0,77,1,0,2033,1653,297,6998.8277
0,78,1,1,386,14,2,0.2197
0,79,1,2,1330,1406,249,3642.1397
0,80,1,0,1942,1744,350,6632.1397
0,81,3,2,1496,1240,249,3642.1397
0,82,3,2,1205,1531,249,3642.1397
0,83,1,2,1216,1520,196,4102.0327
0,84,1,1,386,14,2,0.2197
0,85,1,2,1353,1383,196,3826.4587
0,86,1,0,1944,1742,350,6620.1797
0,87,3,2,1136,1600,249,3657.1147
0,88,1,1,79,321,4,0.2197
0,89,1,1,77,323,4,0.28561
0,90,1,0,1642,2044,350,7524.6697
0,91,3,2,729,2007,249,4696.3797
0,92,1,2,747,1989,249,4926.9947
0,93,3,1,196,204,4,0.2197
0,94,1,0,1683,2003,297,8262.2947
0,95,1,0,1579,2107,297,8874.9907
0,96,1,1,360,40,4,0.2197
0,97,1,2,1079,1657,249,4474.7497
0,98,1,0,1816,1870,350,7003.5197
0,99,1,1,379,21,4,0.2197
0,100,1,1,-9,409,4,0.2197
0,101,1,0,1537,2149,350,7821.30652
0,102,1,1,-6,406,4,0.39546
0,103,1,1,43,357,4,0.2197
0,104,3,2,1149,1587,249,4681.4047
0,105,1,2,682,2054,196,6497.4067
0,106,1,0,1071,2615,350,8721.7997
0,107,2,1,36,364,4,0.2197
0,108,1,2,717,2019,249,4795.2147
0,109,1,0,1661,2025,297,8302.57061
0,110,1,0,1401,2285,350,8330.0447
0,111,3,0,1360,2326,350,8063.7297
0,112,3,0,1397,2289,350,8159.6097
0,113,3,2,989,1747,196,5914.4617
0,114,1,0,1475,2211,350,8024.8147
0,115,1,1,267,133,4,0.37349
0,116,1,1,162,238,4,0.2197
0,117,1,2,984,1752,249,4735.3147
0,118,1,1,367,33,4,0.2197
0,119,1,2,1161,1575,196,4942.8867
0,120,1,1,336,64,4,0.2197
0,121,1,1,327,73,4,0.32955
0,122,1,0,1682,2004,346,7440.8097
0,123,1,0,1383,2303,346,8336.3147
0,124,1,1,12,388,4,0.2197
0,125,1,2,1140,1596,249,4708.3597
0,126,1,0,1680,2006,293,8242.1547
0,127,1,0,1657,2029,293,8323.4137
0,128,3,2,1001,1735,247,5148.6247
0,129,1,0,1835,1851,249,6672.1147
0,130,1,0,1572,2114,247,7465.7897
0,131,1,2,920,1816,247,5391.2197
0,132,1,1,235,165,4,0.2197
0,133,3,2,1278,1458,247,4319.0097
0,134,1,1,205,195,4,0.2197
0,135,3,2,1584,1152,194,4013.7077
0,136,1,1,265,135,4,0.2197
0,137,1,1,285,115,2,0.2197
0,138,1,0,2180,1506,293,6475.6547
0,139,1,0,2058,1628,247,6010.2197
0,140,1,2,1506,1230,245,3642.1397
0,141,3,1,386,14,2,0.2197
0,142,3,0,2222,1464,295,6320.2027
0,143,1,2,1769,967,194,3360.1027
0,144,1,2,1493,1243,249,3642.20561
0,145,1,2,1506,1230,245,3642.1397
0,146,1,0,1959,1727,346,6602.2397
0,147,1,1,386,14,2,0.2197
0,148,1,0,2058,1628,247,6010.2197
0,149,1,2,1504,1232,247,3642.1397
0,150,3,1,386,14,2,0.2197
0,151,1,2,1716,1020,194,3547.3517
0,152,1,0,1982,1704,297,6934.9447
0,153,1,1,386,14,2,0.2197
0,154,1,0,2056,1630,249,6010.2197
0,155,1,1,386,14,2,0.2197
0,156,1,0,2056,1630,249,6010.2197
0,157,1,1,273,127,4,0.2197
0,158,1,2,1399,1337,249,3920.6747
0,159,1,0,1947,1739,350,6602.2397
0,160,1,1,386,14,2,0.2197
0,161,3,1,386,14,2,0.2197
0,162,3,1,386,14,2,0.2197
0,163,1,0,1987,1699,297,6320.2027
0,164,1,2,1437,1299,196,3423.6967
0,165,3,0,1956,1730,346,6620.1797
0,166,1,1,386,14,2,0.2197
0,167,3,2,1485,1251,249,3642.29349
0,168,1,0,1957,1729,348,6602.2397
0,169,1,2,1480,1256,245,3720.0097
0,170,1,2,1475,1261,245,3734.9847
0,171,1,2,1483,1253,196,4363.4747
0,172,1,0,2023,1663,293,7030.3357
0,173,1,2,1504,1232,247,3642.1397
0,174,1,0,1485,2201,251,7049.4847
0,175,1,1,193,207,4,0.2197
0,176,1,2,1375,1361,245,4034.4847
0,177,1,0,1561,2125,297,8987.2357
0,178,1,2,1436,1300,196,3600.3467
0,179,1,2,1486,1250,247,3642.1397
0,180,3,1,386,14,2,0.2197
0,181,3,1,386,14,2,0.2197
0,182,1,2,1423,1313,249,3642.1397
0,183,1,2,1506,1230,245,3642.1397
0,184,1,2,1504,1232,247,3642.1397
0,185,1,0,1865,1821,350,6602.2397
0,186,1,2,1506,1230,245,3642.1397
0,187,1,2,1546,1190,194,4137.42861
0,188,1,1,386,14,2,0.2197
0,189,1,0,2042,1644,251,6010.26364
0,190,1,2,1754,982,194,3413.0977
0,191,3,2,1506,1230,245,3642.1397
0,192,1,0,1886,1800,348,6814.8847
0,193,1,0,1964,1722,247,6291.7497
0,194,1,2,1413,1323,194,4617.8507
0,195,1,2,1568,1168,194,4070.2357
0,196,3,0,1957,1729,348,6602.2397
0,197,1,2,1506,1230,245,3642.1397
0,198,3,2,1504,1232,247,3642.1397
0,199,1,2,1405,1331,247,3938.6447
0,200,1,1,386,14,2,0.2197
0,201,1,0,2177,1509,293,6486.2537
0,202,1,2,1769,967,194,3360.1027
0,203,1,1,386,14,2,0.2197
0,204,1,1,386,14,2,0.2197
0,205,1,0,2058,1628,247,6010.2197
0,206,3,0,2144,1542,295,6595.7767
0,207,1,0,2048,1638,247,6010.4394
0,208,1,2,1598,1138,194,3964.2457
0,209,1,1,386,14,2,0.2197
0,210,3,1,386,14,2,0.2197
0,211,1,0,2197,1489,297,6380.2637
0,212,3,0,2025,1661,297,6595.7767
0,213,3,0,1956,1730,346,6620.1797
0,214,1,0,1956,1730,346,6620.1797
0,215,3,0,1952,1734,346,6644.0997
0,216,3,0,1954,1732,348,6620.1797
0,217,1,2,1498,1238,245,3642.31546
0,218,3,0,2164,1522,295,6525.1167
0,219,3,2,1506,1230,245,3642.1397
0,220,3,0,2107,1579,293,6733.5637
0,221,3,1,216,184,4,0.2197
0,222,1,2,1332,1404,247,4157.2797
0,223,1,2,1180,1556,194,5441.0397
0,224,3,1,324,76,4,0.2197
0,225,1,1,129,271,4,0.2197
0,226,1,0,1841,1845,346,6955.6497
0,227,1,1,386,14,2,0.2197
0,228,3,1,386,14,2,0.2197
0,229,1,0,2222,1464,295,6320.2027
0,230,1,1,383,17,2,0.28561
0,231,1,0,2058,1628,247,6010.2197
0,232,3,1,386,14,2,0.2197
0,233,1,0,2058,1628,247,6010.2197
0,234,3,2,1506,1230,245,3642.1397
0,235,3,2,1580,1156,194,4027.8397
0,236,1,2,1504,1232,247,3642.1397
0,237,1,1,386,14,2,0.2197
0,238,1,1,386,14,2,0.2197
0,239,3,0,2224,1462,293,6320.2027
0,240,3,0,2058,1628,247,6010.2197
0,241,1,2,1504,1232,247,3642.1397
0,242,1,1,386,14,2,0.2197
0,243,1,1,386,14,2,0.2197
0,244,1,0,2224,1462,293,6320.2027
0,245,1,0,2048,1638,251,6010.2197
0,246,1,2,1564,1172,194,4084.3677
0,247,1,0,1937,1749,350,6662.0397
0,248,1,2,995,1741,249,3642.24955
0,249,3,1,386,14,2,0.2197
0,250,1,2,1387,1349,196,3360.1027
0,251,1,1,386,14,2,0.2197
0,252,1,2,1497,1239,196,3890.0527
0,253,1,1,386,14,2,0.2197
0,254,1,0,1883,1803,348,7044.7597
0,255,3,0,1856,1830,348,7206.2197
0,256,1,2,1475,1261,249,3642.1397
0,257,3,2,1494,1242,249,3642.1397
0,258,1,0,2058,1628,247,6010.2197
0,259,1,0,1910,1776,247,6453.4797
0,260,3,1,248,152,4,0.37349
0,261,3,2,1231,1505,249,4385.22925
0,262,1,2,1246,1490,196,4724.12631
0,263,1,0,2033,1653,293,6995.0057
0,264,1,1,78,322,4,0.2197
0,265,1,2,1297,1439,247,4262.1047
0,266,1,1,313,87,4,0.2197
0,267,3,2,1346,1390,247,4115.3497
0,268,1,0,1676,2010,293,8256.2867
0,269,1,1,200,200,4,0.2197
0,270,1,1,216,184,4,0.2197
0,271,1,2,1504,1232,247,3642.1397
0,272,3,0,2222,1464,295,6320.2027
0,273,3,1,386,14,2,0.2197
0,274,1,2,1501,1235,245,3642.24955
0,275,1,1,386,14,2,0.2197
0,276,1,1,386,14,2,0.2197
0,277,3,2,1769,967,194,3360.1027
0,278,1,0,2014,1672,297,7026.8027
0,279,1,0,2058,1628,247,6010.2197
0,280,1,0,2056,1630,249,6010.2197
0,281,1,2,1504,1232,247,3642.1397
0,282,1,1,386,14,2,0.2197
0,283,1,2,1560,1176,194,4098.4997
0,284,1,2,1506,1230,245,3642.1397
0,285,3,1,386,14,2,0.2197
0,286,1,0,2153,1533,293,6571.0457
0,287,1,1,386,14,2,0.2197
0,288,1,1,386,14,2,0.2197
0,289,1,0,1957,1729,348,6602.2397
0,290,3,2,1504,1232,247,3642.1397
0,291,3,2,1504,1232,247,3642.1397
0,292,1,1,269,131,4,0.2197
0,293,1,1,386,14,2,0.2197
0,294,1,2,1769,967,194,3360.1027
0,295,1,2,1769,967,194,3360.1027
0,296,1,1,386,14,2,0.2197
0,297,1,1,386,14,2,0.2197
0,298,1,2,1506,1230,245,3642.1397
0,299,3,2,1504,1232,247,3642.1397
0,300,3,2,1504,1232,247,3642.1397
0,301,1,1,386,14,2,0.2197
0,302,3,2,1504,1232,247,3642.1397
0,303,1,1,386,14,2,0.2197
0,304,1,0,2077,1609,293,6839.5537
0,305,1,1,386,14,2,0.2197
0,306,1,1,384,16,4,0.2197
0,307,1,2,1769,967,194,3360.1027
0,308,1,0,2058,1628,247,6010.2197
0,309,1,0,2058,1628,247,6010.2197
0,310,1,2,1504,1232,247,3642.1397
0,311,1,1,386,14,2,0.2197
0,312,3,1,386,14,2,0.2197
0,313,1,1,386,14,2,0.2197
0,314,1,1,386,14,2,0.2197
0,315,1,1,386,14,2,0.2197
0,316,1,1,386,14,2,0.2197
0,317,1,0,1488,2198,297,10679.6227
0,318,3,1,386,14,2,0.2197
0,319,1,0,1923,1763,295,8108.2227
0,320,1,2,1421,1315,249,3642.1397
0,321,1,0,1947,1739,346,6668.04167
0,322,1,2,1432,1304,249,3642.1397
0,323,1,1,379,21,2,0.37349
0,324,3,0,1952,1734,348,6632.1397
0,325,1,2,1494,1242,249,3642.1397
0,326,3,0,1944,1742,348,6620.3994
0,327,1,2,1488,1248,249,3642.1397
0,328,3,2,1491,1245,249,3642.1397
0,329,3,2,1537,1199,196,4140.8957
0,330,1,0,1679,2007,295,8238.6217
0,331,1,1,-486,886,4,0.2197
0,332,1,0,1414,2272,293,9181.9327
0,333,1,2,1133,1603,247,4753.2847
0,334,1,2,1155,1581,245,4693.3847
0,335,1,0,1751,1935,346,7225.1997
0,336,3,1,350,50,4,0.2197
0,337,1,0,2224,1462,293,6320.2027
0,338,1,2,1504,1232,247,3642.1397
0,339,1,1,381,19,2,0.32955
0,340,3,0,2040,1646,293,6970.2747
0,341,1,2,1506,1230,245,3642.1397
0,342,3,2,1506,1230,245,3642.1397
0,343,3,1,386,14,2,0.2197
0,344,1,2,1769,967,194,3360.1027
0,345,1,1,386,14,2,0.2197
0,346,1,0,2222,1464,295,6320.2027
0,347,1,2,1506,1230,245,3642.1397
0,348,3,2,1504,1232,247,3642.1397
0,349,1,1,386,14,2,0.2197
0,350,3,2,1504,1232,247,3642.1397
0,351,1,2,1506,1230,245,3642.1397
0,352,1,0,1959,1727,346,6602.2397
0,353,1,1,386,14,2,0.2197
0,354,1,1,386,14,2,0.2197
0,355,1,0,2222,1464,295,6320.2027
0,356,1,1,386,14,2,0.2197
0,357,3,1,386,14,2,0.2197
0,358,1,1,386,14,2,0.2197
0,359,1,1,386,14,2,0.2197
0,360,1,1,386,14,2,0.2197
0,361,1,2,1769,967,194,3360.1027
0,362,1,2,1619,1117,194,3890.0527
0,363,1,0,2058,1628,247,6010.2197
0,364,1,2,1506,1230,245,3642.1397
0,365,1,1,386,14,2,0.2197
0,366,1,2,1506,1230,245,3642.1397
0,367,1,1,386,14,2,0.2197
0,368,3,1,386,14,2,0.2197
0,369,1,0,2025,1661,297,6500.56146
0,370,1,0,1975,1711,297,7245.6157
0,371,1,2,1492,1244,249,3642.1397
0,372,3,1,386,14,2,0.2197
0,373,1,0,1845,1841,350,6602.2397
0,374,1,2,1506,1230,245,3642.1397
0,375,3,2,1467,1269,249,3642.1397
0,376,1,0,2082,1604,293,6848.8057
0,377,1,1,386,14,2,0.2197
0,378,3,1,386,14,2,0.2197
0,379,3,0,1929,1757,346,6781.6397
0,380,3,2,1492,1244,249,3642.1397
0,381,1,0,1957,1729,348,6602.2397
0,382,1,0,2224,1462,293,6320.2027
0,383,1,2,1640,1096,194,3815.8597
0,384,3,0,1957,1729,348,6602.2397
0,385,1,2,1504,1232,247,3642.1397
0,386,1,1,386,14,2,0.2197
0,387,3,2,1504,1232,247,3642.1397
0,388,1,2,1502,1234,245,3654.1197
0,389,1,1,229,171,2,0.4394
0,390,1,2,1723,1013,194,3522.6207
0,391,1,1,386,14,2,0.2197
0,392,1,0,2094,1592,297,6320.2027
0,393,1,0,1686,2000,350,7355.7197
0,394,3,1,386,14,2,0.2197
0,395,1,2,1492,1244,249,3642.1397
0,396,1,0,1944,1742,350,6620.1797
0,397,3,1,386,14,2,0.2197
0,398,3,0,1777,1909,297,8623.7797
0,399,1,1,386,14,2,0.2197
0,400,1,1,386,14,2,0.2197
0,401,1,2,1344,1392,249,3642.1397
0,402,1,1,386,14,2,0.2197
0,403,1,0,2098,1588,297,6861.8937
0,404,3,2,1327,1409,249,3642.1397
0,405,1,0,1892,1794,350,6632.1397
0,406,1,0,1943,1743,350,6620.1797
0,407,1,0,1457,2229,350,8433.0797
0,408,1,2,1069,1667,196,5027.6787
0,409,1,2,1175,1561,249,4573.5847
0,410,1,1,141,259,4,0.2197
0,411,1,0,1292,2394,297,10516.4657
0,412,1,0,1572,2114,350,7713.3147
0,413,1,2,801,1935,196,6250.3164
0,414,3,0,1571,2115,350,7677.81016
0,415,1,2,925,1811,249,5346.2947
0,416,2,0,1283,2403,350,8420.1747
0,417,3,0,1365,2321,350,8171.66561
0,418,1,0,1205,2481,297,9220.8237
0,419,1,1,123,277,4,0.2197
0,420,3,2,953,1783,249,4870.0897
0,421,1,1,381,19,4,0.2197
0,422,1,0,1461,2225,350,7015.4997
0,423,1,0,1315,2371,297,9566.2887
0,424,1,0,1019,2667,297,10481.4337
0,425,1,2,694,2042,249,5897.3747
0,426,1,1,-307,707,4,0.2197
0,427,3,1,-223,623,4,0.2197
0,428,3,2,991,1745,249,5148.6247
0,429,1,1,-61,461,4,0.2197
0,430,3,2,995,1741,249,5130.6547
0,431,1,2,843,1893,249,5169.5897
0,432,1,2,517,2219,249,4891.0547
0,433,3,0,1533,2153,350,7623.52667
0,434,1,0,1605,2081,350,7641.4747
0,435,1,2,500,2236,245,6631.32546
0,436,3,0,1708,1978,297,8208.7777
0,437,3,2,636,2100,247,6241.7997
0,438,3,0,1235,2451,297,9484.96061
0,439,1,2,603,2133,245,6331.75955
0,440,1,1,-260,660,4,0.2197
0,441,3,1,-73,473,4,0.2197
0,442,1,1,-73,473,4,0.24167
0,443,1,0,1601,2085,297,8210.0967
0,444,1,1,330,70,4,0.2197
0,445,1,0,1668,2018,350,7449.77667
0,446,1,2,1124,1612,249,4756.2797
0,447,1,1,221,179,4,0.2197
0,448,3,0,1739,1947,297,7577.9507
0,449,1,0,1436,2250,350,8153.5797
0,450,1,2,729,2007,249,5283.3997
0,451,1,2,736,2000,196,6235.9647
0,452,1,1,342,58,4,0.2197
0,453,3,1,386,14,2,0.2197
0,454,1,0,1936,1750,350,6620.3994
0,455,1,1,369,31,2,0.59319
0,456,1,2,1494,1242,249,3642.1397
0,457,3,1,386,14,2,0.2197
0,458,1,2,1374,1362,249,3642.1397
0,459,1,2,1581,1155,196,3543.8187
0,460,1,1,364,36,4,0.2197
0,461,3,0,1613,2073,350,7141.3097
0,462,1,2,1235,1501,247,4438.8097
0,463,1,0,1693,1993,297,8051.3727
0,464,1,0,1922,1764,251,6375.6097
0,465,3,0,1565,2121,350,7556.6647
0,466,3,0,1570,2116,297,9151.7347
0,467,1,0,1939,1747,350,6644.1497
0,468,1,2,1455,1281,249,3744.03561
0,469,1,1,267,133,4,0.2197
0,470,1,0,1740,1946,350,7092.5997
0,471,1,1,343,57,4,0.2197
0,472,1,0,1918,1768,350,6727.9597
0,473,1,1,256,144,4,0.2197
0,474,1,2,1696,1040,196,3441.3617
0,475,1,0,1547,2139,297,7495.1537
0,476,1,2,1459,1277,249,3740.9747
0,477,1,0,1840,1846,350,6934.6547
0,478,1,0,1632,2054,350,6991.5597
0,479,3,2,1019,1717,249,4265.0997
0,480,3,0,1749,1937,297,8073.7127
0,481,1,0,1591,2095,346,7707.3847
0,482,1,2,1171,1565,249,4612.5197
0,483,1,2,1019,1717,249,5076.7447
0,484,1,2,1505,1231,196,4098.52167
0,485,3,0,1362,2324,350,7590.5697
0,486,1,1,76,324,4,0.4394
0,487,1,0,1425,2261,297,9511.4947
0,488,3,1,224,176,4,0.2197
0,489,1,0,1400,2286,350,8738.9997
0,490,1,1,366,34,4,0.2197
0,491,1,0,1174,2512,293,10834.17061
0,492,1,1,170,230,4,0.2197
0,493,3,2,812,1924,249,5531.9847
0,494,1,0,1670,2016,346,7476.7497
0,495,1,1,147,253,4,0.2197
0,496,1,0,1760,1926,348,7207.1797
0,497,2,2,1340,1396,249,4100.3747
0,498,3,0,1758,1928,293,7966.5807
0,499,1,2,1343,1393,245,4130.3247
0,500,1,1,306,94,4,0.2197
0,501,1,0,1959,1727,346,6602.2397
0,502,1,1,-321,721,4,0.2197
0,503,1,2,1549,1187,194,4137.3627
0,504,1,1,-246,646,4,0.2197
0,505,1,2,1034,1702,245,5055.7797
0,506,1,2,1235,1501,194,5246.7247
0,507,1,0,1833,1853,247,6684.0947
0,508,1,2,1769,967,194,3360.1027
0,509,3,2,1506,1230,245,3642.1397
0,510,1,1,386,14,2,0.2197
0,511,1,0,2016,1670,295,7048.0007
0,512,1,1,386,14,2,0.2197
0,513,1,2,1506,1230,245,3642.1397
0,514,1,2,1506,1230,245,3642.1397
0,515,3,0,2224,1462,293,6320.2027
0,516,1,0,1959,1727,346,6602.2397
0,517,1,2,1506,1230,245,3642.1397
0,518,1,0,1959,1727,346,6602.2397
0,519,1,0,1957,1729,348,6602.2397
0,520,3,0,2030,1656,295,6998.5387
0,521,3,1,386,14,2,0.2197
0,522,1,1,386,14,2,0.2197
0,523,1,0,2142,1544,295,6574.75446
0,524,1,1,386,14,2,0.2197
0,525,1,0,1959,1727,346,6602.2397
0,526,1,1,386,14,2,0.2197
0,527,1,1,386,14,2,0.2197
0,528,1,1,386,14,2,0.2197
0,529,3,0,2174,1512,297,6320.2027
0,530,3,0,2170,1516,293,6510.9847
0,531,1,2,1492,1244,249,3642.1397
0,532,3,1,386,14,2,0.2197
0,533,1,2,1496,1240,249,3642.1397
0,534,1,2,1413,1323,249,3642.1397
0,535,1,1,386,14,2,0.2197
0,536,1,0,2013,1673,297,7087.76861
0,537,3,2,1494,1242,249,3642.1397
0,538,1,2,1420,1316,196,3360.1027
0,539,1,1,386,14,2,0.2197
0,540,1,2,1493,1243,249,3642.16167
0,541,3,2,1499,1237,249,3642.1397
0,542,1,0,1744,1942,350,7219.1797
0,543,1,1,355,45,2,0.2197
0,544,3,0,1935,1751,350,6620.1797
0,545,1,2,1496,1240,249,3642.1397
0,546,3,0,1610,2076,297,8916.47861
0,547,3,2,1169,1567,196,4914.6227
0,548,1,2,1157,1579,249,4421.01546
0,549,3,1,133,267,4,0.50531
0,550,1,1,-12,412,4,0.72501
0,551,1,2,1143,1593,249,4687.3947
0,552,1,2,859,1877,249,5552.9497
0,553,3,2,1129,1607,249,4741.3047
0,554,3,1,87,313,4,0.2197
0,555,1,2,934,1802,249,4250.1247
0,556,3,2,554,2182,196,5494.0347
0,557,1,1,249,151,4,0.2197
0,558,1,1,246,154,4,0.26364
0,559,1,1,97,303,4,0.2197
0,560,1,2,887,1849,249,5382.2347
0,561,1,1,207,193,4,0.2197
0,562,1,2,935,1801,196,4677.97761
0,563,3,0,1772,1914,350,7117.52546
0,564,3,2,1061,1675,249,4888.0597
0,565,1,0,1563,2123,346,7797.2147
0,566,1,2,824,1912,196,6462.0767
0,567,1,2,866,1870,249,5522.9997
0,568,3,1,352,48,4,0.2197
0,569,1,2,1027,1709,247,5070.7547
0,570,1,0,1660,2026,350,7473.7847
0,571,1,0,1890,1796,350,6790.9247
0,572,1,2,1570,1166,194,4063.1697
0,573,1,0,1485,2201,350,7994.8847
0,574,1,2,1032,1704,249,5031.8197
0,575,1,2,903,1833,249,4262.1047
0,576,1,1,337,63,4,0.2197
0,577,1,0,1682,2004,297,7108.1177
0,578,1,1,180,220,4,0.2197
0,579,1,2,1265,1471,196,4066.7027
0,580,1,1,280,120,4,0.2197
0,581,1,0,1937,1749,350,6662.0397
0,582,1,0,1934,1752,350,6662.2594
0,583,1,0,1893,1793,346,6895.63319
0,584,1,1,21,379,4,0.2197
0,585,3,1,96,304,4,0.2197
0,586,1,0,1721,1965,346,7335.9447
0,587,3,2,1230,1506,249,4238.1447
0,588,1,1,109,291,4,0.2197
0,589,3,2,1520,1216,196,4077.3017
0,590,1,1,228,172,4,0.2197
0,591,3,0,1924,1762,297,7365.9707
0,592,3,1,-211,611,4,0.39546
0,593,1,0,2020,1666,247,6124.0297
0,594,1,0,1446,2240,346,8135.70167
0,595,1,0,1790,1896,251,6669.1197
0,596,3,0,1353,2333,295,9468.6837
0,597,1,0,1611,2075,295,8478.8657
0,598,1,2,1332,1404,249,4121.3397
0,599,3,2,1504,1232,247,3642.1397
0,600,1,2,1504,1232,247,3642.1397
0,601,1,2,1504,1232,247,3642.1397
0,602,3,0,2058,1628,247,6010.2197
0,603,3,1,386,14,2,0.2197
0,604,1,1,244,156,2,0.2197
0,605,3,0,2224,1462,293,6320.2027
0,606,1,0,2224,1462,293,6320.2027
0,607,1,1,386,14,2,0.2197
0,608,1,0,2058,1628,247,6010.2197
0,609,3,1,386,14,2,0.2197
0,610,1,0,2170,1516,293,6510.9847
0,611,3,2,1494,1242,247,3642.3594
0,612,1,0,1946,1740,346,6602.52531
0,613,1,1,386,14,2,0.2197
0,614,1,1,386,14,2,0.2197
0,615,1,2,1730,1006,194,3497.8897
0,616,1,0,1959,1727,346,6602.2397
0,617,1,2,1504,1232,247,3642.1397
0,618,1,1,386,14,2,0.2197
0,619,3,2,1769,967,194,3360.1027
0,620,1,2,1769,967,194,3360.1027
0,621,3,2,1506,1230,245,3642.1397
0,622,3,1,386,14,2,0.2197
0,623,1,1,386,14,2,0.2197
0,624,1,1,386,14,2,0.2197
0,625,1,2,1574,1162,194,4049.0377
0,626,3,1,386,14,2,0.2197
0,627,1,1,386,14,2,0.2197
0,628,3,1,386,14,2,0.2197
0,629,3,1,386,14,2,0.2197
0,630,1,0,2184,1502,297,6426.1927
0,631,1,0,2058,1628,247,6010.2197
0,632,3,0,1951,1735,348,6620.24561
0,633,1,1,386,14,2,0.2197
0,634,1,2,1496,1240,245,3642.3594
0,635,1,0,1946,1740,346,6602.52531
0,636,1,0,2166,1520,295,6518.0507
0,637,1,0,1959,1727,346,6602.2397
0,638,1,2,1722,1014,194,3526.1537
0,639,3,0,1947,1739,350,6602.2397
0,640,3,1,386,14,2,0.2197
0,641,1,1,386,14,2,0.2197
0,642,1,0,1959,1727,346,6602.2397
0,643,3,1,169,231,4,0.2197
0,644,1,1,232,168,4,0.2197
0,645,1,2,1365,1371,196,4119.80755
0,646,3,0,1794,1892,251,6159.9697
0,647,1,1,386,14,2,0.2197
0,648,3,1,386,14,2,0.2197
0,649,3,1,386,14,2,0.2197
0,650,1,0,2020,1666,297,7468.3627
0,651,1,2,1492,1244,249,3642.1397
0,652,1,0,1808,1878,350,6620.1797
0,653,1,0,1903,1783,297,7722.3937
0,654,1,2,1481,1255,249,3642.1397
0,655,1,0,1954,1732,348,6620.1797
0,656,3,2,1138,1598,249,3642.1397
0,657,1,0,1813,1873,293,7919.0857
0,658,1,0,1949,1737,350,6638.1197
0,659,3,0,1950,1736,348,6644.0997
0,660,1,1,-215,615,4,0.2197
0,661,1,0,1660,2026,293,8312.8147
0,662,3,0,1697,1989,247,7091.4147
0,663,1,2,1110,1626,247,4822.1697
0,664,2,1,184,216,4,0.2197
0,665,3,1,190,210,4,0.24167
0,666,1,2,1362,1374,194,4798.0337
0,667,1,2,1325,1411,249,4172.2547
0,668,1,1,297,103,4,0.2197
0,669,1,1,254,146,4,0.2197
0,670,3,1,297,103,4,0.2197
0,671,1,2,1506,1230,245,3642.1397
0,672,1,2,1769,967,194,3360.1027
0,673,3,0,1941,1745,350,6620.24561
0,674,1,1,386,14,2,0.2197
0,675,3,2,1496,1240,249,3642.1397
0,676,1,0,1503,2183,297,8849.3837
0,677,1,2,1461,1275,249,3642.1397
0,678,1,2,1497,1239,249,3642.1397
0,679,1,2,886,1850,249,3642.1397
0,680,1,0,1801,1885,350,7475.3197
0,681,1,0,2055,1631,297,6945.8467
0,682,1,0,1811,1875,350,7224.1597
0,683,3,0,1938,1748,350,6644.0997
0,684,1,2,1266,1470,196,4571.98761
0,685,1,1,88,312,4,0.24167
0,686,3,1,201,199,4,0.2197
0,687,1,1,-193,593,4,0.2197
0,688,3,2,1387,1349,249,3884.7347
0,689,1,0,1438,2248,297,9283.28652
0,690,1,2,1020,1716,249,4885.08667
0,691,1,1,19,381,4,0.2197
0,692,1,1,74,326,4,0.2197
0,693,1,1,174,226,4,0.2197
0,694,1,1,257,143,4,0.2197
0,695,1,2,1336,1400,249,4121.3397
0,696,1,0,1860,1826,350,6871.7397
0,697,1,0,1454,2232,293,9557.56758
0,698,1,2,1010,1726,247,5112.6847
0,699,3,0,1602,2084,348,7674.4197
0,700,1,2,1148,1588,245,4714.3497
0,701,1,2,1062,1674,245,4942.1894
0,702,1,1,185,215,4,0.2197
0,703,1,2,1174,1562,194,5434.14946
0,704,3,2,1297,1439,247,4262.1047
0,705,1,0,1615,2071,293,8471.7997
0,706,3,1,106,294,4,0.2197
0,707,1,2,1346,1390,245,4121.3397
0,708,1,0,1610,2076,346,7647.4947
0,709,3,1,242,158,4,0.2197
0,710,1,0,2169,1517,295,6507.4517
0,711,1,1,386,14,2,0.2197
0,712,1,0,2222,1464,295,6320.2027
0,713,3,2,1506,1230,245,3642.1397
0,714,1,2,1769,967,194,3360.1027
0,715,1,1,386,14,2,0.2197
0,716,1,1,386,14,2,0.2197
0,717,1,2,1670,1066,194,3709.8697
0,718,3,2,1506,1230,245,3642.1397
0,719,1,0,2048,1638,251,6010.2197
0,720,1,1,386,14,2,0.2197
0,721,3,0,2056,1630,249,6010.2197
0,722,3,0,2068,1618,295,6864.2847
0,723,3,2,1506,1230,245,3642.1397
0,724,1,2,1710,1026,194,3568.5497
0,725,1,0,2053,1633,247,6010.32955
0,726,1,1,386,14,2,0.2197
0,727,1,0,2086,1600,293,6807.7567
0,728,1,2,1504,1232,247,3642.1397
0,729,3,2,1504,1232,247,3642.1397
0,730,1,0,1959,1727,346,6602.2397
0,731,1,1,142,258,4,0.2197
0,732,1,0,2107,1579,295,6726.4977
0,733,1,1,386,14,2,0.2197
0,734,1,0,2058,1628,247,6010.2197
0,735,3,1,386,14,2,0.2197
0,736,1,1,386,14,2,0.2197
0,737,1,1,386,14,2,0.2197
0,738,1,1,386,14,2,0.2197
0,739,1,1,386,14,2,0.2197
0,740,3,0,2224,1462,293,6320.2027
0,741,1,0,2075,1611,293,6846.6197
0,742,1,1,384,16,4,0.2197
0,743,1,2,1559,1177,194,4102.0327
0,744,1,0,2058,1628,247,6010.2197
0,745,3,1,386,14,2,0.2197
0,746,3,0,2089,1597,293,6797.1577
0,747,3,2,1391,1345,249,3642.1397
0,748,1,1,386,14,2,0.2197
0,749,1,2,1494,1242,249,3642.1397
0,750,1,1,386,14,2,0.2197
0,751,3,2,1672,1064,194,3702.8037
0,752,3,2,1503,1233,245,3642.20561
0,753,3,2,1496,1240,247,3642.31546
0,754,3,2,1504,1232,247,3642.1397
0,755,1,0,1763,1923,297,7044.4677
0,756,1,0,1949,1737,350,6602.2397
0,757,3,0,1697,1989,350,7308.4897
0,758,1,0,1908,1778,350,6733.9497
0,759,1,2,1470,1266,196,3731.0677
0,760,1,0,1775,1911,350,6632.1397
0,761,1,0,1681,2005,350,7271.9997
0,762,3,1,386,14,2,0.2197
0,763,1,0,1871,1815,297,6948.1027
0,764,1,2,1484,1252,249,3642.31546
0,765,3,0,1940,1746,350,6644.0997
0,766,1,2,1358,1378,249,4040.4747
0,767,1,2,1371,1365,196,4250.4187
0,768,3,2,1105,1631,249,4825.1647
0,769,1,0,1703,1983,346,7368.9597
0,770,1,1,238,162,4,0.32955
0,771,3,2,1281,1455,194,5084.2067
0,772,1,1,307,93,4,0.2197
0,773,3,2,1149,1587,245,4711.3547
0,774,1,1,-127,527,4,0.2197
0,775,3,2,1142,1594,245,4732.3197
0,776,1,2,1379,1357,194,4737.9727
0,777,1,0,1566,2120,247,7483.7597
0,778,1,0,1778,1908,247,6848.8197
0,779,1,2,1038,1698,194,5942.7257
0,780,1,0,1698,1988,249,7082.4297
0,781,1,0,1461,2225,346,8093.7497
0,782,1,1,230,170,4,0.2197
0,783,3,1,337,63,4,0.2197
0,784,3,1,375,25,2,0.2197
0,785,1,2,1504,1232,247,3642.1397
0,786,1,0,1937,1749,293,7334.1737
0,787,3,1,386,14,2,0.2197
0,788,1,1,386,14,2,0.2197
0,789,1,0,1959,1727,346,6602.2397
0,790,3,1,386,14,2,0.2197
0,791,1,1,386,14,2,0.2197
0,792,1,1,386,14,2,0.2197
0,793,3,2,1769,967,194,3360.1027
0,794,1,0,2224,1462,293,6320.2027
0,795,1,1,386,14,2,0.2197
0,796,1,0,1994,1692,251,6010.2197
0,797,3,2,1506,1230,245,3642.1397
0,798,1,1,386,14,2,0.2197
0,799,3,0,1959,1727,346,6602.2397
0,800,1,1,386,14,2,0.2197
0,801,1,1,386,14,2,0.2197
0,802,1,0,2195,1491,295,6415.5937
0,803,1,2,1482,1254,249,3642.3594
0,804,1,1,386,14,2,0.2197
0,805,3,1,386,14,2,0.2197
0,806,1,0,2214,1472,297,6320.2027
0,807,1,2,1494,1242,249,3642.1397
0,808,3,2,1511,1225,196,4084.3677
0,809,3,2,1380,1356,249,3642.1397
0,810,3,2,1506,1230,245,3642.1397
0,811,1,0,1876,1810,350,6602.2397
0,812,1,2,1470,1266,245,3746.98667
0,813,1,1,386,14,2,0.2197
0,814,1,2,1504,1232,247,3642.1397
0,815,3,1,386,14,2,0.2197
0,816,1,2,1689,1047,194,3642.7427
0,817,3,1,386,14,2,0.2197
0,818,1,2,1481,1255,249,3642.1397
0,819,1,1,160,240,4,0.2197
0,820,1,2,1664,1072,196,3579.1487
0,821,1,0,1873,1813,346,7104.5797
0,822,1,2,1318,1418,249,3764.9347
0,823,1,2,1371,1365,249,4010.5247
0,824,3,1,303,97,4,0.2197
0,825,1,2,1494,1242,249,3642.1397
0,826,1,2,1657,1079,196,3720.4687
0,827,1,2,1506,1230,245,3642.1397
0,828,3,0,1959,1727,346,6602.2397
0,829,3,0,2138,1548,293,6624.0407
0,830,3,2,1347,1389,249,4058.6644
0,831,3,0,2030,1656,249,6079.17061
0,832,3,2,1162,1574,247,4666.4297
0,833,3,1,332,68,4,0.2197
0,834,1,0,1524,2162,293,8793.3027
0,835,1,0,1709,1977,350,7329.9947
0,836,1,2,1255,1481,196,4734.4397
0,837,3,1,273,127,4,0.2197
0,838,1,1,336,64,2,0.2197
0,839,1,2,1494,1242,249,3642.1397
0,840,3,0,2058,1628,247,6010.2197
0,841,1,2,1408,1328,249,3905.6997
0,842,1,1,363,37,4,0.2197
0,843,1,2,1506,1230,245,3642.1397
0,844,1,0,2047,1639,295,6938.4777
0,845,3,1,386,14,2,0.2197
0,846,1,2,1506,1230,245,3642.1397
0,847,3,2,1504,1232,247,3642.1397
0,848,3,1,79,321,4,0.2197
0,849,3,0,2149,1537,293,6585.1777
0,850,1,2,1332,1404,247,4157.2797
0,851,1,0,1959,1727,346,6602.2397
0,852,3,1,344,56,4,0.2197
0,853,1,0,2056,1630,249,6010.2197
0,854,3,1,316,84,4,0.2197
0,855,3,0,2120,1566,293,6687.6347
0,856,1,2,1587,1149,194,4003.1087
0,857,1,0,2026,1660,295,7012.6707
0,858,3,2,1504,1232,247,3642.1397
0,859,1,0,2123,1563,295,6659.3707
0,860,3,2,1501,1235,245,3642.24955
0,861,1,2,1501,1235,247,3642.1397
0,862,1,2,1504,1232,247,3642.1397
0,863,1,0,1859,1827,350,6602.2397
0,864,1,0,2130,1556,297,6606.3757
0,865,1,0,1844,1842,297,8051.0187
0,866,1,1,380,20,2,0.35152
0,867,1,2,1501,1235,249,3642.1397
0,868,3,2,1257,1479,249,3642.1397
0,869,1,1,386,14,2,0.2197
0,870,1,0,1727,1959,350,6620.1797
0,871,1,2,1456,1280,249,3642.1397
0,872,3,1,321,79,4,0.2197
0,873,1,0,1940,1746,350,6632.1397
0,874,1,2,1471,1265,196,3692.2047
0,875,3,0,1874,1812,350,6620.1797
0,876,3,1,-89,489,4,0.2197
0,877,3,0,1953,1733,293,7499.15146
0,878,3,2,1193,1543,249,4540.6397
0,879,1,0,1800,1886,350,7051.4797
0,880,3,0,1954,1732,346,6626.1697
0,881,1,2,1480,1256,194,4381.1397
0,882,3,0,1780,1906,350,6910.7247
0,883,1,0,1818,1868,350,6997.5297
0,884,1,1,-264,664,4,0.2197
0,885,1,2,1369,1367,196,4423.55767
0,886,1,2,433,2303,249,4675.4147
0,887,1,2,529,2207,249,4726.3297
0,888,1,1,308,92,4,0.2197
0,889,1,1,324,76,4,0.2197
0,890,1,0,1781,1905,297,7564.3827
0,891,1,0,1842,1844,350,6943.6197
0,892,1,1,290,110,4,0.2197
0,893,3,1,386,14,2,0.2197
0,894,1,1,386,14,2,0.2197
0,895,1,0,1756,1930,297,8367.6977
0,896,1,0,1902,1784,350,6877.3197
0,897,1,1,268,132,4,0.2197
0,898,3,0,1868,1818,348,6880.7147
0,899,3,2,1499,1237,249,3642.1397
0,900,1,0,1618,2068,350,7506.83152
0,901,3,0,1702,1984,297,8144.3307
0,902,1,0,1715,1971,346,7350.9297
0,903,1,0,1766,1920,348,7177.2697
0,904,1,1,-214,614,4,0.2197
0,905,1,2,1685,1051,194,3656.8747
0,906,3,1,-100,500,4,0.2197
0,907,3,0,1509,2177,346,7949.9897
0,908,1,2,1186,1550,247,4594.5497
0,909,1,2,1155,1581,194,5511.80955
0,910,1,0,1460,2226,293,9019.4147
0,911,3,1,182,218,4,0.2197
0,912,1,0,1483,2203,247,7194.22627
0,913,2,1,137,263,4,0.2197
0,914,1,1,176,224,4,0.2197
0,915,3,1,386,14,2,0.2197
0,916,1,0,1949,1737,350,6602.2397
0,917,1,0,1965,1721,249,6282.7647
0,918,1,1,386,14,2,0.2197
0,919,1,0,2149,1537,293,6585.1777
0,920,3,1,386,14,2,0.2197
0,921,3,1,386,14,2,0.2197
0,922,3,2,1769,967,194,3360.1027
0,923,1,1,386,14,2,0.2197
0,924,1,2,1506,1230,245,3642.1397
0,925,1,2,1504,1232,247,3642.1397
0,926,1,2,1504,1232,247,3642.1397
0,927,1,1,376,24,2,0.4394
0,928,3,1,382,18,2,0.30758
0,929,3,2,1506,1230,245,3642.1397
0,930,1,1,386,14,2,0.2197
0,931,1,2,1624,1112,196,3865.3217
0,932,3,2,1504,1232,247,3642.1397
0,933,1,1,358,42,4,0.2197
0,934,3,1,370,30,2,0.2197
0,935,1,0,2058,1628,247,6010.2197
0,936,1,0,2151,1535,295,6571.0457
0,937,1,2,1506,1230,245,3642.1397
0,938,3,1,386,14,2,0.2197
0,939,1,1,386,14,2,0.2197
0,940,3,2,1504,1232,247,3642.1397
0,941,3,2,1594,1142,194,3978.3777
0,942,1,0,2058,1628,247,6010.2197
0,943,1,1,385,15,2,0.24167
0,944,1,1,386,14,2,0.2197
0,945,1,2,1607,1129,194,3932.4487
0,946,1,0,1655,2031,251,6010.2197
0,947,1,2,1504,1232,247,3642.1397
0,948,1,1,386,14,2,0.2197
0,949,1,0,1561,2125,297,7542.1687
0,950,1,1,386,14,2,0.2197
0,951,1,0,1940,1746,350,6644.0997
0,952,1,0,1950,1736,350,6620.1797
0,953,1,2,1494,1242,249,3642.1397
0,954,1,0,1946,1740,346,6679.9797
0,955,1,2,1720,1016,196,3462.5597
0,956,1,0,1942,1744,350,6644.0997
0,957,1,2,1537,1199,196,4098.4997
0,958,3,2,1506,1230,245,3642.1397
0,959,1,2,1496,1240,247,3642.31546
0,960,3,1,-294,694,4,0.2197
0,961,1,0,1712,1974,293,8129.0987
0,962,3,0,1765,1921,247,6887.7547
0,963,1,1,104,296,4,0.28561
0,964,1,2,1344,1392,245,4127.3297
0,965,3,1,192,208,4,0.2197
0,966,3,1,194,206,4,0.26364
0,967,1,0,2108,1578,295,6722.9647
0,968,1,2,1433,1303,245,3860.7747
0,969,1,1,356,44,4,0.2197
0,970,1,0,1959,1727,346,6602.2397
0,971,1,2,1506,1230,245,3642.1397
0,972,1,0,1957,1729,348,6602.2397
0,973,1,0,1957,1729,348,6602.2397
0,974,3,1,346,54,4,0.2197
0,975,3,2,1646,1090,196,3787.5957
0,976,1,2,1534,1202,194,4190.3577
0,977,1,2,1504,1232,247,3642.1397
0,978,1,1,386,14,2,0.2197
0,979,1,2,1755,981,194,3409.5647
0,980,3,0,2058,1628,247,6010.2197
0,981,1,0,2051,1635,249,6010.32955
0,982,1,1,386,14,2,0.2197
0,983,3,0,2222,1464,295,6320.2027
0,984,1,1,386,14,2,0.2197
0,985,1,2,1584,1152,194,4013.7077
0,986,3,2,1506,1230,245,3642.1397
0,987,3,1,376,24,2,0.4394
0,988,1,0,1939,1747,346,6602.6791
0,989,1,1,386,14,2,0.2197
0,990,1,0,2056,1630,249,6010.2197
0,991,3,2,1506,1230,245,3642.1397
0,992,3,2,1769,967,194,3360.1027
0,993,1,1,386,14,2,0.2197
0,994,3,0,2125,1561,293,6669.9697
0,995,3,1,386,14,2,0.2197
0,996,1,2,1504,1232,247,3642.1397
0,997,3,0,1959,1727,346,6602.2397
0,998,3,2,1504,1232,247,3642.1397
0,999,1,2,1722,1014,194,3526.1537
