2020-04-16 20:41:38

CONFIGURATION:
{u'simulation': {u'stdev_factor': 0.01, u'power_mgmt_enabled': False, u'tasks': {u'loc': {u'mean_service_time': {u'gpu': 90, u'cpu_core': 200, u'loc_accel': 10}, u'priority': 1, u'deadline': 1000, u'stdev_service_time': {u'gpu': 0.9, u'cpu_core': 2.0, u'loc_accel': 0.1}, u'power': {u'gpu': 4.457, u'cpu_core': 6.133, u'loc_accel': 0.02197}}, u'detect': {u'mean_service_time': {u'gpu': 0.4607, u'cpu_core': 3.654, u'det_accel': 0.278}, u'priority': 2, u'deadline': 1000, u'stdev_service_time': {u'gpu': 0.004607, u'cpu_core': 0.03654, u'det_accel': 0.0027800000000000004}, u'power': {u'gpu': 90, u'cpu_core': 200, u'det_accel': 10}}, u'Frontier': {u'mean_service_time': {u'cpu_core': 396}, u'priority': 9, u'deadline': 1000, u'stdev_service_time': {u'cpu_core': 3.96}, u'power': {u'cpu_core': 5.98}}, u'track': {u'mean_service_time': {u'gpu': 17, u'tra_accel': 2, u'cpu_core': 1820}, u'priority': 3, u'deadline': 1000, u'stdev_service_time': {u'gpu': 0.17, u'tra_accel': 0.02, u'cpu_core': 18.2}, u'power': {u'gpu': 12.79, u'tra_accel': 0.59, u'cpu_core': 5.6}}, u'sp': {u'mean_service_time': {u'gpu': 379, u'cpu_core': 1004}, u'priority': 11, u'deadline': 1000, u'stdev_service_time': {u'gpu': 3.79, u'cpu_core': 10.040000000000001}, u'power': {u'gpu': 3.302, u'cpu_core': 1004}}, u'mission': {u'mean_service_time': {u'cpu_core': 0.0022}, u'priority': 5, u'deadline': 1000, u'stdev_service_time': {u'cpu_core': 2.2000000000000003e-05}, u'power': {u'cpu_core': 3.534}}, u'motion': {u'mean_service_time': {u'cpu_core': 8}, u'priority': 6, u'deadline': 1000, u'stdev_service_time': {u'cpu_core': 0.08}, u'power': {u'cpu_core': 4.222}}, u'collision': {u'mean_service_time': {u'cpu_core': 8}, u'priority': 7, u'deadline': 1000, u'stdev_service_time': {u'cpu_core': 0.08}, u'power': {u'cpu_core': 0}}, u'fusion': {u'mean_service_time': {u'cpu_core': 1}, u'priority': 4, u'deadline': 1000, u'stdev_service_time': {u'cpu_core': 0.01}, u'power': {u'cpu_core': 0}}, u'map': {u'mean_service_time': {u'gpu': 761, u'cpu_core': 973}, u'priority': 10, u'deadline': 1000, u'stdev_service_time': {u'gpu': 7.61, u'cpu_core': 9.73}, u'power': {u'gpu': 3.533, u'cpu_core': 2.995}}, u'path': {u'mean_service_time': {u'cpu_core': 8}, u'priority': 8, u'deadline': 1000, u'stdev_service_time': {u'cpu_core': 0.08}, u'power': {u'cpu_core': 0}}}, u'sched_policy_module': u'policies.ms2_update2', u'drop': True, u'servers': {u'gpu': {u'count': 2}, u'tra_accel': {u'count': 1}, u'cpu_core': {u'count': 8}, u'loc_accel': {u'count': 1}, u'det_accel': {u'count': 1}}, u'max_tasks_simulated': 10000, u'max_queue_size': 1000000, u'mean_arrival_time': 50, u'arrival_time_scale': 3.1}, u'general': {u'random_seed': 0, u'pre_gen_arrivals': False, u'basename': u'policy:ms2_update2__stdev_factor:0.01', u'output_trace_file': None, u'working_dir': u'/home/hiwot/meta-stomp2/sim_16042020_202749_new_arrival_50_map_rheftmapping_50_trace_50', u'input_trace_file': (False, '../mv_mapping_50_trace_50.trc'), u'logging_level': u'INFO'}}
Time	Response time (avg)
1456	495.0
1576	495.0
2655	495.0
3150	495.0
3666	498.4
4049	498.3
4179	519.6
4253	541.1
4366	548.6
4544	561.0
4552	575.6
4685	580.6
5246	574.0
5272	568.4
5276	563.5
5996	553.0
6766	549.6
7068	541.1
7105	533.4
7753	531.5
7783	529.8
7938	528.2
8339	526.7
9486	525.4
10652	520.2
10853	515.5
10869	514.7
10999	510.5
11164	509.9
11368	506.1
11848	505.8
12729	505.4
13066	505.1
13460	501.9
13797	501.7
14017	501.5
15046	501.4
15702	501.2
15773	498.5
16022	498.4
16616	498.3
16899	498.2
16973	498.2
18078	498.1
19228	498.0
19339	498.0
19980	497.9
20129	495.8
20378	495.8
21550	495.7
22122	493.8
22508	493.8
22968	493.8
22993	492.0
23886	490.3
24399	490.4
24634	490.4
25064	488.8
25350	488.9
25673	489.0
25913	487.5
26192	486.0
27509	486.2
27739	486.3
28791	486.4
29836	486.6
30161	485.2
30235	483.9
31088	484.1
32496	484.2
33251	484.4
33375	483.1
34420	481.9
34476	482.1
34917	482.3
35570	481.2
37805	480.1
37830	480.2
37864	479.2
38710	479.4
38899	479.6
40237	479.8
41224	479.9
41503	480.1
43000	479.1
43464	479.3
43751	479.5
44246	480.7
44328	481.0
44416	481.1
44841	481.3
44919	480.3
46058	480.5
46619	480.7
47109	480.8
47356	479.9
47574	480.1
48032	480.2
48469	480.4
49796	479.5
50034	479.7
50113	479.8
50527	480.0
50611	480.1
51705	479.3
52065	478.5
52300	477.8
52452	477.9
52773	478.1
53053	478.2
53839	478.4
54334	478.6
55248	478.7
55475	478.9
55557	479.0
55795	479.1
56121	479.3
56649	479.4
57187	479.5
57378	478.8
57431	478.2
57791	478.3
58138	478.4
58376	477.8
60204	477.9
61052	477.3
61155	477.4
62123	477.5
62570	477.7
63039	484.5
63063	484.8
63077	484.9
63577	491.2
63727	491.3
63738	490.5
63861	489.9
64069	490.2
64826	490.3
65316	492.4
65324	495.1
65587	496.0
65817	496.0
65818	497.7
65875	497.0
67772	496.3
69130	495.6
70010	495.6
70227	495.6
71426	495.6
71565	495.6
72060	495.6
74798	494.9
74808	494.3
75071	494.3
75308	494.3
75989	494.3
76418	493.7
77096	493.7
78246	493.7
79228	493.7
79442	493.7
79769	493.7
80179	493.7
81130	493.7
81440	493.1
82295	493.1
82426	493.2
84424	493.2
85269	493.2
85397	493.2
86230	493.2
86348	493.2
87031	493.2
88108	492.7
88146	492.1
88255	492.1
88933	492.1
89029	491.6
89333	491.6
89884	491.6
90722	491.1
90835	491.1
91491	490.6
92267	490.6
94087	490.7
96467	490.7
96682	490.7
98202	490.2
98369	490.2
98872	489.7
98956	489.8
100364	489.9
100484	489.4
101175	489.4
102466	489.4
102768	489.0
102852	488.5
103106	488.0
105107	488.1
105532	488.1
105884	487.6
106058	487.7
107009	487.7
107279	487.7
107375	487.8
107412	487.8
108306	487.9
108630	487.4
108801	487.5
109198	487.1
109307	487.1
109523	487.1
110007	487.2
110045	487.2
111228	487.2
112272	487.3
112298	487.4
112300	489.5
112699	490.5
112776	491.5
112816	495.2
113225	495.2
114016	495.2
114911	495.2
115038	494.7
115740	494.7
116548	494.3
116570	493.9
116803	493.9
116948	493.4
117642	493.4
117685	493.4
118593	493.5
119544	493.5
120167	493.5
121040	493.1
121055	493.1
121131	493.1
121446	493.1
121830	493.1
122909	492.7
123108	492.7
123129	492.7
123591	492.3
123712	492.3
124059	492.3
124189	492.3
124583	491.9
124692	492.0
124720	491.6
125097	492.4
125466	492.4
125882	492.4
126018	492.4
126068	492.4
126709	492.4
126800	492.4
127069	492.5
127382	492.5
127484	492.5
129803	492.5
130536	492.5
131149	492.5
131487	492.5
131862	492.5
132398	492.5
132877	492.5
133054	492.5
133523	492.6
133715	492.6
134769	492.6
134779	492.6
135124	492.6
135151	492.2
136028	492.3
136075	492.3
136681	492.3
136736	491.9
137026	491.9
137104	491.6
137466	491.6
137488	491.6
138249	491.6
138425	491.3
138465	491.0
138609	491.0
139200	491.0
139984	491.0
140227	491.0
142744	491.0
143137	491.0
143273	490.7
143695	490.7
144138	490.7
144268	490.8
144654	490.8
145119	490.8
146187	490.5
146373	490.2
146497	489.8
147218	489.9
147647	489.5
147994	489.2
148072	489.3
149743	489.0
149845	488.6
149974	488.7
150634	488.7
150956	488.8
151720	489.3
151830	489.7
152594	489.4
152683	489.1
153132	489.1
153863	489.1
154113	489.1
154235	489.2
155840	488.9
155964	488.6
156595	488.6
157399	488.6
157885	488.6
158230	488.3
