2020-04-16 20:41:12

CONFIGURATION:
{u'simulation': {u'stdev_factor': 0.01, u'power_mgmt_enabled': False, u'tasks': {u'loc': {u'mean_service_time': {u'gpu': 90, u'cpu_core': 200, u'loc_accel': 10}, u'priority': 1, u'deadline': 1000, u'stdev_service_time': {u'gpu': 0.9, u'cpu_core': 2.0, u'loc_accel': 0.1}, u'power': {u'gpu': 4.457, u'cpu_core': 6.133, u'loc_accel': 0.02197}}, u'detect': {u'mean_service_time': {u'gpu': 0.4607, u'cpu_core': 3.654, u'det_accel': 0.278}, u'priority': 2, u'deadline': 1000, u'stdev_service_time': {u'gpu': 0.004607, u'cpu_core': 0.03654, u'det_accel': 0.0027800000000000004}, u'power': {u'gpu': 90, u'cpu_core': 200, u'det_accel': 10}}, u'Frontier': {u'mean_service_time': {u'cpu_core': 396}, u'priority': 9, u'deadline': 1000, u'stdev_service_time': {u'cpu_core': 3.96}, u'power': {u'cpu_core': 5.98}}, u'track': {u'mean_service_time': {u'gpu': 17, u'tra_accel': 2, u'cpu_core': 1820}, u'priority': 3, u'deadline': 1000, u'stdev_service_time': {u'gpu': 0.17, u'tra_accel': 0.02, u'cpu_core': 18.2}, u'power': {u'gpu': 12.79, u'tra_accel': 0.59, u'cpu_core': 5.6}}, u'sp': {u'mean_service_time': {u'gpu': 379, u'cpu_core': 1004}, u'priority': 11, u'deadline': 1000, u'stdev_service_time': {u'gpu': 3.79, u'cpu_core': 10.040000000000001}, u'power': {u'gpu': 3.302, u'cpu_core': 1004}}, u'mission': {u'mean_service_time': {u'cpu_core': 0.0022}, u'priority': 5, u'deadline': 1000, u'stdev_service_time': {u'cpu_core': 2.2000000000000003e-05}, u'power': {u'cpu_core': 3.534}}, u'motion': {u'mean_service_time': {u'cpu_core': 8}, u'priority': 6, u'deadline': 1000, u'stdev_service_time': {u'cpu_core': 0.08}, u'power': {u'cpu_core': 4.222}}, u'collision': {u'mean_service_time': {u'cpu_core': 8}, u'priority': 7, u'deadline': 1000, u'stdev_service_time': {u'cpu_core': 0.08}, u'power': {u'cpu_core': 0}}, u'fusion': {u'mean_service_time': {u'cpu_core': 1}, u'priority': 4, u'deadline': 1000, u'stdev_service_time': {u'cpu_core': 0.01}, u'power': {u'cpu_core': 0}}, u'map': {u'mean_service_time': {u'gpu': 761, u'cpu_core': 973}, u'priority': 10, u'deadline': 1000, u'stdev_service_time': {u'gpu': 7.61, u'cpu_core': 9.73}, u'power': {u'gpu': 3.533, u'cpu_core': 2.995}}, u'path': {u'mean_service_time': {u'cpu_core': 8}, u'priority': 8, u'deadline': 1000, u'stdev_service_time': {u'cpu_core': 0.08}, u'power': {u'cpu_core': 0}}}, u'sched_policy_module': u'policies.ms1_update2', u'drop': True, u'servers': {u'gpu': {u'count': 2}, u'tra_accel': {u'count': 1}, u'cpu_core': {u'count': 8}, u'loc_accel': {u'count': 1}, u'det_accel': {u'count': 1}}, u'max_tasks_simulated': 10000, u'max_queue_size': 1000000, u'mean_arrival_time': 50, u'arrival_time_scale': 3.1}, u'general': {u'random_seed': 0, u'pre_gen_arrivals': False, u'basename': u'policy:ms1_update2__stdev_factor:0.01', u'output_trace_file': None, u'working_dir': u'/home/hiwot/meta-stomp2/sim_16042020_202749_new_arrival_50_map_rheftmapping_50_trace_50', u'input_trace_file': (False, '../mv_mapping_50_trace_50.trc'), u'logging_level': u'INFO'}}
Time	Response time (avg)
698	3.0
1280	3.0
1461	3.7
1581	4.0
1917	4.2
2223	4.0
2531	6.3
2536	6.5
2702	11.0
2707	11.1
2710	12.9
3155	34.8
3158	53.8
3161	50.7
3765	54.4
4161	57.6
4166	54.8
4263	55.5
4270	53.1
4387	51.4
4555	49.4
4562	47.6
4573	105.0
4576	152.1
4583	163.2
4674	157.2
4772	151.5
4887	146.3
4982	141.3
5129	136.8
5214	132.5
5248	128.5
5248	124.7
5283	121.2
5495	117.9
5772	114.7
5949	111.7
5965	108.8
6085	106.2
6298	103.7
6579	101.2
6771	98.9
6919	96.7
7073	94.6
7112	92.6
7133	90.7
7412	88.9
7651	87.1
7758	85.4
7788	83.8
7804	82.2
7943	80.7
8094	79.3
8344	77.9
8477	76.6
8631	75.2
8654	74.0
8711	72.8
9018	71.6
9021	70.5
9320	69.4
9378	68.3
9428	67.3
9491	66.3
9706	65.4
9723	64.5
10657	63.6
10858	62.7
10876	61.9
10934	61.1
11004	60.3
11169	59.5
11225	58.7
11330	58.0
11373	57.3
11625	56.6
11817	55.9
11855	55.3
11926	54.6
12099	54.0
12258	53.4
12281	52.8
12734	52.2
13071	51.6
13465	51.1
13771	50.5
13804	50.0
14022	49.5
14028	49.0
14174	48.5
14407	48.0
14415	47.5
14567	47.0
15051	46.6
15227	46.1
15454	45.7
15458	45.3
15707	44.9
15778	44.5
15946	44.1
15956	43.7
15959	43.3
15969	42.9
16029	42.5
16621	42.2
16758	41.8
16906	41.5
16981	41.2
17081	40.8
17366	40.5
17611	40.2
17898	39.8
18083	39.5
18279	39.2
19233	38.9
19264	38.6
19346	38.3
19376	38.0
19431	37.7
19704	37.5
19783	37.2
19985	36.9
20134	36.7
20138	36.4
20209	36.1
20385	35.9
20414	35.6
20655	35.4
20734	35.2
21130	34.9
21415	34.7
21555	34.4
21750	34.2
21790	34.0
21891	33.8
22007	33.5
22122	33.3
22127	33.1
22423	32.9
22515	32.7
22550	32.5
22730	32.3
22842	32.1
22885	31.9
22969	31.7
22973	31.5
23000	31.4
23560	31.2
23756	31.0
23891	30.8
24326	30.6
24404	30.4
24437	30.3
24639	30.1
24681	29.9
25020	29.8
25051	29.6
25069	29.4
25197	29.3
25355	29.1
25678	29.0
25918	28.8
26197	28.7
26268	28.5
26289	28.4
26579	28.2
26592	28.1
26704	28.0
26871	27.8
26936	27.7
27147	27.5
27169	27.4
27514	27.3
27746	27.2
27913	27.0
28142	26.9
28599	26.8
28796	26.6
28855	26.5
29419	26.4
29459	26.2
29550	26.1
29841	26.0
29884	25.9
29989	25.8
30168	25.7
30242	25.6
30431	25.5
30668	25.3
30864	25.2
31093	25.1
31384	25.0
31524	24.9
31828	24.8
32092	24.7
32189	24.6
32501	24.5
32621	24.4
32721	24.3
33035	24.2
33256	24.1
33382	24.0
33460	23.9
33719	23.8
33793	23.7
34119	23.6
34368	23.5
34425	23.4
34483	23.3
34630	23.2
34924	23.2
34937	23.1
35191	23.0
35272	22.9
35438	22.8
35575	22.7
35864	22.6
36059	22.6
36165	22.5
36265	22.4
36279	22.3
36338	22.2
36389	22.1
36456	22.0
36899	22.0
36949	21.9
37059	21.8
37107	21.7
37740	21.6
37810	21.6
37837	21.5
37871	21.4
38010	21.4
38279	21.3
38291	21.2
38715	21.2
38784	21.1
38906	21.0
39557	20.9
39745	20.9
39875	20.8
40015	20.7
40242	20.7
40366	20.6
40508	20.5
40698	20.5
41229	20.4
41491	20.3
41498	20.3
41508	20.2
41656	20.1
41894	20.1
42033	20.0
42182	19.9
42449	19.9
42644	19.8
43005	19.8
43469	20.0
43476	19.9
43496	19.9
43833	20.1
43844	20.1
43847	20.0
44061	20.0
44200	19.9
44251	19.9
44335	19.8
44423	19.8
44625	19.7
44755	19.6
44846	19.6
44879	19.5
44926	19.5
45178	19.4
45869	19.4
46063	19.3
46181	19.3
46314	19.2
46398	19.1
46541	19.1
46624	19.0
46985	19.0
47061	18.9
47114	18.9
47363	18.8
47570	18.8
47581	18.8
47656	18.7
47905	18.6
48037	18.6
48065	18.5
48219	18.5
48407	18.5
48474	18.4
48619	18.4
48698	18.3
48949	18.3
48989	18.2
49135	18.2
49170	18.1
49225	18.1
49413	18.0
49504	18.0
49740	17.9
49799	17.9
49801	17.8
50041	17.8
50120	17.8
50267	17.7
50532	17.7
50589	17.6
50618	17.6
50721	17.5
50970	17.5
50986	17.5
50994	17.4
51072	17.4
51452	17.3
51672	17.3
51710	17.2
51922	17.2
51984	17.2
52072	17.1
52305	17.1
52459	17.1
52694	17.0
52759	17.0
52778	16.9
53058	16.9
53185	16.9
53205	16.8
53466	16.8
53889	16.9
53894	16.9
53899	17.0
54146	16.9
54339	16.9
54354	16.9
54391	16.8
54910	16.8
55065	16.8
55174	16.7
55253	16.7
55310	16.6
55453	16.6
55482	16.6
55800	16.6
56126	16.5
56350	16.5
56544	16.4
56654	16.4
57056	16.4
57167	16.3
57192	16.3
57383	16.3
57436	16.2
57796	16.2
57995	16.2
58143	16.2
58267	16.1
58378	16.1
58381	16.1
58790	16.0
58940	16.0
59064	16.0
59065	15.9
59182	15.9
59312	15.9
59390	15.8
59539	15.8
59965	15.8
60205	15.7
60209	15.7
60971	15.7
61005	15.6
61057	15.6
61160	15.6
61582	15.5
61592	15.5
62018	15.5
62075	15.6
62998	16.6
63073	16.6
63498	16.6
63505	16.6
63767	16.7
63963	16.7
63970	16.7
64234	17.1
64241	17.1
64292	23.6
64295	23.5
64297	29.3
64302	34.7
64305	39.6
64309	44.1
64310	48.4
64314	52.5
64317	55.7
64317	58.3
64320	59.0
64322	60.8
64323	61.3
64329	61.3
64330	61.2
64560	61.3
65199	61.5
65274	62.7
65468	62.6
65484	63.4
65491	63.9
65499	63.8
65504	63.7
65653	63.5
65665	63.4
65701	63.2
65745	63.1
65774	63.0
65970	62.8
66276	62.7
66315	62.6
66388	62.4
66434	62.3
66447	62.1
66818	62.0
66893	61.9
67310	61.7
67326	61.6
67336	61.4
67394	61.3
67676	61.2
67735	61.0
67745	60.9
67752	60.8
67777	60.7
67826	60.5
67906	60.4
68101	60.3
68246	60.1
69069	60.0
69135	59.9
69190	59.8
69475	59.6
69542	59.5
69660	59.4
70015	59.3
70234	59.1
70395	59.0
70675	58.9
71133	58.8
71402	58.7
71431	58.5
71572	58.4
71883	58.3
71887	58.2
72067	58.1
73179	58.0
73408	57.8
73564	57.7
73630	57.6
73910	57.5
74515	57.4
74803	57.3
74813	57.1
74952	57.0
75078	56.9
75126	56.8
75313	56.7
75314	56.6
75370	56.5
75555	56.4
75994	56.3
76049	56.1
76423	56.0
76795	55.9
77101	55.8
77219	55.7
77292	55.6
77394	55.5
77702	55.4
77852	55.3
77894	55.2
78251	55.1
78397	55.0
78538	54.9
78828	54.8
78898	54.6
79053	54.5
79072	54.4
79233	54.3
79326	54.2
79447	54.1
79774	54.0
79903	53.9
80065	53.8
80186	53.7
80278	53.6
80439	53.5
80663	53.4
80854	53.3
80876	53.2
81053	53.1
81135	53.0
81248	53.0
81445	52.9
81508	52.8
81591	52.7
82300	52.6
82433	52.5
82528	52.4
82564	52.3
83306	52.2
83652	52.1
83688	52.0
83908	51.9
83933	51.8
84429	51.7
84466	51.6
84550	51.5
84603	51.5
84779	51.4
84794	51.3
84943	51.2
85290	51.1
85323	51.0
85387	50.9
85404	50.8
85554	50.7
85566	50.7
85598	50.6
86235	50.5
86355	50.4
86363	50.3
86620	50.2
86941	50.1
87036	50.0
87223	50.0
87358	49.9
87492	49.8
87671	49.7
87892	49.6
88113	49.5
88151	49.5
88260	49.4
88332	49.3
88866	49.2
88938	49.1
89034	49.0
89243	49.0
89258	48.9
89283	48.8
89340	48.7
89349	48.6
89408	48.6
89808	48.5
89851	48.4
89889	48.3
90120	48.2
90319	48.2
90415	48.1
90608	48.0
90727	47.9
90750	47.8
90763	47.8
90842	47.7
90914	47.6
91038	47.5
91112	47.5
91339	47.4
91366	47.3
91498	47.2
91969	47.2
92272	47.1
92315	47.0
93710	46.9
93726	46.9
93848	46.8
94092	46.7
94151	46.6
94240	46.6
94255	46.5
94349	46.4
94379	46.3
94429	46.3
94852	46.2
94913	46.1
95106	46.1
95229	46.0
95458	45.9
95824	45.8
95834	45.8
95877	45.7
96472	45.6
96687	45.6
96928	45.5
96987	45.4
97025	45.4
97515	45.3
97737	45.2
97839	45.1
97840	45.1
98207	45.0
98376	44.9
98438	44.9
98689	44.8
98830	44.7
98851	44.7
98877	44.6
98963	44.5
99858	44.9
100093	45.4
100223	45.3
100232	45.3
100263	45.2
100360	45.1
100381	45.1
100462	45.0
100524	44.9
100595	44.9
100610	44.8
101180	44.8
101768	44.7
102176	44.6
102471	44.6
102523	44.5
102719	44.4
102773	44.4
102857	44.3
102927	44.2
103113	44.2
103121	44.1
103593	44.1
104669	44.0
105019	43.9
105112	43.9
105251	43.8
105264	43.7
105539	43.7
105816	43.6
105889	43.6
105905	43.5
105940	43.4
106065	43.4
106316	43.3
106556	43.3
106891	43.2
107014	43.1
107251	43.1
107284	43.0
107382	43.0
107419	42.9
107649	42.8
108808	43.5
108809	43.5
108814	44.2
108818	44.6
108819	44.5
108824	44.5
108825	44.8
108860	44.7
109130	44.6
109306	44.6
109308	44.5
109439	44.5
109480	44.4
109528	44.3
109616	44.3
110012	44.2
110050	44.2
110079	44.1
110179	44.0
110382	44.0
110485	43.9
110612	43.9
110972	44.0
110977	43.9
111233	44.0
111805	44.0
112204	44.1
112307	44.1
112314	44.0
112454	46.0
112474	48.1
112481	48.0
112488	49.8
112496	50.2
112499	50.5
112506	50.8
112575	50.7
112706	50.6
112735	50.6
112770	50.5
112932	50.4
112956	50.4
113032	50.3
113249	50.2
113504	50.2
113541	50.1
113724	50.0
113883	50.0
113969	49.9
113983	49.8
114001	49.8
114151	49.7
114261	49.6
114284	49.6
114916	49.5
115142	49.4
115362	49.4
115745	49.3
116201	49.3
116553	49.2
116566	49.1
116577	49.1
116808	49.0
116953	48.9
116960	48.9
116973	48.8
117445	48.8
117647	48.7
117692	48.6
117916	48.6
117930	48.5
118061	48.5
118101	48.4
118403	48.3
118600	48.3
118702	48.2
118721	48.2
119037	48.1
119508	48.0
119549	48.0
120005	47.9
120172	47.9
120500	47.8
120544	47.7
120801	47.7
121045	47.6
121060	47.6
121138	47.5
121182	47.4
121436	47.4
121451	47.3
121667	47.3
121835	47.2
122190	47.2
122218	47.1
122241	47.0
122547	47.0
122577	46.9
122841	46.9
122884	46.8
122914	46.8
123136	46.7
123143	46.7
123197	46.6
123332	46.6
123414	46.5
123596	46.5
123717	46.4
124064	46.4
124194	46.3
124229	46.2
124699	46.3
124706	46.3
124715	46.7
124718	47.0
124723	47.1
124730	47.0
125036	46.9
125048	46.9
125083	46.8
125290	46.8
125471	46.7
125578	46.7
125628	46.6
125798	46.6
125854	46.5
125889	46.5
126025	46.4
126714	46.4
126768	46.3
126807	46.3
126865	46.2
127074	46.1
127387	46.1
127411	46.0
127491	46.0
128061	45.9
128066	45.9
128170	45.8
128235	45.8
128353	45.7
128362	45.7
128418	45.6
128566	45.6
128625	45.5
129090	45.5
129095	45.4
129100	45.4
129453	45.3
129763	45.2
129773	45.2
129808	45.1
130113	45.1
130126	45.0
130264	45.0
130315	44.9
130431	44.9
130543	44.8
130805	44.8
130935	44.7
130969	44.7
131154	44.6
131372	44.6
131468	44.5
131492	44.5
131632	44.4
131710	44.4
131825	44.3
131859	44.3
131971	44.2
132051	44.2
132110	44.1
132191	44.1
132304	44.0
132880	44.3
132887	44.2
132929	44.2
132943	44.1
133061	44.1
133247	44.0
133295	44.0
133338	43.9
133356	43.9
133464	43.8
133486	43.8
133528	43.7
133683	43.7
133720	43.6
134597	43.6
134675	43.5
134786	43.5
135158	43.5
135165	43.5
135240	43.4
135265	43.4
135595	43.3
135622	43.3
136033	43.2
136062	43.2
136082	43.1
136161	43.1
136282	43.1
136397	43.0
136686	43.0
136743	42.9
137031	42.9
137085	42.8
137109	42.8
137142	42.7
137302	42.7
137367	42.6
137473	42.6
137495	42.6
138254	42.5
138428	42.5
138435	42.5
138472	42.5
138559	42.4
138616	42.4
138906	42.3
138964	42.3
138976	42.2
139070	42.2
139106	42.2
139205	42.1
139289	42.1
139351	42.0
139466	42.0
139509	41.9
139989	41.9
140016	41.9
140024	41.8
140026	41.8
140210	41.7
140211	41.7
140234	41.6
140654	41.6
140703	41.6
140728	41.5
140737	41.5
140745	41.4
140994	41.4
141162	41.3
141696	41.3
141714	41.3
141724	41.2
141763	41.2
142145	41.1
142629	41.1
142749	41.1
143142	41.0
143161	41.0
143278	40.9
143598	40.9
143700	40.9
144052	40.8
144145	40.8
144178	40.7
144273	40.7
144432	40.7
144491	40.6
144659	40.6
144674	40.5
144902	40.5
145124	40.5
145288	40.4
145370	40.4
145580	40.3
145719	40.3
146192	40.3
146378	40.2
146469	40.2
146502	40.1
146581	40.1
146631	40.1
146856	40.0
146968	40.0
147223	39.9
147272	39.9
147567	39.9
147569	39.8
147652	39.8
147819	39.8
147999	39.7
148079	39.7
148533	39.6
148770	39.6
148810	39.6
148968	39.5
149119	39.5
149748	39.5
149855	39.5
150141	39.8
150389	40.2
150394	40.2
150641	40.7
150652	40.9
150657	40.9
150664	40.9
150672	40.8
151196	40.9
151199	40.9
151210	41.1
151343	41.0
151350	41.4
151386	41.4
151571	41.3
151615	41.3
151623	41.2
151665	41.2
151712	41.2
151857	41.1
152027	41.1
152139	41.0
152172	41.0
152574	41.0
152581	40.9
152834	40.9
153402	40.9
153410	40.8
153525	40.8
153735	40.8
153807	40.7
153819	40.7
154218	40.6
154242	40.6
154448	40.6
154548	40.5
154644	40.5
155008	40.5
155073	40.4
155208	40.4
155809	40.3
155845	40.3
155969	40.3
156132	40.2
156171	40.2
156444	40.2
156600	40.1
156913	40.1
156923	40.1
157057	40.0
157103	40.0
157404	39.9
157890	39.9
158145	39.9
158237	39.8
158346	39.8
