2020-04-16 20:41:38

CONFIGURATION:
{u'simulation': {u'stdev_factor': 0.01, u'power_mgmt_enabled': False, u'tasks': {u'loc': {u'mean_service_time': {u'gpu': 90, u'cpu_core': 200, u'loc_accel': 10}, u'priority': 1, u'deadline': 1000, u'stdev_service_time': {u'gpu': 0.9, u'cpu_core': 2.0, u'loc_accel': 0.1}, u'power': {u'gpu': 4.457, u'cpu_core': 6.133, u'loc_accel': 0.02197}}, u'detect': {u'mean_service_time': {u'gpu': 0.4607, u'cpu_core': 3.654, u'det_accel': 0.278}, u'priority': 2, u'deadline': 1000, u'stdev_service_time': {u'gpu': 0.004607, u'cpu_core': 0.03654, u'det_accel': 0.0027800000000000004}, u'power': {u'gpu': 90, u'cpu_core': 200, u'det_accel': 10}}, u'Frontier': {u'mean_service_time': {u'cpu_core': 396}, u'priority': 9, u'deadline': 1000, u'stdev_service_time': {u'cpu_core': 3.96}, u'power': {u'cpu_core': 5.98}}, u'track': {u'mean_service_time': {u'gpu': 17, u'tra_accel': 2, u'cpu_core': 1820}, u'priority': 3, u'deadline': 1000, u'stdev_service_time': {u'gpu': 0.17, u'tra_accel': 0.02, u'cpu_core': 18.2}, u'power': {u'gpu': 12.79, u'tra_accel': 0.59, u'cpu_core': 5.6}}, u'sp': {u'mean_service_time': {u'gpu': 379, u'cpu_core': 1004}, u'priority': 11, u'deadline': 1000, u'stdev_service_time': {u'gpu': 3.79, u'cpu_core': 10.040000000000001}, u'power': {u'gpu': 3.302, u'cpu_core': 1004}}, u'mission': {u'mean_service_time': {u'cpu_core': 0.0022}, u'priority': 5, u'deadline': 1000, u'stdev_service_time': {u'cpu_core': 2.2000000000000003e-05}, u'power': {u'cpu_core': 3.534}}, u'motion': {u'mean_service_time': {u'cpu_core': 8}, u'priority': 6, u'deadline': 1000, u'stdev_service_time': {u'cpu_core': 0.08}, u'power': {u'cpu_core': 4.222}}, u'collision': {u'mean_service_time': {u'cpu_core': 8}, u'priority': 7, u'deadline': 1000, u'stdev_service_time': {u'cpu_core': 0.08}, u'power': {u'cpu_core': 0}}, u'fusion': {u'mean_service_time': {u'cpu_core': 1}, u'priority': 4, u'deadline': 1000, u'stdev_service_time': {u'cpu_core': 0.01}, u'power': {u'cpu_core': 0}}, u'map': {u'mean_service_time': {u'gpu': 761, u'cpu_core': 973}, u'priority': 10, u'deadline': 1000, u'stdev_service_time': {u'gpu': 7.61, u'cpu_core': 9.73}, u'power': {u'gpu': 3.533, u'cpu_core': 2.995}}, u'path': {u'mean_service_time': {u'cpu_core': 8}, u'priority': 8, u'deadline': 1000, u'stdev_service_time': {u'cpu_core': 0.08}, u'power': {u'cpu_core': 0}}}, u'sched_policy_module': u'policies.ms2_update2', u'drop': True, u'servers': {u'gpu': {u'count': 2}, u'tra_accel': {u'count': 1}, u'cpu_core': {u'count': 8}, u'loc_accel': {u'count': 1}, u'det_accel': {u'count': 1}}, u'max_tasks_simulated': 10000, u'max_queue_size': 1000000, u'mean_arrival_time': 50, u'arrival_time_scale': 3.1}, u'general': {u'random_seed': 0, u'pre_gen_arrivals': False, u'basename': u'policy:ms2_update2__stdev_factor:0.01', u'output_trace_file': None, u'working_dir': u'/home/hiwot/meta-stomp2/sim_16042020_202749_new_arrival_50_map_rheftmapping_50_trace_50', u'input_trace_file': (False, '../mv_mapping_50_trace_50.trc'), u'logging_level': u'INFO'}}
Time	Response time (avg)
699	1.0
1281	1.0
1462	1.0
1582	1.0
1918	1.0
2224	1.0
2539	2.0
2542	2.5
2706	3.1
2709	3.4
2717	3.2
3157	3.2
3168	3.8
3171	3.9
3554	4.9
3681	5.2
3684	5.3
4187	12.2
4190	11.9
4266	11.8
4369	16.3
4383	15.9
4384	15.3
4386	14.9
4550	14.4
4558	13.8
4693	13.4
4983	12.9
5130	12.5
5215	12.1
5249	11.8
5252	11.4
5280	11.1
5286	10.9
5486	10.6
5619	10.3
5950	10.1
5966	9.8
6002	9.6
6299	9.4
6580	9.2
6772	9.0
6920	8.8
7074	8.6
7111	8.5
7132	8.3
7413	8.1
7652	8.0
7759	7.9
7789	7.7
7805	7.6
7944	7.5
8095	7.3
8345	7.2
8478	7.1
8632	7.0
8655	6.9
8712	6.8
9021	6.7
9022	6.6
9321	6.5
9379	6.5
9429	6.4
9492	6.3
9707	6.2
9724	6.1
10658	6.0
10859	6.0
10877	5.9
10935	5.8
11005	5.8
11170	5.7
11226	5.6
11331	5.6
11374	5.5
11626	5.4
11818	5.4
11856	5.3
11927	5.3
12100	5.2
12259	5.2
12282	5.1
12735	5.1
13072	5.0
13466	5.0
13772	4.9
13805	4.9
14023	4.8
14029	4.8
14175	4.8
14408	4.7
14416	4.7
14568	4.6
15052	4.6
15228	4.6
15455	4.5
15461	4.5
15708	4.5
15779	4.4
15947	4.4
15959	4.4
15960	4.4
15970	4.3
16030	4.3
16622	4.3
16760	4.2
16907	4.2
16981	4.2
17082	4.1
17367	4.1
17612	4.1
17899	4.1
18084	4.0
18280	4.0
19234	4.0
19265	3.9
19347	3.9
19377	3.9
19432	3.9
19705	3.9
19784	3.8
19986	3.8
20135	3.8
20139	3.8
20210	3.7
20386	3.7
20415	3.7
20656	3.7
20735	3.7
21131	3.6
21416	3.6
21556	3.6
21751	3.6
21791	3.6
21892	3.5
22008	3.5
22123	3.5
22128	3.5
22424	3.5
22516	3.4
22551	3.4
22731	3.4
22843	3.4
22886	3.4
22970	3.4
22976	3.4
23001	3.3
23561	3.3
23757	3.3
23892	3.3
24327	3.3
24405	3.3
24438	3.2
24640	3.2
24682	3.2
25021	3.2
25052	3.2
25070	3.2
25198	3.2
25356	3.1
25679	3.1
25919	3.1
26198	3.1
26269	3.1
26290	3.1
26580	3.1
26593	3.1
26705	3.0
26872	3.0
26937	3.0
27148	3.0
27170	3.0
27515	3.0
27747	3.0
27914	3.0
28143	3.0
28600	2.9
28797	2.9
28856	2.9
29420	2.9
29460	2.9
29551	2.9
29842	2.9
29885	2.9
29990	2.9
30169	2.8
30243	2.8
30432	2.8
30669	2.8
30865	2.8
31094	2.8
31385	2.8
31525	2.8
31829	2.8
32093	2.8
32190	2.8
32502	2.7
32622	2.7
32722	2.7
33036	2.7
33257	2.7
33383	2.7
33461	2.7
33720	2.7
33794	2.7
34120	2.7
34369	2.7
34426	2.7
34484	2.6
34631	2.6
34925	2.6
34938	2.6
35192	2.6
35273	2.6
35439	2.6
35576	2.6
35865	2.6
36060	2.6
36166	2.6
36266	2.6
36280	2.6
36339	2.5
36390	2.5
36457	2.5
36900	2.5
36950	2.5
37060	2.5
37108	2.5
37741	2.5
37811	2.5
37838	2.5
37872	2.5
38011	2.5
38280	2.5
38292	2.5
38716	2.5
38785	2.5
38907	2.4
39558	2.4
39746	2.4
39876	2.4
40016	2.4
40243	2.4
40367	2.4
40509	2.4
40699	2.4
41230	2.4
41492	2.4
41499	2.4
41509	2.4
41657	2.4
41895	2.4
42034	2.4
42183	2.4
42450	2.3
42645	2.3
43006	2.3
43479	2.4
43482	2.4
43497	2.4
43839	2.4
43850	2.4
43853	2.4
44062	2.4
44201	2.4
44252	2.4
44336	2.4
44424	2.4
44626	2.4
44756	2.4
44847	2.4
44880	2.4
44927	2.4
45179	2.4
45870	2.4
46064	2.4
46182	2.4
46315	2.3
46399	2.3
46542	2.3
46625	2.3
46986	2.3
47062	2.3
47115	2.3
47364	2.3
47571	2.3
47582	2.3
47657	2.3
47906	2.3
48038	2.3
48066	2.3
48220	2.3
48408	2.3
48475	2.3
48620	2.3
48699	2.3
48950	2.3
48990	2.3
49136	2.3
49171	2.2
49226	2.2
49414	2.2
49505	2.2
49741	2.2
49800	2.2
49802	2.2
50042	2.2
50121	2.2
50268	2.2
50533	2.2
50590	2.2
50619	2.2
50722	2.2
50971	2.2
50987	2.2
50995	2.2
51073	2.2
51453	2.2
51673	2.2
51711	2.2
51923	2.2
51985	2.2
52073	2.2
52306	2.2
52460	2.2
52695	2.2
52760	2.1
52779	2.1
53059	2.1
53186	2.1
53206	2.1
53467	2.1
53895	2.1
53898	2.2
53906	2.2
54147	2.2
54340	2.1
54355	2.1
54392	2.1
54911	2.1
55056	2.1
55175	2.1
55254	2.1
55311	2.1
55483	2.1
55563	2.1
55801	2.1
56127	2.1
56351	2.1
56545	2.1
56655	2.1
57057	2.1
57168	2.1
57193	2.1
57384	2.1
57437	2.1
57797	2.1
57996	2.1
58144	2.1
58268	2.1
58379	2.1
58384	2.1
58791	2.1
58941	2.1
59065	2.1
59066	2.1
59183	2.1
59313	2.1
59391	2.1
59540	2.1
59966	2.0
60206	2.0
60210	2.0
60972	2.0
61006	2.0
61058	2.0
61161	2.0
61583	2.0
61593	2.0
62012	2.0
62015	2.1
62126	2.2
62355	2.2
62358	2.2
63066	3.5
63076	4.7
63079	4.7
63089	4.8
63092	4.8
63109	4.8
63112	4.8
63239	4.8
63242	4.8
63592	4.8
63595	4.8
63730	5.1
63741	5.1
63864	5.4
64078	5.4
64081	5.4
64087	5.9
64090	5.9
64258	6.3
64331	6.5
64829	6.5
64979	6.5
64982	6.5
65319	7.0
65322	7.0
65327	7.0
65335	7.0
65438	7.0
65484	7.0
65593	6.9
65678	6.9
65746	6.9
65824	6.9
65827	6.9
65883	6.9
66175	6.9
66204	6.8
66316	6.8
66389	6.8
66435	6.8
66821	6.8
66894	6.8
67311	6.8
67327	6.7
67337	6.7
67395	6.7
67677	6.7
67736	6.7
67746	6.7
67753	6.7
67778	6.7
67827	6.6
67907	6.6
68102	6.6
68247	6.6
69070	6.6
69136	6.6
69191	6.6
69476	6.6
69543	6.5
69661	6.5
70016	6.5
70235	6.5
70396	6.5
70676	6.5
71134	6.5
71403	6.5
71432	6.4
71573	6.4
71884	6.4
71890	6.4
72068	6.4
73180	6.4
73409	6.4
73565	6.4
73631	6.4
73911	6.3
74516	6.3
74804	6.3
74816	6.3
74953	6.3
75079	6.3
75127	6.3
75314	6.3
75317	6.3
75371	6.2
75556	6.2
75995	6.2
76050	6.2
76424	6.2
76796	6.2
77102	6.2
77220	6.2
77293	6.2
77395	6.1
77703	6.1
77853	6.1
77895	6.1
78252	6.1
78398	6.1
78539	6.1
78829	6.1
78899	6.1
79054	6.1
79073	6.0
79234	6.0
79327	6.0
79448	6.0
79775	6.0
79904	6.0
80066	6.0
80187	6.0
80279	6.0
80440	6.0
80664	5.9
80855	5.9
80877	5.9
81054	5.9
81136	5.9
81249	5.9
81446	5.9
81509	5.9
81592	5.9
82301	5.9
82434	5.8
82529	5.8
82565	5.8
83307	5.8
83653	5.8
83689	5.8
83909	5.8
83934	5.8
84430	5.8
84467	5.8
84551	5.8
84604	5.7
84795	5.7
84829	5.7
84944	5.7
85275	5.7
85291	5.7
85388	5.7
85405	5.7
85555	5.7
85567	5.7
85599	5.7
86236	5.6
86356	5.6
86364	5.6
86621	5.6
86942	5.6
87037	5.6
87224	5.6
87359	5.6
87493	5.6
87672	5.6
87893	5.6
88114	5.5
88152	5.5
88261	5.5
88333	5.5
88867	5.5
88939	5.5
89035	5.5
89244	5.5
89259	5.5
89284	5.5
89341	5.5
89350	5.5
89409	5.5
89809	5.4
89852	5.4
89890	5.4
90123	5.4
90320	5.4
90416	5.4
90609	5.4
90728	5.4
90751	5.4
90764	5.4
90843	5.4
90915	5.4
91039	5.4
91113	5.3
91340	5.3
91367	5.3
91499	5.3
91970	5.3
92273	5.3
92316	5.3
93711	5.3
93727	5.3
93849	5.3
94093	5.3
94152	5.3
94241	5.3
94256	5.2
94350	5.2
94380	5.2
94430	5.2
94853	5.2
94914	5.2
95107	5.2
95230	5.2
95459	5.2
95825	5.2
95835	5.2
95878	5.2
96473	5.2
96688	5.2
96929	5.1
96988	5.1
97026	5.1
97516	5.1
97738	5.1
97840	5.1
97841	5.1
98208	5.1
98377	5.1
98439	5.1
98690	5.1
98831	5.1
98852	5.1
98878	5.1
98964	5.1
99866	5.1
99869	5.1
100216	5.1
100233	5.0
100264	5.0
100372	5.0
100382	5.0
100463	5.0
100492	5.0
100525	5.0
100611	5.0
101181	5.0
101769	5.0
102177	5.0
102472	5.0
102524	5.0
102720	5.0
102774	5.0
102858	4.9
102928	4.9
103114	4.9
103122	4.9
103594	4.9
104670	4.9
105020	4.9
105113	4.9
105252	4.9
105265	4.9
105540	4.9
105817	4.9
105890	4.9
105906	4.9
105941	4.9
106066	4.9
106317	4.9
106557	4.8
106892	4.8
107015	4.8
107252	4.8
107285	4.8
107383	4.8
107420	4.8
107650	4.8
108641	4.8
108644	4.8
108659	4.8
108662	4.8
108670	4.8
108768	4.8
108809	4.8
108861	4.8
109204	4.8
109307	4.8
109313	4.8
109440	4.8
109481	4.8
109529	4.8
109617	4.8
110013	4.8
110051	4.7
110080	4.7
110180	4.7
110383	4.7
110486	4.7
110613	4.7
110980	4.7
110983	4.7
111239	4.7
111242	4.7
111793	4.7
111803	4.7
112278	4.9
112281	4.9
112310	4.9
112313	4.9
112316	5.6
112461	5.8
112476	5.8
112479	5.8
112575	5.8
112707	5.8
112782	5.8
112824	5.8
112933	5.8
113033	5.8
113195	5.7
113231	5.7
113250	5.7
113505	5.7
113725	5.7
113884	5.7
113970	5.7
113984	5.7
114022	5.7
114152	5.7
114262	5.7
114285	5.7
114917	5.7
115044	5.7
115363	5.7
115746	5.6
116202	5.6
116554	5.6
116567	5.6
116578	5.6
116809	5.6
116954	5.6
116961	5.6
116974	5.6
117446	5.6
117648	5.6
117693	5.6
117919	5.6
117931	5.6
118062	5.6
118102	5.6
118404	5.5
118601	5.5
118703	5.5
118722	5.5
119038	5.5
119509	5.5
119550	5.5
120006	5.5
120173	5.5
120501	5.5
120545	5.5
120802	5.5
121046	5.5
121061	5.5
121139	5.5
121183	5.5
121437	5.4
121452	5.4
121668	5.4
121836	5.4
122191	5.4
122219	5.4
122242	5.4
122548	5.4
122578	5.4
122842	5.4
122885	5.4
122915	5.4
123146	5.4
123149	5.4
123198	5.4
123333	5.4
123415	5.4
123597	5.4
123718	5.4
124065	5.4
124195	5.3
124230	5.3
124592	5.3
124595	5.3
124695	5.5
124710	5.5
124713	5.5
124726	5.5
125037	5.5
125049	5.4
125103	5.4
125291	5.4
125360	5.4
125472	5.4
125629	5.4
125799	5.4
125888	5.4
126026	5.4
126076	5.4
126715	5.4
126769	5.4
126808	5.4
126866	5.4
127075	5.4
127388	5.4
127412	5.4
127492	5.3
128064	5.3
128067	5.3
128171	5.3
128236	5.3
128354	5.3
128363	5.3
128419	5.3
128567	5.3
128626	5.3
129093	5.3
129096	5.3
129101	5.3
129454	5.3
129764	5.3
129774	5.3
129809	5.3
130114	5.3
130127	5.3
130265	5.3
130316	5.2
130432	5.2
130544	5.2
130806	5.2
130936	5.2
130970	5.2
131155	5.2
131216	5.2
131469	5.2
131493	5.2
131633	5.2
131826	5.2
131860	5.2
131868	5.2
131974	5.2
132052	5.2
132111	5.2
132192	5.2
132404	5.2
132890	5.2
132893	5.2
132930	5.2
132944	5.2
133060	5.1
133248	5.1
133296	5.1
133339	5.1
133357	5.1
133463	5.1
133487	5.1
133531	5.1
133684	5.1
133721	5.1
134598	5.1
134775	5.1
134787	5.1
135168	5.1
135171	5.1
135241	5.1
135264	5.1
135596	5.1
135623	5.1
136034	5.1
136063	5.1
136083	5.1
136162	5.1
136283	5.1
136398	5.0
136687	5.0
136742	5.0
137032	5.0
137086	5.0
137110	5.0
137143	5.0
137303	5.0
137368	5.0
137474	5.0
137496	5.0
138255	5.0
138438	5.0
138441	5.0
138473	5.0
138560	5.0
138617	5.0
138907	5.0
138965	5.0
138977	5.0
139071	5.0
139107	5.0
139206	5.0
139290	5.0
139352	5.0
139467	4.9
139510	4.9
139990	4.9
140017	4.9
140025	4.9
140029	4.9
140211	4.9
140212	4.9
140235	4.9
140655	4.9
140704	4.9
140729	4.9
140738	4.9
140746	4.9
140995	4.9
141163	4.9
141697	4.9
141715	4.9
141725	4.9
141764	4.9
142146	4.9
142630	4.9
142750	4.9
143143	4.8
143162	4.8
143279	4.8
143599	4.8
143701	4.8
144053	4.8
144146	4.8
144179	4.8
144274	4.8
144433	4.8
144492	4.8
144660	4.8
144675	4.8
144903	4.8
145125	4.8
145289	4.8
145371	4.8
145581	4.8
145720	4.8
146193	4.8
146379	4.8
146470	4.8
146503	4.8
146582	4.8
146632	4.7
146857	4.7
146969	4.7
147224	4.7
147273	4.7
147568	4.7
147572	4.7
147653	4.7
147820	4.7
148000	4.7
148080	4.7
148534	4.7
148771	4.7
148811	4.7
148969	4.7
149120	4.7
149848	4.8
149977	4.9
149994	4.9
149997	4.9
150385	5.2
150456	5.2
150637	5.4
150652	5.4
150655	5.4
150673	5.4
150979	5.4
150982	5.4
151222	5.4
151225	5.4
151619	5.4
151622	5.4
151635	5.4
151638	5.4
151666	5.4
151728	5.4
151838	5.4
151858	5.4
152028	5.4
152140	5.4
152178	5.4
152423	5.4
152600	5.4
152689	5.4
153138	5.4
153411	5.4
153594	5.4
153736	5.4
153808	5.4
153869	5.4
154121	5.4
154243	5.4
154449	5.3
154549	5.3
154645	5.3
155009	5.3
155074	5.3
155209	5.3
155810	5.3
155846	5.3
155970	5.3
156133	5.3
156172	5.3
156445	5.3
156601	5.3
156914	5.3
156924	5.3
157058	5.3
157104	5.3
157405	5.3
157891	5.3
158146	5.3
158238	5.3
158347	5.3
