2020-04-16 20:41:12

CONFIGURATION:
{u'simulation': {u'stdev_factor': 0.01, u'power_mgmt_enabled': False, u'tasks': {u'loc': {u'mean_service_time': {u'gpu': 90, u'cpu_core': 200, u'loc_accel': 10}, u'priority': 1, u'deadline': 1000, u'stdev_service_time': {u'gpu': 0.9, u'cpu_core': 2.0, u'loc_accel': 0.1}, u'power': {u'gpu': 4.457, u'cpu_core': 6.133, u'loc_accel': 0.02197}}, u'detect': {u'mean_service_time': {u'gpu': 0.4607, u'cpu_core': 3.654, u'det_accel': 0.278}, u'priority': 2, u'deadline': 1000, u'stdev_service_time': {u'gpu': 0.004607, u'cpu_core': 0.03654, u'det_accel': 0.0027800000000000004}, u'power': {u'gpu': 90, u'cpu_core': 200, u'det_accel': 10}}, u'Frontier': {u'mean_service_time': {u'cpu_core': 396}, u'priority': 9, u'deadline': 1000, u'stdev_service_time': {u'cpu_core': 3.96}, u'power': {u'cpu_core': 5.98}}, u'track': {u'mean_service_time': {u'gpu': 17, u'tra_accel': 2, u'cpu_core': 1820}, u'priority': 3, u'deadline': 1000, u'stdev_service_time': {u'gpu': 0.17, u'tra_accel': 0.02, u'cpu_core': 18.2}, u'power': {u'gpu': 12.79, u'tra_accel': 0.59, u'cpu_core': 5.6}}, u'sp': {u'mean_service_time': {u'gpu': 379, u'cpu_core': 1004}, u'priority': 11, u'deadline': 1000, u'stdev_service_time': {u'gpu': 3.79, u'cpu_core': 10.040000000000001}, u'power': {u'gpu': 3.302, u'cpu_core': 1004}}, u'mission': {u'mean_service_time': {u'cpu_core': 0.0022}, u'priority': 5, u'deadline': 1000, u'stdev_service_time': {u'cpu_core': 2.2000000000000003e-05}, u'power': {u'cpu_core': 3.534}}, u'motion': {u'mean_service_time': {u'cpu_core': 8}, u'priority': 6, u'deadline': 1000, u'stdev_service_time': {u'cpu_core': 0.08}, u'power': {u'cpu_core': 4.222}}, u'collision': {u'mean_service_time': {u'cpu_core': 8}, u'priority': 7, u'deadline': 1000, u'stdev_service_time': {u'cpu_core': 0.08}, u'power': {u'cpu_core': 0}}, u'fusion': {u'mean_service_time': {u'cpu_core': 1}, u'priority': 4, u'deadline': 1000, u'stdev_service_time': {u'cpu_core': 0.01}, u'power': {u'cpu_core': 0}}, u'map': {u'mean_service_time': {u'gpu': 761, u'cpu_core': 973}, u'priority': 10, u'deadline': 1000, u'stdev_service_time': {u'gpu': 7.61, u'cpu_core': 9.73}, u'power': {u'gpu': 3.533, u'cpu_core': 2.995}}, u'path': {u'mean_service_time': {u'cpu_core': 8}, u'priority': 8, u'deadline': 1000, u'stdev_service_time': {u'cpu_core': 0.08}, u'power': {u'cpu_core': 0}}}, u'sched_policy_module': u'policies.ms1_update2', u'drop': True, u'servers': {u'gpu': {u'count': 2}, u'tra_accel': {u'count': 1}, u'cpu_core': {u'count': 8}, u'loc_accel': {u'count': 1}, u'det_accel': {u'count': 1}}, u'max_tasks_simulated': 10000, u'max_queue_size': 1000000, u'mean_arrival_time': 50, u'arrival_time_scale': 3.1}, u'general': {u'random_seed': 0, u'pre_gen_arrivals': False, u'basename': u'policy:ms1_update2__stdev_factor:0.01', u'output_trace_file': None, u'working_dir': u'/home/hiwot/meta-stomp2/sim_16042020_202749_new_arrival_50_map_rheftmapping_50_trace_50', u'input_trace_file': (False, '../mv_mapping_50_trace_50.trc'), u'logging_level': u'INFO'}}
Time	Response time (avg)
699	1.0
1281	1.0
1462	1.0
1582	1.0
1918	1.0
2224	1.0
2539	2.0
2542	2.5
2713	2.9
2716	4.0
2719	4.5
3161	4.6
3164	4.7
3164	4.6
3874	11.5
4169	11.3
4172	11.0
4273	10.9
4276	10.7
4548	18.2
4565	17.8
4568	17.3
4586	17.1
4589	16.6
4675	16.0
4773	15.4
4888	14.9
4983	14.4
5130	13.9
5215	13.5
5249	13.1
5249	12.7
5284	12.4
5496	12.0
5773	11.7
5950	11.4
5966	11.1
6086	10.9
6299	10.6
6580	10.4
6772	10.1
6920	9.9
7074	9.7
7113	9.5
7134	9.3
7413	9.2
7652	9.0
7759	8.8
7789	8.7
7805	8.5
7944	8.4
8095	8.2
8345	8.1
8478	7.9
8632	7.8
8655	7.7
8712	7.6
9021	7.5
9022	7.4
9321	7.3
9379	7.2
9429	7.1
9492	7.0
9707	6.9
9724	6.8
10658	6.7
10859	6.6
10877	6.5
10935	6.5
11005	6.4
11170	6.3
11226	6.2
11331	6.2
11374	6.1
11626	6.0
11818	6.0
11856	5.9
11927	5.8
12100	5.8
12259	5.7
12282	5.7
12735	5.6
13072	5.5
13466	5.5
13772	5.4
13805	5.4
14023	5.3
14029	5.3
14175	5.2
14408	5.2
14416	5.1
14568	5.1
15052	5.1
15228	5.0
15455	5.0
15461	4.9
15708	4.9
15779	4.9
15947	4.8
15959	4.8
15960	4.8
15970	4.7
16030	4.7
16622	4.7
16759	4.6
16907	4.6
16982	4.6
17082	4.5
17367	4.5
17612	4.5
17899	4.4
18084	4.4
18280	4.4
19234	4.3
19265	4.3
19347	4.3
19377	4.3
19432	4.2
19705	4.2
19784	4.2
19986	4.1
20135	4.1
20139	4.1
20210	4.1
20386	4.0
20415	4.0
20656	4.0
20735	4.0
21131	4.0
21416	3.9
21556	3.9
21751	3.9
21791	3.9
21892	3.8
22008	3.8
22123	3.8
22128	3.8
22424	3.8
22516	3.7
22551	3.7
22731	3.7
22843	3.7
22886	3.7
22970	3.6
22976	3.6
23001	3.6
23561	3.6
23757	3.6
23892	3.6
24327	3.6
24405	3.5
24438	3.5
24640	3.5
24682	3.5
25021	3.5
25052	3.5
25070	3.4
25198	3.4
25356	3.4
25679	3.4
25919	3.4
26198	3.4
26269	3.3
26290	3.3
26580	3.3
26593	3.3
26705	3.3
26872	3.3
26937	3.3
27148	3.3
27170	3.2
27515	3.2
27747	3.2
27914	3.2
28143	3.2
28600	3.2
28797	3.2
28856	3.2
29420	3.1
29460	3.1
29551	3.1
29842	3.1
29885	3.1
29990	3.1
30169	3.1
30243	3.1
30432	3.0
30669	3.0
30865	3.0
31094	3.0
31385	3.0
31525	3.0
31829	3.0
32093	3.0
32190	3.0
32502	3.0
32622	2.9
32722	2.9
33036	2.9
33257	2.9
33383	2.9
33461	2.9
33720	2.9
33794	2.9
34120	2.9
34369	2.9
34426	2.9
34484	2.8
34631	2.8
34925	2.8
34938	2.8
35192	2.8
35273	2.8
35439	2.8
35576	2.8
35865	2.8
36060	2.8
36166	2.8
36266	2.7
36280	2.7
36339	2.7
36390	2.7
36457	2.7
36900	2.7
36950	2.7
37060	2.7
37108	2.7
37741	2.7
37811	2.7
37838	2.7
37872	2.7
38011	2.7
38280	2.6
38292	2.6
38716	2.6
38785	2.6
38907	2.6
39558	2.6
39746	2.6
39876	2.6
40016	2.6
40243	2.6
40367	2.6
40509	2.6
40699	2.6
41230	2.6
41492	2.6
41499	2.5
41509	2.5
41657	2.5
41895	2.5
42034	2.5
42183	2.5
42450	2.5
42645	2.5
43006	2.5
43479	2.5
43482	2.5
43497	2.5
43839	2.5
43850	2.6
43853	2.6
44062	2.6
44201	2.6
44252	2.6
44336	2.5
44424	2.5
44626	2.5
44756	2.5
44847	2.5
44880	2.5
44927	2.5
45179	2.5
45870	2.5
46064	2.5
46182	2.5
46315	2.5
46399	2.5
46542	2.5
46625	2.5
46986	2.5
47062	2.5
47115	2.5
47364	2.5
47571	2.4
47582	2.4
47657	2.4
47906	2.4
48038	2.4
48066	2.4
48220	2.4
48408	2.4
48475	2.4
48620	2.4
48699	2.4
48950	2.4
48990	2.4
49136	2.4
49171	2.4
49226	2.4
49414	2.4
49505	2.4
49741	2.4
49800	2.4
49802	2.4
50042	2.3
50121	2.3
50268	2.3
50533	2.3
50590	2.3
50619	2.3
50722	2.3
50971	2.3
50987	2.3
50995	2.3
51073	2.3
51453	2.3
51673	2.3
51711	2.3
51923	2.3
51985	2.3
52073	2.3
52306	2.3
52460	2.3
52695	2.3
52760	2.3
52779	2.3
53059	2.3
53186	2.3
53206	2.2
53467	2.2
53902	2.3
53905	2.3
53908	2.3
54147	2.3
54340	2.3
54355	2.3
54392	2.3
54911	2.3
55066	2.3
55175	2.3
55254	2.3
55311	2.3
55454	2.3
55483	2.3
55801	2.3
56127	2.3
56351	2.3
56545	2.3
56655	2.3
57057	2.3
57168	2.3
57193	2.3
57384	2.2
57437	2.2
57797	2.2
57996	2.2
58144	2.2
58268	2.2
58379	2.2
58384	2.2
58791	2.2
58941	2.2
59065	2.2
59066	2.2
59183	2.2
59313	2.2
59391	2.2
59540	2.2
59966	2.2
60206	2.2
60210	2.2
60972	2.2
61006	2.2
61058	2.2
61161	2.2
61583	2.2
61593	2.2
62078	2.3
62081	2.3
63066	2.5
63237	2.9
63508	3.0
63511	3.0
63795	3.0
63973	3.0
63976	3.0
64244	3.1
64247	3.1
64300	3.1
64332	3.2
64333	3.2
64335	3.3
64336	3.4
64338	3.4
64339	3.5
64341	3.5
64342	3.6
64344	3.6
64345	3.7
64347	3.7
64348	3.7
64730	4.2
65228	4.2
65481	4.2
65494	4.8
65507	4.8
65510	4.8
65513	4.9
65516	4.9
65654	4.9
65666	4.9
65702	4.9
65746	4.8
65775	4.8
65971	4.8
66277	4.8
66316	4.8
66389	4.8
66435	4.8
66448	4.8
66819	4.8
66894	4.8
67311	4.8
67327	4.7
67337	4.7
67395	4.7
67677	4.7
67736	4.7
67746	4.7
67753	4.7
67778	4.7
67827	4.7
67907	4.7
68102	4.7
68247	4.7
69070	4.6
69136	4.6
69191	4.6
69476	4.6
69543	4.6
69661	4.6
70016	4.6
70235	4.6
70396	4.6
70676	4.6
71134	4.6
71403	4.6
71432	4.5
71573	4.5
71884	4.5
71890	4.5
72068	4.5
73180	4.5
73409	4.5
73565	4.5
73631	4.5
73911	4.5
74516	4.5
74804	4.5
74816	4.5
74953	4.5
75079	4.4
75127	4.4
75314	4.4
75317	4.4
75371	4.4
75556	4.4
75995	4.4
76050	4.4
76424	4.4
76796	4.4
77102	4.4
77220	4.4
77293	4.4
77395	4.4
77703	4.4
77853	4.3
77895	4.3
78252	4.3
78398	4.3
78539	4.3
78829	4.3
78899	4.3
79054	4.3
79073	4.3
79234	4.3
79327	4.3
79448	4.3
79775	4.3
79904	4.3
80066	4.2
80187	4.2
80279	4.2
80440	4.2
80664	4.2
80855	4.2
80877	4.2
81054	4.2
81136	4.2
81249	4.2
81446	4.2
81509	4.2
81592	4.2
82301	4.2
82434	4.2
82529	4.2
82565	4.1
83307	4.1
83653	4.1
83689	4.1
83909	4.1
83934	4.1
84430	4.1
84467	4.1
84551	4.1
84604	4.1
84780	4.1
84795	4.1
84944	4.1
85291	4.1
85324	4.1
85388	4.1
85405	4.1
85555	4.0
85567	4.0
85599	4.0
86236	4.0
86356	4.0
86364	4.0
86621	4.0
86942	4.0
87037	4.0
87224	4.0
87359	4.0
87493	4.0
87672	4.0
87893	4.0
88114	4.0
88152	4.0
88261	4.0
88333	4.0
88867	3.9
88939	3.9
89035	3.9
89244	3.9
89259	3.9
89284	3.9
89341	3.9
89350	3.9
89409	3.9
89809	3.9
89852	3.9
89890	3.9
90123	3.9
90320	3.9
90416	3.9
90609	3.9
90728	3.9
90751	3.9
90764	3.9
90843	3.8
90915	3.8
91039	3.8
91113	3.8
91340	3.8
91367	3.8
91499	3.8
91970	3.8
92273	3.8
92316	3.8
93711	3.8
93727	3.8
93849	3.8
94093	3.8
94152	3.8
94241	3.8
94256	3.8
94350	3.8
94380	3.8
94430	3.8
94853	3.8
94914	3.7
95107	3.7
95230	3.7
95459	3.7
95825	3.7
95835	3.7
95878	3.7
96473	3.7
96688	3.7
96929	3.7
96988	3.7
97026	3.7
97516	3.7
97738	3.7
97840	3.7
97841	3.7
98208	3.7
98377	3.7
98439	3.7
98690	3.7
98831	3.7
98852	3.7
98878	3.6
98964	3.6
100215	4.2
100218	4.4
100224	4.4
100233	4.4
100264	4.4
100361	4.4
100382	4.4
100463	4.4
100525	4.4
100596	4.4
100611	4.4
101181	4.4
101769	4.4
102177	4.4
102472	4.4
102524	4.3
102720	4.3
102774	4.3
102858	4.3
102928	4.3
103114	4.3
103122	4.3
103594	4.3
104670	4.3
105020	4.3
105113	4.3
105252	4.3
105265	4.3
105540	4.3
105817	4.3
105890	4.3
105906	4.3
105941	4.3
106066	4.3
106317	4.2
106557	4.2
106892	4.2
107015	4.2
107252	4.2
107285	4.2
107383	4.2
107420	4.2
107650	4.2
108815	4.2
108827	4.2
108828	4.2
108830	4.3
108831	4.3
108833	4.3
108834	4.3
108861	4.3
109131	4.3
109307	4.3
109311	4.3
109440	4.3
109481	4.3
109529	4.3
109617	4.2
110013	4.2
110051	4.2
110080	4.2
110180	4.2
110383	4.2
110486	4.2
110613	4.2
110980	4.2
110983	4.2
111356	4.4
111976	4.6
112270	4.7
112317	4.7
112320	4.7
112491	4.8
112509	4.8
112512	4.9
112515	4.9
112518	4.9
112521	4.9
112576	4.9
112707	4.9
112736	4.9
112771	4.9
112933	4.9
112957	4.9
113033	4.9
113250	4.9
113505	4.9
113542	4.9
113725	4.9
113884	4.8
113970	4.8
113984	4.8
114002	4.8
114152	4.8
114262	4.8
114285	4.8
114917	4.8
115143	4.8
115363	4.8
115746	4.8
116202	4.8
116554	4.8
116567	4.8
116578	4.8
116809	4.8
116954	4.8
116961	4.8
116974	4.7
117446	4.7
117648	4.7
117693	4.7
117917	4.7
117931	4.7
118062	4.7
118102	4.7
118404	4.7
118601	4.7
118703	4.7
118722	4.7
119038	4.7
119509	4.7
119550	4.7
120006	4.7
120173	4.7
120501	4.7
120545	4.7
120802	4.7
121046	4.6
121061	4.6
121139	4.6
121183	4.6
121437	4.6
121452	4.6
121668	4.6
121836	4.6
122191	4.6
122219	4.6
122242	4.6
122548	4.6
122578	4.6
122842	4.6
122885	4.6
122915	4.6
123146	4.6
123149	4.6
123198	4.6
123333	4.6
123415	4.6
123597	4.6
123718	4.6
124065	4.6
124195	4.5
124230	4.5
124709	4.6
124712	4.6
124723	4.6
124726	4.6
124729	4.6
124733	4.6
125037	4.6
125049	4.6
125084	4.5
125291	4.5
125472	4.5
125579	4.5
125629	4.5
125799	4.5
125855	4.5
125890	4.5
126026	4.5
126715	4.5
126769	4.5
126808	4.5
126866	4.5
127075	4.5
127388	4.5
127412	4.5
127492	4.5
128064	4.5
128067	4.5
128171	4.5
128236	4.5
128354	4.5
128363	4.5
128419	4.4
128567	4.4
128626	4.4
129093	4.4
129096	4.4
129101	4.4
129454	4.4
129764	4.4
129774	4.4
129809	4.4
130114	4.4
130127	4.4
130265	4.4
130316	4.4
130432	4.4
130544	4.4
130806	4.4
130936	4.4
130970	4.4
131155	4.4
131373	4.4
131469	4.4
131493	4.4
131633	4.4
131713	4.4
131826	4.3
131860	4.3
131972	4.3
132052	4.3
132111	4.3
132192	4.3
132305	4.3
132890	4.3
132893	4.3
132930	4.3
132944	4.3
133062	4.3
133248	4.3
133296	4.3
133339	4.3
133357	4.3
133465	4.3
133487	4.3
133529	4.3
133684	4.3
133721	4.3
134598	4.3
134676	4.3
134787	4.3
135168	4.3
135171	4.3
135241	4.3
135266	4.3
135596	4.3
135623	4.3
136034	4.3
136063	4.3
136083	4.3
136162	4.2
136283	4.2
136398	4.2
136687	4.2
136744	4.2
137032	4.2
137086	4.2
137110	4.2
137143	4.2
137303	4.2
137368	4.2
137474	4.2
137496	4.2
138255	4.2
138438	4.2
138441	4.2
138473	4.2
138560	4.2
138617	4.2
138907	4.2
138965	4.2
138977	4.2
139071	4.2
139107	4.2
139206	4.2
139290	4.2
139352	4.2
139467	4.2
139510	4.2
139990	4.2
140017	4.2
140025	4.2
140029	4.1
140211	4.1
140212	4.1
140235	4.1
140655	4.1
140704	4.1
140729	4.1
140738	4.1
140746	4.1
140995	4.1
141163	4.1
141697	4.1
141715	4.1
141725	4.1
141764	4.1
142146	4.1
142630	4.1
142750	4.1
143143	4.1
143162	4.1
143279	4.1
143599	4.1
143701	4.1
144053	4.1
144146	4.1
144179	4.1
144274	4.1
144433	4.1
144492	4.1
144660	4.0
144675	4.0
144903	4.0
145125	4.0
145289	4.0
145371	4.0
145581	4.0
145720	4.0
146193	4.0
146379	4.0
146470	4.0
146503	4.0
146582	4.0
146632	4.0
146857	4.0
146969	4.0
147224	4.0
147273	4.0
147568	4.0
147572	4.0
147653	4.0
147820	4.0
148000	4.0
148080	4.0
148534	4.0
148771	4.0
148811	4.0
148969	4.0
149120	4.0
149848	4.1
149977	4.2
150456	4.2
150644	4.8
150647	5.0
150667	5.1
150675	5.1
150678	5.1
150681	5.1
150684	5.1
151202	5.1
151205	5.1
151338	5.3
151353	5.3
151356	5.3
151387	5.3
151572	5.3
151616	5.2
151624	5.2
151666	5.2
151713	5.2
151858	5.2
152028	5.2
152140	5.2
152173	5.2
152575	5.2
152582	5.2
152835	5.2
153403	5.2
153411	5.2
153526	5.2
153736	5.2
153808	5.2
153820	5.2
154219	5.2
154243	5.2
154449	5.2
154549	5.2
154645	5.2
155009	5.2
155074	5.1
155209	5.1
155810	5.1
155846	5.1
155970	5.1
156133	5.1
156172	5.1
156445	5.1
156601	5.1
156914	5.1
156924	5.1
157058	5.1
157104	5.1
157405	5.1
157891	5.1
158146	5.1
158238	5.1
158347	5.1
