2020-04-16 20:41:12

CONFIGURATION:
{u'simulation': {u'stdev_factor': 0.01, u'power_mgmt_enabled': False, u'tasks': {u'loc': {u'mean_service_time': {u'gpu': 90, u'cpu_core': 200, u'loc_accel': 10}, u'priority': 1, u'deadline': 1000, u'stdev_service_time': {u'gpu': 0.9, u'cpu_core': 2.0, u'loc_accel': 0.1}, u'power': {u'gpu': 4.457, u'cpu_core': 6.133, u'loc_accel': 0.02197}}, u'detect': {u'mean_service_time': {u'gpu': 0.4607, u'cpu_core': 3.654, u'det_accel': 0.278}, u'priority': 2, u'deadline': 1000, u'stdev_service_time': {u'gpu': 0.004607, u'cpu_core': 0.03654, u'det_accel': 0.0027800000000000004}, u'power': {u'gpu': 90, u'cpu_core': 200, u'det_accel': 10}}, u'Frontier': {u'mean_service_time': {u'cpu_core': 396}, u'priority': 9, u'deadline': 1000, u'stdev_service_time': {u'cpu_core': 3.96}, u'power': {u'cpu_core': 5.98}}, u'track': {u'mean_service_time': {u'gpu': 17, u'tra_accel': 2, u'cpu_core': 1820}, u'priority': 3, u'deadline': 1000, u'stdev_service_time': {u'gpu': 0.17, u'tra_accel': 0.02, u'cpu_core': 18.2}, u'power': {u'gpu': 12.79, u'tra_accel': 0.59, u'cpu_core': 5.6}}, u'sp': {u'mean_service_time': {u'gpu': 379, u'cpu_core': 1004}, u'priority': 11, u'deadline': 1000, u'stdev_service_time': {u'gpu': 3.79, u'cpu_core': 10.040000000000001}, u'power': {u'gpu': 3.302, u'cpu_core': 1004}}, u'mission': {u'mean_service_time': {u'cpu_core': 0.0022}, u'priority': 5, u'deadline': 1000, u'stdev_service_time': {u'cpu_core': 2.2000000000000003e-05}, u'power': {u'cpu_core': 3.534}}, u'motion': {u'mean_service_time': {u'cpu_core': 8}, u'priority': 6, u'deadline': 1000, u'stdev_service_time': {u'cpu_core': 0.08}, u'power': {u'cpu_core': 4.222}}, u'collision': {u'mean_service_time': {u'cpu_core': 8}, u'priority': 7, u'deadline': 1000, u'stdev_service_time': {u'cpu_core': 0.08}, u'power': {u'cpu_core': 0}}, u'fusion': {u'mean_service_time': {u'cpu_core': 1}, u'priority': 4, u'deadline': 1000, u'stdev_service_time': {u'cpu_core': 0.01}, u'power': {u'cpu_core': 0}}, u'map': {u'mean_service_time': {u'gpu': 761, u'cpu_core': 973}, u'priority': 10, u'deadline': 1000, u'stdev_service_time': {u'gpu': 7.61, u'cpu_core': 9.73}, u'power': {u'gpu': 3.533, u'cpu_core': 2.995}}, u'path': {u'mean_service_time': {u'cpu_core': 8}, u'priority': 8, u'deadline': 1000, u'stdev_service_time': {u'cpu_core': 0.08}, u'power': {u'cpu_core': 0}}}, u'sched_policy_module': u'policies.ms1_update2', u'drop': True, u'servers': {u'gpu': {u'count': 2}, u'tra_accel': {u'count': 1}, u'cpu_core': {u'count': 8}, u'loc_accel': {u'count': 1}, u'det_accel': {u'count': 1}}, u'max_tasks_simulated': 10000, u'max_queue_size': 1000000, u'mean_arrival_time': 50, u'arrival_time_scale': 3.1}, u'general': {u'random_seed': 0, u'pre_gen_arrivals': False, u'basename': u'policy:ms1_update2__stdev_factor:0.01', u'output_trace_file': None, u'working_dir': u'/home/hiwot/meta-stomp2/sim_16042020_202749_new_arrival_50_map_rheftmapping_50_trace_50', u'input_trace_file': (False, '../mv_mapping_50_trace_50.trc'), u'logging_level': u'INFO'}}
Time	Response time (avg)
961	951.0
1081	951.0
1912	983.0
2160	975.0
2528	1023.2
2655	1055.3
2695	1078.3
2879	1062.4
3154	1079.4
3205	1066.6
3532	1080.2
3551	1091.5
3561	1101.1
3758	1122.1
3830	1120.8
3871	1126.8
4050	1132.1
4156	1136.9
4380	1152.6
4748	1178.8
4767	1202.3
4781	1203.7
5124	1192.7
5492	1194.4
5585	1198.2
5767	1204.8
6271	1195.4
6293	1186.6
6576	1187.7
6672	1188.6
6709	1189.5
7128	1190.3
7258	1191.1
7288	1184.0
7443	1177.4
7801	1178.4
7844	1179.5
8472	1173.4
8649	1167.7
8991	1169.0
9013	1170.1
9317	1171.2
9423	1167.9
9718	1162.9
10256	1164.1
10374	1164.0
10457	1165.1
10603	1166.2
10669	1164.8
10972	1165.8
11325	1165.6
11353	1166.6
11620	1163.9
12094	1164.9
12234	1165.8
12276	1163.6
12571	1161.9
13064	1162.8
13302	1159.2
13522	1159.2
13768	1160.2
14025	1161.1
14402	1157.7
14551	1154.5
15207	1155.5
15377	1156.4
15453	1153.3
15527	1150.3
15941	1151.3
15951	1152.2
16121	1153.1
16404	1153.0
16479	1152.4
16753	1153.3
17583	1150.6
17893	1148.0
18276	1148.9
18733	1146.3
18844	1144.2
19261	1145.1
19373	1146.0
19485	1146.8
19733	1147.7
19778	1145.3
19883	1143.0
20204	1143.9
20729	1142.2
21055	1140.0
21726	1140.9
21886	1138.8
22013	1136.7
22420	1137.6
22473	1138.4
22597	1139.3
22727	1140.1
22837	1139.6
22882	1140.4
22964	1140.1
23490	1140.9
23753	1141.7
23904	1139.8
24139	1137.9
24668	1138.7
24678	1139.4
24855	1138.1
25178	1136.4
25517	1137.1
25796	1137.8
26263	1136.1
26284	1134.4
26574	1135.2
26587	1135.9
26866	1136.6
26931	1137.3
27014	1138.0
27142	1138.7
27244	1139.3
28296	1137.7
28594	1136.2
29341	1134.6
29545	1133.5
29765	1134.2
29839	1134.9
29984	1135.5
30426	1134.1
30593	1132.6
31379	1133.3
32001	1131.8
32184	1130.4
32718	1131.1
32756	1131.7
32979	1132.4
33030	1131.0
33455	1129.7
33981	1129.1
34024	1129.8
34365	1130.4
34422	1129.1
34932	1128.4
35174	1129.0
35186	1129.6
35267	1130.2
35433	1129.0
36384	1127.7
37054	1126.5
37335	1126.8
37409	1127.4
37468	1128.0
37737	1128.6
38005	1128.4
38215	1128.9
38274	1129.5
38286	1129.3
38404	1130.1
39552	1129.0
39742	1127.8
40363	1128.4
40503	1128.6
40693	1127.8
40729	1128.4
41008	1128.9
41488	1129.5
41493	1128.4
41651	1127.3
42444	1127.4
42604	1127.9
42969	1126.9
43256	1127.4
43395	1126.4
43658	1127.8
43826	1128.3
43836	1128.8
43921	1128.6
44058	1129.5
44195	1130.0
44346	1129.5
44523	1130.3
44750	1130.8
44874	1131.9
45173	1130.9
45563	1129.9
45866	1130.4
46124	1130.0
46538	1130.5
46614	1129.5
46960	1130.0
46982	1130.5
47056	1130.9
47079	1130.0
47537	1130.4
47565	1129.6
47902	1130.1
47974	1130.5
48060	1131.0
48214	1130.1
48614	1129.1
49165	1129.1
49400	1129.5
49410	1130.0
49539	1130.4
49618	1129.5
50032	1129.9
50116	1129.4
50584	1129.8
50716	1128.9
50991	1129.3
51067	1128.8
51309	1129.2
51449	1129.7
51667	1129.3
51669	1129.7
51904	1130.1
51957	1130.5
51979	1130.9
52278	1130.1
52558	1130.5
53180	1129.7
53344	1128.9
53836	1129.3
53846	1129.6
53882	1130.0
54143	1130.4
54349	1129.6
54386	1128.8
54753	1129.2
54905	1129.6
54980	1130.0
55052	1130.5
55062	1131.0
55300	1130.4
55305	1130.8
55626	1130.0
56154	1130.4
56345	1129.6
56692	1128.8
56982	1129.2
57035	1129.6
57053	1129.9
57162	1130.3
57296	1130.0
57643	1129.6
57980	1129.9
57990	1130.3
58262	1130.6
58373	1129.9
58785	1129.2
59060	1129.5
59307	1129.9
59709	1129.2
59960	1128.4
60656	1128.8
60660	1128.8
61628	1128.1
61674	1127.4
62001	1127.8
62013	1128.1
62072	1128.4
62249	1128.8
62342	1129.1
62544	1129.5
62568	1129.8
62579	1129.4
62625	1129.0
63234	1130.5
63339	1131.9
63465	1133.7
63530	1133.7
63558	1135.5
63576	1136.6
63760	1137.8
63792	1139.1
64289	1140.8
64481	1140.4
64527	1140.1
64555	1141.7
64727	1146.2
65192	1146.7
65269	1149.0
65432	1148.4
65463	1149.0
65478	1151.6
65478	1154.1
65650	1154.3
65660	1154.6
66271	1155.3
66383	1155.7
66429	1155.8
66444	1158.4
66815	1158.6
67376	1158.8
67747	1158.1
67821	1157.3
68096	1157.5
68241	1157.7
68734	1157.9
69064	1157.2
69185	1156.5
69472	1156.7
69515	1156.9
69537	1157.1
69732	1157.3
70931	1156.7
71070	1156.0
71565	1156.2
71878	1156.4
71882	1155.9
73559	1155.2
73625	1154.6
74402	1154.8
74412	1155.0
74510	1154.7
74576	1154.5
74813	1154.7
74947	1154.9
75309	1155.1
75494	1154.4
75550	1153.8
76022	1154.0
76601	1153.3
76790	1152.7
77216	1152.9
77287	1153.1
77389	1153.3
77751	1152.7
77847	1152.0
78394	1152.2
78533	1152.4
78733	1151.8
78947	1151.2
79274	1151.4
79321	1151.6
79684	1151.6
79898	1151.4
80062	1151.6
80434	1151.8
80635	1151.4
80660	1151.6
80849	1151.3
81044	1151.5
81243	1151.7
81503	1151.9
81586	1151.6
81800	1151.4
81931	1151.8
82523	1152.0
82559	1151.4
83647	1150.8
83929	1150.2
84547	1150.4
84598	1150.0
84774	1150.1
84823	1150.8
84902	1150.2
85549	1149.9
85735	1150.1
85853	1149.7
86536	1149.1
86936	1148.6
87220	1148.8
87353	1149.0
87487	1148.9
87712	1149.1
87750	1149.3
87760	1149.5
87887	1149.2
88438	1149.1
88633	1149.2
88838	1149.0
88863	1149.1
89253	1149.3
89346	1149.5
89389	1149.1
89405	1149.3
89803	1148.8
90115	1149.0
90326	1149.1
90340	1149.1
90605	1149.3
90758	1148.8
91095	1148.9
91336	1149.1
91772	1148.6
91964	1148.1
93592	1147.6
93843	1147.1
94148	1147.2
94235	1147.4
94250	1147.6
94374	1147.8
94424	1147.9
94847	1147.4
95101	1146.9
95972	1146.4
96187	1145.9
96923	1145.9
97022	1146.1
97510	1145.6
97806	1145.8
97837	1145.9
97874	1146.0
98461	1145.5
98476	1145.7
98825	1145.6
98848	1145.8
99568	1145.3
99776	1145.3
99853	1145.5
100088	1145.6
100212	1145.8
100227	1146.0
100376	1146.2
100457	1146.3
100519	1146.3
100605	1146.5
100680	1146.7
101763	1146.2
101971	1145.8
102372	1145.9
102456	1146.1
102710	1146.3
102714	1146.1
102922	1146.1
103116	1146.3
104612	1145.8
105037	1145.4
105488	1145.5
105563	1145.1
105813	1145.4
105900	1145.6
106311	1145.2
106514	1145.0
106784	1145.2
106880	1145.4
106917	1145.5
107644	1145.1
107811	1144.6
108234	1144.8
108296	1145.0
108334	1145.1
108595	1144.9
108762	1144.9
108802	1145.0
108812	1145.2
109028	1145.4
109301	1145.5
109512	1145.8
109550	1146.0
110074	1145.5
110174	1145.1
110482	1145.3
110609	1145.4
110733	1145.6
110969	1145.7
111025	1145.5
111125	1145.3
111353	1145.4
111514	1145.6
111772	1145.7
111790	1145.9
111800	1146.0
111973	1146.2
111976	1146.3
112076	1146.6
112199	1147.1
112449	1147.4
112572	1148.0
112730	1148.6
112927	1148.5
113027	1148.3
113501	1148.8
113536	1151.1
113878	1150.8
113978	1150.4
114258	1150.5
114279	1150.7
114416	1150.8
114642	1150.9
115245	1150.5
115357	1150.1
116152	1150.2
116174	1150.4
116196	1150.0
116308	1149.8
116552	1149.9
116955	1150.1
116970	1150.2
117147	1150.2
117190	1150.3
117440	1149.9
117913	1150.0
117925	1150.2
118096	1150.3
118098	1150.3
118398	1149.9
118716	1150.0
119049	1149.7
119672	1149.3
120000	1149.1
120560	1149.2
120636	1148.8
120644	1148.9
120951	1148.8
121335	1148.9
121662	1148.5
122236	1148.1
122513	1148.3
122544	1148.4
122572	1148.5
122613	1148.4
122634	1148.5
123195	1148.7
123217	1148.8
123327	1148.4
123564	1148.3
123694	1148.5
124187	1148.6
124197	1148.7
124224	1148.9
124324	1149.1
124403	1148.7
124672	1148.3
124971	1148.4
125043	1148.6
125354	1148.5
125387	1148.6
125523	1148.8
125573	1148.9
125623	1148.9
126214	1149.0
126305	1148.9
126574	1148.9
126887	1149.0
126989	1149.1
127406	1148.7
128061	1148.4
128357	1148.3
128561	1148.5
129090	1148.1
129308	1147.9
130041	1147.6
130259	1147.4
130428	1147.6
130654	1147.7
130802	1147.8
130930	1147.9
130964	1148.1
130992	1148.0
131210	1147.8
131367	1148.0
131627	1148.1
131903	1148.2
131968	1148.3
132382	1148.0
132559	1147.6
132926	1147.7
132938	1147.9
133028	1148.0
133220	1148.1
133333	1148.0
133459	1148.2
133481	1148.4
133678	1148.0
134274	1148.1
134284	1147.9
134594	1148.0
134629	1147.9
134755	1148.1
135235	1147.9
135260	1148.0
135533	1148.1
135580	1147.9
135592	1148.0
135617	1148.2
136057	1148.3
136156	1148.4
136186	1148.4
136340	1148.7
136531	1148.6
136708	1148.7
136971	1148.8
136993	1149.0
137137	1149.1
137754	1148.8
138029	1148.9
138069	1149.0
138114	1148.7
138556	1148.8
138705	1148.6
138903	1148.7
138959	1148.8
139065	1148.6
139284	1148.8
139489	1148.9
139732	1148.6
140013	1148.7
140023	1148.8
140206	1148.5
140651	1148.6
140732	1148.7
140740	1148.4
141157	1148.2
141691	1148.2
142142	1148.3
142249	1148.0
142626	1148.1
142642	1148.1
142877	1148.2
143156	1148.3
143200	1148.0
143593	1148.0
143643	1148.1
143773	1148.2
144049	1148.3
144159	1148.0
144486	1148.1
144624	1147.8
144899	1147.9
145365	1147.6
145575	1147.5
145791	1147.6
145977	1147.7
146101	1147.8
146626	1147.5
146723	1147.2
147251	1147.3
147564	1147.4
147577	1147.3
147598	1147.4
147814	1147.1
148528	1147.0
148765	1146.8
148807	1146.9
148965	1147.1
149347	1147.2
149449	1147.3
149479	1147.1
149716	1147.0
150119	1147.1
150134	1147.2
150382	1147.3
150430	1147.3
150453	1147.4
150636	1147.5
150667	1147.5
150964	1148.0
151071	1148.3
151193	1149.1
151335	1149.3
151381	1149.1
151610	1149.2
151618	1149.2
151852	1149.4
152022	1149.5
152167	1149.8
152180	1150.1
152332	1150.5
152569	1150.5
152902	1150.6
153319	1150.2
153520	1150.0
153718	1150.3
153730	1150.4
153740	1150.5
155003	1150.2
155068	1149.9
155444	1150.0
155568	1150.1
156100	1149.8
156166	1149.5
156441	1149.6
156904	1149.7
157052	1149.4
157100	1149.5
157390	1149.2
157834	1149.3
158140	1149.0
158341	1148.8
