2020-04-16 20:42:02

CONFIGURATION:
{u'simulation': {u'stdev_factor': 0.01, u'power_mgmt_enabled': False, u'tasks': {u'loc': {u'mean_service_time': {u'gpu': 90, u'cpu_core': 200, u'loc_accel': 10}, u'priority': 1, u'deadline': 1000, u'stdev_service_time': {u'gpu': 0.9, u'cpu_core': 2.0, u'loc_accel': 0.1}, u'power': {u'gpu': 4.457, u'cpu_core': 6.133, u'loc_accel': 0.02197}}, u'detect': {u'mean_service_time': {u'gpu': 0.4607, u'cpu_core': 3.654, u'det_accel': 0.278}, u'priority': 2, u'deadline': 1000, u'stdev_service_time': {u'gpu': 0.004607, u'cpu_core': 0.03654, u'det_accel': 0.0027800000000000004}, u'power': {u'gpu': 90, u'cpu_core': 200, u'det_accel': 10}}, u'Frontier': {u'mean_service_time': {u'cpu_core': 396}, u'priority': 9, u'deadline': 1000, u'stdev_service_time': {u'cpu_core': 3.96}, u'power': {u'cpu_core': 5.98}}, u'track': {u'mean_service_time': {u'gpu': 17, u'tra_accel': 2, u'cpu_core': 1820}, u'priority': 3, u'deadline': 1000, u'stdev_service_time': {u'gpu': 0.17, u'tra_accel': 0.02, u'cpu_core': 18.2}, u'power': {u'gpu': 12.79, u'tra_accel': 0.59, u'cpu_core': 5.6}}, u'sp': {u'mean_service_time': {u'gpu': 379, u'cpu_core': 1004}, u'priority': 11, u'deadline': 1000, u'stdev_service_time': {u'gpu': 3.79, u'cpu_core': 10.040000000000001}, u'power': {u'gpu': 3.302, u'cpu_core': 1004}}, u'mission': {u'mean_service_time': {u'cpu_core': 0.0022}, u'priority': 5, u'deadline': 1000, u'stdev_service_time': {u'cpu_core': 2.2000000000000003e-05}, u'power': {u'cpu_core': 3.534}}, u'motion': {u'mean_service_time': {u'cpu_core': 8}, u'priority': 6, u'deadline': 1000, u'stdev_service_time': {u'cpu_core': 0.08}, u'power': {u'cpu_core': 4.222}}, u'collision': {u'mean_service_time': {u'cpu_core': 8}, u'priority': 7, u'deadline': 1000, u'stdev_service_time': {u'cpu_core': 0.08}, u'power': {u'cpu_core': 0}}, u'fusion': {u'mean_service_time': {u'cpu_core': 1}, u'priority': 4, u'deadline': 1000, u'stdev_service_time': {u'cpu_core': 0.01}, u'power': {u'cpu_core': 0}}, u'map': {u'mean_service_time': {u'gpu': 761, u'cpu_core': 973}, u'priority': 10, u'deadline': 1000, u'stdev_service_time': {u'gpu': 7.61, u'cpu_core': 9.73}, u'power': {u'gpu': 3.533, u'cpu_core': 2.995}}, u'path': {u'mean_service_time': {u'cpu_core': 8}, u'priority': 8, u'deadline': 1000, u'stdev_service_time': {u'cpu_core': 0.08}, u'power': {u'cpu_core': 0}}}, u'sched_policy_module': u'policies.ms3_update2', u'drop': True, u'servers': {u'gpu': {u'count': 2}, u'tra_accel': {u'count': 1}, u'cpu_core': {u'count': 8}, u'loc_accel': {u'count': 1}, u'det_accel': {u'count': 1}}, u'max_tasks_simulated': 10000, u'max_queue_size': 1000000, u'mean_arrival_time': 50, u'arrival_time_scale': 3.1}, u'general': {u'random_seed': 0, u'pre_gen_arrivals': False, u'basename': u'policy:ms3_update2__stdev_factor:0.01', u'output_trace_file': None, u'working_dir': u'/home/hiwot/meta-stomp2/sim_16042020_202749_new_arrival_50_map_rheftmapping_50_trace_50', u'input_trace_file': (False, '../mv_mapping_50_trace_50.trc'), u'logging_level': u'INFO'}}
Time	Response time (avg)
1456	495.0
1576	495.0
2655	495.0
3150	495.0
3659	497.0
4046	499.8
4056	500.6
4154	512.1
4260	511.0
4369	513.8
4541	528.0
4550	525.7
4875	523.3
5243	521.3
5602	519.5
5906	511.8
6766	510.8
7068	504.4
7105	498.7
7753	498.6
7783	498.4
7938	498.2
8339	498.1
9486	498.0
10652	493.9
10853	490.1
10869	490.3
10999	486.9
11164	487.2
11368	484.2
11848	484.5
12729	484.8
13066	485.2
13460	482.5
13797	482.9
14017	483.2
15046	483.5
15702	483.8
15773	481.6
16022	481.9
16616	482.2
16899	482.5
16974	482.8
18078	483.1
19228	483.4
19339	483.6
19980	483.9
20129	482.0
20378	482.3
21550	482.6
22122	480.9
22508	481.1
22968	481.4
22993	479.8
23886	478.3
24399	478.6
24634	478.9
25064	477.4
25350	477.7
25673	478.0
25913	476.7
26192	475.4
27509	475.7
27739	476.0
28791	476.3
29836	476.6
30161	475.4
30235	474.2
31088	474.5
32496	474.8
33251	475.1
33375	474.0
34420	472.9
34476	473.2
34917	473.5
35570	472.5
37805	471.5
37830	471.8
37864	470.8
38710	471.1
38899	471.4
40237	471.7
41224	472.0
41503	472.3
43000	471.4
43464	471.7
43751	471.9
44246	473.2
44328	473.6
44416	473.8
44841	474.0
44919	473.2
46058	473.4
46619	473.6
47109	473.9
47356	473.1
47574	473.3
48032	473.5
48469	473.7
49796	472.9
50034	473.2
50113	473.4
50527	473.6
50611	473.8
51705	473.1
52065	472.3
52300	471.6
52452	471.8
52773	472.0
53053	472.3
53839	472.5
54334	472.7
55248	472.9
55448	472.2
55475	472.4
55795	472.6
56121	472.8
56649	473.0
57187	473.2
57378	472.5
57431	471.9
57791	472.1
58138	472.3
58376	471.7
60204	471.8
61052	471.2
61155	471.4
62123	471.6
62496	474.3
62576	474.6
62837	475.4
63063	475.8
63339	477.9
63732	478.0
63834	478.2
64210	479.6
64227	480.9
64262	481.1
64290	481.2
65065	481.6
65187	482.6
65560	482.8
65949	482.9
65962	483.0
67772	482.4
69130	481.9
70010	481.9
70227	482.0
71426	482.1
71565	482.2
72060	482.3
74798	481.7
74808	481.2
75071	481.3
75308	481.3
75989	481.4
76418	480.9
77096	481.0
78246	481.1
79228	481.1
79442	481.2
79769	481.3
80179	481.4
81130	481.5
81440	481.0
82295	481.1
82426	481.1
84424	481.2
85318	481.3
85397	481.4
86230	481.5
86348	481.5
87031	481.6
88108	481.1
88146	480.6
88255	480.7
88933	480.8
89029	480.3
89333	480.4
89884	480.5
90722	480.0
90835	480.1
91491	479.6
92267	479.7
94087	479.8
96467	479.9
96682	480.0
98202	479.5
98369	479.6
98872	479.2
98956	479.3
100353	479.4
100588	479.5
101175	479.5
102466	479.6
102768	479.2
102852	478.8
103106	478.4
105107	478.4
105532	478.5
105884	478.1
106058	478.2
107009	478.3
107279	478.4
107375	478.4
107412	478.5
108306	478.6
108630	478.2
108801	478.3
109125	478.6
109303	478.7
109523	478.8
110007	478.8
110045	478.9
111228	479.0
111851	479.1
112267	480.3
112285	480.5
112300	480.6
112699	481.7
112765	483.1
112845	482.7
113996	482.7
114911	482.8
115137	482.9
115740	482.9
116548	482.5
116570	482.1
116803	482.2
116948	481.8
117642	481.9
117685	481.9
118593	482.0
119544	482.1
120167	482.1
121040	481.7
121055	481.8
121131	481.9
121446	481.9
121830	482.0
122909	481.6
123108	481.7
123129	481.7
123591	481.4
123712	481.4
124059	481.5
124189	481.5
124583	481.2
124692	481.2
124720	480.9
125078	481.7
125466	481.7
125849	481.8
125882	481.8
126018	481.9
126709	481.9
126800	482.0
127069	482.0
127382	482.1
127484	482.1
129803	482.2
130536	482.2
131149	482.3
131487	482.3
131705	482.4
132299	482.1
132877	482.1
133054	482.2
133523	482.2
133715	482.2
134670	481.9
134779	482.0
135124	482.0
135151	481.7
136028	481.8
136075	481.8
136681	481.9
136736	481.5
137026	481.6
137104	481.3
137466	481.3
137488	481.4
138249	481.4
138425	481.1
138465	480.8
138609	480.9
139200	480.9
139984	481.0
140227	481.0
142744	481.1
143137	481.1
143273	480.8
143695	480.9
144138	480.9
144268	481.0
144654	481.0
145119	481.1
146187	480.8
146373	480.5
146497	480.2
147218	480.3
147647	480.0
147994	479.7
148072	479.8
149743	479.5
149845	479.2
149974	479.3
150636	479.3
150951	479.4
151566	479.8
151705	479.9
152576	479.6
152827	479.7
153397	479.7
153814	479.8
154213	479.8
154235	479.9
155840	479.6
155964	479.4
156595	479.4
157399	479.4
157885	479.5
158230	479.2
