2020-04-16 20:41:38

CONFIGURATION:
{u'simulation': {u'stdev_factor': 0.01, u'power_mgmt_enabled': False, u'tasks': {u'loc': {u'mean_service_time': {u'gpu': 90, u'cpu_core': 200, u'loc_accel': 10}, u'priority': 1, u'deadline': 1000, u'stdev_service_time': {u'gpu': 0.9, u'cpu_core': 2.0, u'loc_accel': 0.1}, u'power': {u'gpu': 4.457, u'cpu_core': 6.133, u'loc_accel': 0.02197}}, u'detect': {u'mean_service_time': {u'gpu': 0.4607, u'cpu_core': 3.654, u'det_accel': 0.278}, u'priority': 2, u'deadline': 1000, u'stdev_service_time': {u'gpu': 0.004607, u'cpu_core': 0.03654, u'det_accel': 0.0027800000000000004}, u'power': {u'gpu': 90, u'cpu_core': 200, u'det_accel': 10}}, u'Frontier': {u'mean_service_time': {u'cpu_core': 396}, u'priority': 9, u'deadline': 1000, u'stdev_service_time': {u'cpu_core': 3.96}, u'power': {u'cpu_core': 5.98}}, u'track': {u'mean_service_time': {u'gpu': 17, u'tra_accel': 2, u'cpu_core': 1820}, u'priority': 3, u'deadline': 1000, u'stdev_service_time': {u'gpu': 0.17, u'tra_accel': 0.02, u'cpu_core': 18.2}, u'power': {u'gpu': 12.79, u'tra_accel': 0.59, u'cpu_core': 5.6}}, u'sp': {u'mean_service_time': {u'gpu': 379, u'cpu_core': 1004}, u'priority': 11, u'deadline': 1000, u'stdev_service_time': {u'gpu': 3.79, u'cpu_core': 10.040000000000001}, u'power': {u'gpu': 3.302, u'cpu_core': 1004}}, u'mission': {u'mean_service_time': {u'cpu_core': 0.0022}, u'priority': 5, u'deadline': 1000, u'stdev_service_time': {u'cpu_core': 2.2000000000000003e-05}, u'power': {u'cpu_core': 3.534}}, u'motion': {u'mean_service_time': {u'cpu_core': 8}, u'priority': 6, u'deadline': 1000, u'stdev_service_time': {u'cpu_core': 0.08}, u'power': {u'cpu_core': 4.222}}, u'collision': {u'mean_service_time': {u'cpu_core': 8}, u'priority': 7, u'deadline': 1000, u'stdev_service_time': {u'cpu_core': 0.08}, u'power': {u'cpu_core': 0}}, u'fusion': {u'mean_service_time': {u'cpu_core': 1}, u'priority': 4, u'deadline': 1000, u'stdev_service_time': {u'cpu_core': 0.01}, u'power': {u'cpu_core': 0}}, u'map': {u'mean_service_time': {u'gpu': 761, u'cpu_core': 973}, u'priority': 10, u'deadline': 1000, u'stdev_service_time': {u'gpu': 7.61, u'cpu_core': 9.73}, u'power': {u'gpu': 3.533, u'cpu_core': 2.995}}, u'path': {u'mean_service_time': {u'cpu_core': 8}, u'priority': 8, u'deadline': 1000, u'stdev_service_time': {u'cpu_core': 0.08}, u'power': {u'cpu_core': 0}}}, u'sched_policy_module': u'policies.ms2_update2', u'drop': True, u'servers': {u'gpu': {u'count': 2}, u'tra_accel': {u'count': 1}, u'cpu_core': {u'count': 8}, u'loc_accel': {u'count': 1}, u'det_accel': {u'count': 1}}, u'max_tasks_simulated': 10000, u'max_queue_size': 1000000, u'mean_arrival_time': 50, u'arrival_time_scale': 3.1}, u'general': {u'random_seed': 0, u'pre_gen_arrivals': False, u'basename': u'policy:ms2_update2__stdev_factor:0.01', u'output_trace_file': None, u'working_dir': u'/home/hiwot/meta-stomp2/sim_16042020_202749_new_arrival_50_map_rheftmapping_50_trace_50', u'input_trace_file': (False, '../mv_mapping_50_trace_50.trc'), u'logging_level': u'INFO'}}
Time	Response time (avg)
10	10.0
130	10.0
695	10.0
865	10.0
1209	10.0
1277	10.0
1312	10.0
1439	10.0
1479	10.0
1928	10.0
1938	10.5
2220	10.5
2254	10.5
2316	10.4
2335	10.4
2345	10.4
2362	10.4
2511	10.4
2654	10.4
2679	10.3
2728	10.3
2834	10.3
2877	10.3
2936	10.3
2946	10.4
3072	10.4
3094	10.4
3342	10.4
3547	10.4
4173	10.4
4195	10.4
4260	10.3
4294	10.3
4399	10.3
4979	10.3
5211	10.3
5245	10.3
5320	10.3
5342	10.3
5360	10.3
5456	10.3
5493	10.3
5912	10.3
5946	10.2
5962	10.2
6042	10.2
6337	10.2
6492	10.2
6585	10.2
6628	10.2
6916	10.2
7409	10.2
7521	10.2
7648	10.2
7698	10.2
7775	10.2
7797	10.2
8091	10.2
8101	10.2
8395	10.2
8628	10.2
8708	10.2
8767	10.2
9018	10.2
9040	10.2
9213	10.2
9241	10.2
9375	10.2
9387	10.2
9573	10.2
9703	10.2
9756	10.2
10137	10.2
10168	10.1
10596	10.1
10878	10.1
10931	10.1
11018	10.1
11222	10.1
11232	10.2
11507	10.2
11814	10.2
11848	10.2
11923	10.2
12255	10.2
12351	10.2
12361	10.2
12552	10.2
12809	10.2
13451	10.2
13600	10.2
13991	10.2
14161	10.2
14171	10.2
14412	10.2
14502	10.2
14564	10.2
14576	10.2
14725	10.2
14735	10.2
14905	10.2
15224	10.2
15262	10.2
15364	10.2
15451	10.2
15538	10.2
15956	10.2
15966	10.3
16632	10.3
16942	10.3
17060	10.3
17078	10.2
17363	10.2
17608	10.2
17782	10.2
17866	10.2
18045	10.2
18157	10.2
18269	10.2
18517	10.2
18827	10.2
18932	10.2
18988	10.2
19428	10.2
19701	10.2
19729	10.2
20104	10.2
20135	10.2
20411	10.2
20510	10.2
20652	10.2
20935	10.2
21062	10.2
21127	10.2
21204	10.2
21257	10.2
21381	10.2
21412	10.2
21511	10.2
21666	10.2
21737	10.2
21747	10.2
21787	10.2
21852	10.2
22004	10.2
22119	10.2
22274	10.2
22537	10.2
22547	10.3
22953	10.3
23188	10.3
23452	10.3
23462	10.3
23557	10.3
23852	10.3
24227	10.3
24301	10.3
24323	10.3
24434	10.3
24580	10.3
25017	10.3
25048	10.3
25194	10.3
25312	10.3
25333	10.3
25358	10.3
25371	10.3
25650	10.3
25715	10.3
25798	10.3
25926	10.3
26028	10.3
26701	10.3
27166	10.3
27345	10.3
27643	10.3
27910	10.3
28139	10.3
28390	10.3
28539	10.3
28549	10.3
28623	10.3
28768	10.3
28852	10.3
29416	10.3
29456	10.3
29475	10.3
29642	10.3
29881	10.3
30163	10.3
30665	10.3
30861	10.3
31050	10.3
31233	10.3
31502	10.3
31521	10.3
31540	10.3
31763	10.3
31825	10.3
32079	10.3
32089	10.3
32504	10.3
32618	10.3
32808	10.3
32925	10.3
33149	10.3
33471	10.3
33716	10.3
33790	10.3
33905	10.3
33958	10.3
33970	10.3
34051	10.3
34116	10.3
34482	10.3
34627	10.3
35433	10.3
35861	10.3
36056	10.3
36103	10.3
36162	10.3
36172	10.3
36193	10.3
36252	10.3
36262	10.3
36276	10.3
36335	10.3
36453	10.3
36521	10.3
36896	10.3
36906	10.3
36946	10.3
36999	10.3
37058	10.3
37104	10.3
37148	10.3
37188	10.3
38601	10.3
38781	10.3
38791	10.3
39147	10.3
39349	10.3
39513	10.3
39677	10.3
39742	10.3
39792	10.3
39872	10.3
40012	10.3
40272	10.3
40542	10.3
40700	10.3
41302	10.3
41388	10.3
41891	10.3
42018	10.3
42030	10.3
42040	10.3
42179	10.3
42284	10.3
42442	10.3
42610	10.3
42620	10.3
42641	10.3
42768	10.3
42842	10.3
42979	10.3
43242	10.3
43307	10.3
43493	10.3
43534	10.3
43544	10.3
43837	10.3
44222	10.3
44612	10.3
44622	10.3
44650	10.3
45056	10.3
45322	10.3
45663	10.3
45744	10.3
45766	10.3
45840	10.3
46128	10.3
46178	10.3
46311	10.3
46321	10.4
46395	10.4
46584	10.4
46686	10.4
46758	10.4
46844	10.4
47263	10.4
47653	10.4
47663	10.4
48047	10.4
48184	10.4
48194	10.4
48323	10.4
48404	10.4
48667	10.4
48695	10.4
48816	10.4
48946	10.4
48986	10.4
49098	10.4
49132	10.4
49222	10.4
49368	10.4
49501	10.4
49737	10.4
49765	10.4
49775	10.4
49796	10.4
50047	10.4
50093	10.4
50233	10.4
50264	10.4
50453	10.4
50608	10.4
50688	10.4
50741	10.4
50763	10.4
50967	10.4
50983	10.4
51327	10.4
51342	10.3
51919	10.3
52229	10.3
52393	10.3
52620	10.3
52630	10.4
52666	10.4
52691	10.4
52756	10.4
52927	10.4
53202	10.4
53398	10.4
53435	10.4
53463	10.4
53537	10.4
53689	10.4
53764	10.4
53801	10.4
53819	10.4
54089	10.4
54306	10.4
54675	10.4
54938	10.4
55171	10.4
55394	10.4
55741	10.4
55766	10.4
55819	10.4
55837	10.4
55946	10.3
56237	10.3
56541	10.3
56616	10.3
56764	10.3
56774	10.4
57046	10.4
57422	10.4
57834	10.4
57844	10.4
58091	10.4
58758	10.4
58937	10.4
59009	10.4
59061	10.4
59179	10.4
59387	10.4
59440	10.4
59526	10.4
59536	10.4
60202	10.4
60677	10.4
60723	10.4
60785	10.4
60797	10.4
60856	10.4
60968	10.4
61002	10.4
61033	10.4
61126	10.4
61328	10.4
61352	10.4
61545	10.4
61579	10.4
61589	10.4
61607	10.4
61703	10.4
61743	10.4
61833	10.4
61873	10.4
61954	10.4
62044	10.4
62140	10.4
62298	10.4
62308	10.4
62351	10.4
62385	10.4
62679	10.4
62971	10.4
63219	10.4
63457	10.4
63470	10.4
63485	10.4
63594	10.4
63618	10.4
63904	10.4
63944	10.4
63954	10.4
64059	10.4
64161	10.4
64424	10.4
64434	10.4
64444	10.4
64561	10.4
64893	10.4
65103	10.4
65116	10.4
65243	10.4
65599	10.4
65742	10.4
66160	10.4
66312	10.4
66796	10.4
66870	10.4
66880	10.4
66890	10.4
67025	10.4
67307	10.4
67323	10.4
67333	10.4
67391	10.4
67518	10.4
67673	10.4
67732	10.4
67742	10.4
67903	10.4
68113	10.4
68234	10.4
68256	10.4
68299	10.4
68321	10.4
68516	10.4
69657	10.4
69980	10.4
70119	10.4
70349	10.4
70392	10.4
70662	10.4
70672	10.4
70869	10.4
71130	10.4
71399	10.4
72608	10.4
72674	10.4
73176	10.4
73186	10.4
73196	10.5
73405	10.5
73427	10.5
73501	10.5
73597	10.5
73731	10.5
73907	10.5
74093	10.5
74543	10.5
74599	10.5
74806	10.5
75123	10.4
75367	10.4
75650	10.4
75839	10.4
76000	10.4
76046	10.4
76071	10.4
76173	10.4
76800	10.4
76896	10.4
77178	10.4
77317	10.4
77699	10.4
77782	10.4
77891	10.4
77996	10.4
78058	10.4
78105	10.4
78536	10.4
78815	10.4
78825	10.4
78846	10.4
78895	10.4
79050	10.4
79069	10.4
79218	10.4
79444	10.4
79602	10.4
79791	10.4
79828	10.4
80027	10.4
80275	10.4
80287	10.4
80535	10.4
80659	10.4
80715	10.4
80873	10.4
81050	10.4
81307	10.4
81608	10.4
82696	10.4
82978	10.4
83303	10.4
83331	10.4
83440	10.4
83558	10.4
83607	10.4
83685	10.4
83905	10.4
83930	10.4
83951	10.4
84463	10.4
84509	10.4
84519	10.4
84791	10.4
84853	10.4
84940	10.4
85287	10.4
85384	10.4
85563	10.4
85585	10.4
85595	10.4
85985	10.4
86004	10.4
86137	10.4
86341	10.4
86360	10.4
86496	10.4
86534	10.4
86544	10.4
86617	10.4
86834	10.4
87355	10.4
87417	10.4
87647	10.4
87668	10.4
87792	10.4
88037	10.4
88130	10.4
88189	10.4
88329	10.4
88372	10.4
88852	10.4
88899	10.4
89110	10.4
89206	10.4
89240	10.4
89280	10.4
89389	10.4
89807	10.4
89848	10.4
89879	10.4
90120	10.4
90316	10.4
90412	10.4
90747	10.4
90821	10.4
90911	10.4
91013	10.4
91035	10.4
91109	10.4
91363	10.4
92312	10.4
92641	10.4
92892	10.4
92932	10.4
93019	10.4
93034	10.4
93158	10.4
93208	10.4
93707	10.4
93723	10.4
93896	10.4
94150	10.4
94346	10.4
94910	10.4
95021	10.4
95226	10.4
95236	10.4
95455	10.4
95796	10.4
95806	10.4
95821	10.4
95831	10.4
95874	10.4
96559	10.4
96590	10.4
96621	10.4
96714	10.4
96984	10.4
97260	10.4
97498	10.4
97632	10.4
97715	10.4
97734	10.4
97836	10.4
98435	10.4
98617	10.4
98627	10.4
98637	10.4
98686	10.4
98872	10.4
98996	10.4
99011	10.4
99160	10.4
99241	10.4
99358	10.4
99389	10.4
99464	10.4
100260	10.4
100812	10.4
101020	10.4
101156	10.4
101240	10.4
101494	10.4
101621	10.4
101783	10.4
101900	10.4
102173	10.4
102520	10.4
103590	10.4
103661	10.4
104086	10.4
104272	10.4
104526	10.4
104597	10.4
104666	10.4
104684	10.4
105016	10.4
105248	10.4
105261	10.4
105360	10.4
105419	10.4
105568	10.4
105664	10.4
105701	10.4
105937	10.4
106553	10.4
106693	10.4
106860	10.4
106888	10.4
107018	10.4
107080	10.4
107118	10.4
107248	10.4
107567	10.4
107586	10.4
107596	10.4
107611	10.4
107812	10.4
108085	10.4
108252	10.4
108311	10.4
108506	10.4
108857	10.4
109123	10.4
109223	10.4
109266	10.4
109393	10.4
109436	10.4
109477	10.4
109517	10.4
109613	10.4
109753	10.4
109967	10.4
110109	10.4
110137	10.4
110298	10.4
110379	10.4
110556	10.4
110574	10.4
110584	10.4
110757	10.4
110769	10.4
110788	10.4
110835	10.4
110856	10.4
111030	10.4
111151	10.4
111161	10.4
111269	10.4
111287	10.4
111854	10.4
111957	10.4
112127	10.4
112230	10.4
112899	10.4
113008	10.4
113042	10.4
113063	10.4
113200	10.4
113246	10.4
113426	10.4
113501	10.4
113721	10.4
113966	10.4
114148	10.4
114294	10.4
114406	10.4
114936	10.4
114958	10.4
115240	10.4
115250	10.4
115336	10.4
115739	10.4
115754	10.4
115974	10.4
116012	10.4
116489	10.4
116563	10.4
116697	10.4
116709	10.4
116880	10.4
116954	10.4
117447	10.4
117500	10.4
118058	10.4
118068	10.4
118699	10.4
118721	10.4
118953	10.4
119034	10.4
119344	10.4
119428	10.4
119505	10.4
119685	10.4
119877	10.4
120119	10.4
120497	10.4
120541	10.4
120711	10.4
120798	10.4
121179	10.4
121285	10.4
121297	10.4
121328	10.4
121356	10.4
121418	10.4
121433	10.4
121533	10.4
121979	10.4
122001	10.4
122187	10.4
122215	10.4
122376	10.4
122447	10.4
122478	10.4
122838	10.4
122881	10.4
122971	10.4
122981	10.4
123008	10.4
123076	10.4
123194	10.4
123411	10.4
123452	10.4
123721	10.4
123755	10.4
123827	10.4
124171	10.4
124230	10.4
124307	10.4
124357	10.4
124372	10.4
124391	10.4
124471	10.4
124998	10.4
125033	10.4
125215	10.4
125287	10.4
125451	10.4
125671	10.4
125773	10.4
125795	10.4
126455	10.4
126765	10.4
126862	10.4
127110	10.4
127234	10.4
127345	10.4
128058	10.4
128139	10.4
128167	10.4
128232	10.4
128242	10.4
128350	10.4
128415	10.4
128622	10.4
129069	10.4
129087	10.4
129097	10.4
129202	10.4
129212	10.4
129438	10.4
129450	10.4
129586	10.4
129714	10.4
129748	10.4
129760	10.4
129770	10.4
129893	10.4
130110	10.4
130123	10.4
130141	10.4
130151	10.4
130312	10.4
130411	10.4
130687	10.4
130752	10.4
131431	10.4
131465	10.4
131608	10.4
131710	10.4
131722	10.4
131812	10.4
131822	10.4
131856	10.4
132004	10.4
132048	10.4
132107	10.4
132178	10.4
132188	10.4
132243	10.4
132265	10.4
132668	10.4
132727	10.4
133058	10.4
133244	10.4
133282	10.4
133292	10.4
133353	10.4
133378	10.4
133508	10.4
133539	10.4
134044	10.4
134178	10.4
134317	10.4
134376	10.4
134401	10.4
134565	10.4
134841	10.4
134940	10.4
135018	10.4
135030	10.4
135433	10.4
135492	10.4
135755	10.4
135777	10.4
135886	10.4
136279	10.4
136394	10.4
136803	10.4
136813	10.4
136853	10.4
137082	10.4
137163	10.4
137299	10.4
137340	10.4
137364	10.4
137677	10.4
137687	10.4
137743	10.4
137994	10.4
138068	10.4
138273	10.4
138366	10.4
138781	10.4
138797	10.4
138807	10.4
138973	10.4
139103	10.4
139255	10.4
139348	10.4
139435	10.4
139463	10.4
139506	10.4
139516	10.4
139789	10.4
140021	10.4
140105	10.4
140207	10.4
140564	10.4
140700	10.4
140725	10.4
140926	10.4
140991	10.4
141298	10.4
141410	10.4
141509	10.4
141661	10.4
141711	10.4
141721	10.4
141760	10.4
141940	10.4
142197	10.4
142427	10.4
142482	10.4
142557	10.4
142833	10.4
143208	10.4
143270	10.4
143673	10.4
143683	10.4
144175	10.4
144414	10.4
144429	10.4
144491	10.4
144575	10.4
144671	10.4
144761	10.4
144885	10.4
145285	10.4
145675	10.4
145716	10.4
145772	10.4
146035	10.4
146348	10.4
146382	10.4
146466	10.4
146512	10.4
146578	10.4
146853	10.4
146863	10.4
146965	10.4
147269	10.4
147433	10.4
147566	10.4
147591	10.4
147678	10.4
147749	10.4
148131	10.4
148233	10.4
148459	10.4
148664	10.4
148903	10.4
148918	10.4
149116	10.4
149166	10.4
149237	10.4
149284	10.4
149420	10.4
149507	10.4
149517	10.4
149527	10.4
149705	10.4
150093	10.4
150372	10.4
150382	10.4
150456	10.4
150539	10.4
150806	10.4
150843	10.4
150868	10.4
150878	10.4
151091	10.4
151107	10.4
151466	10.4
151662	10.4
151686	10.4
152136	10.4
152368	10.4
152402	10.4
152502	10.4
152514	10.4
152524	10.4
153407	10.4
153804	10.4
154052	10.4
154117	10.4
154228	10.4
154352	10.4
154445	10.4
154545	10.4
154641	10.4
155149	10.4
155205	10.4
155215	10.4
155225	10.4
155688	10.4
155806	10.4
155884	10.4
156101	10.4
156129	10.4
156439	10.4
156618	10.4
156910	10.4
156920	10.4
157189	10.4
157319	10.4
