2020-04-16 20:42:01

CONFIGURATION:
{u'simulation': {u'stdev_factor': 0.01, u'power_mgmt_enabled': False, u'tasks': {u'loc': {u'mean_service_time': {u'gpu': 90, u'cpu_core': 200, u'loc_accel': 10}, u'priority': 1, u'deadline': 1000, u'stdev_service_time': {u'gpu': 0.9, u'cpu_core': 2.0, u'loc_accel': 0.1}, u'power': {u'gpu': 4.457, u'cpu_core': 6.133, u'loc_accel': 0.02197}}, u'detect': {u'mean_service_time': {u'gpu': 0.4607, u'cpu_core': 3.654, u'det_accel': 0.278}, u'priority': 2, u'deadline': 1000, u'stdev_service_time': {u'gpu': 0.004607, u'cpu_core': 0.03654, u'det_accel': 0.0027800000000000004}, u'power': {u'gpu': 90, u'cpu_core': 200, u'det_accel': 10}}, u'Frontier': {u'mean_service_time': {u'cpu_core': 396}, u'priority': 9, u'deadline': 1000, u'stdev_service_time': {u'cpu_core': 3.96}, u'power': {u'cpu_core': 5.98}}, u'track': {u'mean_service_time': {u'gpu': 17, u'tra_accel': 2, u'cpu_core': 1820}, u'priority': 3, u'deadline': 1000, u'stdev_service_time': {u'gpu': 0.17, u'tra_accel': 0.02, u'cpu_core': 18.2}, u'power': {u'gpu': 12.79, u'tra_accel': 0.59, u'cpu_core': 5.6}}, u'sp': {u'mean_service_time': {u'gpu': 379, u'cpu_core': 1004}, u'priority': 11, u'deadline': 1000, u'stdev_service_time': {u'gpu': 3.79, u'cpu_core': 10.040000000000001}, u'power': {u'gpu': 3.302, u'cpu_core': 1004}}, u'mission': {u'mean_service_time': {u'cpu_core': 0.0022}, u'priority': 5, u'deadline': 1000, u'stdev_service_time': {u'cpu_core': 2.2000000000000003e-05}, u'power': {u'cpu_core': 3.534}}, u'motion': {u'mean_service_time': {u'cpu_core': 8}, u'priority': 6, u'deadline': 1000, u'stdev_service_time': {u'cpu_core': 0.08}, u'power': {u'cpu_core': 4.222}}, u'collision': {u'mean_service_time': {u'cpu_core': 8}, u'priority': 7, u'deadline': 1000, u'stdev_service_time': {u'cpu_core': 0.08}, u'power': {u'cpu_core': 0}}, u'fusion': {u'mean_service_time': {u'cpu_core': 1}, u'priority': 4, u'deadline': 1000, u'stdev_service_time': {u'cpu_core': 0.01}, u'power': {u'cpu_core': 0}}, u'map': {u'mean_service_time': {u'gpu': 761, u'cpu_core': 973}, u'priority': 10, u'deadline': 1000, u'stdev_service_time': {u'gpu': 7.61, u'cpu_core': 9.73}, u'power': {u'gpu': 3.533, u'cpu_core': 2.995}}, u'path': {u'mean_service_time': {u'cpu_core': 8}, u'priority': 8, u'deadline': 1000, u'stdev_service_time': {u'cpu_core': 0.08}, u'power': {u'cpu_core': 0}}}, u'sched_policy_module': u'policies.ms3_update2', u'drop': True, u'servers': {u'gpu': {u'count': 2}, u'tra_accel': {u'count': 1}, u'cpu_core': {u'count': 8}, u'loc_accel': {u'count': 1}, u'det_accel': {u'count': 1}}, u'max_tasks_simulated': 10000, u'max_queue_size': 1000000, u'mean_arrival_time': 50, u'arrival_time_scale': 3.1}, u'general': {u'random_seed': 0, u'pre_gen_arrivals': False, u'basename': u'policy:ms3_update2__stdev_factor:0.01', u'output_trace_file': None, u'working_dir': u'/home/hiwot/meta-stomp2/sim_16042020_202749_new_arrival_50_map_rheftmapping_50_trace_50', u'input_trace_file': (False, '../mv_mapping_50_trace_50.trc'), u'logging_level': u'INFO'}}
Time	Response time (avg)
961	951.0
1081	951.0
1912	983.0
2160	975.0
2528	1023.2
2655	1055.3
2695	1078.3
2879	1062.4
3154	1079.4
3205	1066.6
3532	1080.2
3551	1091.5
3561	1101.1
3758	1122.1
3830	1120.8
3871	1126.8
4050	1132.1
4156	1136.9
4380	1152.6
4748	1178.8
4781	1203.0
5107	1219.2
5389	1219.0
5476	1218.9
5510	1218.8
5615	1218.7
6271	1208.8
6293	1199.6
6576	1200.1
6672	1200.7
6709	1201.2
7128	1201.6
7258	1202.1
7288	1194.7
7443	1187.7
7801	1188.5
7844	1189.2
8472	1183.0
8649	1177.0
8991	1178.0
9013	1178.9
9317	1179.8
9423	1176.3
9718	1171.2
10256	1172.2
10374	1171.9
10457	1172.9
10603	1173.8
10669	1172.2
10972	1173.0
11325	1172.7
11353	1173.6
11620	1170.7
12094	1171.6
12234	1172.4
12276	1170.1
12571	1168.2
13064	1169.1
13302	1165.4
13522	1165.3
13768	1166.1
14025	1166.9
14402	1163.5
14551	1160.2
15207	1161.0
15377	1161.9
15453	1158.7
15527	1155.7
15941	1156.5
15951	1157.4
16121	1158.2
16404	1158.0
16479	1157.4
16753	1158.2
17583	1155.4
17893	1152.7
18276	1153.6
18733	1151.0
18844	1148.8
19261	1149.6
19373	1150.4
19485	1151.2
19733	1152.0
19778	1149.6
19883	1147.3
20204	1148.1
20729	1146.4
21055	1144.2
21726	1145.0
21886	1142.8
22013	1140.7
22420	1141.5
22473	1142.3
22597	1143.1
22727	1143.9
22837	1143.4
22882	1144.2
22964	1143.8
23490	1144.6
23753	1145.3
23904	1143.4
24139	1141.5
24668	1142.2
24678	1142.9
24855	1141.6
25178	1139.8
25517	1140.5
25796	1141.2
26263	1139.4
26284	1137.7
26574	1138.4
26587	1139.1
26866	1139.8
26931	1140.5
27014	1141.1
27142	1141.8
27244	1142.4
28296	1140.8
28594	1139.2
29341	1137.6
29545	1136.5
29765	1137.2
29839	1137.8
29984	1138.5
30426	1137.0
30593	1135.5
31379	1136.1
32001	1134.7
32184	1133.2
32718	1133.9
32756	1134.5
32979	1135.1
33030	1133.7
33455	1132.4
33981	1131.8
34024	1132.4
34365	1133.0
34422	1131.7
34932	1131.0
35174	1131.6
35186	1132.2
35267	1132.8
35433	1131.5
36384	1130.2
37054	1129.0
37335	1129.2
37409	1129.8
37468	1130.4
37737	1131.0
38005	1130.8
38215	1131.3
38274	1131.9
38286	1131.7
38404	1132.5
39552	1131.3
39742	1130.2
40363	1130.7
40503	1130.8
40693	1130.1
40729	1130.7
41008	1131.2
41488	1131.7
41493	1130.6
41651	1129.5
42444	1129.6
42604	1130.1
42969	1129.0
43256	1129.6
43395	1128.5
43658	1130.0
43826	1130.5
43836	1131.0
43921	1130.7
44058	1131.6
44195	1132.1
44346	1131.5
44523	1132.4
44750	1132.8
44874	1133.9
45173	1132.9
45563	1131.9
45866	1132.4
46124	1132.0
46538	1132.5
46614	1131.5
46960	1132.0
46982	1132.4
47056	1132.9
47079	1131.9
47537	1132.3
47565	1131.5
47902	1132.0
47974	1132.4
48060	1132.8
48214	1131.9
48614	1131.0
49165	1130.9
49400	1131.4
49410	1131.8
49539	1132.2
49618	1131.3
50032	1131.7
50116	1131.2
50584	1131.6
50716	1130.7
50991	1131.1
51067	1130.6
51309	1131.0
51449	1131.4
51667	1131.0
51669	1131.4
51904	1131.8
51957	1132.2
51979	1132.6
52278	1131.8
52558	1132.2
53180	1131.3
53344	1130.5
53836	1130.9
53846	1131.3
53882	1131.7
54143	1132.1
54349	1131.2
54386	1130.4
54753	1130.8
54905	1131.2
54980	1131.6
55052	1132.1
55062	1132.6
55300	1132.0
55305	1132.3
55626	1131.6
56154	1131.9
56345	1131.1
56692	1130.4
56982	1130.7
57035	1131.1
57053	1131.5
57162	1131.8
57296	1131.5
57643	1131.1
57980	1131.4
57990	1131.8
58262	1132.1
58373	1131.4
58785	1130.6
59060	1131.0
59307	1131.3
59709	1130.6
59960	1129.9
60656	1130.2
60660	1130.2
61628	1129.5
61674	1128.8
62001	1129.2
62013	1129.5
62072	1129.9
62249	1130.2
62342	1130.5
62544	1130.8
62568	1131.2
62579	1130.8
62625	1130.4
63234	1131.9
63339	1133.3
63465	1135.0
63530	1136.7
63576	1136.9
63712	1138.5
63760	1139.7
63792	1141.0
64289	1142.7
64481	1142.3
64527	1141.9
64565	1143.6
64689	1147.9
65050	1149.4
65432	1148.9
65443	1150.3
65462	1150.8
65478	1153.4
65478	1155.9
65650	1156.2
65660	1156.4
66266	1157.2
66383	1157.1
66410	1157.6
66429	1160.0
66815	1160.2
67376	1160.4
67747	1159.7
67821	1159.0
68096	1159.2
68241	1159.4
68734	1159.6
69064	1158.9
69185	1158.2
69472	1158.4
69515	1158.5
69537	1158.7
69732	1158.9
70931	1158.2
71070	1157.6
71565	1157.8
71878	1157.9
71882	1157.5
73559	1156.8
73625	1156.1
74402	1156.3
74412	1156.5
74510	1156.3
74576	1156.0
74813	1156.2
74947	1156.4
75309	1156.6
75494	1155.9
75550	1155.3
76022	1155.5
76601	1154.8
76790	1154.2
77216	1154.4
77287	1154.6
77389	1154.8
77751	1154.1
77847	1153.5
78394	1153.7
78533	1153.9
78733	1153.3
78947	1152.7
79274	1152.9
79321	1153.1
79684	1153.0
79898	1152.8
80062	1153.0
80434	1153.2
80635	1152.8
80660	1153.0
80849	1152.8
81044	1152.9
81243	1153.1
81503	1153.3
81586	1153.0
81800	1152.8
81931	1153.2
82523	1153.3
82559	1152.8
83647	1152.2
83929	1151.6
84547	1151.8
84598	1151.3
84774	1151.5
84823	1152.2
84902	1151.6
85549	1151.3
85735	1151.5
85853	1151.0
86536	1150.5
86936	1149.9
87220	1150.1
87353	1150.3
87487	1150.3
87712	1150.5
87750	1150.6
87760	1150.8
87887	1150.5
88438	1150.4
88633	1150.5
88838	1150.3
88863	1150.4
89253	1150.6
89346	1150.8
89389	1150.4
89405	1150.6
89803	1150.1
90115	1150.2
90326	1150.4
90340	1150.4
90605	1150.6
90758	1150.0
91095	1150.2
91336	1150.4
91772	1149.9
91964	1149.3
93592	1148.8
93843	1148.3
94148	1148.5
94235	1148.7
94250	1148.8
94374	1149.0
94424	1149.2
94847	1148.7
95101	1148.2
95972	1147.7
96187	1147.2
96923	1147.1
97022	1147.3
97510	1146.8
97806	1147.0
97837	1147.1
97874	1147.2
98461	1146.7
98476	1146.9
98825	1146.8
98848	1147.0
99568	1146.5
99776	1146.5
99853	1146.7
100088	1146.8
100212	1147.0
100227	1147.2
100376	1147.3
100457	1147.5
100519	1147.5
100605	1147.7
100680	1147.9
101763	1147.4
101971	1146.9
102372	1147.1
102456	1147.2
102710	1147.4
102714	1147.3
102922	1147.3
103116	1147.4
104612	1147.0
105037	1146.5
105488	1146.7
105563	1146.2
105813	1146.6
105900	1146.7
106311	1146.3
106514	1146.2
106784	1146.3
106880	1146.5
106917	1146.6
107644	1146.2
107811	1145.7
108234	1145.9
108296	1146.1
108334	1146.2
108595	1145.9
108762	1146.0
108802	1146.1
108812	1146.3
109028	1146.4
109301	1146.6
109512	1146.8
109550	1147.0
110074	1146.6
110174	1146.2
110482	1146.3
110609	1146.5
110733	1146.6
110969	1146.8
111025	1146.6
111125	1146.3
111353	1146.5
111514	1146.6
111772	1146.8
111790	1146.9
111800	1147.1
111973	1147.2
111976	1147.3
112076	1147.7
112199	1148.1
112449	1148.4
112730	1149.3
112927	1150.4
113027	1150.3
113070	1150.4
113189	1152.0
113501	1152.5
113878	1152.1
113978	1151.7
114258	1151.9
114279	1152.0
114416	1152.1
114642	1152.3
115245	1151.8
115357	1151.4
116152	1151.5
116174	1151.7
116196	1151.3
116308	1151.1
116552	1151.2
116955	1151.4
116970	1151.5
117147	1151.5
117190	1151.6
117440	1151.2
117913	1151.3
117925	1151.4
118096	1151.6
118098	1151.6
118398	1151.1
118716	1151.3
119049	1150.9
119672	1150.5
120000	1150.3
120560	1150.5
120636	1150.1
120644	1150.2
120951	1150.0
121335	1150.2
121662	1149.8
122236	1149.4
122513	1149.5
122544	1149.6
122572	1149.8
122613	1149.6
122634	1149.8
123195	1149.9
123217	1150.0
123327	1149.6
123564	1149.6
123694	1149.7
124187	1149.8
124197	1150.0
124224	1150.1
124324	1150.3
124403	1149.9
124672	1149.5
124971	1149.6
125043	1149.8
125354	1149.7
125387	1149.8
125523	1150.0
125573	1150.1
125623	1150.1
126214	1150.2
126305	1150.1
126574	1150.1
126887	1150.2
126989	1150.3
127406	1149.9
128061	1149.6
128357	1149.5
128561	1149.6
129090	1149.3
129308	1149.1
130041	1148.8
130259	1148.6
130428	1148.7
130654	1148.9
130802	1149.0
130930	1149.1
130964	1149.2
130992	1149.1
131210	1149.0
131367	1149.1
131627	1149.2
131903	1149.4
131968	1149.5
132382	1149.1
132559	1148.8
132926	1148.9
132938	1149.0
133028	1149.1
133220	1149.2
133333	1149.1
133459	1149.4
133481	1149.5
133678	1149.1
134274	1149.3
134284	1149.0
134594	1149.1
134629	1149.1
134755	1149.2
135235	1149.0
135260	1149.1
135533	1149.3
135580	1149.0
135592	1149.1
135617	1149.3
136057	1149.4
136156	1149.5
136186	1149.5
136340	1149.8
136531	1149.7
136708	1149.8
136971	1149.9
136993	1150.0
137137	1150.2
137754	1149.9
138029	1150.0
138069	1150.1
138114	1149.8
138556	1149.9
138705	1149.7
138903	1149.8
138959	1149.9
139065	1149.6
139284	1149.9
139489	1150.0
139732	1149.7
140013	1149.8
140023	1149.9
140206	1149.5
140651	1149.7
140732	1149.8
140740	1149.4
141157	1149.3
141691	1149.2
142142	1149.3
142249	1149.0
142626	1149.1
142642	1149.1
142877	1149.2
143156	1149.3
143200	1149.1
143593	1149.0
143643	1149.1
143773	1149.2
144049	1149.3
144159	1149.0
144486	1149.1
144624	1148.8
144899	1148.9
145365	1148.6
145575	1148.5
145791	1148.6
145977	1148.7
146101	1148.8
146626	1148.5
146723	1148.2
147251	1148.3
147564	1148.4
147577	1148.3
147598	1148.4
147814	1148.1
148528	1148.0
148765	1147.8
148807	1147.9
148965	1148.1
149347	1148.2
149449	1148.3
149479	1148.1
149716	1148.0
150119	1148.1
150134	1148.2
150382	1148.3
150430	1148.3
150453	1148.4
150636	1148.5
150667	1148.5
150964	1148.9
151071	1149.3
151193	1150.1
151335	1150.2
151381	1150.0
151610	1150.1
151618	1150.2
151852	1150.4
152022	1150.5
152167	1150.7
152180	1151.0
152332	1151.5
152569	1151.4
152902	1151.5
153319	1151.2
153520	1151.0
153718	1151.3
153730	1151.4
153740	1151.4
155003	1151.1
155068	1150.8
155444	1150.9
155568	1151.0
156100	1150.7
156166	1150.4
156441	1150.5
156904	1150.6
157052	1150.3
157100	1150.4
157390	1150.1
157834	1150.2
158140	1149.9
158341	1149.8
