2020-04-16 20:42:01

CONFIGURATION:
{u'simulation': {u'stdev_factor': 0.01, u'power_mgmt_enabled': False, u'tasks': {u'loc': {u'mean_service_time': {u'gpu': 90, u'cpu_core': 200, u'loc_accel': 10}, u'priority': 1, u'deadline': 1000, u'stdev_service_time': {u'gpu': 0.9, u'cpu_core': 2.0, u'loc_accel': 0.1}, u'power': {u'gpu': 4.457, u'cpu_core': 6.133, u'loc_accel': 0.02197}}, u'detect': {u'mean_service_time': {u'gpu': 0.4607, u'cpu_core': 3.654, u'det_accel': 0.278}, u'priority': 2, u'deadline': 1000, u'stdev_service_time': {u'gpu': 0.004607, u'cpu_core': 0.03654, u'det_accel': 0.0027800000000000004}, u'power': {u'gpu': 90, u'cpu_core': 200, u'det_accel': 10}}, u'Frontier': {u'mean_service_time': {u'cpu_core': 396}, u'priority': 9, u'deadline': 1000, u'stdev_service_time': {u'cpu_core': 3.96}, u'power': {u'cpu_core': 5.98}}, u'track': {u'mean_service_time': {u'gpu': 17, u'tra_accel': 2, u'cpu_core': 1820}, u'priority': 3, u'deadline': 1000, u'stdev_service_time': {u'gpu': 0.17, u'tra_accel': 0.02, u'cpu_core': 18.2}, u'power': {u'gpu': 12.79, u'tra_accel': 0.59, u'cpu_core': 5.6}}, u'sp': {u'mean_service_time': {u'gpu': 379, u'cpu_core': 1004}, u'priority': 11, u'deadline': 1000, u'stdev_service_time': {u'gpu': 3.79, u'cpu_core': 10.040000000000001}, u'power': {u'gpu': 3.302, u'cpu_core': 1004}}, u'mission': {u'mean_service_time': {u'cpu_core': 0.0022}, u'priority': 5, u'deadline': 1000, u'stdev_service_time': {u'cpu_core': 2.2000000000000003e-05}, u'power': {u'cpu_core': 3.534}}, u'motion': {u'mean_service_time': {u'cpu_core': 8}, u'priority': 6, u'deadline': 1000, u'stdev_service_time': {u'cpu_core': 0.08}, u'power': {u'cpu_core': 4.222}}, u'collision': {u'mean_service_time': {u'cpu_core': 8}, u'priority': 7, u'deadline': 1000, u'stdev_service_time': {u'cpu_core': 0.08}, u'power': {u'cpu_core': 0}}, u'fusion': {u'mean_service_time': {u'cpu_core': 1}, u'priority': 4, u'deadline': 1000, u'stdev_service_time': {u'cpu_core': 0.01}, u'power': {u'cpu_core': 0}}, u'map': {u'mean_service_time': {u'gpu': 761, u'cpu_core': 973}, u'priority': 10, u'deadline': 1000, u'stdev_service_time': {u'gpu': 7.61, u'cpu_core': 9.73}, u'power': {u'gpu': 3.533, u'cpu_core': 2.995}}, u'path': {u'mean_service_time': {u'cpu_core': 8}, u'priority': 8, u'deadline': 1000, u'stdev_service_time': {u'cpu_core': 0.08}, u'power': {u'cpu_core': 0}}}, u'sched_policy_module': u'policies.ms3_update2', u'drop': True, u'servers': {u'gpu': {u'count': 2}, u'tra_accel': {u'count': 1}, u'cpu_core': {u'count': 8}, u'loc_accel': {u'count': 1}, u'det_accel': {u'count': 1}}, u'max_tasks_simulated': 10000, u'max_queue_size': 1000000, u'mean_arrival_time': 50, u'arrival_time_scale': 3.1}, u'general': {u'random_seed': 0, u'pre_gen_arrivals': False, u'basename': u'policy:ms3_update2__stdev_factor:0.01', u'output_trace_file': None, u'working_dir': u'/home/hiwot/meta-stomp2/sim_16042020_202749_new_arrival_50_map_rheftmapping_50_trace_50', u'input_trace_file': (False, '../mv_mapping_50_trace_50.trc'), u'logging_level': u'INFO'}}
Time	Response time (avg)
699	1.0
1281	1.0
1462	1.0
1582	1.0
1918	1.0
2224	1.0
2539	2.0
2542	2.5
2713	2.9
2716	4.0
2719	4.5
3161	4.6
3164	4.7
3164	4.6
3874	11.5
4076	11.4
4079	12.2
4082	12.0
4160	11.4
4164	11.0
4199	10.5
4266	10.1
4375	9.7
4547	9.3
4556	9.0
4787	8.7
4881	8.4
4983	8.1
5215	7.9
5249	7.7
5249	7.5
5393	7.2
5482	7.1
5608	6.9
5621	6.7
5912	6.6
5950	6.4
5966	6.3
6299	6.1
6580	6.0
6772	5.9
6920	5.8
7074	5.7
7113	5.5
7134	5.4
7413	5.3
7652	5.3
7759	5.2
7789	5.1
7805	5.0
7944	4.9
8095	4.8
8345	4.8
8478	4.7
8632	4.6
8655	4.6
8712	4.5
9021	4.5
9022	4.4
9321	4.4
9379	4.3
9429	4.3
9492	4.2
9707	4.2
9724	4.1
10658	4.1
10859	4.0
10877	4.0
10935	3.9
11005	3.9
11170	3.8
11226	3.8
11331	3.8
11374	3.7
11626	3.7
11818	3.7
11856	3.6
11927	3.6
12100	3.6
12259	3.5
12282	3.5
12735	3.5
13072	3.4
13466	3.4
13772	3.4
13805	3.3
14023	3.3
14029	3.3
14175	3.3
14408	3.2
14416	3.2
14568	3.2
15052	3.2
15228	3.1
15455	3.1
15461	3.1
15708	3.1
15779	3.1
15947	3.1
15959	3.1
15960	3.0
15970	3.0
16030	3.0
16622	3.0
16759	3.0
16907	2.9
16982	2.9
17082	2.9
17367	2.9
17612	2.9
17899	2.9
18084	2.8
18280	2.8
19234	2.8
19265	2.8
19347	2.8
19377	2.8
19432	2.7
19705	2.7
19784	2.7
19986	2.7
20135	2.7
20139	2.7
20210	2.7
20386	2.6
20415	2.6
20656	2.6
20735	2.6
21131	2.6
21416	2.6
21556	2.6
21751	2.6
21791	2.5
21892	2.5
22008	2.5
22123	2.5
22128	2.5
22424	2.5
22516	2.5
22551	2.5
22731	2.5
22843	2.5
22886	2.4
22970	2.4
22976	2.4
23001	2.4
23561	2.4
23757	2.4
23892	2.4
24327	2.4
24405	2.4
24438	2.4
24640	2.4
24682	2.4
25021	2.3
25052	2.3
25070	2.3
25198	2.3
25356	2.3
25679	2.3
25919	2.3
26198	2.3
26269	2.3
26290	2.3
26580	2.3
26593	2.3
26705	2.2
26872	2.2
26937	2.2
27148	2.2
27170	2.2
27515	2.2
27747	2.2
27914	2.2
28143	2.2
28600	2.2
28797	2.2
28856	2.2
29420	2.2
29460	2.2
29551	2.1
29842	2.1
29885	2.1
29990	2.1
30169	2.1
30243	2.1
30432	2.1
30669	2.1
30865	2.1
31094	2.1
31385	2.1
31525	2.1
31829	2.1
32093	2.1
32190	2.1
32502	2.1
32622	2.1
32722	2.1
33036	2.0
33257	2.0
33383	2.0
33461	2.0
33720	2.0
33794	2.0
34120	2.0
34369	2.0
34426	2.0
34484	2.0
34631	2.0
34925	2.0
34938	2.0
35192	2.0
35273	2.0
35439	2.0
35576	2.0
35865	2.0
36060	2.0
36166	2.0
36266	1.9
36280	1.9
36339	1.9
36390	1.9
36457	1.9
36900	1.9
36950	1.9
37060	1.9
37108	1.9
37741	1.9
37811	1.9
37838	1.9
37872	1.9
38011	1.9
38280	1.9
38292	1.9
38716	1.9
38785	1.9
38907	1.9
39558	1.9
39746	1.9
39876	1.9
40016	1.9
40243	1.9
40367	1.9
40509	1.9
40699	1.8
41230	1.8
41492	1.8
41499	1.8
41509	1.8
41657	1.8
41895	1.8
42034	1.8
42183	1.8
42450	1.8
42645	1.8
43006	1.8
43479	1.8
43482	1.9
43497	1.9
43839	1.9
43850	1.9
43853	1.9
44062	1.9
44201	1.9
44252	1.9
44336	1.9
44424	1.9
44626	1.9
44756	1.9
44847	1.9
44880	1.9
44927	1.9
45179	1.9
45870	1.9
46064	1.9
46182	1.9
46315	1.9
46399	1.9
46542	1.8
46625	1.8
46986	1.8
47062	1.8
47115	1.8
47364	1.8
47571	1.8
47582	1.8
47657	1.8
47906	1.8
48038	1.8
48066	1.8
48220	1.8
48408	1.8
48475	1.8
48620	1.8
48699	1.8
48950	1.8
48990	1.8
49136	1.8
49171	1.8
49226	1.8
49414	1.8
49505	1.8
49741	1.8
49800	1.8
49802	1.8
50042	1.8
50121	1.8
50268	1.8
50533	1.8
50590	1.8
50619	1.8
50722	1.8
50971	1.8
50987	1.8
50995	1.8
51073	1.8
51453	1.7
51673	1.7
51711	1.7
51923	1.7
51985	1.7
52073	1.7
52306	1.7
52460	1.7
52695	1.7
52760	1.7
52779	1.7
53059	1.7
53186	1.7
53206	1.7
53467	1.7
53902	1.7
53905	1.8
53908	1.8
54147	1.8
54340	1.8
54355	1.8
54392	1.8
54911	1.8
55066	1.8
55175	1.8
55254	1.8
55311	1.8
55454	1.8
55483	1.8
55801	1.8
56127	1.8
56351	1.8
56545	1.8
56655	1.8
57057	1.8
57168	1.8
57193	1.8
57384	1.8
57437	1.8
57797	1.8
57996	1.7
58144	1.7
58268	1.7
58379	1.7
58384	1.7
58791	1.7
58941	1.7
59065	1.7
59066	1.7
59183	1.7
59313	1.7
59391	1.7
59540	1.7
59966	1.7
60206	1.7
60210	1.7
60972	1.7
61006	1.7
61058	1.7
61161	1.7
61583	1.7
61593	1.7
62078	1.9
62081	1.9
63066	2.5
63237	2.9
63468	3.2
63715	3.8
63795	3.9
64223	3.9
64226	3.9
64243	3.9
64246	3.9
64303	3.9
64330	4.0
64332	4.1
64333	4.1
64335	4.2
64336	4.3
64338	4.3
64339	4.4
64341	4.4
64342	4.5
64344	4.5
64345	4.5
64347	4.6
64692	4.9
65451	5.5
65454	5.5
65491	5.5
65504	5.6
65507	5.6
65510	5.6
65513	5.6
65568	5.6
65654	5.6
65666	5.6
65746	5.6
65955	5.6
65968	5.6
66270	5.6
66316	5.5
66389	5.5
66416	5.5
66435	5.5
66821	5.5
66894	5.5
67311	5.5
67327	5.5
67337	5.5
67395	5.5
67677	5.4
67736	5.4
67746	5.4
67753	5.4
67778	5.4
67827	5.4
67907	5.4
68100	5.4
68247	5.4
69070	5.4
69136	5.3
69191	5.3
69476	5.3
69543	5.3
69661	5.3
70016	5.3
70235	5.3
70396	5.3
70676	5.3
71134	5.3
71403	5.2
71432	5.2
71573	5.2
71884	5.2
71890	5.2
72068	5.2
73180	5.2
73409	5.2
73565	5.2
73631	5.2
73911	5.2
74516	5.1
74804	5.1
74816	5.1
74953	5.1
75079	5.1
75127	5.1
75314	5.1
75317	5.1
75371	5.1
75556	5.1
75995	5.1
76050	5.1
76424	5.0
76796	5.0
77102	5.0
77220	5.0
77293	5.0
77395	5.0
77703	5.0
77853	5.0
77895	5.0
78252	5.0
78398	5.0
78539	5.0
78829	4.9
78899	4.9
79054	4.9
79073	4.9
79234	4.9
79327	4.9
79448	4.9
79775	4.9
79904	4.9
80066	4.9
80187	4.9
80279	4.9
80440	4.9
80664	4.8
80855	4.8
80877	4.8
81054	4.8
81136	4.8
81249	4.8
81446	4.8
81509	4.8
81592	4.8
82301	4.8
82434	4.8
82529	4.8
82565	4.8
83307	4.7
83653	4.7
83689	4.7
83909	4.7
83934	4.7
84430	4.7
84467	4.7
84551	4.7
84604	4.7
84780	4.7
84795	4.7
84944	4.7
85291	4.7
85324	4.7
85388	4.6
85405	4.6
85555	4.6
85567	4.6
85599	4.6
86236	4.6
86356	4.6
86364	4.6
86621	4.6
86942	4.6
87037	4.6
87224	4.6
87359	4.6
87493	4.6
87672	4.6
87893	4.5
88114	4.5
88152	4.5
88261	4.5
88333	4.5
88867	4.5
88939	4.5
89035	4.5
89244	4.5
89259	4.5
89284	4.5
89341	4.5
89350	4.5
89409	4.5
89809	4.5
89852	4.4
89890	4.4
90123	4.4
90320	4.4
90416	4.4
90609	4.4
90728	4.4
90751	4.4
90764	4.4
90843	4.4
90915	4.4
91039	4.4
91113	4.4
91340	4.4
91367	4.4
91499	4.4
91970	4.4
92273	4.3
92316	4.3
93711	4.3
93727	4.3
93849	4.3
94093	4.3
94152	4.3
94241	4.3
94256	4.3
94350	4.3
94380	4.3
94430	4.3
94853	4.3
94914	4.3
95107	4.3
95230	4.3
95459	4.3
95825	4.3
95835	4.2
95878	4.2
96473	4.2
96688	4.2
96929	4.2
96988	4.2
97026	4.2
97516	4.2
97738	4.2
97840	4.2
97841	4.2
98208	4.2
98377	4.2
98439	4.2
98690	4.2
98831	4.2
98852	4.2
98878	4.2
98964	4.2
100215	4.7
100218	4.9
100224	4.9
100233	4.9
100264	4.9
100361	4.9
100382	4.9
100463	4.9
100525	4.9
100596	4.9
100611	4.9
101181	4.9
101769	4.9
102177	4.9
102472	4.8
102524	4.8
102720	4.8
102774	4.8
102858	4.8
102928	4.8
103114	4.8
103122	4.8
103594	4.8
104670	4.8
105020	4.8
105113	4.8
105252	4.8
105265	4.8
105540	4.8
105817	4.8
105890	4.8
105906	4.7
105941	4.7
106066	4.7
106317	4.7
106557	4.7
106892	4.7
107015	4.7
107252	4.7
107285	4.7
107383	4.7
107420	4.7
107650	4.7
108815	4.7
108827	4.7
108828	4.7
108830	4.7
108831	4.7
108833	4.7
108834	4.8
108861	4.7
109131	4.7
109307	4.7
109311	4.7
109440	4.7
109481	4.7
109529	4.7
109617	4.7
110013	4.7
110051	4.7
110080	4.7
110180	4.7
110383	4.7
110486	4.7
110613	4.7
110980	4.7
110983	4.7
111356	4.9
111854	4.9
112270	5.0
112317	5.0
112320	5.0
112360	5.1
112363	5.1
112366	5.1
112369	5.2
112372	5.2
112375	5.2
112705	5.2
112734	5.2
112771	5.2
112853	5.2
112933	5.2
113033	5.2
113074	5.2
113195	5.1
113250	5.1
113505	5.1
113725	5.1
113884	5.1
113970	5.1
113984	5.1
114002	5.1
114152	5.1
114262	5.1
114285	5.1
114917	5.1
115143	5.1
115363	5.1
115746	5.1
116202	5.1
116554	5.1
116567	5.0
116578	5.0
116809	5.0
116954	5.0
116961	5.0
116974	5.0
117446	5.0
117648	5.0
117693	5.0
117917	5.0
117931	5.0
118062	5.0
118102	5.0
118404	5.0
118601	5.0
118703	5.0
118722	5.0
119038	5.0
119509	4.9
119550	4.9
120006	4.9
120173	4.9
120501	4.9
120545	4.9
120802	4.9
121046	4.9
121061	4.9
121139	4.9
121183	4.9
121437	4.9
121452	4.9
121668	4.9
121836	4.9
122191	4.9
122219	4.9
122242	4.9
122548	4.9
122578	4.8
122842	4.8
122885	4.8
122915	4.8
123146	4.8
123149	4.8
123198	4.8
123333	4.8
123415	4.8
123597	4.8
123718	4.8
124065	4.8
124195	4.8
124230	4.8
124709	4.8
124712	4.8
124723	4.8
124726	4.8
124729	4.8
124733	4.8
125037	4.8
125049	4.8
125084	4.8
125291	4.8
125472	4.8
125579	4.8
125629	4.8
125799	4.8
125855	4.8
125890	4.8
126026	4.8
126715	4.8
126769	4.8
126808	4.7
126866	4.7
127075	4.7
127388	4.7
127412	4.7
127492	4.7
128064	4.7
128067	4.7
128171	4.7
128236	4.7
128354	4.7
128363	4.7
128419	4.7
128567	4.7
128626	4.7
129093	4.7
129096	4.7
129101	4.7
129454	4.7
129764	4.7
129774	4.7
129809	4.7
130114	4.6
130127	4.6
130265	4.6
130316	4.6
130432	4.6
130544	4.6
130806	4.6
130936	4.6
130970	4.6
131155	4.6
131373	4.6
131469	4.6
131493	4.6
131633	4.6
131713	4.6
131826	4.6
131860	4.6
131972	4.6
132052	4.6
132111	4.6
132192	4.6
132305	4.6
132890	4.6
132893	4.6
132930	4.6
132944	4.6
133062	4.6
133248	4.5
133296	4.5
133339	4.5
133357	4.5
133465	4.5
133487	4.5
133529	4.5
133684	4.5
133721	4.5
134598	4.5
134676	4.5
134787	4.5
135168	4.5
135171	4.5
135241	4.5
135266	4.5
135596	4.5
135623	4.5
136034	4.5
136063	4.5
136083	4.5
136162	4.5
136283	4.5
136398	4.5
136687	4.5
136744	4.5
137032	4.5
137086	4.5
137110	4.4
137143	4.4
137303	4.4
137368	4.4
137474	4.4
137496	4.4
138255	4.4
138438	4.4
138441	4.4
138473	4.4
138560	4.4
138617	4.4
138907	4.4
138965	4.4
138977	4.4
139071	4.4
139107	4.4
139206	4.4
139290	4.4
139352	4.4
139467	4.4
139510	4.4
139990	4.4
140017	4.4
140025	4.4
140029	4.4
140211	4.4
140212	4.4
140235	4.4
140655	4.4
140704	4.3
140729	4.3
140738	4.3
140746	4.3
140995	4.3
141163	4.3
141697	4.3
141715	4.3
141725	4.3
141764	4.3
142146	4.3
142630	4.3
142750	4.3
143143	4.3
143162	4.3
143279	4.3
143599	4.3
143701	4.3
144053	4.3
144146	4.3
144179	4.3
144274	4.3
144433	4.3
144492	4.3
144660	4.3
144675	4.3
144903	4.3
145125	4.3
145289	4.2
145371	4.2
145581	4.2
145720	4.2
146193	4.2
146379	4.2
146470	4.2
146503	4.2
146582	4.2
146632	4.2
146857	4.2
146969	4.2
147224	4.2
147273	4.2
147568	4.2
147572	4.2
147653	4.2
147820	4.2
148000	4.2
148080	4.2
148534	4.2
148771	4.2
148811	4.2
148969	4.2
149120	4.2
149848	4.3
149977	4.4
150456	4.5
150644	5.0
150647	5.3
150667	5.3
150675	5.3
150678	5.3
150681	5.3
150684	5.3
151202	5.3
151205	5.3
151338	5.5
151353	5.5
151356	5.5
151387	5.5
151572	5.5
151616	5.5
151624	5.4
151666	5.4
151713	5.4
151858	5.4
152028	5.4
152140	5.4
152173	5.4
152575	5.4
152582	5.4
152835	5.4
153403	5.4
153411	5.4
153526	5.4
153736	5.4
153808	5.4
153820	5.4
154219	5.4
154243	5.4
154449	5.4
154549	5.4
154645	5.4
155009	5.4
155074	5.3
155209	5.3
155810	5.3
155846	5.3
155970	5.3
156133	5.3
156172	5.3
156445	5.3
156601	5.3
156914	5.3
156924	5.3
157058	5.3
157104	5.3
157405	5.3
157891	5.3
158146	5.3
158238	5.3
158347	5.3
