2020-04-16 20:41:12

CONFIGURATION:
{u'simulation': {u'stdev_factor': 0.01, u'power_mgmt_enabled': False, u'tasks': {u'loc': {u'mean_service_time': {u'gpu': 90, u'cpu_core': 200, u'loc_accel': 10}, u'priority': 1, u'deadline': 1000, u'stdev_service_time': {u'gpu': 0.9, u'cpu_core': 2.0, u'loc_accel': 0.1}, u'power': {u'gpu': 4.457, u'cpu_core': 6.133, u'loc_accel': 0.02197}}, u'detect': {u'mean_service_time': {u'gpu': 0.4607, u'cpu_core': 3.654, u'det_accel': 0.278}, u'priority': 2, u'deadline': 1000, u'stdev_service_time': {u'gpu': 0.004607, u'cpu_core': 0.03654, u'det_accel': 0.0027800000000000004}, u'power': {u'gpu': 90, u'cpu_core': 200, u'det_accel': 10}}, u'Frontier': {u'mean_service_time': {u'cpu_core': 396}, u'priority': 9, u'deadline': 1000, u'stdev_service_time': {u'cpu_core': 3.96}, u'power': {u'cpu_core': 5.98}}, u'track': {u'mean_service_time': {u'gpu': 17, u'tra_accel': 2, u'cpu_core': 1820}, u'priority': 3, u'deadline': 1000, u'stdev_service_time': {u'gpu': 0.17, u'tra_accel': 0.02, u'cpu_core': 18.2}, u'power': {u'gpu': 12.79, u'tra_accel': 0.59, u'cpu_core': 5.6}}, u'sp': {u'mean_service_time': {u'gpu': 379, u'cpu_core': 1004}, u'priority': 11, u'deadline': 1000, u'stdev_service_time': {u'gpu': 3.79, u'cpu_core': 10.040000000000001}, u'power': {u'gpu': 3.302, u'cpu_core': 1004}}, u'mission': {u'mean_service_time': {u'cpu_core': 0.0022}, u'priority': 5, u'deadline': 1000, u'stdev_service_time': {u'cpu_core': 2.2000000000000003e-05}, u'power': {u'cpu_core': 3.534}}, u'motion': {u'mean_service_time': {u'cpu_core': 8}, u'priority': 6, u'deadline': 1000, u'stdev_service_time': {u'cpu_core': 0.08}, u'power': {u'cpu_core': 4.222}}, u'collision': {u'mean_service_time': {u'cpu_core': 8}, u'priority': 7, u'deadline': 1000, u'stdev_service_time': {u'cpu_core': 0.08}, u'power': {u'cpu_core': 0}}, u'fusion': {u'mean_service_time': {u'cpu_core': 1}, u'priority': 4, u'deadline': 1000, u'stdev_service_time': {u'cpu_core': 0.01}, u'power': {u'cpu_core': 0}}, u'map': {u'mean_service_time': {u'gpu': 761, u'cpu_core': 973}, u'priority': 10, u'deadline': 1000, u'stdev_service_time': {u'gpu': 7.61, u'cpu_core': 9.73}, u'power': {u'gpu': 3.533, u'cpu_core': 2.995}}, u'path': {u'mean_service_time': {u'cpu_core': 8}, u'priority': 8, u'deadline': 1000, u'stdev_service_time': {u'cpu_core': 0.08}, u'power': {u'cpu_core': 0}}}, u'sched_policy_module': u'policies.ms1_update2', u'drop': True, u'servers': {u'gpu': {u'count': 2}, u'tra_accel': {u'count': 1}, u'cpu_core': {u'count': 8}, u'loc_accel': {u'count': 1}, u'det_accel': {u'count': 1}}, u'max_tasks_simulated': 10000, u'max_queue_size': 1000000, u'mean_arrival_time': 50, u'arrival_time_scale': 3.1}, u'general': {u'random_seed': 0, u'pre_gen_arrivals': False, u'basename': u'policy:ms1_update2__stdev_factor:0.01', u'output_trace_file': None, u'working_dir': u'/home/hiwot/meta-stomp2/sim_16042020_202749_new_arrival_50_map_rheftmapping_50_trace_50', u'input_trace_file': (False, '../mv_mapping_50_trace_50.trc'), u'logging_level': u'INFO'}}
Time	Response time (avg)
1456	495.0
1576	495.0
2655	495.0
3150	495.0
3659	497.0
4056	498.3
4154	516.0
4260	514.2
4369	517.0
4545	532.7
4551	529.8
4667	577.8
4882	572.0
5243	566.5
5276	561.7
6080	557.6
6766	553.9
7068	545.1
7105	537.3
7753	535.1
7783	533.2
7938	531.5
8339	529.9
9486	528.5
10652	523.2
10853	518.3
10869	517.4
10999	513.1
11164	512.4
11368	508.6
11848	508.1
12729	507.7
13066	507.3
13460	504.1
13797	503.8
14017	503.6
15046	503.3
15702	503.1
15773	500.4
16022	500.2
16616	500.1
16899	500.0
16974	499.9
18078	499.8
19228	499.6
19339	499.5
19980	499.4
20129	497.3
20378	497.2
21550	497.2
22122	495.2
22508	495.2
22968	495.2
22993	493.4
23886	491.6
24399	491.7
24634	491.7
25064	490.1
25350	490.2
25673	490.2
25913	488.7
26192	487.2
27509	487.3
27739	487.4
28791	487.6
29836	487.7
30161	486.3
30235	485.0
31088	485.1
32496	485.3
33251	485.4
33375	484.2
34420	482.9
34476	483.1
34917	483.3
35570	482.1
37805	481.0
37830	481.2
37864	480.1
38710	480.3
38899	480.5
40237	480.6
41224	480.8
41503	481.0
43000	480.0
43464	480.2
43751	480.3
44246	481.6
44328	481.8
44416	481.9
44841	482.1
44919	481.1
46058	481.3
46619	481.4
47109	481.6
47356	480.7
47574	480.8
48032	481.0
48469	481.1
49796	480.3
50034	480.4
50113	480.6
50527	480.7
50611	480.8
51705	480.0
52065	479.2
52300	478.5
52452	478.6
52773	478.8
53053	478.9
53839	479.1
54334	479.2
55248	479.4
55448	478.6
55475	478.8
55795	478.9
56121	479.1
56649	479.2
57187	479.3
57378	478.6
57431	477.9
57791	478.1
58138	478.2
58376	477.6
60204	477.7
61052	477.0
61155	477.2
62123	477.3
62496	480.0
62576	480.2
62991	482.2
63063	482.5
63493	485.7
63732	485.8
63960	486.8
64053	487.1
64227	488.4
64262	488.5
64290	488.6
65055	488.8
65225	490.1
65694	490.2
65769	490.3
65963	490.3
67772	489.7
69130	489.1
70010	489.1
70227	489.1
71426	489.2
71565	489.2
72060	489.3
74798	488.6
74808	488.0
75071	488.1
75308	488.1
75989	488.2
76418	487.6
77096	487.6
78246	487.7
79228	487.7
79442	487.8
79769	487.8
80179	487.9
81130	487.9
81440	487.3
82295	487.4
82426	487.4
84424	487.5
85318	487.5
85397	487.6
86230	487.6
86348	487.7
87031	487.7
88108	487.2
88146	486.6
88255	486.7
88933	486.7
89029	486.2
89333	486.3
89884	486.3
90722	485.8
90835	485.9
91491	485.4
92267	485.4
94087	485.5
96467	485.5
96682	485.6
98202	485.1
98369	485.2
98872	484.7
98956	484.8
100353	484.8
100588	484.9
101175	485.0
102466	485.0
102768	484.6
102852	484.1
103106	483.7
105107	483.7
105532	483.8
105884	483.3
106058	483.4
107009	483.5
107279	483.5
107375	483.6
107412	483.6
108306	483.7
108630	483.3
108801	483.4
109125	483.6
109303	483.7
109523	483.7
110007	483.8
110045	483.8
111228	483.9
112267	485.9
112285	486.0
112300	486.1
112471	486.1
112699	489.3
112765	490.6
112949	490.7
113996	490.7
114911	490.7
115137	490.7
115740	490.8
116548	490.3
116570	489.9
116803	490.0
116948	489.5
117642	489.6
117685	489.6
118593	489.6
119544	489.6
120167	489.7
121040	489.3
121055	489.3
121131	489.3
121446	489.3
121830	489.4
122909	489.0
123108	489.0
123129	489.0
123591	488.6
123712	488.7
124059	488.7
124189	488.7
124583	488.3
124692	488.4
124720	488.0
125078	488.7
125466	488.8
125849	488.8
125882	488.8
126018	488.8
126709	488.9
126800	488.9
127069	488.9
127382	488.9
127484	489.0
129803	489.0
130536	489.0
131149	489.0
131487	489.1
131705	489.1
132299	488.7
132877	488.8
133054	488.8
133523	488.8
133715	488.8
134670	488.5
134779	488.5
135124	488.5
135151	488.2
136028	488.2
136075	488.2
136681	488.3
136736	487.9
137026	488.0
137104	487.6
137466	487.7
137488	487.7
138249	487.7
138425	487.4
138465	487.1
138609	487.1
139200	487.1
139984	487.1
140227	487.2
142744	487.2
143137	487.2
143273	486.9
143695	486.9
144138	487.0
144268	487.0
144654	487.0
145119	487.1
146187	486.7
146373	486.4
146497	486.1
147218	486.2
147647	485.9
147994	485.6
148072	485.6
149743	485.3
149845	485.0
149974	485.1
150636	485.1
150951	485.1
151566	485.5
151705	485.6
152576	485.3
152827	485.4
153397	485.4
153814	485.4
154213	485.4
154235	485.5
155840	485.2
155964	484.9
156595	484.9
157399	485.0
157885	485.0
158230	484.7
