2020-04-16 20:42:01

CONFIGURATION:
{u'simulation': {u'stdev_factor': 0.01, u'power_mgmt_enabled': False, u'tasks': {u'loc': {u'mean_service_time': {u'gpu': 90, u'cpu_core': 200, u'loc_accel': 10}, u'priority': 1, u'deadline': 1000, u'stdev_service_time': {u'gpu': 0.9, u'cpu_core': 2.0, u'loc_accel': 0.1}, u'power': {u'gpu': 4.457, u'cpu_core': 6.133, u'loc_accel': 0.02197}}, u'detect': {u'mean_service_time': {u'gpu': 0.4607, u'cpu_core': 3.654, u'det_accel': 0.278}, u'priority': 2, u'deadline': 1000, u'stdev_service_time': {u'gpu': 0.004607, u'cpu_core': 0.03654, u'det_accel': 0.0027800000000000004}, u'power': {u'gpu': 90, u'cpu_core': 200, u'det_accel': 10}}, u'Frontier': {u'mean_service_time': {u'cpu_core': 396}, u'priority': 9, u'deadline': 1000, u'stdev_service_time': {u'cpu_core': 3.96}, u'power': {u'cpu_core': 5.98}}, u'track': {u'mean_service_time': {u'gpu': 17, u'tra_accel': 2, u'cpu_core': 1820}, u'priority': 3, u'deadline': 1000, u'stdev_service_time': {u'gpu': 0.17, u'tra_accel': 0.02, u'cpu_core': 18.2}, u'power': {u'gpu': 12.79, u'tra_accel': 0.59, u'cpu_core': 5.6}}, u'sp': {u'mean_service_time': {u'gpu': 379, u'cpu_core': 1004}, u'priority': 11, u'deadline': 1000, u'stdev_service_time': {u'gpu': 3.79, u'cpu_core': 10.040000000000001}, u'power': {u'gpu': 3.302, u'cpu_core': 1004}}, u'mission': {u'mean_service_time': {u'cpu_core': 0.0022}, u'priority': 5, u'deadline': 1000, u'stdev_service_time': {u'cpu_core': 2.2000000000000003e-05}, u'power': {u'cpu_core': 3.534}}, u'motion': {u'mean_service_time': {u'cpu_core': 8}, u'priority': 6, u'deadline': 1000, u'stdev_service_time': {u'cpu_core': 0.08}, u'power': {u'cpu_core': 4.222}}, u'collision': {u'mean_service_time': {u'cpu_core': 8}, u'priority': 7, u'deadline': 1000, u'stdev_service_time': {u'cpu_core': 0.08}, u'power': {u'cpu_core': 0}}, u'fusion': {u'mean_service_time': {u'cpu_core': 1}, u'priority': 4, u'deadline': 1000, u'stdev_service_time': {u'cpu_core': 0.01}, u'power': {u'cpu_core': 0}}, u'map': {u'mean_service_time': {u'gpu': 761, u'cpu_core': 973}, u'priority': 10, u'deadline': 1000, u'stdev_service_time': {u'gpu': 7.61, u'cpu_core': 9.73}, u'power': {u'gpu': 3.533, u'cpu_core': 2.995}}, u'path': {u'mean_service_time': {u'cpu_core': 8}, u'priority': 8, u'deadline': 1000, u'stdev_service_time': {u'cpu_core': 0.08}, u'power': {u'cpu_core': 0}}}, u'sched_policy_module': u'policies.ms3_update2', u'drop': True, u'servers': {u'gpu': {u'count': 2}, u'tra_accel': {u'count': 1}, u'cpu_core': {u'count': 8}, u'loc_accel': {u'count': 1}, u'det_accel': {u'count': 1}}, u'max_tasks_simulated': 10000, u'max_queue_size': 1000000, u'mean_arrival_time': 50, u'arrival_time_scale': 3.1}, u'general': {u'random_seed': 0, u'pre_gen_arrivals': False, u'basename': u'policy:ms3_update2__stdev_factor:0.01', u'output_trace_file': None, u'working_dir': u'/home/hiwot/meta-stomp2/sim_16042020_202749_new_arrival_50_map_rheftmapping_50_trace_50', u'input_trace_file': (False, '../mv_mapping_50_trace_50.trc'), u'logging_level': u'INFO'}}
Time	Response time (avg)
698	3.0
1280	3.0
1461	3.7
1581	4.0
1917	4.2
2223	4.0
2531	6.3
2536	6.5
2702	11.0
2707	11.1
2710	12.9
3155	34.8
3158	53.8
3161	50.7
3765	54.4
4055	104.1
4059	140.2
4066	132.9
4073	127.4
4159	121.2
4161	115.7
4198	110.6
4265	106.0
4374	101.8
4546	97.9
4555	94.3
4786	91.0
4880	88.0
4982	85.0
5214	82.3
5248	79.8
5248	77.4
5392	75.2
5481	73.1
5607	71.1
5620	69.3
5911	67.6
5949	65.9
5965	64.3
6298	62.8
6579	61.3
6771	60.0
6919	58.7
7073	57.4
7112	56.3
7133	55.2
7412	54.1
7651	53.0
7758	52.0
7788	51.1
7804	50.2
7943	49.3
8094	48.4
8344	47.6
8477	46.8
8631	46.1
8654	45.3
8711	44.6
9018	43.9
9021	43.2
9320	42.6
9378	42.0
9428	41.4
9491	40.8
9706	40.2
9723	39.7
10657	39.2
10858	38.7
10876	38.2
10934	37.7
11004	37.2
11169	36.8
11225	36.3
11330	35.9
11373	35.5
11625	35.1
11817	34.7
11855	34.3
11926	33.9
12099	33.6
12258	33.2
12281	32.8
12734	32.5
13071	32.2
13465	31.9
13771	31.5
13804	31.2
14022	30.9
14028	30.6
14174	30.3
14407	30.0
14415	29.8
14567	29.5
15051	29.2
15227	28.9
15454	28.7
15458	28.4
15707	28.2
15778	27.9
15946	27.7
15956	27.5
15959	27.2
15969	27.0
16029	26.8
16621	26.6
16758	26.4
16906	26.2
16981	26.0
17081	25.8
17366	25.6
17611	25.4
17898	25.2
18083	25.1
18279	24.9
19233	24.7
19264	24.5
19346	24.4
19376	24.2
19431	24.0
19704	23.8
19783	23.7
19985	23.5
20134	23.4
20138	23.2
20209	23.1
20385	22.9
20414	22.8
20655	22.6
20734	22.5
21130	22.3
21415	22.2
21555	22.1
21750	21.9
21790	21.8
21891	21.6
22007	21.5
22122	21.4
22127	21.3
22423	21.1
22515	21.0
22550	20.9
22730	20.8
22842	20.7
22885	20.5
22969	20.4
22973	20.3
23000	20.2
23560	20.1
23756	20.0
23891	19.9
24326	19.8
24404	19.7
24437	19.6
24639	19.5
24681	19.4
25020	19.3
25051	19.2
25069	19.1
25197	19.0
25355	18.9
25678	18.8
25918	18.7
26197	18.6
26268	18.6
26289	18.5
26579	18.4
26592	18.3
26704	18.2
26871	18.1
26936	18.1
27147	18.0
27169	17.9
27514	17.8
27746	17.8
27913	17.7
28142	17.6
28599	17.5
28796	17.5
28855	17.4
29419	17.3
29459	17.2
29550	17.1
29841	17.1
29884	17.0
29989	16.9
30168	16.9
30242	16.8
30431	16.8
30668	16.7
30864	16.6
31093	16.6
31384	16.5
31524	16.4
31828	16.4
32092	16.3
32189	16.2
32501	16.2
32621	16.1
32721	16.1
33035	16.0
33256	15.9
33382	15.9
33460	15.8
33719	15.8
33793	15.7
34119	15.7
34368	15.6
34425	15.5
34483	15.5
34630	15.4
34924	15.4
34937	15.4
35191	15.3
35272	15.3
35438	15.2
35575	15.2
35864	15.1
36059	15.1
36165	15.0
36265	14.9
36279	14.9
36338	14.8
36389	14.8
36456	14.7
36899	14.7
36949	14.6
37059	14.6
37107	14.5
37740	14.5
37810	14.4
37837	14.4
37871	14.4
38010	14.3
38279	14.3
38291	14.3
38715	14.2
38784	14.2
38906	14.1
39557	14.1
39745	14.1
39875	14.0
40015	14.0
40242	13.9
40366	13.9
40508	13.9
40698	13.8
41229	13.8
41491	13.7
41498	13.7
41508	13.7
41656	13.6
41894	13.6
42033	13.5
42182	13.5
42449	13.5
42644	13.4
43005	13.4
43469	13.6
43476	13.6
43496	13.6
43833	13.9
43844	13.8
43847	13.8
44061	13.8
44200	13.7
44251	13.7
44335	13.7
44423	13.7
44625	13.6
44755	13.6
44846	13.6
44879	13.5
44926	13.5
45178	13.5
45869	13.4
46063	13.4
46181	13.4
46314	13.3
46398	13.3
46541	13.2
46624	13.2
46985	13.2
47061	13.2
47114	13.1
47363	13.1
47570	13.1
47581	13.1
47656	13.0
47905	13.0
48037	13.0
48065	12.9
48219	12.9
48407	12.9
48474	12.8
48619	12.8
48698	12.8
48949	12.8
48989	12.7
49135	12.7
49170	12.7
49225	12.6
49413	12.6
49504	12.6
49740	12.5
49799	12.5
49801	12.5
50041	12.5
50120	12.4
50267	12.4
50532	12.4
50589	12.4
50618	12.3
50721	12.3
50970	12.3
50986	12.3
50994	12.2
51072	12.2
51452	12.2
51672	12.2
51710	12.1
51922	12.1
51984	12.1
52072	12.1
52305	12.0
52459	12.0
52694	12.0
52759	12.0
52778	12.0
53058	11.9
53185	11.9
53205	11.9
53466	11.9
53889	12.0
53894	12.0
53899	12.1
54146	12.1
54339	12.1
54354	12.0
54391	12.0
54910	12.0
55065	12.0
55174	11.9
55253	11.9
55310	11.9
55453	11.9
55482	11.9
55800	11.8
56126	11.8
56350	11.8
56544	11.8
56654	11.8
57056	11.7
57167	11.7
57192	11.7
57383	11.7
57436	11.7
57796	11.6
57995	11.6
58143	11.6
58267	11.6
58378	11.6
58381	11.5
58790	11.5
58940	11.5
59064	11.5
59065	11.5
59182	11.4
59312	11.4
59390	11.4
59539	11.4
59965	11.4
60205	11.3
60209	11.3
60971	11.3
61005	11.3
61057	11.3
61160	11.2
61582	11.2
61592	11.2
62018	11.2
62075	11.3
62844	11.9
63073	11.9
63342	16.1
63349	16.1
63473	16.0
63767	16.1
64213	16.7
64220	16.7
64233	17.7
64240	17.7
64294	23.5
64295	23.4
64300	28.3
64301	33.8
64308	38.3
64308	42.5
64313	46.7
64315	50.3
64316	52.9
64319	53.7
64320	55.0
64322	55.6
64327	55.6
64329	55.5
64570	55.6
65194	55.8
65448	55.7
65467	57.5
65481	58.2
65488	58.8
65496	58.7
65501	58.7
65567	58.5
65653	58.4
65665	58.3
65745	58.1
65954	58.0
65967	57.9
66269	57.8
66315	57.6
66388	57.5
66415	57.4
66434	57.2
66820	57.1
66893	57.0
67310	56.9
67326	56.7
67336	56.6
67394	56.5
67676	56.4
67735	56.2
67745	56.1
67752	56.0
67777	55.9
67826	55.8
67906	55.7
68099	55.5
68246	55.4
69069	55.3
69135	55.2
69190	55.1
69475	55.0
69542	54.8
69660	54.7
70015	54.6
70234	54.5
70395	54.4
70675	54.3
71133	54.2
71402	54.1
71431	53.9
71572	53.8
71883	53.7
71887	53.6
72067	53.5
73179	53.4
73408	53.3
73564	53.2
73630	53.1
73910	53.0
74515	52.9
74803	52.8
74813	52.7
74952	52.6
75078	52.5
75126	52.4
75313	52.3
75314	52.2
75370	52.1
75555	52.0
75994	51.9
76049	51.8
76423	51.7
76795	51.6
77101	51.5
77219	51.4
77292	51.3
77394	51.2
77702	51.1
77852	51.0
77894	50.9
78251	50.8
78397	50.7
78538	50.6
78828	50.5
78898	50.4
79053	50.3
79072	50.2
79233	50.1
79326	50.0
79447	49.9
79774	49.8
79903	49.7
80065	49.6
80186	49.6
80278	49.5
80439	49.4
80663	49.3
80854	49.2
80876	49.1
81053	49.0
81135	48.9
81248	48.8
81445	48.7
81508	48.7
81591	48.6
82300	48.5
82433	48.4
82528	48.3
82564	48.2
83306	48.2
83652	48.1
83688	48.0
83908	47.9
83933	47.8
84429	47.7
84466	47.6
84550	47.5
84603	47.5
84779	47.4
84794	47.3
84943	47.2
85290	47.1
85323	47.1
85387	47.0
85404	46.9
85554	46.8
85566	46.7
85598	46.6
86235	46.6
86355	46.5
86363	46.4
86620	46.3
86941	46.3
87036	46.2
87223	46.1
87358	46.0
87492	45.9
87671	45.9
87892	45.8
88113	45.7
88151	45.6
88260	45.6
88332	45.5
88866	45.4
88938	45.3
89034	45.3
89243	45.2
89258	45.1
89283	45.0
89340	45.0
89349	44.9
89408	44.8
89808	44.7
89851	44.7
89889	44.6
90120	44.5
90319	44.5
90415	44.4
90608	44.3
90727	44.2
90750	44.2
90763	44.1
90842	44.0
90914	44.0
91038	43.9
91112	43.8
91339	43.7
91366	43.7
91498	43.6
91969	43.5
92272	43.5
92315	43.4
93710	43.3
93726	43.3
93848	43.2
94092	43.1
94151	43.1
94240	43.0
94255	42.9
94349	42.9
94379	42.8
94429	42.7
94852	42.7
94913	42.6
95106	42.5
95229	42.5
95458	42.4
95824	42.3
95834	42.3
95877	42.2
96472	42.1
96687	42.1
96928	42.0
96987	41.9
97025	41.9
97515	41.8
97737	41.7
97839	41.7
97840	41.6
98207	41.6
98376	41.5
98438	41.4
98689	41.4
98830	41.3
98851	41.3
98877	41.2
98963	41.1
99858	41.5
100093	42.0
100223	41.9
100232	41.9
100263	41.8
100360	41.8
100381	41.7
100462	41.6
100524	41.6
100595	41.5
100610	41.5
101180	41.4
101768	41.4
102176	41.3
102471	41.2
102523	41.2
102719	41.1
102773	41.1
102857	41.0
102927	40.9
103113	40.9
103121	40.8
103593	40.8
104669	40.7
105019	40.7
105112	40.6
105251	40.5
105264	40.5
105539	40.4
105816	40.4
105889	40.3
105905	40.3
105940	40.2
106065	40.1
106316	40.1
106556	40.0
106891	40.0
107014	39.9
107251	39.9
107284	39.8
107382	39.8
107419	39.7
107649	39.7
108808	40.4
108809	40.3
108814	41.0
108818	41.4
108819	41.4
108824	41.4
108825	41.6
108860	41.6
109130	41.5
109306	41.4
109308	41.4
109439	41.3
109480	41.3
109528	41.2
109616	41.2
110012	41.1
110050	41.1
110079	41.0
110179	40.9
110382	40.9
110485	40.8
110612	40.8
110972	40.9
110977	40.8
111233	40.9
111805	40.9
112204	41.0
112307	41.0
112314	41.0
112325	42.8
112328	44.6
112335	46.2
112342	46.8
112347	47.0
112350	47.1
112357	47.2
112704	47.1
112733	47.0
112770	47.0
112852	46.9
112932	46.9
113032	46.8
113073	46.7
113194	46.7
113249	46.6
113504	46.6
113724	46.5
113883	46.4
113969	46.4
113983	46.3
114001	46.3
114151	46.2
114261	46.1
114284	46.1
114916	46.0
115142	46.0
115362	45.9
115745	45.8
116201	45.8
116553	45.7
116566	45.7
116577	45.6
116808	45.6
116953	45.5
116960	45.4
116973	45.4
117445	45.3
117647	45.3
117692	45.2
117916	45.2
117930	45.1
118061	45.0
118101	45.0
118403	44.9
118600	44.9
118702	44.8
118721	44.8
119037	44.7
119508	44.7
119549	44.6
120005	44.5
120172	44.5
120500	44.4
120544	44.4
120801	44.3
121045	44.3
121060	44.2
121138	44.2
121182	44.1
121436	44.1
121451	44.0
121667	44.0
121835	43.9
122190	43.8
122218	43.8
122241	43.7
122547	43.7
122577	43.6
122841	43.6
122884	43.5
122914	43.5
123136	43.5
123143	43.4
123197	43.4
123332	43.3
123414	43.3
123596	43.2
123717	43.2
124064	43.1
124194	43.1
124229	43.0
124699	43.1
124706	43.1
124715	43.5
124718	43.8
124723	43.8
124730	43.8
125036	43.7
125048	43.7
125083	43.6
125290	43.6
125471	43.5
125578	43.5
125628	43.4
125798	43.4
125854	43.3
125889	43.3
126025	43.2
126714	43.2
126768	43.1
126807	43.1
126865	43.0
127074	43.0
127387	42.9
127411	42.9
127491	42.9
128061	42.8
128066	42.8
128170	42.7
128235	42.7
128353	42.6
128362	42.6
128418	42.5
128566	42.5
128625	42.4
129090	42.4
129095	42.3
129100	42.3
129453	42.2
129763	42.2
129773	42.1
129808	42.1
130113	42.0
130126	42.0
130264	41.9
130315	41.9
130431	41.8
130543	41.8
130805	41.7
130935	41.7
130969	41.7
131154	41.6
131372	41.6
131468	41.5
131492	41.5
131632	41.4
131710	41.4
131825	41.3
131859	41.3
131971	41.2
132051	41.2
132110	41.1
132191	41.1
132304	41.1
132880	41.3
132887	41.2
132929	41.2
132943	41.1
133061	41.1
133247	41.0
133295	41.0
133338	41.0
133356	40.9
133464	40.9
133486	40.8
133528	40.8
133683	40.7
133720	40.7
134597	40.7
134675	40.6
134786	40.6
135158	40.6
135165	40.5
135240	40.5
135265	40.5
135595	40.4
135622	40.4
136033	40.3
136062	40.3
136082	40.2
136161	40.2
136282	40.2
136397	40.1
136686	40.1
136743	40.0
137031	40.0
137085	40.0
137109	39.9
137142	39.9
137302	39.8
137367	39.8
137473	39.7
137495	39.7
138254	39.7
138428	39.7
138435	39.7
138472	39.6
138559	39.6
138616	39.5
138906	39.5
138964	39.5
138976	39.4
139070	39.4
139106	39.3
139205	39.3
139289	39.3
139351	39.2
139466	39.2
139509	39.1
139989	39.1
140016	39.1
140024	39.0
140026	39.0
140210	38.9
140211	38.9
140234	38.9
140654	38.8
140703	38.8
140728	38.7
140737	38.7
140745	38.7
140994	38.6
141162	38.6
141696	38.6
141714	38.5
141724	38.5
141763	38.4
142145	38.4
142629	38.4
142749	38.3
143142	38.3
143161	38.2
143278	38.2
143598	38.2
143700	38.1
144052	38.1
144145	38.1
144178	38.0
144273	38.0
144432	37.9
144491	37.9
144659	37.9
144674	37.8
144902	37.8
145124	37.8
145288	37.7
145370	37.7
145580	37.7
145719	37.6
146192	37.6
146378	37.5
146469	37.5
146502	37.5
146581	37.4
146631	37.4
146856	37.4
146968	37.3
147223	37.3
147272	37.3
147567	37.2
147569	37.2
147652	37.1
147819	37.1
147999	37.1
148079	37.0
148533	37.0
148770	37.0
148810	36.9
148968	36.9
149119	36.9
149748	36.9
149855	36.8
150141	37.2
150389	37.6
150394	37.6
150641	38.1
150652	38.3
150657	38.3
150664	38.3
150672	38.2
151196	38.3
151199	38.4
151210	38.5
151343	38.4
151350	38.8
151386	38.8
151571	38.7
151615	38.7
151623	38.7
151665	38.6
151712	38.6
151857	38.6
152027	38.5
152139	38.5
152172	38.5
152574	38.4
152581	38.4
152834	38.4
153402	38.3
153410	38.3
153525	38.2
153735	38.2
153807	38.2
153819	38.1
154218	38.1
154242	38.1
154448	38.0
154548	38.0
154644	38.0
155008	37.9
155073	37.9
155208	37.9
155809	37.8
155845	37.8
155969	37.8
156132	37.7
156171	37.7
156444	37.7
156600	37.6
156913	37.6
156923	37.6
157057	37.5
157103	37.5
157404	37.5
157890	37.4
158145	37.4
158237	37.4
158346	37.3
