2020-04-16 20:41:38

CONFIGURATION:
{u'simulation': {u'stdev_factor': 0.01, u'power_mgmt_enabled': False, u'tasks': {u'loc': {u'mean_service_time': {u'gpu': 90, u'cpu_core': 200, u'loc_accel': 10}, u'priority': 1, u'deadline': 1000, u'stdev_service_time': {u'gpu': 0.9, u'cpu_core': 2.0, u'loc_accel': 0.1}, u'power': {u'gpu': 4.457, u'cpu_core': 6.133, u'loc_accel': 0.02197}}, u'detect': {u'mean_service_time': {u'gpu': 0.4607, u'cpu_core': 3.654, u'det_accel': 0.278}, u'priority': 2, u'deadline': 1000, u'stdev_service_time': {u'gpu': 0.004607, u'cpu_core': 0.03654, u'det_accel': 0.0027800000000000004}, u'power': {u'gpu': 90, u'cpu_core': 200, u'det_accel': 10}}, u'Frontier': {u'mean_service_time': {u'cpu_core': 396}, u'priority': 9, u'deadline': 1000, u'stdev_service_time': {u'cpu_core': 3.96}, u'power': {u'cpu_core': 5.98}}, u'track': {u'mean_service_time': {u'gpu': 17, u'tra_accel': 2, u'cpu_core': 1820}, u'priority': 3, u'deadline': 1000, u'stdev_service_time': {u'gpu': 0.17, u'tra_accel': 0.02, u'cpu_core': 18.2}, u'power': {u'gpu': 12.79, u'tra_accel': 0.59, u'cpu_core': 5.6}}, u'sp': {u'mean_service_time': {u'gpu': 379, u'cpu_core': 1004}, u'priority': 11, u'deadline': 1000, u'stdev_service_time': {u'gpu': 3.79, u'cpu_core': 10.040000000000001}, u'power': {u'gpu': 3.302, u'cpu_core': 1004}}, u'mission': {u'mean_service_time': {u'cpu_core': 0.0022}, u'priority': 5, u'deadline': 1000, u'stdev_service_time': {u'cpu_core': 2.2000000000000003e-05}, u'power': {u'cpu_core': 3.534}}, u'motion': {u'mean_service_time': {u'cpu_core': 8}, u'priority': 6, u'deadline': 1000, u'stdev_service_time': {u'cpu_core': 0.08}, u'power': {u'cpu_core': 4.222}}, u'collision': {u'mean_service_time': {u'cpu_core': 8}, u'priority': 7, u'deadline': 1000, u'stdev_service_time': {u'cpu_core': 0.08}, u'power': {u'cpu_core': 0}}, u'fusion': {u'mean_service_time': {u'cpu_core': 1}, u'priority': 4, u'deadline': 1000, u'stdev_service_time': {u'cpu_core': 0.01}, u'power': {u'cpu_core': 0}}, u'map': {u'mean_service_time': {u'gpu': 761, u'cpu_core': 973}, u'priority': 10, u'deadline': 1000, u'stdev_service_time': {u'gpu': 7.61, u'cpu_core': 9.73}, u'power': {u'gpu': 3.533, u'cpu_core': 2.995}}, u'path': {u'mean_service_time': {u'cpu_core': 8}, u'priority': 8, u'deadline': 1000, u'stdev_service_time': {u'cpu_core': 0.08}, u'power': {u'cpu_core': 0}}}, u'sched_policy_module': u'policies.ms2_update2', u'drop': True, u'servers': {u'gpu': {u'count': 2}, u'tra_accel': {u'count': 1}, u'cpu_core': {u'count': 8}, u'loc_accel': {u'count': 1}, u'det_accel': {u'count': 1}}, u'max_tasks_simulated': 10000, u'max_queue_size': 1000000, u'mean_arrival_time': 50, u'arrival_time_scale': 3.1}, u'general': {u'random_seed': 0, u'pre_gen_arrivals': False, u'basename': u'policy:ms2_update2__stdev_factor:0.01', u'output_trace_file': None, u'working_dir': u'/home/hiwot/meta-stomp2/sim_16042020_202749_new_arrival_50_map_rheftmapping_50_trace_50', u'input_trace_file': (False, '../mv_mapping_50_trace_50.trc'), u'logging_level': u'INFO'}}
Time	Response time (avg)
961	951.0
1081	951.0
1912	983.0
2160	975.0
2528	1023.2
2655	1055.3
2695	1078.3
2879	1062.4
3154	1079.4
3205	1066.6
3532	1080.2
3551	1091.5
3561	1101.1
3758	1122.1
3830	1120.8
3871	1126.8
4050	1132.1
4156	1136.9
4373	1144.4
4751	1177.5
4777	1202.6
4781	1204.0
5124	1193.0
5482	1194.2
5600	1198.7
5615	1199.3
6271	1190.1
6293	1181.6
6576	1182.8
6672	1183.9
6709	1184.9
7128	1185.9
7258	1186.8
7288	1179.9
7443	1173.3
7801	1174.5
7844	1175.6
8472	1169.7
8649	1164.1
8991	1165.4
9013	1166.7
9317	1167.8
9423	1164.6
9718	1159.7
10256	1161.0
10374	1161.0
10457	1162.1
10603	1163.3
10669	1161.9
10972	1163.0
11325	1162.9
11353	1163.9
11620	1161.2
12094	1162.3
12234	1163.2
12276	1161.1
12571	1159.4
13064	1160.4
13302	1156.8
13522	1156.9
13768	1157.9
14025	1158.8
14402	1155.5
14551	1152.3
15207	1153.3
15377	1154.2
15453	1151.2
15527	1148.3
15941	1149.2
15951	1150.2
16121	1151.1
16404	1151.0
16478	1150.5
16754	1151.4
17583	1148.7
17893	1146.1
18276	1147.0
18733	1144.5
18844	1142.4
19261	1143.3
19373	1144.2
19485	1145.1
19733	1145.9
19778	1143.6
19883	1141.4
20204	1142.2
20729	1140.6
21055	1138.4
21726	1139.3
21886	1137.2
22013	1135.2
22420	1136.0
22473	1136.9
22597	1137.7
22727	1138.6
22837	1138.2
22882	1139.0
22964	1138.7
23490	1139.5
23753	1140.2
23904	1138.4
24139	1136.5
24668	1137.3
24678	1138.1
24855	1136.8
25178	1135.0
25517	1135.8
25796	1136.5
26263	1134.8
26284	1133.1
26574	1133.9
26587	1134.6
26866	1135.3
26931	1136.1
27014	1136.7
27142	1137.4
27244	1138.1
28296	1136.5
28594	1135.0
29341	1133.4
29545	1132.3
29765	1133.1
29839	1133.7
29984	1134.4
30426	1132.9
30593	1131.5
31379	1132.1
32001	1130.7
32184	1129.3
32718	1130.0
32756	1130.7
32979	1131.3
33030	1130.0
33455	1128.6
33981	1128.1
34024	1128.7
34365	1129.4
34422	1128.1
34932	1127.3
35174	1128.0
35186	1128.6
35267	1129.2
35433	1128.0
36384	1126.7
37054	1125.5
37335	1125.8
37409	1126.4
37468	1127.0
37737	1127.6
38005	1127.4
38215	1128.0
38274	1128.6
38286	1128.4
38404	1129.2
39552	1128.1
39742	1126.9
40363	1127.5
40503	1127.7
40693	1127.0
40729	1127.5
41008	1128.1
41488	1128.6
41493	1127.5
41651	1126.4
42444	1126.5
42604	1127.1
42969	1126.0
43256	1126.6
43395	1125.5
43658	1127.0
43826	1127.5
43836	1128.0
43921	1127.7
44058	1128.7
44195	1129.2
44346	1128.7
44523	1129.5
44750	1130.0
44874	1131.1
45173	1130.1
45563	1129.1
45866	1129.6
46124	1129.3
46538	1129.7
46614	1128.8
46960	1129.2
46982	1129.7
47056	1130.2
47079	1129.2
47537	1129.7
47565	1128.9
47902	1129.4
47974	1129.8
48060	1130.2
48214	1129.3
48614	1128.4
49165	1128.4
49400	1128.8
49410	1129.2
49539	1129.7
49618	1128.8
50032	1129.2
50116	1128.7
50584	1129.1
50716	1128.2
50991	1128.7
51067	1128.1
51309	1128.6
51449	1129.0
51667	1128.6
51669	1129.1
51904	1129.5
51957	1129.9
51979	1130.3
52278	1129.4
52558	1129.8
53180	1129.0
53344	1128.2
53836	1128.6
53846	1129.0
53882	1129.4
54143	1129.8
54349	1129.0
54386	1128.2
54753	1128.6
54905	1129.0
54980	1129.3
55052	1129.8
55062	1130.4
55300	1129.8
55305	1130.2
55626	1129.4
56154	1129.8
56345	1129.0
56692	1128.2
56982	1128.6
57035	1129.0
57053	1129.3
57162	1129.7
57296	1129.4
57643	1129.0
57980	1129.3
57990	1129.7
58262	1130.1
58373	1129.3
58785	1128.6
59060	1129.0
59307	1129.3
59709	1128.6
59960	1127.9
60656	1128.2
60660	1128.2
61628	1127.5
61674	1126.9
62001	1127.2
62013	1127.6
62072	1127.9
62249	1128.2
62342	1128.6
62544	1128.9
62568	1129.2
62579	1128.9
62625	1128.5
63229	1129.3
63231	1130.8
63342	1132.2
63465	1133.7
63530	1133.7
63574	1134.8
63576	1135.2
64255	1136.8
64328	1140.1
64458	1143.8
64481	1143.3
64527	1143.0
64816	1143.3
64953	1144.0
64964	1147.1
65087	1148.7
65313	1149.6
65432	1149.1
65478	1148.7
65479	1149.3
65674	1149.6
66169	1150.1
66198	1151.8
66383	1152.2
66429	1152.3
66815	1152.5
67376	1152.7
67747	1152.0
67821	1151.3
68096	1151.6
68241	1151.8
68734	1152.0
69064	1151.3
69185	1150.6
69472	1150.9
69515	1151.1
69537	1151.3
69732	1151.5
70931	1150.8
71070	1150.2
71565	1150.4
71878	1150.6
71882	1150.2
73559	1149.5
73625	1148.9
74402	1149.1
74412	1149.3
74510	1149.1
74576	1148.9
74813	1149.1
74947	1149.3
75309	1149.5
75494	1148.9
75550	1148.2
76022	1148.5
76601	1147.8
76790	1147.2
77216	1147.4
77287	1147.7
77389	1147.9
77751	1147.3
77847	1146.7
78394	1146.9
78533	1147.1
78733	1146.5
78947	1145.9
79274	1146.1
79321	1146.3
79684	1146.3
79898	1146.1
80062	1146.3
80434	1146.5
80635	1146.2
80660	1146.4
80849	1146.1
81044	1146.4
81243	1146.6
81503	1146.8
81586	1146.5
81800	1146.3
81931	1146.7
82523	1146.9
82559	1146.3
83647	1145.7
83929	1145.2
84547	1145.4
84598	1144.9
84774	1145.5
84823	1145.8
84902	1145.3
85549	1145.0
85735	1145.2
85853	1144.8
86536	1144.2
86936	1143.7
87220	1143.9
87353	1144.1
87487	1144.1
87712	1144.3
87750	1144.5
87760	1144.7
87887	1144.4
88438	1144.3
88633	1144.5
88838	1144.2
88863	1144.4
89253	1144.6
89346	1144.8
89389	1144.4
89405	1144.6
89803	1144.1
90115	1144.3
90326	1144.5
90340	1144.5
90605	1144.6
90758	1144.1
91095	1144.3
91336	1144.5
91772	1144.0
91964	1143.5
93592	1143.0
93843	1142.5
94148	1142.7
94235	1142.9
94250	1143.1
94374	1143.3
94424	1143.4
94847	1143.0
95101	1142.5
95972	1142.0
96187	1141.5
96923	1141.5
97022	1141.6
97510	1141.2
97806	1141.3
97837	1141.5
97874	1141.6
98461	1141.1
98476	1141.3
98825	1141.2
98848	1141.4
99568	1141.0
99776	1141.0
99853	1141.2
100088	1141.3
100212	1141.5
100227	1141.7
100376	1141.9
100457	1142.1
100519	1142.0
100605	1142.3
100680	1142.5
101763	1142.0
101971	1141.6
102372	1141.7
102456	1141.9
102710	1142.1
102714	1142.0
102922	1142.0
103116	1142.1
104612	1141.7
105037	1141.2
105488	1141.4
105563	1141.0
105813	1141.3
105900	1141.5
106311	1141.1
106514	1141.0
106784	1141.1
106880	1141.3
106917	1141.5
107644	1141.1
107811	1140.6
108234	1140.8
108296	1141.0
108334	1141.1
108595	1140.8
108762	1140.8
108802	1141.0
108812	1141.2
109028	1141.4
109301	1141.6
109512	1141.8
109550	1142.1
110074	1141.6
110174	1141.2
110482	1141.4
110609	1141.5
110733	1141.7
110969	1141.9
111025	1141.7
111125	1141.4
111353	1141.6
111514	1141.7
111772	1141.9
111790	1142.1
111800	1142.2
111973	1142.4
111976	1142.5
112076	1142.8
112199	1143.3
112458	1143.6
112569	1144.0
112730	1144.9
112927	1144.7
113027	1144.6
113189	1146.2
113521	1146.7
113878	1146.4
113978	1146.0
114258	1146.1
114279	1146.3
114416	1146.4
114642	1146.6
115245	1146.2
115357	1145.8
116152	1145.9
116174	1146.1
116196	1145.7
116308	1145.5
116552	1145.6
116955	1145.8
116970	1145.9
117147	1145.9
117190	1146.0
117440	1145.6
117913	1145.8
117925	1145.9
118096	1146.1
118098	1146.1
118398	1145.7
118716	1145.8
119049	1145.5
119672	1145.1
120000	1144.9
120560	1145.0
120636	1144.6
120644	1144.8
120951	1144.6
121335	1144.8
121662	1144.4
122236	1144.0
122513	1144.2
122544	1144.3
122572	1144.4
122613	1144.3
122634	1144.5
123195	1144.6
123217	1144.7
123327	1144.4
123564	1144.3
123694	1144.5
124187	1144.6
124197	1144.7
124224	1144.9
124324	1145.1
124403	1144.7
124672	1144.3
124971	1144.5
125043	1144.6
125354	1144.3
125387	1144.4
125523	1144.6
125573	1145.0
125623	1145.0
126214	1145.1
126305	1145.0
126574	1145.0
126887	1145.1
126989	1145.2
127406	1144.9
128061	1144.5
128357	1144.5
128561	1144.6
129090	1144.2
129308	1144.1
130041	1143.8
130259	1143.6
130428	1143.7
130654	1143.9
130802	1144.0
130930	1144.1
130964	1144.3
130992	1144.2
131210	1144.0
131367	1144.2
131627	1144.3
131903	1144.4
131968	1144.6
132382	1144.2
132559	1143.9
132926	1144.0
132938	1144.1
133028	1144.3
133220	1144.4
133333	1144.3
133459	1144.5
133481	1144.7
133678	1144.3
134274	1144.5
134284	1144.2
134594	1144.3
134629	1144.3
134755	1144.4
135235	1144.3
135260	1144.4
135533	1144.5
135580	1144.3
135592	1144.4
135617	1144.5
136057	1144.7
136156	1144.8
136186	1144.8
136340	1145.1
136531	1145.0
136708	1145.1
136971	1145.3
136993	1145.4
137137	1145.6
137754	1145.2
138029	1145.4
138069	1145.5
138114	1145.2
138556	1145.3
138705	1145.1
138903	1145.2
138959	1145.3
139065	1145.1
139284	1145.3
139489	1145.4
139732	1145.1
140013	1145.2
140023	1145.3
140206	1145.0
140651	1145.1
140732	1145.2
140740	1144.9
141157	1144.8
141691	1144.7
142142	1144.9
142249	1144.5
142626	1144.7
142642	1144.6
142877	1144.8
143156	1144.9
143200	1144.6
143593	1144.6
143643	1144.7
143773	1144.8
144049	1144.9
144159	1144.6
144486	1144.7
144624	1144.4
144899	1144.5
145365	1144.2
145575	1144.1
145791	1144.2
145977	1144.4
146101	1144.5
146626	1144.2
146723	1143.8
147251	1144.0
147564	1144.1
147577	1144.0
147598	1144.1
147814	1143.8
148528	1143.7
148765	1143.5
148807	1143.6
148965	1143.8
149347	1143.9
149449	1144.1
149479	1143.9
149716	1143.7
150119	1143.8
150134	1143.9
150382	1144.0
150430	1144.1
150453	1144.2
150636	1144.3
150667	1144.3
150964	1144.5
151071	1145.1
151213	1145.9
151335	1146.1
151381	1145.9
151606	1146.0
151618	1146.0
151852	1146.3
152022	1146.4
152172	1146.6
152198	1147.0
152287	1147.4
152417	1147.1
152637	1146.8
153368	1146.5
153588	1146.4
153618	1146.5
153730	1146.7
153740	1146.8
155003	1146.5
155068	1146.2
155444	1146.3
155568	1146.4
156100	1146.1
156166	1145.8
156441	1145.9
156904	1146.0
157052	1145.7
157100	1145.8
157390	1145.5
157834	1145.6
158140	1145.3
158341	1145.2
