2020-04-16 20:41:38

CONFIGURATION:
{u'simulation': {u'stdev_factor': 0.01, u'power_mgmt_enabled': False, u'tasks': {u'loc': {u'mean_service_time': {u'gpu': 90, u'cpu_core': 200, u'loc_accel': 10}, u'priority': 1, u'deadline': 1000, u'stdev_service_time': {u'gpu': 0.9, u'cpu_core': 2.0, u'loc_accel': 0.1}, u'power': {u'gpu': 4.457, u'cpu_core': 6.133, u'loc_accel': 0.02197}}, u'detect': {u'mean_service_time': {u'gpu': 0.4607, u'cpu_core': 3.654, u'det_accel': 0.278}, u'priority': 2, u'deadline': 1000, u'stdev_service_time': {u'gpu': 0.004607, u'cpu_core': 0.03654, u'det_accel': 0.0027800000000000004}, u'power': {u'gpu': 90, u'cpu_core': 200, u'det_accel': 10}}, u'Frontier': {u'mean_service_time': {u'cpu_core': 396}, u'priority': 9, u'deadline': 1000, u'stdev_service_time': {u'cpu_core': 3.96}, u'power': {u'cpu_core': 5.98}}, u'track': {u'mean_service_time': {u'gpu': 17, u'tra_accel': 2, u'cpu_core': 1820}, u'priority': 3, u'deadline': 1000, u'stdev_service_time': {u'gpu': 0.17, u'tra_accel': 0.02, u'cpu_core': 18.2}, u'power': {u'gpu': 12.79, u'tra_accel': 0.59, u'cpu_core': 5.6}}, u'sp': {u'mean_service_time': {u'gpu': 379, u'cpu_core': 1004}, u'priority': 11, u'deadline': 1000, u'stdev_service_time': {u'gpu': 3.79, u'cpu_core': 10.040000000000001}, u'power': {u'gpu': 3.302, u'cpu_core': 1004}}, u'mission': {u'mean_service_time': {u'cpu_core': 0.0022}, u'priority': 5, u'deadline': 1000, u'stdev_service_time': {u'cpu_core': 2.2000000000000003e-05}, u'power': {u'cpu_core': 3.534}}, u'motion': {u'mean_service_time': {u'cpu_core': 8}, u'priority': 6, u'deadline': 1000, u'stdev_service_time': {u'cpu_core': 0.08}, u'power': {u'cpu_core': 4.222}}, u'collision': {u'mean_service_time': {u'cpu_core': 8}, u'priority': 7, u'deadline': 1000, u'stdev_service_time': {u'cpu_core': 0.08}, u'power': {u'cpu_core': 0}}, u'fusion': {u'mean_service_time': {u'cpu_core': 1}, u'priority': 4, u'deadline': 1000, u'stdev_service_time': {u'cpu_core': 0.01}, u'power': {u'cpu_core': 0}}, u'map': {u'mean_service_time': {u'gpu': 761, u'cpu_core': 973}, u'priority': 10, u'deadline': 1000, u'stdev_service_time': {u'gpu': 7.61, u'cpu_core': 9.73}, u'power': {u'gpu': 3.533, u'cpu_core': 2.995}}, u'path': {u'mean_service_time': {u'cpu_core': 8}, u'priority': 8, u'deadline': 1000, u'stdev_service_time': {u'cpu_core': 0.08}, u'power': {u'cpu_core': 0}}}, u'sched_policy_module': u'policies.ms2_update2', u'drop': True, u'servers': {u'gpu': {u'count': 2}, u'tra_accel': {u'count': 1}, u'cpu_core': {u'count': 8}, u'loc_accel': {u'count': 1}, u'det_accel': {u'count': 1}}, u'max_tasks_simulated': 10000, u'max_queue_size': 1000000, u'mean_arrival_time': 50, u'arrival_time_scale': 3.1}, u'general': {u'random_seed': 0, u'pre_gen_arrivals': False, u'basename': u'policy:ms2_update2__stdev_factor:0.01', u'output_trace_file': None, u'working_dir': u'/home/hiwot/meta-stomp2/sim_16042020_202749_new_arrival_50_map_rheftmapping_50_trace_50', u'input_trace_file': (False, '../mv_mapping_50_trace_50.trc'), u'logging_level': u'INFO'}}
Time	Response time (avg)
698	3.0
1280	3.0
1461	3.7
1581	4.0
1917	4.2
2223	4.0
2531	6.3
2536	6.5
2698	7.9
2703	7.9
2716	12.7
3153	34.7
3158	53.5
3165	50.7
3535	60.2
3671	85.6
3678	81.2
4057	77.2
4184	74.6
4256	73.9
4263	74.4
4376	71.5
4380	73.9
4381	71.1
4549	68.5
4557	66.0
4692	63.9
4982	61.7
5129	59.7
5214	57.8
5248	56.1
5251	54.5
5279	53.0
5283	51.7
5485	50.3
5618	49.0
5949	47.7
5965	46.6
6001	45.5
6298	44.5
6579	43.5
6771	42.5
6919	41.6
7073	40.8
7110	40.0
7131	39.2
7412	38.4
7651	37.7
7758	37.0
7788	36.4
7804	35.7
7943	35.1
8094	34.5
8344	34.0
8477	33.5
8631	32.9
8654	32.4
8711	31.9
9018	31.5
9021	31.0
9320	30.5
9378	30.1
9428	29.7
9491	29.3
9706	28.9
9723	28.5
10657	28.2
10858	27.8
10876	27.5
10934	27.2
11004	26.9
11169	26.6
11225	26.2
11330	26.0
11373	25.7
11625	25.4
11817	25.1
11855	24.9
11926	24.6
12099	24.4
12258	24.1
12281	23.9
12734	23.6
13071	23.4
13465	23.2
13771	23.0
13804	22.8
14022	22.6
14028	22.4
14174	22.1
14407	22.0
14415	21.8
14567	21.5
15051	21.4
15227	21.2
15454	21.0
15458	20.8
15707	20.7
15778	20.5
15946	20.4
15956	20.2
15959	20.0
15969	19.9
16029	19.7
16621	19.6
16759	19.5
16906	19.3
16980	19.2
17081	19.1
17366	18.9
17611	18.8
17898	18.7
18083	18.5
18279	18.4
19233	18.3
19264	18.2
19346	18.1
19376	17.9
19431	17.8
19704	17.7
19783	17.6
19985	17.5
20134	17.4
20138	17.3
20209	17.2
20385	17.1
20414	17.0
20655	16.9
20734	16.8
21130	16.7
21415	16.6
21555	16.5
21750	16.4
21790	16.3
21891	16.2
22007	16.1
22122	16.0
22127	15.9
22423	15.8
22515	15.8
22550	15.7
22730	15.6
22842	15.5
22885	15.4
22969	15.4
22973	15.3
23000	15.2
23560	15.1
23756	15.1
23891	15.0
24326	14.9
24404	14.8
24437	14.8
24639	14.7
24681	14.6
25020	14.6
25051	14.5
25069	14.4
25197	14.4
25355	14.3
25678	14.2
25918	14.2
26197	14.1
26268	14.1
26289	14.0
26579	14.0
26592	13.9
26704	13.8
26871	13.8
26936	13.7
27147	13.7
27169	13.6
27514	13.6
27746	13.5
27913	13.5
28142	13.4
28599	13.4
28796	13.3
28855	13.3
29419	13.2
29459	13.1
29550	13.1
29841	13.1
29884	13.0
29989	13.0
30168	12.9
30242	12.9
30431	12.9
30668	12.8
30864	12.8
31093	12.7
31384	12.7
31524	12.6
31828	12.6
32092	12.5
32189	12.5
32501	12.4
32621	12.4
32721	12.4
33035	12.3
33256	12.3
33382	12.3
33460	12.2
33719	12.2
33793	12.1
34119	12.1
34368	12.0
34425	12.0
34483	12.0
34630	11.9
34924	11.9
34937	11.9
35191	11.8
35272	11.8
35438	11.8
35575	11.8
35864	11.7
36059	11.7
36165	11.6
36265	11.6
36279	11.6
36338	11.5
36389	11.5
36456	11.5
36899	11.4
36949	11.4
37059	11.3
37107	11.3
37740	11.3
37810	11.2
37837	11.2
37871	11.2
38010	11.2
38279	11.2
38291	11.1
38715	11.1
38784	11.1
38906	11.1
39557	11.0
39745	11.0
39875	11.0
40015	10.9
40242	10.9
40366	10.9
40508	10.8
40698	10.8
41229	10.8
41491	10.8
41498	10.7
41508	10.7
41656	10.7
41894	10.7
42033	10.6
42182	10.6
42449	10.6
42644	10.6
43005	10.5
43469	10.8
43476	10.8
43496	10.8
43833	11.0
43842	11.0
43847	11.0
44061	11.0
44200	11.0
44251	10.9
44335	10.9
44423	10.9
44625	10.9
44755	10.9
44846	10.8
44879	10.8
44926	10.8
45178	10.8
45869	10.7
46063	10.7
46181	10.7
46314	10.7
46398	10.6
46541	10.6
46624	10.6
46985	10.6
47061	10.5
47114	10.5
47363	10.5
47570	10.5
47581	10.5
47656	10.5
47905	10.4
48037	10.4
48065	10.4
48219	10.4
48407	10.4
48474	10.3
48619	10.3
48698	10.3
48949	10.3
48989	10.2
49135	10.2
49170	10.2
49225	10.2
49413	10.2
49504	10.1
49740	10.1
49799	10.1
49801	10.1
50041	10.1
50120	10.0
50267	10.0
50532	10.0
50589	10.0
50618	10.0
50721	10.0
50970	9.9
50986	9.9
50994	9.9
51072	9.9
51452	9.9
51672	9.8
51710	9.8
51922	9.8
51984	9.8
52072	9.8
52305	9.8
52459	9.8
52694	9.7
52759	9.7
52778	9.7
53058	9.7
53185	9.7
53205	9.7
53466	9.6
53887	9.7
53892	9.7
53905	9.9
54146	9.9
54339	9.9
54354	9.9
54391	9.8
54910	9.8
55055	9.8
55174	9.8
55253	9.8
55310	9.8
55482	9.7
55562	9.7
55800	9.7
56126	9.7
56350	9.7
56544	9.7
56654	9.7
57056	9.6
57167	9.6
57192	9.6
57383	9.6
57436	9.6
57796	9.6
57995	9.6
58143	9.6
58267	9.5
58378	9.5
58381	9.5
58790	9.5
58940	9.5
59064	9.5
59065	9.5
59182	9.4
59312	9.4
59390	9.4
59539	9.4
59965	9.4
60205	9.4
60209	9.3
60971	9.3
61005	9.3
61057	9.3
61160	9.3
61582	9.3
61592	9.3
62004	9.9
62009	9.9
62075	10.0
62347	10.8
62352	10.8
62575	10.8
62582	10.8
63073	10.8
63082	12.0
63086	11.9
63099	14.4
63106	14.6
63232	14.6
63236	14.5
63582	14.5
63589	14.5
63600	14.5
63737	14.5
63748	14.5
63871	14.5
64072	14.8
64075	15.0
64084	15.1
64097	15.1
64263	15.1
64821	15.9
64971	16.2
64976	16.6
65092	16.9
65316	17.3
65323	17.3
65334	17.3
65437	17.3
65483	17.2
65592	17.2
65677	17.2
65745	17.1
65823	17.1
65824	17.1
65882	17.1
66174	17.0
66203	17.0
66315	17.0
66388	16.9
66434	16.9
66820	16.9
66893	16.9
67310	16.8
67326	16.8
67336	16.8
67394	16.7
67676	16.7
67735	16.7
67745	16.6
67752	16.6
67777	16.6
67826	16.6
67906	16.5
68101	16.5
68246	16.5
69069	16.4
69135	16.4
69190	16.4
69475	16.4
69542	16.3
69660	16.3
70015	16.3
70234	16.3
70395	16.2
70675	16.2
71133	16.2
71402	16.1
71431	16.1
71572	16.1
71883	16.1
71887	16.0
72067	16.0
73179	16.0
73408	16.0
73564	15.9
73630	15.9
73910	15.9
74515	15.9
74803	15.8
74813	15.8
74952	15.8
75078	15.8
75126	15.8
75313	15.7
75314	15.7
75370	15.7
75555	15.7
75994	15.6
76049	15.6
76423	15.6
76795	15.6
77101	15.5
77219	15.5
77292	15.5
77394	15.5
77702	15.4
77852	15.4
77894	15.4
78251	15.4
78397	15.4
78538	15.3
78828	15.3
78898	15.3
79053	15.3
79072	15.2
79233	15.2
79326	15.2
79447	15.2
79774	15.1
79903	15.1
80065	15.1
80186	15.1
80278	15.1
80439	15.0
80663	15.0
80854	15.0
80876	15.0
81053	14.9
81135	14.9
81248	14.9
81445	14.9
81508	14.9
81591	14.9
82300	14.8
82433	14.8
82528	14.8
82564	14.8
83306	14.8
83652	14.7
83688	14.7
83908	14.7
83933	14.7
84429	14.6
84466	14.6
84550	14.6
84603	14.6
84794	14.6
84828	14.5
84943	14.5
85274	14.5
85290	14.5
85387	14.5
85404	14.4
85554	14.4
85566	14.4
85598	14.4
86235	14.4
86355	14.4
86363	14.3
86620	14.3
86941	14.3
87036	14.3
87223	14.3
87358	14.2
87492	14.2
87671	14.2
87892	14.2
88113	14.2
88151	14.1
88260	14.1
88332	14.1
88866	14.1
88938	14.1
89034	14.1
89243	14.0
89258	14.0
89283	14.0
89340	14.0
89349	14.0
89408	13.9
89808	13.9
89851	13.9
89889	13.9
90120	13.9
90319	13.9
90415	13.8
90608	13.8
90727	13.8
90750	13.8
90763	13.8
90842	13.8
90914	13.7
91038	13.7
91112	13.7
91339	13.7
91366	13.7
91498	13.7
91969	13.6
92272	13.6
92315	13.6
93710	13.6
93726	13.6
93848	13.6
94092	13.5
94151	13.5
94240	13.5
94255	13.5
94349	13.5
94379	13.5
94429	13.4
94852	13.4
94913	13.4
95106	13.4
95229	13.4
95458	13.4
95824	13.3
95834	13.3
95877	13.3
96472	13.3
96687	13.3
96928	13.3
96987	13.3
97025	13.2
97515	13.2
97737	13.2
97839	13.2
97840	13.2
98207	13.2
98376	13.1
98438	13.1
98689	13.1
98830	13.1
98851	13.1
98877	13.1
98963	13.1
99858	13.5
99863	13.6
100215	13.6
100232	13.6
100263	13.6
100371	13.6
100381	13.6
100462	13.5
100491	13.5
100524	13.5
100610	13.5
101180	13.5
101768	13.5
102176	13.5
102471	13.5
102523	13.4
102719	13.4
102773	13.4
102857	13.4
102927	13.4
103113	13.4
103121	13.4
103593	13.3
104669	13.3
105019	13.3
105112	13.3
105251	13.3
105264	13.3
105539	13.3
105816	13.2
105889	13.2
105905	13.2
105940	13.2
106065	13.2
106316	13.2
106556	13.2
106891	13.1
107014	13.1
107251	13.1
107284	13.1
107382	13.1
107419	13.1
107649	13.1
108633	13.2
108638	13.3
108649	13.7
108656	14.3
108669	14.3
108767	14.3
108808	14.3
108860	14.3
109203	14.2
109306	14.2
109312	14.2
109439	14.2
109480	14.2
109528	14.2
109616	14.2
110012	14.1
110050	14.1
110079	14.1
110179	14.1
110382	14.1
110485	14.1
110612	14.0
110972	14.2
110977	14.2
111231	14.5
111236	14.6
111777	15.7
111798	15.7
111805	16.5
112204	16.8
112275	16.9
112305	16.9
112307	16.9
112321	17.0
112466	17.0
112473	17.2
112574	17.2
112706	17.2
112781	17.2
112823	17.2
112932	17.2
113032	17.1
113194	17.1
113230	17.1
113249	17.1
113504	17.1
113724	17.0
113883	17.0
113969	17.0
113983	17.0
114021	17.0
114151	17.0
114261	16.9
114284	16.9
114916	16.9
115043	16.9
115362	16.9
115745	16.8
116201	16.8
116553	16.8
116566	16.8
116577	16.8
116808	16.8
116953	16.7
116960	16.7
116973	16.7
117445	16.7
117647	16.7
117692	16.7
117918	16.6
117930	16.6
118061	16.6
118101	16.6
118403	16.6
118600	16.6
118702	16.6
118721	16.5
119037	16.5
119508	16.5
119549	16.5
120005	16.5
120172	16.5
120500	16.4
120544	16.4
120801	16.4
121045	16.4
121060	16.4
121138	16.4
121182	16.3
121436	16.3
121451	16.3
121667	16.3
121835	16.3
122190	16.3
122218	16.2
122241	16.2
122547	16.2
122577	16.2
122841	16.2
122884	16.2
122914	16.1
123136	16.2
123143	16.2
123197	16.1
123332	16.1
123414	16.1
123596	16.1
123717	16.1
124064	16.1
124194	16.0
124229	16.0
124586	16.3
124589	16.5
124602	16.5
124702	16.5
124707	16.5
124725	16.5
125036	16.5
125048	16.5
125102	16.5
125290	16.5
125359	16.4
125471	16.4
125628	16.4
125798	16.4
125887	16.4
126025	16.4
126075	16.4
126714	16.3
126768	16.3
126807	16.3
126865	16.3
127074	16.3
127387	16.3
127411	16.3
127491	16.2
128061	16.2
128066	16.2
128170	16.2
128235	16.2
128353	16.2
128362	16.2
128418	16.1
128566	16.1
128625	16.1
129090	16.1
129095	16.1
129100	16.1
129453	16.0
129763	16.0
129773	16.0
129808	16.0
130113	16.0
130126	16.0
130264	16.0
130315	15.9
130431	15.9
130543	15.9
130805	15.9
130935	15.9
130969	15.9
131154	15.9
131215	15.8
131468	15.8
131492	15.8
131632	15.8
131825	15.8
131859	15.8
131867	15.8
131973	15.7
132051	15.7
132110	15.7
132191	15.7
132403	15.7
132880	15.9
132887	15.9
132929	15.9
132943	15.9
133059	15.9
133247	15.9
133295	15.8
133338	15.8
133356	15.8
133462	15.8
133486	15.8
133530	15.8
133683	15.8
133720	15.7
134597	15.7
134774	15.7
134786	15.7
135158	15.7
135165	15.7
135240	15.7
135263	15.7
135595	15.7
135622	15.7
136033	15.7
136062	15.6
136082	15.6
136161	15.6
136282	15.6
136397	15.6
136686	15.6
136741	15.6
137031	15.6
137085	15.5
137109	15.5
137142	15.5
137302	15.5
137367	15.5
137473	15.5
137495	15.5
138254	15.5
138428	15.5
138435	15.5
138472	15.5
138559	15.5
138616	15.5
138906	15.5
138964	15.4
138976	15.4
139070	15.4
139106	15.4
139205	15.4
139289	15.4
139351	15.4
139466	15.4
139509	15.3
139989	15.3
140016	15.3
140024	15.3
140026	15.3
140210	15.3
140211	15.3
140234	15.2
140654	15.2
140703	15.2
140728	15.2
140737	15.2
140745	15.2
140994	15.2
141162	15.2
141696	15.1
141714	15.1
141724	15.1
141763	15.1
142145	15.1
142629	15.1
142749	15.1
143142	15.1
143161	15.0
143278	15.0
143598	15.0
143700	15.0
144052	15.0
144145	15.0
144178	15.0
144273	15.0
144432	15.0
144491	14.9
144659	14.9
144674	14.9
144902	14.9
145124	14.9
145288	14.9
145370	14.9
145580	14.9
145719	14.9
146192	14.8
146378	14.8
146469	14.8
146502	14.8
146581	14.8
146631	14.8
146856	14.8
146968	14.8
147223	14.7
147272	14.7
147567	14.7
147569	14.7
147652	14.7
147819	14.7
147999	14.7
148079	14.7
148533	14.7
148770	14.6
148810	14.6
148968	14.6
149119	14.6
149748	14.6
149855	14.6
149984	14.9
149991	14.9
150139	14.9
150390	14.9
150461	14.9
150642	14.9
150649	14.9
150672	14.9
150971	14.9
150976	14.9
151216	15.0
151219	15.1
151611	15.3
151616	15.6
151627	15.6
151632	15.6
151665	15.6
151727	15.6
151837	15.6
151857	15.5
152027	15.5
152139	15.5
152177	15.5
152422	15.5
152599	15.5
152688	15.5
153137	15.5
153410	15.4
153593	15.4
153735	15.4
153807	15.4
153868	15.4
154120	15.4
154242	15.4
154448	15.4
154548	15.4
154644	15.3
155008	15.3
155073	15.3
155208	15.3
155809	15.3
155845	15.3
155969	15.3
156132	15.3
156171	15.3
156444	15.2
156600	15.2
156913	15.2
156923	15.2
157057	15.2
157103	15.2
157404	15.2
157890	15.2
158145	15.2
158237	15.2
158346	15.1
