CONFIGURATION:
{u'simulation': {u'stdev_factor': 0.01, u'power_mgmt_enabled': False, u'tasks': {u'loc': {u'mean_service_time': {u'gpu': 90, u'cpu_core': 200, u'loc_accel': 10}, u'priority': 1, u'deadline': 1000, u'stdev_service_time': {u'gpu': 0.9, u'cpu_core': 2.0, u'loc_accel': 0.1}, u'power': {u'gpu': 4.457, u'cpu_core': 6.133, u'loc_accel': 0.02197}}, u'detect': {u'mean_service_time': {u'gpu': 0.4607, u'cpu_core': 3.654, u'det_accel': 0.278}, u'priority': 2, u'deadline': 1000, u'stdev_service_time': {u'gpu': 0.004607, u'cpu_core': 0.03654, u'det_accel': 0.0027800000000000004}, u'power': {u'gpu': 90, u'cpu_core': 200, u'det_accel': 10}}, u'Frontier': {u'mean_service_time': {u'cpu_core': 396}, u'priority': 9, u'deadline': 1000, u'stdev_service_time': {u'cpu_core': 3.96}, u'power': {u'cpu_core': 5.98}}, u'track': {u'mean_service_time': {u'gpu': 17, u'tra_accel': 2, u'cpu_core': 1820}, u'priority': 3, u'deadline': 1000, u'stdev_service_time': {u'gpu': 0.17, u'tra_accel': 0.02, u'cpu_core': 18.2}, u'power': {u'gpu': 12.79, u'tra_accel': 0.59, u'cpu_core': 5.6}}, u'sp': {u'mean_service_time': {u'gpu': 379, u'cpu_core': 1004}, u'priority': 11, u'deadline': 1000, u'stdev_service_time': {u'gpu': 3.79, u'cpu_core': 10.040000000000001}, u'power': {u'gpu': 3.302, u'cpu_core': 1004}}, u'mission': {u'mean_service_time': {u'cpu_core': 0.0022}, u'priority': 5, u'deadline': 1000, u'stdev_service_time': {u'cpu_core': 2.2000000000000003e-05}, u'power': {u'cpu_core': 3.534}}, u'motion': {u'mean_service_time': {u'cpu_core': 8}, u'priority': 6, u'deadline': 1000, u'stdev_service_time': {u'cpu_core': 0.08}, u'power': {u'cpu_core': 4.222}}, u'collision': {u'mean_service_time': {u'cpu_core': 8}, u'priority': 7, u'deadline': 1000, u'stdev_service_time': {u'cpu_core': 0.08}, u'power': {u'cpu_core': 0}}, u'fusion': {u'mean_service_time': {u'cpu_core': 1}, u'priority': 4, u'deadline': 1000, u'stdev_service_time': {u'cpu_core': 0.01}, u'power': {u'cpu_core': 0}}, u'map': {u'mean_service_time': {u'gpu': 761, u'cpu_core': 973}, u'priority': 10, u'deadline': 1000, u'stdev_service_time': {u'gpu': 7.61, u'cpu_core': 9.73}, u'power': {u'gpu': 3.533, u'cpu_core': 2.995}}, u'path': {u'mean_service_time': {u'cpu_core': 8}, u'priority': 8, u'deadline': 1000, u'stdev_service_time': {u'cpu_core': 0.08}, u'power': {u'cpu_core': 0}}}, u'sched_policy_module': u'policies.ms1_update2', u'drop': True, u'servers': {u'gpu': {u'count': 2}, u'tra_accel': {u'count': 1}, u'cpu_core': {u'count': 8}, u'loc_accel': {u'count': 1}, u'det_accel': {u'count': 1}}, u'max_tasks_simulated': 10000, u'max_queue_size': 1000000, u'mean_arrival_time': 50, u'arrival_time_scale': 2.8}, u'general': {u'random_seed': 0, u'pre_gen_arrivals': False, u'basename': u'policy:ms1_update2__stdev_factor:0.01', u'output_trace_file': None, u'working_dir': u'/home/hiwot/meta-stomp2/sim_16042020_202749_new_arrival_50_map_rheftmapping_50_trace_50', u'input_trace_file': (False, '../mv_mapping_50_trace_50.trc'), u'logging_level': u'INFO'}}

/home/hiwot/meta-stomp2/sim_16042020_202749_new_arrival_50_map_rheftmapping_50_trace_50/../mv_mapping_50_trace_50.trc

Running STOMP simulation...
Dropped,DAG ID,DAG Priority,DAG Type,Slack,Response Time,No-Affinity Time,Energy
0,0,3,0,2838.8,1462,293,6320.2027
0,1,1,0,2836.8,1464,295,6320.2027
0,2,1,1,453.6,14,2,0.2197
0,3,1,2,2046.0,1146,194,3992.5097
0,4,1,0,996.8,3304,297,6320.2027
0,5,1,1,453.6,14,2,0.2197
0,6,3,2,1952.0,1240,249,3642.1397
0,7,3,0,2278.8,2022,350,6739.7797
0,8,3,2,1482.0,1710,249,3642.1397
0,9,3,2,1945.0,1247,196,3957.1797
0,10,3,0,2301.8,1999,350,6716.01349
0,11,1,1,453.6,14,2,0.2197
0,12,2,2,829.0,2363,196,3384.8337
0,13,1,0,1990.8,2310,350,7642.7597
0,14,3,0,2553.8,1747,350,6662.0397
0,15,1,0,2012.8,2288,350,9191.62364
0,16,3,0,2192.8,2108,350,7485.6947
0,17,3,1,313.6,154,4,0.2197
0,18,3,0,2425.8,1875,350,6973.5897
0,20,3,0,2393.8,1907,350,7332.2397
0,21,3,0,2366.8,1934,293,8401.3217
0,22,3,1,74.6,393,4,0.2197
0,23,3,2,1698.0,1494,196,4568.3887
0,24,3,0,2184.8,2116,346,7761.38455
0,25,3,0,2037.8,2263,346,8207.5597
0,26,3,2,1430.0,1762,247,5229.4897
0,28,1,0,2094.8,2206,295,8941.6887
0,29,3,2,2181.0,1011,194,3515.5547
0,30,3,1,402.6,65,4,0.2197
0,31,1,2,1568.0,1624,247,4816.1797
0,32,1,0,2188.8,2112,346,7755.3147
0,33,3,2,1792.0,1400,245,4151.2897
0,34,2,1,453.6,14,2,0.2197
0,35,1,1,453.6,14,2,0.2197
0,36,1,1,453.6,14,2,0.2197
0,37,1,0,2838.8,1462,293,6320.2027
0,38,1,2,2154.0,1038,194,3610.9457
0,39,1,2,1962.0,1230,245,3642.1397
0,40,3,0,2571.8,1729,348,6602.2397
0,41,1,0,2571.8,1729,348,6602.2397
0,42,1,2,1962.0,1230,245,3642.1397
0,43,1,1,453.6,14,2,0.2197
0,44,3,1,453.6,14,2,0.2197
0,45,1,0,2573.8,1727,346,6602.2397
0,46,1,0,2805.8,1495,293,6436.7917
0,47,1,0,2834.8,1466,297,6320.2027
0,48,1,2,1962.0,1230,245,3642.1397
0,49,3,0,2571.8,1729,348,6602.2397
0,50,1,1,453.6,14,2,0.2197
0,51,1,1,453.6,14,2,0.2197
0,52,3,2,2225.0,967,194,3360.1027
0,53,1,1,453.6,14,2,0.2197
0,54,1,2,2225.0,967,194,3360.1027
0,55,1,0,2573.8,1727,346,6602.2397
0,56,1,2,1960.0,1232,247,3642.1397
0,57,1,1,453.6,14,2,0.2197
0,58,3,2,1960.0,1232,245,3642.18364
0,59,3,2,2063.0,1129,194,3932.4487
0,60,3,1,453.6,14,2,0.2197
0,61,1,1,453.6,14,2,0.2197
0,62,3,2,2225.0,967,194,3360.1027
0,63,3,1,453.6,14,2,0.2197
0,64,1,0,2672.8,1628,247,6010.2197
0,65,3,0,2672.8,1628,247,6010.2197
0,66,3,0,2672.8,1628,247,6010.2197
0,67,3,1,453.6,14,2,0.2197
0,68,3,0,2670.8,1630,249,6010.2197
0,69,3,0,2788.8,1512,295,6489.7867
0,70,1,1,453.6,14,2,0.2197
0,71,1,0,2781.8,1519,293,6521.5837
0,72,1,0,2573.8,1727,346,6602.2397
0,73,3,2,1960.0,1232,247,3642.1397
0,74,3,2,2150.0,1042,194,3625.0777
0,75,1,2,2225.0,967,194,3360.1027
0,76,1,1,453.6,14,2,0.2197
0,77,3,0,2573.8,1727,346,6602.2397
0,78,1,1,453.6,14,2,0.2197
0,79,3,2,1953.0,1239,247,3642.29349
0,80,3,0,2635.8,1665,293,7037.4017
0,81,1,1,453.6,14,2,0.2197
0,82,1,0,2764.8,1536,293,6581.6447
0,83,3,1,453.6,14,2,0.2197
0,84,1,1,453.6,14,2,0.2197
0,85,3,0,2672.8,1628,247,6010.2197
0,86,3,0,2669.8,1631,249,6010.24167
0,87,1,2,2014.0,1178,194,4105.5657
0,88,3,2,2068.0,1124,194,3914.7837
0,89,1,2,1962.0,1230,245,3642.1397
0,90,3,0,2672.8,1628,247,6010.2197
0,91,1,0,2838.8,1462,293,6320.2027
0,92,1,0,2836.8,1464,295,6320.2027
0,93,3,1,448.6,19,2,0.32955
0,94,1,1,453.6,14,2,0.2197
0,95,1,2,1962.0,1230,245,3642.1397
0,96,1,1,453.6,14,2,0.2197
0,97,3,0,2573.8,1727,346,6602.2397
0,98,1,2,1960.0,1232,247,3642.1397
0,99,3,2,1959.0,1233,247,3642.16167
0,100,1,0,2711.8,1589,295,6761.8277
0,101,1,1,453.6,14,2,0.2197
0,102,3,0,2836.8,1464,295,6320.2027
0,103,3,0,2573.8,1727,346,6602.2397
0,104,3,1,453.6,14,2,0.2197
0,105,1,2,1960.0,1232,247,3642.1397
0,106,3,1,453.6,14,2,0.2197
0,107,1,1,448.6,19,2,0.32955
0,108,3,0,2838.8,1462,293,6320.2027
0,109,1,2,2225.0,967,194,3360.1027
0,110,1,2,1962.0,1230,245,3642.1397
0,111,3,1,453.6,14,2,0.2197
0,112,3,1,453.6,14,2,0.2197
0,113,3,1,453.6,14,2,0.2197
0,114,1,0,2838.8,1462,293,6320.2027
0,115,1,0,2719.8,1581,295,6733.5637
0,116,3,2,1962.0,1230,245,3642.1397
0,117,3,2,1960.0,1232,247,3642.1397
0,118,3,0,2672.8,1628,247,6010.2197
0,119,1,0,2672.8,1628,247,6010.2197
0,120,3,2,2218.0,974,194,3384.8337
0,121,3,0,2734.8,1566,293,6687.6347
0,122,3,2,1960.0,1232,247,3642.1397
0,123,1,1,453.6,14,2,0.2197
0,124,1,1,453.6,14,2,0.2197
0,125,3,2,2081.0,1111,194,3868.8547
0,126,1,0,2838.8,1462,293,6320.2027
0,127,3,1,453.6,14,2,0.2197
0,128,3,1,453.6,14,2,0.2197
0,129,3,0,2672.8,1628,247,6010.2197
0,130,1,1,451.6,16,4,0.2197
0,131,3,2,2220.0,972,194,3377.7677
0,132,3,0,2750.8,1550,295,6624.0407
0,133,3,1,453.6,14,2,0.2197
0,134,3,2,1952.0,1240,249,3642.1397
0,135,1,0,2571.8,1729,348,6602.2397
0,136,3,0,2571.8,1729,348,6602.2397
0,137,1,1,453.6,14,2,0.2197
0,138,1,2,1960.0,1232,247,3642.1397
0,139,3,2,1960.0,1232,247,3642.1397
0,140,3,2,1962.0,1230,245,3642.1397
0,141,3,1,446.6,21,2,0.37349
0,142,3,1,453.6,14,2,0.2197
0,143,3,2,2096.0,1096,194,3815.8597
0,144,1,1,453.6,14,2,0.2197
0,145,1,1,453.6,14,2,0.2197
0,146,3,0,2838.8,1462,293,6320.2027
0,147,3,2,1960.0,1232,247,3642.1397
0,148,3,1,434.6,33,4,0.4394
0,149,3,0,2752.8,1548,293,6624.0407
0,150,3,0,2713.8,1587,293,6761.8277
0,151,3,0,2573.8,1727,346,6602.2397
0,152,1,2,1956.0,1236,247,3642.22758
0,153,3,1,453.6,14,2,0.2197
0,154,1,0,2573.8,1727,346,6602.2397
0,155,1,0,2838.8,1462,293,6320.2027
0,156,3,0,2767.8,1533,293,6571.0457
0,157,1,1,453.6,14,2,0.2197
0,158,1,1,453.6,14,2,0.2197
0,159,1,0,2553.8,1747,350,6602.2397
0,160,3,1,453.6,14,2,0.2197
0,161,3,1,453.6,14,2,0.2197
0,162,1,1,451.6,16,4,0.2197
0,163,3,2,2112.0,1080,196,3360.1027
0,164,1,2,1927.0,1265,247,3740.9747
0,165,1,2,1962.0,1230,245,3642.1397
0,166,3,2,2162.0,1030,196,3557.9507
0,167,1,2,1960.0,1232,247,3642.1397
0,168,1,2,1960.0,1232,247,3642.1397
0,169,3,0,2573.8,1727,346,6602.2397
0,170,1,2,1960.0,1232,247,3642.1397
0,171,1,0,2571.8,1729,348,6602.2397
0,172,1,1,453.6,14,2,0.2197
0,173,3,1,453.6,14,2,0.2197
0,174,3,0,2838.8,1462,293,6320.2027
0,175,1,2,2225.0,967,194,3360.1027
0,176,3,1,453.6,14,2,0.2197
0,177,1,1,453.6,14,2,0.2197
0,178,1,0,2831.8,1469,293,6344.9337
0,179,1,0,2662.8,1638,247,6040.1697
0,180,3,2,2086.0,1106,194,3826.61249
0,181,1,0,2670.8,1630,249,6010.2197
0,182,1,2,1960.0,1232,247,3642.1397
0,183,1,1,453.6,14,2,0.2197
0,184,1,1,453.6,14,2,0.2197
0,185,1,1,453.6,14,2,0.2197
0,186,1,2,2225.0,967,194,3360.1027
0,187,1,0,2742.8,1558,293,6659.3707
0,188,3,1,453.6,14,2,0.2197
0,189,3,2,1962.0,1230,245,3642.1397
0,190,3,1,453.6,14,2,0.2197
0,191,1,1,453.6,14,2,0.2197
0,192,3,0,2838.8,1462,293,6320.2027
0,193,1,2,2225.0,967,194,3360.1027
0,194,3,2,1962.0,1230,245,3642.1397
0,195,3,1,453.6,14,2,0.2197
0,196,1,0,2672.8,1628,247,6010.2197
0,197,3,0,2571.8,1729,348,6602.2397
0,198,1,1,453.6,14,2,0.2197
0,199,3,2,2203.0,989,194,3437.8287
0,200,3,1,446.6,21,2,0.37349
0,201,3,2,2225.0,967,194,3360.1027
0,202,3,1,453.6,14,2,0.2197
0,203,1,0,2672.8,1628,247,6010.2197
0,204,1,0,2471.8,1829,247,6612.2147
0,205,3,2,2218.0,974,194,3384.8337
0,206,3,0,2759.8,1541,295,6592.2437
0,207,1,1,453.6,14,2,0.2197
0,208,1,1,453.6,14,2,0.2197
0,209,1,2,1962.0,1230,245,3642.1397
0,210,1,0,2573.8,1727,346,6602.2397
0,211,1,2,1960.0,1232,247,3642.1397
0,212,3,2,2082.0,1110,194,3865.3217
0,213,1,1,453.6,14,2,0.2197
0,214,3,2,2109.0,1083,194,3769.9307
0,215,1,1,453.6,14,2,0.2197
0,216,1,2,2225.0,967,194,3360.1027
0,217,1,1,453.6,14,2,0.2197
0,218,3,1,453.6,14,2,0.2197
0,219,3,2,2225.0,967,194,3360.1027
0,220,3,1,453.6,14,2,0.2197
0,221,3,0,2668.8,1632,247,6010.30758
0,222,3,0,2670.8,1630,249,6010.2197
0,223,1,0,2624.8,1676,295,7069.1987
0,224,3,1,452.6,15,2,0.24167
0,225,1,1,453.6,14,2,0.2197
0,226,3,1,453.6,14,2,0.2197
0,227,1,1,453.6,14,2,0.2197
0,228,3,2,1962.0,1230,245,3642.1397
0,229,1,1,453.6,14,2,0.2197
0,230,3,2,1950.0,1242,247,3642.3594
0,231,1,1,453.6,14,2,0.2197
0,232,1,0,2520.8,1780,346,6760.9747
0,233,3,2,2136.0,1056,194,3674.5397
0,234,1,1,453.6,14,2,0.2197
0,235,1,0,2571.8,1729,348,6602.2397
0,236,3,2,1960.0,1232,247,3642.1397
0,237,3,2,2225.0,967,194,3360.1027
0,238,1,1,453.6,14,2,0.2197
0,239,1,0,2834.8,1466,293,6320.29058
0,240,3,2,1962.0,1230,245,3642.1397
0,241,1,2,1960.0,1232,247,3642.1397
0,242,1,0,2710.8,1590,293,6772.4267
0,243,1,2,1858.0,1334,245,3953.6197
0,244,1,1,453.6,14,2,0.2197
0,245,3,0,2790.8,1510,293,6489.7867
0,246,1,1,453.6,14,2,0.2197
0,247,3,1,453.6,14,2,0.2197
0,248,1,2,1960.0,1232,247,3642.1397
0,249,3,2,2076.0,1116,194,3886.5197
0,250,1,2,2046.0,1146,194,3992.5097
0,251,3,2,1962.0,1230,245,3642.1397
0,252,1,0,1927.8,2373,350,6602.2397
0,253,1,1,453.6,14,2,0.2197
0,254,3,0,2819.8,1481,297,6320.2027
0,255,3,1,453.6,14,2,0.2197
0,256,1,0,2506.8,1794,297,6320.31255
0,257,3,1,453.6,14,2,0.2197
0,258,1,0,2430.8,1870,346,7457.3797
0,259,3,2,1802.0,1390,249,3642.1397
0,260,1,0,2566.8,1734,348,6632.1397
0,261,3,2,1947.0,1245,249,3642.16167
0,262,3,1,453.6,14,2,0.2197
0,263,1,2,1962.0,1230,245,3642.1397
0,264,3,0,2632.8,1668,293,7048.0007
0,265,3,2,2120.0,1072,194,3731.0677
0,266,1,0,2635.8,1665,247,6121.0347
0,267,3,0,2290.8,2010,348,7443.8347
0,268,1,1,-7.4,475,4,0.2197
0,269,3,2,1868.0,1324,245,3923.6697
0,270,3,2,1864.0,1328,247,3914.79455
0,271,1,1,297.6,170,4,0.2197
0,272,3,2,2225.0,967,194,3360.1027
0,273,1,0,2838.8,1462,293,6320.2027
0,274,1,1,449.6,18,2,0.30758
0,275,3,2,1962.0,1230,245,3642.1397
0,276,3,0,2429.8,1871,297,7019.7367
0,277,3,2,1962.0,1230,245,3642.1397
0,278,3,0,2834.8,1466,295,6327.2687
0,279,3,0,2566.8,1734,346,6644.0997
0,280,1,2,1957.0,1235,247,3642.1397
0,281,1,2,1960.0,1232,247,3642.1397
0,282,1,0,2497.8,1803,247,6534.3447
0,283,1,1,453.6,14,2,0.2197
0,284,1,1,453.6,14,2,0.2197
0,285,3,0,2821.8,1479,295,6338.0874
0,286,3,1,453.6,14,2,0.2197
0,287,3,2,2104.0,1088,194,3787.5957
0,288,1,2,1962.0,1230,245,3642.1397
0,289,1,0,2573.8,1727,346,6602.2397
0,290,3,2,1934.0,1258,245,3725.9997
0,291,3,2,2119.0,1073,194,3734.6007
0,292,3,1,453.6,14,2,0.2197
0,293,3,2,2122.0,1070,194,3699.42449
0,294,3,2,1962.0,1230,245,3642.1397
0,295,3,0,2672.8,1628,247,6010.2197
0,296,1,2,1957.0,1235,245,3642.24955
0,297,3,0,2739.8,1561,293,6669.9697
0,298,1,1,453.6,14,2,0.2197
0,299,1,0,2696.8,1604,293,6821.8887
0,300,3,1,453.6,14,2,0.2197
0,301,1,0,2672.8,1628,247,6010.2197
0,302,1,1,453.6,14,2,0.2197
0,303,3,1,453.6,14,2,0.2197
0,304,3,0,2672.8,1628,247,6010.2197
0,305,1,1,453.6,14,2,0.2197
0,306,3,1,453.6,14,2,0.2197
0,307,3,2,2118.0,1074,194,3738.1337
0,308,3,1,453.6,14,2,0.2197
0,309,1,1,453.6,14,2,0.2197
0,310,3,2,2124.0,1068,194,3716.9357
0,311,3,2,1958.0,1234,247,3642.18364
0,312,3,1,453.6,14,2,0.2197
0,313,1,2,1962.0,1230,245,3642.1397
0,314,1,0,2573.8,1727,346,6602.2397
0,315,1,2,1960.0,1232,247,3642.1397
0,316,3,1,453.6,14,2,0.2197
0,317,1,0,2760.8,1540,293,6595.7767
0,318,3,2,1962.0,1230,245,3642.1397
0,319,1,0,2573.8,1727,346,6602.2397
0,320,1,0,2666.8,1634,295,6920.8127
0,321,1,2,1960.0,1232,247,3642.1397
0,322,1,1,453.6,14,2,0.2197
0,323,3,1,453.6,14,2,0.2197
0,324,1,0,2672.8,1628,247,6010.2197
0,325,1,0,2670.8,1630,249,6010.2197
0,326,1,1,453.6,14,2,0.2197
0,327,1,2,2225.0,967,194,3360.1027
0,328,1,0,2802.8,1498,297,6320.2027
0,329,3,0,2563.8,1737,346,6662.0397
0,330,1,2,1901.0,1291,249,3642.3594
0,331,3,2,1946.0,1246,249,3642.1397
0,332,3,1,453.6,14,2,0.2197
0,333,3,1,453.6,14,2,0.2197
0,334,3,2,1962.0,1230,245,3642.1397
0,335,3,1,453.6,14,2,0.2197
0,336,1,2,2225.0,967,194,3360.1027
0,337,1,2,2215.0,977,194,3395.4327
0,338,1,1,453.6,14,2,0.2197
0,339,3,0,2573.8,1727,346,6602.2397
0,340,3,2,1960.0,1232,247,3642.1397
0,341,3,0,2571.8,1729,348,6602.2397
0,342,3,0,2523.8,1777,247,6456.4747
0,343,3,2,1804.0,1388,245,4115.3497
0,344,1,2,1960.0,1232,247,3642.1397
0,345,1,0,2708.8,1592,293,6779.4927
0,346,3,0,2838.8,1462,293,6320.2027
0,347,3,0,2573.8,1727,346,6602.2397
0,348,1,1,453.6,14,2,0.2197
0,349,3,2,2126.0,1066,194,3709.8697
0,350,3,0,2836.8,1464,295,6320.2027
0,351,1,0,2672.8,1628,247,6010.2197
0,352,1,0,2670.8,1630,249,6010.2197
0,353,3,2,1962.0,1230,245,3642.1397
0,354,3,2,1960.0,1232,247,3642.1397
0,355,1,0,2573.8,1727,346,6602.2397
0,356,3,1,453.6,14,2,0.2197
0,357,3,0,2836.8,1464,295,6320.2027
0,358,3,0,2807.8,1493,297,6415.5937
0,359,3,2,1955.0,1237,245,3642.29349
0,360,3,2,1960.0,1232,247,3642.1397
0,361,3,2,1960.0,1232,247,3642.1397
0,362,1,2,2225.0,967,194,3360.1027
0,363,1,2,2216.0,976,194,3367.32249
0,364,3,2,1960.0,1232,247,3642.1397
0,365,3,0,2721.8,1579,293,6733.5637
0,366,3,1,453.6,14,2,0.2197
0,367,3,2,2225.0,967,194,3360.1027
0,368,1,1,453.6,14,2,0.2197
0,369,1,1,453.6,14,2,0.2197
0,370,1,1,453.6,14,2,0.2197
0,371,3,0,2672.8,1628,247,6010.2197
0,372,1,0,2672.8,1628,247,6010.2197
0,373,3,1,446.6,21,2,0.37349
0,374,3,1,453.6,14,2,0.2197
0,377,3,2,1952.0,1240,249,3642.1397
0,379,3,0,2150.8,2150,350,7559.0397
0,380,1,1,453.6,14,2,0.2197
0,381,3,1,453.6,14,2,0.2197
0,384,3,0,2333.8,1967,350,6697.9197
0,386,3,0,2526.8,1774,297,7693.5937
0,387,1,1,453.6,14,2,0.2197
0,388,3,1,446.6,21,2,0.37349
0,390,3,0,2363.8,1937,297,7782.8137
0,392,3,0,1966.8,2334,350,7901.5697
0,393,3,2,1406.0,1786,249,5265.4297
0,394,3,0,2072.8,2228,297,8984.3597
0,395,3,1,366.6,101,4,0.2197
0,397,1,0,741.8,3559,350,9189.7897
0,398,1,0,744.8,3556,350,9157.00258
0,400,3,0,2053.8,2247,297,8619.5287
0,401,3,2,1937.0,1255,249,3687.0647
0,402,1,0,1338.8,2962,297,10340.1417
0,404,3,2,1911.0,1281,249,3752.9547
0,405,3,0,2219.8,2081,350,8109.5597
0,406,1,0,1791.8,2509,346,9478.6447
0,407,1,2,789.0,2403,196,7493.7127
0,408,1,2,804.0,2388,249,7095.3747
0,409,3,0,2336.8,1964,350,7532.8247
0,410,3,1,358.6,109,4,0.2197
0,413,3,0,2336.8,1964,350,7326.9397
0,414,1,2,1538.0,1654,249,4831.1547
0,415,1,2,857.0,2335,194,8130.04816
0,416,3,2,1696.0,1496,249,4010.56864
0,417,1,2,936.0,2256,194,7914.1397
0,418,3,2,2124.0,1068,196,3497.8897
0,420,3,2,1702.0,1490,245,4420.8397
0,421,3,2,1565.0,1627,245,4831.1547
0,422,1,2,1674.0,1518,245,4504.6997
0,423,3,1,436.6,31,4,0.2197
0,424,3,0,2570.8,1730,346,6611.2247
0,425,1,1,453.6,14,2,0.2197
0,426,1,2,1755.0,1437,245,4262.1047
0,427,1,2,1950.0,1242,247,3672.0897
0,428,3,2,2118.0,1074,194,3720.57855
0,429,1,1,450.6,17,2,0.28561
0,430,3,2,2211.0,981,194,3409.5647
0,431,3,1,453.6,14,2,0.2197
0,432,3,1,453.6,14,2,0.2197
0,433,1,1,448.6,19,2,0.32955
0,434,1,1,453.6,14,2,0.2197
0,435,1,0,2672.8,1628,247,6010.2197
0,436,1,1,453.6,14,2,0.2197
0,437,3,1,453.6,14,2,0.2197
0,438,1,1,449.6,18,2,0.30758
0,439,3,1,453.6,14,2,0.2197
0,440,1,2,2225.0,967,194,3360.1027
0,441,1,2,2225.0,967,194,3360.1027
0,442,1,2,1962.0,1230,245,3642.1397
0,443,1,0,2573.8,1727,346,6602.2397
0,444,3,2,1960.0,1232,247,3642.1397
0,445,1,0,2573.8,1727,346,6602.2397
0,446,3,1,453.6,14,2,0.2197
0,447,1,0,2838.8,1462,293,6320.2027
0,448,1,0,2836.8,1464,295,6320.2027
0,449,3,0,2672.8,1628,247,6010.2197
0,450,1,1,453.6,14,2,0.2197
0,451,3,2,1962.0,1230,245,3642.1397
0,452,3,1,452.6,15,2,0.24167
0,453,1,2,2078.0,1114,194,3879.4537
0,454,1,1,453.6,14,2,0.2197
0,455,3,1,453.6,14,2,0.2197
0,456,1,2,2225.0,967,194,3360.1027
0,457,3,2,2225.0,967,194,3360.1027
0,458,1,1,453.6,14,2,0.2197
0,459,1,0,2656.8,1644,249,6010.52728
0,460,3,0,2668.8,1632,247,6010.30758
0,461,3,1,453.6,14,2,0.2197
0,462,3,2,2013.0,1179,194,4109.0987
0,463,3,0,2632.8,1668,295,7040.9347
0,464,1,0,2670.8,1630,249,6010.2197
0,465,3,2,1960.0,1232,247,3642.1397
0,466,3,1,453.6,14,2,0.2197
0,467,1,2,1960.0,1232,247,3642.1397
0,468,1,0,2624.8,1676,293,7076.2647
0,469,3,2,2120.0,1072,194,3731.0677
0,470,3,0,2571.8,1729,348,6602.2397
0,471,3,1,453.6,14,2,0.2197
0,472,3,1,453.6,14,2,0.2197
0,473,3,0,2732.8,1568,293,6694.7007
0,474,3,2,2225.0,967,194,3360.1027
0,475,3,2,1962.0,1230,245,3642.1397
0,476,3,1,453.6,14,2,0.2197
0,477,3,2,1960.0,1232,247,3642.1397
0,478,3,2,1960.0,1232,247,3642.1397
0,479,1,0,2819.8,1481,293,6387.3297
0,480,1,2,2225.0,967,194,3360.1027
0,481,1,2,1960.0,1232,247,3642.1397
0,482,3,2,1960.0,1232,247,3642.1397
0,483,1,1,453.6,14,2,0.2197
0,484,3,0,2754.8,1546,295,6609.9087
0,485,3,1,453.6,14,2,0.2197
0,486,1,0,2836.8,1464,295,6320.2027
0,487,3,0,2672.8,1628,247,6010.2197
0,488,1,2,1962.0,1230,245,3642.1397
0,489,1,0,2672.8,1628,247,6010.2197
0,490,3,2,2124.0,1068,194,3716.9357
0,491,3,1,452.6,15,2,0.24167
0,492,1,2,2041.0,1151,194,4010.1747
0,493,1,1,453.6,14,2,0.2197
0,494,1,1,453.6,14,2,0.2197
0,495,1,1,453.6,14,2,0.2197
0,496,1,2,1960.0,1232,247,3642.1397
0,497,3,2,1962.0,1230,245,3642.1397
0,498,3,0,2672.8,1628,247,6010.2197
0,499,3,2,2055.0,1137,194,3960.7127
0,500,3,0,2672.8,1628,247,6010.2197
0,501,3,2,2157.0,1035,194,3600.3467
0,502,1,1,453.6,14,2,0.2197
0,503,1,2,1962.0,1230,245,3642.1397
0,504,3,2,1962.0,1230,245,3642.1397
0,505,1,0,2573.8,1727,346,6602.2397
0,506,3,0,2571.8,1729,348,6602.2397
0,507,1,1,453.6,14,2,0.2197
0,508,3,1,453.6,14,2,0.2197
0,509,1,2,2225.0,967,194,3360.1027
0,510,3,2,2225.0,967,194,3360.1027
0,511,3,2,2225.0,967,194,3360.1027
0,512,1,0,2838.8,1462,293,6320.2027
0,513,3,1,453.6,14,2,0.2197
0,514,3,2,1962.0,1230,245,3642.1397
0,515,1,0,2573.8,1727,346,6602.2397
0,516,1,2,1915.0,1277,247,3776.9147
0,517,3,2,2097.0,1095,194,3812.3267
0,518,1,1,453.6,14,2,0.2197
0,519,3,1,453.6,14,2,0.2197
0,520,3,1,453.6,14,2,0.2197
0,521,1,0,2764.8,1536,295,6574.5787
0,522,3,1,453.6,14,2,0.2197
0,523,3,2,1960.0,1232,247,3642.1397
0,524,1,0,2569.8,1731,346,6602.32758
0,525,1,1,453.6,14,2,0.2197
0,526,1,0,2836.8,1464,295,6320.2027
0,527,3,1,453.6,14,2,0.2197
0,528,3,1,453.6,14,2,0.2197
0,529,1,1,453.6,14,2,0.2197
0,530,1,1,453.6,14,2,0.2197
0,531,3,0,2838.8,1462,293,6320.2027
0,532,1,1,443.6,24,2,0.4394
0,533,3,2,2225.0,967,194,3360.1027
0,534,1,2,1962.0,1230,245,3642.1397
0,535,3,2,1962.0,1230,245,3642.1397
0,536,3,2,1960.0,1232,247,3642.1397
0,537,1,1,453.6,14,2,0.2197
0,538,1,0,2627.8,1673,249,6139.0047
0,539,1,0,2672.8,1628,247,6010.2197
0,540,3,0,2752.8,1548,293,6620.52967
0,541,1,1,453.6,14,2,0.2197
0,542,1,2,2041.0,1151,194,4010.1747
0,543,1,0,2563.8,1737,350,6602.2397
0,544,1,0,2571.8,1729,348,6602.2397
0,545,1,2,2185.0,1007,194,3501.4227
0,546,1,1,453.6,14,2,0.2197
0,547,1,0,2670.8,1630,249,6010.2197
0,548,1,2,2176.0,1016,194,3533.2197
0,549,1,2,1960.0,1232,247,3642.1397
0,550,3,2,1960.0,1232,247,3642.1397
0,551,3,1,453.6,14,2,0.2197
0,552,1,0,2672.8,1628,247,6010.2197
0,553,1,2,2225.0,967,194,3360.1027
0,554,1,2,1960.0,1232,247,3642.1397
0,555,3,0,2807.8,1493,293,6429.7257
0,556,3,0,2571.8,1729,348,6602.2397
0,557,1,1,436.6,31,4,0.2197
0,558,1,1,453.6,14,2,0.2197
0,559,3,2,1962.0,1230,245,3642.1397
0,560,1,2,2136.0,1056,194,3674.5397
0,561,3,1,453.6,14,2,0.2197
0,562,1,0,2573.8,1727,346,6602.2397
0,563,1,2,2156.0,1036,194,3603.8797
0,564,3,1,453.6,14,2,0.2197
0,565,1,1,453.6,14,2,0.2197
0,566,1,1,453.6,14,2,0.2197
0,567,3,0,2712.8,1588,295,6758.2947
0,568,3,1,453.6,14,2,0.2197
0,569,1,2,1962.0,1230,245,3642.1397
0,570,1,1,453.6,14,2,0.2197
0,571,3,1,453.6,14,2,0.2197
0,572,3,1,453.6,14,2,0.2197
0,573,1,1,453.6,14,2,0.2197
0,574,3,0,2838.8,1462,293,6320.2027
0,575,1,2,2225.0,967,194,3360.1027
0,576,1,2,1962.0,1230,245,3642.1397
0,577,1,2,1960.0,1232,247,3642.1397
0,578,1,2,1960.0,1232,247,3642.1397
0,579,3,2,1960.0,1232,247,3642.1397
0,580,3,2,1960.0,1232,247,3642.1397
0,581,1,1,453.6,14,2,0.2197
0,582,1,1,453.6,14,2,0.2197
0,583,1,2,2225.0,967,194,3360.1027
0,584,1,2,2225.0,967,194,3360.1027
0,585,3,1,453.6,14,2,0.2197
0,586,3,1,453.6,14,2,0.2197
0,587,3,0,2838.8,1462,293,6320.2027
0,588,3,1,453.6,14,2,0.2197
0,589,3,0,2830.8,1470,293,6320.37846
0,590,3,1,453.6,14,2,0.2197
0,591,3,2,1962.0,1230,245,3642.1397
0,592,3,2,1950.0,1242,247,3642.3594
0,593,3,1,453.6,14,2,0.2197
0,594,3,1,446.6,21,2,0.37349
0,595,1,1,453.6,14,2,0.2197
0,596,1,2,2225.0,967,194,3360.1027
0,597,1,0,2838.8,1462,293,6320.2027
0,598,1,2,1962.0,1230,245,3642.1397
0,599,1,0,2670.8,1630,249,6010.2197
0,600,3,1,453.6,14,2,0.2197
0,601,1,0,2672.8,1628,247,6010.2197
0,602,1,0,2735.8,1565,293,6684.1017
0,603,1,2,2214.0,978,194,3398.9657
0,604,1,2,1960.0,1232,247,3642.1397
0,605,1,1,453.6,14,2,0.2197
0,606,1,1,453.6,14,2,0.2197
0,607,1,1,453.6,14,2,0.2197
0,608,1,2,1619.0,1573,196,3512.0217
0,609,1,2,1618.0,1574,196,3575.72555
0,610,1,0,2563.8,1737,348,6632.20561
0,611,3,1,453.6,14,2,0.2197
0,612,1,0,2566.8,1734,348,6632.1397
0,613,1,2,1948.0,1244,247,3642.1397
0,614,1,2,1962.0,1230,245,3642.1397
0,615,3,2,1962.0,1230,245,3642.1397
0,616,1,2,1960.0,1232,247,3642.1397
0,617,1,2,1960.0,1232,247,3642.1397
0,618,3,2,1960.0,1232,247,3642.1397
0,619,1,0,2608.8,1692,293,7132.7927
0,620,3,1,375.6,92,4,0.2197
0,621,1,2,2225.0,967,194,3360.1027
0,622,1,0,2838.8,1462,293,6320.2027
0,623,1,0,2672.8,1628,247,6010.2197
0,624,3,0,2670.8,1630,249,6010.2197
0,625,1,0,2670.8,1630,249,6010.2197
0,626,1,2,1960.0,1232,247,3642.1397
0,627,3,2,2151.0,1041,194,3621.5447
0,628,3,2,2069.0,1123,194,3911.2507
0,629,3,1,453.6,14,2,0.2197
0,630,1,1,453.6,14,2,0.2197
0,631,1,1,453.6,14,2,0.2197
0,632,3,0,2838.8,1462,293,6320.2027
0,633,3,0,2838.8,1462,293,6320.2027
0,634,3,0,2672.8,1628,247,6010.2197
0,635,1,2,1898.0,1294,245,3833.8197
0,636,3,0,2731.8,1569,295,6691.1677
0,637,3,1,453.6,14,2,0.2197
0,638,3,2,1960.0,1232,247,3642.1397
0,639,3,1,453.6,14,2,0.2197
0,640,1,1,453.6,14,2,0.2197
0,641,1,1,453.6,14,2,0.2197
0,642,1,2,2225.0,967,194,3360.1027
0,643,1,0,2573.8,1727,346,6602.2397
0,644,1,0,2484.8,1816,348,6862.8047
0,645,3,0,2743.8,1557,295,6648.7717
0,646,3,0,2670.8,1630,249,6010.2197
0,647,1,1,453.6,14,2,0.2197
0,648,1,1,453.6,14,2,0.2197
0,649,1,2,2225.0,967,194,3360.1027
0,650,1,0,2337.8,1963,297,6320.2027
0,651,1,1,453.6,14,2,0.2197
0,652,1,0,2471.8,1829,348,7134.4597
0,653,3,0,2533.8,1767,350,6787.6197
0,654,1,2,1455.0,1737,249,3642.1397
0,655,1,1,453.6,14,2,0.2197
0,656,3,0,2553.8,1747,293,7628.0887
0,657,1,0,2553.8,1747,348,6709.8797
0,658,3,2,1940.0,1252,249,3642.3594
0,659,1,2,1898.0,1294,249,3642.1397
0,660,3,0,2743.8,1557,295,6653.6657
0,661,3,2,1962.0,1230,245,3642.1397
0,662,3,0,2471.8,1829,346,6907.7297
0,663,3,0,2468.8,1832,346,6916.7147
0,665,3,1,376.6,91,4,0.2197
0,666,2,2,2225.0,967,194,3360.1027
0,667,3,2,2225.0,967,194,3360.1027
0,668,3,2,1838.0,1354,249,3642.1397
0,669,1,2,1950.0,1242,249,3642.1397
0,670,3,1,453.6,14,2,0.2197
0,671,3,1,453.6,14,2,0.2197
0,672,1,0,1405.8,2895,350,7917.8397
0,673,3,1,453.6,14,2,0.2197
0,674,3,2,1610.0,1582,249,3642.1397
0,675,1,2,706.0,2486,196,4345.8097
0,676,3,2,1929.0,1263,196,3575.6157
0,677,2,0,1962.8,2338,350,7529.1397
0,678,1,0,2101.8,2199,350,7995.5797
0,679,3,1,453.6,14,2,0.2197
0,680,3,0,2520.8,1780,350,6697.9197
0,681,3,2,1797.0,1395,249,3642.1397
0,682,3,0,2416.8,1884,350,6707.03667
0,683,3,0,2560.8,1740,350,6620.1797
0,684,3,0,2264.8,2036,348,8175.4197
0,685,3,2,1662.0,1530,196,4766.2367
0,686,1,2,918.0,2274,194,7977.7337
0,687,3,1,235.6,232,4,0.2197
0,689,3,0,2587.8,1713,295,7415.2557
0,690,3,2,1659.0,1533,245,4546.65167
0,691,3,2,1623.0,1569,245,4657.4447
0,692,1,2,843.0,2349,247,6987.5547
0,693,3,2,1749.0,1443,194,5041.8107
0,694,3,2,1739.0,1453,245,4310.0247
0,695,3,0,2594.8,1706,247,6243.8297
0,696,1,1,16.6,451,4,0.2197
0,697,3,2,1960.0,1232,247,3642.1397
0,698,1,2,1960.0,1232,247,3642.1397
0,699,3,2,1962.0,1230,245,3642.1397
0,700,1,2,1960.0,1232,247,3642.1397
0,701,3,0,2716.8,1584,293,6751.2287
0,702,1,1,453.6,14,2,0.2197
0,703,3,0,2830.8,1470,293,6348.4667
0,704,1,1,453.6,14,2,0.2197
0,705,3,1,453.6,14,2,0.2197
0,706,1,1,453.6,14,2,0.2197
0,707,3,1,453.6,14,2,0.2197
0,708,1,0,2752.8,1548,293,6624.0407
0,709,3,2,2151.0,1041,194,3621.5447
0,710,1,0,2641.8,1659,251,6010.2197
0,711,3,0,2658.8,1642,251,6010.2197
0,712,3,2,2042.0,1150,194,4006.6417
0,713,3,0,2617.8,1683,251,6010.24167
0,714,1,0,2651.8,1649,295,6973.8077
0,715,3,2,1949.0,1243,249,3642.1397
0,716,1,2,1959.0,1233,247,3642.1397
0,717,3,0,2571.8,1729,348,6602.2397
0,718,3,0,2672.8,1628,247,6010.2197
0,719,3,2,2220.0,972,194,3377.7677
0,720,3,1,453.6,14,2,0.2197
0,721,1,2,2225.0,967,194,3360.1027
0,722,3,2,1952.0,1240,245,3672.0897
0,723,1,2,1962.0,1230,245,3642.1397
0,724,1,0,2599.8,1701,247,6228.8547
0,725,3,2,2134.0,1058,194,3681.6057
0,726,3,2,1960.0,1232,247,3642.1397
0,727,1,1,453.6,14,2,0.2197
0,728,1,0,2833.8,1467,293,6320.31255
0,729,3,1,453.6,14,2,0.2197
0,730,1,0,2838.8,1462,293,6320.2027
0,731,3,2,2073.0,1119,194,3897.1187
0,732,1,1,453.6,14,2,0.2197
0,733,1,0,2573.8,1727,346,6602.2397
0,734,3,0,2573.8,1727,346,6602.2397
0,735,1,1,453.6,14,2,0.2197
0,736,1,0,2758.8,1542,293,6602.8427
0,737,3,0,2672.8,1628,247,6010.2197
0,738,3,0,2786.8,1514,295,6496.8527
0,739,1,1,453.6,14,2,0.2197
0,740,3,1,453.6,14,2,0.2197
0,741,1,2,2120.0,1072,194,3731.0677
0,742,1,1,453.6,14,2,0.2197
0,743,3,1,453.6,14,2,0.2197
0,744,1,2,2225.0,967,194,3360.1027
0,745,3,0,2457.8,1843,251,6010.2197
0,746,1,2,1962.0,1230,245,3642.1397
0,747,1,2,1960.0,1232,247,3642.1397
0,748,1,0,2553.8,1747,350,6602.2397
0,749,3,1,453.6,14,2,0.2197
0,750,3,0,2573.8,1727,346,6602.2397
0,751,1,0,2793.8,1507,293,6589.3027
0,752,3,0,2573.8,1727,346,6602.2397
0,753,1,1,453.6,14,2,0.2197
0,754,1,1,453.6,14,2,0.2197
0,755,3,2,2223.0,969,196,3360.1027
0,756,1,0,2633.8,1667,251,6010.2197
0,757,1,0,2658.8,1642,251,6010.2197
0,758,1,1,453.6,14,2,0.2197
0,759,3,1,453.6,14,2,0.2197
0,760,3,0,2665.8,1635,297,6514.5177
0,761,3,0,2639.8,1661,251,6010.39546
0,762,3,2,1711.0,1481,247,3642.1397
0,763,1,0,2373.8,1927,293,8322.7567
0,764,1,1,327.6,140,4,0.2197
0,765,1,1,453.6,14,2,0.2197
0,766,3,0,2570.8,1730,346,6620.1797
0,767,1,2,1948.0,1244,247,3642.1397
0,768,3,0,2573.8,1727,346,6602.2397
0,769,1,2,1991.0,1201,194,4186.8247
0,770,1,0,2402.8,1898,348,7108.3947
0,771,3,0,2571.8,1729,346,6608.2297
0,772,1,0,2573.8,1727,346,6602.2397
0,773,3,2,2112.0,1080,194,3759.3317
0,776,1,2,1685.0,1507,245,4471.7547
0,777,3,0,2712.8,1588,293,6765.3607
0,778,3,1,417.6,50,4,0.2197
0,779,3,0,2672.8,1628,247,6010.2197
0,780,1,1,453.6,14,2,0.2197
0,781,3,0,2761.8,1539,295,6585.1777
0,782,3,0,2672.8,1628,247,6010.2197
0,783,1,0,2571.8,1729,348,6602.2397
0,784,3,1,453.6,14,2,0.2197
0,785,1,2,2225.0,967,194,3360.1027
0,786,3,1,453.6,14,2,0.2197
0,787,1,1,453.6,14,2,0.2197
0,788,3,2,2225.0,967,194,3360.1027
0,789,3,2,1960.0,1232,247,3642.1397
0,790,1,2,2077.0,1115,194,3882.9867
0,791,1,1,453.6,14,2,0.2197
0,792,3,2,2204.0,988,194,3434.2957
0,793,3,1,451.6,16,4,0.2197
0,794,1,1,453.6,14,2,0.2197
0,795,3,0,2662.8,1638,247,6010.4394
0,796,3,1,453.6,14,2,0.2197
0,797,1,1,453.6,14,2,0.2197
0,798,1,1,453.6,14,2,0.2197
0,799,3,0,2838.8,1462,293,6320.2027
0,800,1,1,453.6,14,2,0.2197
0,801,1,1,446.6,21,2,0.37349
0,802,3,2,2213.0,979,194,3402.4987
0,803,1,2,1955.0,1237,245,3642.29349
0,804,1,0,2672.8,1628,247,6010.2197
0,805,1,1,453.6,14,2,0.2197
0,806,1,2,1962.0,1230,245,3642.1397
0,807,1,2,1960.0,1232,247,3642.1397
0,808,1,2,1960.0,1232,247,3642.1397
0,809,1,1,453.6,14,2,0.2197
0,810,1,1,446.6,21,2,0.37349
0,811,3,0,2632.8,1668,293,7048.0007
0,812,3,1,453.6,14,2,0.2197
0,813,3,1,453.6,14,2,0.2197
0,814,1,0,2724.8,1576,293,6722.9647
0,815,1,2,1955.0,1237,247,3642.24955
0,816,3,1,453.6,14,2,0.2197
0,817,1,2,1960.0,1232,247,3642.1397
0,818,1,0,2672.8,1628,247,6010.2197
0,819,1,2,1962.0,1230,245,3642.1397
0,820,1,0,2828.8,1472,297,6320.2027
0,821,3,1,453.6,14,2,0.2197
0,822,1,0,2836.8,1464,295,6320.2027
0,823,3,2,1960.0,1232,247,3642.1397
0,824,3,2,1960.0,1232,247,3642.1397
0,825,3,0,2573.8,1727,346,6602.2397
0,826,3,1,449.6,18,2,0.30758
0,827,1,1,453.6,14,2,0.2197
0,828,1,0,2670.8,1630,249,6010.2197
0,829,3,1,453.6,14,2,0.2197
0,830,1,1,453.6,14,2,0.2197
0,831,1,2,1962.0,1230,245,3642.1397
0,832,3,1,452.6,15,2,0.24167
0,833,3,2,1960.0,1232,247,3642.1397
0,834,3,2,2027.0,1165,194,4059.6367
0,835,1,1,115.6,352,4,0.2197
0,836,3,2,2225.0,967,194,3360.1027
0,837,1,0,2110.8,2190,251,6010.2197
0,838,3,1,453.6,14,2,0.2197
0,839,3,0,2322.8,1978,350,7768.3397
0,840,3,1,449.6,18,2,0.30758
0,841,1,1,453.6,14,2,0.2197
0,842,1,2,1287.0,1905,249,3995.5497
0,843,3,0,2766.8,1534,297,6615.3807
0,844,3,0,2552.8,1748,350,6644.0997
0,845,3,2,2145.0,1047,196,3360.1027
0,846,1,2,1962.0,1230,245,3642.1397
0,847,3,0,2100.8,2200,350,6602.2397
0,848,1,2,1938.0,1254,247,3708.0297
0,849,3,2,2054.0,1138,194,3964.2457
0,850,3,0,2302.8,1998,350,8168.9997
0,851,1,2,1436.0,1756,249,3678.0797
0,852,1,2,1519.0,1673,249,4864.0997
0,853,3,0,2700.8,1600,297,6903.4787
0,854,3,0,2416.8,1884,346,7093.3497
0,855,3,0,2607.8,1693,293,7236.6527
0,856,3,0,2573.8,1727,346,6602.2397
0,857,3,0,2670.8,1630,249,6010.2197
0,858,1,0,2670.8,1630,249,6010.2197
0,859,1,2,1939.0,1253,245,3711.0247
0,860,1,1,8.6,459,4,0.2197
0,861,1,1,108.6,359,4,0.2197
0,862,3,0,2821.8,1479,297,6320.2027
0,863,1,0,2811.8,1489,297,6320.35649
0,864,3,0,2670.8,1630,249,6010.2197
0,865,1,1,453.6,14,2,0.2197
0,866,1,0,2573.8,1727,346,6602.2397
0,867,3,1,453.6,14,2,0.2197
0,868,1,2,1960.0,1232,247,3642.1397
0,869,1,1,453.6,14,2,0.2197
0,870,3,0,2675.8,1625,295,6889.0157
0,871,1,2,2054.0,1138,194,3929.1354
0,872,1,2,1962.0,1230,245,3642.1397
0,873,1,2,1960.0,1232,247,3642.1397
0,874,3,2,1960.0,1232,247,3642.1397
0,875,1,0,2553.8,1747,247,6366.6247
0,876,1,1,389.6,78,4,0.2197
0,877,1,0,2720.8,1580,295,6730.0307
0,878,1,2,2113.0,1079,194,3755.7987
0,879,1,2,1961.0,1231,245,3642.16167
0,880,1,1,453.6,14,2,0.2197
0,881,1,1,453.6,14,2,0.2197
0,882,1,2,1962.0,1230,245,3642.1397
0,883,3,1,453.6,14,2,0.2197
0,884,3,2,1960.0,1232,247,3642.1397
0,885,3,1,453.6,14,2,0.2197
0,886,3,1,453.6,14,2,0.2197
0,887,1,2,1958.0,1234,247,3642.18364
0,888,1,2,2068.0,1124,194,3914.7837
0,889,1,1,453.6,14,2,0.2197
0,890,3,2,2225.0,967,194,3360.1027
0,891,3,1,453.6,14,2,0.2197
0,892,3,2,1962.0,1230,245,3642.1397
0,893,3,1,453.6,14,2,0.2197
0,894,1,1,453.6,14,2,0.2197
0,895,3,2,2145.0,1047,194,3642.7427
0,896,3,1,453.6,14,2,0.2197
0,897,1,0,2838.8,1462,293,6320.2027
0,898,3,2,1962.0,1230,245,3642.1397
0,899,3,0,2672.8,1628,247,6010.2197
0,900,3,0,2573.8,1727,346,6602.2397
0,901,1,1,453.6,14,2,0.2197
0,902,3,1,443.6,24,2,0.4394
0,903,3,1,453.6,14,2,0.2197
0,904,1,2,2110.0,1082,194,3766.3977
0,905,1,0,2699.8,1601,293,6811.2897
0,906,1,0,2670.8,1630,249,6010.2197
0,907,1,2,1962.0,1230,245,3642.1397
0,908,1,0,2571.8,1729,348,6602.2397
0,909,3,2,1962.0,1230,245,3642.1397
0,910,3,0,2838.8,1462,293,6320.2027
0,911,1,2,2102.0,1090,196,3787.5957
0,912,3,0,2672.8,1628,247,6010.2197
0,913,1,2,1960.0,1232,245,3642.18364
0,914,3,1,453.6,14,2,0.2197
0,915,1,2,2225.0,967,194,3360.1027
0,916,3,1,453.6,14,2,0.2197
0,917,3,2,2225.0,967,194,3360.1027
0,918,1,0,2573.8,1727,346,6602.2397
0,919,1,1,453.6,14,2,0.2197
0,920,1,0,2571.8,1729,348,6602.2397
0,921,3,0,2672.8,1628,247,6010.2197
0,922,3,1,453.6,14,2,0.2197
0,923,3,2,2225.0,967,194,3360.1027
0,924,1,1,453.6,14,2,0.2197
0,925,1,0,2838.8,1462,293,6320.2027
0,926,3,0,2573.8,1727,346,6602.2397
0,927,3,2,1960.0,1232,247,3642.1397
0,928,3,0,2573.8,1727,346,6602.2397
0,929,1,1,453.6,14,2,0.2197
0,930,1,0,2641.8,1659,295,7009.1377
0,931,3,1,453.6,14,2,0.2197
0,932,1,1,453.6,14,2,0.2197
0,933,3,2,2215.0,977,194,3360.3224
0,934,3,1,453.6,14,2,0.2197
0,935,3,1,453.6,14,2,0.2197
0,936,1,2,1962.0,1230,245,3642.1397
0,937,3,1,453.6,14,2,0.2197
0,938,1,2,1930.0,1262,194,4402.3377
0,939,1,2,1962.0,1230,245,3642.1397
0,940,3,2,2196.0,996,194,3462.5597
0,941,1,0,903.8,3397,251,6010.2197
0,942,3,0,2228.8,2072,350,7822.1597
0,943,1,0,1195.8,3105,350,7224.1597
0,944,3,2,1733.0,1459,196,3904.1847
0,945,1,2,490.0,2702,196,3575.6157
0,946,1,0,1606.8,2694,350,7080.6397
0,947,1,1,453.6,14,2,0.2197
0,948,3,2,1899.0,1293,249,3642.1397
0,949,1,0,1892.8,2408,350,6853.3997
0,950,1,2,831.0,2361,249,3642.1397
0,951,1,2,952.0,2240,249,3642.1397
0,952,1,0,1544.8,2756,293,10891.9047
0,953,3,2,1650.0,1542,249,3806.97455
0,954,3,0,2254.8,2046,297,8914.63352
0,955,3,2,1827.0,1365,196,4374.0737
0,956,3,2,1664.0,1528,249,4115.3497
0,957,3,2,1852.0,1340,249,3923.6697
0,958,3,2,1821.0,1371,249,4016.66849
0,959,3,2,1841.0,1351,247,3998.5447
0,960,1,2,1755.0,1437,247,4256.1147
0,961,3,2,1981.0,1211,194,4222.1547
0,962,1,0,2496.8,1804,348,6826.8647
0,963,3,2,1930.0,1262,247,3731.9897
0,964,1,0,1907.8,2393,346,8590.96364
0,965,3,1,366.6,101,4,0.2197
0,966,3,1,383.6,84,4,0.2197
0,967,1,2,1749.0,1443,194,5041.8107
0,968,1,1,248.6,219,4,0.2197
0,969,1,0,2489.8,1811,348,6847.8297
0,970,3,1,453.6,14,2,0.2197
0,971,1,0,2838.8,1462,293,6320.2027
0,972,1,0,2573.8,1727,346,6602.2397
0,973,3,2,1960.0,1232,247,3642.1397
0,974,3,2,1960.0,1232,247,3642.1397
0,975,3,0,2568.8,1732,346,6602.34955
0,976,1,1,453.6,14,2,0.2197
0,977,3,1,453.6,14,2,0.2197
0,978,1,2,2225.0,967,194,3360.1027
0,979,1,2,2225.0,967,194,3360.1027
0,980,1,0,2672.8,1628,247,6010.2197
0,981,3,0,2672.8,1628,247,6010.2197
0,982,3,1,453.6,14,2,0.2197
0,983,1,1,453.6,14,2,0.2197
0,984,1,1,453.6,14,2,0.2197
0,985,3,0,2838.8,1462,293,6320.2027
0,986,1,1,453.6,14,2,0.2197
0,987,3,2,2215.0,977,194,3360.3224
0,988,3,2,1945.0,1247,245,3642.51319
0,989,1,0,2573.8,1727,346,6602.2397
0,990,1,1,453.6,14,2,0.2197
0,991,3,2,1960.0,1232,247,3642.1397
0,992,1,2,2133.0,1059,194,3685.1387
0,993,1,1,453.6,14,2,0.2197
0,994,1,0,2836.8,1464,295,6320.2027
0,995,3,0,2573.8,1727,346,6602.2397
0,996,1,1,453.6,14,2,0.2197
0,997,3,1,449.6,18,2,0.30758
0,998,1,2,2165.0,1027,194,3572.0827
0,999,3,2,2070.0,1122,194,3907.7177
1,19,1,1,-1467.4,1935,2,3907.7177
1,27,1,1,-892.4,1360,2,3907.7177
1,375,1,0,-605.2,4906,295,3907.7177
1,376,1,0,-570.2,4871,295,3907.7177
1,378,1,2,-1593.0,4785,247,3907.7177
1,382,1,0,-310.2,4611,348,3907.7177
1,383,1,2,-1301.0,4493,247,3907.7177
1,385,1,2,-1116.0,4308,247,3907.7177
1,389,1,2,-891.0,4083,247,3907.7177
1,391,1,1,-3455.4,3923,2,3907.7177
1,396,1,2,-428.0,3620,247,3907.7177
1,399,1,2,-245.0,3437,194,3907.7177
1,403,1,1,-2162.4,2630,2,3907.7177
1,411,1,1,-1517.4,1985,2,3907.7177
1,412,1,1,-1422.4,1890,2,3907.7177
1,419,1,1,-486.4,954,2,3907.7177
1,664,1,1,-4.4,472,2,3907.7177
1,688,1,1,-1023.4,1491,2,3907.7177
1,774,1,1,-176.4,644,2,3907.7177
1,775,1,1,-165.4,633,2,3907.7177
Time: 62639, 732275, 149616, 817073
