CONFIGURATION:
{u'simulation': {u'stdev_factor': 0.01, u'power_mgmt_enabled': False, u'tasks': {u'loc': {u'mean_service_time': {u'gpu': 90, u'cpu_core': 200, u'loc_accel': 10}, u'priority': 1, u'deadline': 1000, u'stdev_service_time': {u'gpu': 0.9, u'cpu_core': 2.0, u'loc_accel': 0.1}, u'power': {u'gpu': 4.457, u'cpu_core': 6.133, u'loc_accel': 0.02197}}, u'detect': {u'mean_service_time': {u'gpu': 0.4607, u'cpu_core': 3.654, u'det_accel': 0.278}, u'priority': 2, u'deadline': 1000, u'stdev_service_time': {u'gpu': 0.004607, u'cpu_core': 0.03654, u'det_accel': 0.0027800000000000004}, u'power': {u'gpu': 90, u'cpu_core': 200, u'det_accel': 10}}, u'Frontier': {u'mean_service_time': {u'cpu_core': 396}, u'priority': 9, u'deadline': 1000, u'stdev_service_time': {u'cpu_core': 3.96}, u'power': {u'cpu_core': 5.98}}, u'track': {u'mean_service_time': {u'gpu': 17, u'tra_accel': 2, u'cpu_core': 1820}, u'priority': 3, u'deadline': 1000, u'stdev_service_time': {u'gpu': 0.17, u'tra_accel': 0.02, u'cpu_core': 18.2}, u'power': {u'gpu': 12.79, u'tra_accel': 0.59, u'cpu_core': 5.6}}, u'sp': {u'mean_service_time': {u'gpu': 379, u'cpu_core': 1004}, u'priority': 11, u'deadline': 1000, u'stdev_service_time': {u'gpu': 3.79, u'cpu_core': 10.040000000000001}, u'power': {u'gpu': 3.302, u'cpu_core': 1004}}, u'mission': {u'mean_service_time': {u'cpu_core': 0.0022}, u'priority': 5, u'deadline': 1000, u'stdev_service_time': {u'cpu_core': 2.2000000000000003e-05}, u'power': {u'cpu_core': 3.534}}, u'motion': {u'mean_service_time': {u'cpu_core': 8}, u'priority': 6, u'deadline': 1000, u'stdev_service_time': {u'cpu_core': 0.08}, u'power': {u'cpu_core': 4.222}}, u'collision': {u'mean_service_time': {u'cpu_core': 8}, u'priority': 7, u'deadline': 1000, u'stdev_service_time': {u'cpu_core': 0.08}, u'power': {u'cpu_core': 0}}, u'fusion': {u'mean_service_time': {u'cpu_core': 1}, u'priority': 4, u'deadline': 1000, u'stdev_service_time': {u'cpu_core': 0.01}, u'power': {u'cpu_core': 0}}, u'map': {u'mean_service_time': {u'gpu': 761, u'cpu_core': 973}, u'priority': 10, u'deadline': 1000, u'stdev_service_time': {u'gpu': 7.61, u'cpu_core': 9.73}, u'power': {u'gpu': 3.533, u'cpu_core': 2.995}}, u'path': {u'mean_service_time': {u'cpu_core': 8}, u'priority': 8, u'deadline': 1000, u'stdev_service_time': {u'cpu_core': 0.08}, u'power': {u'cpu_core': 0}}}, u'sched_policy_module': u'policies.ms2_update2', u'drop': True, u'servers': {u'gpu': {u'count': 2}, u'tra_accel': {u'count': 1}, u'cpu_core': {u'count': 8}, u'loc_accel': {u'count': 1}, u'det_accel': {u'count': 1}}, u'max_tasks_simulated': 10000, u'max_queue_size': 1000000, u'mean_arrival_time': 50, u'arrival_time_scale': 2.5}, u'general': {u'random_seed': 0, u'pre_gen_arrivals': False, u'basename': u'policy:ms2_update2__stdev_factor:0.01', u'output_trace_file': None, u'working_dir': u'/home/hiwot/meta-stomp2/sim_16042020_202749_new_arrival_50_map_rheftmapping_50_trace_50', u'input_trace_file': (False, '../mv_mapping_50_trace_50.trc'), u'logging_level': u'INFO'}}

/home/hiwot/meta-stomp2/sim_16042020_202749_new_arrival_50_map_rheftmapping_50_trace_50/../mv_mapping_50_trace_50.trc

Running STOMP simulation...
Dropped,DAG ID,DAG Priority,DAG Type,Slack,Response Time,No-Affinity Time,Energy
0,0,3,0,2378.0,1462,293,6320.2027
0,1,1,0,2376.0,1464,295,6320.2027
0,2,1,1,403.5,14,2,0.2197
0,3,1,2,1620.0,1230,245,3642.1397
0,4,1,0,1168.0,2672,297,6320.2027
0,5,1,1,403.5,14,2,0.2197
0,6,3,2,1496.0,1354,196,3360.1027
0,7,3,0,1888.0,1952,350,6799.5797
0,8,3,2,1256.0,1594,249,3642.1397
0,9,3,2,1488.0,1362,249,3642.1397
0,10,3,0,2090.0,1750,350,6626.31349
0,11,1,1,403.5,14,2,0.2197
0,12,1,2,1363.0,1487,249,3902.7047
0,13,1,0,1371.0,2469,350,7879.0447
0,14,3,0,2082.0,1758,297,7817.6217
0,15,1,0,1072.0,2768,350,9759.74561
0,16,3,0,2101.0,1739,297,7650.4147
0,17,3,1,47.5,370,4,0.2197
0,18,3,0,1646.0,2194,350,8403.6497
0,19,1,1,168.5,249,4,0.2197
0,20,3,0,1387.0,2453,297,9549.4627
0,21,3,0,1470.0,2370,350,8901.0397
0,22,3,1,339.5,78,4,0.2197
0,23,3,2,1580.0,1270,249,3743.9697
0,24,3,0,1557.0,2283,350,8255.50955
0,25,3,0,1473.0,2367,348,8504.0447
0,26,3,2,1200.0,1650,196,4709.7087
0,27,1,1,322.5,95,4,0.2197
0,28,1,0,1127.0,2713,251,8352.3097
0,29,3,2,1374.0,1476,249,4345.9647
0,30,3,1,171.5,246,4,0.2197
0,31,1,2,1422.0,1428,247,4229.1597
0,32,1,0,1719.0,2121,295,7902.9867
0,33,3,2,1551.0,1299,194,4349.3427
0,34,1,1,284.5,133,4,0.2197
0,35,1,1,306.5,111,4,0.2197
0,36,1,1,330.5,87,4,0.2197
0,37,1,0,1856.0,1984,247,7076.4397
0,38,1,2,1582.0,1268,249,3714.0197
0,39,1,2,1427.0,1423,194,4971.1507
0,40,3,0,2115.0,1725,247,6300.7347
0,41,1,0,1992.0,1848,249,6663.1297
0,42,1,2,1789.0,1061,194,3692.2047
0,43,1,1,374.5,43,4,0.2197
0,44,3,1,390.5,27,4,0.2197
0,45,1,0,2212.0,1628,247,6010.2197
0,46,1,0,2113.0,1727,346,6602.2397
0,47,1,0,2193.0,1647,247,6067.1247
0,48,1,2,1463.0,1387,194,4843.9627
0,49,3,0,2198.0,1642,249,6046.1597
0,50,1,1,403.5,14,2,0.2197
0,51,1,1,403.5,14,2,0.2197
0,52,3,2,1883.0,967,194,3360.1027
0,53,1,1,403.5,14,2,0.2197
0,54,1,2,1620.0,1230,245,3642.1397
0,55,1,0,2111.0,1729,348,6602.2397
0,56,1,2,1618.0,1232,247,3642.1397
0,57,1,1,403.5,14,2,0.2197
0,58,3,2,1735.0,1115,194,3875.96464
0,59,3,2,1618.0,1232,247,3642.1397
0,60,3,1,403.5,14,2,0.2197
0,61,1,1,403.5,14,2,0.2197
0,62,3,2,1883.0,967,194,3360.1027
0,63,3,1,403.5,14,2,0.2197
0,64,1,0,2212.0,1628,247,6010.2197
0,65,3,0,2162.0,1678,297,7033.8687
0,66,3,0,2182.0,1658,251,6010.2197
0,67,3,1,403.5,14,2,0.2197
0,68,3,0,2212.0,1628,247,6010.2197
0,69,3,0,2113.0,1727,346,6602.2397
0,70,1,1,403.5,14,2,0.2197
0,71,1,0,2223.0,1617,295,6860.7517
0,72,1,0,2210.0,1630,249,6010.2197
0,73,3,2,1620.0,1230,245,3642.1397
0,74,3,2,1845.0,1005,194,3494.3567
0,75,1,2,1506.0,1344,247,3977.5797
0,76,1,1,403.5,14,2,0.2197
0,77,3,0,2291.0,1549,293,6627.5737
0,78,1,1,376.5,41,4,0.2197
0,79,3,2,1605.0,1245,245,3666.25349
0,80,3,0,2113.0,1727,346,6602.2397
0,81,1,1,403.5,14,2,0.2197
0,82,1,0,2376.0,1464,295,6320.2027
0,83,3,1,403.5,14,2,0.2197
0,84,1,1,403.5,14,2,0.2197
0,85,3,0,2376.0,1464,295,6320.2027
0,86,3,0,2111.0,1729,346,6602.28364
0,87,1,2,1618.0,1232,247,3642.1397
0,88,3,2,1707.0,1143,194,3981.9107
0,89,1,2,1820.0,1030,194,3582.6817
0,90,3,0,2202.0,1638,251,6010.2197
0,91,1,0,2127.0,1713,297,6934.9447
0,92,1,0,2210.0,1630,249,6010.2197
0,93,3,1,398.5,19,2,0.32955
0,94,1,1,403.5,14,2,0.2197
0,95,1,2,1546.0,1304,249,3821.8397
0,96,1,1,403.5,14,2,0.2197
0,97,3,0,2167.0,1673,295,7308.1937
0,98,1,2,1618.0,1232,247,3642.1397
0,99,3,2,1616.0,1234,247,3642.18364
0,100,1,0,2113.0,1727,346,6602.2397
0,101,1,1,403.5,14,2,0.2197
0,102,3,0,2278.0,1562,293,6673.5027
0,103,3,0,2111.0,1729,348,6602.2397
0,104,3,1,274.5,143,4,0.2197
0,105,1,2,1552.0,1298,247,3839.8097
0,106,3,1,363.5,54,4,0.2197
0,107,1,1,365.5,52,4,0.32955
0,108,3,0,2378.0,1462,293,6320.2027
0,109,1,2,1883.0,967,194,3360.1027
0,110,1,2,1620.0,1230,245,3642.1397
0,111,3,1,403.5,14,2,0.2197
0,112,3,1,403.5,14,2,0.2197
0,113,3,1,403.5,14,2,0.2197
0,114,1,0,2354.0,1486,293,6404.9947
0,115,1,0,2067.0,1773,247,6444.4947
0,116,3,2,1822.0,1028,194,3575.6157
0,117,3,2,1620.0,1230,245,3642.1397
0,118,3,0,2111.0,1729,348,6602.2397
0,119,1,0,2212.0,1628,247,6010.2197
0,120,3,2,1751.0,1099,194,3826.4587
0,121,3,0,2212.0,1628,247,6010.2197
0,122,3,2,1618.0,1232,247,3642.1397
0,123,1,1,403.5,14,2,0.2197
0,124,1,1,403.5,14,2,0.2197
0,125,3,2,1883.0,967,194,3360.1027
0,126,1,0,2311.0,1529,295,6507.4517
0,127,3,1,403.5,14,2,0.2197
0,128,3,1,403.5,14,2,0.2197
0,129,3,0,2212.0,1628,247,6010.2197
0,130,1,1,403.5,14,2,0.2197
0,131,3,2,1878.0,972,196,3360.1027
0,132,3,0,2212.0,1628,247,6010.2197
0,133,3,1,403.5,14,2,0.2197
0,134,3,2,1766.0,1084,194,3773.4637
0,135,1,0,2210.0,1630,249,6010.2197
0,136,3,0,2111.0,1729,348,6602.2397
0,137,1,1,403.5,14,2,0.2197
0,138,1,2,1620.0,1230,245,3642.1397
0,139,3,2,1618.0,1232,247,3642.1397
0,140,3,2,1618.0,1232,247,3642.1397
0,141,3,1,219.5,198,4,0.37349
0,142,3,1,253.5,164,4,0.2197
0,143,3,2,1672.0,1178,194,4105.5657
0,144,1,1,403.5,14,2,0.2197
0,145,1,1,397.5,20,4,0.2197
0,146,3,0,2173.0,1667,293,7044.4677
0,147,3,2,1620.0,1230,245,3642.1397
0,148,3,1,393.5,24,2,0.4394
0,149,3,0,2111.0,1729,348,6602.2397
0,150,3,0,2291.0,1549,295,6620.5077
0,151,3,0,2172.0,1668,293,7048.0007
0,152,1,2,1615.0,1235,245,3642.24955
0,153,3,1,403.5,14,2,0.2197
0,154,1,0,1866.0,1974,251,6010.2197
0,155,1,0,2020.0,1820,346,6979.2797
0,156,3,0,2226.0,1614,297,6807.7567
0,157,1,1,403.5,14,2,0.2197
0,158,1,1,403.5,14,2,0.2197
0,159,1,0,1948.0,1892,348,7576.9797
0,160,3,1,403.5,14,2,0.2197
0,161,3,1,403.5,14,2,0.2197
0,162,1,1,403.5,14,2,0.2197
0,163,3,2,1883.0,967,194,3360.1027
0,164,1,2,1620.0,1230,245,3642.1397
0,165,1,2,1618.0,1232,247,3642.1397
0,166,3,2,1618.0,1232,247,3642.1397
0,167,1,2,1881.0,969,194,3367.1687
0,168,1,2,1618.0,1232,247,3642.1397
0,169,3,0,2104.0,1736,346,6629.1947
0,170,1,2,1487.0,1363,247,4034.4847
0,171,1,0,2002.0,1838,295,7641.5447
0,172,1,1,403.5,14,2,0.2197
0,173,3,1,403.5,14,2,0.2197
0,174,3,0,2378.0,1462,293,6320.2027
0,175,1,2,1861.0,989,194,3437.8287
0,176,3,1,403.5,14,2,0.2197
0,177,1,1,403.5,14,2,0.2197
0,178,1,0,2267.0,1573,295,6705.2997
0,179,1,0,2212.0,1628,247,6010.2197
0,180,3,2,1613.0,1237,245,3642.29349
0,181,1,0,1994.0,1846,348,6952.6547
0,182,1,2,1817.0,1033,194,3593.2807
0,183,1,1,403.5,14,2,0.2197
0,184,1,1,403.5,14,2,0.2197
0,185,1,1,403.5,14,2,0.2197
0,186,1,2,1696.0,1154,196,4013.7077
0,187,1,0,2212.0,1628,247,6010.2197
0,188,3,1,403.5,14,2,0.2197
0,189,3,2,1883.0,967,194,3360.1027
0,190,3,1,403.5,14,2,0.2197
0,191,1,1,403.5,14,2,0.2197
0,192,3,0,2378.0,1462,293,6320.2027
0,193,1,2,1795.0,1055,194,3671.0067
0,194,3,2,1620.0,1230,245,3642.1397
0,195,3,1,403.5,14,2,0.2197
0,196,1,0,2113.0,1727,346,6602.2397
0,197,3,0,2212.0,1628,247,6010.2197
0,198,1,1,403.5,14,2,0.2197
0,199,3,2,1762.0,1088,194,3787.5957
0,200,3,1,396.5,21,2,0.37349
0,201,3,2,1869.0,981,194,3409.5647
0,202,3,1,403.5,14,2,0.2197
0,203,1,0,2212.0,1628,247,6010.2197
0,204,1,0,2212.0,1628,247,6010.2197
0,205,3,2,1674.0,1176,194,4098.4997
0,206,3,0,2191.0,1649,295,6973.8077
0,207,1,1,403.5,14,2,0.2197
0,208,1,1,403.5,14,2,0.2197
0,209,1,2,1620.0,1230,245,3642.1397
0,210,1,0,2113.0,1727,346,6602.2397
0,211,1,2,1618.0,1232,247,3642.1397
0,212,3,2,1618.0,1232,247,3642.1397
0,213,1,1,403.5,14,2,0.2197
0,214,3,2,1798.0,1052,194,3660.4077
0,215,1,1,403.5,14,2,0.2197
0,216,1,2,1883.0,967,194,3360.1027
0,217,1,1,403.5,14,2,0.2197
0,218,3,1,403.5,14,2,0.2197
0,219,3,2,1883.0,967,194,3360.1027
0,220,3,1,403.5,14,2,0.2197
0,221,3,0,2207.0,1633,247,6010.32955
0,222,3,0,2210.0,1630,249,6010.2197
0,223,1,0,2210.0,1630,249,6010.2197
0,224,3,1,401.5,16,2,0.26364
0,225,1,1,403.5,14,2,0.2197
0,226,3,1,403.5,14,2,0.2197
0,227,1,1,403.5,14,2,0.2197
0,228,3,2,1810.0,1040,194,3618.0117
0,229,1,1,403.5,14,2,0.2197
0,230,3,2,1608.0,1242,247,3642.3594
0,231,1,1,403.5,14,2,0.2197
0,232,1,0,2113.0,1727,346,6602.2397
0,233,3,2,1702.0,1148,194,3999.5757
0,234,1,1,403.5,14,2,0.2197
0,235,1,0,2113.0,1727,346,6602.2397
0,236,3,2,1618.0,1232,247,3642.1397
0,237,3,2,1883.0,967,194,3360.1027
0,238,1,1,403.5,14,2,0.2197
0,239,1,0,2373.0,1467,293,6320.31255
0,240,3,2,1620.0,1230,245,3642.1397
0,241,1,2,1618.0,1232,247,3642.1397
0,242,1,0,2113.0,1727,346,6602.2397
0,243,1,2,1800.0,1050,194,3653.3417
0,244,1,1,403.5,14,2,0.2197
0,245,3,0,2230.0,1610,295,6836.0207
0,246,1,1,403.5,14,2,0.2197
0,247,3,1,403.5,14,2,0.2197
0,248,1,2,1618.0,1232,247,3642.1397
0,249,3,2,1618.0,1232,247,3642.1397
0,250,1,2,1674.0,1176,194,4098.4997
0,251,3,2,1883.0,967,194,3360.1027
0,252,1,0,1720.0,2120,251,6010.2197
0,253,1,1,403.5,14,2,0.2197
0,254,3,0,2133.0,1707,297,7001.3167
0,255,3,1,403.5,14,2,0.2197
0,256,1,0,1761.0,2079,346,8677.40955
0,257,3,1,403.5,14,2,0.2197
0,258,1,0,1932.0,1908,348,7290.5797
0,259,3,2,1607.0,1243,196,3469.6257
0,260,1,0,2101.0,1739,348,6662.0397
0,261,3,2,1491.0,1359,249,3642.20561
0,262,3,1,403.5,14,2,0.2197
0,263,1,2,1608.0,1242,249,3642.1397
0,264,3,0,2111.0,1729,348,6602.2397
0,265,3,2,1618.0,1232,247,3642.1397
0,266,1,0,1503.0,2337,247,8133.6747
0,267,3,0,2367.0,1473,295,6351.9997
0,268,1,1,35.5,382,4,0.2197
0,269,3,2,1781.0,1069,194,3720.4687
0,270,3,2,1609.0,1241,245,3660.21955
0,271,1,1,302.5,115,4,0.2197
0,272,3,2,1661.0,1189,194,4144.4287
0,273,1,0,2182.0,1658,247,6100.0697
0,274,1,1,398.5,19,2,0.32955
0,275,3,2,1730.0,1120,194,3900.6517
0,276,3,0,1978.0,1862,251,6010.2197
0,277,3,2,1620.0,1230,245,3642.1397
0,278,3,0,2207.0,1633,293,7315.8657
0,279,3,0,2106.0,1734,346,6644.0997
0,280,1,2,1548.0,1302,196,4080.8347
0,281,1,2,1605.0,1245,249,3642.1397
0,282,1,0,2212.0,1628,247,6010.2197
0,283,1,1,403.5,14,2,0.2197
0,284,1,1,403.5,14,2,0.2197
0,285,3,0,2101.0,1739,348,6602.4594
0,286,3,1,403.5,14,2,0.2197
0,287,3,2,1618.0,1232,247,3642.1397
0,288,1,2,1492.0,1358,245,4025.4997
0,289,1,0,2212.0,1628,247,6010.2197
0,290,3,2,1874.0,976,194,3391.8997
0,291,3,2,1883.0,967,194,3360.1027
0,292,3,1,403.5,14,2,0.2197
0,293,3,2,1611.0,1239,247,3642.29349
0,294,3,2,1883.0,967,194,3360.1027
0,295,3,0,2170.0,1670,293,7055.0667
0,296,1,2,1615.0,1235,245,3642.24955
0,297,3,0,2210.0,1630,249,6010.2197
0,298,1,1,403.5,14,2,0.2197
0,299,1,0,2212.0,1628,247,6010.2197
0,300,3,1,403.5,14,2,0.2197
0,301,1,0,2018.0,1822,251,6010.2197
0,302,1,1,403.5,14,2,0.2197
0,303,3,1,403.5,14,2,0.2197
0,304,3,0,2248.0,1592,297,6687.6347
0,305,1,1,403.5,14,2,0.2197
0,306,3,1,403.5,14,2,0.2197
0,307,3,2,1493.0,1357,196,4080.8347
0,308,3,1,403.5,14,2,0.2197
0,309,1,1,403.5,14,2,0.2197
0,310,3,2,1620.0,1230,245,3642.1397
0,311,3,2,1615.0,1235,247,3642.20561
0,312,3,1,403.5,14,2,0.2197
0,313,1,2,1618.0,1232,247,3642.1397
0,314,1,0,2113.0,1727,346,6602.2397
0,315,1,2,1743.0,1107,194,3854.7227
0,316,3,1,403.5,14,2,0.2197
0,317,1,0,2212.0,1628,247,6010.2197
0,318,3,2,1728.0,1122,194,3907.7177
0,319,1,0,2212.0,1628,247,6010.2197
0,320,1,0,1952.0,1888,247,6788.9197
0,321,1,2,1573.0,1277,245,3782.9047
0,322,1,1,353.5,64,4,0.2197
0,323,3,1,368.5,49,4,0.2197
0,324,1,0,2170.0,1670,293,7055.0667
0,325,1,0,2210.0,1630,249,6010.2197
0,326,1,1,403.5,14,2,0.2197
0,327,1,2,1883.0,967,194,3360.1027
0,328,1,0,1747.0,2093,348,7917.8397
0,329,3,0,1863.0,1977,348,7971.8497
0,330,1,2,1598.0,1252,249,3642.3594
0,331,3,2,1639.0,1211,196,3639.2097
0,332,3,1,401.5,16,4,0.2197
0,333,3,1,403.5,14,2,0.2197
0,334,3,2,1211.0,1639,249,3642.1397
0,335,3,1,403.5,14,2,0.2197
0,336,1,2,1578.0,1272,196,3388.3667
0,337,1,2,1605.0,1245,249,3642.1397
0,338,1,1,403.5,14,2,0.2197
0,339,3,0,2113.0,1727,346,6602.2397
0,340,3,2,1678.0,1172,194,4084.3677
0,341,3,0,2113.0,1727,346,6602.2397
0,342,3,0,2111.0,1729,348,6602.2397
0,343,3,2,1554.0,1296,245,3839.8097
0,344,1,2,1561.0,1289,247,3812.8547
0,345,1,0,2151.0,1689,293,7122.1937
0,346,3,0,2010.0,1830,350,6889.7597
0,347,3,0,2222.0,1618,295,6846.6197
0,348,1,1,403.5,14,2,0.2197
0,349,3,2,1603.0,1247,249,3642.1397
0,350,3,0,2358.0,1482,293,6390.8627
0,351,1,0,2212.0,1628,247,6010.2197
0,352,1,0,2210.0,1630,249,6010.2197
0,353,3,2,1620.0,1230,245,3642.1397
0,354,3,2,1620.0,1230,245,3642.1397
0,355,1,0,2325.0,1515,293,6507.4517
0,356,3,1,403.5,14,2,0.2197
0,357,3,0,2212.0,1628,247,6010.2197
0,358,3,0,2002.0,1838,346,6934.6847
0,359,3,2,1739.0,1111,194,3840.76646
0,360,3,2,1618.0,1232,247,3642.1397
0,361,3,2,1834.0,1016,194,3533.2197
0,362,1,2,1620.0,1230,245,3642.1397
0,363,1,2,1611.0,1239,247,3642.29349
0,364,3,2,1856.0,994,194,3455.4937
0,365,3,0,2376.0,1464,295,6320.2027
0,366,3,1,403.5,14,2,0.2197
0,367,3,2,1620.0,1230,245,3642.1397
0,368,1,1,403.5,14,2,0.2197
0,369,1,1,403.5,14,2,0.2197
0,370,1,1,403.5,14,2,0.2197
0,371,3,0,2378.0,1462,293,6320.2027
0,372,1,0,2212.0,1628,247,6010.2197
0,373,3,1,396.5,21,2,0.37349
0,374,3,1,403.5,14,2,0.2197
0,375,1,0,827.0,3013,297,11875.6227
0,376,1,0,625.0,3215,297,15547.3427
0,377,3,2,1563.0,1287,249,3642.1397
0,378,1,2,1173.0,1677,249,3642.1397
0,379,3,0,2098.0,1742,350,6620.1797
0,380,1,1,403.5,14,2,0.2197
0,381,3,1,403.5,14,2,0.2197
0,382,1,0,464.0,3376,350,14914.4397
0,383,1,2,1340.0,1510,249,3642.1397
0,384,3,0,1927.0,1913,350,6632.1397
0,385,1,2,1505.0,1345,249,3642.1397
0,386,3,0,1642.0,2198,350,9347.0597
0,388,3,1,-174.5,592,4,0.37349
0,389,1,2,602.0,2248,249,6121.9997
0,390,3,0,2226.0,1614,297,6842.0147
0,392,3,0,1530.0,2310,350,7767.2647
0,393,3,2,1550.0,1300,196,3441.3617
0,394,3,0,1615.0,2225,350,8660.7997
0,395,3,1,194.5,223,4,0.2197
0,396,1,2,1014.0,1836,196,6041.6497
0,397,1,0,397.0,3443,350,11732.6047
0,398,1,0,392.0,3448,350,11738.74455
0,399,1,2,895.0,1955,249,4897.0447
0,400,3,0,1816.0,2024,350,7446.0497
0,401,3,2,1570.0,1280,196,4374.0737
0,402,1,0,180.0,3660,350,11651.1197
0,403,1,1,205.5,212,4,0.2197
0,404,3,2,920.0,1930,249,3681.0747
0,405,3,0,1837.0,2003,350,7222.0647
0,407,1,2,519.0,2331,249,6331.6497
0,408,1,2,536.0,2314,249,6427.4897
0,409,3,0,1742.0,2098,297,9365.7657
0,410,3,1,314.5,103,4,0.2197
0,411,1,1,311.5,106,4,0.4394
0,412,1,1,337.5,80,4,0.2197
0,413,3,0,1506.0,2334,297,11279.2027
0,414,1,2,345.0,2505,249,7346.9547
0,415,1,2,177.0,2673,247,7907.39319
0,416,3,2,1250.0,1600,249,3675.12864
0,417,1,2,227.0,2623,247,7808.1847
0,418,3,2,1513.0,1337,249,3854.7847
0,419,1,1,321.5,96,4,0.2197
0,420,3,2,1659.0,1191,194,4151.4947
0,421,3,2,1724.0,1126,194,3921.8497
0,422,1,2,895.0,1955,245,5813.5147
0,423,3,1,327.5,90,4,0.2197
0,424,3,0,2008.0,1832,293,7627.4127
0,425,1,1,329.5,88,4,0.2197
0,426,1,2,1620.0,1230,245,3642.1397
0,427,1,2,1620.0,1230,245,3642.1397
0,428,3,2,1486.0,1364,245,4028.60455
0,429,1,1,286.5,131,4,0.32955
0,430,3,2,1562.0,1288,245,3815.8497
0,431,3,1,270.5,147,4,0.2197
0,432,3,1,280.5,137,4,0.2197
0,433,1,1,269.5,148,4,0.32955
0,434,1,1,308.5,109,4,0.2197
0,435,1,0,2189.0,1651,293,6987.9397
0,436,1,1,403.5,14,2,0.2197
0,437,3,1,403.5,14,2,0.2197
0,438,1,1,398.5,19,2,0.32955
0,439,3,1,403.5,14,2,0.2197
0,440,1,2,1883.0,967,194,3360.1027
0,441,1,2,1620.0,1230,245,3642.1397
0,442,1,2,1618.0,1232,247,3642.1397
0,443,1,0,2113.0,1727,346,6602.2397
0,444,3,2,1618.0,1232,247,3642.1397
0,445,1,0,2111.0,1729,348,6602.2397
0,446,3,1,403.5,14,2,0.2197
0,447,1,0,2378.0,1462,293,6320.2027
0,448,1,0,2376.0,1464,295,6320.2027
0,449,3,0,2210.0,1630,249,6010.2197
0,450,1,1,403.5,14,2,0.2197
0,451,3,2,1620.0,1230,245,3642.1397
0,452,3,1,401.5,16,2,0.26364
0,453,1,2,1618.0,1232,247,3642.1397
0,454,1,1,403.5,14,2,0.2197
0,455,3,1,403.5,14,2,0.2197
0,456,1,2,1883.0,967,194,3360.1027
0,457,3,2,1883.0,967,194,3360.1027
0,458,1,1,403.5,14,2,0.2197
0,459,1,0,2195.0,1645,249,6010.54925
0,460,3,0,2207.0,1633,247,6010.32955
0,461,3,1,403.5,14,2,0.2197
0,462,3,2,1620.0,1230,245,3642.1397
0,463,3,0,2111.0,1729,348,6602.2397
0,464,1,0,2170.0,1670,295,7048.0007
0,465,3,2,1837.0,1013,194,3522.6207
0,466,3,1,403.5,14,2,0.2197
0,467,1,2,1618.0,1232,247,3642.1397
0,468,1,0,2113.0,1727,346,6602.2397
0,469,3,2,1618.0,1232,247,3642.1397
0,470,3,0,2247.0,1593,295,6775.9597
0,471,3,1,403.5,14,2,0.2197
0,472,3,1,403.5,14,2,0.2197
0,473,3,0,2376.0,1464,295,6320.2027
0,474,3,2,1620.0,1230,245,3642.1397
0,475,3,2,1765.0,1085,194,3776.9967
0,476,3,1,401.5,16,4,0.2197
0,477,3,2,1618.0,1232,247,3642.1397
0,478,3,2,1618.0,1232,247,3642.1397
0,479,1,0,2354.0,1486,293,6404.9947
0,480,1,2,1620.0,1230,245,3642.1397
0,481,1,2,1505.0,1345,247,3980.5747
0,482,3,2,1877.0,973,194,3381.3007
0,483,1,1,403.5,14,2,0.2197
0,484,3,0,2196.0,1644,293,6963.2087
0,485,3,1,403.5,14,2,0.2197
0,486,1,0,2212.0,1628,247,6010.2197
0,487,3,0,2212.0,1628,247,6010.2197
0,488,1,2,1620.0,1230,245,3642.1397
0,489,1,0,2376.0,1464,295,6320.2027
0,490,3,2,1620.0,1230,245,3642.1397
0,491,3,1,401.5,16,2,0.26364
0,492,1,2,1618.0,1232,247,3642.1397
0,493,1,1,403.5,14,2,0.2197
0,494,1,1,403.5,14,2,0.2197
0,495,1,1,403.5,14,2,0.2197
0,496,1,2,1883.0,967,194,3360.1027
0,497,3,2,1618.0,1232,247,3642.1397
0,498,3,0,2287.0,1553,293,6641.7057
0,499,3,2,1618.0,1232,247,3642.1397
0,500,3,0,2210.0,1630,249,6010.2197
0,501,3,2,1620.0,1230,245,3642.1397
0,502,1,1,403.5,14,2,0.2197
0,503,1,2,1795.0,1055,194,3671.0067
0,504,3,2,1618.0,1232,247,3642.1397
0,505,1,0,2066.0,1774,348,6737.0147
0,506,3,0,2234.0,1606,293,6828.9547
0,507,1,1,403.5,14,2,0.2197
0,508,3,1,403.5,14,2,0.2197
0,509,1,2,1618.0,1232,247,3642.1397
0,510,3,2,1883.0,967,194,3360.1027
0,511,3,2,1883.0,967,194,3360.1027
0,512,1,0,2378.0,1462,293,6320.2027
0,513,3,1,403.5,14,2,0.2197
0,514,3,2,1620.0,1230,245,3642.1397
0,515,1,0,2212.0,1628,247,6010.2197
0,516,1,2,1620.0,1230,245,3642.1397
0,517,3,2,1618.0,1232,247,3642.1397
0,518,1,1,403.5,14,2,0.2197
0,519,3,1,403.5,14,2,0.2197
0,520,3,1,403.5,14,2,0.2197
0,521,1,0,2376.0,1464,295,6320.2027
0,522,3,1,403.5,14,2,0.2197
0,523,3,2,1883.0,967,194,3360.1027
0,524,1,0,2108.0,1732,346,6602.34955
0,525,1,1,403.5,14,2,0.2197
0,526,1,0,2212.0,1628,247,6010.2197
0,527,3,1,403.5,14,2,0.2197
0,528,3,1,403.5,14,2,0.2197
0,529,1,1,403.5,14,2,0.2197
0,530,1,1,403.5,14,2,0.2197
0,531,3,0,2376.0,1464,295,6320.2027
0,532,1,1,393.5,24,2,0.4394
0,533,3,2,1883.0,967,194,3360.1027
0,534,1,2,1620.0,1230,245,3642.1397
0,535,3,2,1618.0,1232,247,3642.1397
0,536,3,2,1618.0,1232,247,3642.1397
0,537,1,1,403.5,14,2,0.2197
0,538,1,0,2099.0,1741,350,6602.2397
0,539,1,0,2101.0,1739,348,6632.1897
0,540,3,0,2140.0,1700,297,6942.05464
0,541,1,1,403.5,14,2,0.2197
0,542,1,2,1610.0,1240,249,3642.1397
0,543,1,0,2348.0,1492,297,6427.8427
0,544,1,0,2099.0,1741,251,6010.2197
0,545,1,2,1596.0,1254,249,3642.1397
0,546,1,1,403.5,14,2,0.2197
0,547,1,0,2230.0,1610,293,6906.7087
0,548,1,2,1606.0,1244,249,3642.1397
0,549,1,2,1618.0,1232,247,3642.1397
0,550,3,2,1604.0,1246,194,4345.8097
0,551,3,1,385.5,32,4,0.2197
0,552,1,0,2111.0,1729,348,6602.2397
0,553,1,2,1620.0,1230,245,3642.1397
0,554,1,2,1448.0,1402,247,4151.2897
0,555,3,0,2366.0,1474,295,6355.5327
0,556,3,0,2212.0,1628,247,6010.2197
0,557,1,1,256.5,161,4,0.2197
0,558,1,1,285.5,132,4,0.2197
0,559,3,2,1586.0,1264,245,3743.9697
0,560,1,2,1883.0,967,194,3360.1027
0,561,3,1,403.5,14,2,0.2197
0,562,1,0,2113.0,1727,346,6602.2397
0,563,1,2,1737.0,1113,194,3875.9207
0,564,3,1,403.5,14,2,0.2197
0,565,1,1,403.5,14,2,0.2197
0,566,1,1,403.5,14,2,0.2197
0,567,3,0,2243.0,1597,295,6790.0917
0,568,3,1,403.5,14,2,0.2197
0,569,1,2,1620.0,1230,245,3642.1397
0,570,1,1,403.5,14,2,0.2197
0,571,3,1,403.5,14,2,0.2197
0,572,3,1,403.5,14,2,0.2197
0,573,1,1,403.5,14,2,0.2197
0,574,3,0,2378.0,1462,293,6320.2027
0,575,1,2,1883.0,967,194,3360.1027
0,576,1,2,1620.0,1230,245,3642.1397
0,577,1,2,1618.0,1232,247,3642.1397
0,578,1,2,1618.0,1232,247,3642.1397
0,579,3,2,1618.0,1232,247,3642.1397
0,580,3,2,1618.0,1232,247,3642.1397
0,581,1,1,403.5,14,2,0.2197
0,582,1,1,403.5,14,2,0.2197
0,583,1,2,1883.0,967,194,3360.1027
0,584,1,2,1883.0,967,194,3360.1027
0,585,3,1,403.5,14,2,0.2197
0,586,3,1,403.5,14,2,0.2197
0,587,3,0,2334.0,1506,293,6475.6547
0,588,3,1,403.5,14,2,0.2197
0,589,3,0,2295.0,1545,295,6581.79849
0,590,3,1,403.5,14,2,0.2197
0,591,3,2,1620.0,1230,245,3642.1397
0,592,3,2,1608.0,1242,247,3642.3594
0,593,3,1,403.5,14,2,0.2197
0,594,3,1,396.5,21,2,0.37349
0,595,1,1,403.5,14,2,0.2197
0,596,1,2,1883.0,967,194,3360.1027
0,597,1,0,2378.0,1462,293,6320.2027
0,598,1,2,1618.0,1232,247,3642.1397
0,599,1,0,2113.0,1727,346,6602.2397
0,600,3,1,403.5,14,2,0.2197
0,601,1,0,2212.0,1628,247,6010.2197
0,602,1,0,1699.0,2141,251,6534.3447
0,603,1,2,1797.0,1053,194,3663.9407
0,604,1,2,1840.0,1010,194,3512.0217
0,605,1,1,401.5,16,4,0.2197
0,606,1,1,403.5,14,2,0.2197
0,607,1,1,403.5,14,2,0.2197
0,608,1,2,1608.0,1242,249,3642.1397
0,609,1,2,1611.0,1239,247,3642.24955
0,610,1,0,2108.0,1732,346,6602.34955
0,611,3,1,403.5,14,2,0.2197
0,612,1,0,2300.0,1540,295,6684.1437
0,613,1,2,1883.0,967,194,3360.1027
0,614,1,2,1620.0,1230,245,3642.1397
0,615,3,2,1618.0,1232,247,3642.1397
0,616,1,2,1618.0,1232,247,3642.1397
0,617,1,2,1618.0,1232,247,3642.1397
0,618,3,2,1358.0,1492,245,4426.8297
0,619,1,0,1868.0,1972,293,8122.0327
0,620,3,1,403.5,14,2,0.2197
0,621,1,2,1883.0,967,194,3360.1027
0,622,1,0,2035.0,1805,247,6540.3347
0,623,1,0,2212.0,1628,247,6010.2197
0,624,3,0,2349.0,1491,293,6422.6597
0,625,1,0,2210.0,1630,249,6010.2197
0,626,1,2,1620.0,1230,245,3642.1397
0,627,3,2,1715.0,1135,194,3953.6467
0,628,3,2,1618.0,1232,247,3642.1397
0,629,3,1,403.5,14,2,0.2197
0,630,1,1,403.5,14,2,0.2197
0,631,1,1,403.5,14,2,0.2197
0,632,3,0,2378.0,1462,293,6320.2027
0,633,3,0,2378.0,1462,293,6320.2027
0,634,3,0,2212.0,1628,247,6010.2197
0,635,1,2,1620.0,1230,245,3642.1397
0,636,3,0,2041.0,1799,348,6811.8897
0,637,3,1,403.5,14,2,0.2197
0,638,3,2,1757.0,1093,194,3805.2607
0,639,3,1,403.5,14,2,0.2197
0,640,1,1,403.5,14,2,0.2197
0,641,1,1,401.5,16,4,0.2197
0,642,1,2,1883.0,967,194,3360.1027
0,643,1,0,2113.0,1727,346,6602.2397
0,644,1,0,2024.0,1816,350,6602.2397
0,645,3,0,2099.0,1741,350,6602.2397
0,646,3,0,2111.0,1729,348,6602.2397
0,647,1,1,403.5,14,2,0.2197
0,648,1,1,403.5,14,2,0.2197
0,649,1,2,1883.0,967,194,3360.1027
0,650,1,0,1943.0,1897,297,6320.2027
0,651,1,1,403.5,14,2,0.2197
0,652,1,0,2005.0,1835,346,7248.0797
0,653,3,0,2108.0,1732,348,6620.1797
0,654,1,2,1243.0,1607,249,3642.1397
0,655,1,1,403.5,14,2,0.2197
0,656,3,0,2099.0,1741,346,6685.9597
0,657,1,0,2101.0,1739,348,6662.0397
0,658,3,2,1625.0,1225,196,4141.1154
0,659,1,2,1552.0,1298,247,3830.8247
0,660,3,0,2194.0,1646,293,6970.2747
0,661,3,2,1601.0,1249,249,3642.1397
0,662,3,0,1965.0,1875,251,6681.0997
0,663,3,0,1829.0,2011,251,6767.9547
0,664,1,1,338.5,79,4,0.2197
0,665,3,1,220.5,197,4,0.2197
0,666,1,2,799.0,2051,196,3360.1027
0,667,3,2,1773.0,1077,196,3360.1027
0,668,3,2,1606.0,1244,249,3642.1397
0,669,1,2,478.0,2372,249,3642.1397
0,670,3,1,272.5,145,4,0.2197
0,671,3,1,302.5,115,4,0.2197
0,672,1,0,490.0,3350,350,15844.7647
0,673,3,1,398.5,19,4,0.2197
0,674,3,2,1448.0,1402,249,3642.1397
0,675,1,2,554.0,2296,249,3642.1397
0,676,3,2,1591.0,1259,196,3911.2507
0,677,1,0,783.0,3057,346,14555.6397
0,678,1,0,665.0,3175,293,16358.3947
0,679,3,1,275.5,142,4,0.2197
0,680,3,0,1832.0,2008,350,7873.0247
0,681,3,2,1428.0,1422,249,3761.9397
0,682,3,0,1739.0,2101,350,7386.96561
0,683,3,0,1789.0,2051,350,7557.5947
0,684,3,0,1546.0,2294,297,8831.6577
0,685,3,2,1527.0,1323,249,3663.1047
0,686,1,2,756.0,2094,249,5645.7947
0,687,3,1,181.5,236,4,0.2197
0,688,1,1,218.5,199,4,0.2197
0,689,3,0,1686.0,2154,350,8307.8597
0,690,3,2,1522.0,1328,196,4268.14961
0,691,3,2,1607.0,1243,249,3645.1347
0,692,1,2,775.0,2075,194,7274.6667
0,693,3,2,1434.0,1416,249,4169.2597
0,694,3,2,1465.0,1385,249,4064.4347
0,695,3,0,1863.0,1977,297,8125.5657
0,696,1,1,336.5,81,4,0.2197
0,697,3,2,1583.0,1267,245,3752.9547
0,698,1,2,1135.0,1715,245,5094.7147
0,699,3,2,1618.0,1232,247,3642.1397
0,700,1,2,1135.0,1715,247,5088.7247
0,701,3,0,2028.0,1812,247,6561.2997
0,702,1,1,377.5,40,4,0.2197
0,703,3,0,2044.0,1796,293,7500.2247
0,704,1,1,332.5,85,4,0.2197
0,705,3,1,338.5,79,4,0.2197
0,706,1,1,403.5,14,2,0.2197
0,707,3,1,403.5,14,2,0.2197
0,708,1,0,2378.0,1462,293,6320.2027
0,709,3,2,1620.0,1230,245,3642.1397
0,710,1,0,1948.0,1892,251,6064.1297
0,711,3,0,2215.0,1625,297,6496.8527
0,712,3,2,1694.0,1156,194,4027.8397
0,713,3,0,2068.0,1772,346,6859.42364
0,714,1,0,2106.0,1734,346,6644.0997
0,715,3,2,1609.0,1241,249,3642.1397
0,716,1,2,1618.0,1232,247,3642.1397
0,717,3,0,2197.0,1643,293,6959.6757
0,718,3,0,2212.0,1628,247,6010.2197
0,719,3,2,1751.0,1099,194,3826.4587
0,720,3,1,403.5,14,2,0.2197
0,721,1,2,1618.0,1232,247,3642.1397
0,722,3,2,1577.0,1273,247,3764.9347
0,723,1,2,1553.0,1297,247,3836.8147
0,724,1,0,2034.0,1806,295,7528.4887
0,725,3,2,1620.0,1230,245,3642.1397
0,726,3,2,1618.0,1232,247,3642.1397
0,727,1,1,403.5,14,2,0.2197
0,728,1,0,2373.0,1467,293,6320.31255
0,729,3,1,403.5,14,2,0.2197
0,730,1,0,2374.0,1466,297,6320.2027
0,731,3,2,1620.0,1230,245,3642.1397
0,732,1,1,403.5,14,2,0.2197
0,733,1,0,2378.0,1462,293,6320.2027
0,734,3,0,2207.0,1633,249,6010.2197
0,735,1,1,403.5,14,2,0.2197
0,736,1,0,2057.0,1783,247,6474.4447
0,737,3,0,2359.0,1481,293,6387.3297
0,738,3,0,2210.0,1630,249,6010.2197
0,739,1,1,403.5,14,2,0.2197
0,740,3,1,403.5,14,2,0.2197
0,741,1,2,1883.0,967,194,3360.1027
0,742,1,1,403.5,14,2,0.2197
0,743,3,1,403.5,14,2,0.2197
0,744,1,2,1883.0,967,194,3360.1027
0,745,3,0,2202.0,1638,251,6010.2197
0,746,1,2,1615.0,1235,247,3642.1397
0,747,1,2,1618.0,1232,247,3642.1397
0,748,1,0,2103.0,1737,350,6602.2397
0,749,3,1,398.5,19,4,0.2197
0,750,3,0,2198.0,1642,251,6010.2197
0,751,1,0,2081.0,1759,297,7079.6627
0,752,3,0,2096.0,1744,350,6620.1797
0,753,1,1,403.5,14,2,0.2197
0,754,1,1,403.5,14,2,0.2197
0,755,3,2,1812.0,1038,194,3610.9457
0,756,1,0,1944.0,1896,350,6751.7397
0,757,1,0,1966.0,1874,350,7397.5797
0,758,1,1,397.5,20,4,0.2197
0,759,3,1,403.5,14,2,0.2197
0,760,3,0,2018.0,1822,350,6710.0297
0,761,3,0,2009.0,1831,350,7128.63349
0,762,3,2,1621.0,1229,196,3787.5957
0,763,1,0,1453.0,2387,350,8643.2897
0,764,1,1,312.5,105,4,0.2197
0,765,1,1,307.5,110,4,0.2197
0,766,3,0,1878.0,1962,297,7970.5847
0,767,1,2,1429.0,1421,249,3642.1397
0,768,3,0,1970.0,1870,346,7039.4797
0,769,1,2,1187.0,1663,249,3953.6197
0,770,1,0,1713.0,2127,247,7504.7247
0,771,3,0,2169.0,1671,295,7345.1737
0,772,1,0,1170.0,2670,346,9426.5247
0,773,3,2,1483.0,1367,249,4016.5147
0,774,1,1,302.5,115,4,0.2197
0,775,1,1,314.5,103,4,0.2197
0,776,1,2,1572.0,1278,196,4359.9417
0,777,3,0,1994.0,1846,346,6958.6447
0,778,3,1,323.5,94,4,0.2197
0,779,3,0,2203.0,1637,247,6037.1747
0,780,1,1,262.5,155,4,0.2197
0,781,3,0,2323.0,1517,295,6507.4517
0,782,3,0,2110.0,1730,295,7259.9807
0,783,1,0,2120.0,1720,249,6279.7697
0,784,3,1,348.5,69,4,0.2197
0,785,1,2,1689.0,1161,194,4045.5047
0,786,3,1,403.5,14,2,0.2197
0,787,1,1,403.5,14,2,0.2197
0,788,3,2,1826.0,1024,194,3561.4837
0,789,3,2,1618.0,1232,247,3642.1397
0,790,1,2,1618.0,1232,247,3642.1397
0,791,1,1,403.5,14,2,0.2197
0,792,3,2,1883.0,967,194,3360.1027
0,793,3,1,403.5,14,2,0.2197
0,794,1,1,403.5,14,2,0.2197
0,795,3,0,1818.0,2022,295,6648.9914
0,796,3,1,403.5,14,2,0.2197
0,797,1,1,403.5,14,2,0.2197
0,798,1,1,403.5,14,2,0.2197
0,799,3,0,1993.0,1847,346,7000.4447
0,800,1,1,403.5,14,2,0.2197
0,801,1,1,395.5,22,2,0.39546
0,802,3,2,1611.0,1239,196,3692.2047
0,803,1,2,1314.0,1536,249,3642.29349
0,804,1,0,2284.0,1556,293,6681.6687
0,805,1,1,403.5,14,2,0.2197
0,806,1,2,1508.0,1342,249,3642.1397
0,807,1,2,1608.0,1242,249,3642.1397
0,808,1,2,1618.0,1232,247,3642.1397
0,809,1,1,403.5,14,2,0.2197
0,810,1,1,396.5,21,2,0.37349
0,811,3,0,2113.0,1727,346,6602.2397
0,812,3,1,403.5,14,2,0.2197
0,813,3,1,403.5,14,2,0.2197
0,814,1,0,1828.0,2012,350,6602.2397
0,815,1,2,1611.0,1239,245,3654.22955
0,816,3,1,75.5,342,4,0.2197
0,817,1,2,1813.0,1037,194,3607.4127
0,818,1,0,2257.0,1583,295,6408.5277
0,819,1,2,1327.0,1523,249,4477.7447
0,820,1,0,1954.0,1886,297,7019.7367
0,821,3,1,403.5,14,2,0.2197
0,822,1,0,2067.0,1773,350,6632.1397
0,823,3,2,1611.0,1239,196,3893.5857
0,824,3,2,1615.0,1235,247,3642.1397
0,825,3,0,2108.0,1732,348,6620.1797
0,826,3,1,398.5,19,2,0.32955
0,827,1,1,403.5,14,2,0.2197
0,828,1,0,1915.0,1925,346,7786.2797
0,829,3,1,403.5,14,2,0.2197
0,830,1,1,403.5,14,2,0.2197
0,831,1,2,1569.0,1281,249,3642.1397
0,832,3,1,143.5,274,4,0.26364
0,833,3,2,1587.0,1263,249,3699.0447
0,834,3,2,1416.0,1434,247,4247.1297
0,835,1,1,403.5,14,2,0.2197
0,836,3,2,1779.0,1071,194,3727.5347
0,837,1,0,1500.0,2340,297,6373.1977
0,838,3,1,403.5,14,2,0.2197
0,839,3,0,2036.0,1804,350,6990.9397
0,840,3,1,257.5,160,4,0.32955
0,841,1,1,276.5,141,4,0.2197
0,842,1,2,1373.0,1477,249,3881.7397
0,843,3,0,1959.0,1881,350,6650.1097
0,844,3,0,1981.0,1859,350,6973.5897
0,845,3,2,1664.0,1186,196,3360.1027
0,846,1,2,1431.0,1419,196,3582.6817
0,847,3,0,2097.0,1743,350,6620.1797
0,848,1,2,1570.0,1280,249,3642.1397
0,849,3,2,1608.0,1242,249,3642.1397
0,850,3,0,1799.0,2041,350,7162.2747
0,851,1,2,769.0,2081,249,6160.9347
0,852,1,2,1584.0,1266,245,3749.9597
0,853,3,0,2148.0,1692,297,7211.6607
0,854,3,0,1951.0,1889,297,7475.4937
0,855,3,0,2045.0,1795,348,6820.8047
0,856,3,0,2088.0,1752,249,6375.6097
0,857,3,0,2035.0,1805,346,6883.6097
0,858,1,0,1539.0,2301,295,8100.8347
0,859,1,2,1567.0,1283,245,3800.8747
0,860,1,1,273.5,144,4,0.2197
0,861,1,1,352.5,65,4,0.2197
0,862,3,0,2369.0,1471,297,6320.2027
0,863,1,0,1871.0,1969,346,7315.17349
0,864,3,0,2050.0,1790,350,6769.9297
0,865,1,1,393.5,24,4,0.2197
0,866,1,0,2159.0,1681,247,6168.9547
0,867,3,1,361.5,56,4,0.2197
0,868,1,2,1688.0,1162,194,4049.0377
0,869,1,1,374.5,43,4,0.2197
0,870,3,0,2108.0,1732,348,6620.1797
0,871,1,2,1598.0,1252,249,3642.3594
0,872,1,2,1648.0,1202,196,4041.9717
0,873,1,2,1618.0,1232,247,3642.1397
0,874,3,2,1517.0,1333,245,3950.6247
0,875,1,0,1984.0,1856,293,7712.2047
0,876,1,1,218.5,199,4,0.2197
0,877,1,0,2111.0,1729,348,6602.2397
0,878,1,2,1589.0,1261,194,4398.8047
0,879,1,2,1415.0,1435,245,4247.19561
0,880,1,1,340.5,77,4,0.2197
0,881,1,1,328.5,89,4,0.2197
0,882,1,2,1620.0,1230,245,3642.1397
0,883,3,1,403.5,14,2,0.2197
0,884,3,2,1618.0,1232,247,3642.1397
0,885,3,1,403.5,14,2,0.2197
0,886,3,1,401.5,16,4,0.2197
0,887,1,2,1616.0,1234,247,3642.18364
0,888,1,2,1761.0,1089,194,3791.1287
0,889,1,1,403.5,14,2,0.2197
0,890,3,2,1693.0,1157,194,4031.3727
0,891,3,1,403.5,14,2,0.2197
0,892,3,2,1620.0,1230,245,3642.1397
0,893,3,1,403.5,14,2,0.2197
0,894,1,1,403.5,14,2,0.2197
0,895,3,2,1727.0,1123,194,3911.2507
0,896,3,1,403.5,14,2,0.2197
0,897,1,0,2122.0,1718,247,6279.7697
0,898,3,2,1794.0,1056,194,3674.5397
0,899,3,0,2212.0,1628,247,6010.2197
0,900,3,0,2210.0,1630,249,6010.2197
0,901,1,1,403.5,14,2,0.2197
0,902,3,1,393.5,24,2,0.4394
0,903,3,1,403.5,14,2,0.2197
0,904,1,2,1618.0,1232,247,3642.1397
0,905,1,0,2296.0,1544,293,6609.9087
0,906,1,0,2210.0,1630,249,6010.2197
0,907,1,2,1708.0,1142,194,3978.3777
0,908,1,0,2113.0,1727,346,6602.2397
0,909,3,2,1618.0,1232,247,3642.1397
0,910,3,0,2111.0,1729,348,6602.2397
0,911,1,2,1715.0,1135,194,3953.6467
0,912,3,0,2210.0,1630,295,6906.6807
0,913,1,2,1618.0,1232,245,3642.18364
0,914,3,1,403.5,14,2,0.2197
0,915,1,2,1558.0,1292,245,3827.8297
0,916,3,1,403.5,14,2,0.2197
0,917,3,2,1749.0,1101,194,3833.5247
0,918,1,0,2113.0,1727,346,6602.2397
0,919,1,1,403.5,14,2,0.2197
0,920,1,0,2111.0,1729,348,6602.2397
0,921,3,0,2237.0,1603,295,6811.2897
0,922,3,1,403.5,14,2,0.2197
0,923,3,2,1753.0,1097,194,3819.3927
0,924,1,1,403.5,14,2,0.2197
0,925,1,0,2113.0,1727,346,6602.2397
0,926,3,0,2215.0,1625,293,6896.0817
0,927,3,2,1620.0,1230,245,3642.1397
0,928,3,0,2113.0,1727,346,6602.2397
0,929,1,1,403.5,14,2,0.2197
0,930,1,0,2113.0,1727,346,6602.2397
0,931,3,1,403.5,14,2,0.2197
0,932,1,1,403.5,14,2,0.2197
0,933,3,2,1752.0,1098,194,3787.8154
0,934,3,1,403.5,14,2,0.2197
0,935,3,1,403.5,14,2,0.2197
0,936,1,2,1883.0,967,194,3360.1027
0,937,3,1,403.5,14,2,0.2197
0,938,1,2,1620.0,1230,245,3642.1397
0,939,1,2,1618.0,1232,247,3642.1397
0,940,3,2,1618.0,1232,247,3642.1397
0,941,1,0,1281.0,2559,297,6503.9187
0,942,3,0,1786.0,2054,350,7792.2597
0,943,1,0,1022.0,2818,297,11482.4947
0,944,3,2,1416.0,1434,249,3642.1397
0,945,1,2,1333.0,1517,249,3642.1397
0,946,1,0,1236.0,2604,350,11248.6997
0,947,1,1,403.5,14,2,0.2197
0,948,3,2,1563.0,1287,196,3953.6467
0,949,1,0,1339.0,2501,346,11230.7597
0,950,1,2,1224.0,1626,249,3642.1397
0,951,1,2,1252.0,1598,249,3642.1397
0,952,1,0,649.0,3191,350,10968.8797
0,953,3,2,1415.0,1435,196,4137.47255
0,954,3,0,678.0,3162,350,8770.77349
0,955,3,2,1567.0,1283,249,3728.9947
0,956,3,2,1547.0,1303,249,3830.8247
0,957,3,2,1572.0,1278,196,3875.9207
0,958,3,2,1571.0,1279,249,3720.18546
0,959,3,2,1483.0,1367,249,4010.5247
0,960,1,2,1405.0,1445,245,4286.0647
0,961,3,2,1750.0,1100,194,3829.9917
0,962,1,0,1222.0,2618,293,10653.9447
0,963,3,2,1570.0,1280,247,3785.8997
0,964,1,0,1248.0,2592,346,9186.98061
0,965,3,1,271.5,146,4,0.2197
0,966,3,1,280.5,137,4,0.2197
0,967,1,2,1188.0,1662,196,4119.6977
0,968,1,1,382.5,35,4,0.2197
0,969,1,0,1853.0,1987,348,7383.9047
0,970,3,1,401.5,16,2,0.2197
0,971,1,0,2110.0,1730,346,6620.1797
0,972,1,0,2108.0,1732,348,6620.1797
0,973,3,2,1620.0,1230,245,3642.1397
0,974,3,2,1618.0,1232,247,3642.1397
0,975,3,0,2185.0,1655,249,6070.22955
0,976,1,1,374.5,43,4,0.2197
0,977,3,1,318.5,99,4,0.2197
0,978,1,2,1883.0,967,194,3360.1027
0,979,1,2,1883.0,967,194,3360.1027
0,980,1,0,2212.0,1628,247,6010.2197
0,981,3,0,2210.0,1630,249,6010.2197
0,982,3,1,403.5,14,2,0.2197
0,983,1,1,403.5,14,2,0.2197
0,984,1,1,403.5,14,2,0.2197
0,985,3,0,2147.0,1693,247,6204.8947
0,986,1,1,403.5,14,2,0.2197
0,987,3,2,1862.0,988,194,3399.1854
0,988,3,2,1812.0,1038,194,3551.25819
0,989,1,0,2113.0,1727,346,6602.2397
0,990,1,1,403.5,14,2,0.2197
0,991,3,2,1618.0,1232,247,3642.1397
0,992,1,2,1618.0,1232,247,3642.1397
0,993,1,1,403.5,14,2,0.2197
0,994,1,0,2376.0,1464,295,6320.2027
0,995,3,0,2376.0,1464,295,6320.2027
0,996,1,1,403.5,14,2,0.2197
0,997,3,1,398.5,19,2,0.32955
0,998,1,2,1620.0,1230,245,3642.1397
0,999,3,2,1620.0,1230,245,3642.1397
1,387,1,1,-3608.5,4026,2,3642.1397
1,391,1,1,-3469.5,3887,2,3642.1397
1,406,1,0,389.0,3451,190,3642.1397
Time: 66291, 228882, 411091, 2425
