CONFIGURATION:
{u'simulation': {u'stdev_factor': 0.01, u'power_mgmt_enabled': False, u'tasks': {u'loc': {u'mean_service_time': {u'gpu': 90, u'cpu_core': 200, u'loc_accel': 10}, u'priority': 1, u'deadline': 1000, u'stdev_service_time': {u'gpu': 0.9, u'cpu_core': 2.0, u'loc_accel': 0.1}, u'power': {u'gpu': 4.457, u'cpu_core': 6.133, u'loc_accel': 0.02197}}, u'detect': {u'mean_service_time': {u'gpu': 0.4607, u'cpu_core': 3.654, u'det_accel': 0.278}, u'priority': 2, u'deadline': 1000, u'stdev_service_time': {u'gpu': 0.004607, u'cpu_core': 0.03654, u'det_accel': 0.0027800000000000004}, u'power': {u'gpu': 90, u'cpu_core': 200, u'det_accel': 10}}, u'Frontier': {u'mean_service_time': {u'cpu_core': 396}, u'priority': 9, u'deadline': 1000, u'stdev_service_time': {u'cpu_core': 3.96}, u'power': {u'cpu_core': 5.98}}, u'track': {u'mean_service_time': {u'gpu': 17, u'tra_accel': 2, u'cpu_core': 1820}, u'priority': 3, u'deadline': 1000, u'stdev_service_time': {u'gpu': 0.17, u'tra_accel': 0.02, u'cpu_core': 18.2}, u'power': {u'gpu': 12.79, u'tra_accel': 0.59, u'cpu_core': 5.6}}, u'sp': {u'mean_service_time': {u'gpu': 379, u'cpu_core': 1004}, u'priority': 11, u'deadline': 1000, u'stdev_service_time': {u'gpu': 3.79, u'cpu_core': 10.040000000000001}, u'power': {u'gpu': 3.302, u'cpu_core': 1004}}, u'mission': {u'mean_service_time': {u'cpu_core': 0.0022}, u'priority': 5, u'deadline': 1000, u'stdev_service_time': {u'cpu_core': 2.2000000000000003e-05}, u'power': {u'cpu_core': 3.534}}, u'motion': {u'mean_service_time': {u'cpu_core': 8}, u'priority': 6, u'deadline': 1000, u'stdev_service_time': {u'cpu_core': 0.08}, u'power': {u'cpu_core': 4.222}}, u'collision': {u'mean_service_time': {u'cpu_core': 8}, u'priority': 7, u'deadline': 1000, u'stdev_service_time': {u'cpu_core': 0.08}, u'power': {u'cpu_core': 0}}, u'fusion': {u'mean_service_time': {u'cpu_core': 1}, u'priority': 4, u'deadline': 1000, u'stdev_service_time': {u'cpu_core': 0.01}, u'power': {u'cpu_core': 0}}, u'map': {u'mean_service_time': {u'gpu': 761, u'cpu_core': 973}, u'priority': 10, u'deadline': 1000, u'stdev_service_time': {u'gpu': 7.61, u'cpu_core': 9.73}, u'power': {u'gpu': 3.533, u'cpu_core': 2.995}}, u'path': {u'mean_service_time': {u'cpu_core': 8}, u'priority': 8, u'deadline': 1000, u'stdev_service_time': {u'cpu_core': 0.08}, u'power': {u'cpu_core': 0}}}, u'sched_policy_module': u'policies.ms1_update2', u'drop': True, u'servers': {u'gpu': {u'count': 2}, u'tra_accel': {u'count': 1}, u'cpu_core': {u'count': 8}, u'loc_accel': {u'count': 1}, u'det_accel': {u'count': 1}}, u'max_tasks_simulated': 10000, u'max_queue_size': 1000000, u'mean_arrival_time': 50, u'arrival_time_scale': 2.6}, u'general': {u'random_seed': 0, u'pre_gen_arrivals': False, u'basename': u'policy:ms1_update2__stdev_factor:0.01', u'output_trace_file': None, u'working_dir': u'/home/hiwot/meta-stomp2/sim_16042020_202749_new_arrival_50_map_rheftmapping_50_trace_50', u'input_trace_file': (False, '../mv_mapping_50_trace_50.trc'), u'logging_level': u'INFO'}}

/home/hiwot/meta-stomp2/sim_16042020_202749_new_arrival_50_map_rheftmapping_50_trace_50/../mv_mapping_50_trace_50.trc

Running STOMP simulation...
Dropped,DAG ID,DAG Priority,DAG Type,Slack,Response Time,No-Affinity Time,Energy
0,0,3,0,2531.6,1462,293,6320.2027
0,1,1,0,2529.6,1464,295,6320.2027
0,2,1,1,420.2,14,2,0.2197
0,3,1,2,1734.0,1230,245,3642.1397
0,4,1,0,765.6,3228,297,6320.2027
0,5,1,1,420.2,14,2,0.2197
0,6,3,2,1595.0,1369,196,3360.1027
0,7,3,0,2002.6,1991,350,6703.8997
0,8,3,2,1358.0,1606,249,3642.1397
0,9,3,2,1725.0,1239,249,3642.1397
0,10,3,0,2157.6,1836,350,6620.33349
0,11,1,1,420.2,14,2,0.2197
0,12,2,2,609.0,2355,249,3914.6847
0,13,1,0,1687.6,2306,350,7648.8197
0,14,3,0,2492.6,1501,297,6452.5737
0,15,1,0,1707.6,2286,350,8187.00561
0,16,3,0,2125.6,1868,297,7637.9327
0,17,3,1,96.2,338,4,0.2197
0,18,3,0,2017.6,1976,350,7347.9247
0,20,3,0,2077.6,1916,350,7165.2397
0,21,3,0,1914.6,2079,293,8688.4827
0,22,3,1,406.2,28,4,0.2197
0,23,3,2,1235.0,1729,196,5267.9227
0,24,3,0,1887.6,2106,346,7737.40455
0,25,3,0,1643.6,2350,350,8432.1847
0,26,3,2,1130.0,1834,247,5445.1297
0,28,1,0,1559.6,2434,346,8734.6297
0,29,3,2,1552.0,1412,196,4660.2467
0,30,3,1,259.2,175,4,0.2197
0,31,1,2,1467.0,1497,245,4441.8047
0,32,1,0,1768.6,2225,251,7768.2847
0,33,3,2,1724.0,1240,196,4292.8147
0,34,1,1,355.2,79,4,0.2197
0,35,1,1,420.2,14,2,0.2197
0,36,1,1,420.2,14,2,0.2197
0,37,1,0,2243.6,1750,350,6715.8597
0,38,1,2,1710.0,1254,249,3642.1397
0,39,1,2,1722.0,1242,249,3642.1397
0,40,3,0,2363.6,1630,249,6010.2197
0,41,1,0,2318.6,1675,295,7065.6657
0,42,1,2,1997.0,967,194,3360.1027
0,43,1,1,420.2,14,2,0.2197
0,44,3,1,420.2,14,2,0.2197
0,45,1,0,2266.6,1727,346,6602.2397
0,46,1,0,2266.6,1727,346,6602.2397
0,47,1,0,2363.6,1630,249,6010.2197
0,48,1,2,1579.0,1385,245,4106.3647
0,49,3,0,2319.6,1674,295,7062.1327
0,50,1,1,411.2,23,4,0.2197
0,51,1,1,420.2,14,2,0.2197
0,52,3,2,1997.0,967,194,3360.1027
0,53,1,1,420.2,14,2,0.2197
0,54,1,2,1734.0,1230,245,3642.1397
0,55,1,0,2332.6,1661,293,7023.2697
0,56,1,2,1734.0,1230,245,3642.1397
0,57,1,1,420.2,14,2,0.2197
0,58,3,2,1732.0,1232,245,3642.18364
0,59,3,2,1734.0,1230,245,3642.1397
0,60,3,1,420.2,14,2,0.2197
0,61,1,1,420.2,14,2,0.2197
0,62,3,2,1997.0,967,194,3360.1027
0,63,3,1,420.2,14,2,0.2197
0,64,1,0,2441.6,1552,293,6638.1727
0,65,3,0,2365.6,1628,247,6010.2197
0,66,3,0,2363.6,1630,249,6010.2197
0,67,3,1,420.2,14,2,0.2197
0,68,3,0,2363.6,1630,249,6010.2197
0,69,3,0,2365.6,1628,247,6010.2197
0,70,1,1,420.2,14,2,0.2197
0,71,1,0,2407.6,1586,295,6751.2287
0,72,1,0,2240.6,1753,346,6680.1097
0,73,3,2,1903.0,1061,194,3692.2047
0,74,3,2,1732.0,1232,247,3642.1397
0,75,1,2,1615.0,1349,247,3992.5547
0,76,1,1,420.2,14,2,0.2197
0,77,3,0,2514.6,1479,295,6373.1977
0,78,1,1,420.2,14,2,0.2197
0,79,3,2,1838.0,1126,194,3893.76146
0,80,3,0,2365.6,1628,247,6010.2197
0,81,1,1,420.2,14,2,0.2197
0,82,1,0,2365.6,1628,247,6010.2197
0,83,3,1,420.2,14,2,0.2197
0,84,1,1,420.2,14,2,0.2197
0,85,3,0,2531.6,1462,293,6320.2027
0,86,3,0,2371.6,1622,295,6871.39464
0,87,1,2,1734.0,1230,245,3642.1397
0,88,3,2,1734.0,1230,245,3642.1397
0,89,1,2,1969.0,995,194,3459.0267
0,90,3,0,2462.6,1531,293,6563.9797
0,91,1,0,2365.6,1628,247,6010.2197
0,92,1,0,2365.6,1628,247,6010.2197
0,93,3,1,415.2,19,2,0.32955
0,94,1,1,420.2,14,2,0.2197
0,95,1,2,1535.0,1429,247,4232.1547
0,96,1,1,420.2,14,2,0.2197
0,97,3,0,2494.6,1499,295,6443.8577
0,98,1,2,1732.0,1232,247,3642.1397
0,99,3,2,1924.0,1040,196,3593.32464
0,100,1,0,2266.6,1727,346,6602.2397
0,101,1,1,420.2,14,2,0.2197
0,102,3,0,2266.6,1727,346,6602.2397
0,103,3,0,2264.6,1729,348,6602.2397
0,104,3,1,420.2,14,2,0.2197
0,105,1,2,1817.0,1147,194,3996.0427
0,106,3,1,415.2,19,4,0.2197
0,107,1,1,415.2,19,2,0.32955
0,108,3,0,2531.6,1462,293,6320.2027
0,109,1,2,1997.0,967,194,3360.1027
0,110,1,2,1734.0,1230,245,3642.1397
0,111,3,1,420.2,14,2,0.2197
0,112,3,1,420.2,14,2,0.2197
0,113,3,1,420.2,14,2,0.2197
0,114,1,0,2531.6,1462,293,6320.2027
0,115,1,0,2213.6,1780,249,6459.4697
0,116,3,2,1971.0,993,194,3451.9607
0,117,3,2,1732.0,1232,247,3642.1397
0,118,3,0,2264.6,1729,348,6602.2397
0,119,1,0,2264.6,1729,348,6602.2397
0,120,3,2,1923.0,1041,194,3621.5447
0,121,3,0,2266.6,1727,346,6602.2397
0,122,3,2,1811.0,1153,194,4017.2407
0,123,1,1,420.2,14,2,0.2197
0,124,1,1,420.2,14,2,0.2197
0,125,3,2,1732.0,1232,247,3642.1397
0,126,1,0,2517.6,1476,295,6320.2027
0,127,3,1,420.2,14,2,0.2197
0,128,3,1,420.2,14,2,0.2197
0,129,3,0,2521.6,1472,297,6320.2027
0,130,1,1,420.2,14,2,0.2197
0,131,3,2,1734.0,1230,245,3642.1397
0,132,3,0,2381.6,1612,295,6843.0867
0,133,3,1,420.2,14,2,0.2197
0,134,3,2,1734.0,1230,245,3642.1397
0,135,1,0,2266.6,1727,346,6602.2397
0,136,3,0,2264.6,1729,348,6602.2397
0,137,1,1,420.2,14,2,0.2197
0,138,1,2,1886.0,1078,194,3752.2657
0,139,3,2,1732.0,1232,247,3642.1397
0,140,3,2,1732.0,1232,247,3642.1397
0,141,3,1,339.2,95,4,0.37349
0,142,3,1,381.2,53,4,0.2197
0,143,3,2,1732.0,1232,247,3642.1397
0,144,1,1,213.2,221,4,0.2197
0,145,1,1,306.2,128,4,0.2197
0,146,3,0,2449.6,1544,293,6609.9087
0,147,3,2,1796.0,1168,194,4070.2357
0,148,3,1,410.2,24,2,0.4394
0,149,3,0,2365.6,1628,247,6010.2197
0,150,3,0,2264.6,1729,348,6602.2397
0,151,3,0,2482.6,1511,297,6479.1877
0,152,1,2,1729.0,1235,245,3642.24955
0,153,3,1,420.2,14,2,0.2197
0,154,1,0,2481.6,1512,293,6496.8527
0,155,1,0,2252.6,1741,350,6602.2397
0,156,3,0,2317.6,1676,251,6010.2197
0,157,1,1,420.2,14,2,0.2197
0,158,1,1,420.2,14,2,0.2197
0,159,1,0,2479.6,1514,295,6496.8527
0,160,3,1,420.2,14,2,0.2197
0,161,3,1,420.2,14,2,0.2197
0,162,1,1,420.2,14,2,0.2197
0,163,3,2,1997.0,967,194,3360.1027
0,164,1,2,1732.0,1232,247,3642.1397
0,165,1,2,1732.0,1232,247,3642.1397
0,166,3,2,1732.0,1232,247,3642.1397
0,167,1,2,1893.0,1071,194,3727.5347
0,168,1,2,1732.0,1232,247,3642.1397
0,169,3,0,2266.6,1727,346,6602.2397
0,170,1,2,1561.0,1403,194,4900.4907
0,171,1,0,2100.6,1893,348,7093.4197
0,172,1,1,420.2,14,2,0.2197
0,173,3,1,420.2,14,2,0.2197
0,174,3,0,2531.6,1462,293,6320.2027
0,175,1,2,1997.0,967,194,3360.1027
0,176,3,1,420.2,14,2,0.2197
0,177,1,1,420.2,14,2,0.2197
0,178,1,0,2457.6,1536,293,6581.6447
0,179,1,0,2353.6,1640,249,6040.1697
0,180,3,2,1800.0,1164,194,4031.52649
0,181,1,0,2363.6,1630,249,6010.2197
0,182,1,2,1732.0,1232,247,3642.1397
0,183,1,1,420.2,14,2,0.2197
0,184,1,1,420.2,14,2,0.2197
0,185,1,1,420.2,14,2,0.2197
0,186,1,2,1882.0,1082,194,3766.3977
0,187,1,0,2266.6,1727,346,6602.2397
0,188,3,1,420.2,14,2,0.2197
0,189,3,2,1997.0,967,194,3360.1027
0,190,3,1,420.2,14,2,0.2197
0,191,1,1,420.2,14,2,0.2197
0,192,3,0,2531.6,1462,293,6320.2027
0,193,1,2,1943.0,1021,194,3550.8847
0,194,3,2,1734.0,1230,245,3642.1397
0,195,3,1,420.2,14,2,0.2197
0,196,1,0,2266.6,1727,346,6602.2397
0,197,3,0,2365.6,1628,247,6010.2197
0,198,1,1,420.2,14,2,0.2197
0,199,3,2,1910.0,1054,194,3667.4737
0,200,3,1,412.2,22,2,0.39546
0,201,3,2,1997.0,967,194,3360.1027
0,202,3,1,420.2,14,2,0.2197
0,203,1,0,2365.6,1628,247,6010.2197
0,204,1,0,2365.6,1628,247,6010.2197
0,205,3,2,1856.0,1108,194,3858.2557
0,206,3,0,2389.6,1604,295,6814.8227
0,207,1,1,420.2,14,2,0.2197
0,208,1,1,420.2,14,2,0.2197
0,209,1,2,1734.0,1230,245,3642.1397
0,210,1,0,2266.6,1727,346,6602.2397
0,211,1,2,1732.0,1232,247,3642.1397
0,212,3,2,1732.0,1232,247,3642.1397
0,213,1,1,420.2,14,2,0.2197
0,214,3,2,1997.0,967,194,3360.1027
0,215,1,1,420.2,14,2,0.2197
0,216,1,2,1997.0,967,194,3360.1027
0,217,1,1,420.2,14,2,0.2197
0,218,3,1,420.2,14,2,0.2197
0,219,3,2,1997.0,967,194,3360.1027
0,220,3,1,420.2,14,2,0.2197
0,221,3,0,2360.6,1633,247,6010.32955
0,222,3,0,2363.6,1630,249,6010.2197
0,223,1,0,2363.6,1630,249,6010.2197
0,224,3,1,418.2,16,2,0.26364
0,225,1,1,420.2,14,2,0.2197
0,226,3,1,420.2,14,2,0.2197
0,227,1,1,420.2,14,2,0.2197
0,228,3,2,1958.0,1006,194,3497.8897
0,229,1,1,420.2,14,2,0.2197
0,230,3,2,1722.0,1242,247,3642.3594
0,231,1,1,420.2,14,2,0.2197
0,232,1,0,2217.6,1776,346,6748.9947
0,233,3,2,1847.0,1117,194,3890.0527
0,234,1,1,420.2,14,2,0.2197
0,235,1,0,2266.6,1727,346,6602.2397
0,236,3,2,1732.0,1232,247,3642.1397
0,237,3,2,1997.0,967,194,3360.1027
0,238,1,1,420.2,14,2,0.2197
0,239,1,0,2526.6,1467,293,6320.31255
0,240,3,2,1734.0,1230,245,3642.1397
0,241,1,2,1732.0,1232,247,3642.1397
0,242,1,0,2344.6,1649,293,6980.8737
0,243,1,2,1638.0,1326,245,3929.6597
0,244,1,1,420.2,14,2,0.2197
0,245,3,0,2415.6,1578,295,6722.9647
0,246,1,1,420.2,14,2,0.2197
0,247,3,1,420.2,14,2,0.2197
0,248,1,2,1732.0,1232,247,3642.1397
0,249,3,2,1732.0,1232,247,3642.1397
0,250,1,2,1855.0,1109,194,3861.7887
0,251,3,2,1995.0,969,196,3360.1027
0,252,1,0,1729.6,2264,251,6010.2197
0,253,1,1,420.2,14,2,0.2197
0,254,3,0,2396.6,1597,297,6320.2027
0,255,3,1,420.2,14,2,0.2197
0,256,1,0,2254.6,1739,346,6644.20955
0,257,3,1,420.2,14,2,0.2197
0,258,1,0,2116.6,1877,293,8491.1337
0,259,3,2,1720.0,1244,249,3642.1397
0,260,1,0,2263.6,1730,346,6620.1797
0,261,3,2,1722.0,1242,249,3642.18364
0,262,3,1,420.2,14,2,0.2197
0,263,1,2,1732.0,1232,247,3642.1397
0,264,3,0,2266.6,1727,346,6602.2397
0,265,3,2,1852.0,1112,194,3872.3877
0,266,1,0,1444.6,2549,346,9064.1297
0,267,3,0,2363.6,1630,247,6016.2097
0,269,3,2,1967.0,997,194,3466.0927
0,270,3,2,1563.0,1401,247,4133.42955
0,271,2,1,210.2,224,4,0.2197
0,272,3,2,1944.0,1020,194,3547.3517
0,273,1,0,2333.6,1660,247,6106.0597
0,274,1,1,416.2,18,2,0.30758
0,275,3,2,1952.0,1012,194,3519.0877
0,276,3,0,2168.6,1825,251,6010.2197
0,277,3,2,1916.0,1048,194,3646.2757
0,278,3,0,2380.6,1613,293,6865.9207
0,279,3,0,2259.6,1734,346,6644.0997
0,280,1,2,1729.0,1235,247,3642.1397
0,281,1,2,1734.0,1230,245,3642.1397
0,282,1,0,2266.6,1727,346,6602.2397
0,283,1,1,420.2,14,2,0.2197
0,284,1,1,420.2,14,2,0.2197
0,285,3,0,2326.6,1667,295,7002.2914
0,286,3,1,420.2,14,2,0.2197
0,287,3,2,1734.0,1230,245,3642.1397
0,288,1,2,1732.0,1232,247,3642.1397
0,289,1,0,2194.6,1799,346,6817.8797
0,290,3,2,1890.0,1074,194,3738.1337
0,291,3,2,1734.0,1230,245,3642.1397
0,292,3,1,420.2,14,2,0.2197
0,293,3,2,1972.0,992,194,3423.85049
0,294,3,2,1948.0,1016,194,3533.2197
0,295,3,0,2365.6,1628,247,6010.2197
0,296,1,2,1729.0,1235,245,3642.24955
0,297,3,0,2264.6,1729,348,6602.2397
0,298,1,1,420.2,14,2,0.2197
0,299,1,0,2402.6,1591,293,6775.9597
0,300,3,1,420.2,14,2,0.2197
0,301,1,0,2145.6,1848,251,6010.2197
0,302,1,1,420.2,14,2,0.2197
0,303,3,1,420.2,14,2,0.2197
0,304,3,0,2401.6,1592,297,6737.0967
0,305,1,1,420.2,14,2,0.2197
0,306,3,1,420.2,14,2,0.2197
0,307,3,2,1601.0,1363,249,3642.1397
0,308,3,1,420.2,14,2,0.2197
0,309,1,1,420.2,14,2,0.2197
0,310,3,2,1838.0,1126,194,3921.8497
0,311,3,2,1729.0,1235,247,3642.20561
0,312,3,1,420.2,14,2,0.2197
0,313,1,2,1732.0,1232,247,3642.1397
0,314,1,0,2266.6,1727,346,6602.2397
0,315,1,2,1879.0,1085,194,3776.9967
0,316,3,1,420.2,14,2,0.2197
0,317,1,0,2365.6,1628,247,6010.2197
0,318,3,2,1734.0,1230,245,3642.1397
0,319,1,0,2222.6,1771,348,6728.0297
0,320,1,0,2301.6,1692,247,6201.8997
0,321,1,2,1724.0,1240,194,4324.6117
0,322,1,1,387.2,47,4,0.2197
0,323,3,1,409.2,25,4,0.2197
0,324,1,0,2378.6,1615,295,6853.6857
0,325,1,0,2365.6,1628,247,6010.2197
0,326,1,1,420.2,14,2,0.2197
0,327,1,2,1997.0,967,194,3360.1027
0,328,1,0,2037.6,1956,346,7404.5097
0,329,3,0,2503.6,1490,297,6383.7967
0,330,1,2,1462.0,1502,249,3642.3594
0,331,3,2,1516.0,1448,249,3642.1397
0,332,3,1,420.2,14,2,0.2197
0,333,3,1,420.2,14,2,0.2197
0,334,3,2,1723.0,1241,249,3642.1397
0,335,3,1,420.2,14,2,0.2197
0,336,1,2,1997.0,967,194,3360.1027
0,337,1,2,1734.0,1230,245,3642.1397
0,338,1,1,420.2,14,2,0.2197
0,339,3,0,2332.6,1661,293,7023.2697
0,340,3,2,1734.0,1230,245,3642.1397
0,341,3,0,2266.6,1727,346,6602.2397
0,342,3,0,2041.6,1952,346,7276.1147
0,343,3,2,1512.0,1452,247,4301.0397
0,344,1,2,1626.0,1338,194,4670.8457
0,345,1,0,2300.6,1693,247,6204.8947
0,346,3,0,2335.6,1658,293,7012.6707
0,347,3,0,2266.6,1727,346,6602.2397
0,348,1,1,420.2,14,2,0.2197
0,349,3,2,1734.0,1230,245,3642.1397
0,350,3,0,2529.6,1464,295,6320.2027
0,351,1,0,2365.6,1628,247,6010.2197
0,352,1,0,2250.6,1743,346,6650.1597
0,353,3,2,1825.0,1139,194,3967.7787
0,354,3,2,1732.0,1232,247,3642.1397
0,355,1,0,2365.6,1628,247,6010.2197
0,356,3,1,420.2,14,2,0.2197
0,357,3,0,2264.6,1729,348,6602.2397
0,358,3,0,2436.6,1557,295,6648.7717
0,359,3,2,1725.0,1239,247,3642.29349
0,360,3,2,1888.0,1076,194,3745.1997
0,361,3,2,1732.0,1232,247,3642.1397
0,362,1,2,1850.0,1114,194,3879.4537
0,363,1,2,1727.0,1237,245,3642.29349
0,364,3,2,1813.0,1151,194,4010.1747
0,365,3,0,2365.6,1628,247,6010.2197
0,366,3,1,420.2,14,2,0.2197
0,367,3,2,1885.0,1079,194,3755.7987
0,368,1,1,420.2,14,2,0.2197
0,369,1,1,420.2,14,2,0.2197
0,370,1,1,420.2,14,2,0.2197
0,371,3,0,2527.6,1466,293,6334.3347
0,372,1,0,2365.6,1628,247,6010.2197
0,373,3,1,413.2,21,2,0.37349
0,374,3,1,420.2,14,2,0.2197
0,377,3,2,1725.0,1239,249,3642.1397
0,379,3,0,1873.6,2120,350,6620.1797
0,380,1,1,420.2,14,2,0.2197
0,381,3,1,420.2,14,2,0.2197
0,384,3,0,2066.6,1927,350,6721.8397
0,386,3,0,1922.6,2071,350,8593.5797
0,388,3,1,-185.8,620,4,0.37349
0,390,3,0,2377.6,1616,297,6934.7257
0,392,3,0,2181.6,1812,297,8302.0157
0,393,3,2,1171.0,1793,249,5175.5797
0,394,3,0,1506.6,2487,350,9499.1697
0,395,3,1,252.2,182,4,0.2197
0,397,1,0,362.6,3631,350,10787.7747
0,398,1,0,365.6,3628,350,11819.38258
0,400,3,0,1864.6,2129,297,9075.0527
0,401,3,2,1550.0,1414,196,4285.7487
0,402,1,0,917.6,3076,350,11895.8747
0,404,3,2,1295.0,1669,196,5338.5827
0,405,3,0,1836.6,2157,350,7797.1947
0,406,1,0,1339.6,2654,348,10778.5497
0,407,1,2,411.0,2553,196,8157.9167
0,408,1,2,434.0,2530,196,8221.5107
0,409,3,0,2186.6,1807,350,6817.8497
0,410,3,1,396.2,38,4,0.2197
0,413,3,0,2090.6,1903,350,7102.3747
0,414,1,2,374.0,2590,245,7715.3397
0,415,1,2,63.0,2901,247,8590.25319
0,416,3,2,1293.0,1671,249,4834.19364
0,417,1,2,499.0,2465,194,8652.5367
0,418,3,2,1578.0,1386,249,4079.4097
0,420,3,2,1425.0,1539,249,4537.6447
0,421,3,2,1534.0,1430,249,4229.1597
0,422,1,2,1095.0,1869,245,5555.9447
0,423,3,1,222.2,212,4,0.2197
0,424,3,0,2336.6,1657,293,7009.1377
0,425,2,1,164.2,270,4,0.2197
0,426,1,2,1734.0,1230,245,3642.1397
0,427,1,2,1732.0,1232,247,3642.1397
0,428,3,2,1728.0,1236,247,3642.22758
0,429,1,1,385.2,49,4,0.30758
0,430,3,2,1734.0,1230,245,3642.1397
0,431,3,1,420.2,14,2,0.2197
0,432,3,1,420.2,14,2,0.2197
0,433,1,1,415.2,19,2,0.32955
0,434,1,1,420.2,14,2,0.2197
0,435,1,0,2531.6,1462,293,6320.2027
0,436,1,1,420.2,14,2,0.2197
0,437,3,1,420.2,14,2,0.2197
0,438,1,1,415.2,19,2,0.32955
0,439,3,1,420.2,14,2,0.2197
0,440,1,2,1995.0,969,196,3360.1027
0,441,1,2,1732.0,1232,247,3642.1397
0,442,1,2,1732.0,1232,247,3642.1397
0,443,1,0,2266.6,1727,346,6602.2397
0,444,3,2,1732.0,1232,247,3642.1397
0,445,1,0,2417.6,1576,293,6722.9647
0,446,3,1,420.2,14,2,0.2197
0,447,1,0,2531.6,1462,293,6320.2027
0,448,1,0,2529.6,1464,295,6320.2027
0,449,3,0,2365.6,1628,247,6010.2197
0,450,1,1,420.2,14,2,0.2197
0,451,3,2,1734.0,1230,245,3642.1397
0,452,3,1,418.2,16,2,0.26364
0,453,1,2,1792.0,1172,194,4084.3677
0,454,1,1,420.2,14,2,0.2197
0,455,3,1,420.2,14,2,0.2197
0,456,1,2,1997.0,967,194,3360.1027
0,457,3,2,1997.0,967,194,3360.1027
0,458,1,1,420.2,14,2,0.2197
0,459,1,0,2348.6,1645,249,6010.54925
0,460,3,0,2360.6,1633,247,6010.32955
0,461,3,1,420.2,14,2,0.2197
0,462,3,2,1734.0,1230,245,3642.1397
0,463,3,0,2327.6,1666,295,7033.8687
0,464,1,0,2154.6,1839,346,6937.6797
0,465,3,2,1932.0,1032,194,3589.7477
0,466,3,1,420.2,14,2,0.2197
0,467,1,2,1732.0,1232,247,3642.1397
0,468,1,0,2266.6,1727,346,6602.2397
0,469,3,2,1730.0,1234,249,3642.1397
0,470,3,0,2469.6,1524,295,6532.1827
0,471,3,1,420.2,14,2,0.2197
0,472,3,1,420.2,14,2,0.2197
0,473,3,0,2531.6,1462,293,6320.2027
0,474,3,2,1852.0,1112,194,3872.3877
0,475,3,2,1732.0,1232,247,3642.1397
0,476,3,1,420.2,14,2,0.2197
0,477,3,2,1732.0,1232,247,3642.1397
0,478,3,2,1732.0,1232,247,3642.1397
0,479,1,0,2531.6,1462,293,6320.2027
0,480,1,2,1788.0,1176,194,4098.4997
0,481,1,2,1734.0,1230,245,3642.1397
0,482,3,2,1732.0,1232,247,3642.1397
0,483,1,1,420.2,14,2,0.2197
0,484,3,0,2404.6,1589,293,6768.8937
0,485,3,1,420.2,14,2,0.2197
0,486,1,0,2365.6,1628,247,6010.2197
0,487,3,0,2344.6,1649,295,6973.8077
0,488,1,2,1734.0,1230,245,3642.1397
0,489,1,0,2365.6,1628,247,6010.2197
0,490,3,2,1785.0,1179,194,4109.0987
0,491,3,1,418.2,16,2,0.26364
0,492,1,2,1734.0,1230,245,3642.1397
0,493,1,1,420.2,14,2,0.2197
0,494,1,1,420.2,14,2,0.2197
0,495,1,1,420.2,14,2,0.2197
0,496,1,2,1833.0,1131,194,3939.5147
0,497,3,2,1732.0,1232,247,3642.1397
0,498,3,0,2365.6,1628,247,6010.2197
0,499,3,2,1734.0,1230,245,3642.1397
0,500,3,0,2264.6,1729,348,6602.2397
0,501,3,2,1851.0,1113,194,3875.9207
0,502,1,1,420.2,14,2,0.2197
0,503,1,2,1734.0,1230,245,3642.1397
0,504,3,2,1987.0,977,194,3395.4327
0,505,1,0,2365.6,1628,247,6010.2197
0,506,3,0,2264.6,1729,348,6602.2397
0,507,1,1,420.2,14,2,0.2197
0,508,3,1,420.2,14,2,0.2197
0,509,1,2,1974.0,990,194,3441.3617
0,510,3,2,1936.0,1028,194,3575.6157
0,511,3,2,1997.0,967,194,3360.1027
0,512,1,0,2531.6,1462,293,6320.2027
0,513,3,1,420.2,14,2,0.2197
0,514,3,2,1734.0,1230,245,3642.1397
0,515,1,0,2266.6,1727,346,6602.2397
0,516,1,2,1732.0,1232,247,3642.1397
0,517,3,2,1811.0,1153,194,4017.2407
0,518,1,1,420.2,14,2,0.2197
0,519,3,1,420.2,14,2,0.2197
0,520,3,1,420.2,14,2,0.2197
0,521,1,0,2394.6,1599,295,6797.1577
0,522,3,1,420.2,14,2,0.2197
0,523,3,2,1732.0,1232,247,3642.1397
0,524,1,0,2262.6,1731,346,6602.32758
0,525,1,1,420.2,14,2,0.2197
0,526,1,0,2437.6,1556,295,6645.2387
0,527,3,1,420.2,14,2,0.2197
0,528,3,1,420.2,14,2,0.2197
0,529,1,1,420.2,14,2,0.2197
0,530,1,1,420.2,14,2,0.2197
0,531,3,0,2531.6,1462,293,6320.2027
0,532,1,1,410.2,24,2,0.4394
0,533,3,2,1903.0,1061,194,3692.2047
0,534,1,2,1734.0,1230,245,3642.1397
0,535,3,2,1732.0,1232,247,3642.1397
0,536,3,2,1732.0,1232,247,3642.1397
0,537,1,1,420.2,14,2,0.2197
0,538,1,0,2223.6,1770,348,6725.0347
0,539,1,0,2266.6,1727,346,6602.2397
0,540,3,0,2383.6,1610,293,6836.06464
0,541,1,1,420.2,14,2,0.2197
0,542,1,2,1734.0,1230,245,3642.1397
0,543,1,0,2531.6,1462,293,6320.2027
0,544,1,0,2352.6,1641,251,6010.2197
0,545,1,2,1824.0,1140,194,3971.3117
0,546,1,1,420.2,14,2,0.2197
0,547,1,0,2263.6,1730,346,6620.1797
0,548,1,2,1732.0,1232,247,3642.1397
0,549,1,2,1732.0,1232,247,3642.1397
0,550,3,2,1746.0,1218,194,4246.8857
0,551,3,1,420.2,14,2,0.2197
0,552,1,0,2365.6,1628,247,6010.2197
0,553,1,2,1884.0,1080,194,3759.3317
0,554,1,2,1732.0,1232,247,3642.1397
0,555,3,0,2365.6,1628,247,6010.2197
0,556,3,0,2264.6,1729,348,6602.2397
0,557,1,1,338.2,96,4,0.2197
0,558,1,1,359.2,75,4,0.2197
0,559,3,2,1801.0,1163,194,4052.5707
0,560,1,2,1734.0,1230,245,3642.1397
0,561,3,1,420.2,14,2,0.2197
0,562,1,0,2326.6,1667,295,7037.4017
0,563,1,2,1732.0,1232,247,3642.1397
0,564,3,1,420.2,14,2,0.2197
0,565,1,1,420.2,14,2,0.2197
0,566,1,1,420.2,14,2,0.2197
0,567,3,0,2531.6,1462,293,6320.2027
0,568,3,1,420.2,14,2,0.2197
0,569,1,2,1794.0,1170,194,4077.3017
0,570,1,1,420.2,14,2,0.2197
0,571,3,1,420.2,14,2,0.2197
0,572,3,1,420.2,14,2,0.2197
0,573,1,1,420.2,14,2,0.2197
0,574,3,0,2531.6,1462,293,6320.2027
0,575,1,2,1997.0,967,194,3360.1027
0,576,1,2,1734.0,1230,245,3642.1397
0,577,1,2,1732.0,1232,247,3642.1397
0,578,1,2,1732.0,1232,247,3642.1397
0,579,3,2,1732.0,1232,247,3642.1397
0,580,3,2,1732.0,1232,247,3642.1397
0,581,1,1,420.2,14,2,0.2197
0,582,1,1,420.2,14,2,0.2197
0,583,1,2,1997.0,967,194,3360.1027
0,584,1,2,1997.0,967,194,3360.1027
0,585,3,1,420.2,14,2,0.2197
0,586,3,1,420.2,14,2,0.2197
0,587,3,0,2524.6,1469,293,6344.9337
0,588,3,1,420.2,14,2,0.2197
0,589,3,0,2483.6,1510,295,6454.63246
0,590,3,1,420.2,14,2,0.2197
0,591,3,2,1734.0,1230,245,3642.1397
0,592,3,2,1722.0,1242,247,3642.3594
0,593,3,1,420.2,14,2,0.2197
0,594,3,1,412.2,22,2,0.39546
0,595,1,1,420.2,14,2,0.2197
0,596,1,2,1997.0,967,194,3360.1027
0,597,1,0,2531.6,1462,293,6320.2027
0,598,1,2,1732.0,1232,247,3642.1397
0,599,1,0,2266.6,1727,346,6602.2397
0,600,3,1,420.2,14,2,0.2197
0,601,1,0,2363.6,1630,249,6010.2197
0,602,1,0,1495.6,2498,297,6899.6147
0,603,1,2,1919.0,1045,194,3635.6767
0,604,1,2,1734.0,1230,245,3642.1397
0,605,1,1,420.2,14,2,0.2197
0,606,1,1,420.2,14,2,0.2197
0,607,1,1,420.2,14,2,0.2197
0,608,1,2,1402.0,1562,196,3981.9107
0,609,1,2,1404.0,1560,196,4038.54855
0,610,1,0,2253.6,1740,348,6644.18758
0,611,3,1,420.2,14,2,0.2197
0,612,1,0,2261.6,1732,348,6620.1797
0,613,1,2,1713.0,1251,249,3642.1397
0,614,1,2,1727.0,1237,247,3642.1397
0,615,3,2,1732.0,1232,247,3642.1397
0,616,1,2,1734.0,1230,245,3642.1397
0,617,1,2,1732.0,1232,247,3642.1397
0,618,3,2,1708.0,1256,247,3714.0197
0,619,1,0,2114.6,1879,293,7793.4637
0,620,3,1,266.2,168,4,0.2197
0,621,1,2,1997.0,967,194,3360.1027
0,622,1,0,2468.6,1525,293,6542.7817
0,623,1,0,2365.6,1628,247,6010.2197
0,624,3,0,2363.6,1630,249,6010.2197
0,625,1,0,2363.6,1630,249,6010.2197
0,626,1,2,1734.0,1230,245,3642.1397
0,627,3,2,1858.0,1106,196,3844.1237
0,628,3,2,1734.0,1230,245,3642.1397
0,629,3,1,420.2,14,2,0.2197
0,630,1,1,420.2,14,2,0.2197
0,631,1,1,420.2,14,2,0.2197
0,632,3,0,2531.6,1462,293,6320.2027
0,633,3,0,2531.6,1462,293,6320.2027
0,634,3,0,2365.6,1628,247,6010.2197
0,635,1,2,1734.0,1230,245,3642.1397
0,636,3,0,2363.6,1630,295,6906.6807
0,637,3,1,420.2,14,2,0.2197
0,638,3,2,1732.0,1232,247,3642.1397
0,639,3,1,420.2,14,2,0.2197
0,640,1,1,420.2,14,2,0.2197
0,641,1,1,420.2,14,2,0.2197
0,642,1,2,1997.0,967,194,3360.1027
0,643,1,0,2266.6,1727,346,6602.2397
0,644,1,0,2231.6,1762,348,6602.2397
0,645,3,0,2264.6,1729,348,6602.2397
0,646,3,0,2335.6,1658,295,6995.0057
0,647,1,1,420.2,14,2,0.2197
0,648,1,1,420.2,14,2,0.2197
0,649,1,2,1997.0,967,194,3360.1027
0,650,1,0,2112.6,1881,297,6920.8127
0,651,1,1,420.2,14,2,0.2197
0,652,1,0,1999.6,1994,346,8198.8997
0,653,3,0,2233.6,1760,348,6787.6197
0,654,1,2,1302.0,1662,249,3642.1397
0,655,1,1,420.2,14,2,0.2197
0,656,3,0,2242.6,1751,350,6685.9597
0,657,1,0,2251.6,1742,348,6650.1297
0,658,3,2,1743.0,1221,196,4038.6584
0,659,2,2,1710.0,1254,249,3648.1297
0,660,3,0,2266.6,1727,346,6602.2397
0,661,3,2,1903.0,1061,194,3692.2047
0,662,3,0,2085.6,1908,346,7144.3347
0,663,3,0,2169.6,1824,251,6561.2997
0,665,3,1,276.2,158,4,0.2197
0,666,1,2,1809.0,1155,194,3360.1027
0,667,3,2,1902.0,1062,196,3678.0727
0,668,3,2,1521.0,1443,249,3642.1397
0,669,1,2,-28.0,2992,249,3642.1397
0,670,3,1,420.2,14,2,0.2197
0,671,3,1,420.2,14,2,0.2197
0,672,1,0,1099.6,2894,350,7780.2997
0,673,3,1,402.2,32,4,0.2197
0,674,3,2,1542.0,1422,249,3642.1397
0,675,1,2,450.0,2514,249,3642.1397
0,676,3,2,1844.0,1120,196,3798.1947
0,677,2,0,1616.6,2377,350,7630.7997
0,678,1,0,1748.6,2245,297,8856.4497
0,679,3,1,338.2,96,4,0.2197
0,680,3,0,2130.6,1863,350,6691.9397
0,681,3,2,1504.0,1460,249,3642.1397
0,682,3,0,2049.6,1944,350,6958.63864
0,683,3,0,2177.6,1816,350,6850.7947
0,684,3,0,1790.6,2203,350,7999.4447
0,685,3,2,1420.0,1544,196,5144.2677
0,686,1,2,399.0,2565,196,8366.3637
0,687,3,1,322.2,112,4,0.2197
0,689,3,0,2107.6,1886,297,7854.3777
0,690,3,2,1493.0,1471,249,4328.03864
0,691,3,2,1467.0,1497,245,4441.8047
0,692,1,2,611.0,2353,245,7005.5247
0,693,3,2,1281.0,1683,249,4968.9247
0,694,3,2,1334.0,1630,247,4825.1647
0,695,3,0,2024.6,1969,293,8111.4337
0,697,3,2,1729.0,1235,247,3651.1247
0,698,1,2,1734.0,1230,245,3642.1397
0,699,3,2,1732.0,1232,247,3642.1397
0,700,1,2,1624.0,1340,247,3965.5997
0,701,3,0,2106.6,1887,348,7075.4497
0,703,3,0,2336.6,1657,293,7009.1377
0,704,2,1,118.2,316,4,0.2197
0,705,3,1,319.2,115,4,0.2197
0,706,1,1,420.2,14,2,0.2197
0,707,3,1,420.2,14,2,0.2197
0,708,1,0,2530.6,1463,293,6326.1827
0,709,3,2,1734.0,1230,245,3642.1397
0,710,1,0,2531.6,1462,293,6320.2027
0,711,3,0,2122.6,1871,249,6010.2197
0,712,3,2,1834.0,1130,196,3918.3167
0,713,3,0,2358.6,1635,249,6010.26364
0,714,1,0,2363.6,1630,249,6010.2197
0,715,3,2,1734.0,1230,245,3642.1397
0,716,1,2,1732.0,1232,247,3642.1397
0,717,3,0,2451.6,1542,293,6602.8427
0,718,3,0,2264.6,1729,348,6602.2397
0,719,3,2,1936.0,1028,194,3575.6157
0,720,3,1,411.2,23,4,0.2197
0,721,1,2,1734.0,1230,245,3642.1397
0,722,3,2,1732.0,1232,247,3642.1397
0,723,1,2,1727.0,1237,247,3657.1147
0,724,1,0,2320.6,1673,295,7058.5997
0,725,3,2,1788.0,1176,194,4098.4997
0,726,3,2,1732.0,1232,247,3642.1397
0,727,1,1,418.2,16,4,0.2197
0,728,1,0,2360.6,1633,247,6010.32955
0,729,3,1,420.2,14,2,0.2197
0,730,1,0,2531.6,1462,293,6320.2027
0,731,3,2,1997.0,967,194,3360.1027
0,732,1,1,420.2,14,2,0.2197
0,733,1,0,2365.6,1628,247,6010.2197
0,734,3,0,2363.6,1630,249,6010.2197
0,735,1,1,420.2,14,2,0.2197
0,736,1,0,2389.6,1604,293,6821.8887
0,737,3,0,2353.6,1640,295,6942.0107
0,738,3,0,2365.6,1628,247,6010.2197
0,739,1,1,420.2,14,2,0.2197
0,740,3,1,420.2,14,2,0.2197
0,741,1,2,1732.0,1232,247,3642.1397
0,742,1,1,420.2,14,2,0.2197
0,743,3,1,420.2,14,2,0.2197
0,744,1,2,1997.0,967,194,3360.1027
0,745,3,0,2174.6,1819,297,6320.2027
0,746,1,2,1734.0,1230,245,3642.1397
0,747,1,2,1732.0,1232,247,3642.1397
0,748,1,0,2250.6,1743,350,6602.2397
0,749,3,1,420.2,14,2,0.2197
0,750,3,0,2262.6,1731,350,6602.2397
0,751,1,0,883.6,3110,350,6644.0997
0,752,3,0,1950.6,2043,350,6620.1797
0,753,1,1,420.2,14,2,0.2197
0,754,1,1,420.2,14,2,0.2197
0,755,3,2,1961.0,1003,194,3487.2907
0,756,1,0,1273.6,2720,297,6320.2027
0,757,1,0,1298.6,2695,350,7104.5597
0,758,1,1,420.2,14,2,0.2197
0,759,3,1,420.2,14,2,0.2197
0,760,3,0,2211.6,1782,350,6620.1797
0,761,3,0,2216.6,1777,350,6793.77546
0,762,3,2,1268.0,1696,249,3675.0847
0,763,1,0,1787.6,2206,297,9668.4617
0,764,1,1,187.2,247,4,0.2197
0,765,1,1,366.2,68,4,0.2197
0,766,3,0,2147.6,1846,297,8327.2547
0,767,2,2,1310.0,1654,249,3642.1397
0,768,3,0,2020.6,1973,348,7622.5547
0,769,1,2,1395.0,1569,249,4190.2247
0,770,1,0,2255.6,1738,346,6647.1247
0,771,3,0,2148.6,1845,293,7673.3417
0,772,1,0,2158.6,1835,295,7701.9087
0,773,3,2,1502.0,1462,249,3833.8197
0,776,1,2,1595.0,1369,249,4025.4997
0,777,3,0,2121.6,1872,346,7036.5147
0,778,3,1,387.2,47,4,0.2197
0,779,3,0,2227.6,1766,249,6417.5397
0,780,1,1,92.2,342,4,0.2197
0,781,3,0,2220.6,1773,295,7411.8997
0,782,3,0,2380.6,1613,295,6846.6197
0,783,1,0,2365.6,1628,247,6010.2197
0,784,3,1,420.2,14,2,0.2197
0,785,1,2,1732.0,1232,247,3642.1397
0,786,3,1,420.2,14,2,0.2197
0,787,1,1,420.2,14,2,0.2197
0,788,3,2,1997.0,967,194,3360.1027
0,789,3,2,1997.0,967,194,3360.1027
0,790,1,2,1732.0,1232,247,3642.1397
0,791,1,1,420.2,14,2,0.2197
0,792,3,2,1909.0,1055,194,3671.0067
0,793,3,1,420.2,14,2,0.2197
0,794,1,1,420.2,14,2,0.2197
0,795,3,0,2417.6,1576,293,6687.8544
0,796,3,1,420.2,14,2,0.2197
0,797,1,1,420.2,14,2,0.2197
0,798,1,1,420.2,14,2,0.2197
0,799,3,0,2238.6,1755,350,6685.9597
0,800,1,1,420.2,14,2,0.2197
0,801,1,1,413.2,21,2,0.37349
0,802,3,2,1839.0,1125,196,3879.4537
0,803,1,2,1320.0,1644,249,3642.31546
0,804,1,0,2451.6,1542,295,6654.5047
0,805,1,1,420.2,14,2,0.2197
0,806,1,2,1637.0,1327,249,3642.1397
0,807,1,2,1732.0,1232,247,3642.1397
0,808,1,2,1732.0,1232,247,3642.1397
0,809,1,1,420.2,14,2,0.2197
0,810,1,1,412.2,22,2,0.39546
0,811,3,0,2266.6,1727,346,6602.2397
0,812,3,1,420.2,14,2,0.2197
0,813,3,1,420.2,14,2,0.2197
0,814,1,0,2266.6,1727,346,6602.2397
0,815,1,2,1728.0,1236,247,3642.22758
0,816,3,1,236.2,198,4,0.2197
0,817,1,2,1913.0,1051,194,3656.8747
0,818,1,0,2459.6,1534,297,6320.2027
0,819,1,2,1482.0,1482,249,4354.9497
0,820,1,0,2075.6,1918,297,6956.1427
0,821,3,1,420.2,14,2,0.2197
0,822,1,0,2173.6,1820,348,6889.7097
0,823,3,2,1725.0,1239,196,3688.6717
0,824,3,2,1729.0,1235,247,3642.1397
0,825,3,0,2262.6,1731,350,6602.2397
0,826,3,1,415.2,19,2,0.32955
0,827,1,1,420.2,14,2,0.2197
0,828,1,0,2259.6,1734,346,6644.0997
0,829,3,1,420.2,14,2,0.2197
0,830,1,1,420.2,14,2,0.2197
0,831,1,2,1664.0,1300,247,3642.1397
0,832,3,1,417.2,17,2,0.28561
0,833,3,2,1724.0,1240,249,3642.1397
0,834,3,2,1609.0,1355,247,4010.5247
0,835,1,1,420.2,14,2,0.2197
0,836,3,2,1953.0,1011,194,3515.5547
0,837,1,0,2482.6,1511,297,6320.2027
0,838,3,1,420.2,14,2,0.2197
0,839,3,0,2211.6,1782,350,6859.3797
0,840,3,1,346.2,88,4,0.32955
0,841,1,1,136.2,298,4,0.2197
0,842,1,2,1718.0,1246,249,3648.1297
0,843,3,0,1888.6,2105,350,8489.4347
0,844,3,0,2062.6,1931,297,7585.0447
0,845,3,2,1825.0,1139,196,3798.1947
0,846,1,2,1081.0,1883,249,3642.1397
0,847,3,0,2230.6,1763,350,6644.0997
0,848,1,2,1233.0,1731,249,3642.1397
0,849,3,2,1611.0,1353,249,3642.1397
0,850,3,0,2122.6,1871,346,7048.4447
0,851,1,2,887.0,2077,245,6178.9047
0,852,1,2,1700.0,1264,249,3642.1397
0,853,3,0,2261.6,1732,297,7335.4277
0,854,3,0,2269.6,1724,297,7196.3867
0,855,3,0,2202.6,1791,247,6498.4047
0,856,3,0,2116.6,1877,348,7045.4997
0,857,3,0,2301.6,1692,249,6195.9097
0,858,1,0,2190.6,1803,295,7517.8897
0,859,1,2,1623.0,1341,249,3944.6347
0,860,1,1,296.2,138,4,0.2197
0,861,1,1,387.2,47,4,0.2197
0,862,3,0,2348.6,1645,297,6320.2027
0,863,1,0,2342.6,1651,249,6010.39546
0,864,3,0,2166.6,1827,350,6880.7447
0,865,1,1,419.2,15,2,0.24167
0,866,1,0,2335.6,1658,295,7167.1067
0,867,3,1,420.2,14,2,0.2197
0,868,1,2,1734.0,1230,245,3642.1397
0,869,1,1,336.2,98,4,0.2197
0,870,3,0,2365.6,1628,247,6010.2197
0,871,1,2,1779.0,1185,194,4095.1864
0,872,1,2,1734.0,1230,245,3642.1397
0,873,1,2,1732.0,1232,247,3642.1397
0,874,3,2,1732.0,1232,247,3642.1397
0,875,1,0,2383.6,1610,293,6843.0867
0,876,1,1,102.2,332,4,0.2197
0,877,1,0,2264.6,1729,348,6602.2397
0,878,1,2,1732.0,1232,247,3642.1397
0,879,1,2,1774.0,1190,194,4137.42861
0,880,1,1,389.2,45,4,0.2197
0,881,1,1,420.2,14,2,0.2197
0,882,1,2,1734.0,1230,245,3642.1397
0,883,3,1,420.2,14,2,0.2197
0,884,3,2,1873.0,1091,194,3798.1947
0,885,3,1,420.2,14,2,0.2197
0,886,3,1,420.2,14,2,0.2197
0,887,1,2,1732.0,1232,245,3642.18364
0,888,1,2,1734.0,1230,245,3642.1397
0,889,1,1,420.2,14,2,0.2197
0,890,3,2,1913.0,1051,194,3656.8747
0,891,3,1,420.2,14,2,0.2197
0,892,3,2,1869.0,1095,194,3812.3267
0,893,3,1,420.2,14,2,0.2197
0,894,1,1,420.2,14,2,0.2197
0,895,3,2,1734.0,1230,245,3642.1397
0,896,3,1,420.2,14,2,0.2197
0,897,1,0,2497.6,1496,293,6440.3247
0,898,3,2,1734.0,1230,245,3642.1397
0,899,3,0,2266.6,1727,346,6602.2397
0,900,3,0,2370.6,1623,295,6881.9497
0,901,1,1,420.2,14,2,0.2197
0,902,3,1,410.2,24,2,0.4394
0,903,3,1,420.2,14,2,0.2197
0,904,1,2,1734.0,1230,245,3642.1397
0,905,1,0,2264.6,1729,348,6602.2397
0,906,1,0,2492.6,1501,293,6457.9897
0,907,1,2,1732.0,1232,247,3642.1397
0,908,1,0,2264.6,1729,348,6602.2397
0,909,3,2,1870.0,1094,194,3808.7937
0,910,3,0,2365.6,1628,247,6010.2197
0,911,1,2,1732.0,1232,247,3642.1397
0,912,3,0,2529.6,1464,295,6320.2027
0,913,1,2,1730.0,1234,247,3642.18364
0,914,3,1,420.2,14,2,0.2197
0,915,1,2,1997.0,967,194,3360.1027
0,916,3,1,420.2,14,2,0.2197
0,917,3,2,1734.0,1230,245,3642.1397
0,918,1,0,2337.6,1656,293,7005.6047
0,919,1,1,420.2,14,2,0.2197
0,920,1,0,2363.6,1630,249,6010.2197
0,921,3,0,2264.6,1729,348,6602.2397
0,922,3,1,420.2,14,2,0.2197
0,923,3,2,1997.0,967,194,3360.1027
0,924,1,1,420.2,14,2,0.2197
0,925,1,0,2390.6,1603,293,6818.3557
0,926,3,0,2365.6,1628,247,6010.2197
0,927,3,2,1732.0,1232,247,3642.1397
0,928,3,0,2266.6,1727,346,6602.2397
0,929,1,1,420.2,14,2,0.2197
0,930,1,0,2264.6,1729,348,6602.2397
0,931,3,1,420.2,14,2,0.2197
0,932,1,1,420.2,14,2,0.2197
0,933,3,2,1987.0,977,194,3360.3224
0,934,3,1,420.2,14,2,0.2197
0,935,3,1,420.2,14,2,0.2197
0,936,1,2,1997.0,967,194,3360.1027
0,937,3,1,420.2,14,2,0.2197
0,938,1,2,1734.0,1230,245,3642.1397
0,939,1,2,1734.0,1230,245,3642.1397
0,940,3,2,1787.0,1177,194,4102.0327
0,941,1,0,567.6,3426,350,7116.5197
0,942,3,0,1883.6,2110,350,8761.0197
0,943,1,0,838.6,3155,297,9538.4727
0,944,3,2,1521.0,1443,249,3642.1397
0,945,1,2,187.0,2777,196,4041.9717
0,946,1,0,1222.6,2771,350,7846.0797
0,947,1,1,420.2,14,2,0.2197
0,948,3,2,1662.0,1302,249,3642.1397
0,949,1,0,1487.6,2506,350,7523.1597
0,950,1,2,503.0,2461,249,3642.1397
0,951,1,2,617.0,2347,249,3642.1397
0,952,1,0,1217.6,2776,350,9708.0247
0,953,3,2,1679.0,1285,196,3897.22855
0,954,3,0,2052.6,1941,350,6743.12849
0,955,3,2,1342.0,1622,196,5024.1457
0,956,3,2,1208.0,1756,249,4342.9697
0,957,3,2,1442.0,1522,196,4730.9067
0,958,3,2,1458.0,1506,249,4417.99849
0,959,3,2,1509.0,1455,249,4295.0497
0,960,1,2,1056.0,1908,249,5355.2797
0,961,3,2,1674.0,1290,247,3815.8497
0,962,1,0,1743.6,2250,346,8168.6247
0,963,3,2,1347.0,1617,196,4939.3537
0,964,1,0,1729.6,2264,247,7909.09364
0,965,3,1,315.2,119,4,0.2197
0,966,3,1,331.2,103,4,0.2197
0,967,1,2,1576.0,1388,194,4847.4957
0,969,1,0,2241.6,1752,249,6375.6097
0,970,3,1,407.2,27,4,0.2197
0,971,1,0,2152.6,1841,348,6937.6797
0,972,1,0,2266.6,1727,346,6602.2397
0,973,3,2,1969.0,995,194,3459.0267
0,974,3,2,1732.0,1232,247,3642.1397
0,975,3,0,2232.6,1761,249,6387.69955
0,976,1,1,420.2,14,2,0.2197
0,977,3,1,420.2,14,2,0.2197
0,978,1,2,1997.0,967,194,3360.1027
0,979,1,2,1997.0,967,194,3360.1027
0,980,1,0,2266.6,1727,346,6602.2397
0,981,3,0,2266.6,1727,346,6602.2397
0,982,3,1,420.2,14,2,0.2197
0,983,1,1,420.2,14,2,0.2197
0,984,1,1,420.2,14,2,0.2197
0,985,3,0,2499.6,1494,295,6426.1927
0,986,1,1,420.2,14,2,0.2197
0,987,3,2,1958.0,1006,194,3462.7794
0,988,3,2,1717.0,1247,245,3642.51319
0,989,1,0,2266.6,1727,346,6602.2397
0,990,1,1,420.2,14,2,0.2197
0,991,3,2,1732.0,1232,247,3642.1397
0,992,1,2,1814.0,1150,194,4006.6417
0,993,1,1,420.2,14,2,0.2197
0,994,1,0,2531.6,1462,293,6320.2027
0,995,3,0,2266.6,1727,346,6602.2397
0,996,1,1,419.2,15,2,0.2197
0,997,3,1,416.2,18,2,0.30758
0,998,1,2,1734.0,1230,245,3642.1397
0,999,3,2,1885.0,1079,194,3755.7987
1,19,1,1,-1526.8,1961,2,3755.7987
1,27,1,1,-979.8,1414,2,3755.7987
1,268,1,1,-53.8,488,2,3755.7987
1,375,1,0,-950.4,4944,295,3755.7987
1,376,1,0,-918.4,4912,295,3755.7987
1,378,1,2,-1862.0,4826,247,3755.7987
1,382,1,0,-668.4,4662,348,3755.7987
1,383,1,2,-1591.0,4555,247,3755.7987
1,385,1,2,-1407.0,4371,247,3755.7987
1,387,1,1,-3720.8,4155,2,3755.7987
1,389,1,2,-1225.0,4189,247,3755.7987
1,391,1,1,-3590.8,4025,2,3755.7987
1,396,1,2,-779.0,3743,247,3755.7987
1,399,1,2,-607.0,3571,194,3755.7987
1,403,1,1,-2387.8,2822,2,3755.7987
1,411,1,1,-1789.8,2224,2,3755.7987
1,412,1,1,-1694.8,2129,2,3755.7987
1,419,1,1,-825.8,1260,2,3755.7987
1,664,1,1,-32.8,467,2,3755.7987
1,688,1,1,-1150.8,1585,2,3755.7987
1,696,1,1,-161.8,596,2,3755.7987
1,702,1,1,-84.8,519,2,3755.7987
1,774,1,1,-642.8,1077,2,3755.7987
1,775,1,1,-630.8,1065,2,3755.7987
1,968,1,1,-25.8,460,2,3755.7987
Time: 70683, 531800, 728287, 550996
