CONFIGURATION:
{u'simulation': {u'stdev_factor': 0.01, u'power_mgmt_enabled': False, u'tasks': {u'loc': {u'mean_service_time': {u'gpu': 90, u'cpu_core': 200, u'loc_accel': 10}, u'priority': 1, u'deadline': 1000, u'stdev_service_time': {u'gpu': 0.9, u'cpu_core': 2.0, u'loc_accel': 0.1}, u'power': {u'gpu': 4.457, u'cpu_core': 6.133, u'loc_accel': 0.02197}}, u'detect': {u'mean_service_time': {u'gpu': 0.4607, u'cpu_core': 3.654, u'det_accel': 0.278}, u'priority': 2, u'deadline': 1000, u'stdev_service_time': {u'gpu': 0.004607, u'cpu_core': 0.03654, u'det_accel': 0.0027800000000000004}, u'power': {u'gpu': 90, u'cpu_core': 200, u'det_accel': 10}}, u'Frontier': {u'mean_service_time': {u'cpu_core': 396}, u'priority': 9, u'deadline': 1000, u'stdev_service_time': {u'cpu_core': 3.96}, u'power': {u'cpu_core': 5.98}}, u'track': {u'mean_service_time': {u'gpu': 17, u'tra_accel': 2, u'cpu_core': 1820}, u'priority': 3, u'deadline': 1000, u'stdev_service_time': {u'gpu': 0.17, u'tra_accel': 0.02, u'cpu_core': 18.2}, u'power': {u'gpu': 12.79, u'tra_accel': 0.59, u'cpu_core': 5.6}}, u'sp': {u'mean_service_time': {u'gpu': 379, u'cpu_core': 1004}, u'priority': 11, u'deadline': 1000, u'stdev_service_time': {u'gpu': 3.79, u'cpu_core': 10.040000000000001}, u'power': {u'gpu': 3.302, u'cpu_core': 1004}}, u'mission': {u'mean_service_time': {u'cpu_core': 0.0022}, u'priority': 5, u'deadline': 1000, u'stdev_service_time': {u'cpu_core': 2.2000000000000003e-05}, u'power': {u'cpu_core': 3.534}}, u'motion': {u'mean_service_time': {u'cpu_core': 8}, u'priority': 6, u'deadline': 1000, u'stdev_service_time': {u'cpu_core': 0.08}, u'power': {u'cpu_core': 4.222}}, u'collision': {u'mean_service_time': {u'cpu_core': 8}, u'priority': 7, u'deadline': 1000, u'stdev_service_time': {u'cpu_core': 0.08}, u'power': {u'cpu_core': 0}}, u'fusion': {u'mean_service_time': {u'cpu_core': 1}, u'priority': 4, u'deadline': 1000, u'stdev_service_time': {u'cpu_core': 0.01}, u'power': {u'cpu_core': 0}}, u'map': {u'mean_service_time': {u'gpu': 761, u'cpu_core': 973}, u'priority': 10, u'deadline': 1000, u'stdev_service_time': {u'gpu': 7.61, u'cpu_core': 9.73}, u'power': {u'gpu': 3.533, u'cpu_core': 2.995}}, u'path': {u'mean_service_time': {u'cpu_core': 8}, u'priority': 8, u'deadline': 1000, u'stdev_service_time': {u'cpu_core': 0.08}, u'power': {u'cpu_core': 0}}}, u'sched_policy_module': u'policies.ms2_update2', u'drop': True, u'servers': {u'gpu': {u'count': 2}, u'tra_accel': {u'count': 1}, u'cpu_core': {u'count': 8}, u'loc_accel': {u'count': 1}, u'det_accel': {u'count': 1}}, u'max_tasks_simulated': 10000, u'max_queue_size': 1000000, u'mean_arrival_time': 50, u'arrival_time_scale': 2.2}, u'general': {u'random_seed': 0, u'pre_gen_arrivals': False, u'basename': u'policy:ms2_update2__stdev_factor:0.01', u'output_trace_file': None, u'working_dir': u'/home/hiwot/meta-stomp2/sim_16042020_202749_new_arrival_50_map_rheftmapping_50_trace_50', u'input_trace_file': (False, '../mv_mapping_50_trace_50.trc'), u'logging_level': u'INFO'}}

/home/hiwot/meta-stomp2/sim_16042020_202749_new_arrival_50_map_rheftmapping_50_trace_50/../mv_mapping_50_trace_50.trc

Running STOMP simulation...
Dropped,DAG ID,DAG Priority,DAG Type,Slack,Response Time,No-Affinity Time,Energy
0,0,3,0,1917.2,1462,293,6320.2027
0,1,1,0,1915.2,1464,295,6320.2027
0,2,1,1,353.4,14,2,0.2197
0,3,1,2,1268.0,1240,249,3642.1397
0,4,1,0,149.2,3230,350,13895.6647
0,5,1,1,353.4,14,2,0.2197
0,6,3,2,1161.0,1347,196,3455.4937
0,7,3,0,1285.2,2094,297,9985.9287
0,8,3,2,957.0,1551,249,3642.1397
0,9,3,2,1048.0,1460,249,3642.1397
0,10,3,0,1267.2,2112,350,7941.91349
0,11,1,1,353.4,14,2,0.2197
0,12,1,2,478.0,2030,249,3642.1397
0,13,1,0,671.2,2708,350,11147.0397
0,14,3,0,1410.2,1969,350,7989.5997
0,15,1,0,286.2,3093,350,13360.80758
0,16,3,0,1535.2,1844,297,7217.62067
0,17,3,1,298.4,69,4,0.2197
0,18,3,0,928.2,2451,297,9899.7057
0,19,1,1,12.4,355,4,0.2197
0,20,3,0,970.2,2409,350,8656.6897
0,21,3,0,888.2,2491,297,9672.5397
0,22,3,1,150.4,217,4,0.2197
0,23,3,2,1089.0,1419,249,4154.2847
0,24,3,0,962.2,2417,297,9832.74855
0,25,3,0,958.2,2421,350,8653.7847
0,26,3,2,1187.0,1321,249,3872.7547
0,27,1,1,136.4,231,4,0.2197
0,29,3,2,1121.0,1387,249,4055.4497
0,30,3,1,232.4,135,4,0.2197
0,31,1,2,772.0,1736,249,5115.6797
0,32,1,0,319.2,3060,350,10555.6297
0,33,3,2,1032.0,1476,249,4214.1847
0,34,1,1,277.4,90,4,0.2197
0,35,1,1,232.4,135,4,0.2197
0,36,1,1,253.4,114,4,0.2197
0,37,1,0,814.2,2565,350,9279.0697
0,38,1,2,710.0,1798,249,5289.3897
0,39,1,2,720.0,1788,249,5241.4697
0,40,3,0,1147.2,2232,297,10650.7947
0,41,1,0,704.2,2675,350,9671.2447
0,42,1,2,858.0,1650,249,4540.6397
0,43,1,1,250.4,117,4,0.2197
0,44,3,1,264.4,103,4,0.2197
0,45,1,0,714.2,2665,350,9134.09229
0,46,1,0,908.2,2471,350,9954.6247
0,47,1,0,416.2,2963,348,10298.0397
0,48,1,2,838.0,1670,196,3974.8447
0,49,3,0,1746.2,1633,297,6734.4167
0,51,1,1,52.4,315,4,0.2197
0,52,3,2,1024.0,1484,196,4688.5107
0,53,1,1,218.4,149,4,0.2197
0,54,1,2,1000.0,1508,249,3995.5497
0,55,1,0,327.2,3052,350,9749.9547
0,56,1,2,977.0,1531,249,4175.2497
0,57,1,1,289.4,78,4,0.2197
0,58,3,2,1416.0,1092,196,3522.68661
0,59,3,2,972.0,1536,249,3663.1047
0,60,3,1,228.4,139,4,0.2197
0,61,1,1,282.4,85,4,0.2197
0,62,3,2,1233.0,1275,249,3740.9747
0,63,3,1,197.4,170,4,0.2197
0,64,1,0,996.2,2383,346,9981.8497
0,65,3,0,1709.2,1670,297,6765.3607
0,66,3,0,1647.2,1732,297,6995.0057
0,67,3,1,202.4,165,4,0.2197
0,68,3,0,1456.2,1923,350,7168.13667
0,69,3,0,1552.2,1827,346,7089.7947
0,70,1,1,303.4,64,4,0.2197
0,71,1,0,1213.2,2166,346,9099.1047
0,72,1,0,1359.2,2020,346,7479.7747
0,73,3,2,1136.0,1372,196,4769.7697
0,74,3,2,1361.0,1147,194,3996.0427
0,75,2,2,1182.0,1326,245,3929.6597
0,76,1,1,298.4,69,4,0.2197
0,77,3,0,1282.2,2097,346,7710.3897
0,78,1,1,271.4,96,4,0.2197
0,79,3,2,1207.0,1301,247,3825.01046
0,80,3,0,1611.2,1768,348,6719.0447
0,81,1,1,184.4,183,4,0.2197
0,82,1,0,1757.2,1622,295,6878.4167
0,83,3,1,264.4,103,4,0.2197
0,84,1,1,353.4,14,2,0.2197
0,85,3,0,1915.2,1464,295,6320.2027
0,86,3,0,1747.2,1632,247,6010.30758
0,87,1,2,1276.0,1232,247,3642.1397
0,88,3,2,1278.0,1230,245,3642.1397
0,89,1,2,1541.0,967,194,3360.1027
0,90,3,0,1751.2,1628,297,6549.8477
0,91,1,0,1623.2,1756,348,6763.6997
0,92,1,0,1647.2,1732,348,6620.1797
0,93,3,1,347.4,20,2,0.35152
0,94,1,1,353.4,14,2,0.2197
0,95,1,2,1200.0,1308,249,3803.8697
0,96,1,1,353.4,14,2,0.2197
0,97,3,0,1594.2,1785,293,7454.33964
0,98,1,2,1278.0,1230,245,3642.1397
0,99,3,2,1368.0,1140,196,3490.88961
0,100,1,0,1652.2,1727,346,6602.2397
0,101,1,1,353.4,14,2,0.2197
0,102,3,0,1650.2,1729,348,6602.2397
0,103,3,0,1650.2,1729,348,6602.2397
0,104,3,1,157.4,210,4,0.2197
0,105,1,2,1156.0,1352,245,4007.5297
0,106,3,1,109.4,258,4,0.2197
0,107,1,1,111.4,256,4,0.32955
0,108,3,0,1917.2,1462,293,6320.2027
0,109,1,2,1541.0,967,194,3360.1027
0,110,1,2,1276.0,1232,247,3642.1397
0,111,3,1,353.4,14,2,0.2197
0,112,3,1,353.4,14,2,0.2197
0,113,3,1,353.4,14,2,0.2197
0,114,1,0,1780.2,1599,295,6797.1577
0,115,1,0,1649.2,1730,346,6620.1797
0,116,3,2,1186.0,1322,196,3953.6467
0,117,3,2,1259.0,1249,247,3642.1397
0,118,3,0,1652.2,1727,346,6602.2397
0,119,1,0,1650.2,1729,348,6602.2397
0,120,3,2,1278.0,1230,245,3642.1397
0,121,3,0,1652.2,1727,346,6602.2397
0,122,3,2,1276.0,1232,247,3642.1397
0,123,1,1,40.4,327,4,0.2197
0,124,1,1,223.4,144,4,0.2197
0,125,3,2,1541.0,967,194,3360.1027
0,126,1,0,1891.2,1488,295,6320.2027
0,127,3,1,353.4,14,2,0.2197
0,128,3,1,353.4,14,2,0.2197
0,129,3,0,1740.2,1639,251,6010.2197
0,130,1,1,353.4,14,2,0.2197
0,131,3,2,1177.0,1331,196,3695.7377
0,132,3,0,1637.2,1742,346,6691.9397
0,133,3,1,353.4,14,2,0.2197
0,134,3,2,1365.0,1143,196,3960.7127
0,135,1,0,1749.2,1630,249,6010.2197
0,136,3,0,1751.2,1628,247,6010.2197
0,137,1,1,353.4,14,2,0.2197
0,138,1,2,1159.0,1349,249,3642.1397
0,139,3,2,1266.0,1242,249,3642.1397
0,140,3,2,1276.0,1232,247,3642.1397
0,141,3,1,64.4,303,4,0.37349
0,142,3,1,94.4,273,4,0.2197
0,143,3,2,1146.0,1362,194,4755.6377
0,144,1,1,239.4,128,4,0.2197
0,145,1,1,317.4,50,4,0.2197
0,146,3,0,1652.2,1727,346,6602.2397
0,147,3,2,1366.0,1142,194,3978.3777
0,148,3,1,181.4,186,4,0.4394
0,149,3,0,1751.2,1628,247,6010.2197
0,150,3,0,1626.2,1753,346,6680.1097
0,151,3,0,1547.2,1832,297,7065.6657
0,152,1,2,1272.0,1236,245,3642.27152
0,153,3,1,353.4,14,2,0.2197
0,154,1,0,1302.2,2077,297,7002.0717
0,155,1,0,1389.2,1990,350,8103.2197
0,156,3,0,1624.2,1755,350,6620.1797
0,157,1,1,353.4,14,2,0.2197
0,158,1,1,353.4,14,2,0.2197
0,159,1,0,1316.2,2063,348,8599.5597
0,160,3,1,353.4,14,2,0.2197
0,161,3,1,353.4,14,2,0.2197
0,162,1,1,353.4,14,2,0.2197
0,163,3,2,1487.0,1021,196,3360.1027
0,164,1,2,1248.0,1260,247,3725.9997
0,165,1,2,1278.0,1230,245,3642.1397
0,166,3,2,1333.0,1175,196,3589.76967
0,167,1,2,1276.0,1232,247,3642.1397
0,168,1,2,1225.0,1283,247,3794.8847
0,169,3,0,1544.2,1835,346,6925.6997
0,170,1,2,1109.0,1399,247,4142.3047
0,171,1,0,1474.2,1905,293,7885.3217
0,172,1,1,335.4,32,4,0.2197
0,173,3,1,353.4,14,2,0.2197
0,174,3,0,1915.2,1464,295,6320.2027
0,175,1,2,1278.0,1230,245,3642.1397
0,176,3,1,353.4,14,2,0.2197
0,177,1,1,353.4,14,2,0.2197
0,178,1,0,1917.2,1462,293,6320.2027
0,179,1,0,1741.2,1638,247,6040.1697
0,180,3,2,1439.0,1069,194,3692.38046
0,181,1,0,1749.2,1630,249,6010.2197
0,182,1,2,1278.0,1230,245,3642.1397
0,183,1,1,353.4,14,2,0.2197
0,184,1,1,353.4,14,2,0.2197
0,185,1,1,353.4,14,2,0.2197
0,186,1,2,1360.0,1148,194,3999.5757
0,187,1,0,1751.2,1628,247,6010.2197
0,188,3,1,353.4,14,2,0.2197
0,189,3,2,1541.0,967,194,3360.1027
0,190,3,1,353.4,14,2,0.2197
0,191,1,1,353.4,14,2,0.2197
0,192,3,0,1902.2,1477,293,6373.1977
0,193,1,2,1087.0,1421,245,4214.1847
0,194,3,2,1540.0,968,194,3363.6357
0,195,3,1,353.4,14,2,0.2197
0,196,1,0,1650.2,1729,348,6602.2397
0,197,3,0,1749.2,1630,249,6010.2197
0,198,1,1,353.4,14,2,0.2197
0,199,3,2,1278.0,1230,245,3642.1397
0,200,3,1,345.4,22,2,0.39546
0,201,3,2,1541.0,967,194,3360.1027
0,202,3,1,353.4,14,2,0.2197
0,203,1,0,1892.2,1487,293,6408.5277
0,204,1,0,1749.2,1630,249,6010.2197
0,205,3,2,1278.0,1230,245,3642.1397
0,206,3,0,1751.2,1628,247,6010.2197
0,207,1,1,353.4,14,2,0.2197
0,208,1,1,353.4,14,2,0.2197
0,209,1,2,1541.0,967,194,3360.1027
0,210,1,0,1741.2,1638,247,6040.1697
0,211,1,2,1221.0,1287,245,3809.88167
0,212,3,2,1447.0,1061,194,3692.2047
0,213,1,1,353.4,14,2,0.2197
0,214,3,2,1276.0,1232,247,3642.1397
0,215,1,1,353.4,14,2,0.2197
0,216,1,2,1541.0,967,194,3360.1027
0,217,1,1,353.4,14,2,0.2197
0,218,3,1,353.4,14,2,0.2197
0,219,3,2,1541.0,967,194,3360.1027
0,220,3,1,353.4,14,2,0.2197
0,221,3,0,1745.2,1634,247,6010.35152
0,222,3,0,1749.2,1630,249,6010.2197
0,223,1,0,1751.2,1628,247,6010.2197
0,224,3,1,349.4,18,2,0.30758
0,225,1,1,350.4,17,2,0.28561
0,226,3,1,353.4,14,2,0.2197
0,227,1,1,353.4,14,2,0.2197
0,228,3,2,1362.0,1146,194,3992.5097
0,229,1,1,353.4,14,2,0.2197
0,230,3,2,1266.0,1242,247,3642.3594
0,231,1,1,353.4,14,2,0.2197
0,232,1,0,1652.2,1727,346,6602.2397
0,233,3,2,1276.0,1232,247,3642.1397
0,234,1,1,353.4,14,2,0.2197
0,235,1,0,1624.2,1755,346,6686.0997
0,236,3,2,1358.0,1150,196,3999.5757
0,237,3,2,1541.0,967,194,3360.1027
0,238,1,1,353.4,14,2,0.2197
0,239,1,0,1911.2,1468,293,6320.33452
0,240,3,2,1278.0,1230,245,3642.1397
0,241,1,2,1276.0,1232,247,3642.1397
0,242,1,0,1751.2,1628,247,6010.2197
0,243,1,2,1197.0,1311,245,3884.7347
0,244,1,1,353.4,14,2,0.2197
0,245,3,0,1809.2,1570,295,6694.7007
0,246,1,1,353.4,14,2,0.2197
0,247,3,1,353.4,14,2,0.2197
0,248,1,2,1541.0,967,194,3360.1027
0,249,3,2,1276.0,1232,247,3642.1397
0,250,1,2,1276.0,1232,247,3642.1397
0,251,3,2,1539.0,969,196,3360.1027
0,252,1,0,1273.2,2106,297,6881.9497
0,253,1,1,353.4,14,2,0.2197
0,254,3,0,1565.2,1814,350,6620.1797
0,255,3,1,352.4,15,2,0.24167
0,256,1,0,1248.2,2131,350,7738.59349
0,257,3,1,353.4,14,2,0.2197
0,258,1,0,1401.2,1978,348,8091.2597
0,259,3,2,1380.0,1128,196,3861.7887
0,260,1,0,1477.2,1902,348,7636.7797
0,261,3,2,1208.0,1300,249,3642.20561
0,262,3,1,353.4,14,2,0.2197
0,263,1,2,1106.0,1402,249,3800.8747
0,264,3,0,1812.2,1567,295,6727.3367
0,265,3,2,1268.0,1240,249,3642.1397
0,266,1,0,577.2,2802,251,8570.9447
0,267,3,0,1430.2,1949,247,6971.6147
0,268,1,1,185.4,182,4,0.2197
0,269,3,2,1191.0,1317,247,3896.7147
0,270,3,2,1227.0,1281,194,4448.39852
0,271,1,1,232.4,135,4,0.2197
0,272,3,2,1491.0,1017,194,3536.7527
0,273,1,0,1313.2,2066,350,6877.7697
0,274,1,1,294.4,73,4,0.32955
0,275,3,2,1213.0,1295,249,3773.9197
0,276,3,0,1646.2,1733,297,7227.1397
0,277,3,2,1185.0,1323,249,3642.1397
0,278,3,0,1894.2,1485,293,6457.7427
0,279,3,0,1645.2,1734,346,6644.0997
0,280,1,2,1264.0,1244,249,3642.1397
0,281,1,2,1278.0,1230,245,3642.1397
0,282,1,0,1735.2,1644,249,6010.2197
0,283,1,1,169.4,198,4,0.2197
0,284,1,1,254.4,113,4,0.2197
0,285,3,0,1548.2,1831,251,6558.5244
0,286,3,1,326.4,41,4,0.2197
0,287,3,2,1485.0,1023,194,3557.9507
0,288,1,2,930.0,1578,245,4684.3997
0,289,1,0,1113.2,2266,350,8198.5747
0,290,3,2,1383.0,1125,196,3759.3317
0,291,3,2,1169.0,1339,245,3968.5947
0,292,3,1,353.4,14,2,0.2197
0,293,3,2,1271.0,1237,245,3642.29349
0,294,3,2,1541.0,967,194,3360.1027
0,295,3,0,1794.2,1585,297,6719.4317
0,296,1,2,1264.0,1244,249,3642.27152
0,297,3,0,1640.2,1739,350,6602.2397
0,298,1,1,346.4,21,4,0.2197
0,299,1,0,1590.2,1789,350,6697.9197
0,300,3,1,231.4,136,4,0.2197
0,301,1,0,1466.2,1913,251,6141.9997
0,302,1,1,353.4,14,2,0.2197
0,303,3,1,353.4,14,2,0.2197
0,304,3,0,1447.2,1932,348,7246.0447
0,305,1,1,351.4,16,4,0.2197
0,306,3,1,353.4,14,2,0.2197
0,307,3,2,1513.0,995,196,3409.5647
0,308,3,1,353.4,14,2,0.2197
0,309,1,1,353.4,14,2,0.2197
0,310,3,2,1501.0,1007,196,3360.1027
0,311,3,2,1085.0,1423,249,3642.22758
0,312,3,1,266.4,101,4,0.2197
0,313,1,2,1273.0,1235,247,3642.1397
0,314,1,0,1652.2,1727,346,6602.2397
0,315,1,2,1171.0,1337,247,3956.6147
0,316,3,1,261.4,106,4,0.2197
0,317,1,0,1391.2,1988,251,6663.1297
0,318,3,2,1456.0,1052,194,3660.4077
0,319,1,0,1337.2,2042,350,7551.5347
0,320,1,0,784.2,2595,251,6950.6497
0,321,1,2,1298.0,1210,194,4218.6217
0,322,1,1,264.4,103,4,0.2197
0,323,3,1,278.4,89,4,0.2197
0,324,1,0,1166.2,2213,350,7075.2897
0,325,1,0,1174.2,2205,297,8343.0177
0,326,1,1,353.4,14,2,0.2197
0,327,1,2,953.0,1555,196,3900.6517
0,328,1,0,1191.2,2188,346,9359.0197
0,329,3,0,1630.2,1749,350,6662.0397
0,330,1,2,987.0,1521,249,3642.3594
0,331,3,2,1266.0,1242,249,3642.1397
0,332,3,1,260.4,107,4,0.2197
0,333,3,1,304.4,63,4,0.2197
0,334,3,2,992.0,1516,249,3863.7697
0,335,3,1,333.4,34,4,0.2197
0,336,1,2,1308.0,1200,196,3384.8337
0,337,1,2,1172.0,1336,247,3911.6897
0,338,1,1,297.4,70,4,0.2197
0,339,3,0,1077.2,2302,251,7220.1997
0,340,3,2,1359.0,1149,196,3600.3467
0,341,3,0,1220.2,2159,350,8194.2997
0,342,3,0,1185.2,2194,350,8194.8097
0,343,3,2,1192.0,1316,247,3893.7197
0,344,1,2,522.0,1986,249,4390.8897
0,345,1,0,850.2,2529,350,9699.6147
0,346,3,0,1627.2,1752,297,7735.7987
0,347,3,0,1491.2,1888,297,8111.6717
0,348,1,1,272.4,95,4,0.2197
0,349,3,2,1264.0,1244,249,3642.1397
0,350,3,0,1404.2,1975,350,6632.1397
0,351,1,0,1404.2,1975,350,7044.7597
0,352,1,0,1113.2,2266,346,9723.9697
0,353,3,2,1333.0,1175,196,3988.9767
0,354,3,2,1145.0,1363,196,4663.7797
0,355,1,0,861.2,2518,249,8669.7797
0,356,3,1,200.4,167,4,0.2197
0,357,3,0,1464.2,1915,348,7159.3097
0,358,3,0,1142.2,2237,348,8123.6997
0,359,3,2,1246.0,1262,249,3672.26546
0,360,3,2,1257.0,1251,245,3705.0347
0,361,3,2,1537.0,971,194,3374.2347
0,362,1,2,1541.0,967,194,3360.1027
0,363,1,2,1264.0,1244,245,3660.28546
0,364,3,2,1230.0,1278,245,3785.8997
0,365,3,0,1910.2,1469,293,6344.9337
0,366,3,1,353.4,14,2,0.2197
0,367,3,2,1424.0,1084,194,3773.4637
0,368,1,1,353.4,14,2,0.2197
0,369,1,1,351.4,16,4,0.2197
0,370,1,1,353.4,14,2,0.2197
0,371,3,0,1690.2,1689,251,6010.2197
0,372,1,0,505.2,2874,251,6010.2197
0,373,3,1,346.4,21,2,0.37349
0,374,3,1,353.4,14,2,0.2197
0,375,1,0,328.2,3051,297,15762.6227
0,376,1,0,185.2,3194,297,15738.7027
0,377,3,2,1269.0,1239,249,3642.1397
0,378,1,2,90.0,2418,249,3642.18364
0,379,3,0,1446.2,1933,350,7750.3997
0,380,1,1,353.4,14,2,0.2197
0,381,3,1,353.4,14,2,0.2197
0,382,1,0,368.2,3011,350,14077.2397
0,383,1,2,294.0,2214,249,3642.1397
0,384,3,0,1283.2,2096,350,8432.1197
0,385,1,2,279.0,2229,249,6229.8197
0,386,3,0,1269.2,2110,297,8308.0467
0,387,1,1,251.4,116,4,0.2197
0,388,3,1,256.4,111,4,0.39546
0,389,1,2,439.0,2069,249,4073.4197
0,390,3,0,1069.2,2310,350,9909.3097
0,391,1,1,309.4,58,4,0.2197
0,392,3,0,1151.2,2228,350,8063.7797
0,393,3,2,1363.0,1145,196,3720.4687
0,394,3,0,1218.2,2161,350,7955.7197
0,395,3,1,23.4,344,4,0.2197
0,396,1,2,480.0,2028,196,6412.6147
0,399,1,2,183.0,2325,196,5999.2537
0,400,3,0,316.2,3063,350,8661.6897
0,401,3,2,1218.0,1290,249,3785.8997
0,403,1,1,180.4,187,4,0.2197
0,404,3,2,1214.0,1294,249,3782.9047
0,405,3,0,567.2,2812,297,12117.80367
0,407,1,2,273.0,2235,249,5162.36303
0,408,1,2,135.0,2373,249,5602.47424
0,409,3,0,333.2,3046,350,9517.5197
0,410,3,1,185.4,182,4,0.2197
0,411,1,1,173.4,194,4,0.4394
0,412,1,1,252.4,115,4,0.2197
0,413,3,0,512.2,2867,297,11000.22238
0,416,3,2,872.0,1636,196,4020.7737
0,418,3,2,1009.0,1499,249,3758.9447
0,419,1,1,259.4,108,4,0.2197
0,420,3,2,907.0,1601,249,3974.60667
0,421,3,2,986.0,1522,249,4450.7897
0,422,1,2,273.0,2235,249,6616.1747
0,423,3,1,-298.6,666,4,0.2197
0,424,3,0,785.2,2594,295,10882.6437
0,425,2,1,88.4,279,4,0.2197
0,426,1,2,824.0,1684,249,4882.0697
0,427,1,2,874.0,1634,249,4807.1947
0,428,3,2,1183.0,1325,249,3791.99955
0,429,1,1,318.4,49,4,0.37349
0,430,3,2,1000.0,1508,196,4243.3527
0,431,3,1,327.4,40,4,0.2197
0,432,3,1,335.4,32,4,0.2197
0,433,1,1,323.4,44,4,0.32955
0,434,2,1,341.4,26,4,0.2197
0,435,1,0,1178.2,2201,346,8021.8697
0,436,1,1,25.4,342,4,0.2197
0,437,3,1,70.4,297,4,0.2197
0,438,1,1,59.4,308,4,0.35152
0,439,3,1,179.4,188,4,0.2197
0,440,1,2,1226.0,1282,245,3797.8797
0,441,2,2,1155.0,1353,247,4004.5347
0,442,1,2,1214.0,1294,194,4515.3937
0,443,1,0,1587.2,1792,293,7486.0927
0,444,3,2,1235.0,1273,247,3764.9347
0,445,1,0,1643.2,1736,247,6333.6797
0,446,3,1,353.4,14,2,0.2197
0,447,1,0,1862.2,1517,293,6514.5177
0,448,1,0,1915.2,1464,295,6320.2027
0,449,3,0,1749.2,1630,249,6010.2197
0,450,1,1,353.4,14,2,0.2197
0,451,3,2,1278.0,1230,245,3642.1397
0,452,3,1,349.4,18,2,0.30758
0,453,1,2,1276.0,1232,247,3642.1397
0,454,1,1,353.4,14,2,0.2197
0,455,3,1,353.4,14,2,0.2197
0,456,1,2,1541.0,967,194,3360.1027
0,457,3,2,1541.0,967,194,3360.1027
0,458,1,1,353.4,14,2,0.2197
0,459,1,0,1733.2,1646,249,6010.57122
0,460,3,0,1745.2,1634,247,6010.35152
0,461,3,1,353.4,14,2,0.2197
0,462,3,2,1268.0,1240,249,3642.1397
0,463,3,0,1650.2,1729,348,6602.2397
0,464,1,0,1650.2,1729,348,6602.2397
0,465,3,2,1387.0,1121,194,3904.1847
0,466,3,1,353.4,14,2,0.2197
0,467,1,2,1541.0,967,194,3360.1027
0,468,1,0,1652.2,1727,346,6602.2397
0,469,3,2,1276.0,1232,247,3642.1397
0,470,3,0,1652.2,1727,346,6602.2397
0,471,3,1,334.4,33,4,0.2197
0,472,3,1,353.4,14,2,0.2197
0,473,3,0,1917.2,1462,293,6320.2027
0,474,3,2,1541.0,967,194,3360.1027
0,475,3,2,1278.0,1230,245,3642.1397
0,476,3,1,353.4,14,2,0.2197
0,477,3,2,1278.0,1230,245,3642.1397
0,478,3,2,1276.0,1232,247,3642.1397
0,479,1,0,1483.2,1896,247,6812.8797
0,480,1,2,1474.0,1034,194,3596.8137
0,481,1,2,1540.0,968,194,3363.6357
0,482,3,2,1278.0,1230,245,3642.1397
0,483,1,1,353.4,14,2,0.2197
0,484,3,0,1592.2,1787,251,6010.2197
0,485,3,1,351.4,16,4,0.2197
0,486,1,0,1526.2,1853,251,6010.2197
0,487,3,0,1588.2,1791,297,7002.0717
0,488,1,2,1278.0,1230,245,3642.1397
0,489,1,0,1566.2,1813,295,8407.2227
0,490,3,2,1257.0,1251,249,3642.1397
0,491,3,1,349.4,18,2,0.30758
0,492,1,2,1261.0,1247,249,3642.1397
0,493,1,1,353.4,14,2,0.2197
0,494,1,1,353.4,14,2,0.2197
0,495,1,1,353.4,14,2,0.2197
0,496,1,2,1268.0,1240,249,3642.1397
0,497,3,2,1380.0,1128,194,3928.9157
0,498,3,0,1516.2,1863,348,7003.5697
0,499,3,2,1481.0,1027,194,3572.0827
0,500,3,0,1749.2,1630,249,6010.2197
0,501,3,2,1259.0,1249,245,3699.0447
0,502,1,1,346.4,21,4,0.2197
0,503,1,2,1274.0,1234,247,3645.15667
0,504,3,2,1269.0,1239,247,3663.1047
0,505,1,0,1650.2,1729,348,6602.2397
0,506,3,0,1707.2,1672,293,7062.1327
0,507,1,1,305.4,62,4,0.2197
0,508,3,1,353.4,14,2,0.2197
0,509,1,2,1541.0,967,194,3360.1027
0,510,3,2,1276.0,1232,247,3642.1397
0,511,3,2,1541.0,967,194,3360.1027
0,512,1,0,1917.2,1462,293,6320.2027
0,513,3,1,353.4,14,2,0.2197
0,514,3,2,1278.0,1230,245,3642.1397
0,515,1,0,1652.2,1727,346,6602.2397
0,516,1,2,1276.0,1232,247,3642.1397
0,517,3,2,1276.0,1232,247,3642.1397
0,518,1,1,353.4,14,2,0.2197
0,519,3,1,353.4,14,2,0.2197
0,520,3,1,353.4,14,2,0.2197
0,521,1,0,1857.2,1522,293,6532.1827
0,522,3,1,353.4,14,2,0.2197
0,523,3,2,1541.0,967,194,3360.1027
0,524,1,0,1501.2,1878,350,6602.34955
0,525,1,1,353.4,14,2,0.2197
0,526,1,0,1737.2,1642,251,6010.2197
0,527,3,1,353.4,14,2,0.2197
0,528,3,1,353.4,14,2,0.2197
0,529,1,1,353.4,14,2,0.2197
0,530,1,1,353.4,14,2,0.2197
0,531,3,0,1908.2,1471,293,6374.0227
0,532,1,1,343.4,24,2,0.4394
0,533,3,2,1541.0,967,194,3360.1027
0,534,1,2,1268.0,1240,249,3642.1397
0,535,3,2,1278.0,1230,245,3642.1397
0,536,3,2,1276.0,1232,247,3642.1397
0,537,1,1,353.4,14,2,0.2197
0,538,1,0,1727.2,1652,251,6010.2197
0,539,1,0,1744.2,1635,251,6010.2197
0,540,3,0,1745.2,1634,249,6010.30758
0,541,1,1,-25.6,393,4,0.2197
0,542,1,2,1112.0,1396,196,3589.7477
0,543,1,0,1571.2,1808,297,6750.7627
0,544,1,0,1472.2,1907,346,7678.6397
0,545,1,2,1176.0,1332,249,3642.1397
0,546,1,1,311.4,56,4,0.2197
0,547,1,0,1649.2,1730,346,6620.1797
0,548,1,2,1170.0,1338,245,3965.5997
0,549,1,2,1253.0,1255,249,3642.1397
0,550,3,2,1313.0,1195,196,3550.8847
0,551,3,1,35.4,332,4,0.2197
0,552,1,0,1685.2,1694,295,7132.7927
0,553,1,2,1276.0,1232,247,3642.1397
0,554,1,2,1276.0,1232,247,3642.1397
0,555,3,0,1637.2,1742,346,6647.1647
0,556,3,0,1544.2,1835,249,6624.1947
0,557,1,1,262.4,105,4,0.2197
0,558,1,1,288.4,79,4,0.2197
0,559,3,2,1387.0,1121,194,3904.1847
0,560,1,2,1379.0,1129,194,3932.4487
0,561,3,1,346.4,21,4,0.2197
0,562,1,0,1645.2,1734,346,6623.2047
0,563,1,2,1276.0,1232,247,3642.1397
0,564,3,1,353.4,14,2,0.2197
0,565,1,1,353.4,14,2,0.2197
0,566,1,1,353.4,14,2,0.2197
0,567,3,0,1828.2,1551,293,6634.6397
0,568,3,1,353.4,14,2,0.2197
0,569,1,2,1276.0,1232,247,3642.1397
0,570,1,1,353.4,14,2,0.2197
0,571,3,1,353.4,14,2,0.2197
0,572,3,1,353.4,14,2,0.2197
0,573,1,1,353.4,14,2,0.2197
0,574,3,0,1915.2,1464,295,6320.2027
0,575,1,2,1541.0,967,194,3360.1027
0,576,1,2,1278.0,1230,245,3642.1397
0,577,1,2,1276.0,1232,247,3642.1397
0,578,1,2,1276.0,1232,247,3642.1397
0,579,3,2,1276.0,1232,247,3642.1397
0,580,3,2,1276.0,1232,247,3642.1397
0,581,1,1,353.4,14,2,0.2197
0,582,1,1,353.4,14,2,0.2197
0,583,1,2,1481.0,1027,194,3572.0827
0,584,1,2,1483.0,1025,194,3565.0167
0,585,3,1,353.4,14,2,0.2197
0,586,3,1,353.4,14,2,0.2197
0,587,3,0,1751.2,1628,247,6010.2197
0,588,3,1,353.4,14,2,0.2197
0,589,3,0,1850.2,1529,295,6521.75946
0,590,3,1,353.4,14,2,0.2197
0,591,3,2,1541.0,967,194,3360.1027
0,592,3,2,1268.0,1240,245,3642.3594
0,593,3,1,351.4,16,2,0.26364
0,594,3,1,343.4,24,2,0.4394
0,595,1,1,353.4,14,2,0.2197
0,596,1,2,1469.0,1039,194,3614.4787
0,597,1,0,1751.2,1628,247,6010.2197
0,598,1,2,1278.0,1230,245,3642.1397
0,599,1,0,1652.2,1727,346,6602.2397
0,600,3,1,353.4,14,2,0.2197
0,601,1,0,1571.2,1808,297,6320.2027
0,602,1,0,1737.2,1642,251,6010.2197
0,603,1,2,1266.0,1242,249,3642.1397
0,604,1,2,1328.0,1180,196,4077.3017
0,605,1,1,353.4,14,2,0.2197
0,606,1,1,353.4,14,2,0.2197
0,607,1,1,353.4,14,2,0.2197
0,608,1,2,1259.0,1249,196,3360.1027
0,609,1,2,1260.0,1248,247,3642.24955
0,610,1,0,1641.2,1738,348,6620.31152
0,611,3,1,353.4,14,2,0.2197
0,612,1,0,1749.2,1630,249,6010.2197
0,613,1,2,1276.0,1232,247,3642.1397
0,614,1,2,1173.0,1335,245,3956.6147
0,615,3,2,1412.0,1096,194,3815.8597
0,616,1,2,1236.0,1272,247,3761.9397
0,617,1,2,1271.0,1237,245,3663.1047
0,618,3,2,1138.0,1370,194,4783.9017
0,619,1,0,1514.2,1865,247,6720.0347
0,620,3,1,286.4,81,4,0.2197
0,621,1,2,1541.0,967,194,3360.1027
0,622,1,0,1592.2,1787,249,6480.4347
0,623,1,0,1749.2,1630,249,6010.2197
0,624,3,0,1873.2,1506,297,6461.5227
0,625,1,0,1749.2,1630,249,6010.2197
0,626,1,2,1276.0,1232,247,3642.1397
0,627,3,2,1274.0,1234,249,3642.1397
0,628,3,2,1362.0,1146,194,3992.5097
0,629,3,1,353.4,14,2,0.2197
0,630,1,1,353.4,14,2,0.2197
0,631,1,1,353.4,14,2,0.2197
0,632,3,0,1714.2,1665,295,6320.2027
0,633,3,0,1917.2,1462,293,6320.2027
0,634,3,0,1643.2,1736,346,6656.0597
0,635,1,2,1278.0,1230,245,3642.1397
0,636,3,0,1652.2,1727,346,6602.2397
0,637,3,1,353.4,14,2,0.2197
0,638,3,2,1276.0,1232,247,3642.1397
0,639,3,1,353.4,14,2,0.2197
0,640,1,1,353.4,14,2,0.2197
0,641,1,1,352.4,15,2,0.24167
0,642,1,2,1539.0,969,196,3360.1027
0,643,1,0,1912.2,1467,293,6337.8677
0,644,1,0,1638.2,1741,350,6602.2397
0,645,3,0,1648.2,1731,350,6602.2397
0,646,3,0,1735.2,1644,251,6022.1997
0,647,1,1,314.4,53,4,0.2197
0,648,1,1,353.4,14,2,0.2197
0,649,1,2,1536.0,972,194,3377.7677
0,650,1,0,1383.2,1996,297,6320.2027
0,651,1,1,353.4,14,2,0.2197
0,652,1,0,1492.2,1887,350,7391.5997
0,653,3,0,1625.2,1754,350,6620.1797
0,654,1,2,1221.0,1287,249,3642.1397
0,655,1,1,353.4,14,2,0.2197
0,656,3,0,1308.2,2071,350,6679.9797
0,657,1,0,568.2,2811,350,8145.0797
0,658,3,2,1116.0,1392,196,4462.6184
0,659,1,2,413.0,2095,249,4414.89364
0,660,3,0,1095.2,2284,350,8023.4547
0,661,3,2,1398.0,1110,196,3649.8087
0,662,3,0,1231.2,2148,350,7755.1047
0,663,3,0,1270.2,2109,350,7725.3347
0,664,1,1,150.4,217,4,0.2197
0,665,3,1,317.4,50,4,0.2197
0,666,1,2,391.0,2117,249,3977.5797
0,667,3,2,1209.0,1299,196,3752.2657
0,668,3,2,1233.0,1275,196,4049.0377
0,669,1,2,564.0,1944,249,3947.6297
0,670,3,1,306.4,61,4,0.2197
0,671,3,1,332.4,35,4,0.2197
0,672,1,0,301.2,3078,350,14272.2047
0,673,3,1,345.4,22,4,0.2197
0,674,3,2,1232.0,1276,249,3737.9797
0,675,1,2,345.0,2163,249,6382.5647
0,676,3,2,1088.0,1420,249,4175.2497
0,679,3,1,294.4,73,4,0.2197
0,680,3,0,1028.2,2351,350,7677.3947
0,681,3,2,1405.0,1103,196,3724.0017
0,682,3,0,1044.2,2335,350,9362.47258
0,683,3,0,952.2,2427,350,8592.8847
0,684,3,0,687.2,2692,350,9143.50864
0,685,3,2,1004.0,1504,196,3589.7477
0,686,1,2,149.0,2359,249,6553.53626
0,687,3,1,246.4,121,4,0.2197
0,688,1,1,347.4,20,4,0.2197
0,689,3,0,913.2,2466,350,8719.6047
0,690,3,2,1189.0,1319,249,3666.16561
0,691,3,2,1086.0,1422,249,3642.1397
0,692,1,2,128.0,2380,249,7056.4397
0,693,3,2,1062.0,1446,196,3875.9207
0,694,3,2,1132.0,1376,196,4020.7737
0,695,3,0,394.2,2985,350,10360.9147
0,696,1,1,-1340.6,1708,4,0.2197
0,697,3,2,1072.0,1436,194,5017.0797
0,698,1,2,169.0,2339,249,6119.0047
0,699,3,2,627.0,1881,249,5058.7747
0,700,1,2,205.0,2303,196,7564.3727
0,701,3,0,951.2,2428,350,8237.4797
0,702,1,1,345.4,22,4,0.2197
0,703,3,0,1079.2,2300,350,8201.5297
0,704,1,1,210.4,157,2,0.2197
0,705,3,1,275.4,92,4,0.2197
0,706,1,1,233.4,134,4,0.2197
0,707,3,1,343.4,24,4,0.2197
0,708,1,0,1169.2,2210,297,8413.4727
0,709,3,2,1143.0,1365,249,3965.5997
0,710,1,0,941.2,2438,350,6697.9197
0,711,3,0,1184.2,2195,350,8569.6597
0,712,3,2,972.0,1536,249,4028.4947
0,713,3,0,1188.2,2191,350,7965.00258
0,714,1,0,816.2,2563,247,8810.5447
0,715,3,2,1009.0,1499,196,4215.0887
0,716,1,2,657.0,1851,249,4843.1347
0,717,3,0,1404.2,1975,297,8865.6597
0,718,3,0,1427.2,1952,350,7314.8797
0,719,3,2,1175.0,1333,249,3914.6847
0,720,3,1,329.4,38,4,0.2197
0,721,1,2,1028.0,1480,194,5172.5317
0,722,3,2,1018.0,1490,247,4411.87667
0,723,1,2,255.0,2253,245,6706.0247
0,724,1,0,1332.2,2047,346,7560.6397
0,725,3,2,1446.0,1062,194,3695.7377
0,726,3,2,1039.0,1469,245,4357.9447
0,727,1,1,173.4,194,4,0.2197
0,728,1,0,1444.2,1935,346,7207.36152
0,729,3,1,329.4,38,4,0.2197
0,730,1,0,1887.2,1492,295,6419.1267
0,731,3,2,1541.0,967,194,3360.1027
0,732,1,1,353.4,14,2,0.2197
0,733,1,0,1495.2,1884,350,6602.2397
0,734,3,0,1557.2,1822,350,6602.2397
0,735,1,1,353.4,14,2,0.2197
0,736,1,0,1377.2,2002,251,6010.2197
0,737,3,0,1524.2,1855,297,6878.4167
0,738,3,0,1693.2,1686,297,7275.0217
0,739,1,1,353.4,14,2,0.2197
0,740,3,1,353.4,14,2,0.2197
0,741,1,2,1231.0,1277,249,3642.1397
0,742,1,1,353.4,14,2,0.2197
0,743,3,1,353.4,14,2,0.2197
0,744,1,2,741.0,1767,249,3672.0897
0,745,3,0,1618.2,1761,297,7785.80467
0,746,1,2,756.0,1752,249,3642.1397
0,747,1,2,772.0,1736,249,4669.4247
0,748,1,0,626.2,2753,350,9562.3397
0,749,3,1,353.4,14,2,0.2197
0,750,3,0,1505.2,1874,297,7240.8057
0,751,1,0,408.2,2971,350,8578.6847
0,752,3,0,1408.2,1971,350,6934.6147
0,753,1,1,179.4,188,4,0.2197
0,754,1,1,196.4,171,4,0.2197
0,755,3,2,1193.0,1315,249,3782.9047
0,756,1,0,354.2,3025,297,14844.2707
0,757,1,0,368.2,3011,348,14211.8547
0,758,1,1,221.4,146,4,0.2197
0,759,3,1,255.4,112,4,0.2197
0,760,3,0,1732.2,1647,297,7364.2557
0,761,3,0,1131.2,2248,350,7842.34546
0,762,3,2,1249.0,1259,249,3687.0647
0,763,1,0,584.2,2795,350,10553.0797
0,764,1,1,94.4,273,4,0.2197
0,765,1,1,245.4,122,4,0.2197
0,766,3,0,1450.2,1929,350,7165.2697
0,767,1,2,536.0,1972,196,4359.9417
0,768,3,0,1579.2,1800,350,6689.0647
0,769,1,2,536.0,1972,249,5642.7997
0,770,1,0,101.2,3278,249,10945.9797
0,771,3,0,1501.2,1878,293,8663.5097
0,772,1,0,146.2,3233,295,12570.0797
0,773,3,2,1132.0,1376,249,4037.4797
0,774,1,1,239.4,128,4,0.2197
0,775,1,1,249.4,118,4,0.2197
0,776,1,2,963.0,1545,249,4498.7097
0,777,3,0,1446.2,1933,297,7479.0267
0,778,3,1,186.4,181,4,0.2197
0,779,3,0,1597.2,1782,348,6745.9997
0,780,1,1,202.4,165,4,0.2197
0,781,3,0,1765.2,1614,297,6825.4217
0,782,3,0,1275.2,2104,346,7731.3547
0,783,1,0,1133.2,2246,247,7861.1297
0,784,3,1,223.4,144,4,0.2197
0,785,1,2,1176.0,1332,245,3947.6297
0,786,3,1,353.4,14,2,0.2197
0,787,1,1,353.4,14,2,0.2197
0,788,3,2,1541.0,967,194,3360.1027
0,789,3,2,1276.0,1232,247,3642.1397
0,790,1,2,1168.0,1340,247,3965.5997
0,791,1,1,353.4,14,2,0.2197
0,792,3,2,1540.0,968,194,3363.6357
0,793,3,1,353.4,14,2,0.2197
0,794,1,1,353.4,14,2,0.2197
0,795,3,0,1752.2,1627,297,6832.7074
0,796,3,1,353.4,14,2,0.2197
0,797,1,1,353.4,14,2,0.2197
0,798,1,1,353.4,14,2,0.2197
0,799,3,0,1542.2,1837,346,7260.0397
0,800,1,1,353.4,14,2,0.2197
0,801,1,1,345.4,22,2,0.39546
0,802,3,2,1112.0,1396,196,4056.1037
0,803,1,2,1101.0,1407,249,3642.31546
0,804,1,0,1312.2,2067,350,6715.8597
0,805,1,1,352.4,15,2,0.24167
0,806,1,2,1368.0,1140,196,3872.3877
0,807,1,2,1255.0,1253,247,3642.1397
0,808,1,2,1265.0,1243,249,3642.1397
0,809,1,1,352.4,15,2,0.24167
0,810,1,1,344.4,23,2,0.41743
0,811,3,0,1638.2,1741,350,6602.2397
0,812,3,1,353.4,14,2,0.2197
0,813,3,1,352.4,15,2,0.24167
0,814,1,0,1625.2,1754,350,6691.9397
0,815,1,2,999.0,1509,249,4396.98955
0,816,3,1,219.4,148,4,0.2197
0,817,1,2,1152.0,1356,196,4384.6727
0,818,1,0,1410.2,1969,297,7540.7377
0,819,1,2,1191.0,1317,249,3705.0347
0,820,1,0,1538.2,1841,350,6808.5547
0,821,3,1,346.4,21,4,0.2197
0,822,1,0,1621.2,1758,350,6721.8397
0,823,3,2,1268.0,1240,249,3642.1397
0,824,3,2,956.0,1552,196,4455.35467
0,825,3,0,1605.2,1774,346,6757.9297
0,826,3,1,322.4,45,4,0.35152
0,827,1,1,346.4,21,4,0.2197
0,828,1,0,688.2,2691,251,7274.1097
0,829,3,1,223.4,144,4,0.2197
0,830,1,1,251.4,116,4,0.2197
0,831,1,2,1152.0,1356,249,3977.5797
0,832,3,1,319.4,48,4,0.30758
0,833,3,2,1262.0,1246,196,3928.9157
0,834,3,2,1262.0,1246,249,3648.1297
0,835,1,1,-644.6,1012,4,0.2197
0,836,3,2,768.0,1740,249,4540.6397
0,837,1,0,344.2,3035,350,12358.3797
0,838,3,1,293.4,74,4,0.2197
0,839,3,0,1633.2,1746,297,6963.4977
0,840,3,1,321.4,46,4,0.35152
0,841,1,1,296.4,71,4,0.2197
0,842,1,2,696.0,1812,249,3788.8947
0,843,3,0,1662.2,1717,297,7139.5977
0,844,3,0,1197.2,2182,350,7416.8097
0,845,3,2,1262.0,1246,249,3648.1297
0,846,1,2,287.0,2221,249,3642.1397
0,847,3,0,1237.2,2142,350,7965.6797
0,848,1,2,410.0,2098,249,4708.3597
0,849,3,2,1120.0,1388,196,4462.3987
0,850,3,0,1097.2,2282,297,10160.4577
0,851,1,2,427.0,2081,249,5930.3197
0,852,1,2,495.0,2013,249,5960.2697
0,853,3,0,1222.2,2157,350,7952.6547
0,854,3,0,1102.2,2277,350,8099.73167
0,855,3,0,1385.2,1994,350,7368.9297
0,856,3,0,1335.2,2044,350,7623.1447
0,857,3,0,1526.2,1853,297,7620.3887
0,858,1,0,218.2,3161,350,10873.0197
0,859,1,2,970.0,1538,196,4875.7597
0,860,1,1,315.4,52,4,0.2197
0,861,1,1,209.4,158,4,0.2197
0,862,3,0,1271.2,2108,297,8877.9597
0,863,1,0,53.2,3326,350,9893.89046
0,864,3,0,975.2,2404,350,9543.0747
0,865,1,1,210.4,157,4,0.2197
0,866,1,0,288.2,3091,297,10685.1077
0,867,3,1,345.4,22,4,0.2197
0,868,1,2,699.0,1809,249,4549.6247
0,869,1,1,258.4,109,4,0.2197
0,870,3,0,1378.2,2001,297,9204.9397
0,871,1,2,877.0,1631,249,4391.1094
0,872,1,2,921.0,1587,249,4675.4147
0,873,1,2,735.0,1773,249,4235.1497
0,874,3,2,1213.0,1295,249,3800.8747
0,875,1,0,550.2,2829,247,9607.2147
0,877,1,0,433.2,2946,350,10217.2047
0,878,1,2,506.0,2002,196,4296.3477
0,879,1,2,498.0,2010,249,5912.43758
0,880,1,1,-1520.6,1888,4,0.2197
0,881,1,1,86.4,281,4,0.2197
0,882,1,2,614.0,1894,245,5630.8197
0,883,3,1,257.4,110,4,0.2197
0,884,3,2,1027.0,1481,249,4324.9997
0,885,3,1,336.4,31,4,0.2197
0,886,3,1,180.4,187,4,0.2197
0,887,1,2,944.0,1564,245,4633.55061
0,888,1,2,1029.0,1479,194,5168.9987
0,889,1,1,238.4,129,4,0.2197
0,890,3,2,1431.0,1077,196,3600.3467
0,891,3,1,347.4,20,4,0.2197
0,892,3,2,1007.0,1501,249,4121.3397
0,893,3,1,296.4,71,4,0.2197
0,894,1,1,311.4,56,4,0.2197
0,895,3,2,1261.0,1247,249,3657.1147
0,896,3,1,8.4,359,4,0.2197
0,897,1,0,1197.2,2182,346,8555.9947
0,898,3,2,1430.0,1078,196,3688.6717
0,899,3,0,1664.2,1715,251,6022.1997
0,900,3,0,1769.2,1610,297,6797.1577
0,901,1,1,353.4,14,2,0.2197
0,902,3,1,343.4,24,2,0.4394
0,903,3,1,353.4,14,2,0.2197
0,904,1,2,933.0,1575,249,3642.1397
0,905,1,0,1646.2,1733,346,6638.1197
0,906,1,0,1649.2,1730,346,6620.1797
0,907,1,2,1247.0,1261,247,3687.0647
0,908,1,0,1456.2,1923,346,7189.2597
0,909,3,2,1502.0,1006,196,3480.2247
0,910,3,0,1915.2,1464,295,6320.2027
0,911,1,2,1204.0,1304,245,3863.7697
0,912,3,0,1571.2,1808,346,6844.8347
0,913,1,2,1111.0,1397,247,4127.39561
0,914,3,1,317.4,50,4,0.2197
0,915,1,2,1541.0,967,194,3360.1027
0,916,3,1,353.4,14,2,0.2197
0,917,3,2,1501.0,1007,194,3501.4227
0,918,1,0,1652.2,1727,346,6602.2397
0,919,1,1,353.4,14,2,0.2197
0,920,1,0,1749.2,1630,249,6010.2197
0,921,3,0,1749.2,1630,249,6010.2197
0,922,3,1,353.4,14,2,0.2197
0,923,3,2,1485.0,1023,194,3557.9507
0,924,1,1,353.4,14,2,0.2197
0,925,1,0,1835.2,1544,293,6609.9087
0,926,3,0,1751.2,1628,247,6010.2197
0,927,3,2,1276.0,1232,247,3642.1397
0,928,3,0,1652.2,1727,346,6602.2397
0,929,1,1,353.4,14,2,0.2197
0,930,1,0,1652.2,1727,346,6602.2397
0,931,3,1,353.4,14,2,0.2197
0,932,1,1,353.4,14,2,0.2197
0,933,3,2,1370.0,1138,194,3929.1354
0,934,3,1,353.4,14,2,0.2197
0,935,3,1,353.4,14,2,0.2197
0,936,1,2,1541.0,967,194,3360.1027
0,937,3,1,353.4,14,2,0.2197
0,938,1,2,1207.0,1301,249,3642.1397
0,939,1,2,1266.0,1242,249,3642.1397
0,940,3,2,775.0,1733,249,3642.1397
0,941,1,0,693.2,2686,350,12151.6797
0,942,3,0,1374.2,2005,297,7154.3217
0,943,1,0,650.2,2729,350,10907.8397
0,944,3,2,1157.0,1351,196,3635.6767
0,945,1,2,390.0,2118,249,3642.1397
0,946,1,0,642.2,2737,350,12002.1797
0,947,1,1,353.4,14,2,0.2197
0,948,3,2,1169.0,1339,249,3642.1397
0,949,1,0,850.2,2529,350,10340.3697
0,950,1,2,649.0,1859,249,3687.0647
0,951,1,2,734.0,1774,249,3731.9897
0,953,3,2,1315.0,1193,196,3992.64152
0,954,3,0,677.2,2702,297,10869.38043
0,955,3,2,962.0,1546,196,4384.6727
0,956,3,2,1208.0,1300,249,3836.8147
0,957,3,2,1139.0,1369,249,4028.4947
0,958,3,2,1087.0,1421,249,4133.47349
0,959,3,2,1141.0,1367,249,4016.5147
0,960,1,2,530.0,1978,196,5653.0197
0,961,3,2,1209.0,1299,249,3800.8747
0,962,1,0,611.2,2768,346,9761.8247
0,963,3,2,1139.0,1369,249,4016.5147
0,964,1,0,618.2,2761,346,9324.50383
0,965,3,1,322.4,45,4,0.2197
0,966,3,1,330.4,37,4,0.2197
0,967,1,2,683.0,1825,196,5836.7357
0,968,1,1,213.4,154,4,0.2197
0,969,1,0,1250.2,2129,249,7040.60247
0,970,3,1,253.4,114,4,0.2197
0,971,1,0,1350.2,2029,348,7509.6947
0,972,1,0,1003.2,2376,346,8545.9947
0,973,3,2,1203.0,1305,196,4091.4337
0,974,3,2,1206.0,1302,247,3839.83167
0,975,3,0,1670.2,1709,249,6226.01349
0,976,1,1,-97.6,465,4,0.2197
0,977,3,1,204.4,163,4,0.2197
0,978,1,2,1541.0,967,194,3360.1027
0,979,1,2,1529.0,979,194,3402.4987
0,980,1,0,1593.2,1786,346,6778.9447
0,981,3,0,1650.2,1729,348,6602.2397
0,982,3,1,216.4,151,4,0.2197
0,983,1,1,278.4,89,4,0.2197
0,984,1,1,343.4,24,4,0.2197
0,985,3,0,1692.2,1687,247,6186.9247
0,986,1,1,353.4,14,2,0.2197
0,987,3,2,1408.0,1100,194,3794.8814
0,988,3,2,1352.0,1156,194,3964.64116
0,989,1,0,1749.2,1630,249,6010.2197
0,990,1,1,353.4,14,2,0.2197
0,991,3,2,1278.0,1230,245,3642.1397
0,992,1,2,1276.0,1232,247,3642.1397
0,993,1,1,353.4,14,2,0.2197
0,994,1,0,1649.2,1730,295,7259.9807
0,995,3,0,1836.2,1543,293,6606.3757
0,996,1,1,353.4,14,2,0.2197
0,997,3,1,348.4,19,2,0.32955
0,998,1,2,1276.0,1232,247,3642.1397
0,999,3,2,1276.0,1232,247,3642.1397
1,28,1,0,-1789.8,5169,289,3642.1397
1,50,1,1,-2286.6,2654,2,3642.1397
1,397,1,0,260.2,3119,243,3642.1397
1,398,1,0,251.2,3128,243,3642.1397
1,402,1,0,242.2,3137,190,3642.1397
1,406,1,0,-121.8,3501,243,3642.1397
1,414,1,2,-172.0,2680,243,3642.1397
1,415,1,2,-1779.0,4287,243,3642.1397
1,417,1,2,-212.0,2720,243,3642.1397
1,677,1,0,143.2,3236,243,3642.1397
1,678,1,0,217.2,3162,190,3642.1397
1,876,1,1,-1957.6,2325,2,3642.1397
1,952,1,0,-34.8,3414,342,3642.1397
Time: 62805, 370553, 468128, 874492
