CONFIGURATION:
{u'simulation': {u'stdev_factor': 0.01, u'power_mgmt_enabled': False, u'tasks': {u'loc': {u'mean_service_time': {u'gpu': 90, u'cpu_core': 200, u'loc_accel': 10}, u'priority': 1, u'deadline': 1000, u'stdev_service_time': {u'gpu': 0.9, u'cpu_core': 2.0, u'loc_accel': 0.1}, u'power': {u'gpu': 4.457, u'cpu_core': 6.133, u'loc_accel': 0.02197}}, u'detect': {u'mean_service_time': {u'gpu': 0.4607, u'cpu_core': 3.654, u'det_accel': 0.278}, u'priority': 2, u'deadline': 1000, u'stdev_service_time': {u'gpu': 0.004607, u'cpu_core': 0.03654, u'det_accel': 0.0027800000000000004}, u'power': {u'gpu': 90, u'cpu_core': 200, u'det_accel': 10}}, u'Frontier': {u'mean_service_time': {u'cpu_core': 396}, u'priority': 9, u'deadline': 1000, u'stdev_service_time': {u'cpu_core': 3.96}, u'power': {u'cpu_core': 5.98}}, u'track': {u'mean_service_time': {u'gpu': 17, u'tra_accel': 2, u'cpu_core': 1820}, u'priority': 3, u'deadline': 1000, u'stdev_service_time': {u'gpu': 0.17, u'tra_accel': 0.02, u'cpu_core': 18.2}, u'power': {u'gpu': 12.79, u'tra_accel': 0.59, u'cpu_core': 5.6}}, u'sp': {u'mean_service_time': {u'gpu': 379, u'cpu_core': 1004}, u'priority': 11, u'deadline': 1000, u'stdev_service_time': {u'gpu': 3.79, u'cpu_core': 10.040000000000001}, u'power': {u'gpu': 3.302, u'cpu_core': 1004}}, u'mission': {u'mean_service_time': {u'cpu_core': 0.0022}, u'priority': 5, u'deadline': 1000, u'stdev_service_time': {u'cpu_core': 2.2000000000000003e-05}, u'power': {u'cpu_core': 3.534}}, u'motion': {u'mean_service_time': {u'cpu_core': 8}, u'priority': 6, u'deadline': 1000, u'stdev_service_time': {u'cpu_core': 0.08}, u'power': {u'cpu_core': 4.222}}, u'collision': {u'mean_service_time': {u'cpu_core': 8}, u'priority': 7, u'deadline': 1000, u'stdev_service_time': {u'cpu_core': 0.08}, u'power': {u'cpu_core': 0}}, u'fusion': {u'mean_service_time': {u'cpu_core': 1}, u'priority': 4, u'deadline': 1000, u'stdev_service_time': {u'cpu_core': 0.01}, u'power': {u'cpu_core': 0}}, u'map': {u'mean_service_time': {u'gpu': 761, u'cpu_core': 973}, u'priority': 10, u'deadline': 1000, u'stdev_service_time': {u'gpu': 7.61, u'cpu_core': 9.73}, u'power': {u'gpu': 3.533, u'cpu_core': 2.995}}, u'path': {u'mean_service_time': {u'cpu_core': 8}, u'priority': 8, u'deadline': 1000, u'stdev_service_time': {u'cpu_core': 0.08}, u'power': {u'cpu_core': 0}}}, u'sched_policy_module': u'policies.ms1_update2', u'drop': True, u'servers': {u'gpu': {u'count': 2}, u'tra_accel': {u'count': 1}, u'cpu_core': {u'count': 8}, u'loc_accel': {u'count': 1}, u'det_accel': {u'count': 1}}, u'max_tasks_simulated': 10000, u'max_queue_size': 1000000, u'mean_arrival_time': 50, u'arrival_time_scale': 2.2}, u'general': {u'random_seed': 0, u'pre_gen_arrivals': False, u'basename': u'policy:ms1_update2__stdev_factor:0.01', u'output_trace_file': None, u'working_dir': u'/home/hiwot/meta-stomp2/sim_16042020_202749_new_arrival_50_map_rheftmapping_50_trace_50', u'input_trace_file': (False, '../mv_mapping_50_trace_50.trc'), u'logging_level': u'INFO'}}

/home/hiwot/meta-stomp2/sim_16042020_202749_new_arrival_50_map_rheftmapping_50_trace_50/../mv_mapping_50_trace_50.trc

Running STOMP simulation...
Dropped,DAG ID,DAG Priority,DAG Type,Slack,Response Time,No-Affinity Time,Energy
0,0,3,0,1917.2,1462,293,6320.2027
0,1,1,0,1915.2,1464,295,6320.2027
0,2,1,1,353.4,14,2,0.2197
0,3,1,2,1268.0,1240,249,3642.1397
0,5,1,1,353.4,14,2,0.2197
0,6,3,2,1178.0,1330,196,3455.4937
0,7,3,0,1528.2,1851,297,7934.7887
0,8,3,2,950.0,1558,249,3642.1397
0,9,3,2,1266.0,1242,249,3642.1397
0,10,3,0,1380.2,1999,350,6638.27349
0,11,1,1,353.4,14,2,0.2197
0,14,3,0,1416.2,1963,350,7911.8597
0,16,3,0,1561.2,1818,297,7151.84067
0,17,3,1,298.4,69,4,0.2197
0,18,3,0,1639.2,1740,297,7633.2857
0,20,3,0,1264.2,2115,350,7605.5347
0,21,3,0,1007.2,2372,297,9624.6997
0,22,3,1,151.4,216,4,0.2197
0,23,3,2,599.0,1909,196,6405.5487
0,24,3,0,918.2,2461,350,8587.98455
0,25,3,0,738.2,2641,350,8542.9697
0,26,3,2,229.0,2279,249,5669.7547
0,29,3,2,645.0,1863,196,6363.1527
0,30,3,1,236.4,131,4,0.2197
0,33,3,2,412.0,2096,249,5076.7447
0,40,3,0,1188.2,2191,350,7550.6547
0,44,3,1,218.4,149,4,0.2197
0,45,1,0,-12.8,3392,350,8521.4747
0,46,1,0,193.2,3186,350,8945.0947
0,47,1,0,297.2,3082,350,8764.5297
0,49,3,0,1800.2,1579,297,6818.1367
0,52,3,2,1056.0,1452,196,4988.8157
0,54,2,2,285.0,2223,249,4316.0147
0,55,1,0,1205.2,2174,350,7736.3747
0,56,1,2,346.0,2162,196,7355.9257
0,58,3,2,975.0,1533,249,3785.96561
0,59,3,2,942.0,1566,249,3926.6647
0,60,3,1,210.4,157,4,0.2197
0,62,3,2,719.0,1789,249,4561.6047
0,63,3,1,228.4,139,2,0.2197
0,64,1,0,973.2,2406,346,9158.2197
0,65,3,0,1604.2,1775,297,7065.6657
0,66,3,0,1418.2,1961,350,6710.0097
0,67,3,1,228.4,139,4,0.2197
0,68,3,0,1524.2,1855,350,6976.60667
0,69,3,0,1527.2,1852,346,7021.3897
0,71,1,0,1284.2,2095,346,8468.5597
0,72,1,0,1411.2,1968,293,8107.9007
0,73,3,2,1208.0,1300,249,3824.8347
0,74,3,2,1446.0,1062,194,3695.7377
0,75,1,2,1253.0,1255,245,3717.0147
0,77,3,0,1450.2,1929,247,6911.7147
0,79,3,2,1047.0,1461,247,4304.21046
0,80,3,0,1659.2,1720,247,6285.7597
0,81,2,1,222.4,145,2,0.2197
0,82,1,0,1759.2,1620,293,6878.4167
0,83,3,1,314.4,53,4,0.2197
0,84,1,1,353.4,14,2,0.2197
0,85,3,0,1915.2,1464,295,6320.2027
0,86,3,0,1648.2,1731,346,6602.32758
0,87,1,2,1278.0,1230,245,3642.1397
0,88,3,2,1278.0,1230,245,3642.1397
0,89,1,2,1541.0,967,194,3360.1027
0,90,3,0,1751.2,1628,297,6549.8477
0,91,1,0,1623.2,1756,350,6620.1797
0,92,1,0,1647.2,1732,348,6620.1797
0,93,3,1,347.4,20,2,0.35152
0,94,1,1,353.4,14,2,0.2197
0,95,1,2,1118.0,1390,249,3803.8697
0,96,1,1,353.4,14,2,0.2197
0,97,3,0,1647.2,1732,293,7553.38964
0,98,1,2,1273.0,1235,247,3642.1397
0,99,3,2,1301.0,1207,196,4091.49961
0,100,1,0,1652.2,1727,346,6602.2397
0,101,1,1,353.4,14,2,0.2197
0,102,3,0,1650.2,1729,348,6602.2397
0,103,3,0,1650.2,1729,348,6602.2397
0,104,3,1,157.4,210,4,0.2197
0,105,1,2,1130.0,1378,247,4079.4097
0,106,3,1,29.4,338,4,0.2197
0,107,1,1,16.4,351,4,0.32955
0,108,3,0,1917.2,1462,293,6320.2027
0,109,1,2,1541.0,967,194,3360.1027
0,110,1,2,1278.0,1230,245,3642.1397
0,111,3,1,353.4,14,2,0.2197
0,112,3,1,353.4,14,2,0.2197
0,113,3,1,353.4,14,2,0.2197
0,114,1,0,1780.2,1599,295,6797.1577
0,115,1,0,1649.2,1730,346,6620.1797
0,116,3,2,1190.0,1318,196,3953.6467
0,117,3,2,1266.0,1242,249,3642.1397
0,118,3,0,1650.2,1729,348,6602.2397
0,119,1,0,1650.2,1729,348,6602.2397
0,120,3,2,1278.0,1230,245,3642.1397
0,121,3,0,1652.2,1727,346,6602.2397
0,122,3,2,1276.0,1232,247,3642.1397
0,123,1,1,24.4,343,4,0.2197
0,124,1,1,214.4,153,2,0.2197
0,125,3,2,1541.0,967,194,3360.1027
0,126,1,0,1889.2,1490,297,6320.2027
0,127,3,1,353.4,14,2,0.2197
0,128,3,1,353.4,14,2,0.2197
0,129,3,0,1743.2,1636,251,6010.2197
0,130,1,1,353.4,14,2,0.2197
0,131,3,2,1177.0,1331,196,3695.7377
0,132,3,0,1637.2,1742,346,6691.9397
0,133,3,1,353.4,14,2,0.2197
0,134,3,2,1362.0,1146,196,3960.7127
0,135,1,0,1749.2,1630,249,6010.2197
0,136,3,0,1751.2,1628,247,6010.2197
0,137,1,1,353.4,14,2,0.2197
0,138,1,2,1159.0,1349,249,3642.1397
0,139,3,2,1266.0,1242,249,3642.1397
0,140,3,2,1276.0,1232,247,3642.1397
0,141,3,1,61.4,306,4,0.37349
0,142,3,1,97.4,270,4,0.2197
0,143,3,2,1146.0,1362,194,4755.6377
0,144,1,1,232.4,135,4,0.2197
0,145,1,1,310.4,57,4,0.2197
0,146,3,0,1652.2,1727,346,6602.2397
0,147,3,2,1366.0,1142,194,3978.3777
0,148,3,1,181.4,186,4,0.4394
0,149,3,0,1751.2,1628,247,6010.2197
0,150,3,0,1626.2,1753,346,6680.1097
0,151,3,0,1547.2,1832,297,7065.6657
0,152,1,2,1272.0,1236,245,3642.27152
0,153,3,1,353.4,14,2,0.2197
0,154,1,0,1207.2,2172,297,7002.0717
0,155,1,0,1467.2,1912,350,7541.0997
0,156,3,0,1637.2,1742,350,6620.1797
0,157,1,1,353.4,14,2,0.2197
0,158,1,1,353.4,14,2,0.2197
0,159,1,0,1332.2,2047,348,8503.8797
0,160,3,1,353.4,14,2,0.2197
0,161,3,1,353.4,14,2,0.2197
0,162,1,1,353.4,14,2,0.2197
0,163,3,2,1486.0,1022,196,3360.1027
0,164,1,2,1248.0,1260,247,3725.9997
0,165,1,2,1278.0,1230,245,3642.1397
0,166,3,2,1427.0,1081,196,3589.76967
0,167,1,2,1276.0,1232,247,3642.1397
0,168,1,2,1225.0,1283,247,3794.8847
0,169,3,0,1544.2,1835,346,6925.6997
0,170,1,2,1015.0,1493,247,4423.8347
0,171,1,0,1474.2,1905,293,7885.3217
0,172,1,1,214.4,153,4,0.2197
0,173,3,1,353.4,14,2,0.2197
0,174,3,0,1915.2,1464,295,6320.2027
0,175,1,2,1278.0,1230,245,3642.1397
0,176,3,1,353.4,14,2,0.2197
0,177,1,1,353.4,14,2,0.2197
0,178,1,0,1917.2,1462,293,6320.2027
0,179,1,0,1741.2,1638,247,6040.1697
0,180,3,2,1439.0,1069,194,3692.38046
0,181,1,0,1749.2,1630,249,6010.2197
0,182,1,2,1278.0,1230,245,3642.1397
0,183,1,1,353.4,14,2,0.2197
0,184,1,1,353.4,14,2,0.2197
0,185,1,1,353.4,14,2,0.2197
0,186,1,2,1360.0,1148,194,3999.5757
0,187,1,0,1751.2,1628,247,6010.2197
0,188,3,1,353.4,14,2,0.2197
0,189,3,2,1541.0,967,194,3360.1027
0,190,3,1,353.4,14,2,0.2197
0,191,1,1,353.4,14,2,0.2197
0,192,3,0,1902.2,1477,293,6373.1977
0,193,1,2,1087.0,1421,245,4214.1847
0,194,3,2,1540.0,968,194,3363.6357
0,195,3,1,353.4,14,2,0.2197
0,196,1,0,1650.2,1729,348,6602.2397
0,197,3,0,1749.2,1630,249,6010.2197
0,198,1,1,353.4,14,2,0.2197
0,199,3,2,1278.0,1230,245,3642.1397
0,200,3,1,345.4,22,2,0.39546
0,201,3,2,1541.0,967,194,3360.1027
0,202,3,1,353.4,14,2,0.2197
0,203,1,0,1892.2,1487,293,6408.5277
0,204,1,0,1749.2,1630,249,6010.2197
0,205,3,2,1278.0,1230,245,3642.1397
0,206,3,0,1749.2,1630,249,6010.2197
0,207,1,1,353.4,14,2,0.2197
0,208,1,1,353.4,14,2,0.2197
0,209,1,2,1541.0,967,194,3360.1027
0,210,1,0,1586.2,1793,346,6799.9097
0,211,1,2,1277.0,1231,245,3642.16167
0,212,3,2,1447.0,1061,194,3692.2047
0,213,1,1,353.4,14,2,0.2197
0,214,3,2,1276.0,1232,247,3642.1397
0,215,1,1,353.4,14,2,0.2197
0,216,1,2,1541.0,967,194,3360.1027
0,217,1,1,353.4,14,2,0.2197
0,218,3,1,353.4,14,2,0.2197
0,219,3,2,1541.0,967,194,3360.1027
0,220,3,1,353.4,14,2,0.2197
0,221,3,0,1745.2,1634,247,6010.35152
0,222,3,0,1749.2,1630,249,6010.2197
0,223,1,0,1749.2,1630,249,6010.2197
0,224,3,1,349.4,18,2,0.30758
0,225,1,1,350.4,17,2,0.28561
0,226,3,1,353.4,14,2,0.2197
0,227,1,1,353.4,14,2,0.2197
0,228,3,2,1362.0,1146,194,3992.5097
0,229,1,1,353.4,14,2,0.2197
0,230,3,2,1268.0,1240,245,3642.3594
0,231,1,1,353.4,14,2,0.2197
0,232,1,0,1652.2,1727,346,6602.2397
0,233,3,2,1276.0,1232,247,3642.1397
0,234,1,1,353.4,14,2,0.2197
0,235,1,0,1624.2,1755,346,6686.0997
0,236,3,2,1358.0,1150,196,3999.5757
0,237,3,2,1541.0,967,194,3360.1027
0,238,1,1,353.4,14,2,0.2197
0,239,1,0,1911.2,1468,293,6320.33452
0,240,3,2,1278.0,1230,245,3642.1397
0,241,1,2,1276.0,1232,247,3642.1397
0,242,1,0,1751.2,1628,247,6010.2197
0,243,1,2,1197.0,1311,245,3884.7347
0,244,1,1,353.4,14,2,0.2197
0,245,3,0,1809.2,1570,295,6694.7007
0,246,1,1,353.4,14,2,0.2197
0,247,3,1,353.4,14,2,0.2197
0,248,1,2,1541.0,967,194,3360.1027
0,249,3,2,1276.0,1232,247,3642.1397
0,250,1,2,1276.0,1232,247,3642.1397
0,251,3,2,1539.0,969,196,3360.1027
0,252,1,0,758.2,2621,297,6881.9497
0,253,1,1,353.4,14,2,0.2197
0,254,3,0,1620.2,1759,350,6721.8397
0,255,3,1,352.4,15,2,0.24167
0,256,1,0,1214.2,2165,350,7642.91349
0,257,3,1,353.4,14,2,0.2197
0,258,1,0,1388.2,1991,350,8043.4197
0,259,3,2,1160.0,1348,196,3861.7887
0,260,1,0,1485.2,1894,348,7588.9397
0,261,3,2,1179.0,1329,249,3642.20561
0,262,3,1,353.4,14,2,0.2197
0,263,1,2,863.0,1645,249,3800.8747
0,264,3,0,1807.2,1572,297,6745.2767
0,265,3,2,1043.0,1465,249,3642.1397
0,266,1,0,243.2,3136,350,9255.7797
0,267,3,0,1409.2,1970,346,7330.0247
0,269,3,2,1223.0,1285,194,4483.5967
0,270,3,2,1142.0,1366,245,4031.62152
0,272,3,2,1491.0,1017,194,3536.7527
0,273,1,0,1212.2,2167,350,6820.8547
0,274,2,1,38.4,329,4,0.32955
0,275,3,2,1238.0,1270,249,3731.9897
0,276,3,0,1543.2,1836,297,7986.5997
0,277,3,2,980.0,1528,249,3642.1397
0,278,3,0,1894.2,1485,293,6457.7427
0,279,3,0,1649.2,1730,346,6620.1797
0,280,1,2,1157.0,1351,249,3642.1397
0,281,1,2,1203.0,1305,249,3642.1397
0,282,1,0,1736.2,1643,251,6010.2197
0,283,1,1,180.4,187,4,0.2197
0,284,1,1,271.4,96,2,0.2197
0,285,3,0,1658.2,1721,297,7164.8094
0,286,3,1,338.4,29,4,0.2197
0,287,3,2,1278.0,1230,245,3642.1397
0,288,1,2,963.0,1545,245,4585.5647
0,289,1,0,1086.2,2293,348,8291.4197
0,290,3,2,1379.0,1129,196,3759.3317
0,291,3,2,1124.0,1384,245,4103.3697
0,292,3,1,346.4,21,4,0.2197
0,293,3,2,1270.0,1238,245,3645.28849
0,294,3,2,1541.0,967,194,3360.1027
0,295,3,0,1794.2,1585,297,6719.4317
0,296,1,2,1262.0,1246,249,3642.27152
0,297,3,0,1395.2,1984,350,6602.2397
0,298,1,1,336.4,31,4,0.2197
0,299,1,0,1146.2,2233,350,6697.9197
0,300,3,1,341.4,26,4,0.2197
0,301,1,0,1254.2,2125,251,6010.2197
0,302,1,1,353.4,14,2,0.2197
0,303,3,1,353.4,14,2,0.2197
0,304,3,0,1655.2,1724,297,7074.3677
0,305,1,1,353.4,14,2,0.2197
0,306,3,1,353.4,14,2,0.2197
0,307,3,2,1257.0,1251,249,3642.1397
0,308,3,1,353.4,14,2,0.2197
0,309,1,1,353.4,14,2,0.2197
0,310,3,2,1536.0,972,196,3360.1027
0,311,3,2,1260.0,1248,249,3642.22758
0,312,3,1,264.4,103,4,0.2197
0,313,2,2,1251.0,1257,249,3642.1397
0,314,1,0,1652.2,1727,346,6602.2397
0,315,1,2,1173.0,1335,245,3956.6147
0,316,3,1,261.4,106,4,0.2197
0,317,1,0,1164.2,2215,297,7955.9817
0,318,3,2,1456.0,1052,194,3660.4077
0,319,1,0,1325.2,2054,350,7533.5647
0,320,1,0,1360.2,2019,350,7449.6847
0,321,1,2,530.0,1978,249,4402.8697
0,323,3,1,280.4,87,4,0.2197
0,324,1,0,528.2,2851,350,6856.7647
0,325,1,0,536.2,2843,350,6994.5547
0,326,1,1,353.4,14,2,0.2197
0,327,1,2,1539.0,969,194,3360.1027
0,328,1,0,1276.2,2103,297,8777.1437
0,329,3,0,1483.2,1896,350,6662.0397
0,330,1,2,569.0,1939,249,3642.3594
0,331,3,2,931.0,1577,249,3956.6147
0,332,3,1,263.4,104,4,0.2197
0,333,3,1,313.4,54,4,0.2197
0,334,3,2,1113.0,1395,249,4100.3747
0,335,3,1,128.4,239,4,0.2197
0,336,1,2,1071.0,1437,245,4262.1047
0,337,1,2,1138.0,1370,249,3863.7697
0,338,1,1,285.4,82,4,0.2197
0,339,3,0,1808.2,1571,293,6915.7417
0,340,3,2,1374.0,1134,196,3600.3467
0,341,3,0,1596.2,1783,251,6192.9147
0,342,3,0,1372.2,2007,350,6883.7697
0,343,3,2,761.0,1747,249,5148.6247
0,345,1,0,333.2,3046,350,9396.9297
0,346,3,0,1627.2,1752,297,6981.9737
0,347,3,0,1562.2,1817,297,7423.9717
0,348,1,1,232.4,135,4,0.2197
0,349,3,2,1264.0,1244,249,3642.1397
0,350,3,0,1428.2,1951,350,6644.0997
0,351,2,0,1366.2,2013,350,7403.5597
0,352,1,0,1400.2,1979,297,8115.2697
0,353,3,2,1077.0,1431,196,4395.2717
0,354,3,2,996.0,1512,249,4016.5147
0,355,1,0,1571.2,1808,348,6847.7997
0,356,3,1,308.4,59,4,0.2197
0,357,3,0,1544.2,1835,350,6922.6747
0,358,3,0,1390.2,1989,346,7386.9297
0,359,3,2,955.0,1553,196,5395.28646
0,360,3,2,1087.0,1421,247,4208.1947
0,361,3,2,1232.0,1276,247,3773.9197
0,362,1,2,1540.0,968,194,3360.1027
0,363,1,2,893.0,1615,247,4765.44046
0,364,3,2,1226.0,1282,247,3791.8897
0,365,3,0,1795.2,1584,293,6751.2287
0,366,3,1,353.4,14,2,0.2197
0,367,3,2,1424.0,1084,194,3773.4637
0,368,1,1,353.4,14,2,0.2197
0,369,1,1,351.4,16,4,0.2197
0,370,1,1,353.4,14,2,0.2197
0,371,3,0,1741.2,1638,251,6010.2197
0,373,3,1,346.4,21,2,0.37349
0,374,3,1,353.4,14,2,0.2197
0,377,3,2,1269.0,1239,249,3642.1397
0,379,3,0,1482.2,1897,350,7355.7197
0,380,1,1,353.4,14,2,0.2197
0,381,3,1,353.4,14,2,0.2197
0,384,3,0,1354.2,2025,350,7325.8197
0,386,3,0,1511.2,1868,297,7874.5177
0,388,3,1,252.4,115,4,0.39546
0,390,3,0,1523.2,1856,350,6955.1697
0,392,3,0,1709.2,1670,297,7126.8547
0,393,3,2,770.0,1738,249,5121.6697
0,394,3,0,368.2,3011,350,11904.3797
0,395,3,1,23.4,344,4,0.2197
0,400,3,0,1059.2,2320,297,9033.0527
0,401,3,2,399.0,2109,196,5176.0647
0,404,3,2,743.0,1765,249,5148.6247
0,405,3,0,886.2,2493,350,8108.71667
0,409,3,0,967.2,2412,350,8502.3247
0,410,3,1,204.4,163,4,0.2197
0,413,3,0,934.2,2445,297,10560.5957
0,416,3,2,1260.0,1248,196,4126.82961
0,418,3,2,743.0,1765,249,5223.4997
0,420,3,2,899.0,1609,249,4753.30667
0,421,3,2,-189.0,2697,249,5103.6997
0,423,3,1,252.4,115,4,0.2197
0,424,3,0,832.2,2547,293,10694.2947
0,426,1,2,535.0,1973,249,4861.1047
0,427,1,2,585.0,1923,249,4705.3647
0,428,3,2,977.0,1531,196,4713.35155
0,430,3,2,1079.0,1429,249,4202.2047
0,431,3,1,276.4,91,4,0.2197
0,432,3,1,327.4,40,4,0.2197
0,435,1,0,1591.2,1788,346,6811.7997
0,437,3,1,-335.6,703,4,0.2197
0,439,3,1,-211.6,579,4,0.2197
0,440,1,2,1079.0,1429,194,4992.3487
0,441,1,2,934.0,1574,247,4666.4297
0,442,1,2,690.0,1818,247,5397.2097
0,443,1,0,1194.2,2185,247,7678.4347
0,444,3,2,1260.0,1248,194,4352.8757
0,445,1,0,1206.2,2173,346,7938.0097
0,446,3,1,353.4,14,2,0.2197
0,447,2,0,1862.2,1517,293,6514.5177
0,448,1,0,1915.2,1464,295,6320.2027
0,449,3,0,1751.2,1628,247,6010.2197
0,450,1,1,353.4,14,2,0.2197
0,451,3,2,1278.0,1230,245,3642.1397
0,452,3,1,349.4,18,2,0.30758
0,453,1,2,1276.0,1232,247,3642.1397
0,454,1,1,353.4,14,2,0.2197
0,455,3,1,353.4,14,2,0.2197
0,456,1,2,1541.0,967,194,3360.1027
0,457,3,2,1541.0,967,194,3360.1027
0,458,1,1,353.4,14,2,0.2197
0,459,1,0,1733.2,1646,249,6010.57122
0,460,3,0,1745.2,1634,247,6010.35152
0,461,3,1,353.4,14,2,0.2197
0,462,3,2,1268.0,1240,249,3642.1397
0,463,3,0,1650.2,1729,348,6602.2397
0,464,1,0,1650.2,1729,348,6602.2397
0,465,3,2,1387.0,1121,194,3904.1847
0,466,3,1,353.4,14,2,0.2197
0,467,1,2,1541.0,967,194,3360.1027
0,468,1,0,1652.2,1727,346,6602.2397
0,469,3,2,1276.0,1232,247,3642.1397
0,470,3,0,1652.2,1727,346,6602.2397
0,471,3,1,334.4,33,4,0.2197
0,472,3,1,353.4,14,2,0.2197
0,473,3,0,1917.2,1462,293,6320.2027
0,474,3,2,1541.0,967,194,3360.1027
0,475,3,2,1278.0,1230,245,3642.1397
0,476,3,1,353.4,14,2,0.2197
0,477,3,2,1278.0,1230,245,3642.1397
0,478,3,2,1276.0,1232,247,3642.1397
0,479,1,0,1782.2,1597,293,6797.1577
0,480,1,2,1340.0,1168,194,4070.2357
0,481,1,2,1273.0,1235,247,3642.1397
0,482,3,2,1278.0,1230,245,3642.1397
0,483,1,1,353.4,14,2,0.2197
0,484,3,0,1531.2,1848,251,6010.2197
0,485,3,1,351.4,16,4,0.2197
0,486,1,0,1529.2,1850,251,6010.2197
0,487,3,0,1613.2,1766,297,7002.0717
0,488,1,2,1278.0,1230,245,3642.1397
0,489,1,0,1791.2,1588,293,7073.6827
0,490,3,2,1257.0,1251,249,3642.1397
0,491,3,1,349.4,18,2,0.30758
0,492,1,2,1255.0,1253,249,3642.1397
0,493,1,1,348.4,19,4,0.2197
0,494,1,1,353.4,14,2,0.2197
0,495,1,1,353.4,14,2,0.2197
0,496,1,2,1276.0,1232,247,3642.1397
0,497,3,2,1380.0,1128,194,3928.9157
0,498,3,0,1723.2,1656,293,7005.6047
0,499,3,2,1276.0,1232,247,3642.1397
0,500,3,0,1747.2,1632,251,6010.2197
0,501,3,2,1098.0,1410,247,4175.2497
0,502,1,1,131.4,236,4,0.2197
0,503,1,2,1209.0,1299,247,3839.83167
0,504,3,2,1273.0,1235,247,3651.1247
0,505,1,0,1650.2,1729,348,6602.2397
0,506,3,0,1707.2,1672,293,7062.1327
0,507,1,1,353.4,14,2,0.2197
0,508,3,1,353.4,14,2,0.2197
0,509,1,2,1541.0,967,194,3360.1027
0,510,3,2,1276.0,1232,247,3642.1397
0,511,3,2,1541.0,967,194,3360.1027
0,512,1,0,1917.2,1462,293,6320.2027
0,513,3,1,353.4,14,2,0.2197
0,514,3,2,1278.0,1230,245,3642.1397
0,515,1,0,1652.2,1727,346,6602.2397
0,516,1,2,1276.0,1232,247,3642.1397
0,517,3,2,1276.0,1232,247,3642.1397
0,518,1,1,353.4,14,2,0.2197
0,519,3,1,353.4,14,2,0.2197
0,520,3,1,353.4,14,2,0.2197
0,521,1,0,1857.2,1522,293,6532.1827
0,522,3,1,353.4,14,2,0.2197
0,523,3,2,1541.0,967,194,3360.1027
0,524,1,0,1498.2,1881,350,6602.34955
0,525,1,1,353.4,14,2,0.2197
0,526,1,0,1734.2,1645,251,6010.2197
0,527,3,1,353.4,14,2,0.2197
0,528,3,1,353.4,14,2,0.2197
0,529,1,1,353.4,14,2,0.2197
0,530,1,1,353.4,14,2,0.2197
0,531,3,0,1911.2,1468,293,6356.0827
0,532,1,1,343.4,24,2,0.4394
0,533,3,2,1541.0,967,194,3360.1027
0,534,1,2,1268.0,1240,249,3642.1397
0,535,3,2,1278.0,1230,245,3642.1397
0,536,3,2,1276.0,1232,247,3642.1397
0,537,1,1,353.4,14,2,0.2197
0,538,1,0,1707.2,1672,251,6010.2197
0,539,1,0,1732.2,1647,251,6010.2197
0,540,3,0,1737.2,1642,251,6010.30758
0,542,1,2,1079.0,1429,196,3589.7477
0,543,1,0,1547.2,1832,297,6643.1227
0,544,1,0,1489.2,1890,346,7576.9797
0,545,1,2,886.0,1622,249,3642.1397
0,546,1,1,311.4,56,4,0.2197
0,547,1,0,1649.2,1730,346,6620.1797
0,548,1,2,1149.0,1359,249,3965.5997
0,549,1,2,1218.0,1290,249,3642.1397
0,550,3,2,1313.0,1195,196,3550.8847
0,551,3,1,16.4,351,4,0.2197
0,552,1,0,1685.2,1694,295,7132.7927
0,553,1,2,1275.0,1233,247,3642.16167
0,554,1,2,1276.0,1232,247,3642.1397
0,555,3,0,1637.2,1742,346,6647.1647
0,556,3,0,1631.2,1748,295,7323.5747
0,557,1,1,-116.6,484,4,0.2197
0,559,3,2,1221.0,1287,245,3812.8547
0,560,1,2,1379.0,1129,194,3932.4487
0,561,3,1,346.4,21,4,0.2197
0,562,2,0,1648.2,1731,346,6614.2197
0,563,1,2,1276.0,1232,247,3642.1397
0,564,3,1,353.4,14,2,0.2197
0,565,1,1,353.4,14,2,0.2197
0,566,1,1,353.4,14,2,0.2197
0,567,3,0,1828.2,1551,293,6634.6397
0,568,3,1,353.4,14,2,0.2197
0,569,1,2,1276.0,1232,247,3642.1397
0,570,1,1,353.4,14,2,0.2197
0,571,3,1,353.4,14,2,0.2197
0,572,3,1,353.4,14,2,0.2197
0,573,1,1,353.4,14,2,0.2197
0,574,3,0,1915.2,1464,295,6320.2027
0,575,1,2,1541.0,967,194,3360.1027
0,576,1,2,1278.0,1230,245,3642.1397
0,577,1,2,1276.0,1232,247,3642.1397
0,578,1,2,1276.0,1232,247,3642.1397
0,579,3,2,1276.0,1232,247,3642.1397
0,580,3,2,1276.0,1232,247,3642.1397
0,581,1,1,353.4,14,2,0.2197
0,582,1,1,353.4,14,2,0.2197
0,583,1,2,1481.0,1027,194,3572.0827
0,584,1,2,1483.0,1025,194,3565.0167
0,585,3,1,353.4,14,2,0.2197
0,586,3,1,353.4,14,2,0.2197
0,587,3,0,1751.2,1628,247,6010.2197
0,588,3,1,353.4,14,2,0.2197
0,589,3,0,1850.2,1529,295,6521.75946
0,590,3,1,353.4,14,2,0.2197
0,591,3,2,1541.0,967,194,3360.1027
0,592,3,2,1268.0,1240,245,3642.3594
0,593,3,1,351.4,16,2,0.26364
0,594,3,1,343.4,24,2,0.4394
0,595,1,1,353.4,14,2,0.2197
0,596,1,2,1469.0,1039,194,3614.4787
0,597,1,0,1751.2,1628,247,6010.2197
0,598,1,2,1278.0,1230,245,3642.1397
0,599,1,0,1652.2,1727,346,6602.2397
0,600,3,1,353.4,14,2,0.2197
0,601,1,0,1167.2,2212,297,6320.2027
0,602,1,0,1310.2,2069,251,6010.2197
0,603,1,2,537.0,1971,249,3642.1397
0,604,1,2,616.0,1892,196,4077.3017
0,605,1,1,353.4,14,2,0.2197
0,606,1,1,353.4,14,2,0.2197
0,607,1,1,353.4,14,2,0.2197
0,608,1,2,1230.0,1278,196,3360.1027
0,609,1,2,1232.0,1276,249,3642.24955
0,610,1,0,1643.2,1736,348,6608.35152
0,611,3,1,353.4,14,2,0.2197
0,612,1,0,1749.2,1630,249,6010.2197
0,613,1,2,1276.0,1232,247,3642.1397
0,614,1,2,1173.0,1335,245,3956.6147
0,615,3,2,1412.0,1096,194,3815.8597
0,616,1,2,1236.0,1272,247,3761.9397
0,617,1,2,1275.0,1233,245,3651.1247
0,618,3,2,1138.0,1370,194,4783.9017
0,619,1,0,1534.2,1845,247,6660.1347
0,620,3,1,286.4,81,4,0.2197
0,621,1,2,1541.0,967,194,3360.1027
0,622,1,0,1592.2,1787,249,6480.4347
0,623,1,0,1749.2,1630,249,6010.2197
0,624,3,0,1873.2,1506,297,6461.5227
0,625,1,0,1749.2,1630,249,6010.2197
0,626,1,2,1276.0,1232,247,3642.1397
0,627,3,2,1274.0,1234,249,3642.1397
0,628,3,2,1362.0,1146,194,3992.5097
0,629,3,1,353.4,14,2,0.2197
0,630,1,1,353.4,14,2,0.2197
0,631,1,1,353.4,14,2,0.2197
0,632,3,0,1717.2,1662,295,6320.2027
0,633,3,0,1907.2,1472,297,6320.2027
0,634,3,0,1649.2,1730,346,6620.1797
0,635,1,2,1278.0,1230,245,3642.1397
0,636,3,0,1652.2,1727,346,6602.2397
0,637,3,1,353.4,14,2,0.2197
0,638,3,2,1276.0,1232,247,3642.1397
0,639,3,1,353.4,14,2,0.2197
0,640,1,1,353.4,14,2,0.2197
0,641,1,1,352.4,15,2,0.24167
0,642,1,2,1541.0,967,194,3360.1027
0,643,1,0,1912.2,1467,293,6337.8677
0,644,1,0,1638.2,1741,350,6602.2397
0,645,3,0,1648.2,1731,350,6602.2397
0,646,3,0,1735.2,1644,251,6022.1997
0,647,1,1,212.4,155,4,0.2197
0,648,1,1,353.4,14,2,0.2197
0,649,1,2,1536.0,972,194,3377.7677
0,651,1,1,353.4,14,2,0.2197
0,653,3,0,1615.2,1764,350,6763.6997
0,655,1,1,353.4,14,2,0.2197
0,656,3,0,1449.2,1930,350,6620.1797
0,658,3,2,1089.0,1419,196,4462.6184
0,660,3,0,1603.2,1776,297,7423.3377
0,661,3,2,1148.0,1360,249,3642.1397
0,662,3,0,1268.2,2111,350,7638.4797
0,663,3,0,1168.2,2211,350,7644.4697
0,665,3,1,53.4,314,4,0.2197
0,667,3,2,1130.0,1378,196,3752.2657
0,668,3,2,1247.0,1261,196,4049.0377
0,670,3,1,264.4,103,4,0.2197
0,671,3,1,307.4,60,4,0.2197
0,673,3,1,223.4,144,4,0.2197
0,674,3,2,903.0,1605,249,3761.9397
0,676,3,2,1143.0,1365,249,4010.5247
0,679,3,1,263.4,104,4,0.2197
0,680,3,0,1164.2,2215,297,9546.6107
0,681,3,2,949.0,1559,196,4126.7637
0,682,3,0,1186.2,2193,350,8338.12758
0,683,3,0,1175.2,2204,350,8529.2297
0,684,3,0,962.2,2417,350,9659.66364
0,685,3,2,627.0,1881,249,4968.9247
0,687,3,1,232.4,135,4,0.2197
0,689,3,0,1227.2,2152,297,8748.4877
0,690,3,2,728.0,1780,196,6006.38561
0,691,3,2,670.0,1838,249,5211.5197
0,692,2,2,-2736.0,5244,249,7014.5097
0,693,3,2,283.0,2225,196,7235.8037
0,694,3,2,353.0,2155,249,6376.5747
0,695,3,0,832.2,2547,297,10248.1437
0,697,3,2,512.0,1996,249,5388.2247
0,699,3,2,343.0,2165,249,5960.2697
0,701,3,0,949.2,2430,350,8692.6997
0,703,3,0,725.2,2654,350,8605.8647
0,705,3,1,65.4,302,4,0.2197
0,707,3,1,345.4,22,4,0.2197
0,708,1,0,256.2,3123,350,8552.7597
0,709,3,2,931.0,1577,249,3950.6247
0,710,2,0,714.2,2665,297,6457.7427
0,711,3,0,1223.2,2156,350,7632.4897
0,712,3,2,839.0,1669,249,4624.4997
0,713,3,0,1054.2,2325,297,9078.32858
0,714,1,0,612.2,2767,346,10854.3247
0,715,3,2,1190.0,1318,249,3869.7597
0,716,1,2,383.0,2125,245,6322.6647
0,717,3,0,1525.2,1854,297,8068.9447
0,718,3,0,1513.2,1866,350,7009.4897
0,719,3,2,1060.0,1448,249,4253.1197
0,720,3,1,327.4,40,4,0.2197
0,721,1,2,842.0,1666,245,4947.9597
0,722,3,2,1037.0,1471,194,5137.22367
0,723,1,2,283.0,2225,247,6616.1747
0,724,1,0,1324.2,2055,346,7584.5997
0,725,3,2,1421.0,1087,194,3784.0627
0,726,3,2,936.0,1572,245,4666.4297
0,728,1,0,1423.2,1956,293,8044.43852
0,729,3,1,353.4,14,2,0.2197
0,730,1,0,1586.2,1793,247,6504.3947
0,731,3,2,1539.0,969,194,3367.1687
0,732,1,1,353.4,14,2,0.2197
0,733,1,0,-2667.8,6047,350,6602.2397
0,734,3,0,1557.2,1822,350,6602.2397
0,735,1,1,353.4,14,2,0.2197
0,737,3,0,1538.2,1841,297,6878.4167
0,738,3,0,1310.2,2069,297,7270.1277
0,739,1,1,353.4,14,2,0.2197
0,740,3,1,353.4,14,2,0.2197
0,742,1,1,353.4,14,2,0.2197
0,743,3,1,353.4,14,2,0.2197
0,745,3,0,1619.2,1760,297,7714.04467
0,749,3,1,353.4,14,2,0.2197
0,750,3,0,1783.2,1596,297,6859.1717
0,752,3,0,1272.2,2107,350,8154.5347
0,755,3,2,1165.0,1343,249,3767.9297
0,759,3,1,255.4,112,4,0.2197
0,760,3,0,1739.2,1640,297,7317.5017
0,761,3,0,1089.2,2290,350,6916.88046
0,762,3,2,740.0,1768,249,5100.7047
0,766,3,0,1445.2,1934,350,7207.1797
0,768,3,0,1377.2,2002,350,6647.1347
0,770,1,0,657.2,2722,295,9947.5777
0,771,3,0,1479.2,1900,297,8730.3757
0,772,1,0,538.2,2841,346,10932.6747
0,773,3,2,897.0,1611,249,4678.4097
0,777,3,0,1347.2,2032,297,8502.3337
0,778,3,1,193.4,174,4,0.2197
0,779,3,0,1504.2,1875,350,6757.9097
0,781,3,0,1509.2,1870,346,7263.3547
0,782,3,0,1277.2,2102,348,7719.3747
0,783,1,0,1186.2,2193,295,8895.7597
0,784,3,1,99.4,268,4,0.2197
0,785,1,2,1195.0,1313,247,3884.7347
0,786,3,1,269.4,98,4,0.2197
0,788,3,2,1541.0,967,194,3360.1027
0,789,3,2,1260.0,1248,247,3690.0597
0,790,1,2,1032.0,1476,247,4372.9197
0,791,2,1,353.4,14,2,0.2197
0,792,3,2,1540.0,968,194,3363.6357
0,793,3,1,353.4,14,2,0.2197
0,794,1,1,353.4,14,2,0.2197
0,795,3,0,1752.2,1627,297,6832.7074
0,796,3,1,353.4,14,2,0.2197
0,797,1,1,353.4,14,2,0.2197
0,798,1,1,353.4,14,2,0.2197
0,799,3,0,1542.2,1837,346,7260.0397
0,800,1,1,353.4,14,2,0.2197
0,801,1,1,345.4,22,2,0.39546
0,802,3,2,1112.0,1396,196,4056.1037
0,803,1,2,878.0,1630,249,3642.31546
0,804,1,0,-5473.8,8853,350,6620.1797
0,805,1,1,352.4,15,2,0.24167
0,806,1,2,1140.0,1368,196,3872.3877
0,807,1,2,1228.0,1280,249,3642.1397
0,808,1,2,1249.0,1259,249,3642.1397
0,809,1,1,352.4,15,2,0.24167
0,810,1,1,344.4,23,2,0.41743
0,811,3,0,1202.2,2177,350,6602.2397
0,812,3,1,353.4,14,2,0.2197
0,813,3,1,352.4,15,2,0.24167
0,816,3,1,219.4,148,4,0.2197
0,821,3,1,344.4,23,4,0.2197
0,823,3,2,1169.0,1339,249,3642.1397
0,824,3,2,1175.0,1333,249,3920.69667
0,825,3,0,1345.2,2034,350,6716.0197
0,826,3,1,54.4,313,4,0.35152
0,829,3,1,220.4,147,4,0.2197
0,832,3,1,322.4,45,4,0.30758
0,833,3,2,1236.0,1272,196,3928.9157
0,834,3,2,1237.0,1271,249,3725.9997
0,836,3,2,980.0,1528,249,4109.3597
0,838,3,1,290.4,77,4,0.2197
0,839,3,0,1604.2,1775,297,6975.4577
0,840,3,1,324.4,43,4,0.35152
0,843,3,0,1398.2,1981,297,7713.6777
0,844,3,0,1417.2,1962,350,7822.3297
0,845,3,2,1117.0,1391,249,3657.1147
0,847,3,0,1385.2,1994,297,8091.4057
0,849,3,2,1041.0,1467,249,4097.3797
0,850,3,0,1558.2,1821,350,6856.7647
0,853,3,0,1474.2,1905,297,8177.2047
0,854,3,0,1469.2,1910,350,7403.95167
0,855,3,0,640.2,2739,297,10399.1727
0,856,3,0,1047.2,2332,350,7680.4097
0,857,3,0,1231.2,2148,350,8522.6797
0,862,3,0,1395.2,1984,297,8136.4397
0,864,3,0,1132.2,2247,350,8269.9447
0,867,3,1,178.4,189,4,0.2197
0,870,3,0,1720.2,1659,297,6902.6397
0,874,3,2,918.0,1590,249,4357.9447
0,875,1,0,685.2,2694,350,9258.4247
0,877,1,0,841.2,2538,295,10275.08267
0,878,1,2,192.0,2316,249,6017.1747
0,879,1,2,197.0,2311,249,6178.99258
0,882,1,2,514.0,1994,249,5508.0247
0,883,3,1,300.4,67,4,0.2197
0,884,3,2,875.0,1633,249,3714.0197
0,885,3,1,268.4,99,4,0.2197
0,886,3,1,304.4,63,4,0.2197
0,887,1,2,698.0,1810,196,5843.86761
0,888,1,2,889.0,1619,249,4726.3297
0,890,3,2,1259.0,1249,249,3672.0897
0,891,3,1,292.4,75,4,0.2197
0,892,3,2,1276.0,1232,245,3648.1297
0,893,3,1,40.4,327,4,0.2197
0,895,3,2,1122.0,1386,245,4109.3597
0,896,3,1,250.4,117,4,0.2197
0,897,1,0,1196.2,2183,346,8158.9997
0,898,3,2,1448.0,1060,194,3688.6717
0,899,3,0,1663.2,1716,297,7175.1887
0,900,3,0,1517.2,1862,346,7278.1997
0,901,2,1,121.4,246,4,0.2197
0,902,3,1,249.4,118,4,0.4394
0,903,3,1,295.4,72,4,0.2197
0,904,2,2,1100.0,1408,249,3645.1347
0,905,1,0,1650.2,1729,346,6614.1997
0,906,1,0,1749.2,1630,249,6010.2197
0,907,1,2,1268.0,1240,249,3642.1397
0,908,1,0,1652.2,1727,346,6602.2397
0,909,3,2,1507.0,1001,194,3480.2247
0,910,3,0,1915.2,1464,295,6320.2027
0,911,1,2,1160.0,1348,245,3995.5497
0,912,3,0,1483.2,1896,346,7108.3947
0,913,1,2,1159.0,1349,194,4699.17561
0,914,3,1,332.4,35,4,0.2197
0,915,1,2,1223.0,1285,245,3806.8647
0,916,3,1,353.4,14,2,0.2197
0,917,3,2,1501.0,1007,194,3501.4227
0,918,1,0,1652.2,1727,346,6602.2397
0,919,1,1,353.4,14,2,0.2197
0,920,1,0,1749.2,1630,249,6010.2197
0,921,3,0,1749.2,1630,249,6010.2197
0,922,3,1,353.4,14,2,0.2197
0,923,3,2,1541.0,967,194,3360.1027
0,924,1,1,353.4,14,2,0.2197
0,925,1,0,1835.2,1544,293,6609.9087
0,926,3,0,1751.2,1628,247,6010.2197
0,927,3,2,1276.0,1232,247,3642.1397
0,928,3,0,1652.2,1727,346,6602.2397
0,929,1,1,353.4,14,2,0.2197
0,930,1,0,1652.2,1727,346,6602.2397
0,931,3,1,353.4,14,2,0.2197
0,932,1,1,353.4,14,2,0.2197
0,933,3,2,1426.0,1082,194,3731.2874
0,934,3,1,353.4,14,2,0.2197
0,935,3,1,353.4,14,2,0.2197
0,936,1,2,1541.0,967,194,3360.1027
0,937,3,1,353.4,14,2,0.2197
0,938,1,2,1149.0,1359,249,3642.1397
0,939,1,2,1208.0,1300,249,3642.1397
0,940,3,2,1264.0,1244,249,3642.1397
0,942,3,0,1475.2,1904,297,7692.0137
0,944,3,2,1109.0,1399,196,3635.6767
0,947,1,1,353.4,14,2,0.2197
0,948,3,2,1264.0,1244,249,3642.1397
0,952,1,0,-54.8,3434,350,9454.6997
0,953,3,2,1283.0,1225,196,3794.79352
0,954,3,0,1169.2,2210,297,8881.21043
0,955,3,2,599.0,1909,249,4651.4547
0,956,3,2,877.0,1631,249,4813.1847
0,957,3,2,725.0,1783,249,4777.2447
0,958,3,2,731.0,1777,249,5223.65349
0,959,3,2,791.0,1717,196,5861.4667
0,961,3,2,897.0,1611,249,4534.6497
0,962,1,0,815.2,2564,293,10250.2737
0,963,3,2,938.0,1570,249,4624.4997
0,964,1,0,582.2,2797,346,9806.92561
0,965,3,1,338.4,29,4,0.2197
0,966,3,1,346.4,21,4,0.2197
0,967,1,2,458.0,2050,249,5654.7797
0,969,1,0,812.2,2567,346,9118.0397
0,970,3,1,189.4,178,4,0.2197
0,971,1,0,1245.2,2134,348,7815.2147
0,972,1,0,1278.2,2101,249,7420.8647
0,973,3,2,1324.0,1184,196,4091.4337
0,974,3,2,1205.0,1303,249,3821.86167
0,975,3,0,1673.2,1706,247,6223.01849
0,977,3,1,125.4,242,4,0.2197
0,978,1,2,1541.0,967,194,3360.1027
0,979,1,2,1529.0,979,194,3402.4987
0,980,2,0,1751.2,1628,247,6010.2197
0,981,3,0,1751.2,1628,247,6010.2197
0,982,3,1,353.4,14,2,0.2197
0,983,1,1,353.4,14,2,0.2197
0,984,1,1,353.4,14,2,0.2197
0,985,3,0,1745.2,1634,293,6927.8787
0,986,1,1,353.4,14,2,0.2197
0,987,3,2,1350.0,1158,194,3999.7954
0,988,3,2,1260.0,1248,245,3642.53516
0,989,1,0,1751.2,1628,247,6010.2197
0,990,1,1,353.4,14,2,0.2197
0,991,3,2,1276.0,1232,247,3642.1397
0,992,1,2,1276.0,1232,247,3642.1397
0,993,1,1,353.4,14,2,0.2197
0,994,1,0,1649.2,1730,295,7259.9807
0,995,3,0,1836.2,1543,293,6606.3757
0,996,1,1,353.4,14,2,0.2197
0,997,3,1,348.4,19,2,0.32955
0,998,1,2,1276.0,1232,247,3642.1397
0,999,3,2,1276.0,1232,247,3642.1397
1,4,1,0,-3304.8,6684,348,3642.1397
1,12,1,2,-3428.0,5936,247,3642.1397
1,13,1,0,-2529.8,5909,348,3642.1397
1,15,1,0,-2522.8,5902,348,3642.1397
1,19,1,1,-5258.6,5626,2,3642.1397
1,27,1,1,-4790.6,5158,2,3642.1397
1,28,1,0,-1689.8,5069,348,3642.1397
1,31,1,2,-2042.0,4550,247,3642.1397
1,32,1,0,-1179.8,4559,295,3642.1397
1,34,1,1,-3644.6,4012,2,3642.1397
1,35,1,1,-3489.6,3857,2,3642.1397
1,36,1,1,-3468.6,3836,2,3642.1397
1,37,1,0,-466.8,3846,348,3642.1397
1,38,1,2,-1295.0,3803,247,3642.1397
1,39,1,2,-1287.0,3795,247,3642.1397
1,41,1,0,-353.8,3733,348,3642.1397
1,42,1,2,-911.0,3419,194,3642.1397
1,43,1,1,-2980.6,3348,2,3642.1397
1,48,1,2,-462.0,2970,194,3642.1397
1,50,1,1,-2300.6,2668,2,3642.1397
1,51,1,1,-1953.6,2321,2,3642.1397
1,53,1,1,-1794.6,2162,2,3642.1397
1,57,1,1,-1499.6,1867,2,3642.1397
1,61,1,1,-1076.6,1444,2,3642.1397
1,70,1,1,-399.6,767,2,3642.1397
1,76,1,1,-397.6,765,2,3642.1397
1,78,1,1,-193.6,561,2,3642.1397
1,268,1,1,-739.6,1107,2,3642.1397
1,271,1,1,-501.6,869,2,3642.1397
1,322,1,1,-208.6,576,2,3642.1397
1,344,1,2,-668.0,3176,247,3642.1397
1,372,1,0,-3620.8,7000,249,3642.1397
1,375,1,0,-2820.8,6200,295,3642.1397
1,376,1,0,-2794.8,6174,295,3642.1397
1,378,1,2,-3595.0,6103,247,3642.1397
1,382,1,0,-2589.8,5969,348,3642.1397
1,383,1,2,-3366.0,5874,247,3642.1397
1,385,1,2,-3246.0,5754,247,3642.1397
1,387,1,1,-5165.6,5533,2,3642.1397
1,389,1,2,-3047.0,5555,247,3642.1397
1,391,1,1,-5052.6,5420,2,3642.1397
1,396,1,2,-3803.0,6311,243,3642.1397
1,397,1,0,-1716.8,5096,348,3642.1397
1,398,1,0,-1718.8,5098,348,3642.1397
1,399,1,2,-2474.0,4982,243,3642.1397
1,402,1,0,-1255.8,4635,348,3642.1397
1,403,1,1,-4038.6,4406,2,3642.1397
1,406,1,0,-913.8,4293,348,3642.1397
1,407,1,2,-1564.0,4072,243,3642.1397
1,408,1,2,-1424.0,3932,243,3642.1397
1,411,1,1,-3539.6,3907,2,3642.1397
1,412,1,1,-3460.6,3828,2,3642.1397
1,414,1,2,-1104.0,3612,194,3642.1397
1,415,1,2,-1109.0,3617,194,3642.1397
1,417,1,2,-1027.0,3535,247,3642.1397
1,419,1,1,-2727.6,3095,2,3642.1397
1,422,1,2,-301.0,2809,247,3642.1397
1,425,1,1,-1872.6,2240,2,3642.1397
1,429,1,1,-1480.6,1848,2,3642.1397
1,433,1,1,-1177.6,1545,2,3642.1397
1,434,1,1,-1141.6,1509,2,3642.1397
1,436,1,1,-961.6,1329,2,3642.1397
1,438,1,1,-918.6,1286,2,3642.1397
1,541,1,1,-5.6,373,2,3642.1397
1,558,1,1,-59.6,427,2,3642.1397
1,650,1,0,-4949.8,8329,295,3642.1397
1,652,1,0,-4844.8,8224,348,3642.1397
1,654,1,2,-5628.0,8136,247,3642.1397
1,657,1,0,-4453.8,7833,348,3642.1397
1,659,1,2,-5300.0,7808,247,3642.1397
1,664,1,1,-6771.6,7139,2,3642.1397
1,666,1,2,-4236.0,6744,247,3642.1397
1,669,1,2,-4052.0,6560,247,3642.1397
1,672,1,0,-3102.8,6482,348,3642.1397
1,675,1,2,-3647.0,6155,247,3642.1397
1,677,1,0,-2670.8,6050,348,3642.1397
1,678,1,0,-2558.8,5938,348,3642.1397
1,686,1,2,-82.0,2590,243,3642.1397
1,688,1,1,-5026.6,5394,2,3642.1397
1,696,1,1,-4184.6,4552,2,3642.1397
1,698,1,2,-1512.0,4020,194,3642.1397
1,700,1,2,-1476.0,3984,247,3642.1397
1,702,1,1,-3466.6,3834,2,3642.1397
1,704,1,1,-3288.6,3656,2,3642.1397
1,706,1,1,-2960.6,3328,2,3642.1397
1,727,1,1,-81.6,449,2,3642.1397
1,736,1,0,-1815.8,5195,249,3642.1397
1,741,1,2,-2580.0,5088,247,3642.1397
1,744,1,2,-2181.0,4689,247,3642.1397
1,746,1,2,-2155.0,4663,247,3642.1397
1,747,1,2,-2147.0,4655,247,3642.1397
1,748,1,0,-1238.8,4618,348,3642.1397
1,751,1,0,-852.8,4232,348,3642.1397
1,753,1,1,-3665.6,4033,2,3642.1397
1,754,1,1,-3648.6,4016,2,3642.1397
1,756,1,0,-534.8,3914,348,3642.1397
1,757,1,0,-505.8,3885,295,3642.1397
1,758,1,1,-3214.6,3582,2,3642.1397
1,763,1,0,-111.8,3491,295,3642.1397
1,764,1,1,-2974.6,3342,2,3642.1397
1,765,1,1,-2823.6,3191,2,3642.1397
1,767,1,2,-510.0,3018,247,3642.1397
1,769,1,2,-440.0,2948,247,3642.1397
1,774,1,1,-2156.6,2524,2,3642.1397
1,775,1,1,-2146.6,2514,2,3642.1397
1,776,1,2,-238.0,2746,243,3642.1397
1,780,1,1,-1534.6,1902,2,3642.1397
1,787,1,1,-429.6,797,2,3642.1397
1,814,1,0,-4959.8,8339,348,3642.1397
1,815,1,2,-4896.0,7404,247,3642.1397
1,817,1,2,-4704.0,7212,194,3642.1397
1,818,1,0,-4579.8,7959,348,3642.1397
1,819,1,2,-5384.0,7892,194,3642.1397
1,820,1,0,-4056.8,7436,348,3642.1397
1,822,1,0,-3932.8,7312,348,3642.1397
1,827,1,1,-5811.6,6179,2,3642.1397
1,828,1,0,-3658.8,7038,295,3642.1397
1,830,1,1,-5636.6,6004,2,3642.1397
1,831,1,2,-4405.0,6913,247,3642.1397
1,835,1,1,-6171.6,6539,2,3642.1397
1,837,1,0,-2924.8,6304,348,3642.1397
1,841,1,1,-5697.6,6065,2,3642.1397
1,842,1,2,-3559.0,6067,247,3642.1397
1,846,1,2,-2992.0,5500,247,3642.1397
1,848,1,2,-2866.0,5374,247,3642.1397
1,851,1,2,-2536.0,5044,194,3642.1397
1,852,1,2,-2470.0,4978,247,3642.1397
1,858,1,0,-1025.8,4405,348,3642.1397
1,859,1,2,-1802.0,4310,247,3642.1397
1,860,1,1,-3643.6,4011,2,3642.1397
1,861,1,1,-3562.6,3930,2,3642.1397
1,863,1,0,-317.8,3697,348,3642.1397
1,865,1,1,-3077.6,3445,2,3642.1397
1,866,1,0,-52.8,3432,348,3642.1397
1,868,1,2,-781.0,3289,247,3642.1397
1,869,1,1,-2880.6,3248,2,3642.1397
1,871,1,2,-564.0,3072,194,3642.1397
1,872,1,2,-534.0,3042,247,3642.1397
1,873,1,2,-351.0,2859,194,3642.1397
1,876,1,1,-2177.6,2545,2,3642.1397
1,880,1,1,-1754.6,2122,2,3642.1397
1,881,1,1,-1665.6,2033,2,3642.1397
1,889,1,1,-1028.6,1396,2,3642.1397
1,894,1,1,-559.6,927,2,3642.1397
1,941,1,0,-913.8,4293,348,3642.1397
1,943,1,0,-687.8,4067,348,3642.1397
1,945,1,2,-1217.0,3725,247,3642.1397
1,946,1,0,-371.8,3751,348,3642.1397
1,949,1,0,-152.8,3532,348,3642.1397
1,950,1,2,-957.0,3465,247,3642.1397
1,951,1,2,-899.0,3407,194,3642.1397
1,960,1,2,-120.0,2628,247,3642.1397
1,968,1,1,-1429.6,1797,2,3642.1397
1,976,1,1,-220.6,588,2,3642.1397
Time: 69084, 685615, 676033, 546651
