CONFIGURATION:
{u'simulation': {u'stdev_factor': 0.01, u'power_mgmt_enabled': False, u'tasks': {u'loc': {u'mean_service_time': {u'gpu': 90, u'cpu_core': 200, u'loc_accel': 10}, u'priority': 1, u'deadline': 1000, u'stdev_service_time': {u'gpu': 0.9, u'cpu_core': 2.0, u'loc_accel': 0.1}, u'power': {u'gpu': 4.457, u'cpu_core': 6.133, u'loc_accel': 0.02197}}, u'detect': {u'mean_service_time': {u'gpu': 0.4607, u'cpu_core': 3.654, u'det_accel': 0.278}, u'priority': 2, u'deadline': 1000, u'stdev_service_time': {u'gpu': 0.004607, u'cpu_core': 0.03654, u'det_accel': 0.0027800000000000004}, u'power': {u'gpu': 90, u'cpu_core': 200, u'det_accel': 10}}, u'Frontier': {u'mean_service_time': {u'cpu_core': 396}, u'priority': 9, u'deadline': 1000, u'stdev_service_time': {u'cpu_core': 3.96}, u'power': {u'cpu_core': 5.98}}, u'track': {u'mean_service_time': {u'gpu': 17, u'tra_accel': 2, u'cpu_core': 1820}, u'priority': 3, u'deadline': 1000, u'stdev_service_time': {u'gpu': 0.17, u'tra_accel': 0.02, u'cpu_core': 18.2}, u'power': {u'gpu': 12.79, u'tra_accel': 0.59, u'cpu_core': 5.6}}, u'sp': {u'mean_service_time': {u'gpu': 379, u'cpu_core': 1004}, u'priority': 11, u'deadline': 1000, u'stdev_service_time': {u'gpu': 3.79, u'cpu_core': 10.040000000000001}, u'power': {u'gpu': 3.302, u'cpu_core': 1004}}, u'mission': {u'mean_service_time': {u'cpu_core': 0.0022}, u'priority': 5, u'deadline': 1000, u'stdev_service_time': {u'cpu_core': 2.2000000000000003e-05}, u'power': {u'cpu_core': 3.534}}, u'motion': {u'mean_service_time': {u'cpu_core': 8}, u'priority': 6, u'deadline': 1000, u'stdev_service_time': {u'cpu_core': 0.08}, u'power': {u'cpu_core': 4.222}}, u'collision': {u'mean_service_time': {u'cpu_core': 8}, u'priority': 7, u'deadline': 1000, u'stdev_service_time': {u'cpu_core': 0.08}, u'power': {u'cpu_core': 0}}, u'fusion': {u'mean_service_time': {u'cpu_core': 1}, u'priority': 4, u'deadline': 1000, u'stdev_service_time': {u'cpu_core': 0.01}, u'power': {u'cpu_core': 0}}, u'map': {u'mean_service_time': {u'gpu': 761, u'cpu_core': 973}, u'priority': 10, u'deadline': 1000, u'stdev_service_time': {u'gpu': 7.61, u'cpu_core': 9.73}, u'power': {u'gpu': 3.533, u'cpu_core': 2.995}}, u'path': {u'mean_service_time': {u'cpu_core': 8}, u'priority': 8, u'deadline': 1000, u'stdev_service_time': {u'cpu_core': 0.08}, u'power': {u'cpu_core': 0}}}, u'sched_policy_module': u'policies.ms3_update2', u'drop': True, u'servers': {u'gpu': {u'count': 2}, u'tra_accel': {u'count': 1}, u'cpu_core': {u'count': 8}, u'loc_accel': {u'count': 1}, u'det_accel': {u'count': 1}}, u'max_tasks_simulated': 10000, u'max_queue_size': 1000000, u'mean_arrival_time': 50, u'arrival_time_scale': 2.9}, u'general': {u'random_seed': 0, u'pre_gen_arrivals': False, u'basename': u'policy:ms3_update2__stdev_factor:0.01', u'output_trace_file': None, u'working_dir': u'/home/hiwot/meta-stomp2/sim_16042020_202749_new_arrival_50_map_rheftmapping_50_trace_50', u'input_trace_file': (False, '../mv_mapping_50_trace_50.trc'), u'logging_level': u'INFO'}}

/home/hiwot/meta-stomp2/sim_16042020_202749_new_arrival_50_map_rheftmapping_50_trace_50/../mv_mapping_50_trace_50.trc

Running STOMP simulation...
Dropped,DAG ID,DAG Priority,DAG Type,Slack,Response Time,No-Affinity Time,Energy
0,0,3,0,2992.4,1462,293,6320.2027
0,1,1,0,2990.4,1464,295,6320.2027
0,2,1,1,470.3,14,2,0.2197
0,3,1,2,2188.0,1118,194,3893.5857
0,4,1,0,1220.4,3234,297,6320.2027
0,5,1,1,470.3,14,2,0.2197
0,6,3,2,2066.0,1240,249,3642.1397
0,7,3,0,2404.4,2050,350,6697.9197
0,8,3,2,1604.0,1702,249,3642.1397
0,9,3,2,2059.0,1247,196,3738.1337
0,10,3,0,2471.4,1983,350,6716.01349
0,11,1,1,470.3,14,2,0.2197
0,12,2,2,1046.0,2260,196,3360.1027
0,13,1,0,2249.4,2205,350,6709.8797
0,14,3,0,2450.4,2004,350,6662.0397
0,15,1,0,2272.4,2182,350,7403.60364
0,16,3,0,2376.4,2078,350,7383.8647
0,17,3,1,369.3,115,4,0.2197
0,18,3,0,2625.4,1829,350,6856.7847
0,20,3,0,2598.4,1856,348,7221.4047
0,21,3,0,2764.4,1690,297,7081.1587
0,22,3,1,121.3,363,4,0.2197
0,23,3,2,1992.0,1314,196,4465.9317
0,24,3,0,2394.4,2060,346,7596.63758
0,25,3,0,2216.4,2238,346,8132.6847
0,26,3,2,1420.0,1886,194,6606.9297
0,28,1,0,2137.4,2317,348,8363.2997
0,29,3,2,2232.0,1074,194,3738.1337
0,30,3,1,345.3,139,4,0.2197
0,31,1,2,2000.0,1306,245,3869.7597
0,32,1,0,2458.4,1996,346,7407.8947
0,33,3,2,2004.0,1302,247,3851.7897
0,34,2,1,470.3,14,2,0.2197
0,35,1,1,470.3,14,2,0.2197
0,36,1,1,470.3,14,2,0.2197
0,37,1,0,2992.4,1462,293,6320.2027
0,38,1,2,2339.0,967,194,3360.1027
0,39,1,2,2076.0,1230,245,3642.1397
0,40,3,0,2727.4,1727,346,6602.2397
0,41,1,0,2725.4,1729,348,6602.2397
0,42,1,2,2076.0,1230,245,3642.1397
0,43,1,1,470.3,14,2,0.2197
0,44,3,1,470.3,14,2,0.2197
0,45,1,0,2727.4,1727,346,6602.2397
0,46,1,0,2988.4,1466,297,6320.2027
0,47,1,0,2990.4,1464,295,6320.2027
0,48,1,2,2076.0,1230,245,3642.1397
0,49,3,0,2727.4,1727,346,6602.2397
0,50,1,1,470.3,14,2,0.2197
0,51,1,1,470.3,14,2,0.2197
0,52,3,2,2339.0,967,194,3360.1027
0,53,1,1,470.3,14,2,0.2197
0,54,1,2,2339.0,967,194,3360.1027
0,55,1,0,2725.4,1729,348,6602.2397
0,56,1,2,2074.0,1232,247,3642.1397
0,57,1,1,470.3,14,2,0.2197
0,58,3,2,2075.0,1231,245,3642.16167
0,59,3,2,2206.0,1100,194,3829.9917
0,60,3,1,470.3,14,2,0.2197
0,61,1,1,470.3,14,2,0.2197
0,62,3,2,2339.0,967,194,3360.1027
0,63,3,1,470.3,14,2,0.2197
0,64,1,0,2826.4,1628,247,6010.2197
0,65,3,0,2826.4,1628,247,6010.2197
0,66,3,0,2824.4,1630,249,6010.2197
0,67,3,1,470.3,14,2,0.2197
0,68,3,0,2834.4,1620,295,6871.3507
0,69,3,0,2795.4,1659,293,7016.2037
0,70,1,1,470.3,14,2,0.2197
0,71,1,0,2826.4,1628,247,6010.2197
0,72,1,0,2727.4,1727,346,6602.2397
0,73,3,2,2074.0,1232,247,3642.1397
0,74,3,2,2339.0,967,194,3360.1027
0,75,1,2,2339.0,967,194,3360.1027
0,76,1,1,470.3,14,2,0.2197
0,77,3,0,2727.4,1727,346,6602.2397
0,78,1,1,470.3,14,2,0.2197
0,79,3,2,2067.0,1239,247,3642.29349
0,80,3,0,2894.4,1560,293,6666.4367
0,81,1,1,470.3,14,2,0.2197
0,82,1,0,2949.4,1505,293,6472.1217
0,83,3,1,470.3,14,2,0.2197
0,84,1,1,470.3,14,2,0.2197
0,85,3,0,2826.4,1628,247,6010.2197
0,86,3,0,2823.4,1631,249,6010.24167
0,87,1,2,2267.0,1039,194,3614.4787
0,88,3,2,2244.0,1062,194,3695.7377
0,89,1,2,1937.0,1369,245,4058.4447
0,90,3,0,2949.4,1505,293,6472.1217
0,91,1,0,2992.4,1462,293,6320.2027
0,92,1,0,2826.4,1628,247,6010.2197
0,93,3,1,466.3,18,2,0.30758
0,94,1,1,470.3,14,2,0.2197
0,95,1,2,2006.0,1300,245,3851.7897
0,96,1,1,470.3,14,2,0.2197
0,97,3,0,2912.4,1542,293,6602.8427
0,98,1,2,2074.0,1232,247,3642.1397
0,99,3,2,2073.0,1233,247,3642.16167
0,100,1,0,2894.4,1560,295,6659.3707
0,101,1,1,470.3,14,2,0.2197
0,102,3,0,2727.4,1727,346,6602.2397
0,103,3,0,2725.4,1729,348,6602.2397
0,104,3,1,470.3,14,2,0.2197
0,105,1,2,2207.0,1099,194,3826.4587
0,106,3,1,470.3,14,2,0.2197
0,107,1,1,466.3,18,2,0.30758
0,108,3,0,2992.4,1462,293,6320.2027
0,109,1,2,2339.0,967,194,3360.1027
0,110,1,2,2076.0,1230,245,3642.1397
0,111,3,1,470.3,14,2,0.2197
0,112,3,1,470.3,14,2,0.2197
0,113,3,1,470.3,14,2,0.2197
0,114,1,0,2992.4,1462,293,6320.2027
0,115,1,0,2904.4,1550,295,6624.0407
0,116,3,2,2076.0,1230,245,3642.1397
0,117,3,2,2074.0,1232,247,3642.1397
0,118,3,0,2826.4,1628,247,6010.2197
0,119,1,0,2725.4,1729,348,6602.2397
0,120,3,2,2339.0,967,194,3360.1027
0,121,3,0,2950.4,1504,295,6461.5227
0,122,3,2,2074.0,1232,247,3642.1397
0,123,1,1,470.3,14,2,0.2197
0,124,1,1,470.3,14,2,0.2197
0,125,3,2,2231.0,1075,194,3741.6667
0,126,1,0,2992.4,1462,293,6320.2027
0,127,3,1,470.3,14,2,0.2197
0,128,3,1,470.3,14,2,0.2197
0,129,3,0,2826.4,1628,247,6010.2197
0,130,1,1,470.3,14,2,0.2197
0,131,3,2,2339.0,967,194,3360.1027
0,132,3,0,2935.4,1519,295,6514.5177
0,133,3,1,470.3,14,2,0.2197
0,134,3,2,2074.0,1232,247,3642.1397
0,135,1,0,2725.4,1729,348,6602.2397
0,136,3,0,2725.4,1729,348,6602.2397
0,137,1,1,470.3,14,2,0.2197
0,138,1,2,2074.0,1232,247,3642.1397
0,139,3,2,2076.0,1230,245,3642.1397
0,140,3,2,2137.0,1169,196,4066.7027
0,141,3,1,463.3,21,2,0.37349
0,142,3,1,470.3,14,2,0.2197
0,143,3,2,2074.0,1232,247,3642.1397
0,144,1,1,470.3,14,2,0.2197
0,145,1,1,470.3,14,2,0.2197
0,146,3,0,2992.4,1462,293,6320.2027
0,147,3,2,2076.0,1230,245,3642.1397
0,148,3,1,460.3,24,2,0.4394
0,149,3,0,2977.4,1477,293,6373.1977
0,150,3,0,2895.4,1559,295,6655.8377
0,151,3,0,2826.4,1628,247,6010.2197
0,152,1,2,2072.0,1234,245,3642.22758
0,153,3,1,470.3,14,2,0.2197
0,154,1,0,2867.4,1587,293,6761.8277
0,155,1,0,2498.4,1956,249,6219.8697
0,156,3,0,2987.4,1467,293,6337.8677
0,157,1,1,470.3,14,2,0.2197
0,158,1,1,470.3,14,2,0.2197
0,159,1,0,2821.4,1633,249,6010.2197
0,160,3,1,470.3,14,2,0.2197
0,161,3,1,470.3,14,2,0.2197
0,162,1,1,470.3,14,2,0.2197
0,163,3,2,2339.0,967,194,3360.1027
0,164,1,2,2339.0,967,194,3360.1027
0,165,1,2,2074.0,1232,247,3642.1397
0,166,3,2,2074.0,1232,247,3642.1397
0,167,1,2,2074.0,1232,247,3642.1397
0,168,1,2,2074.0,1232,247,3642.1397
0,169,3,0,2727.4,1727,346,6602.2397
0,170,1,2,2076.0,1230,245,3642.1397
0,171,1,0,2822.4,1632,249,6016.2097
0,172,1,1,470.3,14,2,0.2197
0,173,3,1,470.3,14,2,0.2197
0,174,3,0,2992.4,1462,293,6320.2027
0,175,1,2,2339.0,967,194,3360.1027
0,176,3,1,470.3,14,2,0.2197
0,177,1,1,470.3,14,2,0.2197
0,178,1,0,2992.4,1462,293,6320.2027
0,179,1,0,2816.4,1638,247,6040.1697
0,180,3,2,2229.0,1077,194,3724.15549
0,181,1,0,2824.4,1630,249,6010.2197
0,182,1,2,2074.0,1232,247,3642.1397
0,183,1,1,470.3,14,2,0.2197
0,184,1,1,470.3,14,2,0.2197
0,185,1,1,470.3,14,2,0.2197
0,186,1,2,2339.0,967,194,3360.1027
0,187,1,0,2961.4,1493,293,6429.7257
0,188,3,1,470.3,14,2,0.2197
0,189,3,2,2076.0,1230,245,3642.1397
0,190,3,1,470.3,14,2,0.2197
0,191,1,1,470.3,14,2,0.2197
0,192,3,0,2992.4,1462,293,6320.2027
0,193,1,2,2339.0,967,194,3360.1027
0,194,3,2,2076.0,1230,245,3642.1397
0,195,3,1,470.3,14,2,0.2197
0,196,1,0,2826.4,1628,247,6010.2197
0,197,3,0,2824.4,1630,249,6010.2197
0,198,1,1,470.3,14,2,0.2197
0,199,3,2,2339.0,967,194,3360.1027
0,200,3,1,463.3,21,2,0.37349
0,201,3,2,2339.0,967,194,3360.1027
0,202,3,1,470.3,14,2,0.2197
0,203,1,0,2824.4,1630,249,6010.2197
0,204,1,0,2831.4,1623,295,6881.9497
0,205,3,2,2076.0,1230,245,3642.1397
0,206,3,0,2946.4,1508,293,6482.7207
0,207,1,1,470.3,14,2,0.2197
0,208,1,1,470.3,14,2,0.2197
0,209,1,2,1938.0,1368,247,4049.4597
0,210,1,0,2727.4,1727,346,6602.2397
0,211,1,2,2074.0,1232,247,3642.1397
0,212,3,2,2281.0,1025,194,3565.0167
0,213,1,1,470.3,14,2,0.2197
0,214,3,2,2288.0,1018,194,3540.2857
0,215,1,1,470.3,14,2,0.2197
0,216,1,2,2339.0,967,194,3360.1027
0,217,1,1,470.3,14,2,0.2197
0,218,3,1,470.3,14,2,0.2197
0,219,3,2,2339.0,967,194,3360.1027
0,220,3,1,470.3,14,2,0.2197
0,221,3,0,2822.4,1632,247,6010.30758
0,222,3,0,2824.4,1630,249,6010.2197
0,223,1,0,2804.4,1650,295,6977.3407
0,224,3,1,469.3,15,2,0.24167
0,225,1,1,470.3,14,2,0.2197
0,226,3,1,470.3,14,2,0.2197
0,227,1,1,468.3,16,4,0.2197
0,228,3,2,2076.0,1230,245,3642.1397
0,229,1,1,470.3,14,2,0.2197
0,230,3,2,2131.0,1175,194,4059.8564
0,231,1,1,470.3,14,2,0.2197
0,232,1,0,2727.4,1727,346,6602.2397
0,233,3,2,2074.0,1232,247,3642.1397
0,234,1,1,470.3,14,2,0.2197
0,235,1,0,2725.4,1729,348,6602.2397
0,236,3,2,2074.0,1232,247,3642.1397
0,237,3,2,2339.0,967,194,3360.1027
0,238,1,1,470.3,14,2,0.2197
0,239,1,0,2988.4,1466,293,6320.29058
0,240,3,2,2076.0,1230,245,3642.1397
0,241,1,2,2076.0,1230,245,3642.1397
0,242,1,0,2893.4,1561,293,6669.9697
0,243,1,2,1969.0,1337,245,3962.6047
0,244,1,1,470.3,14,2,0.2197
0,245,3,0,2976.4,1478,293,6376.7307
0,246,1,1,470.3,14,2,0.2197
0,247,3,1,470.3,14,2,0.2197
0,248,1,2,2074.0,1232,247,3642.1397
0,249,3,2,2252.0,1054,194,3667.4737
0,250,1,2,2222.0,1084,194,3773.4637
0,251,3,2,2076.0,1230,245,3642.1397
0,252,1,0,2826.4,1628,247,6010.2197
0,253,1,1,470.3,14,2,0.2197
0,254,3,0,2827.4,1627,297,6320.2027
0,255,3,1,470.3,14,2,0.2197
0,256,1,0,2655.4,1799,297,6320.29058
0,257,3,1,470.3,14,2,0.2197
0,258,1,0,2723.4,1731,348,6614.1997
0,259,3,2,1921.0,1385,249,3642.1397
0,260,1,0,2724.4,1730,346,6620.1797
0,261,3,2,2061.0,1245,249,3642.16167
0,262,3,1,470.3,14,2,0.2197
0,263,1,2,2076.0,1230,245,3642.1397
0,264,3,0,2811.4,1643,295,6952.6097
0,265,3,2,2265.0,1041,194,3621.5447
0,266,1,0,2727.4,1727,346,6602.2397
0,267,3,0,2486.4,1968,348,7318.0447
0,268,1,1,51.3,433,4,0.2197
0,269,3,2,2022.0,1284,245,3803.8697
0,270,3,2,1876.0,1430,247,4220.28455
0,271,1,1,367.3,117,4,0.2197
0,272,3,2,2339.0,967,194,3360.1027
0,273,1,0,2990.4,1464,295,6320.2027
0,274,1,1,466.3,18,2,0.30758
0,275,3,2,2076.0,1230,245,3642.1397
0,276,3,0,2821.4,1633,293,6924.3457
0,277,3,2,2076.0,1230,245,3642.1397
0,278,3,0,2992.4,1462,293,6320.2027
0,279,3,0,2826.4,1628,247,6010.2197
0,280,1,2,2076.0,1230,245,3642.1397
0,281,1,2,2074.0,1232,247,3642.1397
0,282,1,0,2874.4,1580,293,6737.0967
0,283,1,1,470.3,14,2,0.2197
0,284,1,1,470.3,14,2,0.2197
0,285,3,0,2814.4,1640,249,6010.4394
0,286,3,1,470.3,14,2,0.2197
0,287,3,2,2249.0,1057,194,3678.0727
0,288,1,2,2074.0,1232,247,3642.1397
0,289,1,0,2727.4,1727,346,6602.2397
0,290,3,2,2076.0,1230,245,3642.1397
0,291,3,2,2331.0,975,194,3388.3667
0,292,3,1,470.3,14,2,0.2197
0,293,3,2,2302.0,1004,194,3466.24649
0,294,3,2,2076.0,1230,245,3642.1397
0,295,3,0,2895.4,1559,293,6662.9037
0,296,1,2,2071.0,1235,245,3642.24955
0,297,3,0,2727.4,1727,346,6602.2397
0,298,1,1,470.3,14,2,0.2197
0,299,1,0,2947.4,1507,295,6472.1217
0,300,3,1,470.3,14,2,0.2197
0,301,1,0,2826.4,1628,247,6010.2197
0,302,1,1,470.3,14,2,0.2197
0,303,3,1,470.3,14,2,0.2197
0,304,3,0,2787.4,1667,297,7002.0717
0,305,1,1,470.3,14,2,0.2197
0,306,3,1,470.3,14,2,0.2197
0,307,3,2,2074.0,1232,247,3642.1397
0,308,3,1,470.3,14,2,0.2197
0,309,1,1,470.3,14,2,0.2197
0,310,3,2,2266.0,1040,196,3360.1027
0,311,3,2,2072.0,1234,247,3642.18364
0,312,3,1,470.3,14,2,0.2197
0,313,1,2,2076.0,1230,245,3642.1397
0,314,1,0,2727.4,1727,346,6602.2397
0,315,1,2,2254.0,1052,196,3653.3417
0,316,3,1,470.3,14,2,0.2197
0,317,1,0,2826.4,1628,247,6010.2197
0,318,3,2,2176.0,1130,194,3935.9817
0,319,1,0,2826.4,1628,247,6010.2197
0,320,1,0,2824.4,1630,249,6010.2197
0,321,1,2,2074.0,1232,247,3642.1397
0,322,1,1,470.3,14,2,0.2197
0,323,3,1,470.3,14,2,0.2197
0,324,1,0,2982.4,1472,293,6355.5327
0,325,1,0,2826.4,1628,247,6010.2197
0,326,1,1,470.3,14,2,0.2197
0,327,1,2,2339.0,967,194,3360.1027
0,328,1,0,2947.4,1507,297,6320.2027
0,329,3,0,2717.4,1737,346,6662.0397
0,330,1,2,2013.0,1293,249,3642.3594
0,331,3,2,2060.0,1246,249,3642.1397
0,332,3,1,470.3,14,2,0.2197
0,333,3,1,470.3,14,2,0.2197
0,334,3,2,2076.0,1230,245,3642.1397
0,335,3,1,470.3,14,2,0.2197
0,336,1,2,2339.0,967,194,3360.1027
0,337,1,2,2339.0,967,194,3360.1027
0,338,1,1,470.3,14,2,0.2197
0,339,3,0,2725.4,1729,348,6602.2397
0,340,3,2,2074.0,1232,247,3642.1397
0,341,3,0,2725.4,1729,348,6602.2397
0,342,3,0,2715.4,1739,247,6342.6647
0,343,3,2,1964.0,1342,245,3977.5797
0,344,1,2,2074.0,1232,247,3642.1397
0,345,1,0,2891.4,1563,293,6677.0357
0,346,3,0,2992.4,1462,293,6320.2027
0,347,3,0,2727.4,1727,346,6602.2397
0,348,1,1,470.3,14,2,0.2197
0,349,3,2,2305.0,1001,194,3480.2247
0,350,3,0,2992.4,1462,293,6320.2027
0,351,1,0,2826.4,1628,247,6010.2197
0,352,1,0,2824.4,1630,249,6010.2197
0,353,3,2,2076.0,1230,245,3642.1397
0,354,3,2,2074.0,1232,247,3642.1397
0,355,1,0,2796.4,1658,293,7012.6707
0,356,3,1,470.3,14,2,0.2197
0,357,3,0,2859.4,1595,293,6790.0917
0,358,3,0,2727.4,1727,346,6602.2397
0,359,3,2,2069.0,1237,245,3642.29349
0,360,3,2,2074.0,1232,247,3642.1397
0,361,3,2,2300.0,1006,194,3497.8897
0,362,1,2,2339.0,967,194,3360.1027
0,363,1,2,2067.0,1239,247,3642.29349
0,364,3,2,2076.0,1230,245,3642.1397
0,365,3,0,2992.4,1462,293,6320.2027
0,366,3,1,470.3,14,2,0.2197
0,367,3,2,2339.0,967,194,3360.1027
0,368,1,1,470.3,14,2,0.2197
0,369,1,1,470.3,14,2,0.2197
0,370,1,1,470.3,14,2,0.2197
0,371,3,0,2826.4,1628,247,6010.2197
0,372,1,0,2824.4,1630,249,6010.2197
0,373,3,1,463.3,21,2,0.37349
0,374,3,1,470.3,14,2,0.2197
0,377,3,2,2066.0,1240,249,3642.1397
0,379,3,0,2266.4,2188,350,6972.9997
0,380,1,1,470.3,14,2,0.2197
0,381,3,1,470.3,14,2,0.2197
0,384,3,0,2614.4,1840,350,6739.7797
0,386,3,0,2706.4,1748,297,7044.5097
0,387,1,1,470.3,14,2,0.2197
0,388,3,1,463.3,21,2,0.37349
0,390,3,0,2752.4,1702,297,7597.9977
0,392,3,0,1986.4,2468,350,7368.9297
0,393,3,2,1767.0,1539,249,4435.8147
0,394,3,0,2086.4,2368,350,9315.9447
0,395,3,1,424.3,60,4,0.2197
0,397,1,0,1101.4,3353,350,7551.6147
0,398,1,0,1103.4,3351,350,10308.54758
0,399,1,2,0.0,3306,249,6738.9697
0,400,3,0,2469.4,1985,297,8605.7277
0,401,3,2,2121.0,1185,196,3614.4787
0,402,2,0,1725.4,2729,297,9771.2727
0,404,3,2,2027.0,1279,196,4250.4187
0,405,3,0,2291.4,2163,350,6736.9847
0,406,1,0,2200.4,2254,350,9018.8497
0,407,1,2,1156.0,2150,249,6169.9197
0,408,1,2,1182.0,2124,196,7076.8187
0,409,3,0,2195.4,2259,346,8216.4747
0,410,3,1,-18.7,503,4,0.2197
0,413,3,0,2432.4,2022,348,7485.7447
0,414,1,2,1933.0,1373,196,4564.8557
0,415,1,2,1921.0,1385,247,4049.83319
0,416,3,2,2011.0,1295,249,3770.96864
0,417,1,2,1174.0,2132,194,7476.0477
0,418,3,2,1653.0,1653,247,4903.0347
0,420,3,2,1743.0,1563,247,4633.4847
0,421,3,2,1855.0,1451,194,5070.0747
0,422,1,2,1906.0,1400,245,4151.2897
0,423,3,1,444.3,40,4,0.2197
0,424,3,0,2727.4,1727,346,6602.2397
0,425,1,1,470.3,14,2,0.2197
0,426,1,2,2339.0,967,194,3360.1027
0,427,1,2,2339.0,967,194,3360.1027
0,428,3,2,2070.0,1236,247,3642.22758
0,429,1,1,467.3,17,2,0.28561
0,430,3,2,2076.0,1230,245,3642.1397
0,431,3,1,470.3,14,2,0.2197
0,432,3,1,470.3,14,2,0.2197
0,433,1,1,466.3,18,2,0.30758
0,434,1,1,470.3,14,2,0.2197
0,435,1,0,2826.4,1628,247,6010.2197
0,436,1,1,470.3,14,2,0.2197
0,437,3,1,470.3,14,2,0.2197
0,438,1,1,466.3,18,2,0.30758
0,439,3,1,470.3,14,2,0.2197
0,440,1,2,2339.0,967,194,3360.1027
0,441,1,2,2339.0,967,194,3360.1027
0,442,1,2,2076.0,1230,245,3642.1397
0,443,1,0,2727.4,1727,346,6602.2397
0,444,3,2,2074.0,1232,247,3642.1397
0,445,1,0,2725.4,1729,348,6602.2397
0,446,3,1,470.3,14,2,0.2197
0,447,1,0,2992.4,1462,293,6320.2027
0,448,1,0,2990.4,1464,295,6320.2027
0,449,3,0,2824.4,1630,249,6010.2197
0,450,1,1,470.3,14,2,0.2197
0,451,3,2,2076.0,1230,245,3642.1397
0,452,3,1,469.3,15,2,0.24167
0,453,1,2,2221.0,1085,194,3776.9967
0,454,1,1,470.3,14,2,0.2197
0,455,3,1,470.3,14,2,0.2197
0,456,1,2,2339.0,967,194,3360.1027
0,457,3,2,2339.0,967,194,3360.1027
0,458,1,1,470.3,14,2,0.2197
0,459,1,0,2810.4,1644,249,6010.52728
0,460,3,0,2822.4,1632,247,6010.30758
0,461,3,1,470.3,14,2,0.2197
0,462,3,2,2153.0,1153,194,4017.2407
0,463,3,0,2813.4,1641,295,6945.5437
0,464,1,0,2824.4,1630,249,6010.2197
0,465,3,2,2074.0,1232,247,3642.1397
0,466,3,1,470.3,14,2,0.2197
0,467,1,2,2074.0,1232,247,3642.1397
0,468,1,0,2838.4,1616,293,6864.2847
0,469,3,2,2298.0,1008,194,3504.9557
0,470,3,0,2725.4,1729,348,6602.2397
0,471,3,1,470.3,14,2,0.2197
0,472,3,1,470.3,14,2,0.2197
0,473,3,0,2984.4,1470,293,6348.4667
0,474,3,2,2339.0,967,194,3360.1027
0,475,3,2,2074.0,1232,247,3642.1397
0,476,3,1,470.3,14,2,0.2197
0,477,3,2,2074.0,1232,247,3642.1397
0,478,3,2,2074.0,1232,247,3642.1397
0,479,1,0,2992.4,1462,293,6320.2027
0,480,1,2,2339.0,967,194,3360.1027
0,481,1,2,2074.0,1232,247,3642.1397
0,482,3,2,2076.0,1230,245,3642.1397
0,483,1,1,470.3,14,2,0.2197
0,484,3,0,2961.4,1493,293,6429.7257
0,485,3,1,470.3,14,2,0.2197
0,486,1,0,2992.4,1462,293,6320.2027
0,487,3,0,2826.4,1628,247,6010.2197
0,488,1,2,2074.0,1232,247,3642.1397
0,489,1,0,2826.4,1628,247,6010.2197
0,490,3,2,2322.0,984,194,3420.1637
0,491,3,1,469.3,15,2,0.24167
0,492,1,2,2182.0,1124,194,3914.7837
0,493,1,1,470.3,14,2,0.2197
0,494,1,1,470.3,14,2,0.2197
0,495,1,1,470.3,14,2,0.2197
0,496,1,2,2074.0,1232,247,3642.1397
0,497,3,2,2076.0,1230,245,3642.1397
0,498,3,0,2727.4,1727,346,6602.2397
0,499,3,2,2285.0,1021,194,3550.8847
0,500,3,0,2802.4,1652,295,6984.4067
0,501,3,2,2076.0,1230,245,3642.1397
0,502,1,1,470.3,14,2,0.2197
0,503,1,2,2074.0,1232,247,3642.1397
0,504,3,2,2074.0,1232,247,3642.1397
0,505,1,0,2673.4,1781,348,6757.9797
0,506,3,0,2851.4,1603,293,6818.3557
0,507,1,1,470.3,14,2,0.2197
0,508,3,1,470.3,14,2,0.2197
0,509,1,2,2339.0,967,194,3360.1027
0,510,3,2,2076.0,1230,245,3642.1397
0,511,3,2,2339.0,967,194,3360.1027
0,512,1,0,2992.4,1462,293,6320.2027
0,513,3,1,470.3,14,2,0.2197
0,514,3,2,2076.0,1230,245,3642.1397
0,515,1,0,2727.4,1727,346,6602.2397
0,516,1,2,2027.0,1279,247,3782.9047
0,517,3,2,2241.0,1065,194,3706.3367
0,518,1,1,470.3,14,2,0.2197
0,519,3,1,470.3,14,2,0.2197
0,520,3,1,470.3,14,2,0.2197
0,521,1,0,2950.4,1504,295,6461.5227
0,522,3,1,470.3,14,2,0.2197
0,523,3,2,2134.0,1172,194,4084.3677
0,524,1,0,2723.4,1731,346,6602.32758
0,525,1,1,470.3,14,2,0.2197
0,526,1,0,2845.4,1609,293,6839.5537
0,527,3,1,470.3,14,2,0.2197
0,528,3,1,470.3,14,2,0.2197
0,529,1,1,470.3,14,2,0.2197
0,530,1,1,470.3,14,2,0.2197
0,531,3,0,2842.4,1612,293,6850.1527
0,532,1,1,460.3,24,2,0.4394
0,533,3,2,2299.0,1007,194,3501.4227
0,534,1,2,2076.0,1230,245,3642.1397
0,535,3,2,2076.0,1230,245,3642.1397
0,536,3,2,2074.0,1232,247,3642.1397
0,537,1,1,470.3,14,2,0.2197
0,538,1,0,2826.4,1628,247,6010.2197
0,539,1,0,2824.4,1630,249,6010.2197
0,540,3,0,2785.4,1669,295,7040.95667
0,541,1,1,470.3,14,2,0.2197
0,542,1,2,2143.0,1163,194,4052.5707
0,543,1,0,2826.4,1628,247,6010.2197
0,544,1,0,2826.4,1628,247,6010.2197
0,545,1,2,2216.0,1090,194,3794.6617
0,546,1,1,470.3,14,2,0.2197
0,547,1,0,2727.4,1727,346,6602.2397
0,548,1,2,2317.0,989,194,3437.8287
0,549,1,2,2074.0,1232,247,3642.1397
0,550,3,2,2074.0,1232,247,3642.1397
0,551,3,1,470.3,14,2,0.2197
0,552,1,0,2826.4,1628,247,6010.2197
0,553,1,2,2339.0,967,194,3360.1027
0,554,1,2,2172.0,1134,194,3950.1137
0,555,3,0,2727.4,1727,346,6602.2397
0,556,3,0,2826.4,1628,247,6010.2197
0,557,1,1,470.3,14,2,0.2197
0,558,1,1,470.3,14,2,0.2197
0,559,3,2,2074.0,1232,247,3642.1397
0,560,1,2,2281.0,1025,194,3565.0167
0,561,3,1,470.3,14,2,0.2197
0,562,1,0,2789.4,1665,295,7030.3357
0,563,1,2,2076.0,1230,245,3642.1397
0,564,3,1,470.3,14,2,0.2197
0,565,1,1,470.3,14,2,0.2197
0,566,1,1,470.3,14,2,0.2197
0,567,3,0,2931.4,1523,293,6535.7157
0,568,3,1,470.3,14,2,0.2197
0,569,1,2,2248.0,1058,194,3681.6057
0,570,1,1,470.3,14,2,0.2197
0,571,3,1,470.3,14,2,0.2197
0,572,3,1,470.3,14,2,0.2197
0,573,1,1,470.3,14,2,0.2197
0,574,3,0,2992.4,1462,293,6320.2027
0,575,1,2,2339.0,967,194,3360.1027
0,576,1,2,2076.0,1230,245,3642.1397
0,577,1,2,2074.0,1232,247,3642.1397
0,578,1,2,2074.0,1232,247,3642.1397
0,579,3,2,2074.0,1232,247,3642.1397
0,580,3,2,2074.0,1232,247,3642.1397
0,581,1,1,470.3,14,2,0.2197
0,582,1,1,470.3,14,2,0.2197
0,583,1,2,2339.0,967,194,3360.1027
0,584,1,2,2339.0,967,194,3360.1027
0,585,3,1,470.3,14,2,0.2197
0,586,3,1,468.3,16,4,0.2197
0,587,3,0,2992.4,1462,293,6320.2027
0,588,3,1,470.3,14,2,0.2197
0,589,3,0,2985.4,1469,293,6320.35649
0,590,3,1,470.3,14,2,0.2197
0,591,3,2,2076.0,1230,245,3642.1397
0,592,3,2,2064.0,1242,247,3642.3594
0,593,3,1,470.3,14,2,0.2197
0,594,3,1,463.3,21,2,0.37349
0,595,1,1,470.3,14,2,0.2197
0,596,1,2,2339.0,967,194,3360.1027
0,597,1,0,2992.4,1462,293,6320.2027
0,598,1,2,2076.0,1230,245,3642.1397
0,599,1,0,2725.4,1729,348,6602.2397
0,600,3,1,470.3,14,2,0.2197
0,601,1,0,2826.4,1628,247,6010.2197
0,602,1,0,2920.4,1534,293,6574.5787
0,603,1,2,2339.0,967,194,3360.1027
0,604,1,2,2076.0,1230,245,3642.1397
0,605,1,1,470.3,14,2,0.2197
0,606,1,1,470.3,14,2,0.2197
0,607,1,1,470.3,14,2,0.2197
0,608,1,2,1721.0,1585,196,3360.1027
0,609,1,2,1720.0,1586,196,3423.80655
0,610,1,0,2717.4,1737,348,6632.20561
0,611,3,1,470.3,14,2,0.2197
0,612,1,0,2720.4,1734,348,6632.1397
0,613,1,2,2062.0,1244,247,3642.1397
0,614,1,2,2074.0,1232,247,3642.1397
0,615,3,2,2074.0,1232,247,3642.1397
0,616,1,2,2074.0,1232,247,3642.1397
0,617,1,2,2074.0,1232,247,3642.1397
0,618,3,2,2074.0,1232,247,3642.1397
0,619,1,0,2832.4,1622,293,6885.4827
0,620,3,1,433.3,51,4,0.2197
0,621,1,2,2339.0,967,194,3360.1027
0,622,1,0,2992.4,1462,293,6320.2027
0,623,1,0,2826.4,1628,247,6010.2197
0,624,3,0,2826.4,1628,247,6010.2197
0,625,1,0,2824.4,1630,249,6010.2197
0,626,1,2,1923.0,1383,247,4094.3847
0,627,3,2,2296.0,1010,194,3512.0217
0,628,3,2,2212.0,1094,194,3808.7937
0,629,3,1,470.3,14,2,0.2197
0,630,1,1,470.3,14,2,0.2197
0,631,1,1,470.3,14,2,0.2197
0,632,3,0,2992.4,1462,293,6320.2027
0,633,3,0,2992.4,1462,293,6320.2027
0,634,3,0,2826.4,1628,247,6010.2197
0,635,1,2,2009.0,1297,245,3842.8047
0,636,3,0,2915.4,1539,295,6585.1777
0,637,3,1,470.3,14,2,0.2197
0,638,3,2,2074.0,1232,247,3642.1397
0,639,3,1,470.3,14,2,0.2197
0,640,1,1,470.3,14,2,0.2197
0,641,1,1,470.3,14,2,0.2197
0,642,1,2,2339.0,967,194,3360.1027
0,643,1,0,2725.4,1729,348,6602.2397
0,644,1,0,2635.4,1819,348,6871.7897
0,645,3,0,2963.4,1491,293,6422.6597
0,646,3,0,2725.4,1729,348,6602.2397
0,647,1,1,470.3,14,2,0.2197
0,648,1,1,470.3,14,2,0.2197
0,649,1,2,2339.0,967,194,3360.1027
0,650,1,0,2495.4,1959,297,6320.2027
0,651,1,1,470.3,14,2,0.2197
0,652,1,0,2637.4,1817,350,6949.0797
0,653,3,0,2698.4,1756,350,6745.7597
0,654,1,2,1581.0,1725,249,3642.1397
0,655,1,1,470.3,14,2,0.2197
0,656,3,0,2707.4,1747,293,7699.0517
0,657,1,0,2699.4,1755,350,6745.7597
0,658,3,2,2054.0,1252,249,3642.3594
0,659,1,2,2040.0,1266,249,3642.1397
0,660,3,0,2919.4,1535,295,6595.5157
0,661,3,2,2074.0,1232,247,3642.1397
0,662,3,0,2665.4,1789,346,6787.9297
0,663,3,0,2626.4,1828,348,6898.7447
0,664,1,1,62.3,422,4,0.2197
0,665,3,1,434.3,50,4,0.2197
0,666,1,2,2339.0,967,194,3360.1027
0,667,3,2,2339.0,967,194,3360.1027
0,668,3,2,2076.0,1230,245,3642.1397
0,669,1,2,2076.0,1230,245,3642.1397
0,670,3,1,468.3,16,4,0.2197
0,671,3,1,470.3,14,2,0.2197
0,672,1,0,1482.4,2972,350,8001.5597
0,673,3,1,470.3,14,2,0.2197
0,674,3,2,2066.0,1240,249,3642.1397
0,675,1,2,756.0,2550,196,4261.0177
0,676,3,2,1902.0,1404,196,3462.5597
0,677,1,0,2060.4,2394,350,6632.1397
0,678,1,0,2208.4,2246,350,6608.2197
0,679,3,1,470.3,14,2,0.2197
0,680,3,0,2691.4,1763,350,6703.8997
0,681,3,2,1986.0,1320,249,3642.1397
0,682,3,0,2714.4,1740,350,6632.16167
0,683,3,0,2663.4,1791,350,6937.1197
0,684,3,0,2664.4,1790,350,6799.7997
0,685,3,2,1770.0,1536,196,4578.9877
0,686,1,2,994.0,2312,194,8111.9877
0,687,3,1,280.3,204,4,0.2197
0,689,3,0,2754.4,1700,295,7489.2297
0,690,3,2,1664.0,1642,247,4867.11667
0,691,3,2,1527.0,1779,245,5286.3947
0,692,1,2,1354.0,1952,247,5798.5397
0,693,3,2,2041.0,1265,194,4412.9367
0,694,3,2,2057.0,1249,247,3693.0547
0,695,3,0,2540.4,1914,247,6866.7897
0,696,1,1,47.3,437,4,0.2197
0,697,3,2,2076.0,1230,245,3642.1397
0,698,1,2,2044.0,1262,245,3737.9797
0,699,3,2,2200.0,1106,194,3851.1897
0,700,1,2,1947.0,1359,247,4022.5047
0,701,3,0,2908.4,1546,293,6616.9747
0,702,1,1,470.3,14,2,0.2197
0,703,3,0,2727.4,1727,346,6602.2397
0,704,1,1,470.3,14,2,0.2197
0,705,3,1,470.3,14,2,0.2197
0,706,1,1,470.3,14,2,0.2197
0,707,3,1,470.3,14,2,0.2197
0,708,1,0,2992.4,1462,293,6320.2027
0,709,3,2,2339.0,967,194,3360.1027
0,710,1,0,2821.4,1633,249,6010.2197
0,711,3,0,2824.4,1630,249,6010.2197
0,712,3,2,2272.0,1034,194,3596.8137
0,713,3,0,2755.4,1699,297,6889.03767
0,714,1,0,2724.4,1730,346,6620.1797
0,715,3,2,2062.0,1244,249,3642.1397
0,716,1,2,2073.0,1233,247,3642.1397
0,717,3,0,2826.4,1628,247,6010.2197
0,718,3,0,2725.4,1729,348,6602.2397
0,719,3,2,2339.0,967,194,3360.1027
0,720,3,1,382.3,102,4,0.2197
0,721,1,2,2339.0,967,194,3360.1027
0,722,3,2,2074.0,1232,247,3642.1397
0,723,1,2,2074.0,1232,247,3642.1397
0,724,1,0,2714.4,1740,346,6641.1747
0,725,3,2,2284.0,1022,194,3554.4177
0,726,3,2,2140.0,1166,194,4063.1697
0,727,1,1,470.3,14,2,0.2197
0,728,1,0,2821.4,1633,247,6010.32955
0,729,3,1,470.3,14,2,0.2197
0,730,1,0,2992.4,1462,293,6320.2027
0,731,3,2,2339.0,967,194,3360.1027
0,732,1,1,470.3,14,2,0.2197
0,733,1,0,2826.4,1628,247,6010.2197
0,734,3,0,2824.4,1630,249,6010.2197
0,735,1,1,470.3,14,2,0.2197
0,736,1,0,2941.4,1513,295,6493.3197
0,737,3,0,2905.4,1549,293,6627.5737
0,738,3,0,2826.4,1628,247,6010.2197
0,739,1,1,470.3,14,2,0.2197
0,740,3,1,470.3,14,2,0.2197
0,741,1,2,2299.0,1007,194,3501.4227
0,742,1,1,470.3,14,2,0.2197
0,743,3,1,470.3,14,2,0.2197
0,744,1,2,2339.0,967,194,3360.1027
0,745,3,0,2607.4,1847,251,6010.2197
0,746,1,2,2076.0,1230,245,3642.1397
0,747,1,2,2074.0,1232,247,3642.1397
0,748,1,0,2707.4,1747,350,6602.2397
0,749,3,1,470.3,14,2,0.2197
0,750,3,0,2725.4,1729,348,6602.2397
0,751,1,0,2990.4,1464,295,6320.2027
0,752,3,0,2826.4,1628,247,6010.2197
0,753,1,1,470.3,14,2,0.2197
0,754,1,1,470.3,14,2,0.2197
0,755,3,2,2339.0,967,194,3360.1027
0,756,1,0,2701.4,1753,350,6602.2397
0,757,1,0,2706.4,1748,350,6602.2397
0,758,1,1,470.3,14,2,0.2197
0,759,3,1,470.3,14,2,0.2197
0,760,3,0,2713.4,1741,297,6401.4617
0,761,3,0,2703.4,1751,350,6644.25349
0,762,3,2,2051.0,1255,249,3675.0847
0,763,1,0,2571.4,1883,295,8103.9577
0,764,1,1,402.3,82,4,0.2197
0,765,1,1,470.3,14,2,0.2197
0,766,3,0,2720.4,1734,346,6644.0997
0,767,1,2,2076.0,1230,245,3642.1397
0,768,3,0,2727.4,1727,346,6602.2397
0,769,1,2,2160.0,1146,196,3974.8447
0,770,1,0,2727.4,1727,247,6306.7247
0,771,3,0,2824.4,1630,293,6913.7467
0,772,1,0,2722.4,1732,348,6611.2247
0,773,3,2,2076.0,1230,245,3642.1397
0,774,1,1,35.3,449,4,0.2197
0,775,1,1,49.3,435,4,0.2197
0,776,1,2,1581.0,1725,247,5118.6747
0,777,3,0,2964.4,1490,293,6419.1267
0,778,3,1,464.3,20,4,0.2197
0,779,3,0,2794.4,1660,295,7012.6707
0,780,1,1,470.3,14,2,0.2197
0,781,3,0,2727.4,1727,346,6602.2397
0,782,3,0,2725.4,1729,348,6602.2397
0,783,1,0,2725.4,1729,348,6602.2397
0,784,3,1,470.3,14,2,0.2197
0,785,1,2,2339.0,967,194,3360.1027
0,786,3,1,470.3,14,2,0.2197
0,787,1,1,470.3,14,2,0.2197
0,788,3,2,2339.0,967,194,3360.1027
0,789,3,2,2074.0,1232,247,3642.1397
0,790,1,2,2220.0,1086,194,3780.5297
0,791,1,1,470.3,14,2,0.2197
0,792,3,2,2339.0,967,194,3360.1027
0,793,3,1,470.3,14,2,0.2197
0,794,1,1,470.3,14,2,0.2197
0,795,3,0,2816.4,1638,247,6010.4394
0,796,3,1,470.3,14,2,0.2197
0,797,1,1,470.3,14,2,0.2197
0,798,1,1,470.3,14,2,0.2197
0,799,3,0,2992.4,1462,293,6320.2027
0,800,1,1,470.3,14,2,0.2197
0,801,1,1,463.3,21,2,0.37349
0,802,3,2,2339.0,967,194,3360.1027
0,803,1,2,2069.0,1237,245,3642.29349
0,804,1,0,2727.4,1727,346,6602.2397
0,805,1,1,470.3,14,2,0.2197
0,806,1,2,2076.0,1230,245,3642.1397
0,807,1,2,2074.0,1232,247,3642.1397
0,808,1,2,2074.0,1232,247,3642.1397
0,809,1,1,470.3,14,2,0.2197
0,810,1,1,463.3,21,2,0.37349
0,811,3,0,2811.4,1643,295,6952.6097
0,812,3,1,470.3,14,2,0.2197
0,813,3,1,470.3,14,2,0.2197
0,814,1,0,2920.4,1534,293,6574.5787
0,815,1,2,2070.0,1236,247,3642.22758
0,816,3,1,470.3,14,2,0.2197
0,817,1,2,2074.0,1232,247,3642.1397
0,818,1,0,2826.4,1628,247,6010.2197
0,819,1,2,2076.0,1230,245,3642.1397
0,820,1,0,2982.4,1472,297,6320.2027
0,821,3,1,470.3,14,2,0.2197
0,822,1,0,2990.4,1464,295,6320.2027
0,823,3,2,2074.0,1232,247,3642.1397
0,824,3,2,2074.0,1232,247,3642.1397
0,825,3,0,2727.4,1727,346,6602.2397
0,826,3,1,466.3,18,2,0.30758
0,827,1,1,470.3,14,2,0.2197
0,828,1,0,2725.4,1729,348,6602.2397
0,829,3,1,470.3,14,2,0.2197
0,830,1,1,470.3,14,2,0.2197
0,831,1,2,2076.0,1230,245,3642.1397
0,832,3,1,469.3,15,2,0.24167
0,833,3,2,2148.0,1158,194,4034.9057
0,834,3,2,2074.0,1232,247,3642.1397
0,835,1,1,172.3,312,4,0.2197
0,836,3,2,2339.0,967,194,3360.1027
0,837,1,0,2826.4,1628,247,6010.2197
0,838,3,1,470.3,14,2,0.2197
0,839,3,0,2549.4,1905,297,6924.3457
0,840,3,1,466.3,18,2,0.30758
0,841,1,1,470.3,14,2,0.2197
0,842,1,2,2076.0,1230,245,3642.1397
0,843,3,0,2727.4,1727,346,6602.2397
0,844,3,0,2787.4,1667,297,6995.0057
0,845,3,2,2074.0,1232,247,3642.1397
0,846,1,2,2074.0,1232,247,3642.1397
0,847,3,0,2723.4,1731,297,6860.7517
0,848,1,2,2076.0,1230,245,3642.1397
0,849,3,2,2074.0,1232,247,3642.1397
0,850,3,0,2808.4,1646,295,6963.2087
0,851,1,2,2062.0,1244,249,3642.1397
0,852,1,2,2007.0,1299,249,3836.8147
0,853,3,0,2543.4,1911,293,7906.5197
0,854,3,0,2564.4,1890,247,6794.9097
0,855,3,0,2826.4,1628,247,6010.2197
0,856,3,0,2826.4,1628,247,6010.2197
0,857,3,0,2971.4,1483,295,6387.3297
0,858,1,0,2727.4,1727,346,6602.2397
0,859,1,2,1944.0,1362,245,4037.4797
0,860,1,1,470.3,14,2,0.2197
0,861,1,1,470.3,14,2,0.2197
0,862,3,0,2971.4,1483,297,6320.2027
0,863,1,0,2968.4,1486,297,6320.35649
0,864,3,0,2824.4,1630,249,6010.2197
0,865,1,1,470.3,14,2,0.2197
0,866,1,0,2826.4,1628,247,6010.2197
0,867,3,1,470.3,14,2,0.2197
0,868,1,2,2076.0,1230,245,3642.1397
0,869,1,1,470.3,14,2,0.2197
0,870,3,0,2857.4,1597,295,6790.0917
0,871,1,2,2196.0,1110,194,3830.2114
0,872,1,2,2074.0,1232,247,3642.1397
0,873,1,2,2074.0,1232,247,3642.1397
0,874,3,2,2074.0,1232,247,3642.1397
0,875,1,0,2754.4,1700,247,6225.8597
0,876,1,1,453.3,31,4,0.2197
0,877,1,0,2938.4,1516,295,6503.9187
0,878,1,2,2292.0,1014,194,3526.1537
0,879,1,2,2074.0,1232,245,3642.18364
0,880,1,1,470.3,14,2,0.2197
0,881,1,1,470.3,14,2,0.2197
0,882,1,2,2076.0,1230,245,3642.1397
0,883,3,1,470.3,14,2,0.2197
0,884,3,2,2074.0,1232,247,3642.1397
0,885,3,1,470.3,14,2,0.2197
0,886,3,1,470.3,14,2,0.2197
0,887,1,2,2072.0,1234,247,3642.18364
0,888,1,2,2279.0,1027,194,3572.0827
0,889,1,1,470.3,14,2,0.2197
0,890,3,2,2339.0,967,194,3360.1027
0,891,3,1,470.3,14,2,0.2197
0,892,3,2,2076.0,1230,245,3642.1397
0,893,3,1,470.3,14,2,0.2197
0,894,1,1,470.3,14,2,0.2197
0,895,3,2,2339.0,967,194,3360.1027
0,896,3,1,470.3,14,2,0.2197
0,897,1,0,2992.4,1462,293,6320.2027
0,898,3,2,2076.0,1230,245,3642.1397
0,899,3,0,2727.4,1727,346,6602.2397
0,900,3,0,2725.4,1729,348,6602.2397
0,901,1,1,470.3,14,2,0.2197
0,902,3,1,460.3,24,2,0.4394
0,903,3,1,470.3,14,2,0.2197
0,904,1,2,2336.0,970,194,3370.7017
0,905,1,0,2882.4,1572,293,6708.8327
0,906,1,0,2824.4,1630,249,6010.2197
0,907,1,2,2076.0,1230,245,3642.1397
0,908,1,0,2725.4,1729,348,6602.2397
0,909,3,2,2220.0,1086,194,3780.5297
0,910,3,0,2876.4,1578,293,6730.0307
0,911,1,2,2076.0,1230,245,3642.1397
0,912,3,0,2826.4,1628,247,6010.2197
0,913,1,2,2075.0,1231,245,3642.16167
0,914,3,1,470.3,14,2,0.2197
0,915,1,2,2339.0,967,194,3360.1027
0,916,3,1,470.3,14,2,0.2197
0,917,3,2,2339.0,967,194,3360.1027
0,918,1,0,2826.4,1628,247,6010.2197
0,919,1,1,470.3,14,2,0.2197
0,920,1,0,2727.4,1727,346,6602.2397
0,921,3,0,2824.4,1630,249,6010.2197
0,922,3,1,470.3,14,2,0.2197
0,923,3,2,2339.0,967,194,3360.1027
0,924,1,1,470.3,14,2,0.2197
0,925,1,0,2992.4,1462,293,6320.2027
0,926,3,0,2826.4,1628,247,6010.2197
0,927,3,2,2076.0,1230,245,3642.1397
0,928,3,0,2727.4,1727,346,6602.2397
0,929,1,1,470.3,14,2,0.2197
0,930,1,0,2824.4,1630,293,6913.7467
0,931,3,1,470.3,14,2,0.2197
0,932,1,1,470.3,14,2,0.2197
0,933,3,2,2329.0,977,194,3360.3224
0,934,3,1,470.3,14,2,0.2197
0,935,3,1,470.3,14,2,0.2197
0,936,1,2,2076.0,1230,245,3642.1397
0,937,3,1,470.3,14,2,0.2197
0,938,1,2,2229.0,1077,194,3748.7327
0,939,1,2,2009.0,1297,245,3842.8047
0,940,3,2,2216.0,1090,194,3794.6617
0,941,1,0,1989.4,2465,251,6010.2197
0,942,3,0,2352.4,2102,350,7899.8997
0,943,1,0,2291.4,2163,350,7146.4197
0,944,3,2,2180.0,1126,196,3565.0167
0,945,1,2,1561.0,1745,196,3360.1027
0,946,1,0,2656.4,1798,346,7026.8197
0,947,1,1,470.3,14,2,0.2197
0,948,3,2,2010.0,1296,249,3642.1397
0,949,1,0,2118.4,2336,350,6620.1797
0,950,1,2,1906.0,1400,249,3642.1397
0,951,1,2,2028.0,1278,249,3642.1397
0,952,1,0,1720.4,2734,346,9618.2047
0,953,3,2,2118.0,1188,196,4102.12058
0,954,3,0,2807.4,1647,251,6022.30955
0,955,3,2,1824.0,1482,196,4066.7027
0,956,3,2,1786.0,1520,249,3992.5547
0,957,3,2,2044.0,1262,249,3702.0397
0,958,3,2,1981.0,1325,247,3899.86349
0,959,3,2,2053.0,1253,196,4363.4747
0,960,1,2,1825.0,1481,247,4387.8947
0,961,3,2,2217.0,1089,194,3791.1287
0,962,1,0,2826.4,1628,247,6010.2197
0,963,3,2,1880.0,1426,247,4223.1697
0,964,1,0,2447.4,2007,247,7142.35167
0,965,3,1,295.3,189,4,0.2197
0,966,3,1,321.3,163,4,0.2197
0,967,1,2,2028.0,1278,245,3785.8997
0,968,1,1,413.3,71,4,0.2197
0,969,1,0,2907.4,1547,295,6613.4417
0,970,3,1,470.3,14,2,0.2197
0,971,1,0,2992.4,1462,293,6320.2027
0,972,1,0,2727.4,1727,346,6602.2397
0,973,3,2,2076.0,1230,245,3642.1397
0,974,3,2,2074.0,1232,247,3642.1397
0,975,3,0,2723.4,1731,346,6602.32758
0,976,1,1,470.3,14,2,0.2197
0,977,3,1,468.3,16,4,0.2197
0,978,1,2,2339.0,967,194,3360.1027
0,979,1,2,2339.0,967,194,3360.1027
0,980,1,0,2826.4,1628,247,6010.2197
0,981,3,0,2824.4,1630,249,6010.2197
0,982,3,1,470.3,14,2,0.2197
0,983,1,1,470.3,14,2,0.2197
0,984,1,1,470.3,14,2,0.2197
0,985,3,0,2992.4,1462,293,6320.2027
0,986,1,1,470.3,14,2,0.2197
0,987,3,2,2329.0,977,194,3360.3224
0,988,3,2,2059.0,1247,245,3642.51319
0,989,1,0,2727.4,1727,346,6602.2397
0,990,1,1,470.3,14,2,0.2197
0,991,3,2,2072.0,1234,249,3642.1397
0,992,1,2,2278.0,1028,194,3575.6157
0,993,1,1,470.3,14,2,0.2197
0,994,1,0,2990.4,1464,295,6320.2027
0,995,3,0,2727.4,1727,346,6602.2397
0,996,1,1,470.3,14,2,0.2197
0,997,3,1,466.3,18,2,0.30758
0,998,1,2,2339.0,967,194,3360.1027
0,999,3,2,2212.0,1094,194,3808.7937
1,19,1,1,-1333.7,1818,2,3808.7937
1,27,1,1,-737.7,1222,2,3808.7937
1,375,1,0,-366.6,4821,295,3808.7937
1,376,1,0,-330.6,4785,295,3808.7937
1,378,1,2,-1395.0,4701,247,3808.7937
1,382,1,0,-47.6,4502,348,3808.7937
1,383,1,2,-1100.0,4406,247,3808.7937
1,385,1,2,-893.0,4199,247,3808.7937
1,389,1,2,-670.0,3976,247,3808.7937
1,391,1,1,-3324.7,3809,2,3808.7937
1,396,1,2,-165.0,3471,247,3808.7937
1,403,1,1,-1971.7,2456,2,3808.7937
1,411,1,1,-1297.7,1782,2,3808.7937
1,412,1,1,-1193.7,1678,2,3808.7937
1,419,1,1,-223.7,708,2,3808.7937
1,688,1,1,-1040.7,1525,2,3808.7937
Time: 65191, 921973, 666477, 781435
