CONFIGURATION:
{u'simulation': {u'stdev_factor': 0.01, u'power_mgmt_enabled': False, u'tasks': {u'loc': {u'mean_service_time': {u'gpu': 90, u'cpu_core': 200, u'loc_accel': 10}, u'priority': 1, u'deadline': 1000, u'stdev_service_time': {u'gpu': 0.9, u'cpu_core': 2.0, u'loc_accel': 0.1}, u'power': {u'gpu': 4.457, u'cpu_core': 6.133, u'loc_accel': 0.02197}}, u'detect': {u'mean_service_time': {u'gpu': 0.4607, u'cpu_core': 3.654, u'det_accel': 0.278}, u'priority': 2, u'deadline': 1000, u'stdev_service_time': {u'gpu': 0.004607, u'cpu_core': 0.03654, u'det_accel': 0.0027800000000000004}, u'power': {u'gpu': 90, u'cpu_core': 200, u'det_accel': 10}}, u'Frontier': {u'mean_service_time': {u'cpu_core': 396}, u'priority': 9, u'deadline': 1000, u'stdev_service_time': {u'cpu_core': 3.96}, u'power': {u'cpu_core': 5.98}}, u'track': {u'mean_service_time': {u'gpu': 17, u'tra_accel': 2, u'cpu_core': 1820}, u'priority': 3, u'deadline': 1000, u'stdev_service_time': {u'gpu': 0.17, u'tra_accel': 0.02, u'cpu_core': 18.2}, u'power': {u'gpu': 12.79, u'tra_accel': 0.59, u'cpu_core': 5.6}}, u'sp': {u'mean_service_time': {u'gpu': 379, u'cpu_core': 1004}, u'priority': 11, u'deadline': 1000, u'stdev_service_time': {u'gpu': 3.79, u'cpu_core': 10.040000000000001}, u'power': {u'gpu': 3.302, u'cpu_core': 1004}}, u'mission': {u'mean_service_time': {u'cpu_core': 0.0022}, u'priority': 5, u'deadline': 1000, u'stdev_service_time': {u'cpu_core': 2.2000000000000003e-05}, u'power': {u'cpu_core': 3.534}}, u'motion': {u'mean_service_time': {u'cpu_core': 8}, u'priority': 6, u'deadline': 1000, u'stdev_service_time': {u'cpu_core': 0.08}, u'power': {u'cpu_core': 4.222}}, u'collision': {u'mean_service_time': {u'cpu_core': 8}, u'priority': 7, u'deadline': 1000, u'stdev_service_time': {u'cpu_core': 0.08}, u'power': {u'cpu_core': 0}}, u'fusion': {u'mean_service_time': {u'cpu_core': 1}, u'priority': 4, u'deadline': 1000, u'stdev_service_time': {u'cpu_core': 0.01}, u'power': {u'cpu_core': 0}}, u'map': {u'mean_service_time': {u'gpu': 761, u'cpu_core': 973}, u'priority': 10, u'deadline': 1000, u'stdev_service_time': {u'gpu': 7.61, u'cpu_core': 9.73}, u'power': {u'gpu': 3.533, u'cpu_core': 2.995}}, u'path': {u'mean_service_time': {u'cpu_core': 8}, u'priority': 8, u'deadline': 1000, u'stdev_service_time': {u'cpu_core': 0.08}, u'power': {u'cpu_core': 0}}}, u'sched_policy_module': u'policies.ms2_update2', u'drop': True, u'servers': {u'gpu': {u'count': 2}, u'tra_accel': {u'count': 1}, u'cpu_core': {u'count': 8}, u'loc_accel': {u'count': 1}, u'det_accel': {u'count': 1}}, u'max_tasks_simulated': 10000, u'max_queue_size': 1000000, u'mean_arrival_time': 50, u'arrival_time_scale': 2.6}, u'general': {u'random_seed': 0, u'pre_gen_arrivals': False, u'basename': u'policy:ms2_update2__stdev_factor:0.01', u'output_trace_file': None, u'working_dir': u'/home/hiwot/meta-stomp2/sim_16042020_202749_new_arrival_50_map_rheftmapping_50_trace_50', u'input_trace_file': (False, '../mv_mapping_50_trace_50.trc'), u'logging_level': u'INFO'}}

/home/hiwot/meta-stomp2/sim_16042020_202749_new_arrival_50_map_rheftmapping_50_trace_50/../mv_mapping_50_trace_50.trc

Running STOMP simulation...
Dropped,DAG ID,DAG Priority,DAG Type,Slack,Response Time,No-Affinity Time,Energy
0,0,3,0,2531.6,1462,293,6320.2027
0,1,1,0,2529.6,1464,295,6320.2027
0,2,1,1,420.2,14,2,0.2197
0,3,1,2,1734.0,1230,245,3642.1397
0,4,1,0,1322.6,2671,297,6320.2027
0,5,1,1,420.2,14,2,0.2197
0,6,3,2,1606.0,1358,196,3360.1027
0,7,3,0,2012.6,1981,350,6757.7197
0,8,3,2,1355.0,1609,249,3642.1397
0,9,3,2,1625.0,1339,249,3642.1397
0,10,3,0,2243.6,1750,350,6626.31349
0,11,1,1,420.2,14,2,0.2197
0,12,1,2,1487.0,1477,249,3914.6847
0,13,1,0,1715.6,2278,350,7804.2997
0,14,3,0,2251.6,1742,297,7905.7137
0,15,1,0,1735.6,2258,350,9580.34561
0,16,3,0,2270.6,1723,297,7655.8727
0,17,3,1,99.2,335,4,0.2197
0,18,3,0,2015.6,1978,350,7312.0247
0,19,1,1,225.2,209,4,0.2197
0,20,3,0,1594.6,2399,297,9506.5447
0,21,3,0,1679.6,2314,350,8664.6847
0,22,3,1,403.2,31,4,0.2197
0,23,3,2,1725.0,1239,249,3651.1247
0,24,3,0,1767.6,2226,350,8060.88455
0,25,3,0,1637.6,2356,350,8462.1347
0,26,3,2,1377.0,1587,196,4494.1957
0,27,1,1,385.2,49,4,0.2197
0,28,1,0,1539.6,2454,293,9856.7497
0,29,3,2,1537.0,1427,196,4660.2467
0,30,3,1,260.2,174,4,0.2197
0,31,1,2,1607.0,1357,249,4007.5297
0,32,1,0,2104.6,1889,247,6791.9147
0,33,3,2,1724.0,1240,249,3645.1347
0,34,1,1,409.2,25,4,0.2197
0,35,1,1,420.2,14,2,0.2197
0,36,1,1,420.2,14,2,0.2197
0,37,1,0,2363.6,1630,249,6010.2197
0,38,1,2,1524.0,1440,249,3878.7447
0,39,1,2,1536.0,1428,249,4193.2197
0,40,3,0,2283.6,1710,293,7211.0687
0,41,1,0,2186.6,1807,346,6853.7797
0,42,1,2,1993.0,971,194,3360.1027
0,43,1,1,420.2,14,2,0.2197
0,44,3,1,420.2,14,2,0.2197
0,45,1,0,2264.6,1729,348,6602.2397
0,46,1,0,2264.6,1729,348,6602.2397
0,47,1,0,2363.6,1630,249,6010.2197
0,48,1,2,1734.0,1230,245,3642.1397
0,49,3,0,2319.6,1674,295,7062.1327
0,50,1,1,322.2,112,4,0.2197
0,51,1,1,420.2,14,2,0.2197
0,52,3,2,1997.0,967,194,3360.1027
0,53,1,1,420.2,14,2,0.2197
0,54,1,2,1734.0,1230,245,3642.1397
0,55,1,0,2347.6,1646,247,6064.1297
0,56,1,2,1814.0,1150,196,3999.5757
0,57,1,1,420.2,14,2,0.2197
0,58,3,2,1732.0,1232,245,3642.18364
0,59,3,2,1734.0,1230,245,3642.1397
0,60,3,1,420.2,14,2,0.2197
0,61,1,1,420.2,14,2,0.2197
0,62,3,2,1997.0,967,194,3360.1027
0,63,3,1,420.2,14,2,0.2197
0,64,1,0,2441.6,1552,293,6638.1727
0,65,3,0,2365.6,1628,247,6010.2197
0,66,3,0,2363.6,1630,249,6010.2197
0,67,3,1,420.2,14,2,0.2197
0,68,3,0,2363.6,1630,249,6010.2197
0,69,3,0,2363.6,1630,249,6010.2197
0,70,1,1,420.2,14,2,0.2197
0,71,1,0,2407.6,1586,295,6751.2287
0,72,1,0,2240.6,1753,346,6680.1097
0,73,3,2,1903.0,1061,194,3692.2047
0,74,3,2,1732.0,1232,247,3642.1397
0,75,1,2,1615.0,1349,247,3992.5547
0,76,1,1,420.2,14,2,0.2197
0,77,3,0,2514.6,1479,295,6373.1977
0,78,1,1,420.2,14,2,0.2197
0,79,3,2,1838.0,1126,194,3893.76146
0,80,3,0,2365.6,1628,247,6010.2197
0,81,1,1,420.2,14,2,0.2197
0,82,1,0,2365.6,1628,247,6010.2197
0,83,3,1,420.2,14,2,0.2197
0,84,1,1,420.2,14,2,0.2197
0,85,3,0,2531.6,1462,293,6320.2027
0,86,3,0,2371.6,1622,295,6871.39464
0,87,1,2,1734.0,1230,245,3642.1397
0,88,3,2,1734.0,1230,245,3642.1397
0,89,1,2,1969.0,995,194,3459.0267
0,90,3,0,2462.6,1531,293,6563.9797
0,91,1,0,2365.6,1628,247,6010.2197
0,92,1,0,2365.6,1628,247,6010.2197
0,93,3,1,415.2,19,2,0.32955
0,94,1,1,420.2,14,2,0.2197
0,95,1,2,1535.0,1429,247,4232.1547
0,96,1,1,420.2,14,2,0.2197
0,97,3,0,2494.6,1499,295,6443.8577
0,98,1,2,1732.0,1232,247,3642.1397
0,99,3,2,1924.0,1040,196,3593.32464
0,100,1,0,2266.6,1727,346,6602.2397
0,101,1,1,420.2,14,2,0.2197
0,102,3,0,2266.6,1727,346,6602.2397
0,103,3,0,2264.6,1729,348,6602.2397
0,104,3,1,420.2,14,2,0.2197
0,105,1,2,1817.0,1147,194,3996.0427
0,106,3,1,415.2,19,4,0.2197
0,107,1,1,415.2,19,2,0.32955
0,108,3,0,2531.6,1462,293,6320.2027
0,109,1,2,1997.0,967,194,3360.1027
0,110,1,2,1734.0,1230,245,3642.1397
0,111,3,1,420.2,14,2,0.2197
0,112,3,1,420.2,14,2,0.2197
0,113,3,1,420.2,14,2,0.2197
0,114,1,0,2531.6,1462,293,6320.2027
0,115,1,0,2213.6,1780,249,6459.4697
0,116,3,2,1971.0,993,194,3451.9607
0,117,3,2,1732.0,1232,247,3642.1397
0,118,3,0,2264.6,1729,348,6602.2397
0,119,1,0,2264.6,1729,348,6602.2397
0,120,3,2,1923.0,1041,194,3621.5447
0,121,3,0,2266.6,1727,346,6602.2397
0,122,3,2,1811.0,1153,194,4017.2407
0,123,1,1,420.2,14,2,0.2197
0,124,1,1,420.2,14,2,0.2197
0,125,3,2,1732.0,1232,247,3642.1397
0,126,1,0,2517.6,1476,295,6320.2027
0,127,3,1,420.2,14,2,0.2197
0,128,3,1,420.2,14,2,0.2197
0,129,3,0,2517.6,1476,295,6320.2027
0,130,1,1,420.2,14,2,0.2197
0,131,3,2,1734.0,1230,245,3642.1397
0,132,3,0,2245.6,1748,247,6369.6197
0,133,3,1,420.2,14,2,0.2197
0,134,3,2,1969.0,995,194,3459.0267
0,135,1,0,2264.6,1729,348,6602.2397
0,136,3,0,2264.6,1729,348,6602.2397
0,137,1,1,420.2,14,2,0.2197
0,138,1,2,1886.0,1078,194,3752.2657
0,139,3,2,1732.0,1232,247,3642.1397
0,140,3,2,1732.0,1232,247,3642.1397
0,141,3,1,342.2,92,4,0.37349
0,142,3,1,378.2,56,4,0.2197
0,143,3,2,1730.0,1234,249,3642.1397
0,144,1,1,223.2,211,4,0.2197
0,145,1,1,316.2,118,4,0.2197
0,146,3,0,2449.6,1544,293,6609.9087
0,147,3,2,1796.0,1168,194,4070.2357
0,148,3,1,410.2,24,2,0.4394
0,149,3,0,2264.6,1729,348,6602.2397
0,150,3,0,2264.6,1729,348,6602.2397
0,151,3,0,2482.6,1511,297,6479.1877
0,152,1,2,1729.0,1235,245,3642.24955
0,153,3,1,420.2,14,2,0.2197
0,154,1,0,2481.6,1512,293,6496.8527
0,155,1,0,2252.6,1741,350,6602.2397
0,156,3,0,2317.6,1676,251,6010.2197
0,157,1,1,420.2,14,2,0.2197
0,158,1,1,420.2,14,2,0.2197
0,159,1,0,2479.6,1514,295,6496.8527
0,160,3,1,420.2,14,2,0.2197
0,161,3,1,420.2,14,2,0.2197
0,162,1,1,420.2,14,2,0.2197
0,163,3,2,1997.0,967,194,3360.1027
0,164,1,2,1732.0,1232,247,3642.1397
0,165,1,2,1732.0,1232,247,3642.1397
0,166,3,2,1732.0,1232,247,3642.1397
0,167,1,2,1893.0,1071,194,3727.5347
0,168,1,2,1732.0,1232,247,3642.1397
0,169,3,0,2266.6,1727,346,6602.2397
0,170,1,2,1561.0,1403,194,4900.4907
0,171,1,0,2100.6,1893,348,7093.4197
0,172,1,1,420.2,14,2,0.2197
0,173,3,1,420.2,14,2,0.2197
0,174,3,0,2531.6,1462,293,6320.2027
0,175,1,2,1997.0,967,194,3360.1027
0,176,3,1,420.2,14,2,0.2197
0,177,1,1,420.2,14,2,0.2197
0,178,1,0,2457.6,1536,293,6581.6447
0,179,1,0,2353.6,1640,249,6040.1697
0,180,3,2,1800.0,1164,194,4031.52649
0,181,1,0,2363.6,1630,249,6010.2197
0,182,1,2,1732.0,1232,247,3642.1397
0,183,1,1,420.2,14,2,0.2197
0,184,1,1,420.2,14,2,0.2197
0,185,1,1,420.2,14,2,0.2197
0,186,1,2,1882.0,1082,194,3766.3977
0,187,1,0,2266.6,1727,346,6602.2397
0,188,3,1,420.2,14,2,0.2197
0,189,3,2,1997.0,967,194,3360.1027
0,190,3,1,420.2,14,2,0.2197
0,191,1,1,420.2,14,2,0.2197
0,192,3,0,2531.6,1462,293,6320.2027
0,193,1,2,1943.0,1021,194,3550.8847
0,194,3,2,1734.0,1230,245,3642.1397
0,195,3,1,420.2,14,2,0.2197
0,196,1,0,2266.6,1727,346,6602.2397
0,197,3,0,2365.6,1628,247,6010.2197
0,198,1,1,420.2,14,2,0.2197
0,199,3,2,1910.0,1054,194,3667.4737
0,200,3,1,412.2,22,2,0.39546
0,201,3,2,1997.0,967,194,3360.1027
0,202,3,1,420.2,14,2,0.2197
0,203,1,0,2365.6,1628,247,6010.2197
0,204,1,0,2365.6,1628,247,6010.2197
0,205,3,2,1856.0,1108,194,3858.2557
0,206,3,0,2389.6,1604,295,6814.8227
0,207,1,1,420.2,14,2,0.2197
0,208,1,1,420.2,14,2,0.2197
0,209,1,2,1734.0,1230,245,3642.1397
0,210,1,0,2266.6,1727,346,6602.2397
0,211,1,2,1732.0,1232,247,3642.1397
0,212,3,2,1732.0,1232,247,3642.1397
0,213,1,1,420.2,14,2,0.2197
0,214,3,2,1997.0,967,194,3360.1027
0,215,1,1,420.2,14,2,0.2197
0,216,1,2,1997.0,967,194,3360.1027
0,217,1,1,420.2,14,2,0.2197
0,218,3,1,420.2,14,2,0.2197
0,219,3,2,1997.0,967,194,3360.1027
0,220,3,1,420.2,14,2,0.2197
0,221,3,0,2360.6,1633,247,6010.32955
0,222,3,0,2363.6,1630,249,6010.2197
0,223,1,0,2363.6,1630,249,6010.2197
0,224,3,1,418.2,16,2,0.26364
0,225,1,1,420.2,14,2,0.2197
0,226,3,1,420.2,14,2,0.2197
0,227,1,1,420.2,14,2,0.2197
0,228,3,2,1958.0,1006,194,3497.8897
0,229,1,1,420.2,14,2,0.2197
0,230,3,2,1722.0,1242,247,3642.3594
0,231,1,1,420.2,14,2,0.2197
0,232,1,0,2217.6,1776,346,6748.9947
0,233,3,2,1847.0,1117,194,3890.0527
0,234,1,1,420.2,14,2,0.2197
0,235,1,0,2266.6,1727,346,6602.2397
0,236,3,2,1732.0,1232,247,3642.1397
0,237,3,2,1997.0,967,194,3360.1027
0,238,1,1,420.2,14,2,0.2197
0,239,1,0,2526.6,1467,293,6320.31255
0,240,3,2,1734.0,1230,245,3642.1397
0,241,1,2,1732.0,1232,247,3642.1397
0,242,1,0,2030.6,1963,348,7303.0697
0,243,1,2,1948.0,1016,194,3533.2197
0,244,1,1,420.2,14,2,0.2197
0,245,3,0,2417.6,1576,293,6722.9647
0,246,1,1,420.2,14,2,0.2197
0,247,3,1,420.2,14,2,0.2197
0,248,1,2,1732.0,1232,247,3642.1397
0,249,3,2,1732.0,1232,247,3642.1397
0,250,1,2,1855.0,1109,194,3861.7887
0,251,3,2,1995.0,969,196,3360.1027
0,252,1,0,2205.6,1788,251,6010.2197
0,253,1,1,420.2,14,2,0.2197
0,254,3,0,2267.6,1726,297,6320.2027
0,255,3,1,420.2,14,2,0.2197
0,256,1,0,2245.6,1748,346,6698.02955
0,257,3,1,420.2,14,2,0.2197
0,258,1,0,2113.6,1880,293,8509.0737
0,259,3,2,1724.0,1240,249,3642.1397
0,260,1,0,2263.6,1730,346,6620.1797
0,261,3,2,1732.0,1232,245,3642.18364
0,262,3,1,420.2,14,2,0.2197
0,263,1,2,1732.0,1232,247,3642.1397
0,264,3,0,2266.6,1727,346,6602.2397
0,265,3,2,1852.0,1112,194,3872.3877
0,266,1,0,1444.6,2549,346,9064.1297
0,267,3,0,2363.6,1630,247,6016.2097
0,268,1,1,409.2,25,4,0.2197
0,269,3,2,1967.0,997,194,3466.0927
0,270,3,2,1563.0,1401,247,4133.42955
0,271,1,1,367.2,67,4,0.2197
0,272,3,2,1944.0,1020,194,3547.3517
0,273,1,0,2333.6,1660,247,6106.0597
0,274,1,1,416.2,18,2,0.30758
0,275,3,2,1952.0,1012,194,3519.0877
0,276,3,0,2168.6,1825,251,6010.2197
0,277,3,2,1916.0,1048,194,3646.2757
0,278,3,0,2380.6,1613,293,6865.9207
0,279,3,0,2259.6,1734,346,6644.0997
0,280,1,2,1729.0,1235,247,3642.1397
0,281,1,2,1734.0,1230,245,3642.1397
0,282,1,0,2266.6,1727,346,6602.2397
0,283,1,1,420.2,14,2,0.2197
0,284,1,1,420.2,14,2,0.2197
0,285,3,0,2326.6,1667,295,7002.2914
0,286,3,1,420.2,14,2,0.2197
0,287,3,2,1734.0,1230,245,3642.1397
0,288,1,2,1732.0,1232,247,3642.1397
0,289,1,0,2194.6,1799,346,6817.8797
0,290,3,2,1890.0,1074,194,3738.1337
0,291,3,2,1734.0,1230,245,3642.1397
0,292,3,1,420.2,14,2,0.2197
0,293,3,2,1972.0,992,194,3423.85049
0,294,3,2,1948.0,1016,194,3533.2197
0,295,3,0,2365.6,1628,247,6010.2197
0,296,1,2,1729.0,1235,245,3642.24955
0,297,3,0,2264.6,1729,348,6602.2397
0,298,1,1,420.2,14,2,0.2197
0,299,1,0,2402.6,1591,293,6775.9597
0,300,3,1,420.2,14,2,0.2197
0,301,1,0,2144.6,1849,249,6010.2197
0,302,1,1,420.2,14,2,0.2197
0,303,3,1,420.2,14,2,0.2197
0,304,3,0,2392.6,1601,297,6737.0967
0,305,1,1,420.2,14,2,0.2197
0,306,3,1,420.2,14,2,0.2197
0,307,3,2,1605.0,1359,249,3642.1397
0,308,3,1,420.2,14,2,0.2197
0,309,1,1,420.2,14,2,0.2197
0,310,3,2,1838.0,1126,194,3921.8497
0,311,3,2,1729.0,1235,247,3642.20561
0,312,3,1,420.2,14,2,0.2197
0,313,1,2,1732.0,1232,247,3642.1397
0,314,1,0,2266.6,1727,346,6602.2397
0,315,1,2,1879.0,1085,194,3776.9967
0,316,3,1,420.2,14,2,0.2197
0,317,1,0,2365.6,1628,247,6010.2197
0,318,3,2,1734.0,1230,245,3642.1397
0,319,1,0,2224.6,1769,346,6728.0297
0,320,1,0,2238.6,1755,295,7348.3057
0,321,1,2,1688.0,1276,245,3779.9097
0,322,1,1,413.2,21,4,0.2197
0,323,3,1,410.2,24,4,0.2197
0,324,1,0,2378.6,1615,295,6853.6857
0,325,1,0,2365.6,1628,247,6010.2197
0,326,1,1,420.2,14,2,0.2197
0,327,1,2,1997.0,967,194,3360.1027
0,328,1,0,1826.6,2167,348,8654.3297
0,329,3,0,2494.6,1499,297,6383.7967
0,330,1,2,1686.0,1278,249,3642.3594
0,331,3,2,1722.0,1242,249,3642.1397
0,332,3,1,420.2,14,2,0.2197
0,333,3,1,420.2,14,2,0.2197
0,334,3,2,1720.0,1244,249,3642.1397
0,335,3,1,420.2,14,2,0.2197
0,336,1,2,1997.0,967,194,3360.1027
0,337,1,2,1734.0,1230,245,3642.1397
0,338,1,1,420.2,14,2,0.2197
0,339,3,0,2139.6,1854,346,6982.6047
0,340,3,2,1925.0,1039,194,3614.4787
0,341,3,0,2266.6,1727,346,6602.2397
0,342,3,0,2031.6,1962,346,7306.0647
0,343,3,2,1524.0,1440,245,4271.0897
0,344,1,2,1694.0,1270,247,3755.9497
0,345,1,0,2342.6,1651,293,6987.9397
0,346,3,0,2335.6,1658,293,7012.6707
0,347,3,0,2365.6,1628,247,6010.2197
0,348,1,1,420.2,14,2,0.2197
0,349,3,2,1734.0,1230,245,3642.1397
0,350,3,0,2531.6,1462,293,6320.2027
0,351,1,0,2363.6,1630,249,6010.2197
0,352,1,0,2347.6,1646,249,6058.1397
0,353,3,2,1825.0,1139,194,3967.7787
0,354,3,2,1732.0,1232,247,3642.1397
0,355,1,0,2266.6,1727,346,6602.2397
0,356,3,1,420.2,14,2,0.2197
0,357,3,0,2363.6,1630,249,6010.2197
0,358,3,0,2254.6,1739,348,6632.1897
0,359,3,2,1907.0,1057,194,3653.49549
0,360,3,2,1888.0,1076,194,3745.1997
0,361,3,2,1732.0,1232,247,3642.1397
0,362,1,2,1850.0,1114,194,3879.4537
0,363,1,2,1727.0,1237,245,3642.29349
0,364,3,2,1813.0,1151,194,4010.1747
0,365,3,0,2365.6,1628,247,6010.2197
0,366,3,1,420.2,14,2,0.2197
0,367,3,2,1885.0,1079,194,3755.7987
0,368,1,1,420.2,14,2,0.2197
0,369,1,1,420.2,14,2,0.2197
0,370,1,1,420.2,14,2,0.2197
0,371,3,0,2527.6,1466,293,6334.3347
0,372,1,0,2365.6,1628,247,6010.2197
0,373,3,1,413.2,21,2,0.37349
0,374,3,1,420.2,14,2,0.2197
0,375,1,0,927.6,3066,297,15858.3027
0,376,1,0,714.6,3279,297,15840.3627
0,377,3,2,1715.0,1249,249,3642.1397
0,378,1,2,1270.0,1694,249,3642.1397
0,379,3,0,1855.6,2138,350,7493.2597
0,380,1,1,420.2,14,2,0.2197
0,381,3,1,420.2,14,2,0.2197
0,382,1,0,954.6,3039,350,14340.3597
0,383,1,2,800.0,2164,249,3642.1397
0,384,3,0,2021.6,1972,350,6632.1397
0,385,1,2,974.0,1990,249,3642.1397
0,386,3,0,2186.6,1807,350,6996.9197
0,388,3,1,-132.8,567,4,0.37349
0,389,1,2,924.0,2040,249,5397.2097
0,390,3,0,2315.6,1678,297,6892.8657
0,391,1,1,-3477.8,3912,4,0.2197
0,392,3,0,2145.6,1848,297,8451.5157
0,393,3,2,1408.0,1556,249,4582.5697
0,394,3,0,1997.6,1996,350,7395.8847
0,395,3,1,243.2,191,4,0.2197
0,396,1,2,1127.0,1837,196,5882.6647
0,397,1,0,559.6,3434,297,14325.6317
0,398,1,0,564.6,3429,350,11681.80758
0,399,1,2,1278.0,1686,249,4798.2097
0,400,3,0,2090.6,1903,350,7090.4147
0,401,3,2,1613.0,1351,196,4147.9617
0,402,1,0,613.6,3380,350,12236.4397
0,403,1,1,281.2,153,4,0.2197
0,404,3,2,1525.0,1439,249,3962.6047
0,405,3,0,1802.6,2191,350,7252.0147
0,406,1,0,171.6,3822,249,11977.68067
0,407,1,2,619.0,2345,249,5216.492
0,408,1,2,628.0,2336,249,5264.17033
0,409,3,0,1907.6,2086,297,9560.4537
0,410,3,1,375.2,59,4,0.2197
0,411,1,1,372.2,62,4,0.4394
0,412,1,1,243.2,191,4,0.2197
0,413,3,0,2092.6,1901,348,7338.2697
0,414,1,2,349.0,2615,245,7790.2147
0,415,1,2,1225.0,1739,245,5116.05319
0,416,3,2,1558.0,1406,249,4094.42864
0,417,1,2,499.0,2465,194,8652.5367
0,418,3,2,1722.0,1242,196,4306.9467
0,419,1,1,378.2,56,4,0.2197
0,420,3,2,1875.0,1089,194,3784.0627
0,421,3,2,1327.0,1637,245,4861.1047
0,422,1,2,1078.0,1886,245,5606.8597
0,423,3,1,396.2,38,4,0.2197
0,424,3,0,2334.6,1659,295,7009.1377
0,425,1,1,385.2,49,4,0.2197
0,426,1,2,1734.0,1230,245,3642.1397
0,427,1,2,1734.0,1230,245,3642.1397
0,428,3,2,1728.0,1236,247,3642.22758
0,429,1,1,343.2,91,4,0.30758
0,430,3,2,1732.0,1232,247,3642.1397
0,431,3,1,420.2,14,2,0.2197
0,432,3,1,420.2,14,2,0.2197
0,433,1,1,415.2,19,2,0.32955
0,434,1,1,420.2,14,2,0.2197
0,435,1,0,2531.6,1462,293,6320.2027
0,436,1,1,420.2,14,2,0.2197
0,437,3,1,420.2,14,2,0.2197
0,438,1,1,415.2,19,2,0.32955
0,439,3,1,420.2,14,2,0.2197
0,440,1,2,1995.0,969,196,3360.1027
0,441,1,2,1734.0,1230,245,3642.1397
0,442,1,2,1732.0,1232,247,3642.1397
0,443,1,0,2266.6,1727,346,6602.2397
0,444,3,2,1732.0,1232,247,3642.1397
0,445,1,0,2417.6,1576,293,6722.9647
0,446,3,1,420.2,14,2,0.2197
0,447,1,0,2531.6,1462,293,6320.2027
0,448,1,0,2529.6,1464,295,6320.2027
0,449,3,0,2365.6,1628,247,6010.2197
0,450,1,1,420.2,14,2,0.2197
0,451,3,2,1734.0,1230,245,3642.1397
0,452,3,1,418.2,16,2,0.26364
0,453,1,2,1792.0,1172,194,4084.3677
0,454,1,1,420.2,14,2,0.2197
0,455,3,1,420.2,14,2,0.2197
0,456,1,2,1997.0,967,194,3360.1027
0,457,3,2,1997.0,967,194,3360.1027
0,458,1,1,420.2,14,2,0.2197
0,459,1,0,2348.6,1645,249,6010.54925
0,460,3,0,2360.6,1633,247,6010.32955
0,461,3,1,420.2,14,2,0.2197
0,462,3,2,1734.0,1230,245,3642.1397
0,463,3,0,2272.6,1721,295,7228.1837
0,464,1,0,2154.6,1839,346,6937.6797
0,465,3,2,1985.0,979,196,3395.4327
0,466,3,1,420.2,14,2,0.2197
0,467,1,2,1732.0,1232,247,3642.1397
0,468,1,0,2266.6,1727,346,6602.2397
0,469,3,2,1730.0,1234,249,3642.1397
0,470,3,0,2469.6,1524,295,6532.1827
0,471,3,1,420.2,14,2,0.2197
0,472,3,1,420.2,14,2,0.2197
0,473,3,0,2531.6,1462,293,6320.2027
0,474,3,2,1852.0,1112,194,3872.3877
0,475,3,2,1732.0,1232,247,3642.1397
0,476,3,1,420.2,14,2,0.2197
0,477,3,2,1732.0,1232,247,3642.1397
0,478,3,2,1732.0,1232,247,3642.1397
0,479,1,0,2531.6,1462,293,6320.2027
0,480,1,2,1788.0,1176,194,4098.4997
0,481,1,2,1734.0,1230,245,3642.1397
0,482,3,2,1732.0,1232,247,3642.1397
0,483,1,1,420.2,14,2,0.2197
0,484,3,0,2404.6,1589,293,6768.8937
0,485,3,1,420.2,14,2,0.2197
0,486,1,0,2365.6,1628,247,6010.2197
0,487,3,0,2344.6,1649,295,6973.8077
0,488,1,2,1734.0,1230,245,3642.1397
0,489,1,0,2365.6,1628,247,6010.2197
0,490,3,2,1785.0,1179,194,4109.0987
0,491,3,1,418.2,16,2,0.26364
0,492,1,2,1734.0,1230,245,3642.1397
0,493,1,1,420.2,14,2,0.2197
0,494,1,1,420.2,14,2,0.2197
0,495,1,1,420.2,14,2,0.2197
0,496,1,2,1833.0,1131,194,3939.5147
0,497,3,2,1732.0,1232,247,3642.1397
0,498,3,0,2365.6,1628,247,6010.2197
0,499,3,2,1734.0,1230,245,3642.1397
0,500,3,0,2264.6,1729,348,6602.2397
0,501,3,2,1851.0,1113,194,3875.9207
0,502,1,1,420.2,14,2,0.2197
0,503,1,2,1734.0,1230,245,3642.1397
0,504,3,2,1987.0,977,194,3395.4327
0,505,1,0,2365.6,1628,247,6010.2197
0,506,3,0,2264.6,1729,348,6602.2397
0,507,1,1,420.2,14,2,0.2197
0,508,3,1,420.2,14,2,0.2197
0,509,1,2,1974.0,990,194,3441.3617
0,510,3,2,1936.0,1028,194,3575.6157
0,511,3,2,1997.0,967,194,3360.1027
0,512,1,0,2531.6,1462,293,6320.2027
0,513,3,1,420.2,14,2,0.2197
0,514,3,2,1734.0,1230,245,3642.1397
0,515,1,0,2266.6,1727,346,6602.2397
0,516,1,2,1732.0,1232,247,3642.1397
0,517,3,2,1811.0,1153,194,4017.2407
0,518,1,1,420.2,14,2,0.2197
0,519,3,1,420.2,14,2,0.2197
0,520,3,1,420.2,14,2,0.2197
0,521,1,0,2394.6,1599,295,6797.1577
0,522,3,1,420.2,14,2,0.2197
0,523,3,2,1732.0,1232,247,3642.1397
0,524,1,0,2262.6,1731,346,6602.32758
0,525,1,1,420.2,14,2,0.2197
0,526,1,0,2437.6,1556,295,6645.2387
0,527,3,1,420.2,14,2,0.2197
0,528,3,1,420.2,14,2,0.2197
0,529,1,1,420.2,14,2,0.2197
0,530,1,1,420.2,14,2,0.2197
0,531,3,0,2531.6,1462,293,6320.2027
0,532,1,1,410.2,24,2,0.4394
0,533,3,2,1903.0,1061,194,3692.2047
0,534,1,2,1734.0,1230,245,3642.1397
0,535,3,2,1732.0,1232,247,3642.1397
0,536,3,2,1732.0,1232,247,3642.1397
0,537,1,1,420.2,14,2,0.2197
0,538,1,0,2223.6,1770,348,6725.0347
0,539,1,0,2266.6,1727,346,6602.2397
0,540,3,0,2383.6,1610,293,6836.06464
0,541,1,1,420.2,14,2,0.2197
0,542,1,2,1734.0,1230,245,3642.1397
0,543,1,0,2531.6,1462,293,6320.2027
0,544,1,0,2352.6,1641,251,6010.2197
0,545,1,2,1824.0,1140,194,3971.3117
0,546,1,1,420.2,14,2,0.2197
0,547,1,0,2263.6,1730,346,6620.1797
0,548,1,2,1732.0,1232,247,3642.1397
0,549,1,2,1732.0,1232,247,3642.1397
0,550,3,2,1746.0,1218,194,4246.8857
0,551,3,1,420.2,14,2,0.2197
0,552,1,0,2365.6,1628,247,6010.2197
0,553,1,2,1884.0,1080,194,3759.3317
0,554,1,2,1732.0,1232,247,3642.1397
0,555,3,0,2365.6,1628,247,6010.2197
0,556,3,0,2264.6,1729,348,6602.2397
0,557,1,1,338.2,96,4,0.2197
0,558,1,1,359.2,75,4,0.2197
0,559,3,2,1801.0,1163,194,4052.5707
0,560,1,2,1732.0,1232,247,3642.1397
0,561,3,1,420.2,14,2,0.2197
0,562,1,0,2064.6,1929,346,7207.2297
0,563,1,2,1994.0,970,196,3363.6357
0,564,3,1,420.2,14,2,0.2197
0,565,1,1,420.2,14,2,0.2197
0,566,1,1,420.2,14,2,0.2197
0,567,3,0,2529.6,1464,295,6320.2027
0,568,3,1,420.2,14,2,0.2197
0,569,1,2,1794.0,1170,194,4077.3017
0,570,1,1,420.2,14,2,0.2197
0,571,3,1,420.2,14,2,0.2197
0,572,3,1,420.2,14,2,0.2197
0,573,1,1,420.2,14,2,0.2197
0,574,3,0,2531.6,1462,293,6320.2027
0,575,1,2,1997.0,967,194,3360.1027
0,576,1,2,1734.0,1230,245,3642.1397
0,577,1,2,1732.0,1232,247,3642.1397
0,578,1,2,1732.0,1232,247,3642.1397
0,579,3,2,1732.0,1232,247,3642.1397
0,580,3,2,1732.0,1232,247,3642.1397
0,581,1,1,420.2,14,2,0.2197
0,582,1,1,420.2,14,2,0.2197
0,583,1,2,1997.0,967,194,3360.1027
0,584,1,2,1997.0,967,194,3360.1027
0,585,3,1,420.2,14,2,0.2197
0,586,3,1,420.2,14,2,0.2197
0,587,3,0,2524.6,1469,293,6344.9337
0,588,3,1,420.2,14,2,0.2197
0,589,3,0,2483.6,1510,295,6454.63246
0,590,3,1,420.2,14,2,0.2197
0,591,3,2,1734.0,1230,245,3642.1397
0,592,3,2,1722.0,1242,247,3642.3594
0,593,3,1,420.2,14,2,0.2197
0,594,3,1,412.2,22,2,0.39546
0,595,1,1,420.2,14,2,0.2197
0,596,1,2,1997.0,967,194,3360.1027
0,597,1,0,2531.6,1462,293,6320.2027
0,598,1,2,1732.0,1232,247,3642.1397
0,599,1,0,2266.6,1727,346,6602.2397
0,600,3,1,420.2,14,2,0.2197
0,601,1,0,2365.6,1628,247,6010.2197
0,602,1,0,1609.6,2384,251,6555.3097
0,603,1,2,1945.0,1019,194,3543.8187
0,604,1,2,1989.0,975,194,3388.3667
0,605,1,1,420.2,14,2,0.2197
0,606,1,1,420.2,14,2,0.2197
0,607,1,1,420.2,14,2,0.2197
0,608,1,2,1705.0,1259,196,3981.9107
0,609,1,2,1707.0,1257,196,4038.54855
0,610,1,0,2237.6,1756,348,6739.86758
0,611,3,1,420.2,14,2,0.2197
0,612,1,0,2255.6,1738,348,6656.0597
0,613,1,2,1734.0,1230,245,3642.1397
0,614,1,2,1732.0,1232,247,3642.1397
0,615,3,2,1732.0,1232,247,3642.1397
0,616,1,2,1734.0,1230,245,3642.1397
0,617,1,2,1732.0,1232,247,3642.1397
0,618,3,2,1526.0,1438,245,4265.0997
0,619,1,0,2114.6,1879,293,7793.4637
0,620,3,1,364.2,70,4,0.2197
0,621,1,2,1997.0,967,194,3360.1027
0,622,1,0,2468.6,1525,293,6542.7817
0,623,1,0,2365.6,1628,247,6010.2197
0,624,3,0,2363.6,1630,249,6010.2197
0,625,1,0,2363.6,1630,249,6010.2197
0,626,1,2,1734.0,1230,245,3642.1397
0,627,3,2,1858.0,1106,196,3844.1237
0,628,3,2,1734.0,1230,245,3642.1397
0,629,3,1,420.2,14,2,0.2197
0,630,1,1,420.2,14,2,0.2197
0,631,1,1,420.2,14,2,0.2197
0,632,3,0,2531.6,1462,293,6320.2027
0,633,3,0,2531.6,1462,293,6320.2027
0,634,3,0,2365.6,1628,247,6010.2197
0,635,1,2,1734.0,1230,245,3642.1397
0,636,3,0,2191.6,1802,348,6820.8747
0,637,3,1,420.2,14,2,0.2197
0,638,3,2,1904.0,1060,194,3688.6717
0,639,3,1,420.2,14,2,0.2197
0,640,1,1,420.2,14,2,0.2197
0,641,1,1,420.2,14,2,0.2197
0,642,1,2,1997.0,967,194,3360.1027
0,643,1,0,2266.6,1727,346,6602.2397
0,644,1,0,2231.6,1762,348,6602.2397
0,645,3,0,2264.6,1729,348,6602.2397
0,646,3,0,2335.6,1658,295,6995.0057
0,647,1,1,420.2,14,2,0.2197
0,648,1,1,420.2,14,2,0.2197
0,649,1,2,1997.0,967,194,3360.1027
0,650,1,0,2132.6,1861,297,6920.8127
0,651,1,1,420.2,14,2,0.2197
0,652,1,0,1992.6,2001,348,8228.7997
0,653,3,0,2261.6,1732,348,6620.1797
0,654,1,2,1332.0,1632,249,3642.1397
0,655,1,1,420.2,14,2,0.2197
0,656,3,0,2242.6,1751,350,6685.9597
0,657,1,0,2244.6,1749,348,6691.9897
0,658,3,2,1740.0,1224,196,4038.6584
0,659,1,2,1727.0,1237,247,3648.1297
0,660,3,0,2266.6,1727,346,6602.2397
0,661,3,2,1903.0,1061,194,3692.2047
0,662,3,0,2077.6,1916,350,7144.3347
0,663,3,0,2129.6,1864,251,6663.1297
0,664,1,1,370.2,64,4,0.2197
0,665,3,1,279.2,155,4,0.2197
0,666,1,2,1779.0,1185,194,3360.1027
0,667,3,2,1875.0,1089,196,3678.0727
0,668,3,2,1521.0,1443,249,3642.1397
0,669,1,2,621.0,2343,249,3642.1397
0,670,3,1,420.2,14,2,0.2197
0,671,3,1,420.2,14,2,0.2197
0,672,1,0,668.6,3325,350,15763.5997
0,673,3,1,402.2,32,4,0.2197
0,674,3,2,1724.0,1240,249,3642.1397
0,675,1,2,593.0,2371,249,3642.1397
0,676,3,2,1711.0,1253,196,3798.1947
0,677,1,0,1032.6,2961,348,13969.5997
0,678,1,0,894.6,3099,293,15769.3297
0,679,3,1,317.2,117,4,0.2197
0,680,3,0,2037.6,1956,350,7469.3397
0,681,3,2,1608.0,1356,249,3642.1397
0,682,3,0,1919.6,2074,350,7682.21864
0,683,3,0,2060.6,1933,350,7186.2147
0,684,3,0,1874.6,2119,350,7761.2547
0,685,3,2,1673.0,1291,249,3794.8847
0,686,1,2,897.0,2067,249,5555.9447
0,687,3,1,322.2,112,4,0.2197
0,688,1,1,268.2,166,4,0.2197
0,689,3,0,2027.6,1966,350,7303.0397
0,690,3,2,1602.0,1362,196,4034.94964
0,691,3,2,1682.0,1282,196,4335.2107
0,692,1,2,785.0,2179,194,7642.0987
0,693,3,2,1596.0,1368,249,4022.5047
0,694,3,2,1671.0,1293,249,3809.8597
0,695,3,0,2198.6,1795,293,7496.6917
0,696,1,1,355.2,79,4,0.2197
0,697,3,2,1726.0,1238,247,3660.1097
0,698,1,2,1339.0,1625,245,4825.1647
0,699,3,2,1730.0,1234,247,3648.1297
0,700,1,2,1388.0,1576,247,4672.4197
0,701,3,0,2291.6,1702,247,6231.8497
0,702,1,1,395.2,39,4,0.2197
0,703,3,0,2336.6,1657,293,7009.1377
0,704,1,1,420.2,14,2,0.2197
0,705,3,1,420.2,14,2,0.2197
0,706,1,1,420.2,14,2,0.2197
0,707,3,1,420.2,14,2,0.2197
0,708,1,0,2531.6,1462,293,6320.2027
0,709,3,2,1734.0,1230,245,3642.1397
0,710,1,0,2531.6,1462,293,6320.2027
0,711,3,0,2122.6,1871,249,6010.2197
0,712,3,2,1834.0,1130,196,3918.3167
0,713,3,0,2358.6,1635,249,6010.26364
0,714,1,0,2365.6,1628,247,6010.2197
0,715,3,2,1732.0,1232,247,3642.1397
0,716,1,2,1732.0,1232,247,3642.1397
0,717,3,0,2451.6,1542,293,6602.8427
0,718,3,0,2363.6,1630,249,6010.2197
0,719,3,2,1936.0,1028,194,3575.6157
0,720,3,1,411.2,23,4,0.2197
0,721,1,2,1732.0,1232,247,3642.1397
0,722,3,2,1732.0,1232,247,3642.1397
0,723,1,2,1729.0,1235,245,3657.1147
0,724,1,0,2320.6,1673,295,7058.5997
0,725,3,2,1788.0,1176,194,4098.4997
0,726,3,2,1732.0,1232,247,3642.1397
0,727,1,1,420.2,14,2,0.2197
0,728,1,0,2360.6,1633,247,6010.32955
0,729,3,1,420.2,14,2,0.2197
0,730,1,0,2531.6,1462,293,6320.2027
0,731,3,2,1997.0,967,194,3360.1027
0,732,1,1,420.2,14,2,0.2197
0,733,1,0,2365.6,1628,247,6010.2197
0,734,3,0,2363.6,1630,249,6010.2197
0,735,1,1,420.2,14,2,0.2197
0,736,1,0,2389.6,1604,293,6821.8887
0,737,3,0,2353.6,1640,295,6942.0107
0,738,3,0,2365.6,1628,247,6010.2197
0,739,1,1,420.2,14,2,0.2197
0,740,3,1,420.2,14,2,0.2197
0,741,1,2,1732.0,1232,247,3642.1397
0,742,1,1,420.2,14,2,0.2197
0,743,3,1,420.2,14,2,0.2197
0,744,1,2,1997.0,967,194,3360.1027
0,745,3,0,2168.6,1825,297,6320.2027
0,746,1,2,1734.0,1230,245,3642.1397
0,747,1,2,1732.0,1232,247,3642.1397
0,748,1,0,2261.6,1732,348,6602.2397
0,749,3,1,420.2,14,2,0.2197
0,750,3,0,2262.6,1731,350,6602.2397
0,751,1,0,2236.6,1757,350,6709.8797
0,752,3,0,2251.6,1742,350,6608.2197
0,753,1,1,420.2,14,2,0.2197
0,754,1,1,420.2,14,2,0.2197
0,755,3,2,1961.0,1003,194,3487.2907
0,756,1,0,2282.6,1711,295,6320.2027
0,757,1,0,1718.6,2275,350,7295.9197
0,758,1,1,420.2,14,2,0.2197
0,759,3,1,420.2,14,2,0.2197
0,760,3,0,2247.6,1746,350,6662.0397
0,761,3,0,2137.6,1856,350,6614.37546
0,762,3,2,1569.0,1395,249,3675.0847
0,763,1,0,1714.6,2279,293,10170.7817
0,764,1,1,218.2,216,4,0.2197
0,765,1,1,397.2,37,4,0.2197
0,766,3,0,2156.6,1837,297,8305.80367
0,767,1,2,1364.0,1600,249,3642.1397
0,768,3,0,2116.6,1877,348,7054.4547
0,769,1,2,1439.0,1525,247,4181.2397
0,770,1,0,2258.6,1735,346,6635.1547
0,771,3,0,2122.6,1871,295,7758.1337
0,772,1,0,1963.6,2030,346,7509.7247
0,773,3,2,1721.0,1243,194,4335.2107
0,774,1,1,374.2,60,4,0.2197
0,775,1,1,386.2,48,4,0.2197
0,776,1,2,1726.0,1238,245,3666.0997
0,777,3,0,2319.6,1674,247,6147.9897
0,778,3,1,414.2,20,4,0.2197
0,779,3,0,2032.6,1961,346,7303.0697
0,780,1,1,250.2,184,4,0.2197
0,781,3,0,2220.6,1773,295,7411.8997
0,782,3,0,2380.6,1613,295,6846.6197
0,783,1,0,2264.6,1729,348,6602.2397
0,784,3,1,420.2,14,2,0.2197
0,785,1,2,1732.0,1232,247,3642.1397
0,786,3,1,420.2,14,2,0.2197
0,787,1,1,420.2,14,2,0.2197
0,788,3,2,1997.0,967,194,3360.1027
0,789,3,2,1997.0,967,194,3360.1027
0,790,1,2,1732.0,1232,247,3642.1397
0,791,1,1,420.2,14,2,0.2197
0,792,3,2,1909.0,1055,194,3671.0067
0,793,3,1,420.2,14,2,0.2197
0,794,1,1,420.2,14,2,0.2197
0,795,3,0,2417.6,1576,293,6687.8544
0,796,3,1,420.2,14,2,0.2197
0,797,1,1,420.2,14,2,0.2197
0,798,1,1,420.2,14,2,0.2197
0,799,3,0,2252.6,1741,346,6685.9597
0,800,1,1,420.2,14,2,0.2197
0,801,1,1,413.2,21,2,0.37349
0,802,3,2,1836.0,1128,196,3879.4537
0,803,1,2,1405.0,1559,249,3642.31546
0,804,1,0,2451.6,1542,295,6654.5047
0,805,1,1,420.2,14,2,0.2197
0,806,1,2,1722.0,1242,249,3642.1397
0,807,1,2,1732.0,1232,247,3642.1397
0,808,1,2,1732.0,1232,247,3642.1397
0,809,1,1,420.2,14,2,0.2197
0,810,1,1,412.2,22,2,0.39546
0,811,3,0,2266.6,1727,346,6602.2397
0,812,3,1,420.2,14,2,0.2197
0,813,3,1,420.2,14,2,0.2197
0,814,1,0,2266.6,1727,346,6602.2397
0,815,1,2,1728.0,1236,247,3642.22758
0,816,3,1,239.2,195,4,0.2197
0,817,1,2,1913.0,1051,194,3656.8747
0,818,1,0,2443.6,1550,297,6320.2027
0,819,1,2,1466.0,1498,249,4402.8697
0,820,1,0,2067.6,1926,297,6956.1427
0,821,3,1,420.2,14,2,0.2197
0,822,1,0,2173.6,1820,348,6889.7097
0,823,3,2,1725.0,1239,196,3688.6717
0,824,3,2,1729.0,1235,247,3642.1397
0,825,3,0,2262.6,1731,350,6602.2397
0,826,3,1,415.2,19,2,0.32955
0,827,1,1,420.2,14,2,0.2197
0,828,1,0,2259.6,1734,346,6644.0997
0,829,3,1,420.2,14,2,0.2197
0,830,1,1,420.2,14,2,0.2197
0,831,1,2,1671.0,1293,249,3642.1397
0,832,3,1,417.2,17,2,0.28561
0,833,3,2,1722.0,1242,249,3642.1397
0,834,3,2,1609.0,1355,247,4010.5247
0,835,1,1,420.2,14,2,0.2197
0,836,3,2,1953.0,1011,194,3515.5547
0,837,1,0,2479.6,1514,297,6320.2027
0,838,3,1,420.2,14,2,0.2197
0,839,3,0,1978.6,2015,350,6859.3797
0,840,3,1,346.2,88,4,0.32955
0,841,1,1,398.2,36,4,0.2197
0,842,1,2,1715.0,1249,249,3657.1147
0,843,3,0,1901.6,2092,350,8411.6947
0,844,3,0,2111.6,1882,297,7585.0447
0,845,3,2,1623.0,1341,196,3798.1947
0,846,1,2,1421.0,1543,249,3642.1397
0,847,3,0,2253.6,1740,350,6620.1797
0,848,1,2,1584.0,1380,249,3642.1397
0,849,3,2,1624.0,1340,249,3642.1397
0,850,3,0,2226.6,1767,247,6426.5247
0,851,1,2,887.0,2077,245,6178.9047
0,852,1,2,1734.0,1230,245,3642.1397
0,853,3,0,2261.6,1732,297,7407.1877
0,854,3,0,2268.6,1725,297,7196.3867
0,855,3,0,2192.6,1801,247,6528.3547
0,856,3,0,2108.6,1885,346,7075.4497
0,857,3,0,2306.6,1687,247,6186.9247
0,858,1,0,2168.6,1825,249,6594.2447
0,859,1,2,1749.0,1215,194,4236.2867
0,860,1,1,342.2,92,4,0.2197
0,861,1,1,420.2,14,2,0.2197
0,862,3,0,2358.6,1635,297,6320.2027
0,863,1,0,2352.6,1641,249,6010.39546
0,864,3,0,2154.6,1839,350,6916.6847
0,865,1,1,420.2,14,2,0.2197
0,866,1,0,2327.6,1666,293,7226.9067
0,867,3,1,420.2,14,2,0.2197
0,868,1,2,1734.0,1230,245,3642.1397
0,869,1,1,420.2,14,2,0.2197
0,870,3,0,2365.6,1628,247,6010.2197
0,871,1,2,1779.0,1185,194,4095.1864
0,872,1,2,1732.0,1232,247,3642.1397
0,873,1,2,1732.0,1232,247,3642.1397
0,874,3,2,1732.0,1232,247,3642.1397
0,875,1,0,2383.6,1610,293,6843.0867
0,876,1,1,285.2,149,4,0.2197
0,877,1,0,2264.6,1729,348,6602.2397
0,878,1,2,1732.0,1232,247,3642.1397
0,879,1,2,1774.0,1190,194,4137.42861
0,880,1,1,377.2,57,4,0.2197
0,881,1,1,420.2,14,2,0.2197
0,882,1,2,1734.0,1230,245,3642.1397
0,883,3,1,420.2,14,2,0.2197
0,884,3,2,1873.0,1091,194,3798.1947
0,885,3,1,420.2,14,2,0.2197
0,886,3,1,420.2,14,2,0.2197
0,887,1,2,1732.0,1232,245,3642.18364
0,888,1,2,1734.0,1230,245,3642.1397
0,889,1,1,420.2,14,2,0.2197
0,890,3,2,1913.0,1051,194,3656.8747
0,891,3,1,420.2,14,2,0.2197
0,892,3,2,1869.0,1095,194,3812.3267
0,893,3,1,420.2,14,2,0.2197
0,894,1,1,420.2,14,2,0.2197
0,895,3,2,1734.0,1230,245,3642.1397
0,896,3,1,420.2,14,2,0.2197
0,897,1,0,2497.6,1496,293,6440.3247
0,898,3,2,1734.0,1230,245,3642.1397
0,899,3,0,2266.6,1727,346,6602.2397
0,900,3,0,2370.6,1623,295,6881.9497
0,901,1,1,420.2,14,2,0.2197
0,902,3,1,410.2,24,2,0.4394
0,903,3,1,420.2,14,2,0.2197
0,904,1,2,1734.0,1230,245,3642.1397
0,905,1,0,2264.6,1729,348,6602.2397
0,906,1,0,2492.6,1501,293,6457.9897
0,907,1,2,1732.0,1232,247,3642.1397
0,908,1,0,2264.6,1729,348,6602.2397
0,909,3,2,1870.0,1094,194,3808.7937
0,910,3,0,2365.6,1628,247,6010.2197
0,911,1,2,1732.0,1232,247,3642.1397
0,912,3,0,2529.6,1464,295,6320.2027
0,913,1,2,1730.0,1234,247,3642.18364
0,914,3,1,420.2,14,2,0.2197
0,915,1,2,1997.0,967,194,3360.1027
0,916,3,1,420.2,14,2,0.2197
0,917,3,2,1734.0,1230,245,3642.1397
0,918,1,0,2337.6,1656,293,7005.6047
0,919,1,1,420.2,14,2,0.2197
0,920,1,0,2363.6,1630,249,6010.2197
0,921,3,0,2264.6,1729,348,6602.2397
0,922,3,1,420.2,14,2,0.2197
0,923,3,2,1997.0,967,194,3360.1027
0,924,1,1,420.2,14,2,0.2197
0,925,1,0,2390.6,1603,293,6818.3557
0,926,3,0,2365.6,1628,247,6010.2197
0,927,3,2,1732.0,1232,247,3642.1397
0,928,3,0,2266.6,1727,346,6602.2397
0,929,1,1,420.2,14,2,0.2197
0,930,1,0,2264.6,1729,348,6602.2397
0,931,3,1,420.2,14,2,0.2197
0,932,1,1,420.2,14,2,0.2197
0,933,3,2,1987.0,977,194,3360.3224
0,934,3,1,420.2,14,2,0.2197
0,935,3,1,420.2,14,2,0.2197
0,936,1,2,1997.0,967,194,3360.1027
0,937,3,1,420.2,14,2,0.2197
0,938,1,2,1734.0,1230,245,3642.1397
0,939,1,2,1734.0,1230,245,3642.1397
0,940,3,2,1787.0,1177,194,4102.0327
0,941,1,0,1785.6,2208,350,7116.5197
0,942,3,0,1758.6,2235,350,9592.2397
0,943,1,0,1324.6,2669,297,11679.3127
0,944,3,2,1521.0,1443,249,3642.1397
0,945,1,2,1442.0,1522,196,4041.9717
0,946,1,0,1319.6,2674,348,11344.3797
0,947,1,1,420.2,14,2,0.2197
0,948,3,2,1666.0,1298,249,3642.1397
0,949,1,0,1506.6,2487,348,11135.0797
0,950,1,2,1720.0,1244,249,3642.1397
0,951,1,2,1366.0,1598,249,3642.1397
0,952,1,0,943.6,3050,293,11930.6067
0,953,3,2,1806.0,1158,196,3897.22855
0,954,3,0,2038.6,1955,350,6755.08849
0,955,3,2,1383.0,1581,196,5024.1457
0,956,3,2,1705.0,1259,249,3693.0547
0,957,3,2,1724.0,1240,249,3642.1397
0,958,3,2,1523.0,1441,196,4695.73049
0,959,3,2,1587.0,1377,249,4046.4647
0,960,1,2,1551.0,1413,247,4184.2347
0,961,3,2,1674.0,1290,247,3815.8497
0,962,1,0,1587.6,2406,293,9655.3547
0,963,3,2,1717.0,1247,247,3687.0647
0,964,1,0,1554.6,2439,249,8427.22864
0,965,3,1,243.2,191,4,0.2197
0,966,3,1,253.2,181,4,0.2197
0,967,1,2,1590.0,1374,245,4073.4197
0,968,1,1,279.2,155,4,0.2197
0,969,1,0,2180.6,1813,249,6558.3047
0,970,3,1,420.2,14,2,0.2197
0,971,1,0,2152.6,1841,348,6937.6797
0,972,1,0,2266.6,1727,346,6602.2397
0,973,3,2,1969.0,995,194,3459.0267
0,974,3,2,1732.0,1232,247,3642.1397
0,975,3,0,2259.6,1734,348,6602.34955
0,976,1,1,420.2,14,2,0.2197
0,977,3,1,420.2,14,2,0.2197
0,978,1,2,1997.0,967,194,3360.1027
0,979,1,2,1997.0,967,194,3360.1027
0,980,1,0,2266.6,1727,346,6602.2397
0,981,3,0,2266.6,1727,346,6602.2397
0,982,3,1,420.2,14,2,0.2197
0,983,1,1,420.2,14,2,0.2197
0,984,1,1,420.2,14,2,0.2197
0,985,3,0,2498.6,1495,295,6426.1927
0,986,1,1,420.2,14,2,0.2197
0,987,3,2,1958.0,1006,194,3462.7794
0,988,3,2,1717.0,1247,245,3642.51319
0,989,1,0,2266.6,1727,346,6602.2397
0,990,1,1,420.2,14,2,0.2197
0,991,3,2,1732.0,1232,247,3642.1397
0,992,1,2,1814.0,1150,194,4006.6417
0,993,1,1,420.2,14,2,0.2197
0,994,1,0,2531.6,1462,293,6320.2027
0,995,3,0,2266.6,1727,346,6602.2397
0,996,1,1,420.2,14,2,0.2197
0,997,3,1,416.2,18,2,0.30758
0,998,1,2,1734.0,1230,245,3642.1397
0,999,3,2,1885.0,1079,194,3755.7987
1,387,1,1,-3609.8,4044,2,3755.7987
Time: 61396, 756017, 374154, 829218
