CONFIGURATION:
{u'simulation': {u'stdev_factor': 0.01, u'power_mgmt_enabled': False, u'tasks': {u'loc': {u'mean_service_time': {u'gpu': 90, u'cpu_core': 200, u'loc_accel': 10}, u'priority': 1, u'deadline': 1000, u'stdev_service_time': {u'gpu': 0.9, u'cpu_core': 2.0, u'loc_accel': 0.1}, u'power': {u'gpu': 4.457, u'cpu_core': 6.133, u'loc_accel': 0.02197}}, u'detect': {u'mean_service_time': {u'gpu': 0.4607, u'cpu_core': 3.654, u'det_accel': 0.278}, u'priority': 2, u'deadline': 1000, u'stdev_service_time': {u'gpu': 0.004607, u'cpu_core': 0.03654, u'det_accel': 0.0027800000000000004}, u'power': {u'gpu': 90, u'cpu_core': 200, u'det_accel': 10}}, u'Frontier': {u'mean_service_time': {u'cpu_core': 396}, u'priority': 9, u'deadline': 1000, u'stdev_service_time': {u'cpu_core': 3.96}, u'power': {u'cpu_core': 5.98}}, u'track': {u'mean_service_time': {u'gpu': 17, u'tra_accel': 2, u'cpu_core': 1820}, u'priority': 3, u'deadline': 1000, u'stdev_service_time': {u'gpu': 0.17, u'tra_accel': 0.02, u'cpu_core': 18.2}, u'power': {u'gpu': 12.79, u'tra_accel': 0.59, u'cpu_core': 5.6}}, u'sp': {u'mean_service_time': {u'gpu': 379, u'cpu_core': 1004}, u'priority': 11, u'deadline': 1000, u'stdev_service_time': {u'gpu': 3.79, u'cpu_core': 10.040000000000001}, u'power': {u'gpu': 3.302, u'cpu_core': 1004}}, u'mission': {u'mean_service_time': {u'cpu_core': 0.0022}, u'priority': 5, u'deadline': 1000, u'stdev_service_time': {u'cpu_core': 2.2000000000000003e-05}, u'power': {u'cpu_core': 3.534}}, u'motion': {u'mean_service_time': {u'cpu_core': 8}, u'priority': 6, u'deadline': 1000, u'stdev_service_time': {u'cpu_core': 0.08}, u'power': {u'cpu_core': 4.222}}, u'collision': {u'mean_service_time': {u'cpu_core': 8}, u'priority': 7, u'deadline': 1000, u'stdev_service_time': {u'cpu_core': 0.08}, u'power': {u'cpu_core': 0}}, u'fusion': {u'mean_service_time': {u'cpu_core': 1}, u'priority': 4, u'deadline': 1000, u'stdev_service_time': {u'cpu_core': 0.01}, u'power': {u'cpu_core': 0}}, u'map': {u'mean_service_time': {u'gpu': 761, u'cpu_core': 973}, u'priority': 10, u'deadline': 1000, u'stdev_service_time': {u'gpu': 7.61, u'cpu_core': 9.73}, u'power': {u'gpu': 3.533, u'cpu_core': 2.995}}, u'path': {u'mean_service_time': {u'cpu_core': 8}, u'priority': 8, u'deadline': 1000, u'stdev_service_time': {u'cpu_core': 0.08}, u'power': {u'cpu_core': 0}}}, u'sched_policy_module': u'policies.ms3_update2', u'drop': True, u'servers': {u'gpu': {u'count': 2}, u'tra_accel': {u'count': 1}, u'cpu_core': {u'count': 8}, u'loc_accel': {u'count': 1}, u'det_accel': {u'count': 1}}, u'max_tasks_simulated': 10000, u'max_queue_size': 1000000, u'mean_arrival_time': 50, u'arrival_time_scale': 2.7}, u'general': {u'random_seed': 0, u'pre_gen_arrivals': False, u'basename': u'policy:ms3_update2__stdev_factor:0.01', u'output_trace_file': None, u'working_dir': u'/home/hiwot/meta-stomp2/sim_16042020_202749_new_arrival_50_map_rheftmapping_50_trace_50', u'input_trace_file': (False, '../mv_mapping_50_trace_50.trc'), u'logging_level': u'INFO'}}

/home/hiwot/meta-stomp2/sim_16042020_202749_new_arrival_50_map_rheftmapping_50_trace_50/../mv_mapping_50_trace_50.trc

Running STOMP simulation...
Dropped,DAG ID,DAG Priority,DAG Type,Slack,Response Time,No-Affinity Time,Energy
0,0,3,0,2685.2,1462,293,6320.2027
0,1,1,0,2683.2,1464,295,6320.2027
0,2,1,1,436.9,14,2,0.2197
0,3,1,2,1905.0,1173,194,4087.9007
0,4,1,0,896.2,3251,297,6362.5987
0,5,1,1,436.9,14,2,0.2197
0,6,3,2,1838.0,1240,249,3642.1397
0,7,3,0,2137.2,2010,350,6811.5397
0,8,3,2,1831.0,1247,249,3642.1397
0,9,3,2,1746.0,1332,249,3642.1397
0,10,3,0,2228.2,1919,350,6632.29349
0,11,1,1,436.9,14,2,0.2197
0,12,2,2,734.0,2344,196,3360.1027
0,13,1,0,1854.2,2293,297,6565.3827
0,14,3,0,2063.2,2084,350,6620.1797
0,15,1,0,1876.2,2271,350,7475.36364
0,16,3,0,2090.2,2057,350,7563.6047
0,17,3,1,257.9,193,4,0.2197
0,18,3,0,2193.2,1954,350,7090.3947
0,20,3,0,2254.2,1893,350,7066.4347
0,21,3,0,2196.2,1951,293,8153.0607
0,22,3,1,424.9,26,4,0.2197
0,23,3,2,1523.0,1555,196,4812.1657
0,24,3,0,2016.2,2131,346,8012.26258
0,25,3,0,1836.2,2311,346,8351.3197
0,26,3,2,1030.0,2048,247,6086.0597
0,28,1,0,1500.2,2647,247,9062.1247
0,29,3,2,1881.0,1197,194,4172.6927
0,30,3,1,350.9,100,4,0.2197
0,31,1,2,1810.0,1268,245,3755.9497
0,32,1,0,2147.2,2000,247,7124.3597
0,33,3,2,2024.0,1054,194,3667.4737
0,34,1,1,436.9,14,2,0.2197
0,35,1,1,436.9,14,2,0.2197
0,36,1,1,436.9,14,2,0.2197
0,37,1,0,2399.2,1748,295,7441.0307
0,38,1,2,1740.0,1338,249,3642.1397
0,39,1,2,1753.0,1325,249,3890.7247
0,40,3,0,2621.2,1526,293,6546.3147
0,41,1,0,2418.2,1729,348,6602.2397
0,42,1,2,1848.0,1230,245,3642.1397
0,43,1,1,436.9,14,2,0.2197
0,44,3,1,436.9,14,2,0.2197
0,45,1,0,2420.2,1727,346,6602.2397
0,46,1,0,2418.2,1729,348,6602.2397
0,47,1,0,2572.2,1575,293,6719.4317
0,48,1,2,1808.0,1270,247,3755.9497
0,49,3,0,2635.2,1512,295,6489.7867
0,50,1,1,436.9,14,2,0.2197
0,51,1,1,436.9,14,2,0.2197
0,52,3,2,1944.0,1134,194,3950.1137
0,53,1,1,436.9,14,2,0.2197
0,54,1,2,2044.0,1034,194,3596.8137
0,55,1,0,2420.2,1727,346,6602.2397
0,56,1,2,1846.0,1232,247,3642.1397
0,57,1,1,436.9,14,2,0.2197
0,58,3,2,1847.0,1231,245,3642.16167
0,59,3,2,1848.0,1230,245,3642.1397
0,60,3,1,436.9,14,2,0.2197
0,61,1,1,436.9,14,2,0.2197
0,62,3,2,2078.0,1000,194,3476.6917
0,63,3,1,436.9,14,2,0.2197
0,64,1,0,2685.2,1462,293,6320.2027
0,65,3,0,2519.2,1628,247,6010.2197
0,66,3,0,2517.2,1630,249,6010.2197
0,67,3,1,436.9,14,2,0.2197
0,68,3,0,2420.2,1727,346,6602.2397
0,69,3,0,2519.2,1628,247,6010.2197
0,70,1,1,436.9,14,2,0.2197
0,71,1,0,2560.2,1587,295,6754.7617
0,72,1,0,2683.2,1464,295,6320.2027
0,73,3,2,1846.0,1232,247,3642.1397
0,74,3,2,1846.0,1232,247,3642.1397
0,75,1,2,2015.0,1063,194,3699.2707
0,76,1,1,436.9,14,2,0.2197
0,77,3,0,2501.2,1646,293,6970.2747
0,78,1,1,436.9,14,2,0.2197
0,79,3,2,1841.0,1237,245,3642.29349
0,80,3,0,2519.2,1628,247,6010.2197
0,81,1,1,436.9,14,2,0.2197
0,82,1,0,2483.2,1664,293,7033.8687
0,83,3,1,436.9,14,2,0.2197
0,84,1,1,436.9,14,2,0.2197
0,85,3,0,2685.2,1462,293,6320.2027
0,86,3,0,2418.2,1729,346,6602.28364
0,87,1,2,1846.0,1232,247,3642.1397
0,88,3,2,1846.0,1232,247,3642.1397
0,89,1,2,2111.0,967,194,3360.1027
0,90,3,0,2685.2,1462,293,6320.2027
0,91,1,0,2519.2,1628,247,6010.2197
0,92,1,0,2519.2,1628,247,6010.2197
0,93,3,1,431.9,19,2,0.32955
0,94,1,1,436.9,14,2,0.2197
0,95,1,2,2075.0,1003,194,3487.2907
0,96,1,1,436.9,14,2,0.2197
0,97,3,0,2583.2,1564,295,6673.5027
0,98,1,2,1846.0,1232,247,3642.1397
0,99,3,2,1845.0,1233,247,3642.16167
0,100,1,0,2420.2,1727,346,6602.2397
0,101,1,1,436.9,14,2,0.2197
0,102,3,0,2418.2,1729,348,6602.2397
0,103,3,0,2519.2,1628,247,6010.2197
0,104,3,1,436.9,14,2,0.2197
0,105,1,2,2026.0,1052,194,3660.4077
0,106,3,1,436.9,14,2,0.2197
0,107,1,1,432.9,18,2,0.30758
0,108,3,0,2685.2,1462,293,6320.2027
0,109,1,2,2110.0,968,194,3360.1027
0,110,1,2,1848.0,1230,245,3642.1397
0,111,3,1,436.9,14,2,0.2197
0,112,3,1,436.9,14,2,0.2197
0,113,3,1,436.9,14,2,0.2197
0,114,1,0,2685.2,1462,293,6320.2027
0,115,1,0,2537.2,1610,295,6836.0207
0,116,3,2,1848.0,1230,245,3642.1397
0,117,3,2,1846.0,1232,247,3642.1397
0,118,3,0,2420.2,1727,346,6602.2397
0,119,1,0,2519.2,1628,247,6010.2197
0,120,3,2,2070.0,1008,194,3504.9557
0,121,3,0,2514.2,1633,295,6917.2797
0,122,3,2,1846.0,1232,247,3642.1397
0,123,1,1,436.9,14,2,0.2197
0,124,1,1,434.9,16,4,0.2197
0,125,3,2,1904.0,1174,194,4091.4337
0,126,1,0,2062.2,2085,297,6669.9697
0,127,3,1,436.9,14,2,0.2197
0,128,3,1,436.9,14,2,0.2197
0,129,3,0,2403.2,1744,350,6644.0997
0,130,1,1,436.9,14,2,0.2197
0,131,3,2,1726.0,1352,196,3738.1337
0,132,3,0,2404.2,1743,346,6697.9197
0,133,3,1,436.9,14,2,0.2197
0,134,3,2,1963.0,1115,196,3685.1387
0,135,1,0,2420.2,1727,346,6602.2397
0,136,3,0,2418.2,1729,348,6602.2397
0,137,1,1,436.9,14,2,0.2197
0,138,1,2,1846.0,1232,247,3642.1397
0,139,3,2,1846.0,1232,247,3642.1397
0,140,3,2,1846.0,1232,247,3642.1397
0,141,3,1,309.9,141,4,0.37349
0,142,3,1,352.9,98,4,0.2197
0,143,3,2,1812.0,1266,247,3743.9697
0,144,1,1,1.9,449,4,0.2197
0,145,1,1,98.9,352,4,0.2197
0,146,3,0,2685.2,1462,293,6320.2027
0,147,3,2,2111.0,967,194,3360.1027
0,148,3,1,426.9,24,2,0.4394
0,149,3,0,2418.2,1729,348,6602.2397
0,150,3,0,2528.2,1619,295,6867.8177
0,151,3,0,2529.2,1618,295,6864.2847
0,152,1,2,1843.0,1235,245,3642.24955
0,153,3,1,436.9,14,2,0.2197
0,154,1,0,1904.2,2243,350,6602.2397
0,155,1,0,2228.2,1919,251,6204.8947
0,156,3,0,2320.2,1827,297,6800.6907
0,157,1,1,436.9,14,2,0.2197
0,158,1,1,436.9,14,2,0.2197
0,159,1,0,2533.2,1614,297,6769.1687
0,160,3,1,436.9,14,2,0.2197
0,161,3,1,436.9,14,2,0.2197
0,162,1,1,436.9,14,2,0.2197
0,163,3,2,1904.0,1174,194,4091.4337
0,164,1,2,1846.0,1232,247,3642.1397
0,165,1,2,1846.0,1232,247,3642.1397
0,166,3,2,1846.0,1232,247,3642.1397
0,167,1,2,1716.0,1362,247,4031.4897
0,168,1,2,1846.0,1232,247,3642.1397
0,169,3,0,2673.2,1474,293,6362.5987
0,170,1,2,1679.0,1399,247,4142.3047
0,171,1,0,2404.2,1743,247,6354.6447
0,172,1,1,436.9,14,2,0.2197
0,173,3,1,436.9,14,2,0.2197
0,174,3,0,2685.2,1462,293,6320.2027
0,175,1,2,2111.0,967,194,3360.1027
0,176,3,1,436.9,14,2,0.2197
0,177,1,1,436.9,14,2,0.2197
0,178,1,0,2644.2,1503,293,6465.0557
0,179,1,0,2509.2,1638,247,6040.1697
0,180,3,2,1943.0,1135,194,3925.55846
0,181,1,0,2517.2,1630,249,6010.2197
0,182,1,2,1848.0,1230,245,3642.1397
0,183,1,1,436.9,14,2,0.2197
0,184,1,1,436.9,14,2,0.2197
0,185,1,1,436.9,14,2,0.2197
0,186,1,2,2064.0,1014,194,3526.1537
0,187,1,0,2525.2,1622,293,6885.4827
0,188,3,1,436.9,14,2,0.2197
0,189,3,2,1848.0,1230,245,3642.1397
0,190,3,1,436.9,14,2,0.2197
0,191,1,1,436.9,14,2,0.2197
0,192,3,0,2685.2,1462,293,6320.2027
0,193,1,2,2111.0,967,194,3360.1027
0,194,3,2,1848.0,1230,245,3642.1397
0,195,3,1,436.9,14,2,0.2197
0,196,1,0,2519.2,1628,247,6010.2197
0,197,3,0,2519.2,1628,247,6010.2197
0,198,1,1,436.9,14,2,0.2197
0,199,3,2,2056.0,1022,194,3554.4177
0,200,3,1,429.9,21,2,0.37349
0,201,3,2,2111.0,967,194,3360.1027
0,202,3,1,436.9,14,2,0.2197
0,203,1,0,2519.2,1628,247,6010.2197
0,204,1,0,2519.2,1628,247,6010.2197
0,205,3,2,2037.0,1041,194,3621.5447
0,206,3,0,2574.2,1573,295,6705.2997
0,207,1,1,436.9,14,2,0.2197
0,208,1,1,436.9,14,2,0.2197
0,209,1,2,1848.0,1230,245,3642.1397
0,210,1,0,2420.2,1727,346,6602.2397
0,211,1,2,1846.0,1232,247,3642.1397
0,212,3,2,1846.0,1232,247,3642.1397
0,213,1,1,436.9,14,2,0.2197
0,214,3,2,2111.0,967,194,3360.1027
0,215,1,1,436.9,14,2,0.2197
0,216,1,2,2111.0,967,194,3360.1027
0,217,1,1,436.9,14,2,0.2197
0,218,3,1,436.9,14,2,0.2197
0,219,3,2,2111.0,967,194,3360.1027
0,220,3,1,436.9,14,2,0.2197
0,221,3,0,2514.2,1633,247,6010.32955
0,222,3,0,2517.2,1630,249,6010.2197
0,223,1,0,2517.2,1630,249,6010.2197
0,224,3,1,434.9,16,2,0.26364
0,225,1,1,436.9,14,2,0.2197
0,226,3,1,436.9,14,2,0.2197
0,227,1,1,436.9,14,2,0.2197
0,228,3,2,2108.0,970,194,3370.7017
0,229,1,1,436.9,14,2,0.2197
0,230,3,2,1836.0,1242,247,3642.3594
0,231,1,1,436.9,14,2,0.2197
0,232,1,0,2369.2,1778,346,6754.9847
0,233,3,2,1991.0,1087,194,3784.0627
0,234,1,1,436.9,14,2,0.2197
0,235,1,0,2418.2,1729,348,6602.2397
0,236,3,2,1846.0,1232,247,3642.1397
0,237,3,2,2111.0,967,194,3360.1027
0,238,1,1,436.9,14,2,0.2197
0,239,1,0,2681.2,1466,293,6320.29058
0,240,3,2,1848.0,1230,245,3642.1397
0,241,1,2,1848.0,1230,245,3642.1397
0,242,1,0,2528.2,1619,293,6874.8837
0,243,1,2,1748.0,1330,245,3941.6397
0,244,1,1,436.9,14,2,0.2197
0,245,3,0,2603.2,1544,295,6602.8427
0,246,1,1,436.9,14,2,0.2197
0,247,3,1,436.9,14,2,0.2197
0,248,1,2,1846.0,1232,247,3642.1397
0,249,3,2,1899.0,1179,194,4109.0987
0,250,1,2,1848.0,1230,245,3642.1397
0,251,3,2,2111.0,967,194,3360.1027
0,252,1,0,2519.2,1628,247,6010.2197
0,253,1,1,436.9,14,2,0.2197
0,254,3,0,2536.2,1611,297,6320.2027
0,255,3,1,436.9,14,2,0.2197
0,256,1,0,2387.2,1760,251,6010.32955
0,257,3,1,436.9,14,2,0.2197
0,258,1,0,2420.2,1727,295,7658.0307
0,259,3,2,1834.0,1244,249,3642.1397
0,260,1,0,2417.2,1730,346,6620.1797
0,261,3,2,1832.0,1246,249,3642.18364
0,262,3,1,436.9,14,2,0.2197
0,263,1,2,1846.0,1232,247,3642.1397
0,264,3,0,2420.2,1727,346,6602.2397
0,265,3,2,1997.0,1081,194,3762.8647
0,266,1,0,2463.2,1684,247,6177.9397
0,267,3,0,2529.2,1618,293,6871.3507
0,269,3,2,1565.0,1513,245,4489.7247
0,270,3,2,1539.0,1539,247,4546.73955
0,271,2,1,262.9,188,4,0.2197
0,272,3,2,2111.0,967,194,3360.1027
0,273,1,0,2685.2,1462,293,6320.2027
0,274,1,1,432.9,18,2,0.30758
0,275,3,2,1848.0,1230,245,3642.1397
0,276,3,0,2299.2,1848,350,6602.2397
0,277,3,2,2111.0,967,194,3360.1027
0,278,3,0,2647.2,1500,295,6447.3907
0,279,3,0,2413.2,1734,346,6644.0997
0,280,1,2,1843.0,1235,247,3642.1397
0,281,1,2,1846.0,1232,247,3642.1397
0,282,1,0,2517.2,1630,249,6010.2197
0,283,1,1,436.9,14,2,0.2197
0,284,1,1,436.9,14,2,0.2197
0,285,3,0,2596.2,1551,293,6599.5294
0,286,3,1,436.9,14,2,0.2197
0,287,3,2,1926.0,1152,194,4013.7077
0,288,1,2,1846.0,1232,247,3642.1397
0,289,1,0,2418.2,1729,348,6602.2397
0,290,3,2,1695.0,1383,245,4100.3747
0,291,3,2,1900.0,1178,194,4105.5657
0,292,3,1,436.9,14,2,0.2197
0,293,3,2,1910.0,1168,194,4045.65849
0,294,3,2,1848.0,1230,245,3642.1397
0,295,3,0,2420.2,1727,346,6602.2397
0,296,1,2,1841.0,1237,247,3642.24955
0,297,3,0,2410.2,1737,350,6602.2397
0,298,1,1,436.9,14,2,0.2197
0,299,1,0,2683.2,1464,295,6320.2027
0,300,3,1,436.9,14,2,0.2197
0,301,1,0,2542.2,1605,293,6825.4217
0,302,1,1,436.9,14,2,0.2197
0,303,3,1,436.9,14,2,0.2197
0,304,3,0,2507.2,1640,251,6010.2197
0,305,1,1,436.9,14,2,0.2197
0,306,3,1,436.9,14,2,0.2197
0,307,3,2,1662.0,1416,249,3642.1397
0,308,3,1,436.9,14,2,0.2197
0,309,1,1,436.9,14,2,0.2197
0,310,3,2,2022.0,1056,196,3360.1027
0,311,3,2,1844.0,1234,247,3642.18364
0,312,3,1,436.9,14,2,0.2197
0,313,1,2,2089.0,989,194,3437.8287
0,314,1,0,2418.2,1729,348,6602.2397
0,315,1,2,1848.0,1230,245,3642.1397
0,316,3,1,406.9,44,4,0.2197
0,317,1,0,2420.2,1727,346,6602.2397
0,318,3,2,1848.0,1230,245,3642.1397
0,319,1,0,2536.2,1611,295,6839.5537
0,320,1,0,2420.2,1727,346,6602.2397
0,321,1,2,1847.0,1231,245,3645.1347
0,322,1,1,424.9,26,4,0.2197
0,323,3,1,434.9,16,2,0.2197
0,324,1,0,2685.2,1462,293,6320.2027
0,325,1,0,2519.2,1628,247,6010.2197
0,326,1,1,436.9,14,2,0.2197
0,327,1,2,2111.0,967,194,3360.1027
0,328,1,0,2435.2,1712,297,6397.9287
0,329,3,0,2410.2,1737,346,6662.0397
0,330,1,2,1569.0,1509,249,3642.3594
0,331,3,2,1825.0,1253,249,3642.1397
0,332,3,1,436.9,14,2,0.2197
0,333,3,1,436.9,14,2,0.2197
0,334,3,2,1834.0,1244,249,3642.1397
0,335,3,1,436.9,14,2,0.2197
0,336,1,2,2111.0,967,194,3360.1027
0,337,1,2,2045.0,1033,194,3593.2807
0,338,1,1,436.9,14,2,0.2197
0,339,3,0,2519.2,1628,247,6010.2197
0,340,3,2,1846.0,1232,247,3642.1397
0,341,3,0,2418.2,1729,348,6602.2397
0,342,3,0,2332.2,1815,247,6570.2847
0,343,3,2,1634.0,1444,247,4277.0797
0,344,1,2,1844.0,1234,245,3654.1197
0,345,1,0,2525.2,1622,293,6885.4827
0,346,3,0,2683.2,1464,295,6320.2027
0,347,3,0,2420.2,1727,346,6602.2397
0,348,1,1,436.9,14,2,0.2197
0,349,3,2,1948.0,1130,194,3935.9817
0,350,3,0,2661.2,1486,295,6397.9287
0,351,1,0,2519.2,1628,247,6010.2197
0,352,1,0,2517.2,1630,249,6010.2197
0,353,3,2,1848.0,1230,245,3642.1397
0,354,3,2,1848.0,1230,245,3642.1397
0,355,1,0,2519.2,1628,247,6010.2197
0,356,3,1,436.9,14,2,0.2197
0,357,3,0,2633.2,1514,295,6496.8527
0,358,3,0,2601.2,1546,295,6609.9087
0,359,3,2,1839.0,1239,247,3642.29349
0,360,3,2,1846.0,1232,247,3642.1397
0,361,3,2,1846.0,1232,247,3642.1397
0,362,1,2,2110.0,968,194,3360.1027
0,363,1,2,2012.0,1066,194,3681.78146
0,364,3,2,1846.0,1232,247,3642.1397
0,365,3,0,2538.2,1609,293,6839.5537
0,366,3,1,436.9,14,2,0.2197
0,367,3,2,2082.0,996,194,3462.5597
0,368,1,1,436.9,14,2,0.2197
0,369,1,1,436.9,14,2,0.2197
0,370,1,1,436.9,14,2,0.2197
0,371,3,0,2519.2,1628,247,6010.2197
0,372,1,0,2519.2,1628,247,6010.2197
0,373,3,1,429.9,21,2,0.37349
0,374,3,1,436.9,14,2,0.2197
0,377,3,2,1838.0,1240,249,3642.1397
0,379,3,0,1991.2,2156,350,7523.1597
0,380,1,1,436.9,14,2,0.2197
0,381,3,1,436.9,14,2,0.2197
0,384,3,0,2185.2,1962,350,6727.8197
0,386,3,0,2302.2,1845,297,7720.7577
0,387,1,1,436.9,14,2,0.2197
0,388,3,1,429.9,21,2,0.37349
0,390,3,0,1995.2,2152,297,7665.0967
0,392,3,0,1816.2,2331,350,7713.3547
0,393,3,2,1100.0,1978,196,6398.4827
0,394,3,0,1707.2,2440,297,10012.0527
0,395,3,1,309.9,141,4,0.2197
0,397,1,0,626.2,3521,350,8707.6947
0,398,1,0,628.2,3519,350,9288.81455
0,400,3,0,2079.2,2068,350,7704.0397
0,401,3,2,1723.0,1355,249,3857.7797
0,402,1,0,1194.2,2953,350,9926.6297
0,404,3,2,1461.0,1617,249,3956.6147
0,405,3,0,1835.2,2312,350,7135.3197
0,406,1,0,1316.2,2831,348,9911.6847
0,407,1,2,676.0,2402,196,7825.8147
0,408,1,2,692.0,2386,196,7889.4087
0,409,3,0,2408.2,1739,297,7713.7617
0,410,3,1,272.9,178,4,0.2197
0,413,3,0,2345.2,1802,350,6955.0897
0,414,1,2,1287.0,1791,245,5322.3347
0,415,1,2,567.0,2511,247,7422.20319
0,416,3,2,1576.0,1502,249,4363.97864
0,417,1,2,739.0,2339,194,8207.3787
0,418,3,2,1778.0,1300,245,3851.7897
0,420,3,2,1458.0,1620,245,4810.1897
0,421,3,2,1293.0,1785,194,6250.0967
0,422,1,2,1396.0,1682,245,4995.8797
0,423,3,1,315.9,135,4,0.2197
0,424,3,0,2389.2,1758,346,6695.0847
0,425,2,1,413.9,37,4,0.2197
0,426,1,2,1846.0,1232,247,3642.1397
0,427,1,2,1846.0,1232,247,3642.1397
0,428,3,2,1842.0,1236,247,3642.22758
0,429,1,1,432.9,18,2,0.30758
0,430,3,2,1934.0,1144,194,3985.4437
0,431,3,1,436.9,14,2,0.2197
0,432,3,1,436.9,14,2,0.2197
0,433,1,1,432.9,18,2,0.30758
0,434,1,1,436.9,14,2,0.2197
0,435,1,0,2685.2,1462,293,6320.2027
0,436,1,1,436.9,14,2,0.2197
0,437,3,1,436.9,14,2,0.2197
0,438,1,1,431.9,19,2,0.32955
0,439,3,1,436.9,14,2,0.2197
0,440,1,2,1931.0,1147,194,3996.0427
0,441,1,2,1848.0,1230,245,3642.1397
0,442,1,2,1846.0,1232,247,3642.1397
0,443,1,0,2418.2,1729,348,6602.2397
0,444,3,2,1846.0,1232,247,3642.1397
0,445,1,0,2602.2,1545,295,6606.3757
0,446,3,1,434.9,16,4,0.2197
0,447,1,0,2685.2,1462,293,6320.2027
0,448,1,0,2683.2,1464,295,6320.2027
0,449,3,0,2519.2,1628,247,6010.2197
0,450,1,1,436.9,14,2,0.2197
0,451,3,2,1848.0,1230,245,3642.1397
0,452,3,1,434.9,16,2,0.26364
0,453,1,2,1935.0,1143,194,3981.9107
0,454,1,1,436.9,14,2,0.2197
0,455,3,1,436.9,14,2,0.2197
0,456,1,2,2111.0,967,194,3360.1027
0,457,3,2,2111.0,967,194,3360.1027
0,458,1,1,436.9,14,2,0.2197
0,459,1,0,2502.2,1645,249,6010.54925
0,460,3,0,2514.2,1633,247,6010.32955
0,461,3,1,436.9,14,2,0.2197
0,462,3,2,1848.0,1230,245,3642.1397
0,463,3,0,2509.2,1638,295,6934.9447
0,464,1,0,2304.2,1843,346,6949.6597
0,465,3,2,2080.0,998,194,3469.6257
0,466,3,1,436.9,14,2,0.2197
0,467,1,2,1846.0,1232,247,3642.1397
0,468,1,0,2420.2,1727,346,6602.2397
0,469,3,2,1942.0,1136,194,3957.1797
0,470,3,0,2638.2,1509,295,6479.1877
0,471,3,1,434.9,16,4,0.2197
0,472,3,1,434.9,16,4,0.2197
0,473,3,0,2481.2,1666,293,7040.9347
0,474,3,2,2014.0,1064,194,3702.8037
0,475,3,2,1848.0,1230,245,3642.1397
0,476,3,1,436.9,14,2,0.2197
0,477,3,2,1846.0,1232,247,3642.1397
0,478,3,2,1846.0,1232,247,3642.1397
0,479,1,0,2529.2,1618,295,6864.2847
0,480,1,2,1984.0,1094,194,3808.7937
0,481,1,2,1848.0,1230,245,3642.1397
0,482,3,2,1846.0,1232,247,3642.1397
0,483,1,1,436.9,14,2,0.2197
0,484,3,0,2519.2,1628,247,6010.2197
0,485,3,1,436.9,14,2,0.2197
0,486,1,0,2563.2,1584,295,6744.1627
0,487,3,0,2674.2,1473,295,6351.9997
0,488,1,2,1848.0,1230,245,3642.1397
0,489,1,0,2517.2,1630,249,6010.2197
0,490,3,2,1848.0,1230,245,3642.1397
0,491,3,1,434.9,16,2,0.26364
0,492,1,2,1846.0,1232,247,3642.1397
0,493,1,1,436.9,14,2,0.2197
0,494,1,1,436.9,14,2,0.2197
0,495,1,1,436.9,14,2,0.2197
0,496,1,2,2111.0,967,194,3360.1027
0,497,3,2,2111.0,967,194,3360.1027
0,498,3,0,2519.2,1628,247,6010.2197
0,499,3,2,1848.0,1230,245,3642.1397
0,500,3,0,2420.2,1727,346,6602.2397
0,501,3,2,1846.0,1232,247,3642.1397
0,502,1,1,436.9,14,2,0.2197
0,503,1,2,2092.0,986,194,3427.2297
0,504,3,2,2111.0,967,194,3360.1027
0,505,1,0,2420.2,1727,346,6602.2397
0,506,3,0,2418.2,1729,348,6602.2397
0,507,1,1,436.9,14,2,0.2197
0,508,3,1,436.9,14,2,0.2197
0,509,1,2,2029.0,1049,194,3649.8087
0,510,3,2,2094.0,984,194,3420.1637
0,511,3,2,2111.0,967,194,3360.1027
0,512,1,0,2685.2,1462,293,6320.2027
0,513,3,1,436.9,14,2,0.2197
0,514,3,2,1848.0,1230,245,3642.1397
0,515,1,0,2420.2,1727,346,6602.2397
0,516,1,2,1803.0,1275,247,3770.9247
0,517,3,2,1953.0,1125,194,3918.3167
0,518,1,1,436.9,14,2,0.2197
0,519,3,1,436.9,14,2,0.2197
0,520,3,1,436.9,14,2,0.2197
0,521,1,0,2580.2,1567,295,6684.1017
0,522,3,1,436.9,14,2,0.2197
0,523,3,2,1846.0,1232,247,3642.1397
0,524,1,0,2416.2,1731,346,6602.32758
0,525,1,1,436.9,14,2,0.2197
0,526,1,0,2662.2,1485,293,6401.4617
0,527,3,1,436.9,14,2,0.2197
0,528,3,1,436.9,14,2,0.2197
0,529,1,1,436.9,14,2,0.2197
0,530,1,1,436.9,14,2,0.2197
0,531,3,0,2685.2,1462,293,6320.2027
0,532,1,1,426.9,24,2,0.4394
0,533,3,2,2111.0,967,194,3360.1027
0,534,1,2,1848.0,1230,245,3642.1397
0,535,3,2,1848.0,1230,245,3642.1397
0,536,3,2,1846.0,1232,247,3642.1397
0,537,1,1,436.9,14,2,0.2197
0,538,1,0,2475.2,1672,249,6136.0097
0,539,1,0,2519.2,1628,247,6010.2197
0,540,3,0,2558.2,1589,297,6726.54164
0,541,1,1,436.9,14,2,0.2197
0,542,1,2,1900.0,1178,194,4105.5657
0,543,1,0,2396.2,1751,350,6602.2397
0,544,1,0,2418.2,1729,348,6602.2397
0,545,1,2,2005.0,1073,194,3734.6007
0,546,1,1,436.9,14,2,0.2197
0,547,1,0,2517.2,1630,249,6010.2197
0,548,1,2,1927.0,1151,196,3762.8647
0,549,1,2,1846.0,1232,247,3642.1397
0,550,3,2,1846.0,1232,247,3642.1397
0,551,3,1,420.9,30,4,0.2197
0,552,1,0,2420.2,1727,346,6602.2397
0,553,1,2,2104.0,974,194,3384.8337
0,554,1,2,1848.0,1230,245,3642.1397
0,555,3,0,2554.2,1593,293,6783.0257
0,556,3,0,2418.2,1729,348,6602.2397
0,557,1,1,349.9,101,4,0.2197
0,558,1,1,378.9,72,4,0.2197
0,559,3,2,1848.0,1230,245,3642.1397
0,560,1,2,1984.0,1094,194,3808.7937
0,561,3,1,436.9,14,2,0.2197
0,562,1,0,2420.2,1727,346,6602.2397
0,563,1,2,1909.0,1169,194,4073.7687
0,564,3,1,436.9,14,2,0.2197
0,565,1,1,436.9,14,2,0.2197
0,566,1,1,436.9,14,2,0.2197
0,567,3,0,2488.2,1659,295,7009.1377
0,568,3,1,436.9,14,2,0.2197
0,569,1,2,1848.0,1230,245,3642.1397
0,570,1,1,436.9,14,2,0.2197
0,571,3,1,436.9,14,2,0.2197
0,572,3,1,436.9,14,2,0.2197
0,573,1,1,436.9,14,2,0.2197
0,574,3,0,2685.2,1462,293,6320.2027
0,575,1,2,2111.0,967,194,3360.1027
0,576,1,2,1848.0,1230,245,3642.1397
0,577,1,2,1846.0,1232,247,3642.1397
0,578,1,2,1846.0,1232,247,3642.1397
0,579,3,2,1846.0,1232,247,3642.1397
0,580,3,2,1846.0,1232,247,3642.1397
0,581,1,1,436.9,14,2,0.2197
0,582,1,1,436.9,14,2,0.2197
0,583,1,2,2111.0,967,194,3360.1027
0,584,1,2,2111.0,967,194,3360.1027
0,585,3,1,436.9,14,2,0.2197
0,586,3,1,436.9,14,2,0.2197
0,587,3,0,2685.2,1462,293,6320.2027
0,588,3,1,436.9,14,2,0.2197
0,589,3,0,2674.2,1473,293,6334.48849
0,590,3,1,436.9,14,2,0.2197
0,591,3,2,1848.0,1230,245,3642.1397
0,592,3,2,1836.0,1242,247,3642.3594
0,593,3,1,436.9,14,2,0.2197
0,594,3,1,429.9,21,2,0.37349
0,595,1,1,436.9,14,2,0.2197
0,596,1,2,2111.0,967,194,3360.1027
0,597,1,0,2685.2,1462,293,6320.2027
0,598,1,2,1848.0,1230,245,3642.1397
0,599,1,0,2517.2,1630,249,6010.2197
0,600,3,1,436.9,14,2,0.2197
0,601,1,0,2519.2,1628,247,6010.2197
0,602,1,0,2552.2,1595,293,6790.0917
0,603,1,2,2067.0,1011,194,3515.5547
0,604,1,2,1848.0,1230,245,3642.1397
0,605,1,1,436.9,14,2,0.2197
0,606,1,1,436.9,14,2,0.2197
0,607,1,1,436.9,14,2,0.2197
0,608,1,2,1512.0,1566,196,3745.1997
0,609,1,2,1511.0,1567,196,3805.37055
0,610,1,0,2409.2,1738,348,6632.22758
0,611,3,1,436.9,14,2,0.2197
0,612,1,0,2415.2,1732,348,6620.1797
0,613,1,2,1832.0,1246,249,3642.1397
0,614,1,2,1844.0,1234,247,3642.1397
0,615,3,2,1848.0,1230,245,3642.1397
0,616,1,2,1846.0,1232,247,3642.1397
0,617,1,2,1846.0,1232,247,3642.1397
0,618,3,2,1846.0,1232,247,3642.1397
0,619,1,0,2362.2,1785,293,7461.3617
0,620,3,1,323.9,127,4,0.2197
0,621,1,2,2111.0,967,194,3360.1027
0,622,1,0,2685.2,1462,293,6320.2027
0,623,1,0,2519.2,1628,247,6010.2197
0,624,3,0,2517.2,1630,249,6010.2197
0,625,1,0,2517.2,1630,249,6010.2197
0,626,1,2,1848.0,1230,245,3642.1397
0,627,3,2,2006.0,1072,194,3731.0677
0,628,3,2,1927.0,1151,194,4010.1747
0,629,3,1,436.9,14,2,0.2197
0,630,1,1,436.9,14,2,0.2197
0,631,1,1,436.9,14,2,0.2197
0,632,3,0,2685.2,1462,293,6320.2027
0,633,3,0,2685.2,1462,293,6320.2027
0,634,3,0,2519.2,1628,247,6010.2197
0,635,1,2,1786.0,1292,245,3827.8297
0,636,3,0,2547.2,1600,295,6800.6907
0,637,3,1,436.9,14,2,0.2197
0,638,3,2,1846.0,1232,247,3642.1397
0,639,3,1,436.9,14,2,0.2197
0,640,1,1,436.9,14,2,0.2197
0,641,1,1,436.9,14,2,0.2197
0,642,1,2,2111.0,967,194,3360.1027
0,643,1,0,2420.2,1727,346,6602.2397
0,644,1,0,2418.2,1729,348,6602.2397
0,645,3,0,2525.2,1622,295,6878.4167
0,646,3,0,2420.2,1727,346,6602.2397
0,647,1,1,436.9,14,2,0.2197
0,648,1,1,436.9,14,2,0.2197
0,649,1,2,2111.0,967,194,3360.1027
0,650,1,0,2238.2,1909,297,6556.9137
0,651,1,1,436.9,14,2,0.2197
0,652,1,0,2364.2,1783,348,6925.1597
0,653,3,0,2386.2,1761,348,6793.5997
0,654,1,2,1396.0,1682,249,3642.1397
0,655,1,1,436.9,14,2,0.2197
0,656,3,0,2401.2,1746,293,7556.0397
0,657,1,0,2400.2,1747,348,6709.8797
0,658,3,2,1827.0,1251,249,3642.3594
0,659,2,2,1820.0,1258,249,3642.1397
0,660,3,0,2494.2,1653,295,6987.9397
0,661,3,2,1838.0,1240,249,3642.1397
0,662,3,0,2266.2,1881,350,7027.5297
0,663,3,0,2171.2,1976,346,7347.9947
0,665,3,1,318.9,132,4,0.2197
0,666,1,2,2111.0,967,194,3360.1027
0,667,3,2,2046.0,1032,196,3360.1027
0,668,3,2,1627.0,1451,249,3642.1397
0,669,1,2,90.0,2988,249,3642.1397
0,670,3,1,383.9,67,2,0.2197
0,671,3,1,425.9,25,4,0.2197
0,672,1,0,1264.2,2883,350,6656.0597
0,673,3,1,436.9,14,2,0.2197
0,674,3,2,1649.0,1429,249,3642.1397
0,675,1,2,593.0,2485,249,3642.1397
0,676,3,2,1963.0,1115,196,3685.1387
0,677,2,0,1806.2,2341,297,7310.3377
0,678,2,0,1943.2,2204,350,7947.7397
0,679,3,1,418.9,32,2,0.2197
0,680,3,0,2390.2,1757,350,6697.9197
0,681,3,2,1657.0,1421,249,3642.1397
0,682,3,0,2223.2,1924,350,6811.91364
0,683,3,0,2371.2,1776,350,6719.0147
0,684,3,0,2101.2,2046,297,8607.5267
0,685,3,2,1520.0,1558,249,4582.5697
0,686,1,2,749.0,2329,194,8172.0487
0,687,3,1,381.9,69,4,0.2197
0,689,3,0,2425.2,1722,295,7317.3617
0,690,3,2,1650.0,1428,249,4214.22864
0,691,3,2,1464.0,1614,249,4750.2897
0,692,1,2,678.0,2400,247,7140.2997
0,693,3,2,1656.0,1422,249,4187.2297
0,694,3,2,1639.0,1439,194,5027.6787
0,695,3,0,2137.2,2010,247,7154.3097
0,697,3,2,1848.0,1230,245,3642.1397
0,698,1,2,1846.0,1232,247,3642.1397
0,699,3,2,1805.0,1273,247,3764.9347
0,700,1,2,1805.0,1273,247,3764.9347
0,701,3,0,2418.2,1729,348,6602.2397
0,702,1,1,243.9,207,4,0.2197
0,703,3,0,2629.2,1518,293,6518.0507
0,704,1,1,436.9,14,2,0.2197
0,705,3,1,436.9,14,2,0.2197
0,706,1,1,436.9,14,2,0.2197
0,707,3,1,436.9,14,2,0.2197
0,708,1,0,2685.2,1462,293,6320.2027
0,709,3,2,1957.0,1121,194,3904.1847
0,710,1,0,2519.2,1628,247,6010.2197
0,711,3,0,2517.2,1630,249,6010.2197
0,712,3,2,1983.0,1095,194,3812.3267
0,713,3,0,2517.2,1630,247,6010.26364
0,714,1,0,2517.2,1630,249,6010.2197
0,715,3,2,2111.0,967,194,3360.1027
0,716,1,2,1846.0,1232,247,3642.1397
0,717,3,0,2420.2,1727,346,6602.2397
0,718,3,0,2418.2,1729,348,6602.2397
0,719,3,2,2111.0,967,194,3360.1027
0,720,3,1,436.9,14,2,0.2197
0,721,1,2,1835.0,1243,247,3675.0847
0,722,3,2,2005.0,1073,194,3734.6007
0,723,1,2,1846.0,1232,247,3642.1397
0,724,1,0,2420.2,1727,346,6602.2397
0,725,3,2,1995.0,1083,194,3769.9307
0,726,3,2,1846.0,1232,247,3642.1397
0,727,1,1,436.9,14,2,0.2197
0,728,1,0,2680.2,1467,293,6320.31255
0,729,3,1,436.9,14,2,0.2197
0,730,1,0,2685.2,1462,293,6320.2027
0,731,3,2,1930.0,1148,194,3999.5757
0,732,1,1,436.9,14,2,0.2197
0,733,1,0,2420.2,1727,346,6602.2397
0,734,3,0,2420.2,1727,346,6602.2397
0,735,1,1,436.9,14,2,0.2197
0,736,1,0,2574.2,1573,293,6712.3657
0,737,3,0,2519.2,1628,247,6010.2197
0,738,3,0,2566.2,1581,295,6733.5637
0,739,1,1,436.9,14,2,0.2197
0,740,3,1,436.9,14,2,0.2197
0,741,1,2,1943.0,1135,194,3953.6467
0,742,1,1,436.9,14,2,0.2197
0,743,3,1,436.9,14,2,0.2197
0,744,1,2,1801.0,1277,249,3675.0847
0,745,3,0,2643.2,1504,293,6468.5887
0,746,1,2,1836.0,1242,249,3642.1397
0,747,1,2,1846.0,1232,247,3642.1397
0,748,1,0,2300.2,1847,350,6602.2397
0,749,3,1,436.9,14,2,0.2197
0,750,3,0,2406.2,1741,350,6602.2397
0,751,1,0,2387.2,1760,297,7904.0777
0,752,3,0,2403.2,1744,350,6620.1797
0,753,1,1,436.9,14,2,0.2197
0,754,1,1,436.9,14,2,0.2197
0,755,3,2,2057.0,1021,194,3547.3517
0,756,1,0,1837.2,2310,350,7158.3797
0,757,1,0,1861.2,2286,251,6570.2847
0,758,1,1,436.9,14,2,0.2197
0,759,3,1,436.9,14,2,0.2197
0,760,3,0,2377.2,1770,297,7715.1087
0,761,3,0,2377.2,1770,350,6733.95349
0,762,3,2,1749.0,1329,249,3642.1397
0,763,2,0,2379.2,1768,350,6632.1397
0,764,1,1,159.9,291,4,0.2197
0,765,1,1,336.9,114,4,0.2197
0,766,3,0,2334.2,1813,293,8255.2337
0,767,1,2,1848.0,1230,245,3642.1397
0,768,3,0,2333.2,1814,350,6832.8547
0,769,1,2,1803.0,1275,194,4448.2667
0,770,1,0,2420.2,1727,346,6602.2397
0,771,3,0,2342.2,1805,295,7524.9557
0,772,1,0,2214.2,1933,346,7219.2097
0,773,3,2,1704.0,1374,245,4073.4197
0,776,1,2,1390.0,1688,247,5007.8597
0,777,3,0,2447.2,1700,293,7161.0567
0,778,3,1,419.9,31,4,0.2197
0,779,3,0,2420.2,1727,346,6602.2397
0,780,1,1,436.9,14,2,0.2197
0,781,3,0,2418.2,1729,348,6602.2397
0,782,3,0,2649.2,1498,293,6447.3907
0,783,1,0,2374.2,1773,346,6740.0097
0,784,3,1,416.9,34,4,0.2197
0,785,1,2,2111.0,967,194,3360.1027
0,786,3,1,436.9,14,2,0.2197
0,787,1,1,436.9,14,2,0.2197
0,788,3,2,2111.0,967,194,3360.1027
0,789,3,2,1846.0,1232,247,3642.1397
0,790,1,2,1935.0,1143,194,3981.9107
0,791,1,1,436.9,14,2,0.2197
0,792,3,2,2056.0,1022,194,3554.4177
0,793,3,1,436.9,14,2,0.2197
0,794,1,1,436.9,14,2,0.2197
0,795,3,0,2509.2,1638,247,6010.4394
0,796,3,1,436.9,14,2,0.2197
0,797,1,1,436.9,14,2,0.2197
0,798,1,1,436.9,14,2,0.2197
0,799,3,0,2685.2,1462,293,6320.2027
0,800,1,1,436.9,14,2,0.2197
0,801,1,1,429.9,21,2,0.37349
0,802,3,2,2031.0,1047,194,3642.7427
0,803,1,2,1841.0,1237,245,3642.29349
0,804,1,0,2519.2,1628,247,6010.2197
0,805,1,1,436.9,14,2,0.2197
0,806,1,2,1848.0,1230,245,3642.1397
0,807,1,2,1846.0,1232,247,3642.1397
0,808,1,2,1846.0,1232,247,3642.1397
0,809,1,1,436.9,14,2,0.2197
0,810,1,1,429.9,21,2,0.37349
0,811,3,0,2418.2,1729,348,6602.2397
0,812,3,1,436.9,14,2,0.2197
0,813,3,1,436.9,14,2,0.2197
0,814,1,0,2668.2,1479,293,6380.2637
0,815,1,2,1904.0,1174,194,4077.38958
0,816,3,1,436.9,14,2,0.2197
0,817,1,2,1846.0,1232,247,3642.1397
0,818,1,0,2009.2,2138,251,6010.2197
0,819,1,2,1848.0,1230,245,3642.1397
0,820,1,0,2654.2,1493,297,6397.9427
0,821,3,1,436.9,14,2,0.2197
0,822,1,0,2326.2,1821,293,8467.0227
0,823,3,2,1842.0,1236,249,3642.1397
0,824,3,2,1839.0,1239,249,3642.1397
0,825,3,0,2418.2,1729,348,6602.2397
0,826,3,1,432.9,18,2,0.30758
0,827,1,1,436.9,14,2,0.2197
0,828,1,0,2517.2,1630,249,6010.2197
0,829,3,1,436.9,14,2,0.2197
0,830,1,1,436.9,14,2,0.2197
0,831,1,2,1782.0,1296,249,3642.1397
0,832,3,1,434.9,16,2,0.26364
0,833,3,2,1836.0,1242,249,3642.1397
0,834,3,2,1846.0,1232,247,3642.1397
0,835,1,1,38.9,412,4,0.2197
0,836,3,2,2111.0,967,194,3360.1027
0,837,1,0,2685.2,1462,293,6320.2027
0,838,3,1,436.9,14,2,0.2197
0,839,3,0,2137.2,2010,251,6010.2197
0,840,3,1,432.9,18,2,0.30758
0,841,1,1,436.9,14,2,0.2197
0,842,1,2,1846.0,1232,247,3642.1397
0,843,3,0,2162.2,1985,350,7619.1297
0,844,3,0,2429.2,1718,297,7182.2547
0,845,3,2,1803.0,1275,196,3688.6717
0,846,1,2,1645.0,1433,249,3642.1397
0,847,3,0,2401.2,1746,350,6644.0997
0,848,1,2,1811.0,1267,249,3642.1397
0,849,3,2,1836.0,1242,249,3642.1397
0,850,3,0,2178.2,1969,295,8603.5557
0,851,1,2,1785.0,1293,249,3642.1397
0,852,1,2,1822.0,1256,245,3720.0097
0,853,3,0,2487.2,1660,295,7012.6707
0,854,3,0,1994.2,2153,350,7848.1597
0,855,3,0,2294.2,1853,346,6979.6097
0,856,3,0,2335.2,1812,249,6555.3097
0,857,3,0,2468.2,1679,295,7079.7977
0,858,1,0,2514.2,1633,249,6019.2047
0,859,1,2,1848.0,1230,245,3642.1397
0,860,1,1,407.9,43,4,0.2197
0,861,1,1,436.9,14,2,0.2197
0,862,3,0,2512.2,1635,297,6320.2027
0,863,1,0,2499.2,1648,251,6010.37349
0,864,3,0,2473.2,1674,295,7062.1327
0,865,1,1,436.9,14,2,0.2197
0,866,1,0,2411.2,1736,348,6644.0997
0,867,3,1,436.9,14,2,0.2197
0,868,1,2,1846.0,1232,247,3642.1397
0,869,1,1,333.9,117,4,0.2197
0,870,3,0,2494.2,1653,295,6987.9397
0,871,1,2,1838.0,1240,245,3642.3594
0,872,1,2,1848.0,1230,245,3642.1397
0,873,1,2,1781.0,1297,247,3836.8147
0,874,3,2,2008.0,1070,194,3724.0017
0,875,1,0,2351.2,1796,249,6507.3897
0,876,1,1,163.9,287,4,0.2197
0,877,1,0,2504.2,1643,295,6952.6097
0,878,1,2,1848.0,1230,245,3642.1397
0,879,1,2,1844.0,1234,247,3642.18364
0,880,1,1,436.9,14,2,0.2197
0,881,1,1,436.9,14,2,0.2197
0,882,1,2,2091.0,987,194,3430.7627
0,883,3,1,436.9,14,2,0.2197
0,884,3,2,1846.0,1232,247,3642.1397
0,885,3,1,436.9,14,2,0.2197
0,886,3,1,436.9,14,2,0.2197
0,887,1,2,1844.0,1234,247,3642.18364
0,888,1,2,1846.0,1232,247,3642.1397
0,889,1,1,436.9,14,2,0.2197
0,890,3,2,2111.0,967,194,3360.1027
0,891,3,1,436.9,14,2,0.2197
0,892,3,2,2111.0,967,194,3360.1027
0,893,3,1,436.9,14,2,0.2197
0,894,1,1,436.9,14,2,0.2197
0,895,3,2,1848.0,1230,245,3642.1397
0,896,3,1,436.9,14,2,0.2197
0,897,1,0,2685.2,1462,293,6320.2027
0,898,3,2,1848.0,1230,245,3642.1397
0,899,3,0,2557.2,1590,293,6772.4267
0,900,3,0,2420.2,1727,346,6602.2397
0,901,1,1,436.9,14,2,0.2197
0,902,3,1,426.9,24,2,0.4394
0,903,3,1,436.9,14,2,0.2197
0,904,1,2,1848.0,1230,245,3642.1397
0,905,1,0,2517.2,1630,293,6913.7467
0,906,1,0,2517.2,1630,249,6010.2197
0,907,1,2,1848.0,1230,245,3642.1397
0,908,1,0,2517.2,1630,295,6906.6807
0,909,3,2,1848.0,1230,245,3642.1397
0,910,3,0,2418.2,1729,348,6602.2397
0,911,1,2,1927.0,1151,194,4010.1747
0,912,3,0,2538.2,1609,295,6832.4877
0,913,1,2,1846.0,1232,245,3642.18364
0,914,3,1,436.9,14,2,0.2197
0,915,1,2,1781.0,1297,245,3842.8047
0,916,3,1,436.9,14,2,0.2197
0,917,3,2,2039.0,1039,194,3614.4787
0,918,1,0,2420.2,1727,346,6602.2397
0,919,1,1,436.9,14,2,0.2197
0,920,1,0,2409.2,1738,249,6333.6797
0,921,3,0,2642.2,1505,295,6465.0557
0,922,3,1,436.9,14,2,0.2197
0,923,3,2,2111.0,967,194,3360.1027
0,924,1,1,436.9,14,2,0.2197
0,925,1,0,2519.2,1628,247,6010.2197
0,926,3,0,2685.2,1462,293,6320.2027
0,927,3,2,1846.0,1232,247,3642.1397
0,928,3,0,2420.2,1727,346,6602.2397
0,929,1,1,436.9,14,2,0.2197
0,930,1,0,2418.2,1729,348,6602.2397
0,931,3,1,436.9,14,2,0.2197
0,932,1,1,436.9,14,2,0.2197
0,933,3,2,2101.0,977,194,3360.3224
0,934,3,1,436.9,14,2,0.2197
0,935,3,1,436.9,14,2,0.2197
0,936,1,2,2111.0,967,194,3360.1027
0,937,3,1,436.9,14,2,0.2197
0,938,1,2,1848.0,1230,245,3642.1397
0,939,1,2,1848.0,1230,245,3642.1397
0,940,3,2,1930.0,1148,194,3999.5757
0,941,1,0,676.2,3471,350,7134.4597
0,942,3,0,2033.2,2114,350,8850.7197
0,943,1,0,506.2,3641,293,19208.6967
0,944,3,2,1628.0,1450,249,3642.1397
0,945,1,2,283.0,2795,196,3808.7937
0,946,1,0,1359.2,2788,350,6620.1797
0,947,1,1,436.9,14,2,0.2197
0,948,3,2,1780.0,1298,249,3642.1397
0,949,1,0,1634.2,2513,350,6608.2197
0,950,1,2,612.0,2466,249,3642.1397
0,951,1,2,727.0,2351,249,3920.6747
0,952,1,0,1866.2,2281,350,6620.1797
0,953,3,2,1854.0,1224,196,3664.05055
0,954,3,0,1931.2,2216,297,9461.67052
0,955,3,2,1029.0,2049,249,4938.9747
0,956,3,2,1430.0,1648,196,5257.3237
0,957,3,2,1670.0,1408,249,4139.3097
0,958,3,2,1601.0,1477,249,4334.13849
0,959,3,2,1641.0,1437,249,4229.1597
0,960,1,2,1507.0,1571,194,5494.0347
0,961,3,2,1773.0,1305,245,3866.7647
0,962,1,0,2194.2,1953,247,6983.5947
0,963,3,2,1796.0,1282,249,3785.8997
0,964,1,0,1880.2,2267,293,9157.24564
0,965,3,1,331.9,119,4,0.2197
0,966,3,1,347.9,103,4,0.2197
0,967,1,2,1732.0,1346,245,3989.5597
0,968,1,1,49.9,401,4,0.2197
0,969,1,0,2261.2,1886,247,6782.9297
0,970,3,1,436.9,14,2,0.2197
0,971,1,0,2685.2,1462,293,6320.2027
0,972,1,0,2420.2,1727,346,6602.2397
0,973,3,2,1846.0,1232,247,3642.1397
0,974,3,2,1846.0,1232,247,3642.1397
0,975,3,0,2415.2,1732,346,6602.34955
0,976,1,1,436.9,14,2,0.2197
0,977,3,1,436.9,14,2,0.2197
0,978,1,2,2111.0,967,194,3360.1027
0,979,1,2,2111.0,967,194,3360.1027
0,980,1,0,2519.2,1628,247,6010.2197
0,981,3,0,2517.2,1630,249,6010.2197
0,982,3,1,436.9,14,2,0.2197
0,983,1,1,436.9,14,2,0.2197
0,984,1,1,436.9,14,2,0.2197
0,985,3,0,2683.2,1464,295,6320.2027
0,986,1,1,434.9,16,4,0.2197
0,987,3,2,2101.0,977,194,3360.3224
0,988,3,2,1830.0,1248,245,3642.53516
0,989,1,0,2420.2,1727,346,6602.2397
0,990,1,1,436.9,14,2,0.2197
0,991,3,2,1846.0,1232,247,3642.1397
0,992,1,2,1989.0,1089,194,3791.1287
0,993,1,1,436.9,14,2,0.2197
0,994,1,0,2685.2,1462,293,6320.2027
0,995,3,0,2420.2,1727,346,6602.2397
0,996,1,1,436.9,14,2,0.2197
0,997,3,1,431.9,19,2,0.32955
0,998,1,2,1814.0,1264,194,4409.4037
0,999,3,2,2099.0,979,194,3402.4987
1,19,1,1,-1488.1,1939,2,3402.4987
1,27,1,1,-920.1,1371,2,3402.4987
1,268,1,1,-9.1,460,2,3402.4987
1,375,1,0,-710.8,4858,295,3402.4987
1,376,1,0,-677.8,4825,295,3402.4987
1,378,1,2,-1658.0,4736,247,3402.4987
1,382,1,0,-414.8,4562,348,3402.4987
1,383,1,2,-1377.0,4455,247,3402.4987
1,385,1,2,-1185.0,4263,247,3402.4987
1,389,1,2,-989.0,4067,247,3402.4987
1,391,1,1,-3454.1,3905,2,3402.4987
1,396,1,2,-539.0,3617,247,3402.4987
1,399,1,2,-360.0,3438,194,3402.4987
1,403,1,1,-2215.1,2666,2,3402.4987
1,411,1,1,-1587.1,2038,2,3402.4987
1,412,1,1,-1490.1,1941,2,3402.4987
1,419,1,1,-600.1,1051,2,3402.4987
1,664,1,1,-1.1,452,2,3402.4987
1,688,1,1,-1090.1,1541,2,3402.4987
1,696,1,1,-60.1,511,2,3402.4987
1,774,1,1,-153.1,604,2,3402.4987
1,775,1,1,-142.1,593,2,3402.4987
Time: 66526, 845756, 288383, 124817
