CONFIGURATION:
{u'simulation': {u'stdev_factor': 0.01, u'power_mgmt_enabled': False, u'tasks': {u'loc': {u'mean_service_time': {u'gpu': 90, u'cpu_core': 200, u'loc_accel': 10}, u'priority': 1, u'deadline': 1000, u'stdev_service_time': {u'gpu': 0.9, u'cpu_core': 2.0, u'loc_accel': 0.1}, u'power': {u'gpu': 4.457, u'cpu_core': 6.133, u'loc_accel': 0.02197}}, u'detect': {u'mean_service_time': {u'gpu': 0.4607, u'cpu_core': 3.654, u'det_accel': 0.278}, u'priority': 2, u'deadline': 1000, u'stdev_service_time': {u'gpu': 0.004607, u'cpu_core': 0.03654, u'det_accel': 0.0027800000000000004}, u'power': {u'gpu': 90, u'cpu_core': 200, u'det_accel': 10}}, u'Frontier': {u'mean_service_time': {u'cpu_core': 396}, u'priority': 9, u'deadline': 1000, u'stdev_service_time': {u'cpu_core': 3.96}, u'power': {u'cpu_core': 5.98}}, u'track': {u'mean_service_time': {u'gpu': 17, u'tra_accel': 2, u'cpu_core': 1820}, u'priority': 3, u'deadline': 1000, u'stdev_service_time': {u'gpu': 0.17, u'tra_accel': 0.02, u'cpu_core': 18.2}, u'power': {u'gpu': 12.79, u'tra_accel': 0.59, u'cpu_core': 5.6}}, u'sp': {u'mean_service_time': {u'gpu': 379, u'cpu_core': 1004}, u'priority': 11, u'deadline': 1000, u'stdev_service_time': {u'gpu': 3.79, u'cpu_core': 10.040000000000001}, u'power': {u'gpu': 3.302, u'cpu_core': 1004}}, u'mission': {u'mean_service_time': {u'cpu_core': 0.0022}, u'priority': 5, u'deadline': 1000, u'stdev_service_time': {u'cpu_core': 2.2000000000000003e-05}, u'power': {u'cpu_core': 3.534}}, u'motion': {u'mean_service_time': {u'cpu_core': 8}, u'priority': 6, u'deadline': 1000, u'stdev_service_time': {u'cpu_core': 0.08}, u'power': {u'cpu_core': 4.222}}, u'collision': {u'mean_service_time': {u'cpu_core': 8}, u'priority': 7, u'deadline': 1000, u'stdev_service_time': {u'cpu_core': 0.08}, u'power': {u'cpu_core': 0}}, u'fusion': {u'mean_service_time': {u'cpu_core': 1}, u'priority': 4, u'deadline': 1000, u'stdev_service_time': {u'cpu_core': 0.01}, u'power': {u'cpu_core': 0}}, u'map': {u'mean_service_time': {u'gpu': 761, u'cpu_core': 973}, u'priority': 10, u'deadline': 1000, u'stdev_service_time': {u'gpu': 7.61, u'cpu_core': 9.73}, u'power': {u'gpu': 3.533, u'cpu_core': 2.995}}, u'path': {u'mean_service_time': {u'cpu_core': 8}, u'priority': 8, u'deadline': 1000, u'stdev_service_time': {u'cpu_core': 0.08}, u'power': {u'cpu_core': 0}}}, u'sched_policy_module': u'policies.ms2_update2', u'drop': True, u'servers': {u'gpu': {u'count': 2}, u'tra_accel': {u'count': 1}, u'cpu_core': {u'count': 8}, u'loc_accel': {u'count': 1}, u'det_accel': {u'count': 1}}, u'max_tasks_simulated': 10000, u'max_queue_size': 1000000, u'mean_arrival_time': 50, u'arrival_time_scale': 3.1}, u'general': {u'random_seed': 0, u'pre_gen_arrivals': False, u'basename': u'policy:ms2_update2__stdev_factor:0.01', u'output_trace_file': None, u'working_dir': u'/home/hiwot/meta-stomp2/sim_16042020_202749_new_arrival_50_map_rheftmapping_50_trace_50', u'input_trace_file': (False, '../mv_mapping_50_trace_50.trc'), u'logging_level': u'INFO'}}

/home/hiwot/meta-stomp2/sim_16042020_202749_new_arrival_50_map_rheftmapping_50_trace_50/../mv_mapping_50_trace_50.trc

Running STOMP simulation...
Dropped,DAG ID,DAG Priority,DAG Type,Slack,Response Time,No-Affinity Time,Energy
0,0,3,0,3299.6,1462,293,6320.2027
0,1,1,0,3299.6,1462,293,6320.2027
0,2,1,1,503.7,14,2,0.2197
0,3,1,2,2471.0,1063,194,3699.2707
0,4,1,0,3243.6,1518,295,6320.2027
0,5,1,1,503.7,14,2,0.2197
0,6,3,2,2294.0,1240,249,3642.1397
0,7,3,0,3019.6,1742,350,6602.2397
0,8,3,2,2294.0,1240,249,3642.1397
0,9,3,2,2284.0,1250,196,3360.1027
0,10,3,0,2999.6,1762,350,6704.03152
0,11,1,1,503.7,14,2,0.2197
0,12,1,2,2097.0,1437,196,3360.1027
0,13,1,0,2698.6,2063,350,7511.1997
0,14,3,0,2899.6,1862,350,6620.1797
0,15,1,0,2711.6,2050,350,7780.32167
0,16,3,0,2730.6,2031,350,7817.0797
0,17,3,1,479.7,38,4,0.2197
0,18,3,0,2855.6,1906,346,7669.6747
0,19,1,1,480.7,37,4,0.2197
0,20,3,0,2921.6,1840,293,8211.1457
0,21,3,0,2892.6,1869,348,7439.4397
0,22,3,1,227.7,290,4,0.2197
0,23,3,2,2270.0,1264,196,4310.4797
0,24,3,0,2441.6,2320,346,8366.38258
0,25,3,0,2543.6,2218,348,8066.7947
0,26,3,2,2232.0,1302,249,3830.8247
0,27,1,1,295.7,222,4,0.2197
0,28,1,0,3012.6,1749,297,7320.0417
0,29,3,2,2567.0,967,194,3360.1027
0,30,3,1,436.7,81,4,0.2197
0,31,1,2,2298.0,1236,245,3660.1097
0,32,1,0,3043.6,1718,247,6279.7697
0,33,3,2,2304.0,1230,245,3642.1397
0,34,1,1,503.7,14,2,0.2197
0,35,1,1,503.7,14,2,0.2197
0,36,1,1,503.7,14,2,0.2197
0,37,1,0,3299.6,1462,293,6320.2027
0,38,1,2,2567.0,967,194,3360.1027
0,39,1,2,2304.0,1230,245,3642.1397
0,40,3,0,3133.6,1628,247,6010.2197
0,41,1,0,3133.6,1628,247,6010.2197
0,42,1,2,2304.0,1230,245,3642.1397
0,43,1,1,503.7,14,2,0.2197
0,44,3,1,503.7,14,2,0.2197
0,45,1,0,3034.6,1727,346,6602.2397
0,46,1,0,3299.6,1462,293,6320.2027
0,47,1,0,3299.6,1462,293,6320.2027
0,48,1,2,2304.0,1230,245,3642.1397
0,49,3,0,3034.6,1727,346,6602.2397
0,50,1,1,503.7,14,2,0.2197
0,51,1,1,503.7,14,2,0.2197
0,52,3,2,2567.0,967,194,3360.1027
0,53,1,1,503.7,14,2,0.2197
0,54,1,2,2567.0,967,194,3360.1027
0,55,1,0,3034.6,1727,346,6602.2397
0,56,1,2,2300.0,1234,249,3642.1397
0,57,1,1,503.7,14,2,0.2197
0,58,3,2,2304.0,1230,245,3642.1397
0,59,3,2,2490.0,1044,194,3632.1437
0,60,3,1,503.7,14,2,0.2197
0,61,1,1,503.7,14,2,0.2197
0,62,3,2,2567.0,967,194,3360.1027
0,63,3,1,503.7,14,2,0.2197
0,64,1,0,3133.6,1628,247,6010.2197
0,65,3,0,3087.6,1674,295,7062.1327
0,66,3,0,3133.6,1628,247,6010.2197
0,67,3,1,503.7,14,2,0.2197
0,68,3,0,3133.6,1628,247,6010.2197
0,69,3,0,3154.6,1607,293,6832.4877
0,70,1,1,503.7,14,2,0.2197
0,71,1,0,3133.6,1628,247,6010.2197
0,72,1,0,3032.6,1729,348,6602.2397
0,73,3,2,2361.0,1173,194,4087.9007
0,74,3,2,2494.0,1040,194,3618.0117
0,75,1,2,2302.0,1232,247,3642.1397
0,76,1,1,503.7,14,2,0.2197
0,77,3,0,3034.6,1727,346,6602.2397
0,78,1,1,503.7,14,2,0.2197
0,79,3,2,2467.0,1067,194,3688.82549
0,80,3,0,3186.6,1575,293,6719.4317
0,81,1,1,503.7,14,2,0.2197
0,82,1,0,3133.6,1628,247,6010.2197
0,83,3,1,503.7,14,2,0.2197
0,84,1,1,503.7,14,2,0.2197
0,85,3,0,3297.6,1464,295,6320.2027
0,86,3,0,3088.6,1673,293,7062.15467
0,87,1,2,2304.0,1230,245,3642.1397
0,88,3,2,2304.0,1230,245,3642.1397
0,89,1,2,2567.0,967,194,3360.1027
0,90,3,0,3299.6,1462,293,6320.2027
0,91,1,0,3034.6,1727,346,6602.2397
0,92,1,0,3133.6,1628,247,6010.2197
0,93,3,1,499.7,18,2,0.30758
0,94,1,1,503.7,14,2,0.2197
0,95,1,2,2565.0,969,196,3360.1027
0,96,1,1,503.7,14,2,0.2197
0,97,3,0,3297.6,1464,295,6320.2027
0,98,1,2,2302.0,1232,247,3642.1397
0,99,3,2,2300.0,1234,249,3642.1397
0,100,1,0,3034.6,1727,346,6602.2397
0,101,1,1,503.7,14,2,0.2197
0,102,3,0,3106.6,1655,295,6995.0057
0,103,3,0,3134.6,1627,295,6896.0817
0,104,3,1,503.7,14,2,0.2197
0,105,1,2,2301.0,1233,247,3642.16167
0,106,3,1,503.7,14,2,0.2197
0,107,1,1,499.7,18,2,0.30758
0,108,3,0,3299.6,1462,293,6320.2027
0,109,1,2,2567.0,967,194,3360.1027
0,110,1,2,2304.0,1230,245,3642.1397
0,111,3,1,503.7,14,2,0.2197
0,112,3,1,503.7,14,2,0.2197
0,113,3,1,503.7,14,2,0.2197
0,114,1,0,3299.6,1462,293,6320.2027
0,115,1,0,3270.6,1491,295,6415.5937
0,116,3,2,2304.0,1230,245,3642.1397
0,117,3,2,2304.0,1230,245,3642.1397
0,118,3,0,3034.6,1727,346,6602.2397
0,119,1,0,3133.6,1628,247,6010.2197
0,120,3,2,2567.0,967,194,3360.1027
0,121,3,0,3297.6,1464,295,6320.2027
0,122,3,2,2302.0,1232,247,3642.1397
0,123,1,1,503.7,14,2,0.2197
0,124,1,1,503.7,14,2,0.2197
0,125,3,2,2518.0,1016,194,3533.2197
0,126,1,0,3299.6,1462,293,6320.2027
0,127,3,1,503.7,14,2,0.2197
0,128,3,1,503.7,14,2,0.2197
0,129,3,0,3133.6,1628,247,6010.2197
0,130,1,1,503.7,14,2,0.2197
0,131,3,2,2567.0,967,194,3360.1027
0,132,3,0,3297.6,1464,295,6320.2027
0,133,3,1,503.7,14,2,0.2197
0,134,3,2,2304.0,1230,245,3642.1397
0,135,1,0,3032.6,1729,348,6602.2397
0,136,3,0,3131.6,1630,249,6010.2197
0,137,1,1,503.7,14,2,0.2197
0,138,1,2,2304.0,1230,245,3642.1397
0,139,3,2,2304.0,1230,245,3642.1397
0,140,3,2,2418.0,1116,194,3886.5197
0,141,3,1,497.7,20,2,0.35152
0,142,3,1,503.7,14,2,0.2197
0,143,3,2,2406.0,1128,194,3928.9157
0,144,1,1,503.7,14,2,0.2197
0,145,1,1,503.7,14,2,0.2197
0,146,3,0,3133.6,1628,247,6010.2197
0,147,3,2,2304.0,1230,245,3642.1397
0,148,3,1,493.7,24,2,0.4394
0,149,3,0,3299.6,1462,293,6320.2027
0,150,3,0,3299.6,1462,293,6320.2027
0,151,3,0,3133.6,1628,247,6010.2197
0,152,1,2,2300.0,1234,245,3642.22758
0,153,3,1,503.7,14,2,0.2197
0,154,1,0,3247.6,1514,293,6503.9187
0,155,1,0,3299.6,1462,293,6320.2027
0,156,3,0,3133.6,1628,247,6010.2197
0,157,1,1,503.7,14,2,0.2197
0,158,1,1,503.7,14,2,0.2197
0,159,1,0,3133.6,1628,247,6010.2197
0,160,3,1,503.7,14,2,0.2197
0,161,3,1,503.7,14,2,0.2197
0,162,1,1,503.7,14,2,0.2197
0,163,3,2,2567.0,967,194,3360.1027
0,164,1,2,2567.0,967,194,3360.1027
0,165,1,2,2302.0,1232,247,3642.1397
0,166,3,2,2302.0,1232,247,3642.1397
0,167,1,2,2302.0,1232,247,3642.1397
0,168,1,2,2302.0,1232,247,3642.1397
0,169,3,0,3034.6,1727,346,6602.2397
0,170,1,2,2302.0,1232,247,3642.1397
0,171,1,0,3032.6,1729,348,6602.2397
0,172,1,1,503.7,14,2,0.2197
0,173,3,1,503.7,14,2,0.2197
0,174,3,0,3299.6,1462,293,6320.2027
0,175,1,2,2567.0,967,194,3360.1027
0,176,3,1,503.7,14,2,0.2197
0,177,1,1,503.7,14,2,0.2197
0,178,1,0,3299.6,1462,293,6320.2027
0,179,1,0,3121.6,1640,249,6040.1697
0,180,3,2,2515.0,1019,194,3519.24149
0,181,1,0,3131.6,1630,249,6010.2197
0,182,1,2,2302.0,1232,247,3642.1397
0,183,1,1,503.7,14,2,0.2197
0,184,1,1,503.7,14,2,0.2197
0,185,1,1,503.7,14,2,0.2197
0,186,1,2,2567.0,967,194,3360.1027
0,187,1,0,3299.6,1462,293,6320.2027
0,188,3,1,503.7,14,2,0.2197
0,189,3,2,2302.0,1232,247,3642.1397
0,190,3,1,503.7,14,2,0.2197
0,191,1,1,503.7,14,2,0.2197
0,192,3,0,3299.6,1462,293,6320.2027
0,193,1,2,2567.0,967,194,3360.1027
0,194,3,2,2304.0,1230,245,3642.1397
0,195,3,1,503.7,14,2,0.2197
0,196,1,0,3034.6,1727,346,6602.2397
0,197,3,0,3131.6,1630,249,6010.2197
0,198,1,1,503.7,14,2,0.2197
0,199,3,2,2567.0,967,194,3360.1027
0,200,3,1,496.7,21,2,0.37349
0,201,3,2,2567.0,967,194,3360.1027
0,202,3,1,503.7,14,2,0.2197
0,203,1,0,3133.6,1628,247,6010.2197
0,204,1,0,3192.6,1569,295,6691.1677
0,205,3,2,2304.0,1230,245,3642.1397
0,206,3,0,3297.6,1464,295,6320.2027
0,207,1,1,503.7,14,2,0.2197
0,208,1,1,503.7,14,2,0.2197
0,209,1,2,2491.0,1043,194,3628.6107
0,210,1,0,3133.6,1628,247,6010.2197
0,211,1,2,2302.0,1232,247,3642.1397
0,212,3,2,2302.0,1232,247,3642.1397
0,213,1,1,503.7,14,2,0.2197
0,214,3,2,2567.0,967,194,3360.1027
0,215,1,1,503.7,14,2,0.2197
0,216,1,2,2567.0,967,194,3360.1027
0,217,1,1,503.7,14,2,0.2197
0,218,3,1,503.7,14,2,0.2197
0,219,3,2,2567.0,967,194,3360.1027
0,220,3,1,503.7,14,2,0.2197
0,221,3,0,3081.6,1680,295,7069.28658
0,222,3,0,3133.6,1628,247,6010.2197
0,223,1,0,3131.6,1630,249,6010.2197
0,224,3,1,502.7,15,2,0.24167
0,225,1,1,503.7,14,2,0.2197
0,226,3,1,503.7,14,2,0.2197
0,227,1,1,503.7,14,2,0.2197
0,228,3,2,2304.0,1230,245,3642.1397
0,229,1,1,503.7,14,2,0.2197
0,230,3,2,2409.0,1125,194,3883.2064
0,231,1,1,503.7,14,2,0.2197
0,232,1,0,3034.6,1727,346,6602.2397
0,233,3,2,2302.0,1232,247,3642.1397
0,234,1,1,503.7,14,2,0.2197
0,235,1,0,2992.6,1769,348,6722.0397
0,236,3,2,2420.0,1114,194,3879.4537
0,237,3,2,2567.0,967,194,3360.1027
0,238,1,1,503.7,14,2,0.2197
0,239,1,0,3295.6,1466,293,6320.29058
0,240,3,2,2304.0,1230,245,3642.1397
0,241,1,2,2364.0,1170,194,4077.3017
0,242,1,0,3034.6,1727,346,6602.2397
0,243,1,2,2502.0,1032,194,3589.7477
0,244,1,1,503.7,14,2,0.2197
0,245,3,0,3034.6,1727,346,6602.2397
0,246,1,1,503.7,14,2,0.2197
0,247,3,1,503.7,14,2,0.2197
0,248,1,2,2304.0,1230,245,3642.1397
0,249,3,2,2567.0,967,194,3360.1027
0,250,1,2,2567.0,967,194,3360.1027
0,251,3,2,2376.0,1158,194,4034.9057
0,252,1,0,3133.6,1628,247,6010.2197
0,253,1,1,503.7,14,2,0.2197
0,254,3,0,3287.6,1474,297,6320.2027
0,255,3,1,503.7,14,2,0.2197
0,256,1,0,2948.6,1813,350,6602.32758
0,257,3,1,503.7,14,2,0.2197
0,258,1,0,2783.6,1978,346,7631.5897
0,259,3,2,2487.0,1047,196,3367.1687
0,260,1,0,3025.6,1736,348,6644.0997
0,261,3,2,2290.0,1244,249,3642.16167
0,262,3,1,503.7,14,2,0.2197
0,263,1,2,2230.0,1304,245,3863.7697
0,264,3,0,3169.6,1592,295,6772.4267
0,265,3,2,2302.0,1232,247,3642.1397
0,266,1,0,3066.6,1695,249,6204.8947
0,267,3,0,3211.6,1550,293,6631.1067
0,268,1,1,503.7,14,2,0.2197
0,269,3,2,2302.0,1232,247,3642.1397
0,270,3,2,2184.0,1350,247,3983.65758
0,271,1,1,494.7,23,4,0.2197
0,272,3,2,2567.0,967,194,3360.1027
0,273,1,0,3299.6,1462,293,6320.2027
0,274,1,1,500.7,17,2,0.28561
0,275,3,2,2304.0,1230,245,3642.1397
0,276,3,0,3182.6,1579,293,6733.5637
0,277,3,2,2304.0,1230,245,3642.1397
0,278,3,0,3299.6,1462,293,6320.2027
0,279,3,0,3131.6,1630,249,6010.2197
0,280,1,2,2304.0,1230,245,3642.1397
0,281,1,2,2302.0,1232,247,3642.1397
0,282,1,0,3297.6,1464,295,6320.2027
0,283,1,1,503.7,14,2,0.2197
0,284,1,1,503.7,14,2,0.2197
0,285,3,0,3024.6,1737,346,6602.4594
0,286,3,1,503.7,14,2,0.2197
0,287,3,2,2537.0,997,194,3466.0927
0,288,1,2,2304.0,1230,245,3642.1397
0,289,1,0,3034.6,1727,346,6602.2397
0,290,3,2,2302.0,1232,247,3642.1397
0,291,3,2,2567.0,967,194,3360.1027
0,292,3,1,503.7,14,2,0.2197
0,293,3,2,2561.0,973,194,3360.23452
0,294,3,2,2400.0,1134,194,3950.1137
0,295,3,0,3133.6,1628,247,6010.2197
0,296,1,2,2300.0,1234,245,3642.22758
0,297,3,0,3032.6,1729,348,6602.2397
0,298,1,1,503.7,14,2,0.2197
0,299,1,0,3297.6,1464,295,6320.2027
0,300,3,1,503.7,14,2,0.2197
0,301,1,0,3034.6,1727,346,6602.2397
0,302,1,1,503.7,14,2,0.2197
0,303,3,1,503.7,14,2,0.2197
0,304,3,0,3230.6,1531,295,6556.9137
0,305,1,1,503.7,14,2,0.2197
0,306,3,1,503.7,14,2,0.2197
0,307,3,2,2302.0,1232,247,3642.1397
0,308,3,1,503.7,14,2,0.2197
0,309,1,1,503.7,14,2,0.2197
0,310,3,2,2567.0,967,194,3360.1027
0,311,3,2,2303.0,1231,245,3642.16167
0,312,3,1,503.7,14,2,0.2197
0,313,1,2,2498.0,1036,194,3603.8797
0,314,1,0,3133.6,1628,247,6010.2197
0,315,1,2,2304.0,1230,245,3642.1397
0,316,3,1,503.7,14,2,0.2197
0,317,1,0,3131.6,1630,249,6010.2197
0,318,3,2,2459.0,1075,194,3741.6667
0,319,1,0,3133.6,1628,247,6010.2197
0,320,1,0,3032.6,1729,348,6602.2397
0,321,1,2,2302.0,1232,247,3642.1397
0,322,1,1,503.7,14,2,0.2197
0,323,3,1,503.7,14,2,0.2197
0,324,1,0,3299.6,1462,293,6320.2027
0,325,1,0,3034.6,1727,346,6602.2397
0,326,1,1,503.7,14,2,0.2197
0,327,1,2,2567.0,967,194,3360.1027
0,328,1,0,3238.6,1523,295,6320.2027
0,329,3,0,3031.6,1730,346,6620.1797
0,330,1,2,2249.0,1285,249,3642.3594
0,331,3,2,2292.0,1242,249,3642.1397
0,332,3,1,503.7,14,2,0.2197
0,333,3,1,503.7,14,2,0.2197
0,334,3,2,2304.0,1230,245,3642.1397
0,335,3,1,503.7,14,2,0.2197
0,336,1,2,2567.0,967,194,3360.1027
0,337,1,2,2567.0,967,194,3360.1027
0,338,1,1,503.7,14,2,0.2197
0,339,3,0,3034.6,1727,346,6602.2397
0,340,3,2,2302.0,1232,247,3642.1397
0,341,3,0,3032.6,1729,348,6602.2397
0,342,3,0,2989.6,1772,346,6737.0147
0,343,3,2,2287.0,1247,245,3693.0547
0,344,1,2,2302.0,1232,247,3642.1397
0,345,1,0,3256.6,1505,293,6472.1217
0,346,3,0,3299.6,1462,293,6320.2027
0,347,3,0,3034.6,1727,346,6602.2397
0,348,1,1,503.7,14,2,0.2197
0,349,3,2,2567.0,967,194,3360.1027
0,350,3,0,3299.6,1462,293,6320.2027
0,351,1,0,3133.6,1628,247,6010.2197
0,352,1,0,3133.6,1628,247,6010.2197
0,353,3,2,2304.0,1230,245,3642.1397
0,354,3,2,2302.0,1232,247,3642.1397
0,355,1,0,3191.6,1570,293,6701.7667
0,356,3,1,503.7,14,2,0.2197
0,357,3,0,3223.6,1538,293,6588.7107
0,358,3,0,3131.6,1630,249,6010.2197
0,359,3,2,2295.0,1239,247,3642.29349
0,360,3,2,2302.0,1232,247,3642.1397
0,361,3,2,2567.0,967,194,3360.1027
0,362,1,2,2567.0,967,194,3360.1027
0,363,1,2,2295.0,1239,247,3642.29349
0,364,3,2,2302.0,1232,247,3642.1397
0,365,3,0,3299.6,1462,293,6320.2027
0,366,3,1,503.7,14,2,0.2197
0,367,3,2,2567.0,967,194,3360.1027
0,368,1,1,503.7,14,2,0.2197
0,369,1,1,503.7,14,2,0.2197
0,370,1,1,503.7,14,2,0.2197
0,371,3,0,3133.6,1628,247,6010.2197
0,372,1,0,3116.6,1645,293,6966.7417
0,373,3,1,497.7,20,2,0.35152
0,374,3,1,503.7,14,2,0.2197
0,375,1,0,2319.6,2442,297,6320.2027
0,376,1,0,2362.6,2399,297,11522.8027
0,377,3,2,2294.0,1240,249,3642.1397
0,378,1,2,1966.0,1568,249,3642.1397
0,379,3,0,2541.6,2220,350,6620.1797
0,380,1,1,503.7,14,2,0.2197
0,381,3,1,503.7,14,2,0.2197
0,382,1,0,2189.6,2572,350,11583.5797
0,383,1,2,2292.0,1242,249,3642.1397
0,384,3,0,3000.6,1761,350,6745.7597
0,385,1,2,1800.0,1734,249,3642.1397
0,386,3,0,3204.6,1557,297,6631.3817
0,387,1,1,503.7,14,2,0.2197
0,388,3,1,496.7,21,2,0.37349
0,389,1,2,2042.0,1492,196,3596.8137
0,390,3,0,2713.6,2048,350,7542.6597
0,391,1,1,238.7,279,4,0.2197
0,392,3,0,2720.6,2041,251,6887.7547
0,393,3,2,2155.0,1379,249,4061.4397
0,394,3,0,2618.6,2143,251,6893.7447
0,395,3,1,425.7,92,4,0.2197
0,396,1,2,2072.0,1462,249,4295.0497
0,397,1,0,2070.6,2691,350,9058.1097
0,398,1,0,1720.6,3041,348,11618.23758
0,399,1,2,2145.0,1389,196,4328.1447
0,400,3,0,2878.6,1883,297,7268.7247
0,401,3,2,1872.0,1662,249,4720.3397
0,402,1,0,2129.6,2632,346,9694.7947
0,403,1,1,487.7,30,4,0.2197
0,404,3,2,2152.0,1382,196,3618.0117
0,405,3,0,2894.6,1867,297,8452.8207
0,406,1,0,2412.6,2349,346,9169.5897
0,407,1,2,2136.0,1398,249,3660.1097
0,408,1,2,1823.0,1711,249,3998.5447
0,409,3,0,2828.6,1933,350,7234.0947
0,410,3,1,373.7,144,4,0.2197
0,411,1,1,370.7,147,4,0.4394
0,412,1,1,476.7,41,4,0.2197
0,413,3,0,3029.6,1732,249,6315.7097
0,414,1,2,2464.0,1070,194,3724.0017
0,415,1,2,2274.0,1260,245,3684.42122
0,416,3,2,2520.0,1014,194,3526.1537
0,417,1,2,1881.0,1653,247,4903.0347
0,418,3,2,2242.0,1292,247,3821.8397
0,419,1,1,288.7,229,4,0.2197
0,420,3,2,2251.0,1283,194,4476.5307
0,421,3,2,2332.0,1202,194,4190.3577
0,422,1,2,2302.0,1232,247,3642.1397
0,423,3,1,503.7,14,2,0.2197
0,424,3,0,3133.6,1628,247,6010.2197
0,425,1,1,503.7,14,2,0.2197
0,426,1,2,2567.0,967,194,3360.1027
0,427,1,2,2567.0,967,194,3360.1027
0,428,3,2,2299.0,1235,247,3642.20561
0,429,1,1,502.7,15,2,0.24167
0,430,3,2,2302.0,1232,247,3642.1397
0,431,3,1,503.7,14,2,0.2197
0,432,3,1,503.7,14,2,0.2197
0,433,1,1,499.7,18,2,0.30758
0,434,1,1,503.7,14,2,0.2197
0,435,1,0,3133.6,1628,247,6010.2197
0,436,1,1,503.7,14,2,0.2197
0,437,3,1,503.7,14,2,0.2197
0,438,1,1,499.7,18,2,0.30758
0,439,3,1,503.7,14,2,0.2197
0,440,1,2,2567.0,967,194,3360.1027
0,441,1,2,2567.0,967,194,3360.1027
0,442,1,2,2304.0,1230,245,3642.1397
0,443,1,0,3034.6,1727,346,6602.2397
0,444,3,2,2302.0,1232,247,3642.1397
0,445,1,0,3032.6,1729,348,6602.2397
0,446,3,1,503.7,14,2,0.2197
0,447,1,0,3299.6,1462,293,6320.2027
0,448,1,0,3297.6,1464,295,6320.2027
0,449,3,0,3032.6,1729,348,6602.2397
0,450,1,1,503.7,14,2,0.2197
0,451,3,2,2302.0,1232,247,3642.1397
0,452,3,1,502.7,15,2,0.24167
0,453,1,2,2503.0,1031,196,3579.1487
0,454,1,1,503.7,14,2,0.2197
0,455,3,1,503.7,14,2,0.2197
0,456,1,2,2567.0,967,194,3360.1027
0,457,3,2,2567.0,967,194,3360.1027
0,458,1,1,503.7,14,2,0.2197
0,459,1,0,3117.6,1644,249,6010.52728
0,460,3,0,3129.6,1632,247,6010.30758
0,461,3,1,503.7,14,2,0.2197
0,462,3,2,2435.0,1099,194,3826.4587
0,463,3,0,3173.6,1588,295,6758.2947
0,464,1,0,3034.6,1727,346,6602.2397
0,465,3,2,2302.0,1232,247,3642.1397
0,466,3,1,503.7,14,2,0.2197
0,467,1,2,2300.0,1234,249,3642.1397
0,468,1,0,3299.6,1462,293,6320.2027
0,469,3,2,2567.0,967,194,3360.1027
0,470,3,0,3133.6,1628,247,6010.2197
0,471,3,1,503.7,14,2,0.2197
0,472,3,1,503.7,14,2,0.2197
0,473,3,0,3299.6,1462,293,6320.2027
0,474,3,2,2567.0,967,194,3360.1027
0,475,3,2,2304.0,1230,245,3642.1397
0,476,3,1,503.7,14,2,0.2197
0,477,3,2,2302.0,1232,247,3642.1397
0,478,3,2,2302.0,1232,247,3642.1397
0,479,1,0,3299.6,1462,293,6320.2027
0,480,1,2,2567.0,967,194,3360.1027
0,481,1,2,2304.0,1230,245,3642.1397
0,482,3,2,2302.0,1232,247,3642.1397
0,483,1,1,503.7,14,2,0.2197
0,484,3,0,3299.6,1462,293,6320.2027
0,485,3,1,503.7,14,2,0.2197
0,486,1,0,3299.6,1462,293,6320.2027
0,487,3,0,3034.6,1727,346,6602.2397
0,488,1,2,2302.0,1232,247,3642.1397
0,489,1,0,3100.6,1661,295,7016.2037
0,490,3,2,2435.0,1099,194,3826.4587
0,491,3,1,502.7,15,2,0.24167
0,492,1,2,2304.0,1230,245,3642.1397
0,493,1,1,503.7,14,2,0.2197
0,494,1,1,503.7,14,2,0.2197
0,495,1,1,503.7,14,2,0.2197
0,496,1,2,2302.0,1232,247,3642.1397
0,497,3,2,2304.0,1230,245,3642.1397
0,498,3,0,3217.6,1544,293,6609.9087
0,499,3,2,2460.0,1074,194,3738.1337
0,500,3,0,3133.6,1628,247,6010.2197
0,501,3,2,2302.0,1232,247,3642.1397
0,502,1,1,503.7,14,2,0.2197
0,503,1,2,2302.0,1232,247,3642.1397
0,504,3,2,2467.0,1067,194,3713.4027
0,505,1,0,2976.6,1785,348,6769.9597
0,506,3,0,3165.6,1596,293,6793.6247
0,507,1,1,503.7,14,2,0.2197
0,508,3,1,503.7,14,2,0.2197
0,509,1,2,2302.0,1232,247,3642.1397
0,510,3,2,2567.0,967,194,3360.1027
0,511,3,2,2567.0,967,194,3360.1027
0,512,1,0,3299.6,1462,293,6320.2027
0,513,3,1,503.7,14,2,0.2197
0,514,3,2,2304.0,1230,245,3642.1397
0,515,1,0,2916.6,1845,346,6955.6497
0,516,1,2,2253.0,1281,247,3788.8947
0,517,3,2,2527.0,1007,194,3501.4227
0,518,1,1,503.7,14,2,0.2197
0,519,3,1,503.7,14,2,0.2197
0,520,3,1,503.7,14,2,0.2197
0,521,1,0,3297.6,1464,295,6320.2027
0,522,3,1,503.7,14,2,0.2197
0,523,3,2,2478.0,1056,194,3674.5397
0,524,1,0,3031.6,1730,346,6602.30561
0,525,1,1,503.7,14,2,0.2197
0,526,1,0,3248.6,1513,295,6493.3197
0,527,3,1,503.7,14,2,0.2197
0,528,3,1,503.7,14,2,0.2197
0,529,1,1,503.7,14,2,0.2197
0,530,1,1,503.7,14,2,0.2197
0,531,3,0,3299.6,1462,293,6320.2027
0,532,1,1,493.7,24,2,0.4394
0,533,3,2,2567.0,967,194,3360.1027
0,534,1,2,2304.0,1230,245,3642.1397
0,535,3,2,2302.0,1232,247,3642.1397
0,536,3,2,2372.0,1162,194,4049.0377
0,537,1,1,503.7,14,2,0.2197
0,538,1,0,3133.6,1628,247,6010.2197
0,539,1,0,3133.6,1628,247,6010.2197
0,540,3,0,3033.6,1728,346,6602.26167
0,541,1,1,503.7,14,2,0.2197
0,542,1,2,2465.0,1069,194,3720.4687
0,543,1,0,3167.6,1594,293,6786.5587
0,544,1,0,3133.6,1628,247,6010.2197
0,545,1,2,2304.0,1230,245,3642.1397
0,546,1,1,503.7,14,2,0.2197
0,547,1,0,3202.6,1559,295,6655.8377
0,548,1,2,2302.0,1232,247,3642.1397
0,549,1,2,2304.0,1230,245,3642.1397
0,550,3,2,2304.0,1230,245,3642.1397
0,551,3,1,503.7,14,2,0.2197
0,552,1,0,3233.6,1528,293,6553.3807
0,553,1,2,2567.0,967,194,3360.1027
0,554,1,2,2300.0,1234,249,3642.1397
0,555,3,0,3133.6,1628,247,6010.2197
0,556,3,0,3114.6,1647,295,6966.7417
0,557,1,1,503.7,14,2,0.2197
0,558,1,1,503.7,14,2,0.2197
0,559,3,2,2304.0,1230,245,3642.1397
0,560,1,2,2567.0,967,194,3360.1027
0,561,3,1,503.7,14,2,0.2197
0,562,1,0,3131.6,1630,249,6010.2197
0,563,1,2,2304.0,1230,245,3642.1397
0,564,3,1,503.7,14,2,0.2197
0,565,1,1,503.7,14,2,0.2197
0,566,1,1,503.7,14,2,0.2197
0,567,3,0,3299.6,1462,293,6320.2027
0,568,3,1,503.7,14,2,0.2197
0,569,1,2,2567.0,967,194,3360.1027
0,570,1,1,503.7,14,2,0.2197
0,571,3,1,503.7,14,2,0.2197
0,572,3,1,503.7,14,2,0.2197
0,573,1,1,503.7,14,2,0.2197
0,574,3,0,3299.6,1462,293,6320.2027
0,575,1,2,2567.0,967,194,3360.1027
0,576,1,2,2304.0,1230,245,3642.1397
0,577,1,2,2302.0,1232,247,3642.1397
0,578,1,2,2302.0,1232,247,3642.1397
0,579,3,2,2302.0,1232,247,3642.1397
0,580,3,2,2302.0,1232,247,3642.1397
0,581,1,1,503.7,14,2,0.2197
0,582,1,1,503.7,14,2,0.2197
0,583,1,2,2567.0,967,194,3360.1027
0,584,1,2,2567.0,967,194,3360.1027
0,585,3,1,503.7,14,2,0.2197
0,586,3,1,503.7,14,2,0.2197
0,587,3,0,3299.6,1462,293,6320.2027
0,588,3,1,503.7,14,2,0.2197
0,589,3,0,3292.6,1469,293,6320.35649
0,590,3,1,503.7,14,2,0.2197
0,591,3,2,2391.0,1143,194,3981.9107
0,592,3,2,2294.0,1240,245,3642.3594
0,593,3,1,503.7,14,2,0.2197
0,594,3,1,496.7,21,2,0.37349
0,595,1,1,503.7,14,2,0.2197
0,596,1,2,2567.0,967,194,3360.1027
0,597,1,0,3133.6,1628,247,6010.2197
0,598,1,2,2304.0,1230,245,3642.1397
0,599,1,0,3088.6,1673,295,7058.5997
0,600,3,1,503.7,14,2,0.2197
0,601,1,0,3133.6,1628,247,6010.2197
0,602,1,0,3285.6,1476,295,6362.5987
0,603,1,2,2304.0,1230,245,3642.1397
0,604,1,2,2408.0,1126,194,3921.8497
0,605,1,1,503.7,14,2,0.2197
0,606,1,1,503.7,14,2,0.2197
0,607,1,1,503.7,14,2,0.2197
0,608,1,2,2275.0,1259,196,3360.1027
0,609,1,2,2279.0,1255,196,4059.70261
0,610,1,0,3015.6,1746,348,6697.94167
0,611,3,1,503.7,14,2,0.2197
0,612,1,0,3131.6,1630,249,6010.2197
0,613,1,2,2304.0,1230,245,3642.1397
0,614,1,2,2302.0,1232,247,3642.1397
0,615,3,2,2302.0,1232,247,3642.1397
0,616,1,2,2302.0,1232,247,3642.1397
0,617,1,2,2271.0,1263,247,3734.9847
0,618,3,2,2388.0,1146,194,3992.5097
0,619,1,0,3034.6,1727,346,6602.2397
0,620,3,1,503.7,14,2,0.2197
0,621,1,2,2567.0,967,194,3360.1027
0,622,1,0,3299.6,1462,293,6320.2027
0,623,1,0,3133.6,1628,247,6010.2197
0,624,3,0,3133.6,1628,247,6010.2197
0,625,1,0,3131.6,1630,249,6010.2197
0,626,1,2,2425.0,1109,194,3861.7887
0,627,3,2,2379.0,1155,194,4024.3067
0,628,3,2,2302.0,1232,247,3642.1397
0,629,3,1,503.7,14,2,0.2197
0,630,1,1,503.7,14,2,0.2197
0,631,1,1,503.7,14,2,0.2197
0,632,3,0,3299.6,1462,293,6320.2027
0,633,3,0,3297.6,1464,295,6320.2027
0,634,3,0,3133.6,1628,247,6010.2197
0,635,1,2,2233.0,1301,245,3854.7847
0,636,3,0,3282.6,1479,295,6373.1977
0,637,3,1,503.7,14,2,0.2197
0,638,3,2,2302.0,1232,247,3642.1397
0,639,3,1,503.7,14,2,0.2197
0,640,1,1,503.7,14,2,0.2197
0,641,1,1,503.7,14,2,0.2197
0,642,1,2,2567.0,967,194,3360.1027
0,643,1,0,3155.6,1606,293,6828.9547
0,644,1,0,3034.6,1727,346,6602.2397
0,645,3,0,3032.6,1729,348,6602.2397
0,646,3,0,3032.6,1729,348,6602.2397
0,647,1,1,503.7,14,2,0.2197
0,648,1,1,503.7,14,2,0.2197
0,649,1,2,2567.0,967,194,3360.1027
0,650,1,0,2949.6,1812,297,6320.2027
0,651,1,1,503.7,14,2,0.2197
0,652,1,0,3099.6,1662,249,6010.2197
0,653,3,0,3022.6,1739,348,6662.0397
0,654,1,2,1983.0,1551,249,3642.1397
0,655,1,1,503.7,14,2,0.2197
0,656,3,0,3005.6,1756,346,6689.0947
0,657,1,0,3133.6,1628,247,6010.2197
0,658,3,2,2466.0,1068,196,3529.9064
0,659,1,2,2367.0,1167,194,4066.7027
0,660,3,0,3034.6,1727,346,6602.2397
0,661,3,2,2302.0,1232,247,3642.1397
0,662,3,0,2990.6,1771,346,6734.0197
0,663,3,0,3011.6,1750,346,6671.1247
0,664,1,1,372.7,145,4,0.2197
0,665,3,1,503.7,14,2,0.2197
0,666,1,2,2567.0,967,194,3360.1027
0,667,3,2,2567.0,967,194,3360.1027
0,668,3,2,2304.0,1230,245,3642.1397
0,669,1,2,2304.0,1230,245,3642.1397
0,670,3,1,503.7,14,2,0.2197
0,671,3,1,503.7,14,2,0.2197
0,672,1,0,1952.6,2809,350,6602.2397
0,673,3,1,503.7,14,2,0.2197
0,674,3,2,2294.0,1240,249,3642.1397
0,675,1,2,1698.0,1836,196,3738.1337
0,676,3,2,2391.0,1143,196,3589.7477
0,677,1,0,2409.6,2352,350,9305.1997
0,678,1,0,2225.6,2536,348,11428.0997
0,679,3,1,503.7,14,2,0.2197
0,680,3,0,2997.6,1764,350,6632.1397
0,681,3,2,2295.0,1239,249,3642.1397
0,682,3,0,3021.6,1740,350,6620.20167
0,683,3,0,2801.6,1960,348,7983.6197
0,684,3,0,2738.6,2023,293,8803.8507
0,685,3,2,2034.0,1500,196,4197.4237
0,686,1,2,1898.0,1636,249,4085.3997
0,687,3,1,383.7,134,4,0.2197
0,688,1,1,298.7,219,4,0.2197
0,689,3,0,2671.6,2090,346,7689.4247
0,690,3,2,2208.0,1326,249,3884.75667
0,691,3,2,2218.0,1316,247,3893.7197
0,692,1,2,1616.0,1918,247,5696.7097
0,693,3,2,2445.0,1089,194,3791.1287
0,694,3,2,2448.0,1086,194,3780.5297
0,695,3,0,2856.6,1905,346,7135.3497
0,696,1,1,456.7,61,4,0.2197
0,697,3,2,2539.0,995,194,3459.0267
0,698,1,2,2548.0,986,194,3427.2297
0,699,3,2,2304.0,1230,245,3642.1397
0,700,1,2,2302.0,1232,247,3642.1397
0,701,3,0,3034.6,1727,346,6602.2397
0,702,1,1,503.7,14,2,0.2197
0,703,3,0,3133.6,1628,247,6010.2197
0,704,1,1,503.7,14,2,0.2197
0,705,3,1,503.7,14,2,0.2197
0,706,1,1,503.7,14,2,0.2197
0,707,3,1,503.7,14,2,0.2197
0,708,1,0,3299.6,1462,293,6320.2027
0,709,3,2,2567.0,967,194,3360.1027
0,710,1,0,3133.6,1628,247,6010.2197
0,711,3,0,3131.6,1630,249,6010.2197
0,712,3,2,2562.0,972,194,3377.7677
0,713,3,0,3191.6,1570,293,6698.25567
0,714,1,0,3133.6,1628,247,6010.2197
0,715,3,2,2302.0,1232,247,3642.1397
0,716,1,2,2304.0,1230,245,3642.1397
0,717,3,0,3032.6,1729,348,6602.2397
0,718,3,0,3115.6,1646,293,6970.2747
0,719,3,2,2567.0,967,194,3360.1027
0,720,3,1,503.7,14,2,0.2197
0,721,1,2,2302.0,1232,247,3642.1397
0,722,3,2,2302.0,1232,247,3642.1397
0,723,1,2,2302.0,1232,247,3642.1397
0,724,1,0,3104.6,1657,295,7002.0717
0,725,3,2,2567.0,967,194,3360.1027
0,726,3,2,2302.0,1232,247,3642.1397
0,727,1,1,503.7,14,2,0.2197
0,728,1,0,3265.6,1496,293,6426.28058
0,729,3,1,503.7,14,2,0.2197
0,730,1,0,3299.6,1462,293,6320.2027
0,731,3,2,2471.0,1063,194,3699.2707
0,732,1,1,503.7,14,2,0.2197
0,733,1,0,3034.6,1727,346,6602.2397
0,734,3,0,3133.6,1628,247,6010.2197
0,735,1,1,503.7,14,2,0.2197
0,736,1,0,3297.6,1464,295,6320.2027
0,737,3,0,3176.6,1585,293,6754.7617
0,738,3,0,3034.6,1727,346,6602.2397
0,739,1,1,503.7,14,2,0.2197
0,740,3,1,503.7,14,2,0.2197
0,741,1,2,2567.0,967,194,3360.1027
0,742,1,1,503.7,14,2,0.2197
0,743,3,1,503.7,14,2,0.2197
0,744,1,2,2567.0,967,194,3360.1027
0,745,3,0,3133.6,1628,247,6010.2197
0,746,1,2,2304.0,1230,245,3642.1397
0,747,1,2,2302.0,1232,247,3642.1397
0,748,1,0,3020.6,1741,350,6602.2397
0,749,3,1,503.7,14,2,0.2197
0,750,3,0,3138.6,1623,297,6775.9597
0,751,1,0,3133.6,1628,247,6010.2197
0,752,3,0,3034.6,1727,346,6602.2397
0,753,1,1,503.7,14,2,0.2197
0,754,1,1,503.7,14,2,0.2197
0,755,3,2,2567.0,967,194,3360.1027
0,756,1,0,3133.6,1628,293,6906.6807
0,757,1,0,3034.6,1727,346,6602.2397
0,758,1,1,503.7,14,2,0.2197
0,759,3,1,503.7,14,2,0.2197
0,760,3,0,3027.6,1734,251,6010.2197
0,761,3,0,3015.6,1746,350,6602.39349
0,762,3,2,2302.0,1232,247,3642.1397
0,763,1,0,3101.6,1660,247,6106.0597
0,764,1,1,503.7,14,2,0.2197
0,765,1,1,503.7,14,2,0.2197
0,766,3,0,3100.6,1661,293,7510.2227
0,767,1,2,2532.0,1002,196,3360.1027
0,768,3,0,3034.6,1727,346,6602.2397
0,769,1,2,2302.0,1232,247,3642.1397
0,770,1,0,3034.6,1727,346,6602.2397
0,771,3,0,2905.6,1856,348,6982.6047
0,772,1,0,3032.6,1729,348,6602.2397
0,773,3,2,2521.0,1013,194,3522.6207
0,774,1,1,287.7,230,4,0.2197
0,775,1,1,303.7,214,4,0.2197
0,776,1,2,2366.0,1168,194,4070.2357
0,777,3,0,3034.6,1727,346,6602.2397
0,778,3,1,503.7,14,2,0.2197
0,779,3,0,3158.6,1603,295,6811.2897
0,780,1,1,503.7,14,2,0.2197
0,781,3,0,3127.6,1634,293,6927.8787
0,782,3,0,3034.6,1727,346,6602.2397
0,783,1,0,3032.6,1729,348,6602.2397
0,784,3,1,503.7,14,2,0.2197
0,785,1,2,2567.0,967,194,3360.1027
0,786,3,1,503.7,14,2,0.2197
0,787,1,1,503.7,14,2,0.2197
0,788,3,2,2567.0,967,194,3360.1027
0,789,3,2,2395.0,1139,194,3967.7787
0,790,1,2,2302.0,1232,247,3642.1397
0,791,1,1,501.7,16,4,0.2197
0,792,3,2,2567.0,967,194,3360.1027
0,793,3,1,503.7,14,2,0.2197
0,794,1,1,503.7,14,2,0.2197
0,795,3,0,3174.6,1587,293,6726.7174
0,796,3,1,503.7,14,2,0.2197
0,797,1,1,503.7,14,2,0.2197
0,798,1,1,503.7,14,2,0.2197
0,799,3,0,3276.6,1485,295,6394.3957
0,800,1,1,501.7,16,4,0.2197
0,801,1,1,496.7,21,2,0.37349
0,802,3,2,2461.0,1073,194,3734.6007
0,803,1,2,2297.0,1237,245,3642.29349
0,804,1,0,3034.6,1727,346,6602.2397
0,805,1,1,503.7,14,2,0.2197
0,806,1,2,2304.0,1230,245,3642.1397
0,807,1,2,2302.0,1232,247,3642.1397
0,808,1,2,2302.0,1232,247,3642.1397
0,809,1,1,503.7,14,2,0.2197
0,810,1,1,496.7,21,2,0.37349
0,811,3,0,3151.6,1610,293,6843.0867
0,812,3,1,503.7,14,2,0.2197
0,813,3,1,503.7,14,2,0.2197
0,814,1,0,3024.6,1737,346,6632.1897
0,815,1,2,2456.0,1078,194,3741.73261
0,816,3,1,503.7,14,2,0.2197
0,817,1,2,2302.0,1232,247,3642.1397
0,818,1,0,3034.6,1727,346,6602.2397
0,819,1,2,2302.0,1232,247,3642.1397
0,820,1,0,3289.6,1472,297,6320.2027
0,821,3,1,503.7,14,2,0.2197
0,822,1,0,3299.6,1462,293,6320.2027
0,823,3,2,2304.0,1230,245,3642.1397
0,824,3,2,2302.0,1232,247,3642.1397
0,825,3,0,3032.6,1729,348,6602.2397
0,826,3,1,499.7,18,2,0.30758
0,827,1,1,503.7,14,2,0.2197
0,828,1,0,3034.6,1727,346,6602.2397
0,829,3,1,503.7,14,2,0.2197
0,830,1,1,503.7,14,2,0.2197
0,831,1,2,2239.0,1295,245,3836.8147
0,832,3,1,502.7,15,2,0.24167
0,833,3,2,2428.0,1106,194,3851.1897
0,834,3,2,2302.0,1232,247,3642.1397
0,835,1,1,285.7,232,4,0.2197
0,836,3,2,2567.0,967,194,3360.1027
0,837,1,0,3034.6,1727,346,6602.2397
0,838,3,1,503.7,14,2,0.2197
0,839,3,0,3246.6,1515,295,6500.3857
0,840,3,1,499.7,18,2,0.30758
0,841,1,1,503.7,14,2,0.2197
0,842,1,2,2304.0,1230,245,3642.1397
0,843,3,0,3091.6,1670,297,6920.8127
0,844,3,0,3119.6,1642,251,6010.2197
0,845,3,2,2304.0,1230,245,3642.1397
0,846,1,2,2461.0,1073,194,3734.6007
0,847,3,0,3034.6,1727,346,6602.2397
0,848,1,2,2304.0,1230,245,3642.1397
0,849,3,2,2302.0,1232,247,3642.1397
0,850,3,0,3233.6,1528,295,6546.3147
0,851,1,2,2302.0,1232,247,3642.1397
0,852,1,2,2302.0,1232,247,3642.1397
0,853,3,0,3082.6,1679,293,7086.8637
0,854,3,0,3039.6,1722,247,6291.7497
0,855,3,0,3152.6,1609,293,6839.5537
0,856,3,0,3133.6,1628,247,6010.2197
0,857,3,0,3032.6,1729,348,6602.2397
0,858,1,0,3032.6,1729,348,6602.2397
0,859,1,2,2267.0,1267,194,4420.0027
0,860,1,1,503.7,14,2,0.2197
0,861,1,1,503.7,14,2,0.2197
0,862,3,0,3299.6,1462,293,6320.2027
0,863,1,0,3116.6,1645,251,6010.37349
0,864,3,0,3131.6,1630,249,6010.2197
0,865,1,1,503.7,14,2,0.2197
0,866,1,0,3297.6,1464,295,6320.2027
0,867,3,1,503.7,14,2,0.2197
0,868,1,2,2304.0,1230,245,3642.1397
0,869,1,1,503.7,14,2,0.2197
0,870,3,0,3222.6,1539,293,6592.2437
0,871,1,2,2294.0,1240,245,3642.3594
0,872,1,2,2302.0,1232,247,3642.1397
0,873,1,2,2228.0,1306,247,3863.7697
0,874,3,2,2521.0,1013,194,3522.6207
0,875,1,0,3034.6,1727,346,6602.2397
0,876,1,1,435.7,82,4,0.2197
0,877,1,0,3297.6,1464,295,6320.2027
0,878,1,2,2304.0,1230,245,3642.1397
0,879,1,2,2301.0,1233,247,3642.16167
0,880,1,1,503.7,14,2,0.2197
0,881,1,1,503.7,14,2,0.2197
0,882,1,2,2567.0,967,194,3360.1027
0,883,3,1,503.7,14,2,0.2197
0,884,3,2,2304.0,1230,245,3642.1397
0,885,3,1,503.7,14,2,0.2197
0,886,3,1,503.7,14,2,0.2197
0,887,1,2,2302.0,1232,247,3642.1397
0,888,1,2,2567.0,967,194,3360.1027
0,889,1,1,503.7,14,2,0.2197
0,890,3,2,2466.0,1068,194,3716.9357
0,891,3,1,503.7,14,2,0.2197
0,892,3,2,2391.0,1143,194,3981.9107
0,893,3,1,503.7,14,2,0.2197
0,894,1,1,503.7,14,2,0.2197
0,895,3,2,2304.0,1230,245,3642.1397
0,896,3,1,503.7,14,2,0.2197
0,897,1,0,3299.6,1462,293,6320.2027
0,898,3,2,2304.0,1230,245,3642.1397
0,899,3,0,3117.6,1644,293,6963.2087
0,900,3,0,3133.6,1628,247,6010.2197
0,901,1,1,503.7,14,2,0.2197
0,902,3,1,493.7,24,2,0.4394
0,903,3,1,503.7,14,2,0.2197
0,904,1,2,2302.0,1232,247,3642.1397
0,905,1,0,3247.6,1514,293,6503.9187
0,906,1,0,3032.6,1729,348,6602.2397
0,907,1,2,2407.0,1127,194,3925.3827
0,908,1,0,3034.6,1727,346,6602.2397
0,909,3,2,2304.0,1230,245,3642.1397
0,910,3,0,3299.6,1462,293,6320.2027
0,911,1,2,2302.0,1232,247,3642.1397
0,912,3,0,3299.6,1462,293,6320.2027
0,913,1,2,2303.0,1231,245,3642.16167
0,914,3,1,503.7,14,2,0.2197
0,915,1,2,2567.0,967,194,3360.1027
0,916,3,1,503.7,14,2,0.2197
0,917,3,2,2434.0,1100,194,3829.9917
0,918,1,0,3133.6,1628,247,6010.2197
0,919,1,1,503.7,14,2,0.2197
0,920,1,0,3133.6,1628,247,6010.2197
0,921,3,0,3133.6,1628,247,6010.2197
0,922,3,1,503.7,14,2,0.2197
0,923,3,2,2567.0,967,194,3360.1027
0,924,1,1,503.7,14,2,0.2197
0,925,1,0,3299.6,1462,293,6320.2027
0,926,3,0,3133.6,1628,247,6010.2197
0,927,3,2,2304.0,1230,245,3642.1397
0,928,3,0,3133.6,1628,247,6010.2197
0,929,1,1,503.7,14,2,0.2197
0,930,1,0,3183.6,1578,295,6722.9647
0,931,3,1,503.7,14,2,0.2197
0,932,1,1,503.7,14,2,0.2197
0,933,3,2,2557.0,977,194,3360.3224
0,934,3,1,503.7,14,2,0.2197
0,935,3,1,503.7,14,2,0.2197
0,936,1,2,2423.0,1111,194,3868.8547
0,937,3,1,501.7,16,4,0.2197
0,938,1,2,2304.0,1230,245,3642.1397
0,939,1,2,2233.0,1301,245,3854.7847
0,940,3,2,2502.0,1032,194,3589.7477
0,941,1,0,2888.6,1873,251,6010.2197
0,942,3,0,3007.6,1754,251,6010.2197
0,943,1,0,3213.6,1548,297,6563.9797
0,944,3,2,2340.0,1194,196,3716.9357
0,945,1,2,2042.0,1492,249,3642.1397
0,946,1,0,3014.6,1747,350,6632.1397
0,947,1,1,503.7,14,2,0.2197
0,948,3,2,2234.0,1300,249,3642.1397
0,949,1,0,3009.6,1752,350,6650.0797
0,950,1,2,2171.0,1363,196,4049.0377
0,951,1,2,2292.0,1242,249,3642.1397
0,952,1,0,2420.6,2341,348,8799.3497
0,953,3,2,2364.0,1170,194,4063.25758
0,954,3,0,2546.6,2215,348,8505.60758
0,955,3,2,2247.0,1287,249,3770.9247
0,956,3,2,1998.0,1536,249,3720.0097
0,957,3,2,2274.0,1260,196,3565.0167
0,958,3,2,2264.0,1270,249,3666.25349
0,959,3,2,2342.0,1192,196,4105.5657
0,960,1,2,2205.0,1329,247,3932.6547
0,961,3,2,2302.0,1232,247,3642.1397
0,962,1,0,2994.6,1767,247,6426.5247
0,963,3,2,2214.0,1320,247,3905.6997
0,964,1,0,2939.6,1822,247,6588.27667
0,965,3,1,376.7,141,4,0.2197
0,966,3,1,389.7,128,4,0.2197
0,967,1,2,2567.0,967,194,3360.1027
0,968,1,1,503.7,14,2,0.2197
0,969,1,0,3299.6,1462,293,6320.2027
0,970,3,1,503.7,14,2,0.2197
0,971,1,0,3250.6,1511,293,6493.3197
0,972,1,0,3032.6,1729,348,6602.2397
0,973,3,2,2432.0,1102,194,3837.0577
0,974,3,2,2302.0,1232,247,3642.1397
0,975,3,0,3028.6,1733,348,6602.32758
0,976,1,1,503.7,14,2,0.2197
0,977,3,1,503.7,14,2,0.2197
0,978,1,2,2567.0,967,194,3360.1027
0,979,1,2,2567.0,967,194,3360.1027
0,980,1,0,3133.6,1628,247,6010.2197
0,981,3,0,3133.6,1628,247,6010.2197
0,982,3,1,503.7,14,2,0.2197
0,983,1,1,503.7,14,2,0.2197
0,984,1,1,503.7,14,2,0.2197
0,985,3,0,3299.6,1462,293,6320.2027
0,986,1,1,503.7,14,2,0.2197
0,987,3,2,2557.0,977,194,3360.3224
0,988,3,2,2287.0,1247,245,3642.51319
0,989,1,0,3034.6,1727,346,6602.2397
0,990,1,1,503.7,14,2,0.2197
0,991,3,2,2304.0,1230,245,3642.1397
0,992,1,2,2567.0,967,194,3360.1027
0,993,1,1,503.7,14,2,0.2197
0,994,1,0,3299.6,1462,293,6320.2027
0,995,3,0,3131.6,1630,249,6010.2197
0,996,1,1,503.7,14,2,0.2197
0,997,3,1,499.7,18,2,0.30758
0,998,1,2,2567.0,967,194,3360.1027
0,999,3,2,2496.0,1038,194,3610.9457
Time: 71056, 182149, 738189, 349179
