2020-04-16 20:09:35

CONFIGURATION:
{u'simulation': {u'stdev_factor': 0.01, u'power_mgmt_enabled': False, u'tasks': {u'loc': {u'mean_service_time': {u'gpu': 90, u'cpu_core': 200, u'loc_accel': 10}, u'priority': 1, u'deadline': 1000, u'stdev_service_time': {u'gpu': 0.9, u'cpu_core': 2.0, u'loc_accel': 0.1}, u'power': {u'gpu': 4.457, u'cpu_core': 6.133, u'loc_accel': 0.02197}}, u'detect': {u'mean_service_time': {u'gpu': 0.4607, u'cpu_core': 3.654, u'det_accel': 0.278}, u'priority': 2, u'deadline': 1000, u'stdev_service_time': {u'gpu': 0.004607, u'cpu_core': 0.03654, u'det_accel': 0.0027800000000000004}, u'power': {u'gpu': 90, u'cpu_core': 200, u'det_accel': 10}}, u'Frontier': {u'mean_service_time': {u'cpu_core': 396}, u'priority': 9, u'deadline': 1000, u'stdev_service_time': {u'cpu_core': 3.96}, u'power': {u'cpu_core': 5.98}}, u'track': {u'mean_service_time': {u'gpu': 17, u'tra_accel': 2, u'cpu_core': 1820}, u'priority': 3, u'deadline': 1000, u'stdev_service_time': {u'gpu': 0.17, u'tra_accel': 0.02, u'cpu_core': 18.2}, u'power': {u'gpu': 12.79, u'tra_accel': 0.59, u'cpu_core': 5.6}}, u'sp': {u'mean_service_time': {u'gpu': 379, u'cpu_core': 1004}, u'priority': 11, u'deadline': 1000, u'stdev_service_time': {u'gpu': 3.79, u'cpu_core': 10.040000000000001}, u'power': {u'gpu': 3.302, u'cpu_core': 1004}}, u'mission': {u'mean_service_time': {u'cpu_core': 0.0022}, u'priority': 5, u'deadline': 1000, u'stdev_service_time': {u'cpu_core': 2.2000000000000003e-05}, u'power': {u'cpu_core': 3.534}}, u'motion': {u'mean_service_time': {u'cpu_core': 8}, u'priority': 6, u'deadline': 1000, u'stdev_service_time': {u'cpu_core': 0.08}, u'power': {u'cpu_core': 4.222}}, u'collision': {u'mean_service_time': {u'cpu_core': 8}, u'priority': 7, u'deadline': 1000, u'stdev_service_time': {u'cpu_core': 0.08}, u'power': {u'cpu_core': 0}}, u'fusion': {u'mean_service_time': {u'cpu_core': 1}, u'priority': 4, u'deadline': 1000, u'stdev_service_time': {u'cpu_core': 0.01}, u'power': {u'cpu_core': 0}}, u'map': {u'mean_service_time': {u'gpu': 761, u'cpu_core': 973}, u'priority': 10, u'deadline': 1000, u'stdev_service_time': {u'gpu': 7.61, u'cpu_core': 9.73}, u'power': {u'gpu': 3.533, u'cpu_core': 2.995}}, u'path': {u'mean_service_time': {u'cpu_core': 8}, u'priority': 8, u'deadline': 1000, u'stdev_service_time': {u'cpu_core': 0.08}, u'power': {u'cpu_core': 0}}}, u'sched_policy_module': u'policies.ms2_update2', u'drop': True, u'servers': {u'gpu': {u'count': 2}, u'tra_accel': {u'count': 1}, u'cpu_core': {u'count': 8}, u'loc_accel': {u'count': 1}, u'det_accel': {u'count': 1}}, u'max_tasks_simulated': 10000, u'max_queue_size': 1000000, u'mean_arrival_time': 50, u'arrival_time_scale': 3.1}, u'general': {u'random_seed': 0, u'pre_gen_arrivals': False, u'basename': u'policy:ms2_update2__stdev_factor:0.01', u'output_trace_file': None, u'working_dir': u'/home/hiwot/meta-stomp2/sim_16042020_195305_new_arrival_50_map_rheftmapping_50_trace_20', u'input_trace_file': (False, '../mv_mapping_50_trace_20.trc'), u'logging_level': u'INFO'}}
Time	Response time (avg)
739	1.0
749	1.0
773	1.0
832	1.0
967	1.0
1192	1.0
1223	1.0
1480	1.0
1623	1.0
1635	1.0
1697	1.0
1771	1.0
1789	1.0
1931	1.0
1945	1.0
2053	1.0
2560	1.0
3319	1.0
3379	1.0
3399	1.0
3727	1.7
4011	2.0
4014	2.1
4022	2.1
4235	2.4
4238	2.5
4246	2.6
4246	2.6
4462	2.5
4493	2.5
4896	2.4
4926	2.4
4969	2.3
5000	2.3
5070	2.3
5116	2.2
5157	2.2
5247	2.2
5563	2.1
5702	2.1
5825	2.1
5908	2.0
5920	2.0
6130	2.0
6440	2.0
7094	2.0
7128	1.9
7615	1.9
7797	1.9
7829	1.9
7986	1.9
8008	1.8
8123	1.8
8162	1.8
8251	1.8
8388	1.8
8504	1.8
8668	1.8
8765	1.7
9188	1.7
9608	1.7
9674	1.7
9732	1.7
9840	1.7
9955	1.7
10107	1.7
10468	1.7
10629	1.6
11307	1.6
11428	1.6
11502	1.6
11802	1.6
11885	1.6
12033	1.6
12045	1.6
12110	1.6
12541	1.6
12616	1.6
12633	1.6
12959	1.6
13099	1.5
13331	1.5
13374	1.5
13451	1.5
13588	1.5
13637	1.5
13694	1.5
13776	1.5
13919	1.5
14078	1.5
14519	1.5
14680	1.5
14732	1.5
14875	1.5
15222	1.5
15334	1.5
15513	1.5
15662	1.4
15698	1.4
15967	1.4
16033	1.4
16227	1.4
16422	1.4
16659	1.4
16918	1.4
17027	1.4
17178	1.4
17200	1.4
17325	1.4
17470	1.4
17498	1.4
17565	1.4
17653	1.4
17663	1.4
17736	1.4
18151	1.4
18250	1.4
18340	1.4
18344	1.4
18366	1.4
18444	1.4
18533	1.4
18624	1.4
18820	1.4
19102	1.4
19133	1.3
19558	1.3
19773	1.3
19850	1.3
20337	1.4
20340	1.4
20791	1.5
20794	1.5
20803	1.5
20806	1.6
20819	1.6
20822	1.7
20833	1.7
20864	1.7
20867	1.8
21049	1.8
21052	1.9
21141	1.8
21328	1.8
21336	1.8
21411	1.8
21479	1.8
21525	1.8
21834	1.8
22595	1.9
22598	1.9
22670	1.9
22785	1.9
22905	1.9
22923	1.9
22929	1.9
22966	1.9
23381	1.9
23567	1.9
23764	1.9
24098	1.9
24151	1.8
24222	1.8
24258	1.8
24332	1.8
24359	1.8
24432	1.8
24463	1.8
25031	1.8
25207	1.8
25481	1.8
25558	1.8
25780	1.8
25788	1.8
26054	1.8
26133	1.8
26303	1.8
26781	1.8
27274	1.8
28118	1.8
28211	1.8
28810	1.8
29164	1.7
29484	1.7
29581	1.7
29591	1.7
29712	1.7
29761	1.7
29796	1.7
29941	1.7
30116	1.7
30990	1.7
31091	1.7
31485	1.7
31547	1.7
31593	1.7
31854	1.7
31941	1.7
32326	1.7
32329	1.7
32366	1.7
32380	1.7
32390	1.7
32529	1.7
32551	1.7
32821	1.7
32830	1.7
32892	1.7
32995	1.7
33292	1.7
33338	1.7
33455	1.7
33498	1.7
33797	1.7
33822	1.7
34380	1.7
34383	1.7
34387	1.7
34406	1.7
34719	1.7
34927	1.7
35000	1.7
35271	1.7
35447	1.7
35671	1.7
35854	1.7
35877	1.7
36232	1.7
36327	1.7
36330	1.7
36373	1.7
36744	1.7
36747	1.7
36829	1.7
37403	1.7
37547	1.7
37635	1.7
37874	1.7
37956	1.6
38021	1.6
38736	1.6
38757	1.6
39335	1.6
39402	1.6
40016	1.6
40074	1.6
40317	1.6
40357	1.6
40475	1.6
40544	1.6
41132	1.6
41437	1.6
41806	1.6
42177	1.6
42477	1.6
42535	1.6
42577	1.6
42633	1.6
42728	1.6
42757	1.6
42817	1.6
43100	1.6
43342	1.6
43477	1.6
44159	1.6
44450	1.6
44470	1.6
44977	1.6
45142	1.6
45342	1.6
45369	1.6
45735	1.6
45797	1.6
45862	1.6
46641	1.6
46822	1.6
46886	1.6
47158	1.6
47342	1.6
47821	1.6
47876	1.6
47979	1.5
48234	1.5
48333	1.5
48570	1.5
49152	1.5
49324	1.5
49462	1.5
50137	1.5
50333	1.5
50370	1.5
50400	1.5
50525	1.5
51441	1.5
52041	1.8
52432	1.9
52435	1.9
52933	3.1
52989	3.2
52992	3.3
53037	3.2
53072	3.2
53107	3.2
53157	3.2
53168	3.2
53293	3.2
53441	3.2
53495	3.2
53523	3.2
53800	3.2
53842	3.2
54019	3.2
54229	3.2
54404	3.2
54751	3.1
54817	3.1
54860	3.1
55148	3.1
55169	3.1
55183	3.1
55342	3.1
55787	3.1
55914	3.1
55956	3.1
56206	3.1
56332	3.1
56576	3.1
56594	3.1
57207	3.1
57562	3.1
57593	3.0
57804	3.0
58049	3.0
58065	3.0
58424	3.0
58501	3.0
58593	3.0
58665	3.0
58998	3.0
59157	3.0
59244	3.0
59357	3.0
59565	3.0
59679	3.0
59868	3.0
60095	3.0
60108	3.0
60811	2.9
61046	2.9
61395	3.0
61398	3.0
61766	3.0
61769	3.0
61939	3.0
61942	3.0
61955	3.0
61958	3.0
61976	3.0
62049	3.0
62387	3.0
62505	3.0
62584	3.0
62618	3.0
62637	3.0
62892	3.0
62948	3.0
62980	3.0
62991	3.0
63343	3.0
63466	3.0
63672	3.0
64098	3.0
64128	2.9
64398	2.9
64410	2.9
64434	2.9
64495	2.9
64638	2.9
64946	2.9
65079	2.9
65126	2.9
65377	2.9
65659	2.9
65897	2.9
66132	2.9
66572	2.9
66668	2.9
67305	2.9
67348	2.9
67351	2.9
67524	2.9
67739	2.9
68143	2.9
68303	2.9
68475	2.8
68990	2.8
69277	2.8
69497	2.8
69928	2.8
69977	2.8
70376	2.8
70601	2.8
70706	2.8
70762	2.8
71126	2.8
71329	2.8
71739	2.8
71940	2.8
72149	2.8
72637	2.8
72755	2.8
72960	2.8
73062	2.8
73062	2.8
73077	2.8
73100	2.8
73211	2.7
73362	2.7
73555	2.7
73865	2.7
73917	2.7
74051	2.7
74162	2.7
74998	2.7
75063	2.7
75171	2.7
75189	2.7
75533	2.7
75849	2.7
75977	2.7
76003	2.7
76413	2.7
76509	2.7
76522	2.7
76531	2.7
76619	2.7
76912	2.7
77408	2.7
77517	2.7
77749	2.7
77878	2.7
78006	2.6
78088	2.6
78270	2.6
78413	2.6
78468	2.6
78487	2.6
79099	2.6
79102	2.6
79113	2.7
79116	2.7
79283	3.0
79293	3.0
79299	3.0
79383	3.0
79466	3.0
79476	3.0
79624	3.0
79830	3.0
79870	3.0
79897	3.0
80063	3.0
80275	3.0
80763	3.0
80906	3.0
81129	3.0
81229	3.0
81596	3.0
81622	2.9
81682	2.9
81702	2.9
81726	2.9
81967	2.9
82590	2.9
83082	2.9
83085	2.9
83262	2.9
83695	3.0
83853	3.1
83863	3.1
83869	3.1
84064	3.1
84113	3.1
84123	3.1
84167	3.1
84198	3.1
84213	3.1
84294	3.1
84343	3.1
84482	3.1
84513	3.1
84625	3.1
85239	3.1
85438	3.1
85476	3.1
85659	3.1
86014	3.2
86027	3.2
86030	3.3
86574	3.3
86577	3.3
86702	3.4
86817	3.4
86820	3.4
87035	3.4
87038	3.4
87156	3.4
87159	3.4
87203	3.4
87223	3.4
87669	3.4
87672	3.4
87863	3.4
88053	3.4
88537	3.4
88602	3.4
88656	3.4
88692	3.4
88783	3.4
88804	3.4
88814	3.4
88858	3.4
88932	3.4
89004	3.4
89369	3.4
89389	3.4
89650	3.4
89793	3.4
90014	3.4
90242	3.4
90320	3.3
90348	3.3
90611	3.3
90623	3.3
90965	3.3
91035	3.3
91044	3.3
91284	3.3
91468	3.3
91602	3.3
91625	3.3
91769	3.3
91774	3.3
92069	3.3
92912	3.3
93156	3.3
93229	3.3
93440	3.3
93515	3.3
93547	3.3
93804	3.3
93866	3.3
94055	3.3
94269	3.3
94391	3.2
94466	3.2
94678	3.2
94903	3.2
95018	3.2
95182	3.2
95652	3.2
95748	3.2
95968	3.2
96084	3.2
96123	3.2
96133	3.2
96334	3.2
96615	3.2
96776	3.2
97028	3.2
97035	3.2
97237	3.2
97414	3.2
97566	3.2
97626	3.2
98221	3.2
98238	3.2
98290	3.2
98483	3.2
98604	3.1
99555	3.1
99701	3.1
99778	3.1
100092	3.1
100198	3.1
100567	3.1
100652	3.1
101003	3.1
101095	3.1
101275	3.1
101339	3.1
101414	3.1
101457	3.1
101612	3.1
101755	3.1
101836	3.1
101897	3.1
101997	3.1
102001	3.1
102028	3.1
102162	3.1
102287	3.1
102614	3.1
102729	3.1
102903	3.1
103223	3.1
103287	3.1
103409	3.1
103537	3.0
103600	3.0
103662	3.0
103712	3.0
104115	3.0
104459	3.0
104468	3.0
104635	3.0
104826	3.0
104837	3.0
105419	3.0
105528	3.0
105575	3.0
105615	3.0
105773	3.0
105875	3.0
105924	3.0
106019	3.0
106111	3.0
106461	3.0
106685	3.0
106772	3.0
107014	3.0
107052	3.0
107316	3.0
107925	3.0
107947	3.0
107959	3.0
108150	3.0
108456	3.0
108481	3.0
108486	3.0
108500	2.9
108954	2.9
109081	2.9
109227	2.9
109251	2.9
109376	2.9
109431	2.9
109437	2.9
109499	2.9
109819	2.9
110522	2.9
110544	2.9
110631	2.9
110738	2.9
111059	2.9
111087	2.9
111155	2.9
111472	2.9
111495	2.9
111668	2.9
111868	2.9
111891	2.9
111981	2.9
112042	2.9
112756	2.9
112798	2.9
112810	2.9
113161	2.9
113254	2.9
113360	2.9
113638	2.9
113821	2.9
113872	2.9
114205	2.9
114463	2.9
114568	2.9
114823	2.8
115029	2.8
115067	2.8
115244	2.8
115363	2.8
115414	2.8
115472	2.8
115551	2.8
115618	2.8
115653	2.8
115774	2.8
116107	2.8
116340	2.8
116539	2.8
116584	2.8
116725	2.8
117058	2.8
117330	2.8
117659	2.8
117728	2.8
118050	2.8
118070	2.8
118436	2.8
118520	2.8
118660	2.8
118830	2.8
119000	2.8
119066	2.8
119103	2.8
119174	2.8
119268	2.8
119522	2.8
119550	2.8
119608	2.8
119726	2.8
119751	2.8
119906	2.8
120217	2.8
120221	2.7
120227	2.7
120259	2.7
120411	2.7
120445	2.7
120623	2.7
120723	2.7
121425	2.7
121524	2.7
121656	2.7
121751	2.7
121796	2.7
121801	2.7
121819	2.7
122135	2.7
122676	2.7
122718	2.7
122752	2.7
122832	2.7
122857	2.7
123223	2.7
123669	2.7
123697	2.7
123802	2.7
123805	2.7
123821	2.7
124126	2.7
124611	2.7
124614	2.7
124624	2.7
124874	2.7
124877	2.7
125209	2.8
125233	2.9
125236	2.9
125244	2.9
125260	2.9
125378	2.9
125443	2.8
125446	2.9
125623	2.8
125712	2.8
125839	2.8
125942	2.8
126211	2.8
126523	2.8
126549	2.8
126769	2.8
126785	2.8
126906	2.8
126988	2.8
127086	2.8
127129	2.8
127218	2.8
127231	2.8
127474	2.8
127600	2.8
127659	2.8
127962	2.8
127975	2.8
128763	2.8
128794	2.8
128866	2.8
129001	2.8
129181	2.8
129219	2.8
129359	2.8
129589	2.8
129633	2.8
129755	2.8
129977	2.8
130170	2.8
130377	2.8
130804	2.8
130928	2.8
131222	2.8
131491	2.8
131947	2.8
132124	2.8
132433	2.8
132668	2.8
132690	2.8
132694	2.8
132740	2.7
132979	2.7
133001	2.7
133081	2.7
133396	2.7
133462	2.7
133695	2.7
133865	2.7
133875	2.7
134151	2.7
134459	2.7
134693	2.7
134707	2.7
135102	2.7
135562	2.7
135710	2.7
135749	2.7
135834	2.7
135893	2.7
135977	2.7
136057	2.7
136513	2.7
136534	2.7
136687	2.7
136705	2.7
136801	2.7
136918	2.7
137143	2.7
137190	2.7
137378	2.7
137495	2.7
137902	2.7
138020	2.7
138054	2.7
138328	2.7
138476	2.7
138589	2.7
138708	2.7
138946	2.7
139032	2.7
139045	2.7
139051	2.7
139417	2.7
139521	2.7
139989	2.7
139996	2.7
140279	2.7
140432	2.7
140498	2.6
140590	2.6
141195	2.7
141198	2.7
141250	2.7
141253	2.7
141822	2.7
141824	2.7
141827	3.1
141833	3.1
141857	3.1
141870	3.1
141898	3.1
141925	3.1
142323	3.1
142400	3.1
142598	3.1
142731	3.1
142816	3.1
142871	3.1
142947	3.1
143159	3.1
143243	3.1
143348	3.1
143351	3.1
143451	3.1
143560	3.1
144074	3.1
144119	3.1
144296	3.1
144600	3.1
144603	3.1
144638	3.1
144743	3.1
144799	3.1
145035	3.1
145078	3.1
145210	3.1
145253	3.1
145800	3.1
145803	3.1
146016	3.1
146018	3.1
146024	3.1
146089	3.1
146204	3.1
146253	3.1
146306	3.1
146508	3.1
146519	3.1
146894	3.1
147014	3.1
147118	3.1
147432	3.1
147650	3.1
147984	3.1
148215	3.1
148234	3.1
148373	3.1
148601	3.1
148649	3.1
148737	3.1
148863	3.1
148935	3.1
149186	3.1
149427	3.1
149471	3.1
149552	3.0
149610	3.0
149659	3.0
149716	3.0
149886	3.0
150066	3.0
150316	3.0
150382	3.0
150609	3.0
151013	3.0
151037	3.0
151916	3.0
151919	3.0
151921	3.0
152332	3.0
152335	3.0
152554	3.0
152557	3.1
152563	3.1
152597	3.1
152620	3.0
152735	3.0
152836	3.0
152860	3.0
153051	3.0
153690	3.0
153844	3.0
154185	3.0
154421	3.0
154757	3.0
154783	3.0
155136	3.0
155213	3.0
155465	3.0
155544	3.0
155715	3.0
155837	3.0
156009	3.0
156068	3.0
156142	3.0
156164	3.0
156583	3.0
156919	3.0
156974	3.0
157776	3.0
157779	3.0
157792	3.0
157795	3.0
157940	3.0
158226	3.0
158229	3.0
158438	3.2
158772	3.2
158775	3.2
158792	3.2
158795	3.2
158948	3.2
158951	3.2
159014	3.2
159517	3.2
159535	3.7
159548	3.7
159551	3.7
160173	3.9
160176	3.9
160516	4.0
160519	4.4
160646	4.4
160649	4.4
160693	4.4
160696	4.4
160771	4.4
160778	4.4
160868	4.4
161020	4.4
161124	4.4
161135	4.4
161150	4.4
161162	4.4
161356	4.4
161369	4.4
161416	4.4
161729	4.3
161870	4.3
162413	4.3
162507	4.3
162914	4.3
163065	4.3
