2020-04-16 20:09:35

CONFIGURATION:
{u'simulation': {u'stdev_factor': 0.01, u'power_mgmt_enabled': False, u'tasks': {u'loc': {u'mean_service_time': {u'gpu': 90, u'cpu_core': 200, u'loc_accel': 10}, u'priority': 1, u'deadline': 1000, u'stdev_service_time': {u'gpu': 0.9, u'cpu_core': 2.0, u'loc_accel': 0.1}, u'power': {u'gpu': 4.457, u'cpu_core': 6.133, u'loc_accel': 0.02197}}, u'detect': {u'mean_service_time': {u'gpu': 0.4607, u'cpu_core': 3.654, u'det_accel': 0.278}, u'priority': 2, u'deadline': 1000, u'stdev_service_time': {u'gpu': 0.004607, u'cpu_core': 0.03654, u'det_accel': 0.0027800000000000004}, u'power': {u'gpu': 90, u'cpu_core': 200, u'det_accel': 10}}, u'Frontier': {u'mean_service_time': {u'cpu_core': 396}, u'priority': 9, u'deadline': 1000, u'stdev_service_time': {u'cpu_core': 3.96}, u'power': {u'cpu_core': 5.98}}, u'track': {u'mean_service_time': {u'gpu': 17, u'tra_accel': 2, u'cpu_core': 1820}, u'priority': 3, u'deadline': 1000, u'stdev_service_time': {u'gpu': 0.17, u'tra_accel': 0.02, u'cpu_core': 18.2}, u'power': {u'gpu': 12.79, u'tra_accel': 0.59, u'cpu_core': 5.6}}, u'sp': {u'mean_service_time': {u'gpu': 379, u'cpu_core': 1004}, u'priority': 11, u'deadline': 1000, u'stdev_service_time': {u'gpu': 3.79, u'cpu_core': 10.040000000000001}, u'power': {u'gpu': 3.302, u'cpu_core': 1004}}, u'mission': {u'mean_service_time': {u'cpu_core': 0.0022}, u'priority': 5, u'deadline': 1000, u'stdev_service_time': {u'cpu_core': 2.2000000000000003e-05}, u'power': {u'cpu_core': 3.534}}, u'motion': {u'mean_service_time': {u'cpu_core': 8}, u'priority': 6, u'deadline': 1000, u'stdev_service_time': {u'cpu_core': 0.08}, u'power': {u'cpu_core': 4.222}}, u'collision': {u'mean_service_time': {u'cpu_core': 8}, u'priority': 7, u'deadline': 1000, u'stdev_service_time': {u'cpu_core': 0.08}, u'power': {u'cpu_core': 0}}, u'fusion': {u'mean_service_time': {u'cpu_core': 1}, u'priority': 4, u'deadline': 1000, u'stdev_service_time': {u'cpu_core': 0.01}, u'power': {u'cpu_core': 0}}, u'map': {u'mean_service_time': {u'gpu': 761, u'cpu_core': 973}, u'priority': 10, u'deadline': 1000, u'stdev_service_time': {u'gpu': 7.61, u'cpu_core': 9.73}, u'power': {u'gpu': 3.533, u'cpu_core': 2.995}}, u'path': {u'mean_service_time': {u'cpu_core': 8}, u'priority': 8, u'deadline': 1000, u'stdev_service_time': {u'cpu_core': 0.08}, u'power': {u'cpu_core': 0}}}, u'sched_policy_module': u'policies.ms2_update2', u'drop': True, u'servers': {u'gpu': {u'count': 2}, u'tra_accel': {u'count': 1}, u'cpu_core': {u'count': 8}, u'loc_accel': {u'count': 1}, u'det_accel': {u'count': 1}}, u'max_tasks_simulated': 10000, u'max_queue_size': 1000000, u'mean_arrival_time': 50, u'arrival_time_scale': 3.1}, u'general': {u'random_seed': 0, u'pre_gen_arrivals': False, u'basename': u'policy:ms2_update2__stdev_factor:0.01', u'output_trace_file': None, u'working_dir': u'/home/hiwot/meta-stomp2/sim_16042020_195305_new_arrival_50_map_rheftmapping_50_trace_20', u'input_trace_file': (False, '../mv_mapping_50_trace_20.trc'), u'logging_level': u'INFO'}}
Time	Response time (avg)
738	3.0
748	3.0
772	3.0
831	3.0
966	3.4
1191	3.3
1222	3.3
1479	3.2
1622	3.2
1634	3.4
1696	3.5
1770	3.5
1788	3.8
1930	3.9
1944	3.9
2052	3.9
2559	3.9
3318	3.9
3378	4.1
3398	4.0
3712	5.2
4003	16.7
4008	23.8
4021	23.7
4225	23.0
4232	23.1
4243	23.0
4243	22.4
4461	21.8
4492	21.3
4895	20.7
4925	20.2
4968	19.7
4999	19.4
5069	18.9
5115	18.4
5156	18.1
5246	17.7
5562	17.4
5701	17.0
5824	16.7
5907	16.4
5919	16.2
6129	15.9
6439	15.6
7093	15.3
7127	15.0
7614	14.8
7796	14.7
7828	14.4
7985	14.3
8007	14.1
8122	13.9
8161	13.7
8250	13.5
8387	13.4
8503	13.2
8667	13.1
8764	13.0
9187	12.8
9607	12.7
9673	12.5
9731	12.4
9839	12.3
9954	12.2
10106	12.1
10467	12.0
10628	11.9
11306	11.8
11427	11.7
11501	11.5
11801	11.4
11884	11.4
12032	11.2
12044	11.2
12109	11.1
12540	10.9
12615	10.9
12632	10.8
12958	10.7
13098	10.6
13330	10.5
13373	10.5
13450	10.4
13587	10.3
13636	10.3
13693	10.2
13775	10.1
13918	10.1
14077	10.0
14518	9.9
14679	9.9
14731	9.8
14874	9.7
15221	9.7
15333	9.6
15512	9.6
15661	9.6
15697	9.5
15966	9.5
16032	9.4
16226	9.4
16421	9.3
16658	9.3
16917	9.2
17026	9.2
17177	9.1
17199	9.1
17324	9.0
17469	9.0
17497	8.9
17564	8.9
17652	8.8
17662	8.8
17735	8.7
18150	8.7
18249	8.7
18339	8.6
18343	8.6
18365	8.6
18443	8.5
18532	8.5
18623	8.5
18819	8.5
19101	8.4
19132	8.4
19557	8.4
19772	8.3
19849	8.3
20329	9.3
20334	9.3
20785	11.0
20788	11.5
20797	13.2
20800	14.7
20809	15.0
20816	15.1
20827	17.1
20856	17.2
20861	17.1
21039	18.1
21046	18.1
21140	18.0
21327	17.9
21335	17.8
21410	17.7
21478	17.6
21524	17.5
21833	17.5
22585	17.6
22592	17.6
22669	17.5
22784	17.4
22904	17.3
22922	17.3
22926	17.2
22965	17.1
23380	17.0
23566	17.0
23763	16.9
24097	16.8
24150	16.7
24221	16.6
24257	16.6
24331	16.5
24358	16.4
24431	16.4
24462	16.3
25030	16.2
25206	16.1
25480	16.1
25557	16.0
25779	16.0
25787	15.9
26053	15.8
26132	15.8
26302	15.7
26780	15.7
27273	15.6
28117	15.5
28210	15.5
28809	15.4
29163	15.4
29483	15.3
29580	15.3
29590	15.2
29711	15.1
29760	15.1
29795	15.0
29940	15.0
30115	14.9
30989	14.9
31090	14.8
31484	14.7
31546	14.7
31592	14.6
31853	14.6
31940	14.5
32318	14.5
32323	14.5
32365	14.4
32379	14.4
32389	14.3
32528	14.3
32550	14.2
32820	14.2
32829	14.1
32891	14.1
32994	14.1
33291	14.0
33337	14.0
33454	13.9
33497	13.9
33796	13.8
33821	13.8
34379	13.7
34380	13.7
34386	13.6
34405	13.6
34718	13.5
34926	13.5
34999	13.5
35270	13.4
35446	13.4
35670	13.3
35853	13.3
35876	13.3
36231	13.2
36326	13.2
36327	13.1
36372	13.1
36743	13.1
36744	13.0
36828	13.0
37402	13.0
37546	12.9
37634	12.9
37873	12.8
37955	12.8
38020	12.8
38735	12.7
38756	12.7
39334	12.7
39401	12.6
40015	12.6
40073	12.6
40316	12.5
40356	12.5
40474	12.4
40543	12.4
41131	12.4
41436	12.4
41805	12.3
42176	12.3
42476	12.3
42534	12.2
42576	12.2
42632	12.2
42727	12.1
42756	12.1
42816	12.1
43099	12.0
43341	12.0
43476	12.0
44158	12.0
44449	11.9
44469	11.9
44976	11.9
45141	11.9
45341	11.8
45368	11.8
45734	11.8
45796	11.7
45861	11.7
46640	11.7
46821	11.6
46885	11.6
47157	11.6
47341	11.6
47820	11.5
47875	11.5
47978	11.5
48233	11.5
48332	11.5
48569	11.4
49151	11.4
49323	11.4
49461	11.4
50136	11.3
50332	11.3
50369	11.3
50399	11.3
50524	11.2
51440	11.2
51948	11.2
52422	11.8
52429	12.8
52569	12.9
52940	12.9
52986	13.0
53036	13.0
53071	12.9
53106	12.9
53156	12.9
53167	12.9
53292	12.8
53440	12.8
53494	12.8
53522	12.8
53799	12.7
53841	12.7
54018	12.7
54228	12.6
54403	12.6
54750	12.6
54816	12.6
54859	12.5
55147	12.5
55168	12.5
55182	12.5
55341	12.4
55786	12.4
55913	12.4
55955	12.4
56205	12.3
56331	12.3
56575	12.3
56593	12.3
57206	12.2
57561	12.2
57592	12.2
57803	12.2
58048	12.1
58064	12.1
58423	12.1
58500	12.1
58592	12.0
58664	12.0
58997	12.0
59156	12.0
59243	12.0
59356	11.9
59564	11.9
59678	11.9
59867	11.9
60094	11.8
60107	11.8
60810	11.8
61045	11.8
61385	11.8
61392	11.8
61756	12.2
61763	12.8
61933	12.8
61936	12.8
61947	13.0
61952	13.0
61975	13.0
62048	12.9
62386	12.9
62504	12.9
62583	12.9
62617	12.9
62636	12.8
62891	12.8
62947	12.8
62979	12.8
62990	12.7
63342	12.7
63465	12.7
63671	12.7
64097	12.7
64127	12.6
64397	12.6
64409	12.6
64433	12.6
64494	12.5
64637	12.5
64945	12.5
65078	12.5
65125	12.5
65376	12.4
65658	12.4
65896	12.4
66131	12.4
66571	12.4
66667	12.3
67304	12.3
67347	12.3
67348	12.3
67523	12.3
67738	12.2
68142	12.2
68302	12.2
68474	12.2
68989	12.2
69276	12.1
69496	12.1
69927	12.1
69976	12.1
70375	12.1
70600	12.0
70705	12.0
70761	12.0
71125	12.0
71328	12.0
71738	11.9
71939	11.9
72148	11.9
72636	11.9
72754	11.9
72959	11.8
73061	11.8
73061	11.8
73076	11.8
73099	11.8
73210	11.8
73361	11.7
73554	11.7
73864	11.7
73916	11.7
74050	11.7
74161	11.7
74997	11.6
75062	11.6
75170	11.6
75188	11.6
75532	11.6
75848	11.6
75976	11.5
76002	11.5
76412	11.5
76508	11.5
76521	11.5
76530	11.5
76618	11.4
76911	11.4
77407	11.4
77516	11.4
77748	11.4
77877	11.4
78005	11.3
78087	11.3
78269	11.3
78412	11.3
78467	11.3
78486	11.3
79093	11.8
79096	12.5
79105	12.8
79110	13.4
79123	13.4
79288	13.4
79298	13.4
79382	13.4
79465	13.4
79475	13.4
79623	13.4
79829	13.3
79869	13.3
79896	13.3
80062	13.3
80274	13.3
80762	13.2
80905	13.2
81128	13.2
81228	13.2
81595	13.2
81621	13.1
81681	13.1
81701	13.1
81725	13.1
81966	13.1
82589	13.1
83072	13.4
83079	13.3
83261	13.3
83666	13.6
83791	13.7
83858	13.7
83868	13.7
84063	13.6
84112	13.6
84122	13.6
84166	13.6
84197	13.6
84212	13.5
84293	13.5
84342	13.5
84481	13.5
84512	13.5
84624	13.5
85238	13.4
85437	13.4
85475	13.4
85658	13.4
85925	13.4
86017	13.4
86024	13.6
86564	14.4
86571	14.5
86643	14.5
86809	14.7
86814	14.7
87025	14.7
87032	14.7
87148	14.8
87153	14.8
87202	14.8
87222	14.8
87659	15.4
87666	15.4
87862	15.4
88052	15.4
88536	15.3
88601	15.3
88655	15.3
88691	15.3
88782	15.3
88803	15.2
88813	15.2
88857	15.2
88931	15.2
89003	15.2
89368	15.2
89388	15.1
89649	15.1
89792	15.1
90013	15.1
90241	15.0
90319	15.0
90347	15.0
90610	15.0
90622	15.0
90964	14.9
91034	14.9
91043	14.9
91283	14.9
91467	14.9
91601	14.8
91624	14.8
91768	14.8
91773	14.8
92068	14.8
92911	14.8
93155	14.7
93228	14.7
93439	14.7
93514	14.7
93546	14.7
93803	14.6
93865	14.6
94054	14.6
94268	14.6
94390	14.6
94465	14.5
94677	14.5
94902	14.5
95017	14.5
95181	14.5
95651	14.5
95747	14.4
95967	14.4
96083	14.4
96122	14.4
96132	14.4
96333	14.3
96614	14.3
96775	14.3
97027	14.3
97034	14.3
97236	14.3
97413	14.2
97565	14.2
97625	14.2
98220	14.2
98237	14.2
98289	14.2
98482	14.1
98603	14.1
99554	14.1
99700	14.1
99777	14.1
100091	14.1
100197	14.0
100566	14.0
100651	14.0
101002	14.0
101094	14.0
101274	14.0
101338	14.0
101413	13.9
101456	13.9
101611	13.9
101754	13.9
101835	13.9
101896	13.9
101996	13.8
102000	13.8
102027	13.8
102161	13.8
102286	13.8
102613	13.8
102728	13.7
102902	13.7
103222	13.7
103286	13.7
103408	13.7
103536	13.7
103599	13.6
103661	13.6
103711	13.6
104114	13.6
104458	13.6
104467	13.6
104634	13.6
104825	13.5
104836	13.5
105418	13.5
105527	13.5
105574	13.5
105614	13.5
105772	13.4
105874	13.4
105923	13.4
106018	13.4
106110	13.4
106460	13.4
106684	13.4
106771	13.3
107013	13.3
107051	13.3
107315	13.3
107924	13.3
107946	13.3
107958	13.3
108149	13.2
108455	13.2
108480	13.2
108483	13.2
108499	13.2
108953	13.2
109080	13.2
109226	13.2
109250	13.1
109375	13.1
109430	13.1
109434	13.1
109498	13.1
109818	13.1
110521	13.1
110543	13.0
110630	13.0
110737	13.0
111058	13.0
111086	13.0
111154	13.0
111471	13.0
111494	12.9
111667	12.9
111867	12.9
111890	12.9
111980	12.9
112041	12.9
112755	12.9
112797	12.9
112809	12.9
113160	12.8
113253	12.8
113359	12.8
113637	12.8
113820	12.8
113871	12.8
114204	12.8
114462	12.7
114567	12.7
114822	12.7
115028	12.7
115066	12.7
115243	12.7
115362	12.7
115413	12.7
115471	12.6
115550	12.6
115617	12.6
115652	12.6
115773	12.6
116106	12.6
116339	12.6
116538	12.6
116583	12.6
116724	12.5
117057	12.5
117329	12.5
117658	12.5
117727	12.5
118049	12.5
118069	12.5
118435	12.5
118519	12.4
118659	12.4
118829	12.4
118999	12.4
119065	12.4
119102	12.4
119173	12.4
119267	12.4
119521	12.4
119549	12.3
119607	12.3
119725	12.3
119750	12.3
119905	12.3
120216	12.3
120220	12.3
120226	12.3
120258	12.2
120410	12.2
120444	12.2
120622	12.2
120722	12.2
121424	12.2
121523	12.2
121655	12.2
121750	12.2
121793	12.1
121800	12.1
121818	12.1
122134	12.1
122675	12.1
122717	12.1
122751	12.1
122831	12.1
122856	12.1
123222	12.1
123668	12.0
123696	12.0
123792	12.1
123799	12.1
123820	12.0
124125	12.0
124605	12.3
124608	12.5
124619	12.9
124866	12.9
124871	13.1
125122	13.2
125223	13.4
125230	13.4
125243	13.4
125259	13.4
125377	13.4
125442	13.3
125443	13.3
125622	13.3
125711	13.3
125838	13.3
125941	13.3
126210	13.3
126522	13.3
126548	13.3
126768	13.3
126784	13.2
126905	13.2
126987	13.2
127085	13.2
127128	13.2
127217	13.2
127230	13.2
127473	13.2
127599	13.1
127658	13.1
127961	13.1
127974	13.1
128762	13.1
128793	13.1
128865	13.1
129000	13.1
129180	13.1
129218	13.0
129358	13.0
129588	13.0
129632	13.0
129754	13.0
129976	13.0
130169	13.0
130376	13.0
130803	13.0
130927	12.9
131221	12.9
131490	12.9
131946	12.9
132123	12.9
132432	12.9
132667	12.9
132689	12.9
132693	12.9
132739	12.9
132978	12.8
133000	12.8
133080	12.8
133395	12.8
133461	12.8
133694	12.8
133864	12.8
133874	12.8
134150	12.8
134458	12.8
134692	12.7
134706	12.7
135101	12.7
135561	12.7
135709	12.7
135748	12.7
135833	12.7
135892	12.7
135976	12.7
136056	12.6
136512	12.6
136533	12.6
136686	12.6
136704	12.6
136800	12.6
136917	12.6
137142	12.6
137189	12.6
137377	12.6
137494	12.5
137901	12.5
138019	12.5
138053	12.5
138327	12.5
138475	12.5
138588	12.5
138707	12.5
138945	12.5
139031	12.5
139044	12.4
139050	12.4
139416	12.4
139520	12.4
139988	12.4
139995	12.4
140278	12.4
140431	12.4
140497	12.4
140589	12.4
141187	12.9
141192	13.2
141242	13.3
141247	13.3
141422	13.3
141814	13.3
141819	13.3
141832	13.7
141856	13.7
141869	13.7
141897	13.7
141924	13.7
142322	13.7
142399	13.7
142597	13.7
142730	13.6
142815	13.6
142870	13.6
142946	13.6
143158	13.6
143242	13.6
143345	13.6
143350	13.6
143450	13.6
143559	13.6
144073	13.5
144118	13.5
144295	13.5
144592	13.5
144597	13.5
144637	13.5
144742	13.5
144798	13.5
145034	13.5
145077	13.5
145209	13.5
145252	13.5
145792	13.6
145797	13.8
146008	13.9
146013	13.9
146023	13.9
146088	13.9
146203	13.9
146252	13.9
146305	13.9
146507	13.9
146518	13.8
146893	13.8
147013	13.8
147117	13.8
147431	13.8
147649	13.8
147983	13.8
148214	13.8
148233	13.8
148372	13.8
148600	13.7
148648	13.7
148736	13.7
148862	13.7
148934	13.7
149185	13.7
149426	13.7
149470	13.7
149551	13.7
149609	13.6
149658	13.6
149715	13.6
149885	13.6
150065	13.6
150315	13.6
150381	13.6
150608	13.6
151012	13.6
151036	13.6
151906	13.8
151913	13.8
151920	13.8
152326	14.0
152329	14.2
152544	14.4
152551	14.4
152560	14.4
152596	14.4
152619	14.3
152734	14.3
152835	14.3
152859	14.3
153050	14.3
153689	14.3
153843	14.3
154184	14.3
154420	14.3
154756	14.3
154782	14.2
155135	14.2
155212	14.2
155464	14.2
155543	14.2
155714	14.2
155836	14.2
156008	14.2
156067	14.2
156141	14.2
156163	14.2
156582	14.1
156918	14.1
156973	14.1
157768	14.2
157773	14.2
157784	14.2
157789	14.2
157932	14.2
158218	14.3
158223	14.3
158316	14.3
158766	14.5
158769	14.8
158782	15.1
158789	15.1
158938	15.1
158945	15.1
159002	15.1
159019	15.1
159504	15.2
159540	15.6
159545	15.7
160018	16.2
160170	16.2
160183	16.9
160367	17.0
160638	17.1
160643	17.1
160683	17.1
160690	17.1
160770	17.1
160777	17.1
160867	17.1
161019	17.1
161123	17.1
161134	17.1
161149	17.0
161161	17.0
161355	17.0
161368	17.0
161415	17.0
161728	17.0
161869	17.0
162412	17.0
162506	16.9
162913	16.9
163064	16.9
