2020-04-16 20:09:59

CONFIGURATION:
{u'simulation': {u'stdev_factor': 0.01, u'power_mgmt_enabled': False, u'tasks': {u'loc': {u'mean_service_time': {u'gpu': 90, u'cpu_core': 200, u'loc_accel': 10}, u'priority': 1, u'deadline': 1000, u'stdev_service_time': {u'gpu': 0.9, u'cpu_core': 2.0, u'loc_accel': 0.1}, u'power': {u'gpu': 4.457, u'cpu_core': 6.133, u'loc_accel': 0.02197}}, u'detect': {u'mean_service_time': {u'gpu': 0.4607, u'cpu_core': 3.654, u'det_accel': 0.278}, u'priority': 2, u'deadline': 1000, u'stdev_service_time': {u'gpu': 0.004607, u'cpu_core': 0.03654, u'det_accel': 0.0027800000000000004}, u'power': {u'gpu': 90, u'cpu_core': 200, u'det_accel': 10}}, u'Frontier': {u'mean_service_time': {u'cpu_core': 396}, u'priority': 9, u'deadline': 1000, u'stdev_service_time': {u'cpu_core': 3.96}, u'power': {u'cpu_core': 5.98}}, u'track': {u'mean_service_time': {u'gpu': 17, u'tra_accel': 2, u'cpu_core': 1820}, u'priority': 3, u'deadline': 1000, u'stdev_service_time': {u'gpu': 0.17, u'tra_accel': 0.02, u'cpu_core': 18.2}, u'power': {u'gpu': 12.79, u'tra_accel': 0.59, u'cpu_core': 5.6}}, u'sp': {u'mean_service_time': {u'gpu': 379, u'cpu_core': 1004}, u'priority': 11, u'deadline': 1000, u'stdev_service_time': {u'gpu': 3.79, u'cpu_core': 10.040000000000001}, u'power': {u'gpu': 3.302, u'cpu_core': 1004}}, u'mission': {u'mean_service_time': {u'cpu_core': 0.0022}, u'priority': 5, u'deadline': 1000, u'stdev_service_time': {u'cpu_core': 2.2000000000000003e-05}, u'power': {u'cpu_core': 3.534}}, u'motion': {u'mean_service_time': {u'cpu_core': 8}, u'priority': 6, u'deadline': 1000, u'stdev_service_time': {u'cpu_core': 0.08}, u'power': {u'cpu_core': 4.222}}, u'collision': {u'mean_service_time': {u'cpu_core': 8}, u'priority': 7, u'deadline': 1000, u'stdev_service_time': {u'cpu_core': 0.08}, u'power': {u'cpu_core': 0}}, u'fusion': {u'mean_service_time': {u'cpu_core': 1}, u'priority': 4, u'deadline': 1000, u'stdev_service_time': {u'cpu_core': 0.01}, u'power': {u'cpu_core': 0}}, u'map': {u'mean_service_time': {u'gpu': 761, u'cpu_core': 973}, u'priority': 10, u'deadline': 1000, u'stdev_service_time': {u'gpu': 7.61, u'cpu_core': 9.73}, u'power': {u'gpu': 3.533, u'cpu_core': 2.995}}, u'path': {u'mean_service_time': {u'cpu_core': 8}, u'priority': 8, u'deadline': 1000, u'stdev_service_time': {u'cpu_core': 0.08}, u'power': {u'cpu_core': 0}}}, u'sched_policy_module': u'policies.ms3_update2', u'drop': True, u'servers': {u'gpu': {u'count': 2}, u'tra_accel': {u'count': 1}, u'cpu_core': {u'count': 8}, u'loc_accel': {u'count': 1}, u'det_accel': {u'count': 1}}, u'max_tasks_simulated': 10000, u'max_queue_size': 1000000, u'mean_arrival_time': 50, u'arrival_time_scale': 3.1}, u'general': {u'random_seed': 0, u'pre_gen_arrivals': False, u'basename': u'policy:ms3_update2__stdev_factor:0.01', u'output_trace_file': None, u'working_dir': u'/home/hiwot/meta-stomp2/sim_16042020_195305_new_arrival_50_map_rheftmapping_50_trace_20', u'input_trace_file': (False, '../mv_mapping_50_trace_20.trc'), u'logging_level': u'INFO'}}
Time	Response time (avg)
739	1.0
749	1.0
773	1.0
832	1.0
967	1.0
1192	1.0
1223	1.0
1480	1.0
1623	1.0
1635	1.0
1697	1.0
1771	1.0
1789	1.0
1931	1.0
1945	1.0
2053	1.0
2560	1.0
3319	1.0
3379	1.0
3399	1.0
3727	1.7
4011	1.9
4021	2.3
4024	2.5
4239	2.8
4242	3.1
4245	3.2
4245	3.1
4462	3.0
4493	3.0
4896	2.9
4926	2.8
4969	2.8
5000	2.7
5070	2.7
5116	2.6
5157	2.6
5247	2.6
5563	2.5
5702	2.5
5825	2.4
5908	2.4
5920	2.4
6130	2.3
6440	2.3
7094	2.3
7128	2.3
7615	2.2
7797	2.2
7829	2.2
7986	2.2
8008	2.1
8123	2.1
8162	2.1
8251	2.1
8388	2.1
8504	2.0
8668	2.0
8765	2.0
9188	2.0
9608	2.0
9674	2.0
9732	1.9
9840	1.9
9955	1.9
10107	1.9
10468	1.9
10629	1.9
11307	1.9
11428	1.8
11502	1.8
11802	1.8
11885	1.8
12033	1.8
12045	1.8
12110	1.8
12541	1.8
12616	1.8
12633	1.7
12959	1.7
13099	1.7
13331	1.7
13374	1.7
13451	1.7
13588	1.7
13637	1.7
13694	1.7
13776	1.7
13919	1.7
14078	1.7
14519	1.6
14680	1.6
14732	1.6
14875	1.6
15222	1.6
15334	1.6
15513	1.6
15662	1.6
15698	1.6
16033	1.6
16164	1.6
16227	1.6
16422	1.6
16464	1.6
16918	1.6
17027	1.6
17178	1.6
17200	1.5
17325	1.5
17470	1.5
17498	1.5
17565	1.5
17653	1.5
17663	1.5
17736	1.5
18151	1.5
18250	1.5
18340	1.5
18344	1.5
18366	1.5
18446	1.5
18533	1.5
18624	1.5
18820	1.5
19102	1.5
19133	1.5
19558	1.5
19773	1.5
19850	1.5
20699	1.5
20702	1.6
20820	1.7
21094	2.1
21097	2.4
21100	2.8
21103	3.1
21106	3.5
21109	3.8
21112	4.1
21115	4.3
21118	4.6
21121	4.8
21124	5.0
21143	5.0
21350	5.0
21507	4.9
21931	5.0
21934	5.0
21976	4.9
22052	4.9
22440	4.9
22518	4.9
22785	4.8
22822	4.8
22905	4.8
22927	4.8
22966	4.7
23381	4.7
23567	4.7
23763	4.7
24050	4.6
24100	4.6
24224	4.6
24258	4.6
24332	4.6
24361	4.5
24434	4.5
24463	4.5
25031	4.5
25207	4.5
25481	4.4
25556	4.4
25780	4.4
25788	4.4
26052	4.4
26133	4.3
26303	4.3
26781	4.3
27274	4.3
28118	4.3
28211	4.2
28810	4.2
29164	4.2
29484	4.2
29581	4.2
29591	4.2
29712	4.1
29761	4.1
29796	4.1
29941	4.1
30116	4.1
30990	4.1
31091	4.0
31485	4.0
31547	4.0
31593	4.0
31854	4.0
31941	4.0
32373	4.0
32377	4.0
32379	4.0
32385	4.0
32392	4.0
32529	4.0
32551	3.9
32818	3.9
32821	3.9
32892	3.9
32995	3.9
33292	3.9
33338	3.9
33455	3.8
33498	3.8
33797	3.8
33822	3.8
34380	3.8
34383	3.8
34387	3.8
34406	3.8
34719	3.8
34927	3.7
35000	3.7
35271	3.7
35447	3.7
35671	3.7
35854	3.7
35877	3.7
36232	3.7
36327	3.6
36330	3.6
36373	3.6
36744	3.6
36747	3.6
36829	3.6
37403	3.6
37547	3.6
37635	3.6
37874	3.6
37956	3.6
38021	3.5
38736	3.5
38757	3.5
39335	3.5
39402	3.5
40016	3.5
40074	3.5
40317	3.5
40357	3.5
40475	3.4
40544	3.4
41132	3.4
41437	3.4
41806	3.4
42177	3.4
42477	3.4
42535	3.4
42577	3.4
42633	3.4
42728	3.4
42817	3.3
42982	3.3
43100	3.3
43254	3.3
43342	3.3
44159	3.3
44450	3.3
44470	3.3
44977	3.3
45142	3.3
45342	3.3
45369	3.3
45735	3.2
45797	3.2
45860	3.2
46641	3.2
46822	3.2
46886	3.2
47158	3.2
47342	3.2
47821	3.2
47876	3.2
47979	3.2
48234	3.2
48333	3.1
48570	3.1
49152	3.1
49324	3.1
49462	3.1
50137	3.1
50333	3.1
50370	3.1
50400	3.1
50525	3.1
51441	3.1
52565	3.5
52996	3.6
52999	3.6
53063	7.3
53076	7.3
53084	7.3
53107	7.2
53123	7.2
53157	7.2
53168	7.2
53293	7.2
53422	7.1
53502	7.1
53523	7.1
53656	7.1
53800	7.1
54019	7.0
54229	7.0
54404	7.0
54751	7.0
54817	7.0
54860	7.0
55148	6.9
55169	6.9
55183	6.9
55342	6.9
55787	6.9
55914	6.8
55956	6.8
56206	6.8
56332	6.8
56576	6.8
56594	6.8
57207	6.7
57562	6.7
57593	6.7
57804	6.7
58049	6.7
58065	6.6
58424	6.6
58501	6.6
58593	6.6
58665	6.6
58998	6.6
59157	6.5
59244	6.5
59357	6.5
59565	6.5
59679	6.5
59868	6.5
60095	6.5
60108	6.4
60811	6.4
61046	6.4
61395	6.4
61398	6.4
61889	6.8
61900	6.8
61904	6.8
61914	6.8
61924	6.7
61936	6.7
61976	6.7
62049	6.7
62261	6.7
62505	6.7
62582	6.6
62586	6.6
62637	6.6
62892	6.6
62948	6.6
62961	6.6
63115	6.6
63343	6.5
63466	6.5
63838	6.5
64098	6.5
64327	6.5
64398	6.5
64409	6.4
64412	6.4
64434	6.4
64638	6.4
64946	6.4
64988	6.4
65126	6.4
65377	6.4
65758	6.3
65899	6.3
66134	6.3
66572	6.3
66668	6.3
67305	6.3
67349	6.3
67447	6.2
67524	6.2
67739	6.2
68143	6.2
68303	6.2
68475	6.2
68990	6.2
69277	6.2
69497	6.1
69928	6.1
69977	6.1
70376	6.1
70601	6.1
70706	6.1
70762	6.1
71126	6.0
71329	6.0
71739	6.0
71940	6.0
72149	6.0
72637	6.0
72755	6.0
72960	6.0
73062	6.0
73062	5.9
73077	5.9
73100	5.9
73211	5.9
73362	5.9
73555	5.9
73865	5.9
73917	5.9
74051	5.8
74162	5.8
74998	5.8
75063	5.8
75171	5.8
75189	5.8
75533	5.8
75849	5.8
75977	5.8
76003	5.7
76413	5.7
76509	5.7
76522	5.7
76531	5.7
76619	5.7
76912	5.7
77408	5.7
77517	5.7
77749	5.6
77878	5.6
78006	5.6
78088	5.6
78270	5.6
78413	5.6
78468	5.6
78487	5.6
79283	6.0
79306	6.0
79324	6.0
79327	6.1
79330	6.1
79333	6.1
79383	6.1
79466	6.1
79476	6.0
79594	6.0
79830	6.0
79870	6.0
79897	6.0
80063	6.0
80275	6.0
80763	6.0
80901	6.0
81129	6.0
81228	5.9
81596	5.9
81622	5.9
81683	5.9
81702	5.9
81726	5.9
81967	5.9
82590	5.9
83082	5.9
83085	5.9
83262	5.9
83881	5.9
83884	5.9
83887	5.9
83890	5.9
84064	5.9
84113	5.9
84123	5.9
84162	5.9
84195	5.9
84213	5.9
84343	5.9
84351	5.9
84482	5.8
84513	5.8
84625	5.8
85239	5.8
85438	5.8
85507	5.8
85659	5.8
86516	6.8
87141	6.9
87197	7.0
87230	7.1
87234	7.1
87237	7.1
87240	7.1
87242	7.1
87243	7.1
87246	7.2
87249	7.2
87876	7.2
87879	7.2
87882	7.2
88530	7.2
88531	7.2
88550	7.2
88602	7.2
88629	7.2
88684	7.2
88804	7.2
88814	7.1
88959	7.1
89004	7.1
89033	7.1
89358	7.1
89369	7.1
89650	7.1
89793	7.1
90014	7.0
90242	7.0
90348	7.0
90540	7.0
90611	7.0
90623	7.0
90817	7.0
91044	7.0
91107	7.0
91284	6.9
91460	6.9
91470	6.9
91625	6.9
91769	6.9
91774	6.9
92069	6.9
92912	6.9
93156	6.9
93229	6.8
93440	6.8
93515	6.8
93547	6.8
93804	6.8
93866	6.8
94055	6.8
94269	6.8
94391	6.8
94466	6.8
94678	6.7
94903	6.7
95117	6.7
95182	6.7
95652	6.7
95748	6.7
95968	6.7
96084	6.7
96123	6.7
96133	6.6
96334	6.6
96615	6.6
96776	6.6
97028	6.6
97035	6.6
97237	6.6
97414	6.6
97626	6.6
97726	6.6
98061	6.5
98238	6.5
98290	6.5
98483	6.5
98604	6.5
99555	6.5
99701	6.5
99778	6.5
100092	6.5
100198	6.5
100567	6.5
100652	6.4
101003	6.4
101095	6.4
101275	6.4
101339	6.4
101414	6.4
101457	6.4
101612	6.4
101755	6.4
101836	6.4
101897	6.4
101997	6.3
102001	6.3
102028	6.3
102162	6.3
102287	6.3
102614	6.3
102729	6.3
102903	6.3
103223	6.3
103287	6.3
103409	6.3
103537	6.2
103600	6.2
103662	6.2
103712	6.2
104115	6.2
104459	6.2
104468	6.2
104635	6.2
104826	6.2
104837	6.2
105419	6.2
105528	6.2
105575	6.1
105615	6.1
105773	6.1
105875	6.1
105924	6.1
106019	6.1
106111	6.1
106461	6.1
106685	6.1
106772	6.1
107014	6.1
107052	6.1
107316	6.0
107925	6.0
107947	6.0
107959	6.0
108150	6.0
108456	6.0
108481	6.0
108486	6.0
108500	6.0
108954	6.0
109081	6.0
109227	6.0
109251	6.0
109376	5.9
109431	5.9
109437	5.9
109499	5.9
109819	5.9
110522	5.9
110544	5.9
110631	5.9
110738	5.9
111059	5.9
111087	5.9
111155	5.9
111472	5.9
111495	5.9
111668	5.8
111868	5.8
111891	5.8
111981	5.8
112042	5.8
112756	5.8
112798	5.8
112810	5.8
113161	5.8
113254	5.8
113360	5.8
113638	5.8
113821	5.8
113872	5.8
114205	5.7
114463	5.7
114568	5.7
114975	5.7
115029	5.7
115067	5.7
115244	5.7
115264	5.7
115318	5.7
115414	5.7
115551	5.7
115618	5.7
115653	5.7
115942	5.7
116107	5.6
116271	5.6
116539	5.6
116584	5.6
116725	5.6
117058	5.6
117330	5.6
117659	5.6
117728	5.6
118050	5.6
118070	5.6
118436	5.6
118520	5.6
118660	5.6
118830	5.6
119000	5.5
119066	5.5
119103	5.5
119174	5.5
119268	5.5
119522	5.5
119550	5.5
119608	5.5
119726	5.5
119751	5.5
119906	5.5
120217	5.5
120221	5.5
120227	5.5
120259	5.5
120411	5.5
120445	5.4
120623	5.4
120723	5.4
121425	5.4
121524	5.4
121656	5.4
121751	5.4
121796	5.4
121801	5.4
121819	5.4
122135	5.4
122676	5.4
122718	5.4
122752	5.4
122832	5.4
122857	5.4
123223	5.3
123669	5.3
123697	5.3
123802	5.3
123805	5.3
123821	5.3
124126	5.3
124624	5.3
125230	5.8
125439	6.1
125442	6.4
125445	6.7
125445	6.9
125448	7.2
125448	7.2
125451	7.5
125461	7.5
125463	7.5
125464	7.4
125605	7.4
125622	7.4
125757	7.4
126151	7.4
126211	7.4
126428	7.4
126525	7.4
126769	7.4
126785	7.4
126906	7.4
127078	7.4
127086	7.3
127129	7.3
127218	7.3
127231	7.3
127476	7.3
127600	7.3
127657	7.3
127865	7.3
127975	7.3
128763	7.3
128794	7.3
128866	7.3
129001	7.2
129181	7.2
129219	7.2
129359	7.2
129589	7.2
129633	7.2
129755	7.2
129977	7.2
130307	7.2
130377	7.2
130665	7.2
130928	7.2
131222	7.2
131491	7.1
131947	7.1
132124	7.1
132433	7.1
132668	7.1
132690	7.1
132694	7.1
132740	7.1
132979	7.1
133001	7.1
133081	7.1
133396	7.1
133462	7.1
133695	7.0
133865	7.0
133875	7.0
134151	7.0
134459	7.0
134693	7.0
134707	7.0
135351	7.0
135562	7.0
135597	7.0
135710	7.0
135834	7.0
135893	7.0
135977	6.9
136057	6.9
136513	6.9
136534	6.9
136687	6.9
136705	6.9
136801	6.9
136918	6.9
137091	6.9
137143	6.9
137378	6.9
137495	6.9
137902	6.9
138020	6.9
138054	6.8
138328	6.8
138476	6.8
138591	6.8
138634	6.8
138946	6.8
139045	6.8
139051	6.8
139205	6.8
139417	6.8
139521	6.8
139989	6.8
140190	6.8
140279	6.8
140432	6.7
140495	6.7
140498	6.7
141240	6.8
141829	6.8
141845	6.8
141848	6.8
141851	6.8
141854	6.9
141854	6.9
141860	6.9
141870	6.9
141921	6.8
142322	6.8
142393	6.8
142400	6.8
142409	6.8
142598	6.8
142731	6.8
142957	6.8
143046	6.8
143159	6.8
143243	6.8
143348	6.8
143351	6.8
143451	6.8
143560	6.8
144074	6.7
144119	6.7
144296	6.7
144600	6.7
144603	6.7
144638	6.7
144743	6.7
144797	6.7
145035	6.7
145078	6.7
145111	6.7
146094	7.0
146105	7.1
146115	7.1
146118	7.2
146121	7.2
146124	7.2
146127	7.2
146204	7.2
146253	7.2
146295	7.2
146506	7.2
146521	7.2
146896	7.2
147118	7.2
147229	7.2
147362	7.1
147434	7.1
147984	7.1
148215	7.1
148234	7.1
148373	7.1
148489	7.1
148649	7.1
148737	7.1
148863	7.1
148935	7.1
149186	7.1
149427	7.1
149456	7.1
149471	7.1
149610	7.0
149716	7.0
149760	7.0
149886	7.0
150066	7.0
150316	7.0
150382	7.0
150609	7.0
151013	7.0
151037	7.0
151916	7.0
151919	7.0
151921	7.0
152545	7.2
152557	7.2
152560	7.2
152563	7.2
152567	7.2
152597	7.2
152620	7.2
152735	7.2
152827	7.2
152860	7.2
153051	7.2
153690	7.2
153844	7.2
154185	7.2
154421	7.2
154757	7.1
154783	7.1
155136	7.1
155439	7.1
155467	7.1
155544	7.1
155712	7.1
155715	7.1
156009	7.1
156066	7.1
156142	7.1
156164	7.1
156585	7.1
156919	7.1
156974	7.1
157776	7.1
158928	7.3
158930	7.3
159490	7.3
160862	7.4
160865	7.4
161213	7.4
161216	7.4
161253	7.4
161254	7.4
161254	7.4
161256	7.4
161257	7.5
161257	7.5
161259	7.5
161259	7.5
161260	7.5
161260	7.5
161262	7.5
161262	7.5
161263	7.5
161263	7.5
161265	7.5
161356	7.5
161368	7.5
161371	7.5
161635	7.5
161644	7.5
161863	7.5
161870	7.5
162224	7.5
163013	7.5
163164	7.5
