2020-04-16 20:09:59

CONFIGURATION:
{u'simulation': {u'stdev_factor': 0.01, u'power_mgmt_enabled': False, u'tasks': {u'loc': {u'mean_service_time': {u'gpu': 90, u'cpu_core': 200, u'loc_accel': 10}, u'priority': 1, u'deadline': 1000, u'stdev_service_time': {u'gpu': 0.9, u'cpu_core': 2.0, u'loc_accel': 0.1}, u'power': {u'gpu': 4.457, u'cpu_core': 6.133, u'loc_accel': 0.02197}}, u'detect': {u'mean_service_time': {u'gpu': 0.4607, u'cpu_core': 3.654, u'det_accel': 0.278}, u'priority': 2, u'deadline': 1000, u'stdev_service_time': {u'gpu': 0.004607, u'cpu_core': 0.03654, u'det_accel': 0.0027800000000000004}, u'power': {u'gpu': 90, u'cpu_core': 200, u'det_accel': 10}}, u'Frontier': {u'mean_service_time': {u'cpu_core': 396}, u'priority': 9, u'deadline': 1000, u'stdev_service_time': {u'cpu_core': 3.96}, u'power': {u'cpu_core': 5.98}}, u'track': {u'mean_service_time': {u'gpu': 17, u'tra_accel': 2, u'cpu_core': 1820}, u'priority': 3, u'deadline': 1000, u'stdev_service_time': {u'gpu': 0.17, u'tra_accel': 0.02, u'cpu_core': 18.2}, u'power': {u'gpu': 12.79, u'tra_accel': 0.59, u'cpu_core': 5.6}}, u'sp': {u'mean_service_time': {u'gpu': 379, u'cpu_core': 1004}, u'priority': 11, u'deadline': 1000, u'stdev_service_time': {u'gpu': 3.79, u'cpu_core': 10.040000000000001}, u'power': {u'gpu': 3.302, u'cpu_core': 1004}}, u'mission': {u'mean_service_time': {u'cpu_core': 0.0022}, u'priority': 5, u'deadline': 1000, u'stdev_service_time': {u'cpu_core': 2.2000000000000003e-05}, u'power': {u'cpu_core': 3.534}}, u'motion': {u'mean_service_time': {u'cpu_core': 8}, u'priority': 6, u'deadline': 1000, u'stdev_service_time': {u'cpu_core': 0.08}, u'power': {u'cpu_core': 4.222}}, u'collision': {u'mean_service_time': {u'cpu_core': 8}, u'priority': 7, u'deadline': 1000, u'stdev_service_time': {u'cpu_core': 0.08}, u'power': {u'cpu_core': 0}}, u'fusion': {u'mean_service_time': {u'cpu_core': 1}, u'priority': 4, u'deadline': 1000, u'stdev_service_time': {u'cpu_core': 0.01}, u'power': {u'cpu_core': 0}}, u'map': {u'mean_service_time': {u'gpu': 761, u'cpu_core': 973}, u'priority': 10, u'deadline': 1000, u'stdev_service_time': {u'gpu': 7.61, u'cpu_core': 9.73}, u'power': {u'gpu': 3.533, u'cpu_core': 2.995}}, u'path': {u'mean_service_time': {u'cpu_core': 8}, u'priority': 8, u'deadline': 1000, u'stdev_service_time': {u'cpu_core': 0.08}, u'power': {u'cpu_core': 0}}}, u'sched_policy_module': u'policies.ms3_update2', u'drop': True, u'servers': {u'gpu': {u'count': 2}, u'tra_accel': {u'count': 1}, u'cpu_core': {u'count': 8}, u'loc_accel': {u'count': 1}, u'det_accel': {u'count': 1}}, u'max_tasks_simulated': 10000, u'max_queue_size': 1000000, u'mean_arrival_time': 50, u'arrival_time_scale': 3.1}, u'general': {u'random_seed': 0, u'pre_gen_arrivals': False, u'basename': u'policy:ms3_update2__stdev_factor:0.01', u'output_trace_file': None, u'working_dir': u'/home/hiwot/meta-stomp2/sim_16042020_195305_new_arrival_50_map_rheftmapping_50_trace_20', u'input_trace_file': (False, '../mv_mapping_50_trace_20.trc'), u'logging_level': u'INFO'}}
Time	Response time (avg)
10	10.0
335	10.0
403	10.0
413	10.0
475	10.0
723	10.0
735	10.0
745	10.5
769	10.4
828	10.4
974	10.4
1188	10.3
1219	10.3
1476	10.3
1603	10.3
1767	10.2
1848	10.2
2049	10.2
2099	10.2
2347	10.2
2493	10.2
2508	10.2
2858	10.2
3020	10.2
3209	10.2
3271	10.2
3281	10.5
3395	10.5
3475	10.5
3537	10.5
3683	10.5
3745	10.4
4012	10.4
4027	10.4
4037	10.7
4219	10.7
4374	10.6
4780	10.6
4892	10.6
5066	10.6
5112	10.6
5559	10.6
5698	10.6
6126	10.5
6163	10.5
6343	10.5
6368	10.5
6436	10.5
6768	10.5
6786	10.5
7090	10.5
7124	10.5
7205	10.5
7220	10.4
7446	10.4
7471	10.4
7543	10.4
7825	10.4
7995	10.4
8119	10.4
8386	10.4
8454	10.4
8500	10.4
8510	10.4
8733	10.4
8885	10.4
9511	10.4
9672	10.4
10184	10.3
10593	10.3
10928	10.3
11015	10.3
11303	10.3
11424	10.3
11498	10.3
11659	10.3
11737	10.3
11833	10.3
12019	10.3
12029	10.3
12106	10.3
12152	10.3
12202	10.3
12366	10.3
12537	10.3
12819	10.3
12955	10.3
13067	10.3
13095	10.3
13460	10.3
13510	10.3
13600	10.3
13690	10.3
14059	10.3
14074	10.3
14316	10.3
14440	10.3
14741	10.3
14871	10.3
14881	10.3
14942	10.3
15200	10.3
15330	10.3
15748	10.3
15764	10.3
15807	10.3
15947	10.3
16223	10.3
16607	10.3
16632	10.3
16892	10.3
17004	10.3
17118	10.3
17174	10.3
17224	10.3
17311	10.3
17321	10.3
17416	10.3
17466	10.3
17494	10.3
17636	10.3
17649	10.3
17659	10.3
17732	10.3
17813	10.3
18340	10.3
18467	10.3
18579	10.3
18975	10.3
19071	10.3
19087	10.3
19106	10.3
19323	10.3
19571	10.3
19614	10.3
19633	10.3
19769	10.3
19846	10.3
19865	10.3
19921	10.3
19964	10.3
20101	10.3
20119	10.3
20181	10.3
20352	10.3
20550	10.3
20560	10.3
20584	10.3
20637	10.3
20711	10.3
20752	10.3
20829	10.3
21204	10.3
21365	10.3
21669	10.3
21685	10.3
21744	10.3
22413	10.3
22432	10.3
22543	10.3
22804	10.3
22814	10.3
22878	10.3
23002	10.3
23139	10.3
23188	10.3
23563	10.3
23656	10.3
23811	10.3
23839	10.3
24221	10.3
24261	10.3
24335	10.3
24416	10.3
24459	10.3
24831	10.3
25064	10.3
25346	10.3
25820	10.3
26759	10.3
27358	10.3
27640	10.3
27767	10.3
28114	10.3
28124	10.3
28176	10.3
28399	10.3
29577	10.3
29587	10.3
29639	10.3
29708	10.3
29937	10.3
30033	10.3
30579	10.3
30783	10.3
31062	10.3
31099	10.3
31146	10.3
31158	10.3
31168	10.3
31307	10.3
31347	10.3
31481	10.3
31589	10.3
31599	10.3
31850	10.3
31918	10.3
32116	10.3
32253	10.3
32308	10.3
32498	10.3
32547	10.3
32928	10.3
33167	10.3
33288	10.3
33344	10.3
33499	10.3
33793	10.3
33818	10.3
33970	10.3
34051	10.3
34367	10.3
34377	10.3
34451	10.3
34655	10.3
34816	10.3
34996	10.3
35012	10.3
35027	10.3
35105	10.3
35371	10.3
35443	10.3
35523	10.3
35740	10.3
35929	10.3
36999	10.3
37064	10.3
37399	10.3
37516	10.3
37535	10.3
37631	10.3
37783	10.3
37870	10.3
38378	10.3
38456	10.3
39587	10.3
39680	10.3
40012	10.3
40217	10.3
40313	10.3
40353	10.3
40471	10.3
40725	10.3
40849	10.3
40917	10.3
41100	10.3
41596	10.3
41646	10.3
41760	10.3
42473	10.3
42573	10.3
42724	10.3
43016	10.3
43096	10.3
43202	10.3
43230	10.3
43338	10.3
43751	10.3
44020	10.3
44185	10.3
44640	10.3
45338	10.3
45434	10.3
45731	10.3
45793	10.3
45865	10.3
46178	10.3
46203	10.3
46361	10.3
46637	10.3
46919	10.3
47012	10.3
47111	10.3
47154	10.3
47613	10.3
47762	10.3
47932	10.3
48881	10.3
48946	10.3
49148	10.3
49458	10.3
50133	10.2
50484	10.2
50521	10.2
50679	10.2
50729	10.2
50822	10.2
51203	10.2
51246	10.2
51346	10.2
51600	10.2
51767	10.2
51885	10.2
51935	10.2
51945	10.3
52028	10.3
52217	10.3
52843	10.2
52942	10.2
52952	10.3
53199	10.3
53289	10.3
53466	10.3
53519	10.3
53627	10.3
53764	10.3
53928	10.3
54015	10.3
54070	10.3
54225	10.3
54880	10.3
54957	10.3
54976	10.3
54986	10.3
55165	10.3
55338	10.3
55952	10.3
56141	10.3
56250	10.3
56572	10.3
56845	10.3
56876	10.3
56898	10.3
57211	10.3
57279	10.3
57527	10.3
57558	10.3
57800	10.3
58200	10.3
58420	10.3
58497	10.3
58643	10.3
59065	10.3
59353	10.3
59499	10.3
59561	10.3
59675	10.3
59768	10.3
59864	10.3
59917	10.3
60146	10.3
60441	10.3
60537	10.3
60670	10.3
60714	10.3
60754	10.3
60807	10.3
60890	10.3
60918	10.3
61194	10.3
61331	10.3
61396	10.3
61588	10.3
61598	10.3
61910	10.3
61920	10.3
62220	10.3
62509	10.3
62580	10.3
62778	10.3
62878	10.3
62888	10.3
62921	10.3
63107	10.3
63178	10.3
63188	10.3
63212	10.3
63339	10.3
63494	10.3
64031	10.3
64041	10.3
64375	10.3
64514	10.3
65122	10.3
65373	10.3
65615	10.3
65711	10.3
65730	10.3
66567	10.3
66849	10.3
66923	10.3
67273	10.3
67301	10.3
67345	10.3
67397	10.3
67735	10.3
68045	10.3
68055	10.3
68523	10.3
68758	10.3
69149	10.3
69924	10.3
70169	10.3
70287	10.3
70702	10.3
70758	10.3
71192	10.3
71303	10.3
71325	10.3
71740	10.3
71840	10.3
71936	10.3
72019	10.3
72081	10.3
72140	10.3
72633	10.3
72643	10.3
72695	10.3
72891	10.3
72996	10.3
73058	10.3
73073	10.3
73380	10.3
73551	10.3
74106	10.3
74214	10.3
74286	10.3
74757	10.3
74803	10.3
74964	10.3
75079	10.3
75185	10.3
75529	10.3
75690	10.3
75845	10.3
76065	10.3
76409	10.3
76527	10.3
76921	10.3
76986	10.3
77379	10.3
77404	10.3
77745	10.3
77776	10.3
77987	10.3
78002	10.3
78064	10.3
78074	10.3
78084	10.3
78161	10.3
78244	10.3
78254	10.3
78266	10.3
78409	10.3
78483	10.3
78610	10.3
78632	10.3
78675	10.3
78774	10.3
78839	10.3
78951	10.3
79106	10.3
79187	10.3
79509	10.3
79543	10.3
79614	10.3
79866	10.3
80272	10.3
80349	10.3
80402	10.3
80610	10.3
80873	10.3
81592	10.3
81623	10.3
81698	10.3
82305	10.3
82435	10.3
82445	10.3
82476	10.3
82572	10.3
82634	10.3
82644	10.3
82891	10.3
82901	10.3
82919	10.3
83179	10.3
83378	10.3
83403	10.3
83728	10.3
83738	10.3
84044	10.3
84060	10.3
84339	10.3
84432	10.3
84509	10.3
84795	10.3
85194	10.3
85235	10.3
85269	10.3
85343	10.3
85424	10.3
85434	10.3
85483	10.3
85504	10.3
85588	10.3
85768	10.3
85873	10.3
85907	10.3
85982	10.3
85994	10.3
86239	10.3
86593	10.3
86603	10.3
86679	10.3
86732	10.3
86757	10.3
86794	10.3
86856	10.3
86890	10.3
87240	10.3
87312	10.3
87461	10.3
87712	10.3
88412	10.3
88800	10.3
88810	10.3
89057	10.3
89128	10.3
89308	10.3
89318	10.3
89426	10.3
89646	10.3
89751	10.3
89789	10.3
89857	10.3
89885	10.3
90052	10.3
90062	10.3
90238	10.3
90607	10.3
90619	10.3
91112	10.3
91460	10.3
91611	10.3
91621	10.3
91770	10.3
92055	10.3
92483	10.3
92582	10.3
92811	10.3
93047	10.3
93152	10.3
93186	10.3
93347	10.3
93400	10.3
93465	10.3
93543	10.3
93862	10.3
94051	10.3
94516	10.3
94674	10.3
95127	10.3
95158	10.3
95648	10.3
95658	10.3
95697	10.3
95744	10.3
95806	10.3
95899	10.3
96017	10.3
96119	10.3
96129	10.3
96330	10.3
96494	10.3
96504	10.3
96519	10.3
96571	10.3
96928	10.3
97622	10.3
97647	10.3
98249	10.3
98444	10.3
98580	10.3
98872	10.3
98949	10.3
99005	10.3
99383	10.3
99622	10.3
99774	10.3
100158	10.3
100192	10.3
100279	10.3
100372	10.3
100533	10.3
100781	10.3
101091	10.3
101271	10.3
101330	10.3
101448	10.3
101789	10.3
101832	10.3
101919	10.3
101993	10.3
102003	10.3
102024	10.3
102065	10.3
102158	10.3
102610	10.3
102725	10.3
103016	10.3
103181	10.3
103596	10.3
103606	10.3
103658	10.3
103708	10.3
103897	10.3
104111	10.3
104163	10.3
104207	10.3
104455	10.3
104724	10.3
104799	10.3
104833	10.3
104843	10.3
105320	10.3
105335	10.3
105524	10.3
105571	10.3
105599	10.3
105769	10.3
106057	10.3
106107	10.3
106495	10.3
106532	10.3
106681	10.3
106739	10.3
106764	10.3
107046	10.3
107527	10.3
107803	10.3
107859	10.3
107921	10.3
107955	10.3
108029	10.3
108100	10.3
108156	10.3
108435	10.3
109092	10.3
109120	10.3
109223	10.3
109427	10.3
109495	10.3
109635	10.3
109960	10.3
110174	10.3
110252	10.3
110262	10.3
110323	10.3
110518	10.3
110627	10.3
110711	10.3
111055	10.3
111151	10.3
111346	10.3
111442	10.3
111799	10.3
111864	10.3
112285	10.3
112806	10.3
112915	10.3
113203	10.3
113243	10.3
113346	10.3
113356	10.3
113634	10.3
113646	10.3
113696	10.3
113755	10.3
113807	10.3
113817	10.3
114012	10.3
114396	10.3
114694	10.3
114722	10.3
115004	10.3
115063	10.3
115240	10.3
115364	10.3
115410	10.3
115547	10.3
115717	10.3
115934	10.3
116452	10.3
116535	10.3
116771	10.3
116818	10.3
116830	10.3
117208	10.3
117283	10.3
117298	10.3
117326	10.3
117655	10.3
117816	10.3
117844	10.3
117881	10.3
118299	10.3
118504	10.3
118805	10.3
118826	10.3
119170	10.3
119518	10.3
119546	10.3
119604	10.3
119666	10.3
119722	10.3
119766	10.3
119902	10.3
119939	10.3
120082	10.3
120100	10.3
120203	10.3
120213	10.3
120223	10.3
120407	10.3
120441	10.3
121266	10.3
121520	10.3
121719	10.3
121747	10.3
121790	10.3
122016	10.3
122131	10.3
122177	10.3
122748	10.3
122828	10.3
122853	10.3
123169	10.3
123219	10.3
123352	10.3
123386	10.3
123405	10.3
123495	10.3
123505	10.3
123647	10.3
123693	10.3
123715	10.3
123725	10.3
123762	10.3
123817	10.3
124115	10.3
124155	10.3
124223	10.3
124385	10.3
124395	10.3
124409	10.3
124462	10.3
124840	10.3
124927	10.3
125011	10.3
125021	10.3
125271	10.3
125439	10.3
125600	10.3
125963	10.3
126021	10.3
126245	10.3
126753	10.3
126765	10.3
126781	10.3
126902	10.3
127082	10.3
127125	10.3
127227	10.3
127311	10.3
127547	10.3
127596	10.3
127646	10.3
127971	10.3
128015	10.3
128061	10.3
128139	10.3
128523	10.3
128660	10.3
128790	10.3
129044	10.3
129087	10.3
129177	10.3
129211	10.3
129751	10.3
130039	10.3
130265	10.3
130892	10.3
130902	10.3
131146	10.3
131260	10.3
131282	10.3
131468	10.3
132243	10.3
132429	10.3
132439	10.3
132643	10.3
132690	10.3
132736	10.3
133015	10.3
133077	10.3
133089	10.3
133458	10.3
133502	10.3
133871	10.3
133979	10.3
134131	10.3
134605	10.3
134689	10.3
134757	10.3
135235	10.3
135300	10.3
135439	10.3
135473	10.3
135483	10.3
135579	10.3
135706	10.3
135830	10.3
135889	10.3
135982	10.3
136053	10.3
136158	10.3
136273	10.3
136530	10.3
136568	10.3
136710	10.3
137042	10.3
137395	10.3
137414	10.3
137488	10.3
137829	10.3
137898	10.3
138040	10.3
138050	10.3
138195	10.3
138564	10.3
138769	10.3
138924	10.3
138942	10.3
138970	10.3
139212	10.3
139541	10.3
139801	10.3
139968	10.3
140021	10.3
140111	10.3
140151	10.3
140201	10.3
140275	10.3
140291	10.3
140595	10.3
140605	10.3
140635	10.3
140697	10.3
140709	10.3
140740	10.3
140833	10.3
140843	10.3
141264	10.3
141754	10.3
141807	10.3
142200	10.3
142231	10.3
142340	10.3
142402	10.3
142579	10.3
142594	10.3
142727	10.3
143127	10.3
143155	10.3
143226	10.3
143239	10.3
143369	10.3
143416	10.3
143493	10.3
143970	10.3
144070	10.3
144178	10.3
144284	10.3
144294	10.3
144370	10.3
144519	10.3
144739	10.3
144789	10.3
144799	10.3
144956	10.3
145074	10.3
145136	10.3
145276	10.3
145297	10.3
145471	10.3
145672	10.3
145700	10.3
145744	10.3
145902	10.3
146249	10.3
147027	10.3
147037	10.3
147517	10.3
147641	10.3
147954	10.3
148004	10.3
148041	10.3
148211	10.3
148230	10.3
148369	10.3
148388	10.3
148599	10.3
148645	10.3
148810	10.3
149157	10.3
149182	10.3
149296	10.3
149318	10.3
149423	10.3
149467	10.3
149712	10.3
150062	10.3
150192	10.3
150378	10.3
150453	10.3
150701	10.3
150828	10.3
150843	10.3
151032	10.3
151107	10.3
151336	10.3
151398	10.3
151513	10.3
151569	10.3
151708	10.3
152127	10.3
152137	10.3
152147	10.3
152731	10.3
153305	10.3
153553	10.3
153563	10.3
153686	10.3
153748	10.3
153825	10.3
154142	10.3
154219	10.3
154349	10.3
154417	10.3
154758	10.3
155000	10.3
155202	10.3
155363	10.3
156005	10.3
156017	10.3
156138	10.3
156148	10.3
156488	10.3
156547	10.3
156557	10.3
156567	10.3
156711	10.3
156721	10.3
156777	10.3
156975	10.3
156997	10.3
157093	10.3
157127	10.3
157245	10.3
157319	10.3
157663	10.3
157673	10.3
157772	10.3
157868	10.3
157905	10.3
157973	10.3
157983	10.4
158537	10.4
158547	10.4
158584	10.4
158633	10.4
158993	10.4
159049	10.4
159216	10.4
159306	10.4
159316	10.4
159365	10.4
159393	10.4
159403	10.4
159415	10.4
159455	10.4
159911	10.4
160032	10.4
160090	10.4
160242	10.4
160788	10.4
161296	10.4
161352	10.4
161365	10.4
161445	10.4
