2020-04-16 20:09:59

CONFIGURATION:
{u'simulation': {u'stdev_factor': 0.01, u'power_mgmt_enabled': False, u'tasks': {u'loc': {u'mean_service_time': {u'gpu': 90, u'cpu_core': 200, u'loc_accel': 10}, u'priority': 1, u'deadline': 1000, u'stdev_service_time': {u'gpu': 0.9, u'cpu_core': 2.0, u'loc_accel': 0.1}, u'power': {u'gpu': 4.457, u'cpu_core': 6.133, u'loc_accel': 0.02197}}, u'detect': {u'mean_service_time': {u'gpu': 0.4607, u'cpu_core': 3.654, u'det_accel': 0.278}, u'priority': 2, u'deadline': 1000, u'stdev_service_time': {u'gpu': 0.004607, u'cpu_core': 0.03654, u'det_accel': 0.0027800000000000004}, u'power': {u'gpu': 90, u'cpu_core': 200, u'det_accel': 10}}, u'Frontier': {u'mean_service_time': {u'cpu_core': 396}, u'priority': 9, u'deadline': 1000, u'stdev_service_time': {u'cpu_core': 3.96}, u'power': {u'cpu_core': 5.98}}, u'track': {u'mean_service_time': {u'gpu': 17, u'tra_accel': 2, u'cpu_core': 1820}, u'priority': 3, u'deadline': 1000, u'stdev_service_time': {u'gpu': 0.17, u'tra_accel': 0.02, u'cpu_core': 18.2}, u'power': {u'gpu': 12.79, u'tra_accel': 0.59, u'cpu_core': 5.6}}, u'sp': {u'mean_service_time': {u'gpu': 379, u'cpu_core': 1004}, u'priority': 11, u'deadline': 1000, u'stdev_service_time': {u'gpu': 3.79, u'cpu_core': 10.040000000000001}, u'power': {u'gpu': 3.302, u'cpu_core': 1004}}, u'mission': {u'mean_service_time': {u'cpu_core': 0.0022}, u'priority': 5, u'deadline': 1000, u'stdev_service_time': {u'cpu_core': 2.2000000000000003e-05}, u'power': {u'cpu_core': 3.534}}, u'motion': {u'mean_service_time': {u'cpu_core': 8}, u'priority': 6, u'deadline': 1000, u'stdev_service_time': {u'cpu_core': 0.08}, u'power': {u'cpu_core': 4.222}}, u'collision': {u'mean_service_time': {u'cpu_core': 8}, u'priority': 7, u'deadline': 1000, u'stdev_service_time': {u'cpu_core': 0.08}, u'power': {u'cpu_core': 0}}, u'fusion': {u'mean_service_time': {u'cpu_core': 1}, u'priority': 4, u'deadline': 1000, u'stdev_service_time': {u'cpu_core': 0.01}, u'power': {u'cpu_core': 0}}, u'map': {u'mean_service_time': {u'gpu': 761, u'cpu_core': 973}, u'priority': 10, u'deadline': 1000, u'stdev_service_time': {u'gpu': 7.61, u'cpu_core': 9.73}, u'power': {u'gpu': 3.533, u'cpu_core': 2.995}}, u'path': {u'mean_service_time': {u'cpu_core': 8}, u'priority': 8, u'deadline': 1000, u'stdev_service_time': {u'cpu_core': 0.08}, u'power': {u'cpu_core': 0}}}, u'sched_policy_module': u'policies.ms3_update2', u'drop': True, u'servers': {u'gpu': {u'count': 2}, u'tra_accel': {u'count': 1}, u'cpu_core': {u'count': 8}, u'loc_accel': {u'count': 1}, u'det_accel': {u'count': 1}}, u'max_tasks_simulated': 10000, u'max_queue_size': 1000000, u'mean_arrival_time': 50, u'arrival_time_scale': 3.1}, u'general': {u'random_seed': 0, u'pre_gen_arrivals': False, u'basename': u'policy:ms3_update2__stdev_factor:0.01', u'output_trace_file': None, u'working_dir': u'/home/hiwot/meta-stomp2/sim_16042020_195305_new_arrival_50_map_rheftmapping_50_trace_20', u'input_trace_file': (False, '../mv_mapping_50_trace_20.trc'), u'logging_level': u'INFO'}}
Time	Response time (avg)
961	951.0
1286	951.0
1619	1039.3
1629	1083.5
1691	1110.0
1925	1083.5
1939	1102.4
2554	1083.5
2876	1077.3
3315	1091.2
3505	1097.3
3709	1107.2
3724	1115.5
3827	1105.1
4236	1112.5
4425	1118.9
4456	1110.8
4487	1116.7
4497	1121.9
4753	1126.6
4963	1118.2
5243	1122.7
5407	1118.8
5423	1129.9
5914	1130.1
7114	1123.2
7294	1116.8
7584	1120.4
7984	1123.7
8002	1126.7
8156	1121.1
8245	1118.1
8662	1121.0
8687	1123.8
8759	1126.5
9107	1126.1
9337	1121.3
9670	1123.8
9726	1126.2
9949	1128.4
10101	1130.6
10462	1126.3
10623	1122.2
11400	1124.3
11544	1120.5
11879	1116.8
12231	1118.9
12610	1115.4
12830	1115.0
13049	1117.0
13235	1118.9
13368	1120.8
13418	1122.6
13582	1124.3
13770	1121.2
14018	1118.1
14676	1119.8
14721	1119.9
14726	1121.5
15010	1118.7
15532	1120.2
15656	1121.8
15692	1119.1
15961	1118.5
16158	1120.0
16416	1121.4
16699	1118.9
16912	1119.3
17023	1120.7
17163	1122.1
17650	1120.6
17848	1122.3
17863	1120.2
18220	1121.5
18334	1122.8
18440	1124.0
18527	1125.2
18601	1123.1
18632	1124.3
18814	1122.8
19552	1122.3
19795	1123.4
19926	1121.4
20287	1122.5
20303	1123.6
20322	1124.7
20522	1122.7
20539	1123.7
20830	1124.8
20849	1125.8
20877	1124.5
21137	1125.5
21473	1129.6
21503	1131.7
21828	1138.0
21918	1144.8
22017	1150.2
22036	1152.7
22046	1153.4
22420	1154.0
22424	1153.1
22779	1152.7
22901	1153.3
22960	1153.9
23375	1152.0
23648	1152.7
23755	1150.8
23759	1151.4
24030	1152.0
24094	1152.5
24218	1153.1
24326	1153.0
24355	1153.5
24706	1152.6
25027	1153.2
25055	1153.7
25277	1152.5
25477	1153.4
25551	1153.9
25632	1154.5
25782	1152.8
26280	1153.3
26297	1151.7
26771	1150.0
27710	1148.4
28309	1146.9
28661	1145.9
28983	1146.4
29260	1146.4
29392	1146.9
29615	1147.4
30590	1145.9
30984	1144.5
31541	1143.1
31935	1143.2
32278	1143.7
32315	1144.2
32362	1144.8
32374	1145.3
32384	1145.8
32492	1145.8
32523	1146.3
32815	1146.7
32886	1145.5
33332	1146.0
33449	1144.7
33494	1145.3
33879	1144.0
34383	1144.5
34400	1143.9
34715	1144.4
34921	1143.1
35267	1143.6
35351	1142.5
35667	1143.0
35871	1143.5
35872	1142.9
36228	1143.4
36243	1143.8
36321	1144.3
36322	1143.1
36739	1143.5
36823	1143.2
37145	1143.6
37950	1142.4
38015	1141.3
38732	1141.7
38751	1142.2
38901	1142.0
39329	1140.9
39672	1141.4
40538	1140.2
40631	1139.2
41433	1139.6
41676	1138.5
41800	1137.5
42133	1137.9
42316	1138.3
42627	1137.7
42751	1137.6
42976	1138.0
43967	1137.0
44153	1135.9
44446	1136.4
44967	1136.8
44971	1135.8
45136	1134.8
45856	1135.3
46385	1134.3
46816	1133.3
47336	1133.3
47419	1133.9
47577	1134.3
47870	1133.4
48228	1133.8
48327	1134.2
48564	1133.3
48821	1132.9
49148	1133.3
49832	1132.4
49897	1131.5
50364	1131.9
51435	1131.0
51630	1130.1
51945	1130.6
52038	1131.0
52386	1130.5
52419	1130.9
52562	1131.8
52581	1131.1
52983	1131.5
53101	1131.9
53151	1132.3
53164	1132.7
53254	1133.1
53794	1132.3
53903	1131.5
54415	1131.9
54682	1132.2
54745	1132.2
54854	1132.0
55144	1132.4
55286	1132.7
55831	1131.9
55908	1131.1
56192	1131.5
56202	1131.9
57092	1131.1
57201	1130.3
58043	1130.4
58061	1130.7
58092	1131.1
58162	1130.3
58495	1130.7
58743	1131.1
59151	1130.3
59594	1129.5
60102	1129.1
60545	1128.8
60984	1129.2
61053	1129.2
61362	1129.5
61496	1129.2
61753	1129.6
61886	1129.9
61930	1130.3
61970	1130.6
62004	1130.6
62134	1130.9
62447	1130.6
62578	1131.1
62614	1132.2
62955	1133.1
63436	1133.5
63460	1132.7
63906	1132.2
64094	1132.5
64137	1133.4
64323	1133.7
64394	1134.0
64404	1134.3
64428	1134.6
64445	1133.9
64982	1133.2
65257	1133.6
65396	1133.1
65730	1133.4
66566	1132.8
66662	1132.1
66946	1132.4
67518	1131.7
67800	1131.1
68139	1131.4
68469	1131.2
68489	1131.5
68996	1130.8
69271	1131.1
69474	1130.5
69974	1130.8
70100	1130.1
71120	1129.5
71238	1128.9
72143	1128.2
72254	1127.6
72956	1127.9
73056	1128.2
73094	1128.0
73205	1128.0
73356	1128.3
73859	1128.6
73911	1128.9
74045	1129.0
74156	1129.1
74596	1129.4
75057	1128.8
75165	1128.2
75502	1128.5
75973	1128.8
76008	1128.5
76019	1128.8
76116	1128.5
76906	1128.8
77016	1128.2
77872	1127.6
77967	1127.2
78595	1127.4
78823	1127.2
78938	1126.6
79280	1126.9
79290	1127.2
79377	1127.5
79460	1127.8
79470	1128.0
79774	1127.9
79826	1128.2
79891	1128.6
80057	1128.1
80499	1128.7
80725	1128.9
80725	1128.9
80759	1129.1
81223	1128.6
81565	1128.9
81618	1129.1
81677	1128.9
82089	1129.2
82574	1128.7
83256	1128.1
83525	1128.0
83661	1128.3
83692	1128.5
83788	1128.8
83850	1129.1
83860	1129.3
84107	1129.6
84117	1129.8
84207	1129.5
84476	1129.4
84619	1129.7
85004	1130.1
85158	1130.1
85427	1129.7
86011	1129.9
86145	1129.4
86378	1128.9
86559	1129.2
86640	1129.9
86699	1130.1
86720	1130.4
86804	1130.6
86984	1130.8
87096	1130.8
87138	1131.1
87329	1131.0
87856	1131.4
88020	1132.0
88047	1132.5
88200	1133.4
88227	1134.2
88280	1135.0
88280	1134.7
88458	1135.9
88528	1136.2
88857	1136.9
88998	1137.3
89363	1136.8
90008	1136.3
90314	1135.9
90344	1136.1
90534	1136.3
90642	1136.6
90959	1136.5
90967	1136.7
91101	1136.9
91268	1137.1
91278	1137.3
92063	1136.8
92411	1136.3
92827	1136.5
93014	1136.1
93434	1135.6
93798	1135.8
93965	1135.8
94263	1136.0
94385	1135.8
94402	1136.0
94616	1136.2
94681	1136.4
95467	1135.9
96078	1135.5
96374	1135.7
96609	1135.2
96913	1135.4
97022	1135.6
97029	1135.6
97233	1135.8
97560	1135.6
97720	1135.8
97735	1136.0
97787	1136.2
97980	1136.0
98598	1135.6
99200	1135.1
99549	1135.0
99796	1135.2
100088	1135.4
100151	1135.4
100165	1135.6
100500	1135.6
100838	1135.8
101109	1135.3
101408	1135.5
101451	1135.4
101495	1135.6
101749	1135.8
101997	1136.0
102281	1135.5
102402	1135.1
103005	1135.3
103135	1135.5
103219	1135.7
103281	1135.9
103967	1135.4
104132	1135.0
104822	1135.2
104918	1134.9
105114	1134.5
105423	1134.7
105869	1134.5
106015	1134.9
106059	1135.1
106271	1134.7
106551	1134.8
106815	1135.0
107008	1134.6
107446	1134.2
107748	1134.4
107955	1134.6
107980	1134.7
107997	1134.3
108478	1133.9
108948	1133.9
109075	1134.1
109245	1134.3
109316	1134.5
109372	1134.7
109429	1134.4
110043	1134.0
110336	1134.1
110586	1133.7
110994	1133.5
111390	1133.7
111468	1133.9
111478	1134.1
111539	1134.2
111662	1133.8
112297	1133.4
112658	1133.6
112750	1133.2
113248	1132.8
113866	1132.4
114199	1132.2
114459	1132.3
114562	1132.5
114817	1132.5
114862	1132.7
114971	1132.8
115023	1133.0
115150	1133.0
115612	1133.2
115768	1133.1
115938	1133.3
116101	1133.2
116580	1133.4
116719	1133.1
117052	1133.1
117668	1133.2
117722	1132.8
118034	1133.0
118046	1133.2
118159	1132.8
118499	1133.0
118514	1133.2
118767	1132.8
119060	1133.0
119097	1133.1
119250	1132.7
119720	1132.9
119756	1132.5
120617	1132.2
120717	1131.8
121155	1132.0
121298	1132.2
121316	1132.3
121419	1132.5
122217	1132.1
122670	1131.8
123168	1131.8
123393	1132.0
124120	1131.6
124303	1131.2
124602	1131.4
124621	1131.6
124711	1131.8
124721	1131.9
124863	1132.1
124931	1132.2
124941	1132.4
125071	1132.1
125254	1132.0
125439	1132.2
125927	1132.9
126022	1132.9
126147	1134.1
126205	1134.1
126577	1134.5
126816	1134.6
126973	1134.3
127156	1134.4
127461	1134.6
127969	1134.7
128262	1134.4
128498	1134.0
128862	1134.2
129187	1134.3
129213	1134.4
129231	1134.5
129355	1134.7
129474	1134.3
129876	1134.5
130164	1134.4
130303	1134.6
130427	1134.8
130990	1134.4
131216	1134.1
131941	1133.9
132118	1134.1
132167	1133.8
132476	1134.0
132498	1134.2
132684	1134.3
133194	1134.0
133390	1133.6
133859	1133.8
134145	1133.6
134305	1133.9
134453	1133.6
135096	1133.6
135347	1133.7
135556	1133.4
135973	1133.5
136186	1133.2
136507	1133.1
136516	1133.2
136689	1133.4
136699	1133.5
136795	1133.7
137137	1133.7
137374	1133.9
137489	1134.0
137519	1133.7
137926	1133.8
138088	1133.7
138470	1133.4
138630	1133.5
138704	1133.9
139039	1133.6
139045	1133.8
139411	1133.9
139515	1133.6
139985	1133.7
139990	1133.6
140186	1133.8
140428	1133.9
140492	1133.6
140941	1133.3
141184	1133.7
141237	1133.9
141327	1134.0
141367	1134.2
141417	1134.3
141443	1134.3
141811	1134.5
141821	1134.6
141851	1134.8
141892	1134.8
142394	1135.7
142405	1136.4
142456	1137.3
142543	1137.5
142843	1137.4
143345	1137.4
143447	1137.6
143556	1137.7
143618	1137.8
143795	1138.0
144078	1137.7
144296	1137.5
144585	1137.7
144632	1137.8
144709	1137.9
145029	1137.8
145247	1137.7
145500	1137.8
145510	1137.9
145586	1138.1
145789	1138.3
145980	1138.1
146005	1138.2
146015	1138.4
146198	1138.2
146492	1138.4
146716	1138.8
146726	1139.0
146931	1139.1
146958	1139.3
147978	1139.0
147988	1138.7
148733	1138.8
148857	1138.9
148929	1138.7
148955	1138.4
149257	1138.5
149604	1138.6
149815	1138.7
149880	1138.6
150108	1138.3
150512	1138.4
150534	1138.6
151143	1138.3
151404	1138.0
151917	1138.1
152044	1138.2
152059	1138.3
152094	1138.2
152323	1138.3
152355	1138.2
152614	1138.3
152729	1138.4
152854	1138.6
153045	1138.9
153343	1139.1
153682	1138.8
154256	1138.5
154633	1138.4
154779	1138.5
154964	1138.6
155041	1138.7
155207	1138.6
155435	1138.7
155565	1138.9
155709	1138.6
156158	1138.6
156418	1138.7
156579	1138.8
156968	1138.6
157109	1138.3
157704	1138.4
157763	1138.5
157773	1138.6
157783	1138.8
157919	1138.8
157927	1138.9
157937	1139.0
158060	1138.9
158213	1139.0
158309	1139.1
158870	1139.2
158920	1140.0
158984	1141.1
158992	1141.9
158999	1142.2
159011	1142.3
159143	1142.5
159525	1143.2
159821	1144.3
159927	1145.5
159962	1145.8
160146	1146.3
160702	1147.1
160706	1147.6
160710	1147.9
160741	1148.2
160772	1148.5
160854	1149.0
160913	1148.8
161134	1149.8
161143	1150.7
161723	1152.3
161857	1153.3
161864	1153.2
162512	1153.3
162661	1153.3
