2020-04-16 20:09:35

CONFIGURATION:
{u'simulation': {u'stdev_factor': 0.01, u'power_mgmt_enabled': False, u'tasks': {u'loc': {u'mean_service_time': {u'gpu': 90, u'cpu_core': 200, u'loc_accel': 10}, u'priority': 1, u'deadline': 1000, u'stdev_service_time': {u'gpu': 0.9, u'cpu_core': 2.0, u'loc_accel': 0.1}, u'power': {u'gpu': 4.457, u'cpu_core': 6.133, u'loc_accel': 0.02197}}, u'detect': {u'mean_service_time': {u'gpu': 0.4607, u'cpu_core': 3.654, u'det_accel': 0.278}, u'priority': 2, u'deadline': 1000, u'stdev_service_time': {u'gpu': 0.004607, u'cpu_core': 0.03654, u'det_accel': 0.0027800000000000004}, u'power': {u'gpu': 90, u'cpu_core': 200, u'det_accel': 10}}, u'Frontier': {u'mean_service_time': {u'cpu_core': 396}, u'priority': 9, u'deadline': 1000, u'stdev_service_time': {u'cpu_core': 3.96}, u'power': {u'cpu_core': 5.98}}, u'track': {u'mean_service_time': {u'gpu': 17, u'tra_accel': 2, u'cpu_core': 1820}, u'priority': 3, u'deadline': 1000, u'stdev_service_time': {u'gpu': 0.17, u'tra_accel': 0.02, u'cpu_core': 18.2}, u'power': {u'gpu': 12.79, u'tra_accel': 0.59, u'cpu_core': 5.6}}, u'sp': {u'mean_service_time': {u'gpu': 379, u'cpu_core': 1004}, u'priority': 11, u'deadline': 1000, u'stdev_service_time': {u'gpu': 3.79, u'cpu_core': 10.040000000000001}, u'power': {u'gpu': 3.302, u'cpu_core': 1004}}, u'mission': {u'mean_service_time': {u'cpu_core': 0.0022}, u'priority': 5, u'deadline': 1000, u'stdev_service_time': {u'cpu_core': 2.2000000000000003e-05}, u'power': {u'cpu_core': 3.534}}, u'motion': {u'mean_service_time': {u'cpu_core': 8}, u'priority': 6, u'deadline': 1000, u'stdev_service_time': {u'cpu_core': 0.08}, u'power': {u'cpu_core': 4.222}}, u'collision': {u'mean_service_time': {u'cpu_core': 8}, u'priority': 7, u'deadline': 1000, u'stdev_service_time': {u'cpu_core': 0.08}, u'power': {u'cpu_core': 0}}, u'fusion': {u'mean_service_time': {u'cpu_core': 1}, u'priority': 4, u'deadline': 1000, u'stdev_service_time': {u'cpu_core': 0.01}, u'power': {u'cpu_core': 0}}, u'map': {u'mean_service_time': {u'gpu': 761, u'cpu_core': 973}, u'priority': 10, u'deadline': 1000, u'stdev_service_time': {u'gpu': 7.61, u'cpu_core': 9.73}, u'power': {u'gpu': 3.533, u'cpu_core': 2.995}}, u'path': {u'mean_service_time': {u'cpu_core': 8}, u'priority': 8, u'deadline': 1000, u'stdev_service_time': {u'cpu_core': 0.08}, u'power': {u'cpu_core': 0}}}, u'sched_policy_module': u'policies.ms2_update2', u'drop': True, u'servers': {u'gpu': {u'count': 2}, u'tra_accel': {u'count': 1}, u'cpu_core': {u'count': 8}, u'loc_accel': {u'count': 1}, u'det_accel': {u'count': 1}}, u'max_tasks_simulated': 10000, u'max_queue_size': 1000000, u'mean_arrival_time': 50, u'arrival_time_scale': 3.1}, u'general': {u'random_seed': 0, u'pre_gen_arrivals': False, u'basename': u'policy:ms2_update2__stdev_factor:0.01', u'output_trace_file': None, u'working_dir': u'/home/hiwot/meta-stomp2/sim_16042020_195305_new_arrival_50_map_rheftmapping_50_trace_20', u'input_trace_file': (False, '../mv_mapping_50_trace_20.trc'), u'logging_level': u'INFO'}}
Time	Response time (avg)
1781	495.0
3371	495.0
4000	495.0
4207	495.8
4222	496.2
4920	496.0
4992	495.9
5149	483.4
5819	473.7
5902	475.8
7609	477.5
7789	479.0
7980	472.6
8380	467.1
9182	469.0
9602	470.6
9832	472.1
11796	467.8
12039	469.3
12627	465.6
13325	467.0
13445	463.8
13631	460.8
13913	462.2
14513	463.6
15216	464.8
15505	465.9
16027	466.9
16653	467.9
17194	468.8
17559	466.5
18145	467.3
18244	465.2
18358	466.1
18616	464.1
19096	464.9
19127	465.7
20191	463.9
20782	473.9
20835	475.8
21034	482.0
21322	489.6
21330	489.8
22544	490.0
22578	490.1
22664	488.0
22915	488.2
22919	488.3
24143	488.4
24250	488.6
24426	486.8
25201	486.9
25550	487.1
25772	487.2
26046	487.4
26127	487.5
26775	487.6
27266	487.8
28205	487.9
28804	488.0
29156	488.1
29478	488.2
29755	488.3
29788	486.9
30110	487.0
31085	487.1
32824	488.0
32987	488.1
34374	488.2
35846	488.3
36367	488.4
36738	488.5
37541	487.2
39396	487.3
40068	486.1
41126	486.2
42171	486.4
42529	485.2
42811	485.3
43471	485.4
44462	485.6
45363	484.5
46880	484.6
47815	483.5
47973	482.5
49316	482.7
50327	482.8
50392	482.9
52125	483.1
52536	483.2
52930	483.5
53031	485.3
53064	485.5
53435	489.4
53487	489.5
53836	489.6
54398	489.7
54811	488.7
55177	488.8
55781	488.8
56326	488.9
56588	488.0
57587	488.0
58587	488.1
58657	488.2
58990	488.2
59238	488.3
60089	488.4
61040	488.4
61380	487.6
61548	487.7
62043	488.2
62381	489.4
62499	489.5
62629	489.5
62942	489.6
62974	488.8
63666	488.8
64489	488.9
64632	488.9
64940	489.0
65653	488.2
65891	488.3
66126	487.5
67342	486.8
68295	486.9
68984	486.9
69491	487.0
69969	487.0
70370	486.3
70595	486.4
71733	486.5
72749	486.5
74992	485.9
75997	485.9
76503	486.0
76514	486.1
76611	486.1
77511	486.2
78462	486.3
79090	486.3
79618	487.7
80269	487.7
80900	487.1
81121	486.5
81221	486.5
81718	486.6
81961	486.0
82584	486.0
83069	486.1
84161	486.2
84190	486.3
84286	486.3
85470	485.8
85653	485.8
85922	485.9
86525	486.1
87020	487.0
87072	487.2
87197	487.6
87215	487.8
87654	488.3
88531	488.3
88596	487.7
88650	487.2
88684	486.6
88775	486.7
88852	486.1
88924	485.6
89383	485.7
91029	485.7
91038	485.2
91462	485.2
91596	485.3
91763	485.4
92906	485.4
93223	484.9
93509	485.0
94460	485.0
94897	485.1
95012	484.6
95176	484.6
95962	484.7
96770	484.2
97408	484.3
98215	484.3
98230	484.4
98282	484.4
98475	484.5
99695	484.6
100192	484.1
100561	483.6
100646	483.7
100995	483.8
101333	483.8
101604	483.9
101891	483.4
102897	483.5
103401	483.0
103531	482.6
104462	482.7
104627	482.7
105413	482.8
105609	482.8
105918	482.9
106455	482.5
106766	482.5
107046	482.6
107310	482.7
107941	482.7
108144	482.3
108450	482.4
108475	482.4
108492	482.5
109811	482.5
110538	482.6
110732	482.2
111081	482.3
111489	482.3
111885	482.4
111973	482.4
112034	482.5
112792	482.6
113153	482.6
115357	482.7
115466	482.7
115645	482.8
116334	482.4
118064	482.0
118430	481.6
118654	481.7
118994	481.8
119262	481.8
119745	481.9
120215	481.9
120251	482.0
121650	482.0
121793	482.1
121811	482.1
122712	482.2
123663	482.2
123789	481.9
125119	482.0
125206	482.5
125216	482.6
125372	482.7
125436	482.7
125617	483.0
125704	484.1
125934	484.2
126517	484.2
126543	483.9
126982	483.9
127212	483.6
127468	483.6
127651	483.7
127956	483.7
128757	483.7
128993	483.8
129583	483.4
129627	483.1
129969	483.2
130371	483.2
130798	483.2
130922	483.3
131485	483.3
132662	483.4
132971	483.4
132993	483.5
133689	483.5
134701	483.2
135743	482.9
136681	482.9
136912	482.6
137184	482.6
138014	482.7
138322	482.4
138583	482.4
139026	482.1
140582	481.8
141862	482.0
141917	482.0
142317	482.1
142810	481.8
142865	481.5
142939	481.2
143338	481.2
144113	481.3
144290	481.3
144573	481.4
144791	481.4
145204	481.5
146005	481.6
146081	481.9
146298	482.0
146500	482.1
146513	482.1
146888	481.8
147008	481.9
147112	481.6
147426	481.7
147644	481.7
148595	481.7
149546	481.8
149653	481.5
150310	481.5
150603	481.6
151007	481.6
151029	481.7
151638	481.7
151899	481.8
152539	481.8
152554	481.8
152589	481.9
152830	482.0
153838	482.0
154177	482.1
154751	482.1
155128	482.1
155459	482.2
155536	482.2
155831	481.9
156060	482.0
156913	482.0
158268	484.1
158435	484.2
158763	485.2
158933	485.6
159415	485.8
159497	485.9
159514	485.9
160513	487.4
160678	488.5
160862	488.5
161014	490.1
161116	489.8
161129	489.5
161144	491.6
161156	493.0
161408	493.0
162407	493.1
162499	493.1
162908	492.8
163057	492.5
