2020-04-16 20:09:35

CONFIGURATION:
{u'simulation': {u'stdev_factor': 0.01, u'power_mgmt_enabled': False, u'tasks': {u'loc': {u'mean_service_time': {u'gpu': 90, u'cpu_core': 200, u'loc_accel': 10}, u'priority': 1, u'deadline': 1000, u'stdev_service_time': {u'gpu': 0.9, u'cpu_core': 2.0, u'loc_accel': 0.1}, u'power': {u'gpu': 4.457, u'cpu_core': 6.133, u'loc_accel': 0.02197}}, u'detect': {u'mean_service_time': {u'gpu': 0.4607, u'cpu_core': 3.654, u'det_accel': 0.278}, u'priority': 2, u'deadline': 1000, u'stdev_service_time': {u'gpu': 0.004607, u'cpu_core': 0.03654, u'det_accel': 0.0027800000000000004}, u'power': {u'gpu': 90, u'cpu_core': 200, u'det_accel': 10}}, u'Frontier': {u'mean_service_time': {u'cpu_core': 396}, u'priority': 9, u'deadline': 1000, u'stdev_service_time': {u'cpu_core': 3.96}, u'power': {u'cpu_core': 5.98}}, u'track': {u'mean_service_time': {u'gpu': 17, u'tra_accel': 2, u'cpu_core': 1820}, u'priority': 3, u'deadline': 1000, u'stdev_service_time': {u'gpu': 0.17, u'tra_accel': 0.02, u'cpu_core': 18.2}, u'power': {u'gpu': 12.79, u'tra_accel': 0.59, u'cpu_core': 5.6}}, u'sp': {u'mean_service_time': {u'gpu': 379, u'cpu_core': 1004}, u'priority': 11, u'deadline': 1000, u'stdev_service_time': {u'gpu': 3.79, u'cpu_core': 10.040000000000001}, u'power': {u'gpu': 3.302, u'cpu_core': 1004}}, u'mission': {u'mean_service_time': {u'cpu_core': 0.0022}, u'priority': 5, u'deadline': 1000, u'stdev_service_time': {u'cpu_core': 2.2000000000000003e-05}, u'power': {u'cpu_core': 3.534}}, u'motion': {u'mean_service_time': {u'cpu_core': 8}, u'priority': 6, u'deadline': 1000, u'stdev_service_time': {u'cpu_core': 0.08}, u'power': {u'cpu_core': 4.222}}, u'collision': {u'mean_service_time': {u'cpu_core': 8}, u'priority': 7, u'deadline': 1000, u'stdev_service_time': {u'cpu_core': 0.08}, u'power': {u'cpu_core': 0}}, u'fusion': {u'mean_service_time': {u'cpu_core': 1}, u'priority': 4, u'deadline': 1000, u'stdev_service_time': {u'cpu_core': 0.01}, u'power': {u'cpu_core': 0}}, u'map': {u'mean_service_time': {u'gpu': 761, u'cpu_core': 973}, u'priority': 10, u'deadline': 1000, u'stdev_service_time': {u'gpu': 7.61, u'cpu_core': 9.73}, u'power': {u'gpu': 3.533, u'cpu_core': 2.995}}, u'path': {u'mean_service_time': {u'cpu_core': 8}, u'priority': 8, u'deadline': 1000, u'stdev_service_time': {u'cpu_core': 0.08}, u'power': {u'cpu_core': 0}}}, u'sched_policy_module': u'policies.ms2_update2', u'drop': True, u'servers': {u'gpu': {u'count': 2}, u'tra_accel': {u'count': 1}, u'cpu_core': {u'count': 8}, u'loc_accel': {u'count': 1}, u'det_accel': {u'count': 1}}, u'max_tasks_simulated': 10000, u'max_queue_size': 1000000, u'mean_arrival_time': 50, u'arrival_time_scale': 3.1}, u'general': {u'random_seed': 0, u'pre_gen_arrivals': False, u'basename': u'policy:ms2_update2__stdev_factor:0.01', u'output_trace_file': None, u'working_dir': u'/home/hiwot/meta-stomp2/sim_16042020_195305_new_arrival_50_map_rheftmapping_50_trace_20', u'input_trace_file': (False, '../mv_mapping_50_trace_20.trc'), u'logging_level': u'INFO'}}
Time	Response time (avg)
961	951.0
1286	951.0
1619	1039.3
1629	1083.5
1691	1110.0
1925	1083.5
1939	1102.4
2554	1083.5
2876	1077.3
3315	1091.2
3505	1097.3
3709	1107.2
3724	1115.5
3827	1105.1
4236	1112.5
4425	1118.9
4456	1110.8
4487	1116.7
4497	1121.9
4753	1126.6
4963	1118.2
5243	1122.7
5407	1118.8
5423	1129.9
5914	1130.1
7114	1123.2
7294	1116.8
7584	1120.4
7984	1123.7
8002	1126.7
8156	1121.1
8245	1118.1
8662	1121.0
8687	1123.8
8759	1126.5
9107	1126.1
9337	1121.3
9670	1123.8
9726	1126.2
9949	1128.4
10101	1130.6
10462	1126.3
10623	1122.2
11400	1124.3
11544	1120.5
11879	1116.8
12231	1118.9
12610	1115.4
12830	1115.0
13049	1117.0
13235	1118.9
13368	1120.8
13418	1122.6
13582	1124.3
13770	1121.2
14018	1118.1
14676	1119.8
14721	1119.9
14726	1121.5
15010	1118.7
15532	1120.2
15656	1121.8
15692	1119.1
15961	1117.5
16158	1120.0
16416	1121.4
16699	1118.9
16912	1119.3
17023	1120.7
17163	1122.1
17650	1120.6
17848	1122.3
17863	1120.2
18220	1121.5
18334	1122.8
18440	1124.0
18527	1125.2
18601	1123.1
18632	1124.3
18814	1122.8
19552	1122.3
19795	1123.4
19926	1121.4
20287	1122.5
20303	1123.6
20322	1124.7
20522	1122.7
20539	1123.7
20830	1124.8
20849	1125.8
20877	1124.5
21137	1125.5
21407	1126.6
21473	1129.0
21519	1132.1
21828	1130.7
22049	1140.5
22083	1146.5
22268	1151.4
22420	1152.1
22424	1151.1
22779	1150.7
22901	1151.4
22960	1152.0
23375	1150.2
23648	1150.8
23755	1148.9
23760	1149.6
24030	1150.2
24094	1150.8
24218	1151.4
24326	1151.2
24355	1151.8
24706	1150.9
25027	1151.5
25055	1152.1
25277	1150.9
25477	1151.8
25551	1152.3
25632	1152.8
25782	1151.2
26280	1151.7
26297	1150.1
26771	1148.5
27710	1146.9
28309	1145.3
28661	1144.4
28983	1144.9
29260	1144.9
29392	1145.4
29615	1145.9
30590	1144.5
30984	1143.0
31541	1141.7
31935	1141.7
32278	1142.3
32315	1142.8
32362	1143.3
32374	1143.9
32384	1144.4
32492	1144.4
32523	1144.9
32815	1145.4
32886	1144.2
33332	1144.7
33449	1143.3
33494	1144.0
33879	1142.7
34383	1143.2
34400	1142.6
34715	1143.1
34921	1141.8
35267	1142.3
35351	1141.3
35667	1141.8
35871	1142.2
35872	1141.7
36228	1142.2
36243	1142.6
36321	1143.1
36322	1141.9
36739	1142.3
36823	1142.0
37145	1142.4
37950	1141.3
38015	1140.1
38732	1140.6
38751	1141.0
38901	1140.9
39329	1139.8
39672	1140.2
40538	1139.1
40631	1138.0
41433	1138.5
41676	1137.4
41800	1136.4
42133	1136.8
42316	1137.2
42627	1136.7
42751	1135.8
42976	1136.9
43967	1135.9
44153	1134.9
44446	1135.3
44967	1135.8
44971	1134.8
45136	1133.8
45856	1134.2
46385	1133.3
46816	1132.3
47336	1132.3
47419	1132.9
47577	1133.3
47870	1132.4
48228	1132.8
48327	1133.2
48564	1132.3
48821	1131.9
49148	1132.3
49832	1131.4
49897	1130.5
50364	1131.0
51435	1130.1
51630	1129.2
51945	1129.6
52038	1130.0
52386	1129.6
52419	1130.0
52562	1130.9
52581	1130.2
52983	1130.6
53101	1131.0
53151	1131.4
53164	1131.8
53341	1132.7
53794	1131.8
53903	1131.0
54415	1131.4
54682	1131.8
54745	1131.7
54854	1131.5
55144	1131.9
55286	1132.3
55831	1131.5
55908	1130.6
56192	1131.0
56202	1131.4
57092	1130.6
57201	1129.8
58043	1129.9
58061	1130.3
58092	1130.6
58162	1129.9
58495	1130.2
58743	1130.6
59151	1129.8
59594	1129.1
60102	1128.7
60545	1128.3
60984	1128.7
61053	1128.7
61362	1129.1
61496	1128.8
61753	1129.2
61886	1129.5
61930	1129.9
61970	1130.2
62004	1130.1
62134	1130.5
62447	1130.2
62578	1131.2
62614	1131.8
62985	1132.8
63171	1132.1
63460	1131.4
63994	1131.7
64094	1132.1
64122	1131.6
64137	1131.9
64394	1132.3
64404	1132.6
64428	1132.9
64445	1132.2
65073	1131.9
65257	1132.2
65396	1131.8
65730	1132.1
66566	1131.4
66662	1130.7
66946	1131.1
67518	1130.4
67800	1129.7
68139	1130.0
68469	1129.8
68489	1130.1
68996	1129.5
69271	1129.8
69474	1129.2
69974	1129.5
70100	1128.8
71120	1128.2
71238	1127.6
72143	1127.0
72254	1126.3
72956	1126.6
73056	1127.0
73094	1126.8
73205	1126.8
73356	1127.1
73859	1127.4
73911	1127.7
74045	1127.8
74156	1127.9
74596	1128.2
75057	1127.6
75165	1127.0
75502	1127.3
75973	1127.6
76008	1127.3
76019	1127.6
76116	1127.3
76906	1127.6
77016	1127.0
77872	1126.4
77967	1126.0
78595	1126.3
78823	1126.0
78938	1125.4
79280	1125.7
79290	1126.0
79377	1126.3
79460	1126.6
79470	1126.9
79774	1126.8
79826	1127.1
79891	1127.5
80057	1126.9
80504	1127.5
80725	1127.8
80725	1127.8
80759	1128.0
81223	1127.5
81565	1127.8
81618	1128.0
81676	1127.8
82089	1128.1
82574	1127.6
83256	1127.0
83525	1126.8
83661	1127.1
83692	1127.5
83788	1127.7
83850	1128.0
83860	1128.2
84107	1128.5
84117	1128.8
84207	1128.5
84476	1128.3
84619	1128.6
85074	1129.3
85158	1129.2
85427	1128.8
86011	1129.1
86145	1128.6
86378	1128.1
86559	1128.3
86640	1129.0
86699	1129.3
86720	1129.5
86804	1129.8
86984	1130.0
87096	1129.9
87141	1130.3
87329	1130.2
87859	1130.6
88036	1131.2
88047	1131.3
88200	1132.2
88254	1133.3
88280	1133.0
88288	1134.0
88456	1135.3
88528	1135.5
88888	1136.3
88998	1136.7
89363	1136.2
90008	1135.7
90314	1135.3
90344	1135.5
90534	1135.8
90642	1136.0
90959	1135.8
90967	1136.1
91101	1136.3
91268	1136.6
91278	1136.8
92063	1136.3
92411	1135.8
92827	1136.0
93014	1135.5
93434	1135.0
93798	1135.3
93965	1135.3
94263	1135.5
94385	1135.3
94402	1135.5
94616	1135.7
94681	1135.9
95467	1135.4
96078	1134.9
96374	1135.1
96609	1134.7
96913	1134.9
97022	1135.1
97029	1135.1
97233	1135.3
97560	1135.1
97720	1135.3
97735	1135.5
97787	1135.7
97980	1135.5
98598	1135.0
99200	1134.6
99549	1134.5
99796	1134.7
100088	1134.9
100151	1134.9
100165	1135.1
100500	1135.1
100838	1135.3
101109	1134.8
101408	1135.0
101451	1134.9
101495	1135.1
101749	1135.3
101997	1135.5
102281	1135.1
102402	1134.6
103005	1134.8
103135	1135.0
103219	1135.2
103281	1135.4
103967	1135.0
104132	1134.5
104822	1134.7
104918	1134.4
105114	1134.0
105423	1134.2
105869	1134.1
106015	1134.4
106059	1134.6
106271	1134.2
106551	1134.4
106815	1134.6
107008	1134.1
107446	1133.7
107748	1133.9
107955	1134.1
107980	1134.3
107997	1133.9
108478	1133.5
108948	1133.5
109075	1133.7
109245	1133.9
109316	1134.0
109372	1134.2
109429	1133.9
110043	1133.5
110336	1133.7
110586	1133.3
110994	1133.1
111390	1133.2
111468	1133.4
111478	1133.6
111539	1133.8
111662	1133.4
112297	1133.0
112658	1133.2
112750	1132.8
113248	1132.4
113866	1132.0
114199	1131.7
114459	1131.9
114562	1132.1
114817	1131.9
114862	1132.1
114971	1132.4
115023	1132.6
115150	1132.6
115612	1132.8
115768	1132.6
115938	1132.8
116101	1132.8
116580	1132.9
116719	1132.7
117052	1132.6
117668	1132.8
117722	1132.4
118034	1132.6
118046	1132.8
118159	1132.4
118499	1132.6
118514	1132.7
118767	1132.4
119060	1132.5
119097	1132.7
119250	1132.3
119720	1132.5
119756	1132.1
120617	1131.8
120717	1131.4
121155	1131.6
121298	1131.7
121316	1131.9
121419	1132.1
122217	1131.7
122670	1131.3
123168	1131.4
123393	1131.6
124120	1131.2
124303	1130.8
124602	1131.0
124621	1131.2
124711	1131.3
124721	1131.5
124863	1131.7
124931	1131.8
124941	1132.0
125071	1131.7
125254	1131.5
125439	1131.8
125835	1132.3
126022	1132.3
126147	1133.5
126205	1133.6
126487	1133.7
126816	1133.9
126973	1133.5
127156	1133.7
127461	1133.8
127969	1134.0
128262	1133.6
128498	1133.3
128862	1133.4
129187	1133.6
129213	1133.6
129231	1133.8
129355	1133.9
129474	1133.6
129876	1133.7
130164	1133.6
130303	1133.9
130427	1134.0
130990	1133.7
131216	1133.3
131941	1133.2
132118	1133.3
132167	1133.1
132476	1133.3
132498	1133.4
132684	1133.6
133194	1133.3
133390	1132.9
133859	1133.1
134145	1132.9
134305	1133.2
134453	1132.9
135096	1132.6
135347	1133.0
135556	1132.7
135973	1132.8
136186	1132.5
136507	1132.4
136516	1132.5
136689	1132.7
136699	1132.8
136795	1133.0
137137	1133.0
137374	1133.2
137489	1133.3
137519	1133.0
137926	1133.1
138088	1133.0
138470	1132.7
138630	1132.9
138704	1133.2
139039	1132.9
139045	1133.1
139411	1133.2
139515	1132.9
139985	1133.1
139990	1132.9
140186	1133.1
140428	1133.2
140492	1132.9
140941	1132.6
141184	1133.1
141237	1133.2
141327	1133.4
141367	1133.5
141417	1133.6
141443	1133.7
141811	1133.8
141821	1134.0
141851	1134.1
141892	1133.9
142394	1134.8
142414	1135.8
142469	1136.7
142543	1136.9
142843	1136.8
143345	1136.8
143447	1137.0
143556	1137.1
143618	1137.2
143795	1137.4
144078	1137.0
144296	1136.9
144585	1137.1
144632	1137.2
144709	1137.3
145029	1137.2
145247	1136.9
145500	1137.2
145510	1137.3
145586	1137.5
145789	1137.7
145980	1137.5
146005	1137.6
146015	1137.8
146198	1137.6
146492	1137.8
146513	1137.9
146716	1138.1
146931	1138.2
147149	1138.7
147978	1138.4
148100	1138.2
148733	1138.4
148857	1138.5
148929	1138.2
149051	1138.1
149257	1138.2
149604	1138.3
149815	1138.4
149880	1138.3
150108	1138.0
150512	1138.2
150534	1138.3
151143	1138.0
151404	1137.7
151917	1137.8
152044	1137.9
152059	1138.1
152094	1137.9
152323	1138.1
152355	1137.9
152614	1138.0
152729	1138.1
152854	1138.3
153045	1138.7
153343	1138.8
153682	1138.5
154256	1138.2
154633	1138.1
154779	1138.2
154964	1138.3
155041	1138.5
155207	1138.2
155435	1138.5
155565	1138.6
155709	1138.3
156158	1138.3
156418	1138.5
156579	1138.6
156968	1138.3
157109	1138.0
157704	1138.1
157763	1138.3
157773	1138.4
157783	1138.5
157919	1138.5
157927	1138.6
157937	1138.7
158060	1138.6
158213	1138.8
158309	1138.9
158870	1139.6
158920	1139.8
158999	1140.9
159011	1141.7
159011	1141.7
159148	1141.8
159445	1142.3
159532	1143.4
159821	1144.7
159962	1145.1
160011	1146.4
160167	1147.0
160364	1147.2
160631	1147.4
160661	1147.5
160720	1148.0
160733	1148.3
160767	1148.8
160772	1149.1
160913	1148.9
161723	1149.7
161864	1149.6
161912	1151.7
162004	1153.7
162512	1153.8
162661	1153.9
