2020-04-16 20:09:03

CONFIGURATION:
{u'simulation': {u'stdev_factor': 0.01, u'power_mgmt_enabled': False, u'tasks': {u'loc': {u'mean_service_time': {u'gpu': 90, u'cpu_core': 200, u'loc_accel': 10}, u'priority': 1, u'deadline': 1000, u'stdev_service_time': {u'gpu': 0.9, u'cpu_core': 2.0, u'loc_accel': 0.1}, u'power': {u'gpu': 4.457, u'cpu_core': 6.133, u'loc_accel': 0.02197}}, u'detect': {u'mean_service_time': {u'gpu': 0.4607, u'cpu_core': 3.654, u'det_accel': 0.278}, u'priority': 2, u'deadline': 1000, u'stdev_service_time': {u'gpu': 0.004607, u'cpu_core': 0.03654, u'det_accel': 0.0027800000000000004}, u'power': {u'gpu': 90, u'cpu_core': 200, u'det_accel': 10}}, u'Frontier': {u'mean_service_time': {u'cpu_core': 396}, u'priority': 9, u'deadline': 1000, u'stdev_service_time': {u'cpu_core': 3.96}, u'power': {u'cpu_core': 5.98}}, u'track': {u'mean_service_time': {u'gpu': 17, u'tra_accel': 2, u'cpu_core': 1820}, u'priority': 3, u'deadline': 1000, u'stdev_service_time': {u'gpu': 0.17, u'tra_accel': 0.02, u'cpu_core': 18.2}, u'power': {u'gpu': 12.79, u'tra_accel': 0.59, u'cpu_core': 5.6}}, u'sp': {u'mean_service_time': {u'gpu': 379, u'cpu_core': 1004}, u'priority': 11, u'deadline': 1000, u'stdev_service_time': {u'gpu': 3.79, u'cpu_core': 10.040000000000001}, u'power': {u'gpu': 3.302, u'cpu_core': 1004}}, u'mission': {u'mean_service_time': {u'cpu_core': 0.0022}, u'priority': 5, u'deadline': 1000, u'stdev_service_time': {u'cpu_core': 2.2000000000000003e-05}, u'power': {u'cpu_core': 3.534}}, u'motion': {u'mean_service_time': {u'cpu_core': 8}, u'priority': 6, u'deadline': 1000, u'stdev_service_time': {u'cpu_core': 0.08}, u'power': {u'cpu_core': 4.222}}, u'collision': {u'mean_service_time': {u'cpu_core': 8}, u'priority': 7, u'deadline': 1000, u'stdev_service_time': {u'cpu_core': 0.08}, u'power': {u'cpu_core': 0}}, u'fusion': {u'mean_service_time': {u'cpu_core': 1}, u'priority': 4, u'deadline': 1000, u'stdev_service_time': {u'cpu_core': 0.01}, u'power': {u'cpu_core': 0}}, u'map': {u'mean_service_time': {u'gpu': 761, u'cpu_core': 973}, u'priority': 10, u'deadline': 1000, u'stdev_service_time': {u'gpu': 7.61, u'cpu_core': 9.73}, u'power': {u'gpu': 3.533, u'cpu_core': 2.995}}, u'path': {u'mean_service_time': {u'cpu_core': 8}, u'priority': 8, u'deadline': 1000, u'stdev_service_time': {u'cpu_core': 0.08}, u'power': {u'cpu_core': 0}}}, u'sched_policy_module': u'policies.ms1_update2', u'drop': True, u'servers': {u'gpu': {u'count': 2}, u'tra_accel': {u'count': 1}, u'cpu_core': {u'count': 8}, u'loc_accel': {u'count': 1}, u'det_accel': {u'count': 1}}, u'max_tasks_simulated': 10000, u'max_queue_size': 1000000, u'mean_arrival_time': 50, u'arrival_time_scale': 3.1}, u'general': {u'random_seed': 0, u'pre_gen_arrivals': False, u'basename': u'policy:ms1_update2__stdev_factor:0.01', u'output_trace_file': None, u'working_dir': u'/home/hiwot/meta-stomp2/sim_16042020_195305_new_arrival_50_map_rheftmapping_50_trace_20', u'input_trace_file': (False, '../mv_mapping_50_trace_20.trc'), u'logging_level': u'INFO'}}
Time	Response time (avg)
1781	495.0
3371	495.0
4000	495.0
4207	495.8
4222	496.2
4920	496.0
4992	495.9
5149	483.4
5819	473.7
5902	475.8
7609	477.5
7789	479.0
7980	472.6
8380	467.1
9182	469.0
9602	470.6
9832	472.1
11796	467.8
12039	469.3
12627	465.6
13325	467.0
13445	463.8
13631	460.8
13913	462.2
14513	463.6
15216	464.8
15505	465.9
16027	466.9
16456	467.9
17194	468.8
17559	466.5
18145	467.3
18244	465.2
18358	466.1
18616	464.1
19096	464.9
19127	465.7
20191	463.9
20686	471.5
20798	472.5
20817	473.5
21034	474.4
21344	475.3
21968	475.8
22432	474.0
22512	474.5
22816	472.8
22919	473.2
24044	471.7
24250	472.1
24426	470.6
25201	471.1
25550	471.6
25772	472.0
26046	472.4
26127	472.8
26775	473.2
27266	473.6
28205	473.9
28804	474.3
29156	474.6
29478	475.0
29755	475.3
29788	474.0
30110	474.4
31085	474.7
32810	475.5
32987	475.8
34374	476.1
35846	476.4
36367	476.6
36738	476.9
37541	475.8
39396	476.0
40068	475.0
41126	475.2
42171	475.5
42529	474.5
42811	474.7
43246	475.0
44462	475.2
45363	474.3
46880	474.5
47815	473.6
47973	472.7
49316	472.9
50327	473.2
50392	473.4
52125	473.7
52620	474.9
52921	475.5
53060	477.3
53115	478.2
53416	481.9
53494	482.3
53650	481.4
54398	481.5
54811	480.6
55177	480.8
55781	480.9
56326	481.0
56588	480.2
57587	480.4
58587	480.5
58657	480.6
58990	480.8
59238	480.9
60089	481.0
61040	481.2
61380	480.4
61548	480.5
62043	481.1
62255	481.3
62499	481.4
62629	481.5
62942	481.7
63109	481.8
63832	481.0
64401	481.2
64632	481.3
64940	481.4
65752	481.5
65891	481.6
66126	480.9
67441	481.0
68295	481.1
68984	481.3
69491	481.4
69969	481.5
70370	480.8
70595	480.9
71733	481.0
72749	481.1
74992	480.5
75997	480.6
76503	480.7
76514	480.8
76611	480.9
77511	481.0
78462	481.1
79090	481.2
79588	482.4
80269	482.5
80895	481.9
81121	481.3
81221	481.4
81718	481.5
81961	480.9
82584	481.0
83069	481.1
84156	482.1
84187	482.4
84345	482.9
85499	482.9
85653	483.0
85922	483.1
86513	483.2
87011	484.2
87057	484.3
87194	484.7
87215	484.9
87641	485.3
88515	485.3
88542	485.4
88596	484.8
88623	484.3
88676	483.8
88953	484.9
89025	485.0
89352	485.0
90809	485.1
91038	484.6
91454	484.6
91462	484.7
91763	484.7
92906	484.8
93223	484.3
93509	484.4
94460	484.4
94897	484.5
95111	484.5
95176	484.6
95962	484.7
96770	484.2
97408	484.2
98055	484.3
98230	484.3
98282	484.4
98475	484.5
99695	484.5
100192	484.1
100561	483.6
100646	483.7
100995	483.7
101333	483.8
101604	483.8
101891	483.4
102897	483.4
103401	483.0
103531	482.6
104462	482.6
104627	482.7
105413	482.7
105609	482.8
105918	482.9
106455	482.4
106766	482.5
107046	482.6
107310	482.6
107941	482.7
108144	482.3
108450	482.3
108475	482.4
108492	482.5
109811	482.5
110538	482.6
110732	482.2
111081	482.2
111489	482.3
111885	482.3
111973	482.4
112034	482.5
112792	482.5
113153	482.6
115258	482.2
115312	482.2
115645	482.3
116263	482.4
118064	482.0
118430	481.6
118654	481.7
118994	481.7
119262	481.8
119745	481.8
120215	481.9
120251	481.9
121650	482.0
121793	482.1
121811	482.1
122712	482.2
123663	482.2
123789	481.9
125102	481.9
125119	482.0
125216	482.1
125361	482.2
125436	482.3
125597	482.4
125614	483.2
125749	483.2
126422	483.3
126517	483.3
127072	483.4
127212	483.0
127468	483.1
127651	483.1
127857	482.8
128757	482.8
128993	482.9
129583	482.6
129627	482.2
129969	482.3
130371	482.3
130659	482.4
130922	482.4
131485	482.5
132662	482.5
132971	482.6
132993	482.6
133689	482.6
134701	482.3
135591	482.4
136681	482.4
136912	482.1
137085	481.8
138014	481.8
138322	481.5
138583	481.6
139199	481.6
140485	481.7
141862	481.9
141915	481.9
142316	482.0
142387	482.0
142951	482.1
143038	482.1
143338	482.1
144113	482.2
144290	482.2
144573	482.3
144791	482.3
145105	482.0
145742	482.1
146081	482.4
146289	482.4
146500	482.6
146515	482.6
146888	482.3
147112	482.0
147221	482.1
147354	481.8
147426	481.8
148483	481.9
149450	481.9
149752	482.0
150310	482.0
150603	482.1
151007	482.1
151029	482.1
151638	482.2
151899	482.2
152539	482.3
152554	482.3
152589	482.3
152821	482.4
153838	482.4
154177	482.5
154751	482.5
155128	482.6
155459	482.6
155536	482.6
155702	482.7
156060	482.7
156913	482.7
158199	484.6
158432	484.7
158694	485.5
158927	485.9
159425	486.1
159492	486.2
159497	486.2
159920	487.5
159931	488.4
160415	488.4
160695	489.1
160854	489.6
160910	489.8
161208	489.8
161239	489.9
161412	489.9
161525	489.6
162406	489.6
162908	489.4
163156	489.4
