2020-04-16 20:09:59

CONFIGURATION:
{u'simulation': {u'stdev_factor': 0.01, u'power_mgmt_enabled': False, u'tasks': {u'loc': {u'mean_service_time': {u'gpu': 90, u'cpu_core': 200, u'loc_accel': 10}, u'priority': 1, u'deadline': 1000, u'stdev_service_time': {u'gpu': 0.9, u'cpu_core': 2.0, u'loc_accel': 0.1}, u'power': {u'gpu': 4.457, u'cpu_core': 6.133, u'loc_accel': 0.02197}}, u'detect': {u'mean_service_time': {u'gpu': 0.4607, u'cpu_core': 3.654, u'det_accel': 0.278}, u'priority': 2, u'deadline': 1000, u'stdev_service_time': {u'gpu': 0.004607, u'cpu_core': 0.03654, u'det_accel': 0.0027800000000000004}, u'power': {u'gpu': 90, u'cpu_core': 200, u'det_accel': 10}}, u'Frontier': {u'mean_service_time': {u'cpu_core': 396}, u'priority': 9, u'deadline': 1000, u'stdev_service_time': {u'cpu_core': 3.96}, u'power': {u'cpu_core': 5.98}}, u'track': {u'mean_service_time': {u'gpu': 17, u'tra_accel': 2, u'cpu_core': 1820}, u'priority': 3, u'deadline': 1000, u'stdev_service_time': {u'gpu': 0.17, u'tra_accel': 0.02, u'cpu_core': 18.2}, u'power': {u'gpu': 12.79, u'tra_accel': 0.59, u'cpu_core': 5.6}}, u'sp': {u'mean_service_time': {u'gpu': 379, u'cpu_core': 1004}, u'priority': 11, u'deadline': 1000, u'stdev_service_time': {u'gpu': 3.79, u'cpu_core': 10.040000000000001}, u'power': {u'gpu': 3.302, u'cpu_core': 1004}}, u'mission': {u'mean_service_time': {u'cpu_core': 0.0022}, u'priority': 5, u'deadline': 1000, u'stdev_service_time': {u'cpu_core': 2.2000000000000003e-05}, u'power': {u'cpu_core': 3.534}}, u'motion': {u'mean_service_time': {u'cpu_core': 8}, u'priority': 6, u'deadline': 1000, u'stdev_service_time': {u'cpu_core': 0.08}, u'power': {u'cpu_core': 4.222}}, u'collision': {u'mean_service_time': {u'cpu_core': 8}, u'priority': 7, u'deadline': 1000, u'stdev_service_time': {u'cpu_core': 0.08}, u'power': {u'cpu_core': 0}}, u'fusion': {u'mean_service_time': {u'cpu_core': 1}, u'priority': 4, u'deadline': 1000, u'stdev_service_time': {u'cpu_core': 0.01}, u'power': {u'cpu_core': 0}}, u'map': {u'mean_service_time': {u'gpu': 761, u'cpu_core': 973}, u'priority': 10, u'deadline': 1000, u'stdev_service_time': {u'gpu': 7.61, u'cpu_core': 9.73}, u'power': {u'gpu': 3.533, u'cpu_core': 2.995}}, u'path': {u'mean_service_time': {u'cpu_core': 8}, u'priority': 8, u'deadline': 1000, u'stdev_service_time': {u'cpu_core': 0.08}, u'power': {u'cpu_core': 0}}}, u'sched_policy_module': u'policies.ms3_update2', u'drop': True, u'servers': {u'gpu': {u'count': 2}, u'tra_accel': {u'count': 1}, u'cpu_core': {u'count': 8}, u'loc_accel': {u'count': 1}, u'det_accel': {u'count': 1}}, u'max_tasks_simulated': 10000, u'max_queue_size': 1000000, u'mean_arrival_time': 50, u'arrival_time_scale': 3.1}, u'general': {u'random_seed': 0, u'pre_gen_arrivals': False, u'basename': u'policy:ms3_update2__stdev_factor:0.01', u'output_trace_file': None, u'working_dir': u'/home/hiwot/meta-stomp2/sim_16042020_195305_new_arrival_50_map_rheftmapping_50_trace_20', u'input_trace_file': (False, '../mv_mapping_50_trace_20.trc'), u'logging_level': u'INFO'}}
Time	Response time (avg)
738	3.0
748	3.0
772	3.0
831	3.0
966	3.4
1191	3.3
1222	3.3
1479	3.2
1622	3.2
1634	3.4
1696	3.5
1770	3.5
1788	3.8
1930	3.9
1944	3.9
2052	3.9
2559	3.9
3318	3.9
3378	4.1
3398	4.0
3712	5.2
4005	13.0
4008	23.9
4018	23.7
4229	23.6
4232	23.2
4239	23.0
4244	22.4
4461	21.8
4492	21.3
4895	20.7
4925	20.2
4968	19.7
4999	19.4
5069	18.9
5115	18.4
5156	18.1
5246	17.7
5562	17.4
5701	17.0
5824	16.7
5907	16.4
5919	16.2
6129	15.9
6439	15.6
7093	15.3
7127	15.0
7614	14.8
7796	14.7
7828	14.4
7985	14.3
8007	14.1
8122	13.9
8161	13.7
8250	13.5
8387	13.4
8503	13.2
8667	13.1
8764	13.0
9187	12.8
9607	12.7
9673	12.5
9731	12.4
9839	12.3
9954	12.2
10106	12.1
10467	12.0
10628	11.9
11306	11.8
11427	11.7
11501	11.5
11801	11.4
11884	11.4
12032	11.2
12044	11.2
12109	11.1
12540	10.9
12615	10.9
12632	10.8
12958	10.7
13098	10.6
13330	10.5
13373	10.5
13450	10.4
13587	10.3
13636	10.3
13693	10.2
13775	10.1
13918	10.1
14077	10.0
14518	9.9
14679	9.9
14731	9.8
14874	9.7
15221	9.7
15333	9.6
15512	9.6
15661	9.6
15697	9.5
16032	9.5
16163	9.4
16226	9.4
16421	9.3
16463	9.3
16917	9.2
17026	9.2
17177	9.1
17199	9.1
17324	9.0
17469	9.0
17497	8.9
17564	8.9
17652	8.8
17662	8.8
17735	8.7
18150	8.7
18249	8.7
18339	8.6
18343	8.6
18365	8.6
18445	8.6
18532	8.5
18623	8.5
18819	8.5
19101	8.5
19132	8.4
19557	8.4
19772	8.4
19849	8.3
20689	9.3
20696	9.3
20801	9.9
21041	16.3
21046	21.5
21051	25.2
21054	28.6
21057	31.9
21060	33.9
21067	35.6
21074	37.1
21079	38.5
21084	39.7
21091	39.8
21142	39.6
21349	39.3
21506	39.1
21923	39.5
21928	39.3
21975	39.0
22051	38.8
22439	38.6
22517	38.4
22784	38.2
22821	38.0
22904	37.7
22926	37.5
22965	37.3
23380	37.1
23566	36.9
23762	36.7
24049	36.5
24099	36.3
24223	36.1
24257	35.9
24331	35.7
24360	35.6
24433	35.4
24462	35.2
25030	35.0
25206	34.8
25480	34.6
25555	34.5
25779	34.3
25787	34.1
26051	34.0
26132	33.8
26302	33.6
26780	33.5
27273	33.3
28117	33.2
28210	33.0
28809	32.9
29163	32.7
29483	32.6
29580	32.4
29590	32.3
29711	32.1
29760	32.0
29795	31.8
29940	31.7
30115	31.5
30989	31.4
31090	31.3
31484	31.1
31546	31.0
31592	30.8
31853	30.7
31940	30.6
32367	30.7
32370	30.8
32378	30.8
32382	30.6
32389	30.5
32528	30.4
32550	30.3
32815	30.1
32820	30.0
32891	29.9
32994	29.8
33291	29.7
33337	29.5
33454	29.4
33497	29.3
33796	29.2
33821	29.1
34379	28.9
34380	28.8
34386	28.7
34405	28.6
34718	28.5
34926	28.4
34999	28.3
35270	28.1
35446	28.0
35670	27.9
35853	27.8
35876	27.7
36231	27.6
36326	27.5
36327	27.4
36372	27.3
36743	27.2
36744	27.1
36828	27.0
37402	26.9
37546	26.8
37634	26.7
37873	26.6
37955	26.6
38020	26.5
38735	26.4
38756	26.3
39334	26.2
39401	26.1
40015	26.0
40073	25.9
40316	25.8
40356	25.7
40474	25.6
40543	25.6
41131	25.5
41436	25.4
41805	25.3
42176	25.2
42476	25.1
42534	25.1
42576	25.0
42632	24.9
42727	24.8
42816	24.7
42981	24.7
43099	24.6
43253	24.5
43341	24.4
44158	24.4
44449	24.3
44469	24.2
44976	24.1
45141	24.1
45341	24.0
45368	23.9
45734	23.8
45796	23.8
45859	23.7
46640	23.6
46821	23.6
46885	23.5
47157	23.4
47341	23.3
47820	23.3
47875	23.2
47978	23.2
48233	23.1
48332	23.0
48569	23.0
49151	22.9
49323	22.8
49461	22.8
50136	22.7
50332	22.6
50369	22.6
50399	22.5
50524	22.5
51440	22.4
51948	22.3
52426	23.3
52986	23.3
52993	23.5
53070	23.5
53073	26.2
53083	27.7
53106	27.6
53122	27.5
53156	27.5
53167	27.4
53292	27.3
53421	27.2
53501	27.2
53522	27.1
53655	27.0
53799	27.0
54018	26.9
54228	26.8
54403	26.7
54750	26.7
54816	26.6
54859	26.5
55147	26.4
55168	26.4
55182	26.3
55341	26.2
55786	26.2
55913	26.1
55955	26.0
56205	26.0
56331	25.9
56575	25.8
56593	25.8
57206	25.7
57561	25.6
57592	25.6
57803	25.5
58048	25.4
58064	25.4
58423	25.3
58500	25.2
58592	25.2
58664	25.1
58997	25.1
59156	25.0
59243	25.0
59356	24.9
59564	24.8
59678	24.8
59867	24.7
60094	24.6
60107	24.6
60810	24.5
61045	24.5
61385	24.5
61392	24.4
61760	25.0
61892	25.7
61897	25.7
61913	25.6
61923	25.6
61935	25.5
61975	25.4
62048	25.4
62260	25.3
62504	25.3
62581	25.2
62583	25.1
62636	25.1
62891	25.0
62947	25.0
62960	24.9
63114	24.9
63342	24.8
63465	24.8
63837	24.7
64097	24.7
64326	24.6
64397	24.5
64408	24.5
64409	24.4
64433	24.4
64637	24.3
64945	24.3
64987	24.2
65125	24.2
65376	24.1
65757	24.1
65898	24.0
66133	24.0
66571	23.9
66667	23.9
67304	23.8
67348	23.8
67446	23.7
67523	23.7
67738	23.6
68142	23.6
68302	23.5
68474	23.5
68989	23.4
69276	23.4
69496	23.3
69927	23.3
69976	23.3
70375	23.2
70600	23.2
70705	23.1
70761	23.1
71125	23.0
71328	23.0
71738	22.9
71939	22.9
72148	22.8
72636	22.8
72754	22.7
72959	22.7
73061	22.7
73061	22.6
73076	22.6
73099	22.5
73210	22.5
73361	22.4
73554	22.4
73864	22.3
73916	22.3
74050	22.3
74161	22.2
74997	22.2
75062	22.1
75170	22.1
75188	22.1
75532	22.0
75848	22.0
75976	21.9
76002	21.9
76412	21.8
76508	21.8
76521	21.8
76530	21.7
76618	21.7
76911	21.6
77407	21.6
77516	21.6
77748	21.5
77877	21.5
78005	21.4
78087	21.4
78269	21.4
78412	21.3
78467	21.3
78486	21.2
79093	21.8
79293	22.9
79298	22.8
79303	23.9
79309	24.6
79316	25.0
79321	25.1
79382	25.0
79465	25.0
79475	24.9
79593	24.9
79829	24.8
79869	24.8
79896	24.8
80062	24.7
80274	24.7
80762	24.6
80900	24.6
81128	24.5
81227	24.5
81595	24.5
81621	24.4
81682	24.4
81701	24.3
81725	24.3
81966	24.3
82589	24.2
83072	24.5
83079	24.5
83261	24.4
83865	24.7
83868	24.9
83873	24.9
83878	24.9
84063	24.9
84112	24.8
84122	24.8
84161	24.8
84194	24.7
84212	24.7
84342	24.6
84350	24.6
84481	24.6
84512	24.5
84624	24.5
85238	24.4
85437	24.4
85504	24.3
85658	24.3
86018	24.5
86562	25.7
87064	25.8
87146	25.7
87200	28.1
87205	30.2
87212	31.5
87215	32.7
87220	33.6
87220	34.3
87225	34.7
87227	35.0
87232	35.0
87239	35.0
87861	36.0
87866	35.9
87873	36.3
88520	36.3
88527	36.3
88549	36.2
88601	36.2
88628	36.1
88683	36.1
88803	36.0
88813	35.9
88958	35.9
89003	35.8
89032	35.8
89357	35.7
89368	35.6
89649	35.6
89792	35.5
90013	35.5
90241	35.4
90347	35.3
90539	35.3
90610	35.2
90622	35.2
90816	35.1
91043	35.1
91106	35.0
91283	34.9
91459	34.9
91469	34.8
91624	34.8
91768	34.7
91773	34.7
92068	34.6
92911	34.6
93155	34.5
93228	34.4
93439	34.4
93514	34.3
93546	34.3
93803	34.2
93865	34.2
94054	34.1
94268	34.1
94390	34.0
94465	34.0
94677	33.9
94902	33.9
95116	33.8
95181	33.7
95651	33.7
95747	33.6
95967	33.6
96083	33.5
96122	33.5
96132	33.4
96333	33.4
96614	33.3
96775	33.3
97027	33.2
97034	33.2
97236	33.1
97413	33.1
97625	33.0
97725	33.0
98060	32.9
98237	32.9
98289	32.8
98482	32.8
98603	32.7
99554	32.7
99700	32.6
99777	32.6
100091	32.5
100197	32.5
100566	32.5
100651	32.4
101002	32.4
101094	32.3
101274	32.3
101338	32.2
101413	32.2
101456	32.1
101611	32.1
101754	32.0
101835	32.0
101896	31.9
101996	31.9
102000	31.8
102027	31.8
102161	31.8
102286	31.7
102613	31.7
102728	31.6
102902	31.6
103222	31.5
103286	31.5
103408	31.4
103536	31.4
103599	31.3
103661	31.3
103711	31.3
104114	31.2
104458	31.2
104467	31.1
104634	31.1
104825	31.0
104836	31.0
105418	30.9
105527	30.9
105574	30.9
105614	30.8
105772	30.8
105874	30.7
105923	30.7
106018	30.6
106110	30.6
106460	30.6
106684	30.5
106771	30.5
107013	30.4
107051	30.4
107315	30.4
107924	30.3
107946	30.3
107958	30.2
108149	30.2
108455	30.1
108480	30.1
108483	30.1
108499	30.0
108953	30.0
109080	30.0
109226	29.9
109250	29.9
109375	29.8
109430	29.8
109434	29.8
109498	29.7
109818	29.7
110521	29.6
110543	29.6
110630	29.6
110737	29.5
111058	29.5
111086	29.4
111154	29.4
111471	29.4
111494	29.3
111667	29.3
111867	29.2
111890	29.2
111980	29.2
112041	29.1
112755	29.1
112797	29.1
112809	29.0
113160	29.0
113253	29.0
113359	28.9
113637	28.9
113820	28.8
113871	28.8
114204	28.8
114462	28.7
114567	28.7
114974	28.7
115028	28.6
115066	28.6
115243	28.6
115263	28.5
115317	28.5
115413	28.5
115550	28.4
115617	28.4
115652	28.3
115941	28.3
116106	28.3
116270	28.2
116538	28.2
116583	28.2
116724	28.1
117057	28.1
117329	28.1
117658	28.0
117727	28.0
118049	28.0
118069	27.9
118435	27.9
118519	27.9
118659	27.8
118829	27.8
118999	27.8
119065	27.7
119102	27.7
119173	27.7
119267	27.6
119521	27.6
119549	27.6
119607	27.5
119725	27.5
119750	27.5
119905	27.4
120216	27.4
120220	27.4
120226	27.3
120258	27.3
120410	27.3
120444	27.2
120622	27.2
120722	27.2
121424	27.1
121523	27.1
121655	27.1
121750	27.0
121793	27.0
121800	27.0
121818	27.0
122134	26.9
122675	26.9
122717	26.9
122751	26.8
122831	26.8
122856	26.8
123222	26.7
123668	26.7
123696	26.7
123792	26.7
123799	26.7
123820	26.6
124125	26.6
124607	27.0
124866	27.6
125219	28.6
125224	29.2
125227	29.7
125233	29.9
125240	30.1
125247	30.2
125254	30.2
125442	30.2
125455	30.3
125458	30.3
125460	30.2
125604	30.2
125621	30.2
125756	30.2
126150	30.1
126210	30.1
126427	30.1
126524	30.0
126768	30.0
126784	29.9
126905	29.9
127077	29.9
127085	29.8
127128	29.8
127217	29.8
127230	29.7
127475	29.7
127599	29.7
127656	29.6
127864	29.6
127974	29.6
128762	29.6
128793	29.5
128865	29.5
129000	29.5
129180	29.4
129218	29.4
129358	29.4
129588	29.3
129632	29.3
129754	29.3
129976	29.2
130306	29.2
130376	29.2
130664	29.1
130927	29.1
131221	29.1
131490	29.0
131946	29.0
132123	29.0
132432	29.0
132667	28.9
132689	28.9
132693	28.9
132739	28.8
132978	28.8
133000	28.8
133080	28.7
133395	28.7
133461	28.7
133694	28.7
133864	28.6
133874	28.6
134150	28.6
134458	28.5
134692	28.5
134706	28.5
135350	28.4
135561	28.4
135596	28.4
135709	28.4
135833	28.3
135892	28.3
135976	28.3
136056	28.2
136512	28.2
136533	28.2
136686	28.1
136704	28.1
136800	28.1
136917	28.1
137090	28.0
137142	28.0
137377	28.0
137494	27.9
137901	27.9
138019	27.9
138053	27.9
138327	27.8
138475	27.8
138590	27.8
138633	27.7
138945	27.7
139044	27.7
139050	27.7
139204	27.6
139416	27.6
139520	27.6
139988	27.6
140189	27.5
140278	27.5
140431	27.5
140492	27.4
140497	27.4
141189	27.7
141420	28.5
141816	29.2
141821	29.2
141826	29.7
141834	30.3
141839	30.8
141842	30.8
141859	30.8
141869	30.7
141920	30.7
142321	30.7
142392	30.6
142399	30.6
142408	30.6
142597	30.5
142730	30.5
142956	30.5
143045	30.5
143158	30.4
143242	30.4
143345	30.4
143350	30.3
143450	30.3
143559	30.3
144073	30.2
144118	30.2
144295	30.2
144592	30.2
144597	30.2
144637	30.1
144742	30.1
144796	30.1
145034	30.0
145077	30.0
145110	30.0
145794	30.3
146020	30.7
146084	31.2
146091	31.5
146097	31.7
146102	31.8
146112	31.8
146203	31.7
146252	31.7
146294	31.7
146505	31.7
146520	31.6
146895	31.6
147117	31.6
147228	31.5
147361	31.5
147433	31.5
147983	31.5
148214	31.4
148233	31.4
148372	31.4
148488	31.3
148648	31.3
148736	31.3
148862	31.2
148934	31.2
149185	31.2
149426	31.2
149455	31.1
149470	31.1
149609	31.1
149715	31.0
149759	31.0
149885	31.0
150065	30.9
150315	30.9
150381	30.9
150608	30.9
151012	30.8
151036	30.8
151906	31.1
151913	31.0
151920	31.0
152326	31.2
152542	31.6
152550	31.8
152557	31.7
152564	31.7
152596	31.7
152619	31.7
152734	31.6
152826	31.6
152859	31.6
153050	31.5
153689	31.5
153843	31.5
154184	31.5
154420	31.4
154756	31.4
154782	31.4
155135	31.3
155438	31.3
155466	31.3
155543	31.3
155709	31.2
155714	31.2
156008	31.2
156065	31.2
156141	31.1
156163	31.1
156584	31.1
156918	31.0
156973	31.0
157768	31.1
158711	31.2
158925	31.2
159486	31.2
160746	31.3
160859	31.3
161202	34.8
161206	38.4
161209	38.3
161210	41.8
161213	41.8
161214	45.2
161218	48.4
161219	51.4
161221	54.1
161223	57.0
161226	59.5
161226	61.7
161228	64.0
161231	66.1
161233	67.8
161235	69.5
161238	71.2
161238	72.9
161242	74.5
161243	75.9
161244	77.0
161245	78.2
161246	79.2
161249	79.1
161250	79.1
161251	79.7
161251	79.7
161256	79.7
161355	79.6
161367	79.5
161368	79.4
161634	79.4
161643	79.3
161862	79.2
161869	79.2
162223	79.1
163012	79.0
163163	78.9
