CONFIGURATION:
{u'simulation': {u'stdev_factor': 0.01, u'power_mgmt_enabled': False, u'tasks': {u'loc': {u'mean_service_time': {u'gpu': 90, u'cpu_core': 200, u'loc_accel': 10}, u'priority': 1, u'deadline': 1000, u'stdev_service_time': {u'gpu': 0.9, u'cpu_core': 2.0, u'loc_accel': 0.1}, u'power': {u'gpu': 4.457, u'cpu_core': 6.133, u'loc_accel': 0.02197}}, u'detect': {u'mean_service_time': {u'gpu': 0.4607, u'cpu_core': 3.654, u'det_accel': 0.278}, u'priority': 2, u'deadline': 1000, u'stdev_service_time': {u'gpu': 0.004607, u'cpu_core': 0.03654, u'det_accel': 0.0027800000000000004}, u'power': {u'gpu': 90, u'cpu_core': 200, u'det_accel': 10}}, u'Frontier': {u'mean_service_time': {u'cpu_core': 396}, u'priority': 9, u'deadline': 1000, u'stdev_service_time': {u'cpu_core': 3.96}, u'power': {u'cpu_core': 5.98}}, u'track': {u'mean_service_time': {u'gpu': 17, u'tra_accel': 2, u'cpu_core': 1820}, u'priority': 3, u'deadline': 1000, u'stdev_service_time': {u'gpu': 0.17, u'tra_accel': 0.02, u'cpu_core': 18.2}, u'power': {u'gpu': 12.79, u'tra_accel': 0.59, u'cpu_core': 5.6}}, u'sp': {u'mean_service_time': {u'gpu': 379, u'cpu_core': 1004}, u'priority': 11, u'deadline': 1000, u'stdev_service_time': {u'gpu': 3.79, u'cpu_core': 10.040000000000001}, u'power': {u'gpu': 3.302, u'cpu_core': 1004}}, u'mission': {u'mean_service_time': {u'cpu_core': 0.0022}, u'priority': 5, u'deadline': 1000, u'stdev_service_time': {u'cpu_core': 2.2000000000000003e-05}, u'power': {u'cpu_core': 3.534}}, u'motion': {u'mean_service_time': {u'cpu_core': 8}, u'priority': 6, u'deadline': 1000, u'stdev_service_time': {u'cpu_core': 0.08}, u'power': {u'cpu_core': 4.222}}, u'collision': {u'mean_service_time': {u'cpu_core': 8}, u'priority': 7, u'deadline': 1000, u'stdev_service_time': {u'cpu_core': 0.08}, u'power': {u'cpu_core': 0}}, u'fusion': {u'mean_service_time': {u'cpu_core': 1}, u'priority': 4, u'deadline': 1000, u'stdev_service_time': {u'cpu_core': 0.01}, u'power': {u'cpu_core': 0}}, u'map': {u'mean_service_time': {u'gpu': 761, u'cpu_core': 973}, u'priority': 10, u'deadline': 1000, u'stdev_service_time': {u'gpu': 7.61, u'cpu_core': 9.73}, u'power': {u'gpu': 3.533, u'cpu_core': 2.995}}, u'path': {u'mean_service_time': {u'cpu_core': 8}, u'priority': 8, u'deadline': 1000, u'stdev_service_time': {u'cpu_core': 0.08}, u'power': {u'cpu_core': 0}}}, u'sched_policy_module': u'policies.ms1_update2', u'drop': True, u'servers': {u'gpu': {u'count': 2}, u'tra_accel': {u'count': 1}, u'cpu_core': {u'count': 8}, u'loc_accel': {u'count': 1}, u'det_accel': {u'count': 1}}, u'max_tasks_simulated': 10000, u'max_queue_size': 1000000, u'mean_arrival_time': 50, u'arrival_time_scale': 2.2}, u'general': {u'random_seed': 0, u'pre_gen_arrivals': False, u'basename': u'policy:ms1_update2__stdev_factor:0.01', u'output_trace_file': None, u'working_dir': u'/home/hiwot/meta-stomp2/sim_16042020_195305_new_arrival_50_map_rheftmapping_50_trace_20', u'input_trace_file': (False, '../mv_mapping_50_trace_20.trc'), u'logging_level': u'INFO'}}

/home/hiwot/meta-stomp2/sim_16042020_195305_new_arrival_50_map_rheftmapping_50_trace_20/../mv_mapping_50_trace_20.trc

Running STOMP simulation...
Dropped,DAG ID,DAG Priority,DAG Type,Slack,Response Time,No-Affinity Time,Energy
0,0,3,2,1541.0,967,194,3360.1027
0,1,1,0,1915.2,1464,295,6320.2027
0,2,1,2,1278.0,1230,245,3642.1397
0,3,1,2,1273.0,1235,247,3642.20561
0,4,1,2,1276.0,1232,247,3642.1397
0,5,1,2,1276.0,1232,247,3642.1397
0,6,1,1,351.4,16,2,0.26364
0,7,1,1,346.4,21,2,0.37349
0,8,1,1,353.4,14,2,0.2197
0,9,1,1,353.4,14,2,0.2197
0,10,1,2,1276.0,1232,247,3642.1397
0,11,3,1,353.4,14,2,0.2197
0,12,1,1,353.4,14,2,0.2197
0,13,1,1,353.4,14,2,0.2197
0,14,1,2,1541.0,967,194,3360.1027
0,15,1,1,353.4,14,2,0.2197
0,16,3,0,1692.2,1687,297,6320.2027
0,17,1,1,353.4,14,2,0.2197
0,18,1,2,52.0,2456,249,3642.1397
0,19,1,0,1095.2,2284,350,6644.0997
0,20,1,0,1198.2,2181,350,6620.1797
0,21,1,0,1204.2,2175,350,8946.3997
0,22,3,2,1040.0,1468,196,3572.0827
0,23,2,2,705.0,1803,196,3780.5297
0,24,1,0,1606.2,1773,348,6865.3597
0,25,3,2,933.0,1575,249,3642.1397
0,26,3,0,1635.2,1744,348,6632.3594
0,27,3,1,49.4,318,4,0.2197
0,28,1,2,1013.0,1495,249,4393.8847
0,29,1,0,1405.2,1974,346,7342.0047
0,30,3,1,257.4,110,4,0.2197
0,32,1,2,1349.0,1159,194,4038.4387
0,33,1,2,1140.0,1368,245,4055.4497
0,34,1,0,1123.2,2256,247,7861.3494
0,36,3,0,1806.2,1573,295,6705.2997
0,37,1,2,1175.0,1333,247,3944.6347
0,39,2,1,10.4,357,4,0.2197
0,40,1,1,42.4,325,4,0.2197
0,41,1,1,351.4,16,4,0.2197
0,42,1,1,351.4,16,4,0.2197
0,43,1,1,353.4,14,2,0.2197
0,44,1,0,1361.2,2018,297,6320.2027
0,45,1,0,1485.2,1894,297,6320.2027
0,46,1,0,1494.2,1885,350,7128.4797
0,47,1,1,353.4,14,2,0.2197
0,48,1,0,1639.2,1740,346,6679.9797
0,49,1,2,926.0,1582,249,3642.1397
0,50,1,1,353.4,14,2,0.2197
0,51,1,1,353.4,14,2,0.2197
0,52,1,2,1220.0,1288,196,4109.0987
0,53,1,2,1225.0,1283,249,3642.1397
0,54,1,2,1207.0,1301,247,3848.7947
0,55,1,0,1652.2,1727,346,6602.2397
0,56,3,2,1442.0,1066,194,3709.8697
0,58,1,0,1690.2,1689,247,6192.9147
0,59,3,1,169.4,198,4,0.2197
0,60,1,0,1648.2,1731,348,6608.2297
0,61,1,2,1258.0,1250,245,3702.0397
0,62,3,1,46.4,321,4,0.2197
0,63,1,2,1304.0,1204,194,4186.89061
0,64,1,2,1335.0,1173,194,4087.9007
0,65,1,2,1260.0,1248,247,3690.0597
0,66,1,2,1276.0,1232,247,3642.1397
0,67,1,2,1276.0,1232,247,3642.1397
0,68,1,0,1917.2,1462,293,6320.2027
0,69,1,0,1909.2,1470,297,6320.2027
0,70,3,2,1272.0,1236,249,3642.1397
0,71,1,0,1652.2,1727,346,6602.2397
0,72,1,1,353.4,14,2,0.2197
0,73,1,1,353.4,14,2,0.2197
0,74,1,1,353.4,14,2,0.2197
0,75,1,2,1541.0,967,194,3360.1027
0,76,1,0,1773.2,1606,295,6811.2897
0,77,1,0,1749.2,1630,249,6010.2197
0,78,1,0,1552.2,1827,348,7188.2797
0,79,1,1,348.4,19,2,0.32955
0,80,1,1,353.4,14,2,0.2197
0,81,1,2,1205.0,1303,249,3642.1397
0,82,1,0,1645.2,1734,348,6632.1397
0,83,1,2,1276.0,1232,247,3642.1397
0,84,1,1,280.4,87,4,0.2197
0,85,1,2,1413.0,1095,194,3812.3267
0,86,1,1,353.4,14,2,0.2197
0,87,3,0,1771.2,1608,293,6836.0207
0,88,1,1,353.4,14,2,0.2197
0,89,3,2,1278.0,1230,245,3642.1397
0,90,3,2,1278.0,1230,245,3642.1397
0,91,3,0,1543.2,1836,350,6892.7547
0,92,3,1,229.4,138,4,0.2197
0,93,3,0,1708.2,1671,297,7023.2697
0,94,1,1,353.4,14,2,0.2197
0,95,1,0,1564.2,1815,346,6865.7997
0,96,3,2,1272.0,1236,196,3791.1287
0,97,1,2,1278.0,1230,245,3642.1397
0,98,3,1,353.4,14,2,0.2197
0,99,1,0,397.2,2982,350,6602.39349
0,100,1,2,1278.0,1230,245,3642.1397
0,101,1,2,1278.0,1230,245,3642.1397
0,102,1,1,353.4,14,2,0.2197
0,104,1,2,163.0,2345,196,3833.5247
0,105,1,2,-5676.0,8184,249,3642.1397
0,107,1,1,235.4,132,4,0.2197
0,109,3,0,1235.2,2144,350,8665.3397
0,110,3,0,1363.2,2016,297,8970.0697
0,113,1,1,353.4,14,2,0.2197
0,115,3,2,1258.0,1250,249,3645.1347
0,116,3,1,20.4,347,4,0.30758
0,118,3,1,306.4,61,4,0.2197
0,119,3,1,329.4,38,4,0.2197
0,120,3,0,1130.2,2249,350,7015.4397
0,123,3,1,310.4,57,4,0.2197
0,128,3,0,1262.2,2117,350,6823.6797
0,132,2,2,998.0,1510,249,4250.1247
0,143,3,2,1190.0,1318,249,3737.9797
0,145,3,1,211.4,156,4,0.2197
0,149,3,1,328.4,39,4,0.2197
0,158,3,0,1188.2,2191,297,8328.0237
0,165,3,2,851.0,1657,196,4960.5517
0,167,1,0,536.2,2843,297,10406.5787
0,169,1,0,663.2,2716,297,10675.1427
0,170,1,2,69.0,2439,249,5517.0097
0,171,3,0,1071.2,2308,350,8715.3197
0,172,1,0,814.2,2565,348,9115.0147
0,173,2,0,817.2,2562,348,9100.0597
0,176,1,0,758.2,2621,348,9273.7797
0,177,1,2,717.0,1791,194,6271.2947
0,178,1,0,1310.2,2069,295,8457.6677
0,179,1,0,1590.2,1789,346,6787.9297
0,180,2,0,1652.2,1727,346,6602.2397
0,181,2,0,1770.2,1609,293,6839.5537
0,182,1,0,1742.2,1637,293,6938.4777
0,183,1,1,353.4,14,2,0.2197
0,184,1,0,1644.2,1735,346,6602.41546
0,185,1,0,1650.2,1729,348,6602.2397
0,186,1,0,1652.2,1727,346,6602.2397
0,187,1,1,353.4,14,2,0.2197
0,188,1,1,350.4,17,2,0.28561
0,189,1,0,1048.2,2331,297,6320.2027
0,190,1,1,353.4,14,2,0.2197
0,191,1,1,353.4,14,2,0.2197
0,192,3,2,1318.0,1190,196,3360.1027
0,193,3,2,877.0,1631,249,3642.1397
0,194,2,2,986.0,1522,196,3851.1897
0,195,1,0,1631.2,1748,348,6715.8597
0,196,3,2,1297.0,1211,196,4049.0377
0,197,1,2,1243.0,1265,249,3642.1397
0,198,3,2,1268.0,1240,249,3642.16167
0,199,1,2,1251.0,1257,249,3642.33743
0,200,1,2,1276.0,1232,247,3642.1397
0,201,3,0,1650.2,1729,348,6602.2397
0,203,3,1,284.4,83,4,0.2197
0,204,1,2,1204.0,1304,245,3839.98546
0,206,1,2,1256.0,1252,194,4367.0077
0,207,1,2,1151.0,1357,247,4016.5147
0,208,1,2,1214.0,1294,194,4515.3937
0,210,1,2,1019.0,1489,245,4417.8447
0,211,3,1,181.4,186,4,0.2197
0,212,1,0,1652.2,1727,346,6602.2397
0,213,1,2,1276.0,1232,247,3642.1397
0,214,1,1,353.4,14,2,0.2197
0,215,3,2,1278.0,1230,245,3642.1397
0,216,1,2,1425.0,1083,196,3762.8647
0,217,3,1,353.4,14,2,0.2197
0,218,1,1,353.4,14,2,0.2197
0,219,3,2,1482.0,1026,194,3568.5497
0,220,3,2,995.0,1513,249,3642.1397
0,221,3,0,1647.2,1732,346,6632.1397
0,222,3,1,348.4,19,2,0.32955
0,223,3,2,1273.0,1235,247,3642.1397
0,224,1,2,1278.0,1230,245,3642.1397
0,225,1,0,1785.2,1594,295,6779.4927
0,226,1,1,353.4,14,2,0.2197
0,227,1,2,1276.0,1232,247,3642.1397
0,228,1,0,1650.2,1729,348,6602.2397
0,229,1,2,1334.0,1174,196,4084.3677
0,230,1,2,1276.0,1232,247,3642.1397
0,231,1,1,353.4,14,2,0.2197
0,232,3,2,1276.0,1232,247,3642.1397
0,233,1,2,1261.0,1247,245,3693.0547
0,234,1,0,1626.2,1753,293,7348.3057
0,235,3,2,1541.0,967,194,3360.1027
0,236,1,2,1278.0,1230,245,3642.1397
0,237,1,1,353.4,14,2,0.2197
0,238,1,2,1264.0,1244,245,3684.0697
0,239,3,2,1439.0,1069,194,3720.4687
0,240,1,1,353.4,14,2,0.2197
0,241,1,0,1652.2,1727,346,6602.2397
0,242,1,1,353.4,14,2,0.2197
0,243,1,2,1541.0,967,194,3360.1027
0,244,3,0,1652.2,1727,346,6602.2397
0,245,1,2,1541.0,967,194,3360.1027
0,246,1,0,1890.2,1489,293,6415.5937
0,247,1,1,353.4,14,2,0.2197
0,248,1,2,1278.0,1230,245,3642.1397
0,249,1,1,353.4,14,2,0.2197
0,250,3,1,353.4,14,2,0.2197
0,251,1,1,353.4,14,2,0.2197
0,252,1,0,1680.2,1699,293,7157.5237
0,253,3,2,1485.0,1023,194,3557.9507
0,254,1,0,1749.2,1630,249,6010.2197
0,255,1,0,1652.2,1727,346,6602.2397
0,256,1,2,1276.0,1232,247,3642.1397
0,257,1,0,1652.2,1727,346,6602.2397
0,258,1,2,1276.0,1232,247,3642.1397
0,259,1,1,353.4,14,2,0.2197
0,260,1,1,353.4,14,2,0.2197
0,261,3,1,353.4,14,2,0.2197
0,262,3,0,1915.2,1464,295,6320.2027
0,263,1,1,353.4,14,2,0.2197
0,264,1,2,1541.0,967,194,3360.1027
0,265,1,2,1278.0,1230,245,3642.1397
0,266,1,1,353.4,14,2,0.2197
0,267,3,0,1652.2,1727,346,6602.2397
0,268,1,2,1274.0,1234,249,3642.1397
0,269,1,2,1420.0,1088,194,3787.5957
0,270,3,2,1541.0,967,194,3360.1027
0,271,1,1,353.4,14,2,0.2197
0,272,1,0,1731.2,1648,293,6977.3407
0,273,1,1,353.4,14,2,0.2197
0,274,3,1,353.4,14,2,0.2197
0,275,1,2,1459.0,1049,194,3649.8087
0,276,1,0,1751.2,1628,247,6010.2197
0,277,3,2,1278.0,1230,245,3642.1397
0,278,3,0,1749.2,1630,249,6010.2197
0,279,1,1,353.4,14,2,0.2197
0,280,1,2,1210.0,1298,247,3839.8097
0,281,3,2,1524.0,984,194,3420.1637
0,282,1,2,1392.0,1116,194,3886.5197
0,283,1,1,353.4,14,2,0.2197
0,284,1,2,1276.0,1232,247,3642.1397
0,285,3,0,1650.2,1729,348,6602.2397
0,286,1,2,1278.0,1230,245,3642.1397
0,287,1,0,1915.2,1464,295,6320.2027
0,288,1,0,1915.2,1464,295,6320.2027
0,289,1,2,1278.0,1230,245,3642.1397
0,290,3,1,353.4,14,2,0.2197
0,291,1,1,353.4,14,2,0.2197
0,292,1,2,1541.0,967,194,3360.1027
0,293,1,1,353.4,14,2,0.2197
0,294,3,0,1281.2,2098,297,8114.2027
0,295,1,2,248.0,2260,249,3642.1397
0,296,1,0,1179.2,2200,350,8216.8397
0,297,3,0,1550.2,1829,350,6805.5597
0,298,1,0,1471.2,1908,350,7367.6797
0,299,3,0,1598.2,1781,350,6620.1797
0,300,1,0,1431.2,1948,295,8795.5497
0,301,1,0,1544.2,1835,350,6952.4847
0,302,3,2,1268.0,1240,196,3699.2707
0,303,1,2,1095.0,1413,249,3642.1397
0,304,1,2,1096.0,1412,249,3642.27152
0,305,1,0,1287.2,2092,348,7698.3797
0,307,1,2,1313.0,1195,194,4165.6267
0,308,3,1,271.4,96,4,0.2197
0,309,1,0,1597.2,1782,297,7330.8604
0,310,1,0,1324.2,2055,346,7611.4647
0,312,1,0,1503.2,1876,348,7066.3847
0,313,2,1,84.4,283,4,0.2197
0,314,1,2,1215.0,1293,249,3737.9797
0,315,1,2,1268.0,1240,247,3666.0997
0,316,1,2,1276.0,1232,247,3642.1397
0,317,1,1,140.4,227,4,0.2197
0,318,1,0,1609.2,1770,293,7408.3667
0,319,1,1,286.4,81,4,0.2197
0,320,1,0,1917.2,1462,293,6320.2027
0,321,1,2,1276.0,1232,247,3642.1397
0,322,3,0,1652.2,1727,346,6602.2397
0,323,1,2,1002.0,1506,247,4433.0394
0,324,1,1,171.4,196,4,0.2197
0,325,1,1,291.4,76,4,0.2197
0,326,1,1,353.4,14,2,0.2197
0,327,3,0,1917.2,1462,293,6320.2027
0,328,1,2,1541.0,967,194,3360.1027
0,329,1,1,353.4,14,2,0.2197
0,330,1,2,1278.0,1230,245,3642.1397
0,331,1,0,1652.2,1727,346,6602.2397
0,332,1,2,1276.0,1232,247,3642.1397
0,333,1,0,1725.2,1654,293,6998.5387
0,334,1,0,1751.2,1628,247,6010.2197
0,335,3,0,1870.2,1509,295,6479.1877
0,336,1,1,353.4,14,2,0.2197
0,337,1,1,353.4,14,2,0.2197
0,338,1,2,1278.0,1230,245,3642.1397
0,339,1,1,353.4,14,2,0.2197
0,340,1,1,353.4,14,2,0.2197
0,341,1,0,1780.2,1599,297,6768.8937
0,342,1,2,1541.0,967,194,3360.1027
0,343,1,1,353.4,14,2,0.2197
0,345,1,1,353.4,14,2,0.2197
0,346,3,1,353.4,14,2,0.2197
0,348,3,1,353.4,14,2,0.2197
0,349,3,0,1215.2,2164,297,9807.7917
0,351,3,0,1492.2,1887,350,7014.8597
0,355,3,2,1007.0,1501,249,3642.1397
0,356,1,1,307.4,60,4,0.2197
0,357,3,0,1462.2,1917,350,6632.1397
0,358,3,0,1479.2,1900,297,7842.6647
0,359,1,0,412.2,2967,350,6683.0347
0,361,3,0,1389.2,1990,297,7196.3867
0,366,1,0,1135.2,2244,297,7896.1957
0,367,1,2,471.0,2037,249,4606.5297
0,369,1,0,1372.2,2007,348,8055.7297
0,370,1,2,730.0,1778,249,4555.6147
0,372,3,0,1676.2,1703,297,7433.2237
0,373,1,2,889.0,1619,249,4651.4547
0,374,2,2,943.0,1565,249,4609.5247
0,375,1,2,854.0,1654,247,4897.11061
0,376,1,2,853.0,1655,194,5790.8067
0,378,1,0,1256.2,2123,293,8655.5157
0,379,1,2,1191.0,1317,247,3896.7147
0,380,1,0,1055.2,2324,247,8085.82061
0,381,1,0,1101.2,2278,295,9196.0647
0,382,3,0,1636.2,1743,247,6354.6447
0,383,2,1,179.4,188,4,0.2197
0,384,1,1,353.4,14,2,0.2197
0,385,1,2,1194.0,1314,247,3887.7297
0,386,1,2,1278.0,1230,245,3642.1397
0,387,3,0,1890.2,1489,295,6408.5277
0,388,1,2,1332.0,1176,194,4098.4997
0,389,1,0,1733.2,1646,295,6963.2087
0,390,1,2,1276.0,1232,247,3642.1397
0,391,1,0,1652.2,1727,346,6602.2397
0,392,1,1,353.4,14,2,0.2197
0,393,1,1,353.4,14,2,0.2197
0,394,3,2,1278.0,1230,245,3642.1397
0,395,1,1,353.4,14,2,0.2197
0,396,1,0,1806.2,1573,293,6712.3657
0,397,1,2,1275.0,1233,245,3642.20561
0,398,1,0,1917.2,1462,293,6320.2027
0,399,1,0,1652.2,1727,346,6602.2397
0,400,1,0,1652.2,1727,346,6602.2397
0,401,1,1,353.4,14,2,0.2197
0,402,3,2,1541.0,967,194,3360.1027
0,403,1,0,1917.2,1462,293,6320.2027
0,404,1,1,353.4,14,2,0.2197
0,405,1,1,353.4,14,2,0.2197
0,406,3,2,1278.0,1230,245,3642.1397
0,407,1,0,1771.2,1608,293,6836.0207
0,408,1,1,353.4,14,2,0.2197
0,409,3,2,1541.0,967,194,3360.1027
0,410,1,2,1273.0,1235,249,3642.1397
0,411,1,1,353.4,14,2,0.2197
0,412,3,2,1276.0,1232,247,3642.1397
0,413,1,2,1276.0,1232,247,3642.1397
0,414,1,2,1276.0,1232,247,3642.1397
0,415,1,1,353.4,14,2,0.2197
0,416,1,2,1392.0,1116,194,3865.45352
0,417,1,2,1278.0,1230,245,3642.1397
0,418,1,2,1407.0,1101,194,3833.5247
0,419,1,2,1278.0,1230,245,3642.1397
0,420,1,1,353.4,14,2,0.2197
0,421,1,1,353.4,14,2,0.2197
0,422,1,0,1652.2,1727,346,6602.2397
0,423,3,1,351.4,16,2,0.2197
0,424,1,2,1482.0,1026,194,3568.5497
0,425,1,2,1395.0,1113,194,3875.9207
0,426,1,0,1749.2,1630,249,6010.2197
0,427,3,2,1278.0,1230,245,3642.1397
0,428,1,0,1652.2,1727,346,6602.2397
0,429,1,0,1650.2,1729,348,6602.2397
0,430,1,0,1650.2,1729,348,6602.2397
0,431,3,1,353.4,14,2,0.2197
0,432,1,1,353.4,14,2,0.2197
0,433,1,2,1541.0,967,194,3360.1027
0,434,1,1,353.4,14,2,0.2197
0,435,1,0,1917.2,1462,293,6320.2027
0,436,1,1,353.4,14,2,0.2197
0,437,1,1,353.4,14,2,0.2197
0,438,1,2,1464.0,1044,194,3632.1437
0,439,1,0,173.2,3206,350,12032.0797
0,440,1,0,455.2,2924,297,11532.5767
0,441,1,1,353.4,14,2,0.2197
0,442,1,1,353.4,14,2,0.2197
0,444,1,0,892.2,2487,350,6620.1797
0,445,1,1,353.4,14,2,0.2197
0,446,1,2,93.0,2415,249,3642.1397
0,447,3,2,1215.0,1293,196,4091.54355
0,448,1,1,342.4,25,2,0.46137
0,449,1,2,159.0,2349,249,3642.1397
0,450,3,2,999.0,1509,249,3642.1397
0,451,1,2,219.0,2289,249,3642.27152
0,452,3,1,348.4,19,2,0.32955
0,453,1,1,353.4,14,2,0.2197
0,454,1,1,353.4,14,2,0.2197
0,455,3,2,1256.0,1252,196,3695.7377
0,456,1,2,487.0,2021,249,3642.1397
0,457,3,0,1453.2,1926,350,7681.7147
0,459,3,1,-256.6,624,4,0.2197
0,461,3,2,901.0,1607,196,4872.2267
0,462,1,0,1429.2,1950,346,7285.0497
0,463,1,0,1554.2,1825,249,6594.2447
0,464,2,2,1123.0,1385,196,4716.7747
0,465,1,0,1563.2,1816,247,6573.2797
0,467,1,0,1589.2,1790,346,6790.9247
0,468,1,0,1714.2,1665,247,6121.0347
0,469,1,2,1270.0,1238,245,3666.0997
0,470,3,2,1229.0,1279,247,3782.9047
0,471,1,0,649.2,2730,297,6761.8277
0,472,1,1,353.4,14,2,0.2197
0,473,1,0,1175.2,2204,297,6846.4427
0,474,3,1,353.4,14,2,0.2197
0,475,2,2,791.0,1717,196,3575.6157
0,476,1,0,1640.2,1739,348,6662.0397
0,477,1,0,1626.2,1753,348,6715.96955
0,478,2,2,906.0,1602,249,3642.1397
0,479,1,0,1606.2,1773,348,6865.3597
0,480,1,2,1009.0,1499,249,3642.1397
0,481,1,2,1020.0,1488,196,4151.60455
0,482,1,2,1189.0,1319,249,3642.1397
0,483,1,2,1192.0,1316,249,3642.22758
0,485,1,2,848.0,1660,245,4929.9897
0,487,3,2,1308.0,1200,194,4183.2917
0,492,1,1,81.4,286,4,0.2197
0,493,3,0,1038.2,2341,350,9461.3097
0,494,3,1,276.4,91,4,0.2197
0,497,1,1,353.4,14,2,0.2197
0,500,3,0,1724.2,1655,297,7026.8307
0,501,1,1,350.4,17,2,0.28561
0,506,3,2,1175.0,1333,249,3908.6947
0,519,3,0,1322.2,2057,297,8565.4617
0,520,3,0,1370.2,2009,350,7583.9997
0,523,3,2,141.0,2367,196,6497.4067
0,528,1,0,788.2,2591,350,8414.1847
0,530,1,0,869.2,2510,350,8560.8197
0,532,1,0,990.2,2389,346,9343.1197
0,534,1,0,937.2,2442,346,9125.7447
0,535,1,2,329.0,2179,196,6165.3047
0,536,3,0,1476.2,1903,350,6793.8697
0,537,3,2,1214.0,1294,196,4275.23758
0,541,2,2,1194.0,1314,249,3725.9997
0,542,1,0,1540.2,1839,297,7100.9957
0,543,1,0,1643.2,1736,251,6270.7847
0,546,1,0,1620.2,1759,293,7594.6277
0,547,3,2,1231.0,1277,247,3776.9147
0,548,1,2,1178.0,1330,247,3935.6497
0,549,2,0,1704.2,1675,293,7072.7317
0,550,1,2,1276.0,1232,247,3642.1397
0,551,1,1,353.4,14,2,0.2197
0,552,3,0,1652.2,1727,346,6602.2397
0,553,3,2,1276.0,1232,247,3642.1397
0,554,1,0,1716.2,1663,293,7030.3357
0,555,1,0,1559.2,1820,346,6880.7747
0,556,3,1,165.4,202,4,0.2197
0,557,2,1,236.4,131,4,0.2197
0,558,3,1,353.4,14,2,0.2197
0,559,1,0,1917.2,1462,293,6320.2027
0,560,1,1,353.4,14,2,0.2197
0,561,1,2,1541.0,967,194,3360.1027
0,562,1,0,1746.2,1633,249,6010.2197
0,563,1,1,353.4,14,2,0.2197
0,564,1,2,1168.0,1340,245,3947.80546
0,565,1,0,1647.2,1732,346,6632.1397
0,566,1,1,353.4,14,2,0.2197
0,567,3,2,1343.0,1165,196,3487.2907
0,568,3,2,1276.0,1232,247,3642.1397
0,569,1,2,1276.0,1232,247,3642.1397
0,570,1,1,353.4,14,2,0.2197
0,571,1,1,348.4,19,2,0.32955
0,572,3,1,353.4,14,2,0.2197
0,573,1,0,1917.2,1462,293,6320.2027
0,574,1,2,1269.0,1239,247,3642.29349
0,575,1,0,1650.2,1729,346,6602.28364
0,576,1,0,1650.2,1729,348,6602.2397
0,577,1,0,1724.2,1655,295,6995.0057
0,578,3,1,353.4,14,2,0.2197
0,579,3,2,1409.0,1099,194,3826.4587
0,580,3,0,1696.2,1683,297,7040.9347
0,581,1,2,1278.0,1230,245,3642.1397
0,582,1,0,1444.2,1935,251,6010.2197
0,583,3,2,1264.0,1244,249,3642.1397
0,584,1,0,1686.2,1693,297,7139.0897
0,585,1,0,1722.2,1657,251,6010.2197
0,586,1,0,1645.2,1734,346,6644.0997
0,587,1,0,1697.2,1682,293,7192.8957
0,588,1,1,353.4,14,2,0.2197
0,589,1,0,1749.2,1630,249,6010.2197
0,590,1,2,1278.0,1230,245,3642.1397
0,591,3,0,1751.2,1628,293,6906.6807
0,592,3,2,1102.0,1406,249,3642.1397
0,593,1,2,1199.0,1309,249,3806.8647
0,594,1,2,1228.0,1280,245,3791.8897
0,595,1,1,197.4,170,4,0.2197
0,596,3,1,345.4,22,4,0.2197
0,597,1,2,1541.0,967,194,3360.1027
0,598,1,0,1751.2,1628,247,6010.2197
0,599,1,0,1869.2,1510,295,6482.7207
0,600,1,1,353.4,14,2,0.2197
0,601,1,0,1749.2,1630,249,6010.2197
0,602,1,1,353.4,14,2,0.2197
0,603,1,2,1275.0,1233,245,3642.20561
0,604,1,1,122.4,245,4,0.2197
0,605,1,2,1261.0,1247,247,3687.0647
0,606,1,1,214.4,153,4,0.2197
0,607,1,1,353.4,14,2,0.2197
0,608,1,1,353.4,14,2,0.2197
0,609,1,0,1917.2,1462,293,6320.2027
0,610,1,0,1906.2,1473,295,6351.9997
0,611,1,1,353.4,14,2,0.2197
0,612,1,2,1270.0,1238,245,3642.31546
0,613,1,1,353.4,14,2,0.2197
0,614,3,1,353.4,14,2,0.2197
0,615,1,0,1751.2,1628,247,6010.2197
0,616,1,1,353.4,14,2,0.2197
0,617,3,0,1778.2,1601,295,6804.2237
0,618,1,0,1751.2,1628,247,6010.2197
0,619,1,1,353.4,14,2,0.2197
0,620,1,2,1541.0,967,194,3360.1027
0,621,3,2,1276.0,1232,247,3642.1397
0,622,3,1,353.4,14,2,0.2197
0,623,1,0,1642.2,1737,346,6602.4594
0,624,1,0,1751.2,1628,247,6010.2197
0,625,3,0,1751.2,1628,247,6010.2197
0,626,1,1,353.4,14,2,0.2197
0,627,3,1,353.4,14,2,0.2197
0,628,1,0,1846.2,1533,295,6563.9797
0,629,1,1,353.4,14,2,0.2197
0,630,3,2,1536.0,972,194,3377.7677
0,631,1,1,353.4,14,2,0.2197
0,632,1,0,1242.2,2137,251,6010.2197
0,633,1,0,1265.2,2114,251,6010.2197
0,634,1,1,353.4,14,2,0.2197
0,635,1,0,1409.2,1970,297,8692.2257
0,636,1,0,1424.2,1955,350,7828.1397
0,637,1,0,1616.2,1763,350,6787.6197
0,638,1,2,1100.0,1408,196,3360.1027
0,639,1,2,1276.0,1232,247,3642.1397
0,640,1,2,1276.0,1232,247,3642.1397
0,641,3,1,353.4,14,2,0.2197
0,642,1,1,353.4,14,2,0.2197
0,643,1,2,1276.0,1232,247,3642.1397
0,644,1,0,1721.2,1658,293,7012.6707
0,645,1,2,1276.0,1232,247,3642.1397
0,646,3,2,1246.0,1262,247,3731.9897
0,647,1,0,1912.2,1467,295,6320.2027
0,648,1,0,1386.2,1993,247,7103.3947
0,649,3,1,183.4,184,4,0.2197
0,650,1,1,305.4,62,4,0.2197
0,651,1,1,347.4,20,4,0.2197
0,652,3,0,1857.2,1522,293,6537.0767
0,653,1,0,1751.2,1628,247,6010.2197
0,654,1,0,1597.2,1782,346,6766.9647
0,655,3,2,1413.0,1095,194,3812.3267
0,656,1,0,1642.2,1737,350,6602.37152
0,657,1,0,1650.2,1729,348,6602.2397
0,658,1,1,353.4,14,2,0.2197
0,659,1,1,353.4,14,2,0.2197
0,660,1,2,1276.0,1232,247,3642.1397
0,661,1,1,301.4,66,4,0.2197
0,662,1,1,353.4,14,2,0.2197
0,663,3,0,1917.2,1462,293,6320.2027
0,664,1,0,1751.2,1628,247,6010.2197
0,665,1,2,1541.0,967,194,3360.1027
0,666,3,1,353.4,14,2,0.2197
0,667,1,2,1278.0,1230,245,3642.1397
0,668,1,1,353.4,14,2,0.2197
0,669,1,2,1541.0,967,194,3360.1027
0,670,3,2,1541.0,967,194,3360.1027
0,671,1,2,1278.0,1230,245,3642.1397
0,672,1,2,1273.0,1235,247,3642.1397
0,673,1,1,349.4,18,2,0.30758
0,674,1,1,353.4,14,2,0.2197
0,675,1,0,1750.2,1629,247,6010.24167
0,676,1,0,1652.2,1727,346,6602.2397
0,677,1,2,1278.0,1230,245,3642.1397
0,678,1,2,1276.0,1232,247,3642.1397
0,679,1,1,350.4,17,2,0.28561
0,680,1,0,1745.2,1634,293,6927.8787
0,681,1,2,1437.0,1071,194,3727.5347
0,682,1,0,1652.2,1727,346,6602.2397
0,683,1,2,1276.0,1232,247,3642.1397
0,684,3,2,1278.0,1230,245,3642.1397
0,685,3,1,347.4,20,4,0.2197
0,686,1,1,353.4,14,2,0.2197
0,687,3,2,1377.0,1131,194,3939.5147
0,688,1,1,353.4,14,2,0.2197
0,689,1,1,353.4,14,2,0.2197
0,690,1,2,1424.0,1084,194,3773.4637
0,691,1,2,1278.0,1230,245,3642.1397
0,692,1,0,1751.2,1628,247,6010.2197
0,693,1,1,353.4,14,2,0.2197
0,694,1,2,1236.0,1272,196,3769.9307
0,695,1,0,1647.2,1732,346,6632.1397
0,696,1,2,1271.0,1237,247,3642.18364
0,697,1,0,1905.2,1474,295,6355.5327
0,698,3,0,1649.2,1730,346,6620.1797
0,699,3,2,1273.0,1235,247,3642.1397
0,700,3,1,353.4,14,2,0.2197
0,701,1,1,353.4,14,2,0.2197
0,702,1,0,1751.2,1628,247,6010.2197
0,703,3,2,1276.0,1232,247,3642.1397
0,704,1,2,1276.0,1232,247,3642.1397
0,705,1,0,1917.2,1462,293,6320.2027
0,706,1,0,1875.2,1504,293,6468.5887
0,707,1,0,1749.2,1630,249,6010.2197
0,708,1,1,222.4,145,4,0.2197
0,709,1,1,353.4,14,2,0.2197
0,710,1,1,353.4,14,2,0.2197
0,711,1,1,353.4,14,2,0.2197
0,712,3,1,353.4,14,2,0.2197
0,713,1,2,1541.0,967,194,3360.1027
0,714,3,1,353.4,14,2,0.2197
0,715,1,2,1444.0,1064,194,3702.8037
0,716,1,1,353.4,14,2,0.2197
0,717,1,0,1652.2,1727,346,6602.2397
0,718,1,0,1650.2,1729,348,6602.2397
0,719,3,0,1751.2,1628,247,6010.2197
0,720,1,2,1276.0,1232,247,3642.1397
0,721,1,1,343.4,24,2,0.4394
0,722,1,1,337.4,30,2,0.57122
0,723,1,1,353.4,14,2,0.2197
0,724,1,1,353.4,14,2,0.2197
0,725,3,0,1917.2,1462,293,6320.2027
0,726,1,1,353.4,14,2,0.2197
0,727,1,2,1541.0,967,194,3360.1027
0,728,1,1,353.4,14,2,0.2197
0,729,1,1,353.4,14,2,0.2197
0,731,1,1,353.4,14,2,0.2197
0,733,1,1,353.4,14,2,0.2197
0,734,3,1,353.4,14,2,0.2197
0,735,3,1,353.4,14,2,0.2197
0,737,3,1,353.4,14,2,0.2197
0,738,3,2,1241.0,1267,196,3360.1027
0,739,1,0,205.2,3174,350,6703.8997
0,740,1,0,216.2,3163,350,6978.9797
0,741,1,0,276.2,3103,350,6662.0397
0,743,1,0,381.2,2998,350,6895.2597
0,744,1,1,353.4,14,2,0.2197
0,745,1,0,424.2,2955,350,8282.6197
0,746,1,0,423.2,2956,350,9071.16046
0,748,3,1,20.4,347,4,0.2197
0,749,3,0,1433.2,1946,297,7566.5827
0,750,1,0,721.2,2658,297,9747.3157
0,751,1,2,-84.0,2592,249,4426.8297
0,753,1,0,865.2,2514,350,8662.94546
0,754,1,2,33.0,2475,196,6960.29561
0,757,3,0,1446.2,1933,350,7078.2847
0,759,1,2,438.0,2070,249,5984.33955
0,760,1,0,1080.2,2299,350,7997.8797
0,761,3,1,23.4,344,4,0.2197
0,762,1,0,1310.2,2069,350,7703.9997
0,763,1,0,659.2,2720,350,10220.8547
0,764,3,0,1724.2,1655,297,6360.4267
0,765,3,0,1378.2,2001,350,7413.8147
0,766,3,2,1232.0,1276,194,4451.7997
0,767,3,1,305.4,62,4,0.26364
0,769,3,1,232.4,135,4,0.2197
0,770,2,1,-204.6,572,4,0.2197
0,771,1,1,-176.6,544,4,0.2197
0,772,2,1,132.4,235,4,0.2197
0,773,2,0,1682.2,1697,297,6508.0017
0,774,1,0,1540.2,1839,346,7257.0747
0,775,1,1,133.4,234,4,0.2197
0,776,1,2,985.0,1523,249,3797.8797
0,777,1,0,1647.2,1732,348,6620.1797
0,778,1,0,1710.2,1669,247,6133.0147
0,779,1,2,1209.0,1299,194,4533.0587
0,780,1,2,1135.0,1373,245,4067.4297
0,781,1,0,1783.2,1596,293,6793.6247
0,782,1,0,1652.2,1727,346,6602.2397
0,783,3,1,175.4,192,4,0.2197
0,784,1,0,1592.2,1787,247,6486.4247
0,785,1,2,1024.0,1484,247,4396.8797
0,787,1,0,1448.2,1931,295,7970.1137
0,788,2,1,332.4,35,4,0.2197
0,789,1,0,1906.2,1473,295,6351.9997
0,790,1,2,1276.0,1232,247,3642.1397
0,791,1,2,1278.0,1230,245,3642.1397
0,792,1,2,1272.0,1236,247,3642.22758
0,793,1,0,1872.2,1507,293,6479.1877
0,794,1,0,1733.2,1646,249,6058.1397
0,795,3,0,1837.2,1542,295,6595.7767
0,796,1,2,1276.0,1232,247,3642.1397
0,797,1,0,1751.2,1628,247,6010.2197
0,798,1,1,353.4,14,2,0.2197
0,799,1,2,1458.0,1050,194,3625.25346
0,800,1,2,1478.0,1030,194,3582.6817
0,801,1,1,353.4,14,2,0.2197
0,802,1,1,353.4,14,2,0.2197
0,803,1,0,1652.2,1727,346,6602.2397
0,804,3,1,353.4,14,2,0.2197
0,805,3,2,1274.0,1234,247,3642.18364
0,806,1,1,353.4,14,2,0.2197
0,807,3,2,1278.0,1230,245,3642.1397
0,808,1,1,353.4,14,2,0.2197
0,809,1,0,1917.2,1462,293,6320.2027
0,810,1,2,1541.0,967,194,3360.1027
0,811,1,2,1161.0,1347,249,3642.1397
0,812,3,1,353.4,14,2,0.2197
0,813,1,2,1266.0,1242,249,3642.1397
0,814,1,0,1857.2,1522,293,6532.1827
0,815,1,0,1541.2,1838,297,8198.3887
0,816,1,2,1165.0,1343,249,3642.1397
0,817,1,0,1640.2,1739,348,6662.0397
0,818,1,2,1191.0,1317,249,3642.24955
0,819,1,2,1258.0,1250,249,3642.1397
0,820,1,1,353.4,14,2,0.2197
0,821,1,1,353.4,14,2,0.2197
0,822,1,1,353.4,14,2,0.2197
0,823,3,2,1157.0,1351,249,3642.1397
0,824,1,1,353.4,14,2,0.2197
0,825,1,2,1274.0,1234,249,3642.1397
0,826,3,2,1246.0,1262,245,3737.9797
0,827,1,1,353.4,14,2,0.2197
0,828,1,0,1852.2,1527,293,6549.8477
0,829,1,0,1845.2,1534,293,6574.5787
0,830,1,0,1549.2,1830,346,6910.7247
0,831,1,0,1649.2,1730,346,6620.1797
0,832,1,2,1273.0,1235,247,3642.1397
0,833,3,2,1129.0,1379,247,4082.4047
0,834,1,2,1420.0,1088,194,3787.5957
0,835,1,1,353.4,14,2,0.2197
0,836,1,2,1462.0,1046,194,3639.2097
0,837,1,1,345.4,22,2,0.39546
0,838,1,2,1278.0,1230,245,3642.1397
0,839,3,2,1024.0,1484,249,3642.1397
0,842,1,1,223.4,144,4,0.2197
0,844,3,2,1035.0,1473,196,3681.6057
0,845,3,2,1266.0,1242,249,3642.1397
0,847,3,2,1178.0,1330,249,3642.1397
0,854,3,2,1009.0,1499,196,3572.0827
0,855,3,0,1622.2,1757,297,7040.0964
0,858,3,0,965.2,2414,350,7848.11167
0,861,3,2,796.0,1712,249,4687.6144
0,863,3,0,1602.2,1777,297,7137.4397
0,865,3,2,666.0,1842,249,4690.3897
0,878,3,0,1510.2,1869,297,7711.6317
0,896,1,0,73.2,3306,350,10746.3097
0,897,1,0,107.2,3272,297,11682.6397
0,900,1,2,152.0,2356,249,4351.9547
0,901,3,0,1412.2,1967,297,8268.61846
0,902,2,2,488.0,2020,196,6377.2847
0,903,1,2,576.0,1932,249,5534.9797
0,904,3,2,1193.0,1315,249,3857.7797
0,905,3,0,1486.2,1893,346,7114.3347
0,910,2,2,1109.0,1399,249,4067.4297
0,911,1,0,-7.8,3387,350,9317.9947
0,912,3,1,49.4,318,4,0.2197
0,914,1,0,385.2,2994,350,7926.0197
0,916,1,0,481.2,2898,350,7686.3297
0,917,1,0,493.2,2886,350,10416.1747
0,921,2,1,162.4,205,4,0.2197
0,922,3,0,1300.2,2079,297,9066.6447
0,923,1,1,353.4,14,2,0.2197
0,924,1,0,1289.2,2090,350,6697.9197
0,925,3,2,1130.0,1378,249,3642.1397
0,926,1,0,1549.2,1830,350,6632.1397
0,927,1,0,1557.2,1822,350,6763.9397
0,928,3,0,1548.2,1831,295,7768.5557
0,929,1,0,1593.2,1786,295,7454.5707
0,930,1,2,1042.0,1466,249,3755.9497
0,931,1,2,707.0,1801,245,5352.2847
0,932,1,2,636.0,1872,247,5558.9397
0,933,1,2,710.0,1798,194,6296.0257
0,934,1,2,701.0,1807,194,6327.8227
0,935,1,0,1096.2,2283,350,8231.4897
0,938,1,0,1052.2,2327,350,8263.0247
0,939,2,0,1463.2,1916,350,7642.7797
0,940,3,0,1632.2,1747,350,6668.0197
0,941,1,2,1244.0,1264,249,3645.26652
0,942,1,1,353.4,14,2,0.2197
0,943,3,0,1465.2,1914,348,7708.5397
0,944,1,0,1707.2,1672,293,7133.0957
0,945,1,0,1597.2,1782,293,8077.1947
0,946,1,2,1236.0,1272,249,3642.1397
0,947,3,0,1751.2,1628,247,6010.2197
0,948,1,1,-272.6,640,4,0.2197
0,949,1,2,1231.0,1277,247,3776.9147
0,950,3,2,1243.0,1265,194,4412.9367
0,953,3,1,353.4,14,2,0.2197
0,954,3,2,1184.0,1324,249,3642.16167
0,955,1,1,353.4,14,2,0.2197
0,957,3,2,1227.0,1281,196,4041.9717
0,968,3,0,911.2,2468,350,7841.8297
0,970,3,2,842.0,1666,249,3890.7247
0,978,3,1,40.4,327,4,0.32955
0,982,3,0,844.2,2535,350,9275.6747
0,983,3,0,875.2,2504,350,9111.3197
0,986,3,2,226.0,2282,249,5615.8447
0,988,3,0,611.2,2768,297,10996.9774
0,989,3,2,148.0,2360,249,6789.97258
0,991,3,0,469.2,2910,350,10254.4697
0,995,3,2,607.0,1901,249,5603.8647
0,996,2,0,1326.2,2053,295,8410.9277
0,998,3,1,115.4,252,4,0.24167
0,999,1,0,1191.2,2188,295,9213.3337
1,31,1,1,-873.6,1241,2,9213.3337
1,35,1,1,-545.6,913,2,9213.3337
1,38,1,1,-82.6,450,2,9213.3337
1,57,1,1,-42.6,410,2,9213.3337
1,103,1,0,-4817.8,8197,295,9213.3337
1,106,1,0,-4695.8,8075,348,9213.3337
1,108,1,0,-4234.8,7614,348,9213.3337
1,111,1,0,-3967.8,7347,295,9213.3337
1,112,1,2,-4725.0,7233,247,9213.3337
1,114,1,2,-4655.0,7163,247,9213.3337
1,117,1,0,-3772.8,7152,348,9213.3337
1,121,1,1,-653.6,1021,2,9213.3337
1,122,1,1,-6433.6,6801,2,9213.3337
1,124,1,2,-4258.0,6766,247,9213.3337
1,125,1,1,-5993.6,6361,2,9213.3337
1,126,1,2,-3809.0,6317,194,9213.3337
1,127,1,0,-2973.8,6353,295,9213.3337
1,129,1,0,-2634.8,6014,348,9213.3337
1,130,1,0,-2625.8,6005,348,9213.3337
1,131,1,2,-3474.0,5982,194,9213.3337
1,133,1,0,-2288.8,5668,348,9213.3337
1,134,1,0,-2256.8,5636,295,9213.3337
1,135,1,2,-3102.0,5610,247,9213.3337
1,136,1,1,-5020.6,5388,2,9213.3337
1,137,1,1,-4973.6,5341,2,9213.3337
1,138,1,2,-2954.0,5462,194,9213.3337
1,139,1,2,-2917.0,5425,247,9213.3337
1,140,1,0,-2027.8,5407,348,9213.3337
1,141,1,2,-2792.0,5300,194,9213.3337
1,142,1,2,-2781.0,5289,247,9213.3337
1,144,1,0,-1761.8,5141,348,9213.3337
1,146,1,1,-4568.6,4936,2,9213.3337
1,147,1,1,-4552.6,4920,2,9213.3337
1,148,1,0,-1566.8,4946,348,9213.3337
1,150,1,1,-4436.6,4804,2,9213.3337
1,151,1,2,-2282.0,4790,247,9213.3337
1,152,1,0,-1174.8,4554,348,9213.3337
1,153,1,0,-1053.8,4433,295,9213.3337
1,154,1,2,-1691.0,4199,247,9213.3337
1,155,1,2,-1683.0,4191,247,9213.3337
1,156,1,2,-1646.0,4154,247,9213.3337
1,157,1,2,-1182.0,3690,247,9213.3337
1,159,1,2,-1095.0,3603,194,9213.3337
1,160,1,0,-55.8,3435,348,9213.3337
1,161,1,0,-56.8,3436,348,9213.3337
1,162,1,2,-862.0,3370,247,9213.3337
1,163,1,2,-775.0,3283,247,9213.3337
1,164,1,2,-682.0,3190,247,9213.3337
1,166,1,1,-2478.6,2846,2,9213.3337
1,168,1,2,-206.0,2714,247,9213.3337
1,174,1,1,-1862.6,2230,2,9213.3337
1,175,1,2,-77.0,2585,243,9213.3337
1,202,1,1,-633.6,1001,2,9213.3337
1,205,1,1,-384.6,752,2,9213.3337
1,209,1,1,-61.6,429,2,9213.3337
1,306,1,1,-798.6,1166,2,9213.3337
1,311,1,1,-45.6,413,2,9213.3337
1,344,1,0,-758.8,4138,348,9213.3337
1,347,1,0,-578.8,3958,348,9213.3337
1,350,1,2,-1161.0,3669,194,9213.3337
1,352,1,0,-36.8,3416,348,9213.3337
1,353,1,2,-800.0,3308,247,9213.3337
1,354,1,2,-773.0,3281,247,9213.3337
1,360,1,2,-350.0,2858,247,9213.3337
1,362,1,2,-173.0,2681,247,9213.3337
1,363,1,1,-2271.6,2639,2,9213.3337
1,364,1,1,-2052.6,2420,2,9213.3337
1,365,1,1,-2048.6,2416,2,9213.3337
1,368,1,1,-1588.6,1956,2,9213.3337
1,371,1,1,-1378.6,1746,2,9213.3337
1,377,1,1,-1059.6,1427,2,9213.3337
1,443,1,2,-64.0,2572,247,9213.3337
1,458,1,1,-1485.6,1853,2,9213.3337
1,460,1,1,-1365.6,1733,2,9213.3337
1,466,1,1,-729.6,1097,2,9213.3337
1,484,1,1,-854.6,1222,2,9213.3337
1,486,1,2,-4149.0,6657,194,9213.3337
1,488,1,0,-3049.8,6429,348,9213.3337
1,489,1,1,-289.6,657,2,9213.3337
1,490,1,0,-2784.8,6164,342,9213.3337
1,491,1,1,-70.6,438,2,9213.3337
1,495,1,0,-2309.8,5689,295,9213.3337
1,496,1,2,-2874.0,5382,247,9213.3337
1,498,1,0,-1986.8,5366,348,9213.3337
1,499,1,0,-1940.8,5320,348,9213.3337
1,502,1,0,-1848.8,5228,348,9213.3337
1,503,1,2,-2666.0,5174,247,9213.3337
1,504,1,2,-2611.0,5119,247,9213.3337
1,505,1,2,-2497.0,5005,194,9213.3337
1,507,1,1,-4497.6,4865,2,9213.3337
1,508,1,1,-4447.6,4815,2,9213.3337
1,509,1,0,-1508.8,4888,295,9213.3337
1,510,1,2,-2194.0,4702,247,9213.3337
1,511,1,2,-1948.0,4456,247,9213.3337
1,512,1,1,-4016.6,4384,2,9213.3337
1,513,1,0,-1032.8,4412,348,9213.3337
1,514,1,0,-997.8,4377,348,9213.3337
1,515,1,0,-987.8,4367,348,9213.3337
1,516,1,0,-960.8,4340,348,9213.3337
1,517,1,0,-928.8,4308,295,9213.3337
1,518,1,2,-1750.0,4258,247,9213.3337
1,521,1,0,-981.8,4361,243,9213.3337
1,522,1,2,-1186.0,3694,194,9213.3337
1,524,1,1,-2509.6,2877,2,9213.3337
1,525,1,1,-2510.6,2878,2,9213.3337
1,526,1,2,-237.0,2745,247,9213.3337
1,527,1,2,-193.0,2701,247,9213.3337
1,529,1,2,-64.0,2572,247,9213.3337
1,531,1,1,-1929.6,2297,2,9213.3337
1,533,1,1,-1830.6,2198,2,9213.3337
1,538,1,1,-1521.6,1889,2,9213.3337
1,539,1,1,-1269.6,1637,2,9213.3337
1,540,1,1,-1264.6,1632,2,9213.3337
1,544,1,1,-561.6,929,2,9213.3337
1,545,1,1,-458.6,826,2,9213.3337
1,730,1,0,-333.8,3713,249,9213.3337
1,732,1,0,-237.8,3617,348,9213.3337
1,736,1,2,-398.0,2906,194,9213.3337
1,742,1,2,-180.0,2688,247,9213.3337
1,747,1,1,-2099.6,2467,2,9213.3337
1,752,1,1,-1667.6,2035,2,9213.3337
1,755,1,1,-1615.6,1983,2,9213.3337
1,756,1,1,-1362.6,1730,2,9213.3337
1,758,1,1,-1244.6,1612,2,9213.3337
1,768,1,1,-36.6,404,2,9213.3337
1,786,1,1,-50.6,418,2,9213.3337
1,840,1,2,-5423.0,7931,247,9213.3337
1,841,1,0,-4456.8,7836,348,9213.3337
1,843,1,2,-5288.0,7796,194,9213.3337
1,846,1,2,-4706.0,7214,247,9213.3337
1,848,1,2,-4554.0,7062,247,9213.3337
1,849,1,0,-3642.8,7022,348,9213.3337
1,850,1,2,-4470.0,6978,247,9213.3337
1,851,1,0,-3604.8,6984,348,9213.3337
1,852,1,1,-6489.6,6857,2,9213.3337
1,853,1,2,-4376.0,6884,247,9213.3337
1,856,1,2,-4156.0,6664,247,9213.3337
1,857,1,1,-6198.6,6566,2,9213.3337
1,859,1,2,-4086.0,6594,247,9213.3337
1,860,1,0,-3165.8,6545,348,9213.3337
1,862,1,0,-2866.8,6246,295,9213.3337
1,864,1,1,-5430.6,5798,2,9213.3337
1,866,1,2,-3057.0,5565,247,9213.3337
1,867,1,2,-2985.0,5493,194,9213.3337
1,868,1,0,-2082.8,5462,348,9213.3337
1,869,1,0,-1999.8,5379,348,9213.3337
1,870,1,1,-4884.6,5252,2,9213.3337
1,871,1,1,-4800.6,5168,2,9213.3337
1,872,1,0,-1595.8,4975,348,9213.3337
1,873,1,1,-4499.6,4867,2,9213.3337
1,874,1,0,-1547.8,4927,348,9213.3337
1,875,1,1,-4443.6,4811,2,9213.3337
1,876,1,2,-2278.0,4786,247,9213.3337
1,877,1,2,-2255.0,4763,247,9213.3337
1,879,1,2,-1857.0,4365,194,9213.3337
1,880,1,1,-3873.6,4241,2,9213.3337
1,881,1,0,-878.8,4258,348,9213.3337
1,882,1,2,-1651.0,4159,194,9213.3337
1,883,1,0,-810.8,4190,348,9213.3337
1,884,1,2,-1626.0,4134,247,9213.3337
1,885,1,0,-671.8,4051,295,9213.3337
1,886,1,1,-3425.6,3793,2,9213.3337
1,887,1,2,-1334.0,3842,247,9213.3337
1,888,1,0,-505.8,3885,295,9213.3337
1,889,1,0,-400.8,3780,348,9213.3337
1,890,1,1,-3190.6,3558,2,9213.3337
1,891,1,2,-1092.0,3600,247,9213.3337
1,892,1,0,-180.8,3560,348,9213.3337
1,893,1,0,-180.8,3560,348,9213.3337
1,894,1,0,-70.8,3450,348,9213.3337
1,895,1,1,-2776.6,3144,2,9213.3337
1,898,1,1,-2616.6,2984,2,9213.3337
1,899,1,1,-2400.6,2768,2,9213.3337
1,906,1,0,-331.8,3711,295,9213.3337
1,907,1,1,-1053.6,1421,2,9213.3337
1,908,1,1,-1043.6,1411,2,9213.3337
1,909,1,1,-976.6,1344,2,9213.3337
1,913,1,2,-662.0,3170,194,9213.3337
1,915,1,1,-428.6,796,2,9213.3337
1,918,1,1,-267.6,635,2,9213.3337
1,919,1,1,-237.6,605,2,9213.3337
1,920,1,1,-65.6,433,2,9213.3337
1,936,1,1,-449.6,817,2,9213.3337
1,937,1,1,-446.6,814,2,9213.3337
1,951,1,0,-2482.8,5862,295,9213.3337
1,952,1,2,-3228.0,5736,247,9213.3337
1,956,1,0,-2213.8,5593,348,9213.3337
1,958,1,2,-2407.0,4915,247,9213.3337
1,959,1,2,-2408.0,4916,247,9213.3337
1,960,1,2,-2773.0,5281,247,9213.3337
1,961,1,0,-1814.8,5194,295,9213.3337
1,962,1,0,-1815.8,5195,348,9213.3337
1,963,1,2,-2631.0,5139,247,9213.3337
1,964,1,2,-2503.0,5011,194,9213.3337
1,965,1,2,-2488.0,4996,194,9213.3337
1,966,1,0,-1539.8,4919,342,9213.3337
1,967,1,0,-1509.8,4889,342,9213.3337
1,969,1,0,-1401.8,4781,348,9213.3337
1,971,1,0,-1108.8,4488,342,9213.3337
1,972,1,0,-562.8,3942,342,9213.3337
1,973,1,2,-1876.0,4384,194,9213.3337
1,974,1,2,-1851.0,4359,247,9213.3337
1,975,1,2,-1803.0,4311,194,9213.3337
1,976,1,0,-934.8,4314,348,9213.3337
1,977,1,1,-3523.6,3891,2,9213.3337
1,979,1,0,-506.8,3886,348,9213.3337
1,980,1,0,-478.8,3858,348,9213.3337
1,981,1,1,-3205.6,3573,2,9213.3337
1,984,1,0,0.2,3379,295,9213.3337
1,985,1,2,-1428.0,3936,243,9213.3337
1,987,1,2,-1188.0,3696,243,9213.3337
1,990,1,0,-171.8,3551,243,9213.3337
1,992,1,2,-353.0,2861,247,9213.3337
1,993,1,1,-2435.6,2803,2,9213.3337
1,994,1,1,-2328.6,2696,2,9213.3337
1,997,1,1,-1546.6,1914,2,9213.3337
Time: 71162, 559829, 352522, 636734
