CONFIGURATION:
{u'simulation': {u'stdev_factor': 0.01, u'power_mgmt_enabled': False, u'tasks': {u'loc': {u'mean_service_time': {u'gpu': 90, u'cpu_core': 200, u'loc_accel': 10}, u'priority': 1, u'deadline': 1000, u'stdev_service_time': {u'gpu': 0.9, u'cpu_core': 2.0, u'loc_accel': 0.1}, u'power': {u'gpu': 4.457, u'cpu_core': 6.133, u'loc_accel': 0.02197}}, u'detect': {u'mean_service_time': {u'gpu': 0.4607, u'cpu_core': 3.654, u'det_accel': 0.278}, u'priority': 2, u'deadline': 1000, u'stdev_service_time': {u'gpu': 0.004607, u'cpu_core': 0.03654, u'det_accel': 0.0027800000000000004}, u'power': {u'gpu': 90, u'cpu_core': 200, u'det_accel': 10}}, u'Frontier': {u'mean_service_time': {u'cpu_core': 396}, u'priority': 9, u'deadline': 1000, u'stdev_service_time': {u'cpu_core': 3.96}, u'power': {u'cpu_core': 5.98}}, u'track': {u'mean_service_time': {u'gpu': 17, u'tra_accel': 2, u'cpu_core': 1820}, u'priority': 3, u'deadline': 1000, u'stdev_service_time': {u'gpu': 0.17, u'tra_accel': 0.02, u'cpu_core': 18.2}, u'power': {u'gpu': 12.79, u'tra_accel': 0.59, u'cpu_core': 5.6}}, u'sp': {u'mean_service_time': {u'gpu': 379, u'cpu_core': 1004}, u'priority': 11, u'deadline': 1000, u'stdev_service_time': {u'gpu': 3.79, u'cpu_core': 10.040000000000001}, u'power': {u'gpu': 3.302, u'cpu_core': 1004}}, u'mission': {u'mean_service_time': {u'cpu_core': 0.0022}, u'priority': 5, u'deadline': 1000, u'stdev_service_time': {u'cpu_core': 2.2000000000000003e-05}, u'power': {u'cpu_core': 3.534}}, u'motion': {u'mean_service_time': {u'cpu_core': 8}, u'priority': 6, u'deadline': 1000, u'stdev_service_time': {u'cpu_core': 0.08}, u'power': {u'cpu_core': 4.222}}, u'collision': {u'mean_service_time': {u'cpu_core': 8}, u'priority': 7, u'deadline': 1000, u'stdev_service_time': {u'cpu_core': 0.08}, u'power': {u'cpu_core': 0}}, u'fusion': {u'mean_service_time': {u'cpu_core': 1}, u'priority': 4, u'deadline': 1000, u'stdev_service_time': {u'cpu_core': 0.01}, u'power': {u'cpu_core': 0}}, u'map': {u'mean_service_time': {u'gpu': 761, u'cpu_core': 973}, u'priority': 10, u'deadline': 1000, u'stdev_service_time': {u'gpu': 7.61, u'cpu_core': 9.73}, u'power': {u'gpu': 3.533, u'cpu_core': 2.995}}, u'path': {u'mean_service_time': {u'cpu_core': 8}, u'priority': 8, u'deadline': 1000, u'stdev_service_time': {u'cpu_core': 0.08}, u'power': {u'cpu_core': 0}}}, u'sched_policy_module': u'policies.ms2_update2', u'drop': True, u'servers': {u'gpu': {u'count': 2}, u'tra_accel': {u'count': 1}, u'cpu_core': {u'count': 8}, u'loc_accel': {u'count': 1}, u'det_accel': {u'count': 1}}, u'max_tasks_simulated': 10000, u'max_queue_size': 1000000, u'mean_arrival_time': 50, u'arrival_time_scale': 3.1}, u'general': {u'random_seed': 0, u'pre_gen_arrivals': False, u'basename': u'policy:ms2_update2__stdev_factor:0.01', u'output_trace_file': None, u'working_dir': u'/home/hiwot/meta-stomp2/sim_16042020_195305_new_arrival_50_map_rheftmapping_50_trace_20', u'input_trace_file': (False, '../mv_mapping_50_trace_20.trc'), u'logging_level': u'INFO'}}

/home/hiwot/meta-stomp2/sim_16042020_195305_new_arrival_50_map_rheftmapping_50_trace_20/../mv_mapping_50_trace_20.trc

Running STOMP simulation...
Dropped,DAG ID,DAG Priority,DAG Type,Slack,Response Time,No-Affinity Time,Energy
0,0,3,2,2567.0,967,194,3360.1027
0,1,1,0,3297.6,1464,295,6320.2027
0,2,1,2,2304.0,1230,245,3642.1397
0,3,1,2,2302.0,1232,247,3642.1397
0,4,1,2,2302.0,1232,247,3642.1397
0,5,1,2,2302.0,1232,247,3642.1397
0,6,1,1,503.7,14,2,0.2197
0,7,1,1,499.7,18,2,0.30758
0,8,1,1,503.7,14,2,0.2197
0,9,1,1,503.7,14,2,0.2197
0,10,1,2,2567.0,967,194,3360.1027
0,11,3,1,503.7,14,2,0.2197
0,12,1,1,503.7,14,2,0.2197
0,13,1,1,503.7,14,2,0.2197
0,14,1,2,2567.0,967,194,3360.1027
0,15,1,1,503.7,14,2,0.2197
0,16,3,0,3220.6,1541,295,6592.2437
0,17,1,1,503.7,14,2,0.2197
0,18,1,2,2304.0,1230,245,3642.1397
0,19,1,0,3076.6,1685,295,7051.5337
0,20,1,0,3006.6,1755,350,6620.1797
0,21,1,0,3013.6,1748,350,6620.1797
0,22,3,2,2368.0,1166,196,3423.6967
0,23,1,2,2298.0,1236,249,3642.1397
0,24,1,0,3034.6,1727,346,6602.2397
0,25,3,2,2302.0,1232,247,3642.1397
0,26,3,0,3022.6,1739,348,6602.4594
0,27,3,1,503.7,14,2,0.2197
0,28,1,2,2537.0,997,194,3466.0927
0,29,1,0,3131.6,1630,249,6010.2197
0,30,3,1,463.7,54,4,0.2197
0,31,1,1,241.7,276,4,0.2197
0,32,1,2,2567.0,967,194,3360.1027
0,33,1,2,2304.0,1230,245,3642.1397
0,34,1,0,2953.6,1808,247,6519.5894
0,35,1,1,491.7,26,4,0.2197
0,36,3,0,3217.6,1544,293,6609.9087
0,37,1,2,2384.0,1150,194,4006.6417
0,38,1,1,503.7,14,2,0.2197
0,39,1,1,503.7,14,2,0.2197
0,40,1,1,503.7,14,2,0.2197
0,41,1,1,503.7,14,2,0.2197
0,42,1,1,503.7,14,2,0.2197
0,43,1,1,503.7,14,2,0.2197
0,44,1,0,3299.6,1462,293,6320.2027
0,45,1,0,3297.6,1464,295,6320.2027
0,46,1,0,3133.6,1628,247,6010.2197
0,47,1,1,503.7,14,2,0.2197
0,48,1,0,3131.6,1630,249,6010.2197
0,49,1,2,2302.0,1232,247,3642.1397
0,50,1,1,503.7,14,2,0.2197
0,51,1,1,503.7,14,2,0.2197
0,52,1,2,2567.0,967,194,3360.1027
0,53,1,2,2493.0,1041,194,3621.5447
0,54,1,2,2302.0,1232,247,3642.1397
0,55,1,0,3034.6,1727,346,6602.2397
0,56,3,2,2302.0,1232,247,3642.1397
0,57,1,1,503.7,14,2,0.2197
0,58,1,0,3138.6,1623,293,6889.0157
0,59,3,1,503.7,14,2,0.2197
0,60,1,0,3297.6,1464,295,6320.2027
0,61,1,2,2304.0,1230,245,3642.1397
0,62,3,1,503.7,14,2,0.2197
0,63,1,2,2302.0,1232,247,3642.1397
0,64,1,2,2302.0,1232,247,3642.1397
0,65,1,2,2302.0,1232,247,3642.1397
0,66,1,2,2567.0,967,194,3360.1027
0,67,1,2,2567.0,967,194,3360.1027
0,68,1,0,3133.6,1628,247,6010.2197
0,69,1,0,3299.6,1462,293,6320.2027
0,70,3,2,2567.0,967,194,3360.1027
0,71,1,0,3133.6,1628,247,6010.2197
0,72,1,1,503.7,14,2,0.2197
0,73,1,1,503.7,14,2,0.2197
0,74,1,1,503.7,14,2,0.2197
0,75,1,2,2567.0,967,194,3360.1027
0,76,1,0,3157.6,1604,293,6821.8887
0,77,1,0,3133.6,1628,247,6010.2197
0,78,1,0,3133.6,1628,247,6010.2197
0,79,1,1,499.7,18,2,0.30758
0,80,1,1,503.7,14,2,0.2197
0,81,1,2,2302.0,1232,247,3642.1397
0,82,1,0,3034.6,1727,346,6602.2397
0,83,1,2,2302.0,1232,247,3642.1397
0,84,1,1,503.7,14,2,0.2197
0,85,1,2,2567.0,967,194,3360.1027
0,86,1,1,503.7,14,2,0.2197
0,87,3,0,3299.6,1462,293,6320.2027
0,88,1,1,503.7,14,2,0.2197
0,89,3,2,2304.0,1230,245,3642.1397
0,90,3,2,2302.0,1232,247,3642.1397
0,91,3,0,3129.6,1632,293,6920.8127
0,92,3,1,503.7,14,2,0.2197
0,93,3,0,3297.6,1464,295,6320.2027
0,94,1,1,503.7,14,2,0.2197
0,95,1,0,3034.6,1727,346,6602.2397
0,96,3,2,2302.0,1232,247,3642.1397
0,97,1,2,2567.0,967,194,3360.1027
0,98,3,1,503.7,14,2,0.2197
0,99,1,0,2966.6,1795,346,6785.08849
0,100,1,2,2499.0,1035,194,3600.3467
0,101,1,2,2302.0,1232,247,3642.1397
0,102,1,1,503.7,14,2,0.2197
0,103,1,0,3299.6,1462,293,6320.2027
0,104,1,2,2370.0,1164,194,4056.1037
0,105,1,2,2304.0,1230,245,3642.1397
0,106,1,0,3133.6,1628,247,6010.2197
0,107,1,1,503.7,14,2,0.2197
0,108,1,0,3108.6,1653,247,6085.0947
0,109,3,0,3232.6,1529,293,6556.9137
0,110,3,0,3277.6,1484,295,6390.8627
0,111,1,0,3131.6,1630,249,6010.2197
0,112,1,2,2302.0,1232,247,3642.1397
0,113,1,1,503.7,14,2,0.2197
0,114,1,2,2304.0,1230,245,3642.1397
0,115,3,2,2302.0,1232,247,3642.1397
0,116,3,1,502.7,15,2,0.24167
0,117,1,0,3034.6,1727,346,6602.2397
0,118,3,1,503.7,14,2,0.2197
0,119,3,1,503.7,14,2,0.2197
0,120,3,0,3285.6,1476,293,6369.6647
0,121,1,1,503.7,14,2,0.2197
0,122,1,1,502.7,15,2,0.24167
0,123,3,1,503.7,14,2,0.2197
0,124,1,2,2517.0,1017,194,3536.7527
0,125,1,1,503.7,14,2,0.2197
0,126,1,2,2433.0,1101,194,3833.5247
0,127,1,0,2993.6,1768,251,6010.2197
0,128,3,0,2904.6,1857,297,8478.9827
0,129,1,0,2958.6,1803,350,6919.1797
0,130,1,0,2786.6,1975,350,8013.5197
0,131,1,2,2290.0,1244,249,3642.1397
0,132,1,2,2014.0,1520,249,3642.1397
0,133,1,0,2994.6,1767,293,8144.1027
0,134,1,0,3029.6,1732,346,6632.1397
0,135,1,2,2290.0,1244,249,3642.1397
0,136,1,1,503.7,14,2,0.2197
0,137,1,1,503.7,14,2,0.2197
0,138,1,2,2340.0,1194,196,3575.6157
0,139,1,2,2304.0,1230,245,3642.1397
0,140,1,0,2120.6,2641,350,9204.8947
0,141,1,2,2100.0,1434,247,4247.1297
0,142,1,2,2164.0,1370,194,4783.9017
0,143,3,2,2294.0,1240,245,3672.0897
0,144,1,0,2505.6,2256,350,8144.6647
0,145,3,1,266.7,251,4,0.2197
0,146,1,1,257.7,260,4,0.37349
0,147,1,1,285.7,232,4,0.2197
0,148,1,0,2718.6,2043,247,7253.1447
0,149,3,1,424.7,93,4,0.2197
0,150,1,1,440.7,77,4,0.2197
0,151,1,2,2519.0,1015,194,3526.17567
0,152,1,0,3032.6,1729,348,6602.2397
0,153,1,0,3187.6,1574,297,6701.7667
0,154,1,2,2408.0,1126,194,3921.8497
0,155,1,2,2304.0,1230,245,3642.1397
0,156,1,2,2302.0,1232,247,3642.1397
0,157,1,2,2556.0,978,194,3398.9657
0,158,3,0,3032.6,1729,348,6602.2397
0,159,1,2,2303.0,1231,245,3645.1347
0,160,1,0,3297.6,1464,295,6320.2027
0,161,1,0,3129.6,1632,247,6010.30758
0,162,1,2,2304.0,1230,245,3642.1397
0,163,1,2,2304.0,1230,245,3642.1397
0,164,1,2,2304.0,1230,245,3642.1397
0,165,3,2,2380.0,1154,194,4020.7737
0,166,1,1,503.7,14,2,0.2197
0,167,1,0,3200.6,1561,293,6669.9697
0,168,1,2,2304.0,1230,245,3642.1397
0,169,1,0,3032.6,1729,348,6602.2397
0,170,1,2,2264.0,1270,245,3761.9397
0,171,3,0,3232.6,1529,295,6549.8477
0,172,1,0,3032.6,1729,348,6602.2397
0,173,1,0,3034.6,1727,346,6602.2397
0,174,1,1,503.7,14,2,0.2197
0,175,1,2,2567.0,967,194,3360.1027
0,176,1,0,3034.6,1727,346,6602.2397
0,177,1,2,2567.0,967,194,3360.1027
0,178,1,0,3297.6,1464,295,6320.2027
0,179,1,0,3299.6,1462,293,6320.2027
0,180,1,0,3299.6,1462,293,6320.2027
0,181,1,0,3227.6,1534,295,6567.5127
0,182,1,0,3034.6,1727,346,6602.2397
0,183,1,1,503.7,14,2,0.2197
0,184,1,0,3107.6,1654,293,6973.96149
0,185,1,0,3131.6,1630,249,6010.2197
0,186,1,0,3034.6,1727,346,6602.2397
0,187,1,1,503.7,14,2,0.2197
0,188,1,1,503.7,14,2,0.2197
0,189,1,0,3299.6,1462,293,6320.2027
0,190,1,1,503.7,14,2,0.2197
0,191,1,1,503.7,14,2,0.2197
0,192,3,2,2567.0,967,194,3360.1027
0,193,3,2,2556.0,978,194,3398.9657
0,194,1,2,2366.0,1168,194,4070.2357
0,195,1,0,2983.6,1778,346,6907.2197
0,196,3,2,2294.0,1240,249,3642.1397
0,197,1,2,2304.0,1230,245,3642.1397
0,198,3,2,2302.0,1232,247,3642.1397
0,199,1,2,2295.0,1239,247,3642.29349
0,200,1,2,2302.0,1232,247,3642.1397
0,201,3,0,3103.6,1658,295,7005.6047
0,202,1,1,503.7,14,2,0.2197
0,203,3,1,503.7,14,2,0.2197
0,204,1,2,2295.0,1239,247,3642.29349
0,205,1,1,503.7,14,2,0.2197
0,206,1,2,2550.0,984,194,3420.1637
0,207,1,2,2302.0,1232,247,3642.1397
0,208,1,2,2279.0,1255,245,3717.0147
0,209,1,1,489.7,28,4,0.2197
0,210,1,2,2567.0,967,194,3360.1027
0,211,3,1,503.7,14,2,0.2197
0,212,1,0,3299.6,1462,293,6320.2027
0,213,1,2,2304.0,1230,245,3642.1397
0,214,1,1,503.7,14,2,0.2197
0,215,3,2,2462.0,1072,194,3731.0677
0,216,1,2,2304.0,1230,245,3642.1397
0,217,3,1,503.7,14,2,0.2197
0,218,1,1,503.7,14,2,0.2197
0,219,3,2,2567.0,967,194,3360.1027
0,220,3,2,2304.0,1230,245,3642.1397
0,221,3,0,3264.6,1497,295,6436.7917
0,222,3,1,497.7,20,4,0.30758
0,223,3,2,2304.0,1230,245,3642.1397
0,224,1,2,2302.0,1232,247,3642.1397
0,225,1,0,3194.6,1567,293,6691.1677
0,226,1,1,503.7,14,2,0.2197
0,227,1,2,2304.0,1230,245,3642.1397
0,228,1,0,3034.6,1727,346,6602.2397
0,229,1,2,2302.0,1232,247,3642.1397
0,230,1,2,2565.0,969,196,3360.1027
0,231,1,1,503.7,14,2,0.2197
0,232,3,2,2300.0,1234,249,3642.1397
0,233,1,2,2435.0,1099,194,3826.4587
0,234,1,0,3133.6,1628,247,6010.2197
0,235,3,2,2567.0,967,194,3360.1027
0,236,1,2,2567.0,967,194,3360.1027
0,237,1,1,503.7,14,2,0.2197
0,238,1,2,2304.0,1230,245,3642.1397
0,239,3,2,2302.0,1232,247,3642.1397
0,240,1,1,503.7,14,2,0.2197
0,241,1,0,3132.6,1629,293,6910.2137
0,242,1,1,503.7,14,2,0.2197
0,243,1,2,2567.0,967,194,3360.1027
0,244,3,0,3133.6,1628,247,6010.2197
0,245,1,2,2567.0,967,194,3360.1027
0,246,1,0,3299.6,1462,293,6320.2027
0,247,1,1,503.7,14,2,0.2197
0,248,1,2,2304.0,1230,245,3642.1397
0,249,1,1,503.7,14,2,0.2197
0,250,3,1,503.7,14,2,0.2197
0,251,1,1,503.7,14,2,0.2197
0,252,1,0,3299.6,1462,293,6320.2027
0,253,3,2,2567.0,967,194,3360.1027
0,254,1,0,3133.6,1628,247,6010.2197
0,255,1,0,3034.6,1727,346,6602.2397
0,256,1,2,2487.0,1047,194,3642.7427
0,257,1,0,2920.6,1841,346,6943.6697
0,258,1,2,2527.0,1007,194,3501.4227
0,259,1,1,503.7,14,2,0.2197
0,260,1,1,503.7,14,2,0.2197
0,261,3,1,503.7,14,2,0.2197
0,262,3,0,3297.6,1464,295,6320.2027
0,263,1,1,503.7,14,2,0.2197
0,264,1,2,2567.0,967,194,3360.1027
0,265,1,2,2304.0,1230,245,3642.1397
0,266,1,1,503.7,14,2,0.2197
0,267,3,0,3133.6,1628,247,6010.2197
0,268,1,2,2567.0,967,194,3360.1027
0,269,1,2,2567.0,967,194,3360.1027
0,270,3,2,2302.0,1232,247,3642.1397
0,271,1,1,503.7,14,2,0.2197
0,272,1,0,3299.6,1462,293,6320.2027
0,273,1,1,503.7,14,2,0.2197
0,274,3,1,503.7,14,2,0.2197
0,275,1,2,2567.0,967,194,3360.1027
0,276,1,0,3108.6,1653,247,6085.0947
0,277,3,2,2385.0,1149,194,4003.1087
0,278,3,0,3133.6,1628,247,6010.2197
0,279,1,1,503.7,14,2,0.2197
0,280,1,2,2567.0,967,194,3360.1027
0,281,3,2,2302.0,1232,247,3642.1397
0,282,1,2,2302.0,1232,247,3642.1397
0,283,1,1,503.7,14,2,0.2197
0,284,1,2,2567.0,967,194,3360.1027
0,285,3,0,3189.6,1572,295,6701.7667
0,286,1,2,2304.0,1230,245,3642.1397
0,287,1,0,3299.6,1462,293,6320.2027
0,288,1,0,3297.6,1464,295,6320.2027
0,289,1,2,2302.0,1232,247,3642.1397
0,290,3,1,503.7,14,2,0.2197
0,291,1,1,503.7,14,2,0.2197
0,292,1,2,2567.0,967,194,3360.1027
0,293,1,1,503.7,14,2,0.2197
0,294,3,0,2995.6,1766,297,6320.2027
0,295,1,2,2212.0,1322,247,3642.1397
0,296,1,0,2640.6,2121,350,6620.1797
0,297,3,0,2965.6,1796,350,6697.9197
0,298,1,0,2925.6,1836,348,6943.5997
0,299,3,0,3060.6,1701,293,7531.6397
0,300,1,0,2910.6,1851,293,8573.0127
0,301,1,0,3023.6,1738,348,6656.0597
0,302,3,2,2302.0,1232,247,3642.1397
0,303,1,2,2302.0,1232,247,3642.1397
0,304,1,2,2297.0,1237,245,3651.21258
0,305,1,0,2937.6,1824,346,6892.7547
0,306,1,1,292.7,225,4,0.2197
0,307,1,2,2567.0,967,194,3360.1027
0,308,3,1,457.7,60,4,0.2197
0,309,1,0,3289.6,1472,293,6320.4224
0,310,1,0,3133.6,1628,247,6010.2197
0,311,1,1,503.7,14,2,0.2197
0,312,1,0,3034.6,1727,346,6602.2397
0,313,1,1,503.7,14,2,0.2197
0,314,1,2,2400.0,1134,194,3950.1137
0,315,1,2,2428.0,1106,194,3851.1897
0,316,1,2,2304.0,1230,245,3642.1397
0,317,1,1,503.7,14,2,0.2197
0,318,1,0,3034.6,1727,346,6602.2397
0,319,1,1,503.7,14,2,0.2197
0,320,1,0,3299.6,1462,293,6320.2027
0,321,1,2,2567.0,967,194,3360.1027
0,322,3,0,3133.6,1628,247,6010.2197
0,323,1,2,2294.0,1240,245,3642.3594
0,324,1,1,503.7,14,2,0.2197
0,325,1,1,503.7,14,2,0.2197
0,326,1,1,503.7,14,2,0.2197
0,327,3,0,3299.6,1462,293,6320.2027
0,328,1,2,2567.0,967,194,3360.1027
0,329,1,1,503.7,14,2,0.2197
0,330,1,2,2304.0,1230,245,3642.1397
0,331,1,0,3034.6,1727,346,6602.2397
0,332,1,2,2373.0,1161,194,4045.5047
0,333,1,0,3297.6,1464,295,6320.2027
0,334,1,0,3032.6,1729,348,6602.2397
0,335,3,0,3034.6,1727,346,6602.2397
0,336,1,1,503.7,14,2,0.2197
0,337,1,1,503.7,14,2,0.2197
0,338,1,2,2567.0,967,194,3360.1027
0,339,1,1,503.7,14,2,0.2197
0,340,1,1,503.7,14,2,0.2197
0,341,1,0,3299.6,1462,293,6320.2027
0,342,1,2,2481.0,1053,194,3663.9407
0,343,1,1,503.7,14,2,0.2197
0,344,1,0,3204.6,1557,293,6655.8377
0,345,1,1,503.7,14,2,0.2197
0,346,3,1,503.7,14,2,0.2197
0,347,1,0,3121.6,1640,251,6010.2197
0,348,3,1,503.7,14,2,0.2197
0,349,3,0,2899.6,1862,297,6973.8077
0,350,1,2,2275.0,1259,249,3642.1397
0,351,3,0,3143.6,1618,293,6998.5947
0,352,1,0,2901.6,1860,346,7397.5797
0,353,1,2,2239.0,1295,249,3642.1397
0,354,1,2,2280.0,1254,249,3642.1397
0,355,3,2,2302.0,1232,247,3642.1397
0,356,1,1,503.7,14,2,0.2197
0,357,3,0,3136.6,1625,293,6896.0817
0,358,3,0,3032.6,1729,348,6602.2397
0,359,1,0,2965.6,1796,247,6513.3797
0,360,1,2,2237.0,1297,245,3842.8047
0,361,3,0,3199.6,1562,293,6673.5027
0,362,1,2,2121.0,1413,247,4184.2347
0,363,1,1,329.7,188,4,0.4394
0,364,1,1,478.7,39,4,0.2197
0,365,1,1,485.7,32,4,0.2197
0,366,1,0,3299.6,1462,293,6320.2027
0,367,1,2,2567.0,967,194,3360.1027
0,368,1,1,503.7,14,2,0.2197
0,369,1,0,3034.6,1727,346,6602.2397
0,370,1,2,2304.0,1230,245,3642.1397
0,371,1,1,496.7,21,2,0.37349
0,372,3,0,3034.6,1727,346,6602.2397
0,373,1,2,2503.0,1031,194,3586.2147
0,374,1,2,2304.0,1230,245,3642.1397
0,375,1,2,2302.0,1232,247,3642.1397
0,376,1,2,2302.0,1232,247,3642.1397
0,377,1,1,503.7,14,2,0.2197
0,378,1,0,3299.6,1462,293,6320.2027
0,379,1,2,2476.0,1058,194,3681.6057
0,380,1,0,3132.6,1629,247,6010.24167
0,381,1,0,3229.6,1532,293,6567.5127
0,382,3,0,3133.6,1628,247,6010.2197
0,383,1,1,503.7,14,2,0.2197
0,384,1,1,503.7,14,2,0.2197
0,385,1,2,2567.0,967,194,3360.1027
0,386,1,2,2567.0,967,194,3360.1027
0,387,3,0,3133.6,1628,247,6010.2197
0,388,1,2,2567.0,967,194,3360.1027
0,389,1,0,3297.6,1464,295,6320.2027
0,390,1,2,2304.0,1230,245,3642.1397
0,391,1,0,3034.6,1727,346,6602.2397
0,392,1,1,503.7,14,2,0.2197
0,393,1,1,501.7,16,4,0.2197
0,394,3,2,2446.0,1088,194,3787.5957
0,395,1,1,503.7,14,2,0.2197
0,396,1,0,3299.6,1462,293,6320.2027
0,397,1,2,2302.0,1232,247,3642.1397
0,398,1,0,3297.6,1464,295,6320.2027
0,399,1,0,3133.6,1628,247,6010.2197
0,400,1,0,3299.6,1462,293,6320.2027
0,401,1,1,503.7,14,2,0.2197
0,402,3,2,2567.0,967,194,3360.1027
0,403,1,0,3299.6,1462,293,6320.2027
0,404,1,1,503.7,14,2,0.2197
0,405,1,1,503.7,14,2,0.2197
0,406,3,2,2567.0,967,194,3360.1027
0,407,1,0,3299.6,1462,293,6320.2027
0,408,1,1,503.7,14,2,0.2197
0,409,3,2,2304.0,1230,245,3642.1397
0,410,1,2,2302.0,1232,247,3642.1397
0,411,1,1,503.7,14,2,0.2197
0,412,3,2,2443.0,1091,194,3798.1947
0,413,1,2,2394.0,1140,194,3971.3117
0,414,1,2,2302.0,1232,247,3642.1397
0,415,1,1,503.7,14,2,0.2197
0,416,1,2,2298.0,1236,247,3642.22758
0,417,1,2,2302.0,1232,247,3642.1397
0,418,1,2,2364.0,1170,194,4077.3017
0,419,1,2,2358.0,1176,194,4098.4997
0,420,1,1,503.7,14,2,0.2197
0,421,1,1,503.7,14,2,0.2197
0,422,1,0,3133.6,1628,247,6010.2197
0,423,3,1,503.7,14,2,0.2197
0,424,1,2,2567.0,967,194,3360.1027
0,425,1,2,2567.0,967,194,3360.1027
0,426,1,0,3034.6,1727,346,6602.2397
0,427,3,2,2304.0,1230,245,3642.1397
0,428,1,0,3032.6,1729,348,6602.2397
0,429,1,0,3206.6,1555,293,6648.7717
0,430,1,0,3211.6,1550,295,6624.0407
0,431,3,1,503.7,14,2,0.2197
0,432,1,1,503.7,14,2,0.2197
0,433,1,2,2302.0,1232,247,3642.1397
0,434,1,1,503.7,14,2,0.2197
0,435,1,0,3299.6,1462,293,6320.2027
0,436,1,1,503.7,14,2,0.2197
0,437,1,1,503.7,14,2,0.2197
0,438,1,2,2567.0,967,194,3360.1027
0,439,1,0,3269.6,1492,293,6426.1927
0,440,1,0,2847.6,1914,350,6602.2397
0,441,1,1,503.7,14,2,0.2197
0,442,1,1,503.7,14,2,0.2197
0,443,1,2,2184.0,1350,196,3699.2707
0,444,1,0,3114.6,1647,293,7426.5027
0,445,1,1,503.7,14,2,0.2197
0,446,1,2,2295.0,1239,249,3642.1397
0,447,3,2,2296.0,1238,247,3642.20561
0,448,1,1,496.7,21,2,0.37349
0,449,1,2,2302.0,1232,247,3642.1397
0,450,3,2,2302.0,1232,247,3642.1397
0,451,1,2,2298.0,1236,247,3642.22758
0,452,3,1,503.7,14,2,0.2197
0,453,1,1,503.7,14,2,0.2197
0,454,1,1,503.7,14,2,0.2197
0,455,3,2,2304.0,1230,245,3642.1397
0,456,1,2,2259.0,1275,247,3770.9247
0,457,3,0,3151.6,1610,293,6843.0867
0,458,1,1,179.7,338,4,0.2197
0,459,3,1,247.7,270,4,0.2197
0,460,1,1,345.7,172,4,0.2197
0,461,3,2,2567.0,967,194,3360.1027
0,462,1,0,3032.6,1729,247,6312.7147
0,463,1,0,3131.6,1630,249,6010.2197
0,464,1,2,2304.0,1230,245,3642.1397
0,465,1,0,3136.6,1625,295,6891.4627
0,466,1,1,503.7,14,2,0.2197
0,467,1,0,3297.6,1464,295,6320.2027
0,468,1,0,3133.6,1628,247,6010.2197
0,469,1,2,2304.0,1230,245,3642.1397
0,470,3,2,2452.0,1082,194,3766.3977
0,471,1,0,3034.6,1727,346,6602.2397
0,472,1,1,503.7,14,2,0.2197
0,473,1,0,3289.6,1472,297,6320.2027
0,474,3,1,503.7,14,2,0.2197
0,475,1,2,2567.0,967,194,3360.1027
0,476,1,0,2988.6,1773,348,6742.9747
0,477,1,0,3026.6,1735,346,6632.20561
0,478,1,2,2305.0,1229,196,3706.3367
0,479,1,0,3029.6,1732,348,6620.1797
0,480,1,2,2295.0,1239,249,3642.1397
0,481,1,2,2295.0,1239,247,3642.22758
0,482,1,2,2302.0,1232,247,3642.1397
0,483,1,2,2301.0,1233,247,3642.16167
0,484,1,1,344.7,173,4,0.2197
0,485,1,2,2490.0,1044,194,3632.1437
0,486,1,2,2277.0,1257,247,3717.0147
0,487,3,2,2445.0,1089,194,3791.1287
0,488,1,0,3003.6,1758,247,6399.5697
0,489,1,1,391.7,126,4,0.24167
0,490,1,0,3136.6,1625,293,6896.0817
0,491,1,1,503.7,14,2,0.2197
0,492,1,1,503.7,14,2,0.2197
0,493,3,0,3153.6,1608,297,6475.6547
0,494,3,1,503.7,14,2,0.2197
0,495,1,0,2969.6,1792,350,6715.8597
0,496,1,2,2144.0,1390,196,3360.1027
0,497,1,1,503.7,14,2,0.2197
0,498,1,0,2817.6,1944,346,7437.2247
0,499,1,0,2938.6,1823,350,6709.8797
0,500,3,0,3137.6,1624,297,7209.8617
0,501,1,1,502.7,15,2,0.24167
0,502,1,0,3011.6,1750,348,6727.8197
0,503,1,2,2211.0,1323,249,3642.1397
0,504,1,2,2292.0,1242,249,3642.1397
0,505,1,2,2257.0,1277,249,3642.1397
0,506,3,2,2238.0,1296,249,3797.8797
0,507,1,1,400.7,117,4,0.2197
0,508,1,1,462.7,55,4,0.2197
0,509,1,0,3073.6,1688,297,7230.4257
0,510,1,2,2094.0,1440,196,3851.1897
0,511,1,2,2254.0,1280,245,3791.8897
0,512,1,1,398.7,119,4,0.4394
0,513,1,0,2893.6,1868,346,7024.5347
0,514,1,0,2881.6,1880,247,6764.9597
0,515,1,0,2852.6,1909,247,6851.8147
0,516,1,0,2853.6,1908,249,6842.8297
0,517,1,0,2749.6,2012,247,7160.2997
0,518,1,2,2361.0,1173,194,4087.9007
0,519,3,0,3208.6,1553,295,6634.6397
0,520,3,0,3131.6,1630,249,6010.2197
0,521,1,0,2823.6,1938,346,7234.1847
0,522,1,2,2232.0,1302,194,4543.6577
0,523,3,2,2567.0,967,194,3360.1027
0,524,1,1,503.7,14,2,0.2197
0,525,1,1,496.7,21,2,0.37349
0,526,1,2,2567.0,967,194,3360.1027
0,527,1,2,2304.0,1230,245,3642.1397
0,528,1,0,3024.6,1737,346,6632.1897
0,529,1,2,2521.0,1013,194,3519.10967
0,530,1,0,3133.6,1628,247,6010.2197
0,531,1,1,503.7,14,2,0.2197
0,532,1,0,3034.6,1727,346,6602.2397
0,533,1,1,503.7,14,2,0.2197
0,534,1,0,3006.6,1755,346,6686.0997
0,535,1,2,2444.0,1090,194,3794.6617
0,536,3,0,3034.6,1727,346,6602.2397
0,537,3,2,2301.0,1233,247,3642.16167
0,538,1,1,503.7,14,2,0.2197
0,539,1,1,503.7,14,2,0.2197
0,540,1,1,503.7,14,2,0.2197
0,541,1,2,2567.0,967,194,3360.1027
0,542,1,0,3299.6,1462,293,6320.2027
0,543,1,0,3133.6,1628,247,6010.2197
0,544,1,1,503.7,14,2,0.2197
0,545,1,1,503.7,14,2,0.2197
0,546,1,0,3291.6,1470,293,6348.4667
0,547,3,2,2567.0,967,194,3360.1027
0,548,1,2,2302.0,1232,247,3642.1397
0,549,1,0,3096.6,1665,293,7037.4017
0,550,1,2,2302.0,1232,247,3642.1397
0,551,1,1,503.7,14,2,0.2197
0,552,3,0,3034.6,1727,346,6602.2397
0,553,3,2,2480.0,1054,194,3667.4737
0,554,1,0,3133.6,1628,247,6010.2197
0,555,1,0,3034.6,1727,346,6602.2397
0,556,3,1,503.7,14,2,0.2197
0,557,1,1,503.7,14,2,0.2197
0,558,3,1,503.7,14,2,0.2197
0,559,1,0,3299.6,1462,293,6320.2027
0,560,1,1,503.7,14,2,0.2197
0,561,1,2,2567.0,967,194,3360.1027
0,562,1,0,3133.6,1628,247,6010.2197
0,563,1,1,503.7,14,2,0.2197
0,564,1,2,2560.0,974,194,3360.25649
0,565,1,0,3034.6,1727,346,6602.2397
0,566,1,1,503.7,14,2,0.2197
0,567,3,2,2302.0,1232,247,3642.1397
0,568,3,2,2388.0,1146,194,3992.5097
0,569,1,2,2304.0,1230,245,3642.1397
0,570,1,1,503.7,14,2,0.2197
0,571,1,1,499.7,18,2,0.30758
0,572,3,1,503.7,14,2,0.2197
0,573,1,0,3024.6,1737,346,6632.1897
0,574,1,2,2455.0,1079,194,3731.22149
0,575,1,0,3032.6,1729,348,6602.2397
0,576,1,0,3032.6,1729,348,6602.2397
0,577,1,0,3196.6,1565,295,6677.0357
0,578,3,1,503.7,14,2,0.2197
0,579,3,2,2567.0,967,194,3360.1027
0,580,3,0,3299.6,1462,293,6320.2027
0,581,1,2,2413.0,1121,194,3904.1847
0,582,1,0,3133.6,1628,247,6010.2197
0,583,3,2,2304.0,1230,245,3642.1397
0,584,1,0,3133.6,1628,247,6010.2197
0,585,1,0,3104.6,1657,293,7009.1377
0,586,1,0,3131.6,1630,295,6906.6807
0,587,1,0,3034.6,1727,346,6602.2397
0,588,1,1,503.7,14,2,0.2197
0,589,1,0,3297.6,1464,295,6320.2027
0,590,1,2,2302.0,1232,247,3642.1397
0,591,3,0,3133.6,1628,247,6010.2197
0,592,3,2,2439.0,1095,194,3812.3267
0,593,1,2,2302.0,1232,247,3642.1397
0,594,1,2,2304.0,1230,245,3642.1397
0,595,1,1,503.7,14,2,0.2197
0,596,3,1,503.7,14,2,0.2197
0,597,1,2,2567.0,967,194,3360.1027
0,598,1,0,3296.6,1465,293,6330.8017
0,599,1,0,3131.6,1630,249,6010.2197
0,600,1,1,503.7,14,2,0.2197
0,601,1,0,3133.6,1628,247,6010.2197
0,602,1,1,503.7,14,2,0.2197
0,603,1,2,2304.0,1230,245,3642.1397
0,604,1,1,503.7,14,2,0.2197
0,605,1,2,2302.0,1232,247,3642.1397
0,606,1,1,503.7,14,2,0.2197
0,607,1,1,503.7,14,2,0.2197
0,608,1,1,503.7,14,2,0.2197
0,609,1,0,3299.6,1462,293,6320.2027
0,610,1,0,3297.6,1464,295,6320.2027
0,611,1,1,503.7,14,2,0.2197
0,612,1,2,2297.0,1237,245,3642.29349
0,613,1,1,503.7,14,2,0.2197
0,614,3,1,503.7,14,2,0.2197
0,615,1,0,3229.6,1532,293,6567.5127
0,616,1,1,503.7,14,2,0.2197
0,617,3,0,3299.6,1462,293,6320.2027
0,618,1,0,3034.6,1727,346,6602.2397
0,619,1,1,503.7,14,2,0.2197
0,620,1,2,2229.0,1305,245,3866.7647
0,621,3,2,2448.0,1086,194,3780.5297
0,622,3,1,503.7,14,2,0.2197
0,623,1,0,3123.6,1638,247,6010.4394
0,624,1,0,3299.6,1462,293,6320.2027
0,625,3,0,3034.6,1727,346,6602.2397
0,626,1,1,503.7,14,2,0.2197
0,627,3,1,503.7,14,2,0.2197
0,628,1,0,3034.6,1727,346,6602.2397
0,629,1,1,503.7,14,2,0.2197
0,630,3,2,2567.0,967,194,3360.1027
0,631,1,1,503.7,14,2,0.2197
0,632,1,0,3299.6,1462,293,6320.2027
0,633,1,0,3133.6,1628,247,6010.2197
0,634,1,1,503.7,14,2,0.2197
0,635,1,0,3034.6,1727,346,6602.2397
0,636,1,0,3034.6,1727,346,6602.2397
0,637,1,0,3297.6,1464,295,6320.2027
0,638,1,2,2565.0,969,196,3360.1027
0,639,1,2,2373.0,1161,194,4045.5047
0,640,1,2,2302.0,1232,247,3642.1397
0,641,3,1,503.7,14,2,0.2197
0,642,1,1,503.7,14,2,0.2197
0,643,1,2,2302.0,1232,247,3642.1397
0,644,1,0,3032.6,1729,348,6602.2397
0,645,1,2,2304.0,1230,245,3642.1397
0,646,3,2,2522.0,1012,196,3512.0217
0,647,1,0,3299.6,1462,293,6320.2027
0,648,1,0,3133.6,1628,247,6010.2197
0,649,3,1,503.7,14,2,0.2197
0,650,1,1,503.7,14,2,0.2197
0,651,1,1,503.7,14,2,0.2197
0,652,3,0,3299.6,1462,293,6320.2027
0,653,1,0,3216.6,1545,293,6613.4417
0,654,1,0,3034.6,1727,346,6602.2397
0,655,3,2,2304.0,1230,245,3642.1397
0,656,1,0,3028.6,1733,348,6602.32758
0,657,1,0,3032.6,1729,348,6602.2397
0,658,1,1,503.7,14,2,0.2197
0,659,1,1,503.7,14,2,0.2197
0,660,1,2,2567.0,967,194,3360.1027
0,661,1,1,503.7,14,2,0.2197
0,662,1,1,503.7,14,2,0.2197
0,663,3,0,3299.6,1462,293,6320.2027
0,664,1,0,3032.6,1729,348,6602.2397
0,665,1,2,2567.0,967,194,3360.1027
0,666,3,1,503.7,14,2,0.2197
0,667,1,2,2555.0,979,194,3402.4987
0,668,1,1,503.7,14,2,0.2197
0,669,1,2,2567.0,967,194,3360.1027
0,670,3,2,2522.0,1012,194,3519.0877
0,671,1,2,2304.0,1230,245,3642.1397
0,672,1,2,2302.0,1232,247,3642.1397
0,673,1,1,502.7,15,2,0.24167
0,674,1,1,503.7,14,2,0.2197
0,675,1,0,3034.6,1727,346,6602.2397
0,676,1,0,2975.6,1786,346,6778.9447
0,677,1,2,2456.0,1078,194,3752.2657
0,678,1,2,2302.0,1232,247,3642.1397
0,679,1,1,503.7,14,2,0.2197
0,680,1,0,3110.6,1651,295,6980.8737
0,681,1,2,2302.0,1232,247,3642.1397
0,682,1,0,3105.6,1656,247,6094.0797
0,683,1,2,2472.0,1062,194,3695.7377
0,684,3,2,2421.0,1113,194,3875.9207
0,685,3,1,503.7,14,2,0.2197
0,686,1,1,503.7,14,2,0.2197
0,687,3,2,2304.0,1230,245,3642.1397
0,688,1,1,503.7,14,2,0.2197
0,689,1,1,503.7,14,2,0.2197
0,690,1,2,2516.0,1018,194,3540.2857
0,691,1,2,2400.0,1134,194,3950.1137
0,692,1,0,3133.6,1628,247,6010.2197
0,693,1,1,503.7,14,2,0.2197
0,694,1,2,2567.0,967,194,3360.1027
0,695,1,0,3133.6,1628,247,6010.2197
0,696,1,2,2304.0,1230,245,3642.1397
0,697,1,0,3299.6,1462,293,6320.2027
0,698,3,0,3034.6,1727,346,6602.2397
0,699,3,2,2302.0,1232,247,3642.1397
0,700,3,1,503.7,14,2,0.2197
0,701,1,1,503.7,14,2,0.2197
0,702,1,0,3299.6,1462,293,6320.2027
0,703,3,2,2302.0,1232,247,3642.1397
0,704,1,2,2302.0,1232,247,3642.1397
0,705,1,0,3299.6,1462,293,6320.2027
0,706,1,0,3034.6,1727,346,6602.2397
0,707,1,0,3297.6,1464,295,6320.2027
0,708,1,1,503.7,14,2,0.2197
0,709,1,1,503.7,14,2,0.2197
0,710,1,1,503.7,14,2,0.2197
0,711,1,1,503.7,14,2,0.2197
0,712,3,1,503.7,14,2,0.2197
0,713,1,2,2567.0,967,194,3360.1027
0,714,3,1,503.7,14,2,0.2197
0,715,1,2,2567.0,967,194,3360.1027
0,716,1,1,503.7,14,2,0.2197
0,717,1,0,3034.6,1727,346,6602.2397
0,718,1,0,3032.6,1729,348,6602.2397
0,719,3,0,3032.6,1729,348,6602.2397
0,720,1,2,2302.0,1232,247,3642.1397
0,721,1,1,493.7,24,2,0.4394
0,722,1,1,489.7,28,2,0.52728
0,723,1,1,503.7,14,2,0.2197
0,724,1,1,503.7,14,2,0.2197
0,725,3,0,3299.6,1462,293,6320.2027
0,726,1,1,503.7,14,2,0.2197
0,727,1,2,2567.0,967,194,3360.1027
0,728,1,1,503.7,14,2,0.2197
0,729,1,1,501.7,16,4,0.2197
0,730,1,0,3098.6,1663,293,7030.3357
0,731,1,1,503.7,14,2,0.2197
0,732,1,0,3123.6,1638,251,6010.2197
0,733,1,1,503.7,14,2,0.2197
0,734,3,1,503.7,14,2,0.2197
0,735,3,1,503.7,14,2,0.2197
0,736,1,2,2567.0,967,194,3360.1027
0,737,3,1,503.7,14,2,0.2197
0,738,3,2,2252.0,1282,196,3360.1027
0,739,1,0,2904.6,1857,350,6733.7997
0,740,1,0,2920.6,1841,350,7140.4397
0,741,1,0,3002.6,1759,348,6662.0397
0,742,1,2,2148.0,1386,249,3642.22758
0,743,1,0,3020.6,1741,346,6685.9597
0,744,1,1,503.7,14,2,0.2197
0,745,1,0,3020.6,1741,350,6662.0397
0,746,1,0,2757.6,2004,348,8205.03349
0,747,1,1,467.7,50,4,0.2197
0,748,3,1,503.7,14,2,0.2197
0,749,3,0,3243.6,1518,293,6642.8477
0,750,1,0,2964.6,1797,348,6805.8997
0,751,1,2,2487.0,1047,194,3642.7427
0,752,1,1,281.7,236,4,0.2197
0,753,1,0,2590.6,2171,247,7615.69349
0,754,1,2,2094.0,1440,245,4271.0897
0,755,1,1,355.7,162,4,0.2197
0,756,1,1,473.7,44,4,0.2197
0,757,3,0,3155.6,1606,293,6828.9547
0,758,1,1,309.7,208,4,0.2197
0,759,1,2,2330.0,1204,194,4183.37958
0,760,1,0,3034.6,1727,346,6602.2397
0,761,3,1,503.7,14,2,0.2197
0,762,1,0,3133.6,1628,247,6010.2197
0,763,1,0,3055.6,1706,295,7175.1887
0,764,3,0,3298.6,1463,293,6323.7357
0,765,3,0,3034.6,1727,346,6602.2397
0,766,3,2,2302.0,1232,247,3642.1397
0,767,3,1,503.7,14,2,0.2197
0,768,1,1,503.7,14,2,0.2197
0,769,3,1,503.7,14,2,0.2197
0,770,1,1,503.7,14,2,0.2197
0,771,1,1,503.7,14,2,0.2197
0,772,1,1,503.7,14,2,0.2197
0,773,1,0,3299.6,1462,293,6320.2027
0,774,1,0,3297.6,1464,295,6320.2027
0,775,1,1,503.7,14,2,0.2197
0,776,1,2,2304.0,1230,245,3642.1397
0,777,1,0,3133.6,1628,247,6010.2197
0,778,1,0,3133.6,1628,247,6010.2197
0,779,1,2,2366.0,1168,194,4070.2357
0,780,1,2,2304.0,1230,245,3642.1397
0,781,1,0,3297.6,1464,295,6320.2027
0,782,1,0,3034.6,1727,346,6602.2397
0,783,3,1,503.7,14,2,0.2197
0,784,1,0,2991.6,1770,346,6731.0247
0,785,1,2,2441.0,1093,194,3805.2607
0,786,1,1,503.7,14,2,0.2197
0,787,1,0,3034.6,1727,346,6602.2397
0,788,1,1,503.7,14,2,0.2197
0,789,1,0,3299.6,1462,293,6320.2027
0,790,1,2,2567.0,967,194,3360.1027
0,791,1,2,2469.0,1065,194,3706.3367
0,792,1,2,2301.0,1233,247,3642.16167
0,793,1,0,3229.6,1532,293,6567.5127
0,794,1,0,3032.6,1729,348,6602.2397
0,795,3,0,3032.6,1729,348,6602.2397
0,796,1,2,2302.0,1232,247,3642.1397
0,797,1,0,3299.6,1462,293,6320.2027
0,798,1,1,503.7,14,2,0.2197
0,799,1,2,2560.0,974,194,3360.25649
0,800,1,2,2302.0,1232,247,3642.1397
0,801,1,1,503.7,14,2,0.2197
0,802,1,1,503.7,14,2,0.2197
0,803,1,0,3059.6,1702,247,6231.8497
0,804,3,1,503.7,14,2,0.2197
0,805,3,2,2462.0,1072,194,3731.0677
0,806,1,1,503.7,14,2,0.2197
0,807,3,2,2567.0,967,194,3360.1027
0,808,1,1,503.7,14,2,0.2197
0,809,1,0,2981.6,1780,247,6465.4597
0,810,1,2,2553.0,981,194,3409.5647
0,811,1,2,2567.0,967,194,3360.1027
0,812,3,1,503.7,14,2,0.2197
0,813,1,2,2304.0,1230,245,3642.1397
0,814,1,0,3299.6,1462,293,6320.2027
0,815,1,0,3133.6,1628,247,6010.2197
0,816,1,2,2450.0,1084,194,3773.4637
0,817,1,0,3034.6,1727,346,6602.2397
0,818,1,2,2299.0,1235,247,3642.20561
0,819,1,2,2302.0,1232,247,3642.1397
0,820,1,1,503.7,14,2,0.2197
0,821,1,1,503.7,14,2,0.2197
0,822,1,1,503.7,14,2,0.2197
0,823,3,2,2363.0,1171,194,4080.8347
0,824,1,1,503.7,14,2,0.2197
0,825,1,2,2304.0,1230,245,3642.1397
0,826,3,2,2302.0,1232,247,3642.1397
0,827,1,1,503.7,14,2,0.2197
0,828,1,0,3299.6,1462,293,6320.2027
0,829,1,0,3133.6,1628,247,6010.2197
0,830,1,0,3204.6,1557,293,6655.8377
0,831,1,0,3114.6,1647,247,6067.1247
0,832,1,2,2230.0,1304,245,3863.7697
0,833,3,2,2536.0,998,194,3469.6257
0,834,1,2,2302.0,1232,247,3642.1397
0,835,1,1,503.7,14,2,0.2197
0,836,1,2,2519.0,1015,194,3529.6867
0,837,1,1,496.7,21,2,0.37349
0,838,1,2,2302.0,1232,247,3642.1397
0,839,3,2,2567.0,967,194,3360.1027
0,840,1,2,2304.0,1230,245,3642.1397
0,841,1,0,3085.6,1676,249,6147.9897
0,842,1,1,503.7,14,2,0.2197
0,843,1,2,2498.0,1036,194,3603.8797
0,844,3,2,2304.0,1230,245,3642.1397
0,845,3,2,2567.0,967,194,3360.1027
0,846,1,2,2075.0,1459,249,4142.3047
0,847,3,2,2294.0,1240,196,3437.8287
0,848,1,2,2292.0,1242,249,3642.1397
0,849,1,0,2992.6,1769,348,6841.4397
0,850,1,2,1848.0,1686,249,3642.1397
0,851,1,0,3027.6,1734,348,6632.1397
0,852,1,1,503.7,14,2,0.2197
0,853,1,2,1982.0,1552,194,4070.2357
0,854,3,2,2295.0,1239,249,3642.1397
0,855,3,0,3023.6,1738,346,6608.4394
0,856,1,2,2302.0,1232,247,3642.1397
0,857,1,1,9.7,508,4,0.2197
0,858,3,0,2644.6,2117,247,7474.7747
0,859,1,2,1864.0,1670,194,5843.8017
0,860,1,0,2713.6,2048,247,7268.1197
0,861,3,2,2459.0,1075,194,3706.5564
0,862,1,0,3068.6,1693,249,6198.9047
0,863,3,0,3157.6,1604,297,6807.7567
0,864,1,1,492.7,25,4,0.2197
0,865,3,2,2373.0,1161,194,4045.5047
0,866,1,2,2304.0,1230,245,3642.1397
0,867,1,2,2304.0,1230,245,3642.1397
0,868,1,0,3034.6,1727,346,6602.2397
0,869,1,0,3034.6,1727,346,6602.2397
0,870,1,1,503.7,14,2,0.2197
0,871,1,1,503.7,14,2,0.2197
0,872,1,0,3278.6,1483,297,6320.2027
0,873,1,1,503.7,14,2,0.2197
0,874,1,0,3178.6,1583,295,6740.6297
0,875,1,1,503.7,14,2,0.2197
0,876,1,2,2290.0,1244,249,3642.1397
0,877,1,2,2302.0,1232,247,3642.1397
0,878,3,0,3034.6,1727,346,6602.2397
0,879,1,2,2459.0,1075,194,3741.6667
0,880,1,1,503.7,14,2,0.2197
0,881,1,0,2905.6,1856,348,6979.5097
0,882,1,2,2555.0,979,194,3402.4987
0,883,1,0,2946.6,1815,348,7056.9394
0,884,1,2,2091.0,1443,249,3642.1397
0,885,1,0,2964.6,1797,348,6847.6897
0,886,1,1,503.7,14,2,0.2197
0,887,1,2,2295.0,1239,249,3642.1397
0,888,1,0,3030.6,1731,346,6620.20167
0,889,1,0,3199.6,1562,295,6727.6117
0,890,1,1,503.7,14,2,0.2197
0,891,1,2,2456.0,1078,194,3752.2657
0,892,1,0,3133.6,1628,247,6010.2197
0,893,1,0,3034.6,1727,346,6602.2397
0,894,1,0,3104.6,1657,247,6097.0747
0,895,1,1,379.7,138,4,0.2197
0,896,1,0,3019.6,1742,293,7309.4427
0,897,1,0,2845.6,1916,293,7924.1847
0,898,1,1,393.7,124,4,0.2197
0,899,1,1,503.7,14,2,0.2197
0,900,1,2,2567.0,967,194,3360.1027
0,901,3,0,3180.6,1581,293,6716.05249
0,902,1,2,2304.0,1230,245,3642.1397
0,903,1,2,2302.0,1232,247,3642.1397
0,904,3,2,2543.0,991,194,3444.8947
0,905,3,0,3203.6,1558,293,6659.3707
0,906,1,0,3133.6,1628,247,6010.2197
0,907,1,1,503.7,14,2,0.2197
0,908,1,1,503.7,14,2,0.2197
0,909,1,1,503.7,14,2,0.2197
0,910,1,2,2302.0,1232,247,3642.1397
0,911,1,0,3034.6,1727,346,6602.2397
0,912,3,1,503.7,14,2,0.2197
0,913,1,2,2448.0,1086,194,3780.5297
0,914,1,0,3299.6,1462,293,6320.2027
0,915,1,1,503.7,14,2,0.2197
0,916,1,0,3034.6,1727,346,6602.2397
0,917,1,0,3032.6,1729,348,6602.2397
0,918,1,1,503.7,14,2,0.2197
0,919,1,1,503.7,14,2,0.2197
0,920,1,1,503.7,14,2,0.2197
0,921,1,1,503.7,14,2,0.2197
0,922,3,0,3027.6,1734,297,6320.2027
0,923,1,1,503.7,14,2,0.2197
0,924,1,0,3285.6,1476,297,6320.2027
0,925,3,2,2304.0,1230,245,3642.1397
0,926,1,0,3022.6,1739,350,6602.2397
0,927,1,0,3031.6,1730,348,6602.2397
0,928,3,0,3186.6,1575,295,6712.3657
0,929,1,0,3022.6,1739,346,6673.9997
0,930,1,2,2306.0,1228,196,3600.3467
0,931,1,2,2302.0,1232,247,3642.1397
0,932,1,2,2302.0,1232,247,3642.1397
0,933,1,2,2233.0,1301,247,3848.7947
0,934,1,2,2181.0,1353,194,4723.8407
0,935,1,0,3034.6,1727,346,6602.2397
0,936,1,1,305.7,212,4,0.37349
0,937,1,1,311.7,206,4,0.39546
0,938,1,0,3297.6,1464,295,6320.2027
0,939,1,0,3299.6,1462,293,6320.2027
0,940,3,0,3168.6,1593,295,6775.9597
0,941,1,2,2300.0,1234,245,3642.22758
0,942,1,1,503.7,14,2,0.2197
0,943,3,0,3034.6,1727,346,6602.2397
0,944,1,0,3032.6,1729,348,6602.2397
0,945,1,0,3056.6,1705,247,6240.8347
0,946,1,2,2530.0,1004,194,3490.8237
0,947,3,0,3032.6,1729,348,6602.2397
0,948,1,1,503.7,14,2,0.2197
0,949,1,2,2567.0,967,194,3360.1027
0,950,3,2,2360.0,1174,194,4091.4337
0,951,1,0,3034.6,1727,346,6602.2397
0,952,1,2,2304.0,1230,245,3642.1397
0,953,3,1,503.7,14,2,0.2197
0,954,3,2,2567.0,967,194,3360.1027
0,955,1,1,503.7,14,2,0.2197
0,956,1,0,2460.6,2301,297,10326.27467
0,957,3,2,2236.0,1298,249,3642.1397
0,958,1,2,2292.0,1242,249,3642.1397
0,959,1,2,2285.0,1249,249,3642.22758
0,960,1,2,2295.0,1239,249,3642.16167
0,961,1,0,2670.6,2091,350,6679.9797
0,962,1,0,2674.6,2087,350,8581.68561
0,963,1,2,2361.0,1173,196,4034.9057
0,964,1,2,2273.0,1261,196,3833.5247
0,965,1,2,2292.0,1242,249,3642.1397
0,966,1,0,2893.6,1868,350,7373.6597
0,967,1,0,1705.6,3056,350,8584.8997
0,968,3,0,2479.6,2282,297,9000.4447
0,969,1,0,1551.6,3210,350,8075.6997
0,970,3,2,2239.0,1295,249,3764.9347
0,971,1,0,1771.6,2990,350,11434.45849
0,972,1,0,1827.6,2934,297,12364.1967
0,973,1,2,1857.0,1677,196,4038.4387
0,974,1,2,1881.0,1653,249,3723.0047
0,975,1,2,1946.0,1588,249,4408.8597
0,976,1,0,1710.6,3051,346,12072.10758
0,977,1,1,269.7,248,4,0.2197
0,978,3,1,279.7,238,4,0.28561
0,979,1,0,2185.6,2576,293,11937.0537
0,980,1,0,2222.6,2539,346,10508.7697
0,981,1,1,486.7,31,4,0.2197
0,982,3,0,2932.6,1829,346,6916.6847
0,983,3,0,2843.6,1918,249,6872.7797
0,984,1,0,1644.6,3117,346,10765.2897
0,985,1,2,2068.0,1466,245,4345.98667
0,986,3,2,2240.0,1294,249,3791.8897
0,987,1,2,2139.0,1395,194,4872.2267
0,988,3,0,3009.6,1752,247,6351.8694
0,989,3,2,2246.0,1288,249,3731.9897
0,990,1,0,1699.6,3062,348,10594.5747
0,991,3,0,3246.6,1515,295,6500.3857
0,992,1,2,1827.0,1707,194,5974.5227
0,993,1,1,421.7,96,4,0.2197
0,994,1,1,233.7,284,4,0.2197
0,995,3,2,2442.0,1092,194,3801.7277
0,996,1,0,3133.6,1628,247,6010.2197
0,997,1,1,503.7,14,2,0.2197
0,998,3,1,503.7,14,2,0.2197
0,999,1,0,3131.6,1630,249,6010.2197
Time: 66120, 441716, 961615, 477952
