CONFIGURATION:
{u'simulation': {u'stdev_factor': 0.01, u'power_mgmt_enabled': False, u'tasks': {u'loc': {u'mean_service_time': {u'gpu': 90, u'cpu_core': 200, u'loc_accel': 10}, u'priority': 1, u'deadline': 1000, u'stdev_service_time': {u'gpu': 0.9, u'cpu_core': 2.0, u'loc_accel': 0.1}, u'power': {u'gpu': 4.457, u'cpu_core': 6.133, u'loc_accel': 0.02197}}, u'detect': {u'mean_service_time': {u'gpu': 0.4607, u'cpu_core': 3.654, u'det_accel': 0.278}, u'priority': 2, u'deadline': 1000, u'stdev_service_time': {u'gpu': 0.004607, u'cpu_core': 0.03654, u'det_accel': 0.0027800000000000004}, u'power': {u'gpu': 90, u'cpu_core': 200, u'det_accel': 10}}, u'Frontier': {u'mean_service_time': {u'cpu_core': 396}, u'priority': 9, u'deadline': 1000, u'stdev_service_time': {u'cpu_core': 3.96}, u'power': {u'cpu_core': 5.98}}, u'track': {u'mean_service_time': {u'gpu': 17, u'tra_accel': 2, u'cpu_core': 1820}, u'priority': 3, u'deadline': 1000, u'stdev_service_time': {u'gpu': 0.17, u'tra_accel': 0.02, u'cpu_core': 18.2}, u'power': {u'gpu': 12.79, u'tra_accel': 0.59, u'cpu_core': 5.6}}, u'sp': {u'mean_service_time': {u'gpu': 379, u'cpu_core': 1004}, u'priority': 11, u'deadline': 1000, u'stdev_service_time': {u'gpu': 3.79, u'cpu_core': 10.040000000000001}, u'power': {u'gpu': 3.302, u'cpu_core': 1004}}, u'mission': {u'mean_service_time': {u'cpu_core': 0.0022}, u'priority': 5, u'deadline': 1000, u'stdev_service_time': {u'cpu_core': 2.2000000000000003e-05}, u'power': {u'cpu_core': 3.534}}, u'motion': {u'mean_service_time': {u'cpu_core': 8}, u'priority': 6, u'deadline': 1000, u'stdev_service_time': {u'cpu_core': 0.08}, u'power': {u'cpu_core': 4.222}}, u'collision': {u'mean_service_time': {u'cpu_core': 8}, u'priority': 7, u'deadline': 1000, u'stdev_service_time': {u'cpu_core': 0.08}, u'power': {u'cpu_core': 0}}, u'fusion': {u'mean_service_time': {u'cpu_core': 1}, u'priority': 4, u'deadline': 1000, u'stdev_service_time': {u'cpu_core': 0.01}, u'power': {u'cpu_core': 0}}, u'map': {u'mean_service_time': {u'gpu': 761, u'cpu_core': 973}, u'priority': 10, u'deadline': 1000, u'stdev_service_time': {u'gpu': 7.61, u'cpu_core': 9.73}, u'power': {u'gpu': 3.533, u'cpu_core': 2.995}}, u'path': {u'mean_service_time': {u'cpu_core': 8}, u'priority': 8, u'deadline': 1000, u'stdev_service_time': {u'cpu_core': 0.08}, u'power': {u'cpu_core': 0}}}, u'sched_policy_module': u'policies.ms1_update2', u'drop': True, u'servers': {u'gpu': {u'count': 2}, u'tra_accel': {u'count': 1}, u'cpu_core': {u'count': 8}, u'loc_accel': {u'count': 1}, u'det_accel': {u'count': 1}}, u'max_tasks_simulated': 10000, u'max_queue_size': 1000000, u'mean_arrival_time': 50, u'arrival_time_scale': 2.8}, u'general': {u'random_seed': 0, u'pre_gen_arrivals': False, u'basename': u'policy:ms1_update2__stdev_factor:0.01', u'output_trace_file': None, u'working_dir': u'/home/hiwot/meta-stomp2/sim_16042020_195305_new_arrival_50_map_rheftmapping_50_trace_20', u'input_trace_file': (False, '../mv_mapping_50_trace_20.trc'), u'logging_level': u'INFO'}}

/home/hiwot/meta-stomp2/sim_16042020_195305_new_arrival_50_map_rheftmapping_50_trace_20/../mv_mapping_50_trace_20.trc

Running STOMP simulation...
Dropped,DAG ID,DAG Priority,DAG Type,Slack,Response Time,No-Affinity Time,Energy
0,0,3,2,2225.0,967,194,3360.1027
0,1,1,0,2836.8,1464,295,6320.2027
0,2,1,2,1962.0,1230,245,3642.1397
0,3,1,2,1959.0,1233,247,3642.16167
0,4,1,2,1960.0,1232,247,3642.1397
0,5,1,2,1960.0,1232,247,3642.1397
0,6,1,1,453.6,14,2,0.2197
0,7,1,1,448.6,19,2,0.32955
0,8,1,1,453.6,14,2,0.2197
0,9,1,1,453.6,14,2,0.2197
0,10,1,2,2144.0,1048,194,3646.2757
0,11,3,1,453.6,14,2,0.2197
0,12,1,1,453.6,14,2,0.2197
0,13,1,1,453.6,14,2,0.2197
0,14,1,2,2225.0,967,194,3360.1027
0,15,1,1,453.6,14,2,0.2197
0,16,3,0,2672.8,1628,247,6010.2197
0,17,1,1,453.6,14,2,0.2197
0,18,1,2,2210.0,982,194,3413.0977
0,19,1,0,2528.8,1772,350,6602.2397
0,20,1,0,2656.8,1644,297,6843.0867
0,21,1,0,2570.8,1730,346,6620.1797
0,22,3,2,1916.0,1276,249,3642.1397
0,23,1,2,2030.0,1162,196,3837.0577
0,24,1,0,2573.8,1727,346,6602.2397
0,25,3,2,1960.0,1232,247,3642.1397
0,26,3,0,2561.8,1739,348,6602.4594
0,27,3,1,453.6,14,2,0.2197
0,28,1,2,2014.0,1178,194,4105.5657
0,29,1,0,2571.8,1729,348,6602.2397
0,30,3,1,453.6,14,2,0.2197
0,31,1,1,-10.4,478,4,0.2197
0,32,1,2,2035.0,1157,194,4031.3727
0,33,1,2,1799.0,1393,247,4124.3347
0,34,1,0,2473.8,1827,247,6576.4944
0,35,1,1,392.6,75,4,0.2197
0,36,3,0,2670.8,1630,249,6010.2197
0,37,1,2,2225.0,967,194,3360.1027
0,38,1,1,453.6,14,2,0.2197
0,39,1,1,453.6,14,2,0.2197
0,40,1,1,453.6,14,2,0.2197
0,41,1,1,453.6,14,2,0.2197
0,42,1,1,453.6,14,2,0.2197
0,43,1,1,453.6,14,2,0.2197
0,44,1,0,2838.8,1462,293,6320.2027
0,45,1,0,2836.8,1464,295,6320.2027
0,46,1,0,2672.8,1628,247,6010.2197
0,47,1,1,453.6,14,2,0.2197
0,48,1,0,2672.8,1628,247,6010.2197
0,49,1,2,1962.0,1230,245,3642.1397
0,50,1,1,453.6,14,2,0.2197
0,51,1,1,453.6,14,2,0.2197
0,52,1,2,2214.0,978,194,3398.9657
0,53,1,2,2066.0,1126,194,3921.8497
0,54,1,2,1960.0,1232,247,3642.1397
0,55,1,0,2573.8,1727,346,6602.2397
0,56,3,2,1960.0,1232,247,3642.1397
0,57,1,1,453.6,14,2,0.2197
0,58,1,0,2672.8,1628,247,6010.2197
0,59,3,1,453.6,14,2,0.2197
0,60,1,0,2836.8,1464,295,6320.2027
0,61,1,2,2225.0,967,194,3360.1027
0,62,3,1,453.6,14,2,0.2197
0,63,1,2,1960.0,1232,245,3642.18364
0,64,1,2,1960.0,1232,247,3642.1397
0,65,1,2,1960.0,1232,247,3642.1397
0,66,1,2,2225.0,967,194,3360.1027
0,67,1,2,2225.0,967,194,3360.1027
0,68,1,0,2672.8,1628,247,6010.2197
0,69,1,0,2838.8,1462,293,6320.2027
0,70,3,2,2225.0,967,194,3360.1027
0,71,1,0,2672.8,1628,247,6010.2197
0,72,1,1,453.6,14,2,0.2197
0,73,1,1,453.6,14,2,0.2197
0,74,1,1,453.6,14,2,0.2197
0,75,1,2,2225.0,967,194,3360.1027
0,76,1,0,2672.8,1628,247,6010.2197
0,77,1,0,2705.8,1595,293,6790.0917
0,78,1,0,2672.8,1628,247,6010.2197
0,79,1,1,448.6,19,2,0.32955
0,80,1,1,453.6,14,2,0.2197
0,81,1,2,1962.0,1230,245,3642.1397
0,82,1,0,2670.8,1630,249,6010.2197
0,83,1,2,1960.0,1232,247,3642.1397
0,84,1,1,453.6,14,2,0.2197
0,85,1,2,2225.0,967,194,3360.1027
0,86,1,1,453.6,14,2,0.2197
0,87,3,0,2838.8,1462,293,6320.2027
0,88,1,1,453.6,14,2,0.2197
0,89,3,2,1960.0,1232,247,3642.1397
0,90,3,2,1960.0,1232,247,3642.1397
0,91,3,0,2672.8,1628,247,6010.2197
0,92,3,1,453.6,14,2,0.2197
0,93,3,0,2836.8,1464,295,6320.2027
0,94,1,1,453.6,14,2,0.2197
0,95,1,0,2838.8,1462,293,6320.2027
0,96,3,2,1962.0,1230,245,3642.1397
0,97,1,2,1962.0,1230,245,3642.1397
0,98,3,1,453.6,14,2,0.2197
0,99,1,0,2624.8,1676,293,7051.68749
0,100,1,2,1962.0,1230,245,3642.1397
0,101,1,2,2072.0,1120,194,3900.6517
0,102,1,1,453.6,14,2,0.2197
0,103,1,0,2658.8,1642,249,6010.2197
0,104,1,2,1962.0,1230,245,3642.1397
0,105,1,2,1962.0,1230,245,3642.1397
0,106,1,0,2630.8,1670,295,7016.2037
0,107,1,1,453.6,14,2,0.2197
0,108,1,0,2836.8,1464,293,6332.1627
0,109,3,0,2662.8,1638,251,6010.2197
0,110,3,0,2672.8,1628,247,6010.2197
0,111,1,0,2645.8,1655,293,7002.0717
0,112,1,2,1960.0,1232,247,3642.1397
0,113,1,1,453.6,14,2,0.2197
0,114,1,2,1960.0,1232,247,3642.1397
0,115,3,2,1960.0,1232,247,3642.1397
0,116,3,1,452.6,15,2,0.24167
0,117,1,0,2571.8,1729,348,6602.2397
0,118,3,1,384.6,83,4,0.2197
0,119,3,1,412.6,55,4,0.2197
0,120,3,0,2816.8,1484,293,6397.9287
0,121,1,1,453.6,14,2,0.2197
0,122,1,1,354.6,113,4,0.24167
0,123,3,1,418.6,49,4,0.2197
0,124,1,2,1962.0,1230,245,3642.1397
0,125,1,1,375.6,92,4,0.2197
0,126,1,2,2225.0,967,194,3360.1027
0,127,1,0,1564.8,2736,297,6747.6957
0,128,3,0,2477.8,1823,350,7122.4997
0,129,1,0,1997.8,2303,350,6685.9597
0,130,1,0,2008.8,2292,350,6703.8997
0,131,1,2,929.0,2263,249,3642.1397
0,132,1,2,1122.0,2070,196,3988.9767
0,133,1,0,2439.8,1861,297,7773.2307
0,134,1,0,2475.8,1825,350,6679.9797
0,135,1,2,1399.0,1793,249,3642.1397
0,136,1,1,453.6,14,2,0.2197
0,137,1,1,453.6,14,2,0.2197
0,138,2,2,1600.0,1592,249,3642.1397
0,139,1,2,1600.0,1592,245,4726.3297
0,140,1,0,2276.8,2024,297,8263.3527
0,141,1,2,1294.0,1898,196,5653.0197
0,142,1,2,1181.0,2011,247,5975.2447
0,143,3,2,1842.0,1350,245,4001.5397
0,144,1,0,2102.8,2198,247,7717.3697
0,145,3,1,75.6,392,4,0.2197
0,148,1,0,2050.8,2250,350,7584.5997
0,149,3,1,224.6,243,4,0.2197
0,151,1,2,1616.0,1576,245,4678.4097
0,152,1,0,2375.8,1925,297,7666.2757
0,153,1,0,2518.8,1782,251,6429.5197
0,154,1,2,1871.0,1321,196,4006.6417
0,155,1,2,1882.0,1310,249,3642.1397
0,156,1,2,1932.0,1260,249,3642.1397
0,157,1,2,1960.0,1232,247,3642.1397
0,158,3,0,2433.8,1867,350,6602.2397
0,159,1,2,2103.0,1089,194,3791.1287
0,160,1,0,2695.8,1605,297,6705.2997
0,161,1,0,2668.8,1632,247,6010.30758
0,162,1,2,1666.0,1526,249,3687.0647
0,163,1,2,1775.0,1417,249,3720.0097
0,164,1,2,1892.0,1300,249,3642.1397
0,165,3,2,1925.0,1267,247,3746.9647
0,166,1,1,453.6,14,2,0.2197
0,167,1,0,2770.8,1530,293,6560.4467
0,168,1,2,2075.0,1117,194,3890.0527
0,169,1,0,2670.8,1630,249,6010.2197
0,170,1,2,1944.0,1248,245,3696.0497
0,171,3,0,2514.8,1786,346,6778.9447
0,172,1,0,2627.8,1673,247,6144.9947
0,173,1,0,2605.8,1695,249,6204.8947
0,174,1,1,363.6,104,4,0.2197
0,175,1,2,2225.0,967,194,3360.1027
0,176,1,0,2836.8,1464,295,6320.2027
0,177,1,2,1960.0,1232,247,3642.1397
0,178,1,0,2780.8,1520,293,6525.1167
0,179,1,0,2838.8,1462,293,6320.2027
0,180,1,0,2838.8,1462,293,6320.2027
0,181,1,0,2680.8,1620,295,6871.3507
0,182,1,0,2672.8,1628,247,6010.2197
0,183,1,1,453.6,14,2,0.2197
0,184,1,0,2663.8,1637,249,6010.37349
0,185,1,0,2624.8,1676,295,7069.1987
0,186,1,0,2573.8,1727,346,6602.2397
0,187,1,1,453.6,14,2,0.2197
0,188,1,1,451.6,16,2,0.26364
0,189,1,0,2838.8,1462,293,6320.2027
0,190,1,1,453.6,14,2,0.2197
0,191,1,1,453.6,14,2,0.2197
0,192,3,2,2225.0,967,194,3360.1027
0,193,3,2,2122.0,1070,194,3724.0017
0,194,1,2,1962.0,1230,245,3642.1397
0,195,1,0,2814.8,1486,295,6397.9287
0,196,3,2,1910.0,1282,249,3642.1397
0,197,1,2,1934.0,1258,249,3642.1397
0,198,3,2,1953.0,1239,249,3642.1397
0,199,1,2,1947.0,1245,249,3642.29349
0,200,1,2,1962.0,1230,245,3642.1397
0,201,3,0,2571.8,1729,348,6602.2397
0,202,1,1,453.6,14,2,0.2197
0,203,3,1,453.6,14,2,0.2197
0,204,1,2,2087.0,1105,194,3823.07949
0,205,1,1,453.6,14,2,0.2197
0,206,1,2,2025.0,1167,194,4066.7027
0,207,1,2,1960.0,1232,247,3642.1397
0,208,1,2,1787.0,1405,245,4166.2647
0,209,1,1,261.6,206,4,0.2197
0,210,1,2,1959.0,1233,247,3645.1347
0,211,3,1,453.6,14,2,0.2197
0,212,1,0,2838.8,1462,293,6320.2027
0,213,1,2,2202.0,990,194,3441.3617
0,214,1,1,453.6,14,2,0.2197
0,215,3,2,1962.0,1230,245,3642.1397
0,216,1,2,1960.0,1232,247,3642.1397
0,217,3,1,451.6,16,4,0.2197
0,218,1,1,453.6,14,2,0.2197
0,219,3,2,2214.0,978,194,3398.9657
0,220,3,2,2049.0,1143,194,3981.9107
0,221,3,0,2672.8,1628,247,6010.2197
0,222,3,1,448.6,19,2,0.32955
0,223,3,2,1962.0,1230,245,3642.1397
0,224,1,2,1962.0,1230,245,3642.1397
0,225,1,0,2639.8,1661,295,7016.2037
0,226,1,1,453.6,14,2,0.2197
0,227,1,2,1962.0,1230,245,3642.1397
0,228,1,0,2573.8,1727,346,6602.2397
0,229,1,2,2050.0,1142,194,3978.3777
0,230,1,2,1960.0,1232,247,3642.1397
0,231,1,1,453.6,14,2,0.2197
0,232,3,2,1960.0,1232,247,3642.1397
0,233,1,2,1960.0,1232,247,3642.1397
0,234,1,0,2695.8,1605,293,6825.4217
0,235,3,2,2225.0,967,194,3360.1027
0,236,1,2,2156.0,1036,194,3603.8797
0,237,1,1,453.6,14,2,0.2197
0,238,1,2,1962.0,1230,245,3642.1397
0,239,3,2,1960.0,1232,247,3642.1397
0,240,1,1,453.6,14,2,0.2197
0,241,1,0,2672.8,1628,247,6010.2197
0,242,1,1,453.6,14,2,0.2197
0,243,1,2,2225.0,967,194,3360.1027
0,244,3,0,2836.8,1464,295,6320.2027
0,245,1,2,2225.0,967,194,3360.1027
0,246,1,0,2838.8,1462,293,6320.2027
0,247,1,1,453.6,14,2,0.2197
0,248,1,2,1962.0,1230,245,3642.1397
0,249,1,1,453.6,14,2,0.2197
0,250,3,1,453.6,14,2,0.2197
0,251,1,1,453.6,14,2,0.2197
0,252,1,0,2838.8,1462,293,6320.2027
0,253,3,2,2225.0,967,194,3360.1027
0,254,1,0,2672.8,1628,247,6010.2197
0,255,1,0,2573.8,1727,346,6602.2397
0,256,1,2,2061.0,1131,194,3939.5147
0,257,1,0,2672.8,1628,247,6010.2197
0,258,1,2,2097.0,1095,194,3812.3267
0,259,1,1,453.6,14,2,0.2197
0,260,1,1,453.6,14,2,0.2197
0,261,3,1,453.6,14,2,0.2197
0,262,3,0,2836.8,1464,295,6320.2027
0,263,1,1,453.6,14,2,0.2197
0,264,1,2,2225.0,967,194,3360.1027
0,265,1,2,1962.0,1230,245,3642.1397
0,266,1,1,453.6,14,2,0.2197
0,267,3,0,2672.8,1628,247,6010.2197
0,268,1,2,2181.0,1011,194,3515.5547
0,269,1,2,2162.0,1030,194,3582.6817
0,270,3,2,1960.0,1232,247,3642.1397
0,271,1,1,453.6,14,2,0.2197
0,272,1,0,2838.8,1462,293,6320.2027
0,273,1,1,453.6,14,2,0.2197
0,274,3,1,453.6,14,2,0.2197
0,275,1,2,2225.0,967,194,3360.1027
0,276,1,0,2672.8,1628,247,6010.2197
0,277,3,2,1962.0,1230,245,3642.1397
0,278,3,0,2722.8,1578,295,6722.9647
0,279,1,1,453.6,14,2,0.2197
0,280,1,2,2225.0,967,194,3360.1027
0,281,3,2,1960.0,1232,247,3642.1397
0,282,1,2,1960.0,1232,247,3642.1397
0,283,1,1,453.6,14,2,0.2197
0,284,1,2,2225.0,967,194,3360.1027
0,285,3,0,2649.8,1651,293,6987.9397
0,286,1,2,1962.0,1230,245,3642.1397
0,287,1,0,2838.8,1462,293,6320.2027
0,288,1,0,2765.8,1535,295,6571.0457
0,289,1,2,1960.0,1232,247,3642.1397
0,290,3,1,453.6,14,2,0.2197
0,291,1,1,453.6,14,2,0.2197
0,292,1,2,2225.0,967,194,3360.1027
0,293,1,1,453.6,14,2,0.2197
0,294,3,0,2559.8,1741,297,6320.2027
0,295,1,2,972.0,2220,249,3642.1397
0,296,1,0,2161.8,2139,350,7212.1997
0,297,3,0,2559.8,1741,350,6644.0997
0,298,1,0,2360.8,1940,346,7875.9797
0,299,3,0,2648.8,1652,297,6963.7587
0,300,1,0,2419.8,1881,293,8532.1827
0,301,1,0,2565.8,1735,348,6638.1197
0,302,3,2,1962.0,1230,245,3642.1397
0,303,1,2,1960.0,1232,247,3642.1397
0,304,1,2,1841.0,1351,245,3989.66955
0,305,1,0,2546.8,1754,247,6387.5897
0,307,1,2,2225.0,967,194,3360.1027
0,308,3,1,300.6,167,4,0.2197
0,309,1,0,2828.8,1472,293,6320.4224
0,310,2,0,2670.8,1630,249,6010.2197
0,311,1,1,453.6,14,2,0.2197
0,312,1,0,2672.8,1628,247,6010.2197
0,313,1,1,453.6,14,2,0.2197
0,314,1,2,1960.0,1232,247,3642.1397
0,315,1,2,2106.0,1086,194,3780.5297
0,316,1,2,2154.0,1038,194,3610.9457
0,317,1,1,453.6,14,2,0.2197
0,318,1,0,2573.8,1727,346,6602.2397
0,319,1,1,453.6,14,2,0.2197
0,320,1,0,2776.8,1524,293,6539.2487
0,321,1,2,1944.0,1248,247,3690.0597
0,322,3,0,2760.8,1540,295,6588.7107
0,323,1,2,1950.0,1242,247,3642.3594
0,324,1,1,453.6,14,2,0.2197
0,325,1,1,453.6,14,2,0.2197
0,326,1,1,453.6,14,2,0.2197
0,327,3,0,2838.8,1462,293,6320.2027
0,328,1,2,2225.0,967,194,3360.1027
0,329,1,1,453.6,14,2,0.2197
0,330,1,2,1962.0,1230,245,3642.1397
0,331,1,0,2573.8,1727,346,6602.2397
0,332,1,2,1960.0,1232,247,3642.1397
0,333,1,0,2836.8,1464,295,6320.2027
0,334,1,0,2815.8,1485,295,6394.3957
0,335,3,0,2573.8,1727,346,6602.2397
0,336,1,1,453.6,14,2,0.2197
0,337,1,1,453.6,14,2,0.2197
0,338,1,2,2167.0,1025,194,3565.0167
0,339,1,1,453.6,14,2,0.2197
0,340,1,1,453.6,14,2,0.2197
0,341,1,0,2838.8,1462,293,6320.2027
0,342,1,2,1960.0,1232,247,3642.1397
0,343,1,1,453.6,14,2,0.2197
0,344,1,0,1938.8,2362,297,6320.2027
0,345,1,1,453.6,14,2,0.2197
0,346,3,1,453.6,14,2,0.2197
0,347,1,0,2180.8,2120,297,6320.2027
0,348,3,1,453.6,14,2,0.2197
0,349,3,0,2352.8,1948,350,7170.3397
0,350,1,2,1412.0,1780,249,3642.1397
0,351,3,0,2481.8,1819,293,8210.3627
0,352,1,0,2531.8,1769,348,6841.4397
0,353,1,2,1873.0,1319,249,3869.7597
0,354,1,2,1918.0,1274,249,3642.1397
0,355,3,2,2129.0,1063,196,3572.0827
0,356,1,1,453.6,14,2,0.2197
0,357,3,0,2573.8,1727,346,6602.2397
0,358,3,0,2409.8,1891,346,7093.4197
0,359,1,0,2510.8,1790,346,6790.9247
0,360,1,2,1815.0,1377,245,4082.4047
0,361,3,0,2649.8,1651,293,6987.9397
0,362,1,2,1967.0,1225,194,4271.6167
0,363,1,1,-11.4,479,4,0.4394
0,364,1,1,277.6,190,4,0.2197
0,365,1,1,284.6,183,4,0.26364
0,366,1,0,2672.8,1628,247,6010.2197
0,367,1,2,2090.0,1102,194,3837.0577
0,368,1,1,453.6,14,2,0.2197
0,369,1,0,2442.8,1858,348,6988.5947
0,370,1,2,1962.0,1230,245,3642.1397
0,371,1,1,445.6,22,2,0.39546
0,372,3,0,2829.8,1471,297,6337.8677
0,373,1,2,1962.0,1230,245,3642.1397
0,374,1,2,1960.0,1232,247,3642.1397
0,375,1,2,1959.0,1233,247,3642.16167
0,376,1,2,1960.0,1232,247,3642.1397
0,377,1,1,453.6,14,2,0.2197
0,378,1,0,2643.8,1657,293,7009.1377
0,379,1,2,2225.0,967,194,3360.1027
0,380,1,0,2571.8,1729,346,6602.28364
0,381,1,0,2571.8,1729,348,6602.2397
0,382,3,0,2672.8,1628,247,6010.2197
0,383,1,1,453.6,14,2,0.2197
0,384,1,1,453.6,14,2,0.2197
0,385,1,2,2225.0,967,194,3360.1027
0,386,1,2,2225.0,967,194,3360.1027
0,387,3,0,2573.8,1727,346,6602.2397
0,388,1,2,2133.0,1059,194,3685.1387
0,389,1,0,2836.8,1464,295,6320.2027
0,390,1,2,1962.0,1230,245,3642.1397
0,391,1,0,2573.8,1727,346,6602.2397
0,392,1,1,453.6,14,2,0.2197
0,393,1,1,453.6,14,2,0.2197
0,394,3,2,1960.0,1232,247,3642.1397
0,395,1,1,453.6,14,2,0.2197
0,396,1,0,2836.8,1464,295,6320.2027
0,397,1,2,2223.0,969,194,3360.14664
0,398,1,0,2672.8,1628,247,6010.2197
0,399,1,0,2571.8,1729,348,6602.2397
0,400,1,0,2834.8,1466,297,6320.2027
0,401,1,1,453.6,14,2,0.2197
0,402,3,2,2225.0,967,194,3360.1027
0,403,1,0,2838.8,1462,293,6320.2027
0,404,1,1,453.6,14,2,0.2197
0,405,1,1,453.6,14,2,0.2197
0,406,3,2,2198.0,994,194,3455.4937
0,407,1,0,2806.8,1494,293,6433.2587
0,408,1,1,453.6,14,2,0.2197
0,409,3,2,1962.0,1230,245,3642.1397
0,410,1,2,1960.0,1232,247,3642.1397
0,411,1,1,453.6,14,2,0.2197
0,412,3,2,1962.0,1230,245,3642.1397
0,413,1,2,2051.0,1141,194,3974.8447
0,414,1,2,1960.0,1232,247,3642.1397
0,415,1,1,453.6,14,2,0.2197
0,416,1,2,2221.0,971,194,3360.19058
0,417,1,2,1960.0,1232,247,3642.1397
0,418,1,2,1960.0,1232,247,3642.1397
0,419,1,2,1960.0,1232,247,3642.1397
0,420,1,1,453.6,14,2,0.2197
0,421,1,1,453.6,14,2,0.2197
0,422,1,0,2838.8,1462,293,6320.2027
0,423,3,1,453.6,14,2,0.2197
0,424,1,2,2225.0,967,194,3360.1027
0,425,1,2,2027.0,1165,194,4059.6367
0,426,1,0,2672.8,1628,247,6010.2197
0,427,3,2,1960.0,1232,247,3642.1397
0,428,1,0,2573.8,1727,346,6602.2397
0,429,1,0,2661.8,1639,295,6938.4777
0,430,1,0,2670.8,1630,249,6010.2197
0,431,3,1,453.6,14,2,0.2197
0,432,1,1,453.6,14,2,0.2197
0,433,1,2,2225.0,967,194,3360.1027
0,434,1,1,453.6,14,2,0.2197
0,435,1,0,2706.8,1594,293,6786.5587
0,436,1,1,453.6,14,2,0.2197
0,437,1,1,453.6,14,2,0.2197
0,438,1,2,2225.0,967,194,3360.1027
0,439,1,0,2459.8,1841,251,6010.2197
0,440,1,0,2806.8,1494,297,6320.2027
0,441,1,1,453.6,14,2,0.2197
0,442,1,1,453.6,14,2,0.2197
0,443,1,2,2046.0,1146,194,3992.5097
0,444,1,0,2672.8,1628,247,6010.2197
0,445,1,1,453.6,14,2,0.2197
0,446,1,2,1962.0,1230,245,3642.1397
0,447,3,2,1955.0,1237,247,3642.24955
0,448,1,1,444.6,23,2,0.41743
0,449,1,2,1960.0,1232,247,3642.1397
0,450,3,2,2055.0,1137,194,3960.7127
0,451,1,2,1956.0,1236,247,3642.22758
0,452,3,1,453.6,14,2,0.2197
0,453,1,1,453.6,14,2,0.2197
0,454,1,1,453.6,14,2,0.2197
0,455,3,2,1960.0,1232,247,3642.1397
0,456,1,2,1868.0,1324,194,4621.3837
0,457,3,0,2586.8,1714,247,6267.7897
0,458,1,1,239.6,228,4,0.2197
0,459,3,1,317.6,150,4,0.2197
0,460,1,1,396.6,71,4,0.2197
0,461,3,2,1960.0,1232,247,3642.1397
0,462,1,0,2566.8,1734,295,7274.1127
0,463,1,0,2672.8,1628,247,6010.2197
0,464,1,2,1962.0,1230,245,3642.1397
0,465,1,0,2573.8,1727,346,6602.2397
0,466,1,1,453.6,14,2,0.2197
0,467,1,0,2836.8,1464,295,6320.2027
0,468,1,0,2665.8,1635,295,6924.3457
0,469,1,2,1962.0,1230,245,3642.1397
0,470,3,2,1962.0,1230,245,3642.1397
0,471,1,0,2573.8,1727,346,6602.2397
0,472,1,1,453.6,14,2,0.2197
0,473,1,0,2828.8,1472,297,6320.2027
0,474,3,1,453.6,14,2,0.2197
0,475,1,2,2225.0,967,194,3360.1027
0,476,1,0,2535.8,1765,348,6817.5197
0,477,1,0,2576.8,1724,295,7338.68355
0,478,1,2,1789.0,1403,249,3642.1397
0,479,1,0,2515.8,1785,348,6937.1197
0,480,1,2,1929.0,1263,249,3642.1397
0,481,1,2,1932.0,1260,249,3642.22758
0,482,1,2,1953.0,1239,249,3642.1397
0,483,1,2,1958.0,1234,247,3642.16167
0,484,1,1,169.6,298,4,0.2197
0,485,1,2,2064.0,1128,194,3928.9157
0,486,1,2,1960.0,1232,247,3642.1397
0,487,3,2,1930.0,1262,194,4402.3377
0,489,1,1,207.6,260,4,0.24167
0,491,1,1,286.6,181,4,0.2197
0,492,1,1,453.6,14,2,0.2197
0,493,3,0,2346.8,1954,297,6320.2027
0,494,3,1,453.6,14,2,0.2197
0,495,1,0,403.8,3897,297,7318.8627
0,497,1,1,453.6,14,2,0.2197
0,498,1,0,822.8,3478,350,7338.4797
0,499,1,0,892.8,3408,350,7038.7797
0,500,3,0,2606.8,1694,297,6574.3177
0,501,1,1,451.6,16,2,0.26364
0,502,1,0,1009.8,3291,350,6721.8397
0,504,2,2,8.0,3184,196,4190.3577
0,505,1,2,169.0,3023,249,3761.9397
0,506,3,2,1874.0,1318,249,3818.8447
0,509,1,0,1468.8,2832,297,9890.7657
0,510,1,2,587.0,2605,249,4576.5797
0,511,1,2,904.0,2288,196,4342.2767
0,513,1,0,2084.8,2216,350,8829.8347
0,514,1,0,2129.8,2171,350,7778.9547
0,515,1,0,2151.8,2149,350,7752.2497
0,516,1,0,2095.8,2205,295,8991.9897
0,517,1,0,2081.8,2219,348,8129.4897
0,518,1,2,1169.0,2023,249,5019.8397
0,519,3,0,2522.8,1778,346,6763.9397
0,520,3,0,2512.8,1788,348,6928.1947
0,521,2,0,2392.8,1908,293,7898.3677
0,522,1,2,1669.0,1523,245,4519.6747
0,523,3,2,2016.0,1176,194,4098.4997
0,524,2,1,192.6,275,4,0.2197
0,525,1,1,169.6,298,4,0.37349
0,526,1,2,2225.0,967,194,3360.1027
0,527,1,2,1962.0,1230,245,3642.1397
0,528,1,0,2573.8,1727,346,6602.2397
0,529,1,2,1959.0,1233,247,3642.16167
0,530,1,0,2670.8,1630,249,6010.2197
0,531,1,1,453.6,14,2,0.2197
0,532,1,0,2836.8,1464,295,6320.2027
0,533,1,1,453.6,14,2,0.2197
0,534,1,0,2672.8,1628,247,6010.2197
0,535,1,2,1809.0,1383,247,4094.3847
0,536,3,0,2783.8,1517,295,6507.4517
0,537,3,2,1959.0,1233,247,3642.16167
0,538,1,1,453.6,14,2,0.2197
0,539,1,1,453.6,14,2,0.2197
0,540,1,1,453.6,14,2,0.2197
0,541,1,2,2225.0,967,194,3360.1027
0,542,1,0,2838.8,1462,293,6320.2027
0,543,1,0,2672.8,1628,247,6010.2197
0,544,1,1,451.6,16,2,0.26364
0,545,1,1,453.6,14,2,0.2197
0,546,1,0,2738.8,1562,293,6673.5027
0,547,3,2,2198.0,994,194,3455.4937
0,548,1,2,1962.0,1230,245,3642.1397
0,549,1,0,2571.8,1729,348,6602.2397
0,550,1,2,1836.0,1356,245,4019.5097
0,551,1,1,453.6,14,2,0.2197
0,552,3,0,2807.8,1493,295,6422.6597
0,553,3,2,2028.0,1164,194,4056.1037
0,554,1,0,2573.8,1727,346,6602.2397
0,555,1,0,2672.8,1628,247,6010.2197
0,556,3,1,453.6,14,2,0.2197
0,557,1,1,453.6,14,2,0.2197
0,558,3,1,453.6,14,2,0.2197
0,559,1,0,2838.8,1462,293,6320.2027
0,560,1,1,453.6,14,2,0.2197
0,561,1,2,2225.0,967,194,3360.1027
0,562,1,0,2573.8,1727,346,6602.2397
0,563,1,1,453.6,14,2,0.2197
0,564,1,2,2218.0,974,194,3360.25649
0,565,1,0,2670.8,1630,249,6010.2197
0,566,1,1,453.6,14,2,0.2197
0,567,3,2,1960.0,1232,247,3642.1397
0,568,3,2,1960.0,1232,247,3642.1397
0,569,1,2,2078.0,1114,194,3879.4537
0,570,1,1,453.6,14,2,0.2197
0,571,1,1,449.6,18,2,0.30758
0,572,3,1,453.6,14,2,0.2197
0,573,1,0,2642.8,1658,293,7012.6707
0,574,1,2,1953.0,1239,247,3642.29349
0,575,1,0,2571.8,1729,348,6602.2397
0,576,1,0,2571.8,1729,348,6602.2397
0,577,1,0,2571.8,1729,348,6602.2397
0,578,3,1,453.6,14,2,0.2197
0,579,3,2,2225.0,967,194,3360.1027
0,580,3,0,2836.8,1464,295,6320.2027
0,581,1,2,1962.0,1230,245,3642.1397
0,582,1,0,2728.8,1572,295,6701.7667
0,583,3,2,1962.0,1230,245,3642.1397
0,584,1,0,2573.8,1727,346,6602.2397
0,585,1,0,2571.8,1729,348,6602.2397
0,586,1,0,2836.8,1464,295,6320.2027
0,587,1,0,2718.8,1582,295,6737.0967
0,588,1,1,453.6,14,2,0.2197
0,589,1,0,2672.8,1628,247,6010.2197
0,590,1,2,1962.0,1230,245,3642.1397
0,591,3,0,2697.8,1603,293,6818.3557
0,592,3,2,1962.0,1230,245,3642.1397
0,593,1,2,1960.0,1232,247,3642.1397
0,594,1,2,2203.0,989,194,3437.8287
0,595,1,1,453.6,14,2,0.2197
0,596,3,1,453.6,14,2,0.2197
0,597,1,2,2082.0,1110,194,3865.3217
0,598,1,0,2672.8,1628,247,6010.2197
0,599,1,0,2773.8,1527,295,6542.7817
0,600,1,1,453.6,14,2,0.2197
0,601,1,0,2573.8,1727,346,6602.2397
0,602,1,1,453.6,14,2,0.2197
0,603,1,2,1960.0,1232,245,3642.18364
0,604,1,1,453.6,14,2,0.2197
0,605,1,2,1960.0,1232,247,3642.1397
0,606,1,1,453.6,14,2,0.2197
0,607,1,1,453.6,14,2,0.2197
0,608,1,1,453.6,14,2,0.2197
0,609,1,0,2838.8,1462,293,6320.2027
0,610,1,0,2838.8,1462,293,6320.2027
0,611,1,1,453.6,14,2,0.2197
0,612,1,2,1954.0,1238,245,3642.31546
0,613,1,1,453.6,14,2,0.2197
0,614,3,1,453.6,14,2,0.2197
0,615,1,0,2682.8,1618,293,6871.3507
0,616,1,1,453.6,14,2,0.2197
0,617,3,0,2773.8,1527,295,6542.7817
0,618,1,0,2670.8,1630,249,6010.2197
0,619,1,1,453.6,14,2,0.2197
0,620,1,2,1962.0,1230,245,3642.1397
0,621,3,2,1960.0,1232,247,3642.1397
0,622,3,1,453.6,14,2,0.2197
0,623,1,0,2563.8,1737,346,6602.4594
0,624,1,0,2838.8,1462,293,6320.2027
0,625,3,0,2836.8,1464,295,6320.2027
0,626,1,1,453.6,14,2,0.2197
0,627,3,1,453.6,14,2,0.2197
0,628,1,0,2571.8,1729,348,6602.2397
0,629,1,1,453.6,14,2,0.2197
0,630,3,2,1962.0,1230,245,3642.1397
0,631,1,1,453.6,14,2,0.2197
0,632,1,0,2838.8,1462,293,6320.2027
0,633,1,0,2836.8,1464,295,6320.2027
0,634,1,1,453.6,14,2,0.2197
0,635,1,0,2670.8,1630,249,6010.2197
0,636,1,0,2573.8,1727,346,6602.2397
0,637,1,0,2571.8,1729,348,6602.2397
0,638,1,2,2206.0,986,194,3427.2297
0,639,1,2,2225.0,967,194,3360.1027
0,640,1,2,1960.0,1232,247,3642.1397
0,641,3,1,453.6,14,2,0.2197
0,642,1,1,453.6,14,2,0.2197
0,643,1,2,1960.0,1232,247,3642.1397
0,644,1,0,2571.8,1729,348,6602.2397
0,645,1,2,1962.0,1230,245,3642.1397
0,646,3,2,2075.0,1117,194,3890.0527
0,647,1,0,2838.8,1462,293,6320.2027
0,648,1,0,2672.8,1628,247,6010.2197
0,649,3,1,453.6,14,2,0.2197
0,650,1,1,453.6,14,2,0.2197
0,651,1,1,453.6,14,2,0.2197
0,652,3,0,2821.8,1479,293,6380.2637
0,653,1,0,2671.8,1629,293,6910.2137
0,654,1,0,2670.8,1630,249,6010.2197
0,655,3,2,1962.0,1230,245,3642.1397
0,656,1,0,2567.8,1733,348,6602.32758
0,657,1,0,2571.8,1729,348,6602.2397
0,658,1,1,453.6,14,2,0.2197
0,659,1,1,453.6,14,2,0.2197
0,660,1,2,2225.0,967,194,3360.1027
0,661,1,1,453.6,14,2,0.2197
0,662,1,1,453.6,14,2,0.2197
0,663,3,0,2838.8,1462,293,6320.2027
0,664,1,0,2672.8,1628,247,6010.2197
0,665,1,2,2225.0,967,194,3360.1027
0,666,3,1,453.6,14,2,0.2197
0,667,1,2,2122.0,1070,194,3724.0017
0,668,1,1,453.6,14,2,0.2197
0,669,1,2,2225.0,967,194,3360.1027
0,670,3,2,1962.0,1230,245,3642.1397
0,671,1,2,2036.0,1156,194,4027.8397
0,672,1,2,1960.0,1232,247,3642.1397
0,673,1,1,451.6,16,2,0.26364
0,674,1,1,453.6,14,2,0.2197
0,675,1,0,2672.8,1628,247,6010.2197
0,676,1,0,2670.8,1630,249,6010.2197
0,677,1,2,2033.0,1159,194,4038.4387
0,678,1,2,1962.0,1230,245,3642.1397
0,679,1,1,451.6,16,2,0.26364
0,680,1,0,2571.8,1729,348,6602.2397
0,681,1,2,2127.0,1065,194,3706.3367
0,682,1,0,2670.8,1630,249,6010.2197
0,683,1,2,1962.0,1230,245,3642.1397
0,684,3,2,2211.0,981,194,3409.5647
0,685,3,1,453.6,14,2,0.2197
0,686,1,1,453.6,14,2,0.2197
0,687,3,2,2049.0,1143,194,3981.9107
0,688,1,1,453.6,14,2,0.2197
0,689,1,1,453.6,14,2,0.2197
0,690,1,2,1962.0,1230,245,3642.1397
0,691,1,2,2100.0,1092,194,3801.7277
0,692,1,0,2692.8,1608,295,6828.9547
0,693,1,1,453.6,14,2,0.2197
0,694,1,2,1962.0,1230,245,3642.1397
0,695,1,0,2573.8,1727,346,6602.2397
0,696,1,2,1960.0,1232,247,3642.1397
0,697,1,0,2836.8,1464,295,6320.2027
0,698,3,0,2670.8,1630,249,6010.2197
0,699,3,2,1962.0,1230,245,3642.1397
0,700,3,1,453.6,14,2,0.2197
0,701,1,1,453.6,14,2,0.2197
0,702,1,0,2838.8,1462,293,6320.2027
0,703,3,2,1960.0,1232,247,3642.1397
0,704,1,2,1960.0,1232,247,3642.1397
0,705,1,0,2838.8,1462,293,6320.2027
0,706,1,0,2573.8,1727,346,6602.2397
0,707,1,0,2778.8,1522,295,6525.1167
0,708,1,1,453.6,14,2,0.2197
0,709,1,1,453.6,14,2,0.2197
0,710,1,1,453.6,14,2,0.2197
0,711,1,1,453.6,14,2,0.2197
0,712,3,1,453.6,14,2,0.2197
0,713,1,2,2225.0,967,194,3360.1027
0,714,3,1,453.6,14,2,0.2197
0,715,1,2,2084.0,1108,194,3858.2557
0,716,1,1,453.6,14,2,0.2197
0,717,1,0,2573.8,1727,346,6602.2397
0,718,1,0,2571.8,1729,348,6602.2397
0,719,3,0,2571.8,1729,348,6602.2397
0,720,1,2,1960.0,1232,247,3642.1397
0,721,1,1,443.6,24,2,0.4394
0,722,1,1,439.6,28,2,0.52728
0,723,1,1,453.6,14,2,0.2197
0,724,1,1,453.6,14,2,0.2197
0,725,3,0,2838.8,1462,293,6320.2027
0,726,1,1,453.6,14,2,0.2197
0,727,1,2,2225.0,967,194,3360.1027
0,728,1,1,453.6,14,2,0.2197
0,729,1,1,453.6,14,2,0.2197
0,730,1,0,2541.8,1759,251,6010.2197
0,731,1,1,453.6,14,2,0.2197
0,732,1,0,2684.8,1616,297,6772.4267
0,733,1,1,453.6,14,2,0.2197
0,734,3,1,453.6,14,2,0.2197
0,735,3,1,453.6,14,2,0.2197
0,736,1,2,836.0,2356,196,3360.1027
0,737,3,1,453.6,14,2,0.2197
0,738,3,2,1915.0,1277,196,3423.6967
0,739,1,0,2134.8,2166,350,6632.1397
0,740,1,0,2148.8,2152,350,6620.1797
0,741,1,0,2226.8,2074,350,6662.0397
0,742,1,2,1132.0,2060,249,3642.24955
0,743,1,0,2357.8,1943,350,6972.9997
0,744,1,1,453.6,14,2,0.2197
0,745,1,0,2416.8,1884,350,7062.6997
0,746,1,0,2355.8,1945,348,7646.26046
0,747,1,1,288.6,179,4,0.2197
0,748,3,1,355.6,112,4,0.2197
0,749,3,0,2729.8,1571,295,6722.7037
0,750,1,0,2570.8,1730,346,6620.1797
0,751,2,2,1773.0,1419,196,4003.1087
0,753,1,0,2163.8,2137,346,7809.37849
0,754,1,2,1443.0,1749,194,6122.9087
0,757,3,0,2513.8,1787,346,6781.9397
0,759,1,2,1809.0,1383,194,4815.78658
0,760,1,0,2456.8,1844,346,6952.6547
0,761,3,1,299.6,168,4,0.2197
0,762,1,0,2561.8,1739,346,6638.1797
0,763,1,0,2672.8,1628,247,6010.2197
0,764,3,0,2571.8,1729,348,6602.2397
0,765,3,0,2760.8,1540,295,6588.7107
0,766,3,2,2225.0,967,194,3360.1027
0,767,3,1,453.6,14,2,0.2197
0,768,1,1,453.6,14,2,0.2197
0,769,3,1,453.6,14,2,0.2197
0,770,1,1,453.6,14,2,0.2197
0,771,1,1,453.6,14,2,0.2197
0,772,1,1,453.6,14,2,0.2197
0,773,1,0,2774.8,1526,293,6546.3147
0,774,1,0,2672.8,1628,247,6010.2197
0,775,1,1,453.6,14,2,0.2197
0,776,1,2,2080.0,1112,194,3872.3877
0,777,1,0,2672.8,1628,247,6010.2197
0,778,1,0,2670.8,1630,249,6010.2197
0,779,1,2,1962.0,1230,245,3642.1397
0,780,1,2,1960.0,1232,247,3642.1397
0,781,1,0,2836.8,1464,295,6320.2027
0,782,1,0,2657.8,1643,293,6959.6757
0,783,3,1,453.6,14,2,0.2197
0,784,1,0,2573.8,1727,346,6602.2397
0,785,1,2,1960.0,1232,247,3642.1397
0,786,1,1,453.6,14,2,0.2197
0,787,1,0,2573.8,1727,346,6602.2397
0,788,1,1,453.6,14,2,0.2197
0,789,1,0,2838.8,1462,293,6320.2027
0,790,1,2,2225.0,967,194,3360.1027
0,791,1,2,2044.0,1148,194,3999.5757
0,792,1,2,1959.0,1233,247,3642.16167
0,793,1,0,2448.8,1852,348,6970.6247
0,794,1,0,2672.8,1628,247,6010.2197
0,795,3,0,2805.8,1495,293,6436.7917
0,796,1,2,1962.0,1230,245,3642.1397
0,797,1,0,2838.8,1462,293,6320.2027
0,798,1,1,453.6,14,2,0.2197
0,799,1,2,2218.0,974,194,3360.25649
0,800,1,2,1960.0,1232,247,3642.1397
0,801,1,1,453.6,14,2,0.2197
0,802,1,1,453.6,14,2,0.2197
0,803,1,0,2672.8,1628,247,6010.2197
0,804,3,1,453.6,14,2,0.2197
0,805,3,2,2039.0,1153,194,4017.2407
0,806,1,1,453.6,14,2,0.2197
0,807,3,2,2225.0,967,194,3360.1027
0,808,1,1,453.6,14,2,0.2197
0,809,1,0,2672.8,1628,247,6010.2197
0,810,1,2,2028.0,1164,194,4056.1037
0,811,1,2,2225.0,967,194,3360.1027
0,812,3,1,453.6,14,2,0.2197
0,813,1,2,1962.0,1230,245,3642.1397
0,814,1,0,2685.8,1615,295,6853.6857
0,815,1,0,2672.8,1628,247,6010.2197
0,816,1,2,1922.0,1270,196,4059.6367
0,817,1,0,2566.8,1734,348,6632.1397
0,818,1,2,1952.0,1240,247,3642.24955
0,819,1,2,1960.0,1232,247,3642.1397
0,820,1,1,453.6,14,2,0.2197
0,821,1,1,453.6,14,2,0.2197
0,822,1,1,453.6,14,2,0.2197
0,823,3,2,1962.0,1230,245,3642.1397
0,824,1,1,453.6,14,2,0.2197
0,825,1,2,1962.0,1230,245,3642.1397
0,826,3,2,2059.0,1133,196,3939.5147
0,827,1,1,453.6,14,2,0.2197
0,828,1,0,2708.8,1592,293,6779.4927
0,829,1,0,2571.8,1729,348,6602.2397
0,830,1,0,2571.8,1729,348,6602.2397
0,831,1,0,2489.8,1811,346,6853.8197
0,832,1,2,1962.0,1230,245,3642.1397
0,833,3,2,2208.0,984,194,3420.1637
0,834,1,2,2225.0,967,194,3360.1027
0,835,1,1,453.6,14,2,0.2197
0,836,1,2,1960.0,1232,247,3642.1397
0,837,1,1,446.6,21,2,0.37349
0,838,1,2,1960.0,1232,247,3642.1397
0,839,3,2,2225.0,967,194,3360.1027
0,840,1,2,2122.0,1070,194,3724.0017
0,841,1,0,1786.8,2514,251,6010.2197
0,842,1,1,453.6,14,2,0.2197
0,843,1,2,1725.0,1467,249,3642.1397
0,844,3,2,1950.0,1242,249,3642.1397
0,845,3,2,1576.0,1616,196,3603.8797
0,846,2,2,1468.0,1724,196,3787.5957
0,847,3,2,1916.0,1276,249,3642.1397
0,848,1,2,1663.0,1529,249,3642.1397
0,849,1,0,2524.8,1776,348,6817.5197
0,850,1,2,1778.0,1414,249,3642.1397
0,851,1,0,2568.8,1732,348,6620.1797
0,852,1,1,182.6,285,4,0.2197
0,853,1,2,1901.0,1291,249,3711.0247
0,854,3,2,2157.0,1035,194,3600.3467
0,855,3,0,2546.8,1754,350,6620.3994
0,856,1,2,1340.0,1852,245,5505.0297
0,858,3,0,2653.8,1647,251,6022.1997
0,859,1,2,1391.0,1801,247,5346.2947
0,860,1,0,2007.8,2293,348,8291.4197
0,861,3,2,2076.0,1116,196,3819.6124
0,862,1,0,2424.8,1876,293,7782.8647
0,863,3,0,2672.8,1628,247,6010.2197
0,864,1,1,233.6,234,4,0.2197
0,865,3,2,2225.0,967,194,3360.1027
0,866,1,2,1960.0,1232,247,3642.1397
0,867,1,2,1960.0,1232,247,3642.1397
0,868,1,0,2582.8,1718,249,6270.7847
0,869,1,0,2295.8,2005,297,6949.0767
0,870,1,1,453.6,14,2,0.2197
0,871,1,1,453.6,14,2,0.2197
0,872,1,0,2724.8,1576,293,6722.9647
0,873,1,1,453.6,14,2,0.2197
0,874,1,0,1538.8,2762,350,7367.6797
0,875,1,1,453.6,14,2,0.2197
0,876,1,2,1898.0,1294,249,3642.1397
0,877,1,2,1934.0,1258,249,3642.1397
0,878,3,0,2663.8,1637,251,6010.2197
0,879,1,2,1990.0,1202,196,3360.1027
0,880,1,1,453.6,14,2,0.2197
0,881,1,0,2346.8,1954,297,8189.1507
0,882,1,2,1345.0,1847,249,3642.1397
0,883,1,0,2435.8,1865,350,7044.9794
0,884,1,2,1421.0,1771,249,3657.1147
0,885,1,0,2319.8,1981,346,7974.8947
0,886,1,1,408.6,59,4,0.2197
0,887,1,2,1793.0,1399,196,4109.0987
0,888,1,0,2543.8,1757,346,6769.72364
0,889,1,0,2569.8,1731,348,6614.1997
0,890,1,1,255.6,212,4,0.2197
0,891,1,2,2024.0,1168,194,4070.2357
0,892,1,0,2669.8,1631,249,6013.2147
0,893,1,0,2672.8,1628,247,6010.2197
0,894,1,0,2420.8,1880,346,7060.4747
0,896,1,0,2498.8,1802,293,7521.4227
0,897,1,0,2412.8,1888,348,7078.4447
0,898,2,1,76.6,391,4,0.2197
0,899,1,1,381.6,86,4,0.2197
0,900,1,2,2225.0,967,194,3360.1027
0,901,3,0,2748.8,1552,293,6610.08446
0,902,1,2,1962.0,1230,245,3642.1397
0,903,1,2,1962.0,1230,245,3642.1397
0,904,3,2,2111.0,1081,194,3762.8647
0,905,3,0,2677.8,1623,293,6889.0157
0,906,1,0,2672.8,1628,247,6010.2197
0,907,1,1,453.6,14,2,0.2197
0,908,1,1,453.6,14,2,0.2197
0,909,1,1,453.6,14,2,0.2197
0,910,1,2,1962.0,1230,245,3642.1397
0,911,1,0,2573.8,1727,346,6602.2397
0,912,3,1,453.6,14,2,0.2197
0,913,1,2,1960.0,1232,247,3642.1397
0,914,1,0,2838.8,1462,293,6320.2027
0,915,1,1,453.6,14,2,0.2197
0,916,1,0,2838.8,1462,293,6320.2027
0,917,1,0,2573.8,1727,346,6602.2397
0,918,1,1,453.6,14,2,0.2197
0,919,1,1,453.6,14,2,0.2197
0,920,1,1,453.6,14,2,0.2197
0,921,1,1,453.6,14,2,0.2197
0,922,3,0,2600.8,1700,297,6376.7307
0,923,1,1,453.6,14,2,0.2197
0,924,1,0,2825.8,1475,295,6320.2027
0,925,3,2,1949.0,1243,249,3642.1397
0,926,1,0,2661.8,1639,251,6010.2197
0,927,1,0,2669.8,1631,249,6010.2197
0,928,3,0,2626.8,1674,297,7055.0667
0,929,1,0,2670.8,1630,249,6010.2197
0,930,1,2,2015.0,1177,196,3900.6517
0,931,1,2,1960.0,1232,247,3642.1397
0,932,1,2,1960.0,1232,247,3642.1397
0,933,1,2,1744.0,1448,245,4295.0497
0,934,1,2,1647.0,1545,247,4579.5747
0,935,1,0,2668.8,1632,293,6920.8127
0,936,1,1,445.6,22,2,0.39546
0,937,1,1,444.6,23,2,0.41743
0,938,1,0,2838.8,1462,293,6320.2027
0,939,1,0,2779.8,1521,295,6521.5837
0,940,3,0,2629.8,1671,293,7058.5997
0,941,1,2,1957.0,1235,245,3642.24955
0,942,1,1,453.6,14,2,0.2197
0,943,3,0,2672.8,1628,247,6010.2197
0,944,1,0,2670.8,1630,249,6010.2197
0,945,1,0,2672.8,1628,247,6010.2197
0,946,1,2,1843.0,1349,247,3992.5547
0,947,3,0,2771.8,1529,295,6549.8477
0,948,1,1,451.6,16,4,0.2197
0,949,1,2,2154.0,1038,194,3610.9457
0,950,3,2,1962.0,1230,245,3642.1397
0,952,1,2,2125.0,1067,194,3713.4027
0,953,3,1,453.6,14,2,0.2197
0,954,3,2,1844.0,1348,196,3360.1027
0,955,1,1,453.6,14,2,0.2197
0,957,3,2,1900.0,1292,196,3483.7577
0,968,3,0,2485.8,1815,297,7617.9417
0,969,1,0,143.8,4157,350,8984.9697
0,970,3,2,1758.0,1434,196,4829.8307
0,971,1,0,453.8,3847,350,9776.46849
0,972,1,0,549.8,3751,350,9524.7647
0,976,1,0,734.8,3566,350,12973.73258
0,978,3,1,339.6,128,4,0.30758
0,979,1,0,1279.8,3021,350,10345.9197
0,980,1,0,1322.8,2978,350,10226.1597
0,982,3,0,2609.8,1691,297,7336.4577
0,983,3,0,2523.8,1777,350,6686.0797
0,984,1,0,1625.8,2675,348,9444.4647
0,985,2,2,833.0,2359,196,7896.49667
0,986,3,2,1790.0,1402,249,3717.0147
0,987,1,2,880.0,2312,247,6876.7397
0,988,3,0,2553.8,1747,297,7223.7844
0,989,3,2,1591.0,1601,249,4708.38167
0,990,1,0,1259.8,3041,346,10537.6697
0,991,3,0,2531.8,1769,297,7367.6067
0,992,1,2,927.0,2265,247,6735.9747
0,995,3,2,1779.0,1413,194,4935.8207
0,996,1,0,2391.8,1909,293,7899.4537
0,998,3,1,155.6,312,4,0.2197
0,999,1,0,2448.8,1852,249,6675.1097
1,146,1,1,-433.4,901,2,6675.1097
1,147,1,1,-413.4,881,2,6675.1097
1,150,1,1,-265.4,733,2,6675.1097
1,306,1,1,-395.4,863,2,6675.1097
1,488,1,0,-38.2,4339,348,6675.1097
1,490,1,0,-184.2,4485,348,6675.1097
1,496,1,2,-262.0,3454,247,6675.1097
1,503,1,2,-14.0,3206,247,6675.1097
1,507,1,1,-2013.4,2481,2,6675.1097
1,508,1,1,-2270.4,2738,2,6675.1097
1,512,1,1,-1750.4,2218,2,6675.1097
1,752,1,1,-734.4,1202,2,6675.1097
1,755,1,1,-667.4,1135,2,6675.1097
1,756,1,1,-328.4,796,2,6675.1097
1,758,1,1,-182.4,650,2,6675.1097
1,857,1,1,-313.4,781,2,6675.1097
1,895,1,1,-93.4,561,2,6675.1097
1,951,1,0,-1708.2,6009,348,6675.1097
1,956,1,0,-878.2,5179,348,6675.1097
1,958,1,2,-1614.0,4806,247,6675.1097
1,959,1,2,-1613.0,4805,247,6675.1097
1,960,1,2,-1603.0,4795,247,6675.1097
1,961,1,0,-375.2,4676,348,6675.1097
1,962,1,0,-373.2,4674,348,6675.1097
1,963,1,2,-1417.0,4609,247,6675.1097
1,964,1,2,-1239.0,4431,194,6675.1097
1,965,1,2,-1224.0,4416,247,6675.1097
1,966,1,0,-41.2,4342,348,6675.1097
1,967,1,0,-12.2,4313,348,6675.1097
1,973,1,2,-445.0,3637,194,6675.1097
1,974,1,2,-411.0,3603,247,6675.1097
1,975,1,2,-360.0,3552,247,6675.1097
1,977,1,1,-2555.4,3023,2,6675.1097
1,981,1,1,-2147.4,2615,2,6675.1097
1,993,1,1,-1171.4,1639,2,6675.1097
1,994,1,1,-1034.4,1502,2,6675.1097
1,997,1,1,-35.4,503,2,6675.1097
Time: 68173, 599302, 879977, 251354
