CONFIGURATION:
{u'simulation': {u'stdev_factor': 0.01, u'power_mgmt_enabled': False, u'tasks': {u'loc': {u'mean_service_time': {u'gpu': 90, u'cpu_core': 200, u'loc_accel': 10}, u'priority': 1, u'deadline': 1000, u'stdev_service_time': {u'gpu': 0.9, u'cpu_core': 2.0, u'loc_accel': 0.1}, u'power': {u'gpu': 4.457, u'cpu_core': 6.133, u'loc_accel': 0.02197}}, u'detect': {u'mean_service_time': {u'gpu': 0.4607, u'cpu_core': 3.654, u'det_accel': 0.278}, u'priority': 2, u'deadline': 1000, u'stdev_service_time': {u'gpu': 0.004607, u'cpu_core': 0.03654, u'det_accel': 0.0027800000000000004}, u'power': {u'gpu': 90, u'cpu_core': 200, u'det_accel': 10}}, u'Frontier': {u'mean_service_time': {u'cpu_core': 396}, u'priority': 9, u'deadline': 1000, u'stdev_service_time': {u'cpu_core': 3.96}, u'power': {u'cpu_core': 5.98}}, u'track': {u'mean_service_time': {u'gpu': 17, u'tra_accel': 2, u'cpu_core': 1820}, u'priority': 3, u'deadline': 1000, u'stdev_service_time': {u'gpu': 0.17, u'tra_accel': 0.02, u'cpu_core': 18.2}, u'power': {u'gpu': 12.79, u'tra_accel': 0.59, u'cpu_core': 5.6}}, u'sp': {u'mean_service_time': {u'gpu': 379, u'cpu_core': 1004}, u'priority': 11, u'deadline': 1000, u'stdev_service_time': {u'gpu': 3.79, u'cpu_core': 10.040000000000001}, u'power': {u'gpu': 3.302, u'cpu_core': 1004}}, u'mission': {u'mean_service_time': {u'cpu_core': 0.0022}, u'priority': 5, u'deadline': 1000, u'stdev_service_time': {u'cpu_core': 2.2000000000000003e-05}, u'power': {u'cpu_core': 3.534}}, u'motion': {u'mean_service_time': {u'cpu_core': 8}, u'priority': 6, u'deadline': 1000, u'stdev_service_time': {u'cpu_core': 0.08}, u'power': {u'cpu_core': 4.222}}, u'collision': {u'mean_service_time': {u'cpu_core': 8}, u'priority': 7, u'deadline': 1000, u'stdev_service_time': {u'cpu_core': 0.08}, u'power': {u'cpu_core': 0}}, u'fusion': {u'mean_service_time': {u'cpu_core': 1}, u'priority': 4, u'deadline': 1000, u'stdev_service_time': {u'cpu_core': 0.01}, u'power': {u'cpu_core': 0}}, u'map': {u'mean_service_time': {u'gpu': 761, u'cpu_core': 973}, u'priority': 10, u'deadline': 1000, u'stdev_service_time': {u'gpu': 7.61, u'cpu_core': 9.73}, u'power': {u'gpu': 3.533, u'cpu_core': 2.995}}, u'path': {u'mean_service_time': {u'cpu_core': 8}, u'priority': 8, u'deadline': 1000, u'stdev_service_time': {u'cpu_core': 0.08}, u'power': {u'cpu_core': 0}}}, u'sched_policy_module': u'policies.ms3_update2', u'drop': True, u'servers': {u'gpu': {u'count': 2}, u'tra_accel': {u'count': 1}, u'cpu_core': {u'count': 8}, u'loc_accel': {u'count': 1}, u'det_accel': {u'count': 1}}, u'max_tasks_simulated': 10000, u'max_queue_size': 1000000, u'mean_arrival_time': 50, u'arrival_time_scale': 2.2}, u'general': {u'random_seed': 0, u'pre_gen_arrivals': False, u'basename': u'policy:ms3_update2__stdev_factor:0.01', u'output_trace_file': None, u'working_dir': u'/home/hiwot/meta-stomp2/sim_16042020_195305_new_arrival_50_map_rheftmapping_50_trace_20', u'input_trace_file': (False, '../mv_mapping_50_trace_20.trc'), u'logging_level': u'INFO'}}

/home/hiwot/meta-stomp2/sim_16042020_195305_new_arrival_50_map_rheftmapping_50_trace_20/../mv_mapping_50_trace_20.trc

Running STOMP simulation...
Dropped,DAG ID,DAG Priority,DAG Type,Slack,Response Time,No-Affinity Time,Energy
0,0,3,2,1541.0,967,194,3360.1027
0,1,1,0,1915.2,1464,295,6320.2027
0,2,1,2,1278.0,1230,245,3642.1397
0,3,1,2,1273.0,1235,247,3642.20561
0,4,1,2,1276.0,1232,247,3642.1397
0,5,1,2,1276.0,1232,247,3642.1397
0,6,1,1,351.4,16,2,0.26364
0,7,1,1,346.4,21,2,0.37349
0,8,1,1,353.4,14,2,0.2197
0,9,1,1,353.4,14,2,0.2197
0,10,1,2,1276.0,1232,247,3642.1397
0,11,3,1,353.4,14,2,0.2197
0,12,1,1,353.4,14,2,0.2197
0,13,1,1,353.4,14,2,0.2197
0,14,1,2,1541.0,967,194,3360.1027
0,15,1,1,353.4,14,2,0.2197
0,16,3,0,1692.2,1687,297,6320.2027
0,17,1,1,353.4,14,2,0.2197
0,18,1,2,6.0,2502,249,3642.1397
0,19,1,0,1043.2,2336,350,6644.0997
0,20,1,0,1145.2,2234,350,6620.1797
0,21,1,0,1145.2,2234,350,9574.2997
0,22,3,2,1040.0,1468,196,3572.0827
0,23,1,2,654.0,1854,196,3780.5297
0,24,1,0,1606.2,1773,348,6865.3597
0,25,3,2,883.0,1625,249,3642.1397
0,26,3,0,1635.2,1744,348,6632.3594
0,27,3,1,49.4,318,4,0.2197
0,28,1,2,968.0,1540,249,4393.8847
0,29,2,0,1401.2,1978,348,7353.9647
0,30,3,1,257.4,110,4,0.2197
0,32,1,2,1341.0,1167,196,4038.4387
0,33,1,2,1140.0,1368,245,4055.4497
0,34,1,0,1221.2,2158,247,7567.8394
0,36,3,0,1808.2,1571,293,6705.2997
0,37,1,2,1184.0,1324,245,3923.6697
0,40,1,1,-8.6,376,4,0.2197
0,41,2,1,312.4,55,4,0.2197
0,42,1,1,351.4,16,4,0.2197
0,43,1,1,353.4,14,2,0.2197
0,44,1,0,1361.2,2018,297,6320.2027
0,45,1,0,1485.2,1894,297,6320.2027
0,46,1,0,1494.2,1885,350,7128.4797
0,47,1,1,353.4,14,2,0.2197
0,48,1,0,1639.2,1740,346,6679.9797
0,49,1,2,926.0,1582,249,3642.1397
0,50,1,1,353.4,14,2,0.2197
0,51,1,1,353.4,14,2,0.2197
0,52,1,2,1220.0,1288,196,4109.0987
0,53,1,2,1225.0,1283,249,3642.1397
0,54,1,2,1207.0,1301,247,3848.7947
0,55,1,0,1652.2,1727,346,6602.2397
0,56,3,2,1442.0,1066,194,3709.8697
0,58,1,0,1686.2,1693,251,6192.9147
0,59,3,1,169.4,198,4,0.2197
0,60,1,0,1650.2,1729,346,6608.2297
0,61,1,2,1258.0,1250,245,3702.0397
0,62,3,1,46.4,321,4,0.2197
0,63,1,2,1304.0,1204,194,4186.89061
0,64,1,2,1335.0,1173,194,4087.9007
0,65,1,2,1260.0,1248,247,3690.0597
0,66,1,2,1276.0,1232,247,3642.1397
0,67,1,2,1276.0,1232,247,3642.1397
0,68,1,0,1917.2,1462,293,6320.2027
0,69,1,0,1909.2,1470,297,6320.2027
0,70,3,2,1272.0,1236,249,3642.1397
0,71,1,0,1652.2,1727,346,6602.2397
0,72,1,1,353.4,14,2,0.2197
0,73,1,1,353.4,14,2,0.2197
0,74,1,1,353.4,14,2,0.2197
0,75,1,2,1541.0,967,194,3360.1027
0,76,1,0,1773.2,1606,295,6811.2897
0,77,1,0,1749.2,1630,249,6010.2197
0,78,1,0,1647.2,1732,348,6620.1797
0,79,1,1,348.4,19,2,0.32955
0,80,1,1,353.4,14,2,0.2197
0,81,1,2,1205.0,1303,249,3642.1397
0,82,1,0,1645.2,1734,348,6632.1397
0,83,1,2,1276.0,1232,247,3642.1397
0,84,1,1,280.4,87,4,0.2197
0,85,1,2,1413.0,1095,194,3812.3267
0,86,1,1,353.4,14,2,0.2197
0,87,3,0,1771.2,1608,293,6836.0207
0,88,1,1,353.4,14,2,0.2197
0,89,3,2,1278.0,1230,245,3642.1397
0,90,3,2,1278.0,1230,245,3642.1397
0,91,3,0,1395.2,1984,350,7177.2797
0,92,3,1,229.4,138,4,0.2197
0,93,3,0,1708.2,1671,297,7023.2697
0,94,1,1,353.4,14,2,0.2197
0,95,1,0,1559.2,1820,346,6895.6997
0,96,3,2,1189.0,1319,196,3791.1287
0,97,1,2,1278.0,1230,245,3642.1397
0,98,3,1,353.4,14,2,0.2197
0,99,1,0,397.2,2982,350,6602.39349
0,100,1,2,1278.0,1230,245,3642.1397
0,101,1,2,1278.0,1230,245,3642.1397
0,102,1,1,353.4,14,2,0.2197
0,104,1,2,163.0,2345,196,3833.5247
0,105,1,2,-5690.0,8198,249,3642.1397
0,107,1,1,229.4,138,4,0.2197
0,109,3,0,1218.2,2161,350,9113.8397
0,110,3,0,1406.2,1973,297,8521.5697
0,113,1,1,353.4,14,2,0.2197
0,115,3,2,1258.0,1250,249,3645.1347
0,116,3,1,20.4,347,4,0.30758
0,118,3,1,306.4,61,4,0.2197
0,119,3,1,329.4,38,4,0.2197
0,120,3,0,1158.2,2221,350,7015.4397
0,123,3,1,310.4,57,4,0.2197
0,128,3,0,1162.2,2217,350,6781.7897
0,132,2,2,996.0,1512,249,4046.4647
0,143,3,2,720.0,1788,249,4172.2547
0,145,3,1,217.4,150,4,0.2197
0,149,3,1,334.4,33,4,0.2197
0,158,3,0,1631.2,1748,297,6559.6497
0,165,3,2,804.0,1704,249,3974.5847
0,171,3,0,1257.2,2122,350,7526.6447
0,172,1,0,330.2,3049,297,9240.1667
0,173,1,0,381.2,2998,350,8763.2997
0,176,1,0,838.2,2541,350,7701.3847
0,177,2,2,173.0,2335,249,4894.0497
0,178,1,0,1369.2,2010,350,7243.1397
0,179,2,0,1869.2,1510,293,6607.2427
0,180,2,0,1915.2,1464,295,6320.2027
0,181,2,0,1644.2,1735,348,6620.2097
0,182,1,0,1740.2,1639,247,6043.1647
0,183,1,1,-11.6,379,4,0.2197
0,184,1,0,1907.2,1472,295,6320.37846
0,185,1,0,1747.2,1632,249,6016.2097
0,186,1,0,1703.2,1676,295,7069.1987
0,187,1,1,353.4,14,2,0.2197
0,188,1,1,350.4,17,2,0.28561
0,189,1,0,1048.2,2331,297,6320.2027
0,190,1,1,353.4,14,2,0.2197
0,191,1,1,353.4,14,2,0.2197
0,192,3,2,1318.0,1190,196,3370.7017
0,193,3,2,877.0,1631,249,3642.1397
0,194,2,2,986.0,1522,196,3851.1897
0,195,1,0,1631.2,1748,348,6715.8597
0,196,3,2,1297.0,1211,196,4059.6367
0,197,1,2,1243.0,1265,249,3642.1397
0,198,3,2,1268.0,1240,249,3642.16167
0,199,1,2,1251.0,1257,249,3642.33743
0,200,1,2,1276.0,1232,247,3642.1397
0,201,3,0,1650.2,1729,348,6602.2397
0,203,3,1,284.4,83,4,0.2197
0,204,1,2,1204.0,1304,245,3839.98546
0,206,1,2,1256.0,1252,194,4367.0077
0,207,1,2,1153.0,1355,245,4016.5147
0,208,1,2,1211.0,1297,194,4525.9927
0,210,1,2,1019.0,1489,245,4417.8447
0,211,3,1,181.4,186,4,0.2197
0,212,1,0,1652.2,1727,346,6602.2397
0,213,1,2,1276.0,1232,247,3642.1397
0,214,1,1,353.4,14,2,0.2197
0,215,3,2,1278.0,1230,245,3642.1397
0,216,1,2,1425.0,1083,196,3762.8647
0,217,3,1,353.4,14,2,0.2197
0,218,1,1,353.4,14,2,0.2197
0,219,3,2,1479.0,1029,194,3579.1487
0,220,3,2,995.0,1513,249,3642.1397
0,221,3,0,1647.2,1732,346,6632.1397
0,222,3,1,348.4,19,2,0.32955
0,223,3,2,1273.0,1235,247,3642.1397
0,224,1,2,1278.0,1230,245,3642.1397
0,225,1,0,1785.2,1594,295,6779.4927
0,226,1,1,353.4,14,2,0.2197
0,227,1,2,1276.0,1232,247,3642.1397
0,228,1,0,1650.2,1729,348,6602.2397
0,229,1,2,1333.0,1175,194,4094.9667
0,230,1,2,1276.0,1232,247,3642.1397
0,231,1,1,353.4,14,2,0.2197
0,232,3,2,1276.0,1232,247,3642.1397
0,233,1,2,1261.0,1247,245,3693.0547
0,234,1,0,1626.2,1753,293,7348.3057
0,235,3,2,1541.0,967,194,3360.1027
0,236,1,2,1278.0,1230,245,3642.1397
0,237,1,1,353.4,14,2,0.2197
0,238,1,2,1264.0,1244,245,3684.0697
0,239,3,2,1439.0,1069,194,3720.4687
0,240,1,1,353.4,14,2,0.2197
0,241,1,0,1652.2,1727,346,6602.2397
0,242,1,1,353.4,14,2,0.2197
0,243,1,2,1541.0,967,194,3360.1027
0,244,3,0,1652.2,1727,346,6602.2397
0,245,1,2,1541.0,967,194,3360.1027
0,246,1,0,1890.2,1489,293,6415.5937
0,247,1,1,353.4,14,2,0.2197
0,248,1,2,1278.0,1230,245,3642.1397
0,249,1,1,353.4,14,2,0.2197
0,250,3,1,353.4,14,2,0.2197
0,251,1,1,353.4,14,2,0.2197
0,252,1,0,1680.2,1699,293,7157.5237
0,253,3,2,1485.0,1023,194,3557.9507
0,254,1,0,1749.2,1630,249,6010.2197
0,255,1,0,1652.2,1727,346,6602.2397
0,256,1,2,1276.0,1232,247,3642.1397
0,257,1,0,1652.2,1727,346,6602.2397
0,258,1,2,1276.0,1232,247,3642.1397
0,259,1,1,353.4,14,2,0.2197
0,260,1,1,353.4,14,2,0.2197
0,261,3,1,353.4,14,2,0.2197
0,262,3,0,1915.2,1464,295,6320.2027
0,263,1,1,353.4,14,2,0.2197
0,264,1,2,1541.0,967,194,3360.1027
0,265,1,2,1278.0,1230,245,3642.1397
0,266,1,1,353.4,14,2,0.2197
0,267,3,0,1652.2,1727,346,6602.2397
0,268,1,2,1274.0,1234,249,3642.1397
0,269,1,2,1420.0,1088,194,3787.5957
0,270,3,2,1541.0,967,194,3360.1027
0,271,1,1,353.4,14,2,0.2197
0,272,1,0,1731.2,1648,293,6977.3407
0,273,1,1,353.4,14,2,0.2197
0,274,3,1,353.4,14,2,0.2197
0,275,1,2,1459.0,1049,194,3649.8087
0,276,1,0,1751.2,1628,247,6010.2197
0,277,3,2,1278.0,1230,245,3642.1397
0,278,3,0,1749.2,1630,249,6010.2197
0,279,1,1,353.4,14,2,0.2197
0,280,1,2,1210.0,1298,247,3839.8097
0,281,3,2,1524.0,984,194,3420.1637
0,282,1,2,1392.0,1116,194,3886.5197
0,283,1,1,353.4,14,2,0.2197
0,284,1,2,1276.0,1232,247,3642.1397
0,285,3,0,1650.2,1729,348,6602.2397
0,286,1,2,1278.0,1230,245,3642.1397
0,287,1,0,1915.2,1464,295,6320.2027
0,288,1,0,1915.2,1464,295,6320.2027
0,289,1,2,1278.0,1230,245,3642.1397
0,290,3,1,353.4,14,2,0.2197
0,291,1,1,353.4,14,2,0.2197
0,292,1,2,1541.0,967,194,3360.1027
0,293,1,1,353.4,14,2,0.2197
0,294,3,0,1281.2,2098,297,8114.2027
0,295,1,2,248.0,2260,249,3642.1397
0,296,1,0,1179.2,2200,350,8216.8397
0,297,3,0,1550.2,1829,350,6805.5597
0,298,1,0,1471.2,1908,350,7367.6797
0,299,3,0,1598.2,1781,350,6620.1797
0,300,1,0,1395.2,1984,295,9040.7297
0,301,1,0,1544.2,1835,350,6922.5847
0,302,3,2,1268.0,1240,196,3699.2707
0,303,1,2,1095.0,1413,249,3642.1397
0,304,1,2,1096.0,1412,249,3642.27152
0,305,1,0,1287.2,2092,348,7698.3797
0,307,1,2,1313.0,1195,194,4165.6267
0,308,3,1,271.4,96,4,0.2197
0,309,1,0,1597.2,1782,297,7330.8604
0,310,1,0,1331.2,2048,348,7614.3597
0,312,1,0,1513.2,1866,346,7045.4097
0,313,2,1,84.4,283,4,0.2197
0,314,1,2,1215.0,1293,249,3714.0197
0,315,1,2,1270.0,1238,245,3666.0997
0,316,1,2,1276.0,1232,247,3642.1397
0,317,1,1,140.4,227,4,0.2197
0,318,1,0,1609.2,1770,293,7408.3667
0,319,1,1,279.4,88,4,0.2197
0,320,1,0,1917.2,1462,293,6320.2027
0,321,1,2,1276.0,1232,247,3642.1397
0,322,3,0,1650.2,1729,348,6602.2397
0,323,1,2,1023.0,1485,245,4376.1344
0,324,1,1,171.4,196,4,0.2197
0,325,1,1,291.4,76,4,0.2197
0,326,1,1,353.4,14,2,0.2197
0,327,3,0,1917.2,1462,293,6320.2027
0,328,1,2,1541.0,967,194,3360.1027
0,329,1,1,353.4,14,2,0.2197
0,330,1,2,1276.0,1232,247,3642.1397
0,331,1,0,1652.2,1727,346,6602.2397
0,332,1,2,1276.0,1232,247,3642.1397
0,333,1,0,1725.2,1654,293,6998.5387
0,334,1,0,1751.2,1628,247,6010.2197
0,335,3,0,1870.2,1509,295,6479.1877
0,336,1,1,353.4,14,2,0.2197
0,337,1,1,353.4,14,2,0.2197
0,338,1,2,1278.0,1230,245,3642.1397
0,339,1,1,353.4,14,2,0.2197
0,340,1,1,353.4,14,2,0.2197
0,341,1,0,1780.2,1599,297,6768.8937
0,342,1,2,1541.0,967,194,3360.1027
0,343,1,1,353.4,14,2,0.2197
0,345,1,1,353.4,14,2,0.2197
0,346,3,1,353.4,14,2,0.2197
0,348,3,1,353.4,14,2,0.2197
0,349,3,0,1231.2,2148,297,9700.1517
0,351,3,0,1411.2,1968,350,7014.8597
0,355,3,2,1007.0,1501,249,3642.1397
0,356,1,1,307.4,60,4,0.2197
0,357,3,0,1455.2,1924,350,6632.1397
0,358,3,0,1472.2,1907,297,7884.5247
0,359,1,0,309.2,3070,350,6659.1147
0,361,3,0,1389.2,1990,297,7220.3067
0,366,1,0,1032.2,2347,350,7147.2997
0,367,2,2,369.0,2139,196,4193.8907
0,369,1,0,1276.2,2103,346,8489.5347
0,370,1,2,627.0,1881,249,4324.9997
0,372,3,0,1627.2,1752,295,7738.2037
0,373,1,2,787.0,1721,249,4070.4247
0,374,1,2,835.0,1673,249,4519.6747
0,375,1,2,841.0,1667,249,4567.66061
0,376,1,2,853.0,1655,247,4867.0947
0,378,1,0,1426.2,1953,295,8050.2867
0,379,1,2,1261.0,1247,194,4349.3427
0,380,1,0,1572.2,1807,348,6826.93061
0,381,1,0,1369.2,2010,247,7154.3097
0,382,3,0,1388.2,1991,348,7386.9297
0,383,1,1,75.4,292,4,0.2197
0,384,2,1,260.4,107,4,0.2197
0,385,1,2,1541.0,967,194,3360.1027
0,386,1,2,1264.0,1244,245,3684.0697
0,387,3,0,1890.2,1489,295,6408.5277
0,388,2,2,1278.0,1230,245,3642.1397
0,389,1,0,1842.2,1537,293,6585.1777
0,390,1,2,1412.0,1096,194,3815.8597
0,391,1,0,1751.2,1628,247,6010.2197
0,392,1,1,353.4,14,2,0.2197
0,393,1,1,353.4,14,2,0.2197
0,394,3,2,1278.0,1230,245,3642.1397
0,395,1,1,353.4,14,2,0.2197
0,396,1,0,1740.2,1639,293,6945.5437
0,397,1,2,1275.0,1233,245,3642.20561
0,398,1,0,1917.2,1462,293,6320.2027
0,399,1,0,1652.2,1727,346,6602.2397
0,400,1,0,1652.2,1727,346,6602.2397
0,401,1,1,353.4,14,2,0.2197
0,402,3,2,1541.0,967,194,3360.1027
0,403,1,0,1917.2,1462,293,6320.2027
0,404,1,1,353.4,14,2,0.2197
0,405,1,1,353.4,14,2,0.2197
0,406,3,2,1278.0,1230,245,3642.1397
0,407,1,0,1771.2,1608,293,6836.0207
0,408,1,1,353.4,14,2,0.2197
0,409,3,2,1541.0,967,194,3360.1027
0,410,1,2,1273.0,1235,249,3642.1397
0,411,1,1,353.4,14,2,0.2197
0,412,3,2,1276.0,1232,247,3642.1397
0,413,1,2,1276.0,1232,247,3642.1397
0,414,1,2,1276.0,1232,247,3642.1397
0,415,1,1,353.4,14,2,0.2197
0,416,1,2,1392.0,1116,194,3865.45352
0,417,1,2,1278.0,1230,245,3642.1397
0,418,1,2,1407.0,1101,194,3833.5247
0,419,1,2,1278.0,1230,245,3642.1397
0,420,1,1,353.4,14,2,0.2197
0,421,1,1,353.4,14,2,0.2197
0,422,1,0,1652.2,1727,346,6602.2397
0,423,3,1,351.4,16,2,0.2197
0,424,1,2,1482.0,1026,194,3568.5497
0,425,1,2,1395.0,1113,194,3875.9207
0,426,1,0,1749.2,1630,249,6010.2197
0,427,3,2,1278.0,1230,245,3642.1397
0,428,1,0,1652.2,1727,346,6602.2397
0,429,1,0,1650.2,1729,348,6602.2397
0,430,1,0,1650.2,1729,348,6602.2397
0,431,3,1,353.4,14,2,0.2197
0,432,1,1,353.4,14,2,0.2197
0,433,1,2,1541.0,967,194,3360.1027
0,434,1,1,353.4,14,2,0.2197
0,435,1,0,1917.2,1462,293,6320.2027
0,436,1,1,353.4,14,2,0.2197
0,437,1,1,353.4,14,2,0.2197
0,438,1,2,1464.0,1044,194,3632.1437
0,439,1,0,173.2,3206,350,12032.0797
0,440,1,0,455.2,2924,297,11532.5767
0,441,1,1,353.4,14,2,0.2197
0,442,1,1,353.4,14,2,0.2197
0,444,1,0,892.2,2487,350,6620.1797
0,445,1,1,353.4,14,2,0.2197
0,446,1,2,93.0,2415,249,3642.1397
0,447,3,2,1215.0,1293,196,4091.54355
0,448,1,1,342.4,25,2,0.46137
0,449,1,2,159.0,2349,249,3642.1397
0,450,3,2,999.0,1509,249,3642.1397
0,451,1,2,219.0,2289,249,3642.27152
0,452,3,1,348.4,19,2,0.32955
0,453,1,1,353.4,14,2,0.2197
0,454,1,1,353.4,14,2,0.2197
0,455,3,2,1256.0,1252,196,3695.7377
0,456,1,2,487.0,2021,249,3642.1397
0,457,3,0,1453.2,1926,350,7681.7147
0,459,3,1,-256.6,624,4,0.2197
0,461,3,2,901.0,1607,196,4872.2267
0,462,1,0,1429.2,1950,346,7285.0497
0,463,1,0,1554.2,1825,249,6594.2447
0,464,2,2,1123.0,1385,196,4716.7747
0,465,1,0,1563.2,1816,247,6573.2797
0,467,1,0,1589.2,1790,346,6790.9247
0,468,1,0,1714.2,1665,247,6121.0347
0,469,1,2,1270.0,1238,245,3666.0997
0,470,3,2,1229.0,1279,247,3782.9047
0,471,1,0,649.2,2730,297,6761.8277
0,472,1,1,353.4,14,2,0.2197
0,473,1,0,1175.2,2204,297,6846.4427
0,474,3,1,353.4,14,2,0.2197
0,475,2,2,791.0,1717,196,3575.6157
0,476,1,0,1640.2,1739,348,6662.0397
0,477,1,0,1626.2,1753,348,6715.96955
0,478,2,2,906.0,1602,249,3642.1397
0,479,1,0,1606.2,1773,348,6865.3597
0,480,1,2,1009.0,1499,249,3642.1397
0,481,1,2,1020.0,1488,196,4151.60455
0,482,1,2,1189.0,1319,249,3642.1397
0,483,1,2,1192.0,1316,249,3642.22758
0,485,1,2,848.0,1660,245,4929.9897
0,487,3,2,1308.0,1200,194,4183.2917
0,492,1,1,81.4,286,4,0.2197
0,493,3,0,1026.2,2353,350,9461.3097
0,494,3,1,276.4,91,4,0.2197
0,497,1,1,353.4,14,2,0.2197
0,500,3,0,1598.2,1781,297,7182.3107
0,501,1,1,350.4,17,2,0.28561
0,506,3,2,1175.0,1333,249,3908.6947
0,519,3,0,1382.2,1997,297,8439.8817
0,520,3,0,1430.2,1949,350,7287.8847
0,523,3,2,542.0,1966,249,4244.1347
0,528,2,0,4.2,3375,350,7574.5547
0,530,1,0,28.2,3351,350,9936.8247
0,532,1,0,262.2,3117,350,7347.5847
0,534,1,0,336.2,3043,350,7514.8547
0,536,3,0,1469.2,1910,297,7671.2397
0,537,3,2,796.0,1712,249,4370.01258
0,541,1,2,359.0,2149,196,3360.1027
0,542,1,0,1471.2,1908,297,7675.0757
0,543,1,0,1569.2,1810,350,6850.7247
0,546,2,0,1593.2,1786,346,6811.7797
0,547,3,2,1527.0,981,196,3360.1027
0,548,2,2,1273.0,1235,247,3651.1247
0,549,2,0,1700.2,1679,297,7072.7317
0,550,1,2,996.0,1512,249,4474.7497
0,551,2,1,-320.6,688,4,0.2197
0,552,3,0,1597.2,1782,348,6760.9747
0,553,3,2,1231.0,1277,245,3782.9047
0,554,1,0,1617.2,1762,293,7380.1027
0,555,2,0,1674.2,1705,247,6240.8347
0,556,3,1,141.4,226,4,0.2197
0,557,2,1,180.4,187,4,0.2197
0,558,3,1,340.4,27,4,0.2197
0,559,1,0,1917.2,1462,293,6320.2027
0,560,1,1,353.4,14,2,0.2197
0,561,1,2,1515.0,993,194,3451.9607
0,562,1,0,1746.2,1633,249,6010.2197
0,563,1,1,353.4,14,2,0.2197
0,564,1,2,1166.0,1342,247,3947.80546
0,565,1,0,1647.2,1732,346,6632.1397
0,566,1,1,353.4,14,2,0.2197
0,567,3,2,1343.0,1165,196,3487.2907
0,568,3,2,1278.0,1230,245,3642.1397
0,569,1,2,1276.0,1232,247,3642.1397
0,570,1,1,353.4,14,2,0.2197
0,571,1,1,348.4,19,2,0.32955
0,572,3,1,353.4,14,2,0.2197
0,573,1,0,1910.2,1469,293,6344.9337
0,574,1,2,1269.0,1239,247,3642.29349
0,575,1,0,1650.2,1729,346,6602.28364
0,576,1,0,1751.2,1628,247,6010.2197
0,577,1,0,1726.2,1653,293,6995.0057
0,578,3,1,353.4,14,2,0.2197
0,579,3,2,1402.0,1106,194,3851.1897
0,580,3,0,1696.2,1683,297,7040.9347
0,581,1,2,1278.0,1230,245,3642.1397
0,582,1,0,1444.2,1935,251,6010.2197
0,583,3,2,1264.0,1244,249,3642.1397
0,584,1,0,1686.2,1693,297,7121.9607
0,585,1,0,1722.2,1657,251,6010.2197
0,586,1,0,1645.2,1734,346,6644.0997
0,587,1,0,1697.2,1682,293,7192.8957
0,588,1,1,353.4,14,2,0.2197
0,589,1,0,1749.2,1630,249,6010.2197
0,590,1,2,1278.0,1230,245,3642.1397
0,591,3,0,1740.2,1639,297,6931.4117
0,592,3,2,1102.0,1406,249,3642.1397
0,593,1,2,1199.0,1309,249,3806.8647
0,594,1,2,1228.0,1280,245,3791.8897
0,595,1,1,197.4,170,4,0.2197
0,596,3,1,345.4,22,4,0.2197
0,597,1,2,1541.0,967,194,3360.1027
0,598,1,0,1652.2,1727,346,6602.2397
0,599,1,0,1864.2,1515,293,6507.4517
0,600,1,1,353.4,14,2,0.2197
0,601,1,0,1749.2,1630,249,6010.2197
0,602,1,1,353.4,14,2,0.2197
0,603,1,2,1273.0,1235,247,3642.20561
0,604,1,1,122.4,245,4,0.2197
0,605,1,2,1261.0,1247,247,3687.0647
0,606,1,1,214.4,153,4,0.2197
0,607,1,1,353.4,14,2,0.2197
0,608,1,1,353.4,14,2,0.2197
0,609,1,0,1917.2,1462,293,6320.2027
0,610,1,0,1899.2,1480,295,6376.7307
0,611,1,1,353.4,14,2,0.2197
0,612,1,2,1270.0,1238,245,3642.31546
0,613,1,1,353.4,14,2,0.2197
0,614,3,1,353.4,14,2,0.2197
0,615,1,0,1751.2,1628,247,6010.2197
0,616,1,1,353.4,14,2,0.2197
0,617,3,0,1778.2,1601,295,6804.2237
0,618,1,0,1749.2,1630,249,6010.2197
0,619,1,1,353.4,14,2,0.2197
0,620,1,2,1541.0,967,194,3360.1027
0,621,3,2,1276.0,1232,247,3642.1397
0,622,3,1,353.4,14,2,0.2197
0,623,1,0,1642.2,1737,346,6602.4594
0,624,1,0,1751.2,1628,247,6010.2197
0,625,3,0,1751.2,1628,247,6010.2197
0,626,1,1,353.4,14,2,0.2197
0,627,3,1,353.4,14,2,0.2197
0,628,1,0,1846.2,1533,295,6563.9797
0,629,1,1,353.4,14,2,0.2197
0,630,3,2,1536.0,972,194,3377.7677
0,631,1,1,353.4,14,2,0.2197
0,632,1,0,1714.2,1665,251,6010.2197
0,633,1,0,1737.2,1642,251,6010.2197
0,634,1,1,353.4,14,2,0.2197
0,635,1,0,1420.2,1959,297,7496.2257
0,636,1,0,1435.2,1944,350,7798.2397
0,637,1,0,1634.2,1745,350,6632.1397
0,638,1,2,1541.0,967,194,3360.1027
0,639,1,2,1276.0,1232,247,3642.1397
0,640,1,2,1276.0,1232,247,3642.1397
0,641,3,1,353.4,14,2,0.2197
0,642,1,1,353.4,14,2,0.2197
0,643,1,2,1276.0,1232,247,3642.1397
0,644,1,0,1721.2,1658,293,7012.6707
0,645,1,2,1276.0,1232,247,3642.1397
0,646,3,2,1235.0,1273,194,4441.2007
0,647,1,0,1738.2,1641,251,6010.2197
0,648,1,0,1710.2,1669,249,6127.0247
0,649,3,1,183.4,184,4,0.2197
0,650,1,1,315.4,52,4,0.2197
0,651,1,1,353.4,14,2,0.2197
0,652,3,0,1855.2,1524,295,6537.0767
0,653,1,0,1742.2,1637,293,6938.4777
0,654,1,0,1749.2,1630,249,6010.2197
0,655,3,2,1278.0,1230,245,3642.1397
0,656,1,0,1642.2,1737,350,6602.37152
0,657,1,0,1650.2,1729,348,6602.2397
0,658,1,1,353.4,14,2,0.2197
0,659,1,1,353.4,14,2,0.2197
0,660,1,2,1278.0,1230,245,3642.1397
0,661,1,1,135.4,232,4,0.2197
0,662,1,1,190.4,177,4,0.2197
0,663,3,0,1917.2,1462,293,6320.2027
0,664,1,0,1841.2,1538,295,6581.6447
0,665,1,2,1276.0,1232,247,3642.1397
0,666,3,1,353.4,14,2,0.2197
0,667,1,2,1278.0,1230,245,3642.1397
0,668,1,1,353.4,14,2,0.2197
0,669,1,2,1541.0,967,194,3360.1027
0,670,3,2,1541.0,967,194,3360.1027
0,671,1,2,1278.0,1230,245,3642.1397
0,672,1,2,1273.0,1235,247,3642.1397
0,673,1,1,349.4,18,2,0.30758
0,674,1,1,353.4,14,2,0.2197
0,675,1,0,1750.2,1629,247,6010.24167
0,676,1,0,1751.2,1628,247,6010.2197
0,677,1,2,1276.0,1232,247,3642.1397
0,678,1,2,1276.0,1232,247,3642.1397
0,679,1,1,350.4,17,2,0.28561
0,680,1,0,1743.2,1636,295,6927.8787
0,681,1,2,1437.0,1071,194,3727.5347
0,682,1,0,1751.2,1628,247,6010.2197
0,683,1,2,1276.0,1232,247,3642.1397
0,684,3,2,1278.0,1230,245,3642.1397
0,685,3,1,347.4,20,4,0.2197
0,686,1,1,353.4,14,2,0.2197
0,687,3,2,1377.0,1131,194,3939.5147
0,688,1,1,353.4,14,2,0.2197
0,689,1,1,353.4,14,2,0.2197
0,690,1,2,1424.0,1084,194,3773.4637
0,691,1,2,1278.0,1230,245,3642.1397
0,692,1,0,1751.2,1628,247,6010.2197
0,693,1,1,353.4,14,2,0.2197
0,694,1,2,1236.0,1272,196,3769.9307
0,695,1,0,1647.2,1732,346,6632.1397
0,696,1,2,1271.0,1237,247,3642.18364
0,697,1,0,1905.2,1474,295,6355.5327
0,698,3,0,1649.2,1730,346,6620.1797
0,699,3,2,1273.0,1235,247,3642.1397
0,700,3,1,353.4,14,2,0.2197
0,701,1,1,353.4,14,2,0.2197
0,702,1,0,1751.2,1628,247,6010.2197
0,703,3,2,1276.0,1232,247,3642.1397
0,704,1,2,1276.0,1232,247,3642.1397
0,705,1,0,1917.2,1462,293,6320.2027
0,706,1,0,1875.2,1504,293,6468.5887
0,707,1,0,1749.2,1630,249,6010.2197
0,708,1,1,222.4,145,4,0.2197
0,709,1,1,353.4,14,2,0.2197
0,710,1,1,353.4,14,2,0.2197
0,711,1,1,353.4,14,2,0.2197
0,712,3,1,353.4,14,2,0.2197
0,713,1,2,1541.0,967,194,3360.1027
0,714,3,1,353.4,14,2,0.2197
0,715,1,2,1444.0,1064,194,3702.8037
0,716,1,1,353.4,14,2,0.2197
0,717,1,0,1652.2,1727,346,6602.2397
0,718,1,0,1650.2,1729,348,6602.2397
0,719,3,0,1751.2,1628,247,6010.2197
0,720,1,2,1276.0,1232,247,3642.1397
0,721,1,1,343.4,24,2,0.4394
0,722,1,1,337.4,30,2,0.57122
0,723,1,1,353.4,14,2,0.2197
0,724,1,1,353.4,14,2,0.2197
0,725,3,0,1917.2,1462,293,6320.2027
0,726,1,1,353.4,14,2,0.2197
0,727,1,2,1541.0,967,194,3360.1027
0,728,1,1,353.4,14,2,0.2197
0,729,1,1,353.4,14,2,0.2197
0,731,1,1,353.4,14,2,0.2197
0,733,1,1,353.4,14,2,0.2197
0,734,3,1,353.4,14,2,0.2197
0,735,3,1,353.4,14,2,0.2197
0,737,3,1,353.4,14,2,0.2197
0,738,3,2,1241.0,1267,196,3360.1027
0,744,1,1,353.4,14,2,0.2197
0,748,3,1,20.4,347,4,0.2197
0,749,3,0,1430.2,1949,297,7608.4427
0,757,3,0,1345.2,2034,350,7216.1847
0,761,3,1,83.4,284,4,0.2197
0,762,1,0,157.2,3222,350,7440.2397
0,763,1,0,412.2,2967,350,6733.9497
0,764,3,0,1734.2,1645,297,6982.3467
0,765,3,0,1159.2,2220,350,7799.5597
0,766,3,2,1198.0,1310,249,3839.8097
0,767,3,1,302.4,65,4,0.26364
0,769,3,1,232.4,135,4,0.2197
0,773,2,0,1366.2,2013,297,6344.1227
0,774,1,0,1527.2,1852,297,6936.1427
0,776,1,2,729.0,1779,249,3926.6647
0,777,1,0,1613.2,1766,346,6733.9697
0,778,1,0,1504.2,1875,346,7054.4547
0,779,1,2,1018.0,1490,249,4034.4847
0,780,1,2,1070.0,1438,249,4037.4797
0,781,1,0,1821.2,1558,295,6659.6457
0,782,2,0,1756.2,1623,293,6889.0157
0,783,3,1,117.4,250,4,0.2197
0,784,1,0,1585.2,1794,346,6802.9047
0,785,1,2,1083.0,1425,247,4220.1747
0,787,1,0,1450.2,1929,348,7201.2397
0,788,2,1,99.4,268,4,0.2197
0,789,2,0,1915.2,1464,295,6320.2027
0,790,1,2,1541.0,967,194,3360.1027
0,791,2,2,1278.0,1230,245,3642.1397
0,792,1,2,1272.0,1236,247,3642.22758
0,793,1,0,1553.2,1826,348,6892.7547
0,794,1,0,1652.2,1727,346,6602.2397
0,795,3,0,1848.2,1531,293,6563.9797
0,796,1,2,1444.0,1064,194,3702.8037
0,797,1,0,1751.2,1628,247,6010.2197
0,798,1,1,353.4,14,2,0.2197
0,799,1,2,1337.0,1171,194,4052.74646
0,800,1,2,1278.0,1230,245,3642.1397
0,801,1,1,353.4,14,2,0.2197
0,802,1,1,353.4,14,2,0.2197
0,803,1,0,1917.2,1462,293,6320.2027
0,804,3,1,353.4,14,2,0.2197
0,805,3,2,1274.0,1234,247,3642.18364
0,806,1,1,353.4,14,2,0.2197
0,807,3,2,1278.0,1230,245,3642.1397
0,808,1,1,353.4,14,2,0.2197
0,809,1,0,1850.2,1529,297,6521.5837
0,810,1,2,1382.0,1126,194,3921.8497
0,811,1,2,1161.0,1347,249,3642.1397
0,812,3,1,353.4,14,2,0.2197
0,813,1,2,1266.0,1242,249,3642.1397
0,814,1,0,1481.2,1898,297,7893.6837
0,815,1,0,1524.2,1855,350,7337.7797
0,816,1,2,1165.0,1343,196,4003.1087
0,817,1,0,1639.2,1740,348,6662.0397
0,818,1,2,1191.0,1317,249,3642.24955
0,819,1,2,1258.0,1250,249,3642.1397
0,820,1,1,353.4,14,2,0.2197
0,821,1,1,353.4,14,2,0.2197
0,822,1,1,353.4,14,2,0.2197
0,823,3,2,1154.0,1354,249,3642.1397
0,824,1,1,313.4,54,4,0.2197
0,825,1,2,1262.0,1246,249,3642.1397
0,826,3,2,1246.0,1262,245,3737.9797
0,827,1,1,353.4,14,2,0.2197
0,828,1,0,1332.2,2047,297,6751.2287
0,829,1,0,1427.2,1952,251,6010.2197
0,830,1,0,1658.2,1721,297,6320.2027
0,831,1,0,1643.2,1736,348,6644.0997
0,832,1,2,1049.0,1459,247,4289.0597
0,833,3,2,1117.0,1391,249,4082.4047
0,834,1,2,1343.0,1165,196,3988.9767
0,835,1,1,351.4,16,4,0.2197
0,836,1,2,1278.0,1230,245,3642.1397
0,837,1,1,345.4,22,2,0.39546
0,838,1,2,1409.0,1099,194,3826.4587
0,839,3,2,983.0,1525,249,3642.1397
0,842,1,1,2.4,365,4,0.2197
0,844,3,2,939.0,1569,196,3882.9867
0,845,3,2,1170.0,1338,196,3812.3267
0,847,3,2,1178.0,1330,249,3642.1397
0,854,3,2,1134.0,1374,196,3773.4637
0,855,3,0,1491.2,1888,297,7944.8754
0,858,3,0,1569.2,1810,350,6844.76667
0,861,3,2,799.0,1709,249,4843.3544
0,863,3,0,1176.2,2203,297,7255.1007
0,865,3,2,1109.0,1399,196,3865.3217
0,878,3,0,1123.2,2256,297,8371.2307
0,901,3,0,1409.2,1970,350,7093.56546
0,904,3,2,1190.0,1318,249,3875.7497
0,905,3,0,1491.2,1888,350,6760.9347
0,907,2,1,-1443.6,1811,4,0.2197
0,912,3,1,53.4,314,4,0.2197
0,914,2,0,1219.2,2160,350,7923.8197
0,916,2,0,1315.2,2064,350,7721.8597
0,917,1,0,455.2,2924,350,7662.3997
0,921,2,1,-1978.6,2346,4,0.2197
0,922,3,0,1659.2,1720,297,7791.2827
0,924,1,0,1255.2,2124,297,9674.9827
0,925,3,2,1152.0,1356,249,3642.1397
0,926,2,0,1602.2,1777,350,6769.8297
0,927,1,0,1168.2,2211,350,7776.2597
0,928,3,0,1328.2,2051,297,8555.1377
0,929,1,0,1352.2,2027,350,7652.7447
0,930,2,2,1014.0,1494,249,3968.5947
0,931,2,2,1159.0,1349,196,4349.3427
0,932,2,2,787.0,1721,249,5082.7347
0,933,2,2,809.0,1699,249,5019.8397
0,934,1,2,775.0,1733,247,5142.6347
0,935,1,0,953.2,2426,297,8189.1597
0,938,1,0,1379.2,2000,297,7327.1077
0,939,2,0,1458.2,1921,350,7239.1247
0,940,3,0,1631.2,1748,350,6644.0997
0,941,1,2,1089.0,1419,247,4166.39652
0,942,1,1,173.4,194,4,0.2197
0,943,3,0,1607.2,1772,346,6757.9097
0,944,1,0,1692.2,1687,247,6186.9247
0,945,1,0,1867.2,1512,293,6496.8527
0,946,1,2,1186.0,1322,245,3917.6797
0,947,3,0,1790.2,1589,293,6864.3267
0,948,1,1,353.4,14,2,0.2197
0,949,1,2,1170.0,1338,245,3965.5997
0,950,3,2,1262.0,1246,245,3690.0597
0,953,3,1,353.4,14,2,0.2197
0,954,3,2,945.0,1563,249,3642.16167
0,955,1,1,353.4,14,2,0.2197
0,957,3,2,1237.0,1271,249,3642.1397
0,968,3,0,771.2,2608,350,9707.5897
0,970,3,2,845.0,1663,196,4787.4347
0,978,3,1,57.4,310,4,0.32955
0,982,3,0,776.2,2603,297,10566.4637
0,983,3,0,771.2,2608,350,9164.9997
0,986,3,2,371.0,2137,249,5600.8697
0,988,3,0,505.2,2874,297,11241.1644
0,989,3,2,403.0,2105,249,6214.93258
0,991,3,0,751.2,2628,350,9273.7497
0,995,3,2,607.0,1901,249,5624.8297
0,996,2,0,1233.2,2146,293,8749.0097
0,998,3,1,105.4,262,4,0.24167
0,999,1,0,1157.2,2222,295,8998.2167
1,31,1,1,-923.6,1291,2,8998.2167
1,35,1,1,-595.6,963,2,8998.2167
1,38,1,1,-132.6,500,2,8998.2167
1,39,1,1,-19.6,387,2,8998.2167
1,57,1,1,-42.6,410,2,8998.2167
1,103,1,0,-4830.8,8210,295,8998.2167
1,106,1,0,-4709.8,8089,348,8998.2167
1,108,1,0,-4248.8,7628,348,8998.2167
1,111,1,0,-3981.8,7361,295,8998.2167
1,112,1,2,-4738.0,7246,247,8998.2167
1,114,1,2,-4668.0,7176,247,8998.2167
1,117,1,0,-3706.8,7086,348,8998.2167
1,121,1,1,-653.6,1021,2,8998.2167
1,122,1,1,-6480.6,6848,2,8998.2167
1,124,1,2,-4272.0,6780,247,8998.2167
1,125,1,1,-6006.6,6374,2,8998.2167
1,126,1,2,-3823.0,6331,194,8998.2167
1,127,1,0,-2897.8,6277,295,8998.2167
1,129,1,0,-2565.8,5945,348,8998.2167
1,130,1,0,-2909.8,6289,342,8998.2167
1,131,1,2,-3400.0,5908,194,8998.2167
1,133,1,0,-2224.8,5604,348,8998.2167
1,134,1,0,-2187.8,5567,295,8998.2167
1,135,1,2,-3031.0,5539,247,8998.2167
1,136,1,1,-5034.6,5402,2,8998.2167
1,137,1,1,-4987.6,5355,2,8998.2167
1,138,1,2,-2897.0,5405,247,8998.2167
1,139,1,2,-2853.0,5361,194,8998.2167
1,140,1,0,-2451.8,5831,342,8998.2167
1,141,1,2,-2735.0,5243,194,8998.2167
1,142,1,2,-2727.0,5235,247,8998.2167
1,144,1,0,-2185.8,5565,342,8998.2167
1,146,1,1,-4495.6,4863,2,8998.2167
1,147,1,1,-4476.6,4844,2,8998.2167
1,148,1,0,-2107.8,5487,342,8998.2167
1,150,1,1,-4360.6,4728,2,8998.2167
1,151,1,2,-2549.0,5057,247,8998.2167
1,152,1,0,-1906.8,5286,342,8998.2167
1,153,1,0,-1184.8,4564,342,8998.2167
1,154,1,2,-1992.0,4500,194,8998.2167
1,155,1,2,-1986.0,4494,247,8998.2167
1,156,1,2,-1949.0,4457,247,8998.2167
1,157,1,2,-1482.0,3990,247,8998.2167
1,159,1,2,-1395.0,3903,247,8998.2167
1,160,1,0,-717.8,4097,295,8998.2167
1,161,1,0,-700.8,4080,295,8998.2167
1,162,1,2,-1162.0,3670,247,8998.2167
1,163,1,2,-1079.0,3587,247,8998.2167
1,164,1,2,-987.0,3495,247,8998.2167
1,166,1,1,-2671.6,3039,2,8998.2167
1,167,1,0,-243.8,3623,342,8998.2167
1,168,1,2,-731.0,3239,247,8998.2167
1,169,1,0,-334.8,3714,289,8998.2167
1,170,1,2,-564.0,3072,247,8998.2167
1,174,1,1,-2165.6,2533,2,8998.2167
1,175,1,2,-143.0,2651,247,8998.2167
1,202,1,1,-633.6,1001,2,8998.2167
1,205,1,1,-384.6,752,2,8998.2167
1,209,1,1,-61.6,429,2,8998.2167
1,306,1,1,-798.6,1166,2,8998.2167
1,311,1,1,-45.6,413,2,8998.2167
1,344,1,0,-1271.8,4651,342,8998.2167
1,347,1,0,-1054.8,4434,342,8998.2167
1,350,1,2,-1218.0,3726,194,8998.2167
1,352,1,0,-97.8,3477,348,8998.2167
1,353,1,2,-857.0,3365,247,8998.2167
1,354,1,2,-831.0,3339,247,8998.2167
1,360,1,2,-411.0,2919,247,8998.2167
1,362,1,2,-244.0,2752,247,8998.2167
1,363,1,1,-2327.6,2695,2,8998.2167
1,364,1,1,-2109.6,2477,2,8998.2167
1,365,1,1,-2105.6,2473,2,8998.2167
1,368,1,1,-1650.6,2018,2,8998.2167
1,371,1,1,-1439.6,1807,2,8998.2167
1,377,1,1,-1129.6,1497,2,8998.2167
1,443,1,2,-64.0,2572,247,8998.2167
1,458,1,1,-1485.6,1853,2,8998.2167
1,460,1,1,-1365.6,1733,2,8998.2167
1,466,1,1,-729.6,1097,2,8998.2167
1,484,1,1,-854.6,1222,2,8998.2167
1,486,1,2,-3952.0,6460,194,8998.2167
1,488,1,0,-3119.8,6499,342,8998.2167
1,489,1,1,-289.6,657,2,8998.2167
1,490,1,0,-2802.8,6182,342,8998.2167
1,491,1,1,-70.6,438,2,8998.2167
1,495,1,0,-1774.8,5154,289,8998.2167
1,496,1,2,-2677.0,5185,247,8998.2167
1,498,1,0,-1774.8,5154,348,8998.2167
1,499,1,0,-1728.8,5108,348,8998.2167
1,502,1,0,-1169.8,4549,342,8998.2167
1,503,1,2,-2462.0,4970,247,8998.2167
1,504,1,2,-2407.0,4915,247,8998.2167
1,505,1,2,-2285.0,4793,194,8998.2167
1,507,1,1,-4300.6,4668,2,8998.2167
1,508,1,1,-4250.6,4618,2,8998.2167
1,509,1,0,-2298.8,5678,348,8998.2167
1,510,1,2,-1969.0,4477,194,8998.2167
1,511,1,2,-1723.0,4231,247,8998.2167
1,512,1,1,-3819.6,4187,2,8998.2167
1,513,1,0,-1291.8,4671,342,8998.2167
1,514,1,0,-1263.8,4643,342,8998.2167
1,515,1,0,-1364.8,4744,342,8998.2167
1,516,1,0,-1345.8,4725,342,8998.2167
1,517,1,0,-1394.8,4774,342,8998.2167
1,518,1,2,-2516.0,5024,194,8998.2167
1,521,1,0,-1291.8,4671,348,8998.2167
1,522,1,2,-1944.0,4452,194,8998.2167
1,524,1,1,-2300.6,2668,2,8998.2167
1,525,1,1,-2301.6,2669,2,8998.2167
1,526,1,2,-1007.0,3515,194,8998.2167
1,527,1,2,-962.0,3470,247,8998.2167
1,529,1,2,-833.0,3341,247,8998.2167
1,531,1,1,-2695.6,3063,2,8998.2167
1,533,1,1,-2602.6,2970,2,8998.2167
1,535,1,2,-455.0,2963,247,8998.2167
1,538,1,1,-2286.6,2654,2,8998.2167
1,539,1,1,-2039.6,2407,2,8998.2167
1,540,1,1,-2034.6,2402,2,8998.2167
1,544,1,1,-1341.6,1709,2,8998.2167
1,545,1,1,-1238.6,1606,2,8998.2167
1,730,1,0,-1289.8,4669,249,8998.2167
1,732,1,0,-1196.8,4576,348,8998.2167
1,736,1,2,-1357.0,3865,194,8998.2167
1,739,1,0,-356.8,3736,348,8998.2167
1,740,1,0,-349.8,3729,348,8998.2167
1,741,1,0,-294.8,3674,348,8998.2167
1,742,1,2,-1139.0,3647,247,8998.2167
1,743,1,0,-954.8,4334,348,8998.2167
1,745,1,0,-400.8,3780,342,8998.2167
1,746,1,0,-1080.8,4460,348,8998.2167
1,747,1,1,-3050.6,3418,2,8998.2167
1,750,1,0,-603.8,3983,295,8998.2167
1,751,1,2,-1417.0,3925,247,8998.2167
1,752,1,1,-2626.6,2994,2,8998.2167
1,753,1,0,-933.8,4313,342,8998.2167
1,754,1,2,-1449.0,3957,194,8998.2167
1,755,1,1,-2574.6,2942,2,8998.2167
1,756,1,1,-2321.6,2689,2,8998.2167
1,758,1,1,-2203.6,2571,2,8998.2167
1,759,1,2,-1035.0,3543,247,8998.2167
1,760,1,0,-20.8,3400,348,8998.2167
1,768,1,1,-1745.6,2113,2,8998.2167
1,770,1,1,-1668.6,2036,2,8998.2167
1,771,1,1,-1656.6,2024,2,8998.2167
1,772,1,1,-1592.6,1960,2,8998.2167
1,775,1,1,-1333.6,1701,2,8998.2167
1,786,1,1,-277.6,645,2,8998.2167
1,840,1,2,-4823.0,7331,247,8998.2167
1,841,1,0,-3856.8,7236,348,8998.2167
1,843,1,2,-4688.0,7196,247,8998.2167
1,846,1,2,-4111.0,6619,247,8998.2167
1,848,1,2,-3959.0,6467,247,8998.2167
1,849,1,0,-3044.8,6424,348,8998.2167
1,850,1,2,-3875.0,6383,247,8998.2167
1,851,1,0,-3532.8,6912,342,8998.2167
1,852,1,1,-5889.6,6257,2,8998.2167
1,853,1,2,-3781.0,6289,247,8998.2167
1,856,1,2,-4104.0,6612,247,8998.2167
1,857,1,1,-5598.6,5966,2,8998.2167
1,859,1,2,-4029.0,6537,247,8998.2167
1,860,1,0,-3586.8,6966,342,8998.2167
1,862,1,0,-3280.8,6660,342,8998.2167
1,864,1,1,-4835.6,5203,2,8998.2167
1,866,1,2,-3478.0,5986,247,8998.2167
1,867,1,2,-3397.0,5905,194,8998.2167
1,868,1,0,-2494.8,5874,348,8998.2167
1,869,1,0,-2375.8,5755,348,8998.2167
1,870,1,1,-4296.6,4664,2,8998.2167
1,871,1,1,-4205.6,4573,2,8998.2167
1,872,1,0,-1990.8,5370,348,8998.2167
1,873,1,1,-3952.6,4320,2,8998.2167
1,874,1,0,-66.8,3446,342,8998.2167
1,875,1,1,-4391.6,4759,2,8998.2167
1,876,1,2,-2675.0,5183,247,8998.2167
1,877,1,2,-2647.0,5155,247,8998.2167
1,879,1,2,-2265.0,4773,247,8998.2167
1,880,1,1,-3857.6,4225,2,8998.2167
1,881,1,0,-1280.8,4660,295,8998.2167
1,882,1,2,-2049.0,4557,194,8998.2167
1,883,1,0,-1184.8,4564,348,8998.2167
1,884,1,2,-1989.0,4497,247,8998.2167
1,885,1,0,-1506.8,4886,342,8998.2167
1,886,1,1,-3829.6,4197,2,8998.2167
1,887,1,2,-1707.0,4215,247,8998.2167
1,888,1,0,-850.8,4230,348,8998.2167
1,889,1,0,-751.8,4131,348,8998.2167
1,890,1,1,-3602.6,3970,2,8998.2167
1,891,1,2,-1465.0,3973,194,8998.2167
1,892,1,0,-2334.8,5714,348,8998.2167
1,893,1,0,-1046.8,4426,348,8998.2167
1,894,1,0,-407.8,3787,295,8998.2167
1,895,1,1,-3189.6,3557,2,8998.2167
1,896,1,0,-721.8,4101,342,8998.2167
1,897,1,0,-708.8,4088,289,8998.2167
1,898,1,1,-3036.6,3404,2,8998.2167
1,899,1,1,-2791.6,3159,2,8998.2167
1,900,1,2,-1948.0,4456,247,8998.2167
1,902,1,2,-1606.0,4114,194,8998.2167
1,903,1,2,-1545.0,4053,247,8998.2167
1,906,1,0,-410.8,3790,348,8998.2167
1,908,1,1,-1433.6,1801,2,8998.2167
1,909,1,1,-1344.6,1712,2,8998.2167
1,910,1,2,-1023.0,3531,194,8998.2167
1,911,1,0,-26.8,3406,295,8998.2167
1,913,1,2,-741.0,3249,247,8998.2167
1,915,1,1,-2567.6,2935,2,8998.2167
1,918,1,1,-2409.6,2777,2,8998.2167
1,919,1,1,-2381.6,2749,2,8998.2167
1,920,1,1,-2210.6,2578,2,8998.2167
1,923,1,1,-1756.6,2124,2,8998.2167
1,936,1,1,-535.6,903,2,8998.2167
1,937,1,1,-532.6,900,2,8998.2167
1,951,1,0,-2455.8,5835,289,8998.2167
1,952,1,2,-2999.0,5507,194,8998.2167
1,956,1,0,-1590.8,4970,348,8998.2167
1,958,1,2,-2161.0,4669,247,8998.2167
1,959,1,2,-2159.0,4667,247,8998.2167
1,960,1,2,-2153.0,4661,247,8998.2167
1,961,1,0,-1190.8,4570,295,8998.2167
1,962,1,0,-1192.8,4572,348,8998.2167
1,963,1,2,-2005.0,4513,247,8998.2167
1,964,1,2,-1868.0,4376,194,8998.2167
1,965,1,2,-1867.0,4375,194,8998.2167
1,966,1,0,-1421.8,4801,342,8998.2167
1,967,1,0,-1398.8,4778,342,8998.2167
1,969,1,0,-1388.8,4768,342,8998.2167
1,971,1,0,-490.8,3870,342,8998.2167
1,972,1,0,-412.8,3792,342,8998.2167
1,973,1,2,-1456.0,3964,247,8998.2167
1,974,1,2,-1431.0,3939,247,8998.2167
1,975,1,2,-1387.0,3895,194,8998.2167
1,976,1,0,-1005.8,4385,342,8998.2167
1,977,1,1,-2899.6,3267,2,8998.2167
1,979,1,0,-583.8,3963,342,8998.2167
1,980,1,0,-632.8,4012,342,8998.2167
1,981,1,1,-2585.6,2953,2,8998.2167
1,984,1,0,-345.8,3725,342,8998.2167
1,985,1,2,-540.0,3048,194,8998.2167
1,987,1,2,-667.0,3175,247,8998.2167
1,990,1,0,86.2,3293,243,8998.2167
1,992,1,2,-19.0,2527,243,8998.2167
1,993,1,1,-2008.6,2376,2,8998.2167
1,994,1,1,-1906.6,2274,2,8998.2167
1,997,1,1,-1135.6,1503,2,8998.2167
Time: 75998, 400851, 826412, 48252
