CONFIGURATION:
{u'simulation': {u'stdev_factor': 0.01, u'power_mgmt_enabled': False, u'tasks': {u'loc': {u'mean_service_time': {u'gpu': 90, u'cpu_core': 200, u'loc_accel': 10}, u'priority': 1, u'deadline': 1000, u'stdev_service_time': {u'gpu': 0.9, u'cpu_core': 2.0, u'loc_accel': 0.1}, u'power': {u'gpu': 4.457, u'cpu_core': 6.133, u'loc_accel': 0.02197}}, u'detect': {u'mean_service_time': {u'gpu': 0.4607, u'cpu_core': 3.654, u'det_accel': 0.278}, u'priority': 2, u'deadline': 1000, u'stdev_service_time': {u'gpu': 0.004607, u'cpu_core': 0.03654, u'det_accel': 0.0027800000000000004}, u'power': {u'gpu': 90, u'cpu_core': 200, u'det_accel': 10}}, u'Frontier': {u'mean_service_time': {u'cpu_core': 396}, u'priority': 9, u'deadline': 1000, u'stdev_service_time': {u'cpu_core': 3.96}, u'power': {u'cpu_core': 5.98}}, u'track': {u'mean_service_time': {u'gpu': 17, u'tra_accel': 2, u'cpu_core': 1820}, u'priority': 3, u'deadline': 1000, u'stdev_service_time': {u'gpu': 0.17, u'tra_accel': 0.02, u'cpu_core': 18.2}, u'power': {u'gpu': 12.79, u'tra_accel': 0.59, u'cpu_core': 5.6}}, u'sp': {u'mean_service_time': {u'gpu': 379, u'cpu_core': 1004}, u'priority': 11, u'deadline': 1000, u'stdev_service_time': {u'gpu': 3.79, u'cpu_core': 10.040000000000001}, u'power': {u'gpu': 3.302, u'cpu_core': 1004}}, u'mission': {u'mean_service_time': {u'cpu_core': 0.0022}, u'priority': 5, u'deadline': 1000, u'stdev_service_time': {u'cpu_core': 2.2000000000000003e-05}, u'power': {u'cpu_core': 3.534}}, u'motion': {u'mean_service_time': {u'cpu_core': 8}, u'priority': 6, u'deadline': 1000, u'stdev_service_time': {u'cpu_core': 0.08}, u'power': {u'cpu_core': 4.222}}, u'collision': {u'mean_service_time': {u'cpu_core': 8}, u'priority': 7, u'deadline': 1000, u'stdev_service_time': {u'cpu_core': 0.08}, u'power': {u'cpu_core': 0}}, u'fusion': {u'mean_service_time': {u'cpu_core': 1}, u'priority': 4, u'deadline': 1000, u'stdev_service_time': {u'cpu_core': 0.01}, u'power': {u'cpu_core': 0}}, u'map': {u'mean_service_time': {u'gpu': 761, u'cpu_core': 973}, u'priority': 10, u'deadline': 1000, u'stdev_service_time': {u'gpu': 7.61, u'cpu_core': 9.73}, u'power': {u'gpu': 3.533, u'cpu_core': 2.995}}, u'path': {u'mean_service_time': {u'cpu_core': 8}, u'priority': 8, u'deadline': 1000, u'stdev_service_time': {u'cpu_core': 0.08}, u'power': {u'cpu_core': 0}}}, u'sched_policy_module': u'policies.ms3_update2', u'drop': True, u'servers': {u'gpu': {u'count': 2}, u'tra_accel': {u'count': 1}, u'cpu_core': {u'count': 8}, u'loc_accel': {u'count': 1}, u'det_accel': {u'count': 1}}, u'max_tasks_simulated': 10000, u'max_queue_size': 1000000, u'mean_arrival_time': 50, u'arrival_time_scale': 2.9}, u'general': {u'random_seed': 0, u'pre_gen_arrivals': False, u'basename': u'policy:ms3_update2__stdev_factor:0.01', u'output_trace_file': None, u'working_dir': u'/home/hiwot/meta-stomp2/sim_16042020_195305_new_arrival_50_map_rheftmapping_50_trace_20', u'input_trace_file': (False, '../mv_mapping_50_trace_20.trc'), u'logging_level': u'INFO'}}

/home/hiwot/meta-stomp2/sim_16042020_195305_new_arrival_50_map_rheftmapping_50_trace_20/../mv_mapping_50_trace_20.trc

Running STOMP simulation...
Dropped,DAG ID,DAG Priority,DAG Type,Slack,Response Time,No-Affinity Time,Energy
0,0,3,2,2339.0,967,194,3360.1027
0,1,1,0,2990.4,1464,295,6320.2027
0,2,1,2,2076.0,1230,245,3642.1397
0,3,1,2,2073.0,1233,247,3642.16167
0,4,1,2,2074.0,1232,247,3642.1397
0,5,1,2,2074.0,1232,247,3642.1397
0,6,1,1,470.3,14,2,0.2197
0,7,1,1,466.3,18,2,0.30758
0,8,1,1,470.3,14,2,0.2197
0,9,1,1,470.3,14,2,0.2197
0,10,1,2,2289.0,1017,194,3536.7527
0,11,3,1,470.3,14,2,0.2197
0,12,1,1,470.3,14,2,0.2197
0,13,1,1,470.3,14,2,0.2197
0,14,1,2,2339.0,967,194,3360.1027
0,15,1,1,470.3,14,2,0.2197
0,16,3,0,2809.4,1645,293,6966.7417
0,17,1,1,470.3,14,2,0.2197
0,18,1,2,2066.0,1240,249,3642.1397
0,19,1,0,2573.4,1881,251,6010.2197
0,20,1,0,2706.4,1748,297,6740.6297
0,21,1,0,2716.4,1738,348,6620.1797
0,22,3,2,1927.0,1379,196,4024.3067
0,23,1,2,2045.0,1261,249,3642.1397
0,24,1,0,2727.4,1727,346,6602.2397
0,25,3,2,2074.0,1232,247,3642.1397
0,26,3,0,2715.4,1739,348,6602.4594
0,27,3,1,459.3,25,4,0.2197
0,28,1,2,2189.0,1117,194,3890.0527
0,29,1,0,2826.4,1628,247,6010.2197
0,30,3,1,109.3,375,4,0.2197
0,32,1,2,2278.0,1028,194,3575.6157
0,33,1,2,2031.0,1275,247,3770.9247
0,34,1,0,2593.4,1861,346,6973.8394
0,35,2,1,349.3,135,4,0.2197
0,36,3,0,2725.4,1729,348,6602.2397
0,37,1,2,2339.0,967,194,3360.1027
0,38,1,1,470.3,14,2,0.2197
0,39,1,1,470.3,14,2,0.2197
0,40,1,1,470.3,14,2,0.2197
0,41,1,1,470.3,14,2,0.2197
0,42,1,1,470.3,14,2,0.2197
0,43,1,1,470.3,14,2,0.2197
0,44,1,0,2992.4,1462,293,6320.2027
0,45,1,0,2990.4,1464,295,6320.2027
0,46,1,0,2826.4,1628,247,6010.2197
0,47,1,1,470.3,14,2,0.2197
0,48,1,0,2826.4,1628,247,6010.2197
0,49,1,2,2076.0,1230,245,3642.1397
0,50,1,1,470.3,14,2,0.2197
0,51,1,1,470.3,14,2,0.2197
0,52,1,2,2339.0,967,194,3360.1027
0,53,1,2,2209.0,1097,194,3819.3927
0,54,1,2,2074.0,1232,247,3642.1397
0,55,1,0,2727.4,1727,346,6602.2397
0,56,3,2,2074.0,1232,247,3642.1397
0,57,1,1,470.3,14,2,0.2197
0,58,1,0,2779.4,1675,295,7065.6657
0,59,3,1,470.3,14,2,0.2197
0,60,1,0,2990.4,1464,295,6320.2027
0,61,1,2,2076.0,1230,245,3642.1397
0,62,3,1,470.3,14,2,0.2197
0,63,1,2,2072.0,1234,247,3642.18364
0,64,1,2,2074.0,1232,247,3642.1397
0,65,1,2,2074.0,1232,247,3642.1397
0,66,1,2,2339.0,967,194,3360.1027
0,67,1,2,2339.0,967,194,3360.1027
0,68,1,0,2826.4,1628,247,6010.2197
0,69,1,0,2992.4,1462,293,6320.2027
0,70,3,2,2339.0,967,194,3360.1027
0,71,1,0,2826.4,1628,247,6010.2197
0,72,1,1,470.3,14,2,0.2197
0,73,1,1,470.3,14,2,0.2197
0,74,1,1,470.3,14,2,0.2197
0,75,1,2,2339.0,967,194,3360.1027
0,76,1,0,2798.4,1656,293,7005.6047
0,77,1,0,2826.4,1628,247,6010.2197
0,78,1,0,2826.4,1628,247,6010.2197
0,79,1,1,466.3,18,2,0.30758
0,80,1,1,470.3,14,2,0.2197
0,81,1,2,2076.0,1230,245,3642.1397
0,82,1,0,2725.4,1729,348,6602.2397
0,83,1,2,2076.0,1230,245,3642.1397
0,84,1,1,470.3,14,2,0.2197
0,85,1,2,2339.0,967,194,3360.1027
0,86,1,1,470.3,14,2,0.2197
0,87,3,0,2992.4,1462,293,6320.2027
0,88,1,1,470.3,14,2,0.2197
0,89,3,2,2076.0,1230,245,3642.1397
0,90,3,2,2074.0,1232,247,3642.1397
0,91,3,0,2727.4,1727,346,6602.2397
0,92,3,1,470.3,14,2,0.2197
0,93,3,0,2990.4,1464,295,6320.2027
0,94,1,1,470.3,14,2,0.2197
0,95,1,0,2992.4,1462,293,6320.2027
0,96,3,2,2076.0,1230,245,3642.1397
0,97,1,2,2076.0,1230,245,3642.1397
0,98,3,1,470.3,14,2,0.2197
0,99,1,0,2804.4,1650,293,6959.82949
0,100,1,2,2076.0,1230,245,3642.1397
0,101,1,2,2215.0,1091,194,3798.1947
0,102,1,1,468.3,16,4,0.2197
0,103,1,0,2826.4,1628,247,6010.2197
0,104,1,2,2076.0,1230,245,3642.1397
0,105,1,2,2074.0,1232,247,3642.1397
0,106,1,0,2856.4,1598,293,6800.6907
0,107,1,1,470.3,14,2,0.2197
0,108,1,0,2806.4,1648,297,6320.2027
0,109,3,0,2816.4,1638,251,6010.2197
0,110,3,0,2764.4,1690,293,7186.9017
0,111,1,0,2718.4,1736,348,6644.0997
0,112,1,2,2074.0,1232,247,3642.1397
0,113,1,1,470.3,14,2,0.2197
0,114,1,2,2074.0,1232,247,3642.1397
0,115,3,2,2074.0,1232,247,3642.1397
0,116,3,1,469.3,15,2,0.24167
0,117,1,0,2798.4,1656,293,7005.6047
0,118,3,1,470.3,14,2,0.2197
0,119,3,1,470.3,14,2,0.2197
0,120,3,0,2725.4,1729,348,6602.2397
0,121,1,1,470.3,14,2,0.2197
0,122,1,1,468.3,16,2,0.26364
0,123,3,1,470.3,14,2,0.2197
0,124,1,2,2076.0,1230,245,3642.1397
0,125,1,1,441.3,43,4,0.2197
0,126,1,2,2339.0,967,194,3360.1027
0,127,1,0,1705.4,2749,297,6521.5837
0,128,3,0,2628.4,1826,350,7140.4397
0,129,1,0,2162.4,2292,350,6685.9597
0,130,1,0,2173.4,2281,350,6709.8797
0,131,1,2,1049.0,2257,249,3642.1397
0,132,1,2,1250.0,2056,196,3890.0527
0,133,1,0,2623.4,1831,297,7960.3027
0,134,1,0,2661.4,1793,350,6620.1797
0,135,1,2,1537.0,1769,249,3642.1397
0,136,1,1,470.3,14,2,0.2197
0,137,1,1,470.3,14,2,0.2197
0,138,1,2,1751.0,1555,249,3642.1397
0,139,1,2,1796.0,1510,194,5274.9887
0,140,1,0,2436.4,2018,346,7473.7847
0,141,1,2,1803.0,1503,194,5253.7907
0,142,1,2,1327.0,1979,247,5879.4047
0,143,3,2,2066.0,1240,249,3654.1197
0,144,1,0,2181.4,2273,346,8237.5097
0,145,3,1,113.3,371,4,0.2197
0,148,1,0,2546.4,1908,247,6848.8197
0,149,3,1,284.3,200,4,0.2197
0,151,1,2,1760.0,1546,247,4582.5697
0,152,1,0,2698.4,1756,295,7351.8387
0,153,1,0,2653.4,1801,346,6823.8697
0,154,1,2,2320.0,986,194,3427.2297
0,155,1,2,2076.0,1230,245,3642.1397
0,156,1,2,2076.0,1230,245,3642.1397
0,157,1,2,2041.0,1265,249,3693.0547
0,158,3,0,2896.4,1558,293,6659.3707
0,159,1,2,2166.0,1140,196,3897.1187
0,160,1,0,2826.4,1628,247,6010.2197
0,161,1,0,2721.4,1733,348,6602.32758
0,162,1,2,2074.0,1232,247,3642.1397
0,163,1,2,2076.0,1230,245,3642.1397
0,164,1,2,2014.0,1292,249,3642.1397
0,165,3,2,2064.0,1242,249,3642.1397
0,166,1,1,301.3,183,4,0.2197
0,167,1,0,2992.4,1462,293,6320.2027
0,168,1,2,2339.0,967,194,3360.1027
0,169,1,0,2727.4,1727,346,6602.2397
0,170,1,2,2074.0,1232,247,3642.1397
0,171,3,0,2727.4,1727,346,6602.2397
0,172,1,0,2826.4,1628,247,6010.2197
0,173,1,0,2706.4,1748,346,6665.1347
0,174,1,1,425.3,59,4,0.2197
0,175,1,2,2339.0,967,194,3360.1027
0,176,1,0,2990.4,1464,295,6320.2027
0,177,1,2,2076.0,1230,245,3642.1397
0,178,1,0,2966.4,1488,293,6412.0607
0,179,1,0,2992.4,1462,293,6320.2027
0,180,1,0,2992.4,1462,293,6320.2027
0,181,1,0,2862.4,1592,295,6772.4267
0,182,1,0,2826.4,1628,247,6010.2197
0,183,1,1,470.3,14,2,0.2197
0,184,1,0,2819.4,1635,247,6010.37349
0,185,1,0,2807.4,1647,293,6973.8077
0,186,1,0,2727.4,1727,346,6602.2397
0,187,1,1,470.3,14,2,0.2197
0,188,1,1,468.3,16,2,0.26364
0,189,1,0,2992.4,1462,293,6320.2027
0,190,1,1,470.3,14,2,0.2197
0,191,1,1,470.3,14,2,0.2197
0,192,3,2,2339.0,967,194,3360.1027
0,193,3,2,2266.0,1040,194,3618.0117
0,194,1,2,2076.0,1230,245,3642.1397
0,195,1,0,2988.4,1466,297,6320.2027
0,196,3,2,2026.0,1280,249,3642.1397
0,197,1,2,2063.0,1243,247,3642.1397
0,198,3,2,2069.0,1237,249,3642.1397
0,199,1,2,2065.0,1241,249,3642.29349
0,200,1,2,2076.0,1230,245,3642.1397
0,201,3,0,2727.4,1727,346,6602.2397
0,202,1,1,470.3,14,2,0.2197
0,203,3,1,470.3,14,2,0.2197
0,204,1,2,2264.0,1042,194,3600.50049
0,205,1,1,470.3,14,2,0.2197
0,206,1,2,2188.0,1118,194,3893.5857
0,207,1,2,2076.0,1230,245,3642.1397
0,208,1,2,1936.0,1370,247,4055.4497
0,209,1,1,331.3,153,4,0.2197
0,210,1,2,2160.0,1146,194,3992.5097
0,211,3,1,470.3,14,2,0.2197
0,212,1,0,2834.4,1620,295,6871.3507
0,213,1,2,2076.0,1230,245,3642.1397
0,214,1,1,470.3,14,2,0.2197
0,215,3,2,2074.0,1232,247,3642.1397
0,216,1,2,2145.0,1161,194,4045.5047
0,217,3,1,470.3,14,2,0.2197
0,218,1,1,470.3,14,2,0.2197
0,219,3,2,2206.0,1100,194,3829.9917
0,220,3,2,2076.0,1230,245,3642.1397
0,221,3,0,2826.4,1628,247,6010.2197
0,222,3,1,466.3,18,2,0.30758
0,223,3,2,2076.0,1230,245,3642.1397
0,224,1,2,2276.0,1030,194,3582.6817
0,225,1,0,2826.4,1628,247,6010.2197
0,226,1,1,470.3,14,2,0.2197
0,227,1,2,2229.0,1077,194,3748.7327
0,228,1,0,2824.4,1630,249,6010.2197
0,229,1,2,2076.0,1230,245,3642.1397
0,230,1,2,2074.0,1232,247,3642.1397
0,231,1,1,470.3,14,2,0.2197
0,232,3,2,2135.0,1171,196,4073.7687
0,233,1,2,2074.0,1232,247,3642.1397
0,234,1,0,2790.4,1664,293,7033.8687
0,235,3,2,2339.0,967,194,3360.1027
0,236,1,2,2247.0,1059,194,3685.1387
0,237,1,1,470.3,14,2,0.2197
0,238,1,2,2076.0,1230,245,3642.1397
0,239,3,2,2074.0,1232,247,3642.1397
0,240,1,1,470.3,14,2,0.2197
0,241,1,0,2826.4,1628,247,6010.2197
0,242,1,1,470.3,14,2,0.2197
0,243,1,2,2339.0,967,194,3360.1027
0,244,3,0,2990.4,1464,295,6320.2027
0,245,1,2,2339.0,967,194,3360.1027
0,246,1,0,2992.4,1462,293,6320.2027
0,247,1,1,470.3,14,2,0.2197
0,248,1,2,2076.0,1230,245,3642.1397
0,249,1,1,470.3,14,2,0.2197
0,250,3,1,470.3,14,2,0.2197
0,251,1,1,470.3,14,2,0.2197
0,252,1,0,2992.4,1462,293,6320.2027
0,253,3,2,2339.0,967,194,3360.1027
0,254,1,0,2826.4,1628,247,6010.2197
0,255,1,0,2727.4,1727,346,6602.2397
0,256,1,2,2203.0,1103,194,3840.5907
0,257,1,0,2784.4,1670,295,7048.0007
0,258,1,2,2074.0,1232,247,3642.1397
0,259,1,1,470.3,14,2,0.2197
0,260,1,1,470.3,14,2,0.2197
0,261,3,1,470.3,14,2,0.2197
0,262,3,0,2990.4,1464,295,6320.2027
0,263,1,1,470.3,14,2,0.2197
0,264,1,2,2339.0,967,194,3360.1027
0,265,1,2,2076.0,1230,245,3642.1397
0,266,1,1,470.3,14,2,0.2197
0,267,3,0,2826.4,1628,247,6010.2197
0,268,1,2,2328.0,978,194,3398.9657
0,269,1,2,2308.0,998,194,3469.6257
0,270,3,2,2076.0,1230,245,3642.1397
0,271,1,1,470.3,14,2,0.2197
0,272,1,0,2992.4,1462,293,6320.2027
0,273,1,1,470.3,14,2,0.2197
0,274,3,1,470.3,14,2,0.2197
0,275,1,2,2339.0,967,194,3360.1027
0,276,1,0,2826.4,1628,247,6010.2197
0,277,3,2,2076.0,1230,245,3642.1397
0,278,3,0,2906.4,1548,295,6616.9747
0,279,1,1,470.3,14,2,0.2197
0,280,1,2,2339.0,967,194,3360.1027
0,281,3,2,2074.0,1232,247,3642.1397
0,282,1,2,2074.0,1232,247,3642.1397
0,283,1,1,470.3,14,2,0.2197
0,284,1,2,2339.0,967,194,3360.1027
0,285,3,0,2828.4,1626,295,6892.5487
0,286,1,2,2076.0,1230,245,3642.1397
0,287,1,0,2992.4,1462,293,6320.2027
0,288,1,0,2985.4,1469,295,6337.8677
0,289,1,2,2074.0,1232,247,3642.1397
0,290,3,1,470.3,14,2,0.2197
0,291,1,1,470.3,14,2,0.2197
0,292,1,2,2339.0,967,194,3360.1027
0,293,1,1,470.3,14,2,0.2197
0,294,3,0,2694.4,1760,297,6320.2027
0,295,1,2,1074.0,2232,249,3642.1397
0,296,1,0,2306.4,2148,350,7182.2997
0,297,3,0,2710.4,1744,350,6644.0997
0,298,1,0,2533.4,1921,346,7762.3597
0,299,3,0,2803.4,1651,297,7014.3347
0,300,1,0,2580.4,1874,293,8563.7327
0,301,1,0,2720.4,1734,348,6632.1397
0,302,3,2,2074.0,1232,247,3642.1397
0,303,1,2,2074.0,1232,247,3642.1397
0,304,1,2,1994.0,1312,245,3872.86455
0,305,1,0,2640.4,1814,346,6862.8047
0,307,1,2,2339.0,967,194,3360.1027
0,308,3,1,370.3,114,4,0.2197
0,309,1,0,2982.4,1472,293,6320.4224
0,310,1,0,2824.4,1630,249,6010.2197
0,311,1,1,470.3,14,2,0.2197
0,312,1,0,2727.4,1727,346,6602.2397
0,313,1,1,470.3,14,2,0.2197
0,314,1,2,2076.0,1230,245,3642.1397
0,315,1,2,2250.0,1056,194,3674.5397
0,316,1,2,2300.0,1006,194,3497.8897
0,317,1,1,470.3,14,2,0.2197
0,318,1,0,2727.4,1727,346,6602.2397
0,319,1,1,470.3,14,2,0.2197
0,320,1,0,2990.4,1464,295,6320.2027
0,321,1,2,2059.0,1247,245,3693.0547
0,322,3,0,2982.4,1472,293,6355.5327
0,323,1,2,2064.0,1242,247,3642.3594
0,324,1,1,470.3,14,2,0.2197
0,325,1,1,470.3,14,2,0.2197
0,326,1,1,470.3,14,2,0.2197
0,327,3,0,2992.4,1462,293,6320.2027
0,328,1,2,2339.0,967,194,3360.1027
0,329,1,1,470.3,14,2,0.2197
0,330,1,2,2076.0,1230,245,3642.1397
0,331,1,0,2727.4,1727,346,6602.2397
0,332,1,2,2074.0,1232,247,3642.1397
0,333,1,0,2990.4,1464,295,6320.2027
0,334,1,0,2990.4,1464,295,6320.2027
0,335,3,0,2725.4,1729,348,6602.2397
0,336,1,1,470.3,14,2,0.2197
0,337,1,1,470.3,14,2,0.2197
0,338,1,2,2313.0,993,194,3451.9607
0,339,1,1,470.3,14,2,0.2197
0,340,1,1,470.3,14,2,0.2197
0,341,1,0,2992.4,1462,293,6320.2027
0,342,1,2,2172.0,1134,194,3950.1137
0,343,1,1,468.3,16,4,0.2197
0,344,1,0,2086.4,2368,297,6850.1527
0,345,1,1,470.3,14,2,0.2197
0,346,3,1,470.3,14,2,0.2197
0,347,1,0,2303.4,2151,251,6010.2197
0,348,3,1,470.3,14,2,0.2197
0,349,3,0,2480.4,1974,350,6644.0997
0,350,1,2,1510.0,1796,196,3734.6007
0,351,3,0,2713.4,1741,348,6673.9997
0,352,1,0,2817.4,1637,293,7048.5927
0,353,1,2,1989.0,1317,249,3642.1397
0,354,1,2,2027.0,1279,249,3642.1397
0,355,3,2,2068.0,1238,249,3642.1397
0,356,1,1,470.3,14,2,0.2197
0,357,3,0,2727.4,1727,346,6602.2397
0,358,3,0,2657.4,1797,293,7503.7577
0,359,1,0,2717.4,1737,346,6632.1897
0,360,1,2,1925.0,1381,245,4094.3847
0,361,3,0,2714.4,1740,293,7302.3767
0,362,1,2,1711.0,1595,245,4735.3147
0,363,1,1,32.3,452,4,0.4394
0,364,1,1,331.3,153,4,0.2197
0,365,1,1,338.3,146,4,0.26364
0,366,1,0,2912.4,1542,297,6560.4467
0,367,1,2,2036.0,1270,196,4024.3067
0,368,1,1,470.3,14,2,0.2197
0,369,1,0,2824.4,1630,249,6010.2197
0,370,1,2,2076.0,1230,245,3642.1397
0,371,1,1,462.3,22,2,0.39546
0,372,3,0,2727.4,1727,346,6602.2397
0,373,1,2,2149.0,1157,194,4031.3727
0,374,1,2,2074.0,1232,247,3642.1397
0,375,1,2,2073.0,1233,247,3642.16167
0,376,1,2,2074.0,1232,247,3642.1397
0,377,1,1,470.3,14,2,0.2197
0,378,1,0,2727.4,1727,346,6602.2397
0,379,1,2,2339.0,967,194,3360.1027
0,380,1,0,2726.4,1728,346,6602.26167
0,381,1,0,2990.4,1464,295,6320.2027
0,382,3,0,2824.4,1630,249,6010.2197
0,383,1,1,470.3,14,2,0.2197
0,384,1,1,470.3,14,2,0.2197
0,385,1,2,2339.0,967,194,3360.1027
0,386,1,2,2339.0,967,194,3360.1027
0,387,3,0,2727.4,1727,346,6602.2397
0,388,1,2,2279.0,1027,194,3572.0827
0,389,1,0,2990.4,1464,295,6320.2027
0,390,1,2,2076.0,1230,245,3642.1397
0,391,1,0,2727.4,1727,346,6602.2397
0,392,1,1,470.3,14,2,0.2197
0,393,1,1,470.3,14,2,0.2197
0,394,3,2,2074.0,1232,247,3642.1397
0,395,1,1,470.3,14,2,0.2197
0,396,1,0,2990.4,1464,295,6320.2027
0,397,1,2,2338.0,968,194,3360.12467
0,398,1,0,2826.4,1628,247,6010.2197
0,399,1,0,2725.4,1729,348,6602.2397
0,400,1,0,2988.4,1466,297,6320.2027
0,401,1,1,470.3,14,2,0.2197
0,402,3,2,2339.0,967,194,3360.1027
0,403,1,0,2992.4,1462,293,6320.2027
0,404,1,1,470.3,14,2,0.2197
0,405,1,1,470.3,14,2,0.2197
0,406,3,2,2339.0,967,194,3360.1027
0,407,1,0,2992.4,1462,293,6320.2027
0,408,1,1,470.3,14,2,0.2197
0,409,3,2,2076.0,1230,245,3642.1397
0,410,1,2,2076.0,1230,245,3642.1397
0,411,1,1,470.3,14,2,0.2197
0,412,3,2,2163.0,1143,194,3981.9107
0,413,1,2,2074.0,1232,247,3642.1397
0,414,1,2,2171.0,1135,194,3953.6467
0,415,1,1,470.3,14,2,0.2197
0,416,1,2,2070.0,1236,247,3642.22758
0,417,1,2,2074.0,1232,247,3642.1397
0,418,1,2,2074.0,1232,247,3642.1397
0,419,1,2,2074.0,1232,247,3642.1397
0,420,1,1,470.3,14,2,0.2197
0,421,1,1,470.3,14,2,0.2197
0,422,1,0,2992.4,1462,293,6320.2027
0,423,3,1,470.3,14,2,0.2197
0,424,1,2,2339.0,967,194,3360.1027
0,425,1,2,2168.0,1138,194,3964.2457
0,426,1,0,2826.4,1628,247,6010.2197
0,427,3,2,2074.0,1232,247,3642.1397
0,428,1,0,2727.4,1727,346,6602.2397
0,429,1,0,2843.4,1611,295,6839.5537
0,430,1,0,2824.4,1630,249,6010.2197
0,431,3,1,470.3,14,2,0.2197
0,432,1,1,470.3,14,2,0.2197
0,433,1,2,2339.0,967,194,3360.1027
0,434,1,1,470.3,14,2,0.2197
0,435,1,0,2923.4,1531,293,6563.9797
0,436,1,1,470.3,14,2,0.2197
0,437,1,1,470.3,14,2,0.2197
0,438,1,2,2339.0,967,194,3360.1027
0,439,1,0,2185.4,2269,297,6881.9497
0,440,1,0,2545.4,1909,350,6721.8397
0,441,1,1,470.3,14,2,0.2197
0,442,1,1,470.3,14,2,0.2197
0,443,1,2,1774.0,1532,196,3893.5857
0,444,1,0,2642.4,1812,348,6850.8247
0,445,1,1,470.3,14,2,0.2197
0,446,1,2,2035.0,1271,249,3642.1397
0,447,3,2,2200.0,1106,196,3678.18255
0,448,1,1,461.3,23,2,0.41743
0,449,1,2,2074.0,1232,247,3642.1397
0,450,3,2,2076.0,1230,245,3642.1397
0,451,1,2,2070.0,1236,247,3642.22758
0,452,3,1,470.3,14,2,0.2197
0,453,1,1,470.3,14,2,0.2197
0,454,1,1,470.3,14,2,0.2197
0,455,3,2,2074.0,1232,247,3642.1397
0,456,1,2,2037.0,1269,194,4427.0687
0,457,3,0,2723.4,1731,346,6614.2197
0,459,3,1,95.3,389,4,0.2197
0,460,2,1,48.3,436,4,0.2197
0,461,3,2,2262.0,1044,194,3632.1437
0,462,1,0,2672.4,1782,346,6766.9647
0,463,1,0,2824.4,1630,249,6010.2197
0,464,1,2,2076.0,1230,245,3642.1397
0,465,1,0,2824.4,1630,249,6010.2197
0,466,1,1,470.3,14,2,0.2197
0,467,1,0,2992.4,1462,293,6320.2027
0,468,1,0,2990.4,1464,295,6320.2027
0,469,1,2,2076.0,1230,245,3642.1397
0,470,3,2,2074.0,1232,247,3642.1397
0,471,1,0,2727.4,1727,346,6602.2397
0,472,1,1,470.3,14,2,0.2197
0,473,1,0,2982.4,1472,297,6320.2027
0,474,3,1,470.3,14,2,0.2197
0,475,1,2,2339.0,967,194,3360.1027
0,476,1,0,2715.4,1739,295,7497.3257
0,477,1,0,2693.4,1761,348,6763.80955
0,478,1,2,1898.0,1408,249,3642.1397
0,479,1,0,2667.4,1787,348,6949.0797
0,480,1,2,2043.0,1263,249,3642.1397
0,481,1,2,2046.0,1260,249,3642.22758
0,482,1,2,2067.0,1239,249,3642.1397
0,483,1,2,2072.0,1234,247,3642.16167
0,484,1,1,227.3,257,4,0.2197
0,485,1,2,2206.0,1100,194,3829.9917
0,486,1,2,2072.0,1234,249,3642.1397
0,487,3,2,2101.0,1205,194,4200.9567
0,488,1,0,2593.4,1861,346,7003.5697
0,489,1,1,260.3,224,4,0.24167
0,490,1,0,14.4,4440,350,6602.2397
0,491,1,1,340.3,144,4,0.2197
0,492,1,1,470.3,14,2,0.2197
0,493,3,0,2511.4,1943,297,6320.2027
0,494,3,1,470.3,14,2,0.2197
0,495,1,0,660.4,3794,297,6667.0427
0,497,1,1,470.3,14,2,0.2197
0,498,1,0,1073.4,3381,350,7365.4147
0,499,1,0,1149.4,3305,350,6644.0997
0,500,3,0,2798.4,1656,297,6586.8417
0,501,1,1,469.3,15,2,0.24167
0,502,1,0,1270.4,3184,350,6727.8197
0,503,1,2,161.0,3145,249,3642.1397
0,504,1,2,236.0,3070,196,4098.4997
0,505,1,2,401.0,2905,249,3642.1397
0,506,3,2,1927.0,1379,249,3932.6547
0,509,1,0,1740.4,2714,297,9154.4427
0,510,1,2,827.0,2479,249,4121.3397
0,511,1,2,1155.0,2151,196,4137.3627
0,513,1,0,2375.4,2079,350,7932.9947
0,514,1,0,2411.4,2043,350,7446.7997
0,515,1,0,2426.4,2028,346,7512.6897
0,516,1,0,2354.4,2100,348,7734.2797
0,517,1,0,2294.4,2160,348,8003.5297
0,518,1,2,1427.0,1879,249,4894.0497
0,519,3,0,2691.4,1763,295,7557.6477
0,520,3,0,2701.4,1753,348,6730.8347
0,521,1,0,2629.4,1825,293,7612.4697
0,522,1,2,1782.0,1524,247,4516.6797
0,523,3,2,2259.0,1047,194,3642.7427
0,524,2,1,412.3,72,4,0.2197
0,525,1,1,381.3,103,4,0.37349
0,526,1,2,2339.0,967,194,3360.1027
0,527,1,2,2076.0,1230,245,3642.1397
0,528,1,0,2799.4,1655,293,7002.0717
0,529,1,2,2075.0,1231,245,3642.16167
0,530,1,0,2826.4,1628,247,6010.2197
0,531,1,1,470.3,14,2,0.2197
0,532,1,0,2727.4,1727,346,6602.2397
0,533,1,1,470.3,14,2,0.2197
0,534,1,0,2542.4,1912,348,7150.3247
0,535,1,2,2074.0,1232,247,3642.1397
0,536,3,0,2972.4,1482,293,6390.8627
0,537,3,2,2073.0,1233,247,3642.16167
0,538,1,1,470.3,14,2,0.2197
0,539,1,1,470.3,14,2,0.2197
0,540,1,1,468.3,16,4,0.2197
0,541,1,2,2339.0,967,194,3360.1027
0,542,1,0,2992.4,1462,293,6320.2027
0,543,1,0,2826.4,1628,247,6010.2197
0,544,1,1,466.3,18,4,0.26364
0,545,1,1,470.3,14,2,0.2197
0,546,1,0,2922.4,1532,293,6567.5127
0,547,3,2,2339.0,967,194,3360.1027
0,548,1,2,2074.0,1232,247,3642.1397
0,549,1,0,2727.4,1727,346,6602.2397
0,550,1,2,2246.0,1060,194,3688.6717
0,551,1,1,470.3,14,2,0.2197
0,552,3,0,2727.4,1727,346,6602.2397
0,553,3,2,2197.0,1109,194,3861.7887
0,554,1,0,2727.4,1727,346,6602.2397
0,555,1,0,2725.4,1729,348,6602.2397
0,556,3,1,470.3,14,2,0.2197
0,557,1,1,470.3,14,2,0.2197
0,558,3,1,470.3,14,2,0.2197
0,559,1,0,2992.4,1462,293,6320.2027
0,560,1,1,470.3,14,2,0.2197
0,561,1,2,2339.0,967,194,3360.1027
0,562,1,0,2727.4,1727,346,6602.2397
0,563,1,1,470.3,14,2,0.2197
0,564,1,2,2332.0,974,194,3360.25649
0,565,1,0,2727.4,1727,346,6602.2397
0,566,1,1,470.3,14,2,0.2197
0,567,3,2,2074.0,1232,247,3642.1397
0,568,3,2,2074.0,1232,247,3642.1397
0,569,1,2,2221.0,1085,194,3776.9967
0,570,1,1,470.3,14,2,0.2197
0,571,1,1,466.3,18,2,0.30758
0,572,3,1,470.3,14,2,0.2197
0,573,1,0,2823.4,1631,293,6917.2797
0,574,1,2,2069.0,1237,245,3642.29349
0,575,1,0,2727.4,1727,346,6602.2397
0,576,1,0,2725.4,1729,348,6602.2397
0,577,1,0,2727.4,1727,346,6602.2397
0,578,3,1,470.3,14,2,0.2197
0,579,3,2,2339.0,967,194,3360.1027
0,580,3,0,2992.4,1462,293,6320.2027
0,581,1,2,2133.0,1173,194,4087.9007
0,582,1,0,2826.4,1628,247,6010.2197
0,583,3,2,2076.0,1230,245,3642.1397
0,584,1,0,2727.4,1727,346,6602.2397
0,585,1,0,2826.4,1628,247,6010.2197
0,586,1,0,2990.4,1464,295,6320.2027
0,587,1,0,2935.4,1519,295,6514.5177
0,588,1,1,470.3,14,2,0.2197
0,589,1,0,2824.4,1630,249,6010.2197
0,590,1,2,1995.0,1311,245,3884.7347
0,591,3,0,2879.4,1575,293,6719.4317
0,592,3,2,2076.0,1230,245,3642.1397
0,593,1,2,2186.0,1120,194,3900.6517
0,594,1,2,2076.0,1230,245,3642.1397
0,595,1,1,470.3,14,2,0.2197
0,596,3,1,470.3,14,2,0.2197
0,597,1,2,2258.0,1048,194,3646.2757
0,598,1,0,2727.4,1727,346,6602.2397
0,599,1,0,2990.4,1464,295,6320.2027
0,600,1,1,470.3,14,2,0.2197
0,601,1,0,2826.4,1628,247,6010.2197
0,602,1,1,470.3,14,2,0.2197
0,603,1,2,2074.0,1232,245,3642.18364
0,604,1,1,470.3,14,2,0.2197
0,605,1,2,2074.0,1232,247,3642.1397
0,606,1,1,470.3,14,2,0.2197
0,607,1,1,470.3,14,2,0.2197
0,608,1,1,470.3,14,2,0.2197
0,609,1,0,2992.4,1462,293,6320.2027
0,610,1,0,2992.4,1462,293,6320.2027
0,611,1,1,470.3,14,2,0.2197
0,612,1,2,2069.0,1237,245,3642.29349
0,613,1,1,470.3,14,2,0.2197
0,614,3,1,470.3,14,2,0.2197
0,615,1,0,2864.4,1590,293,6772.4267
0,616,1,1,470.3,14,2,0.2197
0,617,3,0,2961.4,1493,293,6429.7257
0,618,1,0,2826.4,1628,247,6010.2197
0,619,1,1,470.3,14,2,0.2197
0,620,1,2,2076.0,1230,245,3642.1397
0,621,3,2,2076.0,1230,245,3642.1397
0,622,3,1,470.3,14,2,0.2197
0,623,1,0,2789.4,1665,293,7002.2914
0,624,1,0,2992.4,1462,293,6320.2027
0,625,3,0,2727.4,1727,346,6602.2397
0,626,1,1,470.3,14,2,0.2197
0,627,3,1,470.3,14,2,0.2197
0,628,1,0,2826.4,1628,247,6010.2197
0,629,1,1,470.3,14,2,0.2197
0,630,3,2,2331.0,975,194,3388.3667
0,631,1,1,470.3,14,2,0.2197
0,632,1,0,2992.4,1462,293,6320.2027
0,633,1,0,2727.4,1727,346,6602.2397
0,634,1,1,470.3,14,2,0.2197
0,635,1,0,2824.4,1630,249,6010.2197
0,636,1,0,2727.4,1727,346,6602.2397
0,637,1,0,2956.4,1498,295,6440.3247
0,638,1,2,2339.0,967,194,3360.1027
0,639,1,2,2074.0,1232,247,3642.1397
0,640,1,2,2074.0,1232,247,3642.1397
0,641,3,1,470.3,14,2,0.2197
0,642,1,1,470.3,14,2,0.2197
0,643,1,2,2273.0,1033,194,3593.2807
0,644,1,0,2727.4,1727,346,6602.2397
0,645,1,2,2074.0,1232,247,3642.1397
0,646,3,2,2238.0,1068,194,3716.9357
0,647,1,0,2970.4,1484,293,6397.9287
0,648,1,0,2824.4,1630,249,6010.2197
0,649,3,1,470.3,14,2,0.2197
0,650,1,1,470.3,14,2,0.2197
0,651,1,1,470.3,14,2,0.2197
0,652,3,0,2990.4,1464,295,6320.2027
0,653,1,0,2831.4,1623,293,6889.0157
0,654,1,0,2824.4,1630,249,6010.2197
0,655,3,2,2076.0,1230,245,3642.1397
0,656,1,0,2721.4,1733,348,6602.32758
0,657,1,0,2725.4,1729,348,6602.2397
0,658,1,1,470.3,14,2,0.2197
0,659,1,1,470.3,14,2,0.2197
0,660,1,2,2339.0,967,194,3360.1027
0,661,1,1,470.3,14,2,0.2197
0,662,1,1,470.3,14,2,0.2197
0,663,3,0,2992.4,1462,293,6320.2027
0,664,1,0,2824.4,1630,249,6010.2197
0,665,1,2,2339.0,967,194,3360.1027
0,666,3,1,470.3,14,2,0.2197
0,667,1,2,2267.0,1039,194,3614.4787
0,668,1,1,470.3,14,2,0.2197
0,669,1,2,2339.0,967,194,3360.1027
0,670,3,2,2174.0,1132,194,3943.0477
0,671,1,2,2076.0,1230,245,3642.1397
0,672,1,2,2074.0,1232,247,3642.1397
0,673,1,1,468.3,16,2,0.26364
0,674,1,1,470.3,14,2,0.2197
0,675,1,0,2727.4,1727,346,6602.2397
0,676,1,0,2725.4,1729,348,6602.2397
0,677,1,2,2174.0,1132,194,3943.0477
0,678,1,2,2076.0,1230,245,3642.1397
0,679,1,1,468.3,16,2,0.26364
0,680,1,0,2725.4,1729,348,6602.2397
0,681,1,2,2339.0,967,194,3360.1027
0,682,1,0,2826.4,1628,247,6010.2197
0,683,1,2,2128.0,1178,194,4105.5657
0,684,3,2,2074.0,1232,247,3642.1397
0,685,3,1,470.3,14,2,0.2197
0,686,1,1,470.3,14,2,0.2197
0,687,3,2,2292.0,1014,194,3526.1537
0,688,1,1,468.3,16,4,0.2197
0,689,1,1,470.3,14,2,0.2197
0,690,1,2,2076.0,1230,245,3642.1397
0,691,1,2,2311.0,995,194,3459.0267
0,692,1,0,2992.4,1462,293,6320.2027
0,693,1,1,470.3,14,2,0.2197
0,694,1,2,2140.0,1166,196,4052.5707
0,695,1,0,2826.4,1628,247,6010.2197
0,696,1,2,2076.0,1230,245,3642.1397
0,697,1,0,2824.4,1630,249,6010.2197
0,698,3,0,2817.4,1637,295,6931.4117
0,699,3,2,2074.0,1232,247,3642.1397
0,700,3,1,470.3,14,2,0.2197
0,701,1,1,470.3,14,2,0.2197
0,702,1,0,2701.4,1753,346,6680.1097
0,703,3,2,2195.0,1111,194,3868.8547
0,704,1,2,2074.0,1232,247,3642.1397
0,705,1,0,2819.4,1635,293,6931.4117
0,706,1,0,2727.4,1727,346,6602.2397
0,707,1,0,2793.4,1661,295,7016.2037
0,708,1,1,470.3,14,2,0.2197
0,709,1,1,470.3,14,2,0.2197
0,710,1,1,470.3,14,2,0.2197
0,711,1,1,470.3,14,2,0.2197
0,712,3,1,470.3,14,2,0.2197
0,713,1,2,2339.0,967,194,3360.1027
0,714,3,1,470.3,14,2,0.2197
0,715,1,2,2076.0,1230,245,3642.1397
0,716,1,1,470.3,14,2,0.2197
0,717,1,0,2906.4,1548,293,6624.0407
0,718,1,0,2727.4,1727,346,6602.2397
0,719,3,0,2725.4,1729,348,6602.2397
0,720,1,2,2074.0,1232,247,3642.1397
0,721,1,1,460.3,24,2,0.4394
0,722,1,1,456.3,28,2,0.52728
0,723,1,1,470.3,14,2,0.2197
0,724,1,1,470.3,14,2,0.2197
0,725,3,0,2992.4,1462,293,6320.2027
0,726,1,1,470.3,14,2,0.2197
0,727,1,2,2339.0,967,194,3360.1027
0,728,1,1,470.3,14,2,0.2197
0,729,1,1,470.3,14,2,0.2197
0,730,1,0,2723.4,1731,251,6010.2197
0,731,1,1,470.3,14,2,0.2197
0,732,1,0,2868.4,1586,297,6666.4367
0,733,1,1,470.3,14,2,0.2197
0,734,3,1,470.3,14,2,0.2197
0,735,3,1,470.3,14,2,0.2197
0,736,1,2,2339.0,967,194,3360.1027
0,737,3,1,470.3,14,2,0.2197
0,738,3,2,2028.0,1278,196,3360.1027
0,739,1,0,2382.4,2072,350,6632.1397
0,740,1,0,2396.4,2058,350,6620.1797
0,741,1,0,2479.4,1975,350,6662.0397
0,742,1,2,1347.0,1959,249,3642.22758
0,743,1,0,2618.4,1836,350,6984.9597
0,744,1,1,470.3,14,2,0.2197
0,745,1,0,2680.4,1774,350,6739.7797
0,746,1,0,2520.4,1934,348,7747.62849
0,747,1,1,383.3,101,4,0.2197
0,748,3,1,451.3,33,4,0.2197
0,749,3,0,2908.4,1546,293,6658.5737
0,750,1,0,2660.4,1794,293,7816.1627
0,751,2,2,2011.0,1295,249,3642.1397
0,753,1,0,2346.4,2108,346,7722.52349
0,754,1,2,1597.0,1709,194,5981.5887
0,757,3,0,2707.4,1747,348,6656.1497
0,759,1,2,1994.0,1312,194,4564.94358
0,760,1,0,2668.4,1786,346,6778.9447
0,761,3,1,372.3,112,4,0.2197
0,762,1,0,2826.4,1628,247,6010.2197
0,763,1,0,2826.4,1628,247,6010.2197
0,764,3,0,2807.4,1647,293,6973.8077
0,765,3,0,2844.4,1610,293,6843.0867
0,766,3,2,2074.0,1232,247,3642.1397
0,767,3,1,470.3,14,2,0.2197
0,768,1,1,470.3,14,2,0.2197
0,769,3,1,470.3,14,2,0.2197
0,770,1,1,470.3,14,2,0.2197
0,771,1,1,470.3,14,2,0.2197
0,772,1,1,470.3,14,2,0.2197
0,773,1,0,2992.4,1462,293,6320.2027
0,774,1,0,2992.4,1462,293,6320.2027
0,775,1,1,470.3,14,2,0.2197
0,776,1,2,2076.0,1230,245,3642.1397
0,777,1,0,2826.4,1628,247,6010.2197
0,778,1,0,2824.4,1630,249,6010.2197
0,779,1,2,2076.0,1230,245,3642.1397
0,780,1,2,2162.0,1144,194,3985.4437
0,781,1,0,2953.4,1501,295,6450.9237
0,782,1,0,2727.4,1727,346,6602.2397
0,783,3,1,470.3,14,2,0.2197
0,784,1,0,2725.4,1729,348,6602.2397
0,785,1,2,2074.0,1232,247,3642.1397
0,786,1,1,470.3,14,2,0.2197
0,787,1,0,2866.4,1588,295,6758.2947
0,788,1,1,470.3,14,2,0.2197
0,789,1,0,2992.4,1462,293,6320.2027
0,790,1,2,2250.0,1056,194,3674.5397
0,791,1,2,2186.0,1120,194,3900.6517
0,792,1,2,2074.0,1232,245,3642.18364
0,793,1,0,2725.4,1729,348,6602.2397
0,794,1,0,2705.4,1749,348,6662.1397
0,795,3,0,2903.4,1551,293,6634.6397
0,796,1,2,2076.0,1230,245,3642.1397
0,797,1,0,2992.4,1462,293,6320.2027
0,798,1,1,470.3,14,2,0.2197
0,799,1,2,2332.0,974,194,3360.25649
0,800,1,2,2074.0,1232,247,3642.1397
0,801,1,1,470.3,14,2,0.2197
0,802,1,1,470.3,14,2,0.2197
0,803,1,0,2826.4,1628,247,6010.2197
0,804,3,1,470.3,14,2,0.2197
0,805,3,2,2180.0,1126,194,3921.8497
0,806,1,1,470.3,14,2,0.2197
0,807,3,2,2339.0,967,194,3360.1027
0,808,1,1,470.3,14,2,0.2197
0,809,1,0,2826.4,1628,247,6010.2197
0,810,1,2,2203.0,1103,194,3840.5907
0,811,1,2,2339.0,967,194,3360.1027
0,812,3,1,470.3,14,2,0.2197
0,813,1,2,2076.0,1230,245,3642.1397
0,814,1,0,2935.4,1519,295,6514.5177
0,815,1,0,2826.4,1628,247,6010.2197
0,816,1,2,2168.0,1138,194,3964.2457
0,817,1,0,2826.4,1628,247,6010.2197
0,818,1,2,2072.0,1234,245,3642.22758
0,819,1,2,2074.0,1232,247,3642.1397
0,820,1,1,468.3,16,4,0.2197
0,821,1,1,470.3,14,2,0.2197
0,822,1,1,470.3,14,2,0.2197
0,823,3,2,2076.0,1230,245,3642.1397
0,824,1,1,470.3,14,2,0.2197
0,825,1,2,1969.0,1337,245,3962.6047
0,826,3,2,2305.0,1001,194,3480.2247
0,827,1,1,470.3,14,2,0.2197
0,828,1,0,2925.4,1529,293,6556.9137
0,829,1,0,2727.4,1727,346,6602.2397
0,830,1,0,2727.4,1727,346,6602.2397
0,831,1,0,2992.4,1462,293,6320.2027
0,832,1,2,2076.0,1230,245,3642.1397
0,833,3,2,2183.0,1123,194,3911.2507
0,834,1,2,2076.0,1230,245,3642.1397
0,835,1,1,470.3,14,2,0.2197
0,836,1,2,2074.0,1232,247,3642.1397
0,837,1,1,463.3,21,2,0.37349
0,838,1,2,2136.0,1170,194,4077.3017
0,839,3,2,2238.0,1068,194,3716.9357
0,840,1,2,2076.0,1230,245,3642.1397
0,841,1,0,1587.4,2867,251,6010.2197
0,842,1,1,470.3,14,2,0.2197
0,843,1,2,2076.0,1230,245,3642.1397
0,844,3,2,2136.0,1170,194,4077.3017
0,845,3,2,1677.0,1629,196,3847.6567
0,846,1,2,1254.0,2052,249,3642.1397
0,847,3,2,2028.0,1278,249,3642.1397
0,848,1,2,1457.0,1849,249,3642.1397
0,849,1,0,2679.4,1775,348,6829.4797
0,850,1,2,1577.0,1729,249,3642.1397
0,851,1,0,2718.4,1736,348,6644.0997
0,852,1,1,470.3,14,2,0.2197
0,853,1,2,1706.0,1600,196,3872.3877
0,854,3,2,2029.0,1277,196,3724.0017
0,855,3,0,2712.4,1742,346,6632.3594
0,856,1,2,2022.0,1284,249,3675.0847
0,858,3,0,2455.4,1999,247,7121.3647
0,859,1,2,1572.0,1734,247,5145.6297
0,860,1,0,2266.4,2188,348,7976.9447
0,861,3,2,1751.0,1555,194,5402.3964
0,862,1,0,2689.4,1765,247,6420.5347
0,863,3,0,2990.4,1464,295,6320.2027
0,864,2,1,299.3,185,4,0.2197
0,865,3,2,2076.0,1230,245,3642.1397
0,866,1,2,2074.0,1232,247,3642.1397
0,867,1,2,2209.0,1097,194,3819.3927
0,868,1,0,2727.4,1727,346,6602.2397
0,869,1,0,2813.4,1641,293,6952.6097
0,870,1,1,470.3,14,2,0.2197
0,871,1,1,470.3,14,2,0.2197
0,872,1,0,2808.4,1646,251,6010.2197
0,873,1,1,470.3,14,2,0.2197
0,874,1,0,2550.4,1904,346,7660.6997
0,875,1,1,470.3,14,2,0.2197
0,876,1,2,1889.0,1417,249,3989.5597
0,877,1,2,1946.0,1360,249,3642.1397
0,878,3,0,2978.4,1476,297,6327.2687
0,879,1,2,2280.0,1026,196,3360.1027
0,880,1,1,470.3,14,2,0.2197
0,881,1,0,2503.4,1951,350,7194.2597
0,882,1,2,1466.0,1840,249,3642.1397
0,883,1,0,2599.4,1855,297,7832.9614
0,884,1,2,1544.0,1762,249,3642.1397
0,885,1,0,2463.4,1991,346,8160.0647
0,886,1,1,359.3,125,4,0.2197
0,887,1,2,1929.0,1377,196,4017.2407
0,888,1,0,2713.4,1741,346,6674.03167
0,889,1,0,2725.4,1729,348,6602.2397
0,890,1,1,470.3,14,2,0.2197
0,891,1,2,2074.0,1232,247,3642.1397
0,892,1,0,2826.4,1628,247,6010.2197
0,893,1,0,2776.4,1678,293,7083.3307
0,894,1,0,2720.4,1734,346,6623.2047
0,896,1,0,2706.4,1748,295,7323.5747
0,897,1,0,2746.4,1708,249,6243.8297
0,898,2,1,151.3,333,4,0.2197
0,899,1,1,463.3,21,2,0.2197
0,900,1,2,2339.0,967,194,3360.1027
0,901,3,0,2985.4,1469,293,6320.35649
0,902,1,2,2076.0,1230,245,3642.1397
0,903,1,2,2074.0,1232,247,3642.1397
0,904,3,2,2255.0,1051,194,3656.8747
0,905,3,0,2945.4,1509,293,6486.2537
0,906,1,0,2824.4,1630,249,6010.2197
0,907,1,1,470.3,14,2,0.2197
0,908,1,1,470.3,14,2,0.2197
0,909,1,1,470.3,14,2,0.2197
0,910,1,2,2074.0,1232,247,3642.1397
0,911,1,0,2727.4,1727,346,6602.2397
0,912,3,1,470.3,14,2,0.2197
0,913,1,2,2074.0,1232,247,3642.1397
0,914,1,0,2992.4,1462,293,6320.2027
0,915,1,1,470.3,14,2,0.2197
0,916,1,0,2992.4,1462,293,6320.2027
0,917,1,0,2727.4,1727,346,6602.2397
0,918,1,1,470.3,14,2,0.2197
0,919,1,1,470.3,14,2,0.2197
0,920,1,1,470.3,14,2,0.2197
0,921,1,1,470.3,14,2,0.2197
0,922,3,0,2742.4,1712,297,6320.2027
0,923,1,1,470.3,14,2,0.2197
0,924,1,0,2982.4,1472,297,6320.2027
0,925,3,2,2067.0,1239,249,3642.1397
0,926,1,0,2727.4,1727,346,6602.2397
0,927,1,0,2814.4,1640,251,6010.2197
0,928,3,0,2825.4,1629,295,6903.1477
0,929,1,0,2824.4,1630,249,6010.2197
0,930,1,2,2130.0,1176,196,3801.7277
0,931,1,2,2074.0,1232,247,3642.1397
0,932,1,2,2074.0,1232,247,3642.1397
0,933,1,2,1918.0,1388,245,4115.3497
0,934,1,2,1855.0,1451,194,5070.0747
0,935,1,0,2726.4,1728,346,6605.2347
0,936,1,1,462.3,22,2,0.39546
0,937,1,1,461.3,23,2,0.41743
0,938,1,0,2992.4,1462,293,6320.2027
0,939,1,0,2992.4,1462,293,6320.2027
0,940,3,0,2808.4,1646,295,6963.2087
0,941,1,2,2071.0,1235,245,3642.24955
0,942,1,1,470.3,14,2,0.2197
0,943,3,0,2725.4,1729,348,6602.2397
0,944,1,0,2725.4,1729,348,6602.2397
0,945,1,0,2822.4,1632,295,6913.7467
0,946,1,2,2076.0,1230,245,3642.1397
0,947,3,0,2727.4,1727,346,6602.2397
0,948,1,1,470.3,14,2,0.2197
0,949,1,2,2334.0,972,194,3377.7677
0,950,3,2,2074.0,1232,247,3642.1397
0,951,1,0,2864.4,1590,293,6772.4267
0,952,1,2,2074.0,1232,247,3642.1397
0,953,3,1,470.3,14,2,0.2197
0,954,3,2,1626.0,1680,196,3360.1027
0,955,1,1,470.3,14,2,0.2197
0,957,3,2,2064.0,1242,249,3642.1397
0,966,1,0,88.4,4366,350,8776.5097
0,967,1,0,118.4,4336,350,8710.6197
0,968,3,0,2705.4,1749,297,7673.5097
0,969,1,0,295.4,4159,350,8942.9897
0,970,3,2,1952.0,1354,196,4639.0487
0,971,1,0,620.4,3834,350,9139.49349
0,972,1,0,718.4,3736,297,9644.4437
0,976,1,0,910.4,3544,350,9983.27258
0,978,3,1,413.3,71,4,0.30758
0,979,2,0,1472.4,2982,350,12408.4647
0,980,1,0,1517.4,2937,297,11338.1907
0,982,3,0,2628.4,1826,297,6613.4837
0,983,3,0,2586.4,1868,297,8245.6507
0,984,2,0,2144.4,2310,350,8321.3197
0,985,1,2,1009.0,2297,196,7009.71367
0,986,3,2,1766.0,1540,249,4543.6347
0,987,2,2,1084.0,2222,249,6472.4147
0,988,3,0,2311.4,2143,350,7444.0244
0,989,3,2,1626.0,1680,249,4837.1447
0,990,1,0,1453.4,3001,293,11757.4897
0,991,3,0,2485.4,1969,348,7329.9947
0,992,1,2,1173.0,2133,247,6340.6347
0,995,3,2,1891.0,1415,247,4190.2247
0,996,2,0,2860.4,1594,293,6786.5587
0,997,1,1,93.3,391,4,0.2197
0,998,3,1,317.3,167,4,0.2197
0,999,1,0,2638.4,1816,346,6868.7947
1,31,1,1,-68.7,553,2,6868.7947
1,146,1,1,-380.7,865,2,6868.7947
1,147,1,1,-354.7,839,2,6868.7947
1,150,1,1,-201.7,686,2,6868.7947
1,306,1,1,-335.7,820,2,6868.7947
1,458,1,1,-87.7,572,2,6868.7947
1,496,1,2,-52.0,3358,247,6868.7947
1,507,1,1,-1791.7,2276,2,6868.7947
1,508,1,1,-1767.7,2252,2,6868.7947
1,512,1,1,-1568.7,2053,2,6868.7947
1,752,1,1,-616.7,1101,2,6868.7947
1,755,1,1,-546.7,1031,2,6868.7947
1,756,1,1,-200.7,685,2,6868.7947
1,758,1,1,-44.7,529,2,6868.7947
1,857,1,1,-700.7,1185,2,6868.7947
1,895,1,1,-31.7,516,2,6868.7947
1,956,1,0,-756.6,5211,295,6868.7947
1,958,1,2,-1070.0,4376,247,6868.7947
1,959,1,2,-1498.0,4804,247,6868.7947
1,960,1,2,-1492.0,4798,247,6868.7947
1,961,1,0,-234.6,4689,348,6868.7947
1,962,1,0,-230.6,4685,348,6868.7947
1,963,1,2,-1304.0,4610,247,6868.7947
1,964,1,2,-1114.0,4420,194,6868.7947
1,965,1,2,-1104.0,4410,247,6868.7947
1,973,1,2,-308.0,3614,247,6868.7947
1,974,1,2,-275.0,3581,247,6868.7947
1,975,1,2,-223.0,3529,247,6868.7947
1,977,1,1,-2489.7,2974,2,6868.7947
1,981,1,1,-2073.7,2558,2,6868.7947
1,993,1,1,-1063.7,1548,2,6868.7947
1,994,1,1,-924.7,1409,2,6868.7947
Time: 70126, 608454, 620235, 334003
