CONFIGURATION:
{u'simulation': {u'stdev_factor': 0.01, u'power_mgmt_enabled': False, u'tasks': {u'loc': {u'mean_service_time': {u'gpu': 90, u'cpu_core': 200, u'loc_accel': 10}, u'priority': 1, u'deadline': 1000, u'stdev_service_time': {u'gpu': 0.9, u'cpu_core': 2.0, u'loc_accel': 0.1}, u'power': {u'gpu': 4.457, u'cpu_core': 6.133, u'loc_accel': 0.02197}}, u'detect': {u'mean_service_time': {u'gpu': 0.4607, u'cpu_core': 3.654, u'det_accel': 0.278}, u'priority': 2, u'deadline': 1000, u'stdev_service_time': {u'gpu': 0.004607, u'cpu_core': 0.03654, u'det_accel': 0.0027800000000000004}, u'power': {u'gpu': 90, u'cpu_core': 200, u'det_accel': 10}}, u'Frontier': {u'mean_service_time': {u'cpu_core': 396}, u'priority': 9, u'deadline': 1000, u'stdev_service_time': {u'cpu_core': 3.96}, u'power': {u'cpu_core': 5.98}}, u'track': {u'mean_service_time': {u'gpu': 17, u'tra_accel': 2, u'cpu_core': 1820}, u'priority': 3, u'deadline': 1000, u'stdev_service_time': {u'gpu': 0.17, u'tra_accel': 0.02, u'cpu_core': 18.2}, u'power': {u'gpu': 12.79, u'tra_accel': 0.59, u'cpu_core': 5.6}}, u'sp': {u'mean_service_time': {u'gpu': 379, u'cpu_core': 1004}, u'priority': 11, u'deadline': 1000, u'stdev_service_time': {u'gpu': 3.79, u'cpu_core': 10.040000000000001}, u'power': {u'gpu': 3.302, u'cpu_core': 1004}}, u'mission': {u'mean_service_time': {u'cpu_core': 0.0022}, u'priority': 5, u'deadline': 1000, u'stdev_service_time': {u'cpu_core': 2.2000000000000003e-05}, u'power': {u'cpu_core': 3.534}}, u'motion': {u'mean_service_time': {u'cpu_core': 8}, u'priority': 6, u'deadline': 1000, u'stdev_service_time': {u'cpu_core': 0.08}, u'power': {u'cpu_core': 4.222}}, u'collision': {u'mean_service_time': {u'cpu_core': 8}, u'priority': 7, u'deadline': 1000, u'stdev_service_time': {u'cpu_core': 0.08}, u'power': {u'cpu_core': 0}}, u'fusion': {u'mean_service_time': {u'cpu_core': 1}, u'priority': 4, u'deadline': 1000, u'stdev_service_time': {u'cpu_core': 0.01}, u'power': {u'cpu_core': 0}}, u'map': {u'mean_service_time': {u'gpu': 761, u'cpu_core': 973}, u'priority': 10, u'deadline': 1000, u'stdev_service_time': {u'gpu': 7.61, u'cpu_core': 9.73}, u'power': {u'gpu': 3.533, u'cpu_core': 2.995}}, u'path': {u'mean_service_time': {u'cpu_core': 8}, u'priority': 8, u'deadline': 1000, u'stdev_service_time': {u'cpu_core': 0.08}, u'power': {u'cpu_core': 0}}}, u'sched_policy_module': u'policies.ms2_update2', u'drop': True, u'servers': {u'gpu': {u'count': 2}, u'tra_accel': {u'count': 1}, u'cpu_core': {u'count': 8}, u'loc_accel': {u'count': 1}, u'det_accel': {u'count': 1}}, u'max_tasks_simulated': 10000, u'max_queue_size': 1000000, u'mean_arrival_time': 50, u'arrival_time_scale': 2.2}, u'general': {u'random_seed': 0, u'pre_gen_arrivals': False, u'basename': u'policy:ms2_update2__stdev_factor:0.01', u'output_trace_file': None, u'working_dir': u'/home/hiwot/meta-stomp2/sim_16042020_195305_new_arrival_50_map_rheftmapping_50_trace_20', u'input_trace_file': (False, '../mv_mapping_50_trace_20.trc'), u'logging_level': u'INFO'}}

/home/hiwot/meta-stomp2/sim_16042020_195305_new_arrival_50_map_rheftmapping_50_trace_20/../mv_mapping_50_trace_20.trc

Running STOMP simulation...
Dropped,DAG ID,DAG Priority,DAG Type,Slack,Response Time,No-Affinity Time,Energy
0,0,3,2,1541.0,967,194,3360.1027
0,1,1,0,1915.2,1464,295,6320.2027
0,2,1,2,1278.0,1230,245,3642.1397
0,3,1,2,1273.0,1235,247,3642.20561
0,4,1,2,1276.0,1232,247,3642.1397
0,5,1,2,1276.0,1232,247,3642.1397
0,6,1,1,351.4,16,2,0.26364
0,7,1,1,346.4,21,2,0.37349
0,8,1,1,353.4,14,2,0.2197
0,9,1,1,353.4,14,2,0.2197
0,10,1,2,1276.0,1232,247,3642.1397
0,11,3,1,353.4,14,2,0.2197
0,12,1,1,353.4,14,2,0.2197
0,13,1,1,353.4,14,2,0.2197
0,14,1,2,1541.0,967,194,3360.1027
0,15,1,1,353.4,14,2,0.2197
0,16,3,0,1692.2,1687,297,6320.2027
0,17,1,1,353.4,14,2,0.2197
0,18,1,2,1256.0,1252,249,3642.1397
0,19,1,0,1522.2,1857,350,7242.0997
0,20,1,0,1598.2,1781,350,6685.9597
0,21,1,0,1154.2,2225,346,9580.2797
0,22,3,2,1030.0,1478,196,3572.0827
0,23,1,2,1132.0,1376,196,3780.5297
0,24,1,0,1626.2,1753,346,6757.7197
0,25,3,2,1269.0,1239,249,3642.1397
0,26,3,0,1635.2,1744,350,6620.3994
0,27,3,1,52.4,315,4,0.2197
0,28,1,2,994.0,1514,249,4435.8147
0,29,1,0,1502.2,1877,249,6749.9847
0,30,3,1,254.4,113,4,0.2197
0,31,1,1,287.4,80,4,0.2197
0,32,2,2,1347.0,1161,196,4038.4387
0,33,1,2,1248.0,1260,245,3731.9897
0,34,1,0,965.2,2414,346,8630.0744
0,35,1,1,-621.6,989,4,0.2197
0,36,3,0,1808.2,1571,293,6705.2997
0,37,1,2,1172.0,1336,247,3953.6197
0,38,1,1,335.4,32,4,0.2197
0,40,1,1,29.4,338,4,0.2197
0,41,1,1,343.4,24,4,0.2197
0,42,1,1,353.4,14,2,0.2197
0,43,1,1,353.4,14,2,0.2197
0,44,1,0,1904.2,1475,297,6320.2027
0,45,1,0,1620.2,1759,295,6320.2027
0,46,1,0,1630.2,1749,348,6620.1797
0,47,1,1,353.4,14,2,0.2197
0,48,1,0,1639.2,1740,346,6679.9797
0,49,1,2,1067.0,1441,249,3642.1397
0,50,1,1,353.4,14,2,0.2197
0,51,1,1,353.4,14,2,0.2197
0,52,1,2,1329.0,1179,194,4109.0987
0,53,1,2,1278.0,1230,245,3642.1397
0,54,1,2,1207.0,1301,247,3848.7947
0,55,1,0,1751.2,1628,247,6010.2197
0,56,3,2,1442.0,1066,194,3709.8697
0,57,1,1,87.4,280,4,0.2197
0,58,1,0,1487.2,1892,346,7096.4147
0,59,3,1,283.4,84,4,0.2197
0,60,1,0,1649.2,1730,348,6605.2347
0,61,1,2,1258.0,1250,245,3702.0397
0,62,3,1,145.4,222,4,0.2197
0,63,1,2,1304.0,1204,194,4186.89061
0,64,1,2,1335.0,1173,194,4087.9007
0,65,1,2,1278.0,1230,245,3642.1397
0,66,1,2,1276.0,1232,247,3642.1397
0,67,1,2,1276.0,1232,247,3642.1397
0,68,1,0,1917.2,1462,293,6320.2027
0,69,1,0,1909.2,1470,297,6320.2027
0,70,3,2,1272.0,1236,249,3642.1397
0,71,1,0,1652.2,1727,346,6602.2397
0,72,1,1,353.4,14,2,0.2197
0,73,1,1,353.4,14,2,0.2197
0,74,1,1,353.4,14,2,0.2197
0,75,1,2,1541.0,967,194,3360.1027
0,76,1,0,1778.2,1601,293,6811.2897
0,77,1,0,1749.2,1630,249,6010.2197
0,78,1,0,1547.2,1832,348,7218.1797
0,79,1,1,348.4,19,2,0.32955
0,80,1,1,353.4,14,2,0.2197
0,81,1,2,1244.0,1264,249,3642.1397
0,82,1,0,1647.2,1732,348,6620.1797
0,83,1,2,1276.0,1232,247,3642.1397
0,84,1,1,280.4,87,4,0.2197
0,85,1,2,1413.0,1095,194,3812.3267
0,86,1,1,353.4,14,2,0.2197
0,87,3,0,1771.2,1608,293,6836.0207
0,88,1,1,353.4,14,2,0.2197
0,89,3,2,1278.0,1230,245,3642.1397
0,90,3,2,1278.0,1230,245,3642.1397
0,91,3,0,1543.2,1836,350,6892.7547
0,92,3,1,229.4,138,4,0.2197
0,93,3,0,1708.2,1671,297,7023.2697
0,94,1,1,353.4,14,2,0.2197
0,95,1,0,1564.2,1815,346,6865.7997
0,96,3,2,1272.0,1236,196,3791.1287
0,97,1,2,1278.0,1230,245,3642.1397
0,98,3,1,353.4,14,2,0.2197
0,99,1,0,1462.2,1917,350,6602.39349
0,100,1,2,1278.0,1230,245,3642.1397
0,101,1,2,1278.0,1230,245,3642.1397
0,102,1,1,353.4,14,2,0.2197
0,103,1,0,1091.2,2288,297,6320.2027
0,104,1,2,1233.0,1275,196,3833.5247
0,105,1,2,1250.0,1258,249,3642.1397
0,106,1,0,1169.2,2210,350,8923.2797
0,107,1,1,235.4,132,4,0.2197
0,108,1,0,1119.2,2260,350,9359.0197
0,109,3,0,1644.2,1735,348,6620.1797
0,110,3,0,1430.2,1949,297,8539.5097
0,111,1,0,1395.2,1984,350,7777.7147
0,112,1,2,1189.0,1319,196,3798.1947
0,113,1,1,353.4,14,2,0.2197
0,114,1,2,1201.0,1307,249,3642.1397
0,115,3,2,1263.0,1245,249,3645.1347
0,116,3,1,205.4,162,4,0.30758
0,117,1,0,828.2,2551,350,7942.2897
0,118,3,1,306.4,61,4,0.2197
0,119,3,1,317.4,50,4,0.2197
0,120,3,0,1510.2,1869,350,7018.4547
0,121,1,1,248.4,119,4,0.24167
0,122,1,1,192.4,175,4,0.32955
0,123,3,1,310.4,57,4,0.2197
0,124,1,2,1209.0,1299,249,3803.89167
0,125,1,1,5.4,362,4,0.2197
0,126,1,2,1225.0,1283,196,3360.1027
0,127,1,0,1135.2,2244,297,10831.8167
0,128,3,0,1575.2,1804,350,6853.5497
0,129,1,0,1147.2,2232,350,9179.6197
0,130,1,0,1155.2,2224,350,8341.3547
0,131,1,2,908.0,1600,249,4010.5247
0,132,1,2,1035.0,1473,196,4571.9217
0,133,1,0,363.2,3016,297,12445.1107
0,134,1,0,420.2,2959,350,8821.4297
0,135,1,2,1194.0,1314,249,3714.0197
0,136,1,1,348.4,19,4,0.2197
0,137,1,1,81.4,286,4,0.2197
0,138,1,2,1180.0,1328,196,3628.6107
0,139,1,2,1025.0,1483,249,4363.9347
0,140,1,0,314.2,3065,350,10823.5997
0,141,1,2,771.0,1737,249,5124.6647
0,142,1,2,787.0,1721,196,5935.6597
0,143,3,2,1213.0,1295,249,3728.9947
0,144,1,0,326.2,3053,350,10793.1197
0,145,3,1,220.4,147,4,0.2197
0,146,1,1,210.4,157,4,0.39546
0,147,1,1,229.4,138,4,0.2197
0,148,1,0,307.2,3072,350,10592.05094
0,149,3,1,331.4,36,4,0.2197
0,150,1,1,331.4,36,4,0.2197
0,151,1,2,440.0,2068,249,4756.2797
0,152,1,0,291.2,3088,350,10021.8897
0,154,1,2,650.0,1858,249,4336.9797
0,155,1,2,648.0,1860,249,4501.7047
0,156,1,2,687.0,1821,196,5638.8877
0,157,1,2,900.0,1608,249,3899.7097
0,158,3,0,1787.2,1592,297,6852.6697
0,159,1,2,367.0,2141,196,6578.6657
0,160,1,0,125.2,3254,346,11429.3297
0,161,1,0,215.2,3164,293,12389.22355
0,162,1,2,592.0,1916,249,5555.9447
0,163,1,2,677.0,1831,249,5352.2847
0,164,1,2,330.0,2178,249,6101.0347
0,165,3,2,1244.0,1264,249,3702.0397
0,166,1,1,242.4,125,4,0.2197
0,167,1,0,702.2,2677,247,8964.67381
0,168,1,2,387.0,2121,249,5457.1097
0,169,1,0,423.2,2956,348,10277.1047
0,170,2,2,662.0,1846,249,5059.82926
0,171,3,0,1574.2,1805,350,6814.8347
0,172,1,0,379.2,3000,251,9960.6247
0,173,1,0,428.2,2951,295,11563.1747
0,174,1,1,232.4,135,4,0.2197
0,175,1,2,1092.0,1416,196,4617.8507
0,176,1,0,773.2,2606,295,10354.8887
0,177,1,2,805.0,1703,247,5052.7847
0,178,1,0,1353.2,2026,249,7196.2397
0,179,1,0,1607.2,1772,346,6757.9097
0,180,1,0,1652.2,1727,346,6602.2397
0,181,1,0,1770.2,1609,293,6839.5537
0,182,1,0,1742.2,1637,293,6938.4777
0,183,1,1,353.4,14,2,0.2197
0,184,1,0,1642.2,1737,348,6602.41546
0,185,1,0,1650.2,1729,348,6602.2397
0,186,1,0,1605.2,1774,346,6743.0047
0,187,1,1,353.4,14,2,0.2197
0,188,1,1,350.4,17,2,0.28561
0,189,1,0,1111.2,2268,297,6320.2027
0,190,1,1,353.4,14,2,0.2197
0,191,1,1,353.4,14,2,0.2197
0,192,3,2,889.0,1619,196,3360.1027
0,193,3,2,1262.0,1246,249,3642.1397
0,194,1,2,1055.0,1453,196,3851.1897
0,195,1,0,1591.2,1788,348,6955.0597
0,196,3,2,1294.0,1214,196,4049.0377
0,197,1,2,1259.0,1249,249,3642.1397
0,198,3,2,1268.0,1240,249,3642.16167
0,199,1,2,1264.0,1244,247,3642.33743
0,200,1,2,1276.0,1232,247,3642.1397
0,201,3,0,1650.2,1729,348,6602.2397
0,202,1,1,206.4,161,4,0.2197
0,203,3,1,286.4,81,4,0.2197
0,204,1,2,1201.0,1307,245,3848.97046
0,205,1,1,34.4,333,4,0.2197
0,206,1,2,1256.0,1252,194,4367.0077
0,207,1,2,1128.0,1380,247,4085.3997
0,208,1,2,1214.0,1294,194,4515.3937
0,209,1,1,345.4,22,4,0.2197
0,210,1,2,1049.0,1459,245,4327.9947
0,211,3,1,184.4,183,4,0.2197
0,212,1,0,1652.2,1727,346,6602.2397
0,213,1,2,1276.0,1232,247,3642.1397
0,214,1,1,353.4,14,2,0.2197
0,215,3,2,1278.0,1230,245,3642.1397
0,216,1,2,1425.0,1083,196,3762.8647
0,217,3,1,353.4,14,2,0.2197
0,218,1,1,353.4,14,2,0.2197
0,219,3,2,1482.0,1026,194,3568.5497
0,220,3,2,995.0,1513,249,3642.1397
0,221,3,0,1647.2,1732,346,6632.1397
0,222,3,1,348.4,19,2,0.32955
0,223,3,2,1273.0,1235,247,3642.1397
0,224,1,2,1278.0,1230,245,3642.1397
0,225,1,0,1785.2,1594,295,6779.4927
0,226,1,1,353.4,14,2,0.2197
0,227,1,2,1276.0,1232,247,3642.1397
0,228,1,0,1650.2,1729,348,6602.2397
0,229,1,2,1334.0,1174,196,4084.3677
0,230,1,2,1278.0,1230,245,3642.1397
0,231,1,1,353.4,14,2,0.2197
0,232,3,2,1276.0,1232,247,3642.1397
0,233,1,2,1261.0,1247,245,3693.0547
0,234,1,0,1626.2,1753,293,7348.3057
0,235,3,2,1541.0,967,194,3360.1027
0,236,1,2,1278.0,1230,245,3642.1397
0,237,1,1,353.4,14,2,0.2197
0,238,1,2,1264.0,1244,245,3684.0697
0,239,3,2,1439.0,1069,194,3720.4687
0,240,1,1,353.4,14,2,0.2197
0,241,1,0,1652.2,1727,346,6602.2397
0,242,1,1,353.4,14,2,0.2197
0,243,1,2,1541.0,967,194,3360.1027
0,244,3,0,1652.2,1727,346,6602.2397
0,245,1,2,1541.0,967,194,3360.1027
0,246,1,0,1890.2,1489,293,6415.5937
0,247,1,1,353.4,14,2,0.2197
0,248,1,2,1278.0,1230,245,3642.1397
0,249,1,1,353.4,14,2,0.2197
0,250,3,1,353.4,14,2,0.2197
0,251,1,1,353.4,14,2,0.2197
0,252,1,0,1680.2,1699,293,7157.5237
0,253,3,2,1485.0,1023,194,3557.9507
0,254,1,0,1749.2,1630,249,6010.2197
0,255,1,0,1652.2,1727,346,6602.2397
0,256,1,2,1276.0,1232,247,3642.1397
0,257,1,0,1652.2,1727,346,6602.2397
0,258,1,2,1276.0,1232,247,3642.1397
0,259,1,1,353.4,14,2,0.2197
0,260,1,1,353.4,14,2,0.2197
0,261,3,1,353.4,14,2,0.2197
0,262,3,0,1915.2,1464,295,6320.2027
0,263,1,1,353.4,14,2,0.2197
0,264,1,2,1541.0,967,194,3360.1027
0,265,1,2,1278.0,1230,245,3642.1397
0,266,1,1,353.4,14,2,0.2197
0,267,3,0,1652.2,1727,346,6602.2397
0,268,1,2,1274.0,1234,249,3642.1397
0,269,1,2,1420.0,1088,194,3787.5957
0,270,3,2,1541.0,967,194,3360.1027
0,271,1,1,353.4,14,2,0.2197
0,272,1,0,1731.2,1648,293,6977.3407
0,273,1,1,353.4,14,2,0.2197
0,274,3,1,353.4,14,2,0.2197
0,275,1,2,1459.0,1049,194,3649.8087
0,276,1,0,1751.2,1628,247,6010.2197
0,277,3,2,1278.0,1230,245,3642.1397
0,278,3,0,1749.2,1630,249,6010.2197
0,279,1,1,353.4,14,2,0.2197
0,280,1,2,1210.0,1298,247,3839.8097
0,281,3,2,1524.0,984,194,3420.1637
0,282,1,2,1392.0,1116,194,3886.5197
0,283,1,1,353.4,14,2,0.2197
0,284,1,2,1276.0,1232,247,3642.1397
0,285,3,0,1650.2,1729,348,6602.2397
0,286,1,2,1278.0,1230,245,3642.1397
0,287,1,0,1915.2,1464,295,6320.2027
0,288,1,0,1915.2,1464,295,6320.2027
0,289,1,2,1278.0,1230,245,3642.1397
0,290,3,1,353.4,14,2,0.2197
0,291,1,1,353.4,14,2,0.2197
0,292,1,2,1541.0,967,194,3360.1027
0,293,1,1,353.4,14,2,0.2197
0,294,3,0,1532.2,1847,297,8132.1427
0,295,1,2,943.0,1565,249,3642.1397
0,296,1,0,1630.2,1749,350,6650.0797
0,297,3,0,1639.2,1740,350,6620.1797
0,298,1,0,1516.2,1863,348,7385.6197
0,299,3,0,1595.2,1784,348,6620.1797
0,300,1,0,1681.2,1698,293,7342.4097
0,301,1,0,1545.2,1834,350,6934.5447
0,302,3,2,1255.0,1253,196,3699.2707
0,303,1,2,1259.0,1249,249,3642.1397
0,304,1,2,1260.0,1248,249,3642.27152
0,305,1,0,976.2,2403,350,8590.9197
0,306,1,1,128.4,239,4,0.2197
0,307,1,2,1313.0,1195,194,4165.6267
0,308,3,1,271.4,96,4,0.2197
0,309,1,0,1618.2,1761,295,7330.8604
0,310,1,0,1308.2,2071,346,7707.1447
0,311,1,1,129.4,238,4,0.2197
0,312,1,0,1495.2,1884,346,7075.4397
0,313,1,1,289.4,78,4,0.2197
0,314,1,2,1243.0,1265,249,3669.0947
0,315,1,2,1275.0,1233,245,3651.1247
0,316,1,2,1276.0,1232,247,3642.1397
0,317,1,1,353.4,14,2,0.2197
0,318,1,0,1650.2,1729,348,6602.2397
0,319,1,1,280.4,87,4,0.2197
0,320,1,0,1917.2,1462,293,6320.2027
0,321,1,2,1541.0,967,194,3360.1027
0,322,3,0,1378.2,2001,346,7422.8697
0,323,1,2,996.0,1512,247,4451.0094
0,324,1,1,214.4,153,4,0.2197
0,325,1,1,334.4,33,4,0.2197
0,326,1,1,353.4,14,2,0.2197
0,327,3,0,1859.2,1520,295,6518.0507
0,328,1,2,1507.0,1001,194,3480.2247
0,329,1,1,353.4,14,2,0.2197
0,330,1,2,1278.0,1230,245,3642.1397
0,331,1,0,1652.2,1727,346,6602.2397
0,332,1,2,1276.0,1232,247,3642.1397
0,333,1,0,1650.2,1729,348,6602.2397
0,334,1,0,1660.2,1719,295,7221.1177
0,335,3,0,1893.2,1486,293,6404.9947
0,336,1,1,353.4,14,2,0.2197
0,337,1,1,353.4,14,2,0.2197
0,338,1,2,1276.0,1232,247,3642.1397
0,339,1,1,353.4,14,2,0.2197
0,340,1,1,353.4,14,2,0.2197
0,341,1,0,805.2,2574,297,6966.7417
0,342,1,2,1541.0,967,194,3360.1027
0,343,1,1,353.4,14,2,0.2197
0,344,1,0,1301.2,2078,350,7786.2797
0,345,1,1,353.4,14,2,0.2197
0,346,3,1,353.4,14,2,0.2197
0,347,1,0,972.2,2407,350,10273.9597
0,348,3,1,353.4,14,2,0.2197
0,349,3,0,1616.2,1763,350,6620.1797
0,350,1,2,943.0,1565,196,3596.8137
0,351,3,0,1602.2,1777,297,8126.1627
0,352,1,0,1153.2,2226,350,7349.7397
0,353,1,2,1264.0,1244,249,3642.1397
0,354,1,2,1240.0,1268,249,3642.1397
0,355,3,2,1266.0,1242,249,3642.1397
0,356,1,1,66.4,301,4,0.2197
0,357,3,0,1602.2,1777,350,6730.9947
0,358,3,0,1429.2,1950,350,7237.1797
0,359,1,0,750.2,2629,350,9222.8147
0,360,1,2,1207.0,1301,196,4487.1297
0,361,3,0,1765.2,1614,297,6824.8857
0,362,1,2,638.0,1870,249,5076.7447
0,363,1,1,-2149.6,2517,4,0.4394
0,364,1,1,150.4,217,4,0.2197
0,365,1,1,154.4,213,4,0.28561
0,366,1,0,1320.2,2059,350,7192.24667
0,367,1,2,809.0,1699,196,4893.4247
0,368,1,1,124.4,243,4,0.2197
0,369,1,0,865.2,2514,293,10036.9187
0,370,1,2,1058.0,1450,249,3995.5497
0,371,1,1,325.4,42,4,0.39546
0,372,3,0,1564.2,1815,293,8431.1427
0,373,1,2,1218.0,1290,249,3734.9847
0,374,1,2,1117.0,1391,249,4091.3897
0,375,1,2,966.0,1542,245,4567.66061
0,376,1,2,960.0,1548,245,4594.5497
0,377,1,1,331.4,36,4,0.2197
0,378,1,0,1308.2,2071,348,7626.5297
0,379,1,2,1236.0,1272,194,4437.6677
0,380,1,0,1033.2,2346,348,8441.23561
0,381,1,0,1265.2,2114,348,7755.3147
0,382,3,0,1427.2,1952,346,7276.1147
0,383,1,1,351.4,16,2,0.2197
0,384,1,1,353.4,14,2,0.2197
0,385,1,2,1541.0,967,194,3360.1027
0,386,1,2,1264.0,1244,245,3684.0697
0,387,3,0,1865.2,1514,295,6496.8527
0,388,1,2,1278.0,1230,245,3642.1397
0,389,1,0,1710.2,1669,293,7051.5337
0,390,1,2,1519.0,989,194,3437.8287
0,391,1,0,1751.2,1628,247,6010.2197
0,392,1,1,353.4,14,2,0.2197
0,393,1,1,353.4,14,2,0.2197
0,394,3,2,1278.0,1230,245,3642.1397
0,395,1,1,353.4,14,2,0.2197
0,396,1,0,1642.2,1737,346,6632.1897
0,397,1,2,1371.0,1137,194,3950.17961
0,398,1,0,1915.2,1464,295,6320.2027
0,399,1,0,1650.2,1729,348,6602.2397
0,400,1,0,1652.2,1727,346,6602.2397
0,401,1,1,353.4,14,2,0.2197
0,402,3,2,1541.0,967,194,3360.1027
0,403,1,0,1917.2,1462,293,6320.2027
0,404,1,1,353.4,14,2,0.2197
0,405,1,1,353.4,14,2,0.2197
0,406,3,2,1278.0,1230,245,3642.1397
0,407,1,0,1766.2,1613,295,6836.0207
0,408,1,1,353.4,14,2,0.2197
0,409,3,2,1541.0,967,194,3360.1027
0,410,1,2,1273.0,1235,249,3642.1397
0,411,1,1,353.4,14,2,0.2197
0,412,3,2,1276.0,1232,247,3642.1397
0,413,1,2,1276.0,1232,247,3642.1397
0,414,1,2,1276.0,1232,247,3642.1397
0,415,1,1,353.4,14,2,0.2197
0,416,1,2,1392.0,1116,194,3865.45352
0,417,1,2,1278.0,1230,245,3642.1397
0,418,1,2,1407.0,1101,194,3833.5247
0,419,1,2,1276.0,1232,247,3642.1397
0,420,1,1,353.4,14,2,0.2197
0,421,1,1,353.4,14,2,0.2197
0,422,1,0,1652.2,1727,346,6602.2397
0,423,3,1,347.4,20,4,0.2197
0,424,1,2,1482.0,1026,194,3568.5497
0,425,1,2,1395.0,1113,194,3875.9207
0,426,1,0,1749.2,1630,249,6010.2197
0,427,3,2,1278.0,1230,245,3642.1397
0,428,1,0,1652.2,1727,346,6602.2397
0,429,1,0,1650.2,1729,348,6602.2397
0,430,1,0,1650.2,1729,348,6602.2397
0,431,3,1,353.4,14,2,0.2197
0,432,1,1,353.4,14,2,0.2197
0,433,1,2,1541.0,967,194,3360.1027
0,434,1,1,353.4,14,2,0.2197
0,435,1,0,1917.2,1462,293,6320.2027
0,436,1,1,353.4,14,2,0.2197
0,437,1,1,353.4,14,2,0.2197
0,438,1,2,1464.0,1044,194,3632.1437
0,439,1,0,1076.2,2303,350,9974.9597
0,440,1,0,697.2,2682,297,10551.8567
0,441,1,1,353.4,14,2,0.2197
0,442,1,1,353.4,14,2,0.2197
0,443,1,2,1117.0,1391,249,3642.1397
0,444,1,0,1125.2,2254,350,7457.3797
0,445,1,1,353.4,14,2,0.2197
0,446,1,2,1199.0,1309,249,3642.1397
0,447,3,2,1323.0,1185,196,4056.43325
0,448,1,1,352.4,15,2,0.24167
0,449,1,2,1220.0,1288,249,3642.1397
0,450,3,2,1269.0,1239,249,3642.1397
0,451,1,2,1099.0,1409,249,3642.27152
0,452,3,1,348.4,19,2,0.32955
0,453,1,1,353.4,14,2,0.2197
0,454,1,1,353.4,14,2,0.2197
0,455,3,2,1361.0,1147,196,3695.7377
0,456,1,2,1231.0,1277,247,3642.1397
0,457,3,0,1620.2,1759,350,6671.0947
0,459,3,1,-256.6,624,4,0.2197
0,461,3,2,1058.0,1450,196,4872.2267
0,462,1,0,1280.2,2099,293,8570.7237
0,463,1,0,1322.2,2057,350,7578.6097
0,464,1,2,1112.0,1396,245,4139.3097
0,465,1,0,1388.2,1991,348,7386.9297
0,466,1,1,340.4,27,4,0.2197
0,467,2,0,1751.2,1628,247,6010.2197
0,468,1,0,1652.2,1727,346,6602.2397
0,469,1,2,1262.0,1246,245,3690.0597
0,470,3,2,1272.0,1236,245,3660.1097
0,471,1,0,1782.2,1597,297,6761.8277
0,472,1,1,353.4,14,2,0.2197
0,473,1,0,1545.2,1834,297,6942.1227
0,474,3,1,353.4,14,2,0.2197
0,475,1,2,1174.0,1334,196,3572.0827
0,476,1,0,1636.2,1743,346,6697.9197
0,477,1,0,1639.2,1740,346,6650.18955
0,478,1,2,1211.0,1297,249,3642.1397
0,479,1,0,1649.2,1730,346,6620.1797
0,480,1,2,1269.0,1239,249,3642.1397
0,481,1,2,1266.0,1242,249,3642.24955
0,482,1,2,1441.0,1067,196,3540.2857
0,483,1,2,1264.0,1244,249,3642.22758
0,484,1,1,225.4,142,4,0.2197
0,485,1,2,420.0,2088,249,4986.8947
0,486,1,2,531.0,1977,196,5681.2837
0,487,3,2,1309.0,1199,194,4179.7587
0,488,1,0,601.2,2778,350,11660.0047
0,489,1,1,62.4,305,4,0.30758
0,490,1,0,822.2,2557,350,10792.3847
0,491,1,1,281.4,86,4,0.2197
0,492,1,1,340.4,27,4,0.2197
0,493,3,0,1639.2,1740,350,6620.1797
0,494,3,1,268.4,99,4,0.2197
0,495,1,0,846.2,2533,297,10345.9777
0,496,1,2,1173.0,1335,249,3642.1397
0,497,1,1,353.4,14,2,0.2197
0,498,1,0,1164.2,2215,350,9430.7797
0,499,1,0,919.2,2460,350,9275.2997
0,500,3,0,1648.2,1731,297,6895.2707
0,501,1,1,350.4,17,2,0.28561
0,502,1,0,996.2,2383,350,9418.8197
0,503,1,2,979.0,1529,249,3687.0647
0,504,1,2,891.0,1617,196,5419.8417
0,505,1,2,986.0,1522,249,4378.9097
0,506,3,2,1238.0,1270,249,3737.9797
0,507,1,1,229.4,138,4,0.2197
0,508,1,1,271.4,96,4,0.2197
0,509,1,0,137.2,3242,350,11236.61167
0,510,1,2,985.0,1523,196,5225.5267
0,511,1,2,932.0,1576,249,4636.4797
0,512,1,1,164.4,203,4,0.4394
0,513,1,0,448.2,2931,297,11956.1537
0,514,1,0,346.2,3033,350,10112.3497
0,515,1,0,180.2,3199,350,10880.7247
0,516,1,0,192.2,3187,297,12363.60687
0,517,1,0,98.2,3281,350,11202.51259
0,518,1,2,280.0,2228,249,4372.98561
0,519,3,0,1396.2,1983,297,8406.4487
0,520,3,0,1395.2,1984,350,7449.3147
0,521,1,0,524.2,2855,350,9686.63247
0,522,1,2,645.0,1863,249,4058.4447
0,523,3,2,1165.0,1343,249,3950.6247
0,524,1,1,344.4,23,4,0.2197
0,525,1,1,337.4,30,4,0.39546
0,526,1,2,924.0,1584,196,4879.2927
0,527,1,2,588.0,1920,196,6624.5947
0,528,1,0,613.2,2766,251,9190.9097
0,529,1,2,557.0,1951,245,5789.64258
0,530,1,0,620.2,2759,251,9361.6247
0,531,1,1,113.4,254,4,0.2197
0,532,1,0,659.2,2720,251,9250.8097
0,533,1,1,211.4,156,4,0.2197
0,534,1,0,415.2,2964,350,9479.83443
0,535,1,2,747.0,1761,194,6165.3047
0,536,3,0,1620.2,1759,346,6698.0797
0,537,3,2,1253.0,1255,249,3642.22758
0,538,1,1,323.4,44,4,0.2197
0,539,1,1,270.4,97,4,0.2197
0,540,1,1,275.4,92,4,0.26364
0,541,1,2,949.0,1559,249,4402.8697
0,542,1,0,1410.2,1969,297,7898.7827
0,543,1,0,1478.2,1901,346,7200.9797
0,544,1,1,235.4,132,4,0.28561
0,545,1,1,338.4,29,4,0.2197
0,546,1,0,1648.2,1731,293,7427.1877
0,547,3,2,1268.0,1240,249,3642.1397
0,548,1,2,1276.0,1232,247,3642.1397
0,549,1,0,1556.2,1823,247,6594.2447
0,550,1,2,1496.0,1012,194,3519.0877
0,551,1,1,326.4,41,4,0.2197
0,552,3,0,1643.2,1736,348,6623.2047
0,553,3,2,1302.0,1206,194,4204.4897
0,554,1,0,1657.2,1722,247,6291.7497
0,555,1,0,1252.2,2127,346,7800.2397
0,556,3,1,341.4,26,4,0.2197
0,557,1,1,249.4,118,4,0.2197
0,558,3,1,243.4,124,4,0.2197
0,559,1,0,1917.2,1462,293,6320.2027
0,560,1,1,353.4,14,2,0.2197
0,561,1,2,1541.0,967,194,3360.1027
0,562,1,0,1746.2,1633,249,6010.2197
0,563,1,1,353.4,14,2,0.2197
0,564,1,2,1166.0,1342,247,3947.80546
0,565,1,0,1647.2,1732,346,6632.1397
0,566,1,1,353.4,14,2,0.2197
0,567,3,2,1343.0,1165,196,3487.2907
0,568,3,2,1276.0,1232,247,3642.1397
0,569,1,2,1276.0,1232,247,3642.1397
0,570,1,1,353.4,14,2,0.2197
0,571,1,1,348.4,19,2,0.32955
0,572,3,1,353.4,14,2,0.2197
0,573,1,0,1917.2,1462,293,6320.2027
0,574,1,2,1269.0,1239,247,3642.29349
0,575,1,0,1650.2,1729,346,6602.28364
0,576,1,0,1650.2,1729,348,6602.2397
0,577,1,0,1724.2,1655,295,6995.0057
0,578,3,1,353.4,14,2,0.2197
0,579,3,2,1409.0,1099,194,3826.4587
0,580,3,0,1696.2,1683,297,7040.9347
0,581,1,2,1278.0,1230,245,3642.1397
0,582,1,0,1567.2,1812,251,6010.2197
0,583,3,2,1264.0,1244,249,3642.1397
0,584,1,0,1689.2,1690,293,7294.5697
0,585,1,0,1741.2,1638,251,6010.2197
0,586,1,0,1636.2,1743,346,6697.9197
0,587,1,0,1678.2,1701,293,7306.5157
0,588,1,1,353.4,14,2,0.2197
0,589,1,0,1652.2,1727,346,6602.2397
0,590,1,2,1278.0,1230,245,3642.1397
0,591,3,0,1683.2,1696,249,6207.8897
0,592,3,2,1441.0,1067,194,3713.4027
0,593,1,2,1239.0,1269,249,3728.9947
0,594,1,2,1228.0,1280,245,3791.8897
0,595,1,1,340.4,27,4,0.2197
0,596,3,1,341.4,26,4,0.2197
0,597,1,2,1541.0,967,194,3360.1027
0,598,1,0,1650.2,1729,348,6602.2397
0,599,1,0,1869.2,1510,295,6482.7207
0,600,1,1,353.4,14,2,0.2197
0,601,1,0,1749.2,1630,249,6010.2197
0,602,1,1,353.4,14,2,0.2197
0,603,1,2,1275.0,1233,245,3642.20561
0,604,1,1,353.4,14,2,0.2197
0,605,1,2,1276.0,1232,247,3642.1397
0,606,1,1,254.4,113,4,0.2197
0,607,1,1,353.4,14,2,0.2197
0,608,1,1,353.4,14,2,0.2197
0,609,1,0,1917.2,1462,293,6320.2027
0,610,1,0,1906.2,1473,295,6351.9997
0,611,1,1,353.4,14,2,0.2197
0,612,1,2,1268.0,1240,247,3642.31546
0,613,1,1,353.4,14,2,0.2197
0,614,3,1,353.4,14,2,0.2197
0,615,1,0,1751.2,1628,247,6010.2197
0,616,1,1,353.4,14,2,0.2197
0,617,3,0,1778.2,1601,295,6804.2237
0,618,1,0,1751.2,1628,247,6010.2197
0,619,1,1,353.4,14,2,0.2197
0,620,1,2,1541.0,967,194,3360.1027
0,621,3,2,1276.0,1232,247,3642.1397
0,622,3,1,353.4,14,2,0.2197
0,623,1,0,1642.2,1737,346,6602.4594
0,624,1,0,1751.2,1628,247,6010.2197
0,625,3,0,1749.2,1630,249,6010.2197
0,626,1,1,353.4,14,2,0.2197
0,627,3,1,353.4,14,2,0.2197
0,628,1,0,1846.2,1533,295,6563.9797
0,629,1,1,353.4,14,2,0.2197
0,630,3,2,1536.0,972,194,3377.7677
0,631,1,1,353.4,14,2,0.2197
0,632,1,0,1250.2,2129,251,6010.2197
0,633,1,0,1274.2,2105,249,6010.2197
0,634,1,1,353.4,14,2,0.2197
0,635,1,0,1414.2,1965,295,8692.2257
0,636,1,0,1429.2,1950,350,7828.1397
0,637,1,0,1612.2,1767,348,6829.4797
0,638,1,2,1114.0,1394,196,3360.1027
0,639,1,2,1274.0,1234,249,3642.1397
0,640,1,2,1276.0,1232,247,3642.1397
0,641,3,1,353.4,14,2,0.2197
0,642,1,1,353.4,14,2,0.2197
0,643,1,2,1276.0,1232,247,3642.1397
0,644,1,0,1612.2,1767,346,6722.0397
0,645,1,2,1385.0,1123,194,3911.2507
0,646,3,2,1246.0,1262,247,3731.9897
0,647,1,0,1912.2,1467,295,6320.2027
0,648,1,0,1386.2,1993,247,7103.3947
0,649,3,1,183.4,184,4,0.2197
0,650,1,1,325.4,42,4,0.2197
0,651,1,1,351.4,16,4,0.2197
0,652,3,0,1857.2,1522,293,6537.0767
0,653,1,0,1751.2,1628,247,6010.2197
0,654,1,0,1597.2,1782,346,6766.9647
0,655,3,2,1413.0,1095,194,3812.3267
0,656,1,0,1642.2,1737,350,6602.37152
0,657,1,0,1650.2,1729,348,6602.2397
0,658,1,1,353.4,14,2,0.2197
0,659,1,1,353.4,14,2,0.2197
0,660,1,2,1278.0,1230,245,3642.1397
0,661,1,1,301.4,66,4,0.2197
0,662,1,1,353.4,14,2,0.2197
0,663,3,0,1917.2,1462,293,6320.2027
0,664,1,0,1642.2,1737,350,6602.2397
0,665,1,2,1541.0,967,194,3360.1027
0,666,3,1,353.4,14,2,0.2197
0,667,1,2,1276.0,1232,247,3642.1397
0,668,1,1,353.4,14,2,0.2197
0,669,1,2,1541.0,967,194,3360.1027
0,670,3,2,1541.0,967,194,3360.1027
0,671,1,2,1278.0,1230,245,3642.1397
0,672,1,2,1273.0,1235,247,3642.1397
0,673,1,1,349.4,18,2,0.30758
0,674,1,1,353.4,14,2,0.2197
0,675,1,0,1750.2,1629,247,6010.24167
0,676,1,0,1652.2,1727,346,6602.2397
0,677,1,2,1276.0,1232,247,3642.1397
0,678,1,2,1276.0,1232,247,3642.1397
0,679,1,1,318.4,49,4,0.28561
0,680,1,0,1743.2,1636,295,6927.8787
0,681,1,2,1437.0,1071,194,3727.5347
0,682,1,0,1751.2,1628,247,6010.2197
0,683,1,2,1278.0,1230,245,3642.1397
0,684,3,2,1278.0,1230,245,3642.1397
0,685,3,1,347.4,20,4,0.2197
0,686,1,1,353.4,14,2,0.2197
0,687,3,2,1377.0,1131,194,3939.5147
0,688,1,1,353.4,14,2,0.2197
0,689,1,1,353.4,14,2,0.2197
0,690,1,2,1424.0,1084,194,3773.4637
0,691,1,2,1278.0,1230,245,3642.1397
0,692,1,0,1751.2,1628,247,6010.2197
0,693,1,1,353.4,14,2,0.2197
0,694,1,2,1236.0,1272,196,3769.9307
0,695,1,0,1647.2,1732,346,6632.1397
0,696,1,2,1271.0,1237,247,3642.18364
0,697,1,0,1905.2,1474,295,6355.5327
0,698,3,0,1649.2,1730,346,6620.1797
0,699,3,2,1273.0,1235,247,3642.1397
0,700,3,1,353.4,14,2,0.2197
0,701,1,1,353.4,14,2,0.2197
0,702,1,0,1751.2,1628,247,6010.2197
0,703,3,2,1276.0,1232,247,3642.1397
0,704,1,2,1276.0,1232,247,3642.1397
0,705,1,0,1917.2,1462,293,6320.2027
0,706,1,0,1875.2,1504,293,6468.5887
0,707,1,0,1749.2,1630,249,6010.2197
0,708,1,1,222.4,145,4,0.2197
0,709,1,1,353.4,14,2,0.2197
0,710,1,1,353.4,14,2,0.2197
0,711,1,1,353.4,14,2,0.2197
0,712,3,1,353.4,14,2,0.2197
0,713,1,2,1541.0,967,194,3360.1027
0,714,3,1,353.4,14,2,0.2197
0,715,1,2,1444.0,1064,194,3702.8037
0,716,1,1,353.4,14,2,0.2197
0,717,1,0,1652.2,1727,346,6602.2397
0,718,1,0,1650.2,1729,348,6602.2397
0,719,3,0,1751.2,1628,247,6010.2197
0,720,1,2,1276.0,1232,247,3642.1397
0,721,1,1,343.4,24,2,0.4394
0,722,1,1,337.4,30,2,0.57122
0,723,1,1,353.4,14,2,0.2197
0,724,1,1,353.4,14,2,0.2197
0,725,3,0,1917.2,1462,293,6320.2027
0,726,1,1,353.4,14,2,0.2197
0,727,1,2,1541.0,967,194,3360.1027
0,728,1,1,353.4,14,2,0.2197
0,729,1,1,353.4,14,2,0.2197
0,730,1,0,1502.2,1877,251,6010.2197
0,731,1,1,353.4,14,2,0.2197
0,732,1,0,1275.2,2104,350,6673.9997
0,733,1,1,353.4,14,2,0.2197
0,734,3,1,353.4,14,2,0.2197
0,735,3,1,353.4,14,2,0.2197
0,736,1,2,1452.0,1056,196,3360.1027
0,737,3,1,353.4,14,2,0.2197
0,738,3,2,1235.0,1273,196,3360.1027
0,739,1,0,1403.2,1976,350,7122.4997
0,740,1,0,1400.2,1979,350,7654.7197
0,741,1,0,1460.2,1919,350,7559.0397
0,742,1,2,1127.0,1381,249,3642.24955
0,743,1,0,1175.2,2204,350,9370.9797
0,744,1,1,353.4,14,2,0.2197
0,745,1,0,1130.2,2249,350,9317.1597
0,746,1,0,783.2,2596,350,9637.56546
0,747,1,1,254.4,113,4,0.2197
0,748,3,1,296.4,71,4,0.2197
0,749,3,0,1510.2,1869,297,7626.3827
0,750,1,0,710.2,2669,350,8857.4447
0,751,1,2,1188.0,1320,249,3779.9097
0,752,1,1,192.4,175,4,0.2197
0,753,1,0,632.2,2747,297,10691.37546
0,754,1,2,1261.0,1247,196,4059.70261
0,755,1,1,244.4,123,4,0.2197
0,756,1,1,164.4,203,4,0.2197
0,757,3,0,1440.2,1939,350,7063.3797
0,758,1,1,282.4,85,4,0.2197
0,759,1,2,1180.0,1328,249,3869.86955
0,760,1,0,996.2,2383,348,8560.9397
0,761,3,1,-44.6,412,4,0.2197
0,762,1,0,732.2,2647,350,9040.1397
0,763,1,0,963.2,2416,350,8569.9047
0,764,3,0,1641.2,1738,297,7072.0467
0,765,3,0,1546.2,1833,350,6910.6547
0,766,3,2,1185.0,1323,249,3669.0947
0,767,3,1,300.4,67,4,0.26364
0,768,1,1,308.4,59,4,0.24167
0,769,3,1,58.4,309,4,0.2197
0,770,1,1,177.4,190,4,0.2197
0,771,1,1,205.4,162,4,0.2197
0,772,1,1,264.4,103,4,0.2197
0,773,1,0,1906.2,1473,297,6320.2027
0,774,1,0,1606.2,1773,293,8179.9827
0,775,1,1,325.4,42,4,0.2197
0,776,1,2,982.0,1526,249,3663.1047
0,777,1,0,1580.2,1799,346,6844.7447
0,778,1,0,1322.2,2057,346,7590.5897
0,779,1,2,1141.0,1367,245,4052.4547
0,780,1,2,1177.0,1331,194,4646.1147
0,781,1,0,1659.2,1720,293,7231.7167
0,782,1,0,1642.2,1737,247,6336.6747
0,783,3,1,343.4,24,4,0.2197
0,784,1,0,1425.2,1954,346,7282.1047
0,785,1,2,1231.0,1277,245,3782.9047
0,786,1,1,262.4,105,4,0.2197
0,787,1,0,1631.2,1748,247,6369.6197
0,788,1,1,332.4,35,4,0.2197
0,789,1,0,1915.2,1464,295,6320.2027
0,790,1,2,1541.0,967,194,3360.1027
0,791,1,2,1276.0,1232,247,3642.1397
0,792,1,2,1274.0,1234,245,3642.22758
0,793,1,0,1553.2,1826,348,6892.7547
0,794,1,0,1652.2,1727,346,6602.2397
0,795,3,0,1848.2,1531,293,6563.9797
0,796,1,2,1444.0,1064,194,3702.8037
0,797,1,0,1749.2,1630,249,6010.2197
0,798,1,1,353.4,14,2,0.2197
0,799,1,2,1337.0,1171,194,4052.74646
0,800,1,2,1278.0,1230,245,3642.1397
0,801,1,1,353.4,14,2,0.2197
0,802,1,1,353.4,14,2,0.2197
0,803,1,0,1917.2,1462,293,6320.2027
0,804,3,1,353.4,14,2,0.2197
0,805,3,2,1274.0,1234,247,3642.18364
0,806,1,1,353.4,14,2,0.2197
0,807,3,2,1278.0,1230,245,3642.1397
0,808,1,1,353.4,14,2,0.2197
0,809,1,0,1850.2,1529,297,6521.5837
0,810,1,2,1382.0,1126,194,3921.8497
0,811,1,2,1161.0,1347,249,3642.1397
0,812,3,1,353.4,14,2,0.2197
0,813,1,2,1266.0,1242,249,3642.1397
0,814,1,0,1478.2,1901,297,7893.6837
0,815,1,0,1521.2,1858,348,7367.6797
0,816,1,2,1245.0,1263,196,4003.1087
0,817,1,0,1632.2,1747,348,6709.8797
0,818,1,2,1209.0,1299,249,3642.24955
0,819,1,2,1273.0,1235,247,3642.1397
0,820,1,1,353.4,14,2,0.2197
0,821,1,1,353.4,14,2,0.2197
0,822,1,1,353.4,14,2,0.2197
0,823,3,2,1154.0,1354,249,3642.1397
0,824,1,1,313.4,54,4,0.2197
0,825,1,2,1265.0,1243,249,3642.1397
0,826,3,2,1246.0,1262,245,3737.9797
0,827,1,1,353.4,14,2,0.2197
0,828,1,0,1567.2,1812,297,6751.2287
0,829,1,0,1665.2,1714,251,6010.2197
0,830,1,0,1686.2,1693,297,6320.2027
0,831,1,0,1648.2,1731,348,6614.1997
0,832,1,2,1058.0,1450,249,4289.0597
0,833,3,2,1119.0,1389,249,4082.4047
0,834,1,2,1358.0,1150,196,3988.9767
0,835,1,1,350.4,17,4,0.2197
0,836,1,2,1278.0,1230,245,3642.1397
0,837,1,1,345.4,22,2,0.39546
0,838,1,2,1409.0,1099,194,3826.4587
0,839,3,2,1268.0,1240,249,3642.1397
0,840,1,2,542.0,1966,249,3660.1097
0,841,1,0,780.2,2599,350,11243.4097
0,842,1,1,257.4,110,4,0.2197
0,843,1,2,561.0,1947,249,3675.0847
0,844,3,2,1332.0,1176,196,3882.9867
0,845,3,2,1087.0,1421,196,3812.3267
0,846,1,2,913.0,1595,249,3642.1397
0,847,3,2,1266.0,1242,249,3642.1397
0,848,1,2,1067.0,1441,249,3642.1397
0,849,1,0,1111.2,2268,350,8282.6197
0,850,1,2,1033.0,1475,249,3953.6197
0,851,1,0,826.2,2553,350,10316.8497
0,852,1,1,344.4,23,4,0.2197
0,853,1,2,381.0,2127,249,6274.7447
0,854,3,2,1345.0,1163,196,3773.4637
0,855,3,0,1458.2,1921,350,6833.0244
0,856,1,2,488.0,2020,249,5915.3447
0,857,1,1,258.4,109,4,0.2197
0,858,3,0,1537.2,1842,350,6925.69167
0,859,1,2,560.0,1948,249,5756.6097
0,860,1,0,762.2,2617,350,9285.5797
0,861,3,2,1294.0,1214,196,3897.3384
0,862,1,0,204.2,3175,297,12026.3147
0,863,3,0,1639.2,1740,297,7320.8807
0,864,1,1,209.4,158,4,0.2197
0,865,3,2,1377.0,1131,196,3865.3217
0,866,1,2,886.0,1622,249,4298.0447
0,867,1,2,511.0,1997,249,5304.3647
0,868,1,0,1008.2,2371,350,8510.0247
0,869,1,0,1051.2,2328,350,8147.6097
0,870,1,1,119.4,248,4,0.2197
0,871,1,1,210.4,157,4,0.2197
0,872,1,0,440.2,2939,350,9013.1847
0,873,1,1,286.4,81,4,0.2197
0,874,1,0,367.2,3012,297,12037.6037
0,875,1,1,342.4,25,4,0.24167
0,876,1,2,1083.0,1425,249,3743.9697
0,877,1,2,1113.0,1395,249,4100.3747
0,878,3,0,1652.2,1727,297,7205.1307
0,879,1,2,1078.0,1430,249,4112.3547
0,880,1,1,274.4,93,4,0.2197
0,881,1,0,531.2,2848,350,9929.6147
0,882,1,2,1111.0,1397,196,4603.7187
0,883,1,0,603.2,2776,350,9681.2894
0,884,1,2,1169.0,1339,249,3932.6547
0,885,1,0,658.2,2721,297,10794.1507
0,886,1,1,166.4,201,4,0.2197
0,887,1,2,735.0,1773,249,4873.0847
0,888,1,0,496.2,2883,350,9132.59061
0,889,1,0,470.2,2909,350,10812.6047
0,890,1,1,308.4,59,4,0.2197
0,891,1,2,979.0,1529,249,4492.7197
0,892,1,0,680.2,2699,297,11446.9917
0,893,1,0,692.2,2687,350,10238.4447
0,894,1,0,461.2,2918,297,11506.1387
0,895,1,1,323.4,44,4,0.2197
0,896,1,0,508.2,2871,350,9921.17895
0,897,1,0,161.2,3218,350,12002.03758
0,898,1,1,346.4,21,4,0.2197
0,899,1,1,-2233.6,2601,4,0.2197
0,900,1,2,677.0,1831,196,5200.7957
0,901,3,0,1553.2,1826,350,6820.86046
0,902,1,2,542.0,1966,194,6578.6657
0,903,1,2,504.0,2004,194,7023.8237
0,904,3,2,1242.0,1266,249,3648.1297
0,905,3,0,1523.2,1856,346,6997.5497
0,906,1,0,452.2,2927,350,8818.5397
0,907,1,1,309.4,58,4,0.2197
0,908,1,1,319.4,48,4,0.2197
0,909,1,1,39.4,328,4,0.2197
0,910,1,2,850.0,1658,245,4923.9997
0,911,1,0,831.2,2548,350,9039.6297
0,912,3,1,232.4,135,4,0.2197
0,913,1,2,1092.0,1416,247,4193.2197
0,914,1,0,950.2,2429,350,7955.5397
0,915,1,1,102.4,265,4,0.2197
0,916,1,0,888.2,2491,350,7736.9947
0,917,1,0,566.2,2813,297,11307.6947
0,918,1,1,270.4,97,4,0.2197
0,919,1,1,288.4,79,4,0.2197
0,920,1,1,346.4,21,4,0.2197
0,921,1,1,216.4,151,4,0.2197
0,922,3,0,1468.2,1911,297,8255.1637
0,923,1,1,353.4,14,2,0.2197
0,924,1,0,1359.2,2020,350,8294.5797
0,925,3,2,1178.0,1330,249,3642.1397
0,926,1,0,1622.2,1757,350,6715.8597
0,927,1,0,1478.2,1901,346,7642.7597
0,928,3,0,1440.2,1939,297,7658.9767
0,929,1,0,1380.2,1999,350,7069.3897
0,930,1,2,1118.0,1390,196,4476.5307
0,931,1,2,713.0,1795,249,5292.3847
0,932,1,2,794.0,1714,247,5085.7297
0,933,1,2,678.0,1830,245,5439.1397
0,934,1,2,752.0,1756,194,6147.6397
0,935,1,0,1127.2,2252,297,8814.5007
0,936,1,1,339.4,28,4,0.39546
0,937,1,1,334.4,33,4,0.48334
0,938,1,0,1053.2,2326,350,8466.9647
0,939,1,0,1453.2,1926,348,7768.3397
0,940,3,0,1633.2,1746,350,6644.0997
0,941,1,2,1143.0,1365,249,3645.26652
0,942,1,1,314.4,53,4,0.2197
0,943,3,0,1647.2,1732,346,6626.1697
0,944,1,0,1424.2,1955,295,8673.9967
0,945,1,0,1550.2,1829,346,7212.1997
0,946,1,2,1186.0,1322,245,3917.6797
0,947,3,0,1799.2,1580,293,6830.0827
0,948,1,1,353.4,14,2,0.2197
0,949,1,2,1107.0,1401,247,4148.2947
0,950,3,2,1265.0,1243,245,3681.0747
0,951,1,0,578.2,2801,297,12435.8407
0,952,1,2,464.0,2044,196,3706.3367
0,953,3,1,353.4,14,2,0.2197
0,954,3,2,945.0,1563,249,3642.16167
0,955,1,1,353.4,14,2,0.2197
0,956,1,0,621.2,2758,350,8994.30561
0,957,3,2,1266.0,1242,249,3642.1397
0,958,1,2,1249.0,1259,196,4094.9667
0,959,1,2,1250.0,1258,249,3645.26652
0,960,1,2,1176.0,1332,249,3642.29349
0,961,1,0,484.2,2895,350,13371.5997
0,962,1,0,486.2,2893,350,13365.72955
0,963,1,2,1266.0,1242,249,3642.1397
0,964,1,2,1409.0,1099,196,3780.5297
0,965,1,2,356.0,2152,196,6327.8227
0,966,1,0,319.2,3060,350,11645.1647
0,967,1,0,208.2,3171,350,11630.3597
0,968,3,0,1192.2,2187,350,7964.9147
0,969,1,0,342.2,3037,350,10892.7047
0,970,3,2,844.0,1664,249,3788.8947
0,973,1,2,454.0,2054,196,4900.4907
0,974,1,2,477.0,2031,249,3763.88795
0,975,1,2,234.0,2274,249,3805.09294
0,977,1,1,69.4,298,4,0.2197
0,978,3,1,77.4,290,4,0.32955
0,981,1,1,254.4,113,4,0.2197
0,982,3,0,898.2,2481,350,9903.5197
0,983,3,0,863.2,2516,297,11158.2927
0,985,1,2,222.0,2286,249,6745.04758
0,986,3,2,1209.0,1299,196,3748.7327
0,987,1,2,274.0,2234,196,4381.31851
0,988,3,0,985.2,2394,350,8889.3097
0,989,3,2,1241.0,1267,249,3708.0297
0,991,3,0,290.2,3089,295,11815.5556
0,993,1,1,257.4,110,4,0.2197
0,994,1,1,310.4,57,4,0.2197
0,995,3,2,993.0,1515,247,4480.80561
0,996,2,0,875.2,2504,247,8633.8397
0,997,1,1,327.4,40,4,0.2197
0,998,3,1,342.4,25,4,0.24167
0,999,1,0,801.2,2578,348,9144.9947
1,39,1,1,-14.6,382,2,9144.9947
1,153,1,0,-54.8,3434,289,9144.9947
1,458,1,1,-675.6,1043,2,9144.9947
1,460,1,1,-546.6,914,2,9144.9947
1,971,1,0,333.2,3046,243,9144.9947
1,972,1,0,350.2,3029,243,9144.9947
1,976,1,0,373.2,3006,190,9144.9947
1,979,1,0,158.2,3221,243,9144.9947
1,980,1,0,179.2,3200,243,9144.9947
1,984,1,0,150.2,3229,190,9144.9947
1,990,1,0,146.2,3233,243,9144.9947
1,992,1,2,-22.0,2530,243,9144.9947
Time: 72821, 672031, 963920, 121065
