2020-04-16 19:24:24

CONFIGURATION:
{u'simulation': {u'stdev_factor': 0.01, u'power_mgmt_enabled': False, u'tasks': {u'loc': {u'mean_service_time': {u'gpu': 90, u'cpu_core': 200, u'loc_accel': 10}, u'priority': 1, u'deadline': 1000, u'stdev_service_time': {u'gpu': 0.9, u'cpu_core': 2.0, u'loc_accel': 0.1}, u'power': {u'gpu': 4.457, u'cpu_core': 6.133, u'loc_accel': 0.02197}}, u'detect': {u'mean_service_time': {u'gpu': 0.4607, u'cpu_core': 3.654, u'det_accel': 0.278}, u'priority': 2, u'deadline': 1000, u'stdev_service_time': {u'gpu': 0.004607, u'cpu_core': 0.03654, u'det_accel': 0.0027800000000000004}, u'power': {u'gpu': 90, u'cpu_core': 200, u'det_accel': 10}}, u'Frontier': {u'mean_service_time': {u'cpu_core': 396}, u'priority': 9, u'deadline': 1000, u'stdev_service_time': {u'cpu_core': 3.96}, u'power': {u'cpu_core': 5.98}}, u'track': {u'mean_service_time': {u'gpu': 17, u'tra_accel': 2, u'cpu_core': 1820}, u'priority': 3, u'deadline': 1000, u'stdev_service_time': {u'gpu': 0.17, u'tra_accel': 0.02, u'cpu_core': 18.2}, u'power': {u'gpu': 12.79, u'tra_accel': 0.59, u'cpu_core': 5.6}}, u'sp': {u'mean_service_time': {u'gpu': 379, u'cpu_core': 1004}, u'priority': 11, u'deadline': 1000, u'stdev_service_time': {u'gpu': 3.79, u'cpu_core': 10.040000000000001}, u'power': {u'gpu': 3.302, u'cpu_core': 1004}}, u'mission': {u'mean_service_time': {u'cpu_core': 0.0022}, u'priority': 5, u'deadline': 1000, u'stdev_service_time': {u'cpu_core': 2.2000000000000003e-05}, u'power': {u'cpu_core': 3.534}}, u'motion': {u'mean_service_time': {u'cpu_core': 8}, u'priority': 6, u'deadline': 1000, u'stdev_service_time': {u'cpu_core': 0.08}, u'power': {u'cpu_core': 4.222}}, u'collision': {u'mean_service_time': {u'cpu_core': 8}, u'priority': 7, u'deadline': 1000, u'stdev_service_time': {u'cpu_core': 0.08}, u'power': {u'cpu_core': 0}}, u'fusion': {u'mean_service_time': {u'cpu_core': 1}, u'priority': 4, u'deadline': 1000, u'stdev_service_time': {u'cpu_core': 0.01}, u'power': {u'cpu_core': 0}}, u'map': {u'mean_service_time': {u'gpu': 761, u'cpu_core': 973}, u'priority': 10, u'deadline': 1000, u'stdev_service_time': {u'gpu': 7.61, u'cpu_core': 9.73}, u'power': {u'gpu': 3.533, u'cpu_core': 2.995}}, u'path': {u'mean_service_time': {u'cpu_core': 8}, u'priority': 8, u'deadline': 1000, u'stdev_service_time': {u'cpu_core': 0.08}, u'power': {u'cpu_core': 0}}}, u'sched_policy_module': u'policies.heft', u'drop': True, u'servers': {u'gpu': {u'count': 2}, u'tra_accel': {u'count': 1}, u'cpu_core': {u'count': 8}, u'loc_accel': {u'count': 1}, u'det_accel': {u'count': 1}}, u'max_tasks_simulated': 10000, u'max_queue_size': 1000000, u'mean_arrival_time': 50, u'arrival_time_scale': 4.2}, u'general': {u'random_seed': 0, u'pre_gen_arrivals': False, u'basename': u'policy:heft__stdev_factor:0.01', u'output_trace_file': None, u'working_dir': u'/home/hiwot/meta-stomp2/sim_16042020_192242_new_arrival_50_map_rheftmapping_50_trace_30', u'input_trace_file': (False, '../mv_mapping_50_trace_30.trc'), u'logging_level': u'INFO'}}
Time	Response time (avg)
10	10.0
31	10.0
85	10.0
253	10.0
480	10.0
522	10.0
652	10.0
1013	10.0
1354	10.0
1417	10.0
1736	10.0
1761	10.0
1866	10.0
3676	10.0
3760	10.0
3970	10.0
3995	10.0
4151	10.0
4499	10.0
4751	10.0
4802	10.0
5037	10.0
5054	10.0
5260	10.0
5428	10.0
6221	10.0
6520	10.0
6557	10.0
6587	10.0
6738	10.0
6814	10.0
6898	10.0
7015	10.0
7200	10.0
7712	10.0
7914	10.0
7931	10.0
7960	10.0
8069	10.0
8124	10.0
8368	10.0
8489	10.0
8557	10.0
8569	10.0
8607	10.0
9161	10.0
9544	10.0
9565	10.0
9947	10.0
10006	10.0
10400	10.0
10476	10.0
10673	10.0
10930	10.0
11043	10.0
11274	10.0
11329	10.0
11870	10.0
11880	10.0
11921	10.0
11975	10.0
12047	10.0
12341	10.0
12429	10.0
12862	10.0
13013	10.0
13189	10.0
13231	10.0
13298	10.0
13525	10.0
13571	10.0
14025	10.0
14235	10.0
14311	10.0
14546	10.0
14739	10.0
14987	10.0
15037	10.0
15667	10.0
15982	10.0
16108	10.0
16293	10.0
16318	10.0
16495	10.0
16558	10.0
16759	10.0
16847	10.0
17091	10.0
17221	10.0
17234	10.0
17259	10.0
17297	10.0
17360	10.0
17448	10.0
17645	10.0
17822	10.0
17855	10.0
17960	10.0
18242	10.0
18431	10.0
18469	10.0
18479	10.0
18490	10.0
18582	10.0
18620	10.0
18637	10.0
18960	10.0
19300	10.0
19367	10.0
19380	10.0
19951	10.0
20308	10.0
20485	10.0
20590	10.0
20627	10.0
20637	10.1
20711	10.1
20858	10.1
21098	10.1
21199	10.1
21266	10.1
21276	10.1
21749	10.1
21908	10.1
22249	10.1
22358	10.1
22568	10.1
22656	10.1
23063	10.1
23252	10.1
23311	10.1
23362	10.1
23878	10.1
24084	10.1
24790	10.1
24861	10.1
24920	10.1
24962	10.1
25235	10.1
25945	10.1
26167	10.1
26965	10.1
27003	10.1
27268	10.1
27280	10.1
27360	10.1
27604	10.1
27780	10.1
27927	10.1
28166	10.1
28364	10.1
28574	10.1
28628	10.1
29002	10.1
29099	10.1
29145	10.1
29208	10.1
29229	10.1
29275	10.1
29800	10.1
29922	10.1
30233	10.1
30258	10.1
30397	10.1
30565	10.1
30716	10.1
31182	10.1
31192	10.1
31329	10.1
31417	10.1
31543	10.1
31564	10.1
31909	10.1
32203	10.1
32224	10.1
32505	10.1
32698	10.1
32849	10.1
33807	10.1
33904	10.1
33941	10.1
34147	10.1
34265	10.1
34626	10.1
34718	10.1
34765	10.1
34987	10.1
35000	10.1
35067	10.1
35080	10.1
35563	10.1
36180	10.1
36268	10.1
36386	10.1
36432	10.1
36902	10.1
37079	10.1
37146	10.1
37322	10.1
37587	10.1
38200	10.1
38637	10.1
39196	10.1
39670	10.1
39712	10.1
39910	10.1
40246	10.1
40256	10.1
40561	10.1
40779	10.1
40960	10.1
42018	10.1
42388	10.1
42421	10.1
42917	10.1
43013	10.1
43144	10.1
43154	10.1
43610	10.1
43732	10.1
43984	10.1
44278	10.1
44315	10.1
44345	10.1
44496	10.1
44593	10.1
44849	10.1
45462	10.1
45781	10.1
46184	10.1
46197	10.1
46310	10.1
46336	10.1
46445	10.1
46512	10.1
46709	10.1
47083	10.1
47470	10.1
47566	10.1
47978	10.1
48175	10.1
48226	10.1
48255	10.1
48436	10.1
49150	10.1
49192	10.1
49284	10.1
50124	10.1
50134	10.1
50166	10.1
50846	10.1
50914	10.1
51044	10.1
51090	10.1
51283	10.1
51413	10.1
51590	10.1
51628	10.1
51733	10.1
51783	10.1
51793	10.1
51803	10.2
51813	10.2
52636	10.2
52665	10.2
52854	10.2
53081	10.2
53135	10.2
53215	10.2
53467	10.2
53501	10.2
54076	10.2
54790	10.2
54912	10.2
54922	10.2
54988	10.2
55840	10.2
56088	10.2
56105	10.2
56411	10.2
56945	10.2
56995	10.2
57029	10.2
57386	10.2
57470	10.2
57650	10.2
57995	10.2
58066	10.2
58343	10.2
58398	10.2
58457	10.2
58730	10.2
58797	10.2
59427	10.2
59721	10.2
59784	10.2
59927	10.2
60343	10.2
60527	10.2
60553	10.2
60586	10.2
60725	10.2
60859	10.2
61086	10.2
61128	10.2
61313	10.2
61443	10.2
61649	10.2
61712	10.2
61880	10.2
62161	10.2
62359	10.2
62648	10.2
63232	10.2
63396	10.2
63476	10.2
63547	10.2
63711	10.2
63787	10.2
64480	10.2
64522	10.2
64538	10.2
64559	10.2
64569	10.2
64643	10.2
64673	10.2
64683	10.2
64879	10.2
64912	10.2
64988	10.2
65194	10.2
65479	10.2
65622	10.2
66185	10.2
66407	10.2
66710	10.2
67474	10.2
68037	10.2
68159	10.2
68169	10.2
68381	10.2
68596	10.2
68684	10.2
70024	10.2
70166	10.2
70334	10.2
70439	10.2
70528	10.2
70620	10.2
70675	10.2
70809	10.2
70885	10.2
71347	10.2
71548	10.2
71611	10.2
72166	10.2
72208	10.2
72577	10.2
72636	10.2
72724	10.2
72804	10.2
73027	10.2
73568	10.2
73602	10.2
73732	10.2
73930	10.2
74257	10.2
74543	10.2
74585	10.2
74595	10.2
75143	10.2
75324	10.2
75433	10.2
75580	10.2
75706	10.2
75912	10.2
76126	10.2
76147	10.2
76273	10.2
76395	10.2
76630	10.2
76710	10.2
77596	10.2
77794	10.2
77819	10.2
77844	10.2
78285	10.2
78356	10.2
78516	10.2
78526	10.2
79180	10.2
79360	10.2
79734	10.2
79915	10.2
80225	10.2
80347	10.2
80393	10.2
80431	10.2
80700	10.2
80746	10.2
80822	10.2
81011	10.2
81124	10.2
81280	10.2
81330	10.2
81536	10.2
81645	10.2
81708	10.2
81763	10.2
81968	10.2
82090	10.2
82132	10.2
82804	10.2
82814	10.2
82824	10.3
83027	10.3
83119	10.3
83132	10.3
83367	10.3
83552	10.3
83947	10.3
84031	10.3
84459	10.3
84514	10.3
84803	10.3
84883	10.3
84971	10.3
85123	10.3
85408	10.3
85488	10.3
85622	10.3
85900	10.3
86458	10.3
86475	10.3
86723	10.3
86733	10.3
86786	10.3
87050	10.3
87063	10.3
87076	10.3
87323	10.3
87655	10.3
87672	10.3
88340	10.3
88382	10.3
88462	10.3
88550	10.3
88630	10.3
89096	10.3
89356	10.3
89394	10.3
89486	10.3
90268	10.3
90738	10.3
90748	10.3
90758	10.3
90818	10.3
90881	10.3
90906	10.3
91292	10.3
91313	10.3
91490	10.3
91511	10.3
91717	10.3
92036	10.3
92279	10.3
92305	10.3
92956	10.3
92968	10.3
93086	10.3
93388	10.3
93695	10.3
93733	10.3
93875	10.3
94199	10.3
94384	10.3
94564	10.3
94921	10.3
94976	10.3
95152	10.3
95186	10.3
95350	10.3
95434	10.3
95967	10.3
96009	10.3
96244	10.3
96254	10.3
96475	10.3
96509	10.3
96727	10.3
96773	10.3
96786	10.3
96941	10.3
97042	10.3
97660	10.3
97735	10.3
97857	10.3
98290	10.3
98416	10.3
98668	10.3
98802	10.3
99096	10.3
99176	10.3
99319	10.3
99571	10.3
99600	10.3
99961	10.3
100293	10.3
101561	10.3
101893	10.3
102166	10.3
102200	10.3
102288	10.3
102590	10.3
102851	10.3
103258	10.3
103393	10.3
103565	10.3
103653	10.3
103800	10.3
103888	10.3
103997	10.3
104779	10.3
104789	10.3
105005	10.3
105169	10.3
105984	10.3
106131	10.3
106303	10.3
106433	10.3
106492	10.3
106908	10.3
107093	10.3
107580	10.3
107672	10.3
107765	10.3
107777	10.3
107819	10.3
108370	10.3
108487	10.3
108504	10.3
108559	10.3
108613	10.3
109012	10.3
109088	10.3
109201	10.3
109214	10.3
109264	10.3
109274	10.3
109284	10.3
109294	10.3
109369	10.3
109567	10.3
110045	10.3
110146	10.3
110352	10.3
110369	10.3
110436	10.3
110449	10.3
110709	10.3
111003	10.3
111028	10.3
111041	10.3
111051	10.3
111360	10.3
111452	10.3
111553	10.3
111633	10.3
111952	10.3
111998	10.3
112326	10.3
112738	10.3
113015	10.3
113380	10.3
113418	10.3
114019	10.3
114283	10.3
114518	10.3
114535	10.3
114678	10.3
114716	10.3
115127	10.3
115137	10.3
115147	10.4
115203	10.4
115354	10.4
115455	10.4
115526	10.4
115825	10.4
116064	10.4
116093	10.4
116173	10.4
116183	10.4
116320	10.4
116337	10.4
116870	10.4
116891	10.4
117013	10.4
117736	10.4
118227	10.4
118408	10.4
119185	10.4
119235	10.4
119256	10.4
119928	10.4
120214	10.4
120852	10.4
120932	10.4
121058	10.4
121251	10.4
121784	10.4
121794	10.4
121804	10.4
122066	10.4
122112	10.4
122448	10.4
122750	10.4
122822	10.4
123233	10.4
123989	10.4
124636	10.4
124666	10.4
124888	10.4
124913	10.4
124968	10.4
125312	10.4
125464	10.4
125816	10.4
125854	10.4
126102	10.4
126249	10.4
126320	10.4
126333	10.4
126803	10.4
126813	10.4
126823	10.4
127219	10.4
127345	10.4
127883	10.4
127958	10.4
127988	10.4
128005	10.4
128080	10.4
128450	10.4
128588	10.4
128598	10.4
128777	10.4
129164	10.4
129256	10.4
129588	10.4
129685	10.4
129916	10.4
130130	10.4
130319	10.4
130399	10.4
130499	10.4
130638	10.4
130735	10.4
130991	10.4
131138	10.4
131205	10.4
131323	10.4
131449	10.4
131915	10.4
132238	10.4
132255	10.4
132301	10.4
132469	10.4
132608	10.4
133200	10.4
133280	10.4
133507	10.4
133990	10.4
134002	10.4
134082	10.4
134153	10.4
134439	10.4
134813	10.4
134893	10.4
135052	10.4
135241	10.4
135430	10.4
135497	10.4
135724	10.4
135737	10.4
135758	10.4
135980	10.4
136014	10.4
136174	10.4
136184	10.4
136329	10.4
136400	10.4
136501	10.4
136682	10.4
136833	10.4
136900	10.4
136925	10.4
137039	10.4
137585	10.4
137681	10.4
137896	10.4
137906	10.4
137938	10.4
137948	10.4
138404	10.4
138605	10.4
138841	10.4
139059	10.4
139492	10.4
140319	10.4
140554	10.4
141419	10.4
141541	10.4
141697	10.4
142364	10.4
142612	10.4
142839	10.4
143032	10.4
143099	10.4
143326	10.4
143440	10.4
143566	10.4
143759	10.4
144250	10.4
144767	10.4
144777	10.4
145351	10.4
145451	10.4
145527	10.4
145577	10.4
145699	10.4
145737	10.4
146333	10.4
146497	10.4
146854	10.4
147127	10.4
147190	10.4
147241	10.4
147295	10.4
147463	10.4
147526	10.4
147938	10.4
148228	10.4
148824	10.4
149441	10.4
149467	10.4
149626	10.4
149702	10.4
149719	10.4
149887	10.4
150004	10.4
150685	10.4
150697	10.4
150707	10.4
150970	10.4
151168	10.4
151516	10.4
151617	10.4
151991	10.4
152335	10.4
152390	10.4
152600	10.4
153461	10.4
153545	10.4
153555	10.4
153671	10.4
153725	10.4
153742	10.4
153868	10.4
154280	10.4
154290	10.4
154355	10.4
154414	10.4
154465	10.4
154822	10.4
155090	10.4
155166	10.4
155279	10.4
155300	10.4
155594	10.4
155632	10.4
155838	10.4
155855	10.4
156048	10.4
156686	10.4
156930	10.4
157010	10.4
157442	10.4
157539	10.4
157644	10.4
158593	10.4
159106	10.4
159311	10.4
159416	10.4
159962	10.4
160244	10.4
160261	10.4
160424	10.4
160475	10.4
160538	10.4
160836	10.4
160941	10.4
161033	10.4
161043	10.4
161605	10.4
162025	10.4
162344	10.4
162361	10.4
162386	10.4
162524	10.4
162957	10.4
163003	10.4
163020	10.4
163264	10.4
163482	10.4
163570	10.4
163868	10.4
163940	10.4
163999	10.4
164255	10.4
164301	10.4
164515	10.4
164595	10.4
164692	10.4
164755	10.4
165204	10.4
165494	10.4
165632	10.4
165695	10.4
165922	10.4
165932	10.4
165952	10.4
166052	10.4
166082	10.4
166111	10.4
166649	10.4
167056	10.4
167165	10.4
167283	10.4
167480	10.4
168106	10.4
168182	10.4
168283	10.4
168614	10.4
168694	10.4
168833	10.4
168875	10.4
169001	10.4
169097	10.4
169270	10.4
169341	10.4
169988	10.4
170005	10.4
170219	10.4
170353	10.4
170483	10.4
170748	10.4
171987	10.4
172285	10.4
172562	10.4
172572	10.4
173142	10.4
173314	10.4
173373	10.4
173852	10.4
174058	10.4
174068	10.4
174419	10.4
174465	10.4
174877	10.4
174902	10.4
175036	10.4
175154	10.4
175280	10.4
175494	10.4
175557	10.4
175759	10.4
175769	10.4
176032	10.4
176309	10.4
176603	10.4
176817	10.4
176985	10.4
177056	10.4
177178	10.4
177195	10.4
177741	10.4
177922	10.4
178195	10.4
178228	10.4
178426	10.4
178539	10.4
178564	10.4
178942	10.4
179014	10.4
179081	10.4
179341	10.4
179383	10.4
179455	10.4
179623	10.4
179633	10.4
179782	10.4
179891	10.4
180139	10.4
180715	10.4
180904	10.4
180925	10.4
180988	10.4
181231	10.4
181241	10.4
181378	10.4
181424	10.4
181445	10.4
182004	10.4
182231	10.4
182848	10.4
182873	10.4
182999	10.3
183646	10.3
183848	10.3
183999	10.3
184041	10.3
184894	10.3
184978	10.3
185003	10.3
185125	10.3
185188	10.3
185198	10.4
185217	10.4
185263	10.4
185284	10.4
185393	10.4
185725	10.4
185834	10.4
185868	10.4
186036	10.4
186435	10.4
186473	10.4
186616	10.4
186775	10.4
186910	10.4
187002	10.4
187279	10.4
187296	10.4
187439	10.4
187939	10.3
187964	10.3
188220	10.3
188480	10.3
188619	10.3
188686	10.3
189308	10.3
189367	10.3
189446	10.3
189501	10.3
189837	10.3
189950	10.3
190270	10.3
190366	10.3
190376	10.4
190421	10.4
190656	10.4
191110	10.3
191122	10.3
191345	10.3
192021	10.3
192034	10.3
192101	10.3
192252	10.3
192323	10.3
192479	10.3
192546	10.3
192760	10.3
192827	10.3
192903	10.3
193004	10.3
193554	10.3
194381	10.3
194768	10.3
194856	10.3
194961	10.3
194971	10.3
195238	10.3
195788	10.3
196175	10.3
196221	10.3
196339	10.3
196349	10.4
196359	10.4
196654	10.4
196754	10.4
196813	10.4
197725	10.4
197880	10.4
198035	10.4
198082	10.4
198208	10.4
198829	10.4
198888	10.4
199308	10.4
