2020-04-16 19:24:24

CONFIGURATION:
{u'simulation': {u'stdev_factor': 0.01, u'power_mgmt_enabled': False, u'tasks': {u'loc': {u'mean_service_time': {u'gpu': 90, u'cpu_core': 200, u'loc_accel': 10}, u'priority': 1, u'deadline': 1000, u'stdev_service_time': {u'gpu': 0.9, u'cpu_core': 2.0, u'loc_accel': 0.1}, u'power': {u'gpu': 4.457, u'cpu_core': 6.133, u'loc_accel': 0.02197}}, u'detect': {u'mean_service_time': {u'gpu': 0.4607, u'cpu_core': 3.654, u'det_accel': 0.278}, u'priority': 2, u'deadline': 1000, u'stdev_service_time': {u'gpu': 0.004607, u'cpu_core': 0.03654, u'det_accel': 0.0027800000000000004}, u'power': {u'gpu': 90, u'cpu_core': 200, u'det_accel': 10}}, u'Frontier': {u'mean_service_time': {u'cpu_core': 396}, u'priority': 9, u'deadline': 1000, u'stdev_service_time': {u'cpu_core': 3.96}, u'power': {u'cpu_core': 5.98}}, u'track': {u'mean_service_time': {u'gpu': 17, u'tra_accel': 2, u'cpu_core': 1820}, u'priority': 3, u'deadline': 1000, u'stdev_service_time': {u'gpu': 0.17, u'tra_accel': 0.02, u'cpu_core': 18.2}, u'power': {u'gpu': 12.79, u'tra_accel': 0.59, u'cpu_core': 5.6}}, u'sp': {u'mean_service_time': {u'gpu': 379, u'cpu_core': 1004}, u'priority': 11, u'deadline': 1000, u'stdev_service_time': {u'gpu': 3.79, u'cpu_core': 10.040000000000001}, u'power': {u'gpu': 3.302, u'cpu_core': 1004}}, u'mission': {u'mean_service_time': {u'cpu_core': 0.0022}, u'priority': 5, u'deadline': 1000, u'stdev_service_time': {u'cpu_core': 2.2000000000000003e-05}, u'power': {u'cpu_core': 3.534}}, u'motion': {u'mean_service_time': {u'cpu_core': 8}, u'priority': 6, u'deadline': 1000, u'stdev_service_time': {u'cpu_core': 0.08}, u'power': {u'cpu_core': 4.222}}, u'collision': {u'mean_service_time': {u'cpu_core': 8}, u'priority': 7, u'deadline': 1000, u'stdev_service_time': {u'cpu_core': 0.08}, u'power': {u'cpu_core': 0}}, u'fusion': {u'mean_service_time': {u'cpu_core': 1}, u'priority': 4, u'deadline': 1000, u'stdev_service_time': {u'cpu_core': 0.01}, u'power': {u'cpu_core': 0}}, u'map': {u'mean_service_time': {u'gpu': 761, u'cpu_core': 973}, u'priority': 10, u'deadline': 1000, u'stdev_service_time': {u'gpu': 7.61, u'cpu_core': 9.73}, u'power': {u'gpu': 3.533, u'cpu_core': 2.995}}, u'path': {u'mean_service_time': {u'cpu_core': 8}, u'priority': 8, u'deadline': 1000, u'stdev_service_time': {u'cpu_core': 0.08}, u'power': {u'cpu_core': 0}}}, u'sched_policy_module': u'policies.heft', u'drop': True, u'servers': {u'gpu': {u'count': 2}, u'tra_accel': {u'count': 1}, u'cpu_core': {u'count': 8}, u'loc_accel': {u'count': 1}, u'det_accel': {u'count': 1}}, u'max_tasks_simulated': 10000, u'max_queue_size': 1000000, u'mean_arrival_time': 50, u'arrival_time_scale': 4.2}, u'general': {u'random_seed': 0, u'pre_gen_arrivals': False, u'basename': u'policy:heft__stdev_factor:0.01', u'output_trace_file': None, u'working_dir': u'/home/hiwot/meta-stomp2/sim_16042020_192242_new_arrival_50_map_rheftmapping_50_trace_30', u'input_trace_file': (False, '../mv_mapping_50_trace_30.trc'), u'logging_level': u'INFO'}}
Time	Response time (avg)
655	3.0
987	4.0
1016	3.7
1420	3.5
1461	3.8
1702	4.0
1739	3.9
1741	3.8
1872	4.1
2099	4.4
2310	4.5
3085	4.3
3212	4.4
3763	4.3
4632	4.3
4926	4.4
5057	4.3
5431	4.2
5612	4.3
5770	4.4
6023	4.4
6080	4.5
6224	4.5
6258	4.5
6372	4.5
6481	4.5
6523	4.5
6560	4.4
6590	4.4
7934	4.3
7963	4.3
8189	4.3
8267	4.4
8371	4.4
8492	4.3
8515	4.3
8560	4.3
8632	4.3
8817	4.3
9163	4.3
9345	4.4
9365	4.4
9785	4.4
9826	4.4
10116	4.4
10117	4.4
10479	4.4
10676	4.4
10784	4.3
10933	4.3
11065	4.3
11225	4.3
11521	4.3
11565	4.4
11883	4.3
12019	4.4
12344	4.3
12432	4.3
12493	4.3
12969	4.3
13016	4.3
13192	4.3
13194	4.3
13301	4.2
13467	4.3
13637	4.3
13765	4.3
13818	4.4
14187	4.4
14549	4.3
14790	4.3
15142	4.3
15476	4.3
15530	4.3
15670	4.3
15688	4.3
15958	4.3
16438	4.3
16561	4.3
16637	4.3
16938	4.3
17224	4.3
17237	4.3
17512	5.0
17517	5.0
17539	5.0
17590	5.1
17714	5.0
17858	5.0
18047	5.0
18066	5.0
18384	5.0
18434	5.0
18472	5.0
18493	4.9
18518	4.9
18581	4.9
18585	4.9
18975	4.9
18998	4.9
19264	4.9
19303	4.9
19337	4.9
19791	4.9
19839	4.9
19859	4.9
20096	4.9
20444	4.9
20586	4.9
20640	4.9
20714	4.9
20997	4.9
21101	4.9
21269	4.8
21279	4.8
21402	4.8
21759	4.8
21809	4.8
21858	4.8
22102	4.8
22215	4.8
22252	4.8
22343	4.8
23304	4.8
23314	4.8
23525	4.8
23881	4.8
24185	4.8
24257	4.8
24284	4.8
24581	4.8
24760	4.8
24793	4.8
24923	4.8
24965	4.8
25029	4.8
25040	4.8
25817	4.8
26686	4.8
26968	4.8
27142	4.8
27396	4.8
27783	4.8
28224	4.8
28367	4.8
28454	4.8
28499	4.7
28579	4.7
29005	4.7
29148	4.7
29175	4.7
29221	4.7
29232	4.7
29405	4.7
29793	4.7
29925	4.7
30236	4.7
30245	4.7
30261	4.7
30494	4.7
30552	4.7
30661	4.7
31185	4.7
31417	4.7
31521	4.7
31848	4.7
32333	4.7
32472	4.7
32508	4.7
32638	4.7
32764	4.7
32785	4.7
32801	4.7
33445	4.7
33625	4.7
33654	4.7
33752	4.7
33944	4.7
34150	4.7
34466	4.7
34763	4.7
34860	4.7
35070	4.7
35484	4.7
35714	4.7
35984	4.7
36208	4.7
36221	4.7
36306	4.7
36665	4.7
36796	4.7
37136	4.7
37651	4.7
37858	4.7
37885	4.7
38005	4.7
38203	4.7
38367	4.7
38543	4.7
38582	4.7
38808	4.7
39673	4.7
39715	4.7
40088	4.7
40152	4.7
40782	4.7
40963	4.7
41361	4.7
41699	4.7
41780	4.7
41873	4.7
43469	4.7
43839	4.7
44038	4.7
44281	4.7
44373	4.6
44422	4.7
44499	4.7
44596	4.6
44729	4.6
44792	4.7
44876	4.7
45271	4.7
45326	4.7
45465	4.7
45566	4.7
45702	4.7
45784	4.7
46200	4.7
46322	4.7
46339	4.6
47473	4.6
47569	4.6
47635	4.6
47731	4.6
47763	4.6
47930	4.6
48062	4.6
48091	4.6
48258	4.6
48439	4.6
49429	4.6
49445	4.6
49628	4.6
50169	4.6
50505	4.6
50601	4.6
50645	4.6
50917	4.6
51093	4.6
51099	4.6
51575	4.6
51806	4.6
52067	4.8
52072	4.8
52732	5.0
52739	5.0
52811	5.0
52849	5.0
53014	5.0
53030	5.0
53034	5.0
53084	5.0
53449	5.0
53470	5.0
53501	5.0
53504	5.0
53810	5.0
54087	5.0
54356	5.0
54915	5.0
54931	5.0
54991	5.0
55032	5.0
55843	5.0
55983	5.0
56241	5.0
57032	5.0
57044	5.0
57556	5.0
57653	5.0
58012	5.0
58028	5.0
58069	5.0
58346	5.0
58490	5.0
58607	5.0
58691	5.0
58800	5.0
59430	5.0
59446	5.0
59676	5.0
59851	5.0
59930	5.0
59951	5.0
60346	5.0
60677	5.0
60728	4.9
60740	4.9
61089	4.9
61316	4.9
61446	4.9
61628	4.9
61691	4.9
61805	4.9
62078	4.9
62362	4.9
62605	4.9
62651	4.9
62745	4.9
63165	4.9
63235	4.9
63380	4.9
63399	4.9
63479	4.9
63497	4.9
63550	4.9
63790	4.9
64572	4.9
65866	7.1
65892	8.3
65897	8.8
65902	9.1
65904	9.1
66100	9.1
66133	9.1
66254	9.1
66277	9.1
66368	9.1
66378	9.1
66404	9.1
66882	9.1
67075	9.0
67338	9.0
67477	9.0
67529	9.0
68172	9.0
68426	9.0
69115	9.0
69488	9.0
69815	8.9
69905	8.9
70000	8.9
70027	8.9
70337	8.9
70678	8.9
71122	8.9
71551	8.8
71614	8.8
71747	8.8
71841	8.8
71892	8.8
72030	8.8
72106	8.8
72211	8.8
72580	8.7
72639	8.7
72727	8.7
72798	8.7
72807	8.7
73617	8.7
73933	8.7
73983	8.6
74524	8.6
74546	8.6
74588	8.6
74951	8.6
75213	8.6
75221	8.6
75436	8.6
76046	8.5
76150	8.5
76276	8.5
76543	8.5
76659	8.5
76925	8.5
77033	8.5
77131	8.5
77610	8.5
77849	8.4
77984	8.4
78288	8.4
78426	8.4
78529	8.4
78750	8.4
79047	8.4
79065	8.4
79363	8.4
79438	8.4
79503	8.3
79735	8.3
80136	8.3
80228	8.3
80434	8.3
80749	8.3
80825	8.3
81127	8.3
81185	8.2
81303	8.2
81532	8.2
82107	8.3
82114	8.3
82153	8.3
82232	8.2
82549	8.2
82749	8.2
82984	8.2
83102	8.2
83189	8.2
83262	8.2
83424	8.2
83555	8.2
83702	8.2
84034	8.2
84043	8.1
84255	8.1
84338	8.1
84431	8.1
84651	8.1
84848	8.1
84903	8.1
84974	8.1
84984	8.1
85126	8.1
85491	8.1
85910	8.0
86104	8.0
86131	8.0
86351	8.0
86366	8.0
86841	8.0
86856	8.0
87326	8.0
87414	8.0
87658	8.0
87675	8.0
87952	7.9
88092	7.9
88271	7.9
88297	7.9
88304	7.9
88385	7.9
88502	7.9
88633	7.9
88779	7.9
89769	7.9
89791	7.9
89915	7.9
90271	7.9
90613	7.9
90707	7.8
90741	7.8
90742	7.8
90761	7.8
90866	7.8
90884	7.8
91316	7.8
91774	7.8
92125	7.8
92201	7.8
92511	7.8
92730	7.8
93089	7.7
93150	7.7
93222	7.7
93698	7.7
93752	7.7
93878	7.7
93896	7.7
93924	7.7
93924	7.7
94407	7.7
95005	7.7
95155	7.7
95358	7.7
95783	7.7
96001	7.7
96257	7.7
96371	7.6
96372	7.6
96512	7.6
96601	7.6
96655	7.6
96776	7.6
96902	7.6
96923	7.6
96944	7.6
97057	7.6
97068	7.6
97738	7.6
97960	7.6
98008	7.6
98094	7.6
98371	7.6
98502	7.6
98805	7.5
99179	7.5
99320	7.5
99456	7.5
99511	7.5
99574	7.5
99776	7.5
100132	7.5
100540	7.5
100547	7.5
100727	7.5
101003	7.5
101910	7.5
102169	7.5
102291	7.5
102517	7.5
102849	7.5
103546	7.4
103807	7.4
103817	7.4
104000	7.4
104782	7.4
104784	7.4
104875	7.4
104994	7.4
105008	7.4
105255	7.4
105505	7.4
105518	7.4
105987	7.4
106134	7.4
106240	7.4
106306	7.4
106622	7.4
107096	7.4
107768	7.3
107884	7.3
107945	7.3
108127	7.3
108490	7.3
108536	7.3
108628	7.3
109015	7.3
109040	7.3
109287	7.3
109297	7.3
109487	7.3
109493	7.3
109778	7.3
109834	7.3
110076	7.3
110149	7.3
110422	7.3
110438	7.2
110439	7.2
110452	7.2
110485	7.2
110530	7.2
110712	7.2
110786	7.2
110804	7.2
110932	7.2
111031	7.2
111264	7.2
111389	7.2
111481	7.2
111955	7.2
112222	7.2
112262	7.2
112340	7.2
112767	7.2
112772	7.1
112854	7.1
112929	7.1
113219	7.1
113786	7.1
114191	7.1
114234	7.1
114286	7.1
114538	7.1
114639	7.1
114719	7.1
114831	7.1
114975	7.1
115206	7.1
115357	7.1
115828	7.1
115897	7.1
115971	7.1
116096	7.1
116186	7.1
116578	7.1
116747	7.0
116754	7.0
116766	7.0
116922	7.0
117034	7.0
117790	7.0
117871	7.0
118055	7.0
118480	7.0
118508	7.0
118632	7.0
118692	7.0
119183	7.0
119259	7.0
119629	7.0
119931	7.0
120141	7.0
120686	7.0
120935	7.0
121254	7.0
121665	7.0
122069	7.0
122115	7.0
122303	7.0
122618	7.0
123013	7.0
123236	7.0
123254	6.9
123404	6.9
123520	6.9
124043	6.9
124205	6.9
124891	6.9
124916	6.9
124945	6.9
124971	6.9
125467	6.9
125592	6.9
125819	6.9
125857	6.9
125885	6.9
126105	6.9
126268	6.9
126806	6.9
127700	6.9
127773	6.9
127950	6.9
127991	6.9
128008	6.9
128034	6.9
128453	6.8
128539	6.8
128591	6.8
128672	6.8
128798	6.8
129104	6.8
129167	6.8
129259	6.8
129554	6.8
129591	6.8
129621	6.8
129697	6.8
130394	6.8
130872	6.8
131136	6.8
131208	6.8
131618	6.8
131749	6.8
131859	6.8
131938	6.8
132089	6.8
132241	6.8
132258	6.8
132318	6.8
132611	6.8
132707	6.8
132854	6.8
132871	6.8
133040	6.8
133041	6.8
133203	6.8
133283	6.7
133494	6.7
133522	6.7
134085	6.7
134463	6.7
134946	6.7
135372	6.7
135619	6.7
135761	6.7
135897	6.7
135909	6.7
135983	6.7
136017	6.7
136114	6.7
136273	6.7
136403	6.7
136504	6.7
136685	6.7
136836	6.7
136860	6.7
136956	6.7
137047	6.7
137116	6.7
137345	6.7
137403	6.7
137550	6.7
137813	6.7
137856	6.7
137941	6.7
138541	6.6
138542	6.6
138656	6.6
138844	6.6
139115	6.6
139127	6.6
139169	6.6
139302	6.6
139492	6.6
140253	6.6
140280	6.6
140322	6.6
140943	6.6
141422	6.6
142005	6.6
142615	6.6
142653	6.6
142842	6.6
142992	6.6
143443	6.6
143448	6.6
143988	6.6
144318	6.6
144894	6.6
145183	6.6
145206	6.6
145354	6.6
145475	6.6
145723	6.6
145740	6.6
146493	6.6
146500	6.5
146796	6.5
146904	6.5
146920	6.5
147130	6.5
147171	6.5
147193	6.5
147244	6.5
147298	6.5
147466	6.5
147853	6.5
148231	6.5
148307	6.5
148977	6.5
149391	6.5
149470	6.5
149722	6.5
149780	6.5
150007	6.5
150892	6.5
150921	6.5
151106	6.5
151228	6.5
151641	6.5
151682	6.5
151928	6.5
152189	6.5
152785	6.5
153089	6.5
153130	6.5
153464	6.5
153554	6.5
153707	6.5
154038	6.5
154079	6.5
154293	6.5
154417	6.4
154535	6.4
154825	6.4
154944	6.4
154963	6.4
154998	6.4
155089	6.4
155288	6.4
155452	6.4
155486	6.4
155858	6.4
155897	6.4
156051	6.4
156311	6.4
156387	6.4
156689	6.4
156815	6.4
156898	6.4
156934	6.4
157350	6.4
157445	6.4
157542	6.4
157554	6.4
157886	6.4
158461	6.4
158596	6.4
159109	6.4
159261	6.4
159314	6.4
160247	6.4
160372	6.4
160478	6.4
160839	6.4
160944	6.4
161413	6.4
161608	6.4
161643	6.4
161820	6.4
162028	6.3
162254	6.3
162264	6.3
162484	6.3
163267	6.3
163317	6.3
163573	6.3
163605	6.3
163745	6.3
163797	6.3
163943	6.3
164178	6.3
164241	6.3
164258	6.3
164438	6.3
164719	6.3
164758	6.3
164824	6.3
165218	6.3
165389	6.3
165775	6.3
165814	6.3
166085	6.3
166132	6.3
166340	6.3
166713	6.3
166914	6.3
167153	6.3
167168	6.3
167221	6.3
167273	6.3
167286	6.3
167638	6.3
167670	6.3
167827	6.3
168012	6.3
168102	6.3
168286	6.3
168556	6.3
168836	6.3
169100	6.3
169401	6.2
169559	6.3
169570	6.2
170008	6.2
170013	6.2
170222	6.2
170356	6.2
170410	6.2
170562	6.2
170986	6.2
171439	6.2
171670	6.2
171895	6.2
172100	6.2
173241	6.2
173438	6.2
173791	6.2
174071	6.2
174098	6.2
174179	6.2
174270	6.2
174880	6.2
175089	6.2
175157	6.2
175375	6.2
175469	6.2
175546	6.2
175684	6.2
175762	6.2
176255	6.2
176495	6.2
176713	6.2
176823	6.2
176988	6.2
177181	6.2
177273	6.2
177487	6.2
177774	6.2
177939	6.2
178198	6.2
178228	6.2
178231	6.2
178319	6.2
178567	6.2
178602	6.2
178675	6.2
178890	6.2
178945	6.2
179017	6.2
179143	6.2
179386	6.2
179877	6.2
180156	6.2
180532	6.2
180718	6.1
180828	6.1
180844	6.1
180928	6.1
181171	6.1
181349	6.1
181427	6.1
181483	6.1
181500	6.1
181781	6.1
181939	6.1
182007	6.1
182234	6.1
182235	6.1
182460	6.1
182704	6.1
182851	6.1
183094	6.1
183163	6.1
183649	6.1
184002	6.1
184044	6.1
184324	6.1
184452	6.1
184981	6.1
185201	6.1
185220	6.1
185287	6.1
185299	6.1
185837	6.1
185850	6.1
185871	6.1
185959	6.1
186344	6.1
186409	6.1
186482	6.1
186612	6.1
186619	6.1
186778	6.1
186801	6.1
187299	6.1
187442	6.1
187487	6.1
187694	6.1
187866	6.1
187958	6.1
188151	6.1
188483	6.1
188689	6.0
188895	6.0
188995	6.0
189417	6.0
189439	6.0
190236	6.0
190424	6.0
190665	6.0
190761	6.0
190820	6.0
191058	6.0
191125	6.0
191217	6.0
191226	6.0
191322	6.0
191597	6.0
191668	6.0
192024	6.0
192037	6.0
192301	6.0
192326	6.0
192372	6.0
192672	6.0
192906	6.0
193252	6.0
193623	6.0
193765	6.0
194079	6.0
194096	6.0
194379	6.0
194510	6.0
194545	6.0
194771	6.0
195241	6.0
195337	6.0
195812	6.0
196178	6.0
196362	6.0
196578	6.0
196590	6.0
196657	6.0
197177	6.0
197239	6.0
197560	6.0
197883	6.0
198032	6.0
198065	6.0
198085	6.0
198207	6.0
198681	6.0
199427	6.0
199488	6.0
199942	6.0
200280	6.0
200529	6.0
