2020-04-16 19:24:24

CONFIGURATION:
{u'simulation': {u'stdev_factor': 0.01, u'power_mgmt_enabled': False, u'tasks': {u'loc': {u'mean_service_time': {u'gpu': 90, u'cpu_core': 200, u'loc_accel': 10}, u'priority': 1, u'deadline': 1000, u'stdev_service_time': {u'gpu': 0.9, u'cpu_core': 2.0, u'loc_accel': 0.1}, u'power': {u'gpu': 4.457, u'cpu_core': 6.133, u'loc_accel': 0.02197}}, u'detect': {u'mean_service_time': {u'gpu': 0.4607, u'cpu_core': 3.654, u'det_accel': 0.278}, u'priority': 2, u'deadline': 1000, u'stdev_service_time': {u'gpu': 0.004607, u'cpu_core': 0.03654, u'det_accel': 0.0027800000000000004}, u'power': {u'gpu': 90, u'cpu_core': 200, u'det_accel': 10}}, u'Frontier': {u'mean_service_time': {u'cpu_core': 396}, u'priority': 9, u'deadline': 1000, u'stdev_service_time': {u'cpu_core': 3.96}, u'power': {u'cpu_core': 5.98}}, u'track': {u'mean_service_time': {u'gpu': 17, u'tra_accel': 2, u'cpu_core': 1820}, u'priority': 3, u'deadline': 1000, u'stdev_service_time': {u'gpu': 0.17, u'tra_accel': 0.02, u'cpu_core': 18.2}, u'power': {u'gpu': 12.79, u'tra_accel': 0.59, u'cpu_core': 5.6}}, u'sp': {u'mean_service_time': {u'gpu': 379, u'cpu_core': 1004}, u'priority': 11, u'deadline': 1000, u'stdev_service_time': {u'gpu': 3.79, u'cpu_core': 10.040000000000001}, u'power': {u'gpu': 3.302, u'cpu_core': 1004}}, u'mission': {u'mean_service_time': {u'cpu_core': 0.0022}, u'priority': 5, u'deadline': 1000, u'stdev_service_time': {u'cpu_core': 2.2000000000000003e-05}, u'power': {u'cpu_core': 3.534}}, u'motion': {u'mean_service_time': {u'cpu_core': 8}, u'priority': 6, u'deadline': 1000, u'stdev_service_time': {u'cpu_core': 0.08}, u'power': {u'cpu_core': 4.222}}, u'collision': {u'mean_service_time': {u'cpu_core': 8}, u'priority': 7, u'deadline': 1000, u'stdev_service_time': {u'cpu_core': 0.08}, u'power': {u'cpu_core': 0}}, u'fusion': {u'mean_service_time': {u'cpu_core': 1}, u'priority': 4, u'deadline': 1000, u'stdev_service_time': {u'cpu_core': 0.01}, u'power': {u'cpu_core': 0}}, u'map': {u'mean_service_time': {u'gpu': 761, u'cpu_core': 973}, u'priority': 10, u'deadline': 1000, u'stdev_service_time': {u'gpu': 7.61, u'cpu_core': 9.73}, u'power': {u'gpu': 3.533, u'cpu_core': 2.995}}, u'path': {u'mean_service_time': {u'cpu_core': 8}, u'priority': 8, u'deadline': 1000, u'stdev_service_time': {u'cpu_core': 0.08}, u'power': {u'cpu_core': 0}}}, u'sched_policy_module': u'policies.heft', u'drop': True, u'servers': {u'gpu': {u'count': 2}, u'tra_accel': {u'count': 1}, u'cpu_core': {u'count': 8}, u'loc_accel': {u'count': 1}, u'det_accel': {u'count': 1}}, u'max_tasks_simulated': 10000, u'max_queue_size': 1000000, u'mean_arrival_time': 50, u'arrival_time_scale': 4.2}, u'general': {u'random_seed': 0, u'pre_gen_arrivals': False, u'basename': u'policy:heft__stdev_factor:0.01', u'output_trace_file': None, u'working_dir': u'/home/hiwot/meta-stomp2/sim_16042020_192242_new_arrival_50_map_rheftmapping_50_trace_30', u'input_trace_file': (False, '../mv_mapping_50_trace_30.trc'), u'logging_level': u'INFO'}}
Time	Response time (avg)
656	1.0
988	1.0
1017	1.0
1421	1.0
1462	1.0
1703	1.0
1740	1.0
1744	1.2
1873	1.2
2100	1.2
2311	1.2
3086	1.2
3213	1.2
3764	1.1
4633	1.1
4927	1.1
5058	1.1
5432	1.1
5613	1.1
5771	1.1
6024	1.1
6081	1.1
6225	1.1
6259	1.1
6373	1.1
6482	1.1
6524	1.1
6561	1.1
6591	1.1
7935	1.1
7964	1.1
8190	1.1
8268	1.1
8372	1.1
8493	1.1
8516	1.1
8561	1.1
8633	1.1
8818	1.1
9164	1.1
9346	1.0
9366	1.0
9786	1.0
9827	1.0
10117	1.0
10120	1.1
10480	1.1
10677	1.1
10785	1.1
10934	1.1
11066	1.1
11226	1.1
11522	1.1
11566	1.1
11884	1.1
12020	1.1
12345	1.1
12433	1.1
12494	1.1
12970	1.1
13017	1.1
13193	1.1
13197	1.1
13302	1.1
13468	1.1
13638	1.1
13766	1.1
13819	1.1
14188	1.1
14550	1.1
14791	1.1
15143	1.1
15477	1.1
15531	1.1
15671	1.1
15689	1.1
15959	1.1
16439	1.1
16562	1.1
16638	1.1
16939	1.1
17225	1.1
17238	1.1
17520	1.2
17523	1.2
17540	1.2
17591	1.2
17715	1.2
17859	1.2
18048	1.2
18067	1.2
18385	1.2
18435	1.2
18473	1.2
18494	1.2
18519	1.2
18582	1.2
18586	1.2
18976	1.2
18999	1.2
19265	1.2
19304	1.2
19338	1.2
19792	1.2
19840	1.2
19860	1.2
20097	1.2
20445	1.2
20587	1.2
20641	1.2
20715	1.2
20998	1.2
21102	1.2
21270	1.2
21280	1.2
21403	1.2
21760	1.2
21810	1.2
21859	1.2
22103	1.1
22216	1.1
22253	1.1
22344	1.1
23305	1.1
23315	1.1
23526	1.1
23882	1.1
24186	1.1
24258	1.1
24285	1.1
24582	1.1
24761	1.1
24794	1.1
24924	1.1
24966	1.1
25030	1.1
25041	1.1
25818	1.1
26687	1.1
26969	1.1
27143	1.1
27397	1.1
27784	1.1
28225	1.1
28368	1.1
28455	1.1
28500	1.1
28580	1.1
29006	1.1
29149	1.1
29176	1.1
29222	1.1
29233	1.1
29406	1.1
29794	1.1
29926	1.1
30237	1.1
30246	1.1
30262	1.1
30495	1.1
30553	1.1
30662	1.1
31186	1.1
31420	1.1
31522	1.1
31849	1.1
32334	1.1
32473	1.1
32509	1.1
32639	1.1
32765	1.1
32786	1.1
32802	1.1
33446	1.1
33626	1.1
33655	1.1
33753	1.1
33945	1.1
34151	1.1
34467	1.1
34764	1.1
34861	1.1
35071	1.1
35485	1.1
35715	1.1
35985	1.1
36209	1.1
36222	1.1
36307	1.1
36666	1.1
36797	1.1
37137	1.1
37652	1.1
37859	1.1
37886	1.1
38006	1.1
38204	1.1
38368	1.1
38544	1.1
38583	1.1
38809	1.1
39674	1.1
39716	1.1
40089	1.1
40153	1.1
40783	1.1
40964	1.1
41362	1.1
41700	1.1
41781	1.1
41874	1.1
43470	1.1
43840	1.1
44039	1.1
44282	1.1
44374	1.1
44423	1.1
44500	1.1
44597	1.1
44730	1.1
44793	1.1
44877	1.1
45272	1.1
45327	1.1
45466	1.1
45567	1.1
45703	1.1
45785	1.1
46201	1.1
46323	1.1
46340	1.1
47474	1.1
47570	1.1
47636	1.1
47732	1.1
47764	1.1
47931	1.1
48063	1.1
48092	1.1
48259	1.1
48440	1.1
49430	1.1
49446	1.1
49629	1.1
50170	1.1
50506	1.1
50602	1.1
50646	1.1
50918	1.1
51094	1.1
51100	1.1
51576	1.1
51807	1.1
52075	1.1
52078	1.1
52742	1.2
52745	1.2
52812	1.2
52850	1.2
53015	1.2
53031	1.2
53037	1.2
53085	1.2
53450	1.2
53471	1.2
53504	1.2
53505	1.2
53811	1.2
54088	1.2
54357	1.2
54916	1.2
54932	1.2
54992	1.2
55033	1.2
55844	1.2
55984	1.2
56242	1.2
57033	1.2
57045	1.2
57557	1.2
57654	1.2
58013	1.2
58029	1.2
58070	1.2
58347	1.2
58491	1.2
58608	1.2
58692	1.2
58801	1.2
59431	1.2
59447	1.2
59677	1.2
59852	1.2
59931	1.2
59952	1.2
60347	1.2
60678	1.2
60729	1.2
60741	1.2
61090	1.2
61317	1.2
61447	1.2
61629	1.2
61692	1.2
61806	1.2
62079	1.2
62363	1.2
62606	1.2
62652	1.2
62746	1.2
63166	1.2
63236	1.2
63381	1.2
63400	1.2
63480	1.2
63498	1.2
63551	1.2
63791	1.2
64573	1.2
65907	1.3
65910	1.3
65913	1.4
65916	1.4
65919	1.5
66101	1.5
66134	1.5
66255	1.5
66278	1.5
66369	1.5
66379	1.5
66405	1.5
66883	1.4
67076	1.4
67339	1.4
67478	1.4
67530	1.4
68173	1.4
68427	1.4
69116	1.4
69489	1.4
69816	1.4
69906	1.4
70001	1.4
70028	1.4
70338	1.4
70679	1.4
71123	1.4
71552	1.4
71615	1.4
71748	1.4
71842	1.4
71893	1.4
72031	1.4
72107	1.4
72212	1.4
72581	1.4
72640	1.4
72728	1.4
72799	1.4
72808	1.4
73618	1.4
73934	1.4
73984	1.4
74525	1.4
74547	1.4
74589	1.4
74952	1.4
75214	1.4
75222	1.4
75437	1.4
76047	1.4
76151	1.4
76277	1.4
76544	1.4
76660	1.4
76926	1.4
77034	1.4
77132	1.4
77611	1.4
77850	1.4
77985	1.4
78289	1.4
78427	1.4
78530	1.4
78751	1.4
79048	1.4
79066	1.4
79364	1.4
79439	1.4
79504	1.4
79736	1.4
80137	1.4
80229	1.4
80435	1.4
80750	1.4
80826	1.4
81128	1.4
81186	1.4
81304	1.4
81533	1.4
82117	1.4
82120	1.4
82154	1.4
82233	1.4
82550	1.4
82750	1.4
82985	1.4
83103	1.4
83190	1.4
83263	1.4
83425	1.4
83556	1.4
83703	1.4
84035	1.4
84044	1.4
84256	1.4
84339	1.4
84432	1.4
84652	1.4
84849	1.4
84904	1.4
84975	1.4
84985	1.4
85127	1.4
85492	1.4
85911	1.4
86105	1.4
86132	1.4
86352	1.4
86367	1.4
86842	1.4
86857	1.4
87327	1.4
87415	1.4
87659	1.4
87676	1.4
87953	1.4
88093	1.4
88272	1.4
88300	1.4
88305	1.4
88386	1.4
88503	1.4
88634	1.4
88780	1.4
89770	1.4
89792	1.4
89916	1.4
90272	1.4
90614	1.4
90708	1.4
90742	1.4
90743	1.4
90762	1.4
90867	1.4
90885	1.4
91317	1.4
91775	1.4
92126	1.4
92202	1.4
92512	1.4
92731	1.4
93090	1.4
93151	1.4
93223	1.4
93699	1.4
93753	1.4
93879	1.4
93897	1.4
93925	1.4
93925	1.4
94408	1.3
95006	1.3
95156	1.3
95359	1.3
95784	1.3
96002	1.3
96258	1.3
96372	1.3
96373	1.3
96513	1.3
96602	1.3
96656	1.3
96777	1.3
96903	1.3
96924	1.3
96945	1.3
97058	1.3
97069	1.3
97739	1.3
97961	1.3
98009	1.3
98095	1.3
98372	1.3
98503	1.3
98806	1.3
99180	1.3
99321	1.3
99457	1.3
99512	1.3
99575	1.3
99777	1.3
100133	1.3
100541	1.3
100548	1.3
100728	1.3
101004	1.3
101911	1.3
102170	1.3
102292	1.3
102518	1.3
102850	1.3
103547	1.3
103808	1.3
103818	1.3
104001	1.3
104783	1.3
104785	1.3
104876	1.3
104995	1.3
105009	1.3
105256	1.3
105506	1.3
105519	1.3
105988	1.3
106135	1.3
106241	1.3
106307	1.3
106623	1.3
107097	1.3
107769	1.3
107885	1.3
107946	1.3
108128	1.3
108491	1.3
108537	1.3
108629	1.3
109016	1.3
109041	1.3
109288	1.3
109298	1.3
109488	1.3
109494	1.3
109779	1.3
109835	1.3
110077	1.3
110150	1.3
110423	1.3
110439	1.3
110442	1.3
110453	1.3
110486	1.3
110531	1.3
110713	1.3
110787	1.3
110805	1.3
110933	1.3
111032	1.3
111265	1.3
111390	1.3
111482	1.3
111956	1.3
112223	1.3
112263	1.3
112341	1.3
112768	1.3
112773	1.3
112855	1.3
112930	1.3
113220	1.3
113787	1.3
114192	1.3
114235	1.3
114287	1.3
114539	1.3
114640	1.3
114720	1.3
114832	1.3
114976	1.3
115207	1.3
115358	1.3
115829	1.3
115898	1.3
115972	1.3
116097	1.3
116187	1.3
116579	1.3
116748	1.3
116755	1.3
116767	1.3
116923	1.3
117035	1.3
117791	1.3
117872	1.3
118056	1.3
118481	1.3
118509	1.3
118633	1.3
118693	1.3
119184	1.3
119260	1.3
119630	1.3
119932	1.3
120142	1.3
120687	1.3
120936	1.3
121255	1.3
121666	1.3
122070	1.3
122116	1.3
122304	1.3
122619	1.3
123014	1.3
123237	1.3
123255	1.3
123405	1.3
123521	1.3
124044	1.3
124206	1.3
124892	1.3
124917	1.3
124946	1.3
124972	1.3
125468	1.3
125593	1.3
125820	1.3
125858	1.3
125886	1.3
126106	1.3
126269	1.3
126807	1.3
127701	1.3
127774	1.3
127951	1.3
127992	1.3
128009	1.3
128035	1.3
128454	1.3
128540	1.3
128592	1.3
128673	1.3
128799	1.3
129105	1.3
129168	1.3
129260	1.3
129555	1.3
129592	1.3
129622	1.3
129698	1.3
130395	1.3
130873	1.3
131137	1.3
131209	1.3
131619	1.3
131750	1.3
131860	1.3
131939	1.3
132090	1.3
132242	1.3
132259	1.3
132319	1.3
132612	1.3
132708	1.3
132855	1.3
132872	1.3
133041	1.3
133044	1.3
133204	1.3
133284	1.3
133495	1.3
133523	1.3
134086	1.3
134464	1.3
134947	1.3
135373	1.3
135620	1.2
135762	1.2
135898	1.2
135910	1.2
135984	1.2
136018	1.2
136115	1.2
136274	1.2
136404	1.2
136505	1.2
136686	1.2
136837	1.2
136861	1.2
136957	1.2
137048	1.2
137117	1.2
137346	1.2
137404	1.2
137551	1.2
137814	1.2
137857	1.2
137942	1.2
138542	1.2
138543	1.2
138657	1.2
138845	1.2
139116	1.2
139128	1.2
139170	1.2
139303	1.2
139493	1.2
140254	1.2
140281	1.2
140323	1.2
140944	1.2
141423	1.2
142006	1.2
142616	1.2
142654	1.2
142843	1.2
142993	1.2
143446	1.2
143449	1.2
143989	1.2
144319	1.2
144895	1.2
145184	1.2
145207	1.2
145355	1.2
145476	1.2
145724	1.2
145741	1.2
146494	1.2
146501	1.2
146797	1.2
146905	1.2
146921	1.2
147131	1.2
147172	1.2
147194	1.2
147245	1.2
147299	1.2
147467	1.2
147854	1.2
148232	1.2
148308	1.2
148978	1.2
149392	1.2
149471	1.2
149723	1.2
149781	1.2
150008	1.2
150893	1.2
150922	1.2
151107	1.2
151229	1.2
151642	1.2
151683	1.2
151929	1.2
152190	1.2
152786	1.2
153090	1.2
153131	1.2
153465	1.2
153555	1.2
153708	1.2
154039	1.2
154080	1.2
154294	1.2
154418	1.2
154536	1.2
154826	1.2
154945	1.2
154964	1.2
154999	1.2
155090	1.2
155289	1.2
155453	1.2
155487	1.2
155859	1.2
155898	1.2
156052	1.2
156312	1.2
156388	1.2
156690	1.2
156816	1.2
156899	1.2
156935	1.2
157351	1.2
157446	1.2
157543	1.2
157555	1.2
157887	1.2
158462	1.2
158597	1.2
159110	1.2
159262	1.2
159315	1.2
160248	1.2
160373	1.2
160479	1.2
160840	1.2
160945	1.2
161414	1.2
161609	1.2
161644	1.2
161821	1.2
162029	1.2
162255	1.2
162265	1.2
162485	1.2
163268	1.2
163318	1.2
163574	1.2
163606	1.2
163746	1.2
163798	1.2
163944	1.2
164179	1.2
164242	1.2
164259	1.2
164439	1.2
164720	1.2
164759	1.2
164825	1.2
165219	1.2
165390	1.2
165776	1.2
165815	1.2
166086	1.2
166133	1.2
166341	1.2
166714	1.2
166915	1.2
167154	1.2
167171	1.2
167222	1.2
167274	1.2
167287	1.2
167639	1.2
167671	1.2
167828	1.2
168013	1.2
168103	1.2
168287	1.2
168557	1.2
168837	1.2
169101	1.2
169402	1.2
169560	1.2
169571	1.2
170011	1.2
170014	1.2
170223	1.2
170357	1.2
170411	1.2
170563	1.2
170987	1.2
171440	1.2
171671	1.2
171896	1.2
172101	1.2
173242	1.2
173439	1.2
173792	1.2
174072	1.2
174099	1.2
174180	1.2
174271	1.2
174881	1.2
175090	1.2
175158	1.2
175376	1.2
175470	1.2
175547	1.2
175685	1.2
175763	1.2
176256	1.2
176496	1.2
176714	1.2
176824	1.2
176989	1.2
177182	1.2
177274	1.2
177488	1.2
177775	1.2
177940	1.2
178199	1.2
178231	1.2
178232	1.2
178320	1.2
178568	1.2
178603	1.2
178676	1.2
178891	1.2
178946	1.2
179018	1.2
179144	1.2
179387	1.2
179878	1.2
180157	1.2
180533	1.2
180719	1.2
180829	1.2
180845	1.2
180929	1.2
181172	1.2
181350	1.2
181428	1.2
181484	1.2
181501	1.2
181782	1.2
181940	1.2
182008	1.2
182235	1.2
182236	1.2
182461	1.2
182705	1.2
182852	1.2
183095	1.2
183164	1.2
183650	1.2
184003	1.2
184045	1.2
184325	1.2
184453	1.2
184982	1.2
185202	1.2
185221	1.2
185288	1.2
185300	1.2
185838	1.2
185851	1.2
185872	1.2
185960	1.2
186345	1.2
186410	1.2
186483	1.2
186613	1.2
186620	1.2
186779	1.2
186802	1.2
187300	1.2
187443	1.2
187488	1.2
187695	1.2
187867	1.2
187959	1.2
188152	1.2
188484	1.2
188690	1.2
188896	1.2
188996	1.2
189418	1.2
189440	1.2
190237	1.2
190425	1.2
190666	1.2
190762	1.2
190821	1.2
191059	1.2
191126	1.2
191218	1.2
191227	1.2
191323	1.2
191598	1.2
191669	1.2
192025	1.2
192038	1.2
192302	1.2
192327	1.2
192373	1.2
192673	1.2
192907	1.2
193253	1.2
193624	1.2
193766	1.2
194080	1.2
194097	1.2
194380	1.2
194511	1.2
194546	1.2
194772	1.2
195242	1.2
195338	1.2
195813	1.2
196179	1.2
196363	1.2
196579	1.2
196591	1.2
196658	1.2
197178	1.2
197240	1.2
197561	1.2
197884	1.2
198033	1.2
198066	1.2
198086	1.2
198208	1.2
198682	1.2
199428	1.2
199489	1.2
199943	1.2
200281	1.2
200530	1.2
