2020-04-16 19:24:24

CONFIGURATION:
{u'simulation': {u'stdev_factor': 0.01, u'power_mgmt_enabled': False, u'tasks': {u'loc': {u'mean_service_time': {u'gpu': 90, u'cpu_core': 200, u'loc_accel': 10}, u'priority': 1, u'deadline': 1000, u'stdev_service_time': {u'gpu': 0.9, u'cpu_core': 2.0, u'loc_accel': 0.1}, u'power': {u'gpu': 4.457, u'cpu_core': 6.133, u'loc_accel': 0.02197}}, u'detect': {u'mean_service_time': {u'gpu': 0.4607, u'cpu_core': 3.654, u'det_accel': 0.278}, u'priority': 2, u'deadline': 1000, u'stdev_service_time': {u'gpu': 0.004607, u'cpu_core': 0.03654, u'det_accel': 0.0027800000000000004}, u'power': {u'gpu': 90, u'cpu_core': 200, u'det_accel': 10}}, u'Frontier': {u'mean_service_time': {u'cpu_core': 396}, u'priority': 9, u'deadline': 1000, u'stdev_service_time': {u'cpu_core': 3.96}, u'power': {u'cpu_core': 5.98}}, u'track': {u'mean_service_time': {u'gpu': 17, u'tra_accel': 2, u'cpu_core': 1820}, u'priority': 3, u'deadline': 1000, u'stdev_service_time': {u'gpu': 0.17, u'tra_accel': 0.02, u'cpu_core': 18.2}, u'power': {u'gpu': 12.79, u'tra_accel': 0.59, u'cpu_core': 5.6}}, u'sp': {u'mean_service_time': {u'gpu': 379, u'cpu_core': 1004}, u'priority': 11, u'deadline': 1000, u'stdev_service_time': {u'gpu': 3.79, u'cpu_core': 10.040000000000001}, u'power': {u'gpu': 3.302, u'cpu_core': 1004}}, u'mission': {u'mean_service_time': {u'cpu_core': 0.0022}, u'priority': 5, u'deadline': 1000, u'stdev_service_time': {u'cpu_core': 2.2000000000000003e-05}, u'power': {u'cpu_core': 3.534}}, u'motion': {u'mean_service_time': {u'cpu_core': 8}, u'priority': 6, u'deadline': 1000, u'stdev_service_time': {u'cpu_core': 0.08}, u'power': {u'cpu_core': 4.222}}, u'collision': {u'mean_service_time': {u'cpu_core': 8}, u'priority': 7, u'deadline': 1000, u'stdev_service_time': {u'cpu_core': 0.08}, u'power': {u'cpu_core': 0}}, u'fusion': {u'mean_service_time': {u'cpu_core': 1}, u'priority': 4, u'deadline': 1000, u'stdev_service_time': {u'cpu_core': 0.01}, u'power': {u'cpu_core': 0}}, u'map': {u'mean_service_time': {u'gpu': 761, u'cpu_core': 973}, u'priority': 10, u'deadline': 1000, u'stdev_service_time': {u'gpu': 7.61, u'cpu_core': 9.73}, u'power': {u'gpu': 3.533, u'cpu_core': 2.995}}, u'path': {u'mean_service_time': {u'cpu_core': 8}, u'priority': 8, u'deadline': 1000, u'stdev_service_time': {u'cpu_core': 0.08}, u'power': {u'cpu_core': 0}}}, u'sched_policy_module': u'policies.heft', u'drop': True, u'servers': {u'gpu': {u'count': 2}, u'tra_accel': {u'count': 1}, u'cpu_core': {u'count': 8}, u'loc_accel': {u'count': 1}, u'det_accel': {u'count': 1}}, u'max_tasks_simulated': 10000, u'max_queue_size': 1000000, u'mean_arrival_time': 50, u'arrival_time_scale': 4.2}, u'general': {u'random_seed': 0, u'pre_gen_arrivals': False, u'basename': u'policy:heft__stdev_factor:0.01', u'output_trace_file': None, u'working_dir': u'/home/hiwot/meta-stomp2/sim_16042020_192242_new_arrival_50_map_rheftmapping_50_trace_30', u'input_trace_file': (False, '../mv_mapping_50_trace_30.trc'), u'logging_level': u'INFO'}}
Time	Response time (avg)
961	951.0
982	951.0
1301	1039.3
1469	1083.5
1696	1110.0
1738	1127.7
2305	1102.4
2712	1083.5
3082	1098.2
4627	1083.5
4921	1071.5
5211	1083.5
5367	1093.7
5578	1092.6
5872	1094.5
6018	1102.1
6253	1108.8
6476	1114.8
7689	1106.2
7765	1098.4
8114	1104.0
8231	1109.1
8416	1113.7
8663	1107.0
8865	1100.7
9285	1105.2
9340	1109.3
9614	1107.0
9823	1110.7
10112	1105.4
10565	1102.0
10781	1106.2
11063	1106.5
11222	1109.7
11516	1109.9
12014	1106.1
12467	1106.9
12490	1109.8
12965	1109.4
13137	1112.1
13191	1114.6
13263	1117.0
13813	1113.2
14182	1109.5
14741	1111.8
14787	1114.1
14976	1110.6
15186	1107.3
15527	1109.5
15938	1106.4
15955	1108.5
16137	1108.3
16933	1105.4
17088	1103.1
17509	1105.1
17534	1107.1
17711	1109.0
17884	1107.8
18042	1105.1
18063	1108.4
18475	1110.2
18513	1111.9
18576	1113.5
18835	1112.0
18861	1113.6
18993	1112.3
19458	1113.9
19695	1115.4
19786	1115.9
19836	1117.3
19944	1115.4
20583	1116.8
20596	1118.2
20902	1115.9
21259	1113.7
21701	1115.1
21806	1116.4
21843	1117.7
21853	1116.1
22210	1114.8
22804	1114.1
23124	1115.3
23309	1113.3
23755	1113.2
23784	1114.4
24260	1113.1
24279	1114.3
24527	1115.5
24578	1116.6
25035	1114.8
25812	1113.0
26186	1111.2
26896	1109.5
27137	1108.0
27954	1106.3
28219	1104.7
28496	1105.9
28576	1107.0
28820	1108.1
28905	1106.8
29170	1105.8
29790	1106.9
29844	1107.9
30050	1106.4
30159	1104.9
30491	1106.0
31016	1107.0
31348	1105.6
31516	1104.1
31932	1105.2
32299	1103.9
32467	1105.5
32633	1106.4
32759	1107.4
32780	1108.3
33125	1109.3
33250	1108.6
33440	1109.7
33649	1108.3
34065	1109.2
34758	1107.9
34855	1106.6
35481	1107.5
35709	1107.3
35806	1106.8
35981	1108.0
36203	1108.9
36216	1109.7
36296	1110.5
36660	1110.4
37131	1109.2
37484	1110.0
37602	1110.8
37648	1111.6
37853	1110.4
38082	1109.6
38362	1110.4
38538	1111.2
38803	1111.9
39588	1110.8
40147	1109.6
40861	1108.5
41197	1107.4
41472	1108.2
41777	1108.9
42969	1107.8
43339	1106.8
43637	1107.5
43920	1106.8
44229	1107.5
44290	1107.8
44370	1108.5
44826	1109.2
44871	1109.4
45200	1110.1
45266	1109.1
45561	1109.7
45822	1108.9
47135	1107.9
47261	1106.9
47661	1107.6
47728	1108.3
47925	1108.9
48086	1108.3
48929	1107.3
49126	1106.4
49442	1107.0
50101	1106.1
50143	1105.2
50500	1105.8
51075	1104.9
51094	1104.1
52026	1103.4
52062	1104.0
52234	1103.2
52629	1103.8
52806	1104.4
52844	1105.1
52949	1105.7
52999	1106.3
53009	1106.9
53029	1107.5
53587	1106.6
53805	1105.8
54351	1106.4
54431	1107.0
55027	1106.1
55741	1105.3
55978	1105.1
57039	1104.2
57056	1103.4
57627	1104.0
57990	1103.7
58007	1103.3
58602	1103.8
58686	1104.4
58946	1103.6
59349	1102.9
59673	1103.4
59946	1104.0
60672	1103.2
60735	1102.5
61623	1102.4
61686	1102.6
61802	1103.1
62075	1103.7
62344	1104.2
62600	1103.5
62663	1102.8
63096	1103.3
63377	1103.8
64662	1103.1
65431	1102.4
65613	1102.3
65754	1102.9
65775	1103.4
65859	1103.9
65889	1104.4
65899	1104.9
66095	1105.5
66128	1106.0
66373	1107.2
66382	1107.6
66573	1106.9
67333	1107.1
67524	1107.1
67926	1107.6
68988	1106.9
69110	1106.2
69597	1106.7
69812	1107.2
69900	1107.6
71117	1107.0
71390	1106.3
71744	1106.8
71836	1107.2
72025	1107.7
72101	1108.1
72298	1107.5
73117	1106.8
73978	1106.2
74519	1105.5
74818	1106.0
74948	1106.4
75208	1105.8
75546	1105.2
76159	1104.8
76531	1104.2
76540	1104.6
76922	1105.1
77110	1104.6
77128	1105.1
77482	1105.0
77846	1105.4
77926	1105.9
78547	1105.2
78745	1104.6
79035	1105.1
79060	1105.5
79498	1105.6
79732	1106.1
80131	1105.5
80685	1104.9
81131	1105.3
81298	1104.7
81609	1105.1
81651	1104.6
82227	1105.0
82249	1104.5
82546	1104.9
82602	1104.7
82861	1105.2
82924	1105.6
82979	1106.0
83184	1106.4
83200	1106.2
83755	1105.7
84030	1106.1
84040	1106.5
84151	1106.2
84335	1106.9
84348	1107.3
84583	1107.7
84898	1107.1
85410	1106.6
85730	1107.0
85849	1106.8
86099	1107.1
86361	1106.6
86838	1107.0
86851	1106.4
87409	1105.9
87691	1106.3
87802	1106.2
87949	1106.6
88002	1106.9
88266	1107.3
88279	1107.7
88292	1108.0
89291	1107.5
89413	1107.0
89766	1107.3
90242	1107.5
90364	1107.1
90610	1107.5
90702	1107.9
91699	1107.3
91769	1106.8
92122	1107.2
92508	1107.5
92650	1107.7
92720	1107.4
92727	1107.7
93252	1108.1
93495	1108.4
93521	1108.8
93907	1108.3
93919	1107.8
94604	1108.1
94858	1108.2
95150	1107.7
95600	1108.0
95780	1108.3
95872	1107.8
96101	1107.9
96368	1108.2
96402	1108.6
96566	1108.9
96650	1109.2
96918	1108.7
97052	1108.5
97460	1108.9
97691	1109.2
97869	1109.3
98002	1109.6
98003	1109.2
98820	1109.3
98954	1109.3
99506	1109.6
99632	1109.9
99771	1109.9
100047	1109.4
100535	1109.7
100722	1109.8
100998	1109.5
101509	1109.9
102512	1109.4
102844	1108.9
103416	1109.2
103541	1108.8
103802	1108.3
104474	1108.7
104492	1108.6
104753	1108.6
104781	1108.9
105016	1109.2
105104	1109.5
105740	1109.1
106120	1108.6
107384	1108.2
107443	1107.7
108124	1108.0
108531	1107.6
108623	1107.2
108993	1107.5
109035	1107.8
109482	1107.8
109574	1107.4
109775	1107.7
109829	1108.3
110304	1108.6
110417	1108.9
110430	1109.1
110433	1109.3
110480	1109.6
110525	1109.7
110783	1110.0
111261	1110.2
111384	1110.0
111476	1110.0
112219	1110.3
112257	1110.6
112267	1110.9
112335	1110.5
112427	1110.2
112769	1110.4
112849	1110.7
113214	1111.0
113286	1110.6
113689	1110.2
114231	1110.4
114331	1110.0
114634	1110.3
114970	1109.9
115469	1109.5
115894	1109.8
116078	1109.4
116353	1109.6
116363	1109.9
116420	1109.5
116742	1109.8
117029	1109.4
117371	1109.3
117389	1109.6
117553	1109.8
117980	1109.8
118107	1110.1
118229	1110.4
118687	1110.0
119178	1109.6
119624	1109.8
120136	1109.4
120186	1109.1
121165	1108.7
121803	1108.3
122116	1108.2
122754	1107.8
123010	1108.1
123020	1108.4
123399	1108.0
123705	1107.6
124038	1107.9
124940	1107.5
125587	1107.1
125882	1107.4
126263	1107.0
127200	1106.7
127271	1106.3
127549	1106.6
128029	1106.8
128039	1107.1
128170	1106.7
128296	1106.3
129099	1106.6
129121	1106.7
129296	1107.0
129549	1106.6
129993	1106.9
130636	1106.5
130867	1106.2
131346	1106.4
131535	1106.7
131587	1106.6
131615	1106.9
131818	1106.8
131854	1107.1
132207	1107.3
132354	1107.5
132538	1107.5
132539	1107.7
132866	1107.4
133489	1107.2
133517	1107.4
134458	1107.1
134941	1106.8
135218	1107.0
135369	1107.2
135409	1106.9
135892	1106.9
136109	1107.1
136268	1107.3
136360	1107.4
136646	1107.6
136713	1107.8
136843	1107.9
136953	1108.1
137311	1108.1
137400	1108.4
137545	1108.6
137851	1108.3
138141	1108.5
138255	1108.7
138536	1108.4
138802	1108.4
139112	1108.7
139122	1108.9
139164	1109.1
139487	1109.1
139753	1109.1
140275	1109.4
140443	1109.0
141505	1108.7
142492	1108.4
142648	1108.0
143443	1108.0
143983	1107.7
144315	1107.9
144394	1107.8
144782	1108.0
144975	1108.2
145201	1107.9
145718	1107.6
145993	1107.8
146402	1107.5
146669	1107.2
146793	1107.5
146915	1108.0
147353	1107.8
147805	1107.5
148477	1107.2
148889	1106.9
149775	1106.6
150392	1106.3
150726	1106.3
150918	1106.5
151103	1106.7
151636	1106.4
151677	1106.1
151923	1106.4
152186	1106.6
152384	1106.8
152587	1106.7
152628	1106.5
153207	1106.7
153538	1106.8
153551	1107.0
153579	1106.8
154496	1106.5
154530	1106.2
154887	1106.4
154941	1106.7
154958	1106.9
155084	1107.1
155447	1107.0
155481	1106.9
155496	1107.1
156306	1107.3
156382	1107.5
156398	1107.5
156432	1107.6
156810	1107.8
156848	1108.0
157054	1108.2
157881	1107.9
157961	1107.6
158860	1107.8
160367	1107.5
160913	1107.2
161318	1107.1
161640	1107.3
161754	1107.5
161984	1107.2
162259	1107.4
163295	1107.1
163312	1106.9
163602	1107.1
163740	1107.3
164173	1107.4
164219	1107.6
164236	1107.8
164433	1107.6
164819	1107.3
165215	1107.5
165384	1107.4
165731	1107.6
165770	1107.6
165811	1107.8
166335	1107.8
166710	1108.0
166721	1107.9
166911	1108.2
167138	1108.4
167148	1108.5
167168	1108.7
167268	1108.9
167327	1109.1
167600	1108.8
168007	1108.6
168551	1108.5
169057	1108.2
169398	1108.4
169565	1108.1
169910	1108.3
170008	1108.4
170217	1108.5
170486	1108.7
170557	1108.9
170939	1108.6
171170	1108.4
171699	1108.6
171890	1108.6
172938	1108.3
173236	1108.1
173778	1108.3
173788	1108.4
174093	1108.2
174265	1107.9
174589	1108.1
175044	1107.9
175068	1108.1
175370	1107.8
175681	1108.0
175995	1108.0
176252	1108.1
176321	1108.0
176710	1108.2
176773	1108.4
176983	1108.1
176985	1108.3
177272	1108.1
177819	1108.2
177934	1108.3
178201	1108.4
178223	1108.3
178272	1108.5
178885	1108.5
179138	1108.7
179377	1108.5
179755	1108.6
180032	1108.4
180328	1108.2
180671	1108.4
180839	1108.5
180849	1108.7
180983	1108.7
180998	1108.9
181279	1108.9
181934	1108.8
182204	1108.9
182230	1108.8
182457	1108.9
182594	1109.1
182661	1109.3
183824	1109.0
183950	1108.8
184799	1108.5
185845	1108.3
185954	1108.0
186341	1108.2
186404	1108.4
186479	1108.5
186609	1108.7
186796	1108.6
186987	1108.4
187651	1108.6
187689	1108.7
187861	1108.5
187953	1108.2
188495	1108.4
188890	1108.2
188915	1107.9
189436	1108.1
189835	1108.3
190259	1108.0
190318	1107.8
190662	1107.9
190717	1108.1
191053	1108.3
191166	1108.4
191221	1108.2
191317	1108.0
191592	1108.1
191872	1108.3
192172	1108.2
192296	1108.0
193123	1107.8
193247	1107.7
193695	1107.8
193762	1108.0
193976	1108.2
194043	1108.3
194074	1108.3
194505	1108.0
195332	1107.8
195807	1107.6
196177	1107.7
196187	1107.9
196739	1107.6
197172	1107.4
197555	1107.6
197565	1107.7
197705	1107.5
198029	1107.7
198676	1107.4
198986	1107.2
199424	1107.4
199780	1107.1
199937	1107.0
200524	1107.2
