2020-04-16 19:24:24

CONFIGURATION:
{u'simulation': {u'stdev_factor': 0.01, u'power_mgmt_enabled': False, u'tasks': {u'loc': {u'mean_service_time': {u'gpu': 90, u'cpu_core': 200, u'loc_accel': 10}, u'priority': 1, u'deadline': 1000, u'stdev_service_time': {u'gpu': 0.9, u'cpu_core': 2.0, u'loc_accel': 0.1}, u'power': {u'gpu': 4.457, u'cpu_core': 6.133, u'loc_accel': 0.02197}}, u'detect': {u'mean_service_time': {u'gpu': 0.4607, u'cpu_core': 3.654, u'det_accel': 0.278}, u'priority': 2, u'deadline': 1000, u'stdev_service_time': {u'gpu': 0.004607, u'cpu_core': 0.03654, u'det_accel': 0.0027800000000000004}, u'power': {u'gpu': 90, u'cpu_core': 200, u'det_accel': 10}}, u'Frontier': {u'mean_service_time': {u'cpu_core': 396}, u'priority': 9, u'deadline': 1000, u'stdev_service_time': {u'cpu_core': 3.96}, u'power': {u'cpu_core': 5.98}}, u'track': {u'mean_service_time': {u'gpu': 17, u'tra_accel': 2, u'cpu_core': 1820}, u'priority': 3, u'deadline': 1000, u'stdev_service_time': {u'gpu': 0.17, u'tra_accel': 0.02, u'cpu_core': 18.2}, u'power': {u'gpu': 12.79, u'tra_accel': 0.59, u'cpu_core': 5.6}}, u'sp': {u'mean_service_time': {u'gpu': 379, u'cpu_core': 1004}, u'priority': 11, u'deadline': 1000, u'stdev_service_time': {u'gpu': 3.79, u'cpu_core': 10.040000000000001}, u'power': {u'gpu': 3.302, u'cpu_core': 1004}}, u'mission': {u'mean_service_time': {u'cpu_core': 0.0022}, u'priority': 5, u'deadline': 1000, u'stdev_service_time': {u'cpu_core': 2.2000000000000003e-05}, u'power': {u'cpu_core': 3.534}}, u'motion': {u'mean_service_time': {u'cpu_core': 8}, u'priority': 6, u'deadline': 1000, u'stdev_service_time': {u'cpu_core': 0.08}, u'power': {u'cpu_core': 4.222}}, u'collision': {u'mean_service_time': {u'cpu_core': 8}, u'priority': 7, u'deadline': 1000, u'stdev_service_time': {u'cpu_core': 0.08}, u'power': {u'cpu_core': 0}}, u'fusion': {u'mean_service_time': {u'cpu_core': 1}, u'priority': 4, u'deadline': 1000, u'stdev_service_time': {u'cpu_core': 0.01}, u'power': {u'cpu_core': 0}}, u'map': {u'mean_service_time': {u'gpu': 761, u'cpu_core': 973}, u'priority': 10, u'deadline': 1000, u'stdev_service_time': {u'gpu': 7.61, u'cpu_core': 9.73}, u'power': {u'gpu': 3.533, u'cpu_core': 2.995}}, u'path': {u'mean_service_time': {u'cpu_core': 8}, u'priority': 8, u'deadline': 1000, u'stdev_service_time': {u'cpu_core': 0.08}, u'power': {u'cpu_core': 0}}}, u'sched_policy_module': u'policies.heft', u'drop': True, u'servers': {u'gpu': {u'count': 2}, u'tra_accel': {u'count': 1}, u'cpu_core': {u'count': 8}, u'loc_accel': {u'count': 1}, u'det_accel': {u'count': 1}}, u'max_tasks_simulated': 10000, u'max_queue_size': 1000000, u'mean_arrival_time': 50, u'arrival_time_scale': 4.2}, u'general': {u'random_seed': 0, u'pre_gen_arrivals': False, u'basename': u'policy:heft__stdev_factor:0.01', u'output_trace_file': None, u'working_dir': u'/home/hiwot/meta-stomp2/sim_16042020_192242_new_arrival_50_map_rheftmapping_50_trace_30', u'input_trace_file': (False, '../mv_mapping_50_trace_30.trc'), u'logging_level': u'INFO'}}
Time	Response time (avg)
1456	495.0
1697	445.5
1865	429.0
2092	420.8
3207	435.6
5607	429.0
5763	424.3
6073	433.1
6367	440.0
8184	445.5
8260	450.0
8510	445.5
8627	441.7
8812	438.4
9158	442.2
9360	445.5
9780	448.4
10109	451.0
11060	453.3
11558	455.4
12962	457.3
13460	459.0
13632	460.6
13758	462.0
15137	459.4
15471	460.7
15681	462.0
16433	463.2
16632	464.3
17583	465.3
18379	466.3
18970	467.2
19257	465.0
19330	465.9
19854	463.9
20091	462.0
20439	462.9
20992	461.1
21397	462.0
21754	462.8
22097	461.2
22338	462.0
23299	462.8
23520	461.2
24180	459.8
24250	460.6
24755	461.3
25022	462.0
26681	462.7
27391	463.3
28449	463.9
29216	462.6
29400	463.2
30240	462.0
30545	462.6
30654	463.2
31412	462.0
31843	462.6
32328	461.4
32794	462.0
33620	462.5
33745	463.1
34461	462.0
36301	462.5
36791	463.0
37880	462.0
37998	461.0
38577	461.5
40083	462.0
41356	462.5
41692	462.9
41868	462.0
43464	462.5
43834	462.9
44033	462.0
44415	462.4
44724	462.9
44785	463.3
45321	463.7
45695	464.1
46317	464.4
47630	464.8
47756	465.2
48057	464.4
49424	464.7
49621	465.1
50596	465.4
50638	465.8
51570	466.1
52729	466.4
53025	465.6
53444	465.9
53494	466.3
54082	466.6
54926	466.9
56236	467.2
57551	467.4
58023	466.7
58485	467.0
59441	467.3
59844	467.6
62740	466.9
63158	467.1
63492	466.4
65157	466.7
66249	470.0
66270	471.8
66361	472.1
66397	472.3
66877	472.5
67068	472.7
68421	472.9
69483	473.1
69993	472.4
71885	472.6
72793	472.8
73612	473.0
75214	472.3
76041	472.5
76654	472.7
77026	472.9
77605	473.1
77977	473.3
78421	473.4
79042	473.6
79431	473.0
81180	473.2
81527	472.6
82104	472.7
82146	472.9
82744	473.1
83097	473.2
83257	472.7
83419	472.8
83695	473.0
84250	473.2
84426	472.6
84646	472.8
84843	472.9
84979	472.4
85905	472.5
86126	472.0
86344	472.2
88087	471.6
88297	471.8
88497	471.9
88774	472.1
89786	472.3
89908	472.4
90737	472.6
90859	472.7
92194	472.9
93145	473.0
93215	473.1
93747	473.3
93891	472.8
93917	472.3
94402	472.4
95000	472.0
95353	472.1
95996	471.6
96367	471.8
96596	471.9
96897	472.1
97061	472.2
97955	472.3
98087	471.9
98364	472.0
98497	472.2
99315	472.3
99449	472.4
100127	472.6
100542	472.7
101905	472.2
103812	471.8
104870	471.4
104987	471.5
105248	471.6
105500	471.2
105511	471.4
106235	471.5
106615	471.6
107879	471.7
107938	471.9
109488	472.0
110069	472.1
110799	472.2
110925	472.4
112762	472.5
112922	472.6
113781	472.7
114184	472.8
114826	472.9
115964	473.1
116573	473.2
116749	472.8
116759	472.4
116915	472.5
117785	472.1
117866	472.2
118048	472.3
118475	472.5
118503	472.1
118625	471.7
120681	471.8
121660	471.9
122298	472.0
122611	472.2
123249	472.3
123515	472.4
124200	472.5
127695	472.6
127766	472.7
127945	472.3
128534	472.4
128665	472.5
128791	472.6
129616	472.7
129692	472.4
130389	472.1
131131	472.2
131742	471.8
131931	471.5
132082	471.6
132313	471.7
132702	471.8
132849	471.9
133033	472.0
133034	472.1
135614	471.8
135904	471.9
136855	472.0
137042	471.6
137109	471.3
137338	471.4
137806	471.5
138537	471.2
138651	470.9
139297	471.0
140248	471.1
140938	471.2
142000	471.3
142987	471.4
144889	471.5
145178	471.2
145470	471.3
146488	471.4
146897	471.4
147164	471.5
147848	471.6
148300	471.7
148972	471.8
149384	471.9
150887	472.0
151221	472.1
152780	471.8
153082	471.9
153123	472.0
153702	472.1
154033	472.2
154074	472.2
154991	472.3
155283	472.0
155892	471.8
156893	471.8
156927	471.9
157343	472.0
157549	472.1
158456	472.2
159256	471.9
161408	472.0
161813	472.1
162249	472.2
162479	472.2
163790	472.3
164714	472.4
166127	472.1
167216	472.2
167633	472.3
167663	472.4
167822	472.5
168095	472.5
169552	472.6
170405	472.7
170981	472.8
171434	472.8
171665	472.9
172095	472.7
173433	472.7
174174	472.5
175084	472.5
175464	472.3
175539	472.4
176490	472.4
176816	472.5
177268	472.6
177480	472.7
177767	472.7
178314	472.8
178597	472.6
178668	472.3
179872	472.4
180151	472.1
180527	472.2
180823	472.3
181166	472.4
181344	472.4
181478	472.5
181493	472.6
181774	472.6
182699	472.7
183089	472.8
183156	472.9
184319	472.9
184445	473.0
185294	473.1
187482	473.1
188146	473.2
188990	473.3
189410	473.3
190231	473.1
190754	473.2
190813	473.2
191212	473.3
191661	473.4
192367	473.4
192667	473.5
193618	473.6
194091	473.3
194372	473.1
194538	473.2
196573	472.9
196583	472.7
197234	472.8
198060	472.8
198200	472.9
199481	473.0
200275	473.0
