CONFIGURATION:
{u'simulation': {u'stdev_factor': 0.01, u'power_mgmt_enabled': False, u'tasks': {u'loc': {u'mean_service_time': {u'gpu': 90, u'cpu_core': 200, u'loc_accel': 10}, u'priority': 1, u'deadline': 1000, u'stdev_service_time': {u'gpu': 0.9, u'cpu_core': 2.0, u'loc_accel': 0.1}, u'power': {u'gpu': 4.457, u'cpu_core': 6.133, u'loc_accel': 0.02197}}, u'detect': {u'mean_service_time': {u'gpu': 0.4607, u'cpu_core': 3.654, u'det_accel': 0.278}, u'priority': 2, u'deadline': 1000, u'stdev_service_time': {u'gpu': 0.004607, u'cpu_core': 0.03654, u'det_accel': 0.0027800000000000004}, u'power': {u'gpu': 90, u'cpu_core': 200, u'det_accel': 10}}, u'Frontier': {u'mean_service_time': {u'cpu_core': 396}, u'priority': 9, u'deadline': 1000, u'stdev_service_time': {u'cpu_core': 3.96}, u'power': {u'cpu_core': 5.98}}, u'track': {u'mean_service_time': {u'gpu': 17, u'tra_accel': 2, u'cpu_core': 1820}, u'priority': 3, u'deadline': 1000, u'stdev_service_time': {u'gpu': 0.17, u'tra_accel': 0.02, u'cpu_core': 18.2}, u'power': {u'gpu': 12.79, u'tra_accel': 0.59, u'cpu_core': 5.6}}, u'sp': {u'mean_service_time': {u'gpu': 379, u'cpu_core': 1004}, u'priority': 11, u'deadline': 1000, u'stdev_service_time': {u'gpu': 3.79, u'cpu_core': 10.040000000000001}, u'power': {u'gpu': 3.302, u'cpu_core': 1004}}, u'mission': {u'mean_service_time': {u'cpu_core': 0.0022}, u'priority': 5, u'deadline': 1000, u'stdev_service_time': {u'cpu_core': 2.2000000000000003e-05}, u'power': {u'cpu_core': 3.534}}, u'motion': {u'mean_service_time': {u'cpu_core': 8}, u'priority': 6, u'deadline': 1000, u'stdev_service_time': {u'cpu_core': 0.08}, u'power': {u'cpu_core': 4.222}}, u'collision': {u'mean_service_time': {u'cpu_core': 8}, u'priority': 7, u'deadline': 1000, u'stdev_service_time': {u'cpu_core': 0.08}, u'power': {u'cpu_core': 0}}, u'fusion': {u'mean_service_time': {u'cpu_core': 1}, u'priority': 4, u'deadline': 1000, u'stdev_service_time': {u'cpu_core': 0.01}, u'power': {u'cpu_core': 0}}, u'map': {u'mean_service_time': {u'gpu': 761, u'cpu_core': 973}, u'priority': 10, u'deadline': 1000, u'stdev_service_time': {u'gpu': 7.61, u'cpu_core': 9.73}, u'power': {u'gpu': 3.533, u'cpu_core': 2.995}}, u'path': {u'mean_service_time': {u'cpu_core': 8}, u'priority': 8, u'deadline': 1000, u'stdev_service_time': {u'cpu_core': 0.08}, u'power': {u'cpu_core': 0}}}, u'sched_policy_module': u'policies.heft', u'drop': True, u'servers': {u'gpu': {u'count': 2}, u'tra_accel': {u'count': 1}, u'cpu_core': {u'count': 8}, u'loc_accel': {u'count': 1}, u'det_accel': {u'count': 1}}, u'max_tasks_simulated': 10000, u'max_queue_size': 1000000, u'mean_arrival_time': 50, u'arrival_time_scale': 2.9}, u'general': {u'random_seed': 0, u'pre_gen_arrivals': False, u'basename': u'policy:heft__stdev_factor:0.01', u'output_trace_file': None, u'working_dir': u'/home/hiwot/meta-stomp2/sim_16042020_192242_new_arrival_50_map_rheftmapping_50_trace_30', u'input_trace_file': (False, '../mv_mapping_50_trace_30.trc'), u'logging_level': u'INFO'}}

/home/hiwot/meta-stomp2/sim_16042020_192242_new_arrival_50_map_rheftmapping_50_trace_30/../mv_mapping_50_trace_30.trc

Running STOMP simulation...
Dropped,DAG ID,DAG Priority,DAG Type,Slack,Response Time,No-Affinity Time,Energy
0,0,1,0,2992,1462,293,6320.2027
0,1,3,2,2339,967,194,3360.1027
0,2,3,0,2826,1628,247,6010.2197
0,3,1,0,2824,1630,249,6010.2197
0,4,3,0,2824,1630,249,6010.2197
0,5,1,2,2076,1230,245,3642.1397
0,6,1,1,470,14,2,0.2197
0,7,3,1,470,14,2,0.2197
0,8,3,2,2316,990,194,3441.3617
0,9,3,1,470,14,2,0.2197
0,10,3,1,470,14,2,0.2197
0,11,1,0,2992,1462,293,6320.2027
0,12,3,2,2074,1232,247,3642.1397
0,13,3,2,2339,967,194,3360.1027
0,14,1,1,470,14,2,0.2197
0,15,3,2,2339,967,194,3360.1027
0,16,3,0,2826,1628,247,6010.2197
0,17,3,0,2826,1628,247,6010.2197
0,18,1,0,2824,1630,249,6010.2197
0,19,1,0,2784,1670,293,7055.0667
0,20,1,2,2074,1232,247,3642.1397
0,21,3,2,2074,1232,247,3642.1397
0,22,3,1,470,14,2,0.2197
0,23,3,2,2279,1027,194,3572.0827
0,24,1,1,470,14,2,0.2197
0,25,1,1,470,14,2,0.2197
0,26,1,1,470,14,2,0.2197
0,27,1,1,468,16,4,0.2197
0,28,1,1,470,14,2,0.2197
0,29,3,0,2928,1526,297,6320.2027
0,30,1,0,2978,1476,297,6320.2027
0,31,1,0,2611,1843,350,7086.6197
0,32,1,0,2682,1772,350,6829.4797
0,33,1,0,2817,1637,249,6010.2197
0,34,3,0,2826,1628,247,6010.2197
0,35,1,0,2852,1602,293,6817.2697
0,36,1,1,470,14,2,0.2197
0,37,1,1,470,14,2,0.2197
0,38,3,0,2908,1546,293,6616.9747
0,39,1,2,2074,1232,247,3642.1397
0,40,1,1,470,14,2,0.2197
0,41,3,1,470,14,2,0.2197
0,42,1,1,470,14,2,0.2197
0,43,1,0,2726,1728,346,6602.26167
0,44,1,2,2040,1266,245,3749.9597
0,45,1,2,2073,1233,247,3642.1397
0,46,1,2,2339,967,194,3360.1027
0,47,1,0,2989,1465,293,6330.8017
0,48,1,0,2727,1727,346,6602.2397
0,49,1,2,2074,1232,247,3642.1397
0,50,1,2,2076,1230,245,3642.1397
0,51,1,1,470,14,2,0.2197
0,52,1,1,470,14,2,0.2197
0,53,1,1,470,14,2,0.2197
0,54,1,2,2339,967,194,3360.1027
0,55,1,2,2339,967,194,3360.1027
0,56,1,0,2826,1628,247,6010.2197
0,57,3,0,2826,1628,247,6010.2197
0,58,3,1,466,18,2,0.30758
0,59,1,0,2727,1727,346,6602.2397
0,60,1,2,2074,1232,247,3642.1397
0,61,3,0,2725,1729,348,6602.2397
0,62,1,1,470,14,2,0.2197
0,63,1,1,468,16,4,0.2197
0,64,1,2,2339,967,194,3360.1027
0,65,1,1,470,14,2,0.2197
0,66,1,1,470,14,2,0.2197
0,67,1,2,2339,967,194,3360.1027
0,68,1,1,470,14,2,0.2197
0,69,1,0,2826,1628,247,6010.2197
0,70,1,2,2076,1230,245,3642.1397
0,71,1,0,2844,1610,293,6843.0867
0,72,3,0,2725,1729,348,6602.2397
0,73,3,2,2133,1173,194,4087.9007
0,74,1,1,470,14,2,0.2197
0,75,3,2,2076,1230,245,3642.1397
0,76,1,0,1936,2518,350,6602.2397
0,77,1,0,1972,2482,350,6602.2397
0,78,1,1,470,14,2,0.2197
0,79,1,2,1479,1827,196,3360.1027
0,80,1,0,2696,1758,297,6445.7827
0,81,3,2,1682,1624,249,3642.1397
0,82,3,2,1696,1610,249,3642.1397
0,83,1,2,1812,1494,249,3642.1397
0,84,1,1,470,14,2,0.2197
0,85,1,2,1180,2126,249,3642.1397
0,86,1,0,2279,2175,350,6644.0997
0,87,3,2,1311,1995,196,4321.0787
0,88,1,1,470,14,2,0.2197
0,89,1,1,468,16,2,0.26364
0,90,1,0,2560,1894,297,8585.2197
0,91,3,2,1450,1856,249,3642.1397
0,92,1,2,1490,1816,249,3860.7747
0,93,3,1,-331,815,4,0.2197
0,94,1,0,2439,2015,346,7482.7097
0,95,1,0,2544,1910,348,7153.2897
0,96,1,1,-58,542,4,0.2197
0,97,1,2,1886,1420,247,4205.1997
0,98,1,0,2701,1753,350,6632.1897
0,99,2,1,-485,969,4,0.2197
0,100,1,1,-476,960,4,1.23032
0,101,1,0,2813,1641,293,6777.0582
0,102,1,1,-532,1016,4,1.34017
0,103,1,1,-479,963,4,0.61516
0,104,3,2,2171,1135,194,3932.58052
0,105,1,2,2071,1235,245,3645.22258
0,106,1,0,2659,1795,346,6805.8997
0,107,1,1,5,479,4,0.2197
0,108,1,2,2073,1233,245,3651.1247
0,109,1,0,2485,1969,293,8104.41164
0,110,1,0,2793,1661,293,7023.2697
0,111,3,0,2824,1630,249,6010.2197
0,112,3,0,2727,1727,346,6602.2397
0,113,3,2,2074,1232,247,3642.1397
0,114,1,0,2727,1727,346,6602.2397
0,115,1,1,388,96,4,0.37349
0,116,1,1,440,44,4,0.2197
0,117,1,2,2076,1230,245,3642.1397
0,118,1,1,470,14,2,0.2197
0,119,1,2,2137,1169,194,4073.7687
0,120,1,1,470,14,2,0.2197
0,121,1,1,466,18,2,0.30758
0,122,1,0,2992,1462,293,6320.2027
0,123,1,0,2725,1729,348,6602.2397
0,124,1,1,470,14,2,0.2197
0,125,1,2,2074,1232,247,3642.1397
0,126,1,0,2784,1670,293,7055.0667
0,127,1,0,2824,1630,249,6010.2197
0,128,3,2,2296,1010,194,3512.0217
0,129,1,0,2727,1727,346,6602.2397
0,130,1,0,2725,1729,348,6602.2397
0,131,1,2,2074,1232,247,3642.1397
0,132,1,1,470,14,2,0.2197
0,133,3,2,2227,1079,194,3755.7987
0,134,1,1,470,14,2,0.2197
0,135,3,2,2339,967,194,3360.1027
0,136,1,1,470,14,2,0.2197
0,137,1,1,470,14,2,0.2197
0,138,1,0,2727,1727,346,6602.2397
0,139,1,0,2992,1462,293,6320.2027
0,140,1,2,2290,1016,194,3533.2197
0,141,3,1,470,14,2,0.2197
0,142,3,0,2826,1628,247,6010.2197
0,143,1,2,2302,1004,194,3490.8237
0,144,1,2,2074,1232,245,3642.18364
0,145,1,2,1905,1401,247,4148.2947
0,146,1,0,2982,1472,295,6348.4667
0,147,1,1,470,14,2,0.2197
0,148,1,0,2826,1628,247,6010.2197
0,149,1,2,2074,1232,247,3642.1397
0,150,3,1,470,14,2,0.2197
0,151,1,2,2036,1270,247,3755.9497
0,152,1,0,2943,1511,293,6493.3197
0,153,1,1,470,14,2,0.2197
0,154,1,0,2992,1462,293,6320.2027
0,155,1,1,470,14,2,0.2197
0,156,1,0,2727,1727,346,6602.2397
0,157,1,1,470,14,2,0.2197
0,158,1,2,2074,1232,247,3642.1397
0,159,1,0,2801,1653,293,6995.0057
0,160,1,1,470,14,2,0.2197
0,161,3,1,470,14,2,0.2197
0,162,3,1,470,14,2,0.2197
0,163,1,0,2924,1530,297,6514.5177
0,164,1,2,1898,1408,249,3642.1397
0,165,3,0,2720,1734,348,6632.1397
0,166,1,1,470,14,2,0.2197
0,167,3,2,1977,1329,245,3917.83349
0,168,1,0,2904,1550,295,6624.0407
0,169,1,2,2074,1232,247,3642.1397
0,170,1,2,2074,1232,247,3642.1397
0,171,1,2,2139,1167,194,4066.7027
0,172,1,0,2727,1727,346,6602.2397
0,173,1,2,2074,1232,247,3642.1397
0,174,1,0,2657,1797,346,6811.8897
0,175,1,1,413,71,4,0.2197
0,176,1,2,2247,1059,194,3685.1387
0,177,1,0,2729,1725,293,7249.3817
0,178,1,2,2074,1232,247,3642.1397
0,179,1,2,2129,1177,194,4102.0327
0,180,3,1,470,14,2,0.2197
0,181,3,1,470,14,2,0.2197
0,182,1,2,2074,1232,247,3642.1397
0,183,1,2,2339,967,194,3360.1027
0,184,1,2,2076,1230,245,3642.1397
0,185,1,0,2727,1727,346,6602.2397
0,186,1,2,2076,1230,245,3642.1397
0,187,1,2,2072,1234,247,3642.18364
0,188,1,1,470,14,2,0.2197
0,189,1,0,2726,1728,346,6602.26167
0,190,1,2,2323,983,194,3416.6307
0,191,3,2,2339,967,194,3360.1027
0,192,1,0,2826,1628,247,6010.2197
0,193,1,0,2824,1630,249,6010.2197
0,194,1,2,2076,1230,245,3642.1397
0,195,1,2,2297,1009,194,3508.4887
0,196,3,0,2727,1727,346,6602.2397
0,197,1,2,2074,1232,247,3642.1397
0,198,3,2,2177,1129,194,3932.4487
0,199,1,2,2074,1232,247,3642.1397
0,200,1,1,470,14,2,0.2197
0,201,1,0,2992,1462,293,6320.2027
0,202,1,2,2339,967,194,3360.1027
0,203,1,1,470,14,2,0.2197
0,204,1,1,470,14,2,0.2197
0,205,1,0,2920,1534,293,6574.5787
0,206,3,0,2826,1628,247,6010.2197
0,207,1,0,2814,1640,249,6010.4394
0,208,1,2,2330,976,194,3391.8997
0,209,1,1,470,14,2,0.2197
0,210,3,1,470,14,2,0.2197
0,211,1,0,2992,1462,293,6320.2027
0,212,3,0,2992,1462,293,6320.2027
0,213,3,0,2826,1628,247,6010.2197
0,214,1,0,2826,1628,247,6010.2197
0,215,3,0,2824,1630,249,6010.2197
0,216,3,0,2819,1635,293,6931.4117
0,217,1,2,2068,1238,245,3642.31546
0,218,3,0,2882,1572,295,6701.7667
0,219,3,2,2072,1234,249,3642.1397
0,220,3,0,2727,1727,346,6602.2397
0,221,3,1,470,14,2,0.2197
0,222,1,2,2074,1232,247,3642.1397
0,223,1,2,2044,1262,194,4402.3377
0,224,3,1,470,14,2,0.2197
0,225,1,1,470,14,2,0.2197
0,226,1,0,2789,1665,293,7037.4017
0,227,1,1,470,14,2,0.2197
0,228,3,1,470,14,2,0.2197
0,229,1,0,2990,1464,295,6320.2027
0,230,1,1,469,15,2,0.24167
0,231,1,0,2845,1609,295,6832.4877
0,232,3,1,470,14,2,0.2197
0,233,1,0,2824,1630,249,6010.2197
0,234,3,2,2076,1230,245,3642.1397
0,235,3,2,2074,1232,247,3642.1397
0,236,1,2,2074,1232,247,3642.1397
0,237,1,1,470,14,2,0.2197
0,238,1,1,470,14,2,0.2197
0,239,3,0,2992,1462,293,6320.2027
0,240,3,0,2992,1462,293,6320.2027
0,241,1,2,2074,1232,247,3642.1397
0,242,1,1,470,14,2,0.2197
0,243,1,1,470,14,2,0.2197
0,244,1,0,2851,1603,293,6818.3557
0,245,1,0,2826,1628,247,6010.2197
0,246,1,2,2153,1153,194,4017.2407
0,247,1,0,1920,2534,350,11392.2197
0,248,1,2,807,2499,249,3642.22758
0,249,3,1,470,14,2,0.2197
0,250,1,2,1297,2009,196,3360.1027
0,251,1,1,470,14,2,0.2197
0,252,1,2,1430,1876,196,3360.1027
0,253,1,1,470,14,2,0.2197
0,254,1,0,2489,1965,346,8025.4797
0,255,3,0,2505,1949,348,7917.8397
0,256,1,2,1798,1508,249,3642.1397
0,257,3,2,1822,1484,249,3642.1397
0,258,1,0,2690,1764,348,6811.5397
0,259,1,0,2654,1800,346,7038.7797
0,260,3,1,-869,1353,4,0.81289
0,261,3,2,1927,1379,249,3821.92758
0,262,1,2,1939,1367,249,3821.8397
0,263,1,0,2990,1464,295,6320.2027
0,264,1,1,-275,759,4,0.2197
0,265,1,2,2339,967,194,3360.1027
0,266,1,1,9,475,4,0.2197
0,267,3,2,2047,1259,247,3723.0047
0,268,1,0,2733,1721,247,6288.7547
0,269,2,1,268,216,4,0.2197
0,270,1,1,288,196,4,0.32955
0,271,1,2,2339,967,194,3360.1027
0,272,3,0,2992,1462,293,6320.2027
0,273,3,1,470,14,2,0.2197
0,274,1,2,2072,1234,245,3642.22758
0,275,1,1,470,14,2,0.2197
0,276,1,1,470,14,2,0.2197
0,277,3,2,2339,967,194,3360.1027
0,278,1,0,2949,1505,293,6472.1217
0,279,1,0,2826,1628,247,6010.2197
0,280,1,0,2826,1628,247,6010.2197
0,281,1,2,2076,1230,245,3642.1397
0,282,1,1,470,14,2,0.2197
0,283,1,2,2284,1022,194,3554.4177
0,284,1,2,2287,1019,194,3543.8187
0,285,3,1,470,14,2,0.2197
0,286,1,0,2727,1727,346,6602.2397
0,287,1,1,470,14,2,0.2197
0,288,1,1,470,14,2,0.2197
0,289,1,0,2727,1727,346,6602.2397
0,290,3,2,2074,1232,247,3642.1397
0,291,3,2,2259,1047,196,3635.6767
0,292,1,1,470,14,2,0.2197
0,293,1,1,470,14,2,0.2197
0,294,1,2,2339,967,194,3360.1027
0,295,1,2,2076,1230,245,3642.1397
0,296,1,1,470,14,2,0.2197
0,297,1,1,470,14,2,0.2197
0,298,1,2,2339,967,194,3360.1027
0,299,3,2,2076,1230,245,3642.1397
0,300,3,2,2074,1232,247,3642.1397
0,301,1,1,470,14,2,0.2197
0,302,3,2,2174,1132,194,3943.0477
0,303,1,1,470,14,2,0.2197
0,304,1,0,2727,1727,346,6602.2397
0,305,1,1,470,14,2,0.2197
0,306,1,1,470,14,2,0.2197
0,307,1,2,2033,1273,245,3770.9247
0,308,1,0,2856,1598,295,6793.6247
0,309,1,0,2727,1727,346,6602.2397
0,310,1,2,2074,1232,247,3642.1397
0,311,1,1,470,14,2,0.2197
0,312,3,1,470,14,2,0.2197
0,313,1,1,470,14,2,0.2197
0,314,1,1,470,14,2,0.2197
0,315,1,1,468,16,4,0.2197
0,316,1,1,470,14,2,0.2197
0,317,1,0,2118,2336,297,11319.4827
0,318,3,1,470,14,2,0.2197
0,319,2,0,2648,1806,297,8233.8027
0,320,1,2,1539,1767,249,3642.1397
0,321,1,0,2652,1802,348,7038.7797
0,322,1,2,1564,1742,249,3642.1397
0,323,1,1,463,21,2,0.37349
0,324,3,0,2695,1759,348,6781.6397
0,325,1,2,1640,1666,249,3642.1397
0,326,3,0,2560,1894,348,7529.3594
0,327,1,2,1781,1525,196,3872.3877
0,328,3,2,1802,1504,249,3642.1397
0,329,3,2,1853,1453,249,3642.1397
0,330,1,0,2534,1920,293,7938.3167
0,331,1,1,-620,1104,4,0.2197
0,332,1,0,2409,2045,293,8379.9417
0,333,1,2,2008,1298,245,3845.7997
0,334,1,2,2056,1250,247,3696.0497
0,335,1,0,2700,1754,346,6683.1047
0,336,3,1,470,14,2,0.2197
0,337,1,0,2992,1462,293,6320.2027
0,338,1,2,2339,967,194,3360.1027
0,339,1,1,466,18,2,0.30758
0,340,3,0,2826,1628,247,6010.2197
0,341,1,2,2074,1232,247,3642.1397
0,342,3,2,2074,1232,247,3642.1397
0,343,3,1,470,14,2,0.2197
0,344,1,2,2339,967,194,3360.1027
0,345,1,1,470,14,2,0.2197
0,346,1,0,2990,1464,295,6320.2027
0,347,1,2,2076,1230,245,3642.1397
0,348,3,2,2074,1232,247,3642.1397
0,349,1,1,470,14,2,0.2197
0,350,3,2,2076,1230,245,3642.1397
0,351,1,2,2074,1232,247,3642.1397
0,352,1,0,2856,1598,293,6800.6907
0,353,1,1,468,16,4,0.2197
0,354,1,1,470,14,2,0.2197
0,355,1,0,2992,1462,293,6320.2027
0,356,1,1,470,14,2,0.2197
0,357,3,1,470,14,2,0.2197
0,358,1,1,470,14,2,0.2197
0,359,1,1,470,14,2,0.2197
0,360,1,1,470,14,2,0.2197
0,361,1,2,2339,967,194,3360.1027
0,362,1,2,2339,967,194,3360.1027
0,363,1,0,2826,1628,247,6010.2197
0,364,1,2,2076,1230,245,3642.1397
0,365,1,1,470,14,2,0.2197
0,366,1,2,2238,1068,194,3716.9357
0,367,1,1,470,14,2,0.2197
0,368,3,1,470,14,2,0.2197
0,369,1,0,2819,1635,247,6010.37349
0,370,1,0,2990,1464,295,6320.2027
0,371,1,2,2074,1232,247,3642.1397
0,372,3,1,470,14,2,0.2197
0,373,1,0,2853,1601,293,6811.2897
0,374,1,2,2076,1230,245,3642.1397
0,375,3,2,2074,1232,247,3642.1397
0,376,1,0,2727,1727,346,6602.2397
0,377,1,1,470,14,2,0.2197
0,378,3,1,470,14,2,0.2197
0,379,3,0,2903,1551,295,6627.5737
0,380,3,2,2074,1232,247,3642.1397
0,381,1,0,2725,1729,348,6602.2397
0,382,1,0,2990,1464,295,6320.2027
0,383,1,2,2059,1247,245,3693.0547
0,384,3,0,2935,1519,295,6514.5177
0,385,1,2,2074,1232,247,3642.1397
0,386,1,1,470,14,2,0.2197
0,387,3,2,2074,1232,247,3642.1397
0,388,1,2,2074,1232,247,3642.1397
0,389,1,1,460,24,2,0.4394
0,390,1,2,2339,967,194,3360.1027
0,391,1,1,470,14,2,0.2197
0,392,1,0,904,3550,297,6320.2027
0,393,1,0,1020,3434,251,6010.2197
0,394,3,1,470,14,2,0.2197
0,395,1,2,174,3132,249,3737.9797
0,396,1,0,1315,3139,297,8017.0917
0,397,3,1,470,14,2,0.2197
0,398,3,0,1507,2947,350,6644.0997
0,399,1,1,470,14,2,0.2197
0,400,1,1,470,14,2,0.2197
0,401,1,2,606,2700,196,3603.8797
0,402,1,1,470,14,2,0.2197
0,403,1,0,1553,2901,350,8366.3397
0,404,3,2,803,2503,249,3642.1397
0,405,1,0,1716,2738,350,7810.1997
0,406,1,0,1789,2665,297,9520.4627
0,407,1,0,1817,2637,350,9562.3397
0,408,1,2,1039,2267,249,3776.9147
0,409,1,2,886,2420,196,4628.4497
0,410,1,1,-1442,1926,4,0.2197
0,411,1,0,2107,2347,350,8276.7197
0,412,2,0,2514,1940,346,7541.6597
0,413,2,2,1435,1871,249,4073.8591
0,414,3,0,2568,1886,297,7722.44949
0,415,1,2,1586,1720,249,3773.9197
0,416,1,0,2623,1831,346,7083.8647
0,417,3,0,2601,1853,348,6997.52364
0,418,1,0,2427,2027,293,7744.04981
0,419,1,1,-846,1330,4,5.97584
0,420,3,2,1826,1480,194,3473.19318
0,421,1,1,-537,1021,4,9.79862
0,422,1,0,2395,2059,251,6112.3502
0,423,1,0,2430,2024,251,6243.51504
0,424,1,0,2624,1830,350,6651.87336
0,425,1,2,2028,1278,245,3678.87062
0,426,1,1,95,389,4,1.36214
0,427,3,1,193,291,4,5.55841
0,428,3,2,1905,1401,196,3541.51602
0,429,1,1,442,42,4,0.46137
0,430,3,2,2043,1263,249,3642.1397
0,431,1,2,2224,1082,194,3766.3977
0,432,1,2,2076,1230,245,3642.1397
0,433,3,0,2727,1727,346,6602.2397
0,434,1,0,2840,1614,295,6850.1527
0,435,1,2,2069,1237,245,3642.29349
0,436,3,0,2725,1729,348,6602.2397
0,437,3,2,2070,1236,245,3660.1097
0,438,3,0,2727,1727,295,7245.87067
0,439,1,2,2032,1274,247,3761.98364
0,440,1,1,397,87,4,0.2197
0,441,3,1,470,14,2,0.2197
0,442,1,1,470,14,2,0.2197
0,443,1,0,2992,1462,293,6320.2027
0,444,1,1,470,14,2,0.2197
0,445,1,0,2727,1727,346,6602.2397
0,446,1,2,2151,1155,194,4024.3067
0,447,1,1,470,14,2,0.2197
0,448,3,0,2826,1628,247,6010.2197
0,449,1,0,2826,1628,247,6010.2197
0,450,1,2,2076,1230,245,3642.1397
0,451,1,2,2180,1126,194,3921.8497
0,452,1,1,470,14,2,0.2197
0,453,3,1,470,14,2,0.2197
0,454,1,0,2980,1474,295,6320.4224
0,455,1,1,453,31,2,0.59319
0,456,1,2,2148,1158,194,4034.9057
0,457,3,1,470,14,2,0.2197
0,458,1,2,2076,1230,245,3642.1397
0,459,1,2,2076,1230,245,3642.1397
0,460,1,1,470,14,2,0.2197
0,461,3,0,2826,1628,247,6010.2197
0,462,1,2,2074,1232,247,3642.1397
0,463,1,0,2826,1628,247,6010.2197
0,464,1,0,2927,1527,293,6549.8477
0,465,3,0,2860,1594,293,6786.5587
0,466,3,0,2727,1727,346,6602.2397
0,467,1,0,2360,2094,350,6602.2397
0,468,1,2,2072,1234,247,3642.18364
0,469,1,1,470,14,2,0.2197
0,470,1,0,2655,1799,297,6609.9087
0,471,1,1,470,14,2,0.2197
0,472,1,0,2887,1567,297,6602.8427
0,473,1,1,470,14,2,0.2197
0,474,1,2,2064,1242,249,3642.1397
0,475,1,0,2277,2177,251,6010.2197
0,476,1,2,1259,2047,249,3642.1397
0,477,1,0,2636,1818,297,6427.8427
0,478,1,0,2667,1787,297,7409.8117
0,479,3,2,1653,1653,249,3642.1397
0,480,3,0,2659,1795,348,6996.9197
0,481,1,0,2554,1900,346,7463.6497
0,482,1,2,1839,1467,249,3986.5647
0,483,1,2,2069,1237,247,3648.1297
0,484,1,2,1912,1394,247,4127.3297
0,485,3,0,2954,1500,293,6454.4567
0,486,1,1,-400,884,4,0.4394
0,487,1,0,2904,1550,293,6631.1067
0,488,3,1,-223,707,4,0.2197
0,489,1,0,2698,1756,247,6393.5797
0,490,1,1,-46,530,4,0.2197
0,491,1,0,2616,1838,346,6928.73864
0,492,2,1,64,420,4,0.2197
0,493,3,2,1970,1336,245,3959.6097
0,494,1,0,2981,1473,293,6359.0657
0,495,1,1,465,19,4,0.2197
0,496,1,0,2905,1549,295,6620.5077
0,497,1,2,2076,1230,245,3642.1397
0,498,3,0,2727,1727,346,6602.2397
0,499,1,2,2074,1232,247,3642.1397
0,500,1,1,470,14,2,0.2197
0,501,1,0,2990,1464,295,6320.2027
0,502,1,1,470,14,2,0.2197
0,503,1,2,2312,994,194,3455.4937
0,504,1,1,470,14,2,0.2197
0,505,1,2,2074,1232,247,3642.1397
0,506,1,2,2076,1230,245,3642.1397
0,507,1,0,2868,1586,293,6758.2947
0,508,1,2,2339,967,194,3360.1027
0,509,3,2,2339,967,194,3360.1027
0,510,1,1,470,14,2,0.2197
0,511,1,0,2824,1630,249,6010.2197
0,512,1,1,470,14,2,0.2197
0,513,1,2,2076,1230,245,3642.1397
0,514,1,2,2278,1028,194,3575.6157
0,515,3,0,2983,1471,293,6351.9997
0,516,1,0,2727,1727,346,6602.2397
0,517,1,2,2074,1232,247,3642.1397
0,518,1,0,2727,1727,346,6602.2397
0,519,1,0,2725,1729,348,6602.2397
0,520,3,0,2725,1729,348,6602.2397
0,521,3,1,470,14,2,0.2197
0,522,1,1,470,14,2,0.2197
0,523,1,0,2985,1469,293,6320.35649
0,524,1,1,470,14,2,0.2197
0,525,1,0,2992,1462,293,6320.2027
0,526,1,1,470,14,2,0.2197
0,527,1,1,470,14,2,0.2197
0,528,1,1,470,14,2,0.2197
0,529,3,0,2992,1462,293,6320.2027
0,530,3,0,2954,1500,293,6454.4567
0,531,1,2,2076,1230,245,3642.1397
0,532,3,1,470,14,2,0.2197
0,533,1,2,1398,1908,196,4200.9567
0,534,1,2,1457,1849,249,3863.7697
0,535,1,1,470,14,2,0.2197
0,536,1,0,2675,1779,297,6397.95067
0,537,3,2,1558,1748,249,3642.1397
0,538,1,2,1934,1372,249,3642.1397
0,539,1,1,470,14,2,0.2197
0,540,1,2,2023,1283,249,3642.1397
0,541,3,2,2060,1246,249,3642.1397
0,542,1,0,2126,2328,251,6010.2197
0,543,1,1,470,14,2,0.2197
0,544,3,0,2437,2017,297,8146.2327
0,545,1,2,1381,1925,249,3672.0897
0,546,3,0,2439,2015,297,7760.57364
0,547,3,2,1418,1888,249,4214.1847
0,548,1,2,1417,1889,249,4268.24849
0,549,3,1,-249,733,4,0.46137
0,550,1,1,-255,739,4,0.68107
0,551,1,2,1481,1825,249,4750.2897
0,552,1,2,1527,1779,249,4810.1897
0,553,3,2,1855,1451,196,4628.4497
0,554,3,1,337,147,4,0.2197
0,555,1,2,2062,1244,249,3642.1397
0,556,3,2,2072,1234,247,3642.1397
0,557,1,1,-569,1053,4,0.2197
0,558,1,1,-563,1047,4,0.24167
0,559,1,1,-386,870,4,0.2197
0,560,1,2,2339,967,194,3360.1027
0,561,1,1,-183,667,4,0.2197
0,562,1,2,1868,1438,245,4262.12667
0,563,3,0,2650,1804,249,6516.48455
0,564,3,2,1839,1467,249,4274.0847
0,565,1,0,2651,1803,295,7517.8897
0,566,2,2,1972,1334,249,3665.01609
0,567,2,2,2022,1284,247,3667.02244
0,568,3,1,348,136,4,0.37349
0,569,1,2,2074,1232,247,3642.1397
0,570,1,0,2954,1500,293,6454.4567
0,571,1,0,2727,1727,346,6602.2397
0,572,1,2,2128,1178,194,4105.5657
0,573,1,0,2727,1727,346,6602.2397
0,574,1,2,2068,1238,247,3660.1097
0,575,1,2,2339,967,194,3360.1027
0,576,1,1,470,14,2,0.2197
0,577,1,0,2344,2110,297,6758.2947
0,578,1,1,470,14,2,0.2197
0,579,1,2,1309,1997,249,3642.1397
0,580,1,1,470,14,2,0.2197
0,581,1,0,2756,1698,297,7051.5477
0,582,1,0,2705,1749,348,6662.2594
0,583,1,0,2504,1950,346,7834.49319
0,584,1,1,470,14,2,0.2197
0,585,3,1,470,14,2,0.2197
0,586,1,0,2676,1778,348,6895.2597
0,587,3,2,1889,1417,249,3642.1397
0,588,1,1,470,14,2,0.2197
0,589,3,2,2257,1049,196,3388.3667
0,590,1,1,470,14,2,0.2197
0,591,3,0,2727,1727,346,6602.2397
0,592,3,1,463,21,2,0.37349
0,593,1,0,2727,1727,346,6602.2397
0,594,1,0,2756,1698,247,6219.8697
0,595,1,0,2990,1464,295,6320.2027
0,596,3,0,2818,1636,247,6034.1797
0,597,1,0,2689,1765,293,7390.7017
0,598,1,2,2076,1230,245,3642.1397
0,599,3,2,2325,981,194,3409.5647
0,600,1,2,2074,1232,247,3642.1397
0,601,1,2,2339,967,194,3360.1027
0,602,3,0,2727,1727,346,6602.2397
0,603,3,1,470,14,2,0.2197
0,604,1,1,470,14,2,0.2197
0,605,3,0,2992,1462,293,6320.2027
0,606,1,0,2992,1462,293,6320.2027
0,607,1,1,470,14,2,0.2197
0,608,1,0,2826,1628,247,6010.2197
0,609,3,1,470,14,2,0.2197
0,610,1,0,2990,1464,295,6320.2027
0,611,3,2,2054,1252,247,3642.5791
0,612,1,0,2825,1629,247,6010.24167
0,613,1,1,470,14,2,0.2197
0,614,1,1,470,14,2,0.2197
0,615,1,2,2339,967,194,3360.1027
0,616,1,0,2727,1727,346,6602.2397
0,617,1,2,2074,1232,247,3642.1397
0,618,1,1,470,14,2,0.2197
0,619,3,2,2339,967,194,3360.1027
0,620,1,2,2339,967,194,3360.1027
0,621,3,2,2076,1230,245,3642.1397
0,622,3,1,470,14,2,0.2197
0,623,1,1,470,14,2,0.2197
0,624,1,1,470,14,2,0.2197
0,625,1,2,2301,1005,194,3494.3567
0,626,3,1,470,14,2,0.2197
0,627,1,1,470,14,2,0.2197
0,628,3,1,470,14,2,0.2197
0,629,3,1,470,14,2,0.2197
0,630,1,0,2992,1462,293,6320.2027
0,631,1,0,2826,1628,247,6010.2197
0,632,3,0,2823,1631,249,6010.24167
0,633,1,1,470,14,2,0.2197
0,634,1,2,2056,1250,245,3642.5791
0,635,1,0,2988,1466,295,6320.24664
0,636,1,0,2727,1727,346,6602.2397
0,637,1,0,2796,1658,295,7005.6047
0,638,1,2,2074,1232,247,3642.1397
0,639,3,0,2828,1626,293,6899.6147
0,640,3,1,470,14,2,0.2197
0,641,1,1,470,14,2,0.2197
0,642,1,0,2727,1727,346,6602.2397
0,643,3,1,470,14,2,0.2197
0,644,1,1,470,14,2,0.2197
0,645,1,2,2072,1234,245,3642.22758
0,646,3,0,2836,1618,293,6871.3507
0,647,1,1,470,14,2,0.2197
0,648,3,1,470,14,2,0.2197
0,649,3,1,470,14,2,0.2197
0,650,1,0,2219,2235,297,6320.2027
0,651,1,2,1234,2072,249,3642.1397
0,652,1,0,2511,1943,297,7018.6647
0,653,1,0,2636,1818,350,6931.1397
0,654,1,2,1561,1745,249,3642.1397
0,655,1,0,2722,1732,348,6620.1797
0,656,3,2,1717,1589,249,3642.1397
0,657,1,0,2722,1732,348,6620.1797
0,658,1,0,2943,1511,293,6493.3197
0,659,3,0,2723,1731,348,6614.1997
0,660,1,1,-420,904,4,0.2197
0,661,1,0,2691,1763,293,7383.6357
0,662,3,0,2569,1885,346,7075.4497
0,663,1,2,1960,1346,247,3983.5697
0,664,1,1,6,478,4,0.2197
0,665,3,1,15,469,4,0.2197
0,666,2,2,2244,1062,194,3695.7377
0,667,1,2,2056,1250,247,3696.0497
0,668,1,1,249,235,4,0.2197
0,669,1,1,470,14,2,0.2197
0,670,3,1,470,14,2,0.2197
0,671,1,2,2339,967,194,3360.1027
0,672,1,2,2339,967,194,3360.1027
0,673,3,0,2549,1905,350,7218.22364
0,674,1,1,470,14,2,0.2197
0,675,3,2,1524,1782,249,3642.1397
0,676,1,0,2297,2157,350,8384.2797
0,677,1,2,1970,1336,196,3533.2197
0,678,1,2,1967,1339,249,3642.1397
0,679,1,2,2066,1240,249,3642.1397
0,680,1,0,2848,1606,297,6633.5537
0,681,1,0,2480,1974,350,7254.0597
0,682,1,0,2521,1933,350,7445.4197
0,683,3,0,2674,1780,350,6644.0997
0,684,1,2,2039,1267,249,3699.06667
0,685,1,1,-188,672,4,0.2197
0,686,3,1,-40,524,4,0.2197
0,687,1,1,-20,504,4,0.2197
0,688,3,2,1849,1457,249,3696.0497
0,689,1,0,2937,1517,293,6496.96255
0,690,1,2,1950,1356,196,4374.0737
0,691,1,1,241,243,4,0.2197
0,692,1,1,308,176,4,0.2197
0,693,1,1,372,112,4,0.2197
0,694,1,1,470,14,2,0.2197
0,695,1,2,2076,1230,245,3642.1397
0,696,1,0,2544,1910,346,7150.3247
0,697,1,0,2674,1780,247,6465.4597
0,698,1,2,2302,1004,194,3490.8237
0,699,3,0,2686,1768,295,7394.2347
0,700,1,2,2031,1275,245,3776.9147
0,701,1,2,1957,1349,247,3962.8244
0,702,1,1,248,236,4,0.2197
0,703,1,2,1909,1397,247,4112.53046
0,704,3,2,2074,1232,247,3642.1397
0,705,1,0,2727,1727,346,6602.2397
0,706,3,1,470,14,2,0.2197
0,707,1,2,2339,967,194,3360.1027
0,708,1,0,2985,1469,295,6337.8677
0,709,3,1,470,14,2,0.2197
0,710,1,0,2992,1462,293,6320.2027
0,711,1,1,470,14,2,0.2197
0,712,1,0,2992,1462,293,6320.2027
0,713,3,2,2177,1129,194,3932.4487
0,714,1,2,2076,1230,245,3642.1397
0,715,1,1,470,14,2,0.2197
0,716,1,1,470,14,2,0.2197
0,717,1,2,2339,967,194,3360.1027
0,718,3,2,2195,1111,194,3868.8547
0,719,1,0,2826,1628,247,6010.2197
0,720,1,1,470,14,2,0.2197
0,721,3,0,2826,1628,247,6010.2197
0,722,3,0,2826,1628,247,6010.2197
0,723,3,2,2229,1077,194,3748.7327
0,724,1,2,2339,967,194,3360.1027
0,725,1,0,2723,1731,346,6602.32758
0,726,1,1,470,14,2,0.2197
0,727,1,0,2824,1630,249,6010.2197
0,728,1,2,1955,1351,247,3998.5447
0,729,3,2,2074,1232,247,3642.1397
0,730,1,0,2930,1524,295,6532.1827
0,731,1,1,470,14,2,0.2197
0,732,1,0,2992,1462,293,6320.2027
0,733,1,1,470,14,2,0.2197
0,734,1,0,2727,1727,346,6602.2397
0,735,3,1,470,14,2,0.2197
0,736,1,1,470,14,2,0.2197
0,737,1,1,470,14,2,0.2197
0,738,1,1,470,14,2,0.2197
0,739,1,1,470,14,2,0.2197
0,740,3,0,2990,1464,295,6320.2027
0,741,1,0,2992,1462,293,6320.2027
0,742,1,1,470,14,2,0.2197
0,743,1,2,2284,1022,194,3554.4177
0,744,1,0,2992,1462,293,6320.2027
0,745,3,1,470,14,2,0.2197
0,746,3,0,2826,1628,247,6010.2197
0,747,3,2,2076,1230,245,3642.1397
0,748,1,1,470,14,2,0.2197
0,749,1,2,2076,1230,245,3642.1397
0,750,1,1,470,14,2,0.2197
0,751,3,2,2339,967,194,3360.1027
0,752,3,2,2255,1051,194,3653.36367
0,753,3,2,2071,1235,245,3642.24955
0,754,3,2,2074,1232,247,3642.1397
0,755,1,0,2727,1727,346,6602.2397
0,756,1,0,2826,1628,247,6010.2197
0,757,3,0,2826,1628,247,6010.2197
0,758,1,0,2941,1513,295,6493.3197
0,759,1,2,2339,967,194,3360.1027
0,760,1,0,2816,1638,251,6010.2197
0,761,1,0,2826,1628,247,6010.2197
0,762,3,1,470,14,2,0.2197
0,763,1,0,2642,1812,297,6320.2027
0,764,1,2,1509,1797,249,3872.90849
0,765,3,0,2726,1728,297,6422.6597
0,766,1,2,1628,1678,249,3642.1397
0,767,1,2,1636,1670,249,3642.1397
0,768,3,2,1720,1586,249,3642.1397
0,769,1,0,2720,1734,346,6644.0997
0,770,1,1,466,18,2,0.30758
0,771,3,2,2042,1264,249,3642.1397
0,772,1,1,247,237,4,0.2197
0,773,3,2,2023,1283,194,4476.5307
0,774,1,1,470,14,2,0.2197
0,775,3,2,2339,967,194,3360.1027
0,776,1,2,1841,1465,247,4339.9747
0,777,1,0,2721,1733,247,6324.6947
0,778,1,0,2596,1858,348,6988.5947
0,779,1,2,2052,1254,245,3714.0197
0,780,1,0,2722,1732,346,6617.2147
0,781,1,0,2719,1735,348,6620.2097
0,782,1,1,261,223,4,0.2197
0,783,3,1,391,93,4,0.2197
0,784,3,1,470,14,2,0.2197
0,785,1,2,2339,967,194,3360.1027
0,786,1,0,2992,1462,293,6320.2027
0,787,3,1,470,14,2,0.2197
0,788,1,1,470,14,2,0.2197
0,789,1,0,2727,1727,346,6602.2397
0,790,3,1,470,14,2,0.2197
0,791,1,1,470,14,2,0.2197
0,792,1,1,470,14,2,0.2197
0,793,3,2,2339,967,194,3360.1027
0,794,1,0,2992,1462,293,6320.2027
0,795,1,1,470,14,2,0.2197
0,796,1,0,2826,1628,247,6010.2197
0,797,3,2,2076,1230,245,3642.1397
0,798,1,1,470,14,2,0.2197
0,799,3,0,2813,1641,295,6945.5437
0,800,1,1,470,14,2,0.2197
0,801,1,1,470,14,2,0.2197
0,802,1,0,2781,1673,293,7065.6657
0,803,1,2,2066,1240,245,3642.3594
0,804,1,1,470,14,2,0.2197
0,805,3,1,470,14,2,0.2197
0,806,1,0,2992,1462,293,6320.2027
0,807,1,2,2076,1230,245,3642.1397
0,808,3,2,2074,1232,247,3642.1397
0,809,3,2,2206,1100,194,3829.9917
0,810,3,2,2076,1230,245,3642.1397
0,811,1,0,2727,1727,346,6602.2397
0,812,1,2,2074,1232,247,3642.1397
0,813,1,1,470,14,2,0.2197
0,814,1,2,2174,1132,194,3943.0477
0,815,3,1,470,14,2,0.2197
0,816,1,2,2183,1123,194,3911.2507
0,817,3,1,470,14,2,0.2197
0,818,1,2,2074,1232,247,3642.1397
0,819,1,1,470,14,2,0.2197
0,820,1,2,1789,1517,249,3642.1397
0,821,1,0,2672,1782,346,6931.1397
0,822,1,2,1986,1320,249,3642.1397
0,823,1,2,2050,1256,249,3642.1397
0,824,3,1,470,14,2,0.2197
0,825,1,2,2339,967,194,3360.1027
0,826,1,2,2339,967,194,3360.1027
0,827,1,2,2076,1230,245,3642.1397
0,828,3,0,2725,1729,348,6602.2397
0,829,3,0,2723,1731,350,6602.2397
0,830,3,2,2064,1242,247,3642.3594
0,831,3,0,2750,1704,247,6237.8397
0,832,3,2,1921,1385,245,4106.3647
0,833,3,1,193,291,4,0.2197
0,834,1,0,2666,1788,295,7464.8947
0,835,1,0,2839,1615,293,6860.7517
0,836,1,2,2074,1232,247,3642.1397
0,837,3,1,470,14,2,0.2197
0,838,1,1,470,14,2,0.2197
0,839,1,2,2076,1230,245,3642.1397
0,840,3,0,2992,1462,293,6320.2027
0,841,1,2,2293,1013,194,3522.6207
0,842,1,1,470,14,2,0.2197
0,843,1,2,2076,1230,245,3642.1397
0,844,1,0,2727,1727,346,6602.2397
0,845,3,1,470,14,2,0.2197
0,846,1,2,2076,1230,245,3642.1397
0,847,3,2,2076,1230,245,3642.1397
0,848,3,1,470,14,2,0.2197
0,849,3,0,2845,1609,293,6839.5537
0,850,1,2,2143,1163,194,4052.5707
0,851,1,0,2727,1727,346,6602.2397
0,852,3,1,470,14,2,0.2197
0,853,1,0,2727,1727,346,6602.2397
0,854,3,1,470,14,2,0.2197
0,855,3,0,2824,1630,249,6010.2197
0,856,1,2,2261,1045,194,3635.6767
0,857,1,0,2992,1462,293,6320.2027
0,858,3,2,2339,967,194,3360.1027
0,859,1,0,2826,1628,247,6010.2197
0,860,3,2,2070,1236,247,3642.22758
0,861,1,2,2185,1121,194,3904.1847
0,862,1,2,2076,1230,245,3642.1397
0,863,1,0,2787,1667,295,7026.8027
0,864,1,0,2821,1633,251,6010.2197
0,865,1,0,2722,1732,348,6620.1797
0,866,1,1,465,19,2,0.32955
0,867,1,2,2065,1241,249,3642.1397
0,868,3,2,2100,1206,196,4034.9057
0,869,1,1,470,14,2,0.2197
0,870,1,0,2801,1653,297,6659.3707
0,871,1,2,2076,1230,245,3642.1397
0,872,3,1,470,14,2,0.2197
0,873,1,0,2826,1628,247,6010.2197
0,874,1,2,2056,1250,249,3642.1397
0,875,3,0,2727,1727,346,6602.2397
0,876,3,1,429,55,4,0.2197
0,877,3,0,2819,1635,247,6010.37349
0,878,3,2,2279,1027,194,3572.0827
0,879,1,0,2917,1537,293,6585.1777
0,880,3,0,2727,1727,346,6602.2397
0,881,1,2,2076,1230,245,3642.1397
0,882,3,0,2727,1727,346,6602.2397
0,883,1,0,2770,1684,249,6171.9497
0,884,1,1,400,84,4,0.2197
0,885,1,2,2131,1175,194,4094.9667
0,886,1,2,2302,1004,194,3490.8237
0,887,1,2,2074,1232,247,3642.1397
0,888,1,1,470,14,2,0.2197
0,889,1,1,470,14,2,0.2197
0,890,1,0,1695,2759,251,6010.2197
0,891,1,0,1770,2684,251,6010.2197
0,892,1,1,470,14,2,0.2197
0,893,3,1,470,14,2,0.2197
0,894,1,1,470,14,2,0.2197
0,895,1,0,2132,2322,297,7570.0227
0,896,1,0,2309,2145,297,6960.0627
0,897,1,1,470,14,2,0.2197
0,898,3,0,2384,2070,350,6620.1797
0,899,3,2,1364,1942,249,3642.1397
0,900,1,0,2497,1957,350,7397.66758
0,901,3,0,2595,1859,350,7056.7197
0,902,1,0,2554,1900,348,7624.8197
0,903,1,0,2702,1752,346,6751.7397
0,904,1,1,-692,1176,4,0.2197
0,905,1,2,2231,1075,196,3360.1027
0,906,3,1,-556,1040,4,0.2197
0,907,3,0,2981,1473,293,6385.9827
0,908,1,2,1959,1347,247,3986.5647
0,909,1,2,1865,1441,247,4256.20258
0,910,1,0,2822,1632,247,6022.1997
0,911,3,1,-217,701,4,0.2197
0,912,1,0,2705,1749,346,6668.1297
0,913,1,1,171,313,4,0.2197
0,914,1,1,319,165,4,1.60381
0,915,3,1,470,14,2,0.2197
0,916,1,0,2992,1462,293,6320.2027
0,917,1,0,2990,1464,295,6320.2027
0,918,1,1,470,14,2,0.2197
0,919,1,0,2826,1628,247,6010.2197
0,920,3,1,470,14,2,0.2197
0,921,3,1,470,14,2,0.2197
0,922,3,2,2339,967,194,3360.1027
0,923,1,1,470,14,2,0.2197
0,924,1,2,2339,967,194,3360.1027
0,925,1,2,2076,1230,245,3642.1397
0,926,1,2,2076,1230,245,3642.1397
0,927,1,1,460,24,2,0.4394
0,928,3,1,470,14,2,0.2197
0,929,3,2,2076,1230,245,3642.1397
0,930,1,1,470,14,2,0.2197
0,931,1,2,2074,1232,247,3642.1397
0,932,3,2,2074,1232,247,3642.1397
0,933,1,1,470,14,2,0.2197
0,934,3,1,470,14,2,0.2197
0,935,1,0,2827,1627,295,6896.0817
0,936,1,0,2990,1464,295,6320.2027
0,937,1,2,2076,1230,245,3642.1397
0,938,3,1,470,14,2,0.2197
0,939,1,1,470,14,2,0.2197
0,940,3,2,2076,1230,245,3642.1397
0,941,3,2,2074,1232,247,3642.1397
0,942,1,0,2727,1727,346,6602.2397
0,943,1,1,470,14,2,0.2197
0,944,1,1,470,14,2,0.2197
0,945,1,2,2339,967,194,3360.1027
0,946,1,0,2992,1462,293,6320.2027
0,947,1,2,2076,1230,245,3642.1397
0,948,1,1,470,14,2,0.2197
0,949,1,0,2306,2148,251,6010.2197
0,950,1,1,470,14,2,0.2197
0,951,1,0,2769,1685,297,7417.8007
0,952,1,0,2672,1782,293,8233.8027
0,953,1,2,1723,1583,249,3642.1397
0,954,1,0,2722,1732,348,6620.1797
0,955,1,2,1990,1316,249,3642.1397
0,956,1,0,2725,1729,346,6614.1997
0,957,1,2,2074,1232,247,3642.1397
0,958,3,2,2074,1232,247,3642.1397
0,959,1,2,2067,1239,247,3642.29349
0,960,3,1,-419,903,4,0.2197
0,961,1,0,2966,1488,293,6412.0607
0,962,3,0,2992,1462,293,6320.2027
0,963,1,1,61,423,4,0.26364
0,964,1,2,1901,1405,245,4166.2647
0,965,3,1,470,14,2,0.2197
0,966,3,1,469,15,2,0.24167
0,967,1,0,2992,1462,293,6320.2027
0,968,1,2,1919,1387,245,4112.3547
0,969,1,1,470,14,2,0.2197
0,970,1,0,2984,1470,295,6341.4007
0,971,1,2,2074,1232,247,3642.1397
0,972,1,0,2727,1727,346,6602.2397
0,973,1,0,2826,1628,247,6010.2197
0,974,3,1,470,14,2,0.2197
0,975,3,2,2074,1232,247,3642.1397
0,976,1,2,2339,967,194,3360.1027
0,977,1,2,2339,967,194,3360.1027
0,978,1,1,470,14,2,0.2197
0,979,1,2,2287,1019,194,3543.8187
0,980,3,0,2826,1628,247,6010.2197
0,981,1,0,2820,1634,249,6010.30758
0,982,1,1,470,14,2,0.2197
0,983,3,0,2988,1466,297,6320.2027
0,984,1,1,470,14,2,0.2197
0,985,1,2,2279,1027,194,3572.0827
0,986,3,2,2076,1230,245,3642.1397
0,987,3,1,450,34,2,0.6591
0,988,1,0,2717,1737,346,6602.4594
0,989,1,1,470,14,2,0.2197
0,990,1,0,2727,1727,346,6602.2397
0,991,3,2,2074,1232,247,3642.1397
0,992,3,2,2339,967,194,3360.1027
0,993,1,1,470,14,2,0.2197
0,994,3,0,2990,1464,295,6320.2027
0,995,3,1,470,14,2,0.2197
0,996,1,2,2076,1230,245,3642.1397
0,997,3,0,2802,1652,295,6984.4067
0,998,3,2,2076,1230,245,3642.1397
0,999,1,2,2266,1040,194,3618.0117
