CONFIGURATION:
{u'simulation': {u'stdev_factor': 0.01, u'power_mgmt_enabled': False, u'tasks': {u'loc': {u'mean_service_time': {u'gpu': 90, u'cpu_core': 200, u'loc_accel': 10}, u'priority': 1, u'deadline': 1000, u'stdev_service_time': {u'gpu': 0.9, u'cpu_core': 2.0, u'loc_accel': 0.1}, u'power': {u'gpu': 4.457, u'cpu_core': 6.133, u'loc_accel': 0.02197}}, u'detect': {u'mean_service_time': {u'gpu': 0.4607, u'cpu_core': 3.654, u'det_accel': 0.278}, u'priority': 2, u'deadline': 1000, u'stdev_service_time': {u'gpu': 0.004607, u'cpu_core': 0.03654, u'det_accel': 0.0027800000000000004}, u'power': {u'gpu': 90, u'cpu_core': 200, u'det_accel': 10}}, u'Frontier': {u'mean_service_time': {u'cpu_core': 396}, u'priority': 9, u'deadline': 1000, u'stdev_service_time': {u'cpu_core': 3.96}, u'power': {u'cpu_core': 5.98}}, u'track': {u'mean_service_time': {u'gpu': 17, u'tra_accel': 2, u'cpu_core': 1820}, u'priority': 3, u'deadline': 1000, u'stdev_service_time': {u'gpu': 0.17, u'tra_accel': 0.02, u'cpu_core': 18.2}, u'power': {u'gpu': 12.79, u'tra_accel': 0.59, u'cpu_core': 5.6}}, u'sp': {u'mean_service_time': {u'gpu': 379, u'cpu_core': 1004}, u'priority': 11, u'deadline': 1000, u'stdev_service_time': {u'gpu': 3.79, u'cpu_core': 10.040000000000001}, u'power': {u'gpu': 3.302, u'cpu_core': 1004}}, u'mission': {u'mean_service_time': {u'cpu_core': 0.0022}, u'priority': 5, u'deadline': 1000, u'stdev_service_time': {u'cpu_core': 2.2000000000000003e-05}, u'power': {u'cpu_core': 3.534}}, u'motion': {u'mean_service_time': {u'cpu_core': 8}, u'priority': 6, u'deadline': 1000, u'stdev_service_time': {u'cpu_core': 0.08}, u'power': {u'cpu_core': 4.222}}, u'collision': {u'mean_service_time': {u'cpu_core': 8}, u'priority': 7, u'deadline': 1000, u'stdev_service_time': {u'cpu_core': 0.08}, u'power': {u'cpu_core': 0}}, u'fusion': {u'mean_service_time': {u'cpu_core': 1}, u'priority': 4, u'deadline': 1000, u'stdev_service_time': {u'cpu_core': 0.01}, u'power': {u'cpu_core': 0}}, u'map': {u'mean_service_time': {u'gpu': 761, u'cpu_core': 973}, u'priority': 10, u'deadline': 1000, u'stdev_service_time': {u'gpu': 7.61, u'cpu_core': 9.73}, u'power': {u'gpu': 3.533, u'cpu_core': 2.995}}, u'path': {u'mean_service_time': {u'cpu_core': 8}, u'priority': 8, u'deadline': 1000, u'stdev_service_time': {u'cpu_core': 0.08}, u'power': {u'cpu_core': 0}}}, u'sched_policy_module': u'policies.heft', u'drop': True, u'servers': {u'gpu': {u'count': 2}, u'tra_accel': {u'count': 1}, u'cpu_core': {u'count': 8}, u'loc_accel': {u'count': 1}, u'det_accel': {u'count': 1}}, u'max_tasks_simulated': 10000, u'max_queue_size': 1000000, u'mean_arrival_time': 50, u'arrival_time_scale': 4.2}, u'general': {u'random_seed': 0, u'pre_gen_arrivals': False, u'basename': u'policy:heft__stdev_factor:0.01', u'output_trace_file': None, u'working_dir': u'/home/hiwot/meta-stomp2/sim_16042020_192242_new_arrival_50_map_rheftmapping_50_trace_30', u'input_trace_file': (False, '../mv_mapping_50_trace_30.trc'), u'logging_level': u'INFO'}}

/home/hiwot/meta-stomp2/sim_16042020_192242_new_arrival_50_map_rheftmapping_50_trace_30/../mv_mapping_50_trace_30.trc

Running STOMP simulation...
Dropped,DAG ID,DAG Priority,DAG Type,Slack,Response Time,No-Affinity Time,Energy
0,0,1,0,4989,1462,293,6320.2027
0,1,3,2,3821,967,194,3360.1027
0,2,3,0,4823,1628,247,6010.2197
0,3,1,0,4821,1630,249,6010.2197
0,4,3,0,4821,1630,249,6010.2197
0,5,1,2,3556,1232,247,3642.1397
0,6,1,1,687,14,2,0.2197
0,7,3,1,687,14,2,0.2197
0,8,3,2,3821,967,194,3360.1027
0,9,3,1,687,14,2,0.2197
0,10,3,1,687,14,2,0.2197
0,11,1,0,4989,1462,293,6320.2027
0,12,3,2,3558,1230,245,3642.1397
0,13,3,2,3821,967,194,3360.1027
0,14,1,1,687,14,2,0.2197
0,15,3,2,3821,967,194,3360.1027
0,16,3,0,4823,1628,247,6010.2197
0,17,3,0,4821,1630,249,6010.2197
0,18,1,0,4859,1592,295,6772.4267
0,19,1,0,4819,1632,293,6920.8127
0,20,1,2,3556,1232,247,3642.1397
0,21,3,2,3556,1232,247,3642.1397
0,22,3,1,687,14,2,0.2197
0,23,3,2,3556,1232,247,3642.1397
0,24,1,1,687,14,2,0.2197
0,25,1,1,687,14,2,0.2197
0,26,1,1,687,14,2,0.2197
0,27,1,1,687,14,2,0.2197
0,28,1,1,687,14,2,0.2197
0,29,3,0,4989,1462,293,6320.2027
0,30,1,0,4987,1464,295,6320.2027
0,31,1,0,4823,1628,247,6010.2197
0,32,1,0,4823,1628,247,6010.2197
0,33,1,0,4823,1628,247,6010.2197
0,34,3,0,4989,1462,293,6320.2027
0,35,1,0,4989,1462,293,6320.2027
0,36,1,1,687,14,2,0.2197
0,37,1,1,687,14,2,0.2197
0,38,3,0,4724,1727,346,6602.2397
0,39,1,2,3556,1232,247,3642.1397
0,40,1,1,687,14,2,0.2197
0,41,3,1,687,14,2,0.2197
0,42,1,1,687,14,2,0.2197
0,43,1,0,4893,1558,295,6652.3047
0,44,1,2,3558,1230,245,3642.1397
0,45,1,2,3819,969,196,3360.1027
0,46,1,2,3537,1251,245,3705.0347
0,47,1,0,4940,1511,293,6493.3197
0,48,1,0,4822,1629,295,6903.1477
0,49,1,2,3558,1230,245,3642.1397
0,50,1,2,3656,1132,194,3943.0477
0,51,1,1,687,14,2,0.2197
0,52,1,1,687,14,2,0.2197
0,53,1,1,687,14,2,0.2197
0,54,1,2,3801,987,194,3430.7627
0,55,1,2,3558,1230,245,3642.1397
0,56,1,0,4800,1651,295,6980.8737
0,57,3,0,4843,1608,295,6828.9547
0,58,3,1,686,15,2,0.24167
0,59,1,0,4724,1727,346,6602.2397
0,60,1,2,3556,1232,247,3642.1397
0,61,3,0,4722,1729,348,6602.2397
0,62,1,1,687,14,2,0.2197
0,63,1,1,687,14,2,0.2197
0,64,1,2,3821,967,194,3360.1027
0,65,1,1,687,14,2,0.2197
0,66,1,1,687,14,2,0.2197
0,67,1,2,3821,967,194,3360.1027
0,68,1,1,687,14,2,0.2197
0,69,1,0,4823,1628,247,6010.2197
0,70,1,2,3558,1230,245,3642.1397
0,71,1,0,4989,1462,293,6320.2027
0,72,3,0,4987,1464,295,6320.2027
0,73,3,2,3558,1230,245,3642.1397
0,74,1,1,687,14,2,0.2197
0,75,3,2,3558,1230,245,3642.1397
0,76,1,0,4989,1462,293,6320.2027
0,77,1,0,4840,1611,293,6846.6197
0,78,1,1,687,14,2,0.2197
0,79,1,2,3821,967,194,3360.1027
0,80,1,0,4958,1493,295,6422.6597
0,81,3,2,3548,1240,249,3642.1397
0,82,3,2,3556,1232,247,3642.1397
0,83,1,2,3558,1230,245,3642.1397
0,84,1,1,687,14,2,0.2197
0,85,1,2,3470,1318,245,3905.6997
0,86,1,0,4903,1548,293,6624.0407
0,87,3,2,3821,967,194,3360.1027
0,88,1,1,687,14,2,0.2197
0,89,1,1,687,14,2,0.2197
0,90,1,0,4724,1727,346,6602.2397
0,91,3,2,3556,1232,247,3642.1397
0,92,1,2,3556,1232,247,3642.1397
0,93,3,1,619,82,4,0.2197
0,94,1,0,4821,1630,249,6010.2197
0,95,1,0,4925,1526,295,6539.2487
0,96,1,1,687,14,2,0.2197
0,97,1,2,3739,1049,194,3649.8087
0,98,1,0,4823,1628,247,6010.2197
0,99,1,1,687,14,2,0.2197
0,100,1,1,687,14,2,0.2197
0,101,1,0,4821,1630,247,6010.26364
0,102,1,1,687,14,2,0.2197
0,103,1,1,687,14,2,0.2197
0,104,3,2,3558,1230,245,3642.1397
0,105,1,2,3623,1165,194,4059.6367
0,106,1,0,4956,1495,293,6436.7917
0,107,1,1,687,14,2,0.2197
0,108,1,2,3558,1230,245,3642.1397
0,109,1,0,4823,1628,247,6010.2197
0,110,1,0,4989,1462,293,6320.2027
0,111,3,0,4989,1462,293,6320.2027
0,112,3,0,4823,1628,247,6010.2197
0,113,3,2,3558,1230,245,3642.1397
0,114,1,0,4724,1727,346,6602.2397
0,115,1,1,682,19,2,0.32955
0,116,1,1,687,14,2,0.2197
0,117,1,2,3777,1011,194,3515.5547
0,118,1,1,687,14,2,0.2197
0,119,1,2,3761,1027,194,3572.0827
0,120,1,1,687,14,2,0.2197
0,121,1,1,685,16,2,0.26364
0,122,1,0,4885,1566,293,6687.6347
0,123,1,0,4823,1628,247,6010.2197
0,124,1,1,687,14,2,0.2197
0,125,1,2,3821,967,194,3360.1027
0,126,1,0,4823,1628,247,6010.2197
0,127,1,0,4839,1612,295,6843.0867
0,128,3,2,3556,1232,247,3642.1397
0,129,1,0,4932,1519,293,6521.5837
0,130,1,0,4722,1729,348,6602.2397
0,131,1,2,3558,1230,245,3642.1397
0,132,1,1,687,14,2,0.2197
0,133,3,2,3821,967,194,3360.1027
0,134,1,1,687,14,2,0.2197
0,135,3,2,3821,967,194,3360.1027
0,136,1,1,687,14,2,0.2197
0,137,1,1,687,14,2,0.2197
0,138,1,0,4989,1462,293,6320.2027
0,139,1,0,4989,1462,293,6320.2027
0,140,1,2,3802,986,194,3427.2297
0,141,3,1,687,14,2,0.2197
0,142,3,0,4989,1462,293,6320.2027
0,143,1,2,3821,967,194,3360.1027
0,144,1,2,3558,1230,245,3642.1397
0,145,1,2,3558,1230,245,3642.1397
0,146,1,0,4823,1628,247,6010.2197
0,147,1,1,687,14,2,0.2197
0,148,1,0,4962,1489,293,6415.5937
0,149,1,2,3768,1020,194,3547.3517
0,150,3,1,687,14,2,0.2197
0,151,1,2,3558,1230,245,3642.1397
0,152,1,0,4823,1628,247,6010.2197
0,153,1,1,687,14,2,0.2197
0,154,1,0,4987,1464,295,6320.2027
0,155,1,1,687,14,2,0.2197
0,156,1,0,4987,1464,295,6320.2027
0,157,1,1,687,14,2,0.2197
0,158,1,2,3558,1230,245,3642.1397
0,159,1,0,4821,1630,249,6010.2197
0,160,1,1,687,14,2,0.2197
0,161,3,1,687,14,2,0.2197
0,162,3,1,687,14,2,0.2197
0,163,1,0,4989,1462,293,6320.2027
0,164,1,2,3821,967,194,3360.1027
0,165,3,0,4823,1628,247,6010.2197
0,166,1,1,687,14,2,0.2197
0,167,3,2,3491,1297,194,4504.92652
0,168,1,0,4968,1483,295,6387.3297
0,169,1,2,3556,1232,247,3642.1397
0,170,1,2,3556,1232,247,3642.1397
0,171,1,2,3556,1232,247,3642.1397
0,172,1,0,4724,1727,346,6602.2397
0,173,1,2,3535,1253,247,3705.0347
0,174,1,0,4912,1539,295,6585.1777
0,175,1,1,687,14,2,0.2197
0,176,1,2,3821,967,194,3360.1027
0,177,1,0,4823,1628,247,6010.2197
0,178,1,2,3821,967,194,3360.1027
0,179,1,2,3821,967,194,3360.1027
0,180,3,1,687,14,2,0.2197
0,181,3,1,687,14,2,0.2197
0,182,1,2,3558,1230,245,3642.1397
0,183,1,2,3689,1099,194,3826.4587
0,184,1,2,3511,1277,245,3782.9047
0,185,1,0,4899,1552,293,6638.1727
0,186,1,2,3556,1232,247,3642.1397
0,187,1,2,3556,1232,247,3642.1397
0,188,1,1,687,14,2,0.2197
0,189,1,0,4724,1727,346,6602.2397
0,190,1,2,3675,1113,194,3875.9207
0,191,3,2,3821,967,194,3360.1027
0,192,1,0,4823,1628,247,6010.2197
0,193,1,0,4821,1630,249,6010.2197
0,194,1,2,3558,1230,245,3642.1397
0,195,1,2,3821,967,194,3360.1027
0,196,3,0,4937,1514,293,6503.9187
0,197,1,2,3556,1232,247,3642.1397
0,198,3,2,3556,1232,247,3642.1397
0,199,1,2,3556,1232,247,3642.1397
0,200,1,1,687,14,2,0.2197
0,201,1,0,4989,1462,293,6320.2027
0,202,1,2,3821,967,194,3360.1027
0,203,1,1,687,14,2,0.2197
0,204,1,1,687,14,2,0.2197
0,205,1,0,4989,1462,293,6320.2027
0,206,3,0,4987,1464,295,6320.2027
0,207,1,0,4813,1638,247,6010.4394
0,208,1,2,3558,1230,245,3642.1397
0,209,1,1,687,14,2,0.2197
0,210,3,1,687,14,2,0.2197
0,211,1,0,4989,1462,293,6320.2027
0,212,3,0,4989,1462,293,6320.2027
0,213,3,0,4823,1628,247,6010.2197
0,214,1,0,4935,1516,295,6503.9187
0,215,3,0,4724,1727,346,6602.2397
0,216,3,0,4792,1659,295,7009.1377
0,217,1,2,3552,1236,245,3642.27152
0,218,3,0,4724,1727,346,6602.2397
0,219,3,2,3633,1155,194,4024.3067
0,220,3,0,4722,1729,348,6602.2397
0,221,3,1,687,14,2,0.2197
0,222,1,2,3821,967,194,3360.1027
0,223,1,2,3556,1232,247,3642.1397
0,224,3,1,687,14,2,0.2197
0,225,1,1,687,14,2,0.2197
0,226,1,0,4967,1484,293,6397.9287
0,227,1,1,687,14,2,0.2197
0,228,3,1,687,14,2,0.2197
0,229,1,0,4989,1462,293,6320.2027
0,230,1,1,687,14,2,0.2197
0,231,1,0,4987,1464,295,6320.2027
0,232,3,1,687,14,2,0.2197
0,233,1,0,4823,1628,247,6010.2197
0,234,3,2,3558,1230,245,3642.1397
0,235,3,2,3556,1232,247,3642.1397
0,236,1,2,3769,1019,194,3543.8187
0,237,1,1,687,14,2,0.2197
0,238,1,1,687,14,2,0.2197
0,239,3,0,4989,1462,293,6320.2027
0,240,3,0,4987,1464,295,6320.2027
0,241,1,2,3558,1230,245,3642.1397
0,242,1,1,687,14,2,0.2197
0,243,1,1,687,14,2,0.2197
0,244,1,0,4989,1462,293,6320.2027
0,245,1,0,4987,1464,295,6320.2027
0,246,1,2,3556,1232,247,3642.1397
0,247,1,0,4989,1462,293,6320.2027
0,248,1,2,3810,978,194,3391.94364
0,249,3,1,687,14,2,0.2197
0,250,1,2,3546,1242,249,3642.1397
0,251,1,1,687,14,2,0.2197
0,252,1,2,3747,1041,196,3469.6257
0,253,1,1,687,14,2,0.2197
0,254,1,0,4979,1472,297,6320.2027
0,255,3,0,4823,1628,247,6010.2197
0,256,1,2,3556,1232,247,3642.1397
0,257,3,2,3556,1232,247,3642.1397
0,258,1,0,4724,1727,346,6602.2397
0,259,1,0,4720,1731,350,6602.2397
0,260,3,1,671,30,2,0.57122
0,261,3,2,3554,1234,247,3642.18364
0,262,1,2,3553,1235,249,3642.16167
0,263,1,0,4989,1462,293,6320.2027
0,264,1,1,614,87,4,0.2197
0,265,1,2,3821,967,194,3360.1027
0,266,1,1,687,14,2,0.2197
0,267,3,2,3556,1232,247,3642.1397
0,268,1,0,4724,1727,346,6602.2397
0,269,1,1,687,14,2,0.2197
0,270,1,1,687,14,2,0.2197
0,271,1,2,3821,967,194,3360.1027
0,272,3,0,4989,1462,293,6320.2027
0,273,3,1,687,14,2,0.2197
0,274,1,2,3714,1074,194,3731.11164
0,275,1,1,687,14,2,0.2197
0,276,1,1,687,14,2,0.2197
0,277,3,2,3821,967,194,3360.1027
0,278,1,0,4989,1462,293,6320.2027
0,279,1,0,4823,1628,247,6010.2197
0,280,1,0,4895,1556,293,6652.3047
0,281,1,2,3760,1028,194,3575.6157
0,282,1,1,687,14,2,0.2197
0,283,1,2,3556,1232,247,3642.1397
0,284,1,2,3556,1232,247,3642.1397
0,285,3,1,687,14,2,0.2197
0,286,1,0,4989,1462,293,6320.2027
0,287,1,1,687,14,2,0.2197
0,288,1,1,687,14,2,0.2197
0,289,1,0,4987,1464,295,6320.2027
0,290,3,2,3558,1230,245,3642.1397
0,291,3,2,3556,1232,247,3642.1397
0,292,1,1,687,14,2,0.2197
0,293,1,1,687,14,2,0.2197
0,294,1,2,3821,967,194,3360.1027
0,295,1,2,3821,967,194,3360.1027
0,296,1,1,687,14,2,0.2197
0,297,1,1,687,14,2,0.2197
0,298,1,2,3676,1112,194,3872.3877
0,299,3,2,3639,1149,194,4003.1087
0,300,3,2,3558,1230,245,3642.1397
0,301,1,1,687,14,2,0.2197
0,302,3,2,3558,1230,245,3642.1397
0,303,1,1,687,14,2,0.2197
0,304,1,0,4823,1628,247,6010.2197
0,305,1,1,687,14,2,0.2197
0,306,1,1,687,14,2,0.2197
0,307,1,2,3821,967,194,3360.1027
0,308,1,0,4987,1464,295,6320.2027
0,309,1,0,4823,1628,247,6010.2197
0,310,1,2,3558,1230,245,3642.1397
0,311,1,1,687,14,2,0.2197
0,312,3,1,687,14,2,0.2197
0,313,1,1,687,14,2,0.2197
0,314,1,1,687,14,2,0.2197
0,315,1,1,687,14,2,0.2197
0,316,1,1,687,14,2,0.2197
0,317,1,0,4245,2206,297,6320.2027
0,318,3,1,687,14,2,0.2197
0,319,1,0,4666,1785,293,8251.7427
0,320,1,2,3387,1401,249,3690.0597
0,321,1,0,4701,1750,295,7727.0547
0,322,1,2,3421,1367,249,3642.1397
0,323,1,1,682,19,2,0.32955
0,324,3,0,4715,1736,348,6644.0997
0,325,1,2,3532,1256,249,3642.1397
0,326,3,0,4709,1742,348,6620.3994
0,327,1,2,3556,1232,247,3642.1397
0,328,3,2,3556,1232,247,3642.1397
0,329,3,2,3387,1401,247,4148.2947
0,330,1,0,4752,1699,293,7157.5237
0,331,1,1,260,441,4,0.2197
0,332,1,0,4987,1464,295,6320.2027
0,333,1,2,3624,1164,194,4056.1037
0,334,1,2,3655,1133,194,3946.5807
0,335,1,0,4724,1727,346,6602.2397
0,336,3,1,687,14,2,0.2197
0,337,1,0,4989,1462,293,6320.2027
0,338,1,2,3821,967,194,3360.1027
0,339,1,1,685,16,2,0.26364
0,340,3,0,4821,1630,249,6010.2197
0,341,1,2,3558,1230,245,3642.1397
0,342,3,2,3556,1232,247,3642.1397
0,343,3,1,687,14,2,0.2197
0,344,1,2,3821,967,194,3360.1027
0,345,1,1,687,14,2,0.2197
0,346,1,0,4987,1464,295,6320.2027
0,347,1,2,3558,1230,245,3642.1397
0,348,3,2,3556,1232,247,3642.1397
0,349,1,1,687,14,2,0.2197
0,350,3,2,3556,1232,247,3642.1397
0,351,1,2,3556,1232,247,3642.1397
0,352,1,0,4989,1462,293,6320.2027
0,353,1,1,687,14,2,0.2197
0,354,1,1,687,14,2,0.2197
0,355,1,0,4989,1462,293,6320.2027
0,356,1,1,687,14,2,0.2197
0,357,3,1,687,14,2,0.2197
0,358,1,1,687,14,2,0.2197
0,359,1,1,687,14,2,0.2197
0,360,1,1,687,14,2,0.2197
0,361,1,2,3821,967,194,3360.1027
0,362,1,2,3821,967,194,3360.1027
0,363,1,0,4821,1630,249,6010.2197
0,364,1,2,3558,1230,245,3642.1397
0,365,1,1,687,14,2,0.2197
0,366,1,2,3821,967,194,3360.1027
0,367,1,1,687,14,2,0.2197
0,368,3,1,687,14,2,0.2197
0,369,1,0,4983,1468,293,6320.33452
0,370,1,0,4924,1527,293,6549.8477
0,371,1,2,3558,1230,245,3642.1397
0,372,3,1,687,14,2,0.2197
0,373,1,0,4987,1464,295,6320.2027
0,374,1,2,3558,1230,245,3642.1397
0,375,3,2,3558,1230,245,3642.1397
0,376,1,0,4956,1495,293,6436.7917
0,377,1,1,687,14,2,0.2197
0,378,3,1,687,14,2,0.2197
0,379,3,0,4851,1600,295,6800.6907
0,380,3,2,3558,1230,245,3642.1397
0,381,1,0,4724,1727,346,6602.2397
0,382,1,0,4989,1462,293,6320.2027
0,383,1,2,3821,967,194,3360.1027
0,384,3,0,4821,1630,249,6010.2197
0,385,1,2,3556,1232,247,3642.1397
0,386,1,1,687,14,2,0.2197
0,387,3,2,3630,1158,194,4034.9057
0,388,1,2,3558,1230,245,3642.1397
0,389,1,1,677,24,2,0.4394
0,390,1,2,3821,967,194,3360.1027
0,391,1,1,687,14,2,0.2197
0,392,1,0,4989,1462,293,6320.2027
0,393,1,0,4823,1628,247,6010.2197
0,394,3,1,687,14,2,0.2197
0,395,1,2,3821,967,194,3360.1027
0,396,1,0,4714,1737,350,6602.2397
0,397,3,1,687,14,2,0.2197
0,398,3,0,4987,1464,295,6320.2027
0,399,1,1,687,14,2,0.2197
0,400,1,1,687,14,2,0.2197
0,401,1,2,3556,1232,247,3642.1397
0,402,1,1,687,14,2,0.2197
0,403,1,0,4971,1480,293,6383.7967
0,404,3,2,3558,1230,245,3642.1397
0,405,1,0,4874,1577,293,6726.4977
0,406,1,0,4823,1628,247,6010.2197
0,407,1,0,4724,1727,346,6602.2397
0,408,1,2,3556,1232,247,3642.1397
0,409,1,2,3556,1232,247,3642.1397
0,410,1,1,664,37,4,0.2197
0,411,1,0,4870,1581,295,6733.5637
0,412,1,0,4989,1462,293,6320.2027
0,413,1,2,3538,1250,245,3642.5791
0,414,3,0,4817,1634,247,6010.35152
0,415,1,2,3466,1322,245,3917.6797
0,416,1,0,4908,1543,293,6606.3757
0,417,3,0,4724,1727,346,6602.2397
0,418,1,0,4823,1628,247,6010.2197
0,419,1,1,687,14,2,0.2197
0,420,3,2,3821,967,194,3360.1027
0,421,1,1,687,14,2,0.2197
0,422,1,0,4989,1462,293,6320.2027
0,423,1,0,4823,1628,247,6010.2197
0,424,1,0,4892,1559,295,6655.8377
0,425,1,2,3556,1232,247,3642.1397
0,426,1,1,687,14,2,0.2197
0,427,3,1,687,14,2,0.2197
0,428,3,2,3819,969,194,3367.1687
0,429,1,1,687,14,2,0.2197
0,430,3,2,3558,1230,245,3642.1397
0,431,1,2,3821,967,194,3360.1027
0,432,1,2,3821,967,194,3360.1027
0,433,3,0,4823,1628,247,6010.2197
0,434,1,0,4859,1592,295,6772.4267
0,435,1,2,3552,1236,245,3642.27152
0,436,3,0,4724,1727,346,6602.2397
0,437,3,2,3556,1232,247,3642.1397
0,438,3,0,4724,1727,346,6602.2397
0,439,1,2,3554,1234,249,3642.1397
0,440,1,1,687,14,2,0.2197
0,441,3,1,687,14,2,0.2197
0,442,1,1,687,14,2,0.2197
0,443,1,0,4989,1462,293,6320.2027
0,444,1,1,687,14,2,0.2197
0,445,1,0,4987,1464,295,6320.2027
0,446,1,2,3558,1230,245,3642.1397
0,447,1,1,687,14,2,0.2197
0,448,3,0,4794,1657,293,7009.1377
0,449,1,0,4930,1521,295,6521.5837
0,450,1,2,3558,1230,245,3642.1397
0,451,1,2,3556,1232,247,3642.1397
0,452,1,1,687,14,2,0.2197
0,453,3,1,687,14,2,0.2197
0,454,1,0,4977,1474,295,6320.4224
0,455,1,1,671,30,2,0.57122
0,456,1,2,3821,967,194,3360.1027
0,457,3,1,687,14,2,0.2197
0,458,1,2,3558,1230,245,3642.1397
0,459,1,2,3558,1230,245,3642.1397
0,460,1,1,687,14,2,0.2197
0,461,3,0,4780,1671,293,7058.5997
0,462,1,2,3558,1230,245,3642.1397
0,463,1,0,4935,1516,295,6503.9187
0,464,1,0,4724,1727,346,6602.2397
0,465,3,0,4823,1628,247,6010.2197
0,466,3,0,4821,1630,249,6010.2197
0,467,1,0,4989,1462,293,6320.2027
0,468,1,2,3821,967,194,3360.1027
0,469,1,1,687,14,2,0.2197
0,470,1,0,4823,1628,247,6010.2197
0,471,1,1,687,14,2,0.2197
0,472,1,0,4815,1636,293,6934.9447
0,473,1,1,687,14,2,0.2197
0,474,1,2,3821,967,194,3360.1027
0,475,1,0,4823,1628,247,6010.2197
0,476,1,2,3558,1230,245,3642.1397
0,477,1,0,4989,1462,293,6320.2027
0,478,1,0,4815,1636,293,6934.9447
0,479,3,2,3558,1230,245,3642.1397
0,480,3,0,4724,1727,346,6602.2397
0,481,1,0,4722,1729,348,6602.2397
0,482,1,2,3556,1232,247,3642.1397
0,483,1,2,3821,967,194,3360.1027
0,484,1,2,3729,1059,194,3685.1387
0,485,3,0,4724,1727,346,6602.2397
0,486,1,1,677,24,2,0.4394
0,487,1,0,4821,1630,249,6010.2197
0,488,3,1,687,14,2,0.2197
0,489,1,0,4796,1655,295,6995.0057
0,490,1,1,687,14,2,0.2197
0,491,1,0,4724,1727,346,6602.2397
0,492,1,1,687,14,2,0.2197
0,493,3,2,3811,977,194,3395.4327
0,494,1,0,4780,1671,293,7058.5997
0,495,1,1,687,14,2,0.2197
0,496,1,0,4841,1610,295,6836.0207
0,497,1,2,3556,1232,247,3642.1397
0,498,3,0,4724,1727,346,6602.2397
0,499,1,2,3669,1119,194,3897.1187
0,500,1,1,687,14,2,0.2197
0,501,1,0,4989,1462,293,6320.2027
0,502,1,1,687,14,2,0.2197
0,503,1,2,3556,1232,247,3642.1397
0,504,1,1,687,14,2,0.2197
0,505,1,2,3650,1138,194,3964.2457
0,506,1,2,3735,1053,194,3663.9407
0,507,1,0,4823,1628,247,6010.2197
0,508,1,2,3821,967,194,3360.1027
0,509,3,2,3821,967,194,3360.1027
0,510,1,1,687,14,2,0.2197
0,511,1,0,4823,1628,247,6010.2197
0,512,1,1,687,14,2,0.2197
0,513,1,2,3821,967,194,3360.1027
0,514,1,2,3821,967,194,3360.1027
0,515,3,0,4823,1628,247,6010.2197
0,516,1,0,4839,1612,295,6843.0867
0,517,1,2,3558,1230,245,3642.1397
0,518,1,0,4838,1613,295,6846.6197
0,519,1,0,4722,1729,348,6602.2397
0,520,3,0,4823,1628,247,6010.2197
0,521,3,1,687,14,2,0.2197
0,522,1,1,687,14,2,0.2197
0,523,1,0,4983,1468,293,6320.33452
0,524,1,1,687,14,2,0.2197
0,525,1,0,4987,1464,295,6320.2027
0,526,1,1,687,14,2,0.2197
0,527,1,1,687,14,2,0.2197
0,528,1,1,687,14,2,0.2197
0,529,3,0,4989,1462,293,6320.2027
0,530,3,0,4987,1464,295,6320.2027
0,531,1,2,3558,1230,245,3642.1397
0,532,3,1,687,14,2,0.2197
0,533,1,2,3821,967,194,3360.1027
0,534,1,2,3821,967,194,3360.1027
0,535,1,1,687,14,2,0.2197
0,536,1,0,4724,1727,346,6602.2397
0,537,3,2,3556,1232,247,3642.1397
0,538,1,2,3660,1128,194,3928.9157
0,539,1,1,687,14,2,0.2197
0,540,1,2,3447,1341,247,3968.5947
0,541,3,2,3558,1230,245,3642.1397
0,542,1,0,4977,1474,295,6355.5327
0,543,1,1,687,14,2,0.2197
0,544,3,0,4724,1727,346,6602.2397
0,545,1,2,3556,1232,247,3642.1397
0,546,3,0,4722,1729,348,6602.2397
0,547,3,2,3556,1232,247,3642.1397
0,548,1,2,3607,1181,194,4095.09852
0,549,3,1,680,21,2,0.37349
0,550,1,1,670,31,2,0.59319
0,551,1,2,3616,1172,194,4084.3677
0,552,1,2,3558,1230,245,3642.1397
0,553,3,2,3558,1230,245,3642.1397
0,554,3,1,687,14,2,0.2197
0,555,1,2,3740,1048,194,3646.2757
0,556,3,2,3665,1123,194,3911.2507
0,557,1,1,685,16,4,0.2197
0,558,1,1,687,14,2,0.2197
0,559,1,1,687,14,2,0.2197
0,560,1,2,3558,1230,245,3642.1397
0,561,1,1,687,14,2,0.2197
0,562,1,2,3556,1232,247,3642.1397
0,563,3,0,4722,1729,346,6602.28364
0,564,3,2,3797,991,194,3444.8947
0,565,1,0,4963,1488,295,6404.9947
0,566,1,2,3558,1230,245,3642.1397
0,567,1,2,3556,1232,247,3642.1397
0,568,3,1,687,14,2,0.2197
0,569,1,2,3556,1232,247,3642.1397
0,570,1,0,4980,1471,293,6351.9997
0,571,1,0,4987,1464,295,6320.2027
0,572,1,2,3558,1230,245,3642.1397
0,573,1,0,4989,1462,293,6320.2027
0,574,1,2,3556,1232,247,3642.1397
0,575,1,2,3821,967,194,3360.1027
0,576,1,1,687,14,2,0.2197
0,577,1,0,4987,1464,295,6320.2027
0,578,1,1,687,14,2,0.2197
0,579,1,2,3558,1230,245,3642.1397
0,580,1,1,687,14,2,0.2197
0,581,1,0,4989,1462,293,6320.2027
0,582,1,0,4813,1638,247,6010.4394
0,583,1,0,4806,1645,249,6010.54925
0,584,1,1,687,14,2,0.2197
0,585,3,1,687,14,2,0.2197
0,586,1,0,4973,1478,295,6369.6647
0,587,3,2,3556,1232,247,3642.1397
0,588,1,1,687,14,2,0.2197
0,589,3,2,3807,981,194,3409.5647
0,590,1,1,687,14,2,0.2197
0,591,3,0,4823,1628,247,6010.2197
0,592,3,1,681,20,2,0.35152
0,593,1,0,4889,1562,293,6673.5027
0,594,1,0,4722,1729,348,6602.2397
0,595,1,0,4830,1621,293,6881.9497
0,596,3,0,4823,1628,247,6010.2197
0,597,1,0,4821,1630,249,6010.2197
0,598,1,2,3821,967,194,3360.1027
0,599,3,2,3821,967,194,3360.1027
0,600,1,2,3556,1232,247,3642.1397
0,601,1,2,3821,967,194,3360.1027
0,602,3,0,4989,1462,293,6320.2027
0,603,3,1,687,14,2,0.2197
0,604,1,1,687,14,2,0.2197
0,605,3,0,4989,1462,293,6320.2027
0,606,1,0,4989,1462,293,6320.2027
0,607,1,1,687,14,2,0.2197
0,608,1,0,4880,1571,295,6698.2337
0,609,3,1,687,14,2,0.2197
0,610,1,0,4970,1481,293,6387.3297
0,611,3,2,3548,1240,245,3642.3594
0,612,1,0,4717,1734,346,6602.39349
0,613,1,1,687,14,2,0.2197
0,614,1,1,687,14,2,0.2197
0,615,1,2,3821,967,194,3360.1027
0,616,1,0,4985,1466,293,6334.3347
0,617,1,2,3556,1232,247,3642.1397
0,618,1,1,687,14,2,0.2197
0,619,3,2,3821,967,194,3360.1027
0,620,1,2,3821,967,194,3360.1027
0,621,3,2,3558,1230,245,3642.1397
0,622,3,1,687,14,2,0.2197
0,623,1,1,687,14,2,0.2197
0,624,1,1,687,14,2,0.2197
0,625,1,2,3821,967,194,3360.1027
0,626,3,1,687,14,2,0.2197
0,627,1,1,687,14,2,0.2197
0,628,3,1,687,14,2,0.2197
0,629,3,1,687,14,2,0.2197
0,630,1,0,4989,1462,293,6320.2027
0,631,1,0,4987,1464,295,6320.2027
0,632,3,0,4823,1628,247,6010.2197
0,633,1,1,687,14,2,0.2197
0,634,1,2,3546,1242,247,3642.3594
0,635,1,0,4717,1734,346,6602.39349
0,636,1,0,4987,1464,295,6320.2027
0,637,1,0,4987,1464,295,6320.2027
0,638,1,2,3556,1232,247,3642.1397
0,639,3,0,4777,1674,293,7069.1987
0,640,3,1,687,14,2,0.2197
0,641,1,1,687,14,2,0.2197
0,642,1,0,4823,1628,247,6010.2197
0,643,3,1,687,14,2,0.2197
0,644,1,1,687,14,2,0.2197
0,645,1,2,3820,968,194,3360.12467
0,646,3,0,4823,1628,247,6010.2197
0,647,1,1,687,14,2,0.2197
0,648,3,1,687,14,2,0.2197
0,649,3,1,687,14,2,0.2197
0,650,1,0,4989,1462,293,6320.2027
0,651,1,2,3821,967,194,3360.1027
0,652,1,0,4821,1630,249,6010.2197
0,653,1,0,4821,1630,249,6010.2197
0,654,1,2,3558,1230,245,3642.1397
0,655,1,0,4850,1601,295,6804.2237
0,656,3,2,3556,1232,247,3642.1397
0,657,1,0,4857,1594,293,6786.5587
0,658,1,0,4724,1727,346,6602.2397
0,659,3,0,4724,1727,346,6602.2397
0,660,1,1,687,14,2,0.2197
0,661,1,0,4720,1731,350,6602.2397
0,662,3,0,4849,1602,295,6807.7567
0,663,1,2,3821,967,194,3360.1027
0,664,1,1,687,14,2,0.2197
0,665,3,1,687,14,2,0.2197
0,666,1,2,3556,1232,247,3642.1397
0,667,1,2,3752,1036,194,3603.8797
0,668,1,1,687,14,2,0.2197
0,669,1,1,687,14,2,0.2197
0,670,3,1,687,14,2,0.2197
0,671,1,2,3821,967,194,3360.1027
0,672,1,2,3821,967,194,3360.1027
0,673,3,0,4823,1628,247,6010.2197
0,674,1,1,687,14,2,0.2197
0,675,3,2,3558,1230,245,3642.1397
0,676,1,0,4970,1481,293,6387.3297
0,677,1,2,3693,1095,194,3812.3267
0,678,1,2,3556,1232,247,3642.1397
0,679,1,2,3556,1232,247,3642.1397
0,680,1,0,4821,1630,293,6913.7467
0,681,1,0,4823,1628,247,6010.2197
0,682,1,0,4821,1630,249,6010.2197
0,683,3,0,4819,1632,295,6913.7467
0,684,1,2,3558,1230,245,3642.1397
0,685,1,1,687,14,2,0.2197
0,686,3,1,687,14,2,0.2197
0,687,1,1,687,14,2,0.2197
0,688,3,2,3548,1240,245,3672.0897
0,689,1,0,4809,1642,295,6942.05464
0,690,1,2,3556,1232,247,3642.1397
0,691,1,1,687,14,2,0.2197
0,692,1,1,687,14,2,0.2197
0,693,1,1,687,14,2,0.2197
0,694,1,1,687,14,2,0.2197
0,695,1,2,3821,967,194,3360.1027
0,696,1,0,4823,1628,247,6010.2197
0,697,1,0,4823,1628,247,6010.2197
0,698,1,2,3821,967,194,3360.1027
0,699,3,0,4819,1632,293,6920.8127
0,700,1,2,3558,1230,245,3642.1397
0,701,1,2,3546,1242,247,3642.3594
0,702,1,1,687,14,2,0.2197
0,703,1,2,3550,1238,247,3642.27152
0,704,3,2,3689,1099,194,3826.4587
0,705,1,0,4792,1659,293,7016.2037
0,706,3,1,687,14,2,0.2197
0,707,1,2,3556,1232,247,3642.1397
0,708,1,0,4989,1462,293,6320.2027
0,709,3,1,687,14,2,0.2197
0,710,1,0,4989,1462,293,6320.2027
0,711,1,1,687,14,2,0.2197
0,712,1,0,4989,1462,293,6320.2027
0,713,3,2,3821,967,194,3360.1027
0,714,1,2,3693,1095,194,3812.3267
0,715,1,1,687,14,2,0.2197
0,716,1,1,687,14,2,0.2197
0,717,1,2,3821,967,194,3360.1027
0,718,3,2,3558,1230,245,3642.1397
0,719,1,0,4872,1579,293,6733.5637
0,720,1,1,685,16,4,0.2197
0,721,3,0,4823,1628,247,6010.2197
0,722,3,0,4724,1727,346,6602.2397
0,723,3,2,3821,967,194,3360.1027
0,724,1,2,3821,967,194,3360.1027
0,725,1,0,4722,1729,346,6602.28364
0,726,1,1,687,14,2,0.2197
0,727,1,0,4987,1464,295,6320.2027
0,728,1,2,3384,1404,247,4157.2797
0,729,3,2,3558,1230,245,3642.1397
0,730,1,0,4968,1483,295,6387.3297
0,731,1,1,687,14,2,0.2197
0,732,1,0,4920,1531,293,6563.9797
0,733,1,1,687,14,2,0.2197
0,734,1,0,4987,1464,295,6320.2027
0,735,3,1,687,14,2,0.2197
0,736,1,1,687,14,2,0.2197
0,737,1,1,687,14,2,0.2197
0,738,1,1,687,14,2,0.2197
0,739,1,1,687,14,2,0.2197
0,740,3,0,4989,1462,293,6320.2027
0,741,1,0,4987,1464,295,6320.2027
0,742,1,1,687,14,2,0.2197
0,743,1,2,3821,967,194,3360.1027
0,744,1,0,4989,1462,293,6320.2027
0,745,3,1,687,14,2,0.2197
0,746,3,0,4838,1613,295,6846.6197
0,747,3,2,3558,1230,245,3642.1397
0,748,1,1,687,14,2,0.2197
0,749,1,2,3558,1230,245,3642.1397
0,750,1,1,687,14,2,0.2197
0,751,3,2,3821,967,194,3360.1027
0,752,3,2,3792,996,194,3462.5597
0,753,3,2,3555,1233,247,3642.16167
0,754,3,2,3558,1230,245,3642.1397
0,755,1,0,4823,1628,247,6010.2197
0,756,1,0,4867,1584,295,6744.1627
0,757,3,0,4927,1524,295,6532.1827
0,758,1,0,4724,1727,346,6602.2397
0,759,1,2,3558,1230,245,3642.1397
0,760,1,0,4792,1659,293,7016.2037
0,761,1,0,4961,1490,293,6419.1267
0,762,3,1,687,14,2,0.2197
0,763,1,0,4987,1464,295,6320.2027
0,764,1,2,3791,997,194,3445.02652
0,765,3,0,4823,1628,247,6010.2197
0,766,1,2,3558,1230,245,3642.1397
0,767,1,2,3556,1232,247,3642.1397
0,768,3,2,3556,1232,247,3642.1397
0,769,1,0,4823,1628,247,6010.2197
0,770,1,1,685,16,2,0.26364
0,771,3,2,3680,1108,194,3858.2557
0,772,1,1,687,14,2,0.2197
0,773,3,2,3756,1032,194,3589.7477
0,774,1,1,687,14,2,0.2197
0,775,3,2,3556,1232,247,3642.1397
0,776,1,2,3556,1232,247,3642.1397
0,777,1,0,4821,1630,293,6913.7467
0,778,1,0,4806,1645,295,6959.6757
0,779,1,2,3556,1232,247,3642.1397
0,780,1,0,4722,1729,348,6602.2397
0,781,1,0,4724,1727,346,6602.2397
0,782,1,1,687,14,2,0.2197
0,783,3,1,687,14,2,0.2197
0,784,3,1,687,14,2,0.2197
0,785,1,2,3821,967,194,3360.1027
0,786,1,0,4989,1462,293,6320.2027
0,787,3,1,687,14,2,0.2197
0,788,1,1,687,14,2,0.2197
0,789,1,0,4823,1628,247,6010.2197
0,790,3,1,687,14,2,0.2197
0,791,1,1,687,14,2,0.2197
0,792,1,1,687,14,2,0.2197
0,793,3,2,3821,967,194,3360.1027
0,794,1,0,4989,1462,293,6320.2027
0,795,1,1,687,14,2,0.2197
0,796,1,0,4881,1570,295,6694.7007
0,797,3,2,3558,1230,245,3642.1397
0,798,1,1,687,14,2,0.2197
0,799,3,0,4724,1727,346,6602.2397
0,800,1,1,687,14,2,0.2197
0,801,1,1,687,14,2,0.2197
0,802,1,0,4989,1462,293,6320.2027
0,803,1,2,3546,1242,247,3642.3594
0,804,1,1,687,14,2,0.2197
0,805,3,1,687,14,2,0.2197
0,806,1,0,4987,1464,295,6320.2027
0,807,1,2,3821,967,194,3360.1027
0,808,3,2,3558,1230,245,3642.1397
0,809,3,2,3556,1232,247,3642.1397
0,810,3,2,3556,1232,247,3642.1397
0,811,1,0,4724,1727,346,6602.2397
0,812,1,2,3556,1232,247,3642.1397
0,813,1,1,687,14,2,0.2197
0,814,1,2,3821,967,194,3360.1027
0,815,3,1,687,14,2,0.2197
0,816,1,2,3821,967,194,3360.1027
0,817,3,1,687,14,2,0.2197
0,818,1,2,3558,1230,245,3642.1397
0,819,1,1,687,14,2,0.2197
0,820,1,2,3689,1099,194,3826.4587
0,821,1,0,4823,1628,247,6010.2197
0,822,1,2,3558,1230,245,3642.1397
0,823,1,2,3694,1094,194,3808.7937
0,824,3,1,687,14,2,0.2197
0,825,1,2,3641,1147,194,3996.0427
0,826,1,2,3558,1230,245,3642.1397
0,827,1,2,3495,1293,245,3830.8247
0,828,3,0,4914,1537,293,6585.1777
0,829,3,0,4724,1727,346,6602.2397
0,830,3,2,3546,1242,247,3642.3594
0,831,3,0,4722,1729,348,6602.2397
0,832,3,2,3556,1232,247,3642.1397
0,833,3,1,687,14,2,0.2197
0,834,1,0,4724,1727,346,6602.2397
0,835,1,0,4987,1464,295,6320.2027
0,836,1,2,3821,967,194,3360.1027
0,837,3,1,685,16,4,0.2197
0,838,1,1,687,14,2,0.2197
0,839,1,2,3701,1087,194,3784.0627
0,840,3,0,4987,1464,295,6320.2027
0,841,1,2,3558,1230,245,3642.1397
0,842,1,1,687,14,2,0.2197
0,843,1,2,3821,967,194,3360.1027
0,844,1,0,4724,1727,346,6602.2397
0,845,3,1,687,14,2,0.2197
0,846,1,2,3639,1149,194,4003.1087
0,847,3,2,3556,1232,247,3642.1397
0,848,3,1,687,14,2,0.2197
0,849,3,0,4724,1727,346,6602.2397
0,850,1,2,3556,1232,247,3642.1397
0,851,1,0,4989,1462,293,6320.2027
0,852,3,1,685,16,4,0.2197
0,853,1,0,4989,1462,293,6320.2027
0,854,3,1,687,14,2,0.2197
0,855,3,0,4823,1628,247,6010.2197
0,856,1,2,3630,1158,194,4034.9057
0,857,1,0,4989,1462,293,6320.2027
0,858,3,2,3821,967,194,3360.1027
0,859,1,0,4823,1628,247,6010.2197
0,860,3,2,3557,1231,245,3642.16167
0,861,1,2,3821,967,194,3360.1027
0,862,1,2,3821,967,194,3360.1027
0,863,1,0,4724,1727,346,6602.2397
0,864,1,0,4823,1628,247,6010.2197
0,865,1,0,4952,1499,295,6443.8577
0,866,1,1,685,16,2,0.26364
0,867,1,2,3821,967,194,3360.1027
0,868,3,2,3558,1230,245,3642.1397
0,869,1,1,687,14,2,0.2197
0,870,1,0,4847,1604,293,6821.8887
0,871,1,2,3558,1230,245,3642.1397
0,872,3,1,687,14,2,0.2197
0,873,1,0,4897,1554,295,6638.1727
0,874,1,2,3558,1230,245,3642.1397
0,875,3,0,4724,1727,346,6602.2397
0,876,3,1,687,14,2,0.2197
0,877,3,0,4716,1735,348,6602.37152
0,878,3,2,3821,967,194,3360.1027
0,879,1,0,4975,1476,295,6362.5987
0,880,3,0,4724,1727,346,6602.2397
0,881,1,2,3655,1133,194,3946.5807
0,882,3,0,4823,1628,247,6010.2197
0,883,1,0,4821,1630,249,6010.2197
0,884,1,1,687,14,2,0.2197
0,885,1,2,3742,1046,196,3632.1437
0,886,1,2,3628,1160,194,4041.9717
0,887,1,2,3556,1232,247,3642.1397
0,888,1,1,687,14,2,0.2197
0,889,1,1,687,14,2,0.2197
0,890,1,0,4989,1462,293,6320.2027
0,891,1,0,4823,1628,247,6010.2197
0,892,1,1,687,14,2,0.2197
0,893,3,1,687,14,2,0.2197
0,894,1,1,687,14,2,0.2197
0,895,1,0,4989,1462,293,6320.2027
0,896,1,0,4953,1498,293,6447.3907
0,897,1,1,687,14,2,0.2197
0,898,3,0,4724,1727,346,6602.2397
0,899,3,2,3556,1232,247,3642.1397
0,900,1,0,4722,1729,346,6602.28364
0,901,3,0,4722,1729,348,6602.2397
0,902,1,0,4848,1603,293,6818.3557
0,903,1,0,4798,1653,295,6987.9397
0,904,1,1,687,14,2,0.2197
0,905,1,2,3742,1046,194,3639.2097
0,906,3,1,687,14,2,0.2197
0,907,3,0,4724,1727,346,6602.2397
0,908,1,2,3773,1015,194,3529.6867
0,909,1,2,3557,1231,245,3642.16167
0,910,1,0,4724,1727,346,6602.2397
0,911,3,1,687,14,2,0.2197
0,912,1,0,4722,1729,348,6602.2397
0,913,1,1,687,14,2,0.2197
0,914,1,1,687,14,2,0.2197
0,915,3,1,687,14,2,0.2197
0,916,1,0,4989,1462,293,6320.2027
0,917,1,0,4987,1464,295,6320.2027
0,918,1,1,687,14,2,0.2197
0,919,1,0,4989,1462,293,6320.2027
0,920,3,1,687,14,2,0.2197
0,921,3,1,687,14,2,0.2197
0,922,3,2,3821,967,194,3360.1027
0,923,1,1,687,14,2,0.2197
0,924,1,2,3821,967,194,3360.1027
0,925,1,2,3558,1230,245,3642.1397
0,926,1,2,3556,1232,247,3642.1397
0,927,1,1,677,24,2,0.4394
0,928,3,1,687,14,2,0.2197
0,929,3,2,3558,1230,245,3642.1397
0,930,1,1,687,14,2,0.2197
0,931,1,2,3558,1230,245,3642.1397
0,932,3,2,3701,1087,194,3784.0627
0,933,1,1,687,14,2,0.2197
0,934,3,1,687,14,2,0.2197
0,935,1,0,4989,1462,293,6320.2027
0,936,1,0,4724,1727,346,6602.2397
0,937,1,2,3556,1232,247,3642.1397
0,938,3,1,687,14,2,0.2197
0,939,1,1,687,14,2,0.2197
0,940,3,2,3821,967,194,3360.1027
0,941,3,2,3821,967,194,3360.1027
0,942,1,0,4724,1727,346,6602.2397
0,943,1,1,687,14,2,0.2197
0,944,1,1,687,14,2,0.2197
0,945,1,2,3821,967,194,3360.1027
0,946,1,0,4987,1464,295,6320.2027
0,947,1,2,3558,1230,245,3642.1397
0,948,1,1,687,14,2,0.2197
0,949,1,0,4823,1628,247,6010.2197
0,950,1,1,687,14,2,0.2197
0,951,1,0,4987,1464,295,6320.2027
0,952,1,0,4987,1464,295,6320.2027
0,953,1,2,3558,1230,245,3642.1397
0,954,1,0,4724,1727,346,6602.2397
0,955,1,2,3556,1232,247,3642.1397
0,956,1,0,4722,1729,348,6602.2397
0,957,1,2,3821,967,194,3360.1027
0,958,3,2,3821,967,194,3360.1027
0,959,1,2,3550,1238,247,3642.27152
0,960,3,1,687,14,2,0.2197
0,961,1,0,4724,1727,346,6602.2397
0,962,3,0,4878,1573,293,6712.3657
0,963,1,1,687,14,2,0.2197
0,964,1,2,3821,967,194,3360.1027
0,965,3,1,687,14,2,0.2197
0,966,3,1,687,14,2,0.2197
0,967,1,0,4918,1533,293,6571.0457
0,968,1,2,3777,1011,194,3515.5547
0,969,1,1,687,14,2,0.2197
0,970,1,0,4823,1628,247,6010.2197
0,971,1,2,3558,1230,245,3642.1397
0,972,1,0,4821,1630,249,6010.2197
0,973,1,0,4722,1729,348,6602.2397
0,974,3,1,687,14,2,0.2197
0,975,3,2,3702,1086,194,3780.5297
0,976,1,2,3821,967,194,3360.1027
0,977,1,2,3821,967,194,3360.1027
0,978,1,1,687,14,2,0.2197
0,979,1,2,3821,967,194,3360.1027
0,980,3,0,4823,1628,247,6010.2197
0,981,1,0,4819,1632,249,6010.26364
0,982,1,1,687,14,2,0.2197
0,983,3,0,4989,1462,293,6320.2027
0,984,1,1,687,14,2,0.2197
0,985,1,2,3821,967,194,3360.1027
0,986,3,2,3556,1232,247,3642.1397
0,987,3,1,667,34,2,0.6591
0,988,1,0,4714,1737,346,6602.4594
0,989,1,1,687,14,2,0.2197
0,990,1,0,4987,1464,295,6320.2027
0,991,3,2,3558,1230,245,3642.1397
0,992,3,2,3821,967,194,3360.1027
0,993,1,1,687,14,2,0.2197
0,994,3,0,4987,1464,295,6320.2027
0,995,3,1,687,14,2,0.2197
0,996,1,2,3558,1230,245,3642.1397
0,997,3,0,4989,1462,293,6320.2027
0,998,3,2,3723,1065,194,3706.3367
0,999,1,2,3556,1232,247,3642.1397
