2020-04-16 18:07:50

CONFIGURATION:
{u'simulation': {u'stdev_factor': 0.01, u'power_mgmt_enabled': False, u'tasks': {u'loc': {u'mean_service_time': {u'gpu': 90, u'cpu_core': 200, u'loc_accel': 10}, u'priority': 1, u'deadline': 1000, u'stdev_service_time': {u'gpu': 0.9, u'cpu_core': 2.0, u'loc_accel': 0.1}, u'power': {u'gpu': 4.457, u'cpu_core': 6.133, u'loc_accel': 0.02197}}, u'detect': {u'mean_service_time': {u'gpu': 0.4607, u'cpu_core': 3.654, u'det_accel': 0.278}, u'priority': 2, u'deadline': 1000, u'stdev_service_time': {u'gpu': 0.004607, u'cpu_core': 0.03654, u'det_accel': 0.0027800000000000004}, u'power': {u'gpu': 90, u'cpu_core': 200, u'det_accel': 10}}, u'Frontier': {u'mean_service_time': {u'cpu_core': 396}, u'priority': 9, u'deadline': 1000, u'stdev_service_time': {u'cpu_core': 3.96}, u'power': {u'cpu_core': 5.98}}, u'track': {u'mean_service_time': {u'gpu': 17, u'tra_accel': 2, u'cpu_core': 1820}, u'priority': 3, u'deadline': 1000, u'stdev_service_time': {u'gpu': 0.17, u'tra_accel': 0.02, u'cpu_core': 18.2}, u'power': {u'gpu': 12.79, u'tra_accel': 0.59, u'cpu_core': 5.6}}, u'sp': {u'mean_service_time': {u'gpu': 379, u'cpu_core': 1004}, u'priority': 11, u'deadline': 1000, u'stdev_service_time': {u'gpu': 3.79, u'cpu_core': 10.040000000000001}, u'power': {u'gpu': 3.302, u'cpu_core': 1004}}, u'mission': {u'mean_service_time': {u'cpu_core': 0.0022}, u'priority': 5, u'deadline': 1000, u'stdev_service_time': {u'cpu_core': 2.2000000000000003e-05}, u'power': {u'cpu_core': 3.534}}, u'motion': {u'mean_service_time': {u'cpu_core': 8}, u'priority': 6, u'deadline': 1000, u'stdev_service_time': {u'cpu_core': 0.08}, u'power': {u'cpu_core': 4.222}}, u'collision': {u'mean_service_time': {u'cpu_core': 8}, u'priority': 7, u'deadline': 1000, u'stdev_service_time': {u'cpu_core': 0.08}, u'power': {u'cpu_core': 0}}, u'fusion': {u'mean_service_time': {u'cpu_core': 1}, u'priority': 4, u'deadline': 1000, u'stdev_service_time': {u'cpu_core': 0.01}, u'power': {u'cpu_core': 0}}, u'map': {u'mean_service_time': {u'gpu': 761, u'cpu_core': 973}, u'priority': 10, u'deadline': 1000, u'stdev_service_time': {u'gpu': 7.61, u'cpu_core': 9.73}, u'power': {u'gpu': 3.533, u'cpu_core': 2.995}}, u'path': {u'mean_service_time': {u'cpu_core': 8}, u'priority': 8, u'deadline': 1000, u'stdev_service_time': {u'cpu_core': 0.08}, u'power': {u'cpu_core': 0}}}, u'sched_policy_module': u'policies.rheft', u'drop': True, u'servers': {u'gpu': {u'count': 2}, u'tra_accel': {u'count': 1}, u'cpu_core': {u'count': 8}, u'loc_accel': {u'count': 1}, u'det_accel': {u'count': 1}}, u'max_tasks_simulated': 10000, u'max_queue_size': 1000000, u'mean_arrival_time': 50, u'arrival_time_scale': 3}, u'general': {u'random_seed': 0, u'pre_gen_arrivals': False, u'basename': u'policy:rheft__stdev_factor:0.01', u'output_trace_file': None, u'working_dir': u'/home/hiwot/meta-stomp2/sim_16042020_180542_new_arrival_50_map_rheftmapping_50_trace_20', u'input_trace_file': (False, '../mv_mapping_50_trace_20.trc'), u'logging_level': u'INFO'}}
Time	Response time (avg)
961	951.0
1276	951.0
1607	1039.3
1617	1083.5
1676	1110.0
1912	1086.5
1916	1105.0
2503	1085.8
2863	1084.4
3248	1097.6
3454	1092.5
3488	1102.8
3644	1111.5
3814	1106.9
4139	1114.1
4322	1120.5
4382	1126.1
4392	1131.1
4405	1126.4
4640	1130.8
4834	1122.3
5124	1127.0
5175	1133.1
5356	1132.6
5785	1133.6
6916	1126.6
7090	1120.1
7379	1123.5
7766	1126.7
7784	1129.7
7924	1123.9
8041	1121.7
8423	1124.6
8447	1127.3
8516	1129.8
8875	1130.0
9067	1125.2
9398	1127.6
9453	1129.8
9668	1132.0
9815	1134.0
10156	1129.7
10312	1125.5
11072	1127.6
11203	1123.6
11527	1119.9
11876	1121.9
12235	1118.4
12478	1118.4
12668	1120.3
12848	1122.2
12977	1124.0
13025	1125.8
13184	1127.4
13357	1124.2
13597	1121.1
14243	1122.8
14291	1124.4
14308	1124.8
14557	1121.9
15071	1123.4
15191	1124.9
15259	1122.8
15508	1122.5
15677	1124.0
15926	1125.4
16210	1123.0
16459	1123.6
16472	1124.9
16649	1126.2
17161	1125.7
17312	1127.0
17410	1126.1
17672	1127.3
17783	1128.5
17885	1129.6
17969	1130.8
18071	1131.8
18112	1130.7
18361	1130.6
19063	1130.0
19088	1131.1
19315	1128.9
19673	1130.0
19688	1131.0
19706	1132.0
19916	1132.9
20014	1132.2
20198	1133.2
20216	1134.1
20266	1133.1
20495	1134.0
20922	1139.0
20965	1142.1
21163	1148.1
21217	1154.4
21414	1160.2
21423	1163.1
21432	1164.3
21738	1164.8
21893	1165.3
21922	1163.2
22168	1162.8
22202	1163.3
22873	1162.3
22907	1162.8
22925	1163.3
23119	1162.2
23295	1162.7
23357	1163.2
23477	1163.7
23609	1164.2
23657	1164.6
23845	1162.8
24070	1161.6
24287	1162.0
24656	1162.5
24695	1162.9
24767	1163.4
24845	1163.8
24982	1162.1
25207	1160.3
25745	1160.8
25939	1159.1
26848	1157.4
27427	1155.8
27799	1155.0
28088	1155.4
28378	1155.5
28484	1155.9
28700	1156.4
29635	1154.8
30016	1153.3
30586	1152.1
31007	1152.6
31012	1151.1
31313	1151.6
31358	1152.1
31370	1152.5
31380	1153.0
31514	1153.4
31537	1152.0
31553	1152.5
31963	1151.9
32297	1152.4
32488	1153.2
32666	1153.6
32914	1152.9
33314	1153.3
33439	1152.4
33485	1152.9
33865	1151.8
34169	1152.2
34390	1152.1
34556	1152.5
34754	1152.9
34816	1152.7
35099	1153.1
35114	1153.5
35189	1153.9
35341	1153.6
35594	1154.0
35767	1153.0
35804	1153.4
36757	1152.2
36820	1151.0
37523	1151.4
37541	1151.8
37708	1151.7
38092	1150.5
38432	1150.9
39262	1149.7
39352	1148.6
40136	1149.0
40363	1147.8
40483	1146.7
40814	1147.1
40991	1147.5
41314	1147.0
41434	1146.9
41630	1147.3
42580	1146.2
42760	1145.2
43052	1145.5
43552	1144.5
43556	1144.9
43711	1143.8
44417	1144.2
44920	1143.2
45337	1142.2
45871	1142.3
45905	1142.7
46082	1143.0
46357	1142.0
46712	1142.4
46808	1142.8
47029	1141.8
47308	1141.5
47603	1141.9
48256	1141.0
48319	1140.0
48779	1140.4
49807	1139.5
49996	1138.5
50309	1138.9
50399	1139.3
50758	1138.9
50768	1139.3
50810	1139.7
50947	1139.1
51314	1139.4
51428	1139.8
51476	1140.2
51525	1140.7
51717	1141.7
52090	1140.9
52196	1140.0
52700	1140.3
52958	1140.7
53041	1140.7
53147	1140.6
53405	1140.9
53543	1141.3
54061	1140.4
54136	1139.6
54419	1139.9
54429	1140.2
55282	1139.4
55387	1138.6
56228	1138.9
56258	1139.3
56279	1139.6
56317	1138.8
56383	1138.0
56888	1138.3
57274	1137.5
57703	1136.7
58225	1136.4
58654	1136.2
59057	1136.5
59176	1135.8
59201	1136.1
59605	1136.0
59801	1136.4
59930	1136.7
59972	1137.0
60011	1137.3
60127	1137.5
60143	1137.8
60437	1138.1
60556	1138.4
60669	1138.8
61078	1140.2
61430	1140.5
61507	1140.0
61970	1140.3
62029	1140.2
62066	1140.5
62288	1140.8
62357	1141.1
62367	1141.4
62390	1141.7
62458	1141.2
62980	1140.7
63192	1141.0
63409	1140.9
63650	1141.2
64450	1140.4
64543	1139.7
64826	1140.0
65401	1139.4
65644	1138.7
65981	1139.0
66320	1139.3
66352	1139.3
66802	1138.6
67077	1138.9
67303	1138.3
67757	1138.6
67870	1137.9
68857	1137.3
68971	1136.6
69847	1136.0
69955	1135.3
70643	1135.6
70739	1135.9
70798	1135.7
70906	1135.8
71030	1136.1
71517	1136.3
71567	1136.6
71749	1136.5
71756	1136.8
71965	1136.2
72700	1135.6
72916	1135.5
73106	1135.8
73562	1136.0
73607	1136.3
73651	1136.2
73874	1136.5
74200	1135.9
74602	1135.4
75391	1134.8
75553	1134.5
76100	1134.8
76342	1134.6
76504	1134.2
76763	1134.5
76773	1134.8
76856	1135.0
76937	1135.3
76947	1135.5
77291	1135.8
77293	1135.9
77312	1136.1
77506	1135.5
78001	1136.3
78161	1136.5
78194	1136.8
78263	1137.0
78634	1136.4
78709	1135.8
79025	1136.1
79226	1136.3
79481	1136.6
79942	1136.0
80602	1135.5
80893	1135.4
81003	1135.6
81032	1135.9
81125	1136.1
81185	1136.4
81195	1136.6
81434	1136.8
81444	1137.1
81553	1136.8
81844	1136.9
81929	1137.1
82417	1137.9
82550	1138.1
82660	1137.5
83011	1137.0
83611	1136.9
83663	1137.1
83807	1137.3
83885	1137.6
83942	1137.8
83962	1137.8
83963	1138.0
84218	1138.2
84394	1138.6
84562	1139.2
84775	1139.7
84913	1139.6
85198	1140.1
85374	1141.0
85452	1142.0
85513	1142.8
85523	1143.9
85613	1145.0
85643	1145.2
85712	1145.3
85864	1145.6
86507	1146.9
86512	1146.3
87136	1145.8
87463	1145.5
87470	1145.7
87654	1145.9
87758	1146.1
88073	1146.3
88087	1146.2
88202	1146.4
88364	1146.6
88374	1146.8
89125	1146.3
89461	1145.7
89873	1145.9
90076	1145.5
90451	1145.0
90812	1145.2
91027	1144.8
91034	1144.9
91397	1145.1
91402	1144.9
91604	1145.1
91667	1145.3
92419	1144.8
93010	1144.3
93305	1144.5
93524	1144.0
93827	1144.2
93932	1144.3
93961	1144.4
94136	1144.6
94475	1144.4
94608	1144.6
94622	1144.8
94673	1145.0
94912	1144.9
95449	1144.4
96031	1143.9
96400	1143.9
96617	1144.1
96899	1144.2
96974	1144.4
97028	1144.6
97129	1144.1
97360	1143.6
98080	1143.7
98177	1143.8
98261	1144.0
98311	1143.7
98351	1143.9
98747	1144.1
99031	1143.6
99262	1143.5
99722	1143.7
99848	1143.8
99930	1144.0
99989	1144.2
100645	1143.7
100804	1143.3
101481	1143.5
101596	1143.2
101755	1142.8
102062	1143.0
102547	1142.9
102563	1143.1
102678	1143.3
102874	1142.8
103154	1143.0
103409	1143.1
103588	1142.7
104011	1142.3
104312	1142.4
104513	1142.6
104537	1142.8
104545	1142.3
105010	1141.9
105496	1141.8
105542	1142.0
105762	1142.2
105830	1142.3
105884	1142.5
105961	1142.2
106525	1141.8
106817	1142.0
107050	1141.6
107476	1141.4
107837	1141.5
107912	1141.7
107922	1141.9
107981	1142.0
108091	1141.6
108706	1141.2
109064	1141.4
109144	1140.9
109657	1140.6
110224	1140.2
110608	1140.0
110807	1140.2
110906	1140.4
111175	1140.4
111197	1140.5
111302	1140.7
111353	1140.9
111551	1141.0
111658	1140.6
112126	1140.6
112238	1140.8
112511	1140.9
112609	1140.5
113077	1140.4
113411	1140.6
113647	1140.2
114028	1140.0
114266	1140.1
114278	1140.3
114598	1140.2
114644	1140.3
114731	1140.5
114979	1140.1
115259	1140.3
115295	1140.4
115549	1140.3
115898	1140.4
115930	1140.1
116758	1139.7
116881	1139.4
117287	1139.5
117425	1139.7
117443	1139.8
117542	1140.0
118306	1139.6
118744	1139.2
119257	1139.0
119297	1139.1
120148	1138.8
120325	1138.4
120623	1138.5
120641	1138.7
120728	1138.8
120738	1139.0
120875	1139.1
120941	1139.3
120951	1139.4
121099	1139.1
121276	1139.1
121433	1139.3
121971	1140.1
122050	1141.1
122167	1141.4
122227	1141.6
122458	1141.8
122765	1141.9
123001	1141.8
123173	1142.0
123178	1141.7
123881	1141.8
124156	1141.5
124384	1141.1
124745	1141.2
125060	1141.4
125102	1141.5
125107	1141.5
125147	1141.6
125335	1141.2
125726	1141.4
126058	1141.4
126098	1141.5
126260	1141.7
126796	1141.3
127015	1140.9
127747	1140.8
127896	1141.0
127966	1140.8
128243	1140.9
128264	1141.1
128444	1141.2
128929	1140.9
129119	1140.5
129581	1140.7
129880	1140.7
130013	1140.8
130147	1140.5
130831	1140.3
130874	1140.4
131215	1140.1
131627	1140.2
131824	1139.8
132152	1140.0
132166	1139.9
132320	1140.0
132330	1140.2
132422	1140.3
132775	1140.1
132812	1140.2
133094	1140.3
133117	1140.0
133517	1140.2
133726	1140.1
134068	1140.0
134198	1140.2
134270	1140.3
134600	1140.4
134677	1140.3
134954	1140.5
135046	1140.1
135509	1140.3
135628	1140.3
135659	1140.4
135938	1140.5
135997	1140.2
136508	1140.3
136579	1140.3
136721	1140.4
136808	1140.6
136847	1140.7
136895	1140.8
136982	1141.0
137011	1140.6
137286	1140.8
137315	1140.9
137530	1141.3
137738	1141.8
137953	1142.8
137962	1143.7
138024	1144.0
138398	1144.1
138565	1143.8
138860	1143.9
138913	1143.9
138965	1144.0
139196	1144.1
139516	1143.9
139823	1144.0
139864	1143.9
140006	1144.1
140081	1144.2
140467	1144.2
140744	1144.3
140815	1144.2
140846	1144.3
140856	1144.5
141074	1144.6
141335	1144.7
141345	1144.8
141418	1144.8
141671	1144.9
141766	1144.9
141810	1145.1
142072	1145.3
142369	1145.6
142375	1146.0
143236	1145.6
143320	1145.4
143975	1145.6
144095	1145.7
144187	1145.4
144271	1145.3
144482	1145.4
144818	1145.5
145022	1145.6
145138	1145.6
145297	1145.3
145697	1145.4
145718	1145.5
146299	1145.2
146551	1144.9
147056	1145.0
147179	1145.1
147194	1145.2
147250	1145.1
147449	1145.2
147502	1145.1
147731	1145.2
147842	1145.3
148010	1145.6
148201	1146.0
148436	1146.1
148756	1145.8
149311	1145.5
149707	1145.4
149826	1145.5
150005	1145.6
150080	1145.8
150262	1145.7
150461	1145.8
150587	1145.9
150718	1145.6
151213	1145.4
151217	1145.5
151568	1145.6
151936	1145.3
152164	1145.2
152657	1145.3
152714	1145.4
152724	1145.5
152734	1145.6
152873	1145.7
152883	1145.8
152887	1145.5
152936	1145.7
153115	1145.5
153149	1145.6
153838	1146.6
153949	1147.6
153950	1147.9
153961	1148.7
154066	1149.1
154089	1149.6
154402	1150.2
154594	1151.1
154679	1152.2
154789	1153.3
154860	1153.7
155017	1154.2
155691	1155.1
155692	1155.8
155740	1156.4
155810	1156.9
155821	1157.7
155895	1158.4
155968	1159.2
156134	1160.0
156172	1160.7
156691	1161.8
156919	1163.1
157092	1163.6
157310	1163.7
157454	1163.8
