2020-04-16 18:07:51

CONFIGURATION:
{u'simulation': {u'stdev_factor': 0.01, u'power_mgmt_enabled': False, u'tasks': {u'loc': {u'mean_service_time': {u'gpu': 90, u'cpu_core': 200, u'loc_accel': 10}, u'priority': 1, u'deadline': 1000, u'stdev_service_time': {u'gpu': 0.9, u'cpu_core': 2.0, u'loc_accel': 0.1}, u'power': {u'gpu': 4.457, u'cpu_core': 6.133, u'loc_accel': 0.02197}}, u'detect': {u'mean_service_time': {u'gpu': 0.4607, u'cpu_core': 3.654, u'det_accel': 0.278}, u'priority': 2, u'deadline': 1000, u'stdev_service_time': {u'gpu': 0.004607, u'cpu_core': 0.03654, u'det_accel': 0.0027800000000000004}, u'power': {u'gpu': 90, u'cpu_core': 200, u'det_accel': 10}}, u'Frontier': {u'mean_service_time': {u'cpu_core': 396}, u'priority': 9, u'deadline': 1000, u'stdev_service_time': {u'cpu_core': 3.96}, u'power': {u'cpu_core': 5.98}}, u'track': {u'mean_service_time': {u'gpu': 17, u'tra_accel': 2, u'cpu_core': 1820}, u'priority': 3, u'deadline': 1000, u'stdev_service_time': {u'gpu': 0.17, u'tra_accel': 0.02, u'cpu_core': 18.2}, u'power': {u'gpu': 12.79, u'tra_accel': 0.59, u'cpu_core': 5.6}}, u'sp': {u'mean_service_time': {u'gpu': 379, u'cpu_core': 1004}, u'priority': 11, u'deadline': 1000, u'stdev_service_time': {u'gpu': 3.79, u'cpu_core': 10.040000000000001}, u'power': {u'gpu': 3.302, u'cpu_core': 1004}}, u'mission': {u'mean_service_time': {u'cpu_core': 0.0022}, u'priority': 5, u'deadline': 1000, u'stdev_service_time': {u'cpu_core': 2.2000000000000003e-05}, u'power': {u'cpu_core': 3.534}}, u'motion': {u'mean_service_time': {u'cpu_core': 8}, u'priority': 6, u'deadline': 1000, u'stdev_service_time': {u'cpu_core': 0.08}, u'power': {u'cpu_core': 4.222}}, u'collision': {u'mean_service_time': {u'cpu_core': 8}, u'priority': 7, u'deadline': 1000, u'stdev_service_time': {u'cpu_core': 0.08}, u'power': {u'cpu_core': 0}}, u'fusion': {u'mean_service_time': {u'cpu_core': 1}, u'priority': 4, u'deadline': 1000, u'stdev_service_time': {u'cpu_core': 0.01}, u'power': {u'cpu_core': 0}}, u'map': {u'mean_service_time': {u'gpu': 761, u'cpu_core': 973}, u'priority': 10, u'deadline': 1000, u'stdev_service_time': {u'gpu': 7.61, u'cpu_core': 9.73}, u'power': {u'gpu': 3.533, u'cpu_core': 2.995}}, u'path': {u'mean_service_time': {u'cpu_core': 8}, u'priority': 8, u'deadline': 1000, u'stdev_service_time': {u'cpu_core': 0.08}, u'power': {u'cpu_core': 0}}}, u'sched_policy_module': u'policies.rheft', u'drop': True, u'servers': {u'gpu': {u'count': 2}, u'tra_accel': {u'count': 1}, u'cpu_core': {u'count': 8}, u'loc_accel': {u'count': 1}, u'det_accel': {u'count': 1}}, u'max_tasks_simulated': 10000, u'max_queue_size': 1000000, u'mean_arrival_time': 50, u'arrival_time_scale': 3}, u'general': {u'random_seed': 0, u'pre_gen_arrivals': False, u'basename': u'policy:rheft__stdev_factor:0.01', u'output_trace_file': None, u'working_dir': u'/home/hiwot/meta-stomp2/sim_16042020_180542_new_arrival_50_map_rheftmapping_50_trace_20', u'input_trace_file': (False, '../mv_mapping_50_trace_20.trc'), u'logging_level': u'INFO'}}
Time	Response time (avg)
1771	495.0
3358	495.0
3884	462.0
3949	470.2
4142	475.8
4817	479.0
4887	481.3
5036	470.6
5670	473.3
5851	475.5
7411	477.3
7585	478.8
7775	472.4
8162	466.9
8942	468.8
9370	470.4
9562	471.9
11468	467.7
11698	469.1
12272	465.4
12973	466.9
13064	463.6
13244	460.7
13520	462.1
14092	463.4
14803	464.7
15052	465.8
15566	466.8
16003	467.8
16705	468.7
17045	466.4
17656	467.2
17708	465.1
17905	466.0
18167	466.8
18566	467.6
18607	468.3
19558	469.0
20053	475.9
20175	476.6
20186	477.1
20548	478.5
20694	478.9
21417	479.2
21819	477.4
21909	477.8
22134	476.0
22388	476.4
23420	476.8
23614	477.2
23691	475.6
24340	475.9
24683	474.4
25163	473.0
25190	473.4
25241	472.0
25702	472.4
26434	472.8
27343	473.2
27922	473.5
28294	473.9
28583	474.2
28873	474.6
28880	473.3
29195	473.7
30130	474.0
31507	474.3
32048	474.6
33409	474.9
34885	475.2
35311	475.5
35609	475.7
36262	476.0
38203	476.3
38927	476.5
39847	476.8
40858	477.0
41210	475.9
41486	476.2
41929	476.4
43075	476.7
43952	475.7
45415	475.9
46301	475.0
46478	474.0
47803	474.3
48751	474.5
48814	474.7
50491	475.0
50899	475.2
51266	475.6
51305	476.3
51394	477.4
51781	481.2
51810	481.4
52212	481.5
52691	481.7
53096	480.8
53453	480.9
53939	480.1
54556	480.2
54815	479.4
55777	479.6
56753	479.7
56812	479.8
56878	480.0
57383	480.1
58198	480.3
59149	480.4
59453	479.6
59597	478.9
60112	479.1
60299	479.3
60622	479.4
60638	479.6
60932	479.7
61065	479.0
61826	478.3
62366	477.6
62524	477.7
62953	477.9
63687	478.0
63904	478.2
64046	477.5
65321	477.6
66139	477.8
66815	477.9
67297	478.0
67798	478.2
68252	478.3
68365	478.4
69466	478.6
70450	478.7
72460	478.8
73502	478.2
74102	478.3
74146	478.4
74270	477.8
75097	478.0
76048	478.1
76496	477.5
77003	477.7
77788	477.8
78397	477.2
78557	476.6
78659	476.1
79129	476.2
79204	476.4
79976	476.5
80437	476.6
81498	477.5
81527	477.8
81625	477.9
82912	478.0
83045	478.1
83155	478.2
83540	478.6
84158	479.0
84307	479.1
84383	479.2
84440	479.4
85270	480.8
85698	480.9
85770	480.4
85848	479.9
86018	480.0
86108	479.5
86108	480.1
86143	480.2
86359	480.3
87958	480.4
88253	480.5
88568	480.6
88582	480.7
88859	480.8
89956	480.8
90269	480.4
90571	480.4
91529	480.5
91892	480.6
92099	480.7
92162	480.8
92914	480.8
93701	480.4
94223	479.9
94970	480.0
95117	480.1
95168	480.2
95407	480.2
96526	480.3
97013	479.9
97370	479.4
97523	479.5
97624	479.6
97855	479.7
98575	479.8
98756	479.8
99757	479.9
100118	479.5
100343	479.6
101140	479.6
101299	479.7
102091	479.8
102250	479.9
102458	479.5
103173	479.5
103369	479.6
103649	479.7
103805	479.3
104506	479.4
104807	479.4
105008	479.5
105032	479.6
105040	479.6
106325	479.7
107020	479.8
107213	479.4
107545	479.5
107971	479.5
108332	479.6
108417	479.7
108476	479.8
109201	479.8
109559	479.9
111593	479.5
111670	479.6
112046	479.7
112621	479.7
114142	479.8
114662	479.4
115040	479.1
115093	479.1
115474	479.2
116044	479.3
116294	478.9
116425	479.0
117683	478.6
117920	478.7
117938	478.8
118801	478.8
119693	478.5
119752	478.6
121123	478.7
121139	478.7
121226	478.8
121373	478.9
121439	479.0
121618	479.7
121654	480.0
121868	480.5
122466	480.5
122662	480.6
122854	480.3
123161	479.9
123496	480.0
123668	480.0
123673	480.1
124651	480.2
124879	480.2
125456	479.9
125498	479.6
125830	479.6
126221	479.7
126593	479.7
126755	479.8
127291	479.9
128461	479.9
128738	480.0
128759	480.0
129424	480.1
130375	480.1
131270	479.8
132319	479.9
132548	479.6
132716	479.3
133612	479.3
134012	479.4
134221	479.4
134563	479.5
136055	479.2
137342	479.4
137395	479.5
137784	479.5
138025	479.6
138134	479.3
138420	479.0
138893	479.1
139408	479.1
139592	478.8
140011	478.9
140219	478.6
140576	478.7
141140	478.4
141351	478.4
141572	478.5
141841	478.6
141913	478.6
142206	478.3
142261	478.4
142567	478.4
142864	478.5
142870	478.6
143815	478.6
144766	478.7
144878	478.4
145517	478.4
145792	478.5
146192	478.6
146213	478.6
146794	478.7
147046	478.7
147674	478.8
147689	478.8
147745	478.9
147845	478.6
148931	478.7
149251	478.7
149806	478.8
150202	478.8
150500	478.9
150575	478.9
150757	479.0
151082	479.0
151708	479.1
153152	480.6
153378	480.7
153431	480.9
153644	481.1
154445	481.4
154451	481.5
154459	481.6
154584	482.0
154897	483.1
154940	483.2
155360	483.3
155855	484.3
156187	484.4
156193	484.4
156308	484.7
156316	484.7
156530	484.5
157186	484.5
157706	484.2
157949	484.3
