2020-04-16 18:07:50

CONFIGURATION:
{u'simulation': {u'stdev_factor': 0.01, u'power_mgmt_enabled': False, u'tasks': {u'loc': {u'mean_service_time': {u'gpu': 90, u'cpu_core': 200, u'loc_accel': 10}, u'priority': 1, u'deadline': 1000, u'stdev_service_time': {u'gpu': 0.9, u'cpu_core': 2.0, u'loc_accel': 0.1}, u'power': {u'gpu': 4.457, u'cpu_core': 6.133, u'loc_accel': 0.02197}}, u'detect': {u'mean_service_time': {u'gpu': 0.4607, u'cpu_core': 3.654, u'det_accel': 0.278}, u'priority': 2, u'deadline': 1000, u'stdev_service_time': {u'gpu': 0.004607, u'cpu_core': 0.03654, u'det_accel': 0.0027800000000000004}, u'power': {u'gpu': 90, u'cpu_core': 200, u'det_accel': 10}}, u'Frontier': {u'mean_service_time': {u'cpu_core': 396}, u'priority': 9, u'deadline': 1000, u'stdev_service_time': {u'cpu_core': 3.96}, u'power': {u'cpu_core': 5.98}}, u'track': {u'mean_service_time': {u'gpu': 17, u'tra_accel': 2, u'cpu_core': 1820}, u'priority': 3, u'deadline': 1000, u'stdev_service_time': {u'gpu': 0.17, u'tra_accel': 0.02, u'cpu_core': 18.2}, u'power': {u'gpu': 12.79, u'tra_accel': 0.59, u'cpu_core': 5.6}}, u'sp': {u'mean_service_time': {u'gpu': 379, u'cpu_core': 1004}, u'priority': 11, u'deadline': 1000, u'stdev_service_time': {u'gpu': 3.79, u'cpu_core': 10.040000000000001}, u'power': {u'gpu': 3.302, u'cpu_core': 1004}}, u'mission': {u'mean_service_time': {u'cpu_core': 0.0022}, u'priority': 5, u'deadline': 1000, u'stdev_service_time': {u'cpu_core': 2.2000000000000003e-05}, u'power': {u'cpu_core': 3.534}}, u'motion': {u'mean_service_time': {u'cpu_core': 8}, u'priority': 6, u'deadline': 1000, u'stdev_service_time': {u'cpu_core': 0.08}, u'power': {u'cpu_core': 4.222}}, u'collision': {u'mean_service_time': {u'cpu_core': 8}, u'priority': 7, u'deadline': 1000, u'stdev_service_time': {u'cpu_core': 0.08}, u'power': {u'cpu_core': 0}}, u'fusion': {u'mean_service_time': {u'cpu_core': 1}, u'priority': 4, u'deadline': 1000, u'stdev_service_time': {u'cpu_core': 0.01}, u'power': {u'cpu_core': 0}}, u'map': {u'mean_service_time': {u'gpu': 761, u'cpu_core': 973}, u'priority': 10, u'deadline': 1000, u'stdev_service_time': {u'gpu': 7.61, u'cpu_core': 9.73}, u'power': {u'gpu': 3.533, u'cpu_core': 2.995}}, u'path': {u'mean_service_time': {u'cpu_core': 8}, u'priority': 8, u'deadline': 1000, u'stdev_service_time': {u'cpu_core': 0.08}, u'power': {u'cpu_core': 0}}}, u'sched_policy_module': u'policies.rheft', u'drop': True, u'servers': {u'gpu': {u'count': 2}, u'tra_accel': {u'count': 1}, u'cpu_core': {u'count': 8}, u'loc_accel': {u'count': 1}, u'det_accel': {u'count': 1}}, u'max_tasks_simulated': 10000, u'max_queue_size': 1000000, u'mean_arrival_time': 50, u'arrival_time_scale': 3}, u'general': {u'random_seed': 0, u'pre_gen_arrivals': False, u'basename': u'policy:rheft__stdev_factor:0.01', u'output_trace_file': None, u'working_dir': u'/home/hiwot/meta-stomp2/sim_16042020_180542_new_arrival_50_map_rheftmapping_50_trace_20', u'input_trace_file': (False, '../mv_mapping_50_trace_20.trc'), u'logging_level': u'INFO'}}
Time	Response time (avg)
715	3.0
725	3.0
748	3.0
805	3.0
966	3.4
1153	3.3
1183	3.3
1432	3.2
1610	3.2
1622	3.4
1681	3.5
1714	3.5
1778	3.8
1917	3.9
1921	3.9
1987	3.9
2508	3.9
3251	3.9
3289	3.8
3365	4.0
3647	7.7
3889	10.8
3896	10.8
3908	22.2
3959	21.7
4147	21.2
4149	20.6
4150	22.2
4387	21.7
4410	21.1
4738	20.5
4822	20.0
4839	19.6
4894	19.2
4906	18.7
4951	18.3
5041	17.9
5129	17.6
5383	17.2
5518	16.9
5675	16.6
5790	16.3
5858	16.1
5932	15.8
6232	15.5
6865	15.2
6898	15.0
7416	14.8
7576	14.5
7592	14.4
7780	14.2
7789	14.0
7861	13.8
7929	13.6
8046	13.5
8169	13.4
8230	13.2
8428	13.1
8521	12.9
8947	12.8
9375	12.7
9401	12.5
9458	12.4
9569	12.3
9673	12.2
9820	12.1
10161	12.0
10317	11.9
10942	11.7
11059	11.6
11131	11.5
11473	11.4
11532	11.3
11645	11.2
11703	11.1
11719	11.0
12136	10.9
12240	10.8
12277	10.8
12541	10.7
12676	10.6
12978	10.5
12980	10.4
13069	10.3
13189	10.3
13249	10.2
13252	10.1
13362	10.1
13527	10.0
13624	10.0
14097	9.9
14248	9.9
14296	9.8
14395	9.7
14808	9.7
14839	9.6
15059	9.6
15196	9.5
15264	9.5
15571	9.4
15682	9.4
15703	9.3
15931	9.3
16010	9.3
16464	9.2
16475	9.2
16624	9.1
16710	9.1
16766	9.0
16906	9.0
16933	8.9
17050	8.9
17083	8.8
17093	8.8
17164	8.7
17661	8.7
17713	8.7
17752	8.6
17788	8.6
17890	8.6
17912	8.5
17974	8.5
18172	8.5
18366	8.5
18571	8.4
18614	8.4
19091	8.4
19135	8.3
19210	8.3
19680	9.2
19921	10.7
19926	10.7
19935	11.0
19938	11.2
19947	11.3
20182	12.2
20189	12.2
20196	12.2
20198	13.2
20199	13.9
20500	15.9
20505	17.4
20516	17.5
20553	17.4
20699	17.3
20970	17.2
21166	17.1
21222	17.0
21422	16.9
21437	16.9
21824	16.8
21914	16.7
21927	16.6
22139	16.6
22173	16.5
22205	16.4
22393	16.3
22807	16.2
22878	16.2
22910	16.1
23360	16.0
23427	16.0
23482	15.9
23612	15.8
23621	15.8
23660	15.7
23674	15.6
23696	15.5
24075	15.5
24345	15.4
24659	15.3
24690	15.3
24987	15.2
25168	15.2
25195	15.1
25246	15.1
25707	15.0
25750	14.9
26439	14.9
27211	14.8
27348	14.8
27927	14.7
28301	14.7
28588	14.6
28627	14.6
28637	14.5
28753	14.4
28878	14.4
28887	14.3
28975	14.3
29200	14.2
30021	14.2
30135	14.1
30469	14.1
30574	14.0
30591	14.0
30826	13.9
31010	13.9
31316	14.0
31321	14.0
31361	14.0
31375	13.9
31385	13.9
31501	13.8
31512	13.8
31519	13.7
31542	13.7
31968	13.6
32053	13.6
32218	13.6
32302	13.5
32493	13.5
32669	13.4
32707	13.4
32731	13.3
33272	13.3
33317	13.2
33414	13.2
33444	13.2
33490	13.1
33870	13.1
33871	13.0
34172	13.0
34303	13.0
34559	12.9
34757	12.9
34890	12.8
35102	12.8
35194	12.8
35316	12.7
35346	12.7
35599	12.7
35616	12.6
35807	12.6
36196	12.5
36267	12.5
36421	12.5
36652	12.4
36762	12.4
36825	12.4
37526	12.3
37546	12.3
38097	12.3
38208	12.2
38725	12.2
38932	12.2
39016	12.1
39055	12.1
39169	12.1
39267	12.0
39852	12.0
40141	12.0
40488	12.0
40863	11.9
41107	11.9
41203	11.9
41215	11.8
41319	11.8
41350	11.8
41491	11.7
41635	11.7
41710	11.7
41936	11.7
41944	11.6
42765	11.6
43055	11.6
43082	11.6
43557	11.5
43716	11.5
43879	11.5
43957	11.5
44260	11.4
44320	11.4
44420	11.4
45136	11.3
45342	11.3
45420	11.3
45637	11.3
45876	11.2
46306	11.2
46362	11.2
46483	11.2
46717	11.1
46813	11.1
47034	11.1
47606	11.1
47810	11.1
47866	11.0
48520	11.0
48756	11.0
48784	11.0
48821	10.9
48895	10.9
49812	10.9
50404	11.2
50501	11.2
51273	12.4
51280	12.4
51308	15.0
51315	14.9
51323	15.2
51399	15.2
51433	15.1
51481	15.1
51528	15.0
51574	15.0
51786	15.0
51796	14.9
51817	14.9
52095	14.9
52217	14.8
52276	14.8
52480	14.8
52696	14.7
53046	14.7
53101	14.7
53152	14.6
53389	14.6
53408	14.6
53460	14.6
53557	14.5
53944	14.5
54141	14.5
54151	14.4
54434	14.4
54561	14.4
54751	14.3
54822	14.3
55392	14.3
55705	14.2
55782	14.2
55939	14.2
56231	14.1
56284	14.1
56539	14.1
56614	14.1
56758	14.0
56819	14.0
56885	14.0
57279	14.0
57388	13.9
57442	13.9
57643	13.9
57754	13.8
57937	13.8
58203	13.8
58230	13.8
58849	13.7
59154	13.7
59181	13.7
59604	14.1
59611	14.1
59804	14.6
59938	14.6
59941	14.6
59950	14.6
59977	14.6
60016	14.6
60117	14.5
60304	14.5
60561	14.5
60565	14.5
60627	14.4
60645	14.4
60863	14.4
60937	14.3
61072	14.3
61083	14.3
61300	14.3
61512	14.2
61831	14.2
62069	14.2
62291	14.2
62362	14.1
62372	14.1
62373	14.1
62395	14.1
62531	14.1
62958	14.0
62985	14.0
63025	14.0
63268	13.9
63692	13.9
63911	13.9
64051	13.9
64455	13.9
64548	13.8
65134	13.8
65176	13.8
65326	13.8
65406	13.7
65554	13.7
65984	13.7
66146	13.7
66357	13.6
66820	13.6
67082	13.6
67304	13.6
67672	13.6
67805	13.5
68257	13.5
68372	13.5
68425	13.5
68479	13.5
68862	13.4
69028	13.4
69471	13.4
69619	13.4
69852	13.3
70294	13.3
70455	13.3
70646	13.3
70705	13.2
70720	13.2
70742	13.2
70803	13.2
70911	13.2
71035	13.1
71182	13.1
71522	13.1
71572	13.1
71754	13.1
71761	13.0
72465	13.0
72705	13.0
72763	13.0
72921	13.0
73096	12.9
73402	12.9
73507	12.9
73567	12.9
73948	12.8
74062	12.8
74107	12.8
74153	12.8
74205	12.8
74277	12.8
74911	12.7
75102	12.7
75241	12.7
75396	12.7
75490	12.7
75570	12.6
75745	12.6
75883	12.6
75955	12.6
76053	12.6
76501	12.9
76508	12.9
76774	12.9
76776	14.1
76779	14.0
76785	15.1
76785	15.9
76861	15.9
76942	15.8
76952	15.8
77008	15.8
77293	15.8
77294	15.7
77317	15.7
77511	15.7
77795	15.7
78197	15.6
78402	15.6
78564	15.6
78664	15.6
78964	15.5
79028	15.5
79066	15.5
79134	15.5
79211	15.5
79231	15.4
79981	15.4
80440	15.8
80447	15.8
80607	15.8
81130	15.9
81193	15.9
81196	16.2
81201	16.2
81437	16.3
81442	16.3
81450	16.3
81505	16.3
81534	16.3
81558	16.2
81622	16.2
81632	16.2
81787	16.2
81849	16.1
81934	16.1
82489	16.1
82682	16.1
82917	16.0
83162	16.2
83169	16.2
83178	16.3
83550	16.3
83553	16.9
83812	17.2
83945	17.4
83968	17.4
83973	17.4
84225	17.5
84230	17.5
84390	17.6
84397	17.6
84405	17.6
84445	17.6
85203	18.4
85280	18.4
85285	19.0
85648	19.1
85708	19.1
85775	19.0
85853	19.0
85939	19.0
85949	18.9
86025	18.9
86115	18.9
86115	18.9
86150	18.8
86364	18.8
86510	18.8
86517	18.8
86758	18.7
86896	18.7
87141	18.7
87331	18.6
87473	18.6
87657	18.6
87688	18.6
87700	18.5
87965	18.5
88207	18.5
88258	18.5
88379	18.4
88573	18.4
88589	18.4
88670	18.4
88813	18.3
88864	18.3
89130	18.3
89961	18.3
90151	18.2
90274	18.2
90456	18.2
90529	18.2
90576	18.1
90817	18.1
90838	18.1
91021	18.1
91032	18.0
91407	18.0
91534	18.0
91624	18.0
91897	17.9
92104	17.9
92169	17.9
92566	17.9
92659	17.8
92919	17.8
93015	17.8
93022	17.8
93032	17.7
93226	17.7
93529	17.7
93706	17.7
93937	17.6
93966	17.6
94139	17.6
94230	17.6
94477	17.6
94613	17.5
94975	17.5
95122	17.5
95175	17.5
95414	17.5
95454	17.4
96405	17.4
96531	17.4
96559	17.4
96902	17.3
97018	17.3
97375	17.3
97528	17.3
97631	17.3
97834	17.2
97862	17.2
98008	17.2
98180	17.2
98316	17.1
98356	17.1
98551	17.1
98580	17.1
98707	17.1
98737	17.0
98750	17.0
98763	17.0
98866	17.0
99036	17.0
99304	16.9
99415	16.9
99762	16.9
99935	16.9
99992	16.8
100125	16.8
100258	16.8
100318	16.8
100348	16.8
100366	16.7
100756	16.7
101089	16.7
101145	16.7
101306	16.7
101455	16.6
101484	16.6
102096	16.6
102124	16.6
102169	16.6
102255	16.5
102361	16.5
102463	16.5
102552	16.5
102566	16.5
102688	16.4
103178	16.4
103243	16.4
103374	16.4
103593	16.4
103656	16.3
103810	16.3
104443	16.3
104476	16.3
104511	16.3
104812	16.2
105013	16.2
105015	16.2
105039	16.2
105047	16.2
105501	16.2
105547	16.2
105703	16.1
105767	16.1
105889	16.1
105901	16.1
105966	16.1
105967	16.0
106330	16.0
106957	16.0
107025	16.0
107062	16.0
107218	15.9
107476	15.9
107550	15.9
107569	15.9
107915	15.9
107976	15.9
108096	15.8
108259	15.8
108337	15.8
108424	15.8
108481	15.8
109149	15.8
109171	15.7
109206	15.7
109566	15.7
109662	15.7
109703	15.7
109972	15.7
110150	15.6
110229	15.6
110613	15.6
110810	15.6
110911	15.6
111305	15.6
111355	15.5
111356	15.5
111526	15.5
111598	15.5
111663	15.5
111675	15.5
111691	15.4
111823	15.4
112053	15.4
112241	15.4
112516	15.4
112614	15.4
112628	15.3
112780	15.3
113082	15.3
113414	15.3
113545	15.3
113863	15.3
114033	15.2
114147	15.2
114281	15.2
114667	15.2
114734	15.2
114997	15.2
115045	15.1
115098	15.1
115264	15.1
115300	15.1
115330	15.1
115481	15.1
115666	15.1
115693	15.0
115750	15.0
115864	15.0
116038	15.0
116049	15.0
116299	15.0
116339	14.9
116349	14.9
116430	14.9
116527	14.9
116560	14.9
116763	14.9
116886	14.9
117545	14.8
117604	14.8
117690	14.8
117823	14.8
117865	14.8
117927	14.8
117945	14.8
118195	14.7
118749	14.7
118792	14.7
118806	14.7
118870	14.7
118894	14.7
119248	14.6
119698	14.6
119707	14.6
119757	14.6
119773	14.6
119827	14.6
120153	14.6
120628	15.0
120731	15.4
120746	15.4
120749	15.8
120878	15.9
121146	15.9
121153	15.9
121229	16.2
121236	16.2
121440	16.2
121444	16.2
121447	16.2
121450	16.3
121625	16.3
121661	16.2
121875	16.2
122055	16.2
122232	16.2
122471	16.2
122669	16.2
122680	16.2
122695	16.1
122812	16.1
122861	16.1
122986	16.1
123028	16.1
123127	16.1
123166	16.0
123484	16.0
123501	16.0
123673	16.0
123680	16.0
123886	16.0
124639	16.0
124656	15.9
124748	15.9
124886	15.9
125014	15.9
125112	15.9
125150	15.9
125461	15.9
125505	15.8
125569	15.8
125837	15.8
126063	15.8
126226	15.8
126598	15.8
126760	15.8
127020	15.7
127296	15.7
127752	15.7
127901	15.7
128161	15.7
128413	15.7
128447	15.7
128458	15.6
128466	15.6
128745	15.6
128766	15.6
128788	15.6
129124	15.6
129157	15.6
129429	15.5
129556	15.5
129586	15.5
130016	15.5
130152	15.5
130348	15.5
130382	15.5
130836	15.5
131220	15.4
131275	15.4
131332	15.4
131452	15.4
131509	15.4
131630	15.4
131668	15.4
132130	15.3
132171	15.3
132324	15.3
132335	15.3
132427	15.3
132555	15.3
132723	15.3
132780	15.3
132817	15.2
133099	15.2
133453	15.2
133601	15.2
133617	15.2
134017	15.2
134201	15.2
134228	15.1
134275	15.1
134464	15.1
134570	15.1
134605	15.1
134682	15.1
134959	15.1
135051	15.1
135512	15.1
135633	15.0
135754	15.0
135941	15.0
136002	15.0
136060	15.0
136511	15.4
136516	15.4
136726	15.5
136731	15.5
136900	15.6
136990	15.6
137016	15.5
137289	15.6
137323	15.6
137349	15.6
137402	15.6
137789	15.6
137958	15.5
137967	15.5
137998	15.5
138030	15.5
138127	15.5
138141	15.5
138425	15.5
138541	15.5
138570	15.4
138622	15.4
138865	15.4
138898	15.4
138970	15.4
139413	15.4
139426	15.4
139597	15.4
140011	15.5
140016	15.5
140018	15.5
140074	15.5
140224	15.5
140398	15.4
140581	15.6
140588	15.6
140851	15.6
140856	15.6
141150	15.6
141153	15.7
141338	15.9
141343	15.9
141356	15.9
141535	15.9
141579	15.8
141674	15.8
141846	15.8
141918	15.8
142211	15.8
142266	15.8
142572	15.8
142869	15.8
142877	15.7
143241	15.7
143434	15.7
143452	15.7
143587	15.7
143820	15.7
143854	15.7
143978	15.7
144098	15.6
144192	15.6
144373	15.6
144607	15.6
144649	15.6
144771	15.6
144823	15.6
144885	15.6
144886	15.5
145143	15.5
145225	15.5
145522	15.5
145531	15.5
145797	15.5
146197	15.5
146220	15.5
147053	15.7
147060	15.7
147064	15.7
147233	15.7
147243	15.7
147679	15.9
147686	15.9
147695	15.8
147736	15.8
147752	15.8
147847	15.8
147850	15.8
148015	15.8
148206	15.8
148732	15.8
148936	15.8
149256	15.7
149440	15.7
149811	15.7
149829	15.7
150209	15.7
150464	15.7
150507	15.7
150582	15.7
150723	15.6
150764	15.6
150976	15.6
151087	15.6
151105	15.6
151220	15.6
151573	15.6
151713	15.6
152719	16.4
152724	16.4
152729	16.4
152734	16.4
152739	16.4
153157	16.7
153164	16.7
153175	16.9
153180	16.9
153438	17.0
153445	16.9
153454	17.0
153457	17.0
153956	17.3
154458	17.3
154465	17.3
154469	17.3
154470	17.6
154476	18.2
154594	18.2
154599	18.2
154865	18.4
154907	18.4
154912	18.5
154943	18.5
154950	18.5
155698	18.8
155860	18.8
155867	18.8
155876	19.6
155903	19.6
155973	19.6
156175	19.6
156180	19.6
156189	19.6
156192	19.6
156200	19.6
156315	19.5
156323	19.5
156535	19.5
156924	19.5
157097	19.5
157191	19.5
157711	19.5
157956	19.5
