2020-04-16 18:07:51

CONFIGURATION:
{u'simulation': {u'stdev_factor': 0.01, u'power_mgmt_enabled': False, u'tasks': {u'loc': {u'mean_service_time': {u'gpu': 90, u'cpu_core': 200, u'loc_accel': 10}, u'priority': 1, u'deadline': 1000, u'stdev_service_time': {u'gpu': 0.9, u'cpu_core': 2.0, u'loc_accel': 0.1}, u'power': {u'gpu': 4.457, u'cpu_core': 6.133, u'loc_accel': 0.02197}}, u'detect': {u'mean_service_time': {u'gpu': 0.4607, u'cpu_core': 3.654, u'det_accel': 0.278}, u'priority': 2, u'deadline': 1000, u'stdev_service_time': {u'gpu': 0.004607, u'cpu_core': 0.03654, u'det_accel': 0.0027800000000000004}, u'power': {u'gpu': 90, u'cpu_core': 200, u'det_accel': 10}}, u'Frontier': {u'mean_service_time': {u'cpu_core': 396}, u'priority': 9, u'deadline': 1000, u'stdev_service_time': {u'cpu_core': 3.96}, u'power': {u'cpu_core': 5.98}}, u'track': {u'mean_service_time': {u'gpu': 17, u'tra_accel': 2, u'cpu_core': 1820}, u'priority': 3, u'deadline': 1000, u'stdev_service_time': {u'gpu': 0.17, u'tra_accel': 0.02, u'cpu_core': 18.2}, u'power': {u'gpu': 12.79, u'tra_accel': 0.59, u'cpu_core': 5.6}}, u'sp': {u'mean_service_time': {u'gpu': 379, u'cpu_core': 1004}, u'priority': 11, u'deadline': 1000, u'stdev_service_time': {u'gpu': 3.79, u'cpu_core': 10.040000000000001}, u'power': {u'gpu': 3.302, u'cpu_core': 1004}}, u'mission': {u'mean_service_time': {u'cpu_core': 0.0022}, u'priority': 5, u'deadline': 1000, u'stdev_service_time': {u'cpu_core': 2.2000000000000003e-05}, u'power': {u'cpu_core': 3.534}}, u'motion': {u'mean_service_time': {u'cpu_core': 8}, u'priority': 6, u'deadline': 1000, u'stdev_service_time': {u'cpu_core': 0.08}, u'power': {u'cpu_core': 4.222}}, u'collision': {u'mean_service_time': {u'cpu_core': 8}, u'priority': 7, u'deadline': 1000, u'stdev_service_time': {u'cpu_core': 0.08}, u'power': {u'cpu_core': 0}}, u'fusion': {u'mean_service_time': {u'cpu_core': 1}, u'priority': 4, u'deadline': 1000, u'stdev_service_time': {u'cpu_core': 0.01}, u'power': {u'cpu_core': 0}}, u'map': {u'mean_service_time': {u'gpu': 761, u'cpu_core': 973}, u'priority': 10, u'deadline': 1000, u'stdev_service_time': {u'gpu': 7.61, u'cpu_core': 9.73}, u'power': {u'gpu': 3.533, u'cpu_core': 2.995}}, u'path': {u'mean_service_time': {u'cpu_core': 8}, u'priority': 8, u'deadline': 1000, u'stdev_service_time': {u'cpu_core': 0.08}, u'power': {u'cpu_core': 0}}}, u'sched_policy_module': u'policies.rheft', u'drop': True, u'servers': {u'gpu': {u'count': 2}, u'tra_accel': {u'count': 1}, u'cpu_core': {u'count': 8}, u'loc_accel': {u'count': 1}, u'det_accel': {u'count': 1}}, u'max_tasks_simulated': 10000, u'max_queue_size': 1000000, u'mean_arrival_time': 50, u'arrival_time_scale': 3}, u'general': {u'random_seed': 0, u'pre_gen_arrivals': False, u'basename': u'policy:rheft__stdev_factor:0.01', u'output_trace_file': None, u'working_dir': u'/home/hiwot/meta-stomp2/sim_16042020_180542_new_arrival_50_map_rheftmapping_50_trace_20', u'input_trace_file': (False, '../mv_mapping_50_trace_20.trc'), u'logging_level': u'INFO'}}
Time	Response time (avg)
716	1.0
726	1.0
749	1.0
806	1.0
967	1.0
1154	1.0
1184	1.0
1433	1.0
1611	1.0
1623	1.0
1682	1.0
1715	1.0
1779	1.0
1918	1.0
1924	1.1
1988	1.1
2509	1.1
3252	1.1
3290	1.1
3366	1.1
3899	1.5
3902	1.7
3905	12.9
3952	14.2
4142	20.9
4152	20.3
4153	19.7
4155	19.2
4388	18.6
4411	18.0
4739	17.4
4823	16.9
4840	16.4
4895	16.0
4907	15.5
4952	15.1
5042	14.8
5130	14.4
5384	14.1
5519	13.7
5676	13.4
5791	13.1
5859	12.8
5933	12.6
6233	12.3
6866	12.1
6899	11.8
7417	11.6
7577	11.4
7593	11.2
7781	11.0
7790	10.8
7862	10.6
7930	10.4
8047	10.3
8170	10.1
8231	9.9
8429	9.8
8522	9.6
8948	9.5
9376	9.3
9402	9.2
9459	9.1
9570	9.0
9674	8.8
9821	8.7
10162	8.6
10318	8.5
10943	8.4
11060	8.3
11132	8.2
11474	8.1
11533	8.0
11646	7.9
11704	7.8
11720	7.7
12137	7.6
12241	7.5
12278	7.4
12542	7.4
12677	7.3
12979	7.2
12983	7.2
13070	7.1
13190	7.0
13252	7.0
13253	6.9
13363	6.8
13528	6.8
13625	6.7
14098	6.6
14249	6.6
14297	6.5
14396	6.5
14809	6.4
14840	6.3
15060	6.3
15197	6.2
15265	6.2
15572	6.1
15683	6.1
15704	6.0
15932	6.0
16011	5.9
16465	5.9
16476	5.8
16625	5.8
16711	5.8
16767	5.7
16907	5.7
16934	5.6
17051	5.6
17084	5.5
17094	5.5
17165	5.5
17662	5.4
17714	5.4
17753	5.3
17789	5.3
17891	5.3
17913	5.2
17975	5.2
18173	5.2
18367	5.1
18572	5.1
18615	5.1
19092	5.0
19136	5.0
19211	5.0
19691	5.0
19929	5.0
19932	5.1
19941	5.1
19944	5.1
20189	5.1
20192	5.1
20195	6.8
20201	6.8
20204	6.8
20207	6.8
20508	6.8
20511	6.8
20517	6.8
20554	6.8
20700	6.7
20971	6.7
21167	6.6
21223	6.6
21423	6.6
21438	6.5
21825	6.5
21915	6.4
21928	6.4
22140	6.4
22174	6.3
22206	6.3
22396	6.3
22808	6.3
22879	6.2
22911	6.2
23361	6.2
23428	6.1
23483	6.1
23613	6.1
23622	6.0
23661	6.0
23675	6.0
23697	5.9
24076	5.9
24346	5.9
24660	5.9
24691	5.8
24988	5.8
25169	5.8
25196	5.7
25247	5.7
25708	5.7
25751	5.7
26440	5.6
27212	5.6
27349	5.6
27928	5.6
28302	5.5
28589	5.5
28628	5.5
28638	5.5
28754	5.4
28879	5.4
28888	5.4
28976	5.4
29201	5.3
30022	5.3
30136	5.3
30470	5.3
30575	5.3
30592	5.2
30827	5.2
31011	5.2
31324	5.2
31327	5.2
31362	5.2
31376	5.2
31386	5.1
31502	5.1
31513	5.1
31520	5.1
31543	5.1
31969	5.0
32054	5.0
32219	5.0
32303	5.0
32494	5.0
32670	5.0
32708	4.9
32732	4.9
33273	4.9
33318	4.9
33415	4.9
33445	4.8
33491	4.8
33871	4.8
33874	4.8
34173	4.8
34304	4.8
34560	4.8
34758	4.7
34891	4.7
35103	4.7
35195	4.7
35317	4.7
35347	4.7
35600	4.6
35617	4.6
35808	4.6
36197	4.6
36268	4.6
36422	4.6
36653	4.5
36763	4.5
36826	4.5
37527	4.5
37547	4.5
38098	4.5
38209	4.5
38726	4.4
38933	4.4
39017	4.4
39056	4.4
39170	4.4
39268	4.4
39853	4.4
40142	4.3
40489	4.3
40864	4.3
41108	4.3
41204	4.3
41216	4.3
41320	4.3
41351	4.3
41492	4.2
41636	4.2
41711	4.2
41937	4.2
41945	4.2
42766	4.2
43056	4.2
43083	4.2
43558	4.1
43717	4.1
43880	4.1
43958	4.1
44261	4.1
44321	4.1
44421	4.1
45137	4.1
45343	4.1
45421	4.0
45638	4.0
45877	4.0
46307	4.0
46363	4.0
46484	4.0
46718	4.0
46814	4.0
47035	4.0
47607	4.0
47811	3.9
47867	3.9
48521	3.9
48757	3.9
48785	3.9
48822	3.9
48896	3.9
49813	3.9
50494	4.2
50771	5.1
51283	5.1
51286	5.1
51317	5.1
51320	5.1
51324	5.1
51400	5.1
51434	5.1
51482	5.0
51529	5.0
51575	5.0
51787	5.0
51797	5.0
51818	5.0
52096	5.0
52218	4.9
52277	4.9
52481	4.9
52697	4.9
53047	4.9
53102	4.9
53153	4.9
53390	4.9
53409	4.8
53461	4.8
53558	4.8
53945	4.8
54142	4.8
54152	4.8
54435	4.8
54562	4.8
54752	4.8
54823	4.7
55393	4.7
55706	4.7
55783	4.7
55940	4.7
56232	4.7
56285	4.7
56540	4.7
56615	4.7
56759	4.6
56820	4.6
56886	4.6
57280	4.6
57389	4.6
57443	4.6
57644	4.6
57755	4.6
57938	4.6
58204	4.5
58231	4.5
58850	4.5
59155	4.5
59182	4.5
59614	4.5
59617	4.5
59933	4.9
59944	4.9
59947	4.9
59951	4.9
59978	4.9
60017	4.9
60118	4.8
60305	4.8
60562	4.8
60566	4.8
60628	4.8
60646	4.8
60864	4.8
60938	4.8
61075	4.8
61084	4.8
61301	4.7
61513	4.7
61832	4.7
62070	4.7
62292	4.7
62363	4.7
62373	4.7
62374	4.7
62396	4.7
62532	4.7
62959	4.6
62986	4.6
63026	4.6
63269	4.6
63693	4.6
63912	4.6
64052	4.6
64456	4.6
64549	4.6
65135	4.6
65177	4.6
65327	4.5
65407	4.5
65555	4.5
65985	4.5
66147	4.5
66358	4.5
66821	4.5
67083	4.5
67305	4.5
67673	4.5
67806	4.5
68258	4.4
68373	4.4
68426	4.4
68480	4.4
68863	4.4
69029	4.4
69472	4.4
69620	4.4
69853	4.4
70295	4.4
70456	4.4
70647	4.4
70706	4.3
70721	4.3
70743	4.3
70804	4.3
70912	4.3
71036	4.3
71183	4.3
71523	4.3
71573	4.3
71755	4.3
71762	4.3
72466	4.3
72706	4.3
72764	4.2
72922	4.2
73097	4.2
73403	4.2
73508	4.2
73568	4.2
73949	4.2
74063	4.2
74108	4.2
74154	4.2
74206	4.2
74278	4.2
74912	4.2
75103	4.1
75242	4.1
75397	4.1
75491	4.1
75571	4.1
75746	4.1
75884	4.1
75956	4.1
76054	4.1
76766	4.7
76769	5.2
76779	5.2
76782	5.2
76782	5.2
76788	5.2
76791	5.2
76862	5.2
76943	5.2
76953	5.2
77009	5.2
77294	5.2
77295	5.2
77318	5.2
77512	5.2
77796	5.2
78198	5.1
78403	5.1
78565	5.1
78665	5.1
78965	5.1
79029	5.1
79067	5.1
79135	5.1
79212	5.1
79232	5.1
79982	5.1
80450	5.1
80453	5.1
80608	5.1
81188	5.2
81198	5.2
81201	5.2
81204	5.2
81445	5.2
81447	5.2
81451	5.2
81506	5.2
81535	5.1
81559	5.1
81623	5.1
81633	5.1
81788	5.1
81850	5.1
81935	5.1
82490	5.1
82683	5.1
82918	5.1
83172	5.1
83175	5.1
83543	5.8
83556	5.8
83559	5.8
83888	5.9
83976	6.0
83979	6.0
83982	6.0
84233	6.0
84236	6.0
84397	6.0
84400	6.0
84406	6.0
84446	6.0
85273	6.1
85288	6.1
85291	6.1
85701	6.2
85709	6.2
85776	6.2
85854	6.2
85940	6.2
85950	6.2
86026	6.2
86116	6.1
86116	6.1
86151	6.1
86365	6.1
86511	6.1
86518	6.1
86759	6.1
86897	6.1
87142	6.1
87332	6.1
87474	6.0
87658	6.0
87689	6.0
87701	6.0
87966	6.0
88208	6.0
88259	6.0
88380	6.0
88574	6.0
88590	6.0
88671	6.0
88814	5.9
88865	5.9
89131	5.9
89962	5.9
90152	5.9
90275	5.9
90457	5.9
90530	5.9
90577	5.9
90818	5.9
90839	5.9
91022	5.8
91033	5.8
91408	5.8
91535	5.8
91625	5.8
91898	5.8
92105	5.8
92170	5.8
92567	5.8
92660	5.8
92920	5.8
93016	5.8
93023	5.7
93033	5.7
93227	5.7
93530	5.7
93707	5.7
93938	5.7
93967	5.7
94140	5.7
94231	5.7
94478	5.7
94614	5.7
94976	5.7
95123	5.6
95176	5.6
95415	5.6
95455	5.6
96406	5.6
96532	5.6
96560	5.6
96903	5.6
97019	5.6
97376	5.6
97529	5.6
97632	5.6
97835	5.6
97863	5.5
98009	5.5
98181	5.5
98317	5.5
98357	5.5
98552	5.5
98581	5.5
98708	5.5
98738	5.5
98751	5.5
98764	5.5
98867	5.5
99037	5.5
99305	5.4
99416	5.4
99763	5.4
99936	5.4
99993	5.4
100126	5.4
100259	5.4
100319	5.4
100349	5.4
100367	5.4
100757	5.4
101090	5.4
101146	5.4
101307	5.4
101456	5.3
101485	5.3
102097	5.3
102125	5.3
102170	5.3
102256	5.3
102362	5.3
102464	5.3
102553	5.3
102567	5.3
102689	5.3
103179	5.3
103244	5.3
103375	5.3
103594	5.2
103657	5.2
103811	5.2
104444	5.2
104477	5.2
104512	5.2
104813	5.2
105014	5.2
105018	5.2
105040	5.2
105048	5.2
105502	5.2
105548	5.2
105704	5.2
105768	5.2
105890	5.2
105902	5.1
105967	5.1
105970	5.1
106331	5.1
106958	5.1
107026	5.1
107063	5.1
107219	5.1
107479	5.1
107551	5.1
107570	5.1
107916	5.1
107977	5.1
108097	5.1
108260	5.1
108338	5.1
108425	5.1
108482	5.0
109150	5.0
109172	5.0
109207	5.0
109567	5.0
109663	5.0
109704	5.0
109973	5.0
110151	5.0
110230	5.0
110614	5.0
110811	5.0
110912	5.0
111306	5.0
111356	5.0
111359	5.0
111527	5.0
111599	4.9
111664	4.9
111676	4.9
111692	4.9
111824	4.9
112054	4.9
112242	4.9
112517	4.9
112615	4.9
112629	4.9
112781	4.9
113083	4.9
113415	4.9
113546	4.9
113864	4.9
114034	4.9
114148	4.9
114282	4.9
114668	4.8
114735	4.8
114998	4.8
115046	4.8
115099	4.8
115265	4.8
115301	4.8
115331	4.8
115482	4.8
115667	4.8
115694	4.8
115751	4.8
115865	4.8
116039	4.8
116050	4.8
116300	4.8
116340	4.8
116350	4.8
116431	4.7
116528	4.7
116561	4.7
116764	4.7
116887	4.7
117546	4.7
117605	4.7
117691	4.7
117824	4.7
117866	4.7
117928	4.7
117946	4.7
118196	4.7
118750	4.7
118793	4.7
118807	4.7
118871	4.7
118895	4.7
119249	4.7
119699	4.7
119708	4.6
119758	4.6
119774	4.6
119828	4.6
120154	4.6
120644	4.6
120741	4.7
120752	4.7
120755	4.7
120944	4.7
121156	4.7
121159	4.7
121239	4.8
121242	4.8
121447	4.8
121450	4.8
121452	4.8
121453	4.8
121626	4.8
121662	4.7
121876	4.7
122056	4.7
122233	4.7
122472	4.7
122670	4.7
122681	4.7
122696	4.7
122813	4.7
122862	4.7
122987	4.7
123029	4.7
123128	4.7
123167	4.7
123485	4.7
123502	4.7
123676	4.7
123681	4.7
123889	4.7
124640	4.7
124657	4.7
124749	4.6
124887	4.6
125015	4.6
125113	4.6
125151	4.6
125462	4.6
125506	4.6
125570	4.6
125838	4.6
126064	4.6
126227	4.6
126599	4.6
126761	4.6
127021	4.6
127297	4.6
127753	4.6
127902	4.6
128162	4.6
128414	4.6
128448	4.6
128459	4.6
128467	4.6
128746	4.5
128767	4.5
128789	4.5
129125	4.5
129158	4.5
129430	4.5
129557	4.5
129587	4.5
130017	4.5
130153	4.5
130349	4.5
130383	4.5
130837	4.5
131221	4.5
131276	4.5
131333	4.5
131453	4.5
131510	4.5
131631	4.5
131669	4.5
132131	4.5
132172	4.5
132325	4.5
132336	4.5
132428	4.4
132556	4.4
132724	4.4
132781	4.4
132818	4.4
133100	4.4
133454	4.4
133602	4.4
133618	4.4
134018	4.4
134202	4.4
134229	4.4
134276	4.4
134465	4.4
134571	4.4
134606	4.4
134683	4.4
134960	4.4
135052	4.4
135513	4.4
135634	4.4
135755	4.4
135942	4.4
136003	4.4
136061	4.3
136519	4.4
136522	4.4
136734	4.4
136737	4.4
136985	4.5
136991	4.5
137017	4.4
137318	4.5
137324	4.5
137350	4.5
137403	4.5
137790	4.5
137959	4.5
137968	4.5
137999	4.4
138031	4.4
138128	4.4
138142	4.4
138426	4.4
138542	4.4
138571	4.4
138623	4.4
138868	4.4
138899	4.4
138971	4.4
139414	4.4
139427	4.4
139598	4.4
140019	4.4
140021	4.4
140022	4.4
140075	4.4
140225	4.4
140399	4.4
140591	4.4
140594	4.4
141077	4.7
141143	5.0
141156	5.0
141159	5.0
141346	5.0
141348	5.0
141357	5.0
141536	5.0
141580	5.0
141675	5.0
141847	5.0
141919	4.9
142212	4.9
142267	4.9
142573	4.9
142870	4.9
142878	4.9
143242	4.9
143435	4.9
143453	4.9
143588	4.9
143821	4.9
143855	4.9
143979	4.9
144099	4.9
144193	4.9
144374	4.9
144608	4.9
144650	4.9
144772	4.9
144824	4.9
144886	4.9
144889	4.9
145144	4.9
145226	4.9
145523	4.8
145532	4.8
145798	4.8
146198	4.8
146221	4.8
147059	4.8
147061	4.8
147065	4.8
147234	4.8
147244	4.8
147689	4.8
147692	4.8
147698	4.8
147737	4.8
147753	4.8
147848	4.8
147851	4.8
148016	4.8
148207	4.8
148733	4.8
148937	4.8
149257	4.8
149441	4.8
149812	4.8
149830	4.8
150210	4.8
150465	4.8
150508	4.8
150583	4.8
150724	4.8
150765	4.7
150977	4.7
151088	4.7
151106	4.7
151221	4.7
151574	4.7
151714	4.7
152727	4.7
152730	4.7
152733	4.7
152742	4.7
152745	4.7
153167	4.7
153170	4.7
153183	4.7
153186	4.7
153448	4.8
153451	4.8
153460	4.8
153463	4.8
153964	4.8
154462	4.8
154472	4.8
154473	4.8
154475	4.8
154587	4.9
154602	4.9
154605	4.9
154900	4.9
154915	4.9
154918	4.9
154953	4.9
154956	4.9
155813	5.0
155870	5.0
155873	5.0
155898	5.0
155904	5.0
155974	5.0
156183	5.0
156186	5.0
156190	5.0
156193	5.0
156201	5.0
156316	5.0
156324	5.0
156536	5.0
156925	5.0
157098	5.0
157192	5.0
157712	5.0
157957	5.0
