2020-04-16 18:07:50

CONFIGURATION:
{u'simulation': {u'stdev_factor': 0.01, u'power_mgmt_enabled': False, u'tasks': {u'loc': {u'mean_service_time': {u'gpu': 90, u'cpu_core': 200, u'loc_accel': 10}, u'priority': 1, u'deadline': 1000, u'stdev_service_time': {u'gpu': 0.9, u'cpu_core': 2.0, u'loc_accel': 0.1}, u'power': {u'gpu': 4.457, u'cpu_core': 6.133, u'loc_accel': 0.02197}}, u'detect': {u'mean_service_time': {u'gpu': 0.4607, u'cpu_core': 3.654, u'det_accel': 0.278}, u'priority': 2, u'deadline': 1000, u'stdev_service_time': {u'gpu': 0.004607, u'cpu_core': 0.03654, u'det_accel': 0.0027800000000000004}, u'power': {u'gpu': 90, u'cpu_core': 200, u'det_accel': 10}}, u'Frontier': {u'mean_service_time': {u'cpu_core': 396}, u'priority': 9, u'deadline': 1000, u'stdev_service_time': {u'cpu_core': 3.96}, u'power': {u'cpu_core': 5.98}}, u'track': {u'mean_service_time': {u'gpu': 17, u'tra_accel': 2, u'cpu_core': 1820}, u'priority': 3, u'deadline': 1000, u'stdev_service_time': {u'gpu': 0.17, u'tra_accel': 0.02, u'cpu_core': 18.2}, u'power': {u'gpu': 12.79, u'tra_accel': 0.59, u'cpu_core': 5.6}}, u'sp': {u'mean_service_time': {u'gpu': 379, u'cpu_core': 1004}, u'priority': 11, u'deadline': 1000, u'stdev_service_time': {u'gpu': 3.79, u'cpu_core': 10.040000000000001}, u'power': {u'gpu': 3.302, u'cpu_core': 1004}}, u'mission': {u'mean_service_time': {u'cpu_core': 0.0022}, u'priority': 5, u'deadline': 1000, u'stdev_service_time': {u'cpu_core': 2.2000000000000003e-05}, u'power': {u'cpu_core': 3.534}}, u'motion': {u'mean_service_time': {u'cpu_core': 8}, u'priority': 6, u'deadline': 1000, u'stdev_service_time': {u'cpu_core': 0.08}, u'power': {u'cpu_core': 4.222}}, u'collision': {u'mean_service_time': {u'cpu_core': 8}, u'priority': 7, u'deadline': 1000, u'stdev_service_time': {u'cpu_core': 0.08}, u'power': {u'cpu_core': 0}}, u'fusion': {u'mean_service_time': {u'cpu_core': 1}, u'priority': 4, u'deadline': 1000, u'stdev_service_time': {u'cpu_core': 0.01}, u'power': {u'cpu_core': 0}}, u'map': {u'mean_service_time': {u'gpu': 761, u'cpu_core': 973}, u'priority': 10, u'deadline': 1000, u'stdev_service_time': {u'gpu': 7.61, u'cpu_core': 9.73}, u'power': {u'gpu': 3.533, u'cpu_core': 2.995}}, u'path': {u'mean_service_time': {u'cpu_core': 8}, u'priority': 8, u'deadline': 1000, u'stdev_service_time': {u'cpu_core': 0.08}, u'power': {u'cpu_core': 0}}}, u'sched_policy_module': u'policies.rheft', u'drop': True, u'servers': {u'gpu': {u'count': 2}, u'tra_accel': {u'count': 1}, u'cpu_core': {u'count': 8}, u'loc_accel': {u'count': 1}, u'det_accel': {u'count': 1}}, u'max_tasks_simulated': 10000, u'max_queue_size': 1000000, u'mean_arrival_time': 50, u'arrival_time_scale': 3}, u'general': {u'random_seed': 0, u'pre_gen_arrivals': False, u'basename': u'policy:rheft__stdev_factor:0.01', u'output_trace_file': None, u'working_dir': u'/home/hiwot/meta-stomp2/sim_16042020_180542_new_arrival_50_map_rheftmapping_50_trace_20', u'input_trace_file': (False, '../mv_mapping_50_trace_20.trc'), u'logging_level': u'INFO'}}
Time	Response time (avg)
10	10.0
325	10.0
391	10.0
401	10.2
460	10.2
700	10.2
712	10.1
722	10.6
745	10.6
802	10.5
943	10.5
1150	10.4
1180	10.4
1429	10.4
1552	10.3
1711	10.3
1789	10.3
1984	10.3
2032	10.3
2272	10.2
2413	10.2
2428	10.2
2767	10.2
2923	10.2
3106	10.2
3166	10.2
3176	10.6
3286	10.5
3364	10.5
3424	10.5
3565	10.5
3625	10.5
3883	10.5
3898	10.4
3908	10.7
4084	10.7
4234	10.7
4627	10.7
4735	10.6
4903	10.6
4948	10.6
5380	10.6
5515	10.6
5929	10.6
5965	10.6
6139	10.5
6163	10.5
6229	10.5
6550	10.5
6568	10.5
6862	10.5
6895	10.5
6973	10.5
6988	10.5
7207	10.5
7231	10.4
7300	10.4
7573	10.4
7738	10.4
7858	10.4
8116	10.4
8182	10.4
8227	10.4
8237	10.4
8452	10.4
8599	10.4
9205	10.4
9361	10.4
9856	10.4
10252	10.4
10576	10.4
10660	10.4
10939	10.4
11056	10.4
11128	10.3
11284	10.3
11359	10.3
11452	10.3
11632	10.3
11642	10.4
11716	10.4
11761	10.4
11809	10.4
11968	10.4
12133	10.4
12406	10.3
12538	10.3
12646	10.3
12673	10.3
13027	10.3
13075	10.3
13162	10.3
13249	10.3
13606	10.3
13621	10.3
13855	10.3
13975	10.3
14266	10.3
14392	10.3
14402	10.4
14461	10.4
14710	10.4
14836	10.4
15241	10.4
15256	10.4
15298	10.3
15433	10.3
15700	10.3
16072	10.3
16096	10.3
16348	10.3
16456	10.3
16567	10.3
16621	10.3
16669	10.3
16753	10.3
16763	10.3
16855	10.3
16903	10.3
16930	10.3
17068	10.3
17080	10.3
17090	10.3
17161	10.3
17239	10.3
17749	10.3
17872	10.3
17980	10.3
18364	10.3
18457	10.3
18472	10.3
18490	10.3
18700	10.3
18940	10.3
18982	10.3
19000	10.3
19132	10.3
19207	10.3
19225	10.3
19279	10.3
19321	10.3
19453	10.3
19471	10.3
19531	10.3
19696	10.3
19888	10.3
19898	10.3
19921	10.3
19972	10.3
20044	10.3
20083	10.3
20158	10.3
20522	10.3
20677	10.3
20971	10.3
20986	10.3
21043	10.3
21691	10.3
21709	10.3
21817	10.3
22069	10.3
22079	10.3
22141	10.3
22261	10.3
22393	10.3
22441	10.3
22804	10.3
22894	10.3
23044	10.3
23071	10.3
23440	10.3
23479	10.3
23551	10.3
23629	10.3
23671	10.3
24031	10.3
24256	10.3
24529	10.3
24988	10.3
25897	10.3
26476	10.3
26749	10.3
26872	10.3
27208	10.3
27218	10.3
27268	10.3
27484	10.3
28624	10.3
28634	10.3
28684	10.3
28750	10.3
28972	10.3
29065	10.3
29593	10.3
29791	10.3
30061	10.3
30097	10.3
30142	10.3
30154	10.3
30164	10.3
30298	10.3
30337	10.3
30466	10.3
30571	10.3
30581	10.4
30823	10.4
30889	10.4
31081	10.4
31213	10.3
31267	10.3
31450	10.3
31498	10.3
31867	10.3
32098	10.3
32215	10.3
32269	10.3
32419	10.3
32704	10.3
32728	10.3
32875	10.3
32953	10.3
33259	10.3
33269	10.3
33340	10.3
33538	10.3
33694	10.3
33868	10.3
33883	10.3
33898	10.3
33973	10.3
34231	10.3
34300	10.3
34378	10.3
34588	10.3
34771	10.3
35806	10.3
35869	10.3
36193	10.3
36307	10.3
36325	10.3
36418	10.3
36565	10.3
36649	10.3
37141	10.3
37216	10.3
38311	10.3
38401	10.3
38722	10.3
38920	10.3
39013	10.3
39052	10.3
39166	10.3
39412	10.3
39532	10.3
39598	10.3
39775	10.3
40255	10.3
40303	10.3
40414	10.3
41104	10.3
41200	10.3
41347	10.3
41629	10.3
41707	10.3
41809	10.3
41836	10.3
41941	10.3
42340	10.3
42601	10.3
42760	10.3
43201	10.3
43876	10.3
43969	10.3
44257	10.3
44317	10.3
44386	10.3
44689	10.3
44713	10.3
44866	10.3
45133	10.3
45406	10.3
45496	10.3
45592	10.3
45634	10.3
46078	10.3
46222	10.3
46387	10.3
47305	10.3
47368	10.3
47563	10.3
47863	10.3
48517	10.3
48856	10.3
48892	10.3
49045	10.3
49093	10.3
49183	10.3
49552	10.3
49594	10.3
49690	10.3
49936	10.3
50098	10.3
50212	10.3
50260	10.3
50270	10.3
50350	10.3
50533	10.3
51139	10.3
51235	10.3
51245	10.3
51484	10.3
51571	10.3
51742	10.3
51793	10.3
51898	10.3
52030	10.3
52189	10.3
52273	10.3
52327	10.3
52477	10.3
53110	10.3
53185	10.3
53203	10.3
53213	10.3
53386	10.3
53554	10.3
54148	10.3
54331	10.3
54436	10.3
54748	10.3
55012	10.3
55042	10.3
55063	10.3
55366	10.3
55432	10.3
55672	10.3
55702	10.3
55936	10.3
56323	10.3
56536	10.3
56611	10.3
56752	10.3
57160	10.3
57439	10.3
57580	10.3
57640	10.3
57751	10.3
57841	10.3
57934	10.3
57985	10.3
58207	10.3
58492	10.3
58585	10.3
58714	10.3
58756	10.3
58795	10.3
58846	10.3
58927	10.3
58954	10.3
59221	10.3
59353	10.3
59416	10.3
59602	10.3
59612	10.3
59914	10.3
59924	10.3
60214	10.3
60493	10.3
60562	10.3
60754	10.3
60850	10.3
60860	10.3
60892	10.3
61072	10.3
61141	10.3
61151	10.3
61174	10.3
61297	10.3
61447	10.3
61966	10.3
61976	10.3
62299	10.3
62434	10.3
63022	10.3
63265	10.3
63499	10.3
63592	10.3
63610	10.3
64420	10.3
64693	10.3
64765	10.3
65104	10.3
65131	10.3
65173	10.3
65224	10.3
65551	10.3
65851	10.3
65861	10.3
66313	10.3
66541	10.3
66919	10.3
67669	10.3
67906	10.3
68020	10.3
68422	10.3
68476	10.3
68896	10.3
69004	10.3
69025	10.3
69427	10.3
69523	10.3
69616	10.3
69697	10.3
69757	10.3
69814	10.3
70291	10.3
70301	10.3
70351	10.3
70540	10.3
70642	10.3
70702	10.3
70717	10.3
71014	10.3
71179	10.3
71716	10.3
71821	10.3
71890	10.3
72346	10.3
72391	10.3
72547	10.3
72658	10.3
72760	10.3
73093	10.3
73249	10.3
73399	10.3
73612	10.3
73945	10.3
74059	10.3
74440	10.3
74503	10.3
74884	10.3
74908	10.3
75238	10.3
75268	10.3
75472	10.3
75487	10.3
75547	10.3
75557	10.3
75567	10.3
75640	10.3
75721	10.3
75731	10.3
75742	10.3
75880	10.3
75952	10.3
76075	10.3
76096	10.3
76138	10.3
76234	10.3
76297	10.3
76405	10.3
76555	10.3
76633	10.3
76945	10.3
76978	10.3
77047	10.3
77290	10.3
77683	10.3
77758	10.3
77809	10.3
78010	10.3
78265	10.3
78961	10.3
78991	10.3
79063	10.3
79651	10.3
79777	10.3
79787	10.3
79816	10.3
79909	10.3
79969	10.3
79979	10.3
80218	10.3
80228	10.3
80245	10.3
80497	10.3
80689	10.3
80713	10.3
81028	10.3
81038	10.3
81334	10.3
81349	10.3
81619	10.3
81709	10.3
81784	10.3
82060	10.3
82447	10.3
82486	10.3
82519	10.3
82591	10.3
82669	10.3
82679	10.3
82726	10.3
82747	10.3
82828	10.3
83002	10.3
83104	10.3
83137	10.3
83209	10.3
83221	10.3
83458	10.3
83800	10.3
83810	10.3
83884	10.3
83935	10.3
83959	10.3
83995	10.3
84055	10.3
84088	10.3
84427	10.3
84496	10.3
84640	10.3
84883	10.3
85561	10.3
85936	10.3
85946	10.3
86185	10.3
86254	10.3
86428	10.3
86438	10.3
86542	10.3
86755	10.3
86857	10.3
86893	10.3
86959	10.3
86986	10.3
87148	10.3
87158	10.3
87328	10.3
87685	10.3
87697	10.3
88174	10.3
88510	10.3
88657	10.3
88667	10.3
88810	10.3
89086	10.3
89500	10.3
89596	10.3
89818	10.3
90046	10.3
90148	10.3
90181	10.3
90337	10.3
90388	10.3
90451	10.3
90526	10.3
90835	10.3
91018	10.3
91468	10.3
91621	10.3
92059	10.3
92089	10.3
92563	10.3
92573	10.3
92611	10.3
92656	10.3
92716	10.3
92806	10.3
92920	10.3
93019	10.3
93029	10.3
93223	10.3
93382	10.3
93392	10.3
93406	10.3
93457	10.3
93802	10.3
94474	10.3
94498	10.3
95080	10.3
95269	10.3
95401	10.3
95683	10.3
95758	10.3
95812	10.3
96178	10.3
96409	10.3
96556	10.3
96928	10.3
96961	10.3
97045	10.3
97135	10.3
97291	10.3
97531	10.3
97831	10.3
98005	10.3
98062	10.3
98176	10.3
98506	10.3
98548	10.3
98632	10.3
98704	10.3
98714	10.3
98734	10.3
98773	10.3
98863	10.3
99301	10.3
99412	10.3
99694	10.3
99853	10.3
100255	10.3
100265	10.3
100315	10.3
100363	10.3
100546	10.3
100753	10.3
100804	10.3
100846	10.3
101086	10.3
101347	10.3
101419	10.3
101452	10.3
101462	10.3
101923	10.3
101938	10.3
102121	10.3
102166	10.3
102193	10.3
102358	10.3
102637	10.3
102685	10.3
103060	10.3
103096	10.3
103240	10.3
103297	10.3
103321	10.3
103594	10.3
104059	10.3
104326	10.3
104380	10.3
104440	10.3
104473	10.3
104545	10.3
104614	10.3
104668	10.3
104938	10.3
105574	10.3
105601	10.3
105700	10.3
105898	10.3
105964	10.3
106099	10.3
106414	10.3
106621	10.3
106696	10.3
106706	10.3
106765	10.3
106954	10.3
107059	10.3
107140	10.3
107473	10.3
107566	10.3
107755	10.3
107848	10.3
108193	10.3
108256	10.3
108664	10.3
109168	10.3
109273	10.3
109552	10.3
109591	10.3
109690	10.3
109700	10.3
109969	10.3
109981	10.3
110029	10.3
110086	10.3
110137	10.3
110147	10.3
110335	10.3
110707	10.3
110995	10.3
111022	10.3
111295	10.3
111352	10.3
111523	10.3
111643	10.3
111688	10.3
111820	10.3
111985	10.3
112195	10.3
112696	10.3
112777	10.3
113005	10.3
113050	10.3
113062	10.3
113428	10.3
113500	10.3
113515	10.3
113542	10.3
113860	10.3
114016	10.3
114043	10.3
114079	10.3
114484	10.3
114682	10.3
114973	10.3
114994	10.3
115327	10.3
115663	10.3
115690	10.3
115747	10.3
115807	10.3
115861	10.3
115903	10.3
116035	10.3
116071	10.3
116209	10.3
116227	10.3
116326	10.3
116336	10.3
116346	10.3
116524	10.3
116557	10.3
117355	10.3
117601	10.3
117793	10.3
117820	10.3
117862	10.3
118081	10.3
118192	10.3
118237	10.3
118789	10.3
118867	10.3
118891	10.3
119197	10.3
119245	10.3
119374	10.3
119407	10.3
119425	10.3
119512	10.3
119522	10.3
119659	10.3
119704	10.3
119725	10.3
119735	10.3
119770	10.3
119824	10.3
120112	10.3
120151	10.3
120217	10.3
120373	10.3
120383	10.3
120397	10.3
120448	10.3
120814	10.3
120898	10.3
120979	10.3
120989	10.3
121231	10.3
121393	10.3
121549	10.3
121900	10.3
121957	10.3
122173	10.3
122665	10.3
122677	10.3
122692	10.3
122809	10.3
122983	10.3
123025	10.3
123124	10.3
123205	10.3
123433	10.3
123481	10.3
123529	10.3
123844	10.3
123886	10.3
123931	10.3
124006	10.3
124378	10.3
124510	10.3
124636	10.3
124882	10.3
124924	10.3
125011	10.3
125044	10.3
125566	10.3
125845	10.3
126064	10.3
126670	10.3
126680	10.3
126916	10.3
127027	10.3
127048	10.3
127228	10.3
127978	10.3
128158	10.3
128168	10.3
128365	10.3
128410	10.3
128455	10.3
128725	10.3
128785	10.3
128797	10.3
129154	10.3
129196	10.3
129553	10.3
129658	10.3
129805	10.3
130264	10.3
130345	10.3
130411	10.3
130873	10.3
130936	10.3
131071	10.3
131104	10.3
131114	10.3
131206	10.3
131329	10.3
131449	10.3
131506	10.3
131596	10.3
131665	10.3
131767	10.3
131878	10.3
132127	10.3
132163	10.3
132301	10.3
132622	10.3
132964	10.3
132982	10.3
133054	10.3
133384	10.3
133450	10.3
133588	10.3
133598	10.3
133738	10.3
134095	10.3
134293	10.3
134443	10.3
134461	10.3
134488	10.3
134722	10.3
135040	10.3
135292	10.3
135454	10.3
135505	10.3
135592	10.3
135631	10.3
135679	10.3
135751	10.3
135766	10.3
136060	10.3
136070	10.3
136099	10.3
136159	10.3
136171	10.3
136201	10.3
136291	10.3
136301	10.3
136708	10.3
137182	10.3
137233	10.3
137614	10.3
137644	10.3
137749	10.3
137809	10.3
137980	10.3
137995	10.3
138124	10.3
138511	10.3
138538	10.3
138607	10.3
138619	10.3
138745	10.3
138790	10.3
138865	10.3
139327	10.3
139423	10.3
139528	10.3
139630	10.3
139640	10.4
139714	10.4
139858	10.3
140071	10.3
140119	10.3
140129	10.3
140281	10.3
140395	10.3
140455	10.3
140590	10.3
140611	10.3
140779	10.3
140974	10.3
141001	10.3
141043	10.3
141196	10.3
141532	10.3
142285	10.3
142295	10.4
142759	10.4
142879	10.4
143182	10.4
143230	10.4
143266	10.4
143431	10.4
143449	10.3
143584	10.3
143602	10.3
143806	10.3
143851	10.3
144010	10.3
144346	10.3
144370	10.3
144481	10.3
144502	10.3
144604	10.3
144646	10.3
144883	10.3
145222	10.3
145348	10.3
145528	10.3
145600	10.3
145840	10.3
145963	10.3
145978	10.3
146161	10.3
146233	10.3
146455	10.3
146515	10.3
146626	10.3
146680	10.3
146815	10.3
147220	10.3
147230	10.3
147240	10.4
147805	10.4
148360	10.4
148600	10.4
148610	10.4
148729	10.4
148789	10.4
148864	10.4
149170	10.4
149245	10.4
149371	10.4
149437	10.4
149767	10.4
150001	10.4
150196	10.4
150352	10.4
150973	10.4
150985	10.4
151102	10.4
151112	10.4
151441	10.4
151498	10.4
151508	10.4
151518	10.4
151657	10.4
151667	10.4
151720	10.4
151912	10.4
151933	10.4
152026	10.4
152059	10.4
152173	10.4
152245	10.4
152578	10.4
152588	10.4
152683	10.4
152776	10.4
152812	10.4
152878	10.4
152888	10.4
153424	10.4
153434	10.4
153469	10.4
153517	10.4
153865	10.4
153919	10.4
154081	10.4
154168	10.4
154178	10.4
154225	10.4
154252	10.4
154262	10.4
154473	10.5
154483	10.8
154753	10.8
154870	10.8
154927	10.7
155074	10.7
155602	10.7
156094	10.7
156148	10.7
156160	10.7
156238	10.7
