CONFIGURATION:
{u'simulation': {u'stdev_factor': 0.01, u'power_mgmt_enabled': False, u'tasks': {u'loc': {u'mean_service_time': {u'gpu': 90, u'cpu_core': 200, u'loc_accel': 10}, u'priority': 1, u'deadline': 1000, u'stdev_service_time': {u'gpu': 0.9, u'cpu_core': 2.0, u'loc_accel': 0.1}, u'power': {u'gpu': 4.457, u'cpu_core': 6.133, u'loc_accel': 0.02197}}, u'detect': {u'mean_service_time': {u'gpu': 0.4607, u'cpu_core': 3.654, u'det_accel': 0.278}, u'priority': 2, u'deadline': 1000, u'stdev_service_time': {u'gpu': 0.004607, u'cpu_core': 0.03654, u'det_accel': 0.0027800000000000004}, u'power': {u'gpu': 90, u'cpu_core': 200, u'det_accel': 10}}, u'Frontier': {u'mean_service_time': {u'cpu_core': 396}, u'priority': 9, u'deadline': 1000, u'stdev_service_time': {u'cpu_core': 3.96}, u'power': {u'cpu_core': 5.98}}, u'track': {u'mean_service_time': {u'gpu': 17, u'tra_accel': 2, u'cpu_core': 1820}, u'priority': 3, u'deadline': 1000, u'stdev_service_time': {u'gpu': 0.17, u'tra_accel': 0.02, u'cpu_core': 18.2}, u'power': {u'gpu': 12.79, u'tra_accel': 0.59, u'cpu_core': 5.6}}, u'sp': {u'mean_service_time': {u'gpu': 379, u'cpu_core': 1004}, u'priority': 11, u'deadline': 1000, u'stdev_service_time': {u'gpu': 3.79, u'cpu_core': 10.040000000000001}, u'power': {u'gpu': 3.302, u'cpu_core': 1004}}, u'mission': {u'mean_service_time': {u'cpu_core': 0.0022}, u'priority': 5, u'deadline': 1000, u'stdev_service_time': {u'cpu_core': 2.2000000000000003e-05}, u'power': {u'cpu_core': 3.534}}, u'motion': {u'mean_service_time': {u'cpu_core': 8}, u'priority': 6, u'deadline': 1000, u'stdev_service_time': {u'cpu_core': 0.08}, u'power': {u'cpu_core': 4.222}}, u'collision': {u'mean_service_time': {u'cpu_core': 8}, u'priority': 7, u'deadline': 1000, u'stdev_service_time': {u'cpu_core': 0.08}, u'power': {u'cpu_core': 0}}, u'fusion': {u'mean_service_time': {u'cpu_core': 1}, u'priority': 4, u'deadline': 1000, u'stdev_service_time': {u'cpu_core': 0.01}, u'power': {u'cpu_core': 0}}, u'map': {u'mean_service_time': {u'gpu': 761, u'cpu_core': 973}, u'priority': 10, u'deadline': 1000, u'stdev_service_time': {u'gpu': 7.61, u'cpu_core': 9.73}, u'power': {u'gpu': 3.533, u'cpu_core': 2.995}}, u'path': {u'mean_service_time': {u'cpu_core': 8}, u'priority': 8, u'deadline': 1000, u'stdev_service_time': {u'cpu_core': 0.08}, u'power': {u'cpu_core': 0}}}, u'sched_policy_module': u'policies.rheft', u'drop': True, u'servers': {u'gpu': {u'count': 2}, u'tra_accel': {u'count': 1}, u'cpu_core': {u'count': 8}, u'loc_accel': {u'count': 1}, u'det_accel': {u'count': 1}}, u'max_tasks_simulated': 10000, u'max_queue_size': 1000000, u'mean_arrival_time': 50, u'arrival_time_scale': 2.8}, u'general': {u'random_seed': 0, u'pre_gen_arrivals': False, u'basename': u'policy:rheft__stdev_factor:0.01', u'output_trace_file': None, u'working_dir': u'/home/hiwot/meta-stomp2/sim_16042020_180542_new_arrival_50_map_rheftmapping_50_trace_20', u'input_trace_file': (False, '../mv_mapping_50_trace_20.trc'), u'logging_level': u'INFO'}}

/home/hiwot/meta-stomp2/sim_16042020_180542_new_arrival_50_map_rheftmapping_50_trace_20/../mv_mapping_50_trace_20.trc

Running STOMP simulation...
Dropped,DAG ID,DAG Priority,DAG Type,Slack,Response Time,No-Affinity Time,Energy
0,0,3,2,2225,967,194,3360.1027
0,1,1,0,2836,1464,295,6320.2027
0,2,1,2,1962,1230,245,3642.1397
0,3,1,2,1959,1233,247,3642.16167
0,4,1,2,1960,1232,247,3642.1397
0,5,1,2,1960,1232,247,3642.1397
0,6,1,1,453,14,2,0.2197
0,7,1,1,448,19,2,0.32955
0,8,1,1,453,14,2,0.2197
0,9,1,1,453,14,2,0.2197
0,10,1,2,2144,1048,194,3646.2757
0,11,3,1,453,14,2,0.2197
0,12,1,1,453,14,2,0.2197
0,13,1,1,453,14,2,0.2197
0,14,1,2,2225,967,194,3360.1027
0,15,1,1,453,14,2,0.2197
0,16,3,0,2672,1628,247,6010.2197
0,17,1,1,453,14,2,0.2197
0,18,1,2,2210,982,194,3413.0977
0,19,1,0,2562,1738,350,6602.2397
0,20,1,0,2684,1616,297,6843.0867
0,21,1,0,2570,1730,346,6620.1797
0,22,3,2,1930,1262,249,3642.1397
0,23,1,2,2058,1134,196,3837.0577
0,24,1,0,2573,1727,346,6602.2397
0,25,3,2,1960,1232,247,3642.1397
0,26,3,0,2561,1739,348,6602.4594
0,27,3,1,453,14,2,0.2197
0,28,1,2,2014,1178,194,4105.5657
0,29,1,0,2571,1729,348,6602.2397
0,30,3,1,453,14,2,0.2197
0,31,1,1,39,428,4,0.2197
0,32,1,2,1777,1415,247,4190.2247
0,33,1,2,2049,1143,194,3981.9107
0,34,1,0,2456,1844,247,6627.4094
0,35,1,1,408,59,4,0.24167
0,36,3,0,2670,1630,249,6010.2197
0,37,1,2,2225,967,194,3360.1027
0,38,1,1,453,14,2,0.2197
0,39,1,1,453,14,2,0.2197
0,40,1,1,453,14,2,0.2197
0,41,1,1,453,14,2,0.2197
0,42,1,1,453,14,2,0.2197
0,43,1,1,453,14,2,0.2197
0,44,1,0,2838,1462,293,6320.2027
0,45,1,0,2836,1464,295,6320.2027
0,46,1,0,2672,1628,247,6010.2197
0,47,1,1,453,14,2,0.2197
0,48,1,0,2672,1628,247,6010.2197
0,49,1,2,1962,1230,245,3642.1397
0,50,1,1,453,14,2,0.2197
0,51,1,1,453,14,2,0.2197
0,52,1,2,2214,978,194,3398.9657
0,53,1,2,2066,1126,194,3921.8497
0,54,1,2,1960,1232,247,3642.1397
0,55,1,0,2573,1727,346,6602.2397
0,56,3,2,1960,1232,247,3642.1397
0,57,1,1,453,14,2,0.2197
0,58,1,0,2672,1628,247,6010.2197
0,59,3,1,453,14,2,0.2197
0,60,1,0,2836,1464,295,6320.2027
0,61,1,2,2225,967,194,3360.1027
0,62,3,1,453,14,2,0.2197
0,63,1,2,1960,1232,245,3642.18364
0,64,1,2,1960,1232,247,3642.1397
0,65,1,2,1960,1232,247,3642.1397
0,66,1,2,2225,967,194,3360.1027
0,67,1,2,2225,967,194,3360.1027
0,68,1,0,2672,1628,247,6010.2197
0,69,1,0,2838,1462,293,6320.2027
0,70,3,2,2225,967,194,3360.1027
0,71,1,0,2672,1628,247,6010.2197
0,72,1,1,453,14,2,0.2197
0,73,1,1,453,14,2,0.2197
0,74,1,1,453,14,2,0.2197
0,75,1,2,2225,967,194,3360.1027
0,76,1,0,2672,1628,247,6010.2197
0,77,1,0,2705,1595,293,6790.0917
0,78,1,0,2672,1628,247,6010.2197
0,79,1,1,448,19,2,0.32955
0,80,1,1,453,14,2,0.2197
0,81,1,2,1962,1230,245,3642.1397
0,82,1,0,2670,1630,249,6010.2197
0,83,1,2,1960,1232,247,3642.1397
0,84,1,1,453,14,2,0.2197
0,85,1,2,2225,967,194,3360.1027
0,86,1,1,453,14,2,0.2197
0,87,3,0,2838,1462,293,6320.2027
0,88,1,1,453,14,2,0.2197
0,89,3,2,1960,1232,247,3642.1397
0,90,3,2,1960,1232,247,3642.1397
0,91,3,0,2672,1628,247,6010.2197
0,92,3,1,453,14,2,0.2197
0,93,3,0,2836,1464,295,6320.2027
0,94,1,1,453,14,2,0.2197
0,95,1,0,2838,1462,293,6320.2027
0,96,3,2,1962,1230,245,3642.1397
0,97,1,2,1962,1230,245,3642.1397
0,98,3,1,453,14,2,0.2197
0,99,1,0,2624,1676,293,7051.68749
0,100,1,2,1962,1230,245,3642.1397
0,101,1,2,2072,1120,194,3900.6517
0,102,1,1,453,14,2,0.2197
0,103,1,0,2662,1638,251,6010.2197
0,104,1,2,1962,1230,245,3642.1397
0,105,1,2,1962,1230,245,3642.1397
0,106,1,0,2631,1669,297,7016.2037
0,107,1,1,453,14,2,0.2197
0,108,1,0,2836,1464,293,6332.1627
0,109,3,0,2662,1638,251,6010.2197
0,110,3,0,2672,1628,247,6010.2197
0,111,1,0,2645,1655,293,7002.0717
0,112,1,2,1960,1232,247,3642.1397
0,113,1,1,453,14,2,0.2197
0,114,1,2,1960,1232,247,3642.1397
0,115,3,2,1960,1232,247,3642.1397
0,116,3,1,452,15,2,0.24167
0,117,1,0,2571,1729,348,6602.2397
0,118,3,1,383,84,4,0.2197
0,119,3,1,401,66,2,0.2197
0,120,3,0,2816,1484,293,6397.9287
0,121,1,1,453,14,2,0.2197
0,122,1,1,357,110,4,0.24167
0,123,3,1,408,59,4,0.2197
0,124,1,2,1962,1230,245,3642.1397
0,125,1,1,375,92,4,0.2197
0,126,1,2,2225,967,194,3360.1027
0,127,1,0,2626,1674,297,6747.6957
0,128,3,0,2486,1814,350,6644.0997
0,129,1,0,2559,1741,350,6620.1797
0,130,1,0,2550,1750,350,6703.8997
0,131,1,2,1481,1711,249,3642.1397
0,132,1,2,1675,1517,196,3988.9767
0,133,1,0,2597,1703,297,7258.9507
0,134,1,0,2566,1734,346,6644.0997
0,135,1,2,1949,1243,249,3642.1397
0,136,1,1,453,14,2,0.2197
0,137,1,1,453,14,2,0.2197
0,138,1,2,1758,1434,249,3642.1397
0,139,1,2,1607,1585,245,4705.3647
0,140,1,0,2276,2024,297,8263.3527
0,141,1,2,1138,2054,249,6098.0397
0,142,1,2,1311,1881,249,4492.7197
0,143,3,2,1358,1834,194,5395.1107
0,144,1,0,2075,2225,247,7798.2347
0,145,3,1,49,418,4,0.2197
0,146,1,1,47,420,4,0.37349
0,147,1,1,78,389,4,0.2197
0,148,1,0,2113,2187,350,7620.5397
0,149,3,1,187,280,4,0.2197
0,150,1,1,221,246,4,4.85537
0,151,1,2,1616,1576,245,4229.48217
0,152,1,0,2443,1857,297,7666.2757
0,153,1,0,2586,1714,251,6225.8597
0,154,1,2,1934,1258,196,4006.6417
0,155,1,2,1877,1315,249,3642.1397
0,156,1,2,1924,1268,247,3740.9747
0,157,1,2,1960,1232,247,3642.1397
0,158,3,0,2561,1739,350,6602.2397
0,159,1,2,2103,1089,194,3791.1287
0,160,1,0,2724,1576,295,6705.2997
0,161,1,0,2668,1632,247,6010.30758
0,162,1,2,1859,1333,249,3723.0047
0,163,1,2,1830,1362,249,3788.8947
0,164,1,2,1950,1242,249,3642.1397
0,165,3,2,1925,1267,247,3746.9647
0,166,1,1,453,14,2,0.2197
0,167,1,0,2770,1530,293,6560.4467
0,168,1,2,2075,1117,194,3890.0527
0,169,1,0,2670,1630,249,6010.2197
0,170,1,2,1932,1260,245,3731.9897
0,171,3,0,2496,1804,346,6832.8547
0,172,1,0,2510,1790,348,6784.9347
0,173,1,0,2490,1810,348,6844.8347
0,174,1,1,394,73,4,0.2197
0,175,1,2,2225,967,194,3360.1027
0,176,1,0,2836,1464,295,6320.2027
0,177,1,2,1960,1232,247,3642.1397
0,178,1,0,2780,1520,293,6525.1167
0,179,1,0,2838,1462,293,6320.2027
0,180,1,0,2838,1462,293,6320.2027
0,181,1,0,2680,1620,295,6871.3507
0,182,1,0,2672,1628,247,6010.2197
0,183,1,1,453,14,2,0.2197
0,184,1,0,2663,1637,249,6010.37349
0,185,1,0,2624,1676,295,7069.1987
0,186,1,0,2573,1727,346,6602.2397
0,187,1,1,453,14,2,0.2197
0,188,1,1,451,16,2,0.26364
0,189,1,0,2838,1462,293,6320.2027
0,190,1,1,453,14,2,0.2197
0,191,1,1,453,14,2,0.2197
0,192,3,2,2225,967,194,3360.1027
0,193,3,2,2122,1070,194,3724.0017
0,194,1,2,1962,1230,245,3642.1397
0,195,1,0,2814,1486,295,6397.9287
0,196,3,2,1952,1240,249,3642.1397
0,197,1,2,1962,1230,245,3642.1397
0,198,3,2,1962,1230,245,3642.1397
0,199,1,2,1953,1239,247,3642.29349
0,200,1,2,1962,1230,245,3642.1397
0,201,3,0,2571,1729,348,6602.2397
0,202,1,1,453,14,2,0.2197
0,203,3,1,453,14,2,0.2197
0,204,1,2,2087,1105,194,3823.07949
0,205,1,1,453,14,2,0.2197
0,206,1,2,2025,1167,194,4066.7027
0,207,1,2,1960,1232,247,3642.1397
0,208,1,2,1773,1419,245,4208.1947
0,209,1,1,322,145,4,0.2197
0,210,1,2,1960,1232,247,3642.1397
0,211,3,1,453,14,2,0.2197
0,212,1,0,2838,1462,293,6320.2027
0,213,1,2,2202,990,194,3441.3617
0,214,1,1,453,14,2,0.2197
0,215,3,2,1962,1230,245,3642.1397
0,216,1,2,1960,1232,247,3642.1397
0,217,3,1,453,14,2,0.2197
0,218,1,1,453,14,2,0.2197
0,219,3,2,2214,978,194,3398.9657
0,220,3,2,2049,1143,194,3981.9107
0,221,3,0,2672,1628,247,6010.2197
0,222,3,1,448,19,2,0.32955
0,223,3,2,1962,1230,245,3642.1397
0,224,1,2,1962,1230,245,3642.1397
0,225,1,0,2639,1661,295,7016.2037
0,226,1,1,453,14,2,0.2197
0,227,1,2,1962,1230,245,3642.1397
0,228,1,0,2573,1727,346,6602.2397
0,229,1,2,2050,1142,194,3978.3777
0,230,1,2,1960,1232,247,3642.1397
0,231,1,1,453,14,2,0.2197
0,232,3,2,1960,1232,247,3642.1397
0,233,1,2,1960,1232,247,3642.1397
0,234,1,0,2695,1605,293,6825.4217
0,235,3,2,2225,967,194,3360.1027
0,236,1,2,2156,1036,194,3603.8797
0,237,1,1,453,14,2,0.2197
0,238,1,2,1962,1230,245,3642.1397
0,239,3,2,1960,1232,247,3642.1397
0,240,1,1,453,14,2,0.2197
0,241,1,0,2672,1628,247,6010.2197
0,242,1,1,453,14,2,0.2197
0,243,1,2,2225,967,194,3360.1027
0,244,3,0,2836,1464,295,6320.2027
0,245,1,2,2225,967,194,3360.1027
0,246,1,0,2838,1462,293,6320.2027
0,247,1,1,453,14,2,0.2197
0,248,1,2,1962,1230,245,3642.1397
0,249,1,1,453,14,2,0.2197
0,250,3,1,453,14,2,0.2197
0,251,1,1,453,14,2,0.2197
0,252,1,0,2838,1462,293,6320.2027
0,253,3,2,2225,967,194,3360.1027
0,254,1,0,2672,1628,247,6010.2197
0,255,1,0,2573,1727,346,6602.2397
0,256,1,2,2061,1131,194,3939.5147
0,257,1,0,2672,1628,247,6010.2197
0,258,1,2,2097,1095,194,3812.3267
0,259,1,1,453,14,2,0.2197
0,260,1,1,453,14,2,0.2197
0,261,3,1,453,14,2,0.2197
0,262,3,0,2836,1464,295,6320.2027
0,263,1,1,453,14,2,0.2197
0,264,1,2,2225,967,194,3360.1027
0,265,1,2,1962,1230,245,3642.1397
0,266,1,1,453,14,2,0.2197
0,267,3,0,2672,1628,247,6010.2197
0,268,1,2,2181,1011,194,3515.5547
0,269,1,2,2162,1030,194,3582.6817
0,270,3,2,1960,1232,247,3642.1397
0,271,1,1,453,14,2,0.2197
0,272,1,0,2838,1462,293,6320.2027
0,273,1,1,453,14,2,0.2197
0,274,3,1,453,14,2,0.2197
0,275,1,2,2225,967,194,3360.1027
0,276,1,0,2672,1628,247,6010.2197
0,277,3,2,1962,1230,245,3642.1397
0,278,3,0,2722,1578,295,6722.9647
0,279,1,1,453,14,2,0.2197
0,280,1,2,2225,967,194,3360.1027
0,281,3,2,1960,1232,247,3642.1397
0,282,1,2,1960,1232,247,3642.1397
0,283,1,1,453,14,2,0.2197
0,284,1,2,2225,967,194,3360.1027
0,285,3,0,2649,1651,293,6987.9397
0,286,1,2,1962,1230,245,3642.1397
0,287,1,0,2838,1462,293,6320.2027
0,288,1,0,2765,1535,295,6571.0457
0,289,1,2,1960,1232,247,3642.1397
0,290,3,1,453,14,2,0.2197
0,291,1,1,453,14,2,0.2197
0,292,1,2,2225,967,194,3360.1027
0,293,1,1,453,14,2,0.2197
0,294,3,0,2828,1472,297,6320.2027
0,295,1,2,1777,1415,249,3642.1397
0,296,1,0,2316,1984,350,6632.1397
0,297,3,0,2658,1642,251,6010.2197
0,298,1,0,2457,1843,346,7295.9197
0,299,3,0,2658,1642,295,6945.8187
0,300,1,0,2513,1787,295,7958.1027
0,301,1,0,2568,1732,348,6620.1797
0,302,3,2,1962,1230,245,3642.1397
0,303,1,2,1960,1232,247,3642.1397
0,304,1,2,1841,1351,245,3989.66955
0,305,1,0,2326,1974,346,7342.0047
0,306,1,1,380,87,4,0.2197
0,307,1,2,2225,967,194,3360.1027
0,308,3,1,275,192,4,0.2197
0,309,1,0,2826,1474,295,6320.4224
0,310,1,0,2573,1727,346,6602.2397
0,311,1,1,453,14,2,0.2197
0,312,1,0,2672,1628,247,6010.2197
0,313,1,1,453,14,2,0.2197
0,314,1,2,1962,1230,245,3642.1397
0,315,1,2,2106,1086,194,3780.5297
0,316,1,2,2154,1038,194,3610.9457
0,317,1,1,453,14,2,0.2197
0,318,1,0,2573,1727,346,6602.2397
0,319,1,1,453,14,2,0.2197
0,320,1,0,2776,1524,293,6539.2487
0,321,1,2,2133,1059,194,3685.1387
0,322,3,0,2571,1729,348,6602.2397
0,323,1,2,1952,1240,245,3642.3594
0,324,1,1,453,14,2,0.2197
0,325,1,1,453,14,2,0.2197
0,326,1,1,453,14,2,0.2197
0,327,3,0,2838,1462,293,6320.2027
0,328,1,2,2225,967,194,3360.1027
0,329,1,1,453,14,2,0.2197
0,330,1,2,1962,1230,245,3642.1397
0,331,1,0,2573,1727,346,6602.2397
0,332,1,2,1962,1230,245,3642.1397
0,333,1,0,2836,1464,295,6320.2027
0,334,1,0,2815,1485,295,6394.3957
0,335,3,0,2573,1727,346,6602.2397
0,336,1,1,453,14,2,0.2197
0,337,1,1,453,14,2,0.2197
0,338,1,2,2167,1025,194,3565.0167
0,339,1,1,453,14,2,0.2197
0,340,1,1,453,14,2,0.2197
0,341,1,0,2838,1462,293,6320.2027
0,342,1,2,1960,1232,247,3642.1397
0,343,1,1,453,14,2,0.2197
0,344,1,0,2598,1702,297,6320.2027
0,345,1,1,453,14,2,0.2197
0,346,3,1,453,14,2,0.2197
0,347,1,0,2729,1571,297,6320.2027
0,348,3,1,453,14,2,0.2197
0,349,3,0,2352,1948,350,6644.0997
0,350,1,2,1448,1744,249,3642.1397
0,351,3,0,2544,1756,293,7833.6227
0,352,1,0,2566,1734,346,6644.0997
0,353,1,2,1908,1284,196,3840.5907
0,354,1,2,1944,1248,249,3642.1397
0,355,3,2,1960,1232,247,3642.1397
0,356,1,1,453,14,2,0.2197
0,357,3,0,2571,1729,348,6602.2397
0,358,3,0,2409,1891,346,7093.4197
0,359,1,0,2467,1833,293,7630.9457
0,360,1,2,1915,1277,247,3776.9147
0,361,3,0,2467,1833,350,6889.7597
0,362,1,2,1967,1225,194,4271.6167
0,363,1,1,0,467,4,0.4394
0,364,1,1,288,179,4,0.2197
0,365,1,1,290,177,4,0.26364
0,366,1,0,2465,1835,350,6602.2397
0,367,1,2,2090,1102,194,3837.0577
0,368,1,1,453,14,2,0.2197
0,369,1,0,2704,1596,293,6793.6247
0,370,1,2,1948,1244,249,3642.1397
0,371,1,1,445,22,2,0.39546
0,372,3,0,2573,1727,346,6602.2397
0,373,1,2,1962,1230,245,3642.1397
0,374,1,2,1962,1230,245,3642.1397
0,375,1,2,1959,1233,247,3642.16167
0,376,1,2,1962,1230,245,3642.1397
0,377,1,1,393,74,4,0.2197
0,378,1,0,2643,1657,293,7009.1377
0,379,1,2,2225,967,194,3360.1027
0,380,1,0,2505,1795,346,6799.95364
0,381,1,0,2571,1729,348,6602.2397
0,382,3,0,2672,1628,247,6010.2197
0,383,1,1,453,14,2,0.2197
0,384,1,1,453,14,2,0.2197
0,385,1,2,2225,967,194,3360.1027
0,386,1,2,2225,967,194,3360.1027
0,387,3,0,2573,1727,346,6602.2397
0,388,1,2,2133,1059,194,3685.1387
0,389,1,0,2836,1464,295,6320.2027
0,390,1,2,1962,1230,245,3642.1397
0,391,1,0,2573,1727,346,6602.2397
0,392,1,1,453,14,2,0.2197
0,393,1,1,453,14,2,0.2197
0,394,3,2,1960,1232,247,3642.1397
0,395,1,1,453,14,2,0.2197
0,396,1,0,2836,1464,295,6320.2027
0,397,1,2,2223,969,194,3360.14664
0,398,1,0,2672,1628,247,6010.2197
0,399,1,0,2571,1729,348,6602.2397
0,400,1,0,2834,1466,297,6320.2027
0,401,1,1,453,14,2,0.2197
0,402,3,2,2225,967,194,3360.1027
0,403,1,0,2838,1462,293,6320.2027
0,404,1,1,453,14,2,0.2197
0,405,1,1,453,14,2,0.2197
0,406,3,2,2198,994,194,3455.4937
0,407,1,0,2806,1494,293,6433.2587
0,408,1,1,453,14,2,0.2197
0,409,3,2,1962,1230,245,3642.1397
0,410,1,2,1960,1232,247,3642.1397
0,411,1,1,453,14,2,0.2197
0,412,3,2,1962,1230,245,3642.1397
0,413,1,2,2051,1141,194,3974.8447
0,414,1,2,1960,1232,247,3642.1397
0,415,1,1,453,14,2,0.2197
0,416,1,2,2221,971,194,3360.19058
0,417,1,2,1960,1232,247,3642.1397
0,418,1,2,1960,1232,247,3642.1397
0,419,1,2,1960,1232,247,3642.1397
0,420,1,1,453,14,2,0.2197
0,421,1,1,453,14,2,0.2197
0,422,1,0,2838,1462,293,6320.2027
0,423,3,1,453,14,2,0.2197
0,424,1,2,2225,967,194,3360.1027
0,425,1,2,2027,1165,194,4059.6367
0,426,1,0,2672,1628,247,6010.2197
0,427,3,2,1960,1232,247,3642.1397
0,428,1,0,2573,1727,346,6602.2397
0,429,1,0,2661,1639,295,6938.4777
0,430,1,0,2670,1630,249,6010.2197
0,431,3,1,453,14,2,0.2197
0,432,1,1,453,14,2,0.2197
0,433,1,2,2225,967,194,3360.1027
0,434,1,1,453,14,2,0.2197
0,435,1,0,2706,1594,293,6786.5587
0,436,1,1,453,14,2,0.2197
0,437,1,1,453,14,2,0.2197
0,438,1,2,2225,967,194,3360.1027
0,439,1,0,2471,1829,251,6010.2197
0,440,1,0,2824,1476,297,6320.2027
0,441,1,1,453,14,2,0.2197
0,442,1,1,453,14,2,0.2197
0,443,1,2,2046,1146,194,3992.5097
0,444,1,0,2672,1628,247,6010.2197
0,445,1,1,453,14,2,0.2197
0,446,1,2,1962,1230,245,3642.1397
0,447,3,2,1955,1237,247,3642.24955
0,448,1,1,444,23,2,0.41743
0,449,1,2,1960,1232,247,3642.1397
0,450,3,2,2055,1137,194,3960.7127
0,451,1,2,1956,1236,247,3642.22758
0,452,3,1,453,14,2,0.2197
0,453,1,1,453,14,2,0.2197
0,454,1,1,453,14,2,0.2197
0,455,3,2,1960,1232,247,3642.1397
0,456,1,2,1837,1355,245,4016.5147
0,457,3,0,2520,1780,293,7443.6967
0,458,1,1,242,225,4,0.2197
0,459,3,1,298,169,4,0.2197
0,460,1,1,395,72,2,0.2197
0,461,3,2,1960,1232,247,3642.1397
0,462,1,0,2566,1734,295,7274.1127
0,463,1,0,2573,1727,346,6602.2397
0,464,1,2,1962,1230,245,3642.1397
0,465,1,0,2571,1729,348,6602.2397
0,466,1,1,453,14,2,0.2197
0,467,1,0,2836,1464,295,6320.2027
0,468,1,0,2665,1635,295,6924.3457
0,469,1,2,1962,1230,245,3642.1397
0,470,3,2,1960,1232,247,3642.1397
0,471,1,0,2573,1727,346,6602.2397
0,472,1,1,453,14,2,0.2197
0,473,1,0,2828,1472,297,6320.2027
0,474,3,1,453,14,2,0.2197
0,475,1,2,2225,967,194,3360.1027
0,476,1,0,2535,1765,348,6817.5197
0,477,1,0,2576,1724,295,7338.68355
0,478,1,2,1820,1372,249,3642.1397
0,479,1,0,2566,1734,348,6632.1397
0,480,1,2,1953,1239,249,3642.1397
0,481,1,2,1953,1239,249,3642.22758
0,482,1,2,1953,1239,249,3642.1397
0,483,1,2,1958,1234,247,3642.16167
0,484,1,1,169,298,4,0.2197
0,485,1,2,2064,1128,194,3928.9157
0,486,1,2,1960,1232,247,3642.1397
0,487,3,2,1930,1262,194,4402.3377
0,488,1,0,2276,2024,350,7333.0197
0,489,1,1,222,245,4,0.24167
0,490,1,0,2559,1741,350,6602.2397
0,491,1,1,286,181,4,0.2197
0,492,1,1,453,14,2,0.2197
0,493,3,0,2828,1472,297,6320.2027
0,494,3,1,453,14,2,0.2197
0,495,1,0,2576,1724,297,6559.4027
0,496,1,2,1703,1489,249,3642.1397
0,497,1,1,453,14,2,0.2197
0,498,1,0,2621,1679,297,7068.9377
0,499,1,0,2498,1802,350,6620.1797
0,500,3,0,2558,1742,350,6632.1397
0,501,1,1,451,16,2,0.26364
0,502,1,0,2543,1757,350,6620.1797
0,503,1,2,1952,1240,249,3642.1397
0,504,1,2,1804,1388,196,4190.3577
0,505,1,2,1764,1428,249,4172.2547
0,506,3,2,1785,1407,249,4130.3247
0,507,1,1,341,126,4,0.2197
0,508,1,1,392,75,4,0.2197
0,509,1,0,2158,2142,297,9113.3657
0,510,1,2,1286,1906,249,4187.2297
0,511,1,2,1588,1604,196,4342.2767
0,512,1,1,213,254,4,0.4394
0,513,1,0,2397,1903,348,7138.2947
0,514,1,0,2325,1975,247,7049.4847
0,515,1,0,2235,2065,247,7319.0347
0,516,1,0,2090,2210,346,8063.7497
0,517,1,0,2132,2168,346,7931.9897
0,518,1,2,1555,1637,196,5596.4917
0,519,3,0,2546,1754,247,6387.5897
0,520,3,0,2473,1827,348,6895.7497
0,521,1,0,2393,1907,293,7892.3877
0,522,1,2,1376,1816,247,5391.2197
0,523,3,2,2016,1176,194,4098.4997
0,524,1,1,453,14,2,0.2197
0,525,1,1,446,21,2,0.37349
0,526,1,2,2225,967,194,3360.1027
0,527,1,2,1962,1230,245,3642.1397
0,528,1,0,2573,1727,346,6602.2397
0,529,1,2,1959,1233,247,3642.16167
0,530,1,0,2571,1729,348,6602.2397
0,531,1,1,453,14,2,0.2197
0,532,1,0,2836,1464,295,6320.2027
0,533,1,1,453,14,2,0.2197
0,534,1,0,2672,1628,247,6010.2197
0,535,1,2,2021,1171,194,4080.8347
0,536,3,0,2571,1729,348,6602.2397
0,537,3,2,1959,1233,247,3642.16167
0,538,1,1,453,14,2,0.2197
0,539,1,1,453,14,2,0.2197
0,540,1,1,453,14,2,0.2197
0,541,1,2,2225,967,194,3360.1027
0,542,1,0,2838,1462,293,6320.2027
0,543,1,0,2672,1628,247,6010.2197
0,544,1,1,451,16,2,0.26364
0,545,1,1,453,14,2,0.2197
0,546,1,0,2738,1562,293,6673.5027
0,547,3,2,2198,994,194,3455.4937
0,548,1,2,1962,1230,245,3642.1397
0,549,1,0,2573,1727,346,6602.2397
0,550,1,2,2070,1122,194,3907.7177
0,551,1,1,453,14,2,0.2197
0,552,3,0,2672,1628,247,6010.2197
0,553,3,2,2028,1164,194,4056.1037
0,554,1,0,2573,1727,346,6602.2397
0,555,1,0,2672,1628,247,6010.2197
0,556,3,1,453,14,2,0.2197
0,557,1,1,453,14,2,0.2197
0,558,3,1,453,14,2,0.2197
0,559,1,0,2838,1462,293,6320.2027
0,560,1,1,453,14,2,0.2197
0,561,1,2,2225,967,194,3360.1027
0,562,1,0,2672,1628,247,6010.2197
0,563,1,1,453,14,2,0.2197
0,564,1,2,2218,974,194,3360.25649
0,565,1,0,2573,1727,346,6602.2397
0,566,1,1,453,14,2,0.2197
0,567,3,2,1960,1232,247,3642.1397
0,568,3,2,1960,1232,247,3642.1397
0,569,1,2,2078,1114,194,3879.4537
0,570,1,1,453,14,2,0.2197
0,571,1,1,449,18,2,0.30758
0,572,3,1,453,14,2,0.2197
0,573,1,0,2642,1658,293,7012.6707
0,574,1,2,1955,1237,245,3642.29349
0,575,1,0,2571,1729,348,6602.2397
0,576,1,0,2571,1729,348,6602.2397
0,577,1,0,2571,1729,348,6602.2397
0,578,3,1,453,14,2,0.2197
0,579,3,2,2225,967,194,3360.1027
0,580,3,0,2836,1464,295,6320.2027
0,581,1,2,1962,1230,245,3642.1397
0,582,1,0,2728,1572,295,6701.7667
0,583,3,2,1962,1230,245,3642.1397
0,584,1,0,2573,1727,346,6602.2397
0,585,1,0,2571,1729,348,6602.2397
0,586,1,0,2836,1464,295,6320.2027
0,587,1,0,2718,1582,295,6737.0967
0,588,1,1,453,14,2,0.2197
0,589,1,0,2672,1628,247,6010.2197
0,590,1,2,1962,1230,245,3642.1397
0,591,3,0,2697,1603,293,6818.3557
0,592,3,2,1962,1230,245,3642.1397
0,593,1,2,1960,1232,247,3642.1397
0,594,1,2,2203,989,194,3437.8287
0,595,1,1,453,14,2,0.2197
0,596,3,1,453,14,2,0.2197
0,597,1,2,2082,1110,194,3865.3217
0,598,1,0,2672,1628,247,6010.2197
0,599,1,0,2773,1527,295,6542.7817
0,600,1,1,453,14,2,0.2197
0,601,1,0,2573,1727,346,6602.2397
0,602,1,1,453,14,2,0.2197
0,603,1,2,1960,1232,245,3642.18364
0,604,1,1,453,14,2,0.2197
0,605,1,2,1960,1232,247,3642.1397
0,606,1,1,453,14,2,0.2197
0,607,1,1,453,14,2,0.2197
0,608,1,1,453,14,2,0.2197
0,609,1,0,2838,1462,293,6320.2027
0,610,1,0,2838,1462,293,6320.2027
0,611,1,1,453,14,2,0.2197
0,612,1,2,1954,1238,245,3642.31546
0,613,1,1,453,14,2,0.2197
0,614,3,1,453,14,2,0.2197
0,615,1,0,2682,1618,293,6871.3507
0,616,1,1,453,14,2,0.2197
0,617,3,0,2773,1527,295,6542.7817
0,618,1,0,2670,1630,249,6010.2197
0,619,1,1,453,14,2,0.2197
0,620,1,2,1962,1230,245,3642.1397
0,621,3,2,1960,1232,247,3642.1397
0,622,3,1,453,14,2,0.2197
0,623,1,0,2563,1737,346,6602.4594
0,624,1,0,2838,1462,293,6320.2027
0,625,3,0,2836,1464,295,6320.2027
0,626,1,1,453,14,2,0.2197
0,627,3,1,453,14,2,0.2197
0,628,1,0,2571,1729,348,6602.2397
0,629,1,1,453,14,2,0.2197
0,630,3,2,1962,1230,245,3642.1397
0,631,1,1,453,14,2,0.2197
0,632,1,0,2838,1462,293,6320.2027
0,633,1,0,2836,1464,295,6320.2027
0,634,1,1,453,14,2,0.2197
0,635,1,0,2670,1630,249,6010.2197
0,636,1,0,2573,1727,346,6602.2397
0,637,1,0,2571,1729,348,6602.2397
0,638,1,2,2206,986,194,3427.2297
0,639,1,2,2225,967,194,3360.1027
0,640,1,2,1960,1232,247,3642.1397
0,641,3,1,453,14,2,0.2197
0,642,1,1,453,14,2,0.2197
0,643,1,2,1960,1232,247,3642.1397
0,644,1,0,2571,1729,348,6602.2397
0,645,1,2,1962,1230,245,3642.1397
0,646,3,2,2075,1117,194,3890.0527
0,647,1,0,2838,1462,293,6320.2027
0,648,1,0,2672,1628,247,6010.2197
0,649,3,1,453,14,2,0.2197
0,650,1,1,453,14,2,0.2197
0,651,1,1,453,14,2,0.2197
0,652,3,0,2821,1479,293,6380.2637
0,653,1,0,2671,1629,293,6910.2137
0,654,1,0,2670,1630,249,6010.2197
0,655,3,2,1962,1230,245,3642.1397
0,656,1,0,2567,1733,348,6602.32758
0,657,1,0,2571,1729,348,6602.2397
0,658,1,1,453,14,2,0.2197
0,659,1,1,453,14,2,0.2197
0,660,1,2,2225,967,194,3360.1027
0,661,1,1,453,14,2,0.2197
0,662,1,1,453,14,2,0.2197
0,663,3,0,2838,1462,293,6320.2027
0,664,1,0,2672,1628,247,6010.2197
0,665,1,2,2225,967,194,3360.1027
0,666,3,1,453,14,2,0.2197
0,667,1,2,2122,1070,194,3724.0017
0,668,1,1,453,14,2,0.2197
0,669,1,2,2225,967,194,3360.1027
0,670,3,2,1962,1230,245,3642.1397
0,671,1,2,2036,1156,194,4027.8397
0,672,1,2,1960,1232,247,3642.1397
0,673,1,1,451,16,2,0.26364
0,674,1,1,453,14,2,0.2197
0,675,1,0,2672,1628,247,6010.2197
0,676,1,0,2670,1630,249,6010.2197
0,677,1,2,2033,1159,194,4038.4387
0,678,1,2,1962,1230,245,3642.1397
0,679,1,1,451,16,2,0.26364
0,680,1,0,2571,1729,348,6602.2397
0,681,1,2,2127,1065,194,3706.3367
0,682,1,0,2670,1630,249,6010.2197
0,683,1,2,1962,1230,245,3642.1397
0,684,3,2,2211,981,194,3409.5647
0,685,3,1,453,14,2,0.2197
0,686,1,1,453,14,2,0.2197
0,687,3,2,2049,1143,194,3981.9107
0,688,1,1,453,14,2,0.2197
0,689,1,1,453,14,2,0.2197
0,690,1,2,1962,1230,245,3642.1397
0,691,1,2,2100,1092,194,3801.7277
0,692,1,0,2692,1608,295,6828.9547
0,693,1,1,453,14,2,0.2197
0,694,1,2,1962,1230,245,3642.1397
0,695,1,0,2573,1727,346,6602.2397
0,696,1,2,1960,1232,247,3642.1397
0,697,1,0,2836,1464,295,6320.2027
0,698,3,0,2670,1630,249,6010.2197
0,699,3,2,1962,1230,245,3642.1397
0,700,3,1,453,14,2,0.2197
0,701,1,1,453,14,2,0.2197
0,702,1,0,2838,1462,293,6320.2027
0,703,3,2,1960,1232,247,3642.1397
0,704,1,2,1960,1232,247,3642.1397
0,705,1,0,2838,1462,293,6320.2027
0,706,1,0,2573,1727,346,6602.2397
0,707,1,0,2778,1522,295,6525.1167
0,708,1,1,453,14,2,0.2197
0,709,1,1,453,14,2,0.2197
0,710,1,1,453,14,2,0.2197
0,711,1,1,453,14,2,0.2197
0,712,3,1,453,14,2,0.2197
0,713,1,2,2225,967,194,3360.1027
0,714,3,1,453,14,2,0.2197
0,715,1,2,2084,1108,194,3858.2557
0,716,1,1,453,14,2,0.2197
0,717,1,0,2573,1727,346,6602.2397
0,718,1,0,2571,1729,348,6602.2397
0,719,3,0,2571,1729,348,6602.2397
0,720,1,2,1960,1232,247,3642.1397
0,721,1,1,443,24,2,0.4394
0,722,1,1,439,28,2,0.52728
0,723,1,1,453,14,2,0.2197
0,724,1,1,453,14,2,0.2197
0,725,3,0,2838,1462,293,6320.2027
0,726,1,1,453,14,2,0.2197
0,727,1,2,2225,967,194,3360.1027
0,728,1,1,453,14,2,0.2197
0,729,1,1,453,14,2,0.2197
0,730,1,0,2662,1638,251,6010.2197
0,731,1,1,453,14,2,0.2197
0,732,1,0,2705,1595,295,6772.4267
0,733,1,1,453,14,2,0.2197
0,734,3,1,453,14,2,0.2197
0,735,3,1,453,14,2,0.2197
0,736,1,2,1750,1442,196,3360.1027
0,737,3,1,453,14,2,0.2197
0,738,3,2,1824,1368,196,3423.6967
0,739,1,0,2542,1758,350,6632.1397
0,740,1,0,2556,1744,350,6620.1797
0,741,1,0,2558,1742,350,6632.1397
0,742,1,2,1947,1245,249,3642.24955
0,743,1,0,2501,1799,350,6972.9997
0,744,1,1,453,14,2,0.2197
0,745,1,0,2477,1823,346,7176.3197
0,746,1,0,2370,1930,348,7499.84546
0,747,1,1,409,58,4,0.2197
0,748,3,1,361,106,4,0.2197
0,749,3,0,2694,1606,295,6932.0037
0,750,1,0,2568,1732,346,6632.1397
0,751,1,2,1927,1265,196,4003.1087
0,752,1,1,17,450,4,0.2197
0,753,1,0,2024,2276,348,8219.69349
0,754,1,2,1531,1661,247,4926.9947
0,755,1,1,78,389,4,0.2197
0,756,1,1,417,50,4,0.2197
0,757,3,0,2523,1777,293,7433.0977
0,758,1,1,97,370,4,0.2197
0,759,1,2,1809,1383,194,4815.78658
0,760,1,0,2542,1758,249,6393.5797
0,761,3,1,283,184,4,0.2197
0,762,1,0,2545,1755,346,6686.0997
0,763,1,0,2672,1628,247,6010.2197
0,764,3,0,2670,1630,249,6010.2197
0,765,3,0,2760,1540,295,6588.7107
0,766,3,2,2225,967,194,3360.1027
0,767,3,1,453,14,2,0.2197
0,768,1,1,453,14,2,0.2197
0,769,3,1,453,14,2,0.2197
0,770,1,1,453,14,2,0.2197
0,771,1,1,453,14,2,0.2197
0,772,1,1,453,14,2,0.2197
0,773,1,0,2774,1526,293,6546.3147
0,774,1,0,2672,1628,247,6010.2197
0,775,1,1,453,14,2,0.2197
0,776,1,2,2079,1113,194,3875.9207
0,777,1,0,2672,1628,247,6010.2197
0,778,1,0,2571,1729,348,6602.2397
0,779,1,2,1960,1232,247,3642.1397
0,780,1,2,1960,1232,247,3642.1397
0,781,1,0,2836,1464,295,6320.2027
0,782,1,0,2656,1644,293,6963.2087
0,783,3,1,453,14,2,0.2197
0,784,1,0,2573,1727,346,6602.2397
0,785,1,2,1960,1232,247,3642.1397
0,786,1,1,453,14,2,0.2197
0,787,1,0,2573,1727,346,6602.2397
0,788,1,1,453,14,2,0.2197
0,789,1,0,2838,1462,293,6320.2027
0,790,1,2,2225,967,194,3360.1027
0,791,1,2,2044,1148,194,3999.5757
0,792,1,2,1959,1233,247,3642.16167
0,793,1,0,2682,1618,293,6871.3507
0,794,1,0,2672,1628,247,6010.2197
0,795,3,0,2571,1729,348,6602.2397
0,796,1,2,1962,1230,245,3642.1397
0,797,1,0,2838,1462,293,6320.2027
0,798,1,1,453,14,2,0.2197
0,799,1,2,2218,974,194,3360.25649
0,800,1,2,1960,1232,247,3642.1397
0,801,1,1,453,14,2,0.2197
0,802,1,1,453,14,2,0.2197
0,803,1,0,2672,1628,247,6010.2197
0,804,3,1,453,14,2,0.2197
0,805,3,2,2039,1153,194,4017.2407
0,806,1,1,453,14,2,0.2197
0,807,3,2,2225,967,194,3360.1027
0,808,1,1,453,14,2,0.2197
0,809,1,0,2672,1628,247,6010.2197
0,810,1,2,2028,1164,194,4056.1037
0,811,1,2,2225,967,194,3360.1027
0,812,3,1,453,14,2,0.2197
0,813,1,2,1962,1230,245,3642.1397
0,814,1,0,2685,1615,295,6853.6857
0,815,1,0,2672,1628,247,6010.2197
0,816,1,2,1922,1270,196,4059.6367
0,817,1,0,2566,1734,348,6632.1397
0,818,1,2,1952,1240,247,3642.24955
0,819,1,2,1960,1232,247,3642.1397
0,820,1,1,453,14,2,0.2197
0,821,1,1,453,14,2,0.2197
0,822,1,1,453,14,2,0.2197
0,823,3,2,1960,1232,247,3642.1397
0,824,1,1,453,14,2,0.2197
0,825,1,2,1962,1230,245,3642.1397
0,826,3,2,2059,1133,196,3939.5147
0,827,1,1,453,14,2,0.2197
0,828,1,0,2708,1592,293,6779.4927
0,829,1,0,2573,1727,346,6602.2397
0,830,1,0,2571,1729,348,6602.2397
0,831,1,0,2735,1565,295,6677.0357
0,832,1,2,1962,1230,245,3642.1397
0,833,3,2,1960,1232,247,3642.1397
0,834,1,2,2225,967,194,3360.1027
0,835,1,1,453,14,2,0.2197
0,836,1,2,1962,1230,245,3642.1397
0,837,1,1,446,21,2,0.37349
0,838,1,2,1960,1232,247,3642.1397
0,839,3,2,2225,967,194,3360.1027
0,840,1,2,2122,1070,194,3724.0017
0,841,1,0,2660,1640,251,6010.2197
0,842,1,1,451,16,4,0.2197
0,843,1,2,1952,1240,249,3642.1397
0,844,3,2,1962,1230,245,3642.1397
0,845,3,2,2112,1080,196,3603.8797
0,846,1,2,1802,1390,196,3787.5957
0,847,3,2,1950,1242,249,3642.1397
0,848,1,2,1845,1347,249,3642.1397
0,849,1,0,2563,1737,348,6632.1397
0,850,1,2,1918,1274,249,3642.1397
0,851,1,0,2568,1732,348,6620.1797
0,852,1,1,409,58,4,0.2197
0,853,1,2,1925,1267,245,3752.9547
0,854,3,2,2157,1035,194,3600.3467
0,855,3,0,2560,1740,346,6620.3994
0,856,1,2,1875,1317,245,3902.7047
0,857,1,1,-120,587,4,0.2197
0,858,3,0,2007,2293,346,8297.4097
0,859,1,2,2001,1191,194,4151.4947
0,860,1,0,2033,2267,295,9157.2017
0,861,3,2,1478,1714,247,5055.9994
0,862,1,0,2352,1948,348,7258.1447
0,863,3,0,2672,1628,247,6010.2197
0,864,1,1,269,198,4,0.2197
0,865,3,2,2225,967,194,3360.1027
0,866,1,2,1962,1230,245,3642.1397
0,867,1,2,1960,1232,247,3642.1397
0,868,1,0,2573,1727,346,6602.2397
0,869,1,0,2357,1943,297,6949.0767
0,870,1,1,453,14,2,0.2197
0,871,1,1,453,14,2,0.2197
0,872,1,0,2724,1576,293,6722.9647
0,873,1,1,453,14,2,0.2197
0,874,1,0,2554,1746,350,6644.0997
0,875,1,1,453,14,2,0.2197
0,876,1,2,1921,1271,249,3642.1397
0,877,1,2,1952,1240,249,3642.1397
0,878,3,0,2672,1628,247,6010.2197
0,879,1,2,2121,1071,196,3360.1027
0,880,1,1,453,14,2,0.2197
0,881,1,0,2468,1832,297,8189.1507
0,882,1,2,1879,1313,249,3642.1397
0,883,1,0,2556,1744,348,6632.3594
0,884,1,2,1947,1245,249,3657.1147
0,885,1,0,2385,1915,346,7174.2547
0,886,1,1,420,47,4,0.2197
0,887,1,2,1925,1267,196,4109.0987
0,888,1,0,2566,1734,346,6632.18364
0,889,1,0,2672,1628,247,6010.2197
0,890,1,1,385,82,2,0.2197
0,891,1,2,2024,1168,194,4070.2357
0,892,1,0,2571,1729,348,6602.2397
0,893,1,0,2573,1727,346,6602.2397
0,894,1,0,2428,1872,247,6740.9997
0,895,1,1,395,72,4,0.2197
0,896,1,0,2195,2105,293,8591.9217
0,897,1,0,2537,1763,293,7383.6357
0,898,1,1,195,272,4,0.2197
0,899,1,1,453,14,2,0.2197
0,900,1,2,2133,1059,194,3685.1387
0,901,3,0,2664,1636,247,6010.39546
0,902,1,2,2225,967,194,3360.1027
0,903,1,2,1960,1232,247,3642.1397
0,904,3,2,2019,1173,194,4087.9007
0,905,3,0,2672,1628,247,6010.2197
0,906,1,0,2672,1628,247,6010.2197
0,907,1,1,453,14,2,0.2197
0,908,1,1,453,14,2,0.2197
0,909,1,1,453,14,2,0.2197
0,910,1,2,2061,1131,194,3939.5147
0,911,1,0,2573,1727,346,6602.2397
0,912,3,1,453,14,2,0.2197
0,913,1,2,1960,1232,247,3642.1397
0,914,1,0,2767,1533,293,6571.0457
0,915,1,1,453,14,2,0.2197
0,916,1,0,2672,1628,247,6010.2197
0,917,1,0,2670,1630,249,6010.2197
0,918,1,1,453,14,2,0.2197
0,919,1,1,453,14,2,0.2197
0,920,1,1,453,14,2,0.2197
0,921,1,1,453,14,2,0.2197
0,922,3,0,2600,1700,297,6320.2027
0,923,1,1,453,14,2,0.2197
0,924,1,0,2833,1467,297,6320.2027
0,925,3,2,1949,1243,249,3642.1397
0,926,1,0,2661,1639,251,6010.2197
0,927,1,0,2667,1633,251,6010.2197
0,928,3,0,2644,1656,295,6998.5387
0,929,1,0,2672,1628,247,6010.2197
0,930,1,2,2015,1177,196,3900.6517
0,931,1,2,1960,1232,247,3642.1397
0,932,1,2,1960,1232,247,3642.1397
0,933,1,2,1760,1432,245,4247.1297
0,934,1,2,1693,1499,194,5239.6587
0,935,1,0,2573,1727,346,6602.2397
0,936,1,1,445,22,2,0.39546
0,937,1,1,444,23,2,0.41743
0,938,1,0,2838,1462,293,6320.2027
0,939,1,0,2795,1505,295,6465.0557
0,940,3,0,2629,1671,293,7058.5997
0,941,1,2,1957,1235,245,3642.24955
0,942,1,1,453,14,2,0.2197
0,943,3,0,2672,1628,247,6010.2197
0,944,1,0,2670,1630,249,6010.2197
0,945,1,0,2672,1628,247,6010.2197
0,946,1,2,2059,1133,194,3946.5807
0,947,3,0,2573,1727,346,6602.2397
0,948,1,1,453,14,2,0.2197
0,949,1,2,2154,1038,194,3610.9457
0,950,3,2,1962,1230,245,3642.1397
0,951,1,0,2561,1739,350,6602.2397
0,952,1,2,2141,1051,194,3656.8747
0,953,3,1,453,14,2,0.2197
0,954,3,2,2193,999,196,3360.1027
0,955,1,1,453,14,2,0.2197
0,956,1,0,2200,2100,350,8749.10364
0,957,3,2,1890,1302,196,3427.2297
0,958,1,2,1940,1252,249,3642.1397
0,959,1,2,1943,1249,249,3642.22758
0,960,1,2,1831,1361,249,3642.20561
0,961,1,0,2517,1783,350,6620.1797
0,962,1,0,2509,1791,350,6895.36955
0,963,1,2,1664,1528,249,3642.1397
0,964,1,2,1824,1368,249,4022.5047
0,965,1,2,1846,1346,196,3596.8137
0,966,1,0,1907,2393,350,7710.3597
0,967,1,0,2350,1950,297,7735.06067
0,968,3,0,1945,2355,350,8450.1447
0,969,1,0,2039,2261,297,8903.1007
0,970,3,2,1715,1477,249,4354.9497
0,971,1,0,2132,2168,350,7713.46849
0,972,1,0,1606,2694,297,9395.0687
0,973,1,2,1415,1777,249,5250.4547
0,974,1,2,1431,1761,249,5193.5497
0,975,1,2,1298,1894,249,5588.8897
0,976,1,0,1388,2912,297,10436.29158
0,977,1,1,323,144,4,0.2197
0,978,3,1,185,282,4,0.30758
0,979,1,0,1744,2556,350,9305.8647
0,980,1,0,1971,2329,350,8411.1497
0,981,1,1,195,272,4,0.2197
0,982,3,0,2247,2053,297,8414.7497
0,983,3,0,2021,2279,348,8270.3847
0,984,1,0,2102,2198,348,8006.8947
0,985,1,2,1476,1716,249,5067.78167
0,986,3,2,1345,1847,249,5280.4047
0,987,1,2,1356,1836,249,5442.1347
0,988,3,0,1132,3168,293,12312.3904
0,989,3,2,1472,1720,196,5956.87967
0,990,1,0,1695,2605,293,10358.4217
0,991,3,0,1396,2904,348,10121.3647
0,992,1,2,901,2291,247,6813.8447
0,993,1,1,-555,1022,4,0.2197
0,994,1,1,-415,882,4,0.2197
0,995,3,2,1490,1702,245,5055.7797
0,996,2,0,2554,1746,346,6659.1447
0,997,1,1,403,64,4,0.2197
0,998,3,1,412,55,4,0.2197
0,999,1,0,2571,1729,348,6602.2397
