CONFIGURATION:
{u'simulation': {u'stdev_factor': 0.01, u'power_mgmt_enabled': False, u'tasks': {u'loc': {u'mean_service_time': {u'gpu': 90, u'cpu_core': 200, u'loc_accel': 10}, u'priority': 1, u'deadline': 1000, u'stdev_service_time': {u'gpu': 0.9, u'cpu_core': 2.0, u'loc_accel': 0.1}, u'power': {u'gpu': 4.457, u'cpu_core': 6.133, u'loc_accel': 0.02197}}, u'detect': {u'mean_service_time': {u'gpu': 0.4607, u'cpu_core': 3.654, u'det_accel': 0.278}, u'priority': 2, u'deadline': 1000, u'stdev_service_time': {u'gpu': 0.004607, u'cpu_core': 0.03654, u'det_accel': 0.0027800000000000004}, u'power': {u'gpu': 90, u'cpu_core': 200, u'det_accel': 10}}, u'Frontier': {u'mean_service_time': {u'cpu_core': 396}, u'priority': 9, u'deadline': 1000, u'stdev_service_time': {u'cpu_core': 3.96}, u'power': {u'cpu_core': 5.98}}, u'track': {u'mean_service_time': {u'gpu': 17, u'tra_accel': 2, u'cpu_core': 1820}, u'priority': 3, u'deadline': 1000, u'stdev_service_time': {u'gpu': 0.17, u'tra_accel': 0.02, u'cpu_core': 18.2}, u'power': {u'gpu': 12.79, u'tra_accel': 0.59, u'cpu_core': 5.6}}, u'sp': {u'mean_service_time': {u'gpu': 379, u'cpu_core': 1004}, u'priority': 11, u'deadline': 1000, u'stdev_service_time': {u'gpu': 3.79, u'cpu_core': 10.040000000000001}, u'power': {u'gpu': 3.302, u'cpu_core': 1004}}, u'mission': {u'mean_service_time': {u'cpu_core': 0.0022}, u'priority': 5, u'deadline': 1000, u'stdev_service_time': {u'cpu_core': 2.2000000000000003e-05}, u'power': {u'cpu_core': 3.534}}, u'motion': {u'mean_service_time': {u'cpu_core': 8}, u'priority': 6, u'deadline': 1000, u'stdev_service_time': {u'cpu_core': 0.08}, u'power': {u'cpu_core': 4.222}}, u'collision': {u'mean_service_time': {u'cpu_core': 8}, u'priority': 7, u'deadline': 1000, u'stdev_service_time': {u'cpu_core': 0.08}, u'power': {u'cpu_core': 0}}, u'fusion': {u'mean_service_time': {u'cpu_core': 1}, u'priority': 4, u'deadline': 1000, u'stdev_service_time': {u'cpu_core': 0.01}, u'power': {u'cpu_core': 0}}, u'map': {u'mean_service_time': {u'gpu': 761, u'cpu_core': 973}, u'priority': 10, u'deadline': 1000, u'stdev_service_time': {u'gpu': 7.61, u'cpu_core': 9.73}, u'power': {u'gpu': 3.533, u'cpu_core': 2.995}}, u'path': {u'mean_service_time': {u'cpu_core': 8}, u'priority': 8, u'deadline': 1000, u'stdev_service_time': {u'cpu_core': 0.08}, u'power': {u'cpu_core': 0}}}, u'sched_policy_module': u'policies.rheft', u'drop': True, u'servers': {u'gpu': {u'count': 2}, u'tra_accel': {u'count': 1}, u'cpu_core': {u'count': 8}, u'loc_accel': {u'count': 1}, u'det_accel': {u'count': 1}}, u'max_tasks_simulated': 10000, u'max_queue_size': 1000000, u'mean_arrival_time': 50, u'arrival_time_scale': 2.4}, u'general': {u'random_seed': 0, u'pre_gen_arrivals': False, u'basename': u'policy:rheft__stdev_factor:0.01', u'output_trace_file': None, u'working_dir': u'/home/hiwot/meta-stomp2/sim_16042020_180542_new_arrival_50_map_rheftmapping_50_trace_20', u'input_trace_file': (False, '../mv_mapping_50_trace_20.trc'), u'logging_level': u'INFO'}}

/home/hiwot/meta-stomp2/sim_16042020_180542_new_arrival_50_map_rheftmapping_50_trace_20/../mv_mapping_50_trace_20.trc

Running STOMP simulation...
Dropped,DAG ID,DAG Priority,DAG Type,Slack,Response Time,No-Affinity Time,Energy
0,0,3,2,1769,967,194,3360.1027
0,1,1,0,2222,1464,295,6320.2027
0,2,1,2,1506,1230,245,3642.1397
0,3,1,2,1502,1234,247,3642.18364
0,4,1,2,1504,1232,247,3642.1397
0,5,1,2,1504,1232,247,3642.1397
0,6,1,1,385,15,2,0.24167
0,7,1,1,380,20,2,0.35152
0,8,1,1,386,14,2,0.2197
0,9,1,1,386,14,2,0.2197
0,10,1,2,1564,1172,194,4084.3677
0,11,3,1,386,14,2,0.2197
0,12,1,1,386,14,2,0.2197
0,13,1,1,386,14,2,0.2197
0,14,1,2,1769,967,194,3360.1027
0,15,1,1,386,14,2,0.2197
0,16,3,0,1946,1740,350,6620.1797
0,17,1,1,384,16,4,0.2197
0,18,1,2,794,1942,249,3642.1397
0,19,1,0,1834,1852,297,8347.0917
0,20,1,0,1944,1742,350,6644.0997
0,21,1,0,1951,1735,350,6620.1797
0,22,3,2,1369,1367,196,3360.1027
0,23,1,2,1491,1245,249,3642.1397
0,24,2,0,1959,1727,346,6602.2397
0,25,3,2,1504,1232,247,3642.1397
0,26,3,0,1947,1739,348,6602.4594
0,27,3,1,174,226,4,0.2197
0,28,1,2,1599,1137,194,3960.7127
0,29,1,0,1948,1738,247,6339.6697
0,30,3,1,-340,740,4,0.2197
0,31,1,1,-295,695,4,0.2197
0,32,1,2,1063,1673,194,5854.4007
0,33,1,2,1723,1013,194,3522.6207
0,34,1,0,1489,2197,346,7980.1594
0,35,1,1,14,386,4,0.2197
0,36,3,0,1797,1889,247,6791.9147
0,37,1,2,1504,1232,247,3642.1397
0,38,1,1,386,14,2,0.2197
0,39,1,1,386,14,2,0.2197
0,40,1,1,386,14,2,0.2197
0,41,1,1,386,14,2,0.2197
0,42,1,1,386,14,2,0.2197
0,43,1,1,386,14,2,0.2197
0,44,1,0,2088,1598,297,6320.2027
0,45,1,0,2214,1472,297,6320.2027
0,46,1,0,1956,1730,346,6620.1797
0,47,1,1,386,14,2,0.2197
0,48,1,0,2056,1630,249,6010.2197
0,49,1,2,1506,1230,245,3642.1397
0,50,1,1,386,14,2,0.2197
0,51,1,1,386,14,2,0.2197
0,52,1,2,1624,1112,194,3872.3877
0,53,1,2,1506,1230,245,3642.1397
0,54,1,2,1672,1064,194,3702.8037
0,55,1,0,1959,1727,346,6602.2397
0,56,3,2,1504,1232,247,3642.1397
0,57,1,1,227,173,4,0.2197
0,58,1,0,2020,1666,247,6124.0297
0,59,3,1,300,100,4,0.2197
0,60,1,0,2040,1646,295,6963.2087
0,61,1,2,1504,1232,247,3642.1397
0,62,3,1,386,14,2,0.2197
0,63,1,2,1501,1235,247,3642.20561
0,64,1,2,1717,1019,194,3543.8187
0,65,1,2,1506,1230,245,3642.1397
0,66,1,2,1504,1232,247,3642.1397
0,67,1,2,1632,1104,194,3844.1237
0,68,1,0,2224,1462,293,6320.2027
0,69,1,0,2058,1628,247,6010.2197
0,70,3,2,1653,1083,194,3769.9307
0,71,1,0,2058,1628,247,6010.2197
0,72,1,1,386,14,2,0.2197
0,73,1,1,386,14,2,0.2197
0,74,1,1,386,14,2,0.2197
0,75,1,2,1769,967,194,3360.1027
0,76,1,0,1959,1727,346,6602.2397
0,77,1,0,1957,1729,348,6602.2397
0,78,1,0,2056,1630,249,6010.2197
0,79,1,1,381,19,2,0.32955
0,80,1,1,386,14,2,0.2197
0,81,1,2,1650,1086,194,3780.5297
0,82,1,0,1956,1730,346,6620.1797
0,83,1,2,1501,1235,247,3642.1397
0,84,1,1,386,14,2,0.2197
0,85,1,2,1715,1021,194,3550.8847
0,86,1,1,386,14,2,0.2197
0,87,3,0,2058,1628,247,6010.2197
0,88,1,1,386,14,2,0.2197
0,89,3,2,1712,1024,194,3561.4837
0,90,3,2,1506,1230,245,3642.1397
0,91,3,0,1959,1727,346,6602.2397
0,92,3,1,196,204,4,0.2197
0,93,3,0,2172,1514,295,6479.1877
0,94,1,1,386,14,2,0.2197
0,95,1,0,1959,1727,346,6602.2397
0,96,3,2,1506,1230,245,3642.1397
0,97,1,2,1747,989,196,3420.1637
0,98,3,1,386,14,2,0.2197
0,99,1,0,1952,1734,346,6602.39349
0,100,1,2,1504,1232,247,3642.1397
0,101,1,2,1657,1079,194,3755.7987
0,102,1,1,386,14,2,0.2197
0,103,1,0,1791,1895,297,6984.4067
0,104,1,2,1496,1240,249,3642.1397
0,105,1,2,1506,1230,245,3642.1397
0,106,1,0,1942,1744,350,6620.1797
0,107,1,1,386,14,2,0.2197
0,108,1,0,2049,1637,297,6427.8427
0,109,3,0,1959,1727,346,6602.2397
0,110,3,0,2056,1630,249,6010.2197
0,111,1,0,2057,1629,293,6910.2137
0,112,1,2,1492,1244,249,3642.1397
0,113,1,1,386,14,2,0.2197
0,114,1,2,1506,1230,245,3642.1397
0,115,3,2,1472,1264,247,3737.9797
0,116,3,1,368,32,4,0.28561
0,117,1,0,1889,1797,350,6602.2397
0,118,3,1,-171,571,4,0.2197
0,119,3,1,-158,558,4,0.2197
0,120,3,0,2056,1630,297,6864.2847
0,121,1,1,-41,441,4,0.2197
0,122,1,1,-43,443,4,0.28561
0,123,3,1,11,389,4,0.2197
0,124,1,2,977,1759,196,5094.8057
0,125,1,1,386,14,2,0.2197
0,126,2,2,1472,1264,249,3714.0197
0,127,1,0,1843,1843,350,6928.6647
0,128,3,0,1864,1822,297,8181.0267
0,129,1,0,1935,1751,350,6673.9997
0,130,1,0,1769,1917,350,6691.9397
0,131,1,2,1314,1422,249,3642.1397
0,132,1,2,1472,1264,249,3642.1397
0,133,1,0,2052,1634,297,6618.3357
0,134,1,0,1672,2014,350,6650.1297
0,135,1,2,1421,1315,249,3878.7447
0,136,1,1,141,259,4,0.2197
0,137,1,1,49,351,4,0.2197
0,138,1,2,899,1837,196,6200.6347
0,139,1,2,1237,1499,249,4043.4697
0,140,1,0,1928,1758,297,7396.9847
0,141,1,2,566,2170,249,6379.5697
0,142,1,2,594,2142,196,7193.4077
0,143,3,2,645,2091,249,5499.0397
0,144,1,0,1195,2491,350,8857.4447
0,145,3,1,74,326,4,0.2197
0,146,1,1,73,327,4,0.39546
0,147,1,1,88,312,4,0.2197
0,148,1,0,1419,2267,350,8186.5947
0,149,3,1,184,216,4,4.1743
0,150,1,1,42,358,4,3.71293
0,151,1,2,714,2022,249,4474.14943
0,152,1,0,1442,2244,350,7725.3147
0,153,1,0,1564,2122,350,7752.2897
0,154,1,2,823,1913,196,6313.6907
0,155,1,2,1077,1659,249,4897.0447
0,156,1,2,1134,1602,196,4423.5357
0,157,1,2,1146,1590,249,3965.5997
0,158,3,0,1582,2104,350,7656.4497
0,159,1,2,1221,1515,249,4465.7647
0,160,1,0,1376,2310,350,8327.2897
0,161,1,0,1384,2302,297,10139.90555
0,162,1,2,779,1957,249,5229.4897
0,163,1,2,862,1874,196,6027.5177
0,164,1,2,965,1771,249,5217.5097
0,165,3,2,775,1961,249,5274.4147
0,166,1,1,193,207,4,0.2197
0,167,1,0,1611,2075,346,7659.4247
0,168,1,2,984,1752,196,5486.9687
0,169,1,0,1726,1960,348,7303.0397
0,170,1,2,1295,1441,247,4259.1097
0,171,3,0,1375,2311,247,8055.8047
0,172,1,0,1550,2136,293,8701.4447
0,173,1,0,1185,2501,348,8914.3797
0,174,1,1,371,29,4,0.2197
0,175,1,2,1015,1721,247,5106.6947
0,176,1,0,1638,2048,295,8383.4747
0,177,1,2,1205,1531,247,4537.6447
0,178,1,0,1956,1730,346,6611.2247
0,179,1,0,2224,1462,293,6320.2027
0,180,1,0,2224,1462,293,6320.2027
0,181,1,0,2058,1628,247,6010.2197
0,182,1,0,2053,1633,293,6924.3457
0,183,1,1,386,14,2,0.2197
0,184,1,0,2050,1636,247,6010.39546
0,185,1,0,1957,1729,348,6602.2397
0,186,1,0,2078,1608,295,6828.9547
0,187,1,1,386,14,2,0.2197
0,188,1,1,383,17,2,0.28561
0,189,1,0,2214,1472,297,6320.2027
0,190,1,1,386,14,2,0.2197
0,191,1,1,386,14,2,0.2197
0,192,3,2,1769,967,194,3360.1027
0,193,3,2,1494,1242,249,3642.1397
0,194,1,2,1655,1081,196,3593.2807
0,195,1,0,1928,1758,295,7699.0377
0,196,3,2,1461,1275,249,3642.1397
0,197,1,2,1494,1242,249,3642.1397
0,198,3,2,1498,1238,249,3642.1397
0,199,1,2,1493,1243,249,3642.31546
0,200,1,2,1504,1232,247,3642.1397
0,201,3,0,1957,1729,348,6602.2397
0,202,1,1,356,44,4,0.2197
0,203,3,1,386,14,2,0.2197
0,204,1,2,1499,1237,245,3642.29349
0,205,1,1,-294,694,4,0.2197
0,206,1,2,1631,1105,194,3847.6567
0,207,1,2,1461,1275,245,3776.9147
0,208,1,2,1585,1151,194,4010.1747
0,209,1,1,51,349,4,0.2197
0,210,1,2,1312,1424,247,4217.1797
0,211,3,1,234,166,4,0.2197
0,212,1,0,2056,1630,249,6010.2197
0,213,1,2,1647,1089,194,3791.1287
0,214,1,1,386,14,2,0.2197
0,215,3,2,1506,1230,245,3642.1397
0,216,1,2,1599,1137,194,3960.7127
0,217,3,1,386,14,2,0.2197
0,218,1,1,386,14,2,0.2197
0,219,3,2,1496,1240,249,3642.1397
0,220,3,2,1504,1232,247,3642.1397
0,221,3,0,2080,1606,293,6828.9547
0,222,3,1,381,19,2,0.32955
0,223,3,2,1506,1230,245,3642.1397
0,224,1,2,1506,1230,245,3642.1397
0,225,1,0,2121,1565,295,6677.0357
0,226,1,1,386,14,2,0.2197
0,227,1,2,1504,1232,247,3642.1397
0,228,1,0,2058,1628,247,6010.2197
0,229,1,2,1504,1232,247,3642.1397
0,230,1,2,1504,1232,247,3642.1397
0,231,1,1,303,97,4,0.2197
0,232,3,2,1569,1167,194,4066.7027
0,233,1,2,1506,1230,245,3642.1397
0,234,1,0,2033,1653,293,6995.0057
0,235,3,2,1760,976,194,3391.8997
0,236,1,2,1506,1230,245,3642.1397
0,237,1,1,386,14,2,0.2197
0,238,1,2,1769,967,194,3360.1027
0,239,3,2,1506,1230,245,3642.1397
0,240,1,1,386,14,2,0.2197
0,241,1,0,1959,1727,346,6602.2397
0,242,1,1,386,14,2,0.2197
0,243,1,2,1769,967,194,3360.1027
0,244,3,0,2058,1628,247,6010.2197
0,245,1,2,1769,967,194,3360.1027
0,246,1,0,2224,1462,293,6320.2027
0,247,1,1,386,14,2,0.2197
0,248,1,2,1506,1230,245,3642.1397
0,249,1,1,386,14,2,0.2197
0,250,3,1,386,14,2,0.2197
0,251,1,1,386,14,2,0.2197
0,252,1,0,2154,1532,293,6567.5127
0,253,3,2,1723,1013,194,3522.6207
0,254,1,0,2056,1630,249,6010.2197
0,255,1,0,2056,1630,249,6010.2197
0,256,1,2,1506,1230,245,3642.1397
0,257,1,0,1959,1727,346,6602.2397
0,258,1,2,1502,1234,249,3642.1397
0,259,1,1,386,14,2,0.2197
0,260,1,1,386,14,2,0.2197
0,261,3,1,386,14,2,0.2197
0,262,3,0,2224,1462,293,6320.2027
0,263,1,1,386,14,2,0.2197
0,264,1,2,1769,967,194,3360.1027
0,265,1,2,1506,1230,245,3642.1397
0,266,1,1,386,14,2,0.2197
0,267,3,0,1959,1727,346,6602.2397
0,268,1,2,1595,1141,194,3974.8447
0,269,1,2,1579,1157,194,4031.3727
0,270,3,2,1504,1232,247,3642.1397
0,271,1,1,386,14,2,0.2197
0,272,1,0,2194,1492,293,6426.1927
0,273,1,1,386,14,2,0.2197
0,274,3,1,386,14,2,0.2197
0,275,1,2,1769,967,194,3360.1027
0,276,1,0,2058,1628,247,6010.2197
0,277,3,2,1506,1230,245,3642.1397
0,278,3,0,1957,1729,348,6602.2397
0,279,1,1,386,14,2,0.2197
0,280,1,2,1769,967,194,3360.1027
0,281,3,2,1706,1030,194,3582.6817
0,282,1,2,1504,1232,247,3642.1397
0,283,1,1,386,14,2,0.2197
0,284,1,2,1504,1232,247,3642.1397
0,285,3,0,1959,1727,346,6602.2397
0,286,1,2,1603,1133,194,3946.5807
0,287,1,0,2224,1462,293,6320.2027
0,288,1,0,2058,1628,247,6010.2197
0,289,1,2,1593,1143,194,3981.9107
0,290,3,1,386,14,2,0.2197
0,291,1,1,386,14,2,0.2197
0,292,1,2,1769,967,194,3360.1027
0,293,1,1,386,14,2,0.2197
0,294,3,0,2018,1668,297,6320.2027
0,295,1,2,1496,1240,249,3642.1397
0,296,1,0,1648,2038,350,7319.8397
0,297,3,0,1941,1745,350,6644.0997
0,298,1,0,1956,1730,346,6620.1797
0,299,3,0,2051,1635,251,6010.2197
0,300,1,0,1946,1740,293,7769.7537
0,301,1,0,1877,1809,293,8128.5397
0,302,3,2,1503,1233,247,3642.1397
0,303,1,2,1504,1232,247,3642.1397
0,304,1,2,1214,1522,245,4498.84152
0,305,1,0,1776,1910,247,6854.8097
0,306,1,1,315,85,4,0.2197
0,307,1,2,1694,1042,194,3625.0777
0,308,3,1,-8,408,4,0.2197
0,309,1,0,1927,1759,297,6815.0424
0,310,1,0,1751,1935,348,7234.1347
0,311,1,1,258,142,4,0.2197
0,312,1,0,1953,1733,350,6614.1997
0,313,1,1,386,14,2,0.2197
0,314,1,2,1496,1240,249,3642.1397
0,315,1,2,1504,1232,247,3642.1397
0,316,1,2,1583,1153,194,4017.2407
0,317,1,1,386,14,2,0.2197
0,318,1,0,2058,1628,247,6010.2197
0,319,1,1,386,14,2,0.2197
0,320,1,0,2222,1464,295,6320.2027
0,321,1,2,1506,1230,245,3642.1397
0,322,3,0,1959,1727,346,6602.2397
0,323,1,2,1484,1252,245,3678.2994
0,324,1,1,347,53,4,0.2197
0,325,1,1,384,16,4,0.2197
0,326,1,1,386,14,2,0.2197
0,327,3,0,2224,1462,293,6320.2027
0,328,1,2,1769,967,194,3360.1027
0,329,1,1,386,14,2,0.2197
0,330,1,2,1504,1232,247,3642.1397
0,331,1,0,1959,1727,346,6602.2397
0,332,1,2,1504,1232,247,3642.1397
0,333,1,0,2101,1585,293,6754.7617
0,334,1,0,2068,1618,295,6864.2847
0,335,3,0,1959,1727,346,6602.2397
0,336,1,1,386,14,2,0.2197
0,337,1,1,386,14,2,0.2197
0,338,1,2,1504,1232,247,3642.1397
0,339,1,1,386,14,2,0.2197
0,340,1,1,386,14,2,0.2197
0,341,1,0,2224,1462,293,6320.2027
0,342,1,2,1769,967,194,3360.1027
0,343,1,1,384,16,4,0.2197
0,344,1,0,1653,2033,251,6010.2197
0,345,1,1,386,14,2,0.2197
0,346,3,1,386,14,2,0.2197
0,347,1,0,1831,1855,297,8402.8227
0,348,3,1,386,14,2,0.2197
0,349,3,0,1874,1812,350,7032.7997
0,350,1,2,1177,1559,196,3762.8647
0,351,3,0,1952,1734,346,6644.0997
0,352,1,0,1956,1730,346,6620.1797
0,353,1,2,1474,1262,249,3642.1397
0,354,1,2,1501,1235,247,3642.1397
0,355,3,2,1504,1232,247,3642.1397
0,356,1,1,386,14,2,0.2197
0,357,3,0,2052,1634,297,6892.5487
0,358,3,0,1746,1940,350,6602.2397
0,359,1,0,1956,1730,297,7217.5847
0,360,1,2,798,1938,249,5588.8897
0,361,3,0,1309,2377,297,9726.1687
0,362,1,2,994,1742,249,5139.6397
0,363,1,1,-55,455,4,0.4394
0,364,1,1,192,208,4,0.2197
0,365,1,1,154,246,4,0.28561
0,366,2,0,1863,1823,350,6686.0797
0,367,1,2,1274,1462,196,4020.7737
0,368,1,1,386,14,2,0.2197
0,369,1,0,1954,1732,346,6632.1397
0,370,1,2,1495,1241,249,3642.1397
0,371,1,1,310,90,4,0.39546
0,372,3,0,1902,1784,348,6775.9197
0,373,1,2,1489,1247,245,3693.0547
0,374,1,2,1147,1589,196,5550.5627
0,375,1,2,1327,1409,245,4172.29864
0,376,1,2,1503,1233,194,4299.8807
0,377,1,1,13,387,4,0.2197
0,378,1,0,1702,1984,346,7371.9547
0,379,1,2,1225,1511,245,4483.7347
0,380,1,0,1633,2053,348,7566.67364
0,381,1,0,1880,1806,346,6838.8447
0,382,3,0,2015,1671,293,7058.5997
0,383,1,1,386,14,2,0.2197
0,384,1,1,386,14,2,0.2197
0,385,1,2,1769,967,194,3360.1027
0,386,1,2,1504,1232,247,3642.1397
0,387,3,0,1959,1727,346,6602.2397
0,388,1,2,1769,967,194,3360.1027
0,389,1,0,2224,1462,293,6320.2027
0,390,1,2,1506,1230,245,3642.1397
0,391,1,0,2058,1628,247,6010.2197
0,392,1,1,386,14,2,0.2197
0,393,1,1,386,14,2,0.2197
0,394,3,2,1506,1230,245,3642.1397
0,395,1,1,386,14,2,0.2197
0,396,1,0,2222,1464,295,6320.2027
0,397,1,2,1752,984,194,3413.14164
0,398,1,0,2058,1628,247,6010.2197
0,399,1,0,1957,1729,348,6602.2397
0,400,1,0,2126,1560,295,6659.3707
0,401,1,1,386,14,2,0.2197
0,402,3,2,1769,967,194,3360.1027
0,403,1,0,2058,1628,293,6906.6807
0,404,1,1,386,14,2,0.2197
0,405,1,1,386,14,2,0.2197
0,406,3,2,1610,1126,194,3921.8497
0,407,1,0,2058,1628,247,6010.2197
0,408,1,1,386,14,2,0.2197
0,409,3,2,1769,967,194,3360.1027
0,410,1,2,1504,1232,247,3642.1397
0,411,1,1,386,14,2,0.2197
0,412,3,2,1504,1232,247,3642.1397
0,413,1,2,1504,1232,247,3642.1397
0,414,1,2,1504,1232,247,3642.1397
0,415,1,1,386,14,2,0.2197
0,416,1,2,1764,972,194,3360.21255
0,417,1,2,1557,1179,194,4109.0987
0,418,1,2,1506,1230,245,3642.1397
0,419,1,2,1504,1232,247,3642.1397
0,420,1,1,386,14,2,0.2197
0,421,1,1,386,14,2,0.2197
0,422,1,0,1959,1727,346,6602.2397
0,423,3,1,386,14,2,0.2197
0,424,1,2,1769,967,194,3360.1027
0,425,1,2,1769,967,194,3360.1027
0,426,1,0,2058,1628,247,6010.2197
0,427,3,2,1506,1230,245,3642.1397
0,428,1,0,1959,1727,346,6602.2397
0,429,1,0,1959,1727,346,6602.2397
0,430,1,0,2025,1661,295,7016.2037
0,431,3,1,386,14,2,0.2197
0,432,1,1,386,14,2,0.2197
0,433,1,2,1769,967,194,3360.1027
0,434,1,1,386,14,2,0.2197
0,435,1,0,1949,1737,350,6602.2397
0,436,1,1,386,14,2,0.2197
0,437,1,1,386,14,2,0.2197
0,438,1,2,1769,967,194,3360.1027
0,439,1,0,2214,1472,297,6320.2027
0,440,1,0,1905,1781,350,6620.1797
0,441,1,1,386,14,2,0.2197
0,442,1,1,386,14,2,0.2197
0,443,1,2,1496,1240,249,3642.1397
0,444,1,0,1931,1755,293,7764.0207
0,445,1,1,386,14,2,0.2197
0,446,1,2,1482,1254,196,3769.9307
0,447,3,2,1437,1299,249,3642.24955
0,448,1,1,376,24,2,0.4394
0,449,1,2,1443,1293,249,3642.1397
0,450,3,2,1497,1239,249,3642.1397
0,451,1,2,1496,1240,247,3642.24955
0,452,3,1,370,30,4,0.28561
0,453,1,1,386,14,2,0.2197
0,454,1,1,386,14,2,0.2197
0,455,3,2,1506,1230,245,3642.1397
0,456,1,2,1313,1423,247,4214.1847
0,457,3,0,1680,2006,293,8242.1547
0,458,1,1,316,84,4,0.2197
0,459,3,1,301,99,4,0.2197
0,460,1,1,73,327,4,0.2197
0,461,3,2,1509,1227,194,4278.6827
0,462,1,0,1920,1766,247,6423.5297
0,463,1,0,1926,1760,249,6399.5697
0,464,1,2,1350,1386,247,4103.3697
0,465,1,0,1796,1890,346,7090.4247
0,466,1,1,386,14,2,0.2197
0,467,1,0,2058,1628,247,6010.2197
0,468,1,0,2025,1661,293,7023.2697
0,469,1,2,1561,1175,194,4094.9667
0,470,3,2,1504,1232,247,3642.1397
0,471,1,0,1453,2233,350,6602.2397
0,472,1,1,386,14,2,0.2197
0,473,1,0,2030,1656,297,6995.2947
0,474,3,1,386,14,2,0.2197
0,475,1,2,1597,1139,196,3360.1027
0,476,1,0,1956,1730,346,6620.1797
0,477,1,0,1931,1755,348,6727.92955
0,478,1,2,1384,1352,249,3642.1397
0,479,1,0,1952,1734,348,6632.1397
0,480,1,2,1497,1239,249,3642.1397
0,481,1,2,1496,1240,249,3642.24955
0,482,1,2,1636,1100,194,3829.9917
0,483,1,2,1503,1233,245,3642.20561
0,484,1,1,-266,666,4,0.2197
0,485,1,2,1495,1241,194,4328.1447
0,486,1,2,851,1885,196,5857.9337
0,487,3,2,1221,1515,245,4495.7147
0,488,1,0,1560,2126,350,7306.0147
0,489,2,1,179,221,4,0.28561
0,490,1,0,1802,1884,350,7039.4797
0,491,1,1,262,138,4,0.2197
0,492,1,1,386,14,2,0.2197
0,493,3,0,1946,1740,350,6620.1797
0,494,3,1,386,14,2,0.2197
0,495,1,0,2048,1638,297,7300.9227
0,496,1,2,1410,1326,249,3642.1397
0,497,1,1,386,14,2,0.2197
0,498,1,0,2005,1681,297,7083.3447
0,499,1,0,1854,1832,350,6978.9797
0,500,3,0,1900,1786,350,6871.3397
0,501,1,1,383,17,2,0.28561
0,502,1,0,1690,1996,350,6703.8997
0,503,1,2,1240,1496,249,3642.1397
0,504,1,2,1139,1597,196,4550.7237
0,505,1,2,798,1938,249,5277.4097
0,506,3,2,877,1859,249,5490.0547
0,507,1,1,-45,445,4,0.2197
0,508,1,1,-127,527,4,0.2197
0,509,1,0,1573,2113,297,8708.86367
0,510,1,2,816,1920,249,5169.5897
0,511,1,2,856,1880,249,4384.8997
0,512,1,1,330,70,4,0.4394
0,513,1,0,1138,2548,350,9078.95667
0,514,1,0,1195,2491,297,9782.2817
0,515,1,0,1211,2475,350,8934.8947
0,516,1,0,1857,1829,297,7588.8247
0,517,1,0,1497,2189,350,7958.9447
0,518,1,2,576,2160,249,5582.8997
0,519,3,0,1156,2530,297,10285.9627
0,520,3,0,1197,2489,350,8920.1797
0,521,1,0,985,2701,348,10086.4997
0,522,1,2,574,2162,249,5972.2497
0,523,3,2,1102,1634,196,5529.3647
0,524,1,1,126,274,4,0.2197
0,525,1,1,-285,685,4,0.37349
0,526,1,2,1426,1310,249,3851.7897
0,527,1,2,1320,1416,194,4946.4197
0,528,1,0,1771,1915,247,6869.7847
0,529,1,2,1018,1718,247,5088.79061
0,530,1,0,1644,2042,249,7244.1597
0,531,1,1,162,238,4,0.2197
0,532,1,0,1833,1853,249,6678.1047
0,533,1,1,262,138,4,0.2197
0,534,1,0,1776,1910,295,7895.9207
0,535,1,2,1020,1716,247,5091.7197
0,536,3,0,1602,2084,346,7671.4547
0,537,3,2,1091,1645,194,5744.94361
0,538,1,1,183,217,4,0.2197
0,539,1,1,293,107,4,0.2197
0,540,1,1,295,105,2,0.24167
0,541,1,2,1506,1230,245,3642.1397
0,542,1,0,1831,1855,297,6871.3507
0,543,1,0,1945,1741,350,6602.2397
0,544,1,1,383,17,2,0.28561
0,545,1,1,386,14,2,0.2197
0,546,1,0,2136,1550,295,6624.0407
0,547,3,2,1506,1230,245,3642.1397
0,548,1,2,1506,1230,245,3642.1397
0,549,1,0,2163,1523,293,6535.7157
0,550,1,2,1506,1230,245,3642.1397
0,551,1,1,386,14,2,0.2197
0,552,3,0,2063,1623,293,6889.0157
0,553,3,2,1504,1232,247,3642.1397
0,554,1,0,1959,1727,346,6602.2397
0,555,1,0,2006,1680,249,6159.9697
0,556,3,1,150,250,2,0.2197
0,557,1,1,386,14,2,0.2197
0,558,3,1,386,14,2,0.2197
0,559,1,0,2224,1462,293,6320.2027
0,560,1,1,386,14,2,0.2197
0,561,1,2,1769,967,194,3360.1027
0,562,1,0,2046,1640,251,6010.2197
0,563,1,1,386,14,2,0.2197
0,564,1,2,1480,1256,196,3589.92346
0,565,1,0,2058,1628,247,6010.2197
0,566,1,1,386,14,2,0.2197
0,567,3,2,1506,1230,245,3642.1397
0,568,3,2,1504,1232,247,3642.1397
0,569,1,2,1504,1232,247,3642.1397
0,570,1,1,386,14,2,0.2197
0,571,1,1,381,19,2,0.32955
0,572,3,1,386,14,2,0.2197
0,573,1,0,2224,1462,293,6320.2027
0,574,1,2,1497,1239,247,3642.29349
0,575,1,0,1958,1728,346,6602.26167
0,576,1,0,1957,1729,348,6602.2397
0,577,1,0,2187,1499,295,6443.8577
0,578,3,1,386,14,2,0.2197
0,579,3,2,1711,1025,194,3565.0167
0,580,3,0,2222,1464,295,6320.2027
0,581,1,2,1506,1230,245,3642.1397
0,582,1,0,1761,1925,350,6602.2397
0,583,3,2,1708,1028,194,3575.6157
0,584,1,0,2044,1642,251,6010.2197
0,585,1,0,2056,1630,249,6010.2197
0,586,1,0,2149,1537,295,6578.1117
0,587,1,0,1959,1727,346,6602.2397
0,588,1,1,386,14,2,0.2197
0,589,1,0,2208,1478,293,6376.7307
0,590,1,2,1505,1231,245,3642.16167
0,591,3,0,1959,1727,346,6602.2397
0,592,3,2,1504,1232,247,3642.1397
0,593,1,2,1635,1101,194,3833.5247
0,594,1,2,1499,1237,245,3663.1047
0,595,1,1,386,14,2,0.2197
0,596,3,1,386,14,2,0.2197
0,597,1,2,1709,1027,194,3572.0827
0,598,1,0,1959,1727,346,6602.2397
0,599,1,0,2109,1577,295,6719.4317
0,600,1,1,386,14,2,0.2197
0,601,1,0,2056,1630,249,6010.2197
0,602,1,1,386,14,2,0.2197
0,603,1,2,1503,1233,245,3642.20561
0,604,1,1,386,14,2,0.2197
0,605,1,2,1506,1230,245,3642.1397
0,606,1,1,386,14,2,0.2197
0,607,1,1,386,14,2,0.2197
0,608,1,1,386,14,2,0.2197
0,609,1,0,2224,1462,293,6320.2027
0,610,1,0,2222,1464,295,6320.2027
0,611,1,1,386,14,2,0.2197
0,612,1,2,1496,1240,247,3642.31546
0,613,1,1,386,14,2,0.2197
0,614,3,1,386,14,2,0.2197
0,615,1,0,2058,1628,247,6010.2197
0,616,1,1,386,14,2,0.2197
0,617,3,0,2161,1525,293,6542.7817
0,618,1,0,2065,1621,295,6874.8837
0,619,1,1,386,14,2,0.2197
0,620,1,2,1504,1232,247,3642.1397
0,621,3,2,1504,1232,247,3642.1397
0,622,3,1,386,14,2,0.2197
0,623,1,0,1949,1737,346,6602.4594
0,624,1,0,2103,1583,295,6740.6297
0,625,3,0,2058,1628,247,6010.2197
0,626,1,1,386,14,2,0.2197
0,627,3,1,386,14,2,0.2197
0,628,1,0,2192,1494,295,6426.1927
0,629,1,1,386,14,2,0.2197
0,630,3,2,1506,1230,245,3642.1397
0,631,1,1,386,14,2,0.2197
0,632,1,0,2023,1663,297,6885.4827
0,633,1,0,2048,1638,251,6010.2197
0,634,1,1,386,14,2,0.2197
0,635,1,0,2126,1560,293,6666.4367
0,636,1,0,1777,1909,346,7690.5997
0,637,1,0,1953,1733,348,6626.1597
0,638,1,2,1506,1230,245,3642.1397
0,639,1,2,1670,1066,194,3709.8697
0,640,1,2,1587,1149,194,4003.1087
0,641,3,1,386,14,2,0.2197
0,642,1,1,386,14,2,0.2197
0,643,1,2,1504,1232,247,3642.1397
0,644,1,0,1959,1727,346,6602.2397
0,645,1,2,1366,1370,247,4055.4497
0,646,3,2,1350,1386,247,4103.3697
0,647,1,0,2173,1513,293,6500.3857
0,648,1,0,2065,1621,295,6874.8837
0,649,3,1,386,14,2,0.2197
0,650,1,1,386,14,2,0.2197
0,651,1,1,386,14,2,0.2197
0,652,3,0,2058,1628,247,6010.2197
0,653,1,0,2058,1628,247,6010.2197
0,654,1,0,2057,1629,295,6903.1477
0,655,3,2,1506,1230,245,3642.1397
0,656,1,0,1952,1734,348,6602.34955
0,657,1,0,2048,1638,293,6942.0107
0,658,1,1,386,14,2,0.2197
0,659,1,1,386,14,2,0.2197
0,660,1,2,1504,1232,247,3642.1397
0,661,1,1,386,14,2,0.2197
0,662,1,1,386,14,2,0.2197
0,663,3,0,2016,1670,293,7055.0667
0,664,1,0,2056,1630,249,6010.2197
0,665,1,2,1769,967,194,3360.1027
0,666,3,1,386,14,2,0.2197
0,667,1,2,1506,1230,245,3642.1397
0,668,1,1,386,14,2,0.2197
0,669,1,2,1769,967,194,3360.1027
0,670,3,2,1769,967,194,3360.1027
0,671,1,2,1506,1230,245,3642.1397
0,672,1,2,1504,1232,247,3642.1397
0,673,1,1,383,17,2,0.28561
0,674,1,1,386,14,2,0.2197
0,675,1,0,2057,1629,247,6010.24167
0,676,1,0,2056,1630,249,6010.2197
0,677,1,2,1504,1232,247,3642.1397
0,678,1,2,1504,1232,247,3642.1397
0,679,1,1,383,17,2,0.28561
0,680,1,0,2121,1565,295,6677.0357
0,681,1,2,1742,994,194,3455.4937
0,682,1,0,1959,1727,346,6602.2397
0,683,1,2,1504,1232,247,3642.1397
0,684,3,2,1506,1230,245,3642.1397
0,685,3,1,386,14,2,0.2197
0,686,1,1,386,14,2,0.2197
0,687,3,2,1763,973,194,3381.3007
0,688,1,1,386,14,2,0.2197
0,689,1,1,386,14,2,0.2197
0,690,1,2,1769,967,194,3360.1027
0,691,1,2,1506,1230,245,3642.1397
0,692,1,0,2109,1577,293,6726.4977
0,693,1,1,386,14,2,0.2197
0,694,1,2,1461,1275,196,3837.0577
0,695,1,0,1954,1732,346,6632.1397
0,696,1,2,1500,1236,247,3642.16167
0,697,1,0,2058,1628,247,6010.2197
0,698,3,0,1957,1729,348,6602.2397
0,699,3,2,1504,1232,247,3642.1397
0,700,3,1,386,14,2,0.2197
0,701,1,1,386,14,2,0.2197
0,702,1,0,2214,1472,293,6355.5327
0,703,3,2,1504,1232,247,3642.1397
0,704,1,2,1504,1232,247,3642.1397
0,705,1,0,2224,1462,293,6320.2027
0,706,1,0,2058,1628,247,6010.2197
0,707,1,0,2027,1659,295,7009.1377
0,708,1,1,386,14,2,0.2197
0,709,1,1,386,14,2,0.2197
0,710,1,1,386,14,2,0.2197
0,711,1,1,386,14,2,0.2197
0,712,3,1,386,14,2,0.2197
0,713,1,2,1769,967,194,3360.1027
0,714,3,1,386,14,2,0.2197
0,715,1,2,1504,1232,247,3642.1397
0,716,1,1,386,14,2,0.2197
0,717,1,0,1959,1727,346,6602.2397
0,718,1,0,2065,1621,295,6874.8837
0,719,3,0,1957,1729,348,6602.2397
0,720,1,2,1506,1230,245,3642.1397
0,721,1,1,376,24,2,0.4394
0,722,1,1,371,29,2,0.54925
0,723,1,1,386,14,2,0.2197
0,724,1,1,386,14,2,0.2197
0,725,3,0,2224,1462,293,6320.2027
0,726,1,1,386,14,2,0.2197
0,727,1,2,1769,967,194,3360.1027
0,728,1,1,386,14,2,0.2197
0,729,1,1,386,14,2,0.2197
0,730,1,0,1552,2134,251,6010.2197
0,731,1,1,386,14,2,0.2197
0,732,1,0,1674,2012,350,8222.8197
0,733,1,1,386,14,2,0.2197
0,734,3,1,386,14,2,0.2197
0,735,3,1,386,14,2,0.2197
0,736,1,2,1479,1257,196,3360.1027
0,737,3,1,386,14,2,0.2197
0,738,3,2,1618,1118,196,3360.1027
0,739,1,0,1930,1756,350,6620.1797
0,740,1,0,1942,1744,350,6620.1797
0,741,1,0,1946,1740,350,6620.1797
0,742,1,2,1394,1342,249,3642.24955
0,743,1,0,1870,1816,350,6620.1797
0,744,1,1,386,14,2,0.2197
0,745,1,0,1920,1766,350,6751.7397
0,746,1,0,1672,2014,350,7950.98046
0,747,1,1,-410,810,4,0.2197
0,748,3,1,-370,770,4,0.2197
0,749,3,0,1811,1875,297,7834.8157
0,750,1,0,2007,1679,297,7074.1067
0,751,1,2,948,1788,249,5013.8497
0,752,1,1,60,340,4,0.2197
0,753,1,0,1515,2171,247,7612.72046
0,754,1,2,827,1909,245,5672.77167
0,755,1,1,117,283,4,0.2197
0,756,2,1,282,118,4,0.2197
0,757,3,0,1681,2005,295,8231.5557
0,758,1,1,335,65,4,0.2197
0,759,1,2,1156,1580,194,5508.27655
0,760,1,0,1703,1983,247,7073.4447
0,761,3,1,168,232,4,0.2197
0,762,1,0,1761,1925,247,6899.7347
0,763,1,0,1844,1842,247,6651.1497
0,764,3,0,1832,1854,249,6681.0997
0,765,3,0,1949,1737,247,6336.6747
0,766,3,2,1691,1045,194,3635.6767
0,767,3,1,385,15,2,0.24167
0,768,1,1,386,14,2,0.2197
0,769,3,1,386,14,2,0.2197
0,770,1,1,386,14,2,0.2197
0,771,1,1,386,14,2,0.2197
0,772,1,1,386,14,2,0.2197
0,773,1,0,2214,1472,297,6320.2027
0,774,1,0,2058,1628,247,6010.2197
0,775,1,1,386,14,2,0.2197
0,776,1,2,1506,1230,245,3642.1397
0,777,1,0,2136,1550,295,6624.0407
0,778,1,0,2058,1628,247,6010.2197
0,779,1,2,1506,1230,245,3642.1397
0,780,1,2,1506,1230,245,3642.1397
0,781,1,0,2211,1475,293,6366.1317
0,782,1,0,2058,1628,247,6010.2197
0,783,3,1,386,14,2,0.2197
0,784,1,0,2017,1669,293,7051.5337
0,785,1,2,1506,1230,245,3642.1397
0,786,1,1,375,25,4,0.2197
0,787,1,0,2058,1628,247,6010.2197
0,788,1,1,386,14,2,0.2197
0,789,1,0,2224,1462,293,6320.2027
0,790,1,2,1557,1179,194,4109.0987
0,791,1,2,1506,1230,245,3642.1397
0,792,1,2,1501,1235,247,3642.20561
0,793,1,0,2129,1557,293,6655.8377
0,794,1,0,2058,1628,247,6010.2197
0,795,3,0,1957,1729,348,6602.2397
0,796,1,2,1506,1230,245,3642.1397
0,797,1,0,2224,1462,293,6320.2027
0,798,1,1,386,14,2,0.2197
0,799,1,2,1719,1017,194,3508.66446
0,800,1,2,1504,1232,247,3642.1397
0,801,1,1,386,14,2,0.2197
0,802,1,1,386,14,2,0.2197
0,803,1,0,1959,1727,346,6602.2397
0,804,3,1,386,14,2,0.2197
0,805,3,2,1505,1231,245,3642.16167
0,806,1,1,386,14,2,0.2197
0,807,3,2,1769,967,194,3360.1027
0,808,1,1,386,14,2,0.2197
0,809,1,0,2222,1464,295,6320.2027
0,810,1,2,1501,1235,247,3642.1397
0,811,1,2,1673,1063,194,3699.2707
0,812,3,1,386,14,2,0.2197
0,813,1,2,1506,1230,245,3642.1397
0,814,1,0,2224,1462,293,6320.2027
0,815,1,0,1851,1835,346,7248.0797
0,816,1,2,1470,1266,249,3642.1397
0,817,1,0,1952,1734,348,6632.1397
0,818,1,2,1496,1240,247,3642.24955
0,819,1,2,1504,1232,247,3642.1397
0,820,1,1,381,19,4,0.2197
0,821,1,1,386,14,2,0.2197
0,822,1,1,386,14,2,0.2197
0,823,3,2,1769,967,194,3360.1027
0,824,1,1,386,14,2,0.2197
0,825,1,2,1506,1230,245,3642.1397
0,826,3,2,1622,1114,194,3879.4537
0,827,1,1,386,14,2,0.2197
0,828,1,0,2058,1628,247,6010.2197
0,829,1,0,1926,1760,251,6381.5997
0,830,1,0,2094,1592,293,6779.4927
0,831,1,0,1955,1731,348,6614.1997
0,832,1,2,1506,1230,245,3642.1397
0,833,3,2,1590,1146,196,3914.7837
0,834,1,2,1506,1230,245,3642.1397
0,835,1,1,386,14,2,0.2197
0,836,1,2,1504,1232,247,3642.1397
0,837,1,1,378,22,2,0.39546
0,838,1,2,1581,1155,194,4024.3067
0,839,3,2,1504,1232,247,3642.1397
0,840,1,2,1652,1084,194,3773.4637
0,841,1,0,1942,1744,350,6626.1697
0,842,1,1,365,35,4,0.2197
0,843,1,2,1320,1416,249,3651.1247
0,844,3,2,1496,1240,249,3642.1397
0,845,3,2,1473,1263,196,3702.8037
0,846,1,2,1326,1410,249,3642.1397
0,847,3,2,1453,1283,196,3851.1897
0,848,1,2,1438,1298,249,3642.1397
0,849,1,0,1944,1742,350,6620.1797
0,850,1,2,1040,1696,249,3642.1397
0,851,1,0,1712,1974,350,6632.1397
0,852,1,1,178,222,4,0.2197
0,853,1,2,1130,1606,249,4256.1147
0,854,3,2,1312,1424,249,4127.3297
0,855,3,0,1978,1708,297,7116.7084
0,856,1,2,1062,1674,249,4867.0947
0,857,1,1,307,93,4,0.2197
0,858,3,0,1243,2443,297,8759.19267
0,859,1,2,737,1999,249,5681.7347
0,860,1,0,1336,2350,350,8999.3147
0,861,3,2,806,1930,249,5672.9694
0,862,1,0,1527,2159,297,8789.2477
0,863,3,0,1238,2448,297,8750.1097
0,864,1,1,-53,453,4,0.2197
0,865,3,2,1354,1382,249,4001.5397
0,866,1,2,1375,1361,249,3998.5447
0,867,1,2,1413,1323,249,3851.7897
0,868,2,0,1523,2163,350,8089.8247
0,869,1,0,1657,2029,350,7485.6947
0,870,1,1,231,169,4,0.2197
0,871,1,1,331,69,4,0.2197
0,872,1,0,1780,1906,297,8429.9447
0,873,1,1,259,141,4,0.2197
0,874,1,0,1688,1998,350,7927.2047
0,875,1,1,321,79,4,0.2197
0,876,1,2,1041,1695,249,4932.9847
0,877,1,2,1344,1392,196,4501.2617
0,878,3,0,1569,2117,350,7758.2497
0,879,1,2,1346,1390,249,3714.0197
0,880,1,1,386,14,2,0.2197
0,881,1,0,1791,1895,350,6620.1797
0,882,1,2,1244,1492,196,4169.1597
0,883,1,0,1870,1816,350,6812.0594
0,884,1,2,852,1884,247,5585.8947
0,885,1,0,1718,1968,295,8276.4827
0,886,1,1,29,371,4,0.2197
0,887,1,2,974,1762,196,6147.6397
0,888,1,0,1509,2177,247,7645.55561
0,889,1,0,1598,2088,249,7381.9297
0,890,1,1,60,340,4,0.2197
0,891,1,2,1161,1575,245,4675.4147
0,892,1,0,1657,2029,247,7211.2147
0,893,1,0,1455,2231,293,9037.0797
0,894,1,0,1370,2316,350,8336.3447
0,895,1,1,299,101,4,0.2197
0,896,1,0,1187,2499,295,9976.8577
0,897,1,0,1379,2307,247,8043.8247
0,898,1,1,144,256,4,0.2197
0,899,1,1,-24,424,4,0.2197
0,900,1,2,1506,1230,245,3642.1397
0,901,3,0,1942,1744,346,6629.37046
0,902,1,2,1768,968,194,3363.6357
0,903,1,2,1506,1230,245,3642.1397
0,904,3,2,1506,1230,245,3642.1397
0,905,3,0,2022,1664,293,7033.8687
0,906,1,0,1959,1727,346,6602.2397
0,907,1,1,386,14,2,0.2197
0,908,1,1,386,14,2,0.2197
0,909,1,1,331,69,4,0.2197
0,910,1,2,1458,1278,245,3785.8997
0,911,1,0,2107,1579,295,6726.4977
0,912,3,1,386,14,2,0.2197
0,913,1,2,1506,1230,245,3642.1397
0,914,1,0,2058,1628,247,6010.2197
0,915,1,1,386,14,2,0.2197
0,916,1,0,2071,1615,293,6860.7517
0,917,1,0,2058,1628,247,6010.2197
0,918,1,1,386,14,2,0.2197
0,919,1,1,386,14,2,0.2197
0,920,1,1,386,14,2,0.2197
0,921,1,1,386,14,2,0.2197
0,922,3,0,2051,1635,297,6320.2027
0,923,1,1,386,14,2,0.2197
0,924,1,0,1926,1760,295,7563.3667
0,925,3,2,1492,1244,249,3642.1397
0,926,1,0,2058,1628,247,6010.2197
0,927,1,0,2056,1630,249,6010.2197
0,928,3,0,2056,1630,249,6010.2197
0,929,1,0,1952,1734,348,6632.1397
0,930,1,2,1668,1068,196,3589.7477
0,931,1,2,1506,1230,245,3642.1397
0,932,1,2,1504,1232,247,3642.1397
0,933,1,2,1474,1262,194,4402.3377
0,934,1,2,1040,1696,245,5037.8097
0,935,1,0,1820,1866,293,7747.5347
0,936,1,1,253,147,4,0.39546
0,937,1,1,257,143,4,0.46137
0,938,1,0,2058,1628,247,6010.2197
0,939,1,0,2222,1464,295,6320.2027
0,940,3,0,2058,1628,247,6010.2197
0,941,1,2,1500,1236,245,3642.27152
0,942,1,1,386,14,2,0.2197
0,943,3,0,2124,1562,293,6673.5027
0,944,1,0,2056,1630,249,6010.2197
0,945,1,0,2058,1628,247,6010.2197
0,946,1,2,1504,1232,247,3642.1397
0,947,3,0,2081,1605,293,6825.4217
0,948,1,1,386,14,2,0.2197
0,949,1,2,1504,1232,247,3642.1397
0,950,3,2,1685,1051,196,3649.8087
0,951,1,0,2046,1640,251,6010.2197
0,952,1,2,1224,1512,249,3642.1397
0,953,3,1,386,14,2,0.2197
0,954,3,2,1097,1639,196,3360.1027
0,955,1,1,386,14,2,0.2197
0,956,1,0,1683,2003,297,9118.27461
0,957,3,2,1451,1285,249,3642.1397
0,958,1,2,1494,1242,249,3642.1397
0,959,1,2,1492,1244,249,3642.24955
0,960,1,2,1394,1342,249,3642.27152
0,961,1,0,1776,1910,350,6620.1797
0,962,1,0,1778,1908,350,7571.10955
0,963,1,2,1210,1526,249,4004.5347
0,964,1,2,485,2251,249,6340.6347
0,965,1,2,1394,1342,196,4041.9717
0,966,1,0,1759,1927,297,8036.7747
0,967,1,0,1674,2012,350,7224.8797
0,968,3,0,1250,2436,350,8686.7497
0,969,1,0,1295,2391,350,8563.93667
0,970,3,2,661,2075,196,6444.4117
0,971,1,0,1287,2399,350,8054.96046
0,972,1,0,1661,2025,297,8284.0147
0,973,1,2,205,2531,196,8380.4957
0,974,1,2,845,1891,249,5585.8947
0,975,1,2,284,2452,249,6861.75762
0,976,1,0,621,3065,350,9036.80807
0,977,1,1,234,166,4,0.2197
0,978,3,1,-97,497,4,0.32955
0,979,1,0,600,3086,350,10029.6347
0,980,1,0,624,3062,297,12929.95342
0,981,1,1,-23,423,4,0.2197
0,982,3,0,943,2743,350,9677.9447
0,983,3,0,1043,2643,350,9324.5447
0,984,1,0,1105,2581,348,9219.6197
0,985,1,2,189,2547,196,8634.93761
0,986,3,2,238,2498,196,7642.0987
0,987,1,2,145,2591,247,6942.32993
0,988,3,0,1076,2610,348,8919.83125
0,989,3,2,178,2558,247,6864.30614
0,990,1,0,1179,2507,348,8834.76639
0,991,3,0,483,3203,293,11291.44962
0,992,1,2,-123,2859,194,9159.75914
0,993,1,1,151,249,4,4.98719
0,994,1,1,181,219,4,2.76822
0,995,3,2,111,2625,245,7820.1647
0,996,1,0,954,2732,348,9606.2247
0,997,1,1,-567,967,4,0.2197
0,998,3,1,-558,958,4,0.2197
0,999,1,0,1071,2615,346,9261.7997
