2020-04-16 20:27:09

CONFIGURATION:
{u'simulation': {u'stdev_factor': 0.01, u'power_mgmt_enabled': False, u'tasks': {u'loc': {u'mean_service_time': {u'gpu': 90, u'cpu_core': 200, u'loc_accel': 10}, u'priority': 1, u'deadline': 1000, u'stdev_service_time': {u'gpu': 0.9, u'cpu_core': 2.0, u'loc_accel': 0.1}, u'power': {u'gpu': 4.457, u'cpu_core': 6.133, u'loc_accel': 0.02197}}, u'detect': {u'mean_service_time': {u'gpu': 0.4607, u'cpu_core': 3.654, u'det_accel': 0.278}, u'priority': 2, u'deadline': 1000, u'stdev_service_time': {u'gpu': 0.004607, u'cpu_core': 0.03654, u'det_accel': 0.0027800000000000004}, u'power': {u'gpu': 90, u'cpu_core': 200, u'det_accel': 10}}, u'Frontier': {u'mean_service_time': {u'cpu_core': 396}, u'priority': 9, u'deadline': 1000, u'stdev_service_time': {u'cpu_core': 3.96}, u'power': {u'cpu_core': 5.98}}, u'track': {u'mean_service_time': {u'gpu': 17, u'tra_accel': 2, u'cpu_core': 1820}, u'priority': 3, u'deadline': 1000, u'stdev_service_time': {u'gpu': 0.17, u'tra_accel': 0.02, u'cpu_core': 18.2}, u'power': {u'gpu': 12.79, u'tra_accel': 0.59, u'cpu_core': 5.6}}, u'sp': {u'mean_service_time': {u'gpu': 379, u'cpu_core': 1004}, u'priority': 11, u'deadline': 1000, u'stdev_service_time': {u'gpu': 3.79, u'cpu_core': 10.040000000000001}, u'power': {u'gpu': 3.302, u'cpu_core': 1004}}, u'mission': {u'mean_service_time': {u'cpu_core': 0.0022}, u'priority': 5, u'deadline': 1000, u'stdev_service_time': {u'cpu_core': 2.2000000000000003e-05}, u'power': {u'cpu_core': 3.534}}, u'motion': {u'mean_service_time': {u'cpu_core': 8}, u'priority': 6, u'deadline': 1000, u'stdev_service_time': {u'cpu_core': 0.08}, u'power': {u'cpu_core': 4.222}}, u'collision': {u'mean_service_time': {u'cpu_core': 8}, u'priority': 7, u'deadline': 1000, u'stdev_service_time': {u'cpu_core': 0.08}, u'power': {u'cpu_core': 0}}, u'fusion': {u'mean_service_time': {u'cpu_core': 1}, u'priority': 4, u'deadline': 1000, u'stdev_service_time': {u'cpu_core': 0.01}, u'power': {u'cpu_core': 0}}, u'map': {u'mean_service_time': {u'gpu': 761, u'cpu_core': 973}, u'priority': 10, u'deadline': 1000, u'stdev_service_time': {u'gpu': 7.61, u'cpu_core': 9.73}, u'power': {u'gpu': 3.533, u'cpu_core': 2.995}}, u'path': {u'mean_service_time': {u'cpu_core': 8}, u'priority': 8, u'deadline': 1000, u'stdev_service_time': {u'cpu_core': 0.08}, u'power': {u'cpu_core': 0}}}, u'sched_policy_module': u'policies.ms2_update2', u'drop': True, u'servers': {u'gpu': {u'count': 2}, u'tra_accel': {u'count': 1}, u'cpu_core': {u'count': 8}, u'loc_accel': {u'count': 1}, u'det_accel': {u'count': 1}}, u'max_tasks_simulated': 10000, u'max_queue_size': 1000000, u'mean_arrival_time': 50, u'arrival_time_scale': 3.1}, u'general': {u'random_seed': 0, u'pre_gen_arrivals': False, u'basename': u'policy:ms2_update2__stdev_factor:0.01', u'output_trace_file': None, u'working_dir': u'/home/hiwot/meta-stomp2/sim_16042020_201032_new_arrival_50_map_rheftmapping_50_trace_30', u'input_trace_file': (False, '../mv_mapping_50_trace_30.trc'), u'logging_level': u'INFO'}}
Time	Response time (avg)
487	3.0
753	3.0
981	3.7
1051	3.5
1287	3.4
1461	3.7
1607	3.6
1682	3.8
1808	4.1
1958	4.2
1976	4.5
2601	4.5
2753	4.5
2781	4.4
3672	4.5
3736	4.4
3889	4.4
4012	4.3
4568	4.4
4597	4.3
4623	4.3
4685	4.5
4818	4.4
4840	4.4
4845	4.4
4867	4.3
4942	4.4
5106	4.4
5263	4.4
5859	4.4
5881	4.4
6182	4.3
6271	4.3
6321	4.2
6485	5.9
6492	6.1
6711	6.1
6922	6.1
6934	6.1
7220	6.0
7312	6.0
7378	6.0
7434	6.0
7615	5.9
7738	5.8
7834	5.8
7883	5.7
8003	5.7
8044	5.7
8073	5.7
8607	5.6
8777	5.6
8778	5.5
8785	5.5
8961	5.5
9109	5.5
9114	5.5
9179	5.4
9543	5.4
9610	5.3
9740	5.3
9821	5.3
10060	5.2
10082	5.3
10233	5.3
10418	5.3
10557	5.3
10717	5.3
10724	5.3
10742	5.3
11011	5.3
11569	5.2
11675	5.2
11735	5.2
11962	5.2
11971	5.2
12182	5.2
12227	5.2
12716	5.2
12726	5.1
12755	5.1
12780	5.1
12819	5.2
12884	5.1
13247	5.8
13252	5.9
13398	7.4
13403	7.4
13410	7.4
13591	7.3
13609	7.3
13637	7.2
13657	7.2
13706	7.2
13721	7.1
13990	8.4
14040	8.4
14158	8.4
14251	8.4
14482	8.3
14492	8.3
14815	8.3
14875	8.2
14979	8.2
15026	8.2
15086	8.2
15152	8.1
15240	8.1
15292	8.0
15516	8.0
15578	8.0
15657	7.9
15702	7.9
15712	7.8
16103	7.8
16261	7.8
16421	7.8
16427	7.7
16559	7.7
16609	7.7
16717	7.7
16739	7.6
16945	7.6
17510	7.6
17630	7.6
17672	7.6
17790	7.5
18165	7.5
18244	7.5
18303	7.5
18344	7.5
18399	7.4
18430	7.4
18467	7.4
18735	7.4
18881	7.3
18926	7.3
19308	7.3
19908	7.3
20181	7.3
20510	7.2
20535	7.2
20754	7.2
20941	7.2
21210	7.2
21358	7.1
21386	7.1
21412	7.1
21416	7.1
21517	7.0
21579	7.0
21840	7.0
22091	7.0
22093	7.0
22161	6.9
22232	6.9
22320	6.9
22339	6.9
22829	6.9
22849	6.8
23021	6.8
23097	6.8
23178	6.8
23449	6.8
23781	6.8
23889	6.8
23984	6.7
23997	6.7
24291	6.7
24345	6.7
24503	6.7
24521	6.7
24743	6.7
24935	6.7
25057	6.6
25171	6.6
25209	6.6
25296	6.6
25503	6.6
25888	6.6
25911	6.6
25964	6.5
26248	6.5
26249	6.5
26779	6.5
26849	6.5
26862	6.5
27057	6.5
27207	6.5
27378	6.5
27611	6.5
27813	6.5
28112	6.4
28196	6.4
28201	6.4
28389	6.4
28478	6.4
28639	6.4
28764	6.4
28771	6.4
29086	6.4
29286	6.4
29317	6.3
29889	6.3
29971	6.3
30104	6.3
30238	6.3
30922	6.3
31161	6.3
31337	6.3
31434	6.3
32467	6.3
32687	6.3
32740	6.3
32848	6.2
32919	6.2
32935	6.2
33078	6.2
33296	6.2
33421	6.2
33468	6.2
33502	6.2
33561	6.2
33693	6.2
33796	6.2
33874	6.2
33954	6.2
34104	6.2
34183	6.2
34206	6.2
34642	6.2
35043	6.1
35114	6.1
35542	6.1
35552	6.1
35622	6.1
35635	6.1
35697	6.1
35756	6.1
35900	6.1
35975	6.1
36817	6.0
36866	6.0
37013	6.0
37033	6.0
37467	6.0
37585	6.0
37715	6.0
37817	6.0
37996	6.0
38228	6.0
38236	6.0
38616	6.5
38623	6.5
38634	6.5
38877	6.5
39300	6.9
39305	6.9
39328	6.9
39439	6.9
39462	6.9
39469	6.9
39473	6.9
39494	6.9
39569	6.9
39904	6.9
39941	6.9
40233	6.8
40306	6.8
40390	6.8
40536	6.8
40592	6.8
40872	6.8
41027	6.8
41221	6.8
41762	6.8
41894	6.8
42098	6.7
42357	6.7
42557	6.7
42864	6.7
42864	6.7
43068	6.7
43256	6.7
43289	6.7
43315	6.7
43377	6.7
43403	6.6
43650	6.6
43868	6.6
44237	6.6
44266	6.6
44328	6.6
44524	6.6
44544	6.6
44826	6.6
44865	6.6
45093	6.6
45217	6.6
45260	6.5
45279	6.5
45356	6.5
45896	6.5
45917	6.5
45942	6.5
46032	6.5
46143	6.5
46246	6.5
46461	6.5
46663	6.5
46677	6.5
46798	6.4
46857	6.4
46909	6.4
47086	6.4
47104	6.4
47268	6.4
47394	6.4
47666	6.4
48859	6.4
48877	6.4
48936	6.4
48964	6.4
49138	6.5
49194	6.5
49197	9.1
49342	9.1
49361	9.1
49379	9.1
49438	9.1
49466	9.1
49808	9.0
49885	9.0
49997	9.0
50323	9.0
50359	9.0
50679	9.0
50957	9.0
51266	8.9
51671	8.9
51690	8.9
51854	8.9
51917	8.9
51919	8.9
52170	8.9
52190	8.8
52748	8.8
52815	8.8
52861	8.8
53278	8.8
53302	8.8
53348	8.8
53446	8.8
53487	8.7
53543	8.7
53574	8.7
53618	8.7
53683	8.7
53742	8.7
54194	8.7
54573	8.6
54719	8.6
54859	8.6
55025	8.6
55056	8.6
55259	8.6
55643	8.6
55682	8.5
55810	8.5
55945	8.5
56209	8.5
56302	8.5
56705	8.5
56761	8.5
57082	8.5
57102	8.5
57161	8.5
57407	8.4
57712	8.4
57787	8.4
57907	8.4
57968	8.4
58105	8.4
58338	8.4
58581	8.4
58641	8.4
58680	8.3
58729	8.3
58793	8.3
59156	8.3
59174	8.3
59219	8.3
59371	8.3
59401	8.3
59604	8.3
59660	8.3
59883	8.2
60305	8.2
60352	8.2
60602	8.2
60609	8.2
60788	8.3
61064	8.3
61288	8.4
61295	8.4
61746	8.5
61751	9.0
61762	9.1
61850	9.3
62066	9.4
62079	9.5
62086	9.5
62262	9.5
62350	9.5
62430	9.5
62520	9.5
62745	9.5
62751	9.5
62752	9.5
62834	9.5
63099	9.5
63104	9.5
63160	9.5
63241	9.5
63614	9.5
63700	9.5
63999	9.4
64057	9.4
64156	9.4
64271	9.4
64419	9.4
64458	9.4
64565	9.4
64703	9.4
64716	9.3
65036	9.3
65240	9.3
65278	9.3
65423	9.3
65475	9.3
65493	9.3
65545	9.2
65604	9.2
65641	9.2
65982	9.2
66580	9.2
66632	9.2
66657	9.2
66749	9.2
66979	9.2
66989	9.2
67084	9.2
67113	9.1
67203	9.1
67381	9.1
67403	9.1
67601	9.1
68064	9.1
68154	9.1
68604	9.1
68712	9.1
68717	9.0
68767	9.0
69161	9.0
69247	9.0
69294	9.0
69315	9.0
69512	9.0
69602	9.0
69844	9.0
69848	9.0
70230	9.0
70639	9.3
70646	9.3
70749	9.3
70917	9.3
71053	9.3
71282	9.4
71289	9.4
71453	9.4
71458	9.4
71586	9.5
71679	9.6
71684	9.6
71723	9.6
71868	9.6
72085	9.6
72088	9.6
72101	9.6
72143	9.6
72539	9.6
72819	9.6
72912	9.6
72931	9.5
73081	9.5
73191	9.5
73207	9.5
73498	9.5
73536	9.5
73769	9.5
73849	9.5
73992	9.5
74267	9.5
74530	9.5
74738	9.4
74739	9.4
74762	9.4
75414	9.4
75479	9.4
75504	9.4
75920	9.4
76165	9.4
76765	9.4
76871	9.4
77053	9.3
77137	9.3
77342	9.3
77509	9.3
77664	9.3
77668	9.3
77933	9.3
78226	9.3
78232	9.3
78319	9.3
78335	9.3
78340	9.3
78467	9.2
78800	9.2
79050	9.2
79268	9.2
79546	9.2
80011	9.2
80079	9.2
80130	9.2
80219	9.2
80467	9.2
80467	9.1
80694	9.2
80697	9.2
80708	9.3
80713	9.3
81308	9.3
81313	9.5
81324	9.5
81353	9.5
81784	10.0
81787	10.4
81796	10.6
81801	10.9
81826	10.9
81833	10.9
81837	10.9
81938	10.9
81955	10.9
82018	10.9
82307	10.9
82366	10.9
82427	10.8
82427	10.8
82577	10.8
82637	10.8
82686	10.8
83152	10.8
83181	10.8
83379	10.8
83416	10.8
83528	10.7
83688	10.7
83887	10.7
83956	10.7
84357	10.7
84479	10.7
84543	10.7
84626	10.7
84677	10.6
84825	10.6
84937	10.6
85036	10.6
85148	10.6
85281	10.6
85305	10.6
85495	10.6
85693	10.6
85762	10.5
85865	10.5
85979	10.5
86232	10.5
86705	10.5
86712	10.5
86718	10.5
86890	10.5
87188	10.5
87465	10.5
87487	10.5
87576	10.5
87715	10.5
87883	10.5
88028	10.5
88085	10.4
88124	10.4
88221	10.4
88355	10.4
88524	10.4
89191	10.4
89265	10.4
89500	10.4
89667	10.4
90102	10.4
90136	10.3
90183	10.3
90654	10.3
90963	10.3
91071	10.3
91122	10.3
91337	10.3
91344	10.3
91627	10.3
91798	10.3
92185	10.2
92203	10.2
92244	10.2
92320	10.2
92474	10.2
92610	10.2
92870	10.2
92898	10.2
92952	10.2
93081	10.2
93239	10.1
93451	10.1
93598	10.1
94473	10.1
94485	10.1
94637	10.1
94814	10.1
94824	10.1
94866	10.1
94899	10.1
94916	10.1
95331	10.0
95341	10.0
95353	10.0
95409	10.0
95521	10.0
95590	10.0
95654	10.0
96164	10.0
96254	10.0
96271	10.0
96539	10.0
96847	9.9
97272	10.4
97472	10.8
97477	10.8
97645	10.8
97648	10.9
97659	10.9
97777	10.9
97883	10.9
97940	10.9
97983	10.9
98159	10.9
98320	10.8
98379	10.8
98404	10.8
98441	10.8
98609	10.8
98630	10.8
98649	10.8
98886	10.8
98897	10.8
98971	10.8
99560	10.8
99856	10.8
100239	10.8
100244	10.8
100450	10.9
100453	11.0
100527	11.0
100534	11.0
100785	11.1
100788	11.1
100799	11.2
100807	11.1
100890	11.1
100959	11.1
101001	11.1
101471	11.1
101542	11.2
101549	11.2
101730	11.2
101758	11.2
101894	11.3
101976	11.3
101983	11.4
102157	11.4
102269	11.4
102483	11.4
102509	11.4
102782	11.4
102897	11.4
103002	11.3
103014	11.3
103115	11.3
103206	11.3
103377	11.3
103574	11.3
103660	11.3
103955	11.3
104386	11.3
104677	11.3
105196	11.2
105267	11.2
105434	11.2
105652	11.2
105878	11.2
105924	11.2
106300	11.2
106530	11.2
106603	11.2
107288	11.2
107408	11.1
107481	11.1
107573	11.1
107585	11.1
107729	11.1
107810	11.1
108134	11.1
108432	11.1
108580	11.1
108599	11.1
108646	11.1
108673	11.0
108683	11.0
108723	11.0
108847	11.0
109131	11.0
109260	11.0
109412	11.0
109463	11.0
109878	11.0
110326	11.0
110412	11.0
110512	10.9
110723	10.9
110829	10.9
110868	10.9
111716	10.9
111782	10.9
111852	10.9
112058	10.9
112178	10.9
112236	10.9
112463	10.9
112654	10.9
113274	10.8
113295	10.8
113396	10.8
113453	10.8
113527	10.8
113637	10.8
113889	10.8
114096	10.9
114103	10.9
114255	10.9
114279	10.9
114347	10.9
114700	10.9
114705	10.9
114784	10.9
114793	10.9
115095	11.0
115155	11.0
115182	11.0
115184	10.9
115240	10.9
115430	10.9
115597	10.9
115655	10.9
115749	10.9
116065	10.9
116213	10.9
116284	10.9
116358	10.9
116429	10.9
116590	10.9
116688	10.8
116788	10.8
117062	10.8
117441	10.8
117592	10.8
117607	10.8
117812	10.8
118281	10.8
118451	10.8
118623	10.8
118718	10.8
118795	10.8
119285	10.7
119521	10.7
119574	10.7
119595	10.7
119907	10.7
119977	10.7
120112	10.7
120487	10.7
120510	10.7
120736	10.7
120928	10.7
121009	10.7
121078	10.6
121180	10.6
121241	10.6
121279	10.6
121499	10.6
121548	10.6
121610	10.6
121735	10.6
121909	10.6
122030	10.6
122270	10.6
122491	10.6
122649	10.6
122713	10.6
122718	10.6
122895	10.6
123149	10.6
123372	10.6
123389	10.6
123476	10.6
123476	10.6
123637	10.6
123786	10.6
124017	10.6
124108	10.6
124197	10.6
124214	10.6
124343	10.6
124525	10.5
124588	10.5
124620	10.5
124721	10.5
124815	10.5
125356	10.5
125485	10.5
125534	10.5
125539	10.5
125742	10.5
125867	10.5
125960	10.5
126132	10.5
126213	10.4
126483	10.4
126985	10.4
127252	10.4
127257	10.4
127436	10.4
128121	10.4
128396	10.4
128487	10.4
128599	10.4
128852	10.4
128987	10.4
129072	10.4
129081	10.4
129286	10.4
129684	10.3
129732	10.3
129803	10.3
129941	10.3
129993	10.3
130190	10.3
130415	10.3
130548	10.3
130753	10.3
130780	10.3
131004	10.3
131092	10.3
131249	10.3
131298	10.3
131530	10.3
131555	10.2
131729	10.2
131752	10.2
131803	10.2
131955	10.2
131969	10.2
132082	10.2
132135	10.2
132202	10.2
132403	10.2
132407	10.2
132411	10.2
132547	10.2
133151	10.2
133390	10.2
133403	10.1
133545	10.1
133607	10.1
133798	10.1
133988	10.2
133995	10.2
134309	10.3
134316	10.3
134342	10.3
134354	10.3
134503	10.3
134509	10.3
134693	10.3
134808	10.3
134810	10.3
134965	10.3
134999	10.3
135053	10.3
135554	10.3
135711	10.2
135814	10.2
135845	10.2
135896	10.2
136431	10.2
136526	10.2
136537	10.2
136702	10.2
136713	10.2
136763	10.2
137169	10.2
137194	10.2
137317	10.2
137428	10.2
137508	10.2
137746	10.1
137861	10.1
137863	10.1
137910	10.1
137965	10.1
138061	10.1
138248	10.1
138306	10.1
138353	10.1
138856	10.1
138876	10.1
139062	10.1
139122	10.1
139179	10.1
139247	10.1
139274	10.1
139675	10.0
139825	10.0
140146	10.0
140454	10.0
140554	10.0
140996	10.2
141056	10.2
141073	10.2
141183	10.2
141232	10.2
141496	10.2
141588	10.2
141637	10.2
141661	10.2
141735	10.2
141742	10.2
141745	10.2
141823	10.2
141958	10.2
142386	10.2
142452	10.2
142487	10.2
142680	10.2
143122	10.1
143134	10.1
143244	10.1
143677	10.1
143763	10.1
143820	10.1
143836	10.1
143994	10.1
144045	10.1
144110	10.1
144430	10.1
144781	10.1
144801	10.1
144932	10.1
145155	10.1
145519	10.1
145531	10.1
145788	10.1
145966	10.0
146060	10.0
146140	10.0
146209	10.0
146420	10.0
146655	10.0
146898	10.0
146942	10.0
147371	10.0
147788	10.0
147849	10.0
148332	10.0
148418	10.0
