2020-04-16 20:27:09

CONFIGURATION:
{u'simulation': {u'stdev_factor': 0.01, u'power_mgmt_enabled': False, u'tasks': {u'loc': {u'mean_service_time': {u'gpu': 90, u'cpu_core': 200, u'loc_accel': 10}, u'priority': 1, u'deadline': 1000, u'stdev_service_time': {u'gpu': 0.9, u'cpu_core': 2.0, u'loc_accel': 0.1}, u'power': {u'gpu': 4.457, u'cpu_core': 6.133, u'loc_accel': 0.02197}}, u'detect': {u'mean_service_time': {u'gpu': 0.4607, u'cpu_core': 3.654, u'det_accel': 0.278}, u'priority': 2, u'deadline': 1000, u'stdev_service_time': {u'gpu': 0.004607, u'cpu_core': 0.03654, u'det_accel': 0.0027800000000000004}, u'power': {u'gpu': 90, u'cpu_core': 200, u'det_accel': 10}}, u'Frontier': {u'mean_service_time': {u'cpu_core': 396}, u'priority': 9, u'deadline': 1000, u'stdev_service_time': {u'cpu_core': 3.96}, u'power': {u'cpu_core': 5.98}}, u'track': {u'mean_service_time': {u'gpu': 17, u'tra_accel': 2, u'cpu_core': 1820}, u'priority': 3, u'deadline': 1000, u'stdev_service_time': {u'gpu': 0.17, u'tra_accel': 0.02, u'cpu_core': 18.2}, u'power': {u'gpu': 12.79, u'tra_accel': 0.59, u'cpu_core': 5.6}}, u'sp': {u'mean_service_time': {u'gpu': 379, u'cpu_core': 1004}, u'priority': 11, u'deadline': 1000, u'stdev_service_time': {u'gpu': 3.79, u'cpu_core': 10.040000000000001}, u'power': {u'gpu': 3.302, u'cpu_core': 1004}}, u'mission': {u'mean_service_time': {u'cpu_core': 0.0022}, u'priority': 5, u'deadline': 1000, u'stdev_service_time': {u'cpu_core': 2.2000000000000003e-05}, u'power': {u'cpu_core': 3.534}}, u'motion': {u'mean_service_time': {u'cpu_core': 8}, u'priority': 6, u'deadline': 1000, u'stdev_service_time': {u'cpu_core': 0.08}, u'power': {u'cpu_core': 4.222}}, u'collision': {u'mean_service_time': {u'cpu_core': 8}, u'priority': 7, u'deadline': 1000, u'stdev_service_time': {u'cpu_core': 0.08}, u'power': {u'cpu_core': 0}}, u'fusion': {u'mean_service_time': {u'cpu_core': 1}, u'priority': 4, u'deadline': 1000, u'stdev_service_time': {u'cpu_core': 0.01}, u'power': {u'cpu_core': 0}}, u'map': {u'mean_service_time': {u'gpu': 761, u'cpu_core': 973}, u'priority': 10, u'deadline': 1000, u'stdev_service_time': {u'gpu': 7.61, u'cpu_core': 9.73}, u'power': {u'gpu': 3.533, u'cpu_core': 2.995}}, u'path': {u'mean_service_time': {u'cpu_core': 8}, u'priority': 8, u'deadline': 1000, u'stdev_service_time': {u'cpu_core': 0.08}, u'power': {u'cpu_core': 0}}}, u'sched_policy_module': u'policies.ms2_update2', u'drop': True, u'servers': {u'gpu': {u'count': 2}, u'tra_accel': {u'count': 1}, u'cpu_core': {u'count': 8}, u'loc_accel': {u'count': 1}, u'det_accel': {u'count': 1}}, u'max_tasks_simulated': 10000, u'max_queue_size': 1000000, u'mean_arrival_time': 50, u'arrival_time_scale': 3.1}, u'general': {u'random_seed': 0, u'pre_gen_arrivals': False, u'basename': u'policy:ms2_update2__stdev_factor:0.01', u'output_trace_file': None, u'working_dir': u'/home/hiwot/meta-stomp2/sim_16042020_201032_new_arrival_50_map_rheftmapping_50_trace_30', u'input_trace_file': (False, '../mv_mapping_50_trace_30.trc'), u'logging_level': u'INFO'}}
Time	Response time (avg)
488	1.0
754	1.0
982	1.0
1052	1.0
1288	1.0
1462	1.0
1608	1.0
1683	1.0
1809	1.0
1959	1.0
1977	1.0
2602	1.0
2754	1.0
2782	1.0
3673	1.0
3737	1.0
3890	1.0
4013	1.0
4569	1.0
4598	1.0
4624	1.0
4686	1.0
4819	1.0
4841	1.0
4846	1.0
4868	1.0
4943	1.0
5107	1.0
5264	1.0
5860	1.0
5882	1.0
6183	1.0
6272	1.0
6322	1.0
6495	1.3
6498	1.4
6712	1.4
6923	1.4
6937	1.4
7221	1.4
7313	1.4
7379	1.4
7435	1.4
7616	1.4
7739	1.4
7835	1.3
7884	1.3
8004	1.3
8045	1.3
8074	1.3
8608	1.3
8778	1.3
8779	1.3
8786	1.3
8962	1.3
9110	1.3
9115	1.3
9180	1.3
9544	1.3
9611	1.3
9741	1.3
9822	1.3
10061	1.3
10083	1.2
10234	1.2
10419	1.2
10558	1.2
10718	1.2
10725	1.2
10743	1.2
11012	1.2
11570	1.2
11676	1.2
11736	1.2
11963	1.2
11972	1.2
12183	1.2
12228	1.2
12717	1.2
12727	1.2
12756	1.2
12781	1.2
12820	1.2
12885	1.2
13255	1.3
13258	1.3
13406	1.4
13409	1.5
13411	1.4
13592	1.4
13610	1.4
13638	1.4
13658	1.4
13707	1.4
13722	1.4
14035	1.9
14151	3.0
14159	3.0
14252	3.0
14483	2.9
14493	2.9
14816	2.9
14876	2.9
14980	2.9
15027	2.8
15087	2.8
15153	2.8
15241	2.8
15293	2.8
15517	2.8
15579	2.7
15658	2.7
15703	2.7
15713	2.7
16104	2.7
16262	2.7
16422	2.7
16428	2.6
16560	2.6
16610	2.6
16718	2.6
16740	2.6
16946	2.6
17511	2.6
17631	2.6
17673	2.5
17791	2.5
18166	2.5
18245	2.5
18304	2.5
18345	2.5
18400	2.5
18431	2.5
18468	2.4
18736	2.4
18882	2.4
18927	2.4
19309	2.4
19909	2.4
20182	2.4
20511	2.4
20536	2.4
20755	2.4
20942	2.3
21211	2.3
21359	2.3
21387	2.3
21413	2.3
21417	2.3
21518	2.3
21580	2.3
21841	2.3
22092	2.3
22094	2.3
22162	2.3
22233	2.2
22321	2.2
22340	2.2
22830	2.2
22850	2.2
23022	2.2
23098	2.2
23179	2.2
23450	2.2
23782	2.2
23890	2.2
23985	2.2
23998	2.2
24292	2.1
24346	2.1
24504	2.1
24522	2.1
24744	2.1
24936	2.1
25058	2.1
25172	2.1
25210	2.1
25297	2.1
25504	2.1
25889	2.1
25912	2.1
25965	2.1
26249	2.1
26252	2.1
26780	2.1
26850	2.1
26863	2.0
27058	2.0
27208	2.0
27379	2.0
27612	2.0
27814	2.0
28113	2.0
28197	2.0
28202	2.0
28390	2.0
28479	2.0
28640	2.0
28765	2.0
28772	2.0
29087	2.0
29287	2.0
29318	2.0
29890	2.0
29972	2.0
30105	2.0
30239	1.9
30923	1.9
31162	1.9
31338	1.9
31435	1.9
32470	1.9
32688	1.9
32741	1.9
32849	1.9
32928	2.0
32936	1.9
33079	1.9
33297	1.9
33422	1.9
33469	1.9
33503	1.9
33562	1.9
33694	1.9
33797	1.9
33875	1.9
33955	1.9
34105	1.9
34184	1.9
34207	1.9
34643	1.9
35044	1.9
35115	1.9
35543	1.9
35553	1.9
35623	1.9
35636	1.9
35698	1.9
35757	1.9
35901	1.9
35976	1.9
36818	1.9
36867	1.8
37014	1.8
37034	1.8
37468	1.8
37586	1.8
37716	1.8
37818	1.8
37997	1.8
38229	1.8
38237	1.8
38626	1.8
38629	1.9
38635	1.9
38878	1.9
39308	1.9
39311	1.9
39329	1.9
39442	1.9
39463	1.9
39470	1.9
39476	1.9
39495	1.9
39570	1.9
39905	1.9
39942	1.9
40234	1.9
40307	1.9
40391	1.9
40537	1.9
40593	1.9
40873	1.9
41028	1.9
41222	1.9
41763	1.9
41895	1.9
42099	1.8
42358	1.8
42558	1.8
42865	1.8
42865	1.8
43069	1.8
43257	1.8
43290	1.8
43316	1.8
43378	1.8
43404	1.8
43651	1.8
43869	1.8
44238	1.8
44267	1.8
44329	1.8
44525	1.8
44545	1.8
44827	1.8
44866	1.8
45094	1.8
45218	1.8
45261	1.8
45280	1.8
45357	1.8
45897	1.8
45918	1.8
45943	1.8
46033	1.8
46144	1.8
46247	1.8
46462	1.8
46664	1.8
46678	1.8
46799	1.8
46858	1.8
46910	1.8
47087	1.7
47105	1.7
47269	1.7
47395	1.7
47667	1.7
48872	1.8
48956	1.8
48959	2.1
49133	2.6
49189	2.7
49200	2.8
49343	2.8
49362	2.7
49380	2.7
49439	2.7
49467	2.7
49809	2.7
49886	2.7
49998	2.7
50324	2.7
50360	2.7
50680	2.7
50958	2.7
51267	2.7
51672	2.7
51693	2.7
51855	2.7
51918	2.7
51922	2.7
52171	2.7
52191	2.7
52749	2.7
52816	2.7
52862	2.7
53279	2.6
53303	2.6
53349	2.6
53447	2.6
53488	2.6
53544	2.6
53575	2.6
53619	2.6
53684	2.6
53743	2.6
54195	2.6
54574	2.6
54720	2.6
54860	2.6
55026	2.6
55057	2.6
55260	2.6
55644	2.6
55683	2.6
55811	2.6
55946	2.6
56210	2.6
56303	2.5
56706	2.5
56762	2.5
57083	2.5
57103	2.5
57162	2.5
57410	2.5
57713	2.5
57788	2.5
57908	2.5
57969	2.5
58106	2.5
58339	2.5
58582	2.5
58642	2.5
58681	2.5
58730	2.5
58794	2.5
59157	2.5
59175	2.5
59220	2.5
59372	2.5
59402	2.5
59605	2.5
59661	2.5
59884	2.5
60306	2.5
60559	3.0
60612	3.0
60615	3.0
61057	3.7
61065	3.6
61298	3.7
61301	3.7
61754	3.7
61757	3.7
61843	3.9
62069	4.4
62072	4.4
62089	4.4
62092	4.4
62263	4.4
62351	4.4
62431	4.4
62521	4.4
62754	4.4
62755	4.4
62757	4.4
62835	4.4
63100	4.4
63105	4.4
63161	4.4
63242	4.4
63615	4.4
63701	4.3
64000	4.3
64058	4.3
64157	4.3
64272	4.3
64420	4.3
64459	4.3
64566	4.3
64704	4.3
64717	4.3
65037	4.3
65241	4.3
65279	4.3
65424	4.2
65476	4.2
65494	4.2
65546	4.2
65605	4.2
65642	4.2
65983	4.2
66581	4.2
66633	4.2
66658	4.2
66750	4.2
66980	4.2
66990	4.2
67085	4.2
67114	4.1
67204	4.1
67382	4.1
67404	4.1
67602	4.1
68065	4.1
68155	4.1
68605	4.1
68713	4.1
68718	4.1
68768	4.1
69162	4.1
69248	4.1
69295	4.1
69316	4.1
69513	4.0
69603	4.0
69845	4.0
69849	4.0
70231	4.0
70649	4.0
70652	4.0
70750	4.0
70918	4.0
71054	4.0
71292	4.0
71295	4.0
71461	4.0
71464	4.0
71599	4.1
71687	4.1
71690	4.1
71724	4.1
71869	4.1
72086	4.1
72091	4.1
72102	4.1
72144	4.0
72540	4.0
72820	4.0
72913	4.0
72932	4.0
73082	4.0
73192	4.0
73208	4.0
73499	4.0
73537	4.0
73770	4.0
73850	4.0
73993	4.0
74268	4.0
74531	4.0
74739	4.0
74742	4.0
74763	3.9
75415	3.9
75480	3.9
75505	3.9
75921	3.9
76166	3.9
76766	3.9
76872	3.9
77054	3.9
77138	3.9
77343	3.9
77510	3.9
77665	3.9
77669	3.9
77934	3.9
78227	3.9
78233	3.9
78320	3.9
78336	3.8
78341	3.8
78468	3.8
78801	3.8
79051	3.8
79269	3.8
79547	3.8
80012	3.8
80080	3.8
80131	3.8
80220	3.8
80468	3.8
80468	3.8
80700	3.8
80703	3.8
80716	3.8
80719	3.8
81316	3.8
81319	3.8
81348	3.9
81354	3.8
81790	3.8
81793	3.9
81804	3.9
81807	3.9
81832	3.9
81834	3.9
81840	3.9
81939	3.9
81956	3.9
82019	3.8
82308	3.8
82367	3.8
82428	3.8
82428	3.8
82578	3.8
82638	3.8
82687	3.8
83153	3.8
83182	3.8
83380	3.8
83417	3.8
83529	3.8
83691	3.8
83888	3.8
83957	3.8
84358	3.8
84480	3.8
84544	3.8
84627	3.8
84678	3.8
84826	3.7
84938	3.7
85037	3.7
85149	3.7
85282	3.7
85306	3.7
85496	3.7
85694	3.7
85763	3.7
85866	3.7
85980	3.7
86233	3.7
86711	3.7
86713	3.7
86721	3.7
86891	3.7
87189	3.7
87466	3.7
87488	3.7
87577	3.7
87716	3.7
87884	3.7
88029	3.7
88086	3.7
88125	3.6
88222	3.6
88356	3.6
88525	3.6
89192	3.6
89266	3.6
89501	3.6
89668	3.6
90103	3.6
90137	3.6
90184	3.6
90655	3.6
90964	3.6
91072	3.6
91123	3.6
91340	3.6
91345	3.6
91628	3.6
91799	3.6
92186	3.6
92204	3.6
92245	3.6
92321	3.6
92475	3.6
92611	3.5
92871	3.5
92899	3.5
92953	3.5
93082	3.5
93240	3.5
93452	3.5
93599	3.5
94474	3.5
94486	3.5
94638	3.5
94815	3.5
94825	3.5
94867	3.5
94900	3.5
94917	3.5
95332	3.5
95342	3.5
95354	3.5
95410	3.5
95522	3.5
95591	3.5
95655	3.5
96165	3.5
96255	3.5
96272	3.5
96540	3.4
96848	3.4
97409	3.6
97480	3.7
97483	3.7
97651	3.7
97654	3.7
97770	3.8
97778	3.8
97884	3.8
97941	3.8
97984	3.8
98160	3.8
98321	3.8
98380	3.8
98405	3.8
98442	3.8
98610	3.8
98631	3.8
98650	3.8
98887	3.8
98898	3.8
98972	3.8
99561	3.8
99857	3.8
100247	3.8
100250	3.8
100456	3.8
100459	3.8
100537	3.8
100540	3.8
100791	3.8
100794	3.8
100800	3.8
100808	3.8
100891	3.8
100960	3.8
101002	3.8
101537	3.9
101552	3.9
101555	3.9
101731	3.9
101759	3.9
101969	4.0
101986	4.0
101989	4.0
102158	4.0
102270	4.0
102484	4.0
102510	4.0
102783	4.0
102898	4.0
103003	4.0
103015	3.9
103116	3.9
103207	3.9
103378	3.9
103575	3.9
103661	3.9
103956	3.9
104387	3.9
104678	3.9
105197	3.9
105268	3.9
105435	3.9
105653	3.9
105879	3.9
105925	3.9
106301	3.9
106531	3.9
106604	3.9
107289	3.9
107409	3.9
107482	3.9
107574	3.9
107586	3.9
107730	3.9
107811	3.8
108135	3.8
108433	3.8
108581	3.8
108600	3.8
108647	3.8
108674	3.8
108684	3.8
108724	3.8
108848	3.8
109132	3.8
109261	3.8
109413	3.8
109464	3.8
109879	3.8
110327	3.8
110413	3.8
110513	3.8
110724	3.8
110830	3.8
110869	3.8
111717	3.8
111783	3.8
111853	3.8
112059	3.8
112179	3.8
112237	3.8
112464	3.7
112655	3.7
113275	3.7
113296	3.7
113397	3.7
113454	3.7
113528	3.7
113638	3.7
113890	3.7
114106	3.7
114109	3.7
114256	3.7
114280	3.7
114348	3.7
114708	3.7
114711	3.7
114785	3.7
114794	3.7
115150	3.8
115156	3.8
115183	3.8
115187	3.8
115241	3.8
115431	3.8
115598	3.8
115656	3.8
115750	3.8
116066	3.8
116214	3.8
116285	3.8
116359	3.7
116430	3.7
116591	3.7
116689	3.7
116789	3.7
117063	3.7
117442	3.7
117593	3.7
117608	3.7
117813	3.7
118282	3.7
118452	3.7
118624	3.7
118719	3.7
118796	3.7
119286	3.7
119522	3.7
119575	3.7
119596	3.7
119908	3.7
119978	3.7
120113	3.7
120488	3.7
120511	3.7
120737	3.7
120929	3.7
121010	3.7
121079	3.7
121181	3.7
121242	3.6
121280	3.6
121500	3.6
121549	3.6
121611	3.6
121736	3.6
121910	3.6
122031	3.6
122271	3.6
122494	3.6
122708	3.7
122721	3.7
122724	3.7
122896	3.7
123150	3.7
123373	3.7
123390	3.7
123477	3.7
123477	3.7
123638	3.7
123787	3.7
124018	3.7
124109	3.7
124198	3.7
124215	3.7
124344	3.7
124526	3.7
124589	3.6
124621	3.6
124722	3.6
124816	3.6
125357	3.6
125486	3.6
125537	3.6
125540	3.6
125743	3.6
125868	3.6
125961	3.6
126133	3.6
126214	3.6
126484	3.6
126986	3.6
127253	3.6
127258	3.6
127437	3.6
128122	3.6
128397	3.6
128488	3.6
128600	3.6
128853	3.6
128988	3.6
129073	3.6
129082	3.6
129287	3.6
129685	3.6
129733	3.6
129804	3.6
129942	3.6
129994	3.6
130191	3.6
130416	3.6
130549	3.5
130754	3.5
130781	3.5
131005	3.5
131093	3.5
131250	3.5
131299	3.5
131531	3.5
131556	3.5
131730	3.5
131753	3.5
131804	3.5
131956	3.5
131970	3.5
132083	3.5
132136	3.5
132203	3.5
132404	3.5
132408	3.5
132412	3.5
132548	3.5
133152	3.5
133391	3.5
133404	3.5
133546	3.5
133608	3.5
133799	3.5
133998	3.5
134001	3.5
134319	3.5
134322	3.5
134343	3.5
134355	3.5
134504	3.5
134510	3.5
134694	3.5
134809	3.5
134813	3.5
134966	3.5
135000	3.5
135054	3.5
135555	3.5
135712	3.5
135815	3.5
135846	3.5
135897	3.5
136432	3.5
136527	3.5
136538	3.4
136703	3.4
136714	3.4
136764	3.4
137170	3.4
137195	3.4
137318	3.4
137429	3.4
137509	3.4
137747	3.4
137862	3.4
137866	3.4
137911	3.4
137966	3.4
138062	3.4
138249	3.4
138307	3.4
138354	3.4
138857	3.4
138877	3.4
139063	3.4
139123	3.4
139180	3.4
139248	3.4
139275	3.4
139676	3.4
139826	3.4
140147	3.4
140455	3.4
140555	3.4
141051	3.4
141057	3.4
141074	3.4
141184	3.4
141233	3.4
141497	3.4
141589	3.4
141638	3.4
141662	3.4
141736	3.4
141745	3.4
141746	3.4
141824	3.4
141959	3.4
142387	3.4
142453	3.4
142488	3.4
142681	3.4
143123	3.4
143135	3.4
143245	3.4
143678	3.4
143764	3.4
143821	3.4
143837	3.4
143995	3.4
144046	3.4
144111	3.4
144431	3.4
144782	3.4
144802	3.4
144933	3.4
145156	3.4
145520	3.4
145532	3.3
145789	3.3
145967	3.3
146061	3.3
146141	3.3
146210	3.3
146421	3.3
146656	3.3
146899	3.3
146943	3.3
147372	3.3
147789	3.3
147850	3.3
148333	3.3
148419	3.3
