2020-04-16 20:26:51

CONFIGURATION:
{u'simulation': {u'stdev_factor': 0.01, u'power_mgmt_enabled': False, u'tasks': {u'loc': {u'mean_service_time': {u'gpu': 90, u'cpu_core': 200, u'loc_accel': 10}, u'priority': 1, u'deadline': 1000, u'stdev_service_time': {u'gpu': 0.9, u'cpu_core': 2.0, u'loc_accel': 0.1}, u'power': {u'gpu': 4.457, u'cpu_core': 6.133, u'loc_accel': 0.02197}}, u'detect': {u'mean_service_time': {u'gpu': 0.4607, u'cpu_core': 3.654, u'det_accel': 0.278}, u'priority': 2, u'deadline': 1000, u'stdev_service_time': {u'gpu': 0.004607, u'cpu_core': 0.03654, u'det_accel': 0.0027800000000000004}, u'power': {u'gpu': 90, u'cpu_core': 200, u'det_accel': 10}}, u'Frontier': {u'mean_service_time': {u'cpu_core': 396}, u'priority': 9, u'deadline': 1000, u'stdev_service_time': {u'cpu_core': 3.96}, u'power': {u'cpu_core': 5.98}}, u'track': {u'mean_service_time': {u'gpu': 17, u'tra_accel': 2, u'cpu_core': 1820}, u'priority': 3, u'deadline': 1000, u'stdev_service_time': {u'gpu': 0.17, u'tra_accel': 0.02, u'cpu_core': 18.2}, u'power': {u'gpu': 12.79, u'tra_accel': 0.59, u'cpu_core': 5.6}}, u'sp': {u'mean_service_time': {u'gpu': 379, u'cpu_core': 1004}, u'priority': 11, u'deadline': 1000, u'stdev_service_time': {u'gpu': 3.79, u'cpu_core': 10.040000000000001}, u'power': {u'gpu': 3.302, u'cpu_core': 1004}}, u'mission': {u'mean_service_time': {u'cpu_core': 0.0022}, u'priority': 5, u'deadline': 1000, u'stdev_service_time': {u'cpu_core': 2.2000000000000003e-05}, u'power': {u'cpu_core': 3.534}}, u'motion': {u'mean_service_time': {u'cpu_core': 8}, u'priority': 6, u'deadline': 1000, u'stdev_service_time': {u'cpu_core': 0.08}, u'power': {u'cpu_core': 4.222}}, u'collision': {u'mean_service_time': {u'cpu_core': 8}, u'priority': 7, u'deadline': 1000, u'stdev_service_time': {u'cpu_core': 0.08}, u'power': {u'cpu_core': 0}}, u'fusion': {u'mean_service_time': {u'cpu_core': 1}, u'priority': 4, u'deadline': 1000, u'stdev_service_time': {u'cpu_core': 0.01}, u'power': {u'cpu_core': 0}}, u'map': {u'mean_service_time': {u'gpu': 761, u'cpu_core': 973}, u'priority': 10, u'deadline': 1000, u'stdev_service_time': {u'gpu': 7.61, u'cpu_core': 9.73}, u'power': {u'gpu': 3.533, u'cpu_core': 2.995}}, u'path': {u'mean_service_time': {u'cpu_core': 8}, u'priority': 8, u'deadline': 1000, u'stdev_service_time': {u'cpu_core': 0.08}, u'power': {u'cpu_core': 0}}}, u'sched_policy_module': u'policies.ms1_update2', u'drop': True, u'servers': {u'gpu': {u'count': 2}, u'tra_accel': {u'count': 1}, u'cpu_core': {u'count': 8}, u'loc_accel': {u'count': 1}, u'det_accel': {u'count': 1}}, u'max_tasks_simulated': 10000, u'max_queue_size': 1000000, u'mean_arrival_time': 50, u'arrival_time_scale': 3.1}, u'general': {u'random_seed': 0, u'pre_gen_arrivals': False, u'basename': u'policy:ms1_update2__stdev_factor:0.01', u'output_trace_file': None, u'working_dir': u'/home/hiwot/meta-stomp2/sim_16042020_201032_new_arrival_50_map_rheftmapping_50_trace_30', u'input_trace_file': (False, '../mv_mapping_50_trace_30.trc'), u'logging_level': u'INFO'}}
Time	Response time (avg)
961	951.0
976	951.0
1281	1039.3
1405	1083.5
1573	1110.0
1604	1127.7
1953	1102.4
2253	1083.5
2596	1098.2
3667	1083.5
3884	1071.5
4167	1083.5
4282	1093.7
4539	1102.4
4618	1102.9
4763	1109.9
4835	1110.2
5101	1116.1
5927	1107.4
5983	1099.6
6310	1105.1
6396	1110.2
6533	1114.8
6878	1111.4
6911	1115.6
6934	1110.2
7215	1114.1
7544	1117.8
7612	1122.6
7829	1120.7
7998	1115.2
8278	1118.3
8560	1121.3
8604	1124.1
8780	1123.4
9104	1118.6
9540	1121.3
9580	1123.8
9731	1119.7
10017	1122.2
10055	1123.1
10057	1125.3
10712	1127.4
10719	1123.4
11006	1121.1
11235	1123.2
11570	1125.2
11670	1125.9
11781	1127.8
11957	1126.7
12280	1128.5
12317	1130.2
12750	1126.8
12908	1124.7
13244	1126.4
13263	1128.0
13393	1129.5
13588	1131.0
13653	1132.5
13701	1131.7
13859	1131.0
13985	1132.8
14032	1134.1
14460	1138.8
14495	1141.9
14609	1145.0
14652	1143.0
14683	1144.0
14810	1142.9
14974	1143.9
15251	1145.5
15513	1146.5
15603	1148.5
15761	1146.9
16208	1147.9
16338	1148.8
16416	1149.6
16443	1150.5
16554	1150.6
16712	1149.5
17271	1150.3
17389	1151.1
17505	1149.3
17663	1147.5
17941	1148.3
18241	1149.1
18381	1149.9
18424	1150.6
18462	1151.4
18730	1149.1
19303	1147.0
19681	1145.9
20254	1145.5
20532	1146.2
20884	1144.2
21205	1143.5
21355	1144.2
21413	1144.9
21593	1145.7
21831	1146.4
21835	1145.3
22156	1144.5
22349	1145.2
22696	1145.9
22777	1146.6
22826	1147.2
22949	1145.4
23389	1143.6
23778	1144.3
23890	1144.9
23979	1143.2
24340	1143.2
24342	1143.9
24500	1144.5
24516	1145.1
24770	1145.7
24930	1145.8
25003	1146.4
25291	1146.5
25464	1147.1
25906	1145.5
26243	1146.0
26244	1144.4
26776	1145.0
26844	1145.6
26857	1144.7
26878	1145.2
27052	1145.8
27111	1146.3
27202	1144.8
27808	1144.5
27988	1145.0
28075	1145.6
28109	1146.1
28191	1144.7
28586	1145.2
28636	1145.7
28759	1144.7
28766	1145.3
29471	1143.9
29884	1142.5
30422	1141.2
30835	1141.1
30934	1141.7
31156	1142.2
31967	1140.9
32240	1139.6
32529	1140.1
32895	1140.6
32918	1140.1
32966	1140.6
33073	1141.1
33191	1140.2
33497	1140.7
33683	1141.2
33869	1141.3
33949	1141.8
34142	1141.1
35042	1139.9
35135	1138.7
35499	1139.2
35549	1139.7
35694	1140.1
35970	1140.6
36366	1139.5
36511	1138.3
36814	1138.8
37317	1138.2
37462	1138.3
37595	1138.7
38215	1139.2
38225	1139.6
38483	1138.5
38629	1137.4
39070	1137.9
39166	1138.3
39297	1138.8
39325	1139.2
39402	1139.6
39434	1139.9
39439	1140.3
39449	1140.7
39804	1139.7
40230	1140.1
40385	1140.2
40513	1140.7
40867	1139.7
41394	1138.7
41759	1139.1
42352	1138.1
42364	1137.1
42855	1137.5
43249	1138.0
43286	1138.4
43310	1137.4
43372	1136.4
44024	1136.8
44261	1136.7
44323	1135.9
44365	1136.5
45212	1136.5
45274	1136.5
45893	1136.9
45912	1137.3
45937	1137.7
46138	1138.1
46163	1137.6
46456	1136.7
46768	1137.1
46892	1137.5
47099	1137.8
47978	1136.9
48546	1136.1
48842	1136.4
48854	1136.8
48869	1137.2
48929	1136.6
48931	1137.0
48953	1137.3
48963	1137.7
49130	1138.2
49186	1138.5
49497	1139.6
49880	1140.9
50070	1141.3
50346	1142.1
50457	1142.4
51171	1141.6
51261	1140.8
51690	1141.1
51849	1141.4
51914	1141.7
52743	1140.9
52944	1140.1
53275	1140.4
53343	1140.7
53482	1141.1
53538	1141.4
53694	1140.9
54219	1140.1
54854	1139.3
55254	1138.6
55544	1138.9
55640	1139.2
55805	1138.6
56205	1138.6
56681	1138.9
56756	1139.0
57004	1139.3
57097	1139.6
57156	1139.5
57407	1139.9
57605	1140.2
57707	1140.2
57838	1140.5
58227	1139.7
58638	1140.0
58656	1140.3
58675	1140.6
58788	1139.9
59171	1140.2
59396	1139.5
59805	1138.7
60203	1139.0
60347	1138.7
60556	1138.9
60756	1138.3
60783	1138.6
61211	1138.9
61248	1139.1
61298	1139.0
61480	1139.3
61527	1139.6
61568	1139.9
61707	1140.1
61840	1140.4
62249	1140.3
62346	1140.6
62427	1141.2
62658	1142.0
62696	1142.7
62959	1144.3
63012	1145.5
63238	1146.0
63292	1145.3
63598	1145.5
63609	1145.1
63870	1145.3
64243	1144.9
64258	1145.2
64560	1145.2
65033	1145.5
65045	1145.7
65194	1145.7
65228	1145.9
65238	1146.1
65470	1146.4
65480	1146.6
65490	1146.8
66157	1146.2
66247	1145.5
66577	1145.8
66980	1146.0
67108	1146.0
67198	1146.0
67200	1146.3
68059	1146.0
68149	1145.9
68316	1146.1
68601	1146.3
68747	1146.6
68762	1146.8
68914	1147.0
69010	1146.8
69100	1146.3
69348	1146.5
69829	1146.7
69839	1146.9
69961	1146.6
70137	1146.0
70746	1146.2
70883	1146.4
70912	1146.3
71088	1145.9
71320	1146.1
71450	1146.3
71475	1146.5
71596	1146.8
71672	1147.0
71863	1146.7
72039	1146.2
72082	1146.4
72498	1146.8
72666	1147.2
72802	1147.9
72814	1148.0
73036	1147.4
73446	1147.6
73765	1147.5
73766	1147.7
73987	1147.7
74361	1147.9
74525	1148.1
74733	1148.3
74734	1147.8
74979	1147.2
75915	1146.6
76160	1146.1
76652	1146.3
76866	1146.3
77132	1146.5
77168	1145.9
77532	1146.1
77659	1146.3
77724	1146.5
77817	1146.5
77833	1146.6
78300	1146.1
78768	1146.1
79511	1145.5
79719	1145.5
80127	1145.7
80462	1145.4
80670	1145.2
80691	1145.4
80799	1145.7
81206	1145.9
81305	1146.1
81345	1146.3
81385	1146.5
81471	1145.9
81621	1145.6
81829	1145.8
81866	1146.0
81921	1146.3
82015	1146.6
82422	1146.8
82524	1148.1
82572	1148.0
82681	1148.2
83149	1148.4
83178	1148.6
83188	1148.7
83373	1148.6
83413	1148.8
83523	1148.7
83555	1148.9
83884	1149.1
84126	1149.3
84324	1149.2
84474	1148.9
84904	1149.1
84932	1149.3
85275	1149.2
85479	1148.7
85862	1148.8
86193	1149.0
86203	1149.2
86213	1149.4
86226	1148.9
86430	1149.0
86885	1149.2
86965	1149.4
87074	1149.5
87086	1149.7
87215	1149.2
87381	1149.1
87585	1149.2
88119	1149.4
88216	1148.9
88350	1148.4
89167	1148.5
89188	1148.6
89683	1148.1
90154	1147.7
90571	1147.8
90842	1147.4
91117	1147.5
91127	1147.7
91332	1147.2
91793	1147.2
91820	1147.4
92469	1146.9
92947	1146.4
93234	1146.6
93446	1146.1
94137	1145.7
94397	1145.7
94465	1145.9
94821	1146.0
94831	1146.2
95088	1146.1
95118	1146.2
95348	1145.8
95664	1146.0
95754	1146.1
96039	1145.8
96268	1146.2
96673	1145.8
96990	1145.7
97267	1145.8
97406	1146.0
97465	1146.1
97539	1146.3
97624	1146.2
97642	1146.4
97902	1146.6
97941	1146.6
98147	1146.7
98384	1147.2
98605	1146.8
98622	1147.0
98892	1146.9
99556	1146.6
99851	1146.2
100126	1146.3
100236	1146.5
100447	1146.7
100507	1146.3
100782	1146.5
100802	1146.4
101039	1146.6
101179	1146.7
101228	1146.9
101396	1147.0
101452	1147.3
101463	1146.8
101748	1147.0
101753	1147.0
102264	1147.1
102282	1147.3
102395	1147.5
102504	1147.1
102704	1146.9
102999	1147.1
103009	1147.2
103107	1147.5
103374	1147.6
103455	1147.6
103655	1147.4
104177	1147.5
104696	1147.1
105424	1146.7
105647	1146.5
106297	1146.7
106525	1146.2
106598	1145.9
107007	1146.0
107184	1146.2
107326	1146.3
107476	1146.0
107805	1145.6
108080	1145.8
108427	1145.4
108631	1145.6
108668	1145.9
108758	1146.0
108961	1145.7
109378	1145.3
109912	1145.1
110329	1145.1
110863	1144.8
111280	1144.5
111657	1144.6
111713	1144.7
111849	1144.9
112173	1144.5
112231	1144.2
112458	1144.4
112649	1144.5
112795	1144.6
113052	1144.8
113126	1144.9
113137	1144.5
113391	1144.2
113697	1144.3
113852	1144.4
114284	1144.1
114342	1143.8
114642	1143.9
114682	1144.1
114695	1144.2
114788	1144.3
115092	1144.5
115147	1144.6
115235	1144.8
115425	1144.4
115746	1144.5
115858	1144.7
115911	1145.0
116062	1145.1
116090	1145.2
116186	1145.3
116783	1144.9
117107	1145.0
117310	1144.7
118618	1144.3
119021	1144.0
119506	1144.1
119569	1144.1
119711	1144.3
119972	1144.2
120086	1144.3
120779	1144.0
120923	1143.8
121075	1144.0
121177	1144.1
121496	1144.3
121530	1144.4
121543	1144.5
121730	1144.4
121904	1144.0
122265	1144.1
122488	1144.3
122646	1144.4
122681	1144.4
122705	1144.5
122890	1144.1
123369	1144.3
123471	1144.4
123517	1144.5
123632	1144.6
123695	1144.7
123707	1144.8
123781	1144.9
123841	1145.1
124221	1145.2
124522	1145.3
124583	1145.0
125032	1144.7
125353	1144.8
125534	1144.7
125731	1144.8
125864	1144.9
125957	1145.1
125983	1144.9
126208	1145.0
126485	1144.8
126856	1144.9
126934	1144.8
127247	1145.0
127896	1144.6
128116	1144.3
128586	1144.4
128596	1144.5
128847	1144.4
129067	1144.4
129184	1144.5
129538	1144.6
129690	1144.7
129798	1144.5
129990	1144.7
130048	1144.4
130412	1144.5
130592	1144.6
130749	1144.4
130750	1144.5
130796	1144.6
130999	1144.5
131351	1144.6
131568	1144.7
131700	1144.6
131726	1144.7
131903	1144.8
131950	1144.9
132408	1145.0
132542	1145.1
132651	1144.8
132901	1144.8
133397	1144.9
133589	1145.0
133602	1145.0
133797	1145.1
133807	1145.2
133852	1145.2
133995	1145.3
134178	1145.5
134553	1145.2
134803	1145.0
134805	1145.2
135009	1145.3
135204	1145.6
135313	1146.0
135931	1145.7
136024	1145.4
136916	1145.5
137423	1145.2
137503	1144.9
137858	1145.0
137905	1145.1
137960	1145.2
138056	1145.3
138301	1145.5
138374	1145.3
138560	1145.0
138853	1145.1
139176	1145.2
139244	1145.3
139325	1145.3
139670	1145.0
139954	1145.1
140143	1145.2
140276	1145.0
140681	1144.7
140989	1144.8
141048	1145.0
141088	1145.1
141227	1145.0
141420	1145.1
141632	1145.1
141656	1145.2
141737	1145.3
141987	1145.5
142178	1145.4
142449	1145.5
142742	1145.2
143119	1145.4
143129	1145.2
143336	1145.3
143494	1145.4
143543	1145.5
143674	1145.6
143815	1145.4
144425	1145.1
144776	1144.8
145118	1144.9
145128	1145.0
145464	1144.7
145783	1144.4
146135	1144.5
146155	1144.6
146415	1144.6
146442	1144.7
146893	1144.4
147366	1144.3
147387	1144.4
147844	1144.3
148017	1144.5
148327	1144.6
