2020-04-16 20:27:09

CONFIGURATION:
{u'simulation': {u'stdev_factor': 0.01, u'power_mgmt_enabled': False, u'tasks': {u'loc': {u'mean_service_time': {u'gpu': 90, u'cpu_core': 200, u'loc_accel': 10}, u'priority': 1, u'deadline': 1000, u'stdev_service_time': {u'gpu': 0.9, u'cpu_core': 2.0, u'loc_accel': 0.1}, u'power': {u'gpu': 4.457, u'cpu_core': 6.133, u'loc_accel': 0.02197}}, u'detect': {u'mean_service_time': {u'gpu': 0.4607, u'cpu_core': 3.654, u'det_accel': 0.278}, u'priority': 2, u'deadline': 1000, u'stdev_service_time': {u'gpu': 0.004607, u'cpu_core': 0.03654, u'det_accel': 0.0027800000000000004}, u'power': {u'gpu': 90, u'cpu_core': 200, u'det_accel': 10}}, u'Frontier': {u'mean_service_time': {u'cpu_core': 396}, u'priority': 9, u'deadline': 1000, u'stdev_service_time': {u'cpu_core': 3.96}, u'power': {u'cpu_core': 5.98}}, u'track': {u'mean_service_time': {u'gpu': 17, u'tra_accel': 2, u'cpu_core': 1820}, u'priority': 3, u'deadline': 1000, u'stdev_service_time': {u'gpu': 0.17, u'tra_accel': 0.02, u'cpu_core': 18.2}, u'power': {u'gpu': 12.79, u'tra_accel': 0.59, u'cpu_core': 5.6}}, u'sp': {u'mean_service_time': {u'gpu': 379, u'cpu_core': 1004}, u'priority': 11, u'deadline': 1000, u'stdev_service_time': {u'gpu': 3.79, u'cpu_core': 10.040000000000001}, u'power': {u'gpu': 3.302, u'cpu_core': 1004}}, u'mission': {u'mean_service_time': {u'cpu_core': 0.0022}, u'priority': 5, u'deadline': 1000, u'stdev_service_time': {u'cpu_core': 2.2000000000000003e-05}, u'power': {u'cpu_core': 3.534}}, u'motion': {u'mean_service_time': {u'cpu_core': 8}, u'priority': 6, u'deadline': 1000, u'stdev_service_time': {u'cpu_core': 0.08}, u'power': {u'cpu_core': 4.222}}, u'collision': {u'mean_service_time': {u'cpu_core': 8}, u'priority': 7, u'deadline': 1000, u'stdev_service_time': {u'cpu_core': 0.08}, u'power': {u'cpu_core': 0}}, u'fusion': {u'mean_service_time': {u'cpu_core': 1}, u'priority': 4, u'deadline': 1000, u'stdev_service_time': {u'cpu_core': 0.01}, u'power': {u'cpu_core': 0}}, u'map': {u'mean_service_time': {u'gpu': 761, u'cpu_core': 973}, u'priority': 10, u'deadline': 1000, u'stdev_service_time': {u'gpu': 7.61, u'cpu_core': 9.73}, u'power': {u'gpu': 3.533, u'cpu_core': 2.995}}, u'path': {u'mean_service_time': {u'cpu_core': 8}, u'priority': 8, u'deadline': 1000, u'stdev_service_time': {u'cpu_core': 0.08}, u'power': {u'cpu_core': 0}}}, u'sched_policy_module': u'policies.ms2_update2', u'drop': True, u'servers': {u'gpu': {u'count': 2}, u'tra_accel': {u'count': 1}, u'cpu_core': {u'count': 8}, u'loc_accel': {u'count': 1}, u'det_accel': {u'count': 1}}, u'max_tasks_simulated': 10000, u'max_queue_size': 1000000, u'mean_arrival_time': 50, u'arrival_time_scale': 3.1}, u'general': {u'random_seed': 0, u'pre_gen_arrivals': False, u'basename': u'policy:ms2_update2__stdev_factor:0.01', u'output_trace_file': None, u'working_dir': u'/home/hiwot/meta-stomp2/sim_16042020_201032_new_arrival_50_map_rheftmapping_50_trace_30', u'input_trace_file': (False, '../mv_mapping_50_trace_30.trc'), u'logging_level': u'INFO'}}
Time	Response time (avg)
1456	495.0
1677	445.5
1801	429.0
1969	420.8
2748	435.6
4563	429.0
4678	424.3
4935	420.8
5258	429.0
6422	435.6
6478	441.0
6706	437.2
6917	443.7
6929	440.3
7307	437.3
7373	440.9
7429	444.1
8039	446.9
8773	449.5
8956	446.8
10075	449.1
10226	451.2
10413	448.8
10550	450.7
11730	452.5
11966	450.3
12177	448.3
12775	450.0
12812	451.5
13403	453.0
14148	454.3
14485	455.8
14870	453.9
15021	452.2
15079	450.6
15147	451.9
15652	450.4
16098	451.5
16256	452.6
16604	451.2
16734	449.9
16938	451.0
17667	449.7
17785	448.5
18158	449.5
18337	448.3
18876	449.3
18919	450.3
20176	451.2
20749	452.1
21379	452.9
22088	453.7
22227	452.6
22844	453.4
23092	452.4
23173	451.4
23444	452.1
23884	452.9
24286	451.9
24738	451.0
25166	450.1
25498	450.8
25959	451.5
27373	452.2
27606	452.8
28384	452.0
28471	451.1
29081	451.8
29966	452.4
30917	453.0
31330	453.6
31429	454.2
32462	454.7
32735	455.3
32925	454.5
33291	453.7
33414	454.3
33461	454.8
33686	455.3
34178	455.8
34637	456.3
35537	456.8
35630	457.2
35895	456.5
36861	456.9
37006	457.4
37812	457.8
37991	457.1
38611	456.4
39466	455.8
39562	455.1
39897	455.5
39934	456.0
40299	456.4
41022	456.8
41889	457.2
42859	457.6
43251	456.9
43645	456.3
44519	456.7
44860	457.1
46658	457.5
47263	457.8
47387	458.2
49337	466.8
49354	470.0
49372	470.4
49431	470.7
49459	470.9
49992	471.2
50674	471.4
50952	471.6
51666	471.8
52185	472.0
53439	472.2
54189	472.4
54714	472.6
55940	471.9
56700	472.1
57077	471.5
57400	470.9
57902	471.1
58100	471.3
58333	471.5
58722	471.6
59151	471.8
60300	472.0
60599	471.4
61054	471.6
61283	471.8
61743	472.3
62022	474.2
62063	475.0
62257	476.9
62345	477.1
62742	476.5
62744	476.7
63092	476.1
63153	476.2
63695	476.4
63994	475.8
64052	475.9
64266	475.4
65540	475.5
65597	475.6
65634	475.1
65975	475.2
66652	475.4
66742	475.5
67376	475.0
67596	474.4
68712	473.9
69242	474.1
69310	473.6
69505	473.7
69595	473.8
69843	474.0
70225	473.5
70456	473.6
70632	473.7
71279	473.3
71583	473.4
71716	472.9
72081	473.7
72094	473.9
72534	474.0
72907	473.5
73076	473.1
73186	473.2
73531	473.3
73842	472.9
74260	473.0
74757	472.6
75474	472.7
77048	472.3
77663	472.4
77928	471.9
78219	472.1
78312	472.2
78328	472.3
78795	472.5
79263	472.6
80006	472.7
80214	472.8
81781	472.4
81819	475.4
82302	477.3
82361	477.4
83683	477.4
83951	477.0
84621	477.1
84820	477.2
85300	476.8
85974	476.9
86688	477.0
86698	477.1
86708	477.2
87183	478.5
87460	478.6
87482	478.2
87569	478.3
87710	478.4
87876	478.5
88080	478.5
89662	478.6
90178	478.7
90649	478.8
91066	478.9
91337	478.9
91622	479.0
92315	479.1
94632	479.2
94861	478.8
94892	478.9
95326	478.9
95514	478.5
95583	478.6
96159	478.7
96249	478.8
96534	478.8
97168	478.9
97767	479.0
97935	478.6
97978	479.1
98154	479.3
98397	479.3
98436	479.4
98642	479.5
98879	479.6
100522	479.2
100954	479.3
101534	479.4
101723	479.7
101891	480.4
101966	480.8
102152	480.5
102777	480.5
102890	480.6
103199	480.6
103950	480.7
104672	480.8
105191	480.8
105919	480.9
107403	480.5
107580	480.2
107722	479.8
108575	479.9
109126	480.0
109253	480.0
109456	480.1
109873	480.1
110407	480.2
110824	480.3
111775	480.3
112053	480.0
113290	480.1
113448	479.7
113522	479.4
113632	479.5
114093	479.1
114248	478.8
114779	478.9
115177	479.1
115590	479.2
116353	479.2
116422	479.3
116585	479.3
116681	479.4
117602	479.5
117805	479.5
119516	479.6
119902	479.3
120107	479.0
120482	478.7
121274	478.7
122025	478.8
123144	478.8
124012	478.9
124103	478.6
124190	478.7
124336	478.7
124716	478.8
125527	478.8
126127	478.5
126478	478.6
126980	478.7
127252	478.4
127429	478.4
128391	478.5
128982	478.2
129679	478.3
129934	478.0
130185	478.0
130543	478.1
131087	478.2
131244	478.2
131291	478.3
131747	478.0
131964	477.7
132195	477.8
132398	477.8
133146	477.9
133396	477.9
133793	477.7
133985	477.4
134193	477.1
134302	477.2
134347	477.3
134496	477.3
134688	477.4
135048	477.5
135706	477.6
135889	477.6
136426	477.7
136519	477.7
137312	477.5
138869	477.5
139055	477.6
139820	477.6
140449	477.7
140771	477.7
141176	477.8
141491	477.9
141583	477.9
141816	477.7
142482	477.7
142673	477.8
143237	477.8
143831	477.9
143989	477.9
144038	478.0
145514	477.7
145524	477.5
145959	477.5
146650	477.6
146937	477.6
147783	477.4
148413	477.2
