2020-04-16 20:26:51

CONFIGURATION:
{u'simulation': {u'stdev_factor': 0.01, u'power_mgmt_enabled': False, u'tasks': {u'loc': {u'mean_service_time': {u'gpu': 90, u'cpu_core': 200, u'loc_accel': 10}, u'priority': 1, u'deadline': 1000, u'stdev_service_time': {u'gpu': 0.9, u'cpu_core': 2.0, u'loc_accel': 0.1}, u'power': {u'gpu': 4.457, u'cpu_core': 6.133, u'loc_accel': 0.02197}}, u'detect': {u'mean_service_time': {u'gpu': 0.4607, u'cpu_core': 3.654, u'det_accel': 0.278}, u'priority': 2, u'deadline': 1000, u'stdev_service_time': {u'gpu': 0.004607, u'cpu_core': 0.03654, u'det_accel': 0.0027800000000000004}, u'power': {u'gpu': 90, u'cpu_core': 200, u'det_accel': 10}}, u'Frontier': {u'mean_service_time': {u'cpu_core': 396}, u'priority': 9, u'deadline': 1000, u'stdev_service_time': {u'cpu_core': 3.96}, u'power': {u'cpu_core': 5.98}}, u'track': {u'mean_service_time': {u'gpu': 17, u'tra_accel': 2, u'cpu_core': 1820}, u'priority': 3, u'deadline': 1000, u'stdev_service_time': {u'gpu': 0.17, u'tra_accel': 0.02, u'cpu_core': 18.2}, u'power': {u'gpu': 12.79, u'tra_accel': 0.59, u'cpu_core': 5.6}}, u'sp': {u'mean_service_time': {u'gpu': 379, u'cpu_core': 1004}, u'priority': 11, u'deadline': 1000, u'stdev_service_time': {u'gpu': 3.79, u'cpu_core': 10.040000000000001}, u'power': {u'gpu': 3.302, u'cpu_core': 1004}}, u'mission': {u'mean_service_time': {u'cpu_core': 0.0022}, u'priority': 5, u'deadline': 1000, u'stdev_service_time': {u'cpu_core': 2.2000000000000003e-05}, u'power': {u'cpu_core': 3.534}}, u'motion': {u'mean_service_time': {u'cpu_core': 8}, u'priority': 6, u'deadline': 1000, u'stdev_service_time': {u'cpu_core': 0.08}, u'power': {u'cpu_core': 4.222}}, u'collision': {u'mean_service_time': {u'cpu_core': 8}, u'priority': 7, u'deadline': 1000, u'stdev_service_time': {u'cpu_core': 0.08}, u'power': {u'cpu_core': 0}}, u'fusion': {u'mean_service_time': {u'cpu_core': 1}, u'priority': 4, u'deadline': 1000, u'stdev_service_time': {u'cpu_core': 0.01}, u'power': {u'cpu_core': 0}}, u'map': {u'mean_service_time': {u'gpu': 761, u'cpu_core': 973}, u'priority': 10, u'deadline': 1000, u'stdev_service_time': {u'gpu': 7.61, u'cpu_core': 9.73}, u'power': {u'gpu': 3.533, u'cpu_core': 2.995}}, u'path': {u'mean_service_time': {u'cpu_core': 8}, u'priority': 8, u'deadline': 1000, u'stdev_service_time': {u'cpu_core': 0.08}, u'power': {u'cpu_core': 0}}}, u'sched_policy_module': u'policies.ms1_update2', u'drop': True, u'servers': {u'gpu': {u'count': 2}, u'tra_accel': {u'count': 1}, u'cpu_core': {u'count': 8}, u'loc_accel': {u'count': 1}, u'det_accel': {u'count': 1}}, u'max_tasks_simulated': 10000, u'max_queue_size': 1000000, u'mean_arrival_time': 50, u'arrival_time_scale': 3.1}, u'general': {u'random_seed': 0, u'pre_gen_arrivals': False, u'basename': u'policy:ms1_update2__stdev_factor:0.01', u'output_trace_file': None, u'working_dir': u'/home/hiwot/meta-stomp2/sim_16042020_201032_new_arrival_50_map_rheftmapping_50_trace_30', u'input_trace_file': (False, '../mv_mapping_50_trace_30.trc'), u'logging_level': u'INFO'}}
Time	Response time (avg)
1456	495.0
1677	445.5
1801	429.0
1969	420.8
2748	435.6
4563	429.0
4678	424.3
4935	420.8
5113	429.0
6422	435.6
6478	441.0
6706	437.2
6917	443.7
6929	440.3
7307	437.3
7373	440.9
7429	444.1
8039	446.9
8773	449.5
8956	446.8
10075	449.1
10226	451.2
10413	448.8
10550	450.7
11501	452.5
11966	450.3
12165	452.0
12676	450.0
12713	448.1
13403	449.7
14148	451.1
14485	452.7
14856	450.9
14891	449.3
15147	450.6
15178	451.9
15647	450.4
16098	451.5
16256	452.6
16604	451.2
16734	449.9
16938	451.0
17667	449.7
17785	448.5
18158	449.5
18337	448.3
18876	449.3
18919	450.3
20176	451.2
20749	452.1
21379	452.9
22088	453.7
22227	452.6
22844	453.4
23092	452.4
23173	451.4
23444	452.1
23884	452.9
24286	451.9
24738	451.0
25166	450.1
25498	450.8
25959	451.5
27373	452.2
27606	452.8
28384	452.0
28471	451.1
29081	451.8
29966	452.4
30917	453.0
31330	453.6
31429	454.2
32462	454.7
32735	455.3
32925	454.5
33291	453.7
33414	454.3
33461	454.8
33686	455.3
34178	455.8
34637	456.3
35537	456.8
35630	457.2
35895	456.5
36861	456.9
37006	457.4
37812	457.8
37957	458.2
38611	457.5
39466	456.9
39562	456.2
39897	456.6
39934	457.0
40299	457.4
41008	457.8
41889	458.2
42859	458.6
43251	457.9
43645	457.3
44519	457.7
44860	458.1
46658	458.4
47263	458.8
47387	459.1
49337	462.3
49364	462.7
49431	463.1
49451	472.4
49461	472.7
49992	472.9
50375	473.1
50952	473.3
51666	473.5
52185	473.7
53439	473.8
54189	474.0
54714	474.2
55940	473.5
56700	473.7
57077	473.1
57400	472.4
57902	472.6
58100	472.8
58333	473.0
58722	473.2
59151	473.3
60300	473.5
60599	472.9
61054	473.1
61283	473.3
61743	473.7
61796	473.9
62022	474.4
62063	474.9
62340	475.1
62742	474.5
62744	474.7
63196	474.8
63408	474.3
63454	474.4
63787	474.6
64093	474.7
64104	474.9
65540	475.0
65624	474.4
65689	474.6
65975	474.7
66652	474.9
66742	475.0
67376	474.5
67603	474.6
68554	474.7
69143	474.2
69310	473.7
69505	473.9
69595	474.0
69843	474.1
70225	473.6
70456	473.8
70632	473.9
71279	473.4
71583	473.5
71818	473.7
71975	473.9
72098	474.0
72534	474.2
72993	474.3
73062	473.8
73297	473.9
73531	474.1
73842	473.6
74260	473.7
74757	473.3
75474	473.4
77048	473.0
77663	473.1
77928	472.7
78219	472.8
78312	472.9
78328	473.0
78795	473.1
79263	473.3
80006	473.4
80214	473.5
81701	475.8
81781	475.4
82196	476.7
82276	477.7
83683	477.8
83868	477.9
84621	477.9
84819	478.0
85300	477.6
85974	477.7
86589	477.3
86698	477.4
86708	477.5
87084	478.4
87460	478.4
87482	478.0
87569	478.1
87710	478.2
87876	478.3
88080	478.4
89662	478.4
90178	478.5
90649	478.6
90967	478.2
91337	478.3
91622	478.4
92315	478.4
94632	478.5
94861	478.1
94892	478.2
95326	478.3
95514	477.9
95583	478.0
96159	478.1
96249	478.1
96534	478.2
97168	478.3
97767	478.4
97960	478.7
98041	478.8
98151	479.0
98397	479.1
98436	479.2
98642	479.3
98879	479.3
100522	479.0
100956	479.1
101534	479.2
101723	479.4
101891	480.2
101947	480.5
102144	480.2
102777	480.2
102890	480.3
103199	480.4
103950	480.4
104672	480.5
105191	480.5
105919	480.6
107403	480.2
107580	479.9
107722	479.6
108575	479.6
109163	479.7
109253	479.8
109456	479.8
109873	479.9
110407	479.9
110824	480.0
111775	480.1
112053	479.7
113290	479.8
113448	479.5
113522	479.1
113632	479.2
114093	478.9
114248	478.6
114779	478.6
115177	478.8
115590	478.9
116353	479.0
116406	479.0
116585	479.1
116681	479.1
117602	479.2
117805	479.3
119516	479.3
119902	479.0
120107	478.7
120467	478.8
121274	478.8
122025	478.9
123144	479.0
124012	479.0
124103	478.7
124127	478.8
124336	478.8
124716	478.9
125527	478.9
126127	478.7
126478	478.7
126980	478.8
127252	478.5
127429	478.5
128391	478.6
128982	478.3
129679	478.4
129934	478.1
130185	478.1
130543	478.2
131087	478.3
131244	478.3
131291	478.4
131747	478.1
131964	477.8
132195	477.9
132398	477.9
133146	478.0
133396	478.0
133793	477.8
133985	477.5
134097	477.6
134304	477.6
134347	477.7
134493	477.8
134680	477.8
135048	477.9
135699	477.9
135808	478.0
136426	478.0
136519	478.1
137312	477.8
138869	477.9
139055	477.9
139820	478.0
140449	478.1
140771	478.1
141176	478.2
141491	478.2
141583	478.3
141816	478.0
142482	478.1
142673	478.1
143237	478.2
143624	478.2
143989	478.3
144038	478.3
145514	478.1
145524	477.8
145959	477.9
146650	477.9
146937	478.0
147783	477.8
148339	477.8
