2020-04-16 20:26:51

CONFIGURATION:
{u'simulation': {u'stdev_factor': 0.01, u'power_mgmt_enabled': False, u'tasks': {u'loc': {u'mean_service_time': {u'gpu': 90, u'cpu_core': 200, u'loc_accel': 10}, u'priority': 1, u'deadline': 1000, u'stdev_service_time': {u'gpu': 0.9, u'cpu_core': 2.0, u'loc_accel': 0.1}, u'power': {u'gpu': 4.457, u'cpu_core': 6.133, u'loc_accel': 0.02197}}, u'detect': {u'mean_service_time': {u'gpu': 0.4607, u'cpu_core': 3.654, u'det_accel': 0.278}, u'priority': 2, u'deadline': 1000, u'stdev_service_time': {u'gpu': 0.004607, u'cpu_core': 0.03654, u'det_accel': 0.0027800000000000004}, u'power': {u'gpu': 90, u'cpu_core': 200, u'det_accel': 10}}, u'Frontier': {u'mean_service_time': {u'cpu_core': 396}, u'priority': 9, u'deadline': 1000, u'stdev_service_time': {u'cpu_core': 3.96}, u'power': {u'cpu_core': 5.98}}, u'track': {u'mean_service_time': {u'gpu': 17, u'tra_accel': 2, u'cpu_core': 1820}, u'priority': 3, u'deadline': 1000, u'stdev_service_time': {u'gpu': 0.17, u'tra_accel': 0.02, u'cpu_core': 18.2}, u'power': {u'gpu': 12.79, u'tra_accel': 0.59, u'cpu_core': 5.6}}, u'sp': {u'mean_service_time': {u'gpu': 379, u'cpu_core': 1004}, u'priority': 11, u'deadline': 1000, u'stdev_service_time': {u'gpu': 3.79, u'cpu_core': 10.040000000000001}, u'power': {u'gpu': 3.302, u'cpu_core': 1004}}, u'mission': {u'mean_service_time': {u'cpu_core': 0.0022}, u'priority': 5, u'deadline': 1000, u'stdev_service_time': {u'cpu_core': 2.2000000000000003e-05}, u'power': {u'cpu_core': 3.534}}, u'motion': {u'mean_service_time': {u'cpu_core': 8}, u'priority': 6, u'deadline': 1000, u'stdev_service_time': {u'cpu_core': 0.08}, u'power': {u'cpu_core': 4.222}}, u'collision': {u'mean_service_time': {u'cpu_core': 8}, u'priority': 7, u'deadline': 1000, u'stdev_service_time': {u'cpu_core': 0.08}, u'power': {u'cpu_core': 0}}, u'fusion': {u'mean_service_time': {u'cpu_core': 1}, u'priority': 4, u'deadline': 1000, u'stdev_service_time': {u'cpu_core': 0.01}, u'power': {u'cpu_core': 0}}, u'map': {u'mean_service_time': {u'gpu': 761, u'cpu_core': 973}, u'priority': 10, u'deadline': 1000, u'stdev_service_time': {u'gpu': 7.61, u'cpu_core': 9.73}, u'power': {u'gpu': 3.533, u'cpu_core': 2.995}}, u'path': {u'mean_service_time': {u'cpu_core': 8}, u'priority': 8, u'deadline': 1000, u'stdev_service_time': {u'cpu_core': 0.08}, u'power': {u'cpu_core': 0}}}, u'sched_policy_module': u'policies.ms1_update2', u'drop': True, u'servers': {u'gpu': {u'count': 2}, u'tra_accel': {u'count': 1}, u'cpu_core': {u'count': 8}, u'loc_accel': {u'count': 1}, u'det_accel': {u'count': 1}}, u'max_tasks_simulated': 10000, u'max_queue_size': 1000000, u'mean_arrival_time': 50, u'arrival_time_scale': 3.1}, u'general': {u'random_seed': 0, u'pre_gen_arrivals': False, u'basename': u'policy:ms1_update2__stdev_factor:0.01', u'output_trace_file': None, u'working_dir': u'/home/hiwot/meta-stomp2/sim_16042020_201032_new_arrival_50_map_rheftmapping_50_trace_30', u'input_trace_file': (False, '../mv_mapping_50_trace_30.trc'), u'logging_level': u'INFO'}}
Time	Response time (avg)
10	10.0
25	10.0
65	10.0
189	10.0
357	10.0
388	10.0
484	10.0
750	10.0
1002	10.0
1048	10.0
1284	10.0
1302	10.0
1380	10.0
2716	10.0
2778	10.0
2933	10.0
2951	10.0
3066	10.0
3323	10.0
3509	10.0
3547	10.0
3720	10.0
3733	10.0
3885	10.0
4009	10.0
4594	10.0
4815	10.0
4842	10.0
4864	10.0
4976	10.0
5032	10.0
5094	10.0
5180	10.0
5317	10.0
5695	10.0
5844	10.0
5856	10.0
5878	10.0
5958	10.0
5999	10.0
6179	10.0
6268	10.0
6318	10.0
6328	10.0
6355	10.0
6764	10.0
7047	10.0
7062	10.0
7344	10.0
7388	10.0
7679	10.0
7735	10.0
7880	10.0
8070	10.0
8153	10.0
8324	10.0
8364	10.0
8764	10.0
8774	10.1
8801	10.1
8841	10.1
8894	10.1
9111	10.1
9176	10.1
9496	10.1
9607	10.1
9737	10.1
9768	10.1
9818	10.1
9985	10.1
10019	10.1
10354	10.1
10509	10.1
10565	10.1
10739	10.1
10881	10.1
11064	10.1
11101	10.1
11566	10.1
11799	10.1
11892	10.1
12028	10.1
12047	10.1
12177	10.1
12224	10.1
12372	10.1
12437	10.1
12617	10.1
12713	10.1
12723	10.1
12741	10.1
12769	10.1
12816	10.1
12881	10.1
13026	10.1
13157	10.1
13181	10.1
13259	10.1
13467	10.1
13606	10.1
13634	10.0
13644	10.1
13654	10.1
13718	10.1
13746	10.1
13758	10.1
13997	10.1
14248	10.1
14297	10.1
14307	10.1
14728	10.1
14992	10.1
15122	10.1
15200	10.1
15227	10.1
15237	10.2
15289	10.2
15398	10.2
15575	10.2
15649	10.2
15699	10.2
15709	10.2
16055	10.2
16173	10.2
16424	10.2
16505	10.2
16660	10.2
16725	10.2
17025	10.2
17165	10.2
17208	10.2
17246	10.2
17627	10.2
17779	10.2
18300	10.2
18352	10.2
18396	10.2
18427	10.2
18628	10.2
19152	10.2
19316	10.2
19905	10.2
19933	10.2
20129	10.2
20139	10.2
20197	10.2
20377	10.2
20507	10.2
20615	10.2
20792	10.2
20938	10.2
21093	10.2
21133	10.2
21409	10.2
21480	10.2
21514	10.2
21561	10.2
21576	10.2
21610	10.2
21998	10.2
22088	10.1
22317	10.1
22336	10.1
22438	10.1
22562	10.1
22674	10.1
23018	10.1
23028	10.2
23126	10.2
23191	10.2
23284	10.2
23300	10.2
23554	10.2
23771	10.2
23787	10.2
23994	10.2
24137	10.2
24248	10.2
24955	10.2
25027	10.2
25054	10.2
25206	10.2
25293	10.2
25560	10.2
25628	10.2
25662	10.2
25826	10.2
25836	10.2
25885	10.2
25895	10.2
26251	10.2
26707	10.2
26772	10.2
26859	10.2
26893	10.2
27240	10.2
27370	10.2
27420	10.2
27550	10.2
27745	10.2
28198	10.2
28520	10.2
28933	10.2
29283	10.2
29314	10.2
29460	10.2
29708	10.1
29718	10.2
29940	10.2
30101	10.2
30235	10.2
31016	10.2
31289	10.2
31313	10.2
31679	10.2
31750	10.2
31847	10.2
31857	10.2
32191	10.2
32281	10.2
32467	10.2
32684	10.2
32711	10.2
32733	10.2
32845	10.2
32916	10.2
33105	10.2
33558	10.2
33793	10.2
34091	10.2
34101	10.2
34184	10.2
34203	10.2
34283	10.2
34333	10.2
34478	10.2
34754	10.2
35040	10.2
35111	10.2
35415	10.2
35560	10.2
35598	10.2
35619	10.2
35753	10.2
36280	10.2
36311	10.2
36379	10.2
36999	10.2
37009	10.2
37030	10.2
37532	10.2
37582	10.2
37678	10.2
37712	10.2
37854	10.2
37950	10.2
38081	10.2
38109	10.2
38186	10.2
38223	10.2
38233	10.2
38243	10.3
38253	10.3
38853	10.3
38874	10.3
39014	10.3
39181	10.3
39221	10.3
39280	10.3
39466	10.3
39491	10.3
39916	10.3
40443	10.3
40533	10.3
40543	10.3
40589	10.3
41218	10.3
41401	10.3
41413	10.3
41639	10.3
42033	10.3
42070	10.3
42095	10.3
42359	10.3
42421	10.3
42554	10.3
42808	10.3
42861	10.3
43065	10.3
43106	10.3
43149	10.3
43351	10.3
43400	10.3
43865	10.3
44082	10.3
44129	10.3
44234	10.3
44541	10.3
44677	10.3
44696	10.3
44721	10.3
44823	10.3
44922	10.3
45090	10.3
45121	10.3
45257	10.3
45353	10.3
45505	10.3
45552	10.3
45676	10.3
45883	10.3
46029	10.3
46243	10.3
46674	10.3
46795	10.3
46854	10.3
46906	10.3
47027	10.3
47083	10.3
47595	10.3
47626	10.3
47638	10.3
47653	10.3
47663	10.3
47715	10.3
47737	10.3
47747	10.3
47889	10.3
47914	10.3
47970	10.3
48122	10.3
48332	10.3
48438	10.3
48853	10.3
49017	10.3
49241	10.3
49805	10.3
50220	10.3
50310	10.3
50320	10.3
50474	10.3
50633	10.3
50698	10.3
51687	10.3
51792	10.3
51916	10.3
51993	10.3
52059	10.3
52127	10.3
52167	10.3
52266	10.3
52322	10.3
52663	10.3
52812	10.3
52858	10.3
53268	10.3
53299	10.3
53571	10.3
53615	10.3
53680	10.3
53739	10.3
53903	10.3
54303	10.3
54328	10.3
54424	10.3
54570	10.3
54811	10.3
55022	10.3
55053	10.3
55063	10.3
55465	10.3
55599	10.3
55679	10.3
55788	10.3
55881	10.3
56033	10.3
56191	10.3
56206	10.3
56299	10.3
56389	10.3
56563	10.3
56622	10.3
57276	10.3
57422	10.3
57440	10.3
57459	10.3
57784	10.3
57837	10.3
57955	10.3
57965	10.3
58445	10.3
58578	10.3
58854	10.3
58987	10.3
59216	10.3
59306	10.3
59340	10.3
59368	10.3
59567	10.3
59601	10.3
59657	10.3
59796	10.3
59880	10.3
59995	10.3
60032	10.3
60184	10.3
60264	10.3
60311	10.3
60351	10.3
60503	10.3
60593	10.3
60624	10.3
61120	10.3
61130	10.3
61140	10.4
61284	10.4
61352	10.4
61362	10.4
61535	10.4
61672	10.4
61963	10.4
62025	10.4
62341	10.4
62382	10.4
62595	10.4
62654	10.4
62719	10.4
62831	10.4
63042	10.3
63101	10.3
63200	10.3
63405	10.3
63817	10.3
63829	10.3
64012	10.3
64022	10.4
64059	10.4
64254	10.4
64264	10.4
64274	10.4
64455	10.4
64700	10.4
64713	10.4
65206	10.4
65237	10.4
65296	10.4
65361	10.4
65420	10.4
65764	10.4
65956	10.4
65984	10.4
66052	10.4
66629	10.4
66976	10.4
66986	10.4
66996	10.4
67035	10.4
67081	10.4
67100	10.4
67385	10.4
67400	10.4
67531	10.4
67546	10.4
67698	10.4
67934	10.4
68113	10.4
68132	10.4
68613	10.4
68623	10.4
68709	10.4
68932	10.4
69158	10.4
69186	10.4
69291	10.4
69530	10.4
69667	10.4
69800	10.4
70063	10.4
70104	10.4
70234	10.4
70259	10.4
70380	10.4
70442	10.4
70835	10.4
70866	10.4
71040	10.4
71050	10.4
71210	10.4
71235	10.4
71396	10.4
71430	10.4
71440	10.4
71554	10.4
71629	10.4
72085	10.4
72140	10.4
72230	10.4
72550	10.4
72643	10.4
72829	10.4
72928	10.4
73145	10.4
73204	10.4
73309	10.4
73495	10.4
73517	10.4
73783	10.4
74028	10.4
74964	10.4
75209	10.4
75411	10.4
75436	10.4
75501	10.4
75724	10.4
75916	10.4
76217	10.4
76316	10.4
76443	10.4
76508	10.4
76617	10.4
76682	10.4
76762	10.4
77339	10.4
77349	10.4
77506	10.4
77627	10.4
78229	10.4
78337	10.4
78464	10.4
78560	10.4
78604	10.4
78911	10.4
79047	10.4
79407	10.4
79475	10.4
79543	10.4
79553	10.4
79583	10.4
79990	10.4
80076	10.4
80089	10.4
80129	10.4
80169	10.4
80464	10.4
80520	10.4
80603	10.4
80613	10.4
80650	10.4
80660	10.4
80670	10.4
80680	10.4
80727	10.4
80873	10.4
81226	10.4
81301	10.4
81453	10.4
81465	10.4
81515	10.4
81525	10.4
81716	10.4
81933	10.4
81952	10.4
81962	10.4
81972	10.4
82197	10.4
82265	10.4
82339	10.4
82398	10.4
82634	10.4
82668	10.4
82910	10.4
83214	10.4
83418	10.4
83688	10.4
83716	10.4
84159	10.4
84354	10.4
84528	10.4
84540	10.4
84646	10.4
84674	10.4
84977	10.4
84987	10.4
84997	10.5
85033	10.5
85145	10.5
85219	10.5
85272	10.5
85492	10.5
85669	10.5
85690	10.5
85749	10.5
85759	10.5
85858	10.5
85870	10.5
86264	10.5
86279	10.5
86369	10.5
86903	10.5
87265	10.5
87399	10.5
87972	10.5
88009	10.5
88025	10.5
88521	10.5
88732	10.5
89203	10.5
89262	10.5
89355	10.5
89497	10.5
89891	10.5
89901	10.5
89911	10.5
90099	10.5
90133	10.5
90381	10.5
90604	10.5
90657	10.5
90960	10.5
91518	10.5
91996	10.5
92018	10.5
92182	10.5
92200	10.5
92241	10.5
92495	10.5
92607	10.5
92867	10.5
92895	10.5
93078	10.5
93186	10.5
93239	10.5
93249	10.5
93595	10.5
93605	10.5
93615	10.5
93902	10.5
93995	10.5
94392	10.5
94448	10.5
94470	10.5
94482	10.5
94538	10.5
94811	10.5
94913	10.5
94923	10.5
95052	10.5
95338	10.5
95406	10.5
95651	10.5
95722	10.5
95893	10.5
96051	10.5
96190	10.5
96249	10.5
96323	10.5
96426	10.5
96497	10.5
96686	10.5
96795	10.5
96844	10.5
96931	10.5
97024	10.5
97368	10.5
97607	10.5
97619	10.5
97653	10.5
97777	10.5
97880	10.5
98317	10.5
98376	10.5
98543	10.5
98900	10.5
98910	10.5
98968	10.5
99020	10.5
99231	10.5
99507	10.5
99566	10.5
99684	10.5
99823	10.5
99963	10.5
100012	10.5
100180	10.5
100190	10.5
100205	10.5
100369	10.5
100394	10.5
100512	10.5
100522	10.5
100626	10.5
100679	10.5
100753	10.5
100887	10.5
100998	10.5
101048	10.5
101066	10.5
101150	10.5
101553	10.5
101624	10.5
101783	10.5
101793	10.5
101814	10.5
101824	10.5
102158	10.5
102306	10.5
102480	10.5
102641	10.5
102961	10.5
103571	10.5
103745	10.5
104383	10.5
104473	10.5
104588	10.5
105081	10.5
105264	10.5
105431	10.5
105574	10.5
105623	10.5
105791	10.5
105875	10.5
105968	10.5
106110	10.5
106473	10.5
106854	10.5
106864	10.5
107285	10.5
107359	10.5
107415	10.5
107452	10.5
107542	10.5
107570	10.5
108010	10.5
108131	10.5
108395	10.5
108596	10.5
108643	10.5
108680	10.5
108720	10.5
108844	10.5
108891	10.5
109195	10.5
109409	10.5
109849	10.5
110304	10.5
110323	10.5
110441	10.5
110497	10.5
110509	10.5
110633	10.5
110720	10.5
111222	10.5
111232	10.5
111242	10.5
111433	10.5
111579	10.5
111836	10.5
111910	10.5
112186	10.5
112440	10.5
112481	10.5
112636	10.5
113271	10.5
113333	10.5
113343	10.5
113426	10.5
113466	10.5
113479	10.5
113572	10.5
113876	10.5
113886	10.5
113931	10.5
113975	10.5
114012	10.5
114276	10.5
114474	10.5
114530	10.5
114613	10.5
114629	10.5
114846	10.5
114874	10.5
115026	10.5
115038	10.5
115181	10.5
115652	10.5
115832	10.5
115891	10.5
116210	10.5
116281	10.5
116359	10.5
117059	10.5
117438	10.5
117589	10.5
117667	10.5
118070	10.5
118278	10.5
118290	10.5
118411	10.5
118448	10.5
118495	10.5
118715	10.5
118792	10.5
118860	10.5
118870	10.5
119282	10.5
119592	10.5
119828	10.5
119840	10.5
119859	10.5
119961	10.5
120280	10.5
120314	10.5
120327	10.5
120507	10.5
120668	10.5
120733	10.5
120953	10.5
121006	10.5
121049	10.5
121238	10.5
121272	10.5
121430	10.5
121489	10.5
121561	10.5
121607	10.5
121939	10.5
122153	10.5
122255	10.5
122301	10.5
122469	10.5
122479	10.5
122491	10.5
122565	10.5
122587	10.5
122608	10.5
123005	10.5
123306	10.5
123386	10.5
123473	10.5
123619	10.5
124081	10.5
124137	10.5
124211	10.5
124456	10.5
124515	10.5
124617	10.5
124648	10.5
124741	10.5
124812	10.5
124940	10.5
124992	10.5
125470	10.5
125482	10.5
125640	10.5
125739	10.5
125835	10.5
126031	10.5
126945	10.5
127165	10.5
127370	10.5
127380	10.5
127798	10.5
127925	10.5
127968	10.5
128322	10.5
128474	10.5
128484	10.5
128740	10.5
128774	10.5
129078	10.5
129097	10.5
129196	10.5
129283	10.5
129376	10.5
129534	10.5
129580	10.5
129729	10.5
129739	10.5
129931	10.5
130135	10.5
130352	10.5
130510	10.5
130634	10.5
130687	10.5
130777	10.5
130789	10.5
131192	10.5
131326	10.5
131527	10.5
131552	10.5
131698	10.5
131781	10.5
131800	10.5
132079	10.5
132132	10.5
132181	10.5
132373	10.5
132404	10.5
132457	10.5
132581	10.5
132591	10.5
132699	10.5
132779	10.5
132962	10.5
133387	10.5
133527	10.5
133542	10.5
133589	10.5
133768	10.5
133778	10.5
133877	10.5
133911	10.5
133926	10.5
134339	10.5
134506	10.5
134962	10.5
134980	10.5
135073	10.5
135551	10.5
135700	10.5
135811	10.5
135842	10.5
136472	10.4
136534	10.4
136552	10.4
136642	10.4
136689	10.4
136699	10.5
136710	10.5
136744	10.5
136760	10.5
136840	10.5
137085	10.5
137166	10.5
137191	10.5
137315	10.5
137609	10.5
137637	10.5
137743	10.5
137860	10.5
137960	10.5
138028	10.5
138232	10.5
138245	10.5
138350	10.4
138719	10.4
138738	10.4
138927	10.4
139119	10.4
139221	10.4
139271	10.4
139730	10.4
139773	10.4
139832	10.4
139872	10.4
140120	10.4
140204	10.4
140440	10.4
140511	10.4
140521	10.4
140551	10.4
140725	10.4
141060	10.4
141070	10.4
141233	10.4
141732	10.4
141742	10.4
141791	10.4
141903	10.4
141955	10.4
142070	10.4
142120	10.4
142278	10.4
142327	10.4
142383	10.4
142458	10.4
142864	10.4
143474	10.4
143760	10.4
143825	10.4
143902	10.4
143912	10.4
144107	10.4
144513	10.4
144798	10.4
144832	10.4
144919	10.4
144929	10.5
144939	10.5
145152	10.5
145226	10.5
145269	10.5
145942	10.5
146057	10.5
146171	10.5
146206	10.5
146299	10.5
146757	10.5
146801	10.5
147111	10.5
