2020-04-16 20:26:51

CONFIGURATION:
{u'simulation': {u'stdev_factor': 0.01, u'power_mgmt_enabled': False, u'tasks': {u'loc': {u'mean_service_time': {u'gpu': 90, u'cpu_core': 200, u'loc_accel': 10}, u'priority': 1, u'deadline': 1000, u'stdev_service_time': {u'gpu': 0.9, u'cpu_core': 2.0, u'loc_accel': 0.1}, u'power': {u'gpu': 4.457, u'cpu_core': 6.133, u'loc_accel': 0.02197}}, u'detect': {u'mean_service_time': {u'gpu': 0.4607, u'cpu_core': 3.654, u'det_accel': 0.278}, u'priority': 2, u'deadline': 1000, u'stdev_service_time': {u'gpu': 0.004607, u'cpu_core': 0.03654, u'det_accel': 0.0027800000000000004}, u'power': {u'gpu': 90, u'cpu_core': 200, u'det_accel': 10}}, u'Frontier': {u'mean_service_time': {u'cpu_core': 396}, u'priority': 9, u'deadline': 1000, u'stdev_service_time': {u'cpu_core': 3.96}, u'power': {u'cpu_core': 5.98}}, u'track': {u'mean_service_time': {u'gpu': 17, u'tra_accel': 2, u'cpu_core': 1820}, u'priority': 3, u'deadline': 1000, u'stdev_service_time': {u'gpu': 0.17, u'tra_accel': 0.02, u'cpu_core': 18.2}, u'power': {u'gpu': 12.79, u'tra_accel': 0.59, u'cpu_core': 5.6}}, u'sp': {u'mean_service_time': {u'gpu': 379, u'cpu_core': 1004}, u'priority': 11, u'deadline': 1000, u'stdev_service_time': {u'gpu': 3.79, u'cpu_core': 10.040000000000001}, u'power': {u'gpu': 3.302, u'cpu_core': 1004}}, u'mission': {u'mean_service_time': {u'cpu_core': 0.0022}, u'priority': 5, u'deadline': 1000, u'stdev_service_time': {u'cpu_core': 2.2000000000000003e-05}, u'power': {u'cpu_core': 3.534}}, u'motion': {u'mean_service_time': {u'cpu_core': 8}, u'priority': 6, u'deadline': 1000, u'stdev_service_time': {u'cpu_core': 0.08}, u'power': {u'cpu_core': 4.222}}, u'collision': {u'mean_service_time': {u'cpu_core': 8}, u'priority': 7, u'deadline': 1000, u'stdev_service_time': {u'cpu_core': 0.08}, u'power': {u'cpu_core': 0}}, u'fusion': {u'mean_service_time': {u'cpu_core': 1}, u'priority': 4, u'deadline': 1000, u'stdev_service_time': {u'cpu_core': 0.01}, u'power': {u'cpu_core': 0}}, u'map': {u'mean_service_time': {u'gpu': 761, u'cpu_core': 973}, u'priority': 10, u'deadline': 1000, u'stdev_service_time': {u'gpu': 7.61, u'cpu_core': 9.73}, u'power': {u'gpu': 3.533, u'cpu_core': 2.995}}, u'path': {u'mean_service_time': {u'cpu_core': 8}, u'priority': 8, u'deadline': 1000, u'stdev_service_time': {u'cpu_core': 0.08}, u'power': {u'cpu_core': 0}}}, u'sched_policy_module': u'policies.ms1_update2', u'drop': True, u'servers': {u'gpu': {u'count': 2}, u'tra_accel': {u'count': 1}, u'cpu_core': {u'count': 8}, u'loc_accel': {u'count': 1}, u'det_accel': {u'count': 1}}, u'max_tasks_simulated': 10000, u'max_queue_size': 1000000, u'mean_arrival_time': 50, u'arrival_time_scale': 3.1}, u'general': {u'random_seed': 0, u'pre_gen_arrivals': False, u'basename': u'policy:ms1_update2__stdev_factor:0.01', u'output_trace_file': None, u'working_dir': u'/home/hiwot/meta-stomp2/sim_16042020_201032_new_arrival_50_map_rheftmapping_50_trace_30', u'input_trace_file': (False, '../mv_mapping_50_trace_30.trc'), u'logging_level': u'INFO'}}
Time	Response time (avg)
488	1.0
754	1.0
982	1.0
1052	1.0
1288	1.0
1462	1.0
1608	1.0
1683	1.0
1809	1.0
1959	1.0
1977	1.0
2602	1.0
2754	1.0
2782	1.0
3673	1.0
3737	1.0
3890	1.0
4013	1.0
4569	1.0
4598	1.0
4684	1.0
4769	1.0
4819	1.0
4841	1.0
4846	1.0
4868	1.0
4943	1.0
5107	1.0
5119	1.0
5860	1.0
5882	1.0
6183	1.0
6272	1.0
6322	1.0
6495	1.3
6498	1.4
6712	1.4
6923	1.4
6937	1.4
7221	1.4
7313	1.4
7379	1.4
7435	1.4
7616	1.4
7739	1.4
7835	1.3
7884	1.3
8004	1.3
8047	1.3
8074	1.3
8608	1.3
8778	1.3
8779	1.3
8786	1.3
8962	1.3
9110	1.3
9115	1.3
9180	1.3
9544	1.3
9611	1.3
9741	1.3
9822	1.3
10061	1.3
10083	1.2
10234	1.2
10419	1.2
10558	1.2
10718	1.2
10725	1.2
10743	1.2
11239	1.2
11507	1.2
11570	1.2
11785	1.2
11963	1.2
11974	1.2
12171	1.2
12228	1.2
12682	1.2
12718	1.2
12721	1.2
12727	1.2
12756	1.2
12885	1.2
13276	1.3
13279	1.3
13421	1.5
13424	1.6
13427	1.7
13592	1.7
13610	1.7
13638	1.7
13658	1.7
13707	1.7
13722	1.7
14035	2.1
14163	2.2
14166	2.2
14252	2.2
14491	2.2
14613	2.2
14816	2.2
14862	2.2
14899	2.2
14980	2.1
15153	2.1
15186	2.1
15241	2.1
15293	2.1
15517	2.1
15579	2.1
15653	2.1
15703	2.1
15713	2.1
16104	2.0
16262	2.0
16420	2.0
16428	2.0
16560	2.0
16610	2.0
16718	2.0
16740	2.0
16946	2.0
17511	2.0
17631	2.0
17673	2.0
17791	1.9
18166	1.9
18245	1.9
18304	1.9
18343	1.9
18400	1.9
18431	1.9
18468	1.9
18736	1.9
18882	1.9
18927	1.9
19309	1.9
19909	1.9
20182	1.9
20511	1.9
20536	1.8
20755	1.8
20942	1.8
21211	1.8
21359	1.8
21387	1.8
21413	1.8
21417	1.8
21518	1.8
21580	1.8
21841	1.8
22092	1.8
22094	1.8
22162	1.8
22233	1.8
22321	1.8
22340	1.8
22830	1.8
22850	1.8
23022	1.7
23098	1.7
23179	1.7
23450	1.7
23782	1.7
23890	1.7
23985	1.7
23998	1.7
24292	1.7
24346	1.7
24504	1.7
24522	1.7
24744	1.7
24936	1.7
25058	1.7
25172	1.7
25210	1.7
25297	1.7
25504	1.7
25889	1.7
25912	1.7
25965	1.7
26249	1.7
26252	1.7
26780	1.7
26850	1.7
26863	1.7
27058	1.6
27208	1.6
27379	1.6
27612	1.6
27814	1.6
28113	1.6
28197	1.6
28202	1.6
28390	1.6
28479	1.6
28640	1.6
28765	1.6
28772	1.6
29087	1.6
29287	1.6
29318	1.6
29890	1.6
29972	1.6
30105	1.6
30239	1.6
30923	1.6
31162	1.6
31338	1.6
31435	1.6
32470	1.6
32688	1.6
32741	1.6
32849	1.6
32928	1.6
32936	1.6
33079	1.6
33297	1.6
33422	1.6
33469	1.6
33503	1.6
33562	1.6
33694	1.6
33797	1.6
33875	1.6
33955	1.6
34105	1.6
34184	1.6
34207	1.6
34643	1.6
35044	1.6
35115	1.6
35543	1.6
35553	1.6
35623	1.6
35636	1.6
35698	1.6
35757	1.6
35901	1.6
35976	1.5
36818	1.5
36867	1.5
37014	1.5
37034	1.5
37586	1.5
37599	1.5
37716	1.5
37820	1.5
37963	1.5
38229	1.5
38622	1.6
38632	1.6
38640	1.6
38643	1.7
38878	1.6
39341	1.7
39344	1.7
39347	1.8
39442	1.8
39453	1.8
39470	1.8
39472	1.8
39495	1.8
39570	1.7
39905	1.7
39942	1.7
40234	1.7
40307	1.7
40391	1.7
40537	1.7
40593	1.7
40873	1.7
41014	1.7
41222	1.7
41763	1.7
41895	1.7
42099	1.7
42358	1.7
42558	1.7
42865	1.7
42865	1.7
43069	1.7
43257	1.7
43290	1.7
43316	1.7
43378	1.7
43404	1.7
43651	1.7
43869	1.7
44238	1.7
44267	1.7
44329	1.7
44525	1.7
44545	1.7
44827	1.7
44866	1.7
45094	1.7
45218	1.7
45261	1.7
45280	1.7
45357	1.7
45897	1.7
45918	1.7
45943	1.6
46033	1.6
46144	1.6
46247	1.6
46462	1.6
46664	1.6
46678	1.6
46799	1.6
46858	1.6
46910	1.6
47087	1.6
47105	1.6
47269	1.6
47395	1.6
47667	1.6
48956	1.7
49204	1.7
49217	1.8
49220	1.8
49223	1.9
49226	1.9
49343	1.9
49372	1.9
49439	1.9
49459	1.9
49469	1.9
49809	1.9
49998	1.9
50076	1.9
50324	1.9
50352	1.9
50383	1.9
50958	1.9
51267	1.9
51672	1.9
51693	1.9
51855	1.9
51920	1.9
51920	1.9
52171	1.9
52191	1.8
52749	1.8
52816	1.8
52862	1.8
53279	1.8
53303	1.8
53349	1.8
53447	1.8
53486	1.8
53544	1.8
53575	1.8
53619	1.8
53684	1.8
53743	1.8
54195	1.8
54574	1.8
54720	1.8
54860	1.8
55026	1.8
55057	1.8
55260	1.8
55644	1.8
55683	1.8
55811	1.8
55946	1.8
56210	1.8
56303	1.8
56706	1.8
56762	1.8
57083	1.8
57103	1.8
57162	1.8
57410	1.8
57713	1.8
57788	1.8
57908	1.8
57969	1.8
58106	1.8
58339	1.8
58582	1.8
58642	1.8
58681	1.8
58730	1.8
58794	1.8
59157	1.8
59175	1.8
59220	1.8
59372	1.8
59402	1.8
59605	1.7
59661	1.7
59884	1.7
60306	1.7
60559	2.3
60612	2.3
60615	2.3
61057	3.0
61065	2.9
61298	3.0
61301	3.0
62088	3.6
62108	3.7
62111	3.7
62114	3.8
62117	3.9
62120	3.9
62123	4.0
62126	4.0
62346	4.0
62431	4.0
62745	4.1
62755	4.1
62757	4.1
62758	4.1
62835	4.1
63105	4.1
63202	4.1
63242	4.1
63414	4.1
63460	4.1
63795	4.1
63874	4.1
64099	4.1
64112	4.1
64249	4.1
64264	4.0
64459	4.0
64566	4.0
64704	4.0
64717	4.0
65037	4.0
65241	4.0
65242	4.0
65424	4.0
65474	4.0
65496	4.0
65548	4.0
65632	4.0
65697	4.0
65981	4.0
66583	3.9
66633	3.9
66658	3.9
66750	3.9
66980	3.9
66990	3.9
67085	3.9
67206	3.9
67206	3.9
67384	3.9
67404	3.9
67609	3.9
68155	3.9
68320	3.9
68562	3.9
68605	3.9
68713	3.9
68766	3.8
69149	3.8
69162	3.8
69295	3.8
69318	3.8
69513	3.8
69603	3.8
69843	3.8
69849	3.8
70231	3.8
70649	3.8
70652	3.8
70750	3.8
70918	3.8
71054	3.8
71323	3.9
71586	4.1
71688	4.3
71696	4.3
71699	4.3
71702	4.3
71705	4.4
71826	4.4
71869	4.3
71983	4.3
72088	4.3
72106	4.3
72144	4.3
72540	4.3
72820	4.3
72932	4.3
72999	4.3
73068	4.3
73208	4.3
73303	4.3
73499	4.3
73537	4.3
73770	4.3
73850	4.2
73993	4.2
74268	4.2
74531	4.2
74739	4.2
74742	4.2
74763	4.2
75415	4.2
75480	4.2
75505	4.2
75921	4.2
76166	4.2
76766	4.2
76872	4.2
77054	4.2
77138	4.2
77343	4.2
77510	4.1
77665	4.1
77669	4.1
77934	4.1
78227	4.1
78233	4.1
78320	4.1
78336	4.1
78341	4.1
78468	4.1
78801	4.1
79051	4.1
79269	4.1
79547	4.1
80012	4.1
80080	4.1
80131	4.1
80220	4.0
80468	4.0
80468	4.0
80702	4.0
80705	4.0
81348	4.1
81359	4.1
81377	4.1
81380	4.1
81383	4.1
81860	4.2
81863	4.2
81866	4.3
81869	4.3
81872	4.3
81874	4.4
81875	4.4
81925	4.4
81956	4.3
82019	4.3
82204	4.3
82282	4.3
82428	4.3
82528	4.3
82578	4.3
82638	4.3
82687	4.3
83153	4.3
83184	4.3
83417	4.3
83529	4.3
83559	4.3
83691	4.3
83874	4.3
83888	4.3
84358	4.2
84480	4.2
84544	4.2
84627	4.2
84678	4.2
84825	4.2
84936	4.2
85037	4.2
85149	4.2
85281	4.2
85306	4.2
85496	4.2
85694	4.2
85763	4.2
85866	4.2
85980	4.2
86232	4.2
86711	4.2
86713	4.2
86721	4.2
86891	4.1
87090	4.1
87466	4.1
87488	4.1
87577	4.1
87716	4.1
87884	4.1
88029	4.1
88086	4.1
88123	4.1
88222	4.1
88356	4.1
88525	4.1
89192	4.1
89266	4.1
89501	4.1
89668	4.1
90103	4.1
90137	4.1
90184	4.1
90655	4.0
90964	4.0
90973	4.0
91123	4.0
91340	4.0
91345	4.0
91628	4.0
91799	4.0
92186	4.0
92204	4.0
92245	4.0
92321	4.0
92475	4.0
92611	4.0
92871	4.0
92899	4.0
92953	4.0
93082	4.0
93240	4.0
93452	4.0
93599	4.0
94474	3.9
94486	3.9
94638	3.9
94815	3.9
94825	3.9
94867	3.9
94900	3.9
94917	3.9
95332	3.9
95342	3.9
95354	3.9
95410	3.9
95522	3.9
95591	3.9
95655	3.9
96165	3.9
96255	3.9
96272	3.9
96540	3.9
96848	3.9
97653	3.9
97656	3.9
97770	4.6
97778	5.0
97791	5.0
97794	5.0
97797	5.0
97884	5.0
97966	5.0
98047	5.0
98157	5.0
98321	5.0
98380	5.0
98405	5.0
98444	5.0
98611	5.0
98626	5.0
98648	4.9
98887	4.9
98898	4.9
98972	4.9
99563	4.9
99857	4.9
100458	4.9
100461	4.9
100785	5.3
100796	5.7
100810	5.7
100813	5.7
100816	5.7
100824	5.8
100827	5.8
100830	5.8
100891	5.8
100962	5.8
101002	5.8
101547	5.8
101557	5.8
101560	5.8
101731	5.8
101759	5.8
101967	5.8
101970	5.8
101973	5.8
102150	5.8
102270	5.8
102484	5.8
102510	5.8
102783	5.8
102898	5.8
103003	5.8
103015	5.8
103113	5.7
103207	5.7
103378	5.7
103575	5.7
103661	5.7
103956	5.7
104387	5.7
104678	5.7
105197	5.7
105268	5.7
105435	5.7
105653	5.7
105879	5.7
105925	5.7
106301	5.7
106531	5.6
106604	5.6
107289	5.6
107409	5.6
107482	5.6
107574	5.6
107586	5.6
107730	5.6
107811	5.6
108135	5.6
108433	5.6
108581	5.6
108600	5.6
108637	5.6
108647	5.6
108684	5.5
108724	5.5
108848	5.5
109169	5.5
109261	5.5
109413	5.5
109464	5.5
109879	5.5
110327	5.5
110413	5.5
110513	5.5
110724	5.5
110830	5.5
110869	5.5
111717	5.5
111783	5.5
111853	5.5
112059	5.4
112179	5.4
112237	5.4
112464	5.4
112655	5.4
113275	5.4
113296	5.4
113397	5.4
113454	5.4
113528	5.4
113638	5.4
113890	5.4
114106	5.4
114109	5.4
114256	5.4
114280	5.4
114348	5.4
114797	5.4
114798	5.4
114800	5.4
114801	5.4
115150	5.5
115156	5.4
115183	5.4
115187	5.4
115241	5.4
115431	5.4
115598	5.4
115656	5.4
115750	5.4
116066	5.4
116214	5.4
116285	5.4
116359	5.4
116414	5.4
116591	5.4
116689	5.4
116789	5.4
117063	5.4
117442	5.4
117593	5.3
117608	5.3
117813	5.3
118282	5.3
118452	5.3
118624	5.3
118719	5.3
118796	5.3
119286	5.3
119522	5.3
119575	5.3
119596	5.3
119908	5.3
120090	5.3
120113	5.3
120473	5.3
120511	5.3
120737	5.3
120929	5.3
121010	5.2
121079	5.2
121181	5.2
121242	5.2
121282	5.2
121500	5.2
121549	5.2
121611	5.2
121736	5.2
121910	5.2
122031	5.2
122271	5.2
122494	5.2
122708	5.3
122721	5.3
122724	5.3
122896	5.2
123150	5.2
123373	5.2
123390	5.2
123477	5.2
123477	5.2
123701	5.2
123787	5.2
124018	5.2
124109	5.2
124135	5.2
124215	5.2
124344	5.2
124526	5.2
124589	5.2
124621	5.2
124722	5.2
124816	5.2
125357	5.2
125486	5.2
125537	5.2
125540	5.1
125743	5.1
125868	5.1
125961	5.1
126133	5.1
126214	5.1
126484	5.1
126986	5.1
127253	5.1
127258	5.1
127435	5.1
128122	5.1
128397	5.1
128488	5.1
128600	5.1
128853	5.1
128988	5.1
129073	5.1
129082	5.1
129287	5.1
129685	5.1
129733	5.0
129804	5.0
129942	5.0
129994	5.0
130191	5.0
130416	5.0
130549	5.0
130754	5.0
130781	5.0
131005	5.0
131093	5.0
131250	5.0
131299	5.0
131531	5.0
131556	5.0
131730	5.0
131753	5.0
131804	5.0
131956	5.0
131970	5.0
132083	5.0
132136	5.0
132203	4.9
132404	4.9
132408	4.9
132412	4.9
132548	4.9
133152	4.9
133391	4.9
133404	4.9
133546	4.9
133810	4.9
133813	4.9
133998	4.9
134307	5.0
134324	5.1
134327	5.1
134343	5.0
134355	5.0
134501	5.0
134510	5.0
134688	5.0
134809	5.0
134809	5.0
134966	5.0
135013	5.0
135056	5.0
135555	5.0
135705	5.0
135815	5.0
135816	5.0
135846	5.0
136432	5.0
136527	5.0
136538	5.0
136703	5.0
136714	5.0
136764	5.0
137170	5.0
137195	5.0
137318	4.9
137429	4.9
137509	4.9
137747	4.9
137862	4.9
137866	4.9
137911	4.9
137966	4.9
138062	4.9
138249	4.9
138307	4.9
138354	4.9
138857	4.9
138877	4.9
139063	4.9
139123	4.9
139180	4.9
139248	4.9
139275	4.9
139676	4.9
139826	4.9
140147	4.9
140455	4.9
140555	4.9
141051	4.9
141057	4.9
141074	4.9
141184	4.9
141233	4.9
141497	4.9
141589	4.9
141638	4.9
141662	4.9
141736	4.9
141745	4.9
141746	4.9
141824	4.9
141959	4.9
142387	4.9
142453	4.8
142488	4.8
142681	4.8
143123	4.8
143243	4.8
143342	4.8
143630	4.8
143680	4.8
143764	4.8
143821	4.8
143995	4.8
144046	4.8
144111	4.8
144431	4.8
144782	4.8
144802	4.8
144933	4.8
145156	4.8
145520	4.8
145532	4.8
145789	4.8
145967	4.8
146061	4.8
146141	4.8
146210	4.8
146421	4.8
146656	4.7
146899	4.7
146943	4.7
147372	4.7
147789	4.7
148021	4.7
148333	4.7
148347	4.7
