2020-04-16 20:26:51

CONFIGURATION:
{u'simulation': {u'stdev_factor': 0.01, u'power_mgmt_enabled': False, u'tasks': {u'loc': {u'mean_service_time': {u'gpu': 90, u'cpu_core': 200, u'loc_accel': 10}, u'priority': 1, u'deadline': 1000, u'stdev_service_time': {u'gpu': 0.9, u'cpu_core': 2.0, u'loc_accel': 0.1}, u'power': {u'gpu': 4.457, u'cpu_core': 6.133, u'loc_accel': 0.02197}}, u'detect': {u'mean_service_time': {u'gpu': 0.4607, u'cpu_core': 3.654, u'det_accel': 0.278}, u'priority': 2, u'deadline': 1000, u'stdev_service_time': {u'gpu': 0.004607, u'cpu_core': 0.03654, u'det_accel': 0.0027800000000000004}, u'power': {u'gpu': 90, u'cpu_core': 200, u'det_accel': 10}}, u'Frontier': {u'mean_service_time': {u'cpu_core': 396}, u'priority': 9, u'deadline': 1000, u'stdev_service_time': {u'cpu_core': 3.96}, u'power': {u'cpu_core': 5.98}}, u'track': {u'mean_service_time': {u'gpu': 17, u'tra_accel': 2, u'cpu_core': 1820}, u'priority': 3, u'deadline': 1000, u'stdev_service_time': {u'gpu': 0.17, u'tra_accel': 0.02, u'cpu_core': 18.2}, u'power': {u'gpu': 12.79, u'tra_accel': 0.59, u'cpu_core': 5.6}}, u'sp': {u'mean_service_time': {u'gpu': 379, u'cpu_core': 1004}, u'priority': 11, u'deadline': 1000, u'stdev_service_time': {u'gpu': 3.79, u'cpu_core': 10.040000000000001}, u'power': {u'gpu': 3.302, u'cpu_core': 1004}}, u'mission': {u'mean_service_time': {u'cpu_core': 0.0022}, u'priority': 5, u'deadline': 1000, u'stdev_service_time': {u'cpu_core': 2.2000000000000003e-05}, u'power': {u'cpu_core': 3.534}}, u'motion': {u'mean_service_time': {u'cpu_core': 8}, u'priority': 6, u'deadline': 1000, u'stdev_service_time': {u'cpu_core': 0.08}, u'power': {u'cpu_core': 4.222}}, u'collision': {u'mean_service_time': {u'cpu_core': 8}, u'priority': 7, u'deadline': 1000, u'stdev_service_time': {u'cpu_core': 0.08}, u'power': {u'cpu_core': 0}}, u'fusion': {u'mean_service_time': {u'cpu_core': 1}, u'priority': 4, u'deadline': 1000, u'stdev_service_time': {u'cpu_core': 0.01}, u'power': {u'cpu_core': 0}}, u'map': {u'mean_service_time': {u'gpu': 761, u'cpu_core': 973}, u'priority': 10, u'deadline': 1000, u'stdev_service_time': {u'gpu': 7.61, u'cpu_core': 9.73}, u'power': {u'gpu': 3.533, u'cpu_core': 2.995}}, u'path': {u'mean_service_time': {u'cpu_core': 8}, u'priority': 8, u'deadline': 1000, u'stdev_service_time': {u'cpu_core': 0.08}, u'power': {u'cpu_core': 0}}}, u'sched_policy_module': u'policies.ms1_update2', u'drop': True, u'servers': {u'gpu': {u'count': 2}, u'tra_accel': {u'count': 1}, u'cpu_core': {u'count': 8}, u'loc_accel': {u'count': 1}, u'det_accel': {u'count': 1}}, u'max_tasks_simulated': 10000, u'max_queue_size': 1000000, u'mean_arrival_time': 50, u'arrival_time_scale': 3.1}, u'general': {u'random_seed': 0, u'pre_gen_arrivals': False, u'basename': u'policy:ms1_update2__stdev_factor:0.01', u'output_trace_file': None, u'working_dir': u'/home/hiwot/meta-stomp2/sim_16042020_201032_new_arrival_50_map_rheftmapping_50_trace_30', u'input_trace_file': (False, '../mv_mapping_50_trace_30.trc'), u'logging_level': u'INFO'}}
Time	Response time (avg)
487	3.0
753	3.0
981	3.7
1051	3.5
1287	3.4
1461	3.7
1607	3.6
1682	3.8
1808	4.1
1958	4.2
1976	4.5
2601	4.5
2753	4.5
2781	4.4
3672	4.5
3736	4.4
3889	4.4
4012	4.3
4568	4.4
4597	4.3
4683	4.3
4768	4.4
4818	4.3
4840	4.3
4845	4.3
4867	4.2
4942	4.3
5106	4.4
5118	4.4
5859	4.3
5881	4.3
6182	4.2
6271	4.2
6321	4.2
6485	5.9
6492	6.1
6711	6.1
6922	6.0
6934	6.0
7220	6.0
7312	6.0
7378	5.9
7434	5.9
7615	5.8
7738	5.8
7834	5.8
7883	5.7
8003	5.7
8046	5.7
8073	5.7
8607	5.6
8777	5.6
8778	5.5
8785	5.5
8961	5.5
9109	5.5
9114	5.5
9179	5.4
9543	5.4
9610	5.3
9740	5.3
9821	5.3
10060	5.2
10082	5.3
10233	5.3
10418	5.3
10557	5.3
10717	5.3
10724	5.3
10742	5.3
11238	5.2
11506	5.2
11569	5.2
11784	5.2
11962	5.2
11973	5.2
12170	5.2
12227	5.2
12681	5.2
12717	5.2
12720	5.2
12726	5.1
12755	5.1
12884	5.1
13268	5.3
13273	5.4
13406	7.9
13411	8.0
13418	8.1
13591	8.1
13609	8.0
13637	7.9
13657	7.9
13706	7.9
13721	7.8
13990	9.1
14153	10.2
14160	10.3
14251	10.2
14490	10.1
14612	10.1
14815	10.0
14861	10.0
14898	9.9
14979	9.9
15152	9.8
15185	9.8
15240	9.8
15292	9.7
15516	9.6
15578	9.6
15652	9.5
15702	9.5
15712	9.4
16103	9.4
16261	9.3
16419	9.3
16427	9.2
16559	9.2
16609	9.2
16717	9.1
16739	9.1
16945	9.1
17510	9.0
17630	9.0
17672	9.0
17790	8.9
18165	8.9
18244	8.9
18303	8.8
18342	8.8
18399	8.8
18430	8.7
18467	8.7
18735	8.7
18881	8.6
18926	8.6
19308	8.6
19908	8.6
20181	8.5
20510	8.5
20535	8.5
20754	8.4
20941	8.4
21210	8.4
21358	8.3
21386	8.3
21412	8.3
21416	8.2
21517	8.2
21579	8.2
21840	8.2
22091	8.1
22093	8.1
22161	8.1
22232	8.1
22320	8.0
22339	8.0
22829	8.0
22849	8.0
23021	7.9
23097	7.9
23178	7.9
23449	7.9
23781	7.8
23889	7.8
23984	7.8
23997	7.8
24291	7.8
24345	7.7
24503	7.7
24521	7.7
24743	7.7
24935	7.7
25057	7.6
25171	7.6
25209	7.6
25296	7.6
25503	7.6
25888	7.5
25911	7.5
25964	7.5
26248	7.5
26249	7.5
26779	7.5
26849	7.5
26862	7.4
27057	7.4
27207	7.4
27378	7.4
27611	7.4
27813	7.4
28112	7.4
28196	7.3
28201	7.3
28389	7.3
28478	7.3
28639	7.3
28764	7.3
28771	7.3
29086	7.2
29286	7.2
29317	7.2
29889	7.2
29971	7.2
30104	7.2
30238	7.1
30922	7.1
31161	7.1
31337	7.1
31434	7.1
32467	7.1
32687	7.1
32740	7.1
32848	7.1
32919	7.0
32935	7.1
33078	7.0
33296	7.0
33421	7.0
33468	7.0
33502	7.0
33561	7.0
33693	7.0
33796	7.0
33874	7.0
33954	7.0
34104	7.0
34183	6.9
34206	6.9
34642	6.9
35043	6.9
35114	6.9
35542	6.9
35552	6.9
35622	6.8
35635	6.8
35697	6.8
35756	6.8
35900	6.8
35975	6.8
36817	6.8
36866	6.8
37013	6.8
37033	6.8
37585	6.7
37598	6.7
37715	6.7
37819	6.7
37962	6.7
38228	6.7
38614	8.1
38619	8.6
38629	8.7
38637	8.7
38877	8.6
39328	9.2
39333	9.2
39338	9.3
39439	9.3
39452	9.3
39469	9.2
39471	9.2
39494	9.2
39569	9.2
39904	9.2
39941	9.2
40233	9.2
40306	9.1
40390	9.1
40536	9.1
40592	9.1
40872	9.1
41013	9.1
41221	9.0
41762	9.0
41894	9.0
42098	9.0
42357	9.0
42557	8.9
42864	8.9
42864	8.9
43068	8.9
43256	8.9
43289	8.8
43315	8.8
43377	8.8
43403	8.8
43650	8.8
43868	8.8
44237	8.7
44266	8.7
44328	8.7
44524	8.7
44544	8.7
44826	8.7
44865	8.7
45093	8.6
45217	8.6
45260	8.6
45279	8.6
45356	8.6
45896	8.6
45917	8.5
45942	8.5
46032	8.5
46143	8.5
46246	8.5
46461	8.5
46663	8.5
46677	8.5
46798	8.4
46857	8.4
46909	8.4
47086	8.4
47104	8.4
47268	8.4
47394	8.4
47666	8.3
48936	8.3
48966	10.3
49191	11.3
49196	11.3
49201	12.3
49209	13.1
49214	13.3
49342	13.3
49371	13.2
49438	13.2
49458	13.2
49468	13.2
49808	13.2
49997	13.1
50075	13.1
50323	13.1
50351	13.1
50382	13.0
50957	13.0
51266	13.0
51671	13.0
51690	12.9
51854	12.9
51919	12.9
51919	12.9
52170	12.8
52190	12.8
52748	12.8
52815	12.8
52861	12.7
53278	12.7
53302	12.7
53348	12.7
53446	12.6
53485	12.6
53543	12.6
53574	12.6
53618	12.5
53683	12.5
53742	12.5
54194	12.5
54573	12.4
54719	12.4
54859	12.4
55025	12.4
55056	12.3
55259	12.3
55643	12.3
55682	12.3
55810	12.3
55945	12.2
56209	12.2
56302	12.2
56705	12.2
56761	12.1
57082	12.1
57102	12.1
57161	12.1
57407	12.1
57712	12.1
57787	12.0
57907	12.0
57968	12.0
58105	12.0
58338	12.0
58581	11.9
58641	11.9
58680	11.9
58729	11.9
58793	11.9
59156	11.8
59174	11.8
59219	11.8
59371	11.8
59401	11.8
59604	11.7
59660	11.7
59883	11.7
60305	11.7
60352	11.7
60602	11.7
60609	11.6
60788	11.7
61064	11.7
61288	11.8
61295	11.8
61845	12.4
62066	13.4
62071	14.2
62078	15.0
62085	15.7
62095	15.8
62098	15.9
62105	16.0
62345	16.0
62430	15.9
62701	16.0
62747	16.0
62752	16.0
62754	16.0
62834	16.0
63104	16.0
63201	15.9
63241	15.9
63413	15.9
63459	15.8
63794	15.8
63873	15.8
64098	15.8
64111	15.7
64248	15.7
64263	15.7
64458	15.7
64565	15.6
64703	15.6
64716	15.6
65036	15.6
65240	15.5
65241	15.5
65423	15.5
65473	15.4
65495	15.4
65547	15.4
65631	15.4
65696	15.4
65980	15.3
66582	15.3
66632	15.3
66657	15.3
66749	15.2
66979	15.2
66989	15.2
67084	15.2
67203	15.1
67203	15.1
67383	15.1
67403	15.1
67608	15.1
68154	15.0
68319	15.0
68561	15.0
68604	15.0
68712	14.9
68765	14.9
69148	14.9
69161	14.9
69294	14.8
69317	14.8
69512	14.8
69602	14.8
69842	14.8
69848	14.7
70230	14.7
70639	15.1
70646	15.1
70749	15.0
70917	15.0
71053	15.0
71282	15.1
71480	15.1
71603	15.7
71675	16.2
71678	16.4
71685	16.6
71693	16.6
71825	16.6
71868	16.6
71982	16.6
72087	16.5
72105	16.5
72143	16.5
72539	16.5
72819	16.4
72931	16.4
72998	16.4
73067	16.4
73207	16.3
73302	16.3
73498	16.3
73536	16.3
73769	16.2
73849	16.2
73992	16.2
74267	16.2
74530	16.2
74738	16.1
74739	16.1
74762	16.1
75414	16.1
75479	16.1
75504	16.0
75920	16.0
76165	16.0
76765	16.0
76871	15.9
77053	15.9
77137	15.9
77342	15.9
77509	15.8
77664	15.8
77668	15.8
77933	15.8
78226	15.8
78232	15.7
78319	15.7
78335	15.7
78340	15.7
78467	15.7
78800	15.6
79050	15.6
79268	15.6
79546	15.6
80011	15.6
80079	15.5
80130	15.5
80219	15.5
80467	15.5
80467	15.4
80696	15.5
80699	15.5
81308	15.5
81353	15.5
81356	16.7
81364	17.9
81369	18.2
81374	18.3
81832	18.8
81835	19.3
81842	19.6
81845	19.8
81852	19.9
81857	19.9
81871	19.8
81924	19.8
81955	19.8
82018	19.8
82203	19.7
82281	19.7
82427	19.7
82527	19.6
82577	19.6
82637	19.6
82686	19.6
83152	19.5
83183	19.5
83416	19.5
83528	19.5
83558	19.4
83690	19.4
83873	19.4
83887	19.4
84357	19.3
84479	19.3
84543	19.3
84626	19.2
84677	19.2
84824	19.2
84935	19.2
85036	19.1
85148	19.1
85280	19.1
85305	19.1
85495	19.0
85693	19.0
85762	19.0
85865	19.0
85979	18.9
86231	18.9
86705	19.1
86712	19.1
86718	19.0
86890	19.0
87089	19.0
87465	19.0
87487	18.9
87576	18.9
87715	18.9
87883	18.9
88028	18.9
88085	18.8
88122	18.8
88221	18.8
88355	18.8
88524	18.7
89191	18.7
89265	18.7
89500	18.7
89667	18.6
90102	18.6
90136	18.6
90183	18.6
90654	18.5
90963	18.5
90972	18.5
91122	18.5
91337	18.5
91344	18.4
91627	18.4
91798	18.4
92185	18.4
92203	18.3
92244	18.3
92320	18.3
92474	18.3
92610	18.2
92870	18.2
92898	18.2
92952	18.2
93081	18.2
93239	18.1
93451	18.1
93598	18.1
94473	18.1
94485	18.0
94637	18.0
94814	18.0
94824	18.0
94866	18.0
94899	17.9
94916	17.9
95331	17.9
95341	17.9
95353	17.8
95409	17.8
95521	17.8
95590	17.8
95654	17.8
96164	17.7
96254	17.7
96271	17.7
96539	17.7
96847	17.7
97272	18.1
97546	18.6
97645	18.6
97650	18.6
97775	19.1
97781	19.3
97788	19.3
97883	19.3
97965	19.3
98046	19.2
98156	19.2
98320	19.2
98379	19.2
98404	19.1
98443	19.1
98610	19.1
98625	19.1
98647	19.1
98886	19.0
98897	19.0
98971	19.0
99562	19.0
99856	19.0
100450	19.0
100455	19.3
100525	19.8
100532	19.8
100788	20.3
100793	20.7
100799	20.9
100802	20.9
100807	20.9
100821	20.9
100890	20.9
100961	20.9
101001	20.8
101539	20.9
101544	21.0
101554	21.0
101730	21.0
101758	21.0
101950	21.1
101957	21.1
101964	21.2
102149	21.2
102269	21.1
102483	21.1
102509	21.1
102782	21.1
102897	21.1
103002	21.0
103014	21.0
103112	21.0
103206	21.0
103377	20.9
103574	20.9
103660	20.9
103955	20.9
104386	20.8
104677	20.8
105196	20.8
105267	20.8
105434	20.7
105652	20.7
105878	20.7
105924	20.7
106300	20.7
106530	20.6
106603	20.6
107288	20.6
107408	20.6
107481	20.5
107573	20.5
107585	20.5
107729	20.5
107810	20.5
108134	20.4
108432	20.4
108580	20.4
108599	20.4
108636	20.3
108646	20.3
108683	20.3
108723	20.3
108847	20.3
109168	20.2
109260	20.2
109412	20.2
109463	20.2
109878	20.2
110326	20.1
110412	20.1
110512	20.1
110723	20.1
110829	20.0
110868	20.0
111716	20.0
111782	20.0
111852	20.0
112058	19.9
112178	19.9
112236	19.9
112463	19.9
112654	19.9
113274	19.8
113295	19.8
113396	19.8
113453	19.8
113527	19.8
113637	19.7
113889	19.7
114096	19.9
114103	19.8
114255	19.8
114279	19.8
114347	19.8
114784	19.9
114789	20.0
114794	20.0
114795	20.0
115095	20.0
115155	20.0
115182	20.0
115184	20.0
115240	19.9
115430	19.9
115597	19.9
115655	19.9
115749	19.9
116065	19.8
116213	19.8
116284	19.8
116358	19.8
116413	19.8
116590	19.7
116688	19.7
116788	19.7
117062	19.7
117441	19.7
117592	19.6
117607	19.6
117812	19.6
118281	19.6
118451	19.6
118623	19.5
118718	19.5
118795	19.5
119285	19.5
119521	19.5
119574	19.4
119595	19.4
119907	19.4
120089	19.4
120112	19.4
120472	19.3
120510	19.3
120736	19.3
120928	19.3
121009	19.3
121078	19.3
121180	19.2
121241	19.2
121281	19.2
121499	19.2
121548	19.2
121610	19.1
121735	19.1
121909	19.1
122030	19.1
122270	19.1
122491	19.0
122649	19.1
122713	19.1
122718	19.1
122895	19.1
123149	19.1
123372	19.1
123389	19.0
123476	19.0
123476	19.0
123700	19.0
123786	19.0
124017	19.0
124108	18.9
124134	18.9
124214	18.9
124343	18.9
124525	18.9
124588	18.9
124620	18.8
124721	18.8
124815	18.8
125356	18.8
125485	18.8
125534	18.7
125539	18.7
125742	18.7
125867	18.7
125960	18.7
126132	18.7
126213	18.6
126483	18.6
126985	18.6
127252	18.6
127257	18.6
127434	18.6
128121	18.5
128396	18.5
128487	18.5
128599	18.5
128852	18.5
128987	18.5
129072	18.4
129081	18.4
129286	18.4
129684	18.4
129732	18.4
129803	18.4
129941	18.4
129993	18.3
130190	18.3
130415	18.3
130548	18.3
130753	18.3
130780	18.2
131004	18.2
131092	18.2
131249	18.2
131298	18.2
131530	18.2
131555	18.2
131729	18.1
131752	18.1
131803	18.1
131955	18.1
131969	18.1
132082	18.1
132135	18.0
132202	18.0
132403	18.0
132407	18.0
132411	18.0
132547	18.0
133151	18.0
133390	17.9
133403	17.9
133545	17.9
133804	17.9
133809	17.9
133988	18.0
134185	18.0
134314	18.4
134321	18.4
134342	18.4
134354	18.4
134500	18.3
134509	18.3
134687	18.3
134808	18.3
134808	18.3
134965	18.3
135012	18.2
135055	18.2
135554	18.2
135704	18.2
135814	18.2
135815	18.2
135845	18.2
136431	18.1
136526	18.1
136537	18.1
136702	18.1
136713	18.1
136763	18.1
137169	18.0
137194	18.0
137317	18.0
137428	18.0
137508	18.0
137746	18.0
137861	18.0
137863	17.9
137910	17.9
137965	17.9
138061	17.9
138248	17.9
138306	17.9
138353	17.9
138856	17.8
138876	17.8
139062	17.8
139122	17.8
139179	17.8
139247	17.8
139274	17.8
139675	17.7
139825	17.7
140146	17.7
140454	17.7
140554	17.7
140996	17.9
141056	17.9
141073	17.9
141183	17.9
141232	17.8
141496	17.8
141588	17.8
141637	17.8
141661	17.8
141735	17.8
141742	17.8
141745	17.8
141823	17.7
141958	17.7
142386	17.7
142452	17.7
142487	17.7
142680	17.7
143122	17.7
143242	17.6
143341	17.6
143629	17.6
143679	17.6
143763	17.6
143820	17.6
143994	17.6
144045	17.6
144110	17.5
144430	17.5
144781	17.5
144801	17.5
144932	17.5
145155	17.5
145519	17.5
145531	17.4
145788	17.4
145966	17.4
146060	17.4
146140	17.4
146209	17.4
146420	17.4
146655	17.4
146898	17.3
146942	17.3
147371	17.3
147788	17.3
148020	17.3
148332	17.3
148346	17.3
