2020-04-16 20:27:09

CONFIGURATION:
{u'simulation': {u'stdev_factor': 0.01, u'power_mgmt_enabled': False, u'tasks': {u'loc': {u'mean_service_time': {u'gpu': 90, u'cpu_core': 200, u'loc_accel': 10}, u'priority': 1, u'deadline': 1000, u'stdev_service_time': {u'gpu': 0.9, u'cpu_core': 2.0, u'loc_accel': 0.1}, u'power': {u'gpu': 4.457, u'cpu_core': 6.133, u'loc_accel': 0.02197}}, u'detect': {u'mean_service_time': {u'gpu': 0.4607, u'cpu_core': 3.654, u'det_accel': 0.278}, u'priority': 2, u'deadline': 1000, u'stdev_service_time': {u'gpu': 0.004607, u'cpu_core': 0.03654, u'det_accel': 0.0027800000000000004}, u'power': {u'gpu': 90, u'cpu_core': 200, u'det_accel': 10}}, u'Frontier': {u'mean_service_time': {u'cpu_core': 396}, u'priority': 9, u'deadline': 1000, u'stdev_service_time': {u'cpu_core': 3.96}, u'power': {u'cpu_core': 5.98}}, u'track': {u'mean_service_time': {u'gpu': 17, u'tra_accel': 2, u'cpu_core': 1820}, u'priority': 3, u'deadline': 1000, u'stdev_service_time': {u'gpu': 0.17, u'tra_accel': 0.02, u'cpu_core': 18.2}, u'power': {u'gpu': 12.79, u'tra_accel': 0.59, u'cpu_core': 5.6}}, u'sp': {u'mean_service_time': {u'gpu': 379, u'cpu_core': 1004}, u'priority': 11, u'deadline': 1000, u'stdev_service_time': {u'gpu': 3.79, u'cpu_core': 10.040000000000001}, u'power': {u'gpu': 3.302, u'cpu_core': 1004}}, u'mission': {u'mean_service_time': {u'cpu_core': 0.0022}, u'priority': 5, u'deadline': 1000, u'stdev_service_time': {u'cpu_core': 2.2000000000000003e-05}, u'power': {u'cpu_core': 3.534}}, u'motion': {u'mean_service_time': {u'cpu_core': 8}, u'priority': 6, u'deadline': 1000, u'stdev_service_time': {u'cpu_core': 0.08}, u'power': {u'cpu_core': 4.222}}, u'collision': {u'mean_service_time': {u'cpu_core': 8}, u'priority': 7, u'deadline': 1000, u'stdev_service_time': {u'cpu_core': 0.08}, u'power': {u'cpu_core': 0}}, u'fusion': {u'mean_service_time': {u'cpu_core': 1}, u'priority': 4, u'deadline': 1000, u'stdev_service_time': {u'cpu_core': 0.01}, u'power': {u'cpu_core': 0}}, u'map': {u'mean_service_time': {u'gpu': 761, u'cpu_core': 973}, u'priority': 10, u'deadline': 1000, u'stdev_service_time': {u'gpu': 7.61, u'cpu_core': 9.73}, u'power': {u'gpu': 3.533, u'cpu_core': 2.995}}, u'path': {u'mean_service_time': {u'cpu_core': 8}, u'priority': 8, u'deadline': 1000, u'stdev_service_time': {u'cpu_core': 0.08}, u'power': {u'cpu_core': 0}}}, u'sched_policy_module': u'policies.ms2_update2', u'drop': True, u'servers': {u'gpu': {u'count': 2}, u'tra_accel': {u'count': 1}, u'cpu_core': {u'count': 8}, u'loc_accel': {u'count': 1}, u'det_accel': {u'count': 1}}, u'max_tasks_simulated': 10000, u'max_queue_size': 1000000, u'mean_arrival_time': 50, u'arrival_time_scale': 3.1}, u'general': {u'random_seed': 0, u'pre_gen_arrivals': False, u'basename': u'policy:ms2_update2__stdev_factor:0.01', u'output_trace_file': None, u'working_dir': u'/home/hiwot/meta-stomp2/sim_16042020_201032_new_arrival_50_map_rheftmapping_50_trace_30', u'input_trace_file': (False, '../mv_mapping_50_trace_30.trc'), u'logging_level': u'INFO'}}
Time	Response time (avg)
961	951.0
976	951.0
1281	1039.3
1405	1083.5
1573	1110.0
1604	1127.7
1953	1102.4
2253	1083.5
2596	1098.2
3667	1083.5
3884	1071.5
4167	1083.5
4282	1093.7
4539	1102.4
4618	1100.3
4763	1109.9
4835	1110.2
5101	1116.1
5927	1107.4
5983	1099.6
6310	1105.1
6396	1110.2
6533	1114.8
6878	1111.4
6911	1115.6
6934	1110.2
7215	1114.1
7544	1117.8
7612	1122.6
7829	1120.7
7998	1115.2
8278	1118.3
8560	1121.3
8604	1124.1
8780	1123.4
9104	1118.6
9540	1121.3
9580	1123.8
9731	1119.7
10017	1122.2
10055	1123.1
10057	1125.3
10712	1127.4
10719	1123.4
11006	1120.4
11235	1123.2
11570	1125.2
11670	1124.8
11781	1127.8
11957	1126.7
12280	1128.5
12317	1130.2
12750	1126.8
12908	1124.7
13244	1126.4
13263	1128.0
13393	1129.5
13588	1131.0
13653	1132.5
13701	1131.7
13859	1131.0
13985	1132.8
14032	1134.1
14474	1139.0
14479	1140.3
14625	1145.2
14652	1143.2
14683	1144.2
14810	1143.1
14974	1144.1
15256	1145.7
15513	1146.7
15603	1148.8
15761	1147.2
16208	1148.1
16338	1149.0
16416	1149.9
16443	1150.7
16554	1150.8
16712	1149.7
17271	1150.5
17389	1151.3
17505	1149.5
17663	1147.8
17941	1148.6
18241	1149.3
18381	1150.1
18424	1150.9
18462	1151.6
18730	1149.4
19303	1147.2
19681	1146.2
20254	1145.7
20532	1146.4
20884	1144.4
21205	1143.7
21355	1144.4
21413	1145.1
21593	1145.8
21831	1146.5
21835	1145.5
22156	1144.7
22349	1145.4
22696	1146.1
22777	1146.8
22826	1147.4
22949	1145.6
23389	1143.8
23778	1144.4
23890	1145.1
23979	1143.3
24340	1143.4
24342	1144.0
24500	1144.7
24516	1145.3
24770	1145.9
24930	1146.0
25003	1146.6
25291	1146.7
25464	1147.2
25906	1145.6
26243	1146.2
26244	1144.6
26776	1145.2
26844	1145.7
26857	1144.8
26878	1145.4
27052	1145.9
27111	1146.5
27202	1145.0
27808	1144.6
27988	1145.2
28075	1145.7
28109	1146.2
28191	1144.8
28586	1145.3
28636	1145.8
28759	1144.9
28766	1145.4
29471	1144.0
29884	1142.6
30422	1141.4
30835	1141.3
30934	1141.8
31156	1142.3
31967	1141.0
32240	1139.7
32529	1140.2
32895	1140.7
32918	1140.3
32966	1140.8
33073	1141.2
33191	1140.3
33497	1140.8
33683	1141.3
33869	1141.4
33949	1141.9
34142	1141.2
35042	1140.0
35135	1138.8
35499	1139.3
35549	1139.8
35694	1140.3
35970	1140.7
36366	1139.6
36511	1138.4
36814	1138.9
37317	1138.3
37462	1138.0
37595	1138.8
38215	1139.3
38225	1139.7
38483	1138.6
38629	1137.6
39070	1138.0
39166	1138.4
39297	1138.9
39325	1139.3
39402	1139.7
39434	1140.0
39439	1140.4
39459	1140.8
39804	1139.8
40230	1140.2
40385	1140.3
40527	1140.9
40867	1139.9
41394	1138.9
41759	1139.3
42352	1138.3
42364	1137.3
42855	1137.7
43249	1138.1
43286	1138.5
43310	1137.6
43372	1136.6
44024	1137.0
44261	1136.9
44323	1136.1
44365	1136.7
45212	1136.6
45274	1136.7
45893	1137.1
45912	1137.5
45937	1137.8
46138	1138.2
46163	1137.8
46456	1136.9
46768	1137.2
46892	1137.6
47099	1138.0
47978	1137.1
48546	1136.2
48842	1136.6
48854	1137.0
48869	1137.3
48929	1136.8
48931	1137.1
48953	1137.5
48963	1137.9
49130	1138.3
49186	1138.7
49497	1139.7
49880	1139.2
50179	1141.9
50354	1142.8
50457	1143.1
51171	1142.2
51261	1141.4
51690	1141.7
51849	1142.1
51914	1142.4
52743	1141.6
52944	1140.7
53275	1141.1
53343	1141.4
53482	1141.7
53538	1142.0
53694	1141.5
54219	1140.7
54854	1140.0
55254	1139.2
55544	1139.5
55640	1139.8
55805	1139.2
56205	1139.2
56681	1139.5
56756	1139.6
57004	1139.9
57097	1140.2
57156	1140.1
57407	1140.4
57605	1140.7
57707	1140.8
57838	1141.1
58227	1140.3
58638	1140.6
58656	1140.9
58675	1141.2
58788	1140.5
59171	1140.7
59396	1140.0
59805	1139.3
60203	1139.6
60347	1139.2
60556	1139.5
60756	1138.8
60783	1139.1
61211	1139.4
61248	1139.7
61298	1139.6
61480	1139.9
61527	1140.2
61568	1140.4
61707	1140.7
61840	1140.9
62249	1140.9
62346	1141.2
62427	1141.7
62517	1142.0
62658	1142.6
62696	1143.3
63200	1145.1
63238	1145.6
63557	1145.8
63598	1146.1
63609	1145.4
63870	1145.9
64151	1145.7
64416	1146.0
64560	1146.0
65033	1146.2
65045	1146.5
65102	1146.1
65238	1146.4
65275	1146.8
65470	1147.0
65480	1147.2
65490	1147.5
66157	1146.8
66247	1146.2
66577	1146.4
66980	1146.6
67108	1146.5
67198	1146.5
67200	1146.9
68059	1146.5
68149	1146.1
68316	1146.7
68601	1146.9
68747	1147.1
68762	1147.4
68914	1147.6
69010	1147.4
69100	1146.9
69348	1147.1
69829	1147.3
69839	1147.5
69961	1147.1
70137	1146.5
70746	1146.7
70883	1147.0
70912	1146.8
71088	1146.5
71320	1146.7
71450	1146.9
71475	1147.1
71596	1147.3
71672	1147.6
71863	1147.2
72039	1146.8
72082	1147.0
72511	1147.4
72680	1147.8
72691	1148.1
72814	1148.3
73036	1147.7
73446	1147.9
73765	1147.8
73766	1148.0
73987	1148.0
74361	1148.2
74525	1148.4
74733	1148.6
74734	1148.0
74979	1147.5
75915	1146.9
76160	1146.3
76652	1146.5
76866	1146.5
77132	1146.7
77168	1146.2
77532	1146.4
77659	1146.6
77724	1146.8
77817	1146.7
77833	1146.9
78300	1146.4
78768	1146.4
79511	1145.8
79719	1145.7
80127	1145.9
80462	1145.7
80670	1145.5
80691	1145.7
80799	1146.0
81206	1146.2
81305	1146.4
81345	1146.6
81385	1146.7
81471	1146.2
81621	1145.7
81829	1146.0
81866	1146.2
81935	1146.5
82015	1146.9
82422	1148.0
82422	1148.1
82572	1148.0
82681	1148.2
83149	1148.4
83178	1148.6
83188	1148.7
83374	1148.4
83413	1148.6
83523	1148.6
83555	1148.9
83884	1149.1
84126	1149.3
84325	1149.2
84474	1148.9
84904	1149.1
84932	1149.3
85276	1149.2
85479	1148.7
85862	1148.9
86193	1149.0
86203	1149.2
86213	1149.4
86227	1148.9
86430	1149.0
86885	1149.2
86965	1149.4
87074	1149.5
87086	1149.7
87215	1149.2
87381	1149.1
87585	1149.2
88119	1149.4
88216	1148.9
88350	1148.4
89167	1148.5
89188	1148.6
89683	1148.2
90154	1147.7
90571	1147.8
90842	1147.4
91117	1147.5
91127	1147.7
91332	1147.2
91793	1147.2
91820	1147.4
92469	1146.9
92947	1146.4
93234	1146.6
93446	1146.1
94137	1145.7
94397	1145.7
94465	1145.9
94821	1146.0
94831	1146.2
95088	1146.1
95118	1146.2
95348	1145.8
95664	1146.0
95754	1146.1
96039	1145.8
96268	1146.2
96673	1145.8
96990	1145.7
97267	1145.8
97406	1146.0
97465	1146.1
97539	1146.3
97624	1146.3
97642	1146.4
97902	1146.6
97941	1146.6
98147	1146.7
98384	1147.2
98604	1146.8
98625	1147.0
98892	1146.9
99555	1146.6
99851	1146.2
100126	1146.4
100236	1146.5
100447	1146.7
100506	1146.3
100782	1146.5
100802	1146.4
101039	1146.6
101179	1146.7
101228	1146.9
101396	1147.0
101463	1146.6
101466	1146.9
101753	1146.8
101756	1147.0
102264	1147.2
102282	1147.3
102395	1147.5
102504	1147.1
102704	1147.0
102999	1147.1
103009	1147.3
103110	1147.6
103374	1147.7
103455	1147.7
103655	1147.4
104177	1147.6
104696	1147.2
105424	1146.7
105647	1146.6
106297	1146.7
106525	1146.3
106598	1146.0
107007	1146.1
107184	1146.2
107326	1146.4
107476	1146.1
107805	1145.7
108080	1145.8
108427	1145.5
108631	1145.7
108668	1146.0
108758	1146.1
108961	1145.7
109378	1145.4
109912	1145.1
110329	1145.1
110863	1144.9
111280	1144.5
111657	1144.7
111713	1144.8
111849	1144.9
112173	1144.6
112231	1144.3
112458	1144.4
112649	1144.6
112795	1144.7
113052	1144.8
113126	1145.0
113137	1144.6
113391	1144.2
113697	1144.4
113852	1144.5
114284	1144.1
114342	1143.8
114642	1144.0
114682	1144.1
114695	1144.3
114788	1144.4
115092	1144.5
115147	1144.7
115235	1144.8
115425	1144.5
115746	1144.6
115858	1144.8
115927	1145.1
116062	1145.2
116090	1145.3
116186	1145.4
116783	1145.0
117107	1145.1
117310	1144.8
118618	1144.4
119021	1144.0
119506	1144.2
119569	1144.2
119711	1144.3
119972	1144.3
120086	1144.4
120779	1144.1
120923	1143.9
121075	1144.1
121177	1144.2
121496	1144.3
121530	1144.5
121543	1144.6
121730	1144.4
121904	1144.1
122265	1144.2
122488	1144.4
122646	1144.5
122681	1144.4
122705	1144.6
122890	1144.2
123369	1144.4
123471	1144.5
123517	1144.6
123632	1144.6
123695	1144.8
123707	1144.9
123781	1145.0
123841	1145.2
124221	1145.3
124522	1145.4
124583	1145.1
125032	1144.8
125353	1144.9
125534	1144.8
125731	1144.9
125864	1145.0
125957	1145.1
125983	1145.0
126208	1145.1
126485	1144.9
126856	1145.0
126934	1144.9
127247	1145.0
127896	1144.7
128116	1144.4
128586	1144.5
128596	1144.6
128847	1144.4
129067	1144.4
129184	1144.6
129538	1144.7
129690	1144.8
129798	1144.6
129990	1144.8
130048	1144.5
130412	1144.6
130592	1144.7
130749	1144.5
130750	1144.6
130796	1144.7
130999	1144.6
131351	1144.7
131568	1144.8
131700	1144.7
131726	1144.8
131903	1144.9
131950	1144.9
132408	1145.1
132542	1145.2
132651	1144.9
132901	1144.8
133397	1144.9
133589	1145.1
133602	1144.9
133797	1145.2
133807	1145.3
133852	1145.3
133995	1145.4
134178	1145.5
134553	1145.2
134803	1145.1
134805	1145.3
134994	1145.4
135211	1145.7
135394	1146.2
135931	1145.9
136024	1145.6
136916	1145.7
137423	1145.4
137503	1145.1
137858	1145.2
137905	1145.3
137960	1145.4
138056	1145.5
138301	1145.6
138374	1145.5
138560	1145.2
138853	1145.3
139176	1145.4
139244	1145.5
139325	1145.4
139670	1145.1
139954	1145.3
140143	1145.4
140276	1145.2
140681	1144.9
140989	1145.0
141048	1145.1
141088	1145.2
141227	1145.2
141420	1145.3
141632	1145.3
141656	1145.4
141737	1145.5
141987	1145.7
142178	1145.6
142449	1145.7
142742	1145.4
143119	1145.5
143129	1145.3
143336	1145.5
143494	1145.6
143543	1145.7
143674	1145.8
143815	1145.5
144425	1145.2
144776	1144.9
145118	1145.1
145128	1145.2
145464	1144.9
145783	1144.6
146135	1144.7
146155	1144.8
146415	1144.8
146442	1144.9
146893	1144.6
147366	1144.5
147387	1144.6
147844	1144.5
148017	1144.6
148327	1144.7
