CONFIGURATION:
{u'simulation': {u'stdev_factor': 0.01, u'power_mgmt_enabled': False, u'tasks': {u'loc': {u'mean_service_time': {u'gpu': 90, u'cpu_core': 200, u'loc_accel': 10}, u'priority': 1, u'deadline': 1000, u'stdev_service_time': {u'gpu': 0.9, u'cpu_core': 2.0, u'loc_accel': 0.1}, u'power': {u'gpu': 4.457, u'cpu_core': 6.133, u'loc_accel': 0.02197}}, u'detect': {u'mean_service_time': {u'gpu': 0.4607, u'cpu_core': 3.654, u'det_accel': 0.278}, u'priority': 2, u'deadline': 1000, u'stdev_service_time': {u'gpu': 0.004607, u'cpu_core': 0.03654, u'det_accel': 0.0027800000000000004}, u'power': {u'gpu': 90, u'cpu_core': 200, u'det_accel': 10}}, u'Frontier': {u'mean_service_time': {u'cpu_core': 396}, u'priority': 9, u'deadline': 1000, u'stdev_service_time': {u'cpu_core': 3.96}, u'power': {u'cpu_core': 5.98}}, u'track': {u'mean_service_time': {u'gpu': 17, u'tra_accel': 2, u'cpu_core': 1820}, u'priority': 3, u'deadline': 1000, u'stdev_service_time': {u'gpu': 0.17, u'tra_accel': 0.02, u'cpu_core': 18.2}, u'power': {u'gpu': 12.79, u'tra_accel': 0.59, u'cpu_core': 5.6}}, u'sp': {u'mean_service_time': {u'gpu': 379, u'cpu_core': 1004}, u'priority': 11, u'deadline': 1000, u'stdev_service_time': {u'gpu': 3.79, u'cpu_core': 10.040000000000001}, u'power': {u'gpu': 3.302, u'cpu_core': 1004}}, u'mission': {u'mean_service_time': {u'cpu_core': 0.0022}, u'priority': 5, u'deadline': 1000, u'stdev_service_time': {u'cpu_core': 2.2000000000000003e-05}, u'power': {u'cpu_core': 3.534}}, u'motion': {u'mean_service_time': {u'cpu_core': 8}, u'priority': 6, u'deadline': 1000, u'stdev_service_time': {u'cpu_core': 0.08}, u'power': {u'cpu_core': 4.222}}, u'collision': {u'mean_service_time': {u'cpu_core': 8}, u'priority': 7, u'deadline': 1000, u'stdev_service_time': {u'cpu_core': 0.08}, u'power': {u'cpu_core': 0}}, u'fusion': {u'mean_service_time': {u'cpu_core': 1}, u'priority': 4, u'deadline': 1000, u'stdev_service_time': {u'cpu_core': 0.01}, u'power': {u'cpu_core': 0}}, u'map': {u'mean_service_time': {u'gpu': 761, u'cpu_core': 973}, u'priority': 10, u'deadline': 1000, u'stdev_service_time': {u'gpu': 7.61, u'cpu_core': 9.73}, u'power': {u'gpu': 3.533, u'cpu_core': 2.995}}, u'path': {u'mean_service_time': {u'cpu_core': 8}, u'priority': 8, u'deadline': 1000, u'stdev_service_time': {u'cpu_core': 0.08}, u'power': {u'cpu_core': 0}}}, u'sched_policy_module': u'policies.ms2_update2', u'drop': True, u'servers': {u'gpu': {u'count': 2}, u'tra_accel': {u'count': 1}, u'cpu_core': {u'count': 8}, u'loc_accel': {u'count': 1}, u'det_accel': {u'count': 1}}, u'max_tasks_simulated': 10000, u'max_queue_size': 1000000, u'mean_arrival_time': 50, u'arrival_time_scale': 2.7}, u'general': {u'random_seed': 0, u'pre_gen_arrivals': False, u'basename': u'policy:ms2_update2__stdev_factor:0.01', u'output_trace_file': None, u'working_dir': u'/home/hiwot/meta-stomp2/sim_16042020_201032_new_arrival_50_map_rheftmapping_50_trace_30', u'input_trace_file': (False, '../mv_mapping_50_trace_30.trc'), u'logging_level': u'INFO'}}

/home/hiwot/meta-stomp2/sim_16042020_201032_new_arrival_50_map_rheftmapping_50_trace_30/../mv_mapping_50_trace_30.trc

Running STOMP simulation...
Dropped,DAG ID,DAG Priority,DAG Type,Slack,Response Time,No-Affinity Time,Energy
0,0,1,0,2685.2,1462,293,6320.2027
0,1,3,2,2111.0,967,194,3360.1027
0,2,3,0,2519.2,1628,247,6010.2197
0,3,1,0,2517.2,1630,249,6010.2197
0,4,3,0,2517.2,1630,249,6010.2197
0,5,1,2,1848.0,1230,245,3642.1397
0,6,1,1,436.9,14,2,0.2197
0,7,3,1,436.9,14,2,0.2197
0,8,3,2,2024.0,1054,194,3667.4737
0,9,3,1,436.9,14,2,0.2197
0,10,3,1,436.9,14,2,0.2197
0,11,1,0,2685.2,1462,293,6320.2027
0,12,3,2,1846.0,1232,247,3642.1397
0,13,3,2,2111.0,967,194,3360.1027
0,14,1,1,436.9,14,2,0.2197
0,15,3,2,2111.0,967,194,3360.1027
0,16,3,0,2519.2,1628,247,6010.2197
0,17,3,0,2519.2,1628,247,6010.2197
0,18,1,0,2517.2,1630,249,6010.2197
0,19,1,0,2420.2,1727,346,6602.2397
0,20,1,2,1846.0,1232,247,3642.1397
0,21,3,2,2032.0,1046,196,3632.1437
0,22,3,1,436.9,14,2,0.2197
0,23,3,2,1989.0,1089,194,3791.1287
0,24,1,1,436.9,14,2,0.2197
0,25,1,1,436.9,14,2,0.2197
0,26,1,1,436.9,14,2,0.2197
0,27,1,1,436.9,14,2,0.2197
0,28,1,1,436.9,14,2,0.2197
0,29,3,0,2565.2,1582,297,6320.2027
0,30,1,0,2294.2,1853,297,6581.6447
0,31,1,0,2340.2,1807,348,7050.7397
0,32,1,0,2368.2,1779,346,6913.1997
0,33,1,0,2413.2,1734,346,6644.0997
0,34,3,0,2413.2,1734,346,6644.0997
0,35,1,0,2417.2,1730,249,6309.7197
0,36,1,1,436.9,14,2,0.2197
0,37,1,1,436.9,14,2,0.2197
0,38,3,0,2590.2,1557,293,6655.8377
0,39,1,2,1928.0,1150,194,4006.6417
0,40,1,1,436.9,14,2,0.2197
0,41,3,1,436.9,14,2,0.2197
0,42,1,1,436.9,14,2,0.2197
0,43,1,0,2513.2,1634,251,6010.26364
0,44,1,2,1730.0,1348,245,3995.5497
0,45,1,2,1832.0,1246,247,3684.0697
0,46,1,2,2013.0,1065,194,3706.3367
0,47,1,0,2477.2,1670,293,7055.0667
0,48,1,0,2517.2,1630,249,6010.2197
0,49,1,2,1848.0,1230,245,3642.1397
0,50,1,2,1848.0,1230,245,3642.1397
0,51,1,1,436.9,14,2,0.2197
0,52,1,1,436.9,14,2,0.2197
0,53,1,1,436.9,14,2,0.2197
0,54,1,2,2025.0,1053,194,3663.9407
0,55,1,2,2051.0,1027,194,3572.0827
0,56,1,0,2519.2,1628,247,6010.2197
0,57,3,0,2420.2,1727,346,6602.2397
0,58,3,1,432.9,18,2,0.30758
0,59,1,0,2418.2,1729,348,6602.2397
0,60,1,2,1846.0,1232,247,3642.1397
0,61,3,0,2420.2,1727,346,6602.2397
0,62,1,1,436.9,14,2,0.2197
0,63,1,1,436.9,14,2,0.2197
0,64,1,2,2111.0,967,194,3360.1027
0,65,1,1,436.9,14,2,0.2197
0,66,1,1,436.9,14,2,0.2197
0,67,1,2,2109.0,969,196,3360.1027
0,68,1,1,436.9,14,2,0.2197
0,69,1,0,2519.2,1628,247,6010.2197
0,70,1,2,1848.0,1230,245,3642.1397
0,71,1,0,2239.2,1908,350,7006.5647
0,72,3,0,2366.2,1781,348,6748.9947
0,73,3,2,2091.0,987,194,3430.7627
0,74,1,1,436.9,14,2,0.2197
0,75,3,2,2111.0,967,194,3360.1027
0,76,1,0,2372.2,1775,350,6668.0197
0,77,1,0,2401.2,1746,350,6644.0997
0,78,1,1,436.9,14,2,0.2197
0,79,1,2,1960.0,1118,196,3360.1027
0,80,1,0,2588.2,1559,297,6615.3527
0,81,3,2,1838.0,1240,249,3642.1397
0,82,3,2,1726.0,1352,249,3642.1397
0,83,1,2,1836.0,1242,249,3642.1397
0,84,1,1,436.9,14,2,0.2197
0,85,1,2,1838.0,1240,249,3642.1397
0,86,1,0,2037.2,2110,350,7571.0997
0,87,3,2,1836.0,1242,249,3642.1397
0,88,1,1,142.9,308,4,0.2197
0,89,1,1,139.9,311,4,0.26364
0,90,1,0,2006.2,2141,350,8092.7997
0,91,3,2,1972.0,1106,196,3734.6007
0,92,1,2,1595.0,1483,196,4126.7637
0,93,3,1,291.9,159,4,0.2197
0,94,1,0,2040.2,2107,350,7713.3447
0,95,1,0,2057.2,2090,251,7145.3247
0,96,1,1,218.9,232,4,0.2197
0,97,1,2,1680.0,1398,249,4115.3497
0,98,1,0,2324.2,1823,251,6552.3147
0,99,1,1,400.9,50,4,0.2197
0,100,1,1,421.9,29,4,0.2197
0,101,1,0,2145.2,2002,350,7171.36955
0,102,1,1,419.9,31,4,0.35152
0,103,1,1,385.9,65,4,0.2197
0,104,3,2,1815.0,1263,196,4091.4337
0,105,1,2,1820.0,1258,249,3711.0247
0,106,1,0,2375.2,1772,295,7821.9097
0,107,1,1,218.9,232,4,0.2197
0,108,1,2,1652.0,1426,249,4187.2297
0,109,1,0,1752.2,2395,247,8301.43864
0,110,1,0,2372.2,1775,251,6333.6797
0,111,3,0,2599.2,1548,297,6574.5787
0,112,3,0,2449.2,1698,249,6213.8797
0,113,3,2,2069.0,1009,194,3508.4887
0,114,1,0,2240.2,1907,247,6845.8247
0,115,1,1,279.9,171,4,0.37349
0,116,1,1,317.9,133,4,0.2197
0,117,1,2,1816.0,1262,245,3737.9797
0,118,1,1,213.9,237,4,0.2197
0,119,1,2,1680.0,1398,245,4145.2997
0,120,1,1,318.9,132,4,0.2197
0,121,1,1,265.9,185,4,0.30758
0,122,1,0,2588.2,1559,293,6662.9037
0,123,1,0,2539.2,1608,293,6836.0207
0,124,1,1,436.9,14,2,0.2197
0,125,1,2,1846.0,1232,247,3642.1397
0,126,1,0,2380.2,1767,348,6716.0497
0,127,1,0,2490.2,1657,247,6097.0747
0,128,3,2,1908.0,1170,194,4077.3017
0,129,1,0,2517.2,1630,249,6010.2197
0,130,1,0,2486.2,1661,247,6109.0547
0,131,1,2,1949.0,1129,194,3932.4487
0,132,1,1,436.9,14,2,0.2197
0,133,3,2,1846.0,1232,247,3642.1397
0,134,1,1,436.9,14,2,0.2197
0,135,3,2,2111.0,967,194,3360.1027
0,136,1,1,436.9,14,2,0.2197
0,137,1,1,436.9,14,2,0.2197
0,138,1,0,2685.2,1462,293,6320.2027
0,139,1,0,2519.2,1628,247,6010.2197
0,140,1,2,2000.0,1078,194,3752.2657
0,141,3,1,436.9,14,2,0.2197
0,142,3,0,2681.2,1466,297,6320.2027
0,143,1,2,1848.0,1230,245,3642.1397
0,144,1,2,1844.0,1234,247,3642.18364
0,145,1,2,1846.0,1232,247,3642.1397
0,146,1,0,2547.2,1600,293,6807.7567
0,147,1,1,436.9,14,2,0.2197
0,148,1,0,2519.2,1628,247,6010.2197
0,149,1,2,1908.0,1170,194,4077.3017
0,150,3,1,436.9,14,2,0.2197
0,151,1,2,1846.0,1232,247,3642.1397
0,152,1,0,2420.2,1727,346,6602.2397
0,153,1,1,436.9,14,2,0.2197
0,154,1,0,2392.2,1755,251,6348.6547
0,155,1,1,436.9,14,2,0.2197
0,156,1,0,2465.2,1682,251,6010.2197
0,157,1,1,436.9,14,2,0.2197
0,158,1,2,2096.0,982,194,3413.0977
0,159,1,0,2582.2,1565,293,6684.1017
0,160,1,1,436.9,14,2,0.2197
0,161,3,1,436.9,14,2,0.2197
0,162,3,1,436.9,14,2,0.2197
0,163,1,0,2201.2,1946,346,7911.8597
0,164,1,2,1741.0,1337,249,3932.6547
0,165,3,0,2613.2,1534,297,6581.1227
0,166,1,1,436.9,14,2,0.2197
0,167,3,2,1850.0,1228,196,3911.40449
0,168,1,0,2519.2,1628,247,6010.2197
0,169,1,2,1848.0,1230,245,3642.1397
0,170,1,2,1846.0,1232,247,3642.1397
0,171,1,2,1751.0,1327,245,3932.6547
0,172,1,0,2519.2,1628,247,6010.2197
0,173,1,2,2076.0,1002,194,3483.7577
0,174,1,0,2420.2,1727,346,6602.2397
0,175,1,1,363.9,87,4,0.2197
0,176,1,2,1969.0,1109,194,3861.7887
0,177,1,0,2268.2,1879,346,7057.4797
0,178,1,2,2111.0,967,194,3360.1027
0,179,1,2,1848.0,1230,245,3642.1397
0,180,3,1,436.9,14,2,0.2197
0,181,3,1,436.9,14,2,0.2197
0,182,1,2,2025.0,1053,194,3663.9407
0,183,1,2,1848.0,1230,245,3642.1397
0,184,1,2,1846.0,1232,247,3642.1397
0,185,1,0,2408.2,1739,350,6602.2397
0,186,1,2,1919.0,1159,194,4038.4387
0,187,1,2,1846.0,1232,245,3642.18364
0,188,1,1,436.9,14,2,0.2197
0,189,1,0,2419.2,1728,346,6602.26167
0,190,1,2,1855.0,1223,196,4077.3017
0,191,3,2,1848.0,1230,245,3642.1397
0,192,1,0,2420.2,1727,346,6602.2397
0,193,1,0,2418.2,1729,348,6602.2397
0,194,1,2,1897.0,1181,194,4116.1647
0,195,1,2,1848.0,1230,245,3642.1397
0,196,3,0,2262.2,1885,348,7069.4597
0,197,1,2,1846.0,1232,247,3642.1397
0,198,3,2,2088.0,990,194,3441.3617
0,199,1,2,1848.0,1230,245,3642.1397
0,200,1,1,436.9,14,2,0.2197
0,201,1,0,2685.2,1462,293,6320.2027
0,202,1,2,2111.0,967,194,3360.1027
0,203,1,1,436.9,14,2,0.2197
0,204,1,1,436.9,14,2,0.2197
0,205,1,0,2553.2,1594,293,6786.5587
0,206,3,0,2519.2,1628,247,6010.2197
0,207,1,0,2507.2,1640,249,6010.4394
0,208,1,2,2037.0,1041,194,3621.5447
0,209,1,1,436.9,14,2,0.2197
0,210,3,1,436.9,14,2,0.2197
0,211,1,0,2685.2,1462,293,6320.2027
0,212,3,0,2578.2,1569,297,6320.2027
0,213,3,0,2519.2,1628,247,6010.2197
0,214,1,0,2417.2,1730,346,6620.1797
0,215,3,0,2519.2,1628,247,6010.2197
0,216,3,0,2420.2,1727,346,6602.2397
0,217,1,2,1838.0,1240,247,3642.31546
0,218,3,0,2683.2,1464,295,6320.2027
0,219,3,2,2024.0,1054,194,3667.4737
0,220,3,0,2420.2,1727,346,6602.2397
0,221,3,1,436.9,14,2,0.2197
0,222,1,2,1846.0,1232,247,3642.1397
0,223,1,2,1639.0,1439,247,4262.1047
0,224,3,1,340.9,110,4,0.2197
0,225,1,1,399.9,51,4,0.2197
0,226,1,0,2531.2,1616,293,6864.2847
0,227,1,1,436.9,14,2,0.2197
0,228,3,1,436.9,14,2,0.2197
0,229,1,0,2685.2,1462,293,6320.2027
0,230,1,1,434.9,16,2,0.26364
0,231,1,0,2387.2,1760,249,6399.5697
0,232,3,1,436.9,14,2,0.2197
0,233,1,0,2517.2,1630,249,6010.2197
0,234,3,2,2075.0,1003,194,3487.2907
0,235,3,2,1848.0,1230,245,3642.1397
0,236,1,2,1846.0,1232,247,3642.1397
0,237,1,1,436.9,14,2,0.2197
0,238,1,1,436.9,14,2,0.2197
0,239,3,0,2685.2,1462,293,6320.2027
0,240,3,0,2683.2,1464,295,6320.2027
0,241,1,2,1846.0,1232,247,3642.1397
0,242,1,1,436.9,14,2,0.2197
0,243,1,1,436.9,14,2,0.2197
0,244,1,0,2044.2,2103,251,6267.7897
0,245,1,0,2519.2,1628,247,6010.2197
0,246,1,2,2000.0,1078,194,3752.2657
0,247,1,0,2655.2,1492,297,6320.2027
0,248,1,2,1609.0,1469,249,3642.24955
0,249,3,1,436.9,14,2,0.2197
0,250,1,2,2047.0,1031,196,3565.0167
0,251,1,1,436.9,14,2,0.2197
0,252,1,2,1838.0,1240,249,3642.1397
0,253,1,1,436.9,14,2,0.2197
0,254,1,0,2212.2,1935,348,7583.3797
0,255,3,0,2561.2,1586,293,6763.1887
0,256,1,2,1810.0,1268,249,3642.1397
0,257,3,2,1838.0,1240,249,3642.1397
0,258,1,0,2519.2,1628,247,6010.2197
0,259,1,0,2511.2,1636,249,6028.1897
0,260,3,1,60.9,390,4,0.37349
0,261,3,2,1689.0,1389,247,4070.73228
0,262,1,2,1723.0,1355,194,4692.28537
0,263,1,0,2420.2,1727,346,6602.2397
0,264,1,1,255.9,195,4,0.2197
0,265,1,2,1964.0,1114,194,3879.4537
0,266,1,1,293.9,157,4,0.2197
0,267,3,2,1734.0,1344,247,3977.5797
0,268,1,0,2207.2,1940,346,7240.1747
0,269,1,1,427.9,23,2,0.2197
0,270,1,1,417.9,33,4,0.2197
0,271,1,2,2111.0,967,194,3360.1027
0,272,3,0,2685.2,1462,293,6320.2027
0,273,3,1,436.9,14,2,0.2197
0,274,1,2,1843.0,1235,245,3642.24955
0,275,1,1,436.9,14,2,0.2197
0,276,1,1,436.9,14,2,0.2197
0,277,3,2,2111.0,967,194,3360.1027
0,278,1,0,2579.2,1568,293,6694.7007
0,279,1,0,2517.2,1630,249,6010.2197
0,280,1,0,2420.2,1727,346,6602.2397
0,281,1,2,1846.0,1232,247,3642.1397
0,282,1,1,436.9,14,2,0.2197
0,283,1,2,1994.0,1084,194,3773.4637
0,284,1,2,1931.0,1147,194,3996.0427
0,285,3,1,436.9,14,2,0.2197
0,286,1,0,2420.2,1727,346,6602.2397
0,287,1,1,436.9,14,2,0.2197
0,288,1,1,436.9,14,2,0.2197
0,289,1,0,2420.2,1727,346,6602.2397
0,290,3,2,1846.0,1232,247,3642.1397
0,291,3,2,1907.0,1171,194,4080.8347
0,292,1,1,436.9,14,2,0.2197
0,293,1,1,436.9,14,2,0.2197
0,294,1,2,2111.0,967,194,3360.1027
0,295,1,2,1848.0,1230,245,3642.1397
0,296,1,1,436.9,14,2,0.2197
0,297,1,1,436.9,14,2,0.2197
0,298,1,2,2111.0,967,194,3360.1027
0,299,3,2,1848.0,1230,245,3642.1397
0,300,3,2,1846.0,1232,247,3642.1397
0,301,1,1,436.9,14,2,0.2197
0,302,3,2,1848.0,1230,245,3642.1397
0,303,1,1,436.9,14,2,0.2197
0,304,1,0,2637.2,1510,295,6482.7207
0,305,1,1,436.9,14,2,0.2197
0,306,1,1,436.9,14,2,0.2197
0,307,1,2,1848.0,1230,245,3642.1397
0,308,1,0,2495.2,1652,293,6991.4727
0,309,1,0,2519.2,1628,247,6010.2197
0,310,1,2,1846.0,1232,247,3642.1397
0,311,1,1,436.9,14,2,0.2197
0,312,3,1,436.9,14,2,0.2197
0,313,1,1,436.9,14,2,0.2197
0,314,1,1,436.9,14,2,0.2197
0,315,1,1,436.9,14,2,0.2197
0,316,1,1,436.9,14,2,0.2197
0,317,1,0,1888.2,2259,297,11026.4627
0,318,3,1,436.9,14,2,0.2197
0,319,1,0,2359.2,1788,295,8257.7227
0,320,1,2,1825.0,1253,249,3642.1397
0,321,1,0,2331.2,1816,348,7122.4997
0,322,1,2,1795.0,1283,249,3642.1397
0,323,1,1,429.9,21,2,0.37349
0,324,3,0,2415.2,1732,348,6620.1797
0,325,1,2,1690.0,1388,249,3642.1397
0,326,3,0,2403.2,1744,348,6632.3594
0,327,1,2,1779.0,1299,249,3708.0297
0,328,3,2,1841.0,1237,196,3988.9767
0,329,3,2,1653.0,1425,249,3642.1397
0,330,1,0,2193.2,1954,293,8058.4387
0,332,1,0,1644.2,2503,346,8926.3597
0,333,1,2,1800.0,1278,194,4458.8657
0,334,1,2,1827.0,1251,247,3699.0447
0,335,1,0,2303.2,1844,346,6952.6547
0,336,3,1,436.9,14,2,0.2197
0,337,1,0,2685.2,1462,293,6320.2027
0,338,1,2,2111.0,967,194,3360.1027
0,339,1,1,431.9,19,2,0.32955
0,340,3,0,2519.2,1628,247,6010.2197
0,341,1,2,1848.0,1230,245,3642.1397
0,342,3,2,1848.0,1230,245,3642.1397
0,343,3,1,436.9,14,2,0.2197
0,344,1,2,2111.0,967,194,3360.1027
0,345,1,1,436.9,14,2,0.2197
0,346,1,0,2685.2,1462,293,6320.2027
0,347,1,2,1848.0,1230,245,3642.1397
0,348,3,2,1846.0,1232,247,3642.1397
0,349,1,1,436.9,14,2,0.2197
0,350,3,2,1846.0,1232,247,3642.1397
0,351,1,2,1846.0,1232,247,3642.1397
0,352,1,0,2493.2,1654,293,6998.5387
0,353,1,1,436.9,14,2,0.2197
0,354,1,1,436.9,14,2,0.2197
0,355,1,0,2685.2,1462,293,6320.2027
0,356,1,1,436.9,14,2,0.2197
0,357,3,1,436.9,14,2,0.2197
0,358,1,1,436.9,14,2,0.2197
0,359,1,1,436.9,14,2,0.2197
0,360,1,1,436.9,14,2,0.2197
0,361,1,2,2048.0,1030,194,3582.6817
0,362,1,2,2061.0,1017,194,3536.7527
0,363,1,0,2519.2,1628,247,6010.2197
0,364,1,2,1848.0,1230,245,3642.1397
0,365,1,1,436.9,14,2,0.2197
0,366,1,2,1848.0,1230,245,3642.1397
0,367,1,1,436.9,14,2,0.2197
0,368,3,1,436.9,14,2,0.2197
0,369,1,0,2675.2,1472,293,6327.44446
0,370,1,0,2685.2,1462,293,6320.2027
0,371,1,2,1848.0,1230,245,3642.1397
0,372,3,1,436.9,14,2,0.2197
0,373,1,0,2420.2,1727,346,6602.2397
0,374,1,2,1846.0,1232,247,3642.1397
0,375,3,2,2001.0,1077,194,3748.7327
0,376,1,0,2519.2,1628,247,6010.2197
0,377,1,1,436.9,14,2,0.2197
0,378,3,1,436.9,14,2,0.2197
0,379,3,0,2536.2,1611,295,6839.5537
0,380,3,2,1848.0,1230,245,3642.1397
0,381,1,0,2418.2,1729,348,6602.2397
0,382,1,0,2685.2,1462,293,6320.2027
0,383,1,2,1832.0,1246,245,3690.0597
0,384,3,0,2501.2,1646,295,6963.2087
0,385,1,2,1846.0,1232,247,3642.1397
0,386,1,1,436.9,14,2,0.2197
0,387,3,2,1848.0,1230,245,3642.1397
0,388,1,2,1846.0,1232,247,3642.1397
0,389,1,1,426.9,24,2,0.4394
0,390,1,2,2111.0,967,194,3360.1027
0,391,1,1,436.9,14,2,0.2197
0,392,1,0,2297.2,1850,297,6320.2027
0,393,1,0,2294.2,1853,350,7283.9597
0,394,3,1,436.9,14,2,0.2197
0,395,1,2,1808.0,1270,196,4070.2357
0,396,1,0,2184.2,1963,350,6727.8197
0,397,3,1,436.9,14,2,0.2197
0,398,3,0,2405.2,1742,350,6620.1797
0,399,1,1,436.9,14,2,0.2197
0,400,1,1,436.9,14,2,0.2197
0,401,1,2,1933.0,1145,196,3819.3927
0,402,1,1,436.9,14,2,0.2197
0,403,1,0,2242.2,1905,350,7499.2397
0,404,3,2,1744.0,1334,249,3642.1397
0,405,1,0,2403.2,1744,350,6620.1797
0,406,1,0,2187.2,1960,251,6010.2197
0,407,1,0,1730.2,2417,297,8568.5517
0,408,1,2,1810.0,1268,249,3725.9997
0,409,1,2,1658.0,1420,196,3748.7327
0,410,1,1,304.9,146,4,0.2197
0,411,1,0,1785.2,2362,350,7869.0947
0,412,1,0,1633.2,2514,350,9042.0547
0,413,1,2,1568.0,1510,249,4385.3391
0,414,3,0,2222.2,1925,350,7135.49546
0,415,1,2,1705.0,1373,196,4702.6427
0,416,1,0,1832.2,2315,251,8025.8547
0,417,3,0,2391.2,1756,346,6692.10364
0,418,1,0,1766.2,2381,251,7699.3997
0,419,1,1,335.9,115,4,0.2197
0,420,3,2,1888.0,1190,196,3872.3877
0,421,1,1,353.9,97,4,0.2197
0,422,1,0,1538.2,2609,350,7581.5347
0,423,1,0,1571.2,2576,350,9630.1897
0,424,1,0,1700.2,2447,346,9642.1997
0,425,1,2,1891.0,1187,194,3847.6567
0,426,1,1,378.9,72,4,0.2197
0,427,3,1,427.9,23,4,0.2197
0,428,3,2,1803.0,1275,196,3911.2507
0,429,1,1,266.9,184,4,0.2197
0,430,3,2,1658.0,1420,249,3645.1347
0,431,1,2,1413.0,1665,249,3642.1397
0,432,1,2,1746.0,1332,247,3839.8097
0,433,3,0,2472.2,1675,293,7432.4407
0,434,1,0,2517.2,1630,249,6010.2197
0,435,1,2,1830.0,1248,247,3666.27546
0,436,3,0,2245.2,1902,348,7120.3747
0,437,3,2,2059.0,1019,194,3543.8187
0,438,3,0,2317.2,1830,247,6609.26364
0,439,1,2,1495.0,1583,245,4690.45561
0,440,1,1,409.9,41,4,0.2197
0,441,3,1,343.9,107,4,0.2197
0,442,1,1,351.9,99,4,0.2197
0,443,1,0,2685.2,1462,293,6320.2027
0,444,1,1,383.9,67,4,0.2197
0,445,1,0,2463.2,1684,247,6177.9397
0,446,1,2,2072.0,1006,194,3497.8897
0,447,1,1,436.9,14,2,0.2197
0,448,3,0,2519.2,1628,247,6010.2197
0,449,1,0,2420.2,1727,346,6602.2397
0,450,1,2,1846.0,1232,247,3642.1397
0,451,1,2,1846.0,1232,247,3642.1397
0,452,1,1,436.9,14,2,0.2197
0,453,3,1,436.9,14,2,0.2197
0,454,1,0,2665.2,1482,293,6320.6421
0,455,1,1,429.9,21,2,0.37349
0,456,1,2,2109.0,969,196,3360.1027
0,457,3,1,436.9,14,2,0.2197
0,458,1,2,1848.0,1230,245,3642.1397
0,459,1,2,1846.0,1232,247,3642.1397
0,460,1,1,436.9,14,2,0.2197
0,461,3,0,2410.2,1737,350,6602.2397
0,462,1,2,1846.0,1232,247,3642.1397
0,463,1,0,2519.2,1628,247,6010.2197
0,464,1,0,2548.2,1599,293,6804.2237
0,465,3,0,2672.2,1475,295,6359.0657
0,466,3,0,2420.2,1727,346,6602.2397
0,467,1,0,2229.2,1918,251,6010.2197
0,468,1,2,1844.0,1234,247,3642.18364
0,469,1,1,436.9,14,2,0.2197
0,470,1,0,2499.2,1648,249,6010.2197
0,471,1,1,436.9,14,2,0.2197
0,472,1,0,2685.2,1462,293,6320.2027
0,473,1,1,250.9,200,4,0.2197
0,474,1,2,1962.0,1116,196,3360.1027
0,475,1,0,2284.2,1863,350,7343.7597
0,476,1,2,1568.0,1510,249,3642.1397
0,477,1,0,2258.2,1889,350,7066.4347
0,478,1,0,2285.2,1862,348,6739.7797
0,479,3,2,1943.0,1135,196,3494.3567
0,480,3,0,2417.2,1730,346,6620.1797
0,481,1,0,2143.2,2004,346,8040.7947
0,482,1,2,1893.0,1185,196,3914.7837
0,483,1,2,1848.0,1230,245,3642.1397
0,484,1,2,1846.0,1232,247,3642.1397
0,485,3,0,2496.2,1651,247,6079.1047
0,486,1,1,301.9,149,4,0.4394
0,487,1,0,2544.2,1603,295,6811.2897
0,488,3,1,201.9,249,4,0.2197
0,489,1,0,2071.2,2076,348,7641.5047
0,490,1,1,368.9,82,4,0.2197
0,491,1,0,2153.2,1994,247,7100.44364
0,492,1,1,350.9,100,4,0.2197
0,493,3,2,2037.0,1041,194,3621.5447
0,494,1,0,2355.2,1792,295,7479.0267
0,495,1,1,373.9,77,4,0.2197
0,496,1,0,2519.2,1628,247,6010.2197
0,497,1,2,1846.0,1232,247,3642.1397
0,498,3,0,2541.2,1606,295,6821.8887
0,499,1,2,1848.0,1230,245,3642.1397
0,500,1,1,436.9,14,2,0.2197
0,501,1,0,2420.2,1727,346,6602.2397
0,502,1,1,436.9,14,2,0.2197
0,503,1,2,1846.0,1232,247,3642.1397
0,504,1,1,436.9,14,2,0.2197
0,505,1,2,2079.0,999,194,3473.1587
0,506,1,2,2011.0,1067,194,3713.4027
0,507,1,0,2420.2,1727,346,6602.2397
0,508,1,2,2111.0,967,194,3360.1027
0,509,3,2,2111.0,967,194,3360.1027
0,510,1,1,436.9,14,2,0.2197
0,511,1,0,2519.2,1628,247,6010.2197
0,512,1,1,436.9,14,2,0.2197
0,513,1,2,1848.0,1230,245,3642.1397
0,514,1,2,1989.0,1089,194,3791.1287
0,515,3,0,2612.2,1535,293,6578.1117
0,516,1,0,2519.2,1628,247,6010.2197
0,517,1,2,1846.0,1232,247,3642.1397
0,518,1,0,2420.2,1727,346,6602.2397
0,519,1,0,2420.2,1727,346,6602.2397
0,520,3,0,2418.2,1729,348,6602.2397
0,521,3,1,436.9,14,2,0.2197
0,522,1,1,436.9,14,2,0.2197
0,523,1,0,2678.2,1469,293,6320.35649
0,524,1,1,436.9,14,2,0.2197
0,525,1,0,2683.2,1464,295,6320.2027
0,526,1,1,436.9,14,2,0.2197
0,527,1,1,436.9,14,2,0.2197
0,528,1,1,436.9,14,2,0.2197
0,529,3,0,2601.2,1546,297,6320.2027
0,530,3,0,2583.2,1564,295,6673.5027
0,531,1,2,1834.0,1244,249,3642.1397
0,532,3,1,436.9,14,2,0.2197
0,533,1,2,1824.0,1254,249,3642.1397
0,534,1,2,1262.0,1816,196,4395.2717
0,535,1,1,436.9,14,2,0.2197
0,536,1,0,1695.2,2452,350,10166.36364
0,537,3,2,1981.0,1097,196,3572.0827
0,538,1,2,1638.0,1440,249,3642.1397
0,539,1,1,436.9,14,2,0.2197
0,540,1,2,1721.0,1357,249,3642.1397
0,541,3,2,1829.0,1249,249,3642.1397
0,542,1,0,1532.2,2615,346,11778.1547
0,543,1,1,436.9,14,2,0.2197
0,544,3,0,2321.2,1826,297,7595.9047
0,545,1,2,1637.0,1441,249,3642.1397
0,546,3,0,2399.2,1748,350,6632.18364
0,547,3,2,1712.0,1366,196,3649.8087
0,548,1,2,1677.0,1401,249,4035.09986
0,549,3,1,306.9,144,4,0.26364
0,550,1,1,303.9,147,4,0.48334
0,551,1,2,1450.0,1628,249,4241.1397
0,552,1,2,1245.0,1833,249,5412.1847
0,553,3,2,1696.0,1382,249,4067.4297
0,554,3,1,277.9,173,4,0.2197
0,555,1,2,1753.0,1325,196,4540.1247
0,556,3,2,1828.0,1250,245,3702.0397
0,557,1,1,422.9,28,4,0.2197
0,558,1,1,427.9,23,4,0.26364
0,559,1,1,184.9,266,4,0.2197
0,560,1,2,1557.0,1521,249,4489.7247
0,561,1,1,387.9,63,4,0.2197
0,562,1,2,1499.0,1579,245,4681.44864
0,563,3,0,2655.2,1492,295,6380.41749
0,564,3,2,1790.0,1288,249,3669.0947
0,565,1,0,1969.2,2178,293,8849.8307
0,566,1,2,1612.0,1466,247,4342.9697
0,567,1,2,1649.0,1429,194,4992.3487
0,568,3,1,297.9,153,4,0.2197
0,569,1,2,1729.0,1349,247,3992.5547
0,570,1,0,2418.2,1729,348,6602.2397
0,571,1,0,2517.2,1630,249,6010.2197
0,572,1,2,1687.0,1391,245,4124.3347
0,573,1,0,2519.2,1628,247,6010.2197
0,574,1,2,1846.0,1232,247,3642.1397
0,575,1,2,2111.0,967,194,3360.1027
0,576,1,1,436.9,14,2,0.2197
0,577,1,0,2673.2,1474,297,6320.2027
0,578,1,1,436.9,14,2,0.2197
0,579,1,2,1710.0,1368,249,3642.1397
0,580,1,1,436.9,14,2,0.2197
0,581,1,0,2396.2,1751,350,6662.0397
0,582,1,0,2393.2,1754,350,6662.2594
0,583,1,0,2167.2,1980,346,8013.89319
0,584,1,1,436.9,14,2,0.2197
0,585,3,1,436.9,14,2,0.2197
0,586,1,0,2603.2,1544,297,6580.5867
0,587,3,2,1600.0,1478,249,3642.1397
0,588,1,1,436.9,14,2,0.2197
0,589,3,2,1943.0,1135,196,3360.1027
0,590,1,1,436.9,14,2,0.2197
0,591,3,0,2420.2,1727,346,6602.2397
0,592,3,1,429.9,21,2,0.37349
0,593,1,0,2418.2,1729,348,6602.2397
0,594,1,0,2367.2,1780,249,6459.4697
0,595,1,0,2505.2,1642,247,6052.1497
0,596,3,0,2628.2,1519,295,6514.5177
0,597,1,0,2342.2,1805,295,7524.9557
0,598,1,2,1802.0,1276,247,3773.9197
0,599,3,2,1963.0,1115,194,3882.9867
0,600,1,2,1846.0,1232,247,3642.1397
0,601,1,2,2111.0,967,194,3360.1027
0,602,3,0,2420.2,1727,346,6602.2397
0,603,3,1,436.9,14,2,0.2197
0,604,1,1,436.9,14,2,0.2197
0,605,3,0,2685.2,1462,293,6320.2027
0,606,1,0,2685.2,1462,293,6320.2027
0,607,1,1,436.9,14,2,0.2197
0,608,1,0,2519.2,1628,247,6010.2197
0,609,3,1,436.9,14,2,0.2197
0,610,1,0,2685.2,1462,293,6320.2027
0,611,3,2,1836.0,1242,247,3642.3594
0,612,1,0,2408.2,1739,346,6602.50334
0,613,1,1,436.9,14,2,0.2197
0,614,1,1,436.9,14,2,0.2197
0,615,1,2,2111.0,967,194,3360.1027
0,616,1,0,2420.2,1727,346,6602.2397
0,617,1,2,1846.0,1232,247,3642.1397
0,618,1,1,436.9,14,2,0.2197
0,619,3,2,2111.0,967,194,3360.1027
0,620,1,2,2111.0,967,194,3360.1027
0,621,3,2,1848.0,1230,245,3642.1397
0,622,3,1,436.9,14,2,0.2197
0,623,1,1,436.9,14,2,0.2197
0,624,1,1,436.9,14,2,0.2197
0,625,1,2,2010.0,1068,194,3716.9357
0,626,3,1,434.9,16,4,0.2197
0,627,1,1,436.9,14,2,0.2197
0,628,3,1,436.9,14,2,0.2197
0,629,3,1,436.9,14,2,0.2197
0,630,1,0,2669.2,1478,295,6320.2027
0,631,1,0,2519.2,1628,247,6010.2197
0,632,3,0,2515.2,1632,249,6010.26364
0,633,1,1,436.9,14,2,0.2197
0,634,1,2,1965.0,1113,196,3653.5614
0,635,1,0,2507.2,1640,247,6010.48334
0,636,1,0,2420.2,1727,346,6602.2397
0,637,1,0,2420.2,1727,346,6602.2397
0,638,1,2,2111.0,967,194,3360.1027
0,639,3,0,2420.2,1727,346,6602.2397
0,640,3,1,436.9,14,2,0.2197
0,641,1,1,436.9,14,2,0.2197
0,642,1,0,2420.2,1727,346,6602.2397
0,643,3,1,398.9,52,4,0.2197
0,644,1,1,436.9,14,2,0.2197
0,645,1,2,2107.0,971,194,3360.19058
0,646,3,0,2509.2,1638,251,6010.2197
0,647,1,1,436.9,14,2,0.2197
0,648,3,1,436.9,14,2,0.2197
0,649,3,1,436.9,14,2,0.2197
0,650,1,0,2442.2,1705,297,6882.3227
0,651,1,2,1674.0,1404,196,3738.1337
0,652,1,0,2284.2,1863,350,6847.4197
0,653,1,0,2404.2,1743,348,6644.0997
0,654,1,2,1829.0,1249,249,3642.1397
0,655,1,0,2512.2,1635,251,6010.2197
0,656,3,2,1776.0,1302,249,3642.1397
0,657,1,0,2273.2,1874,346,7481.2997
0,658,1,0,2425.2,1722,247,6291.7497
0,659,3,0,2663.2,1484,295,6398.2037
0,660,1,1,375.9,75,4,0.2197
0,661,1,0,1775.2,2372,346,8534.0147
0,662,3,0,2610.2,1537,295,6578.1117
0,663,1,2,1773.0,1305,247,3860.7747
0,664,1,1,395.9,55,4,0.2197
0,665,3,1,408.9,42,4,0.2197
0,666,1,2,1891.0,1187,194,4137.3627
0,667,1,2,1809.0,1269,245,3758.9447
0,668,1,1,417.9,33,4,0.2197
0,669,1,1,436.9,14,2,0.2197
0,670,3,1,436.9,14,2,0.2197
0,671,1,2,2111.0,967,194,3360.1027
0,672,1,2,1561.0,1517,249,3672.0897
0,673,3,0,2321.2,1826,297,6585.22164
0,674,1,1,436.9,14,2,0.2197
0,675,3,2,1829.0,1249,249,3642.1397
0,676,1,0,2237.2,1910,350,6763.6997
0,677,1,2,1762.0,1316,196,3752.2657
0,678,1,2,1804.0,1274,247,3642.1397
0,679,1,2,1722.0,1356,249,3642.1397
0,680,1,0,2203.2,1944,350,6632.1397
0,681,1,0,2305.2,1842,297,7001.8527
0,682,1,0,2345.2,1802,350,6620.1797
0,683,3,0,2219.2,1928,350,7392.1697
0,684,1,2,1505.0,1573,249,4313.06364
0,685,1,1,249.9,201,4,0.2197
0,686,3,1,389.9,61,4,0.2197
0,687,1,1,400.9,50,4,0.2197
0,688,3,2,1893.0,1185,196,4020.7737
0,689,1,0,2032.2,2115,251,7379.04455
0,690,1,2,1830.0,1248,249,3654.1197
0,691,1,1,184.9,266,4,0.2197
0,692,1,1,246.9,204,4,0.2197
0,693,1,1,349.9,101,4,0.2197
0,694,1,1,429.9,21,4,0.2197
0,695,1,2,1909.0,1169,196,3769.9307
0,696,1,0,2502.2,1645,249,6046.1597
0,697,1,0,1543.2,2604,346,9228.8547
0,698,1,2,1714.0,1364,245,4043.4697
0,699,3,0,2511.2,1636,295,6935.2197
0,700,1,2,1826.0,1252,247,3702.0397
0,701,1,2,1773.0,1305,247,3831.0444
0,702,1,1,402.9,48,4,0.2197
0,703,1,2,1700.0,1378,247,4055.62546
0,704,3,2,2010.0,1068,194,3716.9357
0,705,1,0,2352.2,1795,348,6799.9097
0,706,3,1,62.9,388,4,0.2197
0,707,1,2,1876.0,1202,194,4190.3577
0,708,1,0,2420.2,1727,346,6602.2397
0,709,3,1,436.9,14,2,0.2197
0,710,1,0,2683.2,1464,295,6320.2027
0,711,1,1,436.9,14,2,0.2197
0,712,1,0,2685.2,1462,293,6320.2027
0,713,3,2,1848.0,1230,245,3642.1397
0,714,1,2,2111.0,967,194,3360.1027
0,715,1,1,436.9,14,2,0.2197
0,716,1,1,436.9,14,2,0.2197
0,717,1,2,2111.0,967,194,3360.1027
0,718,3,2,1848.0,1230,245,3642.1397
0,719,1,0,2420.2,1727,346,6602.2397
0,720,1,1,436.9,14,2,0.2197
0,721,3,0,2505.2,1642,295,6949.0767
0,722,3,0,2519.2,1628,247,6010.2197
0,723,3,2,1941.0,1137,196,3953.6467
0,724,1,2,1848.0,1230,245,3642.1397
0,725,1,0,2415.2,1732,346,6602.34955
0,726,1,1,436.9,14,2,0.2197
0,727,1,0,2683.2,1464,295,6320.2027
0,728,1,2,1846.0,1232,247,3642.1397
0,729,3,2,1846.0,1232,247,3642.1397
0,730,1,0,2495.2,1652,295,6984.4067
0,731,1,1,436.9,14,2,0.2197
0,732,1,0,2519.2,1628,247,6010.2197
0,733,1,1,436.9,14,2,0.2197
0,734,1,0,2636.2,1511,293,6493.3197
0,735,3,1,436.9,14,2,0.2197
0,736,1,1,436.9,14,2,0.2197
0,737,1,1,436.9,14,2,0.2197
0,738,1,1,436.9,14,2,0.2197
0,739,1,1,436.9,14,2,0.2197
0,740,3,0,2685.2,1462,293,6320.2027
0,741,1,0,2519.2,1628,247,6010.2197
0,742,1,1,436.9,14,2,0.2197
0,743,1,2,2111.0,967,194,3360.1027
0,744,1,0,2685.2,1462,293,6320.2027
0,745,3,1,436.9,14,2,0.2197
0,746,3,0,2517.2,1630,249,6010.2197
0,747,3,2,1848.0,1230,245,3642.1397
0,748,1,1,436.9,14,2,0.2197
0,749,1,2,1848.0,1230,245,3642.1397
0,750,1,1,436.9,14,2,0.2197
0,751,3,2,2111.0,967,194,3360.1027
0,752,3,2,1967.0,1111,194,3861.83264
0,753,3,2,1842.0,1236,245,3642.27152
0,754,3,2,1846.0,1232,247,3642.1397
0,755,1,0,2167.2,1980,350,6602.2397
0,756,1,0,2388.2,1759,350,6602.2397
0,757,3,0,2475.2,1672,251,6010.2197
0,758,1,0,2253.2,1894,297,6712.3657
0,759,1,2,1865.0,1213,196,3508.4887
0,760,1,0,2059.2,2088,251,6010.2197
0,761,1,0,2127.2,2020,350,8258.6997
0,762,3,1,436.9,14,2,0.2197
0,763,1,0,2292.2,1855,348,7101.9747
0,764,1,2,1757.0,1321,196,3547.52746
0,765,3,0,2124.2,2023,348,7491.7247
0,766,1,2,1801.0,1277,249,3642.1397
0,767,1,2,1495.0,1583,249,3809.8597
0,768,3,2,1966.0,1112,196,3384.8337
0,769,1,0,2406.2,1741,348,6673.9997
0,770,1,1,351.9,99,4,0.30758
0,771,3,2,1752.0,1326,249,3788.8947
0,772,1,1,429.9,21,4,0.2197
0,773,3,2,1821.0,1257,249,3693.0547
0,774,1,1,379.9,71,4,0.2197
0,775,3,2,2090.0,988,194,3434.2957
0,776,1,2,1987.0,1091,194,3798.1947
0,777,1,0,2242.2,1905,249,6833.8447
0,778,1,0,2240.2,1907,247,6845.8247
0,779,1,2,1843.0,1235,247,3651.1247
0,780,1,0,2060.2,2087,295,8521.2617
0,781,1,0,2108.2,2039,346,7536.6797
0,782,1,1,231.9,219,4,0.2197
0,783,3,1,352.9,98,4,0.2197
0,784,3,1,436.9,14,2,0.2197
0,785,1,2,2111.0,967,194,3360.1027
0,786,1,0,2420.2,1727,346,6602.2397
0,787,3,1,436.9,14,2,0.2197
0,788,1,1,436.9,14,2,0.2197
0,789,1,0,2420.2,1727,346,6602.2397
0,790,3,1,436.9,14,2,0.2197
0,791,1,1,436.9,14,2,0.2197
0,792,1,1,436.9,14,2,0.2197
0,793,3,2,2111.0,967,194,3360.1027
0,794,1,0,2685.2,1462,293,6320.2027
0,795,1,1,436.9,14,2,0.2197
0,796,1,0,2519.2,1628,247,6010.2197
0,797,3,2,1848.0,1230,245,3642.1397
0,798,1,1,436.9,14,2,0.2197
0,799,3,0,2519.2,1628,247,6010.2197
0,800,1,1,436.9,14,2,0.2197
0,801,1,1,436.9,14,2,0.2197
0,802,1,0,2683.2,1464,295,6320.2027
0,803,1,2,1836.0,1242,247,3642.3594
0,804,1,1,436.9,14,2,0.2197
0,805,3,1,436.9,14,2,0.2197
0,806,1,0,2685.2,1462,293,6320.2027
0,807,1,2,1832.0,1246,245,3690.0597
0,808,3,2,2029.0,1049,194,3649.8087
0,809,3,2,1848.0,1230,245,3642.1397
0,810,3,2,1838.0,1240,249,3642.1397
0,811,1,0,2420.2,1727,346,6602.2397
0,812,1,2,1846.0,1232,247,3642.1397
0,813,1,1,436.9,14,2,0.2197
0,814,1,2,1848.0,1230,245,3642.1397
0,815,3,1,436.9,14,2,0.2197
0,816,1,2,2111.0,967,194,3360.1027
0,817,3,1,436.9,14,2,0.2197
0,818,1,2,2111.0,967,194,3360.1027
0,819,1,1,436.9,14,2,0.2197
0,820,1,2,1650.0,1428,249,3642.1397
0,821,1,0,2339.2,1808,348,7002.8997
0,822,1,2,1836.0,1242,249,3642.1397
0,823,1,2,1848.0,1230,245,3642.1397
0,824,3,1,369.9,81,4,0.2197
0,825,1,2,2019.0,1059,194,3685.1387
0,826,1,2,2111.0,967,194,3360.1027
0,827,1,2,1848.0,1230,245,3642.1397
0,828,3,0,2519.2,1628,247,6010.2197
0,829,3,0,2420.2,1727,346,6602.2397
0,830,3,2,1836.0,1242,247,3642.3594
0,831,3,0,2125.2,2022,346,7482.79167
0,832,3,2,1755.0,1323,245,3920.6747
0,833,3,1,228.9,222,4,0.2197
0,834,1,0,2223.2,1924,295,7945.3827
0,835,1,0,2475.2,1672,295,7055.0667
0,836,1,2,1848.0,1230,245,3642.1397
0,837,3,1,357.9,93,4,0.2197
0,838,1,1,429.9,21,4,0.2197
0,839,1,2,1846.0,1232,247,3642.1397
0,840,3,0,2555.2,1592,295,6772.4267
0,841,1,2,1937.0,1141,194,3974.8447
0,842,1,1,436.9,14,2,0.2197
0,843,1,2,1848.0,1230,245,3642.1397
0,844,1,0,2418.2,1729,348,6602.2397
0,845,3,1,436.9,14,2,0.2197
0,846,1,2,1846.0,1232,247,3642.1397
0,847,3,2,1848.0,1230,245,3642.1397
0,848,3,1,436.9,14,2,0.2197
0,849,3,0,2519.2,1628,247,6010.2197
0,850,1,2,1848.0,1230,245,3642.1397
0,851,1,0,2683.2,1464,295,6320.2027
0,852,3,1,436.9,14,2,0.2197
0,853,1,0,2683.2,1464,295,6320.2027
0,854,3,1,436.9,14,2,0.2197
0,855,3,0,2420.2,1727,346,6602.2397
0,856,1,2,1848.0,1230,245,3642.1397
0,857,1,0,2685.2,1462,293,6320.2027
0,858,3,2,2111.0,967,194,3360.1027
0,859,1,0,2519.2,1628,247,6010.2197
0,860,3,2,1844.0,1234,245,3642.22758
0,861,1,2,1903.0,1175,194,4094.9667
0,862,1,2,1848.0,1230,245,3642.1397
0,863,1,0,2245.2,1902,350,6602.2397
0,864,1,0,2535.2,1612,297,6320.2027
0,865,1,0,2311.2,1836,348,7224.1597
0,866,1,1,431.9,19,2,0.32955
0,867,1,2,1834.0,1244,249,3642.1397
0,868,3,2,1846.0,1232,247,3642.1397
0,869,1,1,436.9,14,2,0.2197
0,870,1,0,2029.2,2118,297,6419.1267
0,871,1,2,1879.0,1199,196,4027.8397
0,872,3,1,436.9,14,2,0.2197
0,873,1,0,2256.2,1891,350,7475.3197
0,874,1,2,1809.0,1269,249,3642.1397
0,875,3,0,2412.2,1735,348,6620.1797
0,876,3,1,260.9,190,4,0.2197
0,877,3,0,2280.2,1867,350,6991.67349
0,878,3,2,1684.0,1394,249,3654.1197
0,879,1,0,2414.2,1733,293,7759.7047
0,880,3,0,2550.2,1597,295,6790.0917
0,881,1,2,1847.0,1231,245,3645.1347
0,882,3,0,2519.2,1628,247,6010.2197
0,883,1,0,2445.2,1702,247,6231.8497
0,884,1,1,304.9,146,4,0.2197
0,885,1,2,1843.0,1235,247,3651.1247
0,886,1,2,2006.0,1072,194,3731.0677
0,887,1,2,1843.0,1235,245,3657.1147
0,888,1,1,430.9,20,4,0.2197
0,889,1,1,430.9,20,4,0.2197
0,890,1,0,2685.2,1462,293,6320.2027
0,891,1,0,2436.2,1711,251,6228.8547
0,892,1,1,387.9,63,4,0.2197
0,893,3,1,436.9,14,2,0.2197
0,894,1,1,436.9,14,2,0.2197
0,895,1,0,2397.2,1750,297,7005.6047
0,896,1,0,2392.2,1755,251,6010.2197
0,897,1,1,436.9,14,2,0.2197
0,898,3,0,2278.2,1869,350,7391.5997
0,899,3,2,1828.0,1250,196,4003.1087
0,900,1,0,2347.2,1800,348,6997.02955
0,901,3,0,2413.2,1734,346,6644.0997
0,902,1,0,2417.2,1730,346,6620.1797
0,903,1,0,2402.2,1745,348,6697.9197
0,904,1,1,436.9,14,2,0.2197
0,905,1,2,2111.0,967,194,3360.1027
0,906,3,1,276.9,174,4,0.2197
0,907,3,0,2430.2,1717,293,7221.1177
0,908,1,2,1846.0,1232,247,3642.1397
0,909,1,2,1778.0,1300,247,3833.90758
0,910,1,0,2118.2,2029,346,7506.7297
0,911,3,1,361.9,89,4,0.2197
0,912,1,0,2080.2,2067,295,8450.6017
0,913,1,1,410.9,40,4,0.2197
0,914,1,1,369.9,81,4,0.2197
0,915,3,1,436.9,14,2,0.2197
0,916,1,0,2683.2,1464,295,6320.2027
0,917,1,0,2420.2,1727,346,6602.2397
0,918,1,1,436.9,14,2,0.2197
0,919,1,0,2675.2,1472,293,6355.5327
0,920,3,1,436.9,14,2,0.2197
0,921,3,1,436.9,14,2,0.2197
0,922,3,2,2111.0,967,194,3360.1027
0,923,1,1,436.9,14,2,0.2197
0,924,1,2,1848.0,1230,245,3642.1397
0,925,1,2,1757.0,1321,247,3908.6947
0,926,1,2,1848.0,1230,245,3642.1397
0,927,1,1,426.9,24,2,0.4394
0,928,3,1,434.9,16,2,0.26364
0,929,3,2,2060.0,1018,194,3540.2857
0,930,1,1,436.9,14,2,0.2197
0,931,1,2,1846.0,1232,247,3642.1397
0,932,3,2,1848.0,1230,245,3642.1397
0,933,1,1,436.9,14,2,0.2197
0,934,3,1,436.9,14,2,0.2197
0,935,1,0,2418.2,1729,348,6602.2397
0,936,1,0,2685.2,1462,293,6320.2027
0,937,1,2,1848.0,1230,245,3642.1397
0,938,3,1,436.9,14,2,0.2197
0,939,1,1,436.9,14,2,0.2197
0,940,3,2,2111.0,967,194,3360.1027
0,941,3,2,1846.0,1232,247,3642.1397
0,942,1,0,2420.2,1727,346,6602.2397
0,943,1,1,436.9,14,2,0.2197
0,944,1,1,436.9,14,2,0.2197
0,945,1,2,2111.0,967,194,3360.1027
0,946,1,0,2013.2,2134,251,6010.2197
0,947,1,2,2002.0,1076,194,3745.1997
0,948,1,1,436.9,14,2,0.2197
0,949,1,0,2351.2,1796,350,6662.0397
0,950,1,1,436.9,14,2,0.2197
0,951,1,0,2359.2,1788,295,8012.2257
0,952,1,0,2394.2,1753,348,6745.7597
0,953,1,2,1832.0,1246,249,3642.1397
0,954,1,0,2415.2,1732,348,6620.1797
0,955,1,2,2080.0,998,196,3434.2957
0,956,1,0,2519.2,1628,247,6010.2197
0,957,1,2,1846.0,1232,247,3642.1397
0,958,3,2,1846.0,1232,247,3642.1397
0,959,1,2,1778.0,1300,247,3822.01546
0,960,3,1,380.9,70,4,0.2197
0,961,1,0,2530.2,1617,293,6867.8177
0,962,3,0,2530.2,1617,295,6860.7517
0,963,1,1,344.9,106,4,0.26364
0,964,1,2,1830.0,1248,245,3696.0497
0,965,3,1,417.9,33,4,0.2197
0,966,3,1,423.9,27,4,0.24167
0,967,1,0,2420.2,1727,249,6300.7347
0,968,1,2,2031.0,1047,194,3642.7427
0,969,1,1,436.9,14,2,0.2197
0,970,1,0,2519.2,1628,247,6010.2197
0,971,1,2,1930.0,1148,194,3999.5757
0,972,1,0,2418.2,1729,348,6602.2397
0,973,1,0,2418.2,1729,348,6602.2397
0,974,3,1,436.9,14,2,0.2197
0,975,3,2,1846.0,1232,247,3642.1397
0,976,1,2,1917.0,1161,194,4045.5047
0,977,1,2,2111.0,967,194,3360.1027
0,978,1,1,436.9,14,2,0.2197
0,979,1,2,1848.0,1230,245,3642.1397
0,980,3,0,2519.2,1628,247,6010.2197
0,981,1,0,2513.2,1634,249,6010.30758
0,982,1,1,436.9,14,2,0.2197
0,983,3,0,2683.2,1464,295,6320.2027
0,984,1,1,436.9,14,2,0.2197
0,985,1,2,2111.0,967,194,3360.1027
0,986,3,2,1848.0,1230,245,3642.1397
0,987,3,1,426.9,24,2,0.4394
0,988,1,0,2400.2,1747,346,6602.6791
0,989,1,1,436.9,14,2,0.2197
0,990,1,0,2517.2,1630,249,6010.2197
0,991,3,2,1846.0,1232,247,3642.1397
0,992,3,2,2111.0,967,194,3360.1027
0,993,1,1,436.9,14,2,0.2197
0,994,3,0,2685.2,1462,293,6320.2027
0,995,3,1,436.9,14,2,0.2197
0,996,1,2,1846.0,1232,247,3642.1397
0,997,3,0,2420.2,1727,346,6602.2397
0,998,3,2,1908.0,1170,194,4077.3017
0,999,1,2,1978.0,1100,194,3829.9917
1,331,1,1,-668.1,1119,2,3829.9917
Time: 61725, 395061, 761694, 514994
