CONFIGURATION:
{u'simulation': {u'stdev_factor': 0.01, u'power_mgmt_enabled': False, u'tasks': {u'loc': {u'mean_service_time': {u'gpu': 90, u'cpu_core': 200, u'loc_accel': 10}, u'priority': 1, u'deadline': 1000, u'stdev_service_time': {u'gpu': 0.9, u'cpu_core': 2.0, u'loc_accel': 0.1}, u'power': {u'gpu': 4.457, u'cpu_core': 6.133, u'loc_accel': 0.02197}}, u'detect': {u'mean_service_time': {u'gpu': 0.4607, u'cpu_core': 3.654, u'det_accel': 0.278}, u'priority': 2, u'deadline': 1000, u'stdev_service_time': {u'gpu': 0.004607, u'cpu_core': 0.03654, u'det_accel': 0.0027800000000000004}, u'power': {u'gpu': 90, u'cpu_core': 200, u'det_accel': 10}}, u'Frontier': {u'mean_service_time': {u'cpu_core': 396}, u'priority': 9, u'deadline': 1000, u'stdev_service_time': {u'cpu_core': 3.96}, u'power': {u'cpu_core': 5.98}}, u'track': {u'mean_service_time': {u'gpu': 17, u'tra_accel': 2, u'cpu_core': 1820}, u'priority': 3, u'deadline': 1000, u'stdev_service_time': {u'gpu': 0.17, u'tra_accel': 0.02, u'cpu_core': 18.2}, u'power': {u'gpu': 12.79, u'tra_accel': 0.59, u'cpu_core': 5.6}}, u'sp': {u'mean_service_time': {u'gpu': 379, u'cpu_core': 1004}, u'priority': 11, u'deadline': 1000, u'stdev_service_time': {u'gpu': 3.79, u'cpu_core': 10.040000000000001}, u'power': {u'gpu': 3.302, u'cpu_core': 1004}}, u'mission': {u'mean_service_time': {u'cpu_core': 0.0022}, u'priority': 5, u'deadline': 1000, u'stdev_service_time': {u'cpu_core': 2.2000000000000003e-05}, u'power': {u'cpu_core': 3.534}}, u'motion': {u'mean_service_time': {u'cpu_core': 8}, u'priority': 6, u'deadline': 1000, u'stdev_service_time': {u'cpu_core': 0.08}, u'power': {u'cpu_core': 4.222}}, u'collision': {u'mean_service_time': {u'cpu_core': 8}, u'priority': 7, u'deadline': 1000, u'stdev_service_time': {u'cpu_core': 0.08}, u'power': {u'cpu_core': 0}}, u'fusion': {u'mean_service_time': {u'cpu_core': 1}, u'priority': 4, u'deadline': 1000, u'stdev_service_time': {u'cpu_core': 0.01}, u'power': {u'cpu_core': 0}}, u'map': {u'mean_service_time': {u'gpu': 761, u'cpu_core': 973}, u'priority': 10, u'deadline': 1000, u'stdev_service_time': {u'gpu': 7.61, u'cpu_core': 9.73}, u'power': {u'gpu': 3.533, u'cpu_core': 2.995}}, u'path': {u'mean_service_time': {u'cpu_core': 8}, u'priority': 8, u'deadline': 1000, u'stdev_service_time': {u'cpu_core': 0.08}, u'power': {u'cpu_core': 0}}}, u'sched_policy_module': u'policies.ms2_update2', u'drop': True, u'servers': {u'gpu': {u'count': 2}, u'tra_accel': {u'count': 1}, u'cpu_core': {u'count': 8}, u'loc_accel': {u'count': 1}, u'det_accel': {u'count': 1}}, u'max_tasks_simulated': 10000, u'max_queue_size': 1000000, u'mean_arrival_time': 50, u'arrival_time_scale': 2.9}, u'general': {u'random_seed': 0, u'pre_gen_arrivals': False, u'basename': u'policy:ms2_update2__stdev_factor:0.01', u'output_trace_file': None, u'working_dir': u'/home/hiwot/meta-stomp2/sim_16042020_201032_new_arrival_50_map_rheftmapping_50_trace_30', u'input_trace_file': (False, '../mv_mapping_50_trace_30.trc'), u'logging_level': u'INFO'}}

/home/hiwot/meta-stomp2/sim_16042020_201032_new_arrival_50_map_rheftmapping_50_trace_30/../mv_mapping_50_trace_30.trc

Running STOMP simulation...
Dropped,DAG ID,DAG Priority,DAG Type,Slack,Response Time,No-Affinity Time,Energy
0,0,1,0,2992.4,1462,293,6320.2027
0,1,3,2,2339.0,967,194,3360.1027
0,2,3,0,2826.4,1628,247,6010.2197
0,3,1,0,2824.4,1630,249,6010.2197
0,4,3,0,2824.4,1630,249,6010.2197
0,5,1,2,2076.0,1230,245,3642.1397
0,6,1,1,470.3,14,2,0.2197
0,7,3,1,470.3,14,2,0.2197
0,8,3,2,2316.0,990,194,3441.3617
0,9,3,1,470.3,14,2,0.2197
0,10,3,1,470.3,14,2,0.2197
0,11,1,0,2992.4,1462,293,6320.2027
0,12,3,2,2074.0,1232,247,3642.1397
0,13,3,2,2339.0,967,194,3360.1027
0,14,1,1,470.3,14,2,0.2197
0,15,3,2,2339.0,967,194,3360.1027
0,16,3,0,2826.4,1628,247,6010.2197
0,17,3,0,2824.4,1630,249,6010.2197
0,18,1,0,2824.4,1630,249,6010.2197
0,19,1,0,2693.4,1761,346,6704.0697
0,20,1,2,1911.0,1395,247,4130.3247
0,21,3,2,2328.0,978,194,3398.9657
0,22,3,1,470.3,14,2,0.2197
0,23,3,2,2279.0,1027,194,3572.0827
0,24,1,1,470.3,14,2,0.2197
0,25,1,1,470.3,14,2,0.2197
0,26,1,1,470.3,14,2,0.2197
0,27,1,1,468.3,16,4,0.2197
0,28,1,1,470.3,14,2,0.2197
0,29,3,0,2928.4,1526,297,6320.2027
0,30,1,0,2978.4,1476,297,6320.2027
0,31,1,0,2616.4,1838,348,7086.6197
0,32,1,0,2689.4,1765,346,6829.4797
0,33,1,0,2816.4,1638,249,6010.2197
0,34,3,0,2826.4,1628,247,6010.2197
0,35,1,0,2580.4,1874,348,7036.5147
0,36,1,1,470.3,14,2,0.2197
0,37,1,1,470.3,14,2,0.2197
0,38,3,0,2958.4,1496,295,6435.7057
0,39,1,2,2292.0,1014,194,3526.1537
0,40,1,1,470.3,14,2,0.2197
0,41,3,1,470.3,14,2,0.2197
0,42,1,1,470.3,14,2,0.2197
0,43,1,0,2726.4,1728,346,6602.26167
0,44,1,2,2040.0,1266,245,3749.9597
0,45,1,2,2073.0,1233,247,3642.1397
0,46,1,2,2339.0,967,194,3360.1027
0,47,1,0,2989.4,1465,293,6330.8017
0,48,1,0,2727.4,1727,346,6602.2397
0,49,1,2,2074.0,1232,247,3642.1397
0,50,1,2,2076.0,1230,245,3642.1397
0,51,1,1,470.3,14,2,0.2197
0,52,1,1,470.3,14,2,0.2197
0,53,1,1,470.3,14,2,0.2197
0,54,1,2,2339.0,967,194,3360.1027
0,55,1,2,2339.0,967,194,3360.1027
0,56,1,0,2826.4,1628,247,6010.2197
0,57,3,0,2826.4,1628,247,6010.2197
0,58,3,1,466.3,18,2,0.30758
0,59,1,0,2727.4,1727,346,6602.2397
0,60,1,2,2074.0,1232,247,3642.1397
0,61,3,0,2725.4,1729,348,6602.2397
0,62,1,1,470.3,14,2,0.2197
0,63,1,1,468.3,16,4,0.2197
0,64,1,2,2339.0,967,194,3360.1027
0,65,1,1,470.3,14,2,0.2197
0,66,1,1,470.3,14,2,0.2197
0,67,1,2,2339.0,967,194,3360.1027
0,68,1,1,470.3,14,2,0.2197
0,69,1,0,2826.4,1628,247,6010.2197
0,70,1,2,2076.0,1230,245,3642.1397
0,71,1,0,2580.4,1874,348,7036.5147
0,72,3,0,2989.4,1465,293,6330.8017
0,73,3,2,2133.0,1173,194,4087.9007
0,74,1,1,470.3,14,2,0.2197
0,75,3,2,2076.0,1230,245,3642.1397
0,76,1,0,2677.4,1777,350,6602.2397
0,77,1,0,2341.4,2113,350,6602.2397
0,78,1,1,470.3,14,2,0.2197
0,79,1,2,2219.0,1087,196,3360.1027
0,80,1,0,2749.4,1705,297,6613.2227
0,81,3,2,2066.0,1240,249,3642.1397
0,82,3,2,1955.0,1351,249,3642.1397
0,83,1,2,2065.0,1241,249,3642.1397
0,84,1,1,470.3,14,2,0.2197
0,85,1,2,2054.0,1252,249,3642.1397
0,86,1,0,2711.4,1743,348,6602.2397
0,87,3,2,1925.0,1381,196,4013.7077
0,88,1,1,470.3,14,2,0.2197
0,89,1,1,468.3,16,2,0.26364
0,90,1,0,2651.4,1803,350,6775.7897
0,91,3,2,2064.0,1242,196,3819.3927
0,92,1,2,1924.0,1382,249,3869.7597
0,93,3,1,424.3,60,4,0.2197
0,94,1,0,2419.4,2035,346,7527.6847
0,95,1,0,2518.4,1936,247,6932.6797
0,96,1,1,326.3,158,4,0.2197
0,97,1,2,1984.0,1322,249,3878.7447
0,98,1,0,2792.4,1662,249,6106.0597
0,99,1,1,403.3,81,4,0.2197
0,100,1,1,426.3,58,4,0.2197
0,101,1,0,2716.4,1738,247,6327.77758
0,102,1,1,430.3,54,4,0.32955
0,103,1,1,470.3,14,2,0.2197
0,104,3,2,2258.0,1048,194,3646.2757
0,105,1,2,2183.0,1123,194,3911.2507
0,106,1,0,2639.4,1815,247,6570.2847
0,107,1,1,445.3,39,4,0.2197
0,108,1,2,2076.0,1230,245,3642.1397
0,109,1,0,2438.4,2016,346,7461.84864
0,110,1,0,2880.4,1574,293,6715.8987
0,111,3,0,2992.4,1462,293,6320.2027
0,112,3,0,2725.4,1729,348,6602.2397
0,113,3,2,2076.0,1230,245,3642.1397
0,114,1,0,2824.4,1630,249,6010.2197
0,115,1,1,463.3,21,2,0.37349
0,116,1,1,470.3,14,2,0.2197
0,117,1,2,2074.0,1232,247,3642.1397
0,118,1,1,470.3,14,2,0.2197
0,119,1,2,2137.0,1169,194,4073.7687
0,120,1,1,470.3,14,2,0.2197
0,121,1,1,466.3,18,2,0.30758
0,122,1,0,2992.4,1462,293,6320.2027
0,123,1,0,2725.4,1729,348,6602.2397
0,124,1,1,470.3,14,2,0.2197
0,125,1,2,2074.0,1232,247,3642.1397
0,126,1,0,2784.4,1670,293,7055.0667
0,127,1,0,2826.4,1628,247,6010.2197
0,128,3,2,2296.0,1010,194,3512.0217
0,129,1,0,2727.4,1727,346,6602.2397
0,130,1,0,2725.4,1729,348,6602.2397
0,131,1,2,2074.0,1232,247,3642.1397
0,132,1,1,470.3,14,2,0.2197
0,133,3,2,2227.0,1079,194,3755.7987
0,134,1,1,470.3,14,2,0.2197
0,135,3,2,2339.0,967,194,3360.1027
0,136,1,1,470.3,14,2,0.2197
0,137,1,1,470.3,14,2,0.2197
0,138,1,0,2727.4,1727,346,6602.2397
0,139,1,0,2992.4,1462,293,6320.2027
0,140,1,2,2290.0,1016,194,3533.2197
0,141,3,1,470.3,14,2,0.2197
0,142,3,0,2826.4,1628,247,6010.2197
0,143,1,2,2302.0,1004,194,3490.8237
0,144,1,2,2074.0,1232,245,3642.18364
0,145,1,2,2162.0,1144,194,3985.4437
0,146,1,0,2727.4,1727,346,6602.2397
0,147,1,1,470.3,14,2,0.2197
0,148,1,0,2826.4,1628,247,6010.2197
0,149,1,2,2076.0,1230,245,3642.1397
0,150,3,1,470.3,14,2,0.2197
0,151,1,2,2252.0,1054,194,3667.4737
0,152,1,0,2727.4,1727,346,6602.2397
0,153,1,1,470.3,14,2,0.2197
0,154,1,0,2990.4,1464,295,6320.2027
0,155,1,1,470.3,14,2,0.2197
0,156,1,0,2826.4,1628,247,6010.2197
0,157,1,1,470.3,14,2,0.2197
0,158,1,2,2074.0,1232,247,3642.1397
0,159,1,0,2801.4,1653,293,6995.0057
0,160,1,1,470.3,14,2,0.2197
0,161,3,1,470.3,14,2,0.2197
0,162,3,1,470.3,14,2,0.2197
0,163,1,0,2926.4,1528,295,6514.5177
0,164,1,2,1905.0,1401,249,3642.1397
0,165,3,0,2720.4,1734,348,6632.1397
0,166,1,1,470.3,14,2,0.2197
0,167,3,2,2154.0,1152,194,3989.13049
0,168,1,0,2826.4,1628,247,6010.2197
0,169,1,2,2076.0,1230,245,3642.1397
0,170,1,2,2074.0,1232,247,3642.1397
0,171,1,2,2139.0,1167,194,4066.7027
0,172,1,0,2727.4,1727,346,6602.2397
0,173,1,2,2074.0,1232,247,3642.1397
0,174,1,0,2657.4,1797,346,6811.8897
0,175,1,1,420.3,64,4,0.2197
0,176,1,2,2247.0,1059,194,3685.1387
0,177,1,0,2727.4,1727,346,6602.2397
0,178,1,2,2339.0,967,194,3360.1027
0,179,1,2,2129.0,1177,194,4102.0327
0,180,3,1,470.3,14,2,0.2197
0,181,3,1,470.3,14,2,0.2197
0,182,1,2,2074.0,1232,247,3642.1397
0,183,1,2,2076.0,1230,245,3642.1397
0,184,1,2,2076.0,1230,245,3642.1397
0,185,1,0,2727.4,1727,346,6602.2397
0,186,1,2,2203.0,1103,194,3840.5907
0,187,1,2,2074.0,1232,245,3642.18364
0,188,1,1,470.3,14,2,0.2197
0,189,1,0,2726.4,1728,346,6602.26167
0,190,1,2,2323.0,983,194,3416.6307
0,191,3,2,2076.0,1230,245,3642.1397
0,192,1,0,2713.4,1741,247,6348.6547
0,193,1,0,2727.4,1727,346,6602.2397
0,194,1,2,2247.0,1059,196,3678.0727
0,195,1,2,2297.0,1009,194,3508.4887
0,196,3,0,2725.4,1729,348,6602.2397
0,197,1,2,2074.0,1232,247,3642.1397
0,198,3,2,2074.0,1232,247,3642.1397
0,199,1,2,2076.0,1230,245,3642.1397
0,200,1,1,470.3,14,2,0.2197
0,201,1,0,2992.4,1462,293,6320.2027
0,202,1,2,2339.0,967,194,3360.1027
0,203,1,1,470.3,14,2,0.2197
0,204,1,1,470.3,14,2,0.2197
0,205,1,0,2920.4,1534,293,6574.5787
0,206,3,0,2826.4,1628,247,6010.2197
0,207,1,0,2814.4,1640,249,6010.4394
0,208,1,2,2330.0,976,194,3391.8997
0,209,1,1,470.3,14,2,0.2197
0,210,3,1,470.3,14,2,0.2197
0,211,1,0,2992.4,1462,293,6320.2027
0,212,3,0,2992.4,1462,293,6320.2027
0,213,3,0,2826.4,1628,247,6010.2197
0,214,1,0,2826.4,1628,247,6010.2197
0,215,3,0,2824.4,1630,249,6010.2197
0,216,3,0,2819.4,1635,293,6931.4117
0,217,1,2,2068.0,1238,245,3642.31546
0,218,3,0,2642.4,1812,346,6856.8147
0,219,3,2,2316.0,990,194,3441.3617
0,220,3,0,2727.4,1727,346,6602.2397
0,221,3,1,470.3,14,2,0.2197
0,222,1,2,2074.0,1232,247,3642.1397
0,223,1,2,2044.0,1262,194,4402.3377
0,224,3,1,470.3,14,2,0.2197
0,225,1,1,470.3,14,2,0.2197
0,226,1,0,2789.4,1665,293,7037.4017
0,227,1,1,470.3,14,2,0.2197
0,228,3,1,470.3,14,2,0.2197
0,229,1,0,2992.4,1462,293,6320.2027
0,230,1,1,469.3,15,2,0.24167
0,231,1,0,2687.4,1767,247,6426.5247
0,232,3,1,470.3,14,2,0.2197
0,233,1,0,2826.4,1628,247,6010.2197
0,234,3,2,2333.0,973,194,3381.3007
0,235,3,2,2074.0,1232,247,3642.1397
0,236,1,2,2074.0,1232,247,3642.1397
0,237,1,1,470.3,14,2,0.2197
0,238,1,1,470.3,14,2,0.2197
0,239,3,0,2992.4,1462,293,6320.2027
0,240,3,0,2992.4,1462,293,6320.2027
0,241,1,2,2074.0,1232,247,3642.1397
0,242,1,1,470.3,14,2,0.2197
0,243,1,1,470.3,14,2,0.2197
0,244,1,0,2714.4,1740,293,7302.3767
0,245,1,0,2826.4,1628,247,6010.2197
0,246,1,2,2290.0,1016,194,3533.2197
0,247,1,0,1896.4,2558,348,11559.6597
0,248,1,2,1279.0,2027,249,3642.22758
0,249,3,1,470.3,14,2,0.2197
0,250,1,2,1756.0,1550,196,3360.1027
0,251,1,1,470.3,14,2,0.2197
0,252,1,2,1889.0,1417,196,3360.1027
0,253,1,1,470.3,14,2,0.2197
0,254,1,0,2471.4,1983,348,8121.1597
0,255,3,0,2606.4,1848,346,7325.8197
0,256,1,2,2040.0,1266,249,3642.1397
0,257,3,2,2064.0,1242,249,3642.1397
0,258,1,0,2722.4,1732,348,6620.1797
0,259,1,0,2719.4,1735,348,6638.1197
0,260,3,1,394.3,90,4,0.37349
0,261,3,2,1995.0,1311,249,3801.18228
0,262,1,2,2003.0,1303,247,3816.0694
0,263,1,0,2990.4,1464,295,6320.2027
0,264,1,1,203.3,281,4,0.2197
0,265,1,2,2339.0,967,194,3360.1027
0,266,1,1,406.3,78,4,0.2197
0,267,3,2,2044.0,1262,247,3731.9897
0,268,1,0,2518.4,1936,247,6932.6797
0,269,1,1,418.3,66,4,0.2197
0,270,1,1,368.3,116,4,0.2197
0,271,1,2,2339.0,967,194,3360.1027
0,272,3,0,2990.4,1464,295,6320.2027
0,273,3,1,470.3,14,2,0.2197
0,274,1,2,2072.0,1234,245,3642.22758
0,275,1,1,470.3,14,2,0.2197
0,276,1,1,470.3,14,2,0.2197
0,277,3,2,2339.0,967,194,3360.1027
0,278,1,0,2949.4,1505,293,6472.1217
0,279,1,0,2826.4,1628,247,6010.2197
0,280,1,0,2826.4,1628,247,6010.2197
0,281,1,2,2076.0,1230,245,3642.1397
0,282,1,1,470.3,14,2,0.2197
0,283,1,2,2284.0,1022,194,3554.4177
0,284,1,2,2287.0,1019,194,3543.8187
0,285,3,1,470.3,14,2,0.2197
0,286,1,0,2727.4,1727,346,6602.2397
0,287,1,1,470.3,14,2,0.2197
0,288,1,1,470.3,14,2,0.2197
0,289,1,0,2727.4,1727,346,6602.2397
0,290,3,2,2074.0,1232,247,3642.1397
0,291,3,2,2259.0,1047,196,3635.6767
0,292,1,1,470.3,14,2,0.2197
0,293,1,1,470.3,14,2,0.2197
0,294,1,2,2339.0,967,194,3360.1027
0,295,1,2,2076.0,1230,245,3642.1397
0,296,1,1,470.3,14,2,0.2197
0,297,1,1,470.3,14,2,0.2197
0,298,1,2,2339.0,967,194,3360.1027
0,299,3,2,2076.0,1230,245,3642.1397
0,300,3,2,2074.0,1232,247,3642.1397
0,301,1,1,470.3,14,2,0.2197
0,302,3,2,2174.0,1132,194,3943.0477
0,303,1,1,470.3,14,2,0.2197
0,304,1,0,2727.4,1727,346,6602.2397
0,305,1,1,470.3,14,2,0.2197
0,306,1,1,470.3,14,2,0.2197
0,307,1,2,2162.0,1144,194,3985.4437
0,308,1,0,2826.4,1628,247,6010.2197
0,309,1,0,2727.4,1727,346,6602.2397
0,310,1,2,2074.0,1232,247,3642.1397
0,311,1,1,470.3,14,2,0.2197
0,312,3,1,470.3,14,2,0.2197
0,313,1,1,470.3,14,2,0.2197
0,314,1,1,470.3,14,2,0.2197
0,315,1,1,470.3,14,2,0.2197
0,316,1,1,470.3,14,2,0.2197
0,317,1,0,2157.4,2297,297,11253.7027
0,318,3,1,470.3,14,2,0.2197
0,319,2,0,2680.4,1774,295,8174.0027
0,320,1,2,2051.0,1255,249,3642.1397
0,321,1,0,2702.4,1752,348,6739.7797
0,322,1,2,2019.0,1287,249,3642.1397
0,323,1,1,463.3,21,2,0.37349
0,324,3,0,2722.4,1732,348,6620.1797
0,325,1,2,1907.0,1399,249,3642.1397
0,326,3,0,2710.4,1744,348,6632.3594
0,327,1,2,2002.0,1304,249,3711.0247
0,328,3,2,2069.0,1237,196,3791.1287
0,329,3,2,1903.0,1403,249,3642.1397
0,330,1,0,2534.4,1920,293,7938.3167
0,332,1,0,1985.4,2469,346,8824.5297
0,333,1,2,2145.0,1161,194,4045.5047
0,334,1,2,2056.0,1250,247,3696.0497
0,335,1,0,2690.4,1764,348,6707.0647
0,336,3,1,470.3,14,2,0.2197
0,337,1,0,2992.4,1462,293,6320.2027
0,338,1,2,2339.0,967,194,3360.1027
0,339,1,1,466.3,18,2,0.30758
0,340,3,0,2826.4,1628,247,6010.2197
0,341,1,2,2074.0,1232,247,3642.1397
0,342,3,2,2074.0,1232,247,3642.1397
0,343,3,1,470.3,14,2,0.2197
0,344,1,2,2339.0,967,194,3360.1027
0,345,1,1,470.3,14,2,0.2197
0,346,1,0,2990.4,1464,295,6320.2027
0,347,1,2,2076.0,1230,245,3642.1397
0,348,3,2,2074.0,1232,247,3642.1397
0,349,1,1,470.3,14,2,0.2197
0,350,3,2,2076.0,1230,245,3642.1397
0,351,1,2,2074.0,1232,247,3642.1397
0,352,1,0,2856.4,1598,293,6800.6907
0,353,1,1,468.3,16,4,0.2197
0,354,1,1,470.3,14,2,0.2197
0,355,1,0,2992.4,1462,293,6320.2027
0,356,1,1,470.3,14,2,0.2197
0,357,3,1,470.3,14,2,0.2197
0,358,1,1,470.3,14,2,0.2197
0,359,1,1,470.3,14,2,0.2197
0,360,1,1,470.3,14,2,0.2197
0,361,1,2,2339.0,967,194,3360.1027
0,362,1,2,2339.0,967,194,3360.1027
0,363,1,0,2826.4,1628,247,6010.2197
0,364,1,2,2076.0,1230,245,3642.1397
0,365,1,1,470.3,14,2,0.2197
0,366,1,2,2238.0,1068,194,3716.9357
0,367,1,1,470.3,14,2,0.2197
0,368,3,1,470.3,14,2,0.2197
0,369,1,0,2819.4,1635,247,6010.37349
0,370,1,0,2990.4,1464,295,6320.2027
0,371,1,2,2074.0,1232,247,3642.1397
0,372,3,1,470.3,14,2,0.2197
0,373,1,0,2739.4,1715,247,6270.7847
0,374,1,2,2287.0,1019,194,3543.8187
0,375,3,2,2074.0,1232,247,3642.1397
0,376,1,0,2826.4,1628,247,6010.2197
0,377,1,1,470.3,14,2,0.2197
0,378,3,1,470.3,14,2,0.2197
0,379,3,0,2905.4,1549,293,6627.5737
0,380,3,2,2074.0,1232,247,3642.1397
0,381,1,0,2727.4,1727,346,6602.2397
0,382,1,0,2990.4,1464,295,6320.2027
0,383,1,2,2059.0,1247,245,3693.0547
0,384,3,0,2937.4,1517,293,6514.5177
0,385,1,2,2074.0,1232,247,3642.1397
0,386,1,1,470.3,14,2,0.2197
0,387,3,2,2076.0,1230,245,3642.1397
0,388,1,2,2074.0,1232,247,3642.1397
0,389,1,1,460.3,24,2,0.4394
0,390,1,2,2339.0,967,194,3360.1027
0,391,1,1,470.3,14,2,0.2197
0,392,1,0,2558.4,1896,297,6320.2027
0,393,1,0,2267.4,2187,251,6010.2197
0,394,3,1,470.3,14,2,0.2197
0,395,1,2,2034.0,1272,196,3872.3877
0,396,1,0,2567.4,1887,350,7032.7997
0,397,3,1,470.3,14,2,0.2197
0,398,3,0,2529.4,1925,350,6620.1797
0,399,1,1,470.3,14,2,0.2197
0,400,1,1,470.3,14,2,0.2197
0,401,1,2,1879.0,1427,196,3603.8797
0,402,1,1,470.3,14,2,0.2197
0,403,1,0,2533.4,1921,350,6913.1997
0,404,3,2,2062.0,1244,249,3642.1397
0,405,1,0,2603.4,1851,350,6644.0997
0,406,1,0,2587.4,1867,348,7033.4297
0,407,1,0,2638.4,1816,350,6650.0797
0,408,1,2,2029.0,1277,196,3780.5297
0,409,1,2,1866.0,1440,249,4070.4247
0,410,1,1,418.3,66,4,0.2197
0,411,1,0,2567.4,1887,297,7984.6607
0,412,1,0,2257.4,2197,295,8909.8917
0,413,1,2,1815.0,1491,245,4364.3741
0,414,3,0,2575.4,1879,350,7084.32849
0,415,1,2,2034.0,1272,249,3725.9997
0,416,1,0,2333.4,2121,247,7486.7547
0,417,3,0,2790.4,1664,295,6952.14564
0,418,1,0,2144.4,2310,346,8348.3247
0,419,1,1,439.3,45,4,0.2197
0,420,3,2,2076.0,1230,245,3642.1397
0,421,1,1,465.3,19,4,0.2197
0,422,1,0,2791.4,1663,295,6881.9497
0,423,1,0,2821.4,1633,249,6010.2197
0,424,1,0,2764.4,1690,251,6115.0447
0,425,1,2,2091.0,1215,194,4236.2867
0,426,1,1,470.3,14,2,0.2197
0,427,3,1,470.3,14,2,0.2197
0,428,3,2,2030.0,1276,249,3737.9797
0,429,1,1,458.3,26,4,0.2197
0,430,3,2,2074.0,1232,247,3642.1397
0,431,1,2,2224.0,1082,194,3766.3977
0,432,1,2,2064.0,1242,245,3678.0797
0,433,3,0,2892.4,1562,293,6673.5027
0,434,1,0,2826.4,1628,247,6010.2197
0,435,1,2,2067.0,1239,247,3642.29349
0,436,3,0,2822.4,1632,247,6022.1997
0,437,3,2,2074.0,1232,247,3642.1397
0,438,3,0,2729.4,1725,293,7245.87067
0,439,1,2,1996.0,1310,247,3869.80364
0,440,1,1,470.3,14,2,0.2197
0,441,3,1,470.3,14,2,0.2197
0,442,1,1,470.3,14,2,0.2197
0,443,1,0,2992.4,1462,293,6320.2027
0,444,1,1,470.3,14,2,0.2197
0,445,1,0,2727.4,1727,346,6602.2397
0,446,1,2,2151.0,1155,194,4024.3067
0,447,1,1,470.3,14,2,0.2197
0,448,3,0,2826.4,1628,247,6010.2197
0,449,1,0,2826.4,1628,247,6010.2197
0,450,1,2,2076.0,1230,245,3642.1397
0,451,1,2,2180.0,1126,194,3921.8497
0,452,1,1,470.3,14,2,0.2197
0,453,3,1,470.3,14,2,0.2197
0,454,1,0,2970.4,1484,295,6320.6421
0,455,1,1,463.3,21,2,0.37349
0,456,1,2,2148.0,1158,194,4034.9057
0,457,3,1,470.3,14,2,0.2197
0,458,1,2,2076.0,1230,245,3642.1397
0,459,1,2,2076.0,1230,245,3642.1397
0,460,1,1,470.3,14,2,0.2197
0,461,3,0,2826.4,1628,247,6010.2197
0,462,1,2,2074.0,1232,247,3642.1397
0,463,1,0,2826.4,1628,247,6010.2197
0,464,1,0,2917.4,1537,293,6585.1777
0,465,3,0,2860.4,1594,293,6786.5587
0,466,3,0,2725.4,1729,348,6602.2397
0,467,1,0,2367.4,2087,350,6602.2397
0,468,1,2,2072.0,1234,247,3642.18364
0,469,1,1,470.3,14,2,0.2197
0,470,1,0,2662.4,1792,297,6645.2387
0,471,1,1,470.3,14,2,0.2197
0,472,1,0,2886.4,1568,297,6602.8427
0,473,1,1,470.3,14,2,0.2197
0,474,1,2,2063.0,1243,249,3642.1397
0,475,1,0,2692.4,1762,251,6010.2197
0,476,1,2,2066.0,1240,249,3642.1397
0,477,1,0,2746.4,1708,297,6511.5627
0,478,1,0,2594.4,1860,348,7021.4497
0,479,3,2,2200.0,1106,196,3540.2857
0,480,3,0,2722.4,1732,348,6620.1797
0,481,1,0,2662.4,1792,346,6817.8097
0,482,1,2,1946.0,1360,247,4016.5147
0,483,1,2,2073.0,1233,247,3645.1347
0,484,1,2,1912.0,1394,247,4127.3297
0,485,3,0,2952.4,1502,295,6454.4567
0,486,1,1,407.3,77,4,0.4394
0,487,1,0,2904.4,1550,293,6631.1067
0,488,3,1,318.3,166,4,0.2197
0,489,1,0,2811.4,1643,247,6055.1447
0,490,1,1,369.3,115,4,0.2197
0,491,1,0,2377.4,2077,293,8485.97564
0,492,1,1,388.3,96,4,0.2197
0,493,3,2,2057.0,1249,247,3693.0547
0,494,1,0,2826.4,1628,247,6010.2197
0,495,1,1,468.3,16,4,0.2197
0,496,1,0,2905.4,1549,295,6620.5077
0,497,1,2,2074.0,1232,247,3642.1397
0,498,3,0,2727.4,1727,346,6602.2397
0,499,1,2,2074.0,1232,247,3642.1397
0,500,1,1,470.3,14,2,0.2197
0,501,1,0,2990.4,1464,295,6320.2027
0,502,1,1,470.3,14,2,0.2197
0,503,1,2,2312.0,994,194,3455.4937
0,504,1,1,470.3,14,2,0.2197
0,505,1,2,2074.0,1232,247,3642.1397
0,506,1,2,2076.0,1230,245,3642.1397
0,507,1,0,2868.4,1586,293,6758.2947
0,508,1,2,2339.0,967,194,3360.1027
0,509,3,2,2339.0,967,194,3360.1027
0,510,1,1,470.3,14,2,0.2197
0,511,1,0,2824.4,1630,249,6010.2197
0,512,1,1,470.3,14,2,0.2197
0,513,1,2,2076.0,1230,245,3642.1397
0,514,1,2,2278.0,1028,194,3575.6157
0,515,3,0,2983.4,1471,293,6351.9997
0,516,1,0,2727.4,1727,346,6602.2397
0,517,1,2,2074.0,1232,247,3642.1397
0,518,1,0,2727.4,1727,346,6602.2397
0,519,1,0,2725.4,1729,348,6602.2397
0,520,3,0,2725.4,1729,348,6602.2397
0,521,3,1,470.3,14,2,0.2197
0,522,1,1,470.3,14,2,0.2197
0,523,1,0,2985.4,1469,293,6320.35649
0,524,1,1,470.3,14,2,0.2197
0,525,1,0,2992.4,1462,293,6320.2027
0,526,1,1,470.3,14,2,0.2197
0,527,1,1,470.3,14,2,0.2197
0,528,1,1,470.3,14,2,0.2197
0,529,3,0,2992.4,1462,293,6320.2027
0,530,3,0,2954.4,1500,293,6454.4567
0,531,1,2,2076.0,1230,245,3642.1397
0,532,3,1,470.3,14,2,0.2197
0,533,1,2,2179.0,1127,194,3925.3827
0,534,1,2,1500.0,1806,249,3947.6297
0,535,1,1,470.3,14,2,0.2197
0,536,1,0,2191.4,2263,350,9741.76167
0,537,3,2,2077.0,1229,196,3614.4787
0,538,1,2,1966.0,1340,249,3642.1397
0,539,1,1,470.3,14,2,0.2197
0,540,1,2,2055.0,1251,249,3642.1397
0,541,3,2,2076.0,1230,245,3642.1397
0,542,1,0,2781.4,1673,251,6010.2197
0,543,1,1,470.3,14,2,0.2197
0,544,3,0,2492.4,1962,297,8265.8327
0,545,1,2,2049.0,1257,249,3672.0897
0,546,3,0,2779.4,1675,251,6109.09864
0,547,3,2,2107.0,1199,196,3451.9607
0,548,1,2,1684.0,1622,249,4175.84289
0,549,3,1,283.3,201,4,0.24167
0,550,1,1,280.3,204,4,0.46137
0,551,1,2,1736.0,1570,249,4103.3697
0,552,1,2,1571.0,1735,194,6073.4467
0,553,3,2,2003.0,1303,249,3818.8447
0,554,3,1,383.3,101,4,0.2197
0,555,1,2,2076.0,1230,245,3642.1397
0,556,3,2,2203.0,1103,194,3840.5907
0,557,1,1,111.3,373,4,0.2197
0,558,1,1,117.3,367,4,0.24167
0,559,1,1,286.3,198,4,0.2197
0,560,1,2,2073.0,1233,245,3651.1247
0,561,1,1,462.3,22,4,0.2197
0,562,1,2,2071.0,1235,247,3648.15167
0,563,3,0,2536.4,1918,346,7159.41955
0,564,3,2,2073.0,1233,247,3645.1347
0,565,1,0,2560.4,1894,346,7102.4047
0,566,1,2,2022.0,1284,247,3797.8797
0,567,1,2,2125.0,1181,194,4116.1647
0,568,3,1,470.3,14,2,0.2197
0,569,1,2,2299.0,1007,194,3501.4227
0,570,1,0,2826.4,1628,247,6010.2197
0,571,1,0,2727.4,1727,346,6602.2397
0,572,1,2,2128.0,1178,194,4105.5657
0,573,1,0,2800.4,1654,247,6088.0897
0,574,1,2,2328.0,978,194,3398.9657
0,575,1,2,2076.0,1230,245,3642.1397
0,576,1,1,470.3,14,2,0.2197
0,577,1,0,2578.4,1876,297,7033.8687
0,578,1,1,470.3,14,2,0.2197
0,579,1,2,2325.0,981,194,3409.5647
0,580,1,1,470.3,14,2,0.2197
0,581,1,0,2689.4,1765,350,6668.0197
0,582,1,0,2686.4,1768,350,6704.1194
0,583,1,0,2501.4,1953,346,7852.43319
0,584,1,1,470.3,14,2,0.2197
0,585,3,1,470.3,14,2,0.2197
0,586,1,0,2676.4,1778,348,6895.2597
0,587,3,2,1836.0,1470,249,3642.1397
0,588,1,1,470.3,14,2,0.2197
0,589,3,2,2204.0,1102,196,3388.3667
0,590,1,1,470.3,14,2,0.2197
0,591,3,0,2927.4,1527,293,6684.4327
0,592,3,1,463.3,21,2,0.37349
0,593,1,0,2826.4,1628,247,6010.2197
0,594,1,0,2727.4,1727,346,6602.2397
0,595,1,0,2813.4,1641,247,6049.1547
0,596,3,0,2719.4,1735,346,6626.1997
0,597,1,0,2687.4,1767,295,7390.7017
0,598,1,2,2339.0,967,194,3360.1027
0,599,3,2,2074.0,1232,247,3642.1397
0,600,1,2,2076.0,1230,245,3642.1397
0,601,1,2,2339.0,967,194,3360.1027
0,602,3,0,2992.4,1462,293,6320.2027
0,603,3,1,470.3,14,2,0.2197
0,604,1,1,470.3,14,2,0.2197
0,605,3,0,2826.4,1628,247,6010.2197
0,606,1,0,2992.4,1462,293,6320.2027
0,607,1,1,470.3,14,2,0.2197
0,608,1,0,2990.4,1464,295,6320.2027
0,609,3,1,470.3,14,2,0.2197
0,610,1,0,2826.4,1628,247,6010.2197
0,611,3,2,2066.0,1240,245,3642.3594
0,612,1,0,2716.4,1738,346,6602.48137
0,613,1,1,470.3,14,2,0.2197
0,614,1,1,470.3,14,2,0.2197
0,615,1,2,2339.0,967,194,3360.1027
0,616,1,0,2992.4,1462,293,6320.2027
0,617,1,2,2076.0,1230,245,3642.1397
0,618,1,1,470.3,14,2,0.2197
0,619,3,2,2339.0,967,194,3360.1027
0,620,1,2,2339.0,967,194,3360.1027
0,621,3,2,2076.0,1230,245,3642.1397
0,622,3,1,470.3,14,2,0.2197
0,623,1,1,470.3,14,2,0.2197
0,624,1,1,470.3,14,2,0.2197
0,625,1,2,2301.0,1005,194,3494.3567
0,626,3,1,470.3,14,2,0.2197
0,627,1,1,470.3,14,2,0.2197
0,628,3,1,470.3,14,2,0.2197
0,629,3,1,470.3,14,2,0.2197
0,630,1,0,2992.4,1462,293,6320.2027
0,631,1,0,2826.4,1628,247,6010.2197
0,632,3,0,2823.4,1631,249,6010.24167
0,633,1,1,470.3,14,2,0.2197
0,634,1,2,2329.0,977,194,3360.3224
0,635,1,0,2814.4,1640,247,6010.48334
0,636,1,0,2727.4,1727,346,6602.2397
0,637,1,0,2796.4,1658,295,7005.6047
0,638,1,2,2074.0,1232,247,3642.1397
0,639,3,0,2828.4,1626,293,6899.6147
0,640,3,1,470.3,14,2,0.2197
0,641,1,1,470.3,14,2,0.2197
0,642,1,0,2727.4,1727,346,6602.2397
0,643,3,1,470.3,14,2,0.2197
0,644,1,1,470.3,14,2,0.2197
0,645,1,2,2070.0,1236,247,3642.22758
0,646,3,0,2836.4,1618,293,6871.3507
0,647,1,1,470.3,14,2,0.2197
0,648,3,1,470.3,14,2,0.2197
0,649,3,1,470.3,14,2,0.2197
0,650,1,0,2720.4,1734,297,6320.2027
0,651,1,2,2066.0,1240,249,3642.1397
0,652,1,0,2526.4,1928,295,7018.6647
0,653,1,0,2646.4,1808,348,7038.7797
0,654,1,2,2062.0,1244,249,3642.1397
0,655,1,0,2713.4,1741,348,6673.9997
0,656,3,2,2076.0,1230,245,3642.1397
0,657,1,0,2720.4,1734,348,6632.1397
0,658,1,0,2943.4,1511,293,6493.3197
0,659,3,0,2722.4,1732,348,6620.1797
0,660,1,1,137.3,347,4,0.2197
0,661,1,0,2468.4,1986,346,7377.9447
0,662,3,0,2776.4,1678,295,7076.2647
0,663,1,2,1962.0,1344,245,3983.5697
0,664,1,1,446.3,38,4,0.2197
0,665,3,1,461.3,23,4,0.2197
0,666,1,2,2244.0,1062,194,3695.7377
0,667,1,2,2056.0,1250,247,3696.0497
0,668,1,1,264.3,220,4,0.2197
0,669,1,1,470.3,14,2,0.2197
0,670,3,1,470.3,14,2,0.2197
0,671,1,2,2339.0,967,194,3360.1027
0,672,1,2,2339.0,967,194,3360.1027
0,673,3,0,2709.4,1745,350,6620.22364
0,674,1,1,470.3,14,2,0.2197
0,675,3,2,1868.0,1438,249,3642.1397
0,676,1,0,2494.4,1960,350,6691.9397
0,677,1,2,2022.0,1284,196,3533.2197
0,678,1,2,2071.0,1235,247,3642.1397
0,679,1,2,2076.0,1230,245,3642.1397
0,680,1,0,2905.4,1549,293,6627.5737
0,681,1,0,2495.4,1959,350,6644.0997
0,682,1,0,2539.4,1915,350,6620.1797
0,683,3,0,2715.4,1739,350,6602.2397
0,684,1,2,1741.0,1565,249,4031.51167
0,685,1,1,362.3,122,4,0.2197
0,686,3,1,313.3,171,4,0.2197
0,687,1,1,333.3,151,4,0.2197
0,688,3,2,2089.0,1217,196,3572.0827
0,689,1,0,2577.4,1877,249,6708.16455
0,690,1,2,1988.0,1318,196,4374.0737
0,691,1,1,401.3,83,4,0.2197
0,692,1,1,462.3,22,4,0.2197
0,693,1,1,470.3,14,2,0.2197
0,694,1,1,470.3,14,2,0.2197
0,695,1,2,1936.0,1370,249,3642.1397
0,696,1,0,2713.4,1741,346,6659.0947
0,697,1,0,2350.4,2104,346,7731.3547
0,698,1,2,2302.0,1004,194,3490.8237
0,699,3,0,2716.4,1738,348,6629.1947
0,700,1,2,2183.0,1123,194,3911.2507
0,701,1,2,2051.0,1255,247,3681.2944
0,702,1,1,436.3,48,4,0.2197
0,703,1,2,2038.0,1268,247,3726.17546
0,704,3,2,2074.0,1232,247,3642.1397
0,705,1,0,2689.4,1765,346,6716.0497
0,706,3,1,451.3,33,4,0.2197
0,707,1,2,2339.0,967,194,3360.1027
0,708,1,0,2985.4,1469,295,6337.8677
0,709,3,1,470.3,14,2,0.2197
0,710,1,0,2992.4,1462,293,6320.2027
0,711,1,1,470.3,14,2,0.2197
0,712,1,0,2992.4,1462,293,6320.2027
0,713,3,2,2177.0,1129,194,3932.4487
0,714,1,2,2076.0,1230,245,3642.1397
0,715,1,1,470.3,14,2,0.2197
0,716,1,1,470.3,14,2,0.2197
0,717,1,2,2339.0,967,194,3360.1027
0,718,3,2,2195.0,1111,194,3868.8547
0,719,1,0,2826.4,1628,247,6010.2197
0,720,1,1,470.3,14,2,0.2197
0,721,3,0,2826.4,1628,247,6010.2197
0,722,3,0,2826.4,1628,247,6010.2197
0,723,3,2,2229.0,1077,194,3748.7327
0,724,1,2,2339.0,967,194,3360.1027
0,725,1,0,2723.4,1731,346,6602.32758
0,726,1,1,470.3,14,2,0.2197
0,727,1,0,2727.4,1727,346,6602.2397
0,728,1,2,2039.0,1267,247,3746.9647
0,729,3,2,2195.0,1111,194,3868.8547
0,730,1,0,2727.4,1727,346,6602.2397
0,731,1,1,470.3,14,2,0.2197
0,732,1,0,2990.4,1464,295,6320.2027
0,733,1,1,470.3,14,2,0.2197
0,734,1,0,2727.4,1727,346,6602.2397
0,735,3,1,470.3,14,2,0.2197
0,736,1,1,470.3,14,2,0.2197
0,737,1,1,470.3,14,2,0.2197
0,738,1,1,470.3,14,2,0.2197
0,739,1,1,470.3,14,2,0.2197
0,740,3,0,2990.4,1464,295,6320.2027
0,741,1,0,2992.4,1462,293,6320.2027
0,742,1,1,470.3,14,2,0.2197
0,743,1,2,2284.0,1022,194,3554.4177
0,744,1,0,2992.4,1462,293,6320.2027
0,745,3,1,470.3,14,2,0.2197
0,746,3,0,2826.4,1628,247,6010.2197
0,747,3,2,2076.0,1230,245,3642.1397
0,748,1,1,470.3,14,2,0.2197
0,749,1,2,2076.0,1230,245,3642.1397
0,750,1,1,470.3,14,2,0.2197
0,751,3,2,2339.0,967,194,3360.1027
0,752,3,2,2255.0,1051,194,3653.36367
0,753,3,2,2071.0,1235,245,3642.24955
0,754,3,2,2074.0,1232,247,3642.1397
0,755,1,0,2727.4,1727,346,6602.2397
0,756,1,0,2826.4,1628,247,6010.2197
0,757,3,0,2826.4,1628,247,6010.2197
0,758,1,0,2941.4,1513,295,6493.3197
0,759,1,2,2339.0,967,194,3360.1027
0,760,1,0,2816.4,1638,251,6010.2197
0,761,1,0,2826.4,1628,247,6010.2197
0,762,3,1,470.3,14,2,0.2197
0,763,1,0,2984.4,1470,297,6320.2027
0,764,1,2,1945.0,1361,249,3872.90849
0,765,3,0,2963.4,1491,293,6422.6597
0,766,1,2,2066.0,1240,249,3642.1397
0,767,1,2,1990.0,1316,249,3642.1397
0,768,3,2,2062.0,1244,249,3642.1397
0,769,1,0,2724.4,1730,346,6620.1797
0,770,1,1,466.3,18,2,0.30758
0,771,3,2,2065.0,1241,247,3642.1397
0,772,1,1,247.3,237,4,0.2197
0,773,3,2,2023.0,1283,194,4476.5307
0,774,1,1,470.3,14,2,0.2197
0,775,3,2,2339.0,967,194,3360.1027
0,776,1,2,1892.0,1414,245,4193.2197
0,777,1,0,2570.4,1884,346,7072.4547
0,778,1,0,2578.4,1876,348,7042.5047
0,779,1,2,2045.0,1261,245,3734.9847
0,780,1,0,2807.4,1647,247,6067.1247
0,781,1,0,2725.4,1729,348,6602.2397
0,782,1,1,287.3,197,4,0.2197
0,783,3,1,417.3,67,4,0.2197
0,784,3,1,470.3,14,2,0.2197
0,785,1,2,2339.0,967,194,3360.1027
0,786,1,0,2992.4,1462,293,6320.2027
0,787,3,1,470.3,14,2,0.2197
0,788,1,1,470.3,14,2,0.2197
0,789,1,0,2727.4,1727,346,6602.2397
0,790,3,1,470.3,14,2,0.2197
0,791,1,1,470.3,14,2,0.2197
0,792,1,1,470.3,14,2,0.2197
0,793,3,2,2339.0,967,194,3360.1027
0,794,1,0,2992.4,1462,293,6320.2027
0,795,1,1,470.3,14,2,0.2197
0,796,1,0,2826.4,1628,247,6010.2197
0,797,3,2,2076.0,1230,245,3642.1397
0,798,1,1,470.3,14,2,0.2197
0,799,3,0,2813.4,1641,295,6945.5437
0,800,1,1,470.3,14,2,0.2197
0,801,1,1,470.3,14,2,0.2197
0,802,1,0,2717.4,1737,346,6632.1897
0,803,1,2,2128.0,1178,194,4070.4554
0,804,1,1,470.3,14,2,0.2197
0,805,3,1,470.3,14,2,0.2197
0,806,1,0,2992.4,1462,293,6320.2027
0,807,1,2,2076.0,1230,245,3642.1397
0,808,3,2,2074.0,1232,247,3642.1397
0,809,3,2,2206.0,1100,194,3829.9917
0,810,3,2,2076.0,1230,245,3642.1397
0,811,1,0,2727.4,1727,346,6602.2397
0,812,1,2,2074.0,1232,247,3642.1397
0,813,1,1,470.3,14,2,0.2197
0,814,1,2,2174.0,1132,194,3943.0477
0,815,3,1,470.3,14,2,0.2197
0,816,1,2,2183.0,1123,194,3911.2507
0,817,3,1,470.3,14,2,0.2197
0,818,1,2,2074.0,1232,247,3642.1397
0,819,1,1,470.3,14,2,0.2197
0,820,1,2,1918.0,1388,249,3642.1397
0,821,1,0,2713.4,1741,346,6685.9597
0,822,1,2,2000.0,1306,249,3642.1397
0,823,1,2,2064.0,1242,249,3642.1397
0,824,3,1,470.3,14,2,0.2197
0,825,1,2,2339.0,967,194,3360.1027
0,826,1,2,2339.0,967,194,3360.1027
0,827,1,2,2076.0,1230,245,3642.1397
0,828,3,0,2727.4,1727,346,6602.2397
0,829,3,0,2826.4,1628,247,6010.2197
0,830,3,2,2066.0,1240,245,3642.3594
0,831,3,0,2558.4,1896,293,7853.5247
0,832,3,2,2069.0,1237,245,3663.1047
0,833,3,1,328.3,156,4,0.2197
0,834,1,0,2655.4,1799,249,6516.3747
0,835,1,0,2837.4,1617,295,6860.7517
0,836,1,2,2076.0,1230,245,3642.1397
0,837,3,1,470.3,14,2,0.2197
0,838,1,1,470.3,14,2,0.2197
0,839,1,2,2074.0,1232,247,3642.1397
0,840,3,0,2992.4,1462,293,6320.2027
0,841,1,2,2293.0,1013,194,3522.6207
0,842,1,1,470.3,14,2,0.2197
0,843,1,2,2076.0,1230,245,3642.1397
0,844,1,0,2824.4,1630,249,6010.2197
0,845,3,1,470.3,14,2,0.2197
0,846,1,2,2076.0,1230,245,3642.1397
0,847,3,2,2074.0,1232,247,3642.1397
0,848,3,1,470.3,14,2,0.2197
0,849,3,0,2845.4,1609,293,6839.5537
0,850,1,2,2143.0,1163,194,4052.5707
0,851,1,0,2727.4,1727,346,6602.2397
0,852,3,1,470.3,14,2,0.2197
0,853,1,0,2727.4,1727,346,6602.2397
0,854,3,1,470.3,14,2,0.2197
0,855,3,0,2725.4,1729,348,6602.2397
0,856,1,2,2259.0,1047,196,3635.6767
0,857,1,0,2992.4,1462,293,6320.2027
0,858,3,2,2339.0,967,194,3360.1027
0,859,1,0,2826.4,1628,247,6010.2197
0,860,3,2,2070.0,1236,247,3642.22758
0,861,1,2,2185.0,1121,194,3904.1847
0,862,1,2,2076.0,1230,245,3642.1397
0,863,1,0,2787.4,1667,295,7026.8027
0,864,1,0,2821.4,1633,251,6010.2197
0,865,1,0,2824.4,1630,249,6010.2197
0,866,1,1,465.3,19,2,0.32955
0,867,1,2,2065.0,1241,249,3642.1397
0,868,3,2,2100.0,1206,196,4034.9057
0,869,1,1,470.3,14,2,0.2197
0,870,1,0,2733.4,1721,247,6288.7547
0,871,1,2,2336.0,970,194,3370.7017
0,872,3,1,470.3,14,2,0.2197
0,873,1,0,2826.4,1628,247,6010.2197
0,874,1,2,2066.0,1240,249,3642.1397
0,875,3,0,2824.4,1630,249,6010.2197
0,876,3,1,461.3,23,4,0.2197
0,877,3,0,2717.4,1737,346,6611.37849
0,878,3,2,2279.0,1027,194,3572.0827
0,879,1,0,2917.4,1537,293,6585.1777
0,880,3,0,2727.4,1727,346,6602.2397
0,881,1,2,2076.0,1230,245,3642.1397
0,882,3,0,2727.4,1727,346,6602.2397
0,883,1,0,2574.4,1880,348,7054.4847
0,884,1,1,410.3,74,4,0.2197
0,885,1,2,2131.0,1175,194,4094.9667
0,886,1,2,2302.0,1004,194,3490.8237
0,887,1,2,2076.0,1230,245,3642.1397
0,888,1,1,470.3,14,2,0.2197
0,889,1,1,470.3,14,2,0.2197
0,890,1,0,2816.4,1638,251,6010.2197
0,891,1,0,2383.4,2071,251,6010.2197
0,892,1,1,470.3,14,2,0.2197
0,893,3,1,470.3,14,2,0.2197
0,894,1,1,470.3,14,2,0.2197
0,895,1,0,2708.4,1746,297,7665.7027
0,896,1,0,2845.4,1609,297,6960.0627
0,897,1,1,470.3,14,2,0.2197
0,898,3,0,2497.4,1957,350,6620.1797
0,899,3,2,2067.0,1239,249,3642.1397
0,900,1,0,2615.4,1839,348,7122.58758
0,901,3,0,2715.4,1739,348,6644.0997
0,902,1,0,2722.4,1732,348,6620.1797
0,903,1,0,2702.4,1752,346,6751.7397
0,904,1,1,429.3,55,4,0.2197
0,905,1,2,2339.0,967,194,3360.1027
0,906,3,1,154.3,330,4,0.2197
0,907,3,0,2990.4,1464,295,6320.2027
0,908,1,2,1959.0,1347,249,3980.5747
0,909,1,2,1962.0,1344,247,3965.68758
0,910,1,0,2570.4,1884,346,7072.4547
0,911,3,1,408.3,76,4,0.2197
0,912,1,0,2413.4,2041,346,7542.6697
0,913,1,1,301.3,183,4,0.2197
0,914,1,1,455.3,29,4,0.2197
0,915,3,1,470.3,14,2,0.2197
0,916,1,0,2992.4,1462,293,6320.2027
0,917,1,0,2990.4,1464,295,6320.2027
0,918,1,1,470.3,14,2,0.2197
0,919,1,0,2826.4,1628,247,6010.2197
0,920,3,1,470.3,14,2,0.2197
0,921,3,1,470.3,14,2,0.2197
0,922,3,2,2339.0,967,194,3360.1027
0,923,1,1,470.3,14,2,0.2197
0,924,1,2,2339.0,967,194,3360.1027
0,925,1,2,2076.0,1230,245,3642.1397
0,926,1,2,2076.0,1230,245,3642.1397
0,927,1,1,460.3,24,2,0.4394
0,928,3,1,470.3,14,2,0.2197
0,929,3,2,2076.0,1230,245,3642.1397
0,930,1,1,470.3,14,2,0.2197
0,931,1,2,2074.0,1232,247,3642.1397
0,932,3,2,2074.0,1232,247,3642.1397
0,933,1,1,470.3,14,2,0.2197
0,934,3,1,470.3,14,2,0.2197
0,935,1,0,2827.4,1627,295,6896.0817
0,936,1,0,2990.4,1464,295,6320.2027
0,937,1,2,2076.0,1230,245,3642.1397
0,938,3,1,470.3,14,2,0.2197
0,939,1,1,470.3,14,2,0.2197
0,940,3,2,2076.0,1230,245,3642.1397
0,941,3,2,2074.0,1232,247,3642.1397
0,942,1,0,2727.4,1727,346,6602.2397
0,943,1,1,470.3,14,2,0.2197
0,944,1,1,470.3,14,2,0.2197
0,945,1,2,2339.0,967,194,3360.1027
0,946,1,0,2992.4,1462,293,6320.2027
0,947,1,2,2076.0,1230,245,3642.1397
0,948,1,1,470.3,14,2,0.2197
0,949,1,0,2816.4,1638,251,6010.2197
0,950,1,1,470.3,14,2,0.2197
0,951,1,0,2781.4,1673,297,7513.4807
0,952,1,0,2658.4,1796,293,8317.5227
0,953,1,2,2066.0,1240,249,3642.1397
0,954,1,0,2826.4,1628,247,6010.2197
0,955,1,2,1999.0,1307,249,3642.1397
0,956,1,0,2724.4,1730,346,6620.1797
0,957,1,2,2074.0,1232,247,3642.1397
0,958,3,2,2074.0,1232,247,3642.1397
0,959,1,2,2067.0,1239,247,3642.29349
0,960,3,1,93.3,391,4,0.2197
0,961,1,0,2966.4,1488,293,6412.0607
0,962,3,0,2992.4,1462,293,6320.2027
0,963,1,1,404.3,80,4,0.26364
0,964,1,2,1901.0,1405,245,4166.2647
0,965,3,1,470.3,14,2,0.2197
0,966,3,1,469.3,15,2,0.24167
0,967,1,0,2992.4,1462,293,6320.2027
0,968,1,2,2176.0,1130,194,3935.9817
0,969,1,1,470.3,14,2,0.2197
0,970,1,0,2727.4,1727,346,6602.2397
0,971,1,2,2074.0,1232,247,3642.1397
0,972,1,0,2725.4,1729,348,6602.2397
0,973,1,0,2826.4,1628,247,6010.2197
0,974,3,1,470.3,14,2,0.2197
0,975,3,2,2074.0,1232,247,3642.1397
0,976,1,2,2339.0,967,194,3360.1027
0,977,1,2,2339.0,967,194,3360.1027
0,978,1,1,470.3,14,2,0.2197
0,979,1,2,2287.0,1019,194,3543.8187
0,980,3,0,2826.4,1628,247,6010.2197
0,981,1,0,2822.4,1632,247,6010.30758
0,982,1,1,470.3,14,2,0.2197
0,983,3,0,2988.4,1466,297,6320.2027
0,984,1,1,470.3,14,2,0.2197
0,985,1,2,2279.0,1027,194,3572.0827
0,986,3,2,2074.0,1232,247,3642.1397
0,987,3,1,460.3,24,2,0.4394
0,988,1,0,2707.4,1747,346,6602.6791
0,989,1,1,470.3,14,2,0.2197
0,990,1,0,2727.4,1727,346,6602.2397
0,991,3,2,2074.0,1232,247,3642.1397
0,992,3,2,2339.0,967,194,3360.1027
0,993,1,1,470.3,14,2,0.2197
0,994,3,0,2990.4,1464,295,6320.2027
0,995,3,1,470.3,14,2,0.2197
0,996,1,2,2076.0,1230,245,3642.1397
0,997,3,0,2786.4,1668,247,6130.0197
0,998,3,2,2191.0,1115,194,3882.9867
0,999,1,2,2266.0,1040,194,3618.0117
1,331,1,1,-588.7,1073,2,3618.0117
Time: 60893, 250494, 966912, 375590
