CONFIGURATION:
{u'simulation': {u'stdev_factor': 0.01, u'power_mgmt_enabled': False, u'tasks': {u'loc': {u'mean_service_time': {u'gpu': 90, u'cpu_core': 200, u'loc_accel': 10}, u'priority': 1, u'deadline': 1000, u'stdev_service_time': {u'gpu': 0.9, u'cpu_core': 2.0, u'loc_accel': 0.1}, u'power': {u'gpu': 4.457, u'cpu_core': 6.133, u'loc_accel': 0.02197}}, u'detect': {u'mean_service_time': {u'gpu': 0.4607, u'cpu_core': 3.654, u'det_accel': 0.278}, u'priority': 2, u'deadline': 1000, u'stdev_service_time': {u'gpu': 0.004607, u'cpu_core': 0.03654, u'det_accel': 0.0027800000000000004}, u'power': {u'gpu': 90, u'cpu_core': 200, u'det_accel': 10}}, u'Frontier': {u'mean_service_time': {u'cpu_core': 396}, u'priority': 9, u'deadline': 1000, u'stdev_service_time': {u'cpu_core': 3.96}, u'power': {u'cpu_core': 5.98}}, u'track': {u'mean_service_time': {u'gpu': 17, u'tra_accel': 2, u'cpu_core': 1820}, u'priority': 3, u'deadline': 1000, u'stdev_service_time': {u'gpu': 0.17, u'tra_accel': 0.02, u'cpu_core': 18.2}, u'power': {u'gpu': 12.79, u'tra_accel': 0.59, u'cpu_core': 5.6}}, u'sp': {u'mean_service_time': {u'gpu': 379, u'cpu_core': 1004}, u'priority': 11, u'deadline': 1000, u'stdev_service_time': {u'gpu': 3.79, u'cpu_core': 10.040000000000001}, u'power': {u'gpu': 3.302, u'cpu_core': 1004}}, u'mission': {u'mean_service_time': {u'cpu_core': 0.0022}, u'priority': 5, u'deadline': 1000, u'stdev_service_time': {u'cpu_core': 2.2000000000000003e-05}, u'power': {u'cpu_core': 3.534}}, u'motion': {u'mean_service_time': {u'cpu_core': 8}, u'priority': 6, u'deadline': 1000, u'stdev_service_time': {u'cpu_core': 0.08}, u'power': {u'cpu_core': 4.222}}, u'collision': {u'mean_service_time': {u'cpu_core': 8}, u'priority': 7, u'deadline': 1000, u'stdev_service_time': {u'cpu_core': 0.08}, u'power': {u'cpu_core': 0}}, u'fusion': {u'mean_service_time': {u'cpu_core': 1}, u'priority': 4, u'deadline': 1000, u'stdev_service_time': {u'cpu_core': 0.01}, u'power': {u'cpu_core': 0}}, u'map': {u'mean_service_time': {u'gpu': 761, u'cpu_core': 973}, u'priority': 10, u'deadline': 1000, u'stdev_service_time': {u'gpu': 7.61, u'cpu_core': 9.73}, u'power': {u'gpu': 3.533, u'cpu_core': 2.995}}, u'path': {u'mean_service_time': {u'cpu_core': 8}, u'priority': 8, u'deadline': 1000, u'stdev_service_time': {u'cpu_core': 0.08}, u'power': {u'cpu_core': 0}}}, u'sched_policy_module': u'policies.ms3_update2', u'drop': True, u'servers': {u'gpu': {u'count': 2}, u'tra_accel': {u'count': 1}, u'cpu_core': {u'count': 8}, u'loc_accel': {u'count': 1}, u'det_accel': {u'count': 1}}, u'max_tasks_simulated': 10000, u'max_queue_size': 1000000, u'mean_arrival_time': 50, u'arrival_time_scale': 2.5}, u'general': {u'random_seed': 0, u'pre_gen_arrivals': False, u'basename': u'policy:ms3_update2__stdev_factor:0.01', u'output_trace_file': None, u'working_dir': u'/home/hiwot/meta-stomp2/sim_16042020_201032_new_arrival_50_map_rheftmapping_50_trace_30', u'input_trace_file': (False, '../mv_mapping_50_trace_30.trc'), u'logging_level': u'INFO'}}

/home/hiwot/meta-stomp2/sim_16042020_201032_new_arrival_50_map_rheftmapping_50_trace_30/../mv_mapping_50_trace_30.trc

Running STOMP simulation...
Dropped,DAG ID,DAG Priority,DAG Type,Slack,Response Time,No-Affinity Time,Energy
0,0,1,0,2378.0,1462,293,6320.2027
0,1,3,2,1883.0,967,194,3360.1027
0,2,3,0,2212.0,1628,247,6010.2197
0,3,1,0,2210.0,1630,249,6010.2197
0,4,3,0,2210.0,1630,249,6010.2197
0,5,1,2,1620.0,1230,245,3642.1397
0,6,1,1,403.5,14,2,0.2197
0,7,3,1,403.5,14,2,0.2197
0,8,3,2,1732.0,1118,194,3893.5857
0,9,3,1,403.5,14,2,0.2197
0,10,3,1,403.5,14,2,0.2197
0,11,1,0,2378.0,1462,293,6320.2027
0,12,3,2,1618.0,1232,247,3642.1397
0,13,3,2,1883.0,967,194,3360.1027
0,14,1,1,403.5,14,2,0.2197
0,15,3,2,1883.0,967,194,3360.1027
0,16,3,0,2212.0,1628,247,6010.2197
0,17,3,0,2212.0,1628,247,6010.2197
0,18,1,0,2212.0,1628,247,6010.2197
0,19,1,0,2111.0,1729,348,6602.2397
0,20,1,2,1618.0,1232,247,3642.1397
0,21,3,2,1742.0,1108,194,3858.2557
0,22,3,1,403.5,14,2,0.2197
0,23,3,2,1700.0,1150,194,4006.6417
0,24,1,1,403.5,14,2,0.2197
0,25,1,1,403.5,14,2,0.2197
0,26,1,1,403.5,14,2,0.2197
0,27,1,1,403.5,14,2,0.2197
0,28,1,1,403.5,14,2,0.2197
0,29,3,0,2021.0,1819,297,6599.3097
0,30,1,0,1833.0,2007,297,7692.4797
0,31,1,0,1873.0,1967,350,7020.8397
0,32,1,0,1937.0,1903,350,7260.0397
0,33,1,0,2044.0,1796,350,6805.5597
0,34,3,0,2069.0,1771,350,6644.0997
0,35,1,0,2043.0,1797,346,7020.8397
0,36,1,1,403.5,14,2,0.2197
0,37,1,1,403.5,14,2,0.2197
0,38,3,0,2104.0,1736,348,6644.0997
0,39,1,2,1610.0,1240,196,4084.3677
0,40,1,1,403.5,14,2,0.2197
0,41,3,1,403.5,14,2,0.2197
0,42,1,1,403.5,14,2,0.2197
0,43,1,0,2261.0,1579,295,6719.47564
0,44,1,2,1597.0,1253,249,3642.1397
0,45,1,2,1344.0,1506,194,5264.3897
0,46,1,2,1481.0,1369,245,4058.4447
0,47,1,0,2002.0,1838,251,6591.2497
0,48,1,0,2204.0,1636,249,6028.1897
0,49,1,2,1671.0,1179,194,4105.5657
0,50,1,2,1502.0,1348,245,3995.5497
0,51,1,1,283.5,134,4,0.2197
0,52,1,1,391.5,26,4,0.2197
0,53,1,1,403.5,14,2,0.2197
0,54,1,2,1618.0,1232,247,3642.1397
0,55,1,2,1618.0,1232,247,3642.1397
0,56,1,0,2178.0,1662,293,7026.8027
0,57,3,0,2326.0,1514,293,6503.9187
0,58,3,1,398.5,19,2,0.32955
0,59,1,0,2212.0,1628,247,6010.2197
0,60,1,2,1618.0,1232,247,3642.1397
0,61,3,0,2111.0,1729,348,6602.2397
0,62,1,1,238.5,179,4,0.2197
0,63,1,1,287.5,130,4,0.2197
0,64,1,2,1620.0,1230,245,3642.1397
0,65,1,1,403.5,14,2,0.2197
0,66,1,1,403.5,14,2,0.2197
0,67,1,2,1865.0,985,194,3423.6967
0,68,1,1,403.5,14,2,0.2197
0,69,1,0,2360.0,1480,293,6383.7967
0,70,1,2,1618.0,1232,247,3642.1397
0,71,1,0,2076.0,1764,350,6602.2397
0,72,3,0,2198.0,1642,251,6010.2197
0,73,3,2,1618.0,1232,247,3642.1397
0,74,1,1,403.5,14,2,0.2197
0,75,3,2,1811.0,1039,194,3614.4787
0,78,1,1,403.5,14,2,0.2197
0,81,3,2,1606.0,1244,196,3706.3367
0,82,3,2,1358.0,1492,249,3642.1397
0,84,1,1,403.5,14,2,0.2197
0,87,3,2,1325.0,1525,249,3642.1397
0,91,3,2,1351.0,1499,249,4160.2747
0,93,3,1,227.5,190,4,0.2197
0,104,3,2,1285.0,1565,249,3977.5797
0,106,1,0,181.0,3659,297,8902.3737
0,109,1,0,431.0,3409,350,9274.38864
0,110,1,0,765.0,3075,297,13530.2317
0,111,3,0,1779.0,2061,350,7769.2997
0,112,3,0,1881.0,1959,350,7350.6697
0,113,3,2,1194.0,1656,249,4106.3647
0,114,1,0,1168.0,2672,297,8811.3407
0,117,1,2,322.0,2528,249,4336.9797
0,119,2,2,521.0,2329,249,4759.2747
0,122,1,0,1835.0,2005,350,7252.0047
0,123,1,0,1928.0,1912,350,6979.5797
0,125,1,2,1210.0,1640,196,4391.7387
0,126,1,0,2047.0,1793,346,6808.8647
0,127,1,0,1695.0,2145,348,7848.1597
0,128,3,2,1709.0,1141,196,3526.1537
0,129,1,0,1864.0,1976,346,7347.9947
0,130,1,0,1845.0,1995,348,7398.9097
0,131,1,2,1319.0,1531,245,4543.6347
0,133,3,2,1668.0,1182,194,4119.6977
0,134,2,1,239.5,178,4,0.2197
0,135,3,2,1883.0,967,194,3360.1027
0,136,1,1,302.5,115,4,0.2197
0,137,2,1,333.5,84,4,0.2197
0,138,1,0,2113.0,1727,346,6602.2397
0,139,1,0,2319.0,1521,293,6528.6497
0,140,1,2,1710.0,1140,194,3971.3117
0,141,3,1,403.5,14,2,0.2197
0,142,3,0,2212.0,1628,247,6010.2197
0,143,1,2,1602.0,1248,249,3642.1397
0,144,1,2,1612.0,1238,196,4109.16461
0,145,1,2,1618.0,1232,247,3642.1397
0,146,1,0,2113.0,1727,346,6602.2397
0,147,1,1,403.5,14,2,0.2197
0,148,1,0,2299.0,1541,295,6592.2437
0,149,1,2,1620.0,1230,245,3642.1397
0,150,3,1,403.5,14,2,0.2197
0,151,1,2,1618.0,1232,247,3642.1397
0,152,1,0,2113.0,1727,346,6602.2397
0,153,1,1,403.5,14,2,0.2197
0,154,1,0,2051.0,1789,297,6613.4417
0,155,1,1,403.5,14,2,0.2197
0,156,1,0,2108.0,1732,348,6602.2397
0,157,1,1,342.5,75,4,0.2197
0,158,1,2,1657.0,1193,194,4155.0277
0,159,1,0,1631.0,2209,350,6644.0997
0,160,1,1,403.5,14,2,0.2197
0,161,3,1,403.5,14,2,0.2197
0,162,3,1,403.5,14,2,0.2197
0,163,1,0,1966.0,1874,346,7481.2997
0,164,1,2,1093.0,1757,249,3911.6897
0,165,3,0,2291.0,1549,297,6592.5187
0,166,1,1,403.5,14,2,0.2197
0,167,3,2,1584.0,1266,196,3469.80146
0,168,1,0,2108.0,1732,348,6620.1797
0,169,2,2,1598.0,1252,249,3642.1397
0,170,1,2,1618.0,1232,247,3642.1397
0,171,1,2,1556.0,1294,247,3827.8297
0,172,1,0,2065.0,1775,293,7426.0317
0,173,1,2,1618.0,1232,247,3642.1397
0,174,1,0,1996.0,1844,297,7634.4787
0,176,1,2,1584.0,1266,245,3749.9597
0,177,1,0,1941.0,1899,249,6815.8747
0,178,1,2,1553.0,1297,196,3833.5247
0,179,1,2,1608.0,1242,249,3642.1397
0,180,3,1,403.5,14,2,0.2197
0,181,3,1,403.5,14,2,0.2197
0,182,1,2,1775.0,1075,194,3741.6667
0,183,1,2,1556.0,1294,249,3642.1397
0,184,1,2,1608.0,1242,249,3642.1397
0,185,1,0,2101.0,1739,350,6602.2397
0,186,1,2,1620.0,1230,245,3642.1397
0,187,1,2,1615.0,1235,247,3642.20561
0,188,1,1,268.5,149,4,0.2197
0,189,1,0,2049.0,1791,295,7468.47164
0,190,1,2,1589.0,1261,249,3642.1397
0,191,3,2,1883.0,967,194,3360.1027
0,192,1,0,2212.0,1628,247,6010.2197
0,193,1,0,2210.0,1630,249,6010.2197
0,194,1,2,1479.0,1371,245,4064.4347
0,195,1,2,1513.0,1337,247,3956.6147
0,196,3,0,2288.0,1552,295,6631.1067
0,197,1,2,1618.0,1232,247,3642.1397
0,198,3,2,1612.0,1238,194,4317.5457
0,199,1,2,1605.0,1245,249,3675.0847
0,200,1,1,403.5,14,2,0.2197
0,201,1,0,2266.0,1574,293,6715.8987
0,202,1,2,1776.0,1074,194,3738.1337
0,203,1,1,403.5,14,2,0.2197
0,204,1,1,403.5,14,2,0.2197
0,205,1,0,2212.0,1628,247,6010.2197
0,206,3,0,2271.0,1569,295,6691.1677
0,207,1,0,2202.0,1638,247,6010.4394
0,208,1,2,1620.0,1230,245,3642.1397
0,209,1,1,403.5,14,2,0.2197
0,210,3,1,403.5,14,2,0.2197
0,211,1,0,1941.0,1899,297,6320.2027
0,212,3,0,2368.0,1472,297,6320.2027
0,213,3,0,2105.0,1735,348,6620.1797
0,214,1,0,2106.0,1734,346,6644.0997
0,215,3,0,2108.0,1732,348,6620.1797
0,216,3,0,2108.0,1732,348,6620.1797
0,217,1,2,1555.0,1295,249,3642.31546
0,218,3,0,2370.0,1470,295,6346.2947
0,219,3,2,1732.0,1118,194,3893.5857
0,220,3,0,2113.0,1727,346,6602.2397
0,221,3,1,293.5,124,4,0.2197
0,222,1,2,1536.0,1314,247,3887.7297
0,223,1,2,1321.0,1529,247,4531.6547
0,224,3,1,203.5,214,4,0.2197
0,225,1,1,40.5,377,4,0.2197
0,226,1,0,2161.0,1679,293,7086.8637
0,227,1,1,403.5,14,2,0.2197
0,228,3,1,403.5,14,2,0.2197
0,229,1,0,2378.0,1462,293,6320.2027
0,230,1,1,400.5,17,2,0.28561
0,231,1,0,2212.0,1628,247,6010.2197
0,232,3,1,403.5,14,2,0.2197
0,233,1,0,2210.0,1630,249,6010.2197
0,234,3,2,1705.0,1145,194,3988.9767
0,235,3,2,1620.0,1230,245,3642.1397
0,236,1,2,1618.0,1232,247,3642.1397
0,237,1,1,403.5,14,2,0.2197
0,238,1,1,403.5,14,2,0.2197
0,239,3,0,2378.0,1462,293,6320.2027
0,240,3,0,2237.0,1603,295,6811.2897
0,241,1,2,1620.0,1230,245,3642.1397
0,242,1,1,403.5,14,2,0.2197
0,243,1,1,403.5,14,2,0.2197
0,244,1,0,1775.0,2065,251,6010.2197
0,245,1,0,1797.0,2043,251,6010.2197
0,246,1,2,1710.0,1140,194,3971.3117
0,247,1,0,2346.0,1494,297,6320.2027
0,248,1,2,1364.0,1486,249,3642.24955
0,249,3,1,403.5,14,2,0.2197
0,250,1,2,1484.0,1366,196,4045.5047
0,251,1,1,403.5,14,2,0.2197
0,252,1,2,1595.0,1255,249,3642.1397
0,253,1,1,403.5,14,2,0.2197
0,254,1,0,1929.0,1911,348,7690.5997
0,255,3,0,2188.0,1652,295,6994.1947
0,256,1,2,1427.0,1423,249,3642.1397
0,257,3,2,1471.0,1379,249,3642.1397
0,258,1,0,2008.0,1832,346,6922.6847
0,259,1,0,1874.0,1966,346,7318.0447
0,260,3,1,337.5,80,4,0.59319
0,261,3,2,1565.0,1285,249,3756.05955
0,262,1,2,1313.0,1537,194,5331.78034
0,263,1,0,2111.0,1729,348,6602.2397
0,264,1,1,137.5,280,4,0.2197
0,265,1,2,1451.0,1399,247,4142.3047
0,266,1,1,378.5,39,4,0.2197
0,267,3,2,1773.0,1077,194,3748.7327
0,268,1,0,1842.0,1998,346,7413.8847
0,269,1,1,118.5,299,4,0.2197
0,270,1,1,135.5,282,4,0.2197
0,271,1,2,1709.0,1141,194,3974.8447
0,272,3,0,2302.0,1538,293,6588.7107
0,273,3,1,401.5,16,4,0.2197
0,274,1,2,1615.0,1235,245,3642.24955
0,275,1,1,403.5,14,2,0.2197
0,276,1,1,403.5,14,2,0.2197
0,277,3,2,1883.0,967,194,3360.1027
0,278,1,0,2202.0,1638,251,6010.2197
0,279,1,0,2314.0,1526,295,6539.2487
0,280,1,0,2210.0,1630,249,6010.2197
0,281,1,2,1620.0,1230,245,3642.1397
0,282,1,1,403.5,14,2,0.2197
0,283,1,2,1704.0,1146,194,3992.5097
0,284,1,2,1618.0,1232,247,3642.1397
0,285,3,1,403.5,14,2,0.2197
0,286,1,0,2308.0,1532,293,6567.5127
0,287,1,1,403.5,14,2,0.2197
0,288,1,1,403.5,14,2,0.2197
0,289,1,0,2113.0,1727,346,6602.2397
0,290,3,2,1618.0,1232,247,3642.1397
0,291,3,2,1618.0,1232,247,3642.1397
0,292,1,1,384.5,33,4,0.2197
0,293,1,1,403.5,14,2,0.2197
0,294,1,2,1883.0,967,194,3360.1027
0,295,1,2,1883.0,967,194,3360.1027
0,296,1,1,403.5,14,2,0.2197
0,297,1,1,403.5,14,2,0.2197
0,298,1,2,1620.0,1230,245,3642.1397
0,299,3,2,1620.0,1230,245,3642.1397
0,300,3,2,1618.0,1232,247,3642.1397
0,301,1,1,403.5,14,2,0.2197
0,302,3,2,1618.0,1232,247,3642.1397
0,303,1,1,403.5,14,2,0.2197
0,304,1,0,2265.0,1575,293,6719.4317
0,305,1,1,401.5,16,4,0.2197
0,306,1,1,403.5,14,2,0.2197
0,307,1,2,1883.0,967,194,3360.1027
0,308,1,0,2212.0,1628,247,6010.2197
0,309,1,0,2113.0,1727,346,6602.2397
0,310,1,2,1618.0,1232,247,3642.1397
0,311,1,1,403.5,14,2,0.2197
0,312,3,1,403.5,14,2,0.2197
0,313,1,1,403.5,14,2,0.2197
0,314,1,1,403.5,14,2,0.2197
0,315,1,1,403.5,14,2,0.2197
0,316,1,1,403.5,14,2,0.2197
0,317,1,0,1388.0,2452,295,12228.4427
0,318,3,1,403.5,14,2,0.2197
0,319,1,0,2056.0,1784,297,8054.4027
0,320,1,2,1100.0,1750,249,3642.1397
0,321,1,0,2089.0,1751,348,6673.9997
0,322,1,2,1119.0,1731,249,3642.1397
0,323,1,1,396.5,21,2,0.37349
0,324,3,0,2093.0,1747,348,6709.8797
0,325,1,2,1187.0,1663,249,3642.1397
0,326,3,0,1986.0,1854,346,7302.1194
0,327,1,2,1306.0,1544,249,3642.1397
0,328,3,2,1358.0,1492,249,3642.1397
0,329,3,2,1666.0,1184,196,4034.9057
0,330,1,0,1852.0,1988,293,8178.5607
0,332,1,0,1614.0,2226,293,9019.4147
0,333,1,2,1384.0,1466,245,4348.9597
0,334,1,2,1454.0,1396,245,4139.3097
0,335,1,0,2097.0,1743,348,6644.1697
0,336,3,1,403.5,14,2,0.2197
0,337,1,0,2376.0,1464,295,6320.2027
0,338,1,2,1488.0,1362,245,4037.4797
0,339,1,1,398.5,19,2,0.32955
0,340,3,0,2305.0,1535,293,6578.1117
0,341,1,2,1620.0,1230,245,3642.1397
0,342,3,2,1618.0,1232,247,3642.1397
0,343,3,1,403.5,14,2,0.2197
0,344,1,2,1883.0,967,194,3360.1027
0,345,1,1,403.5,14,2,0.2197
0,346,1,0,2376.0,1464,295,6320.2027
0,347,1,2,1620.0,1230,245,3642.1397
0,348,3,2,1618.0,1232,247,3642.1397
0,349,1,1,403.5,14,2,0.2197
0,350,3,2,1618.0,1232,247,3642.1397
0,351,1,2,1618.0,1232,247,3642.1397
0,352,1,0,2113.0,1727,346,6602.2397
0,353,1,1,403.5,14,2,0.2197
0,354,1,1,403.5,14,2,0.2197
0,355,1,0,2378.0,1462,293,6320.2027
0,356,1,1,403.5,14,2,0.2197
0,357,3,1,403.5,14,2,0.2197
0,358,1,1,403.5,14,2,0.2197
0,359,1,1,403.5,14,2,0.2197
0,360,1,1,403.5,14,2,0.2197
0,361,1,2,1883.0,967,194,3360.1027
0,362,1,2,1767.0,1083,194,3769.9307
0,363,1,0,2210.0,1630,249,6010.2197
0,364,1,2,1620.0,1230,245,3642.1397
0,365,1,1,403.5,14,2,0.2197
0,366,1,2,1620.0,1230,245,3642.1397
0,367,1,1,403.5,14,2,0.2197
0,368,3,1,403.5,14,2,0.2197
0,369,1,0,2357.0,1483,293,6366.30746
0,370,1,0,2246.0,1594,295,6779.4927
0,371,1,2,1620.0,1230,245,3642.1397
0,372,3,1,403.5,14,2,0.2197
0,373,1,0,2113.0,1727,346,6602.2397
0,374,1,2,1618.0,1232,247,3642.1397
0,375,3,2,1699.0,1151,194,4010.1747
0,376,1,0,2212.0,1628,247,6010.2197
0,377,1,1,403.5,14,2,0.2197
0,378,3,1,403.5,14,2,0.2197
0,379,3,0,2212.0,1628,247,6010.2197
0,380,3,2,1687.0,1163,194,4052.5707
0,381,1,0,2212.0,1628,247,6010.2197
0,382,1,0,1979.0,1861,346,7003.5697
0,383,1,2,1618.0,1232,247,3642.1397
0,384,3,0,2378.0,1462,293,6320.2027
0,385,1,2,1620.0,1230,245,3642.1397
0,386,1,1,403.5,14,2,0.2197
0,387,3,2,1764.0,1086,194,3780.5297
0,388,1,2,1620.0,1230,245,3642.1397
0,389,1,1,393.5,24,2,0.4394
0,390,1,2,1742.0,1108,194,3858.2557
0,391,1,1,403.5,14,2,0.2197
0,394,3,1,403.5,14,2,0.2197
0,397,3,1,403.5,14,2,0.2197
0,398,3,0,1696.0,2144,297,8553.6137
0,399,1,1,403.5,14,2,0.2197
0,400,1,1,403.5,14,2,0.2197
0,402,1,1,403.5,14,2,0.2197
0,404,3,2,1434.0,1416,249,3642.1397
0,414,3,0,1797.0,2043,297,8904.33149
0,417,3,0,1986.0,1854,350,6952.69061
0,420,3,2,1494.0,1356,196,3914.7837
0,422,1,0,378.0,3462,297,8113.7457
0,423,1,0,408.0,3432,350,8142.6947
0,424,1,0,577.0,3263,297,10384.5837
0,427,3,1,259.5,158,4,0.2197
0,428,3,2,1377.0,1473,196,4200.9567
0,430,3,2,1508.0,1342,249,3947.6297
0,431,2,2,241.0,2609,249,4229.1597
0,432,1,2,570.0,2280,249,5678.7397
0,433,3,0,1753.0,2087,350,8626.4747
0,434,1,0,1431.0,2409,295,9903.5877
0,435,1,2,729.0,2121,249,5648.96546
0,436,3,0,1935.0,1905,297,7982.6797
0,437,3,2,1294.0,1556,249,3836.8147
0,438,3,0,1931.0,1909,348,7141.35561
0,439,1,2,935.0,1915,249,5136.75455
0,440,2,1,-1281.5,1699,4,0.2197
0,441,3,1,288.5,129,4,0.2197
0,443,1,0,2105.0,1735,247,6330.6847
0,445,1,0,2054.0,1786,295,7457.8287
0,446,1,2,1174.0,1676,194,5864.9997
0,448,3,0,2049.0,1791,346,6793.9197
0,449,1,0,2038.0,1802,247,6531.3497
0,450,1,2,1271.0,1579,249,4576.5797
0,451,1,2,1323.0,1527,249,4495.7147
0,452,2,1,398.5,19,4,0.2197
0,453,3,1,403.5,14,2,0.2197
0,454,1,0,2358.0,1482,293,6320.6421
0,455,1,1,395.5,22,2,0.39546
0,456,1,2,1620.0,1230,245,3642.1397
0,457,3,1,403.5,14,2,0.2197
0,458,1,2,1618.0,1232,247,3642.1397
0,459,1,2,1856.0,994,194,3455.4937
0,460,1,1,403.5,14,2,0.2197
0,461,3,0,2212.0,1628,247,6010.2197
0,462,1,2,1620.0,1230,245,3642.1397
0,463,1,0,1978.0,1862,251,6447.4897
0,464,1,0,2041.0,1799,251,6444.4947
0,465,3,0,2310.0,1530,297,6510.9847
0,466,3,0,1993.0,1847,348,6602.2397
0,467,1,0,2373.0,1467,295,6320.2027
0,468,1,2,1603.0,1247,249,3642.20561
0,469,1,1,403.5,14,2,0.2197
0,470,1,0,963.0,2877,251,6010.2197
0,471,1,1,403.5,14,2,0.2197
0,472,1,0,1159.0,2681,297,8704.5027
0,473,1,1,403.5,14,2,0.2197
0,474,1,2,453.0,2397,196,4105.5657
0,475,1,0,1541.0,2299,350,7636.7797
0,476,1,2,667.0,2183,249,3830.8247
0,477,1,0,1852.0,1988,350,6835.4597
0,478,1,0,1881.0,1959,350,7209.2447
0,479,3,2,1453.0,1397,249,3642.1397
0,480,3,0,2091.0,1749,350,6635.1347
0,481,1,0,2060.0,1780,293,7908.6267
0,482,2,2,1179.0,1671,249,3642.1397
0,483,1,2,1487.0,1363,196,3748.7327
0,484,1,2,551.0,2299,196,7020.2907
0,485,3,0,2093.0,1747,251,6336.6747
0,487,1,0,1799.0,2041,350,7446.7797
0,488,3,1,155.5,262,4,0.2197
0,489,1,0,1946.0,1894,350,7042.4747
0,491,1,0,1654.0,2186,346,7985.92364
0,493,3,2,1667.0,1183,196,3614.4787
0,494,1,0,2092.0,1748,247,6369.6197
0,495,1,1,110.5,307,4,0.2197
0,496,1,0,2109.0,1731,249,6312.7147
0,497,1,2,1620.0,1230,245,3642.1397
0,498,3,0,2173.0,1667,293,7044.4677
0,499,1,2,1618.0,1232,247,3642.1397
0,500,1,1,196.5,221,4,0.2197
0,501,1,0,2229.0,1611,293,6846.6197
0,502,1,1,403.5,14,2,0.2197
0,503,1,2,1618.0,1232,247,3642.1397
0,504,1,1,221.5,196,4,0.2197
0,505,1,2,1490.0,1360,247,4025.4997
0,506,1,2,1618.0,1232,247,3642.1397
0,507,1,0,2339.0,1501,293,6457.9897
0,508,1,2,1883.0,967,194,3360.1027
0,509,3,2,1846.0,1004,194,3490.8237
0,510,1,1,403.5,14,2,0.2197
0,511,1,0,2212.0,1628,247,6010.2197
0,512,1,1,403.5,14,2,0.2197
0,513,1,2,1620.0,1230,245,3642.1397
0,514,1,2,1700.0,1150,194,4006.6417
0,515,3,0,2202.0,1638,293,6942.0107
0,516,1,0,2212.0,1628,247,6010.2197
0,517,1,2,1618.0,1232,247,3642.1397
0,518,1,0,2111.0,1729,348,6602.2397
0,519,1,0,2111.0,1729,348,6602.2397
0,520,3,0,2111.0,1729,348,6602.2397
0,521,3,1,403.5,14,2,0.2197
0,522,1,1,403.5,14,2,0.2197
0,523,1,0,2371.0,1469,293,6320.35649
0,524,1,1,403.5,14,2,0.2197
0,525,1,0,2378.0,1462,293,6320.2027
0,526,1,1,403.5,14,2,0.2197
0,527,1,1,403.5,14,2,0.2197
0,528,1,1,403.5,14,2,0.2197
0,529,3,0,2316.0,1524,297,6320.2027
0,530,3,0,1949.0,1891,295,6899.6147
0,531,1,2,1606.0,1244,249,3642.1397
0,532,3,1,403.5,14,2,0.2197
0,535,1,1,403.5,14,2,0.2197
0,537,3,2,1752.0,1098,196,3805.2607
0,539,1,1,403.5,14,2,0.2197
0,541,3,2,1440.0,1410,249,3642.1397
0,542,1,0,436.0,3404,350,7063.4397
0,543,1,1,403.5,14,2,0.2197
0,544,3,0,2033.0,1807,350,7020.8397
0,546,3,0,1802.0,2038,297,8880.64061
0,547,3,2,1362.0,1488,196,4840.4297
0,549,3,1,190.5,227,4,0.26364
0,552,2,2,10.0,2840,249,4169.2597
0,553,3,2,1304.0,1546,249,4546.6297
0,554,3,1,133.5,284,4,0.2197
0,555,1,2,475.0,2375,249,5028.8247
0,556,3,2,1155.0,1695,249,4079.4097
0,560,1,2,856.0,1994,249,4968.9247
0,562,1,2,876.0,1974,249,4915.05864
0,563,3,0,1970.0,1870,297,8006.11049
0,564,3,2,1748.0,1102,196,3791.1287
0,565,1,0,1841.0,1999,346,7425.8347
0,566,1,2,1178.0,1672,249,4627.4947
0,567,1,2,1174.0,1676,194,5864.9997
0,568,3,1,318.5,99,4,0.2197
0,569,1,2,1301.0,1549,245,4597.5447
0,570,1,0,1703.0,2137,350,7135.3497
0,571,1,0,1942.0,1898,297,7214.0517
0,572,1,2,1120.0,1730,249,4486.7297
0,573,1,0,744.0,3096,350,7350.9597
0,574,1,2,1351.0,1499,249,4324.9997
0,575,2,2,1612.0,1238,245,3666.0997
0,576,2,1,367.5,50,4,0.2197
0,577,1,0,1419.0,2421,297,6320.2027
0,578,1,1,403.5,14,2,0.2197
0,579,1,2,530.0,2320,196,3533.2197
0,580,1,1,403.5,14,2,0.2197
0,581,1,0,1778.0,2062,350,6662.0397
0,582,1,0,1775.0,2065,350,7888.1594
0,583,1,0,1775.0,2065,350,7330.20819
0,584,1,1,0.5,417,4,0.2197
0,585,3,1,298.5,119,4,0.2197
0,586,1,0,1964.0,1876,350,6877.7297
0,587,3,2,1349.0,1501,249,3660.1097
0,588,1,1,353.5,64,4,0.2197
0,589,3,2,1666.0,1184,196,3469.6257
0,590,1,1,403.5,14,2,0.2197
0,591,3,0,2218.0,1622,295,6995.8727
0,592,3,1,395.5,22,2,0.39546
0,593,1,0,2103.0,1737,346,6662.0397
0,594,1,0,2014.0,1826,247,6603.2297
0,595,1,0,2032.0,1808,249,6543.3297
0,596,3,0,2178.0,1662,247,6112.0497
0,597,1,0,1961.0,1879,293,7793.4637
0,598,1,2,1752.0,1098,194,3822.9257
0,599,3,2,1537.0,1313,247,3884.7347
0,600,1,2,1616.0,1234,247,3648.1297
0,601,1,2,1663.0,1187,194,4137.3627
0,602,3,0,2332.0,1508,293,6482.7207
0,603,3,1,403.5,14,2,0.2197
0,604,1,1,403.5,14,2,0.2197
0,605,3,0,2212.0,1628,247,6010.2197
0,606,1,0,2342.0,1498,295,6440.3247
0,607,1,1,403.5,14,2,0.2197
0,608,1,0,2320.0,1520,295,6518.0507
0,609,3,1,403.5,14,2,0.2197
0,610,1,0,2113.0,1727,346,6602.2397
0,611,3,2,1608.0,1242,247,3642.3594
0,612,1,0,2098.0,1742,348,6602.52531
0,613,1,1,403.5,14,2,0.2197
0,614,1,1,403.5,14,2,0.2197
0,615,1,2,1848.0,1002,194,3483.7577
0,616,1,0,2376.0,1464,295,6320.2027
0,617,1,2,1618.0,1232,247,3642.1397
0,618,1,1,403.5,14,2,0.2197
0,619,3,2,1814.0,1036,194,3603.8797
0,620,1,2,1883.0,967,194,3360.1027
0,621,3,2,1618.0,1232,247,3642.1397
0,622,3,1,403.5,14,2,0.2197
0,623,1,1,403.5,14,2,0.2197
0,624,1,1,403.5,14,2,0.2197
0,625,1,2,1620.0,1230,245,3642.1397
0,626,3,1,403.5,14,2,0.2197
0,627,1,1,403.5,14,2,0.2197
0,628,3,1,403.5,14,2,0.2197
0,629,3,1,403.5,14,2,0.2197
0,630,1,0,2268.0,1572,297,6320.2027
0,631,1,0,2308.0,1532,297,6320.2027
0,632,3,0,2209.0,1631,247,6010.28561
0,633,1,1,403.5,14,2,0.2197
0,634,1,2,1599.0,1251,247,3642.3594
0,635,1,0,2200.0,1640,247,6010.48334
0,636,1,0,2113.0,1727,346,6602.2397
0,637,1,0,2113.0,1727,346,6602.2397
0,638,1,2,1883.0,967,194,3360.1027
0,639,3,0,2378.0,1462,293,6320.2027
0,640,3,1,403.5,14,2,0.2197
0,641,1,1,403.5,14,2,0.2197
0,642,1,0,2113.0,1727,346,6602.2397
0,643,3,1,225.5,192,4,0.2197
0,644,1,1,241.5,176,4,0.2197
0,645,1,2,1569.0,1281,245,3780.01955
0,646,3,0,1713.0,2127,251,6022.1997
0,647,1,1,403.5,14,2,0.2197
0,648,3,1,403.5,14,2,0.2197
0,649,3,1,403.5,14,2,0.2197
0,650,1,0,1489.0,2351,297,7067.7027
0,651,1,2,640.0,2210,196,3360.1027
0,652,1,0,1751.0,2089,350,6644.0997
0,653,1,0,1861.0,1979,350,6883.2997
0,654,1,2,921.0,1929,249,3642.1397
0,655,1,0,1965.0,1875,350,7098.5797
0,656,3,2,1422.0,1428,249,3642.1397
0,657,1,0,2098.0,1742,350,6632.1397
0,658,1,0,1969.0,1871,348,7191.7047
0,659,3,0,2206.0,1634,295,7126.3607
0,661,1,0,1508.0,2332,346,8414.2147
0,662,3,0,2298.0,1542,293,6703.1697
0,663,1,2,1354.0,1496,245,4438.8097
0,665,3,1,357.5,60,4,0.2197
0,666,1,2,1539.0,1311,194,4575.4547
0,667,1,2,1575.0,1275,247,3770.9247
0,669,2,1,153.5,264,4,0.2197
0,670,3,1,259.5,158,4,0.2197
0,671,1,2,1883.0,967,194,3360.1027
0,673,3,0,2081.0,1759,350,6620.24561
0,674,1,1,403.5,14,2,0.2197
0,675,3,2,1210.0,1640,196,4041.9717
0,676,1,0,301.0,3539,350,6632.1397
0,680,1,0,773.0,3067,350,6733.7997
0,681,1,0,885.0,2955,350,6620.1797
0,682,1,0,922.0,2918,350,6620.1797
0,683,3,0,1916.0,1924,297,8511.7397
0,684,2,2,81.0,2769,249,4172.29864
0,686,3,1,363.5,54,4,0.2197
0,688,3,2,1526.0,1324,196,4469.4647
0,689,1,0,1324.0,2516,350,8003.78955
0,690,1,2,427.0,2423,249,4732.3197
0,695,1,2,764.0,2086,249,3989.5597
0,696,1,0,1607.0,2233,348,8977.3697
0,697,1,0,1832.0,2008,297,7855.4637
0,698,2,2,1270.0,1580,249,4654.4497
0,699,3,0,1854.0,1986,293,8553.2267
0,700,1,2,1351.0,1499,249,4393.8847
0,701,1,2,1329.0,1521,247,4477.9644
0,703,1,2,1026.0,1824,245,5397.38546
0,704,3,2,1367.0,1483,194,5183.1307
0,705,1,0,1910.0,1930,346,7210.2247
0,706,3,1,351.5,66,4,0.2197
0,707,1,2,1571.0,1279,247,3782.9047
0,708,1,0,2135.0,1705,295,7171.6557
0,709,3,1,393.5,24,4,0.2197
0,710,1,0,2191.0,1649,293,6980.8737
0,711,1,1,403.5,14,2,0.2197
0,712,1,0,2376.0,1464,295,6320.2027
0,713,3,2,1620.0,1230,245,3642.1397
0,714,1,2,1823.0,1027,194,3572.0827
0,715,1,1,403.5,14,2,0.2197
0,716,1,1,403.5,14,2,0.2197
0,717,1,2,1580.0,1270,245,3761.9397
0,718,3,2,1859.0,991,194,3444.8947
0,719,1,0,2202.0,1638,251,6010.2197
0,720,1,1,403.5,14,2,0.2197
0,721,3,0,2210.0,1630,249,6010.2197
0,722,3,0,2195.0,1645,295,6959.6757
0,723,3,2,1618.0,1232,247,3642.1397
0,724,1,2,1883.0,967,194,3360.1027
0,725,1,0,2108.0,1732,346,6602.34955
0,726,1,1,403.5,14,2,0.2197
0,727,1,0,2038.0,1802,346,6826.8647
0,728,1,2,1620.0,1230,245,3642.1397
0,729,3,2,1833.0,1017,194,3536.7527
0,730,1,0,2113.0,1727,346,6602.2397
0,731,1,1,217.5,200,4,0.2197
0,732,1,0,2357.0,1483,295,6387.3297
0,733,1,1,403.5,14,2,0.2197
0,734,1,0,2113.0,1727,346,6602.2397
0,735,3,1,403.5,14,2,0.2197
0,736,1,1,403.5,14,2,0.2197
0,737,1,1,403.5,14,2,0.2197
0,738,1,1,403.5,14,2,0.2197
0,739,1,1,403.5,14,2,0.2197
0,740,3,0,2378.0,1462,293,6320.2027
0,741,1,0,2361.0,1479,295,6373.1977
0,742,1,1,403.5,14,2,0.2197
0,743,1,2,1705.0,1145,194,3988.9767
0,744,1,0,2305.0,1535,295,6571.0457
0,745,3,1,403.5,14,2,0.2197
0,746,3,0,2068.0,1772,346,6871.3397
0,747,3,2,1501.0,1349,249,3642.1397
0,748,1,1,403.5,14,2,0.2197
0,749,1,2,1608.0,1242,249,3642.1397
0,750,1,1,403.5,14,2,0.2197
0,751,3,2,1861.0,989,194,3437.8287
0,752,3,2,1618.0,1232,245,3642.18364
0,753,3,2,1611.0,1239,247,3642.29349
0,754,3,2,1771.0,1079,194,3755.7987
0,755,1,0,552.0,3288,350,6602.2397
0,756,1,0,753.0,3087,350,6602.2397
0,757,3,0,2151.0,1689,251,6103.0647
0,758,1,0,1033.0,2807,297,7455.1907
0,759,2,2,254.0,2596,249,3642.1397
0,760,1,0,1258.0,2582,350,6620.1797
0,761,1,0,1389.0,2451,297,6732.4917
0,762,3,1,403.5,14,2,0.2197
0,763,1,0,1934.0,1906,350,7050.7397
0,764,2,2,955.0,1895,249,3836.99046
0,765,3,0,2180.0,1660,297,7096.6937
0,766,1,2,1057.0,1793,249,3642.1397
0,767,1,2,1064.0,1786,249,4798.2097
0,768,3,2,1304.0,1546,196,4381.1397
0,769,1,0,1659.0,2181,247,7666.4547
0,771,3,2,1591.0,1259,249,3705.0347
0,773,3,2,1376.0,1474,245,4372.9197
0,775,3,2,1630.0,1220,194,4253.9517
0,776,1,2,1559.0,1291,245,3824.8347
0,777,1,0,1976.0,1864,295,7733.4027
0,778,1,0,1833.0,2007,348,7434.8497
0,779,1,2,1114.0,1736,247,5151.6197
0,780,1,0,1728.0,2112,247,7459.7997
0,781,1,0,1846.0,1994,247,7106.3897
0,783,3,1,175.5,242,4,0.2197
0,784,3,1,396.5,21,4,0.2197
0,785,1,2,1774.0,1076,194,3745.1997
0,786,1,0,2212.0,1628,247,6010.2197
0,787,3,1,403.5,14,2,0.2197
0,788,1,1,403.5,14,2,0.2197
0,789,1,0,2378.0,1462,293,6320.2027
0,790,3,1,403.5,14,2,0.2197
0,791,1,1,403.5,14,2,0.2197
0,792,1,1,403.5,14,2,0.2197
0,793,3,2,1883.0,967,194,3360.1027
0,794,1,0,2378.0,1462,293,6320.2027
0,795,1,1,403.5,14,2,0.2197
0,796,1,0,2212.0,1628,247,6010.2197
0,797,3,2,1620.0,1230,245,3642.1397
0,798,1,1,403.5,14,2,0.2197
0,799,3,0,2212.0,1628,247,6010.2197
0,800,1,1,403.5,14,2,0.2197
0,801,1,1,403.5,14,2,0.2197
0,802,1,0,2376.0,1464,295,6320.2027
0,803,1,2,1610.0,1240,245,3642.3594
0,804,1,1,403.5,14,2,0.2197
0,805,3,1,403.5,14,2,0.2197
0,806,1,0,2228.0,1612,297,6320.2027
0,807,1,2,1605.0,1245,245,3687.0647
0,808,3,2,1737.0,1113,194,3875.9207
0,809,3,2,1620.0,1230,245,3642.1397
0,810,3,2,1606.0,1244,249,3642.1397
0,811,1,0,2212.0,1628,247,6010.2197
0,812,1,2,1618.0,1232,247,3642.1397
0,813,1,1,403.5,14,2,0.2197
0,814,1,2,1620.0,1230,245,3642.1397
0,815,3,1,403.5,14,2,0.2197
0,816,1,2,1840.0,1010,194,3512.0217
0,817,3,1,403.5,14,2,0.2197
0,818,1,2,1746.0,1104,194,3844.1237
0,819,1,1,403.5,14,2,0.2197
0,820,1,2,776.0,2074,249,3642.1397
0,821,1,0,1869.0,1971,350,6620.1797
0,822,1,2,948.0,1902,249,3642.1397
0,823,1,2,1003.0,1847,249,3794.8847
0,824,3,1,258.5,159,4,0.2197
0,825,1,2,1295.0,1555,196,4063.1697
0,826,1,2,1455.0,1395,249,4001.5397
0,827,1,2,1541.0,1309,249,3642.1397
0,828,3,0,2296.0,1544,293,6619.6967
0,829,3,0,2212.0,1628,247,6010.2197
0,830,3,2,1608.0,1242,247,3642.3594
0,831,3,0,1964.0,1876,251,6711.09364
0,832,3,2,1270.0,1580,247,4684.3997
0,833,3,1,120.5,297,4,0.2197
0,834,1,0,1680.0,2160,297,8475.3327
0,835,1,0,1997.0,1843,350,6907.7297
0,836,1,2,1634.0,1216,196,4133.8297
0,837,3,1,259.5,158,4,0.2197
0,838,1,1,96.5,321,4,0.2197
0,839,1,2,1504.0,1346,245,3989.5597
0,840,3,0,2113.0,1727,346,6602.2397
0,841,1,2,1618.0,1232,247,3642.1397
0,842,1,1,403.5,14,2,0.2197
0,843,1,2,1812.0,1038,194,3610.9457
0,844,1,0,1928.0,1912,348,7150.3247
0,845,3,1,403.5,14,2,0.2197
0,846,1,2,1620.0,1230,245,3642.1397
0,847,3,2,1871.0,979,194,3402.4987
0,848,3,1,403.5,14,2,0.2197
0,849,3,0,2210.0,1630,249,6010.2197
0,850,1,2,1486.0,1364,245,4043.4697
0,851,1,0,2173.0,1667,293,7044.4677
0,852,3,1,403.5,14,2,0.2197
0,853,1,0,2210.0,1630,249,6010.2197
0,854,3,1,403.5,14,2,0.2197
0,855,3,0,2295.0,1545,295,6606.3757
0,856,1,2,1618.0,1232,247,3642.1397
0,857,1,0,2378.0,1462,293,6320.2027
0,858,3,2,1883.0,967,194,3360.1027
0,859,1,0,2210.0,1630,249,6010.2197
0,860,3,2,1615.0,1235,245,3642.24955
0,861,1,2,1618.0,1232,247,3642.1397
0,862,1,2,1720.0,1130,196,3928.9157
0,863,1,0,1969.0,1871,350,6602.2397
0,864,1,0,2251.0,1589,297,6387.3297
0,865,1,0,2110.0,1730,346,6620.1797
0,866,1,1,398.5,19,2,0.32955
0,867,1,2,1596.0,1254,249,3642.1397
0,868,3,2,1620.0,1230,245,3642.1397
0,869,1,1,403.5,14,2,0.2197
0,870,1,0,1667.0,2173,297,6910.2137
0,871,1,2,763.0,2087,249,3642.1397
0,872,3,1,403.5,14,2,0.2197
0,873,1,0,1468.0,2372,297,8376.7027
0,874,1,2,1033.0,1817,249,3642.1397
0,875,3,0,2094.0,1746,350,6644.0997
0,876,3,1,113.5,304,4,0.2197
0,877,3,0,1762.0,2078,350,7668.25349
0,878,3,2,1402.0,1448,249,4142.3047
0,879,1,0,1615.0,2225,350,7144.3047
0,880,3,0,2259.0,1581,297,6691.1677
0,881,1,2,1376.0,1474,249,3941.6397
0,882,3,0,2047.0,1793,297,7785.8107
0,883,1,0,2054.0,1786,350,6659.1147
0,885,1,2,1149.0,1701,249,4363.9347
0,886,1,2,1468.0,1382,196,4699.1097
0,887,1,2,84.0,2766,249,4307.0297
0,888,2,1,201.5,216,4,0.2197
0,889,1,1,155.5,262,4,0.2197
0,890,1,0,1324.0,2516,297,7073.8597
0,891,1,0,1388.0,2452,350,6635.1347
0,893,3,1,297.5,120,4,0.2197
0,894,2,1,254.5,163,4,0.2197
0,895,1,0,1705.0,2135,350,6808.8647
0,896,1,0,1854.0,1986,350,6739.7797
0,897,1,1,25.5,392,4,0.2197
0,898,3,0,1983.0,1857,350,6671.0947
0,899,3,2,1601.0,1249,196,4102.0327
0,900,1,0,2023.0,1817,350,6674.11955
0,901,3,0,1969.0,1871,346,7317.0947
0,902,1,0,2129.0,1711,293,7251.3067
0,903,1,0,2068.0,1772,348,6859.3797
0,905,1,2,1485.0,1365,194,4766.2367
0,906,3,1,222.5,195,4,0.2197
0,907,3,0,2101.0,1739,247,6342.6647
0,908,1,2,1529.0,1321,245,3914.6847
0,909,1,2,1507.0,1343,194,4670.95555
0,910,1,0,1634.0,2206,346,8036.8447
0,911,3,1,244.5,173,4,0.2197
0,912,1,0,1664.0,2176,249,7645.4897
0,913,2,1,25.5,392,4,0.2197
0,914,1,1,154.5,263,4,0.2197
0,915,3,1,403.5,14,2,0.2197
0,916,1,0,2201.0,1639,293,6945.5437
0,917,1,0,2212.0,1628,247,6010.2197
0,918,1,1,403.5,14,2,0.2197
0,919,1,0,2378.0,1462,293,6320.2027
0,920,3,1,403.5,14,2,0.2197
0,921,3,1,403.5,14,2,0.2197
0,922,3,2,1883.0,967,194,3360.1027
0,923,1,1,403.5,14,2,0.2197
0,924,1,2,1608.0,1242,249,3642.1397
0,925,1,2,1537.0,1313,245,3890.7247
0,926,1,2,1620.0,1230,245,3642.1397
0,927,1,1,393.5,24,2,0.4394
0,928,3,1,400.5,17,2,0.28561
0,929,3,2,1766.0,1084,196,3741.6667
0,930,1,1,403.5,14,2,0.2197
0,931,1,2,1618.0,1232,247,3642.1397
0,932,3,2,1620.0,1230,245,3642.1397
0,933,1,1,403.5,14,2,0.2197
0,934,3,1,403.5,14,2,0.2197
0,935,1,0,2113.0,1727,346,6602.2397
0,936,1,0,2342.0,1498,295,6440.3247
0,937,1,2,1618.0,1232,247,3642.1397
0,938,3,1,403.5,14,2,0.2197
0,939,1,1,403.5,14,2,0.2197
0,940,3,2,1804.0,1046,194,3639.2097
0,941,3,2,1618.0,1232,247,3642.1397
0,942,1,0,2212.0,1628,247,6010.2197
0,943,1,1,403.5,14,2,0.2197
0,944,1,1,403.5,14,2,0.2197
0,945,1,2,1793.0,1057,194,3678.0727
0,946,1,0,1961.0,1879,350,6602.2397
0,947,1,2,1620.0,1230,245,3642.1397
0,948,1,1,403.5,14,2,0.2197
0,949,1,0,2348.0,1492,297,6366.1317
0,950,1,1,403.5,14,2,0.2197
0,951,1,0,1992.0,1848,350,7098.5797
0,952,1,0,2030.0,1810,297,7228.2257
0,953,1,2,1091.0,1759,249,3642.1397
0,954,1,0,2100.0,1740,350,6620.1797
0,955,1,2,1323.0,1527,249,3642.1397
0,956,1,0,2179.0,1661,295,7079.8257
0,957,1,2,1578.0,1272,249,3642.1397
0,958,3,2,1618.0,1232,247,3642.1397
0,959,1,2,1339.0,1511,245,4462.92349
0,960,3,1,18.5,399,4,0.2197
0,961,1,0,1942.0,1898,247,6818.8697
0,962,3,0,2262.0,1578,297,6687.6347
0,963,1,1,-314.5,732,4,0.28561
0,964,1,2,1415.0,1435,196,4391.7387
0,965,3,1,299.5,118,4,0.2197
0,966,3,1,310.5,107,4,0.26364
0,967,1,0,2051.0,1789,348,6781.9397
0,968,1,2,1582.0,1268,247,3749.9597
0,969,1,1,361.5,56,4,0.2197
0,970,1,0,2111.0,1729,348,6602.2397
0,971,1,2,1683.0,1167,194,4066.7027
0,972,1,0,2111.0,1729,348,6602.2397
0,973,1,0,2111.0,1729,348,6602.2397
0,974,3,1,403.5,14,2,0.2197
0,975,3,2,1620.0,1230,245,3642.1397
0,976,1,2,1883.0,967,194,3360.1027
0,977,1,2,1824.0,1026,194,3568.5497
0,978,1,1,403.5,14,2,0.2197
0,979,1,2,1558.0,1292,245,3827.8297
0,980,3,0,2264.0,1576,293,6722.9647
0,981,1,0,2108.0,1732,346,6602.34955
0,982,1,1,403.5,14,2,0.2197
0,983,3,0,2204.0,1636,295,6927.8787
0,984,1,1,403.5,14,2,0.2197
0,985,1,2,1620.0,1230,245,3642.1397
0,986,3,2,1620.0,1230,245,3642.1397
0,987,3,1,393.5,24,2,0.4394
0,988,1,0,2091.0,1749,348,6602.6791
0,989,1,1,403.5,14,2,0.2197
0,990,1,0,2378.0,1462,293,6320.2027
0,991,3,2,1618.0,1232,247,3642.1397
0,992,3,2,1883.0,967,194,3360.1027
0,993,1,1,403.5,14,2,0.2197
0,994,3,0,2189.0,1651,293,6987.9397
0,995,3,1,403.5,14,2,0.2197
0,996,1,2,1618.0,1232,247,3642.1397
0,997,3,0,2113.0,1727,346,6602.2397
0,998,3,2,1618.0,1232,247,3642.1397
0,999,1,2,1875.0,975,194,3388.3667
1,76,1,0,-2105.0,5945,295,3388.3667
1,77,1,0,-2085.0,5925,249,3388.3667
1,79,1,2,-2514.0,5364,247,3388.3667
1,80,1,0,-1464.0,5304,348,3388.3667
1,83,1,2,-2213.0,5063,194,3388.3667
1,85,1,2,-2063.0,4913,247,3388.3667
1,86,1,0,-1028.0,4868,348,3388.3667
1,88,1,1,-3721.5,4139,2,3388.3667
1,89,1,1,-4049.5,4467,2,3388.3667
1,90,1,0,-788.0,4628,295,3388.3667
1,92,1,2,-1711.0,4561,247,3388.3667
1,94,1,0,-563.0,4403,295,3388.3667
1,95,1,0,-460.0,4300,348,3388.3667
1,96,1,1,-3826.5,4244,2,3388.3667
1,97,1,2,-1356.0,4206,247,3388.3667
1,98,1,0,-218.0,4058,348,3388.3667
1,99,1,1,-3491.5,3909,2,3388.3667
1,100,1,1,-3472.5,3890,2,3388.3667
1,101,1,0,-80.0,3920,348,3388.3667
1,102,1,1,-3460.5,3878,2,3388.3667
1,103,1,1,-3407.5,3825,2,3388.3667
1,105,1,2,-965.0,3815,194,3388.3667
1,107,1,1,-2983.5,3401,2,3388.3667
1,108,1,2,-535.0,3385,247,3388.3667
1,115,1,1,-2200.5,2618,2,3388.3667
1,116,1,1,-2154.5,2572,2,3388.3667
1,118,1,1,-1927.5,2345,2,3388.3667
1,120,1,1,-1833.5,2251,2,3388.3667
1,121,1,1,-1830.5,2248,2,3388.3667
1,124,1,1,-1255.5,1673,2,3388.3667
1,132,1,1,-295.5,713,2,3388.3667
1,175,1,1,-111.5,529,2,3388.3667
1,331,1,1,-739.5,1157,2,3388.3667
1,392,1,0,-590.0,4430,342,3388.3667
1,393,1,0,-2170.0,6010,295,3388.3667
1,395,1,2,-2895.0,5745,247,3388.3667
1,396,1,0,-1897.0,5737,348,3388.3667
1,401,1,2,-2512.0,5362,247,3388.3667
1,403,1,0,-1382.0,5222,348,3388.3667
1,405,1,0,-1242.0,5082,295,3388.3667
1,406,1,0,-1189.0,5029,348,3388.3667
1,407,1,0,-1158.0,4998,348,3388.3667
1,408,1,2,-2090.0,4940,194,3388.3667
1,409,1,2,-1979.0,4829,247,3388.3667
1,410,1,1,-4285.5,4703,2,3388.3667
1,411,1,0,-916.0,4756,348,3388.3667
1,412,1,0,-536.0,4376,348,3388.3667
1,413,1,2,-1514.0,4364,247,3388.3667
1,415,1,2,-1386.0,4236,247,3388.3667
1,416,1,0,-358.0,4198,348,3388.3667
1,418,1,0,-261.0,4101,348,3388.3667
1,419,1,1,-3442.5,3860,2,3388.3667
1,421,1,1,-3160.5,3578,2,3388.3667
1,425,1,2,-323.0,3173,247,3388.3667
1,426,1,1,-2641.5,3059,2,3388.3667
1,429,1,1,-2343.5,2761,2,3388.3667
1,442,1,1,-1083.5,1501,2,3388.3667
1,444,1,1,-681.5,1099,2,3388.3667
1,447,1,1,-536.5,954,2,3388.3667
1,486,1,1,-704.5,1122,2,3388.3667
1,490,1,1,-397.5,815,2,3388.3667
1,492,1,1,-307.5,725,2,3388.3667
1,533,1,2,-1082.0,3932,247,3388.3667
1,534,1,2,-1035.0,3885,247,3388.3667
1,536,1,0,-44.0,3884,348,3388.3667
1,538,1,2,-625.0,3475,194,3388.3667
1,540,1,2,-556.0,3406,247,3388.3667
1,545,1,2,-152.0,3002,247,3388.3667
1,548,1,2,-117.0,2967,247,3388.3667
1,550,1,1,-2375.5,2793,2,3388.3667
1,551,1,2,-69.0,2919,247,3388.3667
1,557,1,1,-1830.5,2248,2,3388.3667
1,558,1,1,-1826.5,2244,2,3388.3667
1,559,1,1,-1679.5,2097,2,3388.3667
1,561,1,1,-1492.5,1910,2,3388.3667
1,660,1,1,-972.5,1390,2,3388.3667
1,664,1,1,-368.5,786,2,3388.3667
1,668,1,1,-163.5,581,2,3388.3667
1,672,1,2,-859.0,3709,247,3388.3667
1,677,1,2,-391.0,3241,194,3388.3667
1,678,1,2,-352.0,3202,247,3388.3667
1,679,1,2,-262.0,3112,247,3388.3667
1,685,1,1,-616.5,1034,2,3388.3667
1,687,1,1,-503.5,921,2,3388.3667
1,691,1,1,-1864.5,2282,2,3388.3667
1,692,1,1,-1810.5,2228,2,3388.3667
1,693,1,1,-1706.5,2124,2,3388.3667
1,694,1,1,-1624.5,2042,2,3388.3667
1,702,1,1,-986.5,1404,2,3388.3667
1,770,1,1,-946.5,1364,2,3388.3667
1,772,1,1,-886.5,1304,2,3388.3667
1,774,1,1,-646.5,1064,2,3388.3667
1,782,1,1,-65.5,483,2,3388.3667
1,884,1,1,-366.5,784,2,3388.3667
1,892,1,1,-2.5,420,2,3388.3667
1,904,1,1,-692.5,1110,2,3388.3667
Time: 63338, 860664, 312214, 896019
