CONFIGURATION:
{u'simulation': {u'stdev_factor': 0.01, u'power_mgmt_enabled': False, u'tasks': {u'loc': {u'mean_service_time': {u'gpu': 90, u'cpu_core': 200, u'loc_accel': 10}, u'priority': 1, u'deadline': 1000, u'stdev_service_time': {u'gpu': 0.9, u'cpu_core': 2.0, u'loc_accel': 0.1}, u'power': {u'gpu': 4.457, u'cpu_core': 6.133, u'loc_accel': 0.02197}}, u'detect': {u'mean_service_time': {u'gpu': 0.4607, u'cpu_core': 3.654, u'det_accel': 0.278}, u'priority': 2, u'deadline': 1000, u'stdev_service_time': {u'gpu': 0.004607, u'cpu_core': 0.03654, u'det_accel': 0.0027800000000000004}, u'power': {u'gpu': 90, u'cpu_core': 200, u'det_accel': 10}}, u'Frontier': {u'mean_service_time': {u'cpu_core': 396}, u'priority': 9, u'deadline': 1000, u'stdev_service_time': {u'cpu_core': 3.96}, u'power': {u'cpu_core': 5.98}}, u'track': {u'mean_service_time': {u'gpu': 17, u'tra_accel': 2, u'cpu_core': 1820}, u'priority': 3, u'deadline': 1000, u'stdev_service_time': {u'gpu': 0.17, u'tra_accel': 0.02, u'cpu_core': 18.2}, u'power': {u'gpu': 12.79, u'tra_accel': 0.59, u'cpu_core': 5.6}}, u'sp': {u'mean_service_time': {u'gpu': 379, u'cpu_core': 1004}, u'priority': 11, u'deadline': 1000, u'stdev_service_time': {u'gpu': 3.79, u'cpu_core': 10.040000000000001}, u'power': {u'gpu': 3.302, u'cpu_core': 1004}}, u'mission': {u'mean_service_time': {u'cpu_core': 0.0022}, u'priority': 5, u'deadline': 1000, u'stdev_service_time': {u'cpu_core': 2.2000000000000003e-05}, u'power': {u'cpu_core': 3.534}}, u'motion': {u'mean_service_time': {u'cpu_core': 8}, u'priority': 6, u'deadline': 1000, u'stdev_service_time': {u'cpu_core': 0.08}, u'power': {u'cpu_core': 4.222}}, u'collision': {u'mean_service_time': {u'cpu_core': 8}, u'priority': 7, u'deadline': 1000, u'stdev_service_time': {u'cpu_core': 0.08}, u'power': {u'cpu_core': 0}}, u'fusion': {u'mean_service_time': {u'cpu_core': 1}, u'priority': 4, u'deadline': 1000, u'stdev_service_time': {u'cpu_core': 0.01}, u'power': {u'cpu_core': 0}}, u'map': {u'mean_service_time': {u'gpu': 761, u'cpu_core': 973}, u'priority': 10, u'deadline': 1000, u'stdev_service_time': {u'gpu': 7.61, u'cpu_core': 9.73}, u'power': {u'gpu': 3.533, u'cpu_core': 2.995}}, u'path': {u'mean_service_time': {u'cpu_core': 8}, u'priority': 8, u'deadline': 1000, u'stdev_service_time': {u'cpu_core': 0.08}, u'power': {u'cpu_core': 0}}}, u'sched_policy_module': u'policies.ms1_update2', u'drop': True, u'servers': {u'gpu': {u'count': 2}, u'tra_accel': {u'count': 1}, u'cpu_core': {u'count': 8}, u'loc_accel': {u'count': 1}, u'det_accel': {u'count': 1}}, u'max_tasks_simulated': 10000, u'max_queue_size': 1000000, u'mean_arrival_time': 50, u'arrival_time_scale': 2.9}, u'general': {u'random_seed': 0, u'pre_gen_arrivals': False, u'basename': u'policy:ms1_update2__stdev_factor:0.01', u'output_trace_file': None, u'working_dir': u'/home/hiwot/meta-stomp2/sim_16042020_201032_new_arrival_50_map_rheftmapping_50_trace_30', u'input_trace_file': (False, '../mv_mapping_50_trace_30.trc'), u'logging_level': u'INFO'}}

/home/hiwot/meta-stomp2/sim_16042020_201032_new_arrival_50_map_rheftmapping_50_trace_30/../mv_mapping_50_trace_30.trc

Running STOMP simulation...
Dropped,DAG ID,DAG Priority,DAG Type,Slack,Response Time,No-Affinity Time,Energy
0,0,1,0,2992.4,1462,293,6320.2027
0,1,3,2,2339.0,967,194,3360.1027
0,2,3,0,2826.4,1628,247,6010.2197
0,3,1,0,2824.4,1630,249,6010.2197
0,4,3,0,2824.4,1630,249,6010.2197
0,5,1,2,2076.0,1230,245,3642.1397
0,6,1,1,470.3,14,2,0.2197
0,7,3,1,470.3,14,2,0.2197
0,8,3,2,2316.0,990,194,3441.3617
0,9,3,1,470.3,14,2,0.2197
0,10,3,1,470.3,14,2,0.2197
0,11,1,0,2992.4,1462,293,6320.2027
0,12,3,2,2074.0,1232,247,3642.1397
0,13,3,2,2339.0,967,194,3360.1027
0,14,1,1,470.3,14,2,0.2197
0,15,3,2,2339.0,967,194,3360.1027
0,16,3,0,2826.4,1628,247,6010.2197
0,17,3,0,2824.4,1630,249,6010.2197
0,18,1,0,2824.4,1630,249,6010.2197
0,19,1,0,2530.4,1924,346,7192.2547
0,20,1,2,2074.0,1232,247,3642.1397
0,21,3,2,2328.0,978,194,3398.9657
0,22,3,1,470.3,14,2,0.2197
0,23,3,2,2279.0,1027,194,3572.0827
0,24,1,1,470.3,14,2,0.2197
0,25,1,1,470.3,14,2,0.2197
0,26,1,1,470.3,14,2,0.2197
0,27,1,1,468.3,16,4,0.2197
0,28,1,1,470.3,14,2,0.2197
0,29,3,0,2928.4,1526,297,6320.2027
0,30,1,0,2978.4,1476,297,6320.2027
0,31,1,0,2611.4,1843,350,7086.6197
0,32,1,0,2682.4,1772,350,6829.4797
0,33,1,0,2817.4,1637,249,6010.2197
0,34,3,0,2826.4,1628,247,6010.2197
0,35,1,0,2798.4,1656,295,6998.5387
0,36,1,1,470.3,14,2,0.2197
0,37,1,1,470.3,14,2,0.2197
0,38,3,0,2958.4,1496,295,6435.7057
0,39,1,2,2074.0,1232,247,3642.1397
0,40,1,1,470.3,14,2,0.2197
0,41,3,1,470.3,14,2,0.2197
0,42,1,1,470.3,14,2,0.2197
0,43,1,0,2726.4,1728,346,6602.26167
0,44,1,2,2040.0,1266,245,3749.9597
0,45,1,2,2073.0,1233,247,3642.1397
0,46,1,2,2339.0,967,194,3360.1027
0,47,1,0,2989.4,1465,293,6330.8017
0,48,1,0,2727.4,1727,346,6602.2397
0,49,1,2,2074.0,1232,247,3642.1397
0,50,1,2,2076.0,1230,245,3642.1397
0,51,1,1,470.3,14,2,0.2197
0,52,1,1,470.3,14,2,0.2197
0,53,1,1,470.3,14,2,0.2197
0,54,1,2,2339.0,967,194,3360.1027
0,55,1,2,2339.0,967,194,3360.1027
0,56,1,0,2826.4,1628,247,6010.2197
0,57,3,0,2826.4,1628,247,6010.2197
0,58,3,1,466.3,18,2,0.30758
0,59,1,0,2727.4,1727,346,6602.2397
0,60,1,2,2074.0,1232,247,3642.1397
0,61,3,0,2725.4,1729,348,6602.2397
0,62,1,1,470.3,14,2,0.2197
0,63,1,1,468.3,16,4,0.2197
0,64,1,2,2339.0,967,194,3360.1027
0,65,1,1,470.3,14,2,0.2197
0,66,1,1,470.3,14,2,0.2197
0,67,1,2,2339.0,967,194,3360.1027
0,68,1,1,470.3,14,2,0.2197
0,69,1,0,2826.4,1628,247,6010.2197
0,70,1,2,2076.0,1230,245,3642.1397
0,71,1,0,2580.4,1874,348,7036.5147
0,72,3,0,2989.4,1465,293,6330.8017
0,73,3,2,2133.0,1173,194,4087.9007
0,74,1,1,470.3,14,2,0.2197
0,75,3,2,2076.0,1230,245,3642.1397
0,76,1,0,1950.4,2504,350,6602.2397
0,77,1,0,1982.4,2472,350,6602.2397
0,78,1,1,470.3,14,2,0.2197
0,79,1,2,1492.0,1814,196,3360.1027
0,80,2,0,2718.4,1736,297,6463.7227
0,81,3,2,2050.0,1256,249,3642.1397
0,82,3,2,2064.0,1242,249,3642.1397
0,83,1,2,1834.0,1472,249,3642.1397
0,84,1,1,470.3,14,2,0.2197
0,85,1,2,2004.0,1302,249,3642.1397
0,86,1,0,2707.4,1747,350,6614.1997
0,87,3,2,1922.0,1384,196,4013.7077
0,88,1,1,470.3,14,2,0.2197
0,89,1,1,468.3,16,2,0.26364
0,90,1,0,2643.4,1811,350,6775.7897
0,91,3,2,2067.0,1239,196,3819.3927
0,92,1,2,1918.0,1388,249,3869.7597
0,93,3,1,424.3,60,4,0.2197
0,94,1,0,2438.4,2016,346,7488.6897
0,95,1,0,2528.4,1926,348,7201.2097
0,97,1,2,1885.0,1421,245,4214.1847
0,98,1,0,2812.4,1642,251,6040.1697
0,99,1,1,348.3,136,4,0.2197
0,100,1,1,371.3,113,4,0.2197
0,101,1,0,2726.4,1728,293,7245.93658
0,102,1,1,380.3,104,4,0.32955
0,103,1,1,437.3,47,4,0.2197
0,104,3,2,2258.0,1048,194,3646.2757
0,105,1,2,2076.0,1230,245,3642.1397
0,106,1,0,2639.4,1815,247,6570.2847
0,107,1,1,433.3,51,4,0.2197
0,108,1,2,2076.0,1230,245,3642.1397
0,109,1,0,2438.4,2016,346,7461.84864
0,110,1,0,2880.4,1574,293,6715.8987
0,111,3,0,2992.4,1462,293,6320.2027
0,112,3,0,2725.4,1729,348,6602.2397
0,113,3,2,2076.0,1230,245,3642.1397
0,114,1,0,2824.4,1630,249,6010.2197
0,115,1,1,463.3,21,2,0.37349
0,116,1,1,470.3,14,2,0.2197
0,117,1,2,2074.0,1232,247,3642.1397
0,118,1,1,470.3,14,2,0.2197
0,119,1,2,2137.0,1169,194,4073.7687
0,120,1,1,470.3,14,2,0.2197
0,121,1,1,466.3,18,2,0.30758
0,122,1,0,2992.4,1462,293,6320.2027
0,123,1,0,2725.4,1729,348,6602.2397
0,124,1,1,470.3,14,2,0.2197
0,125,1,2,2074.0,1232,247,3642.1397
0,126,1,0,2784.4,1670,293,7055.0667
0,127,1,0,2826.4,1628,247,6010.2197
0,128,3,2,2296.0,1010,194,3512.0217
0,129,1,0,2727.4,1727,346,6602.2397
0,130,1,0,2725.4,1729,348,6602.2397
0,131,1,2,2074.0,1232,247,3642.1397
0,132,1,1,470.3,14,2,0.2197
0,133,3,2,2227.0,1079,194,3755.7987
0,134,1,1,470.3,14,2,0.2197
0,135,3,2,2339.0,967,194,3360.1027
0,136,1,1,470.3,14,2,0.2197
0,137,1,1,470.3,14,2,0.2197
0,138,1,0,2727.4,1727,346,6602.2397
0,139,1,0,2992.4,1462,293,6320.2027
0,140,1,2,2290.0,1016,194,3533.2197
0,141,3,1,470.3,14,2,0.2197
0,142,3,0,2826.4,1628,247,6010.2197
0,143,1,2,2302.0,1004,194,3490.8237
0,144,1,2,2074.0,1232,245,3642.18364
0,145,1,2,2162.0,1144,194,3985.4437
0,146,1,0,2727.4,1727,346,6602.2397
0,147,1,1,470.3,14,2,0.2197
0,148,1,0,2826.4,1628,247,6010.2197
0,149,1,2,2076.0,1230,245,3642.1397
0,150,3,1,470.3,14,2,0.2197
0,151,1,2,2252.0,1054,194,3667.4737
0,152,1,0,2727.4,1727,346,6602.2397
0,153,1,1,470.3,14,2,0.2197
0,154,1,0,2990.4,1464,295,6320.2027
0,155,1,1,470.3,14,2,0.2197
0,156,1,0,2826.4,1628,247,6010.2197
0,157,1,1,470.3,14,2,0.2197
0,158,1,2,2074.0,1232,247,3642.1397
0,159,1,0,2801.4,1653,293,6995.0057
0,160,1,1,470.3,14,2,0.2197
0,161,3,1,470.3,14,2,0.2197
0,162,3,1,470.3,14,2,0.2197
0,163,1,0,2924.4,1530,297,6514.5177
0,164,1,2,1908.0,1398,249,3642.1397
0,165,3,0,2720.4,1734,348,6632.1397
0,166,1,1,470.3,14,2,0.2197
0,167,3,2,2154.0,1152,194,3989.13049
0,168,1,0,2826.4,1628,247,6010.2197
0,169,1,2,2076.0,1230,245,3642.1397
0,170,1,2,2074.0,1232,247,3642.1397
0,171,1,2,2139.0,1167,194,4066.7027
0,172,1,0,2727.4,1727,346,6602.2397
0,173,1,2,2074.0,1232,247,3642.1397
0,174,1,0,2657.4,1797,346,6811.8897
0,175,1,1,413.3,71,4,0.2197
0,176,1,2,2247.0,1059,194,3685.1387
0,177,1,0,2727.4,1727,346,6602.2397
0,178,1,2,2339.0,967,194,3360.1027
0,179,1,2,2129.0,1177,194,4102.0327
0,180,3,1,470.3,14,2,0.2197
0,181,3,1,470.3,14,2,0.2197
0,182,1,2,2074.0,1232,247,3642.1397
0,183,1,2,2076.0,1230,245,3642.1397
0,184,1,2,2076.0,1230,245,3642.1397
0,185,1,0,2727.4,1727,346,6602.2397
0,186,1,2,2203.0,1103,194,3840.5907
0,187,1,2,2074.0,1232,245,3642.18364
0,188,1,1,470.3,14,2,0.2197
0,189,1,0,2726.4,1728,346,6602.26167
0,190,1,2,2323.0,983,194,3416.6307
0,191,3,2,2076.0,1230,245,3642.1397
0,192,1,0,2787.4,1667,295,7037.4017
0,193,1,0,2727.4,1727,346,6602.2397
0,194,1,2,2076.0,1230,245,3642.1397
0,195,1,2,2297.0,1009,194,3508.4887
0,196,3,0,2725.4,1729,348,6602.2397
0,197,1,2,2074.0,1232,247,3642.1397
0,198,3,2,2074.0,1232,247,3642.1397
0,199,1,2,2076.0,1230,245,3642.1397
0,200,1,1,470.3,14,2,0.2197
0,201,1,0,2992.4,1462,293,6320.2027
0,202,1,2,2339.0,967,194,3360.1027
0,203,1,1,470.3,14,2,0.2197
0,204,1,1,470.3,14,2,0.2197
0,205,1,0,2920.4,1534,293,6574.5787
0,206,3,0,2826.4,1628,247,6010.2197
0,207,1,0,2814.4,1640,249,6010.4394
0,208,1,2,2330.0,976,194,3391.8997
0,209,1,1,470.3,14,2,0.2197
0,210,3,1,470.3,14,2,0.2197
0,211,1,0,2992.4,1462,293,6320.2027
0,212,3,0,2992.4,1462,293,6320.2027
0,213,3,0,2826.4,1628,247,6010.2197
0,214,1,0,2826.4,1628,247,6010.2197
0,215,3,0,2824.4,1630,249,6010.2197
0,216,3,0,2819.4,1635,293,6931.4117
0,217,1,2,2068.0,1238,245,3642.31546
0,218,3,0,2882.4,1572,295,6701.7667
0,219,3,2,2072.0,1234,249,3642.1397
0,220,3,0,2727.4,1727,346,6602.2397
0,221,3,1,470.3,14,2,0.2197
0,222,1,2,2074.0,1232,247,3642.1397
0,223,1,2,2044.0,1262,194,4402.3377
0,224,3,1,470.3,14,2,0.2197
0,225,1,1,470.3,14,2,0.2197
0,226,1,0,2789.4,1665,293,7037.4017
0,227,1,1,470.3,14,2,0.2197
0,228,3,1,470.3,14,2,0.2197
0,229,1,0,2992.4,1462,293,6320.2027
0,230,1,1,469.3,15,2,0.24167
0,231,1,0,2687.4,1767,247,6426.5247
0,232,3,1,470.3,14,2,0.2197
0,233,1,0,2826.4,1628,247,6010.2197
0,234,3,2,2333.0,973,194,3381.3007
0,235,3,2,2074.0,1232,247,3642.1397
0,236,1,2,2074.0,1232,247,3642.1397
0,237,1,1,470.3,14,2,0.2197
0,238,1,1,470.3,14,2,0.2197
0,239,3,0,2992.4,1462,293,6320.2027
0,240,3,0,2992.4,1462,293,6320.2027
0,241,1,2,2074.0,1232,247,3642.1397
0,242,1,1,470.3,14,2,0.2197
0,243,1,1,470.3,14,2,0.2197
0,244,1,0,2851.4,1603,293,6818.3557
0,245,1,0,2826.4,1628,247,6010.2197
0,246,1,2,2153.0,1153,194,4017.2407
0,247,1,0,2686.4,1768,350,6679.9797
0,248,1,2,1553.0,1753,249,3642.22758
0,249,3,1,470.3,14,2,0.2197
0,250,1,2,2043.0,1263,196,3360.1027
0,251,1,1,470.3,14,2,0.2197
0,252,1,2,2176.0,1130,196,3360.1027
0,253,1,1,470.3,14,2,0.2197
0,254,1,0,2826.4,1628,247,6010.2197
0,255,3,0,2606.4,1848,346,7325.8197
0,256,1,2,2031.0,1275,249,3642.1397
0,257,3,2,2064.0,1242,249,3642.1397
0,258,1,0,2725.4,1729,348,6602.2397
0,259,1,0,2725.4,1729,348,6602.2397
0,260,3,1,394.3,90,4,0.59319
0,261,3,2,2009.0,1297,245,3830.91258
0,262,1,2,2055.0,1251,194,4328.3644
0,263,1,0,2990.4,1464,295,6320.2027
0,264,1,1,467.3,17,2,0.2197
0,265,1,2,2074.0,1232,247,3642.1397
0,266,1,1,242.3,242,4,0.2197
0,267,3,2,2047.0,1259,247,3723.0047
0,268,1,0,2726.4,1728,293,7259.9807
0,269,1,1,470.3,14,2,0.2197
0,270,1,1,470.3,14,2,0.2197
0,271,1,2,2339.0,967,194,3360.1027
0,272,3,0,2862.4,1592,293,6779.4927
0,273,3,1,470.3,14,2,0.2197
0,274,1,2,2072.0,1234,245,3642.22758
0,275,1,1,470.3,14,2,0.2197
0,276,1,1,470.3,14,2,0.2197
0,277,3,2,2339.0,967,194,3360.1027
0,278,1,0,2817.4,1637,295,6931.4117
0,279,1,0,2826.4,1628,247,6010.2197
0,280,1,0,2826.4,1628,247,6010.2197
0,281,1,2,2074.0,1232,247,3642.1397
0,282,1,1,470.3,14,2,0.2197
0,283,1,2,2284.0,1022,194,3554.4177
0,284,1,2,2157.0,1149,194,4003.1087
0,285,3,1,470.3,14,2,0.2197
0,286,1,0,2727.4,1727,346,6602.2397
0,287,1,1,470.3,14,2,0.2197
0,288,1,1,470.3,14,2,0.2197
0,289,1,0,2727.4,1727,346,6602.2397
0,290,3,2,2076.0,1230,245,3642.1397
0,291,3,2,2259.0,1047,196,3635.6767
0,292,1,1,470.3,14,2,0.2197
0,293,1,1,470.3,14,2,0.2197
0,294,1,2,2339.0,967,194,3360.1027
0,295,1,2,2076.0,1230,245,3642.1397
0,296,1,1,470.3,14,2,0.2197
0,297,1,1,470.3,14,2,0.2197
0,298,1,2,2339.0,967,194,3360.1027
0,299,3,2,2076.0,1230,245,3642.1397
0,300,3,2,2074.0,1232,247,3642.1397
0,301,1,1,470.3,14,2,0.2197
0,302,3,2,2174.0,1132,194,3943.0477
0,303,1,1,470.3,14,2,0.2197
0,304,1,0,2727.4,1727,346,6602.2397
0,305,1,1,470.3,14,2,0.2197
0,306,1,1,470.3,14,2,0.2197
0,307,1,2,2162.0,1144,194,3985.4437
0,308,1,0,2727.4,1727,346,6602.2397
0,309,1,0,2727.4,1727,346,6602.2397
0,310,1,2,2074.0,1232,247,3642.1397
0,311,1,1,470.3,14,2,0.2197
0,312,3,1,470.3,14,2,0.2197
0,313,1,1,470.3,14,2,0.2197
0,314,1,1,470.3,14,2,0.2197
0,315,1,1,470.3,14,2,0.2197
0,316,1,1,470.3,14,2,0.2197
0,317,1,0,2081.4,2373,295,11756.0227
0,318,3,1,470.3,14,2,0.2197
0,319,1,0,2663.4,1791,297,8078.3227
0,320,1,2,1556.0,1750,249,3642.1397
0,321,1,0,2703.4,1751,348,6691.9397
0,322,1,2,1579.0,1727,249,3642.1397
0,323,1,1,463.3,21,2,0.37349
0,324,3,0,2705.4,1749,348,6721.8397
0,325,1,2,1654.0,1652,249,3642.1397
0,326,3,0,2555.4,1899,348,7559.2594
0,327,1,2,1793.0,1513,249,3711.0247
0,328,3,2,2025.0,1281,196,3791.1287
0,329,3,2,1903.0,1403,249,3642.1397
0,330,1,0,2534.4,1920,293,7938.3167
0,332,1,0,2409.4,2045,293,8379.9417
0,333,1,2,1995.0,1311,247,3878.7447
0,334,1,2,2046.0,1260,247,3725.9997
0,335,1,0,2692.4,1762,346,6707.0647
0,336,3,1,470.3,14,2,0.2197
0,337,1,0,2992.4,1462,293,6320.2027
0,338,1,2,2339.0,967,194,3360.1027
0,339,1,1,466.3,18,2,0.30758
0,340,3,0,2826.4,1628,247,6010.2197
0,341,1,2,2074.0,1232,247,3642.1397
0,342,3,2,2074.0,1232,247,3642.1397
0,343,3,1,470.3,14,2,0.2197
0,344,1,2,2339.0,967,194,3360.1027
0,345,1,1,470.3,14,2,0.2197
0,346,1,0,2990.4,1464,295,6320.2027
0,347,1,2,2076.0,1230,245,3642.1397
0,348,3,2,2074.0,1232,247,3642.1397
0,349,1,1,470.3,14,2,0.2197
0,350,3,2,2076.0,1230,245,3642.1397
0,351,1,2,2074.0,1232,247,3642.1397
0,352,1,0,2856.4,1598,293,6800.6907
0,353,1,1,468.3,16,4,0.2197
0,354,1,1,470.3,14,2,0.2197
0,355,1,0,2992.4,1462,293,6320.2027
0,356,1,1,470.3,14,2,0.2197
0,357,3,1,470.3,14,2,0.2197
0,358,1,1,470.3,14,2,0.2197
0,359,1,1,470.3,14,2,0.2197
0,360,1,1,470.3,14,2,0.2197
0,361,1,2,2339.0,967,194,3360.1027
0,362,1,2,2339.0,967,194,3360.1027
0,363,1,0,2826.4,1628,247,6010.2197
0,364,1,2,2076.0,1230,245,3642.1397
0,365,1,1,470.3,14,2,0.2197
0,366,1,2,2238.0,1068,194,3716.9357
0,367,1,1,470.3,14,2,0.2197
0,368,3,1,470.3,14,2,0.2197
0,369,1,0,2819.4,1635,247,6010.37349
0,370,1,0,2990.4,1464,295,6320.2027
0,371,1,2,2074.0,1232,247,3642.1397
0,372,3,1,470.3,14,2,0.2197
0,373,1,0,2853.4,1601,293,6811.2897
0,374,1,2,2076.0,1230,245,3642.1397
0,375,3,2,2074.0,1232,247,3642.1397
0,376,1,0,2727.4,1727,346,6602.2397
0,377,1,1,470.3,14,2,0.2197
0,378,3,1,470.3,14,2,0.2197
0,379,3,0,2903.4,1551,295,6627.5737
0,380,3,2,2074.0,1232,247,3642.1397
0,381,1,0,2725.4,1729,348,6602.2397
0,382,1,0,2990.4,1464,295,6320.2027
0,383,1,2,2059.0,1247,245,3693.0547
0,384,3,0,2935.4,1519,295,6514.5177
0,385,1,2,2074.0,1232,247,3642.1397
0,386,1,1,470.3,14,2,0.2197
0,387,3,2,2074.0,1232,247,3642.1397
0,388,1,2,2074.0,1232,247,3642.1397
0,389,1,1,460.3,24,2,0.4394
0,390,1,2,2339.0,967,194,3360.1027
0,391,1,1,470.3,14,2,0.2197
0,392,1,0,1043.4,3411,297,6320.2027
0,393,1,0,866.4,3588,251,6010.2197
0,394,3,1,470.3,14,2,0.2197
0,395,1,2,20.0,3286,196,3872.3877
0,396,1,0,1191.4,3263,350,6990.9397
0,397,3,1,470.3,14,2,0.2197
0,398,3,0,2708.4,1746,350,6644.0997
0,399,1,1,470.3,14,2,0.2197
0,400,1,1,470.3,14,2,0.2197
0,401,2,2,472.0,2834,196,3603.8797
0,402,1,1,470.3,14,2,0.2197
0,403,1,0,1797.4,2657,350,6805.5597
0,404,3,2,1998.0,1308,249,3642.1397
0,405,1,0,1953.4,2501,350,7313.8597
0,406,1,0,2021.4,2433,297,8168.9827
0,407,1,0,2058.4,2396,350,8001.5597
0,408,2,2,985.0,2321,249,3776.9147
0,409,1,2,1121.0,2185,249,4028.4947
0,411,1,0,2348.4,2106,297,7398.6207
0,412,1,0,2437.4,2017,346,7491.6847
0,413,1,2,1661.0,1645,249,4073.8591
0,414,3,0,2599.4,1855,350,6937.78349
0,415,2,2,1824.0,1482,249,4199.2097
0,416,1,0,2475.4,1979,295,8139.6977
0,417,3,0,2825.4,1629,297,6790.68564
0,418,1,0,2013.4,2441,350,8542.9997
0,420,3,2,1909.0,1397,247,4136.3147
0,422,1,0,2777.4,1677,295,6881.9497
0,423,1,0,2802.4,1652,251,6031.1847
0,424,1,0,2791.4,1663,251,6016.2097
0,425,1,2,2091.0,1215,194,4236.2867
0,426,1,1,333.3,151,4,0.2197
0,427,3,1,463.3,21,4,0.2197
0,428,3,2,2057.0,1249,249,3657.1147
0,429,1,1,470.3,14,2,0.2197
0,430,3,2,2076.0,1230,245,3642.1397
0,431,1,2,2223.0,1083,194,3769.9307
0,432,1,2,2062.0,1244,247,3678.0797
0,433,3,0,2892.4,1562,293,6673.5027
0,434,1,0,2725.4,1729,348,6602.2397
0,435,1,2,2037.0,1269,245,3738.13349
0,436,3,0,2723.4,1731,346,6614.2197
0,437,3,2,2074.0,1232,247,3642.1397
0,438,3,0,2728.4,1726,293,7249.40367
0,439,1,2,2029.0,1277,247,3770.96864
0,440,1,1,470.3,14,2,0.2197
0,441,3,1,470.3,14,2,0.2197
0,442,1,1,470.3,14,2,0.2197
0,443,1,0,2992.4,1462,293,6320.2027
0,444,1,1,470.3,14,2,0.2197
0,445,1,0,2824.4,1630,249,6010.2197
0,446,1,2,2150.0,1156,194,4027.8397
0,447,1,1,470.3,14,2,0.2197
0,448,3,0,2727.4,1727,346,6602.2397
0,449,1,0,2824.4,1630,249,6010.2197
0,450,1,2,2074.0,1232,247,3642.1397
0,451,1,2,2180.0,1126,194,3921.8497
0,452,1,1,470.3,14,2,0.2197
0,453,3,1,470.3,14,2,0.2197
0,454,1,0,2970.4,1484,295,6320.6421
0,455,1,1,463.3,21,2,0.37349
0,456,1,2,2148.0,1158,194,4034.9057
0,457,3,1,470.3,14,2,0.2197
0,458,1,2,2076.0,1230,245,3642.1397
0,459,1,2,2076.0,1230,245,3642.1397
0,460,1,1,470.3,14,2,0.2197
0,461,3,0,2727.4,1727,346,6602.2397
0,462,1,2,2074.0,1232,247,3642.1397
0,463,1,0,2826.4,1628,247,6010.2197
0,464,1,0,2917.4,1537,293,6585.1777
0,465,3,0,2860.4,1594,293,6786.5587
0,466,3,0,2727.4,1727,346,6602.2397
0,467,1,0,2826.4,1628,247,6010.2197
0,468,1,2,2074.0,1232,245,3642.18364
0,469,1,1,470.3,14,2,0.2197
0,470,1,0,2665.4,1789,297,6645.2387
0,471,1,1,470.3,14,2,0.2197
0,472,1,0,2900.4,1554,297,6602.8427
0,473,1,1,470.3,14,2,0.2197
0,474,1,2,2072.0,1234,247,3642.1397
0,475,1,0,2106.4,2348,251,6010.2197
0,476,1,2,1087.0,2219,249,3642.1397
0,477,1,0,2469.4,1985,297,6427.8427
0,478,1,0,2500.4,1954,350,7105.1697
0,479,3,2,2203.0,1103,196,3540.2857
0,480,3,0,2651.4,1803,350,6996.9197
0,481,1,0,2544.4,1910,346,7696.5797
0,482,1,2,1672.0,1634,249,4016.5147
0,483,2,2,2037.0,1269,249,3645.1347
0,484,1,2,1912.0,1394,247,4127.3297
0,485,3,0,2948.4,1506,293,6490.3367
0,487,1,0,2904.4,1550,293,6631.1067
0,488,3,1,315.3,169,4,0.2197
0,489,1,0,2816.4,1638,249,6034.1797
0,491,1,0,2738.4,1716,247,6267.83364
0,493,3,2,2028.0,1278,245,3785.8997
0,494,1,0,2981.4,1473,293,6359.0657
0,495,2,1,439.3,45,4,0.2197
0,496,1,0,2905.4,1549,295,6620.5077
0,497,1,2,2076.0,1230,245,3642.1397
0,498,3,0,2727.4,1727,346,6602.2397
0,499,1,2,2074.0,1232,247,3642.1397
0,500,1,1,470.3,14,2,0.2197
0,501,1,0,2990.4,1464,295,6320.2027
0,502,1,1,470.3,14,2,0.2197
0,503,1,2,2312.0,994,194,3455.4937
0,504,1,1,470.3,14,2,0.2197
0,505,1,2,2074.0,1232,247,3642.1397
0,506,1,2,2074.0,1232,247,3642.1397
0,507,1,0,2868.4,1586,293,6758.2947
0,508,1,2,2339.0,967,194,3360.1027
0,509,3,2,2339.0,967,194,3360.1027
0,510,1,1,470.3,14,2,0.2197
0,511,1,0,2824.4,1630,249,6010.2197
0,512,1,1,470.3,14,2,0.2197
0,513,1,2,2076.0,1230,245,3642.1397
0,514,1,2,2278.0,1028,194,3575.6157
0,515,3,0,2983.4,1471,293,6351.9997
0,516,1,0,2727.4,1727,346,6602.2397
0,517,1,2,2074.0,1232,247,3642.1397
0,518,1,0,2727.4,1727,346,6602.2397
0,519,1,0,2725.4,1729,348,6602.2397
0,520,3,0,2725.4,1729,348,6602.2397
0,521,3,1,470.3,14,2,0.2197
0,522,1,1,470.3,14,2,0.2197
0,523,1,0,2985.4,1469,293,6320.35649
0,524,1,1,470.3,14,2,0.2197
0,525,1,0,2992.4,1462,293,6320.2027
0,526,1,1,470.3,14,2,0.2197
0,527,1,1,470.3,14,2,0.2197
0,528,1,1,470.3,14,2,0.2197
0,529,3,0,2992.4,1462,293,6320.2027
0,530,3,0,2954.4,1500,293,6454.4567
0,531,1,2,2076.0,1230,245,3642.1397
0,532,3,1,470.3,14,2,0.2197
0,533,1,2,2179.0,1127,194,3925.3827
0,534,1,2,1466.0,1840,249,3947.6297
0,535,1,1,470.3,14,2,0.2197
0,536,1,0,2680.4,1774,350,6685.98167
0,537,3,2,2097.0,1209,196,3614.4787
0,538,1,2,1947.0,1359,249,3642.1397
0,539,1,1,470.3,14,2,0.2197
0,540,1,2,2036.0,1270,249,3642.1397
0,541,3,2,2072.0,1234,247,3642.1397
0,542,1,0,1996.4,2458,251,6010.2197
0,543,1,1,470.3,14,2,0.2197
0,544,3,0,2627.4,1827,297,8146.2327
0,545,1,2,1253.0,2053,249,3672.0897
0,546,3,0,2711.4,1743,297,7760.57364
0,547,3,2,2066.0,1240,249,3642.1397
0,548,1,2,1297.0,2009,249,4238.51819
0,549,3,1,278.3,206,4,0.24167
0,551,1,2,1363.0,1943,249,5708.6897
0,552,1,2,1502.0,1804,249,5094.7147
0,553,3,2,1866.0,1440,249,3818.8447
0,554,3,1,380.3,104,4,0.2197
0,555,2,2,2042.0,1264,249,3642.1397
0,556,3,2,2135.0,1171,196,3840.5907
0,557,1,1,-702.7,1187,4,0.2197
0,558,1,1,-694.7,1179,4,0.24167
0,560,1,2,2339.0,967,194,3360.1027
0,562,1,2,2071.0,1235,247,3648.15167
0,563,3,0,2525.4,1929,346,7192.36455
0,564,3,2,1936.0,1370,194,4783.9017
0,565,1,0,2677.4,1777,249,6450.4847
0,566,1,2,1959.0,1347,245,3992.5547
0,567,1,2,1895.0,1411,247,4178.2447
0,568,3,1,409.3,75,4,0.2197
0,569,1,2,2033.0,1273,247,3764.9347
0,570,1,0,2954.4,1500,293,6454.4567
0,571,1,0,2727.4,1727,346,6602.2397
0,572,1,2,2128.0,1178,194,4105.5657
0,573,1,0,2727.4,1727,346,6602.2397
0,574,1,2,2076.0,1230,245,3642.1397
0,575,1,2,2339.0,967,194,3360.1027
0,576,1,1,470.3,14,2,0.2197
0,577,1,0,2338.4,2116,297,6758.2947
0,578,1,1,470.3,14,2,0.2197
0,579,1,2,1303.0,2003,249,3642.1397
0,580,1,1,470.3,14,2,0.2197
0,581,1,0,2756.4,1698,297,7051.5477
0,582,1,0,2705.4,1749,348,6662.2594
0,583,1,0,2504.4,1950,346,7834.49319
0,584,1,1,470.3,14,2,0.2197
0,585,3,1,470.3,14,2,0.2197
0,586,1,0,2676.4,1778,348,6895.2597
0,587,3,2,1911.0,1395,249,3642.1397
0,588,1,1,470.3,14,2,0.2197
0,589,3,2,2285.0,1021,196,3388.3667
0,590,1,1,470.3,14,2,0.2197
0,591,3,0,2727.4,1727,346,6602.2397
0,592,3,1,463.3,21,2,0.37349
0,593,1,0,2727.4,1727,346,6602.2397
0,594,1,0,2756.4,1698,247,6219.8697
0,595,1,0,2990.4,1464,295,6320.2027
0,596,3,0,2818.4,1636,247,6034.1797
0,597,1,0,2689.4,1765,293,7390.7017
0,598,1,2,2076.0,1230,245,3642.1397
0,599,3,2,2325.0,981,194,3409.5647
0,600,1,2,2074.0,1232,247,3642.1397
0,601,1,2,2339.0,967,194,3360.1027
0,602,3,0,2727.4,1727,346,6602.2397
0,603,3,1,470.3,14,2,0.2197
0,604,1,1,470.3,14,2,0.2197
0,605,3,0,2992.4,1462,293,6320.2027
0,606,1,0,2992.4,1462,293,6320.2027
0,607,1,1,470.3,14,2,0.2197
0,608,1,0,2826.4,1628,247,6010.2197
0,609,3,1,470.3,14,2,0.2197
0,610,1,0,2990.4,1464,295,6320.2027
0,611,3,2,2066.0,1240,245,3642.3594
0,612,1,0,2716.4,1738,346,6602.48137
0,613,1,1,470.3,14,2,0.2197
0,614,1,1,470.3,14,2,0.2197
0,615,1,2,2339.0,967,194,3360.1027
0,616,1,0,2727.4,1727,346,6602.2397
0,617,1,2,2074.0,1232,247,3642.1397
0,618,1,1,470.3,14,2,0.2197
0,619,3,2,2339.0,967,194,3360.1027
0,620,1,2,2339.0,967,194,3360.1027
0,621,3,2,2076.0,1230,245,3642.1397
0,622,3,1,470.3,14,2,0.2197
0,623,1,1,470.3,14,2,0.2197
0,624,1,1,470.3,14,2,0.2197
0,625,1,2,2301.0,1005,194,3494.3567
0,626,3,1,470.3,14,2,0.2197
0,627,1,1,470.3,14,2,0.2197
0,628,3,1,470.3,14,2,0.2197
0,629,3,1,470.3,14,2,0.2197
0,630,1,0,2992.4,1462,293,6320.2027
0,631,1,0,2826.4,1628,247,6010.2197
0,632,3,0,2823.4,1631,249,6010.24167
0,633,1,1,470.3,14,2,0.2197
0,634,1,2,2329.0,977,194,3360.3224
0,635,1,0,2814.4,1640,247,6010.48334
0,636,1,0,2727.4,1727,346,6602.2397
0,637,1,0,2796.4,1658,295,7005.6047
0,638,1,2,2074.0,1232,247,3642.1397
0,639,3,0,2828.4,1626,293,6899.6147
0,640,3,1,470.3,14,2,0.2197
0,641,1,1,470.3,14,2,0.2197
0,642,1,0,2727.4,1727,346,6602.2397
0,643,3,1,470.3,14,2,0.2197
0,644,1,1,470.3,14,2,0.2197
0,645,1,2,2070.0,1236,247,3642.22758
0,646,3,0,2836.4,1618,293,6871.3507
0,647,1,1,470.3,14,2,0.2197
0,648,3,1,470.3,14,2,0.2197
0,649,3,1,470.3,14,2,0.2197
0,650,1,0,2234.4,2220,297,6320.2027
0,651,1,2,1249.0,2057,249,3642.1397
0,652,1,0,2516.4,1938,297,7018.6647
0,653,1,0,2641.4,1813,350,6931.1397
0,654,1,2,1576.0,1730,249,3642.1397
0,655,1,0,2722.4,1732,348,6620.1797
0,656,3,2,2066.0,1240,249,3642.1397
0,657,1,0,2722.4,1732,348,6620.1797
0,658,2,0,2940.4,1514,293,6511.2597
0,659,3,0,2724.4,1730,348,6608.2197
0,661,1,0,2482.4,1972,346,7336.0147
0,662,3,0,2776.4,1678,295,7076.2647
0,663,1,2,1962.0,1344,245,3983.5697
0,664,1,1,15.3,469,4,0.2197
0,665,3,1,372.3,112,4,0.2197
0,666,1,2,2244.0,1062,194,3695.7377
0,667,1,2,2056.0,1250,247,3696.0497
0,668,1,1,254.3,230,4,0.2197
0,669,1,1,470.3,14,2,0.2197
0,670,3,1,470.3,14,2,0.2197
0,671,1,2,2339.0,967,194,3360.1027
0,672,1,2,2339.0,967,194,3360.1027
0,673,3,0,2600.4,1854,350,7218.22364
0,674,1,1,470.3,14,2,0.2197
0,675,3,2,1869.0,1437,249,3642.1397
0,676,1,0,2302.4,2152,350,6685.9597
0,677,1,2,1984.0,1322,196,3533.2197
0,678,1,2,2030.0,1276,249,3642.1397
0,679,1,2,2076.0,1230,245,3642.1397
0,680,1,0,2848.4,1606,297,6627.5737
0,681,1,0,2011.4,2443,350,6883.2997
0,682,1,0,2056.4,2398,350,7439.4397
0,683,3,0,2413.4,2041,350,6644.0997
0,684,1,2,2039.0,1267,249,3699.06667
0,686,3,1,311.3,173,4,0.2197
0,687,2,1,-2.7,487,4,0.2197
0,688,3,2,2279.0,1027,194,3572.0827
0,689,1,0,2519.4,1935,297,7910.20455
0,690,1,2,1479.0,1827,249,4268.0947
0,691,1,1,255.3,229,4,0.2197
0,692,1,1,322.3,162,4,0.2197
0,693,1,1,440.3,44,4,0.2197
0,694,1,1,470.3,14,2,0.2197
0,695,1,2,1870.0,1436,249,3642.1397
0,696,1,0,2716.4,1738,346,6644.1397
0,697,1,0,2619.4,1835,348,6922.6947
0,698,1,2,2302.0,1004,194,3490.8237
0,699,3,0,2727.4,1727,346,6602.2397
0,700,1,2,2183.0,1123,194,3911.2507
0,701,1,2,2019.0,1287,247,3777.1344
0,703,1,2,1887.0,1419,247,4178.42046
0,704,3,2,2072.0,1234,249,3642.1397
0,705,1,0,2686.4,1768,346,6725.0347
0,706,3,1,423.3,61,4,0.2197
0,707,1,2,2339.0,967,194,3360.1027
0,708,1,0,2985.4,1469,295,6337.8677
0,709,3,1,470.3,14,2,0.2197
0,710,1,0,2992.4,1462,293,6320.2027
0,711,1,1,470.3,14,2,0.2197
0,712,1,0,2992.4,1462,293,6320.2027
0,713,3,2,2177.0,1129,194,3932.4487
0,714,1,2,2076.0,1230,245,3642.1397
0,715,1,1,470.3,14,2,0.2197
0,716,1,1,470.3,14,2,0.2197
0,717,1,2,2339.0,967,194,3360.1027
0,718,3,2,2195.0,1111,194,3868.8547
0,719,1,0,2826.4,1628,247,6010.2197
0,720,1,1,470.3,14,2,0.2197
0,721,3,0,2826.4,1628,247,6010.2197
0,722,3,0,2826.4,1628,247,6010.2197
0,723,3,2,2229.0,1077,194,3748.7327
0,724,1,2,2339.0,967,194,3360.1027
0,725,1,0,2723.4,1731,346,6602.32758
0,726,1,1,470.3,14,2,0.2197
0,727,1,0,2727.4,1727,346,6602.2397
0,728,1,2,2039.0,1267,247,3746.9647
0,729,3,2,2195.0,1111,194,3868.8547
0,730,1,0,2727.4,1727,346,6602.2397
0,731,1,1,470.3,14,2,0.2197
0,732,1,0,2990.4,1464,295,6320.2027
0,733,1,1,470.3,14,2,0.2197
0,734,1,0,2727.4,1727,346,6602.2397
0,735,3,1,470.3,14,2,0.2197
0,736,1,1,470.3,14,2,0.2197
0,737,1,1,470.3,14,2,0.2197
0,738,1,1,470.3,14,2,0.2197
0,739,1,1,470.3,14,2,0.2197
0,740,3,0,2990.4,1464,295,6320.2027
0,741,1,0,2992.4,1462,293,6320.2027
0,742,1,1,470.3,14,2,0.2197
0,743,1,2,2284.0,1022,194,3554.4177
0,744,1,0,2992.4,1462,293,6320.2027
0,745,3,1,470.3,14,2,0.2197
0,746,3,0,2826.4,1628,247,6010.2197
0,747,3,2,2076.0,1230,245,3642.1397
0,748,1,1,470.3,14,2,0.2197
0,749,1,2,2076.0,1230,245,3642.1397
0,750,1,1,470.3,14,2,0.2197
0,751,3,2,2339.0,967,194,3360.1027
0,752,3,2,2255.0,1051,194,3653.36367
0,753,3,2,2071.0,1235,245,3642.24955
0,754,3,2,2074.0,1232,247,3642.1397
0,755,1,0,2727.4,1727,346,6602.2397
0,756,1,0,2826.4,1628,247,6010.2197
0,757,3,0,2826.4,1628,247,6010.2197
0,758,1,0,2941.4,1513,295,6493.3197
0,759,1,2,2339.0,967,194,3360.1027
0,760,1,0,2816.4,1638,251,6010.2197
0,761,1,0,2826.4,1628,247,6010.2197
0,762,3,1,470.3,14,2,0.2197
0,763,1,0,2635.4,1819,297,6320.2027
0,764,1,2,1502.0,1804,249,3872.90849
0,765,3,0,2951.4,1503,297,6422.6597
0,766,1,2,1621.0,1685,249,3642.1397
0,767,1,2,1626.0,1680,249,3642.1397
0,768,3,2,1954.0,1352,249,3642.1397
0,769,1,0,2719.4,1735,346,6650.0797
0,770,1,1,466.3,18,2,0.30758
0,771,3,2,2062.0,1244,249,3642.1397
0,772,1,1,247.3,237,4,0.2197
0,773,3,2,2023.0,1283,194,4476.5307
0,774,1,1,470.3,14,2,0.2197
0,775,3,2,2339.0,967,194,3360.1027
0,776,1,2,1892.0,1414,245,4193.2197
0,777,1,0,2584.4,1870,346,7030.5247
0,778,1,0,2585.4,1869,348,7021.5397
0,779,1,2,2052.0,1254,245,3714.0197
0,780,1,0,2717.4,1737,346,6632.1897
0,781,1,0,2723.4,1731,348,6608.2297
0,782,1,1,257.3,227,4,0.2197
0,783,3,1,423.3,61,4,0.2197
0,784,3,1,470.3,14,2,0.2197
0,785,1,2,2339.0,967,194,3360.1027
0,786,1,0,2992.4,1462,293,6320.2027
0,787,3,1,470.3,14,2,0.2197
0,788,1,1,470.3,14,2,0.2197
0,789,1,0,2727.4,1727,346,6602.2397
0,790,3,1,470.3,14,2,0.2197
0,791,1,1,470.3,14,2,0.2197
0,792,1,1,470.3,14,2,0.2197
0,793,3,2,2339.0,967,194,3360.1027
0,794,1,0,2992.4,1462,293,6320.2027
0,795,1,1,470.3,14,2,0.2197
0,796,1,0,2826.4,1628,247,6010.2197
0,797,3,2,2076.0,1230,245,3642.1397
0,798,1,1,470.3,14,2,0.2197
0,799,3,0,2813.4,1641,295,6945.5437
0,800,1,1,470.3,14,2,0.2197
0,801,1,1,470.3,14,2,0.2197
0,802,1,0,2781.4,1673,293,7065.6657
0,803,1,2,2066.0,1240,245,3642.3594
0,804,1,1,470.3,14,2,0.2197
0,805,3,1,470.3,14,2,0.2197
0,806,1,0,2992.4,1462,293,6320.2027
0,807,1,2,2076.0,1230,245,3642.1397
0,808,3,2,2074.0,1232,247,3642.1397
0,809,3,2,2206.0,1100,194,3829.9917
0,810,3,2,2076.0,1230,245,3642.1397
0,811,1,0,2727.4,1727,346,6602.2397
0,812,1,2,2074.0,1232,247,3642.1397
0,813,1,1,470.3,14,2,0.2197
0,814,1,2,2174.0,1132,194,3943.0477
0,815,3,1,470.3,14,2,0.2197
0,816,1,2,2183.0,1123,194,3911.2507
0,817,3,1,470.3,14,2,0.2197
0,818,1,2,2074.0,1232,247,3642.1397
0,819,1,1,470.3,14,2,0.2197
0,820,1,2,1792.0,1514,249,3642.1397
0,821,1,0,2724.4,1730,346,6620.1797
0,822,1,2,1992.0,1314,249,3642.1397
0,823,1,2,2056.0,1250,249,3642.1397
0,824,3,1,470.3,14,2,0.2197
0,825,1,2,2339.0,967,194,3360.1027
0,826,1,2,2339.0,967,194,3360.1027
0,827,1,2,2076.0,1230,245,3642.1397
0,828,3,0,2727.4,1727,346,6602.2397
0,829,3,0,2826.4,1628,247,6010.2197
0,830,3,2,2066.0,1240,245,3642.3594
0,831,3,0,2750.4,1704,247,6237.8397
0,832,3,2,1974.0,1332,194,4649.6477
0,833,3,1,281.3,203,4,0.2197
0,834,1,0,2654.4,1800,247,6525.3597
0,835,1,0,2839.4,1615,293,6860.7517
0,836,1,2,2076.0,1230,245,3642.1397
0,837,3,1,470.3,14,2,0.2197
0,838,1,1,470.3,14,2,0.2197
0,839,1,2,2076.0,1230,245,3642.1397
0,840,3,0,2992.4,1462,293,6320.2027
0,841,1,2,2293.0,1013,194,3522.6207
0,842,1,1,470.3,14,2,0.2197
0,843,1,2,2076.0,1230,245,3642.1397
0,844,1,0,2727.4,1727,346,6602.2397
0,845,3,1,470.3,14,2,0.2197
0,846,1,2,2076.0,1230,245,3642.1397
0,847,3,2,2074.0,1232,247,3642.1397
0,848,3,1,470.3,14,2,0.2197
0,849,3,0,2845.4,1609,293,6839.5537
0,850,1,2,2143.0,1163,194,4052.5707
0,851,1,0,2727.4,1727,346,6602.2397
0,852,3,1,470.3,14,2,0.2197
0,853,1,0,2727.4,1727,346,6602.2397
0,854,3,1,470.3,14,2,0.2197
0,855,3,0,2725.4,1729,348,6602.2397
0,856,1,2,2259.0,1047,196,3635.6767
0,857,1,0,2992.4,1462,293,6320.2027
0,858,3,2,2339.0,967,194,3360.1027
0,859,1,0,2826.4,1628,247,6010.2197
0,860,3,2,2070.0,1236,247,3642.22758
0,861,1,2,2185.0,1121,194,3904.1847
0,862,1,2,2076.0,1230,245,3642.1397
0,863,1,0,2787.4,1667,295,7026.8027
0,864,1,0,2821.4,1633,251,6010.2197
0,865,1,0,2824.4,1630,249,6010.2197
0,866,1,1,465.3,19,2,0.32955
0,867,1,2,2065.0,1241,249,3642.1397
0,868,3,2,2100.0,1206,196,4034.9057
0,869,1,1,470.3,14,2,0.2197
0,870,1,0,2801.4,1653,297,6659.3707
0,871,1,2,2076.0,1230,245,3642.1397
0,872,3,1,470.3,14,2,0.2197
0,873,1,0,2826.4,1628,247,6010.2197
0,874,1,2,2056.0,1250,249,3642.1397
0,875,3,0,2727.4,1727,346,6602.2397
0,876,3,1,461.3,23,4,0.2197
0,877,3,0,2816.4,1638,247,6019.35849
0,878,3,2,2279.0,1027,194,3572.0827
0,879,1,0,2917.4,1537,293,6585.1777
0,880,3,0,2727.4,1727,346,6602.2397
0,881,1,2,2076.0,1230,245,3642.1397
0,882,3,0,2727.4,1727,346,6602.2397
0,883,1,0,2770.4,1684,249,6171.9497
0,884,1,1,400.3,84,4,0.2197
0,885,1,2,2131.0,1175,194,4094.9667
0,886,1,2,2302.0,1004,194,3490.8237
0,887,1,2,2074.0,1232,247,3642.1397
0,888,1,1,470.3,14,2,0.2197
0,889,1,1,470.3,14,2,0.2197
0,890,1,0,1840.4,2614,251,6010.2197
0,891,1,0,1915.4,2539,251,6010.2197
0,892,1,1,470.3,14,2,0.2197
0,893,3,1,470.3,14,2,0.2197
0,894,1,1,470.3,14,2,0.2197
0,895,1,0,2286.4,2168,297,7570.0227
0,896,1,0,2463.4,1991,297,6960.0627
0,897,1,1,470.3,14,2,0.2197
0,898,3,0,2591.4,1863,350,6620.1797
0,899,3,2,2067.0,1239,249,3642.1397
0,900,1,0,2657.4,1797,350,6620.26758
0,901,3,0,2722.4,1732,348,6620.1797
0,902,1,0,2554.4,1900,348,7624.8197
0,903,1,0,2702.4,1752,346,6751.7397
0,905,1,2,2339.0,967,194,3360.1027
0,906,3,1,154.3,330,4,0.2197
0,907,3,0,2992.4,1462,293,6320.2027
0,908,1,2,1963.0,1343,245,3980.5747
0,909,1,2,1907.0,1399,247,4130.41258
0,910,1,0,2580.4,1874,346,7042.5047
0,911,3,1,389.3,95,4,0.2197
0,912,1,0,2582.4,1872,348,7030.5247
0,913,2,1,328.3,156,4,0.2197
0,914,1,1,470.3,14,2,0.2197
0,915,3,1,470.3,14,2,0.2197
0,916,1,0,2992.4,1462,293,6320.2027
0,917,1,0,2990.4,1464,295,6320.2027
0,918,1,1,470.3,14,2,0.2197
0,919,1,0,2826.4,1628,247,6010.2197
0,920,3,1,470.3,14,2,0.2197
0,921,3,1,470.3,14,2,0.2197
0,922,3,2,2339.0,967,194,3360.1027
0,923,1,1,470.3,14,2,0.2197
0,924,1,2,2339.0,967,194,3360.1027
0,925,1,2,2076.0,1230,245,3642.1397
0,926,1,2,2076.0,1230,245,3642.1397
0,927,1,1,460.3,24,2,0.4394
0,928,3,1,470.3,14,2,0.2197
0,929,3,2,2076.0,1230,245,3642.1397
0,930,1,1,470.3,14,2,0.2197
0,931,1,2,2074.0,1232,247,3642.1397
0,932,3,2,2074.0,1232,247,3642.1397
0,933,1,1,470.3,14,2,0.2197
0,934,3,1,470.3,14,2,0.2197
0,935,1,0,2827.4,1627,295,6896.0817
0,936,1,0,2990.4,1464,295,6320.2027
0,937,1,2,2076.0,1230,245,3642.1397
0,938,3,1,470.3,14,2,0.2197
0,939,1,1,470.3,14,2,0.2197
0,940,3,2,2076.0,1230,245,3642.1397
0,941,3,2,2074.0,1232,247,3642.1397
0,942,1,0,2727.4,1727,346,6602.2397
0,943,1,1,470.3,14,2,0.2197
0,944,1,1,470.3,14,2,0.2197
0,945,1,2,2339.0,967,194,3360.1027
0,946,1,0,2992.4,1462,293,6320.2027
0,947,1,2,2076.0,1230,245,3642.1397
0,948,1,1,470.3,14,2,0.2197
0,949,1,0,2323.4,2131,251,6010.2197
0,950,1,1,470.3,14,2,0.2197
0,951,1,0,2775.4,1679,297,7435.7407
0,952,1,0,2669.4,1785,293,8251.7427
0,953,1,2,1729.0,1577,249,3642.1397
0,954,1,0,2718.4,1736,348,6644.0997
0,955,1,2,1996.0,1310,249,3642.1397
0,956,1,0,2726.4,1728,346,6608.2197
0,957,1,2,2074.0,1232,247,3642.1397
0,958,3,2,2074.0,1232,247,3642.1397
0,959,1,2,2067.0,1239,247,3642.29349
0,960,3,1,-71.7,556,4,0.2197
0,961,1,0,2966.4,1488,293,6412.0607
0,962,3,0,2992.4,1462,293,6320.2027
0,963,1,1,66.3,418,4,0.26364
0,964,1,2,1901.0,1405,245,4166.2647
0,965,3,1,470.3,14,2,0.2197
0,966,3,1,469.3,15,2,0.24167
0,967,1,0,2992.4,1462,293,6320.2027
0,968,1,2,2176.0,1130,194,3935.9817
0,969,1,1,470.3,14,2,0.2197
0,970,1,0,2727.4,1727,346,6602.2397
0,971,1,2,2074.0,1232,247,3642.1397
0,972,1,0,2725.4,1729,348,6602.2397
0,973,1,0,2826.4,1628,247,6010.2197
0,974,3,1,470.3,14,2,0.2197
0,975,3,2,2074.0,1232,247,3642.1397
0,976,1,2,2339.0,967,194,3360.1027
0,977,1,2,2339.0,967,194,3360.1027
0,978,1,1,470.3,14,2,0.2197
0,979,1,2,2287.0,1019,194,3543.8187
0,980,3,0,2826.4,1628,247,6010.2197
0,981,1,0,2822.4,1632,247,6010.30758
0,982,1,1,470.3,14,2,0.2197
0,983,3,0,2988.4,1466,297,6320.2027
0,984,1,1,470.3,14,2,0.2197
0,985,1,2,2279.0,1027,194,3572.0827
0,986,3,2,2074.0,1232,247,3642.1397
0,987,3,1,460.3,24,2,0.4394
0,988,1,0,2707.4,1747,346,6602.6791
0,989,1,1,470.3,14,2,0.2197
0,990,1,0,2727.4,1727,346,6602.2397
0,991,3,2,2074.0,1232,247,3642.1397
0,992,3,2,2339.0,967,194,3360.1027
0,993,1,1,470.3,14,2,0.2197
0,994,3,0,2990.4,1464,295,6320.2027
0,995,3,1,470.3,14,2,0.2197
0,996,1,2,2076.0,1230,245,3642.1397
0,997,3,0,2802.4,1652,295,6984.4067
0,998,3,2,2076.0,1230,245,3642.1397
0,999,1,2,2266.0,1040,194,3618.0117
1,96,1,1,-6.7,491,2,3618.0117
1,331,1,1,-581.7,1066,2,3618.0117
1,410,1,1,-1289.7,1774,2,3618.0117
1,419,1,1,-305.7,790,2,3618.0117
1,421,1,1,-61.7,546,2,3618.0117
1,486,1,1,-508.7,993,2,3618.0117
1,490,1,1,-188.7,673,2,3618.0117
1,492,1,1,-75.7,560,2,3618.0117
1,550,1,1,-222.7,707,2,3618.0117
1,559,1,1,-500.7,985,2,3618.0117
1,561,1,1,-290.7,775,2,3618.0117
1,660,1,1,-360.7,845,2,3618.0117
1,685,1,1,-154.7,639,2,3618.0117
1,702,1,1,-53.7,538,2,3618.0117
1,904,1,1,-505.7,990,2,3618.0117
Time: 64385, 464129, 947429, 642416
