CONFIGURATION:
{u'simulation': {u'stdev_factor': 0.01, u'power_mgmt_enabled': False, u'tasks': {u'loc': {u'mean_service_time': {u'gpu': 90, u'cpu_core': 200, u'loc_accel': 10}, u'priority': 1, u'deadline': 1000, u'stdev_service_time': {u'gpu': 0.9, u'cpu_core': 2.0, u'loc_accel': 0.1}, u'power': {u'gpu': 4.457, u'cpu_core': 6.133, u'loc_accel': 0.02197}}, u'detect': {u'mean_service_time': {u'gpu': 0.4607, u'cpu_core': 3.654, u'det_accel': 0.278}, u'priority': 2, u'deadline': 1000, u'stdev_service_time': {u'gpu': 0.004607, u'cpu_core': 0.03654, u'det_accel': 0.0027800000000000004}, u'power': {u'gpu': 90, u'cpu_core': 200, u'det_accel': 10}}, u'Frontier': {u'mean_service_time': {u'cpu_core': 396}, u'priority': 9, u'deadline': 1000, u'stdev_service_time': {u'cpu_core': 3.96}, u'power': {u'cpu_core': 5.98}}, u'track': {u'mean_service_time': {u'gpu': 17, u'tra_accel': 2, u'cpu_core': 1820}, u'priority': 3, u'deadline': 1000, u'stdev_service_time': {u'gpu': 0.17, u'tra_accel': 0.02, u'cpu_core': 18.2}, u'power': {u'gpu': 12.79, u'tra_accel': 0.59, u'cpu_core': 5.6}}, u'sp': {u'mean_service_time': {u'gpu': 379, u'cpu_core': 1004}, u'priority': 11, u'deadline': 1000, u'stdev_service_time': {u'gpu': 3.79, u'cpu_core': 10.040000000000001}, u'power': {u'gpu': 3.302, u'cpu_core': 1004}}, u'mission': {u'mean_service_time': {u'cpu_core': 0.0022}, u'priority': 5, u'deadline': 1000, u'stdev_service_time': {u'cpu_core': 2.2000000000000003e-05}, u'power': {u'cpu_core': 3.534}}, u'motion': {u'mean_service_time': {u'cpu_core': 8}, u'priority': 6, u'deadline': 1000, u'stdev_service_time': {u'cpu_core': 0.08}, u'power': {u'cpu_core': 4.222}}, u'collision': {u'mean_service_time': {u'cpu_core': 8}, u'priority': 7, u'deadline': 1000, u'stdev_service_time': {u'cpu_core': 0.08}, u'power': {u'cpu_core': 0}}, u'fusion': {u'mean_service_time': {u'cpu_core': 1}, u'priority': 4, u'deadline': 1000, u'stdev_service_time': {u'cpu_core': 0.01}, u'power': {u'cpu_core': 0}}, u'map': {u'mean_service_time': {u'gpu': 761, u'cpu_core': 973}, u'priority': 10, u'deadline': 1000, u'stdev_service_time': {u'gpu': 7.61, u'cpu_core': 9.73}, u'power': {u'gpu': 3.533, u'cpu_core': 2.995}}, u'path': {u'mean_service_time': {u'cpu_core': 8}, u'priority': 8, u'deadline': 1000, u'stdev_service_time': {u'cpu_core': 0.08}, u'power': {u'cpu_core': 0}}}, u'sched_policy_module': u'policies.ms3_update2', u'drop': True, u'servers': {u'gpu': {u'count': 2}, u'tra_accel': {u'count': 1}, u'cpu_core': {u'count': 8}, u'loc_accel': {u'count': 1}, u'det_accel': {u'count': 1}}, u'max_tasks_simulated': 10000, u'max_queue_size': 1000000, u'mean_arrival_time': 50, u'arrival_time_scale': 3.1}, u'general': {u'random_seed': 0, u'pre_gen_arrivals': False, u'basename': u'policy:ms3_update2__stdev_factor:0.01', u'output_trace_file': None, u'working_dir': u'/home/hiwot/meta-stomp2/sim_16042020_201032_new_arrival_50_map_rheftmapping_50_trace_30', u'input_trace_file': (False, '../mv_mapping_50_trace_30.trc'), u'logging_level': u'INFO'}}

/home/hiwot/meta-stomp2/sim_16042020_201032_new_arrival_50_map_rheftmapping_50_trace_30/../mv_mapping_50_trace_30.trc

Running STOMP simulation...
Dropped,DAG ID,DAG Priority,DAG Type,Slack,Response Time,No-Affinity Time,Energy
0,0,1,0,3299.6,1462,293,6320.2027
0,1,3,2,2567.0,967,194,3360.1027
0,2,3,0,3133.6,1628,247,6010.2197
0,3,1,0,3131.6,1630,249,6010.2197
0,4,3,0,3131.6,1630,249,6010.2197
0,5,1,2,2304.0,1230,245,3642.1397
0,6,1,1,503.7,14,2,0.2197
0,7,3,1,503.7,14,2,0.2197
0,8,3,2,2567.0,967,194,3360.1027
0,9,3,1,503.7,14,2,0.2197
0,10,3,1,503.7,14,2,0.2197
0,11,1,0,3299.6,1462,293,6320.2027
0,12,3,2,2302.0,1232,247,3642.1397
0,13,3,2,2567.0,967,194,3360.1027
0,14,1,1,503.7,14,2,0.2197
0,15,3,2,2567.0,967,194,3360.1027
0,16,3,0,3133.6,1628,247,6010.2197
0,17,3,0,3133.6,1628,247,6010.2197
0,18,1,0,3131.6,1630,249,6010.2197
0,19,1,0,3141.6,1620,293,6878.4167
0,20,1,2,2302.0,1232,247,3642.1397
0,21,3,2,2403.0,1131,194,3939.5147
0,22,3,1,503.7,14,2,0.2197
0,23,3,2,2302.0,1232,247,3642.1397
0,24,1,1,503.7,14,2,0.2197
0,25,1,1,503.7,14,2,0.2197
0,26,1,1,503.7,14,2,0.2197
0,27,1,1,503.7,14,2,0.2197
0,28,1,1,503.7,14,2,0.2197
0,29,3,0,3232.6,1529,297,6320.2027
0,30,1,0,3285.6,1476,297,6320.2027
0,31,1,0,3133.6,1628,247,6010.2197
0,32,1,0,3008.6,1753,346,6757.7197
0,33,1,0,3131.6,1630,249,6010.2197
0,34,3,0,3133.6,1628,247,6010.2197
0,35,1,0,3216.6,1545,293,6613.4417
0,36,1,1,503.7,14,2,0.2197
0,37,1,1,503.7,14,2,0.2197
0,38,3,0,3274.6,1487,293,6408.5277
0,39,1,2,2302.0,1232,247,3642.1397
0,40,1,1,503.7,14,2,0.2197
0,41,3,1,503.7,14,2,0.2197
0,42,1,1,503.7,14,2,0.2197
0,43,1,0,3031.6,1730,348,6602.26167
0,44,1,2,2263.0,1271,245,3764.9347
0,45,1,2,2453.0,1081,194,3762.8647
0,46,1,2,2567.0,967,194,3360.1027
0,47,1,0,3034.6,1727,346,6602.2397
0,48,1,0,3133.6,1628,247,6010.2197
0,49,1,2,2304.0,1230,245,3642.1397
0,50,1,2,2417.0,1117,194,3890.0527
0,51,1,1,503.7,14,2,0.2197
0,52,1,1,503.7,14,2,0.2197
0,53,1,1,503.7,14,2,0.2197
0,54,1,2,2567.0,967,194,3360.1027
0,55,1,2,2304.0,1230,245,3642.1397
0,56,1,0,3032.6,1729,348,6602.2397
0,57,3,0,3281.6,1480,295,6376.7307
0,58,3,1,499.7,18,2,0.30758
0,59,1,0,3133.6,1628,247,6010.2197
0,60,1,2,2304.0,1230,245,3642.1397
0,61,3,0,3087.6,1674,295,7062.1327
0,62,1,1,503.7,14,2,0.2197
0,63,1,1,503.7,14,2,0.2197
0,64,1,2,2302.0,1232,247,3642.1397
0,65,1,1,503.7,14,2,0.2197
0,66,1,1,503.7,14,2,0.2197
0,67,1,2,2567.0,967,194,3360.1027
0,68,1,1,503.7,14,2,0.2197
0,69,1,0,3229.6,1532,293,6567.5127
0,70,1,2,2304.0,1230,245,3642.1397
0,71,1,0,3131.6,1630,249,6010.2197
0,72,3,0,3089.6,1672,293,7062.1327
0,73,3,2,2304.0,1230,245,3642.1397
0,74,1,1,503.7,14,2,0.2197
0,75,3,2,2442.0,1092,194,3801.7277
0,76,1,0,3133.6,1628,247,6010.2197
0,77,1,0,3131.6,1630,249,6010.2197
0,78,1,1,503.7,14,2,0.2197
0,79,1,2,2567.0,967,194,3360.1027
0,80,1,0,3216.6,1545,297,6549.8477
0,81,3,2,2276.0,1258,249,3642.1397
0,82,3,2,2292.0,1242,249,3642.1397
0,83,1,2,2277.0,1257,249,3642.1397
0,84,1,1,503.7,14,2,0.2197
0,85,1,2,2304.0,1230,245,3642.1397
0,86,1,0,3022.6,1739,350,6602.2397
0,87,3,2,2434.0,1100,194,3829.9917
0,88,1,1,502.7,15,2,0.2197
0,89,1,1,503.7,14,2,0.2197
0,90,1,0,3001.6,1760,346,6715.9997
0,91,3,2,2258.0,1276,196,3851.1897
0,92,1,2,2177.0,1357,249,3642.1397
0,93,3,1,503.7,14,2,0.2197
0,94,1,0,2915.6,1846,247,6663.1297
0,95,1,0,3009.6,1752,249,6375.6097
0,96,1,1,267.7,250,4,0.2197
0,97,1,2,2170.0,1364,245,4043.4697
0,98,1,0,3032.6,1729,348,6602.2397
0,99,1,1,503.7,14,2,0.2197
0,100,1,1,503.7,14,2,0.2197
0,101,1,0,3238.6,1523,293,6521.67158
0,102,1,1,499.7,18,2,0.30758
0,103,1,1,503.7,14,2,0.2197
0,104,3,2,2454.0,1080,194,3759.3317
0,105,1,2,2302.0,1232,247,3642.1397
0,106,1,0,3095.6,1666,247,6124.0297
0,107,1,1,503.7,14,2,0.2197
0,108,1,2,2304.0,1230,245,3642.1397
0,109,1,0,2954.6,1807,293,7539.0877
0,110,1,0,3217.6,1544,293,6609.9087
0,111,3,0,3133.6,1628,247,6010.2197
0,112,3,0,3133.6,1628,247,6010.2197
0,113,3,2,2304.0,1230,245,3642.1397
0,114,1,0,3032.6,1729,348,6602.2397
0,115,1,1,497.7,20,2,0.35152
0,116,1,1,503.7,14,2,0.2197
0,117,1,2,2362.0,1172,194,4084.3677
0,118,1,1,503.7,14,2,0.2197
0,119,1,2,2455.0,1079,194,3755.7987
0,120,1,1,503.7,14,2,0.2197
0,121,1,1,499.7,18,2,0.30758
0,122,1,0,3133.6,1628,247,6010.2197
0,123,1,0,3133.6,1628,247,6010.2197
0,124,1,1,503.7,14,2,0.2197
0,125,1,2,2518.0,1016,194,3533.2197
0,126,1,0,3245.6,1516,295,6503.9187
0,127,1,0,3133.6,1628,247,6010.2197
0,128,3,2,2304.0,1230,245,3642.1397
0,129,1,0,3034.6,1727,346,6602.2397
0,130,1,0,3032.6,1729,348,6602.2397
0,131,1,2,2302.0,1232,247,3642.1397
0,132,1,1,503.7,14,2,0.2197
0,133,3,2,2567.0,967,194,3360.1027
0,134,1,1,503.7,14,2,0.2197
0,135,3,2,2567.0,967,194,3360.1027
0,136,1,1,503.7,14,2,0.2197
0,137,1,1,503.7,14,2,0.2197
0,138,1,0,3197.6,1564,293,6680.5687
0,139,1,0,3148.6,1613,293,6853.6857
0,140,1,2,2304.0,1230,245,3642.1397
0,141,3,1,503.7,14,2,0.2197
0,142,3,0,3297.6,1464,295,6320.2027
0,143,1,2,2442.0,1092,194,3801.7277
0,144,1,2,2303.0,1231,245,3642.16167
0,145,1,2,2304.0,1230,245,3642.1397
0,146,1,0,3034.6,1727,346,6602.2397
0,147,1,1,503.7,14,2,0.2197
0,148,1,0,3133.6,1628,247,6010.2197
0,149,1,2,2475.0,1059,194,3685.1387
0,150,3,1,503.7,14,2,0.2197
0,151,1,2,2455.0,1079,194,3755.7987
0,152,1,0,3034.6,1727,346,6602.2397
0,153,1,1,503.7,14,2,0.2197
0,154,1,0,3133.6,1628,247,6010.2197
0,155,1,1,503.7,14,2,0.2197
0,156,1,0,3133.6,1628,247,6010.2197
0,157,1,1,503.7,14,2,0.2197
0,158,1,2,2304.0,1230,245,3642.1397
0,159,1,0,3299.6,1462,293,6320.2027
0,160,1,1,503.7,14,2,0.2197
0,161,3,1,503.7,14,2,0.2197
0,162,3,1,503.7,14,2,0.2197
0,163,1,0,3299.6,1462,293,6320.2027
0,164,1,2,2304.0,1230,245,3642.1397
0,165,3,0,3133.6,1628,247,6010.2197
0,166,1,1,503.7,14,2,0.2197
0,167,3,2,2560.0,974,194,3360.25649
0,168,1,0,3133.6,1628,247,6010.2197
0,169,1,2,2369.0,1165,194,4059.6367
0,170,1,2,2304.0,1230,245,3642.1397
0,171,1,2,2302.0,1232,247,3642.1397
0,172,1,0,3133.6,1628,247,6010.2197
0,173,1,2,2359.0,1175,194,4094.9667
0,174,1,0,3034.6,1727,346,6602.2397
0,175,1,1,503.7,14,2,0.2197
0,176,1,2,2364.0,1170,194,4077.3017
0,177,1,0,3034.6,1727,346,6602.2397
0,178,1,2,2567.0,967,194,3360.1027
0,179,1,2,2302.0,1232,247,3642.1397
0,180,3,1,503.7,14,2,0.2197
0,181,3,1,503.7,14,2,0.2197
0,182,1,2,2565.0,969,196,3360.1027
0,183,1,2,2304.0,1230,245,3642.1397
0,184,1,2,2302.0,1232,247,3642.1397
0,185,1,0,3034.6,1727,346,6602.2397
0,186,1,2,2487.0,1047,194,3642.7427
0,187,1,2,2302.0,1232,247,3642.1397
0,188,1,1,503.7,14,2,0.2197
0,189,1,0,3034.6,1727,346,6602.2397
0,190,1,2,2567.0,967,194,3360.1027
0,191,3,2,2417.0,1117,194,3890.0527
0,192,1,0,3133.6,1628,247,6010.2197
0,193,1,0,3131.6,1630,249,6010.2197
0,194,1,2,2304.0,1230,245,3642.1397
0,195,1,2,2567.0,967,194,3360.1027
0,196,3,0,3034.6,1727,346,6602.2397
0,197,1,2,2304.0,1230,245,3642.1397
0,198,3,2,2302.0,1232,247,3642.1397
0,199,1,2,2504.0,1030,194,3582.6817
0,200,1,1,503.7,14,2,0.2197
0,201,1,0,3299.6,1462,293,6320.2027
0,202,1,2,2567.0,967,194,3360.1027
0,203,1,1,503.7,14,2,0.2197
0,204,1,1,503.7,14,2,0.2197
0,205,1,0,3288.6,1473,293,6359.0657
0,206,3,0,3121.6,1640,295,6942.0107
0,207,1,0,3024.6,1737,346,6602.4594
0,208,1,2,2302.0,1232,247,3642.1397
0,209,1,1,503.7,14,2,0.2197
0,210,3,1,503.7,14,2,0.2197
0,211,1,0,3297.6,1464,295,6320.2027
0,212,3,0,3299.6,1462,293,6320.2027
0,213,3,0,3128.6,1633,249,6010.2197
0,214,1,0,3133.6,1628,247,6010.2197
0,215,3,0,3032.6,1729,348,6602.2397
0,216,3,0,3176.6,1585,295,6750.1427
0,217,1,2,2295.0,1239,247,3642.29349
0,218,3,0,3248.6,1513,295,6493.3197
0,219,3,2,2302.0,1232,247,3642.1397
0,220,3,0,3034.6,1727,346,6602.2397
0,221,3,1,503.7,14,2,0.2197
0,222,1,2,2360.0,1174,194,4091.4337
0,223,1,2,2302.0,1232,247,3642.1397
0,224,3,1,503.7,14,2,0.2197
0,225,1,1,495.7,22,4,0.2197
0,226,1,0,3213.6,1548,293,6624.0407
0,227,1,1,503.7,14,2,0.2197
0,228,3,1,503.7,14,2,0.2197
0,229,1,0,3299.6,1462,293,6320.2027
0,230,1,1,502.7,15,2,0.24167
0,231,1,0,3299.6,1462,293,6320.2027
0,232,3,1,503.7,14,2,0.2197
0,233,1,0,3133.6,1628,247,6010.2197
0,234,3,2,2304.0,1230,245,3642.1397
0,235,3,2,2304.0,1230,245,3642.1397
0,236,1,2,2302.0,1232,247,3642.1397
0,237,1,1,503.7,14,2,0.2197
0,238,1,1,503.7,14,2,0.2197
0,239,3,0,3299.6,1462,293,6320.2027
0,240,3,0,3297.6,1464,295,6320.2027
0,241,1,2,2304.0,1230,245,3642.1397
0,242,1,1,503.7,14,2,0.2197
0,243,1,1,503.7,14,2,0.2197
0,244,1,0,3211.6,1550,295,6624.0407
0,245,1,0,3099.6,1662,293,7026.8027
0,246,1,2,2304.0,1230,245,3642.1397
0,247,1,0,3110.6,1651,251,6010.2197
0,248,1,2,2300.0,1234,245,3642.22758
0,249,3,1,503.7,14,2,0.2197
0,250,1,2,2424.0,1110,196,3360.1027
0,251,1,1,503.7,14,2,0.2197
0,252,1,2,2559.0,975,196,3360.1027
0,253,1,1,503.7,14,2,0.2197
0,254,1,0,3133.6,1628,247,6010.2197
0,255,3,0,3131.6,1630,249,6010.2197
0,256,1,2,2258.0,1276,249,3642.1397
0,257,3,2,2292.0,1242,249,3642.1397
0,258,1,0,3032.6,1729,348,6602.2397
0,259,1,0,3032.6,1729,348,6602.2397
0,260,3,1,111.7,406,4,0.59319
0,261,3,2,2300.0,1234,245,3642.22758
0,262,1,2,2327.0,1207,196,4172.86846
0,263,1,0,3297.6,1464,295,6320.2027
0,264,1,1,503.7,14,2,0.2197
0,265,1,2,2304.0,1230,245,3642.1397
0,266,1,1,344.7,173,4,0.2197
0,267,3,2,2354.0,1180,194,4112.6317
0,268,1,0,3017.6,1744,346,6653.1547
0,269,1,1,503.7,14,2,0.2197
0,270,1,1,503.7,14,2,0.2197
0,271,1,2,2567.0,967,194,3360.1027
0,272,3,0,3299.6,1462,293,6320.2027
0,273,3,1,503.7,14,2,0.2197
0,274,1,2,2300.0,1234,245,3642.22758
0,275,1,1,503.7,14,2,0.2197
0,276,1,1,503.7,14,2,0.2197
0,277,3,2,2567.0,967,194,3360.1027
0,278,1,0,3299.6,1462,293,6320.2027
0,279,1,0,3133.6,1628,247,6010.2197
0,280,1,0,3133.6,1628,247,6010.2197
0,281,1,2,2304.0,1230,245,3642.1397
0,282,1,1,503.7,14,2,0.2197
0,283,1,2,2567.0,967,194,3360.1027
0,284,1,2,2567.0,967,194,3360.1027
0,285,3,1,503.7,14,2,0.2197
0,286,1,0,3034.6,1727,346,6602.2397
0,287,1,1,503.7,14,2,0.2197
0,288,1,1,503.7,14,2,0.2197
0,289,1,0,2991.6,1770,346,6731.0247
0,290,3,2,2406.0,1128,194,3928.9157
0,291,3,2,2546.0,988,194,3434.2957
0,292,1,1,503.7,14,2,0.2197
0,293,1,1,503.7,14,2,0.2197
0,294,1,2,2388.0,1146,194,3992.5097
0,295,1,2,2373.0,1161,194,4045.5047
0,296,1,1,503.7,14,2,0.2197
0,297,1,1,503.7,14,2,0.2197
0,298,1,2,2304.0,1230,245,3642.1397
0,299,3,2,2302.0,1232,247,3642.1397
0,300,3,2,2302.0,1232,247,3642.1397
0,301,1,1,503.7,14,2,0.2197
0,302,3,2,2302.0,1232,247,3642.1397
0,303,1,1,503.7,14,2,0.2197
0,304,1,0,3208.6,1553,293,6641.7057
0,305,1,1,503.7,14,2,0.2197
0,306,1,1,503.7,14,2,0.2197
0,307,1,2,2567.0,967,194,3360.1027
0,308,1,0,3034.6,1727,346,6602.2397
0,309,1,0,3032.6,1729,348,6602.2397
0,310,1,2,2302.0,1232,247,3642.1397
0,311,1,1,503.7,14,2,0.2197
0,312,3,1,503.7,14,2,0.2197
0,313,1,1,503.7,14,2,0.2197
0,314,1,1,503.7,14,2,0.2197
0,315,1,1,503.7,14,2,0.2197
0,316,1,1,503.7,14,2,0.2197
0,317,1,0,2319.6,2442,295,12168.6427
0,318,3,1,503.7,14,2,0.2197
0,319,1,0,3003.6,1758,293,8090.2827
0,320,1,2,1933.0,1601,249,3642.1397
0,321,1,0,3017.6,1744,348,6691.9397
0,322,1,2,1957.0,1577,249,3642.1397
0,323,1,1,497.7,20,2,0.35152
0,324,3,0,3027.6,1734,348,6632.1397
0,325,1,2,2038.0,1496,249,3642.1397
0,326,3,0,3019.6,1742,348,6620.3994
0,327,1,2,2187.0,1347,249,3717.0147
0,328,3,2,2482.0,1052,196,3586.2147
0,329,3,2,2290.0,1244,249,3642.1397
0,330,1,0,2875.6,1886,293,7818.1947
0,332,1,0,2806.6,1955,295,8054.9057
0,333,1,2,2301.0,1233,247,3645.1347
0,334,2,2,2189.0,1345,247,3980.5747
0,335,1,0,3034.6,1727,346,6602.2397
0,336,3,1,503.7,14,2,0.2197
0,337,1,0,3299.6,1462,293,6320.2027
0,338,1,2,2567.0,967,194,3360.1027
0,339,1,1,499.7,18,2,0.30758
0,340,3,0,3034.6,1727,346,6602.2397
0,341,1,2,2302.0,1232,247,3642.1397
0,342,3,2,2302.0,1232,247,3642.1397
0,343,3,1,501.7,16,4,0.2197
0,344,1,2,2567.0,967,194,3360.1027
0,345,1,1,503.7,14,2,0.2197
0,346,1,0,3297.6,1464,295,6320.2027
0,347,1,2,2304.0,1230,245,3642.1397
0,348,3,2,2302.0,1232,247,3642.1397
0,349,1,1,503.7,14,2,0.2197
0,350,3,2,2304.0,1230,245,3642.1397
0,351,1,2,2302.0,1232,247,3642.1397
0,352,1,0,3219.6,1542,293,6602.8427
0,353,1,1,503.7,14,2,0.2197
0,354,1,1,503.7,14,2,0.2197
0,355,1,0,3299.6,1462,293,6320.2027
0,356,1,1,503.7,14,2,0.2197
0,357,3,1,503.7,14,2,0.2197
0,358,1,1,503.7,14,2,0.2197
0,359,1,1,503.7,14,2,0.2197
0,360,1,1,503.7,14,2,0.2197
0,361,1,2,2567.0,967,194,3360.1027
0,362,1,2,2567.0,967,194,3360.1027
0,363,1,0,3133.6,1628,247,6010.2197
0,364,1,2,2304.0,1230,245,3642.1397
0,365,1,1,503.7,14,2,0.2197
0,366,1,2,2524.0,1010,194,3512.0217
0,367,1,1,503.7,14,2,0.2197
0,368,3,1,503.7,14,2,0.2197
0,369,1,0,3101.6,1660,293,6995.15949
0,370,1,0,3133.6,1628,247,6010.2197
0,371,1,2,2361.0,1173,194,4087.9007
0,372,3,1,503.7,14,2,0.2197
0,373,1,0,3129.6,1632,251,6010.2197
0,374,1,2,2302.0,1232,247,3642.1397
0,375,3,2,2395.0,1139,194,3967.7787
0,376,1,0,3034.6,1727,346,6602.2397
0,377,1,1,503.7,14,2,0.2197
0,378,3,1,503.7,14,2,0.2197
0,379,3,0,3034.6,1727,346,6602.2397
0,380,3,2,2374.0,1160,194,4041.9717
0,381,1,0,3034.6,1727,346,6602.2397
0,382,1,0,3297.6,1464,295,6320.2027
0,383,1,2,2304.0,1230,245,3642.1397
0,384,3,0,3034.6,1727,346,6602.2397
0,385,1,2,2302.0,1232,247,3642.1397
0,386,1,1,503.7,14,2,0.2197
0,387,3,2,2567.0,967,194,3360.1027
0,388,1,2,2304.0,1230,245,3642.1397
0,389,1,1,493.7,24,2,0.4394
0,390,1,2,2567.0,967,194,3360.1027
0,391,1,1,503.7,14,2,0.2197
0,392,1,0,3299.6,1462,293,6320.2027
0,393,1,0,3123.6,1638,251,6010.2197
0,394,3,1,503.7,14,2,0.2197
0,395,1,2,2271.0,1263,196,3678.0727
0,396,1,0,3026.6,1735,348,6620.1797
0,397,3,1,503.7,14,2,0.2197
0,398,3,0,3017.6,1744,350,6632.1397
0,399,1,1,503.7,14,2,0.2197
0,400,1,1,503.7,14,2,0.2197
0,401,1,2,2263.0,1271,196,3391.8997
0,402,1,1,503.7,14,2,0.2197
0,403,1,0,2632.6,2129,350,6823.4997
0,404,3,2,2258.0,1276,249,3642.1397
0,405,1,0,2818.6,1943,297,6914.0217
0,406,1,0,2895.6,1866,350,6883.2997
0,407,1,0,2936.6,1825,350,6847.4197
0,408,1,2,1787.0,1747,249,3645.1347
0,409,1,2,1916.0,1618,196,4253.9517
0,410,1,1,488.7,29,4,0.2197
0,411,1,0,3029.6,1732,346,6632.1397
0,412,1,0,3113.6,1648,251,6040.1697
0,413,1,2,2213.0,1321,245,3855.2241
0,414,3,0,3117.6,1644,297,6913.90049
0,415,1,2,2063.0,1471,196,4854.5617
0,416,1,0,2643.6,2118,346,7773.2847
0,417,3,0,2911.6,1850,346,6985.5497
0,418,1,0,2872.6,1889,247,6791.9147
0,419,1,1,71.7,446,4,0.2197
0,420,3,2,2245.0,1289,245,3818.8447
0,421,1,1,409.7,108,4,0.2197
0,422,1,0,3297.6,1464,295,6320.2027
0,423,1,0,3034.6,1727,346,6602.2397
0,424,1,0,3234.6,1527,295,6542.7817
0,425,1,2,2304.0,1230,245,3642.1397
0,426,1,1,471.7,46,4,0.2197
0,427,3,1,503.7,14,2,0.2197
0,428,3,2,2302.0,1232,247,3642.1397
0,429,1,1,503.7,14,2,0.2197
0,430,3,2,2475.0,1059,194,3685.1387
0,431,1,2,2363.0,1171,194,4080.8347
0,432,1,2,2304.0,1230,245,3642.1397
0,433,3,0,3032.6,1729,348,6602.2397
0,434,1,0,3131.6,1630,249,6010.2197
0,435,1,2,2297.0,1237,245,3642.29349
0,436,3,0,3113.6,1648,295,6970.2747
0,437,3,2,2304.0,1230,245,3642.1397
0,438,3,0,3033.6,1728,346,6602.26167
0,439,1,2,2301.0,1233,247,3642.16167
0,440,1,1,503.7,14,2,0.2197
0,441,3,1,503.7,14,2,0.2197
0,442,1,1,503.7,14,2,0.2197
0,443,1,0,3299.6,1462,293,6320.2027
0,444,1,1,503.7,14,2,0.2197
0,445,1,0,3297.6,1464,295,6320.2027
0,446,1,2,2302.0,1232,247,3642.1397
0,447,1,1,503.7,14,2,0.2197
0,448,3,0,3131.6,1630,249,6010.2197
0,449,1,0,3098.6,1663,293,7030.3357
0,450,1,2,2302.0,1232,247,3642.1397
0,451,1,2,2370.0,1164,196,4049.0377
0,452,1,1,503.7,14,2,0.2197
0,453,3,1,503.7,14,2,0.2197
0,454,1,0,3165.6,1596,295,6716.3381
0,455,1,1,496.7,21,2,0.37349
0,456,1,2,2404.0,1130,194,3935.9817
0,457,3,1,503.7,14,2,0.2197
0,458,1,2,2304.0,1230,245,3642.1397
0,459,1,2,2304.0,1230,245,3642.1397
0,460,1,1,503.7,14,2,0.2197
0,461,3,0,3133.6,1628,247,6010.2197
0,462,1,2,2304.0,1230,245,3642.1397
0,463,1,0,3131.6,1630,249,6010.2197
0,464,1,0,3172.6,1589,295,6761.8277
0,465,3,0,3261.6,1500,295,6447.3907
0,466,3,0,3034.6,1727,346,6602.2397
0,467,1,0,3133.6,1628,247,6010.2197
0,468,1,2,2303.0,1231,245,3642.16167
0,469,1,1,503.7,14,2,0.2197
0,470,1,0,3034.6,1727,297,6595.7767
0,471,1,1,503.7,14,2,0.2197
0,472,1,0,3285.6,1476,297,6320.2027
0,473,1,1,503.7,14,2,0.2197
0,474,1,2,2304.0,1230,245,3642.1397
0,475,1,0,2730.6,2031,251,6010.2197
0,476,1,2,2406.0,1128,194,3928.9157
0,477,1,0,3112.6,1649,297,6581.6447
0,478,1,0,3029.6,1732,348,6620.1797
0,479,3,2,2172.0,1362,249,3642.1397
0,480,3,0,3027.6,1734,348,6632.1397
0,481,1,0,3025.6,1736,348,6644.0997
0,482,1,2,2261.0,1273,249,3684.0697
0,483,1,2,2490.0,1044,194,3632.1437
0,484,1,2,2302.0,1232,247,3642.1397
0,485,3,0,3251.6,1510,293,6489.7867
0,486,1,1,493.7,24,2,0.4394
0,487,1,0,2962.6,1799,346,6817.8797
0,488,3,1,419.7,98,4,0.2197
0,489,1,0,3079.6,1682,247,6171.9497
0,490,1,1,241.7,276,4,0.2197
0,491,1,0,2888.6,1873,346,7039.5097
0,492,1,1,362.7,155,4,0.2197
0,493,3,2,2333.0,1201,194,4186.8247
0,494,1,0,3299.6,1462,293,6320.2027
0,495,1,1,503.7,14,2,0.2197
0,496,1,0,3131.6,1630,249,6010.2197
0,497,1,2,2304.0,1230,245,3642.1397
0,498,3,0,3126.6,1635,295,6924.3457
0,499,1,2,2360.0,1174,194,4091.4337
0,500,1,1,503.7,14,2,0.2197
0,501,1,0,3133.6,1628,247,6010.2197
0,502,1,1,503.7,14,2,0.2197
0,503,1,2,2302.0,1232,247,3642.1397
0,504,1,1,503.7,14,2,0.2197
0,505,1,2,2302.0,1232,247,3642.1397
0,506,1,2,2565.0,969,196,3360.1027
0,507,1,0,3299.6,1462,293,6320.2027
0,508,1,2,2567.0,967,194,3360.1027
0,509,3,2,2567.0,967,194,3360.1027
0,510,1,1,503.7,14,2,0.2197
0,511,1,0,3133.6,1628,247,6010.2197
0,512,1,1,503.7,14,2,0.2197
0,513,1,2,2376.0,1158,194,4034.9057
0,514,1,2,2302.0,1232,247,3642.1397
0,515,3,0,3299.6,1462,293,6320.2027
0,516,1,0,3133.6,1628,247,6010.2197
0,517,1,2,2302.0,1232,247,3642.1397
0,518,1,0,3032.6,1729,348,6602.2397
0,519,1,0,3032.6,1729,348,6602.2397
0,520,3,0,3113.6,1648,295,6970.2747
0,521,3,1,503.7,14,2,0.2197
0,522,1,1,503.7,14,2,0.2197
0,523,1,0,3292.6,1469,293,6320.35649
0,524,1,1,503.7,14,2,0.2197
0,525,1,0,3109.6,1652,293,6991.4727
0,526,1,1,503.7,14,2,0.2197
0,527,1,1,503.7,14,2,0.2197
0,528,1,1,503.7,14,2,0.2197
0,529,3,0,3299.6,1462,293,6320.2027
0,530,3,0,3135.6,1626,293,6899.6147
0,531,1,2,2304.0,1230,245,3642.1397
0,532,3,1,503.7,14,2,0.2197
0,533,1,2,2463.0,1071,194,3727.5347
0,534,1,2,1622.0,1912,249,3642.1397
0,535,1,1,503.7,14,2,0.2197
0,536,1,0,2437.6,2324,350,9125.97167
0,537,3,2,2405.0,1129,196,3840.5907
0,538,2,2,2134.0,1400,249,3642.1397
0,539,1,1,503.7,14,2,0.2197
0,540,1,2,2230.0,1304,249,3642.1397
0,541,3,2,2294.0,1240,249,3642.1397
0,542,1,0,3051.6,1710,251,6010.2197
0,543,1,1,503.7,14,2,0.2197
0,544,3,0,3067.6,1694,295,7695.6027
0,545,1,2,2253.0,1281,249,3672.0897
0,546,3,0,3082.6,1679,293,7478.3837
0,547,3,2,2299.0,1235,249,3642.1397
0,548,1,2,2252.0,1282,245,3747.33819
0,549,3,1,461.7,56,4,0.24167
0,551,1,2,2232.0,1302,245,3857.7797
0,552,1,2,1869.0,1665,245,4944.9647
0,553,3,2,2322.0,1212,194,4225.6877
0,554,3,1,460.7,57,4,0.2197
0,555,1,2,2290.0,1244,247,3678.0797
0,556,3,2,2411.0,1123,194,3911.2507
0,557,1,1,162.7,355,4,0.2197
0,558,1,1,168.7,349,4,0.24167
0,559,1,1,351.7,166,4,0.2197
0,560,1,2,2304.0,1230,245,3642.1397
0,561,1,1,503.7,14,2,0.2197
0,562,1,2,2301.0,1233,247,3642.16167
0,563,3,0,3027.6,1734,348,6602.34955
0,564,3,2,2304.0,1230,245,3642.1397
0,565,1,0,3142.6,1619,293,6874.8837
0,566,1,2,2304.0,1230,245,3642.1397
0,567,1,2,2393.0,1141,194,3974.8447
0,568,3,1,503.7,14,2,0.2197
0,569,1,2,2304.0,1230,245,3642.1397
0,570,1,0,3034.6,1727,346,6602.2397
0,571,1,0,3140.6,1621,293,6881.9497
0,572,1,2,2462.0,1072,194,3731.0677
0,573,1,0,3133.6,1628,247,6010.2197
0,574,1,2,2304.0,1230,245,3642.1397
0,575,1,2,2402.0,1132,194,3943.0477
0,576,1,1,503.7,14,2,0.2197
0,577,1,0,3299.6,1462,293,6320.2027
0,578,1,1,503.7,14,2,0.2197
0,579,1,2,2304.0,1230,245,3642.1397
0,580,1,1,503.7,14,2,0.2197
0,581,1,0,3017.6,1744,251,6010.2197
0,582,1,0,3015.6,1746,348,6602.4594
0,583,1,0,3011.6,1750,350,6602.59122
0,584,1,1,503.7,14,2,0.2197
0,585,3,1,503.7,14,2,0.2197
0,586,1,0,2880.6,1881,293,8189.6027
0,587,3,2,2564.0,970,194,3370.7017
0,588,1,1,503.7,14,2,0.2197
0,589,3,2,2302.0,1232,247,3642.1397
0,590,1,1,503.7,14,2,0.2197
0,591,3,0,3034.6,1727,346,6602.2397
0,592,3,1,496.7,21,2,0.37349
0,593,1,0,3032.6,1729,348,6602.2397
0,594,1,0,3133.6,1628,247,6010.2197
0,595,1,0,3299.6,1462,293,6320.2027
0,596,3,0,3146.6,1615,295,6853.6857
0,597,1,0,3034.6,1727,346,6602.2397
0,598,1,2,2304.0,1230,245,3642.1397
0,599,3,2,2567.0,967,194,3360.1027
0,600,1,2,2567.0,967,194,3360.1027
0,601,1,2,2304.0,1230,245,3642.1397
0,602,3,0,3092.6,1669,293,7051.5337
0,603,3,1,503.7,14,2,0.2197
0,604,1,1,503.7,14,2,0.2197
0,605,3,0,3299.6,1462,293,6320.2027
0,606,1,0,3299.6,1462,293,6320.2027
0,607,1,1,503.7,14,2,0.2197
0,608,1,0,3133.6,1628,247,6010.2197
0,609,3,1,503.7,14,2,0.2197
0,610,1,0,3297.6,1464,295,6320.2027
0,611,3,2,2292.0,1242,247,3642.3594
0,612,1,0,3023.6,1738,346,6602.48137
0,613,1,1,503.7,14,2,0.2197
0,614,1,1,503.7,14,2,0.2197
0,615,1,2,2565.0,969,196,3360.1027
0,616,1,0,3034.6,1727,346,6602.2397
0,617,1,2,2382.0,1152,194,4013.7077
0,618,1,1,503.7,14,2,0.2197
0,619,3,2,2567.0,967,194,3360.1027
0,620,1,2,2567.0,967,194,3360.1027
0,621,3,2,2302.0,1232,247,3642.1397
0,622,3,1,503.7,14,2,0.2197
0,623,1,1,503.7,14,2,0.2197
0,624,1,1,503.7,14,2,0.2197
0,625,1,2,2567.0,967,194,3360.1027
0,626,3,1,503.7,14,2,0.2197
0,627,1,1,503.7,14,2,0.2197
0,628,3,1,503.7,14,2,0.2197
0,629,3,1,503.7,14,2,0.2197
0,630,1,0,3299.6,1462,293,6320.2027
0,631,1,0,3123.6,1638,247,6040.1697
0,632,3,0,3099.6,1662,295,7016.22567
0,633,1,1,503.7,14,2,0.2197
0,634,1,2,2294.0,1240,245,3642.3594
0,635,1,0,3024.6,1737,346,6602.4594
0,636,1,0,3131.6,1630,249,6010.2197
0,637,1,0,3155.6,1606,295,6821.8887
0,638,1,2,2562.0,972,194,3377.7677
0,639,3,0,3034.6,1727,346,6602.2397
0,640,3,1,503.7,14,2,0.2197
0,641,1,1,503.7,14,2,0.2197
0,642,1,0,3034.6,1727,346,6602.2397
0,643,3,1,503.7,14,2,0.2197
0,644,1,1,503.7,14,2,0.2197
0,645,1,2,2171.0,1363,245,4028.58258
0,646,3,0,3263.6,1498,293,6447.3907
0,647,1,1,503.7,14,2,0.2197
0,648,3,1,503.7,14,2,0.2197
0,649,3,1,503.7,14,2,0.2197
0,650,1,0,2695.6,2066,297,6320.2027
0,651,1,2,1647.0,1887,196,3875.9207
0,652,1,0,3005.6,1756,350,6632.1397
0,653,1,0,2975.6,1786,346,6955.0597
0,654,1,2,1982.0,1552,249,3642.1397
0,655,1,0,3027.6,1734,346,6644.0997
0,656,3,2,2294.0,1240,249,3642.1397
0,657,1,0,3091.6,1670,293,7133.3707
0,658,1,0,3032.6,1729,348,6602.2397
0,659,3,0,3102.6,1659,295,7009.1377
0,660,1,1,503.7,14,2,0.2197
0,661,1,0,3034.6,1727,346,6602.2397
0,662,3,0,2888.6,1873,348,7033.5197
0,663,1,2,2266.0,1268,245,3755.9497
0,664,1,1,320.7,197,4,0.2197
0,665,3,1,473.7,44,4,0.2197
0,666,1,2,2566.0,968,194,3363.6357
0,667,1,2,2403.0,1131,194,3939.5147
0,668,1,1,503.7,14,2,0.2197
0,669,1,1,503.7,14,2,0.2197
0,670,3,1,503.7,14,2,0.2197
0,671,1,2,2504.0,1030,194,3579.1487
0,672,1,2,2567.0,967,194,3360.1027
0,673,3,0,2875.6,1886,251,6010.24167
0,674,1,1,503.7,14,2,0.2197
0,675,3,2,2083.0,1451,249,3642.1397
0,676,1,0,3020.6,1741,346,6685.9597
0,677,1,2,2218.0,1316,196,3533.2197
0,678,1,2,2263.0,1271,249,3642.1397
0,679,1,2,2378.0,1156,196,3950.1137
0,680,1,0,3014.6,1747,350,6602.2397
0,681,1,0,2983.6,1778,348,6895.2597
0,682,1,0,2790.6,1971,350,7606.8797
0,683,3,0,2964.6,1797,350,6937.1197
0,684,1,2,2156.0,1378,249,3779.93167
0,685,1,1,-83.3,601,4,0.2197
0,686,3,1,418.7,99,4,0.2197
0,687,1,1,91.7,426,4,0.2197
0,688,3,2,2489.0,1045,196,3360.1027
0,689,1,0,3119.6,1642,247,6040.25758
0,690,1,2,2391.0,1143,194,3981.9107
0,691,1,1,370.7,147,4,0.2197
0,692,1,1,436.7,81,4,0.2197
0,693,1,1,503.7,14,2,0.2197
0,694,1,1,503.7,14,2,0.2197
0,695,1,2,2302.0,1232,247,3642.1397
0,696,1,0,3034.6,1727,346,6602.2397
0,697,1,0,3003.6,1758,348,6689.0947
0,698,1,2,2567.0,967,194,3360.1027
0,699,3,0,3168.6,1593,295,6775.9597
0,700,1,2,2304.0,1230,245,3642.1397
0,701,1,2,2292.0,1242,247,3642.3594
0,702,1,1,351.7,166,4,0.2197
0,703,1,2,2228.0,1306,247,3842.95849
0,704,3,2,2304.0,1230,245,3642.1397
0,705,1,0,3101.6,1660,293,7019.7367
0,706,3,1,503.7,14,2,0.2197
0,707,1,2,2504.0,1030,194,3582.6817
0,708,1,0,3034.6,1727,346,6602.2397
0,709,3,1,503.7,14,2,0.2197
0,710,1,0,3299.6,1462,293,6320.2027
0,711,1,1,503.7,14,2,0.2197
0,712,1,0,3299.6,1462,293,6320.2027
0,713,3,2,2459.0,1075,194,3741.6667
0,714,1,2,2304.0,1230,245,3642.1397
0,715,1,1,503.7,14,2,0.2197
0,716,1,1,503.7,14,2,0.2197
0,717,1,2,2567.0,967,194,3360.1027
0,718,3,2,2543.0,991,194,3444.8947
0,719,1,0,3133.6,1628,247,6010.2197
0,720,1,1,503.7,14,2,0.2197
0,721,3,0,3133.6,1628,247,6010.2197
0,722,3,0,3131.6,1630,249,6010.2197
0,723,3,2,2515.0,1019,194,3543.8187
0,724,1,2,2567.0,967,194,3360.1027
0,725,1,0,3030.6,1731,346,6602.32758
0,726,1,1,503.7,14,2,0.2197
0,727,1,0,2941.6,1820,346,6880.7747
0,728,1,2,2302.0,1232,247,3642.1397
0,729,3,2,2543.0,991,194,3444.8947
0,730,1,0,3032.6,1729,348,6602.2397
0,731,1,1,503.7,14,2,0.2197
0,732,1,0,3297.6,1464,295,6320.2027
0,733,1,1,503.7,14,2,0.2197
0,734,1,0,3267.6,1494,293,6433.2587
0,735,3,1,503.7,14,2,0.2197
0,736,1,1,503.7,14,2,0.2197
0,737,1,1,503.7,14,2,0.2197
0,738,1,1,503.7,14,2,0.2197
0,739,1,1,503.7,14,2,0.2197
0,740,3,0,3229.6,1532,293,6567.5127
0,741,1,0,3116.6,1645,293,6966.7417
0,742,1,1,503.7,14,2,0.2197
0,743,1,2,2504.0,1030,194,3582.6817
0,744,1,0,3272.6,1489,295,6408.5277
0,745,3,1,503.7,14,2,0.2197
0,746,3,0,3133.6,1628,247,6010.2197
0,747,3,2,2304.0,1230,245,3642.1397
0,748,1,1,503.7,14,2,0.2197
0,749,1,2,2304.0,1230,245,3642.1397
0,750,1,1,503.7,14,2,0.2197
0,751,3,2,2567.0,967,194,3360.1027
0,752,3,2,2518.0,1016,194,3529.70867
0,753,3,2,2298.0,1236,247,3642.22758
0,754,3,2,2302.0,1232,247,3642.1397
0,755,1,0,3034.6,1727,346,6602.2397
0,756,1,0,3133.6,1628,247,6010.2197
0,757,3,0,3133.6,1628,247,6010.2197
0,758,1,0,3299.6,1462,293,6320.2027
0,759,1,2,2567.0,967,194,3360.1027
0,760,1,0,3123.6,1638,251,6010.2197
0,761,1,0,3131.6,1630,249,6010.2197
0,762,3,1,503.7,14,2,0.2197
0,763,1,0,3283.6,1478,297,6320.2027
0,764,1,2,2512.0,1022,194,3529.84049
0,765,3,0,2994.6,1767,346,6841.4397
0,766,1,2,2193.0,1341,249,3642.1397
0,767,1,2,2203.0,1331,249,3642.1397
0,768,3,2,2298.0,1236,249,3642.1397
0,769,1,0,3029.6,1732,348,6620.1797
0,770,1,1,499.7,18,2,0.30758
0,771,3,2,2299.0,1235,247,3642.1397
0,772,1,1,376.7,141,4,0.2197
0,773,3,2,2295.0,1239,194,4321.0787
0,774,1,1,503.7,14,2,0.2197
0,775,3,2,2567.0,967,194,3360.1027
0,776,1,2,2304.0,1230,245,3642.1397
0,777,1,0,3005.6,1756,346,6689.0947
0,778,1,0,2966.6,1795,348,6799.9097
0,779,1,2,2304.0,1230,245,3642.1397
0,780,1,0,3034.6,1727,346,6602.2397
0,781,1,0,3088.6,1673,295,7058.5997
0,782,1,1,395.7,122,4,0.2197
0,783,3,1,501.7,16,4,0.2197
0,784,3,1,503.7,14,2,0.2197
0,785,1,2,2567.0,967,194,3360.1027
0,786,1,0,3034.6,1727,346,6602.2397
0,787,3,1,503.7,14,2,0.2197
0,788,1,1,503.7,14,2,0.2197
0,789,1,0,3297.6,1464,295,6320.2027
0,790,3,1,503.7,14,2,0.2197
0,791,1,1,503.7,14,2,0.2197
0,792,1,1,503.7,14,2,0.2197
0,793,3,2,2567.0,967,194,3360.1027
0,794,1,0,3299.6,1462,293,6320.2027
0,795,1,1,503.7,14,2,0.2197
0,796,1,0,3133.6,1628,247,6010.2197
0,797,3,2,2360.0,1174,194,4091.4337
0,798,1,1,503.7,14,2,0.2197
0,799,3,0,3133.6,1628,247,6010.2197
0,800,1,1,503.7,14,2,0.2197
0,801,1,1,503.7,14,2,0.2197
0,802,1,0,3138.6,1623,293,6889.0157
0,803,1,2,2294.0,1240,245,3642.3594
0,804,1,1,503.7,14,2,0.2197
0,805,3,1,503.7,14,2,0.2197
0,806,1,0,3297.6,1464,295,6320.2027
0,807,1,2,2285.0,1249,245,3699.0447
0,808,3,2,2454.0,1080,194,3759.3317
0,809,3,2,2304.0,1230,245,3642.1397
0,810,3,2,2304.0,1230,245,3642.1397
0,811,1,0,3034.6,1727,346,6602.2397
0,812,1,2,2302.0,1232,247,3642.1397
0,813,1,1,503.7,14,2,0.2197
0,814,1,2,2456.0,1078,194,3752.2657
0,815,3,1,503.7,14,2,0.2197
0,816,1,2,2567.0,967,194,3360.1027
0,817,3,1,503.7,14,2,0.2197
0,818,1,2,2302.0,1232,247,3642.1397
0,819,1,1,503.7,14,2,0.2197
0,820,1,2,2302.0,1232,247,3642.1397
0,821,1,0,3031.6,1730,346,6620.1797
0,822,1,2,2289.0,1245,249,3642.1397
0,823,1,2,2364.0,1170,196,3957.1797
0,824,3,1,503.7,14,2,0.2197
0,825,1,2,2567.0,967,194,3360.1027
0,826,1,2,2304.0,1230,245,3642.1397
0,827,1,2,2302.0,1232,247,3642.1397
0,828,3,0,3034.6,1727,346,6602.2397
0,829,3,0,3085.6,1676,295,7069.1987
0,830,3,2,2292.0,1242,247,3642.3594
0,831,3,0,3133.6,1628,247,6010.2197
0,832,3,2,2302.0,1232,247,3642.1397
0,833,3,1,386.7,131,4,0.2197
0,834,1,0,3015.6,1746,295,7316.5087
0,835,1,0,3034.6,1727,346,6602.2397
0,836,1,2,2304.0,1230,245,3642.1397
0,837,3,1,503.7,14,2,0.2197
0,838,1,1,503.7,14,2,0.2197
0,839,1,2,2554.0,980,194,3406.0317
0,840,3,0,3295.6,1466,297,6320.2027
0,841,1,2,2304.0,1230,245,3642.1397
0,842,1,1,503.7,14,2,0.2197
0,843,1,2,2440.0,1094,194,3808.7937
0,844,1,0,3133.6,1628,247,6010.2197
0,845,3,1,503.7,14,2,0.2197
0,846,1,2,2304.0,1230,245,3642.1397
0,847,3,2,2304.0,1230,245,3642.1397
0,848,3,1,503.7,14,2,0.2197
0,849,3,0,3207.6,1554,293,6645.2387
0,850,1,2,2302.0,1232,247,3642.1397
0,851,1,0,3235.6,1526,293,6546.3147
0,852,3,1,503.7,14,2,0.2197
0,853,1,0,3133.6,1628,247,6010.2197
0,854,3,1,503.7,14,2,0.2197
0,855,3,0,3151.6,1610,293,6843.0867
0,856,1,2,2302.0,1232,247,3642.1397
0,857,1,0,3299.6,1462,293,6320.2027
0,858,3,2,2567.0,967,194,3360.1027
0,859,1,0,3133.6,1628,247,6010.2197
0,860,3,2,2300.0,1234,245,3642.22758
0,861,1,2,2469.0,1065,194,3706.3367
0,862,1,2,2376.0,1158,194,4034.9057
0,863,1,0,3034.6,1727,346,6602.2397
0,864,1,0,3131.6,1630,249,6010.2197
0,865,1,0,3034.6,1727,346,6602.2397
0,866,1,1,499.7,18,2,0.30758
0,867,1,2,2270.0,1264,245,3743.9697
0,868,3,2,2494.0,1040,194,3618.0117
0,869,1,1,503.7,14,2,0.2197
0,870,1,0,3299.6,1462,293,6320.2027
0,871,1,2,2304.0,1230,245,3642.1397
0,872,3,1,503.7,14,2,0.2197
0,873,1,0,3034.6,1727,346,6602.2397
0,874,1,2,2304.0,1230,245,3642.1397
0,875,3,0,3032.6,1729,348,6602.2397
0,876,3,1,503.7,14,2,0.2197
0,877,3,0,3233.6,1528,293,6528.80349
0,878,3,2,2450.0,1084,194,3773.4637
0,879,1,0,3133.6,1628,247,6010.2197
0,880,3,0,3133.6,1628,247,6010.2197
0,881,1,2,2304.0,1230,245,3642.1397
0,882,3,0,3182.6,1579,295,6726.4977
0,883,1,0,3034.6,1727,346,6602.2397
0,884,1,1,503.7,14,2,0.2197
0,885,1,2,2357.0,1177,194,4102.0327
0,886,1,2,2304.0,1230,245,3642.1397
0,887,1,2,2302.0,1232,247,3642.1397
0,888,1,1,503.7,14,2,0.2197
0,889,1,1,503.7,14,2,0.2197
0,890,1,0,3297.6,1464,293,6327.2687
0,891,1,0,3128.6,1633,295,6917.2797
0,892,1,1,503.7,14,2,0.2197
0,893,3,1,503.7,14,2,0.2197
0,894,1,1,503.7,14,2,0.2197
0,895,1,0,3122.6,1639,251,6010.2197
0,896,1,0,2800.6,1961,251,6010.2197
0,897,1,1,503.7,14,2,0.2197
0,898,3,0,2901.6,1860,297,7005.6047
0,899,3,2,2292.0,1242,249,3642.1397
0,900,1,0,3011.6,1750,350,6614.28758
0,901,3,0,3095.6,1666,295,7033.8687
0,902,1,0,3029.6,1732,348,6620.1797
0,903,1,0,3025.6,1736,348,6644.0997
0,904,1,1,503.7,14,2,0.2197
0,905,1,2,2242.0,1292,245,3827.8297
0,906,3,1,503.7,14,2,0.2197
0,907,3,0,3284.6,1477,295,6366.1317
0,908,1,2,2483.0,1051,194,3656.8747
0,909,1,2,2286.0,1248,245,3687.13061
0,910,1,0,2923.6,1838,346,6934.6847
0,911,3,1,420.7,97,4,0.2197
0,912,1,0,2861.6,1900,348,7114.3847
0,913,1,1,503.7,14,2,0.2197
0,914,1,1,503.7,14,2,0.2197
0,915,3,1,503.7,14,2,0.2197
0,916,1,0,3299.6,1462,293,6320.2027
0,917,1,0,3297.6,1464,295,6320.2027
0,918,1,1,503.7,14,2,0.2197
0,919,1,0,3133.6,1628,247,6010.2197
0,920,3,1,503.7,14,2,0.2197
0,921,3,1,503.7,14,2,0.2197
0,922,3,2,2567.0,967,194,3360.1027
0,923,1,1,503.7,14,2,0.2197
0,924,1,2,2567.0,967,194,3360.1027
0,925,1,2,2304.0,1230,245,3642.1397
0,926,1,2,2302.0,1232,247,3642.1397
0,927,1,1,493.7,24,2,0.4394
0,928,3,1,503.7,14,2,0.2197
0,929,3,2,2302.0,1232,247,3642.1397
0,930,1,1,503.7,14,2,0.2197
0,931,1,2,2302.0,1232,247,3642.1397
0,932,3,2,2302.0,1232,247,3642.1397
0,933,1,1,503.7,14,2,0.2197
0,934,3,1,503.7,14,2,0.2197
0,935,1,0,3189.6,1572,295,6701.7667
0,936,1,0,3297.6,1464,295,6320.2027
0,937,1,2,2304.0,1230,245,3642.1397
0,938,3,1,503.7,14,2,0.2197
0,939,1,1,501.7,16,4,0.2197
0,940,3,2,2304.0,1230,245,3642.1397
0,941,3,2,2304.0,1230,245,3642.1397
0,942,1,0,3157.6,1604,293,6821.8887
0,943,1,1,503.7,14,2,0.2197
0,944,1,1,503.7,14,2,0.2197
0,945,1,2,2567.0,967,194,3360.1027
0,946,1,0,3034.6,1727,346,6602.2397
0,947,1,2,2304.0,1230,245,3642.1397
0,948,1,1,503.7,14,2,0.2197
0,949,1,0,2921.6,1840,297,6687.6347
0,950,1,1,503.7,14,2,0.2197
0,951,1,0,3297.6,1464,295,6320.2027
0,952,1,0,3027.6,1734,346,6644.0997
0,953,1,2,2299.0,1235,247,3642.1397
0,954,1,0,3034.6,1727,346,6602.2397
0,955,1,2,2411.0,1123,194,3911.2507
0,956,1,0,3131.6,1630,249,6010.2197
0,957,1,2,2302.0,1232,247,3642.1397
0,958,3,2,2397.0,1137,194,3960.7127
0,959,1,2,2293.0,1241,249,3642.29349
0,960,3,1,503.7,14,2,0.2197
0,961,1,0,2988.6,1773,346,6740.0097
0,962,3,0,3130.6,1631,295,6910.2137
0,963,1,1,502.7,15,2,0.24167
0,964,1,2,2304.0,1230,245,3642.1397
0,965,3,1,503.7,14,2,0.2197
0,966,3,1,503.7,14,2,0.2197
0,967,1,0,3299.6,1462,293,6320.2027
0,968,1,2,2304.0,1230,245,3642.1397
0,969,1,1,503.7,14,2,0.2197
0,970,1,0,3191.6,1570,293,6701.7667
0,971,1,2,2302.0,1232,247,3642.1397
0,972,1,0,3034.6,1727,346,6602.2397
0,973,1,0,3032.6,1729,348,6602.2397
0,974,3,1,503.7,14,2,0.2197
0,975,3,2,2302.0,1232,247,3642.1397
0,976,1,2,2567.0,967,194,3360.1027
0,977,1,2,2567.0,967,194,3360.1027
0,978,1,1,503.7,14,2,0.2197
0,979,1,2,2567.0,967,194,3360.1027
0,980,3,0,3133.6,1628,247,6010.2197
0,981,1,0,3127.6,1634,249,6010.30758
0,982,1,1,503.7,14,2,0.2197
0,983,3,0,3297.6,1464,295,6320.2027
0,984,1,1,503.7,14,2,0.2197
0,985,1,2,2567.0,967,194,3360.1027
0,986,3,2,2302.0,1232,247,3642.1397
0,987,3,1,493.7,24,2,0.4394
0,988,1,0,3014.6,1747,346,6602.6791
0,989,1,1,503.7,14,2,0.2197
0,990,1,0,3034.6,1727,346,6602.2397
0,991,3,2,2372.0,1162,194,4049.0377
0,992,3,2,2567.0,967,194,3360.1027
0,993,1,1,503.7,14,2,0.2197
0,994,3,0,3133.6,1628,247,6010.2197
0,995,3,1,503.7,14,2,0.2197
0,996,1,2,2451.0,1083,194,3769.9307
0,997,3,0,3161.6,1600,295,6800.6907
0,998,3,2,2304.0,1230,245,3642.1397
0,999,1,2,2302.0,1232,247,3642.1397
1,331,1,1,-126.3,644,2,3642.1397
1,550,1,1,-189.3,707,2,3642.1397
Time: 69243, 646977, 355409, 359348
