CONFIGURATION:
{u'simulation': {u'stdev_factor': 0.01, u'power_mgmt_enabled': False, u'tasks': {u'loc': {u'mean_service_time': {u'gpu': 90, u'cpu_core': 200, u'loc_accel': 10}, u'priority': 1, u'deadline': 1000, u'stdev_service_time': {u'gpu': 0.9, u'cpu_core': 2.0, u'loc_accel': 0.1}, u'power': {u'gpu': 4.457, u'cpu_core': 6.133, u'loc_accel': 0.02197}}, u'detect': {u'mean_service_time': {u'gpu': 0.4607, u'cpu_core': 3.654, u'det_accel': 0.278}, u'priority': 2, u'deadline': 1000, u'stdev_service_time': {u'gpu': 0.004607, u'cpu_core': 0.03654, u'det_accel': 0.0027800000000000004}, u'power': {u'gpu': 90, u'cpu_core': 200, u'det_accel': 10}}, u'Frontier': {u'mean_service_time': {u'cpu_core': 396}, u'priority': 9, u'deadline': 1000, u'stdev_service_time': {u'cpu_core': 3.96}, u'power': {u'cpu_core': 5.98}}, u'track': {u'mean_service_time': {u'gpu': 17, u'tra_accel': 2, u'cpu_core': 1820}, u'priority': 3, u'deadline': 1000, u'stdev_service_time': {u'gpu': 0.17, u'tra_accel': 0.02, u'cpu_core': 18.2}, u'power': {u'gpu': 12.79, u'tra_accel': 0.59, u'cpu_core': 5.6}}, u'sp': {u'mean_service_time': {u'gpu': 379, u'cpu_core': 1004}, u'priority': 11, u'deadline': 1000, u'stdev_service_time': {u'gpu': 3.79, u'cpu_core': 10.040000000000001}, u'power': {u'gpu': 3.302, u'cpu_core': 1004}}, u'mission': {u'mean_service_time': {u'cpu_core': 0.0022}, u'priority': 5, u'deadline': 1000, u'stdev_service_time': {u'cpu_core': 2.2000000000000003e-05}, u'power': {u'cpu_core': 3.534}}, u'motion': {u'mean_service_time': {u'cpu_core': 8}, u'priority': 6, u'deadline': 1000, u'stdev_service_time': {u'cpu_core': 0.08}, u'power': {u'cpu_core': 4.222}}, u'collision': {u'mean_service_time': {u'cpu_core': 8}, u'priority': 7, u'deadline': 1000, u'stdev_service_time': {u'cpu_core': 0.08}, u'power': {u'cpu_core': 0}}, u'fusion': {u'mean_service_time': {u'cpu_core': 1}, u'priority': 4, u'deadline': 1000, u'stdev_service_time': {u'cpu_core': 0.01}, u'power': {u'cpu_core': 0}}, u'map': {u'mean_service_time': {u'gpu': 761, u'cpu_core': 973}, u'priority': 10, u'deadline': 1000, u'stdev_service_time': {u'gpu': 7.61, u'cpu_core': 9.73}, u'power': {u'gpu': 3.533, u'cpu_core': 2.995}}, u'path': {u'mean_service_time': {u'cpu_core': 8}, u'priority': 8, u'deadline': 1000, u'stdev_service_time': {u'cpu_core': 0.08}, u'power': {u'cpu_core': 0}}}, u'sched_policy_module': u'policies.ms1_update2', u'drop': True, u'servers': {u'gpu': {u'count': 2}, u'tra_accel': {u'count': 1}, u'cpu_core': {u'count': 8}, u'loc_accel': {u'count': 1}, u'det_accel': {u'count': 1}}, u'max_tasks_simulated': 10000, u'max_queue_size': 1000000, u'mean_arrival_time': 50, u'arrival_time_scale': 2.7}, u'general': {u'random_seed': 0, u'pre_gen_arrivals': False, u'basename': u'policy:ms1_update2__stdev_factor:0.01', u'output_trace_file': None, u'working_dir': u'/home/hiwot/meta-stomp2/sim_16042020_201032_new_arrival_50_map_rheftmapping_50_trace_30', u'input_trace_file': (False, '../mv_mapping_50_trace_30.trc'), u'logging_level': u'INFO'}}

/home/hiwot/meta-stomp2/sim_16042020_201032_new_arrival_50_map_rheftmapping_50_trace_30/../mv_mapping_50_trace_30.trc

Running STOMP simulation...
Dropped,DAG ID,DAG Priority,DAG Type,Slack,Response Time,No-Affinity Time,Energy
0,0,1,0,2685.2,1462,293,6320.2027
0,1,3,2,2111.0,967,194,3360.1027
0,2,3,0,2519.2,1628,247,6010.2197
0,3,1,0,2517.2,1630,249,6010.2197
0,4,3,0,2517.2,1630,249,6010.2197
0,5,1,2,1848.0,1230,245,3642.1397
0,6,1,1,436.9,14,2,0.2197
0,7,3,1,436.9,14,2,0.2197
0,8,3,2,2024.0,1054,194,3667.4737
0,9,3,1,436.9,14,2,0.2197
0,10,3,1,436.9,14,2,0.2197
0,11,1,0,2685.2,1462,293,6320.2027
0,12,3,2,1846.0,1232,247,3642.1397
0,13,3,2,2111.0,967,194,3360.1027
0,14,1,1,436.9,14,2,0.2197
0,15,3,2,2111.0,967,194,3360.1027
0,16,3,0,2519.2,1628,247,6010.2197
0,17,3,0,2519.2,1628,247,6010.2197
0,18,1,0,2517.2,1630,249,6010.2197
0,19,1,0,2420.2,1727,346,6602.2397
0,20,1,2,1846.0,1232,247,3642.1397
0,21,3,2,2032.0,1046,196,3632.1437
0,22,3,1,436.9,14,2,0.2197
0,23,3,2,1989.0,1089,194,3791.1287
0,24,1,1,436.9,14,2,0.2197
0,25,1,1,436.9,14,2,0.2197
0,26,1,1,436.9,14,2,0.2197
0,27,1,1,436.9,14,2,0.2197
0,28,1,1,436.9,14,2,0.2197
0,29,3,0,2565.2,1582,297,6320.2027
0,30,1,0,2294.2,1853,297,6581.6447
0,31,1,0,2340.2,1807,348,7050.7397
0,32,1,0,2368.2,1779,346,6913.1997
0,33,1,0,2413.2,1734,346,6644.0997
0,34,3,0,2413.2,1734,346,6644.0997
0,35,1,0,2417.2,1730,249,6309.7197
0,36,1,1,436.9,14,2,0.2197
0,37,1,1,436.9,14,2,0.2197
0,38,3,0,2590.2,1557,293,6655.8377
0,39,1,2,1928.0,1150,194,4006.6417
0,40,1,1,436.9,14,2,0.2197
0,41,3,1,436.9,14,2,0.2197
0,42,1,1,436.9,14,2,0.2197
0,43,1,0,2513.2,1634,251,6010.26364
0,44,1,2,1730.0,1348,245,3995.5497
0,45,1,2,1832.0,1246,247,3684.0697
0,46,1,2,2013.0,1065,194,3706.3367
0,47,1,0,2477.2,1670,293,7055.0667
0,48,1,0,2517.2,1630,249,6010.2197
0,49,1,2,1848.0,1230,245,3642.1397
0,50,1,2,1848.0,1230,245,3642.1397
0,51,1,1,436.9,14,2,0.2197
0,52,1,1,436.9,14,2,0.2197
0,53,1,1,436.9,14,2,0.2197
0,54,1,2,2025.0,1053,194,3663.9407
0,55,1,2,2051.0,1027,194,3572.0827
0,56,1,0,2519.2,1628,247,6010.2197
0,57,3,0,2420.2,1727,346,6602.2397
0,58,3,1,432.9,18,2,0.30758
0,59,1,0,2418.2,1729,348,6602.2397
0,60,1,2,1846.0,1232,247,3642.1397
0,61,3,0,2420.2,1727,346,6602.2397
0,62,1,1,436.9,14,2,0.2197
0,63,1,1,436.9,14,2,0.2197
0,64,1,2,2111.0,967,194,3360.1027
0,65,1,1,436.9,14,2,0.2197
0,66,1,1,436.9,14,2,0.2197
0,67,1,2,2109.0,969,196,3360.1027
0,68,1,1,436.9,14,2,0.2197
0,69,1,0,2519.2,1628,247,6010.2197
0,70,1,2,1848.0,1230,245,3642.1397
0,71,1,0,2285.2,1862,346,7006.5647
0,72,3,0,2616.2,1531,293,6563.9797
0,73,3,2,1846.0,1232,247,3642.1397
0,74,1,1,436.9,14,2,0.2197
0,75,3,2,2111.0,967,194,3360.1027
0,76,1,0,-188.8,4336,251,6010.2197
0,77,1,0,-158.8,4306,350,6602.2397
0,78,1,1,436.9,14,2,0.2197
0,79,1,2,-617.0,3695,196,3360.1027
0,80,1,0,500.2,3647,297,6591.4327
0,81,3,2,1822.0,1256,249,3642.1397
0,82,3,2,1836.0,1242,249,3642.1397
0,84,1,1,436.9,14,2,0.2197
0,86,1,0,971.2,3176,350,7630.7997
0,87,3,2,1836.0,1242,249,3642.1397
0,90,1,0,1233.2,2914,297,8141.7487
0,91,3,2,1972.0,1106,196,3734.6007
0,92,2,2,232.0,2846,249,3911.6897
0,93,3,1,276.9,174,4,0.2197
0,94,1,0,1478.2,2669,350,7835.8497
0,95,1,0,1589.2,2558,350,7530.4697
0,97,1,2,614.0,2464,249,4462.7697
0,98,1,0,1853.2,2294,350,7066.4347
0,101,1,0,2003.2,2144,350,6952.71455
0,104,3,2,1772.0,1306,196,4091.4337
0,105,1,2,1047.0,2031,249,3839.8097
0,106,1,0,2312.2,1835,297,7738.1897
0,108,1,2,1504.0,1574,249,4429.8247
0,109,1,0,1898.2,2249,251,7343.03864
0,110,1,0,2262.2,1885,251,6714.0447
0,111,3,0,2518.2,1629,297,6574.5787
0,112,3,0,2573.2,1574,295,6708.8327
0,113,3,2,1728.0,1350,249,3728.9947
0,114,1,0,2222.2,1925,348,7192.2447
0,117,1,2,1665.0,1413,247,4184.2347
0,118,2,1,-2.1,453,4,0.2197
0,119,1,2,1768.0,1310,247,3875.7497
0,120,1,1,103.9,347,4,0.2197
0,121,1,1,108.9,342,4,0.30758
0,122,1,0,2588.2,1559,293,6662.9037
0,123,1,0,2537.2,1610,295,6836.0207
0,124,1,1,48.9,402,4,0.2197
0,125,1,2,1737.0,1341,247,3968.5947
0,126,1,0,2403.2,1744,348,6647.1647
0,127,1,0,2500.2,1647,247,6067.1247
0,128,3,2,1908.0,1170,194,4077.3017
0,129,1,0,2519.2,1628,247,6010.2197
0,130,1,0,2488.2,1659,295,7009.1377
0,131,1,2,1848.0,1230,245,3642.1397
0,132,1,1,436.9,14,2,0.2197
0,133,3,2,1846.0,1232,247,3642.1397
0,134,1,1,436.9,14,2,0.2197
0,135,3,2,2111.0,967,194,3360.1027
0,136,1,1,436.9,14,2,0.2197
0,137,1,1,436.9,14,2,0.2197
0,138,1,0,2685.2,1462,293,6320.2027
0,139,1,0,2519.2,1628,247,6010.2197
0,140,1,2,2000.0,1078,194,3752.2657
0,141,3,1,436.9,14,2,0.2197
0,142,3,0,2681.2,1466,297,6320.2027
0,143,1,2,1848.0,1230,245,3642.1397
0,144,1,2,1844.0,1234,247,3642.18364
0,145,1,2,1846.0,1232,247,3642.1397
0,146,1,0,2547.2,1600,293,6807.7567
0,147,1,1,436.9,14,2,0.2197
0,148,1,0,2519.2,1628,247,6010.2197
0,149,1,2,1908.0,1170,194,4077.3017
0,150,3,1,436.9,14,2,0.2197
0,151,1,2,1846.0,1232,247,3642.1397
0,152,1,0,2418.2,1729,348,6602.2397
0,153,1,1,436.9,14,2,0.2197
0,154,1,0,2557.2,1590,293,6772.4267
0,155,1,1,436.9,14,2,0.2197
0,156,1,0,2519.2,1628,247,6010.2197
0,157,1,1,436.9,14,2,0.2197
0,158,1,2,1848.0,1230,245,3642.1397
0,159,1,0,2582.2,1565,293,6684.1017
0,160,1,1,436.9,14,2,0.2197
0,161,3,1,436.9,14,2,0.2197
0,162,3,1,436.9,14,2,0.2197
0,163,1,0,2213.2,1934,348,7828.1397
0,164,1,2,1291.0,1787,249,3932.6547
0,165,3,0,2613.2,1534,297,6581.1227
0,166,1,1,436.9,14,2,0.2197
0,167,3,2,1850.0,1228,196,3911.40449
0,168,1,0,2417.2,1730,346,6620.1797
0,169,2,2,1836.0,1242,249,3642.1397
0,170,1,2,1846.0,1232,247,3642.1397
0,171,1,2,1846.0,1232,247,3642.1397
0,172,1,0,2420.2,1727,346,6602.2397
0,173,1,2,2076.0,1002,194,3483.7577
0,174,1,0,2420.2,1727,346,6602.2397
0,176,1,2,1969.0,1109,194,3861.7887
0,177,1,0,2268.2,1879,346,7057.4797
0,178,1,2,2111.0,967,194,3360.1027
0,179,1,2,1846.0,1232,247,3642.1397
0,180,3,1,436.9,14,2,0.2197
0,181,3,1,436.9,14,2,0.2197
0,182,1,2,2025.0,1053,194,3663.9407
0,183,1,2,1848.0,1230,245,3642.1397
0,184,1,2,1846.0,1232,247,3642.1397
0,185,1,0,2408.2,1739,350,6602.2397
0,186,1,2,1919.0,1159,194,4038.4387
0,187,1,2,1846.0,1232,245,3642.18364
0,188,1,1,436.9,14,2,0.2197
0,189,1,0,2419.2,1728,346,6602.26167
0,190,1,2,1855.0,1223,196,4077.3017
0,191,3,2,1848.0,1230,245,3642.1397
0,192,1,0,2420.2,1727,346,6602.2397
0,193,1,0,2418.2,1729,348,6602.2397
0,194,1,2,1897.0,1181,194,4116.1647
0,195,1,2,1848.0,1230,245,3642.1397
0,196,3,0,2504.2,1643,295,6952.6097
0,197,1,2,1846.0,1232,247,3642.1397
0,198,3,2,1846.0,1232,247,3642.1397
0,199,1,2,1846.0,1232,247,3642.1397
0,200,1,1,436.9,14,2,0.2197
0,201,1,0,2685.2,1462,293,6320.2027
0,202,1,2,2111.0,967,194,3360.1027
0,203,1,1,436.9,14,2,0.2197
0,204,1,1,436.9,14,2,0.2197
0,205,1,0,2553.2,1594,293,6786.5587
0,206,3,0,2519.2,1628,247,6010.2197
0,207,1,0,2507.2,1640,249,6010.4394
0,208,1,2,2037.0,1041,194,3621.5447
0,209,1,1,436.9,14,2,0.2197
0,210,3,1,436.9,14,2,0.2197
0,211,1,0,2685.2,1462,293,6320.2027
0,212,3,0,2675.2,1472,297,6320.2027
0,213,3,0,2519.2,1628,247,6010.2197
0,214,1,0,2417.2,1730,346,6620.1797
0,215,3,0,2415.2,1732,348,6620.1797
0,216,3,0,2420.2,1727,346,6602.2397
0,217,1,2,1838.0,1240,247,3642.31546
0,218,3,0,2683.2,1464,295,6320.2027
0,219,3,2,2024.0,1054,194,3667.4737
0,220,3,0,2420.2,1727,346,6602.2397
0,221,3,1,436.9,14,2,0.2197
0,222,1,2,1846.0,1232,247,3642.1397
0,223,1,2,1642.0,1436,247,4253.1197
0,224,3,1,336.9,114,4,0.2197
0,225,1,1,236.9,214,4,0.2197
0,226,1,0,2531.2,1616,293,6864.2847
0,227,1,1,436.9,14,2,0.2197
0,228,3,1,436.9,14,2,0.2197
0,229,1,0,2685.2,1462,293,6320.2027
0,230,1,1,434.9,16,2,0.26364
0,231,1,0,2387.2,1760,249,6399.5697
0,232,3,1,436.9,14,2,0.2197
0,233,1,0,2517.2,1630,249,6010.2197
0,234,3,2,2075.0,1003,194,3487.2907
0,235,3,2,1848.0,1230,245,3642.1397
0,236,1,2,1846.0,1232,247,3642.1397
0,237,1,1,436.9,14,2,0.2197
0,238,1,1,436.9,14,2,0.2197
0,239,3,0,2685.2,1462,293,6320.2027
0,240,3,0,2683.2,1464,295,6320.2027
0,241,1,2,1846.0,1232,247,3642.1397
0,242,1,1,436.9,14,2,0.2197
0,243,1,1,436.9,14,2,0.2197
0,244,1,0,2486.2,1661,295,7016.2037
0,245,1,0,2519.2,1628,247,6010.2197
0,246,1,2,1848.0,1230,245,3642.1397
0,247,1,0,2670.2,1477,297,6320.2027
0,248,1,2,1609.0,1469,249,3642.24955
0,249,3,1,436.9,14,2,0.2197
0,250,1,2,2053.0,1025,194,3565.0167
0,251,1,1,436.9,14,2,0.2197
0,252,1,2,1838.0,1240,249,3642.1397
0,253,1,1,436.9,14,2,0.2197
0,254,1,0,2221.2,1926,348,7529.5597
0,255,3,0,2551.2,1596,297,6763.1887
0,256,1,2,1581.0,1497,249,3642.1397
0,257,3,2,1750.0,1328,249,3642.1397
0,258,1,0,2415.2,1732,346,6632.1397
0,259,1,0,2415.2,1732,348,6620.1797
0,260,3,1,60.9,390,4,0.59319
0,261,3,2,1689.0,1389,247,4100.46258
0,262,1,2,1715.0,1363,194,4692.28537
0,263,1,0,2420.2,1727,346,6602.2397
0,264,1,1,255.9,195,4,0.2197
0,265,1,2,1964.0,1114,194,3879.4537
0,266,1,1,-60.1,511,4,0.2197
0,267,3,2,1739.0,1339,245,3968.5947
0,268,1,0,2224.2,1923,346,7189.2597
0,269,1,1,163.9,287,4,0.2197
0,270,1,1,179.9,271,4,0.2197
0,271,1,2,2111.0,967,194,3360.1027
0,272,3,0,2685.2,1462,293,6320.2027
0,273,3,1,436.9,14,2,0.2197
0,274,1,2,1843.0,1235,245,3642.24955
0,275,1,1,436.9,14,2,0.2197
0,276,1,1,436.9,14,2,0.2197
0,277,3,2,2111.0,967,194,3360.1027
0,278,1,0,2579.2,1568,293,6694.7007
0,279,1,0,2519.2,1628,247,6010.2197
0,280,1,0,2420.2,1727,346,6602.2397
0,281,1,2,1846.0,1232,247,3642.1397
0,282,1,1,436.9,14,2,0.2197
0,283,1,2,1994.0,1084,194,3773.4637
0,284,1,2,1931.0,1147,194,3996.0427
0,285,3,1,436.9,14,2,0.2197
0,286,1,0,2420.2,1727,346,6602.2397
0,287,1,1,436.9,14,2,0.2197
0,288,1,1,436.9,14,2,0.2197
0,289,1,0,2420.2,1727,346,6602.2397
0,290,3,2,1846.0,1232,247,3642.1397
0,291,3,2,1907.0,1171,194,4080.8347
0,292,1,1,436.9,14,2,0.2197
0,293,1,1,436.9,14,2,0.2197
0,294,1,2,2111.0,967,194,3360.1027
0,295,1,2,1848.0,1230,245,3642.1397
0,296,1,1,436.9,14,2,0.2197
0,297,1,1,436.9,14,2,0.2197
0,298,1,2,2111.0,967,194,3360.1027
0,299,3,2,1848.0,1230,245,3642.1397
0,300,3,2,1846.0,1232,247,3642.1397
0,301,1,1,436.9,14,2,0.2197
0,302,3,2,1848.0,1230,245,3642.1397
0,303,1,1,436.9,14,2,0.2197
0,304,1,0,2637.2,1510,295,6482.7207
0,305,1,1,436.9,14,2,0.2197
0,306,1,1,436.9,14,2,0.2197
0,307,1,2,1848.0,1230,245,3642.1397
0,308,1,0,2495.2,1652,293,6991.4727
0,309,1,0,2519.2,1628,247,6010.2197
0,310,1,2,1846.0,1232,247,3642.1397
0,311,1,1,436.9,14,2,0.2197
0,312,3,1,436.9,14,2,0.2197
0,313,1,1,436.9,14,2,0.2197
0,314,1,1,436.9,14,2,0.2197
0,315,1,1,436.9,14,2,0.2197
0,316,1,1,436.9,14,2,0.2197
0,317,1,0,1789.2,2358,295,11666.3227
0,318,3,1,436.9,14,2,0.2197
0,319,1,0,2359.2,1788,297,8066.3627
0,320,1,2,1328.0,1750,249,3642.1397
0,321,1,0,2396.2,1751,348,6685.9597
0,322,1,2,1349.0,1729,249,3642.1397
0,323,1,1,429.9,21,2,0.37349
0,324,3,0,2399.2,1748,348,6715.8597
0,325,1,2,1420.0,1658,249,3642.1397
0,326,3,0,2259.2,1888,348,7493.4794
0,327,1,2,1549.0,1529,249,3708.0297
0,328,3,2,1801.0,1277,196,3988.9767
0,329,3,2,1653.0,1425,249,3642.1397
0,330,2,0,2193.2,1954,293,8058.4387
0,332,1,0,2012.2,2135,293,8697.9117
0,333,1,2,1689.0,1389,247,4112.3547
0,334,1,2,1764.0,1314,247,3887.7297
0,335,1,0,2303.2,1844,346,6952.6547
0,336,3,1,436.9,14,2,0.2197
0,337,1,0,2685.2,1462,293,6320.2027
0,338,1,2,2111.0,967,194,3360.1027
0,339,1,1,431.9,19,2,0.32955
0,340,3,0,2519.2,1628,247,6010.2197
0,341,1,2,1848.0,1230,245,3642.1397
0,342,3,2,1846.0,1232,247,3642.1397
0,343,3,1,436.9,14,2,0.2197
0,344,1,2,2111.0,967,194,3360.1027
0,345,1,1,436.9,14,2,0.2197
0,346,1,0,2685.2,1462,293,6320.2027
0,347,1,2,1848.0,1230,245,3642.1397
0,348,3,2,1846.0,1232,247,3642.1397
0,349,1,1,436.9,14,2,0.2197
0,350,3,2,1846.0,1232,247,3642.1397
0,351,1,2,1846.0,1232,247,3642.1397
0,352,1,0,2493.2,1654,293,6998.5387
0,353,1,1,436.9,14,2,0.2197
0,354,1,1,436.9,14,2,0.2197
0,355,1,0,2685.2,1462,293,6320.2027
0,356,1,1,436.9,14,2,0.2197
0,357,3,1,436.9,14,2,0.2197
0,358,1,1,436.9,14,2,0.2197
0,359,1,1,436.9,14,2,0.2197
0,360,1,1,436.9,14,2,0.2197
0,361,1,2,2048.0,1030,194,3582.6817
0,362,1,2,2061.0,1017,194,3536.7527
0,363,1,0,2519.2,1628,247,6010.2197
0,364,1,2,1848.0,1230,245,3642.1397
0,365,1,1,436.9,14,2,0.2197
0,366,1,2,1848.0,1230,245,3642.1397
0,367,1,1,436.9,14,2,0.2197
0,368,3,1,436.9,14,2,0.2197
0,369,1,0,2675.2,1472,293,6327.44446
0,370,1,0,2685.2,1462,293,6320.2027
0,371,1,2,1848.0,1230,245,3642.1397
0,372,3,1,436.9,14,2,0.2197
0,373,1,0,2420.2,1727,346,6602.2397
0,374,1,2,1846.0,1232,247,3642.1397
0,375,3,2,2001.0,1077,194,3748.7327
0,376,1,0,2519.2,1628,247,6010.2197
0,377,1,1,436.9,14,2,0.2197
0,378,3,1,436.9,14,2,0.2197
0,379,3,0,2536.2,1611,295,6839.5537
0,380,3,2,1848.0,1230,245,3642.1397
0,381,1,0,2418.2,1729,348,6602.2397
0,382,1,0,2685.2,1462,293,6320.2027
0,383,1,2,1832.0,1246,245,3690.0597
0,384,3,0,2501.2,1646,295,6963.2087
0,385,1,2,1846.0,1232,247,3642.1397
0,386,1,1,436.9,14,2,0.2197
0,387,3,2,1848.0,1230,245,3642.1397
0,388,1,2,1846.0,1232,247,3642.1397
0,389,1,1,426.9,24,2,0.4394
0,390,1,2,2111.0,967,194,3360.1027
0,391,1,1,436.9,14,2,0.2197
0,394,3,1,436.9,14,2,0.2197
0,397,3,1,436.9,14,2,0.2197
0,398,3,0,2207.2,1940,350,7224.1597
0,399,1,1,436.9,14,2,0.2197
0,400,1,1,436.9,14,2,0.2197
0,402,1,1,436.9,14,2,0.2197
0,404,3,2,1717.0,1361,249,3642.1397
0,405,1,0,11.2,4136,350,6620.1797
0,406,1,0,78.2,4069,350,6644.0997
0,407,1,0,116.2,4031,350,6808.8647
0,411,1,0,388.2,3759,297,7610.0227
0,412,1,0,818.2,3329,297,11313.4417
0,414,3,0,2142.2,2005,350,7470.64546
0,416,1,0,1017.2,3130,350,9057.5197
0,417,3,0,2056.2,2091,350,7948.06364
0,418,1,0,1175.2,2972,350,8474.0447
0,420,3,2,1808.0,1270,196,3872.3877
0,422,1,0,1875.2,2272,350,6647.1347
0,423,1,0,1907.2,2240,297,8063.6777
0,424,1,0,2091.2,2056,350,7326.2797
0,425,2,2,1084.0,1994,249,3989.5597
0,427,3,1,-69.1,520,4,0.2197
0,428,3,2,1749.0,1329,196,3911.2507
0,430,3,2,1572.0,1506,249,4429.8247
0,431,1,2,1722.0,1356,247,4013.5197
0,432,1,2,1524.0,1554,249,4372.9197
0,433,3,0,2607.2,1540,297,6553.3807
0,434,1,0,2264.2,1883,348,7069.4397
0,435,1,2,1677.0,1401,247,4124.51046
0,436,3,0,2386.2,1761,293,7564.9887
0,437,3,2,1786.0,1292,245,3827.8297
0,438,3,0,2162.2,1985,348,7363.01364
0,439,1,2,1481.0,1597,194,5575.35961
0,440,1,1,19.9,431,4,0.2197
0,441,3,1,382.9,68,4,0.2197
0,442,1,1,241.9,209,4,0.2197
0,443,1,0,2511.2,1636,293,6934.9447
0,444,1,1,436.9,14,2,0.2197
0,445,1,0,2420.2,1727,346,6602.2397
0,446,1,2,1846.0,1232,247,3642.1397
0,447,1,1,295.9,155,4,0.2197
0,448,3,0,2519.2,1628,247,6010.2197
0,449,1,0,2570.2,1577,293,6726.4977
0,450,1,2,1846.0,1232,247,3642.1397
0,451,1,2,1846.0,1232,247,3642.1397
0,452,1,1,436.9,14,2,0.2197
0,453,3,1,436.9,14,2,0.2197
0,454,1,0,2665.2,1482,293,6320.6421
0,455,1,1,429.9,21,2,0.37349
0,456,1,2,1984.0,1094,194,3808.7937
0,457,3,1,436.9,14,2,0.2197
0,458,1,2,1848.0,1230,245,3642.1397
0,459,1,2,1846.0,1232,247,3642.1397
0,460,1,1,436.9,14,2,0.2197
0,461,3,0,2519.2,1628,247,6010.2197
0,462,1,2,1846.0,1232,247,3642.1397
0,463,1,0,2519.2,1628,247,6010.2197
0,464,1,0,2548.2,1599,293,6804.2237
0,465,3,0,2547.2,1600,293,6807.7567
0,466,3,0,2420.2,1727,346,6602.2397
0,467,1,0,2225.2,1922,251,6010.2197
0,468,1,2,1844.0,1234,247,3642.18364
0,469,1,1,436.9,14,2,0.2197
0,470,1,0,2497.2,1650,251,6010.2197
0,471,1,1,436.9,14,2,0.2197
0,472,1,0,2685.2,1462,293,6320.2027
0,473,1,1,436.9,14,2,0.2197
0,474,1,2,1952.0,1126,196,3360.1027
0,475,1,0,1867.2,2280,350,7295.9197
0,476,1,2,914.0,2164,249,3642.1397
0,477,1,0,2203.2,1944,350,7174.0747
0,478,1,0,2244.2,1903,350,6685.9597
0,479,3,2,1955.0,1123,196,3494.3567
0,480,3,0,2324.2,1823,346,7176.3197
0,481,1,0,2347.2,1800,293,7825.1257
0,482,2,2,1470.0,1608,249,3699.0447
0,483,1,2,1804.0,1274,249,3642.1397
0,484,1,2,1830.0,1248,249,3642.1397
0,485,3,0,2400.2,1747,346,6662.1397
0,487,1,0,2544.2,1603,295,6811.2897
0,488,3,1,196.9,254,4,0.2197
0,489,1,0,2315.2,1832,247,6621.1997
0,491,1,0,1958.2,2189,247,7684.46864
0,493,3,2,2037.0,1041,194,3621.5447
0,494,1,0,2355.2,1792,295,7479.0267
0,495,1,1,318.9,132,4,0.2197
0,496,2,0,2518.2,1629,247,6013.2147
0,497,1,2,1846.0,1232,247,3642.1397
0,498,3,0,2541.2,1606,295,6821.8887
0,499,1,2,1846.0,1232,247,3642.1397
0,500,1,1,436.9,14,2,0.2197
0,501,1,0,2519.2,1628,247,6010.2197
0,502,1,1,436.9,14,2,0.2197
0,503,1,2,1848.0,1230,245,3642.1397
0,504,1,1,436.9,14,2,0.2197
0,505,1,2,2079.0,999,194,3473.1587
0,506,1,2,2011.0,1067,194,3713.4027
0,507,1,0,2420.2,1727,346,6602.2397
0,508,1,2,2111.0,967,194,3360.1027
0,509,3,2,2111.0,967,194,3360.1027
0,510,1,1,436.9,14,2,0.2197
0,511,1,0,2519.2,1628,247,6010.2197
0,512,1,1,436.9,14,2,0.2197
0,513,1,2,1848.0,1230,245,3642.1397
0,514,1,2,1989.0,1089,194,3791.1287
0,515,3,0,2612.2,1535,293,6578.1117
0,516,1,0,2519.2,1628,247,6010.2197
0,517,1,2,1846.0,1232,247,3642.1397
0,518,1,0,2420.2,1727,346,6602.2397
0,519,1,0,2420.2,1727,346,6602.2397
0,520,3,0,2418.2,1729,348,6602.2397
0,521,3,1,436.9,14,2,0.2197
0,522,1,1,436.9,14,2,0.2197
0,523,1,0,2678.2,1469,293,6320.35649
0,524,1,1,436.9,14,2,0.2197
0,525,1,0,2683.2,1464,295,6320.2027
0,526,1,1,436.9,14,2,0.2197
0,527,1,1,436.9,14,2,0.2197
0,528,1,1,436.9,14,2,0.2197
0,529,3,0,2601.2,1546,297,6320.2027
0,530,3,0,2583.2,1564,295,6673.5027
0,531,1,2,1834.0,1244,249,3642.1397
0,532,3,1,436.9,14,2,0.2197
0,533,1,2,-60.0,3138,249,3642.1397
0,534,1,2,-4.0,3082,196,4395.2717
0,535,1,1,436.9,14,2,0.2197
0,536,1,0,1119.2,3028,350,8886.64364
0,537,3,2,1995.0,1083,196,3572.0827
0,538,1,2,437.0,2641,249,3642.1397
0,539,1,1,436.9,14,2,0.2197
0,540,1,2,520.0,2558,249,3642.1397
0,541,3,2,1472.0,1606,249,3642.1397
0,542,1,0,1650.2,2497,350,6766.9147
0,543,1,1,436.9,14,2,0.2197
0,544,3,0,2323.2,1824,297,7664.4907
0,545,2,2,962.0,2116,249,3642.1397
0,546,3,0,2401.2,1746,350,6620.22364
0,547,3,2,1880.0,1198,196,4137.3627
0,548,1,2,999.0,2079,249,4022.90016
0,549,3,1,301.9,149,4,0.26364
0,551,1,2,1061.0,2017,249,4226.1647
0,552,1,2,1185.0,1893,196,6324.2897
0,553,3,2,1610.0,1468,249,4324.9997
0,554,3,1,277.9,173,4,0.2197
0,555,1,2,1167.0,1911,249,5082.7347
0,556,3,2,1782.0,1296,249,3797.8797
0,560,1,2,1582.0,1496,249,4316.0147
0,562,1,2,1512.0,1566,245,4642.51364
0,563,3,0,2659.2,1488,295,6380.41749
0,564,3,2,1818.0,1260,249,3690.0597
0,565,1,0,2189.2,1958,346,7294.0847
0,566,1,2,1616.0,1462,245,4336.9797
0,567,1,2,1649.0,1429,194,4992.3487
0,568,3,1,211.9,239,4,0.2197
0,569,1,2,1746.0,1332,194,4649.6477
0,570,2,0,2420.2,1727,346,6602.2397
0,571,1,0,2356.2,1791,247,6498.4047
0,572,1,2,1701.0,1377,245,4082.4047
0,573,1,0,2519.2,1628,247,6010.2197
0,574,1,2,1846.0,1232,247,3642.1397
0,575,1,2,2111.0,967,194,3360.1027
0,576,1,1,436.9,14,2,0.2197
0,577,1,0,2673.2,1474,297,6320.2027
0,578,1,1,436.9,14,2,0.2197
0,579,1,2,1710.0,1368,249,3642.1397
0,580,1,1,436.9,14,2,0.2197
0,581,1,0,2393.2,1754,350,6662.0397
0,582,1,0,2393.2,1754,350,6662.2594
0,583,1,0,2167.2,1980,346,8013.89319
0,584,1,1,436.9,14,2,0.2197
0,585,3,1,436.9,14,2,0.2197
0,586,1,0,2606.2,1541,297,6580.5867
0,587,3,2,1597.0,1481,249,3642.1397
0,588,1,1,436.9,14,2,0.2197
0,589,3,2,1946.0,1132,196,3360.1027
0,590,1,1,436.9,14,2,0.2197
0,591,3,0,2420.2,1727,346,6602.2397
0,592,3,1,429.9,21,2,0.37349
0,593,1,0,2420.2,1727,346,6602.2397
0,594,1,0,2369.2,1778,247,6459.4697
0,595,1,0,2505.2,1642,247,6052.1497
0,596,3,0,2628.2,1519,295,6514.5177
0,597,1,0,2342.2,1805,295,7524.9557
0,598,1,2,1802.0,1276,247,3773.9197
0,599,3,2,1963.0,1115,194,3882.9867
0,600,1,2,1846.0,1232,247,3642.1397
0,601,1,2,2111.0,967,194,3360.1027
0,602,3,0,2420.2,1727,346,6602.2397
0,603,3,1,436.9,14,2,0.2197
0,604,1,1,436.9,14,2,0.2197
0,605,3,0,2685.2,1462,293,6320.2027
0,606,1,0,2685.2,1462,293,6320.2027
0,607,1,1,436.9,14,2,0.2197
0,608,1,0,2519.2,1628,247,6010.2197
0,609,3,1,436.9,14,2,0.2197
0,610,1,0,2685.2,1462,293,6320.2027
0,611,3,2,1836.0,1242,247,3642.3594
0,612,1,0,2408.2,1739,346,6602.50334
0,613,1,1,436.9,14,2,0.2197
0,614,1,1,436.9,14,2,0.2197
0,615,1,2,2111.0,967,194,3360.1027
0,616,1,0,2420.2,1727,346,6602.2397
0,617,1,2,1846.0,1232,247,3642.1397
0,618,1,1,436.9,14,2,0.2197
0,619,3,2,2111.0,967,194,3360.1027
0,620,1,2,2111.0,967,194,3360.1027
0,621,3,2,1848.0,1230,245,3642.1397
0,622,3,1,436.9,14,2,0.2197
0,623,1,1,436.9,14,2,0.2197
0,624,1,1,436.9,14,2,0.2197
0,625,1,2,2010.0,1068,194,3716.9357
0,626,3,1,434.9,16,4,0.2197
0,627,1,1,436.9,14,2,0.2197
0,628,3,1,436.9,14,2,0.2197
0,629,3,1,436.9,14,2,0.2197
0,630,1,0,2667.2,1480,297,6320.2027
0,631,1,0,2519.2,1628,247,6010.2197
0,632,3,0,2515.2,1632,249,6010.26364
0,633,1,1,436.9,14,2,0.2197
0,634,1,2,1958.0,1120,196,3653.5614
0,635,1,0,2507.2,1640,247,6010.48334
0,636,1,0,2420.2,1727,346,6602.2397
0,637,1,0,2420.2,1727,346,6602.2397
0,638,1,2,2111.0,967,194,3360.1027
0,639,3,0,2420.2,1727,346,6602.2397
0,640,3,1,436.9,14,2,0.2197
0,641,1,1,436.9,14,2,0.2197
0,642,1,0,2420.2,1727,346,6602.2397
0,643,3,1,398.9,52,4,0.2197
0,644,1,1,436.9,14,2,0.2197
0,645,1,2,2107.0,971,194,3360.19058
0,646,3,0,2027.2,2120,251,6010.2197
0,647,1,1,436.9,14,2,0.2197
0,648,3,1,436.9,14,2,0.2197
0,649,3,1,436.9,14,2,0.2197
0,650,1,0,1849.2,2298,297,6786.6427
0,651,1,2,932.0,2146,196,3738.1337
0,652,1,0,2120.2,2027,350,6644.0997
0,653,1,0,2239.2,1908,350,6925.1597
0,654,1,2,1236.0,1842,249,3642.1397
0,655,1,0,2352.2,1795,350,6620.1797
0,656,3,2,1674.0,1404,249,3642.1397
0,657,1,0,2413.2,1734,348,6632.1397
0,658,1,0,2323.2,1824,346,6901.7097
0,659,3,0,2563.2,1584,293,7008.1637
0,661,1,0,1946.2,2201,346,8021.8697
0,662,3,0,2595.2,1552,295,6667.8117
0,663,1,2,1658.0,1420,245,4211.1897
0,665,3,1,349.9,101,4,0.2197
0,666,1,2,1891.0,1187,194,4137.3627
0,667,1,2,1809.0,1269,245,3758.9447
0,668,1,1,22.9,428,4,0.2197
0,669,2,1,400.9,50,4,0.2197
0,670,3,1,436.9,14,2,0.2197
0,671,1,2,2111.0,967,194,3360.1027
0,672,1,2,1228.0,1850,249,3672.0897
0,673,3,0,2336.2,1811,297,6585.22164
0,674,1,1,436.9,14,2,0.2197
0,675,3,2,1838.0,1240,249,3642.1397
0,676,1,0,670.2,3477,350,6763.6997
0,677,1,2,1751.0,1327,196,3752.2657
0,678,1,2,1790.0,1288,249,3642.1397
0,679,1,2,-1.0,3079,249,3642.1397
0,680,1,0,1180.2,2967,350,6638.1197
0,681,1,0,1305.2,2842,297,6906.1727
0,682,1,0,1339.2,2808,350,8139.0997
0,683,3,0,2134.2,2013,350,7371.2247
0,684,1,2,427.0,2651,249,4271.13364
0,686,3,1,387.9,63,4,0.2197
0,688,3,2,1749.0,1329,196,4020.7737
0,689,1,0,1766.2,2381,350,6889.83955
0,690,1,2,801.0,2277,196,5070.0747
0,691,2,1,146.9,304,4,0.2197
0,692,1,1,202.9,248,4,0.2197
0,693,1,1,315.9,135,4,0.2197
0,694,1,1,406.9,44,4,0.2197
0,695,1,2,1159.0,1919,249,3642.1397
0,696,1,0,2241.2,1906,350,6674.0597
0,697,1,0,2188.2,1959,348,7306.0147
0,698,1,2,1593.0,1485,249,4271.0897
0,699,3,0,2391.2,1756,295,7652.8197
0,700,1,2,1793.0,1285,247,3776.9147
0,701,1,2,1422.0,1656,245,4888.2794
0,703,1,2,1376.0,1702,247,5026.00546
0,704,3,2,2010.0,1068,194,3716.9357
0,705,1,0,2392.2,1755,247,6390.5847
0,706,3,1,337.9,113,4,0.2197
0,707,2,2,1844.0,1234,245,3654.1197
0,708,1,0,2685.2,1462,293,6320.2027
0,709,3,1,436.9,14,2,0.2197
0,710,1,0,2685.2,1462,293,6320.2027
0,711,1,1,436.9,14,2,0.2197
0,712,1,0,2685.2,1462,293,6320.2027
0,713,3,2,1848.0,1230,245,3642.1397
0,714,1,2,2111.0,967,194,3360.1027
0,715,1,1,436.9,14,2,0.2197
0,716,1,1,436.9,14,2,0.2197
0,717,1,2,2111.0,967,194,3360.1027
0,718,3,2,1848.0,1230,245,3642.1397
0,719,1,0,2420.2,1727,346,6602.2397
0,720,1,1,436.9,14,2,0.2197
0,721,3,0,2505.2,1642,295,6949.0767
0,722,3,0,2519.2,1628,247,6010.2197
0,723,3,2,1941.0,1137,196,3953.6467
0,724,1,2,1848.0,1230,245,3642.1397
0,725,1,0,2415.2,1732,346,6602.34955
0,726,1,1,436.9,14,2,0.2197
0,727,1,0,2683.2,1464,295,6320.2027
0,728,1,2,1846.0,1232,247,3642.1397
0,729,3,2,1846.0,1232,247,3642.1397
0,730,1,0,2495.2,1652,295,6984.4067
0,731,1,1,436.9,14,2,0.2197
0,732,1,0,2519.2,1628,247,6010.2197
0,733,1,1,436.9,14,2,0.2197
0,734,1,0,2636.2,1511,293,6493.3197
0,735,3,1,436.9,14,2,0.2197
0,736,1,1,436.9,14,2,0.2197
0,737,1,1,436.9,14,2,0.2197
0,738,1,1,436.9,14,2,0.2197
0,739,1,1,436.9,14,2,0.2197
0,740,3,0,2685.2,1462,293,6320.2027
0,741,1,0,2420.2,1727,346,6602.2397
0,742,1,1,436.9,14,2,0.2197
0,743,1,2,2111.0,967,194,3360.1027
0,744,1,0,2685.2,1462,293,6320.2027
0,745,3,1,436.9,14,2,0.2197
0,746,3,0,2517.2,1630,249,6010.2197
0,747,3,2,1848.0,1230,245,3642.1397
0,748,1,1,436.9,14,2,0.2197
0,749,1,2,1848.0,1230,245,3642.1397
0,750,1,1,436.9,14,2,0.2197
0,751,3,2,2111.0,967,194,3360.1027
0,752,3,2,1967.0,1111,194,3861.83264
0,753,3,2,1842.0,1236,245,3642.27152
0,754,3,2,1846.0,1232,247,3642.1397
0,755,1,0,2170.2,1977,350,6602.2397
0,756,1,0,2388.2,1759,350,6602.2397
0,757,3,0,2473.2,1674,251,6010.2197
0,758,1,0,1297.2,2850,297,6712.3657
0,759,1,2,1848.0,1230,196,3508.4887
0,760,1,0,1551.2,2596,251,6010.2197
0,761,1,0,1682.2,2465,350,8163.0197
0,762,3,1,436.9,14,2,0.2197
0,763,1,0,2287.2,1860,297,8444.4217
0,764,1,2,1226.0,1852,249,3854.96046
0,765,3,0,2408.2,1739,297,7577.0047
0,766,1,2,1338.0,1740,249,3642.1397
0,767,1,2,1346.0,1732,249,3809.8597
0,768,3,2,1574.0,1504,249,4133.3197
0,769,1,0,2404.2,1743,348,6685.9597
0,771,3,2,1782.0,1296,249,3752.9547
0,773,3,2,1825.0,1253,249,3693.0547
0,775,3,2,2090.0,988,194,3434.2957
0,776,1,2,1987.0,1091,194,3798.1947
0,777,1,0,2270.2,1877,247,6755.9747
0,778,1,0,2248.2,1899,247,6821.8647
0,779,1,2,1577.0,1501,245,4453.7847
0,780,1,0,2060.2,2087,295,8521.2617
0,781,1,0,2120.2,2027,346,7500.7397
0,782,1,1,76.9,374,4,0.2197
0,783,3,1,350.9,100,4,0.2197
0,784,3,1,436.9,14,2,0.2197
0,785,1,2,2111.0,967,194,3360.1027
0,786,1,0,2420.2,1727,346,6602.2397
0,787,3,1,436.9,14,2,0.2197
0,788,1,1,436.9,14,2,0.2197
0,789,1,0,2420.2,1727,346,6602.2397
0,790,3,1,436.9,14,2,0.2197
0,791,1,1,436.9,14,2,0.2197
0,792,1,1,436.9,14,2,0.2197
0,793,3,2,2111.0,967,194,3360.1027
0,794,1,0,2685.2,1462,293,6320.2027
0,795,1,1,436.9,14,2,0.2197
0,796,1,0,2519.2,1628,247,6010.2197
0,797,3,2,1848.0,1230,245,3642.1397
0,798,1,1,436.9,14,2,0.2197
0,799,3,0,2519.2,1628,247,6010.2197
0,800,1,1,436.9,14,2,0.2197
0,801,1,1,436.9,14,2,0.2197
0,802,1,0,2683.2,1464,295,6320.2027
0,803,1,2,1836.0,1242,247,3642.3594
0,804,1,1,436.9,14,2,0.2197
0,805,3,1,436.9,14,2,0.2197
0,806,1,0,2685.2,1462,293,6320.2027
0,807,1,2,1832.0,1246,245,3690.0597
0,808,3,2,2029.0,1049,194,3649.8087
0,809,3,2,1848.0,1230,245,3642.1397
0,810,3,2,1838.0,1240,249,3642.1397
0,811,1,0,2420.2,1727,346,6602.2397
0,812,1,2,1846.0,1232,247,3642.1397
0,813,1,1,436.9,14,2,0.2197
0,814,1,2,1848.0,1230,245,3642.1397
0,815,3,1,436.9,14,2,0.2197
0,816,1,2,2111.0,967,194,3360.1027
0,817,3,1,436.9,14,2,0.2197
0,818,1,2,2111.0,967,194,3360.1027
0,819,1,1,436.9,14,2,0.2197
0,820,1,2,1582.0,1496,249,3642.1397
0,821,1,0,2359.2,1788,350,6907.2197
0,822,1,2,1768.0,1310,249,3642.1397
0,823,1,2,1828.0,1250,249,3642.1397
0,824,3,1,369.9,81,4,0.2197
0,825,1,2,2019.0,1059,194,3685.1387
0,826,1,2,2111.0,967,194,3360.1027
0,827,1,2,1848.0,1230,245,3642.1397
0,828,3,0,2519.2,1628,247,6010.2197
0,829,3,0,2420.2,1727,346,6602.2397
0,830,3,2,1836.0,1242,247,3642.3594
0,831,3,0,2362.2,1785,247,6477.46167
0,832,3,2,1615.0,1463,247,4333.9847
0,833,3,1,228.9,222,4,0.2197
0,834,1,0,2225.2,1922,293,7945.3827
0,835,1,0,2477.2,1670,293,7055.0667
0,836,1,2,1848.0,1230,245,3642.1397
0,837,3,1,369.9,81,4,0.2197
0,838,1,1,436.9,14,2,0.2197
0,839,1,2,1846.0,1232,247,3642.1397
0,840,3,0,2555.2,1592,295,6772.4267
0,841,1,2,1937.0,1141,194,3974.8447
0,842,1,1,436.9,14,2,0.2197
0,843,1,2,1848.0,1230,245,3642.1397
0,844,1,0,2418.2,1729,348,6602.2397
0,845,3,1,436.9,14,2,0.2197
0,846,1,2,1848.0,1230,245,3642.1397
0,847,3,2,1846.0,1232,247,3642.1397
0,848,3,1,436.9,14,2,0.2197
0,849,3,0,2519.2,1628,247,6010.2197
0,850,1,2,1846.0,1232,247,3642.1397
0,851,1,0,2683.2,1464,295,6320.2027
0,852,3,1,436.9,14,2,0.2197
0,853,1,0,2683.2,1464,295,6320.2027
0,854,3,1,436.9,14,2,0.2197
0,855,3,0,2420.2,1727,346,6602.2397
0,856,1,2,1846.0,1232,247,3642.1397
0,857,1,0,2685.2,1462,293,6320.2027
0,858,3,2,2111.0,967,194,3360.1027
0,859,1,0,2519.2,1628,247,6010.2197
0,860,3,2,1844.0,1234,245,3642.22758
0,861,1,2,1903.0,1175,194,4094.9667
0,862,1,2,1848.0,1230,245,3642.1397
0,863,1,0,2226.2,1921,350,6602.2397
0,864,1,0,2531.2,1616,297,6320.2027
0,865,1,0,2318.2,1829,348,7182.2997
0,866,1,1,431.9,19,2,0.32955
0,867,1,2,1824.0,1254,249,3642.1397
0,868,3,2,1846.0,1232,247,3642.1397
0,869,1,1,436.9,14,2,0.2197
0,870,1,0,2149.2,1998,297,6419.1267
0,871,1,2,1886.0,1192,196,4027.8397
0,872,3,1,436.9,14,2,0.2197
0,873,1,0,2379.2,1768,350,6691.9397
0,874,1,2,1451.0,1627,249,3642.1397
0,875,3,0,2415.2,1732,348,6620.1797
0,876,3,1,260.9,190,4,0.2197
0,877,3,0,2237.2,1910,350,6991.67349
0,878,3,2,1813.0,1265,249,3654.1197
0,879,1,0,2580.2,1567,297,6683.3047
0,880,3,0,2550.2,1597,295,6790.0917
0,881,1,2,1838.0,1240,247,3645.1347
0,882,3,0,2420.2,1727,346,6602.2397
0,883,1,0,2443.2,1704,249,6231.8497
0,884,1,1,-80.1,531,4,0.2197
0,885,1,2,1723.0,1355,247,4010.5247
0,886,1,2,2006.0,1072,194,3731.0677
0,887,1,2,1875.0,1203,194,4193.8907
0,888,1,1,436.9,14,2,0.2197
0,889,1,1,436.9,14,2,0.2197
0,890,1,0,2370.2,1777,251,6010.2197
0,891,1,0,2439.2,1708,251,6180.9347
0,892,1,1,336.9,114,4,0.2197
0,893,3,1,436.9,14,2,0.2197
0,894,1,1,436.9,14,2,0.2197
0,895,1,0,2025.2,2122,297,7298.6247
0,896,1,0,2189.2,1958,251,6010.2197
0,897,1,1,436.9,14,2,0.2197
0,898,3,0,2288.2,1859,297,8122.2287
0,899,3,2,1839.0,1239,249,3642.1397
0,900,1,0,2366.2,1781,350,6620.28955
0,901,3,0,2396.2,1751,348,6733.7997
0,902,1,0,2378.2,1769,346,6853.3997
0,903,1,0,2246.2,1901,346,7642.7597
0,904,1,1,147.9,303,4,0.2197
0,905,1,2,2110.0,968,194,3360.1027
0,906,3,1,302.9,148,4,0.2197
0,907,3,0,2518.2,1629,293,6910.2137
0,908,1,2,1846.0,1232,247,3642.1397
0,909,1,2,1569.0,1509,245,4465.85258
0,910,1,0,2160.2,1987,346,7380.9397
0,911,3,1,371.9,79,4,0.2197
0,912,1,0,2044.2,2103,346,7728.3597
0,913,1,1,201.9,249,4,0.2197
0,914,1,1,344.9,106,4,0.2197
0,915,3,1,436.9,14,2,0.2197
0,916,1,0,2683.2,1464,295,6320.2027
0,917,1,0,2685.2,1462,293,6320.2027
0,918,1,1,436.9,14,2,0.2197
0,919,1,0,2519.2,1628,247,6010.2197
0,920,3,1,436.9,14,2,0.2197
0,921,3,1,436.9,14,2,0.2197
0,922,3,2,2111.0,967,194,3360.1027
0,923,1,1,436.9,14,2,0.2197
0,924,1,2,2111.0,967,194,3360.1027
0,925,1,2,1848.0,1230,245,3642.1397
0,926,1,2,1848.0,1230,245,3642.1397
0,927,1,1,426.9,24,2,0.4394
0,928,3,1,434.9,16,2,0.26364
0,929,3,2,1848.0,1230,245,3642.1397
0,930,1,1,436.9,14,2,0.2197
0,931,1,2,1846.0,1232,247,3642.1397
0,932,3,2,1846.0,1232,247,3642.1397
0,933,1,1,436.9,14,2,0.2197
0,934,3,1,436.9,14,2,0.2197
0,935,1,0,2418.2,1729,348,6602.2397
0,936,1,0,2685.2,1462,293,6320.2027
0,937,1,2,2105.0,973,194,3381.3007
0,938,3,1,436.9,14,2,0.2197
0,939,1,1,436.9,14,2,0.2197
0,940,3,2,1848.0,1230,245,3642.1397
0,941,3,2,1846.0,1232,247,3642.1397
0,942,1,0,2519.2,1628,247,6010.2197
0,943,1,1,436.9,14,2,0.2197
0,944,1,1,436.9,14,2,0.2197
0,945,1,2,2111.0,967,194,3360.1027
0,946,1,0,2685.2,1462,293,6320.2027
0,947,1,2,1848.0,1230,245,3642.1397
0,948,1,1,436.9,14,2,0.2197
0,949,1,0,1891.2,2256,350,6620.1797
0,950,1,1,436.9,14,2,0.2197
0,951,1,0,2326.2,1821,297,8078.0057
0,952,1,0,2361.2,1786,295,8089.9797
0,953,1,2,1351.0,1727,249,3642.1397
0,954,1,0,2204.2,1943,346,7893.9197
0,955,1,2,1600.0,1478,249,3642.1397
0,956,1,0,2415.2,1732,348,6620.1797
0,957,1,2,1848.0,1230,245,3642.1397
0,958,3,2,1846.0,1232,247,3642.1397
0,959,1,2,1838.0,1240,247,3642.31546
0,960,3,1,-117.1,568,4,0.2197
0,961,1,0,2530.2,1617,293,6867.8177
0,962,3,0,2683.2,1464,295,6320.2027
0,964,1,2,1816.0,1262,247,3731.9897
0,965,3,1,403.9,47,4,0.2197
0,966,3,1,415.9,35,4,0.24167
0,967,1,0,2506.2,1641,295,6945.5437
0,968,1,2,1848.0,1230,245,3642.1397
0,969,1,1,436.9,14,2,0.2197
0,970,1,0,2612.2,1535,295,6571.0457
0,971,1,2,1848.0,1230,245,3642.1397
0,972,1,0,2420.2,1727,346,6602.2397
0,973,1,0,2418.2,1729,348,6602.2397
0,974,3,1,436.9,14,2,0.2197
0,975,3,2,1846.0,1232,247,3642.1397
0,976,1,2,1917.0,1161,194,4045.5047
0,977,1,2,2111.0,967,194,3360.1027
0,978,1,1,436.9,14,2,0.2197
0,979,1,2,1848.0,1230,245,3642.1397
0,980,3,0,2519.2,1628,247,6010.2197
0,981,1,0,2513.2,1634,249,6010.30758
0,982,1,1,436.9,14,2,0.2197
0,983,3,0,2683.2,1464,295,6320.2027
0,984,1,1,436.9,14,2,0.2197
0,985,1,2,2111.0,967,194,3360.1027
0,986,3,2,1848.0,1230,245,3642.1397
0,987,3,1,426.9,24,2,0.4394
0,988,1,0,2400.2,1747,346,6602.6791
0,989,1,1,436.9,14,2,0.2197
0,990,1,0,2418.2,1729,348,6602.2397
0,991,3,2,1846.0,1232,247,3642.1397
0,992,3,2,2111.0,967,194,3360.1027
0,993,1,1,436.9,14,2,0.2197
0,994,3,0,2685.2,1462,293,6320.2027
0,995,3,1,436.9,14,2,0.2197
0,996,1,2,1846.0,1232,247,3642.1397
0,997,3,0,2420.2,1727,346,6602.2397
0,998,3,2,1908.0,1170,194,4077.3017
0,999,1,2,1978.0,1100,194,3829.9917
1,83,1,2,-262.0,3340,247,3829.9917
1,85,1,2,-104.0,3182,247,3829.9917
1,88,1,1,-1527.1,1978,2,3829.9917
1,89,1,1,-1522.1,1973,2,3829.9917
1,96,1,1,-1175.1,1626,2,3829.9917
1,99,1,1,-1643.1,2094,2,3829.9917
1,100,1,1,-1622.1,2073,2,3829.9917
1,102,1,1,-1611.1,2062,2,3829.9917
1,103,1,1,-1555.1,2006,2,3829.9917
1,107,1,1,-1096.1,1547,2,3829.9917
1,115,1,1,-261.1,712,2,3829.9917
1,116,1,1,-213.1,664,2,3829.9917
1,175,1,1,-22.1,473,2,3829.9917
1,331,1,1,-661.1,1112,2,3829.9917
1,392,1,0,-1009.8,5157,295,3829.9917
1,393,1,0,-916.8,5064,348,3829.9917
1,395,1,2,-1696.0,4774,194,3829.9917
1,396,1,0,-615.8,4763,348,3829.9917
1,401,1,2,-1274.0,4352,194,3829.9917
1,403,1,0,-63.8,4211,348,3829.9917
1,408,1,2,-813.0,3891,194,3829.9917
1,409,1,2,-696.0,3774,247,3829.9917
1,410,1,1,-3197.1,3648,2,3829.9917
1,413,1,2,-194.0,3272,247,3829.9917
1,415,1,2,-59.0,3137,247,3829.9917
1,419,1,1,-2285.1,2736,2,3829.9917
1,421,1,1,-1985.1,2436,2,3829.9917
1,426,1,1,-1423.1,1874,2,3829.9917
1,429,1,1,-1099.1,1550,2,3829.9917
1,486,1,1,-592.1,1043,2,3829.9917
1,490,1,1,-260.1,711,2,3829.9917
1,492,1,1,-155.1,606,2,3829.9917
1,550,1,1,-1514.1,1965,2,3829.9917
1,557,1,1,-810.1,1261,2,3829.9917
1,558,1,1,-805.1,1256,2,3829.9917
1,559,1,1,-641.1,1092,2,3829.9917
1,561,1,1,-438.1,889,2,3829.9917
1,660,1,1,-735.1,1186,2,3829.9917
1,664,1,1,-170.1,621,2,3829.9917
1,685,1,1,-229.1,680,2,3829.9917
1,687,1,1,-75.1,526,2,3829.9917
1,702,1,1,-271.1,722,2,3829.9917
1,770,1,1,-894.1,1345,2,3829.9917
1,772,1,1,-823.1,1274,2,3829.9917
1,774,1,1,-564.1,1015,2,3829.9917
1,963,1,1,-24.1,475,2,3829.9917
Time: 64101, 538301, 216417, 453830
