CONFIGURATION:
{u'simulation': {u'stdev_factor': 0.01, u'power_mgmt_enabled': False, u'tasks': {u'loc': {u'mean_service_time': {u'gpu': 90, u'cpu_core': 200, u'loc_accel': 10}, u'priority': 1, u'deadline': 1000, u'stdev_service_time': {u'gpu': 0.9, u'cpu_core': 2.0, u'loc_accel': 0.1}, u'power': {u'gpu': 4.457, u'cpu_core': 6.133, u'loc_accel': 0.02197}}, u'detect': {u'mean_service_time': {u'gpu': 0.4607, u'cpu_core': 3.654, u'det_accel': 0.278}, u'priority': 2, u'deadline': 1000, u'stdev_service_time': {u'gpu': 0.004607, u'cpu_core': 0.03654, u'det_accel': 0.0027800000000000004}, u'power': {u'gpu': 90, u'cpu_core': 200, u'det_accel': 10}}, u'Frontier': {u'mean_service_time': {u'cpu_core': 396}, u'priority': 9, u'deadline': 1000, u'stdev_service_time': {u'cpu_core': 3.96}, u'power': {u'cpu_core': 5.98}}, u'track': {u'mean_service_time': {u'gpu': 17, u'tra_accel': 2, u'cpu_core': 1820}, u'priority': 3, u'deadline': 1000, u'stdev_service_time': {u'gpu': 0.17, u'tra_accel': 0.02, u'cpu_core': 18.2}, u'power': {u'gpu': 12.79, u'tra_accel': 0.59, u'cpu_core': 5.6}}, u'sp': {u'mean_service_time': {u'gpu': 379, u'cpu_core': 1004}, u'priority': 11, u'deadline': 1000, u'stdev_service_time': {u'gpu': 3.79, u'cpu_core': 10.040000000000001}, u'power': {u'gpu': 3.302, u'cpu_core': 1004}}, u'mission': {u'mean_service_time': {u'cpu_core': 0.0022}, u'priority': 5, u'deadline': 1000, u'stdev_service_time': {u'cpu_core': 2.2000000000000003e-05}, u'power': {u'cpu_core': 3.534}}, u'motion': {u'mean_service_time': {u'cpu_core': 8}, u'priority': 6, u'deadline': 1000, u'stdev_service_time': {u'cpu_core': 0.08}, u'power': {u'cpu_core': 4.222}}, u'collision': {u'mean_service_time': {u'cpu_core': 8}, u'priority': 7, u'deadline': 1000, u'stdev_service_time': {u'cpu_core': 0.08}, u'power': {u'cpu_core': 0}}, u'fusion': {u'mean_service_time': {u'cpu_core': 1}, u'priority': 4, u'deadline': 1000, u'stdev_service_time': {u'cpu_core': 0.01}, u'power': {u'cpu_core': 0}}, u'map': {u'mean_service_time': {u'gpu': 761, u'cpu_core': 973}, u'priority': 10, u'deadline': 1000, u'stdev_service_time': {u'gpu': 7.61, u'cpu_core': 9.73}, u'power': {u'gpu': 3.533, u'cpu_core': 2.995}}, u'path': {u'mean_service_time': {u'cpu_core': 8}, u'priority': 8, u'deadline': 1000, u'stdev_service_time': {u'cpu_core': 0.08}, u'power': {u'cpu_core': 0}}}, u'sched_policy_module': u'policies.ms1_update2', u'drop': True, u'servers': {u'gpu': {u'count': 2}, u'tra_accel': {u'count': 1}, u'cpu_core': {u'count': 8}, u'loc_accel': {u'count': 1}, u'det_accel': {u'count': 1}}, u'max_tasks_simulated': 10000, u'max_queue_size': 1000000, u'mean_arrival_time': 50, u'arrival_time_scale': 2.2}, u'general': {u'random_seed': 0, u'pre_gen_arrivals': False, u'basename': u'policy:ms1_update2__stdev_factor:0.01', u'output_trace_file': None, u'working_dir': u'/home/hiwot/meta-stomp2/sim_16042020_201032_new_arrival_50_map_rheftmapping_50_trace_30', u'input_trace_file': (False, '../mv_mapping_50_trace_30.trc'), u'logging_level': u'INFO'}}

/home/hiwot/meta-stomp2/sim_16042020_201032_new_arrival_50_map_rheftmapping_50_trace_30/../mv_mapping_50_trace_30.trc

Running STOMP simulation...
Dropped,DAG ID,DAG Priority,DAG Type,Slack,Response Time,No-Affinity Time,Energy
0,0,1,0,1917.2,1462,293,6320.2027
0,1,3,2,1541.0,967,194,3360.1027
0,2,3,0,1751.2,1628,247,6010.2197
0,3,1,0,1749.2,1630,249,6010.2197
0,4,3,0,1749.2,1630,249,6010.2197
0,5,1,2,1278.0,1230,245,3642.1397
0,6,1,1,353.4,14,2,0.2197
0,7,3,1,353.4,14,2,0.2197
0,8,3,2,1276.0,1232,247,3642.1397
0,9,3,1,353.4,14,2,0.2197
0,10,3,1,353.4,14,2,0.2197
0,11,1,0,1883.2,1496,293,6440.3247
0,12,3,2,1539.0,969,196,3360.1027
0,13,3,2,1541.0,967,194,3360.1027
0,14,1,1,353.4,14,2,0.2197
0,15,3,2,1541.0,967,194,3360.1027
0,16,3,0,1749.2,1630,249,6010.2197
0,17,3,0,1751.2,1628,247,6010.2197
0,18,1,0,1749.2,1630,249,6010.2197
0,19,1,0,1652.2,1727,346,6602.2397
0,20,1,2,1276.0,1232,247,3642.1397
0,21,3,2,1276.0,1232,247,3642.1397
0,22,3,1,352.4,15,2,0.24167
0,23,3,2,1420.0,1088,194,3787.5957
0,24,1,1,353.4,14,2,0.2197
0,25,1,1,353.4,14,2,0.2197
0,26,1,1,353.4,14,2,0.2197
0,27,1,1,353.4,14,2,0.2197
0,28,1,1,353.4,14,2,0.2197
0,29,3,0,1640.2,1739,297,6320.2027
0,30,1,0,930.2,2449,350,6865.3597
0,31,1,0,971.2,2408,350,7475.3197
0,32,1,0,1038.2,2341,297,6902.6117
0,33,1,0,1109.2,2270,350,6644.0997
0,34,3,0,1635.2,1744,350,6620.1797
0,35,1,0,1474.2,1905,350,7086.6197
0,36,1,1,352.4,15,2,0.24167
0,37,1,1,353.4,14,2,0.2197
0,38,3,0,1614.2,1765,350,6769.6797
0,39,1,2,725.0,1783,249,3642.1397
0,40,1,1,353.4,14,2,0.2197
0,41,3,1,353.4,14,2,0.2197
0,43,1,0,1814.2,1565,297,6487.73058
0,44,1,2,969.0,1539,196,4314.0127
0,45,1,2,580.0,1928,196,5638.8877
0,46,1,2,765.0,1743,249,4483.7347
0,47,1,0,1301.2,2078,350,7572.5697
0,48,1,0,1493.2,1886,350,7072.4247
0,49,1,2,691.0,1817,249,4384.8997
0,50,1,2,1207.0,1301,196,4356.4087
0,53,2,1,48.4,319,4,0.2197
0,54,2,2,1231.0,1277,249,3651.1247
0,55,1,2,1246.0,1262,245,3737.9797
0,56,1,0,1092.2,2287,350,6695.0847
0,57,3,0,1727.2,1652,295,6945.5437
0,58,3,1,348.4,19,2,0.32955
0,59,1,0,1396.2,1983,251,6010.2197
0,60,1,2,556.0,1952,249,4313.0197
0,61,3,0,1488.2,1891,297,7896.5127
0,62,1,1,102.4,265,4,0.2197
0,63,1,1,132.4,235,4,0.2197
0,64,1,2,1013.0,1495,249,3645.1347
0,65,1,1,103.4,264,4,0.2197
0,66,1,1,192.4,175,4,0.2197
0,67,1,2,1202.0,1306,247,3860.7747
0,68,1,1,246.4,121,4,0.2197
0,70,1,2,1278.0,1230,245,3642.1397
0,72,3,0,1149.2,2230,297,8194.2777
0,73,3,2,920.0,1588,249,4289.0597
0,75,3,2,1141.0,1367,249,4016.5147
0,78,2,1,338.4,29,4,0.2197
0,81,3,2,1353.0,1155,196,3529.6867
0,82,3,2,1031.0,1477,249,3642.1397
0,87,3,2,1145.0,1363,249,4010.5247
0,91,3,2,1250.0,1258,249,3693.0547
0,93,3,1,206.4,161,4,0.2197
0,104,3,2,967.0,1541,249,3672.0897
0,111,3,0,1299.2,2080,350,7799.5297
0,112,3,0,1389.2,1990,350,7386.7997
0,113,3,2,930.0,1578,249,4223.1697
0,127,1,0,-529.8,3909,350,9246.6247
0,128,3,2,1340.0,1168,196,3695.7377
0,129,2,0,760.2,2619,297,9671.9337
0,130,1,0,-192.8,3572,297,10947.7337
0,133,3,2,1125.0,1383,249,3971.5897
0,135,3,2,944.0,1564,249,4289.0597
0,138,1,0,782.2,2597,350,6958.5947
0,139,1,0,1148.2,2231,297,8130.4737
0,140,1,2,396.0,2112,249,4345.9647
0,141,3,1,57.4,310,4,0.2197
0,142,3,0,1753.2,1626,297,6852.8747
0,143,2,2,967.0,1541,249,4064.4347
0,144,1,2,970.0,1538,249,4085.48758
0,145,1,2,1009.0,1499,249,4010.5247
0,146,1,0,1522.2,1857,348,6979.5997
0,148,1,0,19.2,3360,350,7081.4397
0,149,1,2,1266.0,1242,194,4331.6777
0,150,3,1,312.4,55,4,0.2197
0,151,1,2,1167.0,1341,247,3657.1147
0,152,1,0,383.2,2996,297,7188.2347
0,153,2,1,-220.6,588,4,0.2197
0,154,1,0,627.2,2752,350,8098.7197
0,156,1,0,684.2,2695,350,7725.1947
0,159,1,0,991.2,2388,350,9290.5547
0,160,1,1,207.4,160,4,0.2197
0,161,3,1,353.4,14,2,0.2197
0,162,3,1,353.4,14,2,0.2197
0,163,1,0,1301.2,2078,297,9039.1637
0,164,2,2,527.0,1981,249,3878.7447
0,165,3,0,1540.2,1839,297,8034.4957
0,166,1,1,353.4,14,2,0.2197
0,167,3,2,1027.0,1481,249,3642.31546
0,169,1,2,961.0,1547,249,4330.9897
0,170,1,2,1028.0,1480,196,4801.5667
0,171,1,2,1036.0,1472,249,4304.0347
0,173,1,2,1268.0,1240,194,4324.6117
0,180,3,1,326.4,41,4,0.2197
0,181,3,1,328.4,39,4,0.2197
0,183,1,2,24.0,2484,249,3642.1397
0,184,1,2,69.0,2439,249,3642.1397
0,185,1,0,959.2,2420,350,7149.4347
0,186,1,2,201.0,2307,249,4453.7847
0,187,1,2,214.0,2294,196,5112.53661
0,189,1,0,1115.2,2264,350,7964.74061
0,190,1,2,500.0,2008,249,4992.8847
0,191,3,2,1151.0,1357,196,3685.1387
0,192,2,0,1294.2,2085,348,7668.4597
0,193,2,0,1310.2,2069,346,7626.5297
0,194,1,2,841.0,1667,194,5833.2027
0,195,1,2,876.0,1632,194,5709.5477
0,196,3,0,1641.2,1738,348,6629.1947
0,197,1,2,922.0,1586,245,4708.3597
0,198,3,2,1268.0,1240,247,3666.0997
0,199,1,2,973.0,1535,247,4549.6247
0,201,1,0,1691.2,1688,247,6189.9197
0,202,2,2,1338.0,1170,194,4077.3017
0,203,1,1,353.4,14,2,0.2197
0,204,1,1,353.4,14,2,0.2197
0,205,1,0,1877.2,1502,293,6461.5227
0,206,3,0,1751.2,1628,247,6010.2197
0,207,1,0,1739.2,1640,249,6010.4394
0,208,1,2,1278.0,1230,245,3642.1397
0,209,1,1,353.4,14,2,0.2197
0,210,3,1,353.4,14,2,0.2197
0,211,1,0,1535.2,1844,297,6320.2027
0,212,3,0,1823.2,1556,297,6320.2027
0,213,3,0,1640.2,1739,346,6673.9997
0,214,1,0,1643.2,1736,348,6644.0997
0,215,3,0,1647.2,1732,348,6620.1797
0,216,3,0,1647.2,1732,348,6620.1797
0,217,1,2,1250.0,1258,249,3642.31546
0,218,3,0,1798.2,1581,295,6733.5637
0,219,3,2,1278.0,1230,245,3642.1397
0,220,3,0,1802.2,1577,293,6726.4977
0,221,3,1,102.4,265,4,0.2197
0,222,1,2,1033.0,1475,247,4369.9247
0,223,1,2,853.0,1655,249,4903.0347
0,224,3,1,219.4,148,4,0.2197
0,226,1,0,1488.2,1891,297,7800.5297
0,227,2,1,324.4,43,4,0.2197
0,228,3,1,353.4,14,2,0.2197
0,229,1,0,1915.2,1464,295,6320.2027
0,230,1,1,350.4,17,2,0.28561
0,231,1,0,1751.2,1628,247,6010.2197
0,232,3,1,353.4,14,2,0.2197
0,233,1,0,1749.2,1630,249,6010.2197
0,234,3,2,1276.0,1232,247,3642.1397
0,235,3,2,1276.0,1232,247,3642.1397
0,236,1,2,1341.0,1167,194,4066.7027
0,237,1,1,353.4,14,2,0.2197
0,238,1,1,353.4,14,2,0.2197
0,239,3,0,1906.2,1473,293,6359.0657
0,240,3,0,1652.2,1727,346,6602.2397
0,241,1,2,1276.0,1232,247,3642.1397
0,242,1,1,263.4,104,4,0.2197
0,243,1,1,351.4,16,2,0.2197
0,244,1,0,572.2,2807,297,6560.4467
0,245,1,0,591.2,2788,251,6010.2197
0,246,1,2,1276.0,1232,247,3642.1397
0,247,1,0,1070.2,2309,297,7372.6827
0,248,1,2,209.0,2299,249,3642.27152
0,249,3,1,353.4,14,2,0.2197
0,250,1,2,580.0,1928,196,3822.9257
0,251,1,1,353.4,14,2,0.2197
0,252,1,2,678.0,1830,249,3642.1397
0,253,1,1,351.4,16,4,0.2197
0,254,1,0,1582.2,1797,348,7008.8797
0,255,3,0,1534.2,1845,346,7307.8797
0,256,1,2,961.0,1547,249,3702.0397
0,257,3,2,1224.0,1284,196,3935.9817
0,258,1,0,1649.2,1730,346,6620.1797
0,259,1,0,1390.2,1989,251,7079.4347
0,260,3,1,101.4,266,4,0.61516
0,261,3,2,1126.0,1382,249,4025.63152
0,262,1,2,965.0,1543,194,5342.44525
0,263,1,0,1331.2,2048,293,8390.5407
0,265,1,2,1010.0,1498,245,4444.7997
0,267,3,2,1231.0,1277,247,3776.9147
0,268,1,0,1448.2,1931,346,7213.2197
0,271,1,2,1200.0,1308,194,4564.8557
0,272,3,0,1650.2,1729,348,6602.2397
0,273,3,1,351.4,16,4,0.2197
0,274,1,2,1272.0,1236,245,3642.27152
0,275,1,1,353.4,14,2,0.2197
0,276,1,1,353.4,14,2,0.2197
0,277,3,2,1541.0,967,194,3360.1027
0,278,1,0,1740.2,1639,251,6010.24167
0,279,1,0,1846.2,1533,295,6563.9797
0,280,1,0,1751.2,1628,247,6010.2197
0,281,1,2,1278.0,1230,245,3642.1397
0,282,1,1,353.4,14,2,0.2197
0,283,1,2,1276.0,1232,247,3642.1397
0,284,1,2,1276.0,1232,247,3642.1397
0,285,3,1,353.4,14,2,0.2197
0,286,1,0,1917.2,1462,293,6320.2027
0,287,1,1,353.4,14,2,0.2197
0,288,1,1,353.4,14,2,0.2197
0,289,1,0,1917.2,1462,293,6320.2027
0,290,3,2,1276.0,1232,247,3642.1397
0,291,3,2,1276.0,1232,247,3642.1397
0,292,1,1,141.4,226,4,0.2197
0,293,1,1,353.4,14,2,0.2197
0,294,1,2,1494.0,1014,194,3526.1537
0,295,1,2,1278.0,1230,245,3642.1397
0,296,1,1,353.4,14,2,0.2197
0,297,1,1,353.4,14,2,0.2197
0,298,1,2,1541.0,967,194,3360.1027
0,299,3,2,1276.0,1232,247,3642.1397
0,300,3,2,1276.0,1232,247,3642.1397
0,301,1,1,353.4,14,2,0.2197
0,302,3,2,1276.0,1232,247,3642.1397
0,303,1,1,353.4,14,2,0.2197
0,304,1,0,1652.2,1727,346,6602.2397
0,305,1,1,353.4,14,2,0.2197
0,306,1,1,353.4,14,2,0.2197
0,307,1,2,1541.0,967,194,3360.1027
0,308,1,0,1751.2,1628,247,6010.2197
0,309,1,0,243.2,3136,350,6602.2397
0,310,1,2,1446.0,1062,194,3695.7377
0,311,1,1,353.4,14,2,0.2197
0,312,3,1,353.4,14,2,0.2197
0,313,1,1,353.4,14,2,0.2197
0,314,1,1,353.4,14,2,0.2197
0,315,1,1,353.4,14,2,0.2197
0,316,1,1,353.4,14,2,0.2197
0,317,1,0,881.2,2498,293,12515.4827
0,318,3,1,353.4,14,2,0.2197
0,319,1,0,1593.2,1786,297,8036.4627
0,320,2,2,753.0,1755,249,3642.1397
0,321,1,0,1621.2,1758,350,6662.08364
0,322,1,2,769.0,1739,249,3642.16167
0,323,1,1,345.4,22,2,0.39546
0,324,3,0,1634.2,1745,348,6697.9197
0,325,1,2,826.0,1682,249,3642.1397
0,326,3,0,1544.2,1835,346,7188.4994
0,327,1,2,932.0,1576,249,3642.1397
0,328,3,2,1148.0,1360,196,4497.7287
0,329,3,2,1028.0,1480,249,3890.7247
0,330,1,0,1340.2,2039,293,8358.7437
0,332,1,0,1002.2,2377,346,8548.9897
0,333,1,2,935.0,1573,194,5501.1007
0,334,1,2,984.0,1524,247,4516.6797
0,335,1,0,1491.2,1888,348,7078.4447
0,336,3,1,346.4,21,4,0.2197
0,337,1,0,1878.2,1501,293,6457.9897
0,338,1,2,1278.0,1230,245,3642.1397
0,339,1,1,347.4,20,2,0.35152
0,340,3,0,1652.2,1727,346,6602.2397
0,341,1,2,1278.0,1230,245,3642.1397
0,342,3,2,1276.0,1232,247,3642.1397
0,343,3,1,353.4,14,2,0.2197
0,344,1,2,1541.0,967,194,3360.1027
0,345,1,1,353.4,14,2,0.2197
0,346,1,0,1915.2,1464,295,6320.2027
0,347,1,2,1278.0,1230,245,3642.1397
0,348,3,2,1276.0,1232,247,3642.1397
0,349,1,1,353.4,14,2,0.2197
0,350,3,2,1276.0,1232,247,3642.1397
0,351,1,2,1274.0,1234,249,3642.1397
0,352,1,0,1652.2,1727,346,6602.2397
0,353,1,1,353.4,14,2,0.2197
0,354,1,1,353.4,14,2,0.2197
0,355,1,0,1915.2,1464,295,6320.2027
0,356,1,1,353.4,14,2,0.2197
0,357,3,1,353.4,14,2,0.2197
0,358,1,1,353.4,14,2,0.2197
0,359,1,1,353.4,14,2,0.2197
0,360,1,1,353.4,14,2,0.2197
0,361,1,2,1541.0,967,194,3360.1027
0,362,1,2,1278.0,1230,245,3642.1397
0,363,1,0,1270.2,2109,297,7023.2697
0,364,1,2,1278.0,1230,245,3642.1397
0,365,1,1,353.4,14,2,0.2197
0,366,1,2,1278.0,1230,245,3642.1397
0,367,1,1,353.4,14,2,0.2197
0,368,3,1,353.4,14,2,0.2197
0,369,1,0,1765.2,1614,297,6762.00346
0,370,1,0,1645.2,1734,346,6644.0997
0,371,1,2,1273.0,1235,247,3642.1397
0,372,3,1,353.4,14,2,0.2197
0,373,1,0,1579.2,1800,297,6752.8647
0,374,1,2,1161.0,1347,249,3642.1397
0,375,3,2,1266.0,1242,249,3642.1397
0,376,1,0,1652.2,1727,346,6602.2397
0,377,1,1,353.4,14,2,0.2197
0,378,3,1,353.4,14,2,0.2197
0,379,3,0,1777.2,1602,295,6807.7567
0,380,3,2,1264.0,1244,249,3642.1397
0,381,1,0,1635.2,1744,346,6653.1547
0,382,1,0,1908.2,1471,293,6351.9997
0,383,1,2,1278.0,1230,245,3642.1397
0,384,3,0,1543.2,1836,346,6928.6947
0,385,1,2,1010.0,1498,245,4444.7997
0,386,1,1,353.4,14,2,0.2197
0,387,3,2,1479.0,1029,194,3579.1487
0,388,1,2,1249.0,1259,247,3723.0047
0,389,1,1,108.4,259,4,0.4394
0,390,1,2,1411.0,1097,194,3819.3927
0,391,1,1,353.4,14,2,0.2197
0,394,3,1,353.4,14,2,0.2197
0,397,3,1,353.4,14,2,0.2197
0,398,3,0,1214.2,2165,350,8420.1597
0,399,1,1,353.4,14,2,0.2197
0,400,1,1,353.4,14,2,0.2197
0,402,1,1,353.4,14,2,0.2197
0,404,3,2,1171.0,1337,249,3642.1397
0,414,3,0,1728.2,1651,297,6872.09046
0,417,3,0,1367.2,2012,350,7366.00061
0,420,3,2,956.0,1552,249,3672.0897
0,427,3,1,-29.6,397,4,0.2197
0,428,3,2,1313.0,1195,196,3967.7787
0,430,3,2,924.0,1584,249,4040.4747
0,433,3,0,1011.2,2368,350,8224.09167
0,436,3,0,963.2,2416,297,10188.7357
0,437,3,2,874.0,1634,249,3929.6597
0,438,3,0,1105.2,2274,297,9231.77761
0,441,3,1,346.4,21,4,0.2197
0,448,3,0,1342.2,2037,350,6961.3797
0,453,3,1,235.4,132,4,0.2197
0,457,3,1,313.4,54,4,0.2197
0,461,3,0,1141.2,2238,350,7864.1697
0,463,2,0,613.2,2766,350,9285.7297
0,465,3,0,1364.2,2015,350,7191.4047
0,466,3,0,1098.2,2281,297,8673.1017
0,479,3,2,1043.0,1465,249,3699.0447
0,480,3,0,1363.2,2016,350,6811.8397
0,485,3,0,1176.2,2203,350,8334.8547
0,488,3,1,285.4,82,4,0.2197
0,493,3,2,720.0,1788,249,5271.4197
0,498,3,0,1092.2,2287,297,8331.0577
0,507,1,0,192.2,3187,297,10816.0247
0,508,1,2,-9.0,2517,249,4678.4097
0,509,3,2,1107.0,1401,249,3711.0247
0,511,1,0,1186.2,2193,350,7763.3697
0,513,1,2,525.0,1983,196,4176.2257
0,514,2,2,675.0,1833,249,4028.4947
0,515,3,0,1583.2,1796,293,7505.1187
0,516,1,0,1510.2,1869,346,7036.4847
0,517,1,2,1032.0,1476,249,3863.7697
0,518,1,0,1290.2,2089,295,8528.3277
0,519,1,0,1359.2,2020,247,7184.2597
0,520,3,0,1504.2,1875,346,7045.4997
0,521,3,1,217.4,150,4,0.2197
0,523,1,0,1587.2,1792,346,6773.13046
0,525,2,0,1725.2,1654,247,6088.0897
0,526,2,1,173.4,194,4,0.2197
0,527,2,1,242.4,125,4,0.2197
0,528,2,1,326.4,41,4,0.2197
0,529,3,0,1787.2,1592,297,6744.1627
0,530,3,0,1424.2,1955,350,7905.8797
0,532,3,1,353.4,14,2,0.2197
0,535,1,1,353.4,14,2,0.2197
0,537,3,2,919.0,1589,249,3642.1397
0,539,1,1,353.4,14,2,0.2197
0,541,3,2,1146.0,1362,249,3642.1397
0,544,3,0,1280.2,2099,297,8653.1157
0,546,3,0,1349.2,2030,350,7960.37561
0,547,3,2,889.0,1619,196,5264.3897
0,549,3,1,268.4,99,4,0.28561
0,553,3,2,1094.0,1414,249,3737.9797
0,554,3,1,329.4,38,4,0.2197
0,556,3,2,1086.0,1422,196,4914.64467
0,563,3,0,868.2,2511,350,10534.36243
0,564,3,2,658.0,1850,249,5172.5847
0,568,3,1,159.4,208,4,0.2197
0,581,1,0,103.2,3276,350,7290.8697
0,582,1,0,103.2,3276,350,7757.5894
0,583,1,0,105.2,3274,350,11160.40819
0,585,3,1,290.4,77,4,0.2197
0,586,1,0,272.2,3107,297,11629.7427
0,587,3,2,1302.0,1206,196,3755.7987
0,589,3,2,1023.0,1485,196,4458.8657
0,591,3,0,1293.2,2086,350,7216.1847
0,592,3,1,82.4,285,4,0.39546
0,593,1,0,722.2,2657,350,8863.3947
0,594,1,0,729.2,2650,350,8926.35167
0,595,1,0,886.2,2493,293,10430.1027
0,596,3,0,1324.2,2055,350,7521.4547
0,597,1,0,937.2,2442,348,9095.8747
0,598,1,2,592.0,1916,249,5576.9097
0,599,3,2,933.0,1575,196,5476.3697
0,600,2,2,942.0,1566,249,4606.5297
0,601,1,2,459.0,2049,196,7062.6867
0,602,3,0,1353.2,2026,297,8270.4187
0,603,3,1,98.4,269,4,0.2197
0,605,3,0,1619.2,1760,247,6405.5597
0,606,2,0,1749.2,1630,247,6016.2097
0,607,1,1,128.4,239,4,0.2197
0,608,2,0,1745.2,1634,249,6022.1997
0,609,3,1,343.4,24,4,0.2197
0,610,1,0,1642.2,1737,346,6632.1897
0,611,3,2,1373.0,1135,194,3918.5364
0,612,1,0,1637.2,1742,348,6602.52531
0,613,1,1,353.4,14,2,0.2197
0,614,1,1,353.4,14,2,0.2197
0,615,1,2,1276.0,1232,247,3642.1397
0,616,1,0,1783.2,1596,295,6786.5587
0,617,1,2,1276.0,1232,247,3642.1397
0,618,1,1,353.4,14,2,0.2197
0,619,3,2,1541.0,967,194,3360.1027
0,620,1,2,1262.0,1246,245,3690.0597
0,621,3,2,1462.0,1046,194,3639.2097
0,622,3,1,353.4,14,2,0.2197
0,623,1,1,353.4,14,2,0.2197
0,624,1,1,353.4,14,2,0.2197
0,625,1,2,1278.0,1230,245,3642.1397
0,626,3,1,353.4,14,2,0.2197
0,627,1,1,353.4,14,2,0.2197
0,628,3,1,353.4,14,2,0.2197
0,629,3,1,353.4,14,2,0.2197
0,630,1,0,1685.2,1694,297,6320.2027
0,631,1,0,1639.2,1740,346,6650.1297
0,632,3,0,1750.2,1629,297,6864.35061
0,633,1,1,353.4,14,2,0.2197
0,634,1,2,1101.0,1407,249,3642.3594
0,635,1,0,1636.2,1743,346,6620.46531
0,636,1,0,1749.2,1630,249,6010.2197
0,637,1,0,-6.8,3386,350,6602.2397
0,638,1,2,1239.0,1269,245,3758.9447
0,639,3,0,1596.2,1783,297,6518.0507
0,640,3,1,353.4,14,2,0.2197
0,641,1,1,352.4,15,2,0.24167
0,642,1,0,377.2,3002,297,7002.0717
0,643,3,1,61.4,306,4,0.2197
0,644,1,1,-98.6,466,4,0.2197
0,646,3,0,1514.2,1865,350,6994.5547
0,647,1,1,194.4,173,4,0.2197
0,648,3,1,272.4,95,4,0.2197
0,649,3,1,353.4,14,2,0.2197
0,650,1,0,1206.2,2173,297,8630.0487
0,651,2,2,465.0,2043,196,4003.1087
0,652,1,0,1436.2,1943,350,7194.2597
0,653,1,0,1532.2,1847,350,6853.3997
0,654,1,2,715.0,1793,249,3642.1397
0,656,3,2,970.0,1538,249,3935.6497
0,659,3,0,1572.2,1807,350,6865.5797
0,662,3,0,1738.2,1641,297,6931.4397
0,665,3,1,327.4,40,4,0.24167
0,669,2,1,38.4,329,4,0.2197
0,670,3,1,210.4,157,4,0.2197
0,673,3,0,1590.2,1789,350,6749.05258
0,675,3,2,1061.0,1447,249,4196.2147
0,677,2,2,1147.0,1361,249,3684.0697
0,680,1,0,9.2,3370,297,7344.8007
0,681,1,0,105.2,3274,350,7266.4497
0,682,1,0,137.2,3242,350,8755.5747
0,683,3,0,1536.2,1843,350,6793.5997
0,686,3,1,-89.6,457,4,0.2197
0,688,3,2,1012.0,1496,196,5151.3337
0,689,1,0,494.2,2885,350,9026.53152
0,695,2,2,2.0,2506,249,4423.8347
0,696,1,0,549.2,2830,348,10690.7597
0,697,1,0,871.2,2508,295,10104.0877
0,698,1,2,357.0,2151,249,5888.3897
0,699,3,0,1293.2,2086,350,8328.0847
0,700,1,2,518.0,1990,249,5454.1147
0,701,1,2,517.0,1991,249,5693.9344
0,703,1,2,526.0,1982,245,5870.59546
0,704,3,2,940.0,1568,196,5094.8057
0,705,1,0,857.2,2522,346,8983.2647
0,706,3,1,265.4,102,4,0.2197
0,707,1,2,659.0,1849,247,5490.0547
0,708,1,0,1244.2,2135,295,8690.8457
0,709,3,1,80.4,287,4,0.2197
0,710,1,0,1601.2,1778,293,7436.6307
0,711,2,1,231.4,136,4,0.2197
0,712,1,0,1749.2,1630,247,6016.2097
0,713,3,2,1278.0,1230,245,3642.1397
0,714,1,2,1423.0,1085,194,3776.9967
0,715,1,1,353.4,14,2,0.2197
0,716,1,1,353.4,14,2,0.2197
0,717,1,2,1541.0,967,194,3360.1027
0,718,3,2,1276.0,1232,247,3642.1397
0,719,1,0,1739.2,1640,251,6010.2197
0,720,1,1,353.4,14,2,0.2197
0,721,3,0,1649.2,1730,346,6620.1797
0,722,3,0,1647.2,1732,348,6620.1797
0,723,3,2,1355.0,1153,196,3646.2757
0,724,1,2,1499.0,1009,194,3508.4887
0,725,1,0,1745.2,1634,247,6010.35152
0,726,1,1,353.4,14,2,0.2197
0,727,1,0,1652.2,1727,346,6602.2397
0,728,1,2,1276.0,1232,247,3642.1397
0,729,3,2,1276.0,1232,247,3642.1397
0,730,1,0,1652.2,1727,346,6602.2397
0,731,1,1,174.4,193,4,0.2197
0,732,1,0,1915.2,1464,295,6320.2027
0,733,1,1,353.4,14,2,0.2197
0,734,1,0,1915.2,1464,295,6320.2027
0,735,3,1,353.4,14,2,0.2197
0,736,1,1,353.4,14,2,0.2197
0,737,1,1,353.4,14,2,0.2197
0,738,1,1,353.4,14,2,0.2197
0,739,1,1,353.4,14,2,0.2197
0,740,3,0,1751.2,1628,247,6010.2197
0,741,1,0,1807.2,1572,293,6708.8327
0,742,1,1,353.4,14,2,0.2197
0,743,1,2,1541.0,967,194,3360.1027
0,744,1,0,1475.2,1904,249,6010.2197
0,745,3,1,353.4,14,2,0.2197
0,746,3,0,1585.2,1794,297,7710.9837
0,747,3,2,1172.0,1336,249,3642.1397
0,748,1,1,352.4,15,2,0.24167
0,749,1,2,1266.0,1242,249,3642.1397
0,750,1,1,353.4,14,2,0.2197
0,751,3,2,1299.0,1209,196,3360.1027
0,752,3,2,1265.0,1243,249,3642.22758
0,753,3,2,1262.0,1246,249,3642.33743
0,754,3,2,1276.0,1232,247,3642.1397
0,756,1,0,32.2,3347,350,8315.7747
0,757,3,0,1673.2,1706,297,6620.5077
0,758,1,0,278.2,3101,297,8369.8137
0,760,1,0,481.2,2898,350,8259.0597
0,761,1,0,585.2,2794,350,8167.0247
0,762,3,1,353.4,14,2,0.2197
0,763,1,0,1077.2,2302,297,7901.0807
0,764,2,2,220.0,2288,249,3642.31546
0,765,3,0,1241.2,2138,350,7451.3997
0,766,1,2,306.0,2202,249,3977.5797
0,767,1,2,306.0,2202,196,6444.43367
0,768,3,2,1239.0,1269,196,4190.3577
0,769,1,0,947.2,2432,293,9747.2127
0,771,3,2,1017.0,1491,249,3932.6547
0,773,3,2,1058.0,1450,249,4253.1197
0,775,3,2,1116.0,1392,249,4097.3797
0,776,1,2,845.0,1663,245,4938.9747
0,777,1,0,1127.2,2252,348,8168.6247
0,778,1,0,1089.2,2290,249,7986.9197
0,779,1,2,686.0,1822,194,6380.8177
0,780,1,0,1021.2,2358,346,8492.0847
0,781,1,0,1106.2,2273,348,8231.5197
0,783,3,1,237.4,130,4,0.2197
0,784,3,1,262.4,105,4,0.2197
0,785,1,2,1141.0,1367,245,4052.4547
0,786,1,0,1637.2,1742,247,6351.6497
0,787,3,1,210.4,157,4,0.2197
0,788,1,1,151.4,216,4,0.2197
0,789,1,0,1758.2,1621,293,6881.9497
0,790,3,1,351.4,16,4,0.2197
0,791,1,1,353.4,14,2,0.2197
0,792,1,1,353.4,14,2,0.2197
0,793,3,2,1541.0,967,194,3360.1027
0,794,1,0,1917.2,1462,293,6320.2027
0,795,1,1,353.4,14,2,0.2197
0,796,1,0,1718.2,1661,251,6010.24167
0,797,3,2,1278.0,1230,245,3642.1397
0,798,1,1,353.4,14,2,0.2197
0,799,3,0,1642.2,1737,350,6602.2397
0,800,1,1,353.4,14,2,0.2197
0,801,1,1,353.4,14,2,0.2197
0,802,1,0,1084.2,2295,297,7608.5547
0,803,1,2,1248.0,1260,249,3642.3594
0,804,1,1,353.4,14,2,0.2197
0,805,3,1,353.4,14,2,0.2197
0,806,1,0,1765.2,1614,297,6714.8827
0,807,2,2,906.0,1602,249,3642.16167
0,808,3,2,1005.0,1503,249,3642.1397
0,809,3,2,1263.0,1245,249,3642.1397
0,810,3,2,1487.0,1021,196,3526.1537
0,811,1,0,-911.8,4291,350,6620.1797
0,812,1,2,1245.0,1263,249,3642.16167
0,813,1,1,282.4,85,4,0.2197
0,814,1,2,-1526.0,4034,249,3642.1397
0,815,3,1,221.4,146,4,0.2197
0,816,1,2,-1327.0,3835,196,3900.6517
0,817,3,1,353.4,14,2,0.2197
0,818,1,2,-1264.0,3772,249,3642.1397
0,820,1,2,-1109.0,3617,196,4398.8047
0,822,1,2,-958.0,3466,249,3818.8447
0,824,3,1,299.4,68,4,0.2197
0,828,3,0,1446.2,1933,297,6917.2937
0,829,3,0,1424.2,1955,297,8060.1307
0,830,3,2,1008.0,1500,249,4175.4694
0,831,3,0,1437.2,1942,350,7207.26758
0,832,3,2,768.0,1740,249,5139.6397
0,833,3,1,229.4,138,4,0.2197
0,834,1,0,661.2,2718,350,8354.3047
0,835,1,0,937.2,2442,297,8540.5767
0,836,1,2,291.0,2217,249,4438.8097
0,837,3,1,148.4,219,4,0.2197
0,839,1,2,510.0,1998,249,4417.8447
0,840,3,0,1610.2,1769,293,7659.3217
0,841,2,2,872.0,1636,249,3648.1297
0,843,1,2,1092.0,1416,249,3902.7047
0,844,1,0,1204.2,2175,348,7938.0097
0,845,3,1,75.4,292,4,0.2197
0,846,1,2,749.0,1759,245,5226.4947
0,847,3,2,1224.0,1284,194,4480.0637
0,848,3,1,225.4,142,4,0.2197
0,849,3,0,1599.2,1780,346,6760.9747
0,850,1,2,1034.0,1474,194,5151.3337
0,851,1,0,1587.2,1792,247,6501.3997
0,852,3,1,96.4,271,4,0.24167
0,853,1,0,1559.2,1820,247,6585.2597
0,854,3,1,275.4,92,4,0.2197
0,855,3,0,1638.2,1741,346,6644.1697
0,856,1,2,1188.0,1320,194,4607.2517
0,857,1,0,1830.2,1549,297,6574.5787
0,858,3,2,1126.0,1382,249,3642.1397
0,860,3,2,1267.0,1241,249,3642.24955
0,861,1,2,1491.0,1017,194,3536.7527
0,862,1,2,-3220.0,5728,249,3642.1397
0,866,1,1,347.4,20,2,0.35152
0,868,3,2,980.0,1528,249,3863.7697
0,869,1,1,335.4,32,4,0.2197
0,872,3,1,353.4,14,2,0.2197
0,875,3,0,1643.2,1736,297,6759.3947
0,876,3,1,29.4,338,4,0.2197
0,877,3,0,1324.2,2055,350,7888.26546
0,878,3,2,1024.0,1484,196,4907.5567
0,880,3,0,1352.2,2027,350,6835.8197
0,882,3,0,1536.2,1843,297,7769.6137
0,890,1,0,185.2,3194,350,7288.0647
0,891,1,0,244.2,3135,297,10370.5547
0,893,3,1,70.4,297,4,0.2197
0,895,1,0,525.2,2854,297,9005.0217
0,896,1,0,658.2,2721,350,8985.2297
0,898,3,0,1410.2,1969,350,7036.3447
0,899,3,2,1185.0,1323,249,3737.9797
0,900,1,0,810.2,2569,350,9406.20652
0,901,3,0,1064.2,2315,350,8387.8747
0,902,1,0,853.2,2526,348,9254.9197
0,903,1,0,1067.2,2312,350,8918.4097
0,905,2,2,607.0,1901,196,5970.9897
0,906,3,1,191.4,176,4,0.2197
0,907,3,0,1702.2,1677,297,7272.0387
0,908,2,2,780.0,1728,249,5052.7847
0,909,1,2,610.0,1898,194,6631.77055
0,910,1,0,103.2,3276,251,8250.4797
0,911,3,1,49.4,318,4,0.2197
0,912,1,0,135.2,3244,251,8364.2897
0,915,3,1,292.4,75,4,0.2197
0,916,2,0,883.2,2496,297,8905.5897
0,917,1,0,940.2,2439,350,8850.2047
0,919,1,0,1217.2,2162,346,8672.2097
0,920,3,1,258.4,109,4,0.2197
0,921,3,1,292.4,75,4,0.2197
0,922,3,2,1398.0,1110,196,3360.1027
0,923,1,1,353.4,14,2,0.2197
0,924,1,2,1125.0,1383,249,3642.1397
0,925,1,2,1186.0,1322,249,3642.1397
0,926,1,2,1216.0,1292,249,3642.1397
0,927,1,1,343.4,24,2,0.4394
0,928,3,1,348.4,19,2,0.32955
0,929,3,2,1267.0,1241,249,3642.1397
0,931,1,2,1018.0,1490,245,4420.8397
0,932,3,2,1425.0,1083,194,3769.9307
0,934,3,1,273.4,94,4,0.2197
0,935,1,0,1411.2,1968,251,6369.6197
0,936,1,0,1607.2,1772,297,6828.9547
0,937,1,2,759.0,1749,249,5169.5897
0,938,3,1,156.4,211,4,0.2197
0,940,3,2,1049.0,1459,249,4292.0547
0,941,3,2,1100.0,1408,196,4766.2367
0,943,1,1,185.4,182,4,0.24167
0,944,1,1,257.4,110,4,0.2197
0,945,1,2,1278.0,1230,245,3642.1397
0,946,1,0,-566.8,3946,251,6010.2197
0,947,1,2,-1011.0,3519,196,3925.3827
0,948,1,1,353.4,14,2,0.2197
0,949,1,0,-226.8,3606,350,6620.1797
0,950,1,1,0.4,367,4,0.2197
0,951,1,0,105.2,3274,297,7745.2557
0,952,1,0,133.2,3246,350,6925.1597
0,954,1,0,200.2,3179,350,6907.6797
0,956,1,0,432.2,2947,297,7122.2077
0,958,3,2,1049.0,1459,249,4223.1697
0,960,3,1,82.4,285,4,0.2197
0,961,1,0,793.2,2586,350,9868.3297
0,962,3,0,1670.2,1709,297,7327.4667
0,964,2,2,289.0,2219,249,4498.7097
0,965,3,1,273.4,94,4,0.2197
0,966,3,1,283.4,84,4,0.28561
0,967,1,0,1390.2,1989,348,7389.8947
0,968,1,2,761.0,1747,249,4241.1397
0,970,1,0,1512.2,1867,346,7036.4647
0,971,1,2,909.0,1599,249,4468.7597
0,972,1,0,1545.2,1834,346,6931.6597
0,973,2,0,1488.2,1891,348,7093.3997
0,974,3,1,273.4,94,4,0.2197
0,975,3,2,1367.0,1141,196,3738.1337
0,976,1,2,1322.0,1186,194,4133.8297
0,977,2,2,1277.0,1231,245,3645.1347
0,979,1,2,1221.0,1287,245,3812.8547
0,980,3,0,1884.2,1495,293,6436.7917
0,981,1,0,1550.2,1829,346,6889.89152
0,982,2,1,202.4,165,4,0.2197
0,983,3,0,1915.2,1464,295,6320.2027
0,984,1,1,353.4,14,2,0.2197
0,985,1,2,1276.0,1232,247,3642.1397
0,986,3,2,1276.0,1232,247,3642.1397
0,987,3,1,343.4,24,2,0.4394
0,988,1,0,1632.2,1747,346,6602.6791
0,989,1,1,353.4,14,2,0.2197
0,990,1,0,1718.2,1661,249,6103.0647
0,991,3,2,1527.0,981,194,3409.5647
0,992,3,2,1541.0,967,194,3360.1027
0,993,1,1,353.4,14,2,0.2197
0,994,3,0,1652.2,1727,346,6602.2397
0,995,3,1,353.4,14,2,0.2197
0,996,1,2,1276.0,1232,247,3642.1397
0,997,3,0,1915.2,1464,295,6320.2027
0,998,3,2,1278.0,1230,245,3642.1397
0,999,1,2,1419.0,1089,194,3791.1287
1,42,1,1,-916.6,1284,2,3791.1287
1,51,1,1,-139.6,507,2,3791.1287
1,52,1,1,-46.6,414,2,3791.1287
1,69,1,0,-3551.8,6931,348,3791.1287
1,71,1,0,-3282.8,6662,295,3791.1287
1,74,1,1,-197.6,565,2,3791.1287
1,76,1,0,-2809.8,6189,348,3791.1287
1,77,1,0,-2799.8,6179,348,3791.1287
1,79,1,2,-3147.0,5655,194,3791.1287
1,80,1,0,-2258.8,5638,348,3791.1287
1,83,1,2,-2912.0,5420,247,3791.1287
1,84,1,1,-4960.6,5328,2,3791.1287
1,85,1,2,-2782.0,5290,247,3791.1287
1,86,1,0,-1878.8,5258,295,3791.1287
1,88,1,1,-4630.6,4998,2,3791.1287
1,89,1,1,-4626.6,4994,2,3791.1287
1,90,1,0,-2513.8,5893,295,3791.1287
1,92,1,2,-3308.0,5816,247,3791.1287
1,94,1,0,-2326.8,5706,348,3791.1287
1,95,1,0,-2240.8,5620,348,3791.1287
1,96,1,1,-4309.6,4677,2,3791.1287
1,97,1,2,-3011.0,5519,194,3791.1287
1,98,1,0,-2027.8,5407,348,3791.1287
1,99,1,1,-4010.6,4378,2,3791.1287
1,100,1,1,-4000.6,4368,2,3791.1287
1,101,1,0,-1917.8,5297,295,3791.1287
1,102,1,1,-3992.6,4360,2,3791.1287
1,103,1,1,-3947.6,4315,2,3791.1287
1,105,1,2,-2668.0,5176,247,3791.1287
1,106,1,0,-1671.8,5051,348,3791.1287
1,107,1,1,-3586.6,3954,2,3791.1287
1,108,1,2,-2315.0,4823,194,3791.1287
1,109,1,0,-1679.8,5059,348,3791.1287
1,110,1,0,-1363.8,4743,348,3791.1287
1,114,1,0,-996.8,4376,295,3791.1287
1,115,1,1,-2910.6,3278,2,3791.1287
1,116,1,1,-2872.6,3240,2,3791.1287
1,117,1,2,-1362.0,3870,243,3791.1287
1,118,1,1,-3496.6,3864,2,3791.1287
1,119,1,2,-1586.0,4094,247,3791.1287
1,120,1,1,-3411.6,3779,2,3791.1287
1,121,1,1,-3410.6,3778,2,3791.1287
1,122,1,0,-445.8,3825,348,3791.1287
1,123,1,0,-369.8,3749,295,3791.1287
1,124,1,1,-2919.6,3287,2,3791.1287
1,125,1,2,-984.0,3492,247,3791.1287
1,126,1,0,-35.8,3415,348,3791.1287
1,131,1,2,-484.0,2992,247,3791.1287
1,132,1,1,-2295.6,2663,2,3791.1287
1,134,1,1,-1820.6,2188,2,3791.1287
1,136,1,1,-1762.6,2130,2,3791.1287
1,137,1,1,-1743.6,2111,2,3791.1287
1,147,1,1,-327.6,695,2,3791.1287
1,155,1,1,-151.6,519,2,3791.1287
1,157,1,1,-110.6,478,2,3791.1287
1,158,1,2,-105.0,2613,247,3791.1287
1,168,1,0,-742.8,4122,348,3791.1287
1,172,1,0,-448.8,3828,348,3791.1287
1,174,1,0,-320.8,3700,348,3791.1287
1,175,1,1,-556.6,924,2,3791.1287
1,176,1,2,-912.0,3420,194,3791.1287
1,177,1,0,-0.8,3380,348,3791.1287
1,178,1,2,-341.0,2849,247,3791.1287
1,179,1,2,-295.0,2803,247,3791.1287
1,182,1,2,-96.0,2604,194,3791.1287
1,188,1,1,-1799.6,2167,2,3791.1287
1,200,1,1,-222.6,590,2,3791.1287
1,225,1,1,-102.6,470,2,3791.1287
1,264,1,1,-564.6,932,2,3791.1287
1,266,1,1,-354.6,722,2,3791.1287
1,269,1,1,-167.6,535,2,3791.1287
1,270,1,1,-152.6,520,2,3791.1287
1,331,1,1,-865.6,1233,2,3791.1287
1,392,1,0,-10107.8,13487,348,3791.1287
1,393,1,0,-10019.8,13399,295,3791.1287
1,395,1,2,-10643.0,13151,247,3791.1287
1,396,1,0,-9776.8,13156,348,3791.1287
1,401,1,2,-10300.0,12808,194,3791.1287
1,403,1,0,-9326.8,12706,348,3791.1287
1,405,1,0,-9199.8,12579,348,3791.1287
1,406,1,0,-9159.8,12539,348,3791.1287
1,407,1,0,-9116.8,12496,295,3791.1287
1,408,1,2,-9938.0,12446,247,3791.1287
1,409,1,2,-9870.0,12378,194,3791.1287
1,410,1,1,-11865.6,12233,2,3791.1287
1,411,1,0,-8929.8,12309,348,3791.1287
1,412,1,0,-8590.8,11970,295,3791.1287
1,413,1,2,-9437.0,11945,247,3791.1287
1,415,1,2,-9325.0,11833,247,3791.1287
1,416,1,0,-8435.8,11815,348,3791.1287
1,418,1,0,-8315.8,11695,348,3791.1287
1,419,1,1,-11112.6,11480,2,3791.1287
1,421,1,1,-10885.6,11253,2,3791.1287
1,422,1,0,-7755.8,11135,348,3791.1287
1,423,1,0,-7733.8,11113,295,3791.1287
1,424,1,0,-7761.8,11141,348,3791.1287
1,425,1,2,-8398.0,10906,247,3791.1287
1,426,1,1,-10422.6,10790,2,3791.1287
1,429,1,1,-10161.6,10529,2,3791.1287
1,431,1,2,-8050.0,10558,247,3791.1287
1,432,1,2,-7759.0,10267,247,3791.1287
1,434,1,0,-6760.8,10140,348,3791.1287
1,435,1,2,-53.0,2561,243,3791.1287
1,439,1,2,-8212.0,10720,190,3791.1287
1,440,1,1,-9225.6,9593,2,3791.1287
1,442,1,1,-9045.6,9413,2,3791.1287
1,443,1,0,-5915.8,9295,295,3791.1287
1,444,1,1,-8683.6,9051,2,3791.1287
1,445,1,0,-5864.8,9244,295,3791.1287
1,446,1,2,-6680.0,9188,247,3791.1287
1,447,1,1,-8563.6,8931,2,3791.1287
1,449,1,0,-5406.8,8786,348,3791.1287
1,450,1,2,-6240.0,8748,194,3791.1287
1,451,1,2,-6197.0,8705,247,3791.1287
1,452,1,1,-7875.6,8243,2,3791.1287
1,454,1,0,-4689.8,8069,348,3791.1287
1,455,1,1,-7657.6,8025,2,3791.1287
1,456,1,2,-5507.0,8015,194,3791.1287
1,458,1,2,-5466.0,7974,247,3791.1287
1,459,1,2,-5269.0,7777,247,3791.1287
1,460,1,1,-7361.6,7729,2,3791.1287
1,462,1,2,-5159.0,7667,247,3791.1287
1,464,1,0,-4027.8,7407,348,3791.1287
1,467,1,0,-3537.8,6917,295,3791.1287
1,468,1,2,-4401.0,6909,247,3791.1287
1,469,1,1,-6447.6,6815,2,3791.1287
1,470,1,0,-3326.8,6706,295,3791.1287
1,471,1,1,-6135.6,6503,2,3791.1287
1,472,1,0,-3152.8,6532,348,3791.1287
1,473,1,1,-6044.6,6412,2,3791.1287
1,474,1,2,-3766.0,6274,194,3791.1287
1,475,1,0,-2821.8,6201,348,3791.1287
1,476,1,2,-3583.0,6091,194,3791.1287
1,477,1,0,-2542.8,5922,348,3791.1287
1,478,1,0,-2520.8,5900,348,3791.1287
1,481,1,0,-2327.8,5707,348,3791.1287
1,482,1,2,-3138.0,5646,194,3791.1287
1,483,1,2,-2869.0,5377,247,3791.1287
1,484,1,2,-2256.0,4764,243,3791.1287
1,486,1,1,-4820.6,5188,2,3791.1287
1,487,1,0,-1742.8,5122,295,3791.1287
1,489,1,0,-1613.8,4993,348,3791.1287
1,490,1,1,-4551.6,4919,2,3791.1287
1,491,1,0,-1586.8,4966,348,3791.1287
1,492,1,1,-4465.6,4833,2,3791.1287
1,494,1,0,-1139.8,4519,348,3791.1287
1,495,1,1,-4057.6,4425,2,3791.1287
1,496,1,0,-1048.8,4428,348,3791.1287
1,497,1,2,-1671.0,4179,194,3791.1287
1,499,1,2,-1480.0,3988,247,3791.1287
1,500,1,1,-3506.6,3874,2,3791.1287
1,501,1,0,-401.8,3781,348,3791.1287
1,502,1,1,-3313.6,3681,2,3791.1287
1,503,1,2,-1144.0,3652,194,3791.1287
1,504,1,1,-3109.6,3477,2,3791.1287
1,505,1,2,-1000.0,3508,247,3791.1287
1,506,1,2,-813.0,3321,247,3791.1287
1,510,1,1,-1783.6,2151,2,3791.1287
1,512,1,1,-1720.6,2088,2,3791.1287
1,522,1,1,-439.6,807,2,3791.1287
1,524,1,1,-324.6,692,2,3791.1287
1,531,1,2,-4781.0,7289,247,3791.1287
1,533,1,2,-4437.0,6945,194,3791.1287
1,534,1,2,-4394.0,6902,247,3791.1287
1,536,1,0,-3579.8,6959,348,3791.1287
1,538,1,2,-4033.0,6541,194,3791.1287
1,540,1,2,-4060.0,6568,247,3791.1287
1,542,1,0,-3148.8,6528,348,3791.1287
1,543,1,1,-5811.6,6179,2,3791.1287
1,545,1,2,-3717.0,6225,247,3791.1287
1,548,1,2,-3695.0,6203,247,3791.1287
1,550,1,1,-5683.6,6051,2,3791.1287
1,551,1,2,-3647.0,6155,247,3791.1287
1,552,1,2,-3548.0,6056,247,3791.1287
1,555,1,2,-3142.0,5650,194,3791.1287
1,557,1,1,-5094.6,5462,2,3791.1287
1,558,1,1,-5090.6,5458,2,3791.1287
1,559,1,1,-4957.6,5325,2,3791.1287
1,560,1,2,-2815.0,5323,247,3791.1287
1,561,1,1,-4881.6,5249,2,3791.1287
1,562,1,2,-2800.0,5308,247,3791.1287
1,565,1,0,-1751.8,5131,295,3791.1287
1,566,1,2,-2537.0,5045,247,3791.1287
1,567,1,2,-2503.0,5011,247,3791.1287
1,569,1,2,-2317.0,4825,247,3791.1287
1,570,1,0,-1306.8,4686,348,3791.1287
1,571,1,0,-1100.8,4480,348,3791.1287
1,572,1,2,-1794.0,4302,194,3791.1287
1,573,1,0,-784.8,4164,295,3791.1287
1,574,1,2,-1624.0,4132,247,3791.1287
1,575,1,2,-1314.0,3822,247,3791.1287
1,576,1,1,-3226.6,3594,2,3791.1287
1,577,1,0,-197.8,3577,348,3791.1287
1,578,1,1,-3097.6,3465,2,3791.1287
1,579,1,2,-971.0,3479,247,3791.1287
1,580,1,1,-3005.6,3373,2,3791.1287
1,584,1,1,-2768.6,3136,2,3791.1287
1,588,1,1,-2475.6,2843,2,3791.1287
1,590,1,1,-2338.6,2706,2,3791.1287
1,604,1,1,-376.6,744,2,3791.1287
1,645,1,2,-179.0,2687,247,3791.1287
1,655,1,0,-2336.8,5716,348,3791.1287
1,657,1,0,-2219.8,5599,348,3791.1287
1,658,1,0,-2092.8,5472,295,3791.1287
1,660,1,1,-941.6,1309,2,3791.1287
1,661,1,0,-1945.8,5325,348,3791.1287
1,663,1,2,-2485.0,4993,247,3791.1287
1,664,1,1,-420.6,788,2,3791.1287
1,666,1,2,-2288.0,4796,194,3791.1287
1,667,1,2,-2205.0,4713,247,3791.1287
1,668,1,1,-229.6,597,2,3791.1287
1,671,1,2,-1666.0,4174,194,3791.1287
1,672,1,2,-1443.0,3951,247,3791.1287
1,674,1,1,-7.6,375,2,3791.1287
1,676,1,0,-356.8,3736,348,3791.1287
1,678,1,2,-975.0,3483,194,3791.1287
1,679,1,2,-897.0,3405,247,3791.1287
1,684,1,2,-567.0,3075,247,3791.1287
1,685,1,1,-2637.6,3005,2,3791.1287
1,687,1,1,-2506.6,2874,2,3791.1287
1,690,1,2,-262.0,2770,194,3791.1287
1,691,1,1,-2307.6,2675,2,3791.1287
1,692,1,1,-2257.6,2625,2,3791.1287
1,693,1,1,-2165.6,2533,2,3791.1287
1,694,1,1,-2089.6,2457,2,3791.1287
1,702,1,1,-1528.6,1896,2,3791.1287
1,755,1,0,-82.8,3462,348,3791.1287
1,759,1,2,-348.0,2856,247,3791.1287
1,770,1,1,-1450.6,1818,2,3791.1287
1,772,1,1,-1387.6,1755,2,3791.1287
1,774,1,1,-1188.6,1556,2,3791.1287
1,782,1,1,-664.6,1032,2,3791.1287
1,819,1,1,-205.6,573,2,3791.1287
1,821,1,0,-105.8,3485,348,3791.1287
1,823,1,2,-864.0,3372,247,3791.1287
1,825,1,2,-604.0,3112,247,3791.1287
1,826,1,2,-457.0,2965,247,3791.1287
1,827,1,2,-397.0,2905,247,3791.1287
1,838,1,1,-1650.6,2018,2,3791.1287
1,842,1,1,-1169.6,1537,2,3791.1287
1,859,1,0,-2749.8,6129,348,3791.1287
1,863,1,0,-2331.8,5711,348,3791.1287
1,864,1,0,-2095.8,5475,295,3791.1287
1,865,1,0,-1999.8,5379,348,3791.1287
1,867,1,2,-2660.0,5168,247,3791.1287
1,870,1,0,-1564.8,4944,295,3791.1287
1,871,1,2,-2352.0,4860,247,3791.1287
1,873,1,0,-1387.8,4767,348,3791.1287
1,874,1,2,-2131.0,4639,247,3791.1287
1,879,1,0,-884.8,4264,348,3791.1287
1,881,1,2,-1465.0,3973,247,3791.1287
1,883,1,0,-500.8,3880,348,3791.1287
1,884,1,1,-3358.6,3726,2,3791.1287
1,885,1,2,-1272.0,3780,247,3791.1287
1,886,1,2,-991.0,3499,247,3791.1287
1,887,1,2,-901.0,3409,194,3791.1287
1,888,1,1,-2859.6,3227,2,3791.1287
1,889,1,1,-2845.6,3213,2,3791.1287
1,892,1,1,-2672.6,3040,2,3791.1287
1,894,1,1,-2446.6,2814,2,3791.1287
1,897,1,1,-2256.6,2624,2,3791.1287
1,904,1,1,-1581.6,1949,2,3791.1287
1,913,1,1,-923.6,1291,2,3791.1287
1,914,1,1,-808.6,1176,2,3791.1287
1,918,1,1,-77.6,445,2,3791.1287
1,930,1,1,-811.6,1179,2,3791.1287
1,933,1,1,-526.6,894,2,3791.1287
1,939,1,1,-50.6,418,2,3791.1287
1,942,1,0,-319.8,3699,348,3791.1287
1,953,1,2,-81.0,2589,247,3791.1287
1,955,1,2,-188.0,2696,247,3791.1287
1,957,1,2,-191.0,2699,247,3791.1287
1,959,1,2,-170.0,2678,194,3791.1287
1,963,1,1,-1338.6,1706,2,3791.1287
1,969,1,1,-1194.6,1562,2,3791.1287
1,978,1,1,-20.6,388,2,3791.1287
Time: 70176, 422992, 903492, 385014
