CONFIGURATION:
{u'simulation': {u'stdev_factor': 0.01, u'power_mgmt_enabled': False, u'tasks': {u'loc': {u'mean_service_time': {u'gpu': 90, u'cpu_core': 200, u'loc_accel': 10}, u'priority': 1, u'deadline': 1000, u'stdev_service_time': {u'gpu': 0.9, u'cpu_core': 2.0, u'loc_accel': 0.1}, u'power': {u'gpu': 4.457, u'cpu_core': 6.133, u'loc_accel': 0.02197}}, u'detect': {u'mean_service_time': {u'gpu': 0.4607, u'cpu_core': 3.654, u'det_accel': 0.278}, u'priority': 2, u'deadline': 1000, u'stdev_service_time': {u'gpu': 0.004607, u'cpu_core': 0.03654, u'det_accel': 0.0027800000000000004}, u'power': {u'gpu': 90, u'cpu_core': 200, u'det_accel': 10}}, u'Frontier': {u'mean_service_time': {u'cpu_core': 396}, u'priority': 9, u'deadline': 1000, u'stdev_service_time': {u'cpu_core': 3.96}, u'power': {u'cpu_core': 5.98}}, u'track': {u'mean_service_time': {u'gpu': 17, u'tra_accel': 2, u'cpu_core': 1820}, u'priority': 3, u'deadline': 1000, u'stdev_service_time': {u'gpu': 0.17, u'tra_accel': 0.02, u'cpu_core': 18.2}, u'power': {u'gpu': 12.79, u'tra_accel': 0.59, u'cpu_core': 5.6}}, u'sp': {u'mean_service_time': {u'gpu': 379, u'cpu_core': 1004}, u'priority': 11, u'deadline': 1000, u'stdev_service_time': {u'gpu': 3.79, u'cpu_core': 10.040000000000001}, u'power': {u'gpu': 3.302, u'cpu_core': 1004}}, u'mission': {u'mean_service_time': {u'cpu_core': 0.0022}, u'priority': 5, u'deadline': 1000, u'stdev_service_time': {u'cpu_core': 2.2000000000000003e-05}, u'power': {u'cpu_core': 3.534}}, u'motion': {u'mean_service_time': {u'cpu_core': 8}, u'priority': 6, u'deadline': 1000, u'stdev_service_time': {u'cpu_core': 0.08}, u'power': {u'cpu_core': 4.222}}, u'collision': {u'mean_service_time': {u'cpu_core': 8}, u'priority': 7, u'deadline': 1000, u'stdev_service_time': {u'cpu_core': 0.08}, u'power': {u'cpu_core': 0}}, u'fusion': {u'mean_service_time': {u'cpu_core': 1}, u'priority': 4, u'deadline': 1000, u'stdev_service_time': {u'cpu_core': 0.01}, u'power': {u'cpu_core': 0}}, u'map': {u'mean_service_time': {u'gpu': 761, u'cpu_core': 973}, u'priority': 10, u'deadline': 1000, u'stdev_service_time': {u'gpu': 7.61, u'cpu_core': 9.73}, u'power': {u'gpu': 3.533, u'cpu_core': 2.995}}, u'path': {u'mean_service_time': {u'cpu_core': 8}, u'priority': 8, u'deadline': 1000, u'stdev_service_time': {u'cpu_core': 0.08}, u'power': {u'cpu_core': 0}}}, u'sched_policy_module': u'policies.ms2_update2', u'drop': True, u'servers': {u'gpu': {u'count': 2}, u'tra_accel': {u'count': 1}, u'cpu_core': {u'count': 8}, u'loc_accel': {u'count': 1}, u'det_accel': {u'count': 1}}, u'max_tasks_simulated': 10000, u'max_queue_size': 1000000, u'mean_arrival_time': 50, u'arrival_time_scale': 2.2}, u'general': {u'random_seed': 0, u'pre_gen_arrivals': False, u'basename': u'policy:ms2_update2__stdev_factor:0.01', u'output_trace_file': None, u'working_dir': u'/home/hiwot/meta-stomp2/sim_16042020_201032_new_arrival_50_map_rheftmapping_50_trace_30', u'input_trace_file': (False, '../mv_mapping_50_trace_30.trc'), u'logging_level': u'INFO'}}

/home/hiwot/meta-stomp2/sim_16042020_201032_new_arrival_50_map_rheftmapping_50_trace_30/../mv_mapping_50_trace_30.trc

Running STOMP simulation...
Dropped,DAG ID,DAG Priority,DAG Type,Slack,Response Time,No-Affinity Time,Energy
0,0,1,0,1917.2,1462,293,6320.2027
0,1,3,2,1541.0,967,194,3360.1027
0,2,3,0,1751.2,1628,247,6010.2197
0,3,1,0,1749.2,1630,249,6010.2197
0,4,3,0,1749.2,1630,249,6010.2197
0,5,1,2,1278.0,1230,245,3642.1397
0,6,1,1,353.4,14,2,0.2197
0,7,3,1,353.4,14,2,0.2197
0,8,3,2,1276.0,1232,247,3642.1397
0,9,3,1,353.4,14,2,0.2197
0,10,3,1,353.4,14,2,0.2197
0,11,1,0,1883.2,1496,293,6440.3247
0,12,3,2,1539.0,969,196,3360.1027
0,13,3,2,1541.0,967,194,3360.1027
0,14,1,1,353.4,14,2,0.2197
0,15,3,2,1541.0,967,194,3360.1027
0,16,3,0,1749.2,1630,249,6010.2197
0,17,3,0,1751.2,1628,247,6010.2197
0,18,1,0,1749.2,1630,249,6010.2197
0,19,1,0,1652.2,1727,346,6602.2397
0,20,1,2,1276.0,1232,247,3642.1397
0,21,3,2,1276.0,1232,247,3642.1397
0,22,3,1,352.4,15,2,0.24167
0,23,3,2,1420.0,1088,194,3787.5957
0,24,1,1,353.4,14,2,0.2197
0,25,1,1,353.4,14,2,0.2197
0,26,1,1,353.4,14,2,0.2197
0,27,1,1,353.4,14,2,0.2197
0,28,1,1,353.4,14,2,0.2197
0,29,3,0,1640.2,1739,297,6320.2027
0,30,1,0,1465.2,1914,350,6620.1797
0,31,1,0,1490.2,1889,350,7475.3197
0,32,1,0,1260.2,2119,297,8152.4317
0,33,1,0,1193.2,2186,350,8372.3197
0,34,3,0,1628.2,1751,350,6620.1797
0,35,1,0,1463.2,1916,350,7403.5597
0,36,1,1,352.4,15,2,0.24167
0,37,1,1,353.4,14,2,0.2197
0,38,3,0,1602.2,1777,350,6644.0997
0,39,1,2,1265.0,1243,249,3642.1397
0,40,1,1,353.4,14,2,0.2197
0,41,3,1,353.4,14,2,0.2197
0,42,1,1,7.4,360,4,0.2197
0,43,1,0,1244.2,2135,295,8353.49058
0,44,1,2,1225.0,1283,196,4314.0127
0,45,1,2,1239.0,1269,247,3743.9697
0,46,1,2,895.0,1613,196,4928.7547
0,47,1,0,1162.2,2217,348,8063.7997
0,48,1,0,1386.2,1993,297,8153.8297
0,49,1,2,1134.0,1374,249,4001.5397
0,50,1,2,1254.0,1254,245,3714.0197
0,51,1,1,349.4,18,4,0.2197
0,52,1,1,185.4,182,4,0.2197
0,53,1,1,317.4,50,4,0.2197
0,54,1,2,1252.0,1256,249,3654.1197
0,55,1,2,1213.0,1295,249,3788.8947
0,56,1,0,1675.2,1704,251,6207.8897
0,57,3,0,1713.2,1666,297,6945.5437
0,58,3,1,348.4,19,2,0.32955
0,59,1,0,1737.2,1642,251,6010.2197
0,60,1,2,1155.0,1353,247,3660.1097
0,61,3,0,1535.2,1844,297,7627.4127
0,62,1,1,235.4,132,4,0.2197
0,63,1,1,278.4,89,4,0.2197
0,64,1,2,1094.0,1414,249,3642.1397
0,65,1,1,160.4,207,4,0.2197
0,66,1,1,249.4,118,4,0.2197
0,67,1,2,1176.0,1332,247,3941.6397
0,68,1,1,295.4,72,4,0.2197
0,69,1,0,1268.2,2111,350,6859.8097
0,70,1,2,1304.0,1204,194,4197.4237
0,71,1,0,1490.2,1889,251,6010.2197
0,72,3,0,1111.2,2268,350,6808.7547
0,73,3,2,1267.0,1241,196,3837.0577
0,74,1,1,345.4,22,4,0.2197
0,75,3,2,1123.0,1385,249,4001.5397
0,76,1,0,1479.2,1900,350,7278.1097
0,77,1,0,1123.2,2256,350,7209.5947
0,78,1,1,353.4,14,2,0.2197
0,79,1,2,1139.0,1369,196,3360.1027
0,80,1,0,1483.2,1896,350,6898.7347
0,81,3,2,1305.0,1203,196,3529.6867
0,82,3,2,935.0,1573,249,3642.1397
0,83,1,2,1022.0,1486,249,4363.9347
0,84,1,1,306.4,61,4,0.2197
0,85,1,2,950.0,1558,249,4591.5547
0,86,1,0,318.2,3061,350,11815.3497
0,87,3,2,1158.0,1350,249,3660.1097
0,88,1,1,312.4,55,4,0.2197
0,89,1,1,316.4,51,4,0.28561
0,90,1,0,501.2,2878,350,11294.1097
0,91,3,2,1253.0,1255,249,3681.0747
0,92,1,2,1283.0,1225,196,4169.1597
0,93,3,1,314.4,53,4,0.2197
0,94,1,0,568.2,2811,350,10027.1997
0,95,1,0,658.2,2721,350,9734.3597
0,96,1,1,13.4,354,4,0.2197
0,97,1,2,435.0,2073,196,3805.2607
0,98,1,0,747.2,2632,297,10260.1597
0,99,1,1,312.4,55,4,0.2197
0,100,1,1,323.4,44,4,0.2197
0,101,1,0,570.2,2809,350,10654.56047
0,102,1,1,331.4,36,4,0.2197
0,103,1,1,347.4,20,4,0.2197
0,104,3,2,887.0,1621,249,3672.0897
0,105,1,2,715.0,1793,196,5161.95467
0,106,1,0,820.2,2559,350,10314.8047
0,107,1,1,347.4,20,4,0.2197
0,108,1,2,737.0,1771,249,3731.9897
0,109,1,0,411.2,2968,297,10947.70161
0,111,3,0,1310.2,2069,350,7605.5347
0,112,3,0,1198.2,2181,350,7377.8947
0,113,3,2,1098.0,1410,249,4160.2747
0,114,1,0,395.2,2984,350,10339.9697
0,115,1,1,209.4,158,4,0.37349
0,116,1,1,247.4,120,4,0.2197
0,117,1,2,940.0,1568,196,4416.4697
0,118,1,1,61.4,306,4,0.2197
0,119,1,2,337.0,2171,249,5951.2847
0,120,1,1,146.4,221,4,0.2197
0,121,1,1,139.4,228,4,0.35152
0,122,1,0,561.2,2818,346,10768.2697
0,123,1,0,345.2,3034,251,9688.0797
0,124,1,1,139.4,228,4,0.2197
0,125,1,2,929.0,1579,249,4651.4547
0,126,1,0,391.2,2988,251,9081.45684
0,127,1,0,239.2,3140,350,10310.55092
0,128,3,2,1301.0,1207,196,3695.7377
0,129,1,0,710.2,2669,297,10411.4167
0,130,1,0,571.2,2808,350,9824.8297
0,131,1,2,960.0,1548,249,4378.9097
0,132,1,1,171.4,196,4,0.2197
0,133,3,2,1198.0,1310,245,3881.7397
0,134,1,1,242.4,125,4,0.2197
0,135,3,2,1437.0,1071,194,3727.5347
0,136,1,1,307.4,60,4,0.2197
0,137,1,1,320.4,47,4,0.2197
0,138,1,0,965.2,2414,297,9839.4297
0,139,1,0,921.2,2458,348,10051.2247
0,140,1,2,1197.0,1311,249,3857.7797
0,141,3,1,353.4,14,2,0.2197
0,142,3,0,1481.2,1898,297,8473.4547
0,143,1,2,1162.0,1346,249,3642.1397
0,144,1,2,1045.0,1463,249,3708.11758
0,145,1,2,804.0,1704,249,4208.1947
0,146,1,0,1191.2,2188,251,7651.4797
0,147,1,1,112.4,255,4,0.2197
0,148,1,0,1357.2,2022,251,6660.1347
0,149,1,2,1216.0,1292,249,3800.8747
0,150,3,1,209.4,158,4,0.2197
0,151,1,2,1427.0,1081,196,3575.6157
0,152,1,0,1506.2,1873,251,6049.1547
0,153,1,1,40.4,327,4,0.2197
0,154,1,0,1142.2,2237,297,6320.2027
0,155,1,1,112.4,255,4,0.2197
0,156,1,0,849.2,2530,350,9998.1447
0,157,1,1,133.4,234,4,0.2197
0,158,1,2,971.0,1537,249,4519.6747
0,159,1,0,1156.2,2223,297,7842.6927
0,160,1,1,285.4,82,4,0.2197
0,161,3,1,175.4,192,4,0.2197
0,162,3,1,185.4,182,4,0.2197
0,163,1,0,1114.2,2265,346,9488.1447
0,164,1,2,1036.0,1472,249,3878.7447
0,165,3,0,1693.2,1686,297,7333.4747
0,166,1,1,68.4,299,4,0.2197
0,167,3,2,1071.0,1437,249,3992.73046
0,168,1,0,575.2,2804,350,9800.8697
0,169,1,2,1085.0,1423,249,4139.3097
0,170,1,2,1148.0,1360,249,3995.5497
0,171,1,2,1123.0,1385,245,4106.3647
0,172,1,0,1042.2,2337,251,6471.4497
0,173,1,2,1474.0,1034,196,3575.63767
0,174,1,0,546.2,2833,350,9318.6347
0,175,1,1,75.4,292,4,0.2197
0,176,1,2,1524.0,984,194,3420.1637
0,177,1,0,858.2,2521,350,8524.9797
0,178,1,2,1017.0,1491,196,3971.3117
0,179,1,2,1050.0,1458,249,3830.8247
0,180,3,1,319.4,48,4,0.2197
0,181,3,1,348.4,19,4,0.2197
0,182,1,2,1090.0,1418,196,3879.4537
0,183,1,2,1231.0,1277,249,3642.1397
0,184,1,2,1190.0,1318,249,3642.1397
0,185,1,0,1301.2,2078,350,8360.3597
0,186,1,2,1104.0,1404,249,4112.3547
0,187,1,2,571.0,1937,196,5112.53661
0,188,1,1,34.4,333,4,0.2197
0,189,1,0,666.2,2713,346,9546.39061
0,190,1,2,851.0,1657,249,4879.0747
0,191,3,2,1220.0,1288,196,3695.7377
0,192,1,0,917.2,2462,293,9853.2027
0,193,1,0,576.2,2803,247,9529.3447
0,194,1,2,1149.0,1359,245,4028.4947
0,195,1,2,1198.0,1310,245,3881.7397
0,196,3,0,1648.2,1731,346,6614.2197
0,197,1,2,1235.0,1273,245,3770.9247
0,198,3,2,1273.0,1235,245,3657.1147
0,199,1,2,1446.0,1062,194,3695.7377
0,200,1,1,140.4,227,4,0.2197
0,201,1,0,1711.2,1668,247,6130.0197
0,202,1,2,1338.0,1170,194,4077.3017
0,203,1,1,353.4,14,2,0.2197
0,204,1,1,353.4,14,2,0.2197
0,205,1,0,1874.2,1505,293,6472.1217
0,206,3,0,1652.2,1727,346,6602.2397
0,207,1,0,1640.2,1739,348,6602.4594
0,208,1,2,1278.0,1230,245,3642.1397
0,209,1,1,353.4,14,2,0.2197
0,210,3,1,353.4,14,2,0.2197
0,211,1,0,1662.2,1717,297,6320.2027
0,212,3,0,1859.2,1520,297,6320.2027
0,213,3,0,1637.2,1742,346,6691.9397
0,214,1,0,1632.2,1747,346,6721.8397
0,215,3,0,1751.2,1628,247,6010.2197
0,216,3,0,1647.2,1732,348,6620.1797
0,217,1,2,1265.0,1243,247,3642.31546
0,218,3,0,1687.2,1692,247,6201.8997
0,219,3,2,1488.0,1020,194,3547.3517
0,220,3,0,1802.2,1577,293,6726.4977
0,221,3,1,105.4,262,4,0.2197
0,222,1,2,1030.0,1478,247,4378.9097
0,223,1,2,853.0,1655,249,4903.0347
0,224,3,1,216.4,151,4,0.2197
0,225,1,1,257.4,110,4,0.2197
0,226,1,0,1488.2,1891,297,7800.5297
0,227,1,1,342.4,25,4,0.2197
0,228,3,1,353.4,14,2,0.2197
0,229,1,0,1915.2,1464,295,6320.2027
0,230,1,1,350.4,17,2,0.28561
0,231,1,0,1751.2,1628,247,6010.2197
0,232,3,1,353.4,14,2,0.2197
0,233,1,0,1749.2,1630,249,6010.2197
0,234,3,2,1276.0,1232,247,3642.1397
0,235,3,2,1276.0,1232,247,3642.1397
0,236,1,2,1341.0,1167,194,4066.7027
0,237,1,1,353.4,14,2,0.2197
0,238,1,1,353.4,14,2,0.2197
0,239,3,0,1906.2,1473,293,6359.0657
0,240,3,0,1652.2,1727,346,6602.2397
0,241,1,2,1276.0,1232,247,3642.1397
0,242,1,1,263.4,104,4,0.2197
0,243,1,1,351.4,16,2,0.2197
0,244,1,0,1618.2,1761,297,6560.4467
0,245,1,0,1166.2,2213,251,6010.2197
0,246,1,2,1276.0,1232,247,3642.1397
0,247,1,0,1606.2,1773,297,8114.2027
0,248,1,2,1258.0,1250,249,3642.27152
0,249,3,1,353.4,14,2,0.2197
0,250,1,2,1164.0,1344,196,3822.9257
0,251,1,1,353.4,14,2,0.2197
0,252,1,2,1231.0,1277,249,3642.1397
0,253,1,1,351.4,16,4,0.2197
0,254,1,0,1647.2,1732,348,6620.1797
0,255,3,0,1647.2,1732,348,6620.1797
0,256,1,2,1246.0,1262,249,3702.0397
0,257,3,2,1269.0,1239,196,3935.9817
0,258,1,0,1649.2,1730,346,6620.1797
0,259,1,0,900.2,2479,247,8558.9647
0,260,3,1,101.4,266,4,0.39546
0,261,3,2,1144.0,1364,245,3995.90122
0,262,1,2,1035.0,1473,245,4325.32925
0,263,1,0,1302.2,2077,249,7348.9847
0,265,1,2,1511.0,997,194,3466.0927
0,266,1,1,197.4,170,4,0.2197
0,267,3,2,1216.0,1292,194,4508.3277
0,268,1,0,1350.2,2029,247,7211.2147
0,269,1,1,348.4,19,2,0.2197
0,270,1,1,232.4,135,4,0.2197
0,271,2,2,1200.0,1308,194,4564.8557
0,272,3,0,1751.2,1628,247,6010.2197
0,273,3,1,353.4,14,2,0.2197
0,274,1,2,1270.0,1238,247,3642.27152
0,275,1,1,353.4,14,2,0.2197
0,276,1,1,353.4,14,2,0.2197
0,277,3,2,1541.0,967,194,3360.1027
0,278,1,0,1740.2,1639,251,6010.24167
0,279,1,0,1848.2,1531,293,6563.9797
0,280,1,0,1751.2,1628,247,6010.2197
0,281,1,2,1278.0,1230,245,3642.1397
0,282,1,1,353.4,14,2,0.2197
0,283,1,2,1276.0,1232,247,3642.1397
0,284,1,2,1276.0,1232,247,3642.1397
0,285,3,1,353.4,14,2,0.2197
0,286,1,0,1917.2,1462,293,6320.2027
0,287,1,1,353.4,14,2,0.2197
0,288,1,1,353.4,14,2,0.2197
0,289,1,0,1917.2,1462,293,6320.2027
0,290,3,2,1276.0,1232,247,3642.1397
0,291,3,2,1276.0,1232,247,3642.1397
0,292,1,1,141.4,226,4,0.2197
0,293,1,1,353.4,14,2,0.2197
0,294,1,2,1494.0,1014,194,3526.1537
0,295,1,2,1278.0,1230,245,3642.1397
0,296,1,1,353.4,14,2,0.2197
0,297,1,1,353.4,14,2,0.2197
0,298,1,2,1541.0,967,194,3360.1027
0,299,3,2,1276.0,1232,247,3642.1397
0,300,3,2,1276.0,1232,247,3642.1397
0,301,1,1,353.4,14,2,0.2197
0,302,3,2,1276.0,1232,247,3642.1397
0,303,1,1,353.4,14,2,0.2197
0,304,1,0,1652.2,1727,346,6602.2397
0,305,1,1,353.4,14,2,0.2197
0,306,1,1,353.4,14,2,0.2197
0,307,1,2,1541.0,967,194,3360.1027
0,308,1,0,1751.2,1628,247,6010.2197
0,309,1,0,756.2,2623,350,6602.2397
0,310,1,2,1446.0,1062,194,3695.7377
0,311,1,1,353.4,14,2,0.2197
0,312,3,1,353.4,14,2,0.2197
0,313,1,1,353.4,14,2,0.2197
0,314,1,1,353.4,14,2,0.2197
0,315,1,1,353.4,14,2,0.2197
0,316,1,1,353.4,14,2,0.2197
0,317,1,0,1206.2,2173,295,10542.0827
0,318,3,1,353.4,14,2,0.2197
0,319,1,0,1541.2,1838,295,8556.7227
0,320,1,2,1266.0,1242,249,3642.1397
0,321,1,0,1473.2,1906,346,7660.74364
0,322,1,2,1219.0,1289,249,3642.16167
0,323,1,1,345.4,22,2,0.39546
0,324,3,0,1645.2,1734,348,6632.1397
0,325,1,2,1269.0,1239,249,3642.1397
0,326,3,0,1635.2,1744,350,6620.3994
0,327,1,2,1112.0,1396,249,3642.1397
0,328,3,2,1148.0,1360,196,4497.7287
0,329,3,2,1172.0,1336,249,3890.7247
0,330,1,0,768.2,2611,346,9249.8197
0,332,1,0,1006.2,2373,297,9503.4357
0,333,1,2,1483.0,1025,194,3565.0167
0,334,1,2,1037.0,1471,245,4363.9347
0,335,1,0,1322.2,2057,249,7289.0847
0,336,3,1,346.4,21,4,0.2197
0,337,2,0,1878.2,1501,293,6457.9897
0,338,1,2,1278.0,1230,245,3642.1397
0,339,1,1,347.4,20,2,0.35152
0,340,3,0,1652.2,1727,346,6602.2397
0,341,1,2,1278.0,1230,245,3642.1397
0,342,3,2,1276.0,1232,247,3642.1397
0,343,3,1,303.4,64,4,0.2197
0,344,1,2,1541.0,967,194,3360.1027
0,345,1,1,353.4,14,2,0.2197
0,346,1,0,1915.2,1464,295,6320.2027
0,347,1,2,1278.0,1230,245,3642.1397
0,348,3,2,1276.0,1232,247,3642.1397
0,349,1,1,353.4,14,2,0.2197
0,350,3,2,1276.0,1232,247,3642.1397
0,351,1,2,1274.0,1234,249,3642.1397
0,352,1,0,1652.2,1727,346,6602.2397
0,353,1,1,353.4,14,2,0.2197
0,354,1,1,353.4,14,2,0.2197
0,355,1,0,1915.2,1464,295,6320.2027
0,356,1,1,353.4,14,2,0.2197
0,357,3,1,353.4,14,2,0.2197
0,358,1,1,353.4,14,2,0.2197
0,359,1,1,353.4,14,2,0.2197
0,360,1,1,353.4,14,2,0.2197
0,361,1,2,1541.0,967,194,3360.1027
0,362,1,2,1278.0,1230,245,3642.1397
0,363,1,0,1270.2,2109,251,6213.8797
0,364,1,2,1410.0,1098,194,3822.9257
0,365,1,1,353.4,14,2,0.2197
0,366,1,2,1278.0,1230,245,3642.1397
0,367,1,1,353.4,14,2,0.2197
0,368,3,1,353.4,14,2,0.2197
0,369,1,0,1772.2,1607,297,6762.00346
0,370,1,0,1630.2,1749,348,6644.0997
0,371,1,2,1278.0,1230,245,3642.1397
0,372,3,1,353.4,14,2,0.2197
0,373,1,0,1478.2,1901,346,7445.7497
0,374,1,2,1483.0,1025,196,3529.6867
0,375,3,2,1169.0,1339,249,3642.1397
0,376,1,0,1649.2,1730,348,6608.2197
0,377,1,1,353.4,14,2,0.2197
0,378,3,1,353.4,14,2,0.2197
0,379,3,0,1526.2,1853,346,6988.5647
0,380,3,2,1526.0,982,194,3413.0977
0,381,1,0,1597.2,1782,346,6775.9197
0,382,1,0,1908.2,1471,293,6351.9997
0,383,1,2,1276.0,1232,247,3642.1397
0,384,3,0,1652.2,1727,346,6602.2397
0,385,1,2,1180.0,1328,247,3929.6597
0,386,1,1,274.4,93,4,0.2197
0,387,3,2,1479.0,1029,194,3579.1487
0,388,1,2,1276.0,1232,247,3642.1397
0,389,1,1,32.4,335,4,0.4394
0,390,1,2,1411.0,1097,194,3819.3927
0,391,1,1,353.4,14,2,0.2197
0,392,1,0,1206.2,2173,350,8605.5397
0,393,1,0,1026.2,2353,297,8920.2907
0,394,3,1,353.4,14,2,0.2197
0,395,1,2,1268.0,1240,249,3642.1397
0,396,1,0,1137.2,2242,350,9598.2197
0,397,3,1,353.4,14,2,0.2197
0,398,3,0,1301.2,2078,350,8438.0997
0,399,1,1,353.4,14,2,0.2197
0,400,1,1,353.4,14,2,0.2197
0,401,1,2,1108.0,1400,196,3791.1287
0,402,1,1,353.4,14,2,0.2197
0,403,1,0,1209.2,2170,350,9179.6197
0,404,3,2,1272.0,1236,249,3642.1397
0,405,1,0,847.2,2532,350,8778.9597
0,406,1,0,590.2,2789,350,8755.0397
0,407,1,0,457.2,2922,350,10314.9997
0,408,1,2,1107.0,1401,196,3992.5097
0,409,1,2,1211.0,1297,249,3779.9097
0,410,1,1,43.4,324,4,0.2197
0,411,1,0,421.2,2958,350,9710.4297
0,412,1,0,478.2,2901,297,11630.5677
0,413,1,2,1139.0,1369,249,3924.1091
0,414,3,0,1516.2,1863,297,8295.33046
0,415,1,2,777.0,1731,249,4621.5047
0,416,1,0,258.2,3121,350,10360.9347
0,417,3,0,1265.2,2114,297,8594.03861
0,418,1,0,266.2,3113,350,10680.4797
0,419,1,1,308.4,59,4,0.2197
0,420,3,2,1257.0,1251,249,3672.0897
0,421,1,1,167.4,200,4,0.2197
0,422,1,0,413.2,2966,350,10799.2097
0,425,1,2,456.0,2052,249,4459.7747
0,426,1,1,150.4,217,4,0.2197
0,427,3,1,233.4,134,4,0.2197
0,428,3,2,1229.0,1279,196,3967.7787
0,429,1,1,296.4,71,4,0.2197
0,430,3,2,1080.0,1428,249,4193.2197
0,431,1,2,224.0,2284,249,6583.2297
0,432,1,2,337.0,2171,196,7151.0117
0,433,3,0,1511.2,1868,297,7618.90067
0,435,1,2,213.0,2295,249,6742.14046
0,436,3,0,1377.2,2002,350,6898.7147
0,437,3,2,1086.0,1422,196,4289.2817
0,438,3,0,1487.2,1892,350,6964.65061
0,440,1,1,134.4,233,4,0.2197
0,441,3,1,311.4,56,4,0.2197
0,442,1,1,308.4,59,4,0.24167
0,443,1,0,442.2,2937,350,10712.5247
0,444,1,1,189.4,178,4,0.2197
0,445,1,0,317.2,3062,350,10127.0747
0,446,1,2,204.0,2304,249,5972.2497
0,447,1,1,316.4,51,4,0.2197
0,448,3,0,1106.2,2273,350,8747.8047
0,449,1,0,711.2,2668,350,9772.0547
0,450,1,2,437.0,2071,249,4768.2597
0,451,1,2,456.0,2052,249,4837.1447
0,452,2,1,195.4,172,4,0.2197
0,453,3,1,190.4,177,4,0.2197
0,454,1,0,229.2,3150,350,10732.7541
0,455,1,1,178.4,189,4,0.39546
0,456,1,2,1124.0,1384,196,4034.9057
0,457,3,1,262.4,105,4,0.2197
0,458,1,2,1167.0,1341,249,3929.6597
0,459,1,2,851.0,1657,249,4879.0747
0,461,3,0,1085.2,2294,297,8570.3697
0,462,1,2,291.0,2217,196,6112.3097
0,463,1,0,726.2,2653,297,10499.2057
0,464,1,0,475.2,2904,350,9561.2697
0,465,3,0,1481.2,1898,350,7075.4397
0,466,3,0,1492.2,1887,350,7054.4447
0,467,1,0,854.2,2525,350,9535.0197
0,468,1,2,785.0,1723,249,4381.99258
0,469,1,1,233.4,134,4,0.2197
0,470,2,0,1086.2,2293,350,8264.4347
0,471,1,1,254.4,113,4,0.2197
0,472,1,0,500.2,2879,350,10028.4697
0,473,1,1,345.4,22,4,0.2197
0,474,1,2,687.0,1821,196,4497.7287
0,476,1,2,417.0,2091,249,5663.7647
0,479,3,2,1223.0,1285,249,3770.9247
0,480,3,0,1586.2,1793,297,7403.7477
0,482,1,2,581.0,1927,249,4941.9697
0,483,1,2,815.0,1693,249,4864.0997
0,485,3,0,1648.2,1731,297,7362.7687
0,486,1,1,122.4,245,4,0.4394
0,487,2,0,265.2,3114,297,12390.5587
0,488,3,1,264.4,103,4,0.2197
0,489,1,0,170.2,3209,350,11497.3947
0,490,1,1,133.4,234,4,0.2197
0,491,1,0,198.2,3181,350,10915.07561
0,492,1,1,218.4,149,4,0.2197
0,493,3,2,1198.0,1310,196,4363.4747
0,495,1,1,348.4,19,4,0.2197
0,497,1,2,618.0,1890,249,4918.0097
0,498,3,0,1542.2,1837,350,6928.6047
0,499,2,2,806.0,1702,249,5010.8547
0,500,1,1,207.4,160,4,0.2197
0,501,1,0,167.2,3212,350,11019.8447
0,502,1,1,342.4,25,4,0.2197
0,503,1,2,870.0,1638,196,5101.8717
0,504,1,1,88.4,279,4,0.2197
0,505,1,2,257.0,2251,249,6529.3197
0,506,1,2,443.0,2065,249,6107.0247
0,507,1,0,316.2,3063,350,9968.5897
0,508,2,2,825.0,1683,249,4145.2997
0,509,3,2,1274.0,1234,196,3699.2707
0,510,1,1,237.4,130,4,0.2197
0,511,1,0,1312.2,2067,350,7638.3397
0,512,1,1,287.4,80,4,0.2197
0,513,1,2,1141.0,1367,196,4176.2257
0,514,1,2,1260.0,1248,249,3645.1347
0,515,3,0,1587.2,1792,348,6832.7147
0,516,1,0,1436.2,1943,346,7317.8147
0,517,1,2,914.0,1594,249,4693.3847
0,518,1,0,1528.2,1851,346,6982.5747
0,519,1,0,1369.2,2010,293,8256.2867
0,520,3,0,1709.2,1670,293,7559.1487
0,521,3,1,238.4,129,4,0.2197
0,522,1,1,171.4,196,4,0.2197
0,523,1,0,1447.2,1932,346,7192.43046
0,524,1,1,286.4,81,4,0.2197
0,525,1,0,1623.2,1756,348,6674.1197
0,526,1,1,296.4,71,4,0.2197
0,527,1,1,131.4,236,4,0.2197
0,528,1,1,210.4,157,4,0.2197
0,529,3,0,1907.2,1472,297,6320.2027
0,530,3,0,1565.2,1814,297,6634.6397
0,531,2,2,915.0,1593,249,3642.1397
0,532,3,1,353.4,14,2,0.2197
0,533,2,2,1231.0,1277,249,3642.1397
0,534,1,2,1202.0,1306,249,3642.1397
0,535,1,1,353.4,14,2,0.2197
0,536,1,0,380.2,2999,350,13569.02758
0,537,3,2,1265.0,1243,249,3642.1397
0,538,1,2,430.0,2078,196,3360.1027
0,539,1,1,346.4,21,4,0.2197
0,540,1,2,440.0,2068,196,3360.12467
0,541,3,2,920.0,1588,249,3642.1397
0,542,1,0,198.2,3181,350,9168.7547
0,543,1,1,249.4,118,4,0.2197
0,544,3,0,1562.2,1817,350,6898.6047
0,545,1,2,760.0,1748,196,5433.9737
0,546,3,0,1262.2,2117,350,7293.02061
0,547,3,2,911.0,1597,249,3926.6647
0,548,1,2,793.0,1715,249,4873.69986
0,549,3,1,272.4,95,4,0.28561
0,550,1,1,269.4,98,4,0.50531
0,551,1,2,835.0,1673,249,4546.6297
0,552,1,2,848.0,1660,249,4333.9847
0,553,3,2,1304.0,1204,196,3621.5447
0,554,3,1,346.4,21,4,0.2197
0,555,1,2,222.0,2286,196,6663.4577
0,556,3,2,973.0,1535,249,4486.75167
0,557,1,1,115.4,252,4,0.2197
0,558,1,1,119.4,248,4,0.28561
0,559,1,1,-4043.6,4411,4,0.2197
0,560,1,2,542.0,1966,249,5729.6547
0,561,1,1,75.4,292,4,0.2197
0,562,1,2,505.0,2003,249,5816.57561
0,563,3,0,1377.2,2002,297,8224.99043
0,564,3,2,746.0,1762,249,3941.6397
0,565,1,0,408.2,2971,297,10993.25627
0,566,1,2,652.0,1856,249,5158.00516
0,567,1,2,691.0,1817,249,5364.2647
0,568,3,1,181.4,186,4,0.2197
0,569,1,2,600.0,1908,249,5068.69733
0,570,1,0,351.2,3028,297,13366.93119
0,571,1,0,564.2,2815,350,9872.5997
0,572,1,2,371.0,2137,249,4079.4097
0,573,1,0,462.2,2917,350,8977.2247
0,574,1,2,564.0,1944,249,3764.9347
0,575,1,2,722.0,1786,249,4777.2447
0,576,1,1,153.4,214,4,0.2197
0,577,1,0,1055.2,2324,350,7536.5997
0,578,1,1,257.4,110,4,0.24167
0,579,1,2,791.0,1717,249,3914.6847
0,580,1,1,343.4,24,4,0.2197
0,581,1,0,1303.2,2076,297,8661.4307
0,582,1,0,1300.2,2079,350,7626.2294
0,583,1,0,1290.2,2089,350,7775.91319
0,584,1,1,154.4,213,4,0.2197
0,585,3,1,236.4,131,4,0.2197
0,586,1,0,239.2,3140,297,13554.4777
0,587,3,2,1232.0,1276,196,3557.9507
0,589,3,2,904.0,1604,249,4747.2947
0,591,3,0,1002.2,2377,297,9421.7667
0,592,3,1,-110.6,478,4,0.39546
0,593,1,0,573.2,2806,346,10192.0447
0,594,1,0,282.2,3097,297,12121.16367
0,595,1,0,547.2,2832,348,9920.6497
0,596,3,0,1079.2,2300,350,9491.3197
0,597,1,0,486.2,2893,348,9957.60638
0,598,1,2,578.0,1930,249,3965.5997
0,599,3,2,924.0,1584,249,3857.7797
0,600,1,2,912.0,1596,249,4468.7597
0,601,2,2,1278.0,1230,245,3642.1397
0,602,3,0,1796.2,1583,295,6965.2177
0,603,3,1,-173.6,541,4,0.2197
0,604,1,1,83.4,284,4,0.2197
0,605,3,0,1510.2,1869,346,7027.5297
0,606,1,0,1796.2,1583,295,6740.6297
0,607,1,1,196.4,171,4,0.2197
0,608,1,0,1831.2,1548,297,6609.9087
0,609,3,1,348.4,19,4,0.2197
0,610,1,0,1751.2,1628,247,6010.2197
0,611,3,2,1266.0,1242,247,3642.3594
0,612,1,0,1637.2,1742,348,6602.52531
0,613,1,1,277.4,90,4,0.2197
0,614,1,1,292.4,75,4,0.2197
0,615,1,2,1278.0,1230,245,3642.1397
0,616,1,0,1770.2,1609,293,6839.5537
0,617,1,2,1503.0,1005,194,3494.3567
0,618,1,1,353.4,14,2,0.2197
0,619,3,2,1276.0,1232,247,3642.1397
0,620,1,2,1431.0,1077,194,3748.7327
0,621,3,2,1518.0,990,194,3441.3617
0,622,3,1,353.4,14,2,0.2197
0,623,1,1,353.4,14,2,0.2197
0,624,1,1,353.4,14,2,0.2197
0,625,1,2,1278.0,1230,245,3642.1397
0,626,3,1,353.4,14,2,0.2197
0,627,1,1,353.4,14,2,0.2197
0,628,3,1,353.4,14,2,0.2197
0,629,3,1,353.4,14,2,0.2197
0,630,1,0,1701.2,1678,293,7083.3307
0,631,1,0,1365.2,2014,346,8288.6497
0,632,3,0,1806.2,1573,297,6666.50261
0,633,1,1,353.4,14,2,0.2197
0,634,1,2,1251.0,1257,249,3642.3594
0,635,1,0,1556.2,1823,348,7086.90531
0,636,1,0,1751.2,1628,247,6010.2197
0,637,1,0,1751.2,1628,247,6010.2197
0,638,1,2,1278.0,1230,245,3642.1397
0,639,3,0,1704.2,1675,297,7030.3357
0,640,3,1,353.4,14,2,0.2197
0,641,1,1,352.4,15,2,0.24167
0,642,1,0,1297.2,2082,297,7055.0667
0,643,3,1,353.4,14,2,0.2197
0,644,1,1,63.4,304,4,0.2197
0,645,1,2,1171.0,1337,249,3735.09455
0,646,3,0,1339.2,2040,350,7204.2047
0,647,1,1,344.4,23,4,0.2197
0,648,3,1,328.4,39,4,0.2197
0,649,3,1,353.4,14,2,0.2197
0,650,1,0,1334.2,2045,350,6709.8797
0,651,1,2,1385.0,1123,196,3805.2607
0,652,1,0,945.2,2434,297,8880.9477
0,653,1,0,1027.2,2352,350,8796.8997
0,654,1,2,1140.0,1368,249,3642.1397
0,655,1,0,1113.2,2266,350,8659.3597
0,656,3,2,1018.0,1490,249,4190.2247
0,657,1,0,1231.2,2148,350,8223.8697
0,658,1,0,704.2,2675,350,9345.6097
0,659,3,0,1476.2,1903,350,6784.9047
0,660,1,1,215.4,152,4,0.2197
0,661,1,0,568.2,2811,350,9237.8097
0,662,3,0,962.2,2417,297,9291.5447
0,663,1,2,995.0,1513,196,3716.9357
0,664,1,1,249.4,118,4,0.2197
0,665,3,1,261.4,106,4,0.24167
0,666,1,2,1183.0,1325,249,3887.7297
0,667,1,2,1005.0,1503,249,3938.6447
0,668,1,1,331.4,36,4,0.2197
0,669,1,1,288.4,79,4,0.2197
0,670,3,1,333.4,34,4,0.2197
0,671,1,2,1148.0,1360,196,3879.4537
0,672,1,2,851.0,1657,196,3360.1027
0,673,3,0,1114.2,2265,350,7467.76258
0,674,1,1,176.4,191,4,0.2197
0,675,3,2,1182.0,1326,249,3860.7747
0,676,1,0,738.2,2641,350,7814.1547
0,677,1,2,1182.0,1326,249,3648.1297
0,678,1,2,1221.0,1287,249,3776.9147
0,679,1,2,644.0,1864,196,4381.1397
0,680,1,0,646.2,2733,350,11042.7347
0,681,1,0,742.2,2637,350,9294.7147
0,682,1,0,774.2,2605,350,9207.8397
0,683,3,0,1636.2,1743,297,6699.3617
0,684,1,2,987.0,1521,249,4178.31061
0,685,1,1,220.4,147,4,0.26364
0,686,3,1,339.4,28,4,0.2197
0,687,1,1,338.4,29,4,0.2197
0,688,3,2,1219.0,1289,249,3782.9047
0,689,1,0,529.2,2850,348,9950.75152
0,690,1,2,577.0,1931,249,4193.2197
0,691,1,1,236.4,131,4,0.2197
0,692,1,1,286.4,81,4,0.2197
0,693,1,1,267.4,100,4,0.2197
0,694,1,1,343.4,24,4,0.2197
0,695,1,2,655.0,1853,196,4321.0787
0,696,1,0,601.2,2778,293,10969.6307
0,697,1,0,103.2,3276,346,11241.4947
0,698,1,2,896.0,1612,196,3427.2297
0,699,3,0,1582.2,1797,346,6826.8147
0,700,1,2,887.0,1621,249,4780.2397
0,701,1,2,884.0,1624,249,4777.4644
0,702,1,1,167.4,200,4,0.2197
0,703,1,2,864.0,1644,194,5723.85546
0,704,3,2,1156.0,1352,249,3645.1347
0,705,1,0,683.2,2696,346,9504.3947
0,706,3,1,260.4,107,4,0.2197
0,707,1,2,549.0,1959,245,5825.4947
0,708,1,0,1101.2,2278,293,9203.1307
0,709,3,1,304.4,63,4,0.2197
0,710,1,0,1559.2,1820,348,6874.7847
0,711,1,1,353.4,14,2,0.2197
0,712,1,0,1915.2,1464,295,6320.2027
0,713,3,2,1276.0,1232,247,3642.1397
0,714,1,2,1278.0,1230,245,3642.1397
0,715,1,1,353.4,14,2,0.2197
0,716,1,1,353.4,14,2,0.2197
0,717,1,2,1541.0,967,194,3360.1027
0,718,3,2,1406.0,1102,194,3837.0577
0,719,1,0,1751.2,1628,247,6010.2197
0,720,1,1,353.4,14,2,0.2197
0,721,3,0,1647.2,1732,348,6620.1797
0,722,3,0,1647.2,1732,348,6620.1797
0,723,3,2,1276.0,1232,247,3642.1397
0,724,1,2,1499.0,1009,194,3508.4887
0,725,1,0,1709.2,1670,293,7034.00052
0,726,1,1,353.4,14,2,0.2197
0,727,1,0,1751.2,1628,247,6010.2197
0,728,1,2,1278.0,1230,245,3642.1397
0,729,3,2,1276.0,1232,247,3642.1397
0,730,1,0,1652.2,1727,346,6602.2397
0,731,1,1,174.4,193,4,0.2197
0,732,1,0,1742.2,1637,295,6931.4117
0,733,1,1,353.4,14,2,0.2197
0,734,1,0,1847.2,1532,293,6567.5127
0,735,3,1,353.4,14,2,0.2197
0,736,1,1,353.4,14,2,0.2197
0,737,1,1,353.4,14,2,0.2197
0,738,1,1,353.4,14,2,0.2197
0,739,1,1,353.4,14,2,0.2197
0,740,3,0,1652.2,1727,346,6602.2397
0,741,1,0,1749.2,1630,249,6010.2197
0,742,1,1,353.4,14,2,0.2197
0,743,1,2,1541.0,967,194,3360.1027
0,744,1,0,1907.2,1472,297,6320.2027
0,745,3,1,353.4,14,2,0.2197
0,746,3,0,1600.2,1779,350,6841.4397
0,747,3,2,1176.0,1332,249,3642.1397
0,748,1,1,352.4,15,2,0.24167
0,749,1,2,1272.0,1236,249,3642.1397
0,750,1,1,353.4,14,2,0.2197
0,751,3,2,1287.0,1221,196,3360.1027
0,752,3,2,1272.0,1236,247,3642.22758
0,753,3,2,1267.0,1241,247,3642.33743
0,754,3,2,1391.0,1117,194,3890.0527
0,755,1,0,902.2,2477,251,6010.2197
0,756,1,0,1021.2,2358,350,7953.7197
0,757,3,0,1252.2,2127,350,8406.0747
0,758,1,0,928.2,2451,350,10322.6997
0,759,1,2,760.0,1748,196,3667.4737
0,760,1,0,1021.2,2358,350,10279.9397
0,761,1,0,1128.2,2251,297,10356.2737
0,762,3,1,353.4,14,2,0.2197
0,763,1,0,1275.2,2104,350,8796.8997
0,764,1,2,1104.0,1404,249,3642.31546
0,765,3,0,1593.2,1786,350,6620.1797
0,766,1,2,1193.0,1315,249,3818.8447
0,767,1,2,977.0,1531,249,4429.84667
0,768,3,2,1284.0,1224,196,4190.3577
0,769,1,0,648.2,2731,293,10803.5797
0,770,1,1,155.4,212,4,0.35152
0,771,3,2,1189.0,1319,196,4345.8097
0,772,1,1,218.4,149,4,0.2197
0,773,3,2,1135.0,1373,249,4028.4947
0,774,1,1,-1072.6,1440,4,0.2197
0,775,3,2,1206.0,1302,247,3845.7997
0,776,1,2,1035.0,1473,194,5147.8007
0,777,1,0,1030.2,2349,249,8163.6247
0,778,1,0,932.2,2447,249,8130.1014
0,779,1,2,952.0,1556,245,4493.64244
0,780,1,0,1096.2,2283,249,7870.81774
0,781,1,0,1105.2,2274,249,7834.94365
0,782,1,1,342.4,25,4,0.2197
0,783,3,1,288.4,79,4,0.2197
0,784,3,1,272.4,95,4,0.2197
0,785,1,2,1271.0,1237,245,3663.1047
0,786,1,0,1426.2,1953,293,8054.9057
0,787,3,1,307.4,60,4,0.2197
0,788,1,1,347.4,20,4,0.2197
0,789,1,0,1751.2,1628,247,6010.2197
0,790,3,1,353.4,14,2,0.2197
0,791,1,1,353.4,14,2,0.2197
0,792,1,1,353.4,14,2,0.2197
0,793,3,2,1541.0,967,194,3360.1027
0,794,1,0,1917.2,1462,293,6320.2027
0,795,1,1,353.4,14,2,0.2197
0,796,1,0,1734.2,1645,249,6010.24167
0,797,3,2,1276.0,1232,247,3642.1397
0,798,1,1,353.4,14,2,0.2197
0,799,3,0,1642.2,1737,350,6602.2397
0,800,1,1,353.4,14,2,0.2197
0,801,1,1,353.4,14,2,0.2197
0,802,1,0,1741.2,1638,247,6040.1697
0,803,1,2,1275.0,1233,196,3692.4244
0,804,1,1,353.4,14,2,0.2197
0,805,3,1,353.4,14,2,0.2197
0,806,1,0,1917.2,1462,293,6320.2027
0,807,1,2,1267.0,1241,249,3642.16167
0,808,3,2,1204.0,1304,249,3642.1397
0,809,3,2,1260.0,1248,249,3642.1397
0,810,3,2,1484.0,1024,196,3526.1537
0,811,1,0,1203.2,2176,251,6010.2197
0,812,1,2,1277.0,1231,245,3642.16167
0,813,1,1,306.4,61,4,0.2197
0,814,1,2,620.0,1888,249,3642.1397
0,815,3,1,221.4,146,4,0.2197
0,816,1,2,819.0,1689,196,3900.6517
0,817,3,1,353.4,14,2,0.2197
0,818,1,2,875.0,1633,249,3642.1397
0,819,1,1,121.4,246,4,0.2197
0,820,1,2,1030.0,1478,196,4398.8047
0,821,1,0,1443.2,1936,348,7249.0697
0,822,1,2,1169.0,1339,249,3818.8447
0,823,1,2,1171.0,1337,249,3687.0647
0,824,3,1,301.4,66,4,0.2197
0,825,1,2,1268.0,1240,249,3642.1397
0,826,1,2,1266.0,1242,249,3642.1397
0,827,1,2,1188.0,1320,245,3911.6897
0,828,3,0,1389.2,1990,297,8139.6977
0,829,3,0,1510.2,1869,251,6645.1597
0,830,3,2,1493.0,1015,196,3423.9164
0,831,3,0,969.2,2410,350,8360.27258
0,832,3,2,1261.0,1247,247,3687.0647
0,833,3,1,-141.6,509,4,0.2197
0,834,1,0,882.2,2497,350,8881.4047
0,835,1,0,999.2,2380,350,8563.8247
0,836,1,2,1019.0,1489,249,3785.8997
0,837,3,1,322.4,45,4,0.2197
0,838,1,1,219.4,148,4,0.2197
0,839,1,2,1076.0,1432,196,3935.9817
0,840,3,0,1704.2,1675,295,7085.2417
0,841,1,2,1099.0,1409,249,3642.1397
0,842,1,1,353.4,14,2,0.2197
0,843,1,2,1160.0,1348,249,3642.1397
0,844,1,0,1071.2,2308,293,9309.1207
0,845,3,1,74.4,293,4,0.2197
0,846,1,2,966.0,1542,245,4576.5797
0,847,3,2,1224.0,1284,194,4480.0637
0,848,3,1,209.4,158,4,0.2197
0,849,3,0,1681.2,1698,247,6219.8697
0,850,1,2,1201.0,1307,247,3866.7647
0,851,1,0,1146.2,2233,350,8087.7597
0,852,3,1,261.4,106,4,0.24167
0,853,1,0,1270.2,2109,297,8545.9927
0,854,3,1,265.4,102,4,0.2197
0,855,3,0,1625.2,1754,346,6683.1047
0,856,1,2,1220.0,1288,245,3815.8497
0,857,1,0,1834.2,1545,295,6574.5787
0,858,3,2,1125.0,1383,249,3642.1397
0,859,1,0,1177.2,2202,350,6620.1797
0,860,3,2,1269.0,1239,247,3642.24955
0,861,1,2,1491.0,1017,194,3536.7527
0,862,1,2,811.0,1697,249,3642.1397
0,863,1,0,1258.2,2121,350,6632.1397
0,864,1,0,1336.2,2043,297,8964.4207
0,865,1,0,1441.2,1938,350,7556.4247
0,866,1,1,283.4,84,4,0.35152
0,867,1,2,1181.0,1327,249,3642.1397
0,868,3,2,977.0,1531,249,3863.7697
0,869,1,1,345.4,22,4,0.2197
0,870,1,0,1434.2,1945,350,7236.4697
0,871,1,2,1255.0,1253,196,3391.8997
0,872,3,1,353.4,14,2,0.2197
0,873,1,0,730.2,2649,350,9311.1797
0,874,1,2,941.0,1567,249,3863.7697
0,875,3,0,1783.2,1596,297,6783.3147
0,876,3,1,-45.6,413,4,0.2197
0,877,3,0,1597.2,1782,350,6728.15546
0,878,3,2,945.0,1563,196,4907.5567
0,879,1,0,651.2,2728,350,9682.6947
0,880,3,0,1441.2,1938,350,6757.8397
0,881,1,2,667.0,1841,249,3839.8097
0,882,3,0,1582.2,1797,297,7500.5137
0,883,1,0,544.2,2835,350,9138.8047
0,884,1,1,254.4,113,4,0.2197
0,885,1,2,836.0,1672,249,3974.60667
0,886,1,2,1104.0,1404,249,3980.5747
0,887,1,2,909.0,1599,196,4769.7697
0,888,1,1,221.4,146,4,0.2197
0,889,1,1,235.4,132,4,0.2197
0,890,1,0,838.2,2541,297,9024.2017
0,891,1,0,848.2,2531,350,9528.0497
0,892,1,1,343.4,24,4,0.2197
0,893,3,1,331.4,36,4,0.2197
0,894,1,1,291.4,76,4,0.2197
0,895,1,0,950.2,2429,350,10453.8397
0,896,1,0,809.2,2570,293,11460.7137
0,897,1,1,172.4,195,4,0.2197
0,898,3,0,1380.2,1999,350,7383.9047
0,899,3,2,1209.0,1299,249,3818.8447
0,900,1,0,912.2,2467,346,9803.66152
0,901,3,0,1369.2,2010,350,7078.4147
0,902,1,0,647.2,2732,293,10807.1127
0,903,1,0,420.2,2959,350,10226.1897
0,904,1,1,237.4,130,4,0.2197
0,905,1,2,1031.0,1477,249,4220.1747
0,906,3,1,344.4,23,4,0.2197
0,907,3,0,1774.2,1605,297,6811.5787
0,908,1,2,1027.0,1481,249,4199.2097
0,909,1,2,932.0,1576,245,4663.54455
0,910,1,0,825.2,2554,297,9355.0497
0,911,3,1,321.4,46,4,0.2197
0,912,1,0,482.2,2897,350,10070.3297
0,913,1,1,318.4,49,4,0.2197
0,914,1,1,268.4,99,4,0.2197
0,915,3,1,162.4,205,4,0.2197
0,916,1,0,1021.2,2358,350,7949.9197
0,917,1,0,1072.2,2307,297,9318.2517
0,918,1,1,332.4,35,4,0.2197
0,919,1,0,1223.2,2156,348,9063.1647
0,920,3,1,342.4,25,4,0.2197
0,921,3,1,353.4,14,2,0.2197
0,922,3,2,1421.0,1087,196,3360.1027
0,923,1,1,353.4,14,2,0.2197
0,924,1,2,1248.0,1260,249,3642.1397
0,925,1,2,1268.0,1240,249,3642.1397
0,926,1,2,1278.0,1230,245,3642.1397
0,927,1,1,69.4,298,4,0.4394
0,928,3,1,87.4,280,4,0.32955
0,929,3,2,1183.0,1325,194,4624.9167
0,930,1,1,106.4,261,4,0.2197
0,931,1,2,1074.0,1434,247,4247.1297
0,932,3,2,1255.0,1253,245,3711.0247
0,933,1,1,294.4,73,4,0.2197
0,934,3,1,315.4,52,4,0.2197
0,935,1,0,889.2,2490,297,9950.5747
0,936,1,0,1083.2,2296,350,8362.8597
0,937,1,2,1417.0,1091,194,3798.1947
0,938,3,1,200.4,167,4,0.2197
0,939,1,1,280.4,87,4,0.2197
0,940,3,2,1252.0,1256,247,3714.0197
0,941,3,2,1076.0,1432,247,3920.6747
0,942,1,0,1296.2,2083,350,8366.8497
0,943,1,1,329.4,38,4,0.24167
0,944,1,1,342.4,25,4,0.2197
0,945,1,2,1018.0,1490,249,3642.1397
0,946,1,0,1133.2,2246,350,8653.3797
0,947,1,2,1144.0,1364,196,3925.3827
0,948,1,1,353.4,14,2,0.2197
0,949,1,0,1258.2,2121,350,7529.1397
0,950,1,1,353.4,14,2,0.2197
0,951,1,0,1537.2,1842,350,6835.8197
0,952,1,0,1565.2,1814,350,7038.7797
0,953,1,2,1279.0,1229,196,3603.8797
0,954,1,0,1467.2,1912,350,6790.6247
0,955,1,2,1240.0,1268,196,4292.8147
0,956,1,0,217.2,3162,297,12305.9907
0,957,1,2,1255.0,1253,249,3681.0747
0,958,3,2,1110.0,1398,249,4115.3497
0,959,1,2,293.0,2215,249,4301.21546
0,960,3,1,187.4,180,4,0.2197
0,961,1,0,584.2,2795,350,10409.6997
0,962,3,0,1336.2,2043,297,9384.5867
0,963,1,1,300.4,67,4,0.30758
0,964,1,2,589.0,1919,249,4196.2147
0,965,3,1,264.4,103,4,0.2197
0,966,3,1,268.4,99,4,0.28561
0,967,1,0,1161.2,2218,348,8075.7497
0,968,1,2,1030.0,1478,249,4262.12667
0,969,1,1,192.4,175,4,0.2197
0,970,1,0,1473.2,1906,348,7141.3097
0,971,1,2,1140.0,1368,249,3911.6897
0,972,1,0,1449.2,1930,346,7705.7347
0,973,1,0,1455.2,1924,346,7287.7747
0,974,3,1,301.4,66,4,0.2197
0,975,3,2,1421.0,1087,196,3738.1337
0,976,1,2,1225.0,1283,194,4133.8297
0,977,1,2,953.0,1555,245,4615.5147
0,978,1,1,243.4,124,4,0.2197
0,979,1,2,1166.0,1342,245,3977.5797
0,980,3,0,1884.2,1495,293,6436.7917
0,981,1,0,1655.2,1724,247,6279.90152
0,982,1,1,236.4,131,4,0.2197
0,983,3,0,1913.2,1466,297,6320.2027
0,984,1,1,353.4,14,2,0.2197
0,985,1,2,1276.0,1232,247,3642.1397
0,986,3,2,1274.0,1234,249,3642.1397
0,987,3,1,343.4,24,2,0.4394
0,988,1,0,1632.2,1747,346,6602.6791
0,989,1,1,353.4,14,2,0.2197
0,990,1,0,1718.2,1661,249,6103.0647
0,991,3,2,1527.0,981,194,3409.5647
0,992,3,2,1541.0,967,194,3360.1027
0,993,1,1,353.4,14,2,0.2197
0,994,3,0,1652.2,1727,346,6602.2397
0,995,3,1,353.4,14,2,0.2197
0,996,1,2,1276.0,1232,247,3642.1397
0,997,3,0,1915.2,1464,295,6320.2027
0,998,3,2,1278.0,1230,245,3642.1397
0,999,1,2,1419.0,1089,194,3791.1287
1,110,1,0,-73.8,3453,289,3791.1287
1,264,1,1,-373.6,741,2,3791.1287
1,331,1,1,-871.6,1239,2,3791.1287
1,423,1,0,366.2,3013,243,3791.1287
1,424,1,0,306.2,3073,243,3791.1287
1,434,1,0,-76.8,3456,289,3791.1287
1,439,1,2,-7751.0,10259,194,3791.1287
1,460,1,1,-7667.6,8035,2,3791.1287
1,475,1,0,-58.8,3438,342,3791.1287
1,477,1,0,-785.8,4165,348,3791.1287
1,478,1,0,-16.8,3396,289,3791.1287
1,481,1,0,-38.8,3418,342,3791.1287
1,484,1,2,-3064.0,5572,247,3791.1287
1,494,1,0,-1802.8,5182,289,3791.1287
1,496,1,0,-1219.8,4599,342,3791.1287
1,588,1,1,-1355.6,1723,2,3791.1287
1,590,1,1,-1220.6,1588,2,3791.1287
Time: 68879, 845760, 605170, 796057
