CONFIGURATION:
{u'simulation': {u'stdev_factor': 0.01, u'power_mgmt_enabled': False, u'tasks': {u'loc': {u'mean_service_time': {u'gpu': 90, u'cpu_core': 200, u'loc_accel': 10}, u'priority': 1, u'deadline': 1000, u'stdev_service_time': {u'gpu': 0.9, u'cpu_core': 2.0, u'loc_accel': 0.1}, u'power': {u'gpu': 4.457, u'cpu_core': 6.133, u'loc_accel': 0.02197}}, u'detect': {u'mean_service_time': {u'gpu': 0.4607, u'cpu_core': 3.654, u'det_accel': 0.278}, u'priority': 2, u'deadline': 1000, u'stdev_service_time': {u'gpu': 0.004607, u'cpu_core': 0.03654, u'det_accel': 0.0027800000000000004}, u'power': {u'gpu': 90, u'cpu_core': 200, u'det_accel': 10}}, u'Frontier': {u'mean_service_time': {u'cpu_core': 396}, u'priority': 9, u'deadline': 1000, u'stdev_service_time': {u'cpu_core': 3.96}, u'power': {u'cpu_core': 5.98}}, u'track': {u'mean_service_time': {u'gpu': 17, u'tra_accel': 2, u'cpu_core': 1820}, u'priority': 3, u'deadline': 1000, u'stdev_service_time': {u'gpu': 0.17, u'tra_accel': 0.02, u'cpu_core': 18.2}, u'power': {u'gpu': 12.79, u'tra_accel': 0.59, u'cpu_core': 5.6}}, u'sp': {u'mean_service_time': {u'gpu': 379, u'cpu_core': 1004}, u'priority': 11, u'deadline': 1000, u'stdev_service_time': {u'gpu': 3.79, u'cpu_core': 10.040000000000001}, u'power': {u'gpu': 3.302, u'cpu_core': 1004}}, u'mission': {u'mean_service_time': {u'cpu_core': 0.0022}, u'priority': 5, u'deadline': 1000, u'stdev_service_time': {u'cpu_core': 2.2000000000000003e-05}, u'power': {u'cpu_core': 3.534}}, u'motion': {u'mean_service_time': {u'cpu_core': 8}, u'priority': 6, u'deadline': 1000, u'stdev_service_time': {u'cpu_core': 0.08}, u'power': {u'cpu_core': 4.222}}, u'collision': {u'mean_service_time': {u'cpu_core': 8}, u'priority': 7, u'deadline': 1000, u'stdev_service_time': {u'cpu_core': 0.08}, u'power': {u'cpu_core': 0}}, u'fusion': {u'mean_service_time': {u'cpu_core': 1}, u'priority': 4, u'deadline': 1000, u'stdev_service_time': {u'cpu_core': 0.01}, u'power': {u'cpu_core': 0}}, u'map': {u'mean_service_time': {u'gpu': 761, u'cpu_core': 973}, u'priority': 10, u'deadline': 1000, u'stdev_service_time': {u'gpu': 7.61, u'cpu_core': 9.73}, u'power': {u'gpu': 3.533, u'cpu_core': 2.995}}, u'path': {u'mean_service_time': {u'cpu_core': 8}, u'priority': 8, u'deadline': 1000, u'stdev_service_time': {u'cpu_core': 0.08}, u'power': {u'cpu_core': 0}}}, u'sched_policy_module': u'policies.ms3_update2', u'drop': True, u'servers': {u'gpu': {u'count': 2}, u'tra_accel': {u'count': 1}, u'cpu_core': {u'count': 8}, u'loc_accel': {u'count': 1}, u'det_accel': {u'count': 1}}, u'max_tasks_simulated': 10000, u'max_queue_size': 1000000, u'mean_arrival_time': 50, u'arrival_time_scale': 2.2}, u'general': {u'random_seed': 0, u'pre_gen_arrivals': False, u'basename': u'policy:ms3_update2__stdev_factor:0.01', u'output_trace_file': None, u'working_dir': u'/home/hiwot/meta-stomp2/sim_16042020_201032_new_arrival_50_map_rheftmapping_50_trace_30', u'input_trace_file': (False, '../mv_mapping_50_trace_30.trc'), u'logging_level': u'INFO'}}

/home/hiwot/meta-stomp2/sim_16042020_201032_new_arrival_50_map_rheftmapping_50_trace_30/../mv_mapping_50_trace_30.trc

Running STOMP simulation...
Dropped,DAG ID,DAG Priority,DAG Type,Slack,Response Time,No-Affinity Time,Energy
0,0,1,0,1917.2,1462,293,6320.2027
0,1,3,2,1541.0,967,194,3360.1027
0,2,3,0,1751.2,1628,247,6010.2197
0,3,1,0,1749.2,1630,249,6010.2197
0,4,3,0,1749.2,1630,249,6010.2197
0,5,1,2,1278.0,1230,245,3642.1397
0,6,1,1,353.4,14,2,0.2197
0,7,3,1,353.4,14,2,0.2197
0,8,3,2,1276.0,1232,247,3642.1397
0,9,3,1,353.4,14,2,0.2197
0,10,3,1,353.4,14,2,0.2197
0,11,1,0,1883.2,1496,293,6440.3247
0,12,3,2,1539.0,969,196,3360.1027
0,13,3,2,1541.0,967,194,3360.1027
0,14,1,1,353.4,14,2,0.2197
0,15,3,2,1541.0,967,194,3360.1027
0,16,3,0,1749.2,1630,249,6010.2197
0,17,3,0,1751.2,1628,247,6010.2197
0,18,1,0,1749.2,1630,249,6010.2197
0,19,1,0,1652.2,1727,346,6602.2397
0,20,1,2,1276.0,1232,247,3642.1397
0,21,3,2,1276.0,1232,247,3642.1397
0,22,3,1,352.4,15,2,0.24167
0,23,3,2,1420.0,1088,194,3787.5957
0,24,1,1,353.4,14,2,0.2197
0,25,1,1,353.4,14,2,0.2197
0,26,1,1,353.4,14,2,0.2197
0,27,1,1,353.4,14,2,0.2197
0,28,1,1,353.4,14,2,0.2197
0,29,3,0,1640.2,1739,297,6320.2027
0,30,1,0,930.2,2449,350,6865.3597
0,31,1,0,971.2,2408,350,7475.3197
0,32,1,0,1038.2,2341,297,6902.6117
0,33,1,0,1109.2,2270,350,6644.0997
0,34,3,0,1635.2,1744,350,6620.1797
0,35,1,0,1474.2,1905,350,7086.6197
0,36,1,1,352.4,15,2,0.24167
0,37,1,1,353.4,14,2,0.2197
0,38,3,0,1614.2,1765,350,6769.6797
0,39,1,2,725.0,1783,249,3642.1397
0,40,1,1,353.4,14,2,0.2197
0,41,3,1,353.4,14,2,0.2197
0,43,1,0,1814.2,1565,297,6487.73058
0,44,1,2,969.0,1539,196,4314.0127
0,45,1,2,580.0,1928,196,5638.8877
0,46,1,2,765.0,1743,249,4483.7347
0,47,1,0,1301.2,2078,350,7572.5697
0,48,1,0,1493.2,1886,350,7072.4247
0,49,1,2,691.0,1817,249,4384.8997
0,50,1,2,1207.0,1301,196,4356.4087
0,53,2,1,48.4,319,4,0.2197
0,54,2,2,1231.0,1277,249,3651.1247
0,55,1,2,1246.0,1262,245,3737.9797
0,56,1,0,1092.2,2287,350,6695.0847
0,57,3,0,1727.2,1652,295,6945.5437
0,58,3,1,348.4,19,2,0.32955
0,59,1,0,1396.2,1983,251,6010.2197
0,60,1,2,556.0,1952,249,4313.0197
0,61,3,0,1488.2,1891,297,7896.5127
0,62,1,1,102.4,265,4,0.2197
0,63,1,1,132.4,235,4,0.2197
0,64,1,2,1013.0,1495,249,3645.1347
0,65,1,1,103.4,264,4,0.2197
0,66,1,1,192.4,175,4,0.2197
0,67,1,2,1202.0,1306,247,3860.7747
0,68,1,1,246.4,121,4,0.2197
0,70,1,2,1278.0,1230,245,3642.1397
0,72,3,0,1245.2,2134,297,8194.2777
0,73,3,2,920.0,1588,249,4289.0597
0,75,3,2,1141.0,1367,249,4016.5147
0,78,2,1,338.4,29,4,0.2197
0,81,3,2,1449.0,1059,196,3529.6867
0,82,3,2,898.0,1610,249,3642.1397
0,87,3,2,1143.0,1365,249,4010.5247
0,91,3,2,1254.0,1254,196,4285.7487
0,93,3,1,206.4,161,4,0.2197
0,104,3,2,774.0,1734,249,4429.8247
0,111,3,0,1400.2,1979,348,7595.7297
0,112,3,0,1357.2,2022,350,7553.8297
0,113,3,2,685.0,1823,249,4184.2347
0,128,3,2,1344.0,1164,196,3695.7377
0,133,3,2,1153.0,1355,249,3974.5847
0,135,3,2,1129.0,1379,249,3812.8547
0,138,1,0,-1346.8,4726,297,6782.4897
0,141,3,1,308.4,59,4,0.2197
0,142,3,0,1895.2,1484,297,6391.9627
0,144,2,2,1172.0,1336,249,3729.08258
0,145,2,2,1212.0,1296,249,3821.8397
0,146,2,0,1207.2,2172,350,7920.8347
0,148,1,0,-14.8,3394,350,7451.5997
0,150,3,1,266.4,101,4,0.2197
0,151,2,2,1291.0,1217,196,3812.3267
0,152,1,0,344.2,3035,297,7218.1347
0,153,2,1,-2361.6,2729,4,0.2197
0,154,1,0,583.2,2796,350,7099.3797
0,156,1,0,637.2,2742,350,7203.9847
0,161,3,1,297.4,70,4,0.2197
0,162,3,1,313.4,54,4,0.2197
0,163,1,0,1254.2,2125,297,7469.9147
0,164,2,2,474.0,2034,249,3965.5997
0,165,3,0,1731.2,1648,297,6946.1357
0,166,2,1,-1256.6,1624,4,0.2197
0,167,3,2,1149.0,1359,249,3786.07546
0,169,1,2,914.0,1594,249,4271.0897
0,170,1,2,974.0,1534,249,4336.9797
0,171,1,2,988.0,1520,196,4999.4147
0,173,1,2,1268.0,1240,194,4324.6117
0,180,3,1,239.4,128,4,0.2197
0,181,3,1,344.4,23,4,0.2197
0,185,1,0,533.2,2846,348,13246.0797
0,189,1,0,757.2,2622,297,9321.08161
0,190,1,2,141.0,2367,249,4226.1647
0,191,3,2,1060.0,1448,196,3685.1387
0,192,1,0,1370.2,2009,350,7138.3147
0,193,1,0,1356.2,2023,348,7560.3797
0,194,1,2,591.0,1917,249,4450.7897
0,195,1,2,835.0,1673,249,3860.7747
0,196,3,0,1627.2,1752,348,6692.0197
0,197,2,2,962.0,1546,249,4549.6247
0,198,3,2,1148.0,1360,196,4423.5357
0,199,1,2,1188.0,1320,249,3875.7497
0,201,2,0,1917.2,1462,293,6320.2027
0,202,1,2,1268.0,1240,247,3666.0997
0,203,2,1,152.4,215,4,0.2197
0,204,1,1,163.4,204,4,0.2197
0,205,2,0,1917.2,1462,293,6320.2027
0,206,3,0,1809.2,1570,293,6701.7667
0,207,1,0,1741.2,1638,247,6010.4394
0,208,1,2,1276.0,1232,247,3642.1397
0,209,1,1,353.4,14,2,0.2197
0,210,3,1,353.4,14,2,0.2197
0,211,1,0,1535.2,1844,297,6320.2027
0,212,3,0,1823.2,1556,297,6320.2027
0,213,3,0,1640.2,1739,346,6673.9997
0,214,1,0,1643.2,1736,348,6644.0997
0,215,3,0,1647.2,1732,348,6620.1797
0,216,3,0,1647.2,1732,348,6620.1797
0,217,1,2,1250.0,1258,249,3642.31546
0,218,3,0,1798.2,1581,295,6733.5637
0,219,3,2,1278.0,1230,245,3642.1397
0,220,3,0,1802.2,1577,293,6726.4977
0,221,3,1,102.4,265,4,0.2197
0,222,1,2,1035.0,1473,245,4369.9247
0,223,1,2,853.0,1655,249,4903.0347
0,224,3,1,219.4,148,4,0.2197
0,226,1,0,1488.2,1891,297,7800.5297
0,227,2,1,324.4,43,4,0.2197
0,228,3,1,353.4,14,2,0.2197
0,229,1,0,1915.2,1464,295,6320.2027
0,230,1,1,350.4,17,2,0.28561
0,231,1,0,1751.2,1628,247,6010.2197
0,232,3,1,353.4,14,2,0.2197
0,233,1,0,1749.2,1630,249,6010.2197
0,234,3,2,1276.0,1232,247,3642.1397
0,235,3,2,1276.0,1232,247,3642.1397
0,236,1,2,1341.0,1167,194,4066.7027
0,237,1,1,353.4,14,2,0.2197
0,238,1,1,353.4,14,2,0.2197
0,239,3,0,1906.2,1473,293,6359.0657
0,240,3,0,1652.2,1727,346,6602.2397
0,241,1,2,1276.0,1232,247,3642.1397
0,242,1,1,263.4,104,4,0.2197
0,243,1,1,351.4,16,2,0.2197
0,244,1,0,462.2,2917,297,6560.4467
0,245,1,0,482.2,2897,251,6010.2197
0,246,1,2,1276.0,1232,247,3642.1397
0,247,1,0,966.2,2413,297,6655.0827
0,248,1,2,102.0,2406,249,3642.27152
0,249,3,1,353.4,14,2,0.2197
0,250,1,2,474.0,2034,196,3822.9257
0,251,1,1,353.4,14,2,0.2197
0,252,1,2,574.0,1934,249,3642.1397
0,253,1,1,351.4,16,4,0.2197
0,254,2,0,1564.2,1815,350,7008.8797
0,255,3,0,1534.2,1845,346,7307.8797
0,256,1,2,857.0,1651,249,3702.0397
0,257,3,2,1224.0,1284,196,3935.9817
0,258,1,0,1649.2,1730,346,6620.1797
0,259,1,0,1394.2,1985,247,7079.4347
0,260,3,1,101.4,266,4,0.61516
0,261,3,2,1006.0,1502,249,4385.03152
0,262,1,2,963.0,1545,196,5342.44525
0,263,1,0,1466.2,1913,346,7159.3097
0,265,1,2,1010.0,1498,245,4444.7997
0,267,3,2,1216.0,1292,194,4508.3277
0,268,1,0,1448.2,1931,346,7213.2197
0,271,1,2,1200.0,1308,194,4564.8557
0,272,3,0,1751.2,1628,247,6010.2197
0,273,3,1,351.4,16,4,0.2197
0,274,1,2,1272.0,1236,245,3642.27152
0,275,1,1,353.4,14,2,0.2197
0,276,1,1,353.4,14,2,0.2197
0,277,3,2,1541.0,967,194,3360.1027
0,278,1,0,1740.2,1639,251,6010.24167
0,279,1,0,1844.2,1535,297,6563.9797
0,280,1,0,1751.2,1628,247,6010.2197
0,281,1,2,1276.0,1232,247,3642.1397
0,282,1,1,353.4,14,2,0.2197
0,283,1,2,1276.0,1232,247,3642.1397
0,284,1,2,1276.0,1232,247,3642.1397
0,285,3,1,353.4,14,2,0.2197
0,286,1,0,1917.2,1462,293,6320.2027
0,287,1,1,353.4,14,2,0.2197
0,288,1,1,353.4,14,2,0.2197
0,289,1,0,1917.2,1462,293,6320.2027
0,290,3,2,1276.0,1232,247,3642.1397
0,291,3,2,1276.0,1232,247,3642.1397
0,292,1,1,141.4,226,4,0.2197
0,293,1,1,353.4,14,2,0.2197
0,294,1,2,1494.0,1014,194,3526.1537
0,295,1,2,1278.0,1230,245,3642.1397
0,296,1,1,353.4,14,2,0.2197
0,297,1,1,353.4,14,2,0.2197
0,298,1,2,1541.0,967,194,3360.1027
0,299,3,2,1276.0,1232,247,3642.1397
0,300,3,2,1276.0,1232,247,3642.1397
0,301,1,1,353.4,14,2,0.2197
0,302,3,2,1276.0,1232,247,3642.1397
0,303,1,1,353.4,14,2,0.2197
0,304,1,0,1652.2,1727,346,6602.2397
0,305,1,1,353.4,14,2,0.2197
0,306,1,1,353.4,14,2,0.2197
0,307,1,2,1541.0,967,194,3360.1027
0,308,1,0,1751.2,1628,247,6010.2197
0,309,1,0,211.2,3168,350,6602.2397
0,310,1,2,1446.0,1062,194,3695.7377
0,311,1,1,353.4,14,2,0.2197
0,312,3,1,353.4,14,2,0.2197
0,313,1,1,353.4,14,2,0.2197
0,314,1,1,353.4,14,2,0.2197
0,315,1,1,353.4,14,2,0.2197
0,316,1,1,353.4,14,2,0.2197
0,317,1,0,881.2,2498,293,12515.4827
0,318,3,1,353.4,14,2,0.2197
0,319,1,0,1539.2,1840,295,8568.6827
0,320,2,2,721.0,1787,249,3642.1397
0,321,1,0,1588.2,1791,350,6662.08364
0,322,1,2,737.0,1771,249,3642.16167
0,323,1,1,345.4,22,2,0.39546
0,324,3,0,1634.2,1745,348,6697.9197
0,325,1,2,794.0,1714,249,3642.1397
0,326,3,0,1544.2,1835,346,7188.4994
0,327,1,2,899.0,1609,249,3642.1397
0,328,3,2,1148.0,1360,196,4497.7287
0,329,3,2,1008.0,1500,249,3890.7247
0,330,1,0,1340.2,2039,293,8358.7437
0,332,1,0,1111.2,2268,247,7927.0197
0,333,1,2,923.0,1585,245,4705.3647
0,334,1,2,1051.0,1457,194,5091.2727
0,335,1,0,1517.2,1862,348,7000.5747
0,336,3,1,346.4,21,4,0.2197
0,337,1,0,1878.2,1501,293,6457.9897
0,338,1,2,1278.0,1230,245,3642.1397
0,339,1,1,347.4,20,2,0.35152
0,340,3,0,1652.2,1727,346,6602.2397
0,341,1,2,1278.0,1230,245,3642.1397
0,342,3,2,1276.0,1232,247,3642.1397
0,343,3,1,353.4,14,2,0.2197
0,344,1,2,1541.0,967,194,3360.1027
0,345,1,1,353.4,14,2,0.2197
0,346,1,0,1915.2,1464,295,6320.2027
0,347,1,2,1278.0,1230,245,3642.1397
0,348,3,2,1276.0,1232,247,3642.1397
0,349,1,1,353.4,14,2,0.2197
0,350,3,2,1276.0,1232,247,3642.1397
0,351,1,2,1274.0,1234,249,3642.1397
0,352,1,0,1652.2,1727,346,6602.2397
0,353,1,1,353.4,14,2,0.2197
0,354,1,1,353.4,14,2,0.2197
0,355,1,0,1915.2,1464,295,6320.2027
0,356,1,1,353.4,14,2,0.2197
0,357,3,1,353.4,14,2,0.2197
0,358,1,1,353.4,14,2,0.2197
0,359,1,1,353.4,14,2,0.2197
0,360,1,1,353.4,14,2,0.2197
0,361,1,2,1541.0,967,194,3360.1027
0,362,1,2,1278.0,1230,245,3642.1397
0,363,1,0,1270.2,2109,297,7023.2697
0,364,1,2,1278.0,1230,245,3642.1397
0,365,1,1,353.4,14,2,0.2197
0,366,1,2,1278.0,1230,245,3642.1397
0,367,1,1,353.4,14,2,0.2197
0,368,3,1,353.4,14,2,0.2197
0,369,1,0,1765.2,1614,297,6762.00346
0,370,1,0,1645.2,1734,346,6644.0997
0,371,1,2,1273.0,1235,247,3642.1397
0,372,3,1,353.4,14,2,0.2197
0,373,1,0,1579.2,1800,297,6752.8647
0,374,1,2,1161.0,1347,249,3642.1397
0,375,3,2,1266.0,1242,249,3642.1397
0,376,1,0,1652.2,1727,346,6602.2397
0,377,1,1,353.4,14,2,0.2197
0,378,3,1,353.4,14,2,0.2197
0,379,3,0,1777.2,1602,295,6807.7567
0,380,3,2,1264.0,1244,249,3642.1397
0,381,1,0,1635.2,1744,346,6653.1547
0,382,1,0,1908.2,1471,293,6351.9997
0,383,1,2,1278.0,1230,245,3642.1397
0,384,3,0,1543.2,1836,346,6928.6947
0,385,1,2,1010.0,1498,245,4444.7997
0,386,1,1,353.4,14,2,0.2197
0,387,3,2,1479.0,1029,194,3579.1487
0,388,1,2,1249.0,1259,247,3723.0047
0,389,1,1,108.4,259,4,0.4394
0,390,1,2,1411.0,1097,194,3819.3927
0,391,1,1,353.4,14,2,0.2197
0,394,3,1,353.4,14,2,0.2197
0,397,3,1,353.4,14,2,0.2197
0,398,3,0,1214.2,2165,350,8420.1597
0,399,1,1,353.4,14,2,0.2197
0,400,1,1,353.4,14,2,0.2197
0,402,1,1,353.4,14,2,0.2197
0,404,3,2,1171.0,1337,249,3642.1397
0,414,3,0,1756.2,1623,297,6872.09046
0,417,3,0,688.2,2691,350,8367.79561
0,420,3,2,965.0,1543,249,3672.0897
0,427,3,1,-39.6,407,4,0.2197
0,428,3,2,1006.0,1502,196,3967.7787
0,430,3,2,1129.0,1379,249,4058.4447
0,433,3,0,1309.2,2070,350,7404.62167
0,436,3,0,1416.2,1963,350,7469.7197
0,437,3,2,846.0,1662,249,3776.9147
0,438,3,0,1525.2,1854,297,7830.05761
0,441,3,1,56.4,311,4,0.2197
0,448,3,0,1563.2,1816,297,7419.8887
0,453,3,1,24.4,343,4,0.2197
0,457,3,1,102.4,265,4,0.2197
0,461,3,0,1494.2,1885,350,6703.9697
0,463,2,0,1007.2,2372,350,8228.4947
0,465,3,0,1525.2,1854,350,7173.4347
0,466,3,0,1536.2,1843,350,6928.6247
0,479,3,2,937.0,1571,249,3672.0897
0,480,3,0,1135.2,2244,297,8426.3277
0,485,3,0,1189.2,2190,297,8325.5487
0,488,3,1,35.4,332,4,0.2197
0,493,3,2,1043.0,1465,249,3845.7997
0,498,3,0,1113.2,2266,297,8755.6377
0,509,3,2,1353.0,1155,196,3699.2707
0,511,1,0,633.2,2746,350,6865.7697
0,514,2,2,1040.0,1468,249,3657.1147
0,515,3,0,1605.2,1774,297,7286.7487
0,516,2,0,1259.2,2120,348,7692.3697
0,517,1,2,480.0,2028,249,3809.8597
0,518,1,0,1391.2,1988,350,6725.0047
0,519,2,0,1494.2,1885,350,7051.4697
0,520,3,0,1615.2,1764,297,7212.3087
0,521,3,1,317.4,50,4,0.2197
0,522,2,1,-1012.6,1380,4,0.2197
0,523,1,0,1580.2,1799,293,7783.71646
0,525,1,0,1645.2,1734,346,6623.2047
0,527,2,1,-313.6,681,4,0.2197
0,529,3,0,1546.2,1833,297,6320.2027
0,530,3,0,1445.2,1934,297,8434.2327
0,532,3,1,279.4,88,4,0.2197
0,533,2,2,1231.0,1277,249,3642.1397
0,535,1,1,353.4,14,2,0.2197
0,537,3,2,886.0,1622,249,3642.1397
0,539,1,1,353.4,14,2,0.2197
0,541,3,2,1271.0,1237,196,3847.6567
0,544,3,0,1201.2,2178,350,8274.1247
0,546,3,0,1266.2,2113,297,8885.36661
0,547,3,2,886.0,1622,249,4684.3997
0,549,3,1,21.4,346,4,0.28561
0,553,3,2,1195.0,1313,249,3737.9797
0,554,3,1,344.4,23,4,0.2197
0,556,3,2,1368.0,1140,196,3854.74467
0,563,3,0,1008.2,2371,350,7455.96243
0,564,3,2,765.0,1743,196,4547.1907
0,568,3,1,156.4,211,4,0.2197
0,581,1,0,81.2,3298,350,7332.9397
0,582,1,0,75.2,3304,350,11004.8694
0,585,3,1,248.4,119,4,0.2197
0,586,1,0,250.2,3129,350,7192.2047
0,587,3,2,1264.0,1244,196,3557.9507
0,589,3,2,1048.0,1460,196,3398.9657
0,591,3,0,1165.2,2214,297,8865.6267
0,592,3,1,-113.6,481,4,0.39546
0,593,1,0,688.2,2691,350,10162.5797
0,594,2,0,706.2,2673,297,9993.59867
0,595,1,0,979.2,2400,350,8027.5097
0,596,3,0,1538.2,1841,350,6910.6947
0,597,1,0,1045.2,2334,350,8165.2997
0,598,1,2,556.0,1952,249,5379.2397
0,599,3,2,951.0,1557,249,4591.5547
0,600,1,2,856.0,1652,194,5780.2077
0,601,1,2,1058.0,1450,247,4130.3247
0,602,3,0,1865.2,1514,293,6594.4577
0,603,3,1,280.4,87,4,0.2197
0,605,3,0,1562.2,1817,346,6871.7897
0,606,1,0,1796.2,1583,295,6740.6297
0,607,1,1,98.4,269,4,0.2197
0,608,1,0,1667.2,1712,295,7196.3867
0,609,3,1,350.4,17,4,0.2197
0,610,1,0,1650.2,1729,348,6602.2397
0,611,3,2,1258.0,1250,247,3666.3194
0,612,1,0,1718.2,1661,249,6064.41531
0,613,2,1,353.4,14,2,0.2197
0,614,1,1,353.4,14,2,0.2197
0,615,1,2,1278.0,1230,245,3642.1397
0,616,2,0,1839.2,1540,295,6588.7107
0,617,1,2,1276.0,1232,247,3642.1397
0,618,1,1,353.4,14,2,0.2197
0,619,3,2,1541.0,967,194,3360.1027
0,620,1,2,1262.0,1246,245,3690.0597
0,621,3,2,1518.0,990,194,3441.3617
0,622,3,1,353.4,14,2,0.2197
0,623,1,1,353.4,14,2,0.2197
0,624,1,1,353.4,14,2,0.2197
0,625,1,2,1278.0,1230,245,3642.1397
0,626,3,1,353.4,14,2,0.2197
0,627,1,1,353.4,14,2,0.2197
0,628,3,1,353.4,14,2,0.2197
0,629,3,1,353.4,14,2,0.2197
0,630,1,0,1741.2,1638,297,6320.2027
0,631,1,0,1639.2,1740,346,6650.1297
0,632,3,0,1806.2,1573,297,6666.50261
0,633,1,1,353.4,14,2,0.2197
0,634,1,2,1157.0,1351,249,3642.3594
0,635,1,0,1636.2,1743,346,6620.46531
0,636,1,0,1751.2,1628,247,6010.2197
0,638,1,2,1301.0,1207,194,4208.0227
0,639,3,0,1596.2,1783,297,6518.0507
0,640,3,1,353.4,14,2,0.2197
0,641,1,1,352.4,15,2,0.24167
0,643,3,1,61.4,306,4,0.2197
0,644,1,1,-42.6,410,4,0.2197
0,646,3,0,1514.2,1865,350,6994.5547
0,647,1,1,250.4,117,4,0.2197
0,648,3,1,328.4,39,4,0.2197
0,649,3,1,353.4,14,2,0.2197
0,656,3,2,989.0,1519,249,3935.6497
0,659,3,0,1575.2,1804,350,6736.8747
0,662,3,0,1735.2,1644,297,7009.1797
0,665,3,1,327.4,40,4,0.24167
0,670,3,1,235.4,132,4,0.2197
0,672,2,2,970.0,1538,247,4549.6247
0,673,3,0,1590.2,1789,350,6749.05258
0,675,3,2,1061.0,1447,249,4130.3247
0,677,2,2,1147.0,1361,249,3648.1297
0,681,2,0,1506.2,1873,350,7173.7347
0,682,1,0,251.2,3128,350,7131.9747
0,683,3,0,1007.2,2372,297,9034.9217
0,686,3,1,-67.6,435,4,0.2197
0,688,3,2,882.0,1626,249,4624.4997
0,689,1,0,604.2,2775,350,7779.37652
0,695,1,2,110.0,2398,249,4423.8347
0,696,1,0,988.2,2391,350,7731.1747
0,697,1,0,569.2,2810,295,11910.0477
0,698,1,2,460.0,2048,249,5906.3597
0,699,3,0,1519.2,1860,350,6973.5897
0,700,1,2,624.0,1884,247,5564.9297
0,701,1,2,575.0,1933,245,5717.8944
0,703,1,2,345.0,2163,247,6406.70046
0,704,3,2,1030.0,1478,196,4896.9577
0,705,1,0,1074.2,2305,247,8037.8347
0,706,3,1,284.4,83,4,0.2197
0,707,1,2,669.0,1839,247,5460.1047
0,708,1,0,1246.2,2133,293,8690.8457
0,709,3,1,-113.6,481,4,0.2197
0,710,1,0,1657.2,1722,293,7238.7827
0,711,2,1,333.4,34,4,0.2197
0,712,1,0,1751.2,1628,247,6010.2197
0,713,3,2,1278.0,1230,245,3642.1397
0,714,2,2,1423.0,1085,194,3776.9967
0,715,1,1,353.4,14,2,0.2197
0,716,1,1,353.4,14,2,0.2197
0,717,1,2,1541.0,967,194,3360.1027
0,718,3,2,1278.0,1230,245,3642.1397
0,719,1,0,1739.2,1640,251,6010.2197
0,720,1,1,353.4,14,2,0.2197
0,721,3,0,1649.2,1730,346,6620.1797
0,722,3,0,1647.2,1732,348,6620.1797
0,723,3,2,1355.0,1153,196,3646.2757
0,724,1,2,1499.0,1009,194,3508.4887
0,725,1,0,1745.2,1634,247,6010.35152
0,726,1,1,353.4,14,2,0.2197
0,727,1,0,1751.2,1628,247,6010.2197
0,728,1,2,1278.0,1230,245,3642.1397
0,729,3,2,1276.0,1232,247,3642.1397
0,730,1,0,1652.2,1727,346,6602.2397
0,731,1,1,174.4,193,4,0.2197
0,732,1,0,1915.2,1464,295,6320.2027
0,733,1,1,353.4,14,2,0.2197
0,734,1,0,1917.2,1462,293,6320.2027
0,735,3,1,353.4,14,2,0.2197
0,736,1,1,353.4,14,2,0.2197
0,737,1,1,353.4,14,2,0.2197
0,738,1,1,353.4,14,2,0.2197
0,739,1,1,353.4,14,2,0.2197
0,740,3,0,1751.2,1628,247,6010.2197
0,741,1,0,1807.2,1572,293,6708.8327
0,742,1,1,353.4,14,2,0.2197
0,743,1,2,1541.0,967,194,3360.1027
0,744,1,0,1475.2,1904,249,6010.2197
0,745,3,1,353.4,14,2,0.2197
0,746,3,0,1585.2,1794,297,7710.9837
0,747,3,2,1172.0,1336,249,3642.1397
0,748,1,1,352.4,15,2,0.24167
0,749,1,2,1266.0,1242,249,3642.1397
0,750,1,1,353.4,14,2,0.2197
0,751,3,2,1299.0,1209,196,3360.1027
0,752,3,2,1265.0,1243,249,3642.22758
0,753,3,2,1262.0,1246,249,3642.33743
0,754,3,2,1276.0,1232,247,3642.1397
0,757,3,0,1673.2,1706,297,6620.5077
0,758,1,0,-110.8,3490,297,7634.2737
0,760,1,0,95.2,3284,350,6835.8197
0,761,1,0,199.2,3180,350,7431.4847
0,762,3,1,353.4,14,2,0.2197
0,763,1,0,685.2,2694,297,7631.9807
0,764,2,2,-172.0,2680,249,3642.31546
0,765,3,0,1278.2,2101,350,7523.1597
0,766,1,2,-86.0,2594,249,3977.5797
0,767,1,2,-80.0,2588,196,6444.43367
0,768,3,2,1234.0,1274,196,4190.3577
0,769,1,0,746.2,2633,293,10949.1927
0,771,3,2,1114.0,1394,249,3932.6547
0,773,3,2,1046.0,1462,249,3962.6047
0,775,3,2,1153.0,1355,249,3986.5647
0,776,1,2,660.0,1848,249,4771.2547
0,777,1,0,1271.2,2108,348,7752.2697
0,778,1,0,1115.2,2264,346,8210.5547
0,779,1,2,672.0,1836,245,5457.1097
0,780,1,0,1082.2,2297,293,9270.2577
0,781,1,0,1108.2,2271,346,8231.5197
0,783,3,1,232.4,135,4,0.2197
0,784,3,1,262.4,105,4,0.2197
0,785,1,2,1238.0,1270,245,3761.9397
0,786,1,0,1526.2,1853,346,6979.6097
0,787,3,1,247.4,120,4,0.2197
0,789,1,0,1758.2,1621,293,6881.9497
0,790,3,1,338.4,29,4,0.2197
0,791,2,1,353.4,14,2,0.2197
0,792,1,1,353.4,14,2,0.2197
0,793,3,2,1541.0,967,194,3360.1027
0,794,1,0,1917.2,1462,293,6320.2027
0,795,1,1,353.4,14,2,0.2197
0,796,1,0,1718.2,1661,251,6010.24167
0,797,3,2,1278.0,1230,245,3642.1397
0,798,1,1,353.4,14,2,0.2197
0,799,3,0,1642.2,1737,350,6602.2397
0,800,1,1,353.4,14,2,0.2197
0,801,1,1,353.4,14,2,0.2197
0,802,1,0,1084.2,2295,297,7608.5547
0,803,1,2,1248.0,1260,249,3642.3594
0,804,1,1,353.4,14,2,0.2197
0,805,3,1,353.4,14,2,0.2197
0,806,1,0,1765.2,1614,297,6714.8827
0,807,2,2,906.0,1602,249,3642.16167
0,808,3,2,1005.0,1503,249,3642.1397
0,809,3,2,1263.0,1245,249,3642.1397
0,810,3,2,1487.0,1021,196,3526.1537
0,811,1,0,-911.8,4291,350,6620.1797
0,812,1,2,1245.0,1263,249,3642.16167
0,813,1,1,282.4,85,4,0.2197
0,814,1,2,-1526.0,4034,249,3642.1397
0,815,3,1,221.4,146,4,0.2197
0,816,1,2,-1327.0,3835,196,3900.6517
0,817,3,1,353.4,14,2,0.2197
0,818,1,2,-1264.0,3772,249,3642.1397
0,820,1,2,-1109.0,3617,196,4398.8047
0,822,1,2,-958.0,3466,249,3818.8447
0,824,3,1,299.4,68,4,0.2197
0,828,3,0,1446.2,1933,297,6917.2937
0,829,3,0,1424.2,1955,297,8060.1307
0,830,3,2,1008.0,1500,249,4175.4694
0,831,3,0,1437.2,1942,350,7207.26758
0,832,3,2,768.0,1740,249,5139.6397
0,833,3,1,229.4,138,4,0.2197
0,834,1,0,661.2,2718,350,8354.3047
0,835,1,0,937.2,2442,297,8540.5767
0,836,1,2,291.0,2217,249,4438.8097
0,837,3,1,148.4,219,4,0.2197
0,839,1,2,510.0,1998,249,4417.8447
0,840,3,0,1610.2,1769,293,7659.3217
0,841,2,2,872.0,1636,249,3648.1297
0,843,1,2,1092.0,1416,249,3902.7047
0,844,1,0,1204.2,2175,348,7938.0097
0,845,3,1,75.4,292,4,0.2197
0,846,1,2,749.0,1759,245,5226.4947
0,847,3,2,1224.0,1284,194,4480.0637
0,848,3,1,225.4,142,4,0.2197
0,849,3,0,1599.2,1780,346,6760.9747
0,850,1,2,1034.0,1474,194,5151.3337
0,851,1,0,1587.2,1792,247,6501.3997
0,852,3,1,96.4,271,4,0.24167
0,853,1,0,1559.2,1820,247,6585.2597
0,854,3,1,275.4,92,4,0.2197
0,855,3,0,1638.2,1741,346,6644.1697
0,856,1,2,1188.0,1320,194,4607.2517
0,857,1,0,1830.2,1549,297,6574.5787
0,858,3,2,1126.0,1382,249,3642.1397
0,860,3,2,1267.0,1241,249,3642.24955
0,861,1,2,1491.0,1017,194,3536.7527
0,862,1,2,-3179.0,5687,249,3642.1397
0,866,1,1,347.4,20,2,0.35152
0,868,3,2,980.0,1528,249,3863.7697
0,869,1,1,335.4,32,4,0.2197
0,872,3,1,353.4,14,2,0.2197
0,875,3,0,1564.2,1815,297,6783.3147
0,876,3,1,29.4,338,4,0.2197
0,877,3,0,1228.2,2151,297,8798.18146
0,878,3,2,945.0,1563,249,4609.5247
0,880,3,0,1665.2,1714,251,6225.8597
0,882,3,0,1332.2,2047,297,8265.9537
0,890,1,0,232.2,3147,297,8497.9617
0,891,1,0,297.2,3082,350,7676.8647
0,893,3,1,331.4,36,4,0.2197
0,895,1,0,237.2,3142,346,15031.1047
0,896,1,0,421.2,2958,346,12497.9847
0,898,3,0,1322.2,2057,350,7499.8397
0,899,3,2,1051.0,1457,249,4007.5297
0,900,2,0,860.2,2519,350,8132.78652
0,901,3,0,1490.2,1889,297,7869.8707
0,902,1,0,993.2,2386,350,7943.9697
0,903,1,0,412.2,2967,350,9994.3247
0,905,1,2,650.0,1858,196,5970.9897
0,906,3,1,93.4,274,4,0.2197
0,907,3,0,1740.2,1639,297,7044.7987
0,908,2,2,833.0,1675,249,4858.1097
0,909,1,2,731.0,1777,245,5265.53955
0,910,1,0,1058.2,2321,251,7927.0197
0,911,3,1,147.4,220,4,0.2197
0,912,1,0,1085.2,2294,295,9231.3947
0,915,3,1,245.4,122,4,0.2197
0,916,1,0,899.2,2480,350,7392.8997
0,917,1,0,962.2,2417,297,8415.2717
0,919,1,0,981.2,2398,348,10555.0997
0,920,3,1,302.4,65,4,0.2197
0,921,3,1,330.4,37,4,0.2197
0,922,3,2,1441.0,1067,196,3360.1027
0,923,1,1,353.4,14,2,0.2197
0,924,1,2,1135.0,1373,249,3642.1397
0,925,1,2,1193.0,1315,249,3642.1397
0,926,1,2,1223.0,1285,249,3642.1397
0,927,1,1,77.4,290,4,0.4394
0,928,3,1,113.4,254,4,0.32955
0,929,3,2,1240.0,1268,245,3755.9497
0,930,1,1,124.4,243,4,0.2197
0,931,1,2,1102.0,1406,245,4169.2597
0,932,3,2,1425.0,1083,194,3769.9307
0,933,1,1,353.4,14,2,0.2197
0,934,3,1,353.4,14,2,0.2197
0,935,1,0,1566.2,1813,346,6859.8097
0,936,1,0,1771.2,1608,295,6828.9547
0,937,1,2,1178.0,1330,249,3911.6897
0,938,3,1,205.4,162,4,0.2197
0,940,3,2,1275.0,1233,247,3645.1347
0,941,3,2,1109.0,1399,245,4148.2947
0,943,2,1,198.4,169,4,0.24167
0,944,1,1,267.4,100,4,0.2197
0,945,1,2,1278.0,1230,245,3642.1397
0,946,1,0,-598.8,3978,251,6010.2197
0,948,1,1,353.4,14,2,0.2197
0,949,1,0,-258.8,3638,350,6620.1797
0,950,1,1,199.4,168,4,0.2197
0,951,1,0,84.2,3295,297,7745.2557
0,952,1,0,101.2,3278,350,6847.4197
0,954,1,0,168.2,3211,350,6817.5197
0,956,1,0,400.2,2979,297,7122.2077
0,958,3,2,1038.0,1470,249,3896.7147
0,960,3,1,82.4,285,4,0.2197
0,961,1,0,761.2,2618,350,9653.0497
0,962,3,0,1672.2,1707,297,7327.4667
0,964,2,2,257.0,2251,249,4390.8897
0,965,3,1,273.4,94,4,0.2197
0,966,3,1,283.4,84,4,0.28561
0,967,1,0,1388.2,1991,348,7401.8547
0,968,1,2,729.0,1779,249,4241.1397
0,970,1,0,1523.2,1856,348,6997.5297
0,971,1,2,877.0,1631,249,4594.5497
0,972,2,0,1605.2,1774,348,6751.9397
0,973,1,0,1631.2,1748,348,6680.0397
0,974,3,1,229.4,138,4,0.2197
0,975,3,2,1403.0,1105,196,3738.1337
0,976,1,2,1322.0,1186,194,4133.8297
0,977,2,2,1270.0,1238,247,3660.1097
0,979,1,2,1223.0,1285,245,3806.8647
0,980,3,0,1884.2,1495,293,6436.7917
0,981,1,0,1685.2,1694,247,6190.05152
0,982,2,1,167.4,200,4,0.2197
0,983,3,0,1915.2,1464,295,6320.2027
0,984,1,1,353.4,14,2,0.2197
0,985,1,2,1276.0,1232,247,3642.1397
0,986,3,2,1276.0,1232,247,3642.1397
0,987,3,1,343.4,24,2,0.4394
0,988,1,0,1632.2,1747,346,6602.6791
0,989,1,1,353.4,14,2,0.2197
0,990,1,0,1619.2,1760,348,6695.0847
0,991,3,2,1527.0,981,194,3409.5647
0,992,3,2,1541.0,967,194,3360.1027
0,993,1,1,353.4,14,2,0.2197
0,994,3,0,1652.2,1727,346,6602.2397
0,995,3,1,353.4,14,2,0.2197
0,996,1,2,1278.0,1230,245,3642.1397
0,997,3,0,1915.2,1464,295,6320.2027
0,998,3,2,1278.0,1230,245,3642.1397
0,999,1,2,1419.0,1089,194,3791.1287
1,42,1,1,-916.6,1284,2,3791.1287
1,51,1,1,-139.6,507,2,3791.1287
1,52,1,1,-46.6,414,2,3791.1287
1,69,1,0,-3511.8,6891,348,3791.1287
1,71,1,0,-3241.8,6621,295,3791.1287
1,74,1,1,-197.6,565,2,3791.1287
1,76,1,0,-2766.8,6146,348,3791.1287
1,77,1,0,-2750.8,6130,348,3791.1287
1,79,1,2,-3107.0,5615,194,3791.1287
1,80,1,0,-2218.8,5598,348,3791.1287
1,83,1,2,-2872.0,5380,247,3791.1287
1,84,1,1,-4914.6,5282,2,3791.1287
1,85,1,2,-2742.0,5250,247,3791.1287
1,86,1,0,-2194.8,5574,342,3791.1287
1,88,1,1,-4590.6,4958,2,3791.1287
1,89,1,1,-4586.6,4954,2,3791.1287
1,90,1,0,-1633.8,5013,295,3791.1287
1,92,1,2,-2439.0,4947,247,3791.1287
1,94,1,0,-1705.8,5085,342,3791.1287
1,95,1,0,-1364.8,4744,348,3791.1287
1,96,1,1,-4269.6,4637,2,3791.1287
1,97,1,2,-2152.0,4660,194,3791.1287
1,98,1,0,-1154.8,4534,348,3791.1287
1,99,1,1,-3977.6,4345,2,3791.1287
1,100,1,1,-3967.6,4335,2,3791.1287
1,101,1,0,-1038.8,4418,348,3791.1287
1,102,1,1,-3959.6,4327,2,3791.1287
1,103,1,1,-3914.6,4282,2,3791.1287
1,105,1,2,-1802.0,4310,194,3791.1287
1,106,1,0,-428.8,3808,342,3791.1287
1,107,1,1,-3546.6,3914,2,3791.1287
1,108,1,2,-1449.0,3957,194,3791.1287
1,109,1,0,-1147.8,4527,342,3791.1287
1,110,1,0,-766.8,4146,342,3791.1287
1,114,1,0,-419.8,3799,295,3791.1287
1,115,1,1,-2868.6,3236,2,3791.1287
1,116,1,1,-2830.6,3198,2,3791.1287
1,117,1,2,-1037.0,3545,247,3791.1287
1,118,1,1,-2637.6,3005,2,3791.1287
1,119,1,2,-1005.0,3513,247,3791.1287
1,120,1,1,-2552.6,2920,2,3791.1287
1,121,1,1,-2551.6,2919,2,3791.1287
1,122,1,0,-345.8,3725,289,3791.1287
1,123,1,0,-110.8,3490,348,3791.1287
1,124,1,1,-2060.6,2428,2,3791.1287
1,125,1,2,-403.0,2911,247,3791.1287
1,126,1,0,-259.8,3639,342,3791.1287
1,127,1,0,-876.8,4256,342,3791.1287
1,129,1,0,-637.8,4017,348,3791.1287
1,130,1,0,-591.8,3971,289,3791.1287
1,131,1,2,-1444.0,3952,247,3791.1287
1,132,1,1,-1305.6,1673,2,3791.1287
1,134,1,1,-1253.6,1621,2,3791.1287
1,136,1,1,-1188.6,1556,2,3791.1287
1,137,1,1,-1169.6,1537,2,3791.1287
1,139,1,0,-963.8,4343,348,3791.1287
1,140,1,2,-1686.0,4194,247,3791.1287
1,143,1,2,-1126.0,3634,194,3791.1287
1,147,1,1,-1280.6,1648,2,3791.1287
1,149,1,2,-680.0,3188,247,3791.1287
1,155,1,1,-2289.6,2657,2,3791.1287
1,157,1,1,-2248.6,2616,2,3791.1287
1,158,1,2,-143.0,2651,247,3791.1287
1,159,1,0,-1682.8,5062,348,3791.1287
1,160,1,1,-1895.6,2263,2,3791.1287
1,168,1,0,-1116.8,4496,348,3791.1287
1,172,1,0,-825.8,4205,348,3791.1287
1,174,1,0,-687.8,4067,348,3791.1287
1,175,1,1,-594.6,962,2,3791.1287
1,176,1,2,-1289.0,3797,247,3791.1287
1,177,1,0,-537.8,3917,342,3791.1287
1,178,1,2,-713.0,3221,194,3791.1287
1,179,1,2,-667.0,3175,194,3791.1287
1,182,1,2,-483.0,2991,247,3791.1287
1,183,1,2,-306.0,2814,247,3791.1287
1,184,1,2,-263.0,2771,247,3791.1287
1,186,1,2,-127.0,2635,247,3791.1287
1,187,1,2,-125.0,2633,247,3791.1287
1,188,1,1,-2176.6,2544,2,3791.1287
1,200,1,1,-592.6,960,2,3791.1287
1,225,1,1,-102.6,470,2,3791.1287
1,264,1,1,-684.6,1052,2,3791.1287
1,266,1,1,-481.6,849,2,3791.1287
1,269,1,1,-282.6,650,2,3791.1287
1,270,1,1,-267.6,635,2,3791.1287
1,331,1,1,-885.6,1253,2,3791.1287
1,392,1,0,-2834.8,6214,342,3791.1287
1,393,1,0,-8619.8,11999,295,3791.1287
1,395,1,2,-9250.0,11758,247,3791.1287
1,396,1,0,-8376.8,11756,348,3791.1287
1,401,1,2,-8910.0,11418,194,3791.1287
1,403,1,0,-7927.8,11307,348,3791.1287
1,405,1,0,-7800.8,11180,348,3791.1287
1,406,1,0,-1811.8,5191,342,3791.1287
1,407,1,0,-7835.8,11215,295,3791.1287
1,408,1,2,-8538.0,11046,247,3791.1287
1,409,1,2,-8576.0,11084,194,3791.1287
1,410,1,1,-10472.6,10840,2,3791.1287
1,411,1,0,-1552.8,4932,342,3791.1287
1,412,1,0,-7761.8,11141,342,3791.1287
1,413,1,2,-8140.0,10648,194,3791.1287
1,415,1,2,-8028.0,10536,247,3791.1287
1,416,1,0,-7603.8,10983,342,3791.1287
1,418,1,0,-7674.8,11054,342,3791.1287
1,419,1,1,-9714.6,10082,2,3791.1287
1,421,1,1,-9485.6,9853,2,3791.1287
1,422,1,0,-7115.8,10495,348,3791.1287
1,423,1,0,-7581.8,10961,342,3791.1287
1,424,1,0,-7728.8,11108,289,3791.1287
1,425,1,2,-8380.0,10888,247,3791.1287
1,426,1,1,-9137.6,9505,2,3791.1287
1,429,1,1,-8869.6,9237,2,3791.1287
1,431,1,2,-7852.0,10360,247,3791.1287
1,432,1,2,-7568.0,10076,194,3791.1287
1,434,1,0,-7052.8,10432,342,3791.1287
1,435,1,2,-7599.0,10107,247,3791.1287
1,439,1,2,-7421.0,9929,247,3791.1287
1,440,1,1,-8617.6,8985,2,3791.1287
1,442,1,1,-8437.6,8805,2,3791.1287
1,443,1,0,-5905.8,9285,348,3791.1287
1,444,1,1,-8181.6,8549,2,3791.1287
1,445,1,0,-4597.8,7977,342,3791.1287
1,446,1,2,-6660.0,9168,194,3791.1287
1,447,1,1,-8552.6,8920,2,3791.1287
1,449,1,0,-5390.8,8770,348,3791.1287
1,450,1,2,-6227.0,8735,247,3791.1287
1,451,1,2,-6184.0,8692,247,3791.1287
1,452,1,1,-7707.6,8075,2,3791.1287
1,454,1,0,-3318.8,6698,289,3791.1287
1,455,1,1,-7644.6,8012,2,3791.1287
1,456,1,2,-5504.0,8012,247,3791.1287
1,458,1,2,-5466.0,7974,247,3791.1287
1,459,1,2,-5269.0,7777,194,3791.1287
1,460,1,1,-7348.6,7716,2,3791.1287
1,462,1,2,-5159.0,7667,194,3791.1287
1,464,1,0,-2418.8,5798,342,3791.1287
1,467,1,0,-1765.8,5145,342,3791.1287
1,468,1,2,-4401.0,6909,194,3791.1287
1,469,1,1,-6441.6,6809,2,3791.1287
1,470,1,0,-3330.8,6710,348,3791.1287
1,471,1,1,-6132.6,6500,2,3791.1287
1,472,1,0,-3156.8,6536,348,3791.1287
1,473,1,1,-6046.6,6414,2,3791.1287
1,474,1,2,-3764.0,6272,194,3791.1287
1,475,1,0,-2825.8,6205,348,3791.1287
1,476,1,2,-3608.0,6116,247,3791.1287
1,477,1,0,-2559.8,5939,348,3791.1287
1,478,1,0,-685.8,4065,342,3791.1287
1,481,1,0,-2907.8,6287,348,3791.1287
1,482,1,2,-3175.0,5683,247,3791.1287
1,483,1,2,-2891.0,5399,194,3791.1287
1,484,1,2,-2882.0,5390,247,3791.1287
1,486,1,1,-4828.6,5196,2,3791.1287
1,487,1,0,-2261.8,5641,289,3791.1287
1,489,1,0,-2179.8,5559,342,3791.1287
1,490,1,1,-4559.6,4927,2,3791.1287
1,491,1,0,-2279.8,5659,342,3791.1287
1,492,1,1,-4474.6,4842,2,3791.1287
1,494,1,0,-1718.8,5098,348,3791.1287
1,495,1,1,-4075.6,4443,2,3791.1287
1,496,1,0,-1917.8,5297,342,3791.1287
1,497,1,2,-2244.0,4752,247,3791.1287
1,499,1,2,-2051.0,4559,247,3791.1287
1,500,1,1,-3531.6,3899,2,3791.1287
1,501,1,0,-969.8,4349,348,3791.1287
1,502,1,1,-3345.6,3713,2,3791.1287
1,503,1,2,-1713.0,4221,247,3791.1287
1,504,1,1,-3151.6,3519,2,3791.1287
1,505,1,2,-1564.0,4072,194,3791.1287
1,506,1,2,-1385.0,3893,247,3791.1287
1,507,1,0,-349.8,3729,348,3791.1287
1,508,1,2,-552.0,3060,194,3791.1287
1,510,1,1,-2363.6,2731,2,3791.1287
1,512,1,1,-2301.6,2669,2,3791.1287
1,513,1,2,-19.0,2527,247,3791.1287
1,524,1,1,-891.6,1259,2,3791.1287
1,526,1,1,-384.6,752,2,3791.1287
1,528,1,1,-222.6,590,2,3791.1287
1,531,1,2,-4975.0,7483,247,3791.1287
1,534,1,2,-4580.0,7088,247,3791.1287
1,536,1,0,-3669.8,7049,348,3791.1287
1,538,1,2,-4217.0,6725,194,3791.1287
1,540,1,2,-4155.0,6663,247,3791.1287
1,542,1,0,-3233.8,6613,348,3791.1287
1,543,1,1,-6005.6,6373,2,3791.1287
1,545,1,2,-3799.0,6307,247,3791.1287
1,548,1,2,-3765.0,6273,247,3791.1287
1,550,1,1,-5874.6,6242,2,3791.1287
1,551,1,2,-3714.0,6222,247,3791.1287
1,552,1,2,-3612.0,6120,247,3791.1287
1,555,1,2,-3202.0,5710,194,3791.1287
1,557,1,1,-5275.6,5643,2,3791.1287
1,558,1,1,-5271.6,5639,2,3791.1287
1,559,1,1,-5135.6,5503,2,3791.1287
1,560,1,2,-2866.0,5374,247,3791.1287
1,561,1,1,-4971.6,5339,2,3791.1287
1,562,1,2,-2849.0,5357,247,3791.1287
1,565,1,0,-1773.8,5153,348,3791.1287
1,566,1,2,-2583.0,5091,247,3791.1287
1,567,1,2,-2543.0,5051,247,3791.1287
1,569,1,2,-2353.0,4861,247,3791.1287
1,570,1,0,-1657.8,5037,342,3791.1287
1,571,1,0,-1406.8,4786,289,3791.1287
1,572,1,2,-1825.0,4333,194,3791.1287
1,573,1,0,-1258.8,4638,342,3791.1287
1,574,1,2,-1620.0,4128,247,3791.1287
1,575,1,2,-1307.0,3815,247,3791.1287
1,576,1,1,-3283.6,3651,2,3791.1287
1,577,1,0,-181.8,3561,348,3791.1287
1,578,1,1,-3154.6,3522,2,3791.1287
1,579,1,2,-965.0,3473,247,3791.1287
1,580,1,1,-3060.6,3428,2,3791.1287
1,583,1,0,-357.8,3737,342,3791.1287
1,584,1,1,-2808.6,3176,2,3791.1287
1,588,1,1,-2494.6,2862,2,3791.1287
1,590,1,1,-2356.6,2724,2,3791.1287
1,604,1,1,-369.6,737,2,3791.1287
1,637,1,0,-11.8,3391,348,3791.1287
1,642,1,0,-143.8,3523,249,3791.1287
1,645,1,2,-752.0,3260,247,3791.1287
1,650,1,0,-2713.8,6093,295,3791.1287
1,651,1,2,-66.0,2574,194,3791.1287
1,652,1,0,-2456.8,5836,348,3791.1287
1,653,1,0,-2364.8,5744,348,3791.1287
1,654,1,2,-3177.0,5685,247,3791.1287
1,655,1,0,-2280.8,5660,348,3791.1287
1,657,1,0,-2170.8,5550,348,3791.1287
1,658,1,0,-2058.8,5438,295,3791.1287
1,660,1,1,-1521.6,1889,2,3791.1287
1,661,1,0,-1891.8,5271,348,3791.1287
1,663,1,2,-2429.0,4937,247,3791.1287
1,664,1,1,-993.6,1361,2,3791.1287
1,666,1,2,-2232.0,4740,247,3791.1287
1,667,1,2,-2149.0,4657,194,3791.1287
1,668,1,1,-4155.6,4523,2,3791.1287
1,669,1,1,-3853.6,4221,2,3791.1287
1,671,1,2,-1615.0,4123,194,3791.1287
1,674,1,1,-3408.6,3776,2,3791.1287
1,676,1,0,-279.8,3659,348,3791.1287
1,678,1,2,-904.0,3412,194,3791.1287
1,679,1,2,-823.0,3331,194,3791.1287
1,680,1,0,-80.8,3460,342,3791.1287
1,684,1,2,-476.0,2984,247,3791.1287
1,685,1,1,-2579.6,2947,2,3791.1287
1,687,1,1,-2448.6,2816,2,3791.1287
1,690,1,2,-167.0,2675,194,3791.1287
1,691,1,1,-2247.6,2615,2,3791.1287
1,692,1,1,-2196.6,2564,2,3791.1287
1,693,1,1,-2102.6,2470,2,3791.1287
1,694,1,1,-2025.6,2393,2,3791.1287
1,702,1,1,-1452.6,1820,2,3791.1287
1,755,1,0,-330.8,3710,348,3791.1287
1,756,1,0,-345.8,3725,342,3791.1287
1,759,1,2,-596.0,3104,247,3791.1287
1,770,1,1,-1698.6,2066,2,3791.1287
1,772,1,1,-1635.6,2003,2,3791.1287
1,774,1,1,-1436.6,1804,2,3791.1287
1,782,1,1,-912.6,1280,2,3791.1287
1,788,1,1,-57.6,425,2,3791.1287
1,819,1,1,-205.6,573,2,3791.1287
1,821,1,0,-105.8,3485,348,3791.1287
1,823,1,2,-864.0,3372,247,3791.1287
1,825,1,2,-604.0,3112,247,3791.1287
1,826,1,2,-457.0,2965,247,3791.1287
1,827,1,2,-397.0,2905,247,3791.1287
1,838,1,1,-1650.6,2018,2,3791.1287
1,842,1,1,-1169.6,1537,2,3791.1287
1,859,1,0,-2708.8,6088,348,3791.1287
1,863,1,0,-2290.8,5670,348,3791.1287
1,864,1,0,-2051.8,5431,295,3791.1287
1,865,1,0,-1953.8,5333,348,3791.1287
1,867,1,2,-2619.0,5127,247,3791.1287
1,870,1,0,-1523.8,4903,295,3791.1287
1,871,1,2,-2318.0,4826,247,3791.1287
1,873,1,0,-1346.8,4726,348,3791.1287
1,874,1,2,-2090.0,4598,247,3791.1287
1,879,1,0,-843.8,4223,348,3791.1287
1,881,1,2,-1424.0,3932,247,3791.1287
1,883,1,0,-446.8,3826,348,3791.1287
1,884,1,1,-3324.6,3692,2,3791.1287
1,885,1,2,-1231.0,3739,247,3791.1287
1,886,1,2,-950.0,3458,194,3791.1287
1,887,1,2,-863.0,3371,247,3791.1287
1,888,1,1,-2818.6,3186,2,3791.1287
1,889,1,1,-2804.6,3172,2,3791.1287
1,892,1,1,-2631.6,2999,2,3791.1287
1,894,1,1,-2405.6,2773,2,3791.1287
1,897,1,1,-2215.6,2583,2,3791.1287
1,904,1,1,-1535.6,1903,2,3791.1287
1,913,1,1,-869.6,1237,2,3791.1287
1,914,1,1,-753.6,1121,2,3791.1287
1,918,1,1,-22.6,390,2,3791.1287
1,939,1,1,-37.6,405,2,3791.1287
1,942,1,0,-331.8,3711,295,3791.1287
1,947,1,2,-696.0,3204,194,3791.1287
1,953,1,2,-86.0,2594,247,3791.1287
1,955,1,2,-166.0,2674,247,3791.1287
1,957,1,2,-67.0,2575,247,3791.1287
1,959,1,2,-202.0,2710,194,3791.1287
1,963,1,1,-1343.6,1711,2,3791.1287
1,969,1,1,-1024.6,1392,2,3791.1287
1,978,1,1,-52.6,420,2,3791.1287
Time: 72006, 369382, 821321, 377685
