2020-04-16 18:13:00

CONFIGURATION:
{u'simulation': {u'stdev_factor': 0.01, u'power_mgmt_enabled': False, u'tasks': {u'loc': {u'mean_service_time': {u'gpu': 90, u'cpu_core': 200, u'loc_accel': 10}, u'priority': 1, u'deadline': 1000, u'stdev_service_time': {u'gpu': 0.9, u'cpu_core': 2.0, u'loc_accel': 0.1}, u'power': {u'gpu': 4.457, u'cpu_core': 6.133, u'loc_accel': 0.02197}}, u'detect': {u'mean_service_time': {u'gpu': 0.4607, u'cpu_core': 3.654, u'det_accel': 0.278}, u'priority': 2, u'deadline': 1000, u'stdev_service_time': {u'gpu': 0.004607, u'cpu_core': 0.03654, u'det_accel': 0.0027800000000000004}, u'power': {u'gpu': 90, u'cpu_core': 200, u'det_accel': 10}}, u'Frontier': {u'mean_service_time': {u'cpu_core': 396}, u'priority': 9, u'deadline': 1000, u'stdev_service_time': {u'cpu_core': 3.96}, u'power': {u'cpu_core': 5.98}}, u'track': {u'mean_service_time': {u'gpu': 17, u'tra_accel': 2, u'cpu_core': 1820}, u'priority': 3, u'deadline': 1000, u'stdev_service_time': {u'gpu': 0.17, u'tra_accel': 0.02, u'cpu_core': 18.2}, u'power': {u'gpu': 12.79, u'tra_accel': 0.59, u'cpu_core': 5.6}}, u'sp': {u'mean_service_time': {u'gpu': 379, u'cpu_core': 1004}, u'priority': 11, u'deadline': 1000, u'stdev_service_time': {u'gpu': 3.79, u'cpu_core': 10.040000000000001}, u'power': {u'gpu': 3.302, u'cpu_core': 1004}}, u'mission': {u'mean_service_time': {u'cpu_core': 0.0022}, u'priority': 5, u'deadline': 1000, u'stdev_service_time': {u'cpu_core': 2.2000000000000003e-05}, u'power': {u'cpu_core': 3.534}}, u'motion': {u'mean_service_time': {u'cpu_core': 8}, u'priority': 6, u'deadline': 1000, u'stdev_service_time': {u'cpu_core': 0.08}, u'power': {u'cpu_core': 4.222}}, u'collision': {u'mean_service_time': {u'cpu_core': 8}, u'priority': 7, u'deadline': 1000, u'stdev_service_time': {u'cpu_core': 0.08}, u'power': {u'cpu_core': 0}}, u'fusion': {u'mean_service_time': {u'cpu_core': 1}, u'priority': 4, u'deadline': 1000, u'stdev_service_time': {u'cpu_core': 0.01}, u'power': {u'cpu_core': 0}}, u'map': {u'mean_service_time': {u'gpu': 761, u'cpu_core': 973}, u'priority': 10, u'deadline': 1000, u'stdev_service_time': {u'gpu': 7.61, u'cpu_core': 9.73}, u'power': {u'gpu': 3.533, u'cpu_core': 2.995}}, u'path': {u'mean_service_time': {u'cpu_core': 8}, u'priority': 8, u'deadline': 1000, u'stdev_service_time': {u'cpu_core': 0.08}, u'power': {u'cpu_core': 0}}}, u'sched_policy_module': u'policies.rheft', u'drop': True, u'servers': {u'gpu': {u'count': 2}, u'tra_accel': {u'count': 1}, u'cpu_core': {u'count': 8}, u'loc_accel': {u'count': 1}, u'det_accel': {u'count': 1}}, u'max_tasks_simulated': 10000, u'max_queue_size': 1000000, u'mean_arrival_time': 50, u'arrival_time_scale': 3}, u'general': {u'random_seed': 0, u'pre_gen_arrivals': False, u'basename': u'policy:rheft__stdev_factor:0.01', u'output_trace_file': None, u'working_dir': u'/home/hiwot/meta-stomp2/sim_16042020_181058_new_arrival_50_map_rheftmapping_50_trace_50', u'input_trace_file': (False, '../mv_mapping_50_trace_50.trc'), u'logging_level': u'INFO'}}
Time	Response time (avg)
961	951.0
1078	951.0
1912	992.0
2122	981.8
2486	1028.6
2609	1059.8
2648	1082.1
2863	1071.4
3093	1087.4
3133	1073.8
3458	1086.7
3476	1097.5
3486	1106.6
3716	1129.6
3814	1132.5
3843	1141.4
3959	1145.8
4084	1150.6
4342	1168.9
4765	1200.0
4819	1229.8
5035	1246.7
5255	1245.3
5430	1247.9
5569	1254.5
5571	1256.8
6100	1245.4
6121	1234.9
6404	1234.3
6497	1233.7
6533	1233.1
6938	1232.6
7064	1232.1
7084	1223.8
7234	1216.0
7589	1216.0
7631	1216.0
8230	1209.0
8401	1202.4
8741	1202.8
8762	1203.1
9057	1203.4
9181	1200.0
9436	1194.3
9965	1194.8
10132	1191.6
10133	1192.1
10160	1192.6
10387	1191.1
10658	1191.6
11027	1192.1
11057	1192.6
11206	1188.0
11479	1183.6
11879	1184.2
12087	1184.8
12157	1181.9
12430	1178.1
13108	1177.7
13179	1178.4
13364	1179.0
13381	1175.8
14059	1173.7
14378	1174.4
14491	1170.9
14921	1171.6
15010	1168.7
15323	1169.4
15442	1167.2
15467	1167.9
15477	1168.5
15961	1167.5
15986	1168.1
16253	1168.8
17047	1165.9
17347	1163.1
17726	1163.7
18160	1161.0
18298	1159.1
18680	1159.8
18788	1160.5
18896	1161.2
19136	1161.8
19171	1159.3
19273	1156.9
19592	1157.5
20122	1156.1
20407	1153.7
21065	1154.4
21211	1152.2
21358	1150.2
21737	1150.9
21788	1151.6
21908	1152.3
22034	1153.0
22162	1152.7
22184	1153.4
22309	1153.4
22772	1154.1
23027	1154.7
23164	1152.7
23392	1150.7
23912	1151.3
23922	1152.0
24115	1150.8
24397	1148.9
24734	1149.6
25004	1150.2
25447	1148.3
25468	1146.5
25757	1147.2
25769	1147.8
26039	1148.4
26102	1149.0
26183	1149.6
26306	1150.1
26445	1151.0
27415	1149.3
27703	1147.7
28426	1146.0
28654	1145.1
28845	1145.7
28916	1146.3
29057	1146.8
29476	1145.3
29638	1143.7
30407	1144.3
31000	1142.8
31177	1141.3
31703	1141.9
31739	1142.4
31955	1143.0
31996	1141.6
32407	1140.1
32947	1139.7
32966	1140.3
33296	1140.8
33358	1139.6
33898	1139.2
34079	1139.7
34091	1140.3
34169	1140.8
34321	1139.5
35242	1138.2
35890	1136.9
36193	1136.7
36222	1137.2
36242	1137.8
36560	1138.3
36841	1138.2
37022	1138.7
37079	1139.2
37144	1139.3
37166	1139.8
38308	1138.6
38492	1137.4
39101	1137.9
39259	1137.1
39296	1137.6
39443	1137.1
39725	1137.6
40190	1138.0
40210	1137.0
40394	1136.2
41161	1136.1
41186	1136.5
41614	1135.4
41901	1135.9
42112	1135.3
42137	1135.8
42452	1136.3
42462	1136.7
42565	1136.5
42605	1137.0
42809	1137.5
43063	1137.5
43064	1138.0
43349	1138.4
43513	1139.7
43747	1138.7
44125	1137.7
44426	1138.1
44698	1137.9
45077	1138.3
45142	1137.3
45485	1137.7
45506	1138.1
45578	1138.5
45649	1137.8
46044	1138.2
46093	1137.6
46397	1138.0
46466	1138.4
46550	1138.8
46690	1137.8
47078	1136.9
47641	1136.9
47846	1137.3
47856	1137.7
47981	1138.1
48049	1137.2
48458	1137.6
48592	1137.3
48992	1137.6
49111	1136.7
49386	1137.1
49543	1137.0
49694	1137.4
49829	1137.7
50042	1138.1
50062	1137.9
50270	1138.2
50321	1138.6
50342	1139.0
50623	1138.1
50903	1138.4
51496	1137.6
51655	1136.7
52139	1137.1
52149	1137.5
52184	1137.8
52436	1138.2
52627	1137.3
52663	1136.5
53027	1136.8
53174	1137.2
53246	1137.5
53355	1138.2
53384	1138.9
53561	1139.2
53578	1138.7
53863	1137.9
54383	1138.3
54559	1137.5
54895	1136.7
55184	1137.0
55235	1137.3
55253	1137.7
55358	1138.0
55510	1137.8
55846	1137.4
56150	1137.8
56160	1138.1
56423	1138.4
56521	1137.6
56920	1136.9
57195	1137.2
57434	1137.5
57814	1136.8
58057	1136.0
58739	1136.4
58765	1136.4
59671	1135.7
59716	1135.0
60041	1135.3
60053	1135.6
60110	1135.9
60281	1136.2
60371	1136.5
60566	1136.8
60590	1137.1
60622	1136.9
60667	1136.5
61297	1138.2
61326	1139.5
61573	1141.3
61595	1143.5
61618	1144.7
61762	1146.0
61806	1147.3
62035	1149.2
62280	1152.1
62392	1154.2
62524	1155.8
62569	1155.7
63026	1157.3
63050	1159.1
63334	1161.4
63475	1161.2
63478	1163.9
63514	1165.7
63520	1166.6
63520	1166.6
63626	1167.0
64280	1169.2
64426	1170.8
64471	1171.8
64550	1172.6
64715	1172.8
65243	1173.0
65593	1172.2
65665	1171.4
65940	1171.6
66080	1171.7
66557	1171.9
66868	1171.1
66985	1170.4
67271	1170.6
67313	1170.7
67334	1170.9
67523	1171.0
68674	1170.3
68809	1169.6
69296	1169.7
69599	1169.9
69625	1169.4
71218	1168.7
71281	1168.0
72042	1168.2
72052	1168.3
72169	1168.1
72232	1167.9
72440	1168.1
72569	1168.2
72920	1168.4
73120	1167.8
73183	1167.2
73610	1167.4
74161	1166.7
74344	1166.0
74765	1166.2
74834	1166.3
74933	1166.5
75274	1165.8
75367	1165.2
75905	1165.3
76040	1165.5
76225	1164.8
76432	1164.2
76757	1164.3
76802	1164.5
77219	1164.6
77224	1164.0
77383	1163.7
77879	1163.9
78098	1164.1
78175	1164.0
78334	1163.8
78470	1164.0
78662	1164.2
78914	1164.3
79126	1164.0
79154	1164.2
79328	1164.3
79636	1163.7
80077	1163.5
80980	1162.9
81253	1162.3
81860	1162.5
81931	1162.2
81965	1162.3
82127	1162.5
82204	1161.9
82882	1161.7
83010	1161.9
83155	1161.5
83833	1161.1
84163	1160.5
84446	1160.7
84575	1160.8
84773	1161.0
84784	1160.8
84959	1160.9
84969	1161.1
85114	1160.8
85735	1160.8
85754	1160.9
86036	1161.1
86065	1160.9
86414	1161.1
86504	1161.2
86561	1161.4
86738	1161.5
86938	1160.9
87016	1160.5
87452	1160.6
87545	1160.8
87722	1160.9
87889	1160.4
87967	1160.0
88430	1160.1
88843	1159.6
89029	1159.0
90604	1158.5
90847	1158.0
91151	1158.1
91235	1158.3
91250	1158.4
91370	1158.5
91418	1158.7
91819	1158.2
92065	1157.6
92908	1157.1
93116	1156.6
93859	1156.6
93933	1156.7
94396	1156.2
94691	1156.4
94721	1156.5
94811	1156.7
95074	1156.1
95347	1155.7
95699	1155.9
95780	1156.0
96388	1155.5
96398	1155.0
96673	1155.2
96899	1155.3
97019	1155.5
97034	1155.6
97178	1155.8
97256	1155.9
97339	1155.9
97349	1155.8
97370	1155.9
98512	1155.4
98713	1154.9
99110	1155.1
99191	1155.2
99437	1155.4
99463	1155.3
99664	1155.0
99716	1155.2
101269	1154.7
101680	1154.2
102125	1154.3
102220	1154.1
102440	1154.3
102524	1154.4
102913	1154.0
103171	1154.0
103379	1154.1
103472	1154.2
103508	1154.4
104203	1153.9
104365	1153.4
104783	1153.6
104843	1153.7
104879	1153.9
105154	1153.7
105316	1153.3
105332	1153.4
105342	1153.5
105356	1153.7
105815	1153.8
105999	1154.0
106113	1154.3
106555	1153.9
106651	1153.4
106958	1153.6
107081	1153.7
107201	1153.8
107429	1154.0
107506	1153.8
107602	1153.6
107801	1153.7
107957	1153.9
108206	1154.0
108224	1154.1
108234	1154.3
108401	1154.4
108417	1154.5
108457	1154.7
108553	1155.0
109176	1156.0
109408	1157.2
109440	1158.7
109504	1159.0
109527	1160.4
109633	1160.7
109960	1161.3
110359	1161.1
110455	1161.0
110612	1161.1
110633	1161.2
110765	1161.3
110984	1161.5
111559	1161.0
111667	1160.6
112445	1160.7
112466	1160.8
112510	1160.4
112618	1160.3
112832	1160.4
113222	1160.5
113237	1160.6
113450	1160.7
113486	1160.9
113683	1160.4
113884	1160.0
114161	1160.1
114326	1160.2
114398	1160.3
114634	1160.0
114835	1159.9
115476	1160.0
115843	1159.6
116068	1159.2
116711	1159.3
116792	1159.4
116794	1159.0
117019	1158.7
117461	1158.8
117769	1158.4
118324	1158.0
118601	1158.1
118631	1158.2
118658	1158.4
118718	1158.5
118720	1158.4
119261	1158.5
119282	1158.6
119380	1158.2
119671	1158.2
119714	1158.3
120221	1158.4
120231	1158.5
120257	1158.6
120331	1158.7
120622	1158.7
120947	1158.8
120980	1158.9
121049	1159.0
121282	1159.0
121439	1159.1
121514	1159.2
121573	1159.3
121974	1160.0
122183	1160.1
122233	1159.9
122524	1159.8
122834	1159.9
122933	1160.0
123328	1159.6
123961	1159.2
124279	1159.2
124454	1159.3
124957	1158.9
125230	1158.9
125908	1158.6
126181	1158.6
126261	1158.7
126479	1158.8
126623	1158.9
126746	1159.0
126779	1159.1
126859	1159.1
127156	1158.7
127160	1158.8
127170	1158.9
127688	1159.0
127751	1159.1
128143	1158.7
128314	1158.4
128678	1158.5
128690	1158.6
128777	1158.7
128963	1158.8
129094	1158.7
129131	1158.8
129215	1158.9
129397	1158.5
129983	1158.6
130045	1158.5
130292	1158.6
130348	1158.5
130448	1158.7
130937	1158.8
130996	1158.7
131201	1158.8
131258	1158.9
131282	1159.0
131299	1158.9
131708	1159.0
131804	1159.1
131947	1159.3
132059	1159.7
132250	1159.6
132281	1159.7
132593	1159.8
132614	1159.9
132912	1160.4
133342	1160.0
133352	1159.6
133655	1159.7
133955	1159.8
134126	1159.9
134293	1159.7
134303	1159.6
134516	1159.7
134759	1159.8
134831	1159.9
135053	1160.0
135256	1159.6
135271	1159.3
135546	1159.4
135980	1159.5
136154	1159.6
136231	1159.2
136233	1159.3
136537	1159.0
137182	1159.0
137488	1158.9
137957	1159.0
138065	1159.1
138133	1158.9
138161	1159.0
138439	1158.8
138827	1158.9
139049	1159.0
139084	1159.0
139103	1159.1
139442	1159.1
139540	1158.8
139865	1158.9
140035	1158.6
140265	1158.7
140707	1158.4
140987	1158.4
141128	1158.5
141308	1158.6
141428	1158.7
141928	1158.3
142021	1158.0
142541	1158.1
142844	1158.2
142877	1158.3
142879	1158.2
143078	1157.8
143830	1157.8
144029	1157.8
144047	1157.9
144200	1157.9
144569	1158.0
144668	1158.1
144781	1158.1
144980	1158.0
145316	1158.1
145331	1158.2
145571	1158.3
145640	1158.3
145685	1158.4
145732	1158.4
145901	1158.5
145931	1158.6
146305	1159.3
146540	1160.1
146676	1160.5
146683	1160.5
146805	1160.6
146856	1160.8
146882	1160.8
147396	1161.3
147551	1161.9
147612	1162.6
147634	1162.4
147662	1163.2
147833	1163.0
148585	1162.9
148703	1163.0
148799	1163.1
148811	1163.2
148821	1163.3
150034	1162.9
150097	1162.6
150470	1162.7
150590	1162.8
151096	1162.5
151160	1162.2
151435	1162.2
151883	1162.3
152047	1162.0
152072	1162.1
152344	1161.8
152783	1161.9
153070	1161.6
153295	1161.4
