2020-04-16 18:13:00

CONFIGURATION:
{u'simulation': {u'stdev_factor': 0.01, u'power_mgmt_enabled': False, u'tasks': {u'loc': {u'mean_service_time': {u'gpu': 90, u'cpu_core': 200, u'loc_accel': 10}, u'priority': 1, u'deadline': 1000, u'stdev_service_time': {u'gpu': 0.9, u'cpu_core': 2.0, u'loc_accel': 0.1}, u'power': {u'gpu': 4.457, u'cpu_core': 6.133, u'loc_accel': 0.02197}}, u'detect': {u'mean_service_time': {u'gpu': 0.4607, u'cpu_core': 3.654, u'det_accel': 0.278}, u'priority': 2, u'deadline': 1000, u'stdev_service_time': {u'gpu': 0.004607, u'cpu_core': 0.03654, u'det_accel': 0.0027800000000000004}, u'power': {u'gpu': 90, u'cpu_core': 200, u'det_accel': 10}}, u'Frontier': {u'mean_service_time': {u'cpu_core': 396}, u'priority': 9, u'deadline': 1000, u'stdev_service_time': {u'cpu_core': 3.96}, u'power': {u'cpu_core': 5.98}}, u'track': {u'mean_service_time': {u'gpu': 17, u'tra_accel': 2, u'cpu_core': 1820}, u'priority': 3, u'deadline': 1000, u'stdev_service_time': {u'gpu': 0.17, u'tra_accel': 0.02, u'cpu_core': 18.2}, u'power': {u'gpu': 12.79, u'tra_accel': 0.59, u'cpu_core': 5.6}}, u'sp': {u'mean_service_time': {u'gpu': 379, u'cpu_core': 1004}, u'priority': 11, u'deadline': 1000, u'stdev_service_time': {u'gpu': 3.79, u'cpu_core': 10.040000000000001}, u'power': {u'gpu': 3.302, u'cpu_core': 1004}}, u'mission': {u'mean_service_time': {u'cpu_core': 0.0022}, u'priority': 5, u'deadline': 1000, u'stdev_service_time': {u'cpu_core': 2.2000000000000003e-05}, u'power': {u'cpu_core': 3.534}}, u'motion': {u'mean_service_time': {u'cpu_core': 8}, u'priority': 6, u'deadline': 1000, u'stdev_service_time': {u'cpu_core': 0.08}, u'power': {u'cpu_core': 4.222}}, u'collision': {u'mean_service_time': {u'cpu_core': 8}, u'priority': 7, u'deadline': 1000, u'stdev_service_time': {u'cpu_core': 0.08}, u'power': {u'cpu_core': 0}}, u'fusion': {u'mean_service_time': {u'cpu_core': 1}, u'priority': 4, u'deadline': 1000, u'stdev_service_time': {u'cpu_core': 0.01}, u'power': {u'cpu_core': 0}}, u'map': {u'mean_service_time': {u'gpu': 761, u'cpu_core': 973}, u'priority': 10, u'deadline': 1000, u'stdev_service_time': {u'gpu': 7.61, u'cpu_core': 9.73}, u'power': {u'gpu': 3.533, u'cpu_core': 2.995}}, u'path': {u'mean_service_time': {u'cpu_core': 8}, u'priority': 8, u'deadline': 1000, u'stdev_service_time': {u'cpu_core': 0.08}, u'power': {u'cpu_core': 0}}}, u'sched_policy_module': u'policies.rheft', u'drop': True, u'servers': {u'gpu': {u'count': 2}, u'tra_accel': {u'count': 1}, u'cpu_core': {u'count': 8}, u'loc_accel': {u'count': 1}, u'det_accel': {u'count': 1}}, u'max_tasks_simulated': 10000, u'max_queue_size': 1000000, u'mean_arrival_time': 50, u'arrival_time_scale': 3}, u'general': {u'random_seed': 0, u'pre_gen_arrivals': False, u'basename': u'policy:rheft__stdev_factor:0.01', u'output_trace_file': None, u'working_dir': u'/home/hiwot/meta-stomp2/sim_16042020_181058_new_arrival_50_map_rheftmapping_50_trace_50', u'input_trace_file': (False, '../mv_mapping_50_trace_50.trc'), u'logging_level': u'INFO'}}
Time	Response time (avg)
676	3.0
1240	3.0
1461	3.7
1580	4.5
1917	4.6
2152	4.3
2489	12.0
2494	11.5
2612	12.3
2627	12.1
2656	11.7
3098	30.3
3117	28.8
3120	50.6
3463	69.3
3489	80.8
3603	76.6
3966	72.8
3984	69.5
3991	66.4
4063	63.4
4345	66.5
4349	64.0
4350	61.7
4458	59.4
4466	57.3
4586	55.5
4822	53.6
4822	51.9
5047	50.2
5080	48.7
5258	47.3
5265	46.0
5433	44.7
5535	43.6
5576	42.5
5758	41.5
5773	40.4
6069	39.5
6126	38.7
6407	37.8
6600	37.0
6697	36.2
6900	35.6
6936	34.9
6943	34.3
7174	33.6
7405	33.0
7564	32.4
7586	31.9
7594	31.4
7736	30.9
7834	30.4
8131	29.9
8235	29.5
8353	29.0
8406	28.6
8431	28.1
8731	27.7
8767	27.3
9060	26.9
9076	26.5
9186	26.2
9241	25.9
9394	25.5
9441	25.2
10366	24.9
10534	24.6
10563	24.3
10582	24.0
10634	23.8
10864	23.5
10887	23.3
11059	23.0
11062	22.8
11211	22.5
11430	22.3
11437	22.1
11484	21.9
11542	21.6
11863	21.4
12092	21.2
12379	21.0
12657	20.8
12930	20.6
13367	20.4
13386	20.3
13580	20.1
13608	19.9
13718	19.7
13951	19.5
14064	19.4
14098	19.2
14737	19.0
14779	18.9
14956	18.7
14993	18.6
15015	18.5
15322	18.3
15445	18.2
15456	18.0
15470	17.9
15482	17.7
15823	17.6
15944	17.5
16258	17.4
16461	17.3
16488	17.2
16531	17.1
16807	16.9
17044	16.8
17352	16.7
17547	16.6
17729	16.5
18660	16.4
18683	16.3
18791	16.2
18800	16.1
18805	16.0
19069	15.9
19176	15.8
19396	15.7
19489	15.6
19537	15.5
19597	15.4
19756	15.3
19775	15.2
19990	15.1
20127	15.1
20449	15.0
20725	14.9
20907	14.8
21050	14.7
21088	14.6
21216	14.6
21298	14.5
21409	14.4
21466	14.3
21740	14.2
21824	14.2
21858	14.1
22037	14.0
22167	14.0
22187	13.9
22290	13.8
22311	13.8
22314	13.7
22801	13.7
23030	13.6
23173	13.5
23542	13.5
23650	13.4
23664	13.3
23892	13.3
23927	13.2
24214	13.2
24244	13.1
24385	13.0
24412	13.0
24615	12.9
24897	12.9
25407	13.9
25414	13.9
25452	13.8
25473	13.8
25760	13.7
25774	13.7
25843	13.6
26044	13.6
26107	13.5
26293	13.5
26311	13.4
26683	13.4
26848	13.3
27013	13.3
27235	13.2
27708	13.2
27915	13.1
27925	13.1
28471	13.0
28510	12.9
28848	12.9
28921	12.8
28926	12.8
29062	12.7
29156	12.7
29416	12.7
29481	12.6
29680	12.6
29869	12.5
30138	12.5
30410	12.4
30508	12.4
30802	12.3
31058	12.3
31182	12.3
31500	12.2
31570	12.2
31706	12.1
32001	12.1
32239	12.1
32358	12.0
32412	12.0
32632	12.0
32704	11.9
33019	11.9
33299	11.8
33367	11.8
33449	11.8
33514	11.7
33860	11.7
33903	11.7
34096	11.6
34174	11.6
34326	11.6
34480	11.6
34708	11.5
34897	11.5
34999	11.4
35096	11.4
35110	11.4
35167	11.3
35247	11.3
35281	11.3
35710	11.2
35758	11.2
35895	11.2
35911	11.1
36563	11.1
36623	11.1
36645	11.0
36695	11.0
36846	11.0
37084	11.0
37149	10.9
37522	10.9
37534	10.9
37668	10.9
38313	10.8
38464	10.8
38590	10.8
38725	10.7
38992	10.7
39104	10.7
39299	10.7
39448	10.6
39759	10.6
40195	10.6
40215	10.6
40225	10.5
40399	10.5
40543	10.5
40678	10.5
40822	10.4
41189	10.4
41269	10.4
41661	10.4
42112	10.4
42119	10.4
42124	10.4
42459	11.0
42470	11.0
42473	11.1
42538	11.1
42610	11.1
42814	11.0
42959	11.0
43067	11.0
43187	11.0
43354	11.0
43465	10.9
43516	10.9
43565	10.9
43752	10.9
44429	10.8
44627	10.8
44692	10.8
44821	10.8
44902	10.7
45080	10.7
45198	10.7
45509	10.7
45583	10.7
45642	10.6
45886	10.6
46098	10.6
46120	10.6
46149	10.5
46402	10.5
46447	10.5
46555	10.5
46695	10.5
46846	10.5
46867	10.4
47083	10.4
47128	10.4
47371	10.4
47410	10.3
47551	10.3
47638	10.3
47646	10.3
47859	10.2
47908	10.2
48136	10.2
48193	10.2
48247	10.2
48483	10.1
48551	10.1
48646	10.1
48859	10.1
48997	10.1
49092	10.1
49116	10.1
49327	10.0
49342	10.0
49389	10.0
49548	10.0
49832	9.9
50067	9.9
50095	9.9
50248	9.9
50347	9.9
50544	9.9
50671	9.9
50724	9.8
50995	9.8
51058	9.8
51123	9.8
51403	9.8
51490	9.8
51501	9.7
51742	9.7
52155	9.7
52162	9.7
52187	9.7
52439	9.7
52632	9.7
52651	9.7
52668	9.6
53179	9.6
53387	9.6
53395	9.6
53529	9.6
53566	9.6
53748	9.6
53756	9.5
54078	9.5
54363	9.5
54564	9.5
54721	9.5
54883	9.5
55256	9.5
55361	9.4
55397	9.4
55587	9.4
55638	9.4
56010	9.4
56165	9.4
56346	9.4
56428	9.4
56526	9.4
56650	9.3
56925	9.3
57040	9.3
57160	9.3
57200	9.3
57274	9.3
57439	9.3
57475	9.2
57620	9.2
58062	9.2
58264	9.2
58314	9.2
59005	9.2
59038	9.2
59140	9.1
59265	9.1
59596	9.1
59606	9.1
60058	9.1
60063	9.1
60072	9.9
60075	10.0
60288	10.3
60379	10.3
60546	10.3
60790	10.6
60797	10.6
60808	11.1
60813	11.5
61163	11.7
61170	11.7
61300	12.0
61767	12.4
61805	12.4
61810	12.8
61834	12.8
62093	13.3
62100	13.3
62109	13.8
62112	14.1
62287	14.1
62292	14.1
62399	14.3
62404	14.3
63033	15.5
63040	15.5
63053	15.6
63058	15.6
63483	15.9
63488	15.9
63499	15.9
63528	15.9
63535	15.9
63546	15.8
63625	15.8
63631	15.8
63923	15.8
64017	15.7
64177	15.7
64285	15.7
64431	15.6
64476	15.6
64553	15.6
64720	15.6
64737	15.5
65140	15.5
65155	15.5
65165	15.4
65221	15.4
65494	15.4
65551	15.4
65561	15.3
65598	15.3
65644	15.3
65670	15.3
65716	15.2
65943	15.2
66085	15.2
66873	15.2
66958	15.1
66990	15.1
67274	15.1
67339	15.1
67414	15.0
67813	15.0
68025	15.0
68125	15.0
68396	14.9
68839	14.9
69100	14.9
69174	14.9
69311	14.8
69602	14.8
69630	14.8
69697	14.8
70819	14.8
71041	14.7
71223	14.7
71286	14.7
71527	14.7
72174	14.6
72443	14.6
72455	14.6
72574	14.6
72703	14.6
72734	14.5
72843	14.5
72925	14.5
72940	14.5
73188	14.5
73597	14.4
73620	14.4
74110	14.4
74349	14.4
74661	14.4
74768	14.3
74837	14.3
74936	14.3
75196	14.3
75372	14.2
75382	14.2
75774	14.2
75910	14.2
76043	14.2
76286	14.1
76354	14.1
76504	14.1
76522	14.1
76725	14.0
76807	14.0
76932	14.0
77229	14.0
77257	14.0
77388	14.0
77620	13.9
77689	13.9
77884	13.9
78101	13.9
78268	13.9
78339	13.8
78439	13.8
78665	13.8
78677	13.8
78873	13.8
78917	13.7
79159	13.7
79626	13.7
79641	13.7
79830	13.7
80082	13.7
80620	13.6
80985	13.6
80989	13.6
81202	13.6
81226	13.6
81742	13.5
81753	13.5
81863	13.5
81936	13.5
82060	13.5
82132	13.5
82204	13.4
82465	13.4
82540	13.4
82633	13.4
82706	13.4
82807	13.3
82838	13.3
82887	13.3
83510	13.3
83578	13.3
83655	13.3
83827	13.2
84168	13.2
84333	13.2
84449	13.2
84578	13.2
84776	13.2
84844	13.1
85119	13.1
85284	13.1
85360	13.1
85372	13.1
85483	13.1
86039	13.0
86155	13.0
86237	13.0
86365	13.0
86404	13.0
86417	13.0
86507	12.9
86566	12.9
86567	12.9
86943	12.9
86953	12.9
87021	12.9
87238	12.9
87406	12.8
87499	12.8
87727	12.8
87823	12.8
87894	12.8
87946	12.8
87952	12.8
87982	12.7
88102	12.7
88174	12.7
88420	12.7
88433	12.7
88467	12.7
89034	12.6
89338	12.6
89343	12.6
90688	12.6
90703	12.6
90852	12.6
91104	12.6
91154	12.5
91240	12.5
91255	12.5
91306	12.5
91375	12.5
91423	12.5
91824	12.5
91852	12.4
92070	12.4
92158	12.4
92380	12.4
92734	12.4
92744	12.4
92785	12.3
93408	12.3
93616	12.3
93859	12.3
93864	12.3
93936	12.3
94401	12.3
94585	12.2
94684	12.2
94724	12.2
95092	12.2
95263	12.2
95313	12.2
95506	12.2
95574	12.2
95702	12.1
95785	12.1
95847	12.1
96393	12.1
96403	12.1
97022	12.1
97030	12.1
97039	12.1
97076	12.0
97183	12.0
97261	12.0
97302	12.0
97344	12.0
97375	12.0
97849	12.0
98517	12.0
98881	12.0
99213	11.9
99217	11.9
99468	11.9
99511	11.9
99594	11.9
99669	11.9
99721	11.9
99840	11.9
100252	11.9
101293	11.8
101632	11.8
101769	11.8
101857	11.8
101869	11.8
102180	11.8
102225	11.8
102523	11.8
102526	11.7
102527	11.7
102843	11.7
102918	11.7
103120	11.7
103444	11.7
103671	11.7
103792	11.7
103881	11.7
103974	11.6
104010	11.6
104208	11.6
104886	11.7
104891	11.7
105349	11.7
105363	11.6
105363	11.7
105368	11.7
105371	12.2
105374	12.2
105820	12.2
105832	12.2
105840	12.2
105851	12.2
105910	12.2
105949	12.2
106081	12.1
106499	12.1
106560	12.1
106613	12.1
106656	12.1
106822	12.1
106961	12.1
107084	12.1
107806	12.6
107934	12.6
107939	13.2
107950	13.7
107953	14.7
107960	15.4
108239	15.4
108311	15.4
108711	15.8
108718	15.8
108729	16.1
108734	16.4
108737	16.5
108741	16.5
108904	16.5
108956	16.5
109413	16.5
109443	16.4
109509	16.4
109530	16.4
109597	16.4
109636	16.4
109676	16.4
109843	16.3
110056	16.3
110293	16.3
110364	16.3
110460	16.3
110460	16.2
110470	16.2
110617	16.2
110638	16.2
111265	16.2
111385	16.2
111672	16.2
112059	16.1
112515	16.1
112835	16.1
112851	16.1
112869	16.1
113118	16.1
113225	16.1
113242	16.1
113335	16.1
113688	16.0
113851	16.0
113889	16.0
113988	16.0
114166	16.0
114253	16.0
114331	15.9
114639	15.9
114840	15.9
114874	15.9
114898	15.9
115198	15.9
115654	15.8
115877	15.8
116073	15.8
116343	15.8
116614	15.8
116656	15.8
116905	15.8
117112	15.7
117195	15.7
117274	15.7
117296	15.7
117519	15.7
117520	15.7
117774	15.7
117862	15.6
118249	15.6
118276	15.6
118329	15.6
118634	15.6
118663	15.6
118879	15.5
118921	15.5
119002	15.5
119218	15.5
119220	15.5
119224	15.5
119385	15.5
119434	15.4
119662	15.4
119782	15.4
120171	15.4
120216	15.4
120262	15.4
120733	15.4
120740	15.4
120749	15.9
120752	16.3
120831	16.3
120950	16.3
121003	16.3
121052	16.3
121216	16.2
121249	16.2
121383	16.2
121578	16.2
121741	16.2
121782	16.2
121842	16.2
121979	16.1
122016	16.1
122680	16.1
122683	16.1
122735	16.1
122773	16.1
123024	16.1
123333	16.0
123334	16.0
123435	16.0
123931	16.0
123966	16.0
124036	16.0
124099	16.0
124213	15.9
124276	15.9
124284	15.9
124459	15.9
124477	15.9
124927	15.9
124937	15.8
124962	15.8
125278	15.8
125578	15.8
125588	15.8
125730	15.8
125917	15.8
125929	15.7
126266	15.8
126271	15.8
126280	16.0
126410	16.0
126626	16.0
126751	16.0
126784	16.0
126979	15.9
127161	15.9
127175	15.9
127228	15.9
127361	15.9
127574	15.9
127606	15.9
127660	15.8
127754	15.8
127792	15.8
127849	15.8
127928	15.8
128089	15.8
128641	16.1
128648	16.0
128683	16.0
128695	16.0
128816	16.0
128950	16.0
128996	16.0
129055	16.0
129099	15.9
129134	15.9
129220	15.9
129277	15.9
129402	15.9
129465	15.9
130295	15.9
130384	15.9
130545	15.8
130944	15.9
130948	15.9
130951	15.9
131001	15.9
131263	15.9
131287	15.9
131715	15.9
131720	15.9
131801	15.9
131809	15.9
131887	15.9
131998	15.8
132447	15.8
132561	15.8
132664	15.8
132682	15.8
132750	15.8
132874	15.8
132915	15.7
132937	15.7
133095	15.7
133116	15.7
133854	15.7
133861	15.7
133906	15.7
134058	15.7
134131	15.7
134308	15.7
134356	15.6
134494	15.6
134521	15.6
134620	15.6
134764	15.6
134795	15.6
134836	15.6
134857	15.6
134968	15.5
135010	15.5
135276	15.5
135454	15.5
135508	15.5
135551	15.5
135688	15.5
135758	15.5
135983	15.4
136159	15.4
136165	15.4
136189	15.4
136236	15.4
136238	15.4
136447	15.4
136542	15.4
137143	15.3
137153	15.3
137187	15.3
137191	15.3
137493	15.3
138068	15.3
138358	15.3
138444	15.3
138564	15.2
138635	15.2
139106	15.2
139327	15.2
139447	15.2
139528	15.2
139549	15.2
139586	15.2
139774	15.2
139868	15.1
140008	15.1
140040	15.1
140268	15.1
140535	15.1
140602	15.1
140712	15.1
140992	15.1
141019	15.0
141529	15.0
141709	15.0
141745	15.0
141853	15.0
141930	15.0
141933	15.0
142120	15.0
142228	14.9
142521	14.9
142522	14.9
142810	14.9
142847	14.9
143041	14.9
143083	14.9
143377	14.9
143379	14.9
143835	14.8
144034	14.8
144050	14.8
144203	14.8
144310	14.8
145071	14.9
145078	14.9
145089	15.0
145324	15.0
145578	15.1
145583	15.1
145834	15.2
145841	15.2
145852	15.3
146312	15.5
146317	15.5
146326	15.6
146329	15.6
146433	15.7
146440	15.7
146543	15.6
146679	15.6
146688	15.6
146773	15.6
146810	15.6
146861	15.6
146887	15.6
147232	15.6
147401	15.6
147639	15.5
147667	15.5
147952	15.5
148015	15.5
148335	15.5
148462	15.5
148802	15.5
148816	15.5
148846	15.5
149085	15.4
149106	15.4
149323	15.4
149467	15.4
149563	15.4
149656	15.4
150039	15.4
150102	15.4
150202	15.4
150784	15.3
150871	15.3
150993	15.3
151096	15.3
151165	15.3
151440	15.3
151596	15.3
151852	15.3
151862	15.3
152052	15.2
152077	15.2
152383	15.2
152846	15.2
153075	15.2
153283	15.2
153300	15.2
