2020-04-16 18:13:00

CONFIGURATION:
{u'simulation': {u'stdev_factor': 0.01, u'power_mgmt_enabled': False, u'tasks': {u'loc': {u'mean_service_time': {u'gpu': 90, u'cpu_core': 200, u'loc_accel': 10}, u'priority': 1, u'deadline': 1000, u'stdev_service_time': {u'gpu': 0.9, u'cpu_core': 2.0, u'loc_accel': 0.1}, u'power': {u'gpu': 4.457, u'cpu_core': 6.133, u'loc_accel': 0.02197}}, u'detect': {u'mean_service_time': {u'gpu': 0.4607, u'cpu_core': 3.654, u'det_accel': 0.278}, u'priority': 2, u'deadline': 1000, u'stdev_service_time': {u'gpu': 0.004607, u'cpu_core': 0.03654, u'det_accel': 0.0027800000000000004}, u'power': {u'gpu': 90, u'cpu_core': 200, u'det_accel': 10}}, u'Frontier': {u'mean_service_time': {u'cpu_core': 396}, u'priority': 9, u'deadline': 1000, u'stdev_service_time': {u'cpu_core': 3.96}, u'power': {u'cpu_core': 5.98}}, u'track': {u'mean_service_time': {u'gpu': 17, u'tra_accel': 2, u'cpu_core': 1820}, u'priority': 3, u'deadline': 1000, u'stdev_service_time': {u'gpu': 0.17, u'tra_accel': 0.02, u'cpu_core': 18.2}, u'power': {u'gpu': 12.79, u'tra_accel': 0.59, u'cpu_core': 5.6}}, u'sp': {u'mean_service_time': {u'gpu': 379, u'cpu_core': 1004}, u'priority': 11, u'deadline': 1000, u'stdev_service_time': {u'gpu': 3.79, u'cpu_core': 10.040000000000001}, u'power': {u'gpu': 3.302, u'cpu_core': 1004}}, u'mission': {u'mean_service_time': {u'cpu_core': 0.0022}, u'priority': 5, u'deadline': 1000, u'stdev_service_time': {u'cpu_core': 2.2000000000000003e-05}, u'power': {u'cpu_core': 3.534}}, u'motion': {u'mean_service_time': {u'cpu_core': 8}, u'priority': 6, u'deadline': 1000, u'stdev_service_time': {u'cpu_core': 0.08}, u'power': {u'cpu_core': 4.222}}, u'collision': {u'mean_service_time': {u'cpu_core': 8}, u'priority': 7, u'deadline': 1000, u'stdev_service_time': {u'cpu_core': 0.08}, u'power': {u'cpu_core': 0}}, u'fusion': {u'mean_service_time': {u'cpu_core': 1}, u'priority': 4, u'deadline': 1000, u'stdev_service_time': {u'cpu_core': 0.01}, u'power': {u'cpu_core': 0}}, u'map': {u'mean_service_time': {u'gpu': 761, u'cpu_core': 973}, u'priority': 10, u'deadline': 1000, u'stdev_service_time': {u'gpu': 7.61, u'cpu_core': 9.73}, u'power': {u'gpu': 3.533, u'cpu_core': 2.995}}, u'path': {u'mean_service_time': {u'cpu_core': 8}, u'priority': 8, u'deadline': 1000, u'stdev_service_time': {u'cpu_core': 0.08}, u'power': {u'cpu_core': 0}}}, u'sched_policy_module': u'policies.rheft', u'drop': True, u'servers': {u'gpu': {u'count': 2}, u'tra_accel': {u'count': 1}, u'cpu_core': {u'count': 8}, u'loc_accel': {u'count': 1}, u'det_accel': {u'count': 1}}, u'max_tasks_simulated': 10000, u'max_queue_size': 1000000, u'mean_arrival_time': 50, u'arrival_time_scale': 3}, u'general': {u'random_seed': 0, u'pre_gen_arrivals': False, u'basename': u'policy:rheft__stdev_factor:0.01', u'output_trace_file': None, u'working_dir': u'/home/hiwot/meta-stomp2/sim_16042020_181058_new_arrival_50_map_rheftmapping_50_trace_50', u'input_trace_file': (False, '../mv_mapping_50_trace_50.trc'), u'logging_level': u'INFO'}}
Time	Response time (avg)
10	10.0
127	10.0
673	10.0
838	10.0
1171	10.0
1237	10.0
1270	10.0
1393	10.0
1432	10.0
1867	10.0
1877	10.6
2149	10.6
2182	10.5
2242	10.5
2260	10.5
2270	10.5
2287	10.5
2431	10.4
2569	10.4
2593	10.4
2641	10.4
2743	10.4
2785	10.3
2842	10.3
2852	10.5
2974	10.5
2995	10.4
3235	10.4
3433	10.4
4039	10.4
4060	10.4
4123	10.4
4156	10.4
4258	10.4
4819	10.3
5044	10.3
5077	10.3
5149	10.3
5170	10.3
5188	10.3
5281	10.3
5317	10.3
5722	10.3
5755	10.3
5770	10.3
5848	10.3
6133	10.3
6283	10.2
6373	10.2
6415	10.2
6694	10.2
7171	10.2
7279	10.2
7402	10.2
7450	10.2
7525	10.2
7546	10.2
7831	10.2
7841	10.2
8125	10.2
8350	10.2
8428	10.2
8485	10.2
8728	10.2
8749	10.2
8917	10.2
8944	10.2
9073	10.2
9085	10.2
9265	10.2
9391	10.2
9442	10.2
9811	10.2
9841	10.2
10255	10.2
10528	10.2
10579	10.2
10663	10.2
10861	10.2
10871	10.2
11137	10.2
11434	10.2
11467	10.2
11539	10.2
11860	10.2
11953	10.2
11963	10.2
12148	10.2
12397	10.2
13018	10.2
13162	10.2
13540	10.2
13705	10.2
13715	10.3
13948	10.3
14035	10.3
14095	10.3
14107	10.3
14251	10.3
14261	10.3
14425	10.3
14734	10.3
14770	10.3
14869	10.2
14953	10.2
15037	10.2
15442	10.2
15453	10.3
16096	10.3
16396	10.3
16510	10.3
16528	10.3
16804	10.3
17041	10.3
17209	10.3
17290	10.3
17464	10.3
17572	10.3
17680	10.3
17920	10.3
18220	10.3
18322	10.3
18376	10.3
18802	10.2
19066	10.2
19093	10.2
19456	10.2
19486	10.2
19753	10.2
19849	10.2
19987	10.2
20260	10.2
20383	10.2
20446	10.2
20521	10.2
20572	10.2
20692	10.2
20722	10.2
20818	10.2
20968	10.2
21037	10.2
21047	10.3
21085	10.3
21148	10.3
21295	10.3
21406	10.3
21556	10.3
21811	10.3
21821	10.3
22213	10.3
22441	10.3
22696	10.3
22706	10.3
22798	10.3
23083	10.3
23446	10.3
23518	10.3
23539	10.3
23647	10.3
23788	10.3
24211	10.3
24241	10.3
24382	10.3
24496	10.3
24517	10.3
24541	10.3
24553	10.3
24823	10.3
24886	10.3
24967	10.3
25090	10.3
25189	10.3
25840	10.3
26290	10.3
26464	10.3
26752	10.3
27010	10.3
27232	10.3
27475	10.3
27619	10.3
27629	10.3
27700	10.3
27841	10.3
27922	10.3
28468	10.3
28507	10.3
28525	10.3
28687	10.3
28918	10.3
29191	10.3
29677	10.3
29866	10.3
30049	10.3
30226	10.3
30487	10.3
30505	10.3
30523	10.3
30739	10.3
30799	10.3
31045	10.3
31055	10.3
31456	10.3
31567	10.3
31750	10.3
31864	10.3
32080	10.3
32392	10.3
32629	10.3
32701	10.3
32812	10.3
32863	10.3
32875	10.3
32953	10.3
33016	10.3
33370	10.3
33511	10.3
34291	10.3
34705	10.3
34894	10.3
34939	10.3
34996	10.3
35006	10.3
35026	10.3
35083	10.3
35093	10.3
35107	10.3
35164	10.3
35278	10.3
35344	10.3
35707	10.3
35717	10.4
35755	10.3
35806	10.3
35863	10.3
35908	10.3
35950	10.3
35989	10.3
37357	10.3
37531	10.3
37541	10.4
37885	10.4
38080	10.4
38239	10.3
38398	10.3
38461	10.3
38509	10.3
38587	10.3
38722	10.3
38974	10.3
39235	10.3
39388	10.3
39970	10.3
40054	10.3
40540	10.3
40663	10.3
40675	10.3
40685	10.3
40819	10.3
40921	10.3
41074	10.3
41236	10.3
41246	10.3
41266	10.3
41389	10.3
41461	10.3
41593	10.3
41848	10.3
41911	10.3
42091	10.3
42130	10.3
42140	10.3
42424	10.3
42796	10.3
43174	10.3
43184	10.4
43210	10.4
43603	10.4
43861	10.4
44191	10.4
44269	10.3
44290	10.3
44362	10.3
44641	10.3
44689	10.3
44818	10.3
44828	10.4
44899	10.4
45082	10.4
45181	10.4
45250	10.4
45334	10.4
45739	10.4
46117	10.4
46127	10.4
46498	10.4
46630	10.4
46640	10.4
46765	10.4
46843	10.4
47098	10.4
47125	10.4
47242	10.4
47368	10.4
47407	10.4
47515	10.4
47548	10.4
47635	10.4
47776	10.4
47905	10.4
48133	10.4
48160	10.4
48170	10.4
48190	10.4
48433	10.4
48478	10.4
48613	10.4
48643	10.4
48826	10.4
48976	10.4
49054	10.4
49105	10.4
49126	10.4
49324	10.4
49339	10.4
49672	10.4
49687	10.4
50245	10.4
50545	10.4
50704	10.4
50923	10.4
50933	10.4
50968	10.4
50992	10.4
51055	10.4
51220	10.4
51487	10.4
51676	10.4
51712	10.4
51739	10.4
51811	10.4
51958	10.4
52030	10.4
52066	10.4
52084	10.4
52345	10.4
52555	10.4
52912	10.4
53167	10.4
53392	10.4
53608	10.4
53944	10.4
53968	10.4
54019	10.4
54037	10.4
54142	10.4
54424	10.4
54718	10.4
54790	10.4
54934	10.4
54944	10.4
55207	10.4
55570	10.4
55969	10.4
55979	10.4
56218	10.4
56863	10.4
57037	10.4
57106	10.4
57157	10.4
57271	10.4
57472	10.4
57523	10.4
57607	10.4
57617	10.4
58261	10.4
58720	10.4
58765	10.4
58825	10.4
58837	10.4
58894	10.4
59002	10.4
59035	10.4
59065	10.4
59155	10.4
59350	10.4
59374	10.4
59560	10.4
59593	10.4
59603	10.4
59620	10.4
59713	10.4
59752	10.4
59839	10.4
59878	10.4
59956	10.4
60043	10.4
60136	10.4
60289	10.4
60299	10.4
60340	10.4
60373	10.4
60658	10.4
60940	10.4
61180	10.4
61411	10.4
61423	10.4
61438	10.4
61543	10.4
61567	10.4
61843	10.4
61882	10.4
61892	10.4
61993	10.4
62092	10.4
62347	10.4
62357	10.4
62367	10.5
62479	10.5
62800	10.5
63004	10.5
63016	10.5
63139	10.5
63484	10.4
63622	10.4
64027	10.4
64174	10.4
64642	10.4
64714	10.4
64724	10.5
64734	10.5
64864	10.5
65137	10.5
65152	10.5
65162	10.5
65218	10.5
65341	10.5
65491	10.5
65548	10.5
65558	10.5
65713	10.5
65917	10.5
66034	10.5
66055	10.5
66097	10.5
66118	10.5
66307	10.5
67411	10.5
67723	10.5
67858	10.5
68080	10.5
68122	10.5
68383	10.5
68393	10.5
68584	10.5
68836	10.5
69097	10.4
70267	10.4
70330	10.4
70816	10.4
70826	10.5
70836	10.5
71038	10.5
71059	10.5
71131	10.5
71224	10.5
71353	10.5
71524	10.5
71704	10.5
72139	10.5
72193	10.5
72394	10.5
72700	10.5
72937	10.5
73210	10.5
73393	10.5
73549	10.5
73594	10.5
73618	10.5
73717	10.5
74323	10.5
74416	10.5
74689	10.5
74824	10.5
75193	10.5
75274	10.5
75379	10.5
75481	10.5
75541	10.5
75586	10.5
76003	10.5
76273	10.5
76283	10.5
76303	10.5
76351	10.5
76501	10.5
76519	10.5
76663	10.5
76882	10.4
77035	10.4
77218	10.4
77254	10.4
77446	10.4
77686	10.4
77698	10.4
77938	10.4
78058	10.4
78112	10.4
78265	10.4
78436	10.4
78685	10.4
78976	10.4
80029	10.4
80302	10.4
80617	10.4
80644	10.4
80749	10.4
80863	10.4
80911	10.4
80986	10.4
81199	10.4
81223	10.4
81244	10.4
81739	10.4
81784	10.4
81794	10.4
82057	10.4
82117	10.4
82201	10.4
82537	10.4
82630	10.4
82804	10.4
82825	10.4
82835	10.4
83212	10.4
83230	10.4
83359	10.4
83557	10.4
83575	10.4
83707	10.4
83743	10.4
83753	10.4
83824	10.4
84034	10.4
84538	10.4
84598	10.4
84820	10.4
84841	10.4
84961	10.4
85198	10.4
85288	10.4
85345	10.4
85480	10.4
85522	10.4
85987	10.4
86032	10.4
86236	10.4
86329	10.4
86362	10.4
86401	10.4
86506	10.4
86911	10.4
86950	10.4
86980	10.4
87214	10.4
87403	10.4
87496	10.4
87820	10.4
87892	10.4
87979	10.4
88078	10.4
88099	10.4
88171	10.4
88417	10.4
89335	10.4
89653	10.4
89896	10.4
89935	10.4
90019	10.4
90034	10.4
90154	10.4
90202	10.4
90685	10.4
90700	10.4
90868	10.4
91114	10.4
91303	10.4
91849	10.4
91957	10.4
92155	10.4
92165	10.4
92377	10.4
92707	10.4
92717	10.4
92731	10.4
92741	10.4
92782	10.4
93445	10.4
93475	10.4
93505	10.4
93595	10.4
93856	10.4
94123	10.4
94354	10.4
94483	10.4
94564	10.4
94582	10.4
94681	10.4
95260	10.4
95437	10.4
95447	10.4
95457	10.4
95503	10.4
95683	10.4
95803	10.4
95818	10.4
95962	10.4
96040	10.4
96154	10.4
96184	10.4
96256	10.4
97027	10.4
97561	10.4
97762	10.4
97894	10.4
97975	10.4
98221	10.4
98344	10.4
98500	10.4
98614	10.4
98878	10.4
99214	10.4
100249	10.4
100318	10.4
100729	10.4
100909	10.4
101155	10.4
101224	10.4
101290	10.4
101308	10.4
101629	10.4
101854	10.4
101866	10.4
101962	10.4
102019	10.4
102163	10.4
102256	10.4
102292	10.4
102520	10.4
103117	10.4
103252	10.4
103414	10.4
103441	10.4
103567	10.4
103627	10.4
103663	10.4
103789	10.4
104098	10.4
104116	10.4
104126	10.4
104140	10.4
104335	10.4
104599	10.4
104761	10.4
104818	10.4
105007	10.4
105346	10.4
105604	10.4
105700	10.4
105742	10.4
105865	10.4
105907	10.4
105946	10.4
105985	10.4
106078	10.4
106213	10.4
106420	10.4
106558	10.4
106585	10.4
106741	10.4
106819	10.4
106990	10.4
107008	10.4
107018	10.4
107185	10.4
107197	10.4
107215	10.4
107260	10.4
107281	10.4
107449	10.4
107566	10.4
107576	10.4
107680	10.4
107698	10.4
108247	10.4
108346	10.4
108511	10.4
108610	10.4
109258	10.4
109363	10.4
109396	10.4
109417	10.4
109549	10.4
109594	10.4
109768	10.4
109840	10.4
110053	10.4
110290	10.4
110467	10.4
110608	10.4
110716	10.4
111229	10.4
111250	10.4
111523	10.4
111533	10.4
111616	10.4
112006	10.4
112021	10.4
112234	10.4
112270	10.4
112732	10.4
112804	10.4
112933	10.4
112945	10.4
113110	10.4
113182	10.4
113659	10.4
113710	10.4
114250	10.4
114260	10.4
114871	10.4
114892	10.4
115117	10.4
115195	10.4
115495	10.4
115576	10.4
115651	10.4
115825	10.4
116011	10.4
116245	10.4
116611	10.4
116653	10.4
116818	10.4
116902	10.4
117271	10.4
117373	10.4
117385	10.4
117415	10.4
117442	10.4
117502	10.4
117517	10.4
117613	10.4
118045	10.4
118066	10.4
118246	10.4
118273	10.4
118429	10.4
118498	10.4
118528	10.4
118876	10.4
118918	10.4
119005	10.4
119015	10.4
119041	10.4
119107	10.4
119221	10.4
119431	10.4
119470	10.4
119731	10.4
119764	10.4
119833	10.4
120166	10.4
120223	10.4
120298	10.4
120346	10.4
120361	10.4
120379	10.4
120457	10.4
120967	10.4
121000	10.4
121177	10.4
121246	10.4
121405	10.4
121618	10.4
121717	10.4
121738	10.4
122377	10.4
122677	10.4
122770	10.4
123010	10.4
123130	10.4
123238	10.4
123928	10.4
124006	10.4
124033	10.4
124096	10.4
124106	10.4
124210	10.4
124273	10.4
124474	10.4
124906	10.4
124924	10.4
124934	10.4
125035	10.4
125045	10.4
125263	10.4
125275	10.4
125407	10.4
125530	10.4
125563	10.4
125575	10.4
125585	10.4
125704	10.4
125914	10.4
125926	10.4
125944	10.4
125954	10.4
126109	10.4
126205	10.4
126472	10.4
126535	10.4
127192	10.4
127225	10.4
127363	10.4
127462	10.4
127474	10.4
127561	10.4
127571	10.4
127603	10.4
127747	10.4
127789	10.4
127846	10.4
127915	10.4
127925	10.4
127978	10.4
127999	10.4
128389	10.4
128446	10.4
128767	10.4
128947	10.4
128983	10.4
128993	10.4
129052	10.4
129076	10.4
129202	10.4
129232	10.4
129721	10.4
129850	10.4
129985	10.4
130042	10.4
130066	10.4
130225	10.4
130492	10.4
130588	10.4
130663	10.4
130675	10.4
131065	10.4
131122	10.4
131377	10.4
131398	10.4
131503	10.4
131884	10.4
131995	10.4
132391	10.4
132401	10.4
132439	10.4
132661	10.4
132739	10.4
132871	10.4
132910	10.4
132934	10.4
133237	10.4
133247	10.4
133300	10.4
133543	10.4
133615	10.4
133813	10.4
133903	10.4
134305	10.4
134320	10.4
134330	10.4
134491	10.4
134617	10.4
134764	10.4
134854	10.4
134938	10.4
134965	10.4
135007	10.4
135017	10.4
135280	10.4
135505	10.4
135586	10.4
135685	10.4
136030	10.4
136162	10.4
136186	10.4
136381	10.4
136444	10.4
136741	10.4
136849	10.4
136945	10.4
137092	10.4
137140	10.4
137150	10.4
137188	10.4
137362	10.4
137611	10.4
137833	10.4
137887	10.4
137959	10.4
138226	10.4
138589	10.4
138649	10.4
139039	10.4
139049	10.4
139525	10.4
139756	10.4
139771	10.4
139831	10.4
139912	10.4
140005	10.4
140092	10.4
140212	10.4
140599	10.4
140977	10.4
141016	10.4
141070	10.4
141325	10.4
141628	10.4
141661	10.4
141742	10.4
141787	10.4
141850	10.4
142117	10.4
142127	10.4
142225	10.4
142519	10.4
142678	10.4
142807	10.4
142831	10.4
142915	10.4
142984	10.4
143353	10.4
143452	10.4
143671	10.4
143869	10.4
144100	10.4
144115	10.4
144307	10.4
144355	10.4
144424	10.4
144469	10.4
144601	10.4
144685	10.4
144695	10.4
144705	10.4
144877	10.4
145252	10.4
145522	10.4
145532	10.4
145603	10.4
145684	10.4
145942	10.4
145978	10.4
146002	10.4
146012	10.4
146218	10.4
146233	10.4
146581	10.4
146770	10.4
146794	10.4
147229	10.4
147454	10.4
147487	10.4
147583	10.4
147595	10.4
147605	10.4
148459	10.4
148843	10.4
149083	10.4
149146	10.4
149254	10.4
149374	10.4
149464	10.4
149560	10.4
149653	10.4
150145	10.4
150199	10.4
150209	10.4
150219	10.4
150667	10.4
150781	10.4
150856	10.4
151066	10.4
151093	10.4
151393	10.4
151567	10.4
151849	10.4
151859	10.4
152119	10.4
152245	10.4
