2020-04-16 18:13:00

CONFIGURATION:
{u'simulation': {u'stdev_factor': 0.01, u'power_mgmt_enabled': False, u'tasks': {u'loc': {u'mean_service_time': {u'gpu': 90, u'cpu_core': 200, u'loc_accel': 10}, u'priority': 1, u'deadline': 1000, u'stdev_service_time': {u'gpu': 0.9, u'cpu_core': 2.0, u'loc_accel': 0.1}, u'power': {u'gpu': 4.457, u'cpu_core': 6.133, u'loc_accel': 0.02197}}, u'detect': {u'mean_service_time': {u'gpu': 0.4607, u'cpu_core': 3.654, u'det_accel': 0.278}, u'priority': 2, u'deadline': 1000, u'stdev_service_time': {u'gpu': 0.004607, u'cpu_core': 0.03654, u'det_accel': 0.0027800000000000004}, u'power': {u'gpu': 90, u'cpu_core': 200, u'det_accel': 10}}, u'Frontier': {u'mean_service_time': {u'cpu_core': 396}, u'priority': 9, u'deadline': 1000, u'stdev_service_time': {u'cpu_core': 3.96}, u'power': {u'cpu_core': 5.98}}, u'track': {u'mean_service_time': {u'gpu': 17, u'tra_accel': 2, u'cpu_core': 1820}, u'priority': 3, u'deadline': 1000, u'stdev_service_time': {u'gpu': 0.17, u'tra_accel': 0.02, u'cpu_core': 18.2}, u'power': {u'gpu': 12.79, u'tra_accel': 0.59, u'cpu_core': 5.6}}, u'sp': {u'mean_service_time': {u'gpu': 379, u'cpu_core': 1004}, u'priority': 11, u'deadline': 1000, u'stdev_service_time': {u'gpu': 3.79, u'cpu_core': 10.040000000000001}, u'power': {u'gpu': 3.302, u'cpu_core': 1004}}, u'mission': {u'mean_service_time': {u'cpu_core': 0.0022}, u'priority': 5, u'deadline': 1000, u'stdev_service_time': {u'cpu_core': 2.2000000000000003e-05}, u'power': {u'cpu_core': 3.534}}, u'motion': {u'mean_service_time': {u'cpu_core': 8}, u'priority': 6, u'deadline': 1000, u'stdev_service_time': {u'cpu_core': 0.08}, u'power': {u'cpu_core': 4.222}}, u'collision': {u'mean_service_time': {u'cpu_core': 8}, u'priority': 7, u'deadline': 1000, u'stdev_service_time': {u'cpu_core': 0.08}, u'power': {u'cpu_core': 0}}, u'fusion': {u'mean_service_time': {u'cpu_core': 1}, u'priority': 4, u'deadline': 1000, u'stdev_service_time': {u'cpu_core': 0.01}, u'power': {u'cpu_core': 0}}, u'map': {u'mean_service_time': {u'gpu': 761, u'cpu_core': 973}, u'priority': 10, u'deadline': 1000, u'stdev_service_time': {u'gpu': 7.61, u'cpu_core': 9.73}, u'power': {u'gpu': 3.533, u'cpu_core': 2.995}}, u'path': {u'mean_service_time': {u'cpu_core': 8}, u'priority': 8, u'deadline': 1000, u'stdev_service_time': {u'cpu_core': 0.08}, u'power': {u'cpu_core': 0}}}, u'sched_policy_module': u'policies.rheft', u'drop': True, u'servers': {u'gpu': {u'count': 2}, u'tra_accel': {u'count': 1}, u'cpu_core': {u'count': 8}, u'loc_accel': {u'count': 1}, u'det_accel': {u'count': 1}}, u'max_tasks_simulated': 10000, u'max_queue_size': 1000000, u'mean_arrival_time': 50, u'arrival_time_scale': 3}, u'general': {u'random_seed': 0, u'pre_gen_arrivals': False, u'basename': u'policy:rheft__stdev_factor:0.01', u'output_trace_file': None, u'working_dir': u'/home/hiwot/meta-stomp2/sim_16042020_181058_new_arrival_50_map_rheftmapping_50_trace_50', u'input_trace_file': (False, '../mv_mapping_50_trace_50.trc'), u'logging_level': u'INFO'}}
Time	Response time (avg)
677	1.0
1241	1.0
1462	1.0
1581	1.0
1918	1.0
2153	1.0
2497	2.0
2500	2.5
2620	3.1
2651	5.2
2657	4.8
3110	5.4
3123	5.5
3126	5.5
3479	6.2
3596	12.5
3719	18.6
3977	18.2
3987	17.4
3992	16.6
4064	15.8
4352	15.4
4353	14.9
4355	14.5
4459	14.0
4467	13.5
4587	13.0
4823	12.6
4823	12.2
5048	11.8
5081	11.5
5259	11.1
5266	10.8
5434	10.5
5536	10.3
5577	10.0
5759	9.8
5774	9.5
6070	9.3
6127	9.1
6408	8.9
6601	8.7
6698	8.5
6901	8.4
6937	8.2
6944	8.0
7175	7.9
7406	7.8
7565	7.6
7587	7.5
7595	7.4
7737	7.2
7835	7.1
8132	7.0
8236	6.9
8354	6.8
8407	6.7
8432	6.6
8732	6.5
8768	6.4
9061	6.3
9077	6.2
9187	6.1
9242	6.1
9395	6.0
9442	5.9
10367	5.8
10535	5.8
10564	5.7
10583	5.6
10635	5.6
10865	5.5
10888	5.4
11060	5.4
11065	5.3
11212	5.3
11431	5.2
11438	5.2
11485	5.1
11543	5.1
11864	5.0
12093	5.0
12380	4.9
12658	4.9
12931	4.8
13368	4.8
13387	4.7
13581	4.7
13609	4.7
13719	4.6
13952	4.6
14065	4.5
14099	4.5
14738	4.5
14780	4.4
14957	4.4
14994	4.4
15016	4.3
15323	4.3
15446	4.3
15457	4.2
15471	4.2
15483	4.2
15824	4.1
15945	4.1
16259	4.1
16462	4.0
16489	4.0
16532	4.0
16808	4.0
17045	3.9
17353	3.9
17548	3.9
17730	3.9
18661	3.8
18684	3.8
18792	3.8
18801	3.8
18806	3.7
19070	3.7
19177	3.7
19397	3.7
19490	3.7
19538	3.6
19598	3.6
19757	3.6
19776	3.6
19991	3.5
20128	3.5
20450	3.5
20726	3.5
20908	3.5
21051	3.5
21089	3.4
21217	3.4
21299	3.4
21410	3.4
21467	3.4
21741	3.3
21825	3.3
21859	3.3
22038	3.3
22168	3.3
22188	3.3
22291	3.2
22312	3.2
22317	3.2
22802	3.2
23031	3.2
23174	3.2
23543	3.2
23651	3.2
23665	3.1
23893	3.1
23928	3.1
24215	3.1
24245	3.1
24386	3.1
24413	3.1
24616	3.0
24898	3.0
25417	3.1
25420	3.1
25453	3.1
25474	3.1
25761	3.1
25775	3.0
25844	3.0
26045	3.0
26108	3.0
26294	3.0
26312	3.0
26684	3.0
26849	3.0
27014	3.0
27236	2.9
27709	2.9
27916	2.9
27926	2.9
28472	2.9
28511	2.9
28849	2.9
28922	2.9
28927	2.9
29063	2.8
29157	2.8
29417	2.8
29482	2.8
29681	2.8
29870	2.8
30139	2.8
30411	2.8
30509	2.8
30803	2.8
31059	2.8
31183	2.7
31501	2.7
31571	2.7
31707	2.7
32002	2.7
32240	2.7
32359	2.7
32413	2.7
32633	2.7
32705	2.7
33020	2.7
33300	2.7
33368	2.6
33450	2.6
33515	2.6
33861	2.6
33904	2.6
34097	2.6
34175	2.6
34327	2.6
34481	2.6
34709	2.6
34898	2.6
35000	2.6
35097	2.6
35111	2.5
35168	2.5
35248	2.5
35282	2.5
35711	2.5
35759	2.5
35896	2.5
35912	2.5
36564	2.5
36624	2.5
36646	2.5
36696	2.5
36847	2.5
37085	2.5
37150	2.5
37523	2.4
37535	2.4
37669	2.4
38314	2.4
38465	2.4
38591	2.4
38726	2.4
38993	2.4
39105	2.4
39300	2.4
39449	2.4
39760	2.4
40196	2.4
40216	2.4
40226	2.4
40400	2.4
40544	2.4
40679	2.4
40823	2.3
41190	2.3
41270	2.3
41662	2.3
42127	2.4
42130	2.4
42133	2.4
42465	2.5
42476	2.5
42479	2.5
42539	2.5
42611	2.5
42815	2.5
42960	2.5
43068	2.5
43188	2.4
43355	2.4
43466	2.4
43517	2.4
43566	2.4
43753	2.4
44430	2.4
44628	2.4
44693	2.4
44822	2.4
44903	2.4
45081	2.4
45199	2.4
45510	2.4
45584	2.4
45643	2.4
45887	2.4
46099	2.4
46121	2.4
46150	2.4
46403	2.3
46448	2.3
46556	2.3
46696	2.3
46847	2.3
46868	2.3
47084	2.3
47129	2.3
47372	2.3
47411	2.3
47552	2.3
47639	2.3
47647	2.3
47860	2.3
47909	2.3
48137	2.3
48194	2.3
48248	2.3
48484	2.3
48552	2.3
48647	2.3
48860	2.3
48998	2.3
49093	2.2
49117	2.2
49328	2.2
49343	2.2
49390	2.2
49549	2.2
49833	2.2
50068	2.2
50096	2.2
50249	2.2
50348	2.2
50545	2.2
50672	2.2
50725	2.2
50996	2.2
51059	2.2
51124	2.2
51404	2.2
51491	2.2
51502	2.2
51743	2.2
52165	2.2
52168	2.2
52188	2.2
52440	2.2
52633	2.2
52652	2.2
52669	2.2
53180	2.2
53388	2.2
53396	2.2
53530	2.2
53567	2.2
53749	2.2
53757	2.2
54079	2.2
54364	2.2
54565	2.2
54722	2.2
54884	2.1
55257	2.1
55362	2.1
55398	2.1
55588	2.1
55639	2.1
56011	2.1
56166	2.1
56347	2.1
56429	2.1
56527	2.1
56651	2.1
56926	2.1
57041	2.1
57161	2.1
57201	2.1
57275	2.1
57440	2.1
57476	2.1
57621	2.1
58063	2.1
58265	2.1
58315	2.1
59006	2.1
59039	2.1
59141	2.1
59266	2.1
59597	2.1
59607	2.1
60066	2.1
60069	2.1
60078	2.1
60081	2.1
60374	2.3
60539	2.7
60569	2.8
60800	2.8
60803	2.8
60816	2.8
60819	2.8
61173	2.9
61176	2.9
61329	2.9
61798	3.0
61809	3.0
61827	3.0
62038	3.5
62103	3.6
62106	3.6
62115	3.6
62118	3.6
62295	3.6
62298	3.6
62407	3.6
62410	3.6
63043	3.6
63046	3.6
63061	3.6
63064	3.7
63491	3.7
63494	3.7
63517	3.7
63538	3.7
63541	3.7
63547	3.7
63626	3.7
63632	3.7
63924	3.7
64018	3.7
64178	3.7
64286	3.7
64432	3.7
64477	3.7
64554	3.7
64721	3.7
64738	3.6
65141	3.6
65156	3.6
65166	3.6
65222	3.6
65495	3.6
65552	3.6
65562	3.6
65599	3.6
65645	3.6
65671	3.6
65717	3.6
65944	3.6
66086	3.6
66874	3.6
66959	3.6
66991	3.6
67275	3.5
67340	3.5
67415	3.5
67814	3.5
68026	3.5
68126	3.5
68397	3.5
68840	3.5
69101	3.5
69175	3.5
69312	3.5
69603	3.5
69631	3.5
69698	3.5
70820	3.5
71042	3.5
71224	3.5
71287	3.5
71528	3.4
72175	3.4
72444	3.4
72456	3.4
72575	3.4
72704	3.4
72735	3.4
72844	3.4
72926	3.4
72941	3.4
73189	3.4
73598	3.4
73621	3.4
74111	3.4
74350	3.4
74662	3.4
74769	3.4
74838	3.4
74937	3.4
75197	3.4
75373	3.3
75383	3.3
75775	3.3
75911	3.3
76044	3.3
76287	3.3
76355	3.3
76505	3.3
76523	3.3
76726	3.3
76808	3.3
76933	3.3
77230	3.3
77258	3.3
77389	3.3
77621	3.3
77690	3.3
77885	3.3
78102	3.3
78269	3.3
78340	3.3
78440	3.2
78666	3.2
78678	3.2
78874	3.2
78918	3.2
79160	3.2
79627	3.2
79642	3.2
79831	3.2
80083	3.2
80621	3.2
80986	3.2
80990	3.2
81203	3.2
81227	3.2
81743	3.2
81754	3.2
81864	3.2
81937	3.2
82061	3.2
82133	3.2
82207	3.2
82466	3.2
82541	3.2
82634	3.1
82707	3.1
82808	3.1
82839	3.1
82888	3.1
83511	3.1
83579	3.1
83656	3.1
83828	3.1
84169	3.1
84334	3.1
84450	3.1
84579	3.1
84777	3.1
84845	3.1
85120	3.1
85285	3.1
85361	3.1
85373	3.1
85484	3.1
86040	3.1
86156	3.1
86238	3.1
86366	3.1
86405	3.1
86418	3.1
86508	3.0
86567	3.0
86568	3.0
86944	3.0
86954	3.0
87022	3.0
87239	3.0
87407	3.0
87500	3.0
87728	3.0
87824	3.0
87895	3.0
87947	3.0
87953	3.0
87983	3.0
88103	3.0
88175	3.0
88421	3.0
88434	3.0
88468	3.0
89035	3.0
89339	3.0
89344	3.0
90689	3.0
90704	3.0
90853	3.0
91105	3.0
91155	3.0
91241	2.9
91256	2.9
91307	2.9
91376	2.9
91424	2.9
91825	2.9
91853	2.9
92071	2.9
92159	2.9
92381	2.9
92735	2.9
92745	2.9
92786	2.9
93409	2.9
93617	2.9
93862	2.9
93865	2.9
93937	2.9
94402	2.9
94586	2.9
94685	2.9
94725	2.9
95093	2.9
95264	2.9
95314	2.9
95507	2.9
95575	2.9
95703	2.9
95786	2.9
95848	2.9
96394	2.9
96404	2.9
97023	2.8
97031	2.8
97040	2.8
97077	2.8
97184	2.8
97262	2.8
97303	2.8
97345	2.8
97376	2.8
97850	2.8
98518	2.8
98882	2.8
99214	2.8
99218	2.8
99469	2.8
99512	2.8
99595	2.8
99670	2.8
99722	2.8
99841	2.8
100253	2.8
101294	2.8
101633	2.8
101770	2.8
101858	2.8
101870	2.8
102181	2.8
102226	2.8
102524	2.8
102527	2.8
102530	2.8
102844	2.8
102919	2.8
103121	2.8
103445	2.8
103672	2.8
103793	2.8
103882	2.7
103975	2.7
104011	2.7
104209	2.7
104894	2.7
104897	2.8
105358	2.8
105366	2.8
105369	2.8
105372	2.8
105375	2.8
105375	2.8
105821	2.8
105833	2.8
105841	2.8
105852	2.8
105911	2.8
105950	2.8
106082	2.7
106500	2.7
106561	2.7
106614	2.7
106657	2.7
106823	2.7
106962	2.7
107085	2.7
107927	2.9
107942	2.9
107945	2.9
107956	2.9
107959	2.9
108209	3.3
108304	3.4
108404	3.5
108721	3.5
108724	3.5
108740	3.5
108743	3.5
108744	3.5
108746	3.6
108905	3.5
108957	3.5
109414	3.5
109444	3.5
109510	3.5
109531	3.5
109598	3.5
109637	3.5
109677	3.5
109844	3.5
110057	3.5
110294	3.5
110365	3.5
110461	3.5
110461	3.5
110471	3.5
110618	3.5
110639	3.5
111266	3.5
111386	3.5
111673	3.5
112060	3.5
112516	3.5
112844	3.5
112852	3.5
112870	3.5
113119	3.5
113226	3.5
113243	3.5
113336	3.5
113689	3.5
113852	3.4
113890	3.4
113989	3.4
114167	3.4
114254	3.4
114332	3.4
114640	3.4
114841	3.4
114875	3.4
114899	3.4
115199	3.4
115655	3.4
115878	3.4
116074	3.4
116344	3.4
116615	3.4
116657	3.4
116906	3.4
117113	3.4
117196	3.4
117275	3.4
117297	3.4
117520	3.4
117523	3.4
117775	3.4
117863	3.4
118250	3.4
118277	3.4
118330	3.4
118635	3.4
118664	3.4
118880	3.4
118922	3.3
119003	3.3
119219	3.3
119223	3.3
119227	3.3
119386	3.3
119435	3.3
119663	3.3
119783	3.3
120172	3.3
120217	3.3
120263	3.3
120743	3.3
120746	3.3
120755	3.3
120758	3.3
120832	3.3
120951	3.3
121004	3.3
121053	3.3
121217	3.3
121250	3.3
121384	3.3
121579	3.3
121742	3.3
121783	3.3
121843	3.3
121980	3.3
122017	3.3
122681	3.3
122684	3.3
122736	3.3
122774	3.3
123025	3.3
123334	3.3
123335	3.3
123436	3.3
123932	3.3
123967	3.3
124037	3.3
124100	3.3
124214	3.3
124277	3.3
124285	3.3
124460	3.3
124478	3.2
124928	3.2
124938	3.2
124963	3.2
125279	3.2
125579	3.2
125589	3.2
125731	3.2
125918	3.2
125930	3.2
126274	3.2
126277	3.2
126281	3.2
126411	3.2
126627	3.2
126752	3.2
126785	3.2
126980	3.2
127162	3.2
127176	3.2
127229	3.2
127362	3.2
127575	3.2
127607	3.2
127661	3.2
127755	3.2
127793	3.2
127850	3.2
127929	3.2
128090	3.2
128651	3.2
128654	3.2
128684	3.2
128696	3.2
128817	3.2
128951	3.2
128997	3.2
129056	3.2
129100	3.2
129135	3.2
129221	3.2
129278	3.2
129403	3.2
129466	3.2
130296	3.2
130385	3.2
130546	3.2
130951	3.2
130954	3.2
130955	3.2
131002	3.2
131264	3.2
131288	3.2
131723	3.2
131726	3.2
131802	3.2
131810	3.2
131888	3.2
131999	3.2
132448	3.2
132562	3.2
132665	3.2
132683	3.1
132751	3.1
132875	3.1
132916	3.1
132938	3.1
133096	3.1
133117	3.1
133864	3.1
133867	3.1
133907	3.1
134059	3.1
134132	3.1
134309	3.1
134357	3.1
134495	3.1
134522	3.1
134621	3.1
134767	3.1
134796	3.1
134837	3.1
134858	3.1
134969	3.1
135011	3.1
135277	3.1
135455	3.1
135509	3.1
135552	3.1
135689	3.1
135759	3.1
135984	3.1
136160	3.1
136166	3.1
136190	3.1
136237	3.1
136241	3.1
136448	3.1
136543	3.1
137144	3.1
137154	3.1
137188	3.1
137192	3.1
137494	3.1
138069	3.1
138359	3.1
138445	3.1
138565	3.1
138636	3.1
139107	3.1
139328	3.1
139448	3.1
139529	3.0
139550	3.0
139587	3.0
139775	3.0
139869	3.0
140009	3.0
140041	3.0
140269	3.0
140536	3.0
140603	3.0
140713	3.0
140993	3.0
141020	3.0
141530	3.0
141710	3.0
141746	3.0
141854	3.0
141931	3.0
141936	3.0
142121	3.0
142229	3.0
142522	3.0
142525	3.0
142811	3.0
142848	3.0
143042	3.0
143084	3.0
143378	3.0
143382	3.0
143836	3.0
144035	3.0
144051	3.0
144204	3.0
144311	3.0
145081	3.0
145084	3.0
145319	3.2
145334	3.2
145586	3.2
145589	3.2
145844	3.3
145847	3.3
145853	3.3
146320	3.3
146323	3.3
146332	3.3
146335	3.3
146443	3.3
146446	3.3
146544	3.3
146680	3.3
146689	3.3
146774	3.3
146811	3.3
146862	3.3
146888	3.3
147233	3.3
147402	3.3
147640	3.3
147668	3.3
147953	3.3
148016	3.3
148336	3.2
148463	3.2
148803	3.2
148817	3.2
148847	3.2
149086	3.2
149107	3.2
149324	3.2
149468	3.2
149564	3.2
149657	3.2
150040	3.2
150103	3.2
150203	3.2
150785	3.2
150872	3.2
150994	3.2
151099	3.2
151166	3.2
151441	3.2
151597	3.2
151853	3.2
151863	3.2
152053	3.2
152078	3.2
152384	3.2
152847	3.2
153076	3.2
153284	3.2
153301	3.2
