2020-04-16 18:13:00

CONFIGURATION:
{u'simulation': {u'stdev_factor': 0.01, u'power_mgmt_enabled': False, u'tasks': {u'loc': {u'mean_service_time': {u'gpu': 90, u'cpu_core': 200, u'loc_accel': 10}, u'priority': 1, u'deadline': 1000, u'stdev_service_time': {u'gpu': 0.9, u'cpu_core': 2.0, u'loc_accel': 0.1}, u'power': {u'gpu': 4.457, u'cpu_core': 6.133, u'loc_accel': 0.02197}}, u'detect': {u'mean_service_time': {u'gpu': 0.4607, u'cpu_core': 3.654, u'det_accel': 0.278}, u'priority': 2, u'deadline': 1000, u'stdev_service_time': {u'gpu': 0.004607, u'cpu_core': 0.03654, u'det_accel': 0.0027800000000000004}, u'power': {u'gpu': 90, u'cpu_core': 200, u'det_accel': 10}}, u'Frontier': {u'mean_service_time': {u'cpu_core': 396}, u'priority': 9, u'deadline': 1000, u'stdev_service_time': {u'cpu_core': 3.96}, u'power': {u'cpu_core': 5.98}}, u'track': {u'mean_service_time': {u'gpu': 17, u'tra_accel': 2, u'cpu_core': 1820}, u'priority': 3, u'deadline': 1000, u'stdev_service_time': {u'gpu': 0.17, u'tra_accel': 0.02, u'cpu_core': 18.2}, u'power': {u'gpu': 12.79, u'tra_accel': 0.59, u'cpu_core': 5.6}}, u'sp': {u'mean_service_time': {u'gpu': 379, u'cpu_core': 1004}, u'priority': 11, u'deadline': 1000, u'stdev_service_time': {u'gpu': 3.79, u'cpu_core': 10.040000000000001}, u'power': {u'gpu': 3.302, u'cpu_core': 1004}}, u'mission': {u'mean_service_time': {u'cpu_core': 0.0022}, u'priority': 5, u'deadline': 1000, u'stdev_service_time': {u'cpu_core': 2.2000000000000003e-05}, u'power': {u'cpu_core': 3.534}}, u'motion': {u'mean_service_time': {u'cpu_core': 8}, u'priority': 6, u'deadline': 1000, u'stdev_service_time': {u'cpu_core': 0.08}, u'power': {u'cpu_core': 4.222}}, u'collision': {u'mean_service_time': {u'cpu_core': 8}, u'priority': 7, u'deadline': 1000, u'stdev_service_time': {u'cpu_core': 0.08}, u'power': {u'cpu_core': 0}}, u'fusion': {u'mean_service_time': {u'cpu_core': 1}, u'priority': 4, u'deadline': 1000, u'stdev_service_time': {u'cpu_core': 0.01}, u'power': {u'cpu_core': 0}}, u'map': {u'mean_service_time': {u'gpu': 761, u'cpu_core': 973}, u'priority': 10, u'deadline': 1000, u'stdev_service_time': {u'gpu': 7.61, u'cpu_core': 9.73}, u'power': {u'gpu': 3.533, u'cpu_core': 2.995}}, u'path': {u'mean_service_time': {u'cpu_core': 8}, u'priority': 8, u'deadline': 1000, u'stdev_service_time': {u'cpu_core': 0.08}, u'power': {u'cpu_core': 0}}}, u'sched_policy_module': u'policies.rheft', u'drop': True, u'servers': {u'gpu': {u'count': 2}, u'tra_accel': {u'count': 1}, u'cpu_core': {u'count': 8}, u'loc_accel': {u'count': 1}, u'det_accel': {u'count': 1}}, u'max_tasks_simulated': 10000, u'max_queue_size': 1000000, u'mean_arrival_time': 50, u'arrival_time_scale': 3}, u'general': {u'random_seed': 0, u'pre_gen_arrivals': False, u'basename': u'policy:rheft__stdev_factor:0.01', u'output_trace_file': None, u'working_dir': u'/home/hiwot/meta-stomp2/sim_16042020_181058_new_arrival_50_map_rheftmapping_50_trace_50', u'input_trace_file': (False, '../mv_mapping_50_trace_50.trc'), u'logging_level': u'INFO'}}
Time	Response time (avg)
1456	495.0
1573	495.0
2617	495.0
3107	495.8
3593	496.6
3958	497.2
3974	497.3
3984	497.4
4214	497.4
4338	500.1
4453	510.1
4461	509.4
4579	508.3
5260	507.4
5530	506.5
6064	505.8
6595	505.2
6893	499.1
6929	493.7
7559	493.8
7579	493.8
7729	493.9
8126	493.9
9236	494.0
10361	490.0
10529	486.4
10556	483.1
10627	483.5
10882	483.9
11054	481.0
11423	478.2
12374	478.8
12652	479.2
12925	479.7
13575	477.3
13603	477.8
14774	475.6
14986	476.1
15317	474.1
15818	474.6
15937	475.1
16456	475.5
16481	476.0
17542	476.4
18655	476.8
18793	477.2
19391	477.6
19532	475.9
19768	476.3
20902	476.7
21461	475.1
21853	475.5
22283	475.8
22304	474.4
23168	472.9
23659	473.3
23887	473.7
24407	474.1
24610	474.4
24892	474.8
25229	475.1
25400	473.8
26678	474.2
26841	473.0
27910	473.3
28921	473.6
29149	473.9
29411	474.2
30133	474.6
31495	474.8
32234	475.1
32351	474.0
33362	473.0
33442	473.3
33853	473.5
34475	472.5
36618	471.5
36638	470.6
36688	470.9
37517	471.2
37661	471.5
38987	471.8
39754	472.0
40220	472.3
41656	472.6
42109	472.8
42297	472.0
42533	471.1
42954	471.4
43060	471.7
43460	470.9
43558	471.1
44620	471.4
45193	471.6
45637	471.9
45881	471.1
46144	471.3
46440	470.6
46862	469.8
48242	469.1
48476	469.3
48544	469.6
48854	468.9
49087	469.1
50090	468.4
50537	468.7
50666	468.0
50717	467.3
51118	467.6
51398	467.8
52150	468.1
52644	468.4
53522	468.6
53741	468.9
53751	468.2
54073	468.5
54358	468.7
54878	468.9
55390	469.1
55580	468.5
55631	467.9
56005	468.2
56341	468.4
56645	468.6
58309	468.8
59135	468.2
59260	468.4
60166	468.6
60536	471.4
60661	472.0
60783	472.2
61064	472.4
61156	472.9
61795	473.1
61824	473.2
62090	473.6
62262	473.8
62304	473.9
62533	474.1
63028	474.3
63523	477.7
63541	478.0
63916	477.4
64012	477.5
65639	477.0
66953	476.4
67808	476.6
68018	476.7
69169	476.8
69304	476.9
69692	476.4
72438	475.9
72448	475.3
72727	475.5
72836	475.0
73615	475.1
74105	475.2
74656	475.3
75769	475.5
76720	475.6
76927	475.7
77252	475.8
77615	475.3
78670	475.5
78866	475.0
79621	475.1
79823	475.2
81748	475.3
82460	475.4
82699	475.6
83505	475.7
83650	475.8
84328	475.9
85279	476.0
85355	475.5
85365	475.1
86150	474.6
86230	474.8
86560	474.9
87233	475.0
87941	474.6
87947	474.7
88462	474.8
89338	474.9
91099	475.0
93403	475.1
93611	475.2
95087	474.8
95306	474.9
95569	475.0
95842	475.1
97069	474.7
97295	474.3
97844	474.4
99208	474.5
99506	474.1
99587	473.7
99833	473.3
101764	473.4
102175	473.5
102521	473.1
102836	472.8
103666	472.9
103874	473.0
103967	473.1
104003	473.2
104860	473.3
105338	473.7
105355	473.9
105827	474.8
105833	475.0
105844	475.2
106494	475.3
106608	475.4
107924	476.5
108301	476.6
108454	476.7
108704	476.8
108734	476.9
108899	477.0
108949	477.3
109671	477.4
110455	477.4
111260	477.5
111380	477.2
112054	477.2
112841	476.9
112862	476.5
113113	476.6
113330	476.7
113846	476.3
113981	476.4
114893	476.5
115872	476.2
116338	476.2
117107	475.9
117188	475.6
117289	475.6
117514	475.7
117857	475.4
118997	475.1
119213	475.1
119215	475.2
119657	474.9
119777	475.0
120166	475.1
120209	475.1
120716	475.2
120726	475.3
120826	475.4
121211	475.8
121376	475.5
121777	475.6
121835	475.3
122009	475.4
122678	475.4
122728	475.5
123019	475.6
123329	475.7
123428	475.7
125725	475.8
126403	475.9
126974	476.0
127354	476.0
127655	476.1
128084	475.8
128638	475.9
128809	475.9
129272	476.0
129458	476.1
130379	475.8
130540	475.9
130843	475.9
130943	476.0
131696	476.1
131794	476.1
132442	476.2
132554	476.3
132677	476.0
132745	476.1
133088	476.1
133109	476.2
133837	476.3
133847	476.3
134051	476.0
134351	475.8
134788	475.8
135449	475.6
135751	475.6
138353	475.3
138557	475.1
138628	475.1
139322	475.2
139544	475.3
139579	475.3
140035	475.4
140530	475.5
141524	475.2
141704	474.9
141923	475.0
142516	475.1
143036	475.1
143372	475.2
143374	475.3
144965	475.0
145064	474.8
145460	475.4
145829	475.5
146180	475.7
146396	475.8
146426	475.8
147947	475.6
148008	475.3
148328	475.4
149080	475.4
149099	475.2
149316	475.3
150866	475.0
150986	474.8
151591	474.8
152378	474.9
152839	474.9
153278	475.0
