CONFIGURATION:
{u'simulation': {u'stdev_factor': 0.01, u'power_mgmt_enabled': False, u'tasks': {u'loc': {u'mean_service_time': {u'gpu': 90, u'cpu_core': 200, u'loc_accel': 10}, u'priority': 1, u'deadline': 1000, u'stdev_service_time': {u'gpu': 0.9, u'cpu_core': 2.0, u'loc_accel': 0.1}, u'power': {u'gpu': 4.457, u'cpu_core': 6.133, u'loc_accel': 0.02197}}, u'detect': {u'mean_service_time': {u'gpu': 0.4607, u'cpu_core': 3.654, u'det_accel': 0.278}, u'priority': 2, u'deadline': 1000, u'stdev_service_time': {u'gpu': 0.004607, u'cpu_core': 0.03654, u'det_accel': 0.0027800000000000004}, u'power': {u'gpu': 90, u'cpu_core': 200, u'det_accel': 10}}, u'Frontier': {u'mean_service_time': {u'cpu_core': 396}, u'priority': 9, u'deadline': 1000, u'stdev_service_time': {u'cpu_core': 3.96}, u'power': {u'cpu_core': 5.98}}, u'track': {u'mean_service_time': {u'gpu': 17, u'tra_accel': 2, u'cpu_core': 1820}, u'priority': 3, u'deadline': 1000, u'stdev_service_time': {u'gpu': 0.17, u'tra_accel': 0.02, u'cpu_core': 18.2}, u'power': {u'gpu': 12.79, u'tra_accel': 0.59, u'cpu_core': 5.6}}, u'sp': {u'mean_service_time': {u'gpu': 379, u'cpu_core': 1004}, u'priority': 11, u'deadline': 1000, u'stdev_service_time': {u'gpu': 3.79, u'cpu_core': 10.040000000000001}, u'power': {u'gpu': 3.302, u'cpu_core': 1004}}, u'mission': {u'mean_service_time': {u'cpu_core': 0.0022}, u'priority': 5, u'deadline': 1000, u'stdev_service_time': {u'cpu_core': 2.2000000000000003e-05}, u'power': {u'cpu_core': 3.534}}, u'motion': {u'mean_service_time': {u'cpu_core': 8}, u'priority': 6, u'deadline': 1000, u'stdev_service_time': {u'cpu_core': 0.08}, u'power': {u'cpu_core': 4.222}}, u'collision': {u'mean_service_time': {u'cpu_core': 8}, u'priority': 7, u'deadline': 1000, u'stdev_service_time': {u'cpu_core': 0.08}, u'power': {u'cpu_core': 0}}, u'fusion': {u'mean_service_time': {u'cpu_core': 1}, u'priority': 4, u'deadline': 1000, u'stdev_service_time': {u'cpu_core': 0.01}, u'power': {u'cpu_core': 0}}, u'map': {u'mean_service_time': {u'gpu': 761, u'cpu_core': 973}, u'priority': 10, u'deadline': 1000, u'stdev_service_time': {u'gpu': 7.61, u'cpu_core': 9.73}, u'power': {u'gpu': 3.533, u'cpu_core': 2.995}}, u'path': {u'mean_service_time': {u'cpu_core': 8}, u'priority': 8, u'deadline': 1000, u'stdev_service_time': {u'cpu_core': 0.08}, u'power': {u'cpu_core': 0}}}, u'sched_policy_module': u'policies.rheft', u'drop': True, u'servers': {u'gpu': {u'count': 2}, u'tra_accel': {u'count': 1}, u'cpu_core': {u'count': 8}, u'loc_accel': {u'count': 1}, u'det_accel': {u'count': 1}}, u'max_tasks_simulated': 10000, u'max_queue_size': 1000000, u'mean_arrival_time': 50, u'arrival_time_scale': 3}, u'general': {u'random_seed': 0, u'pre_gen_arrivals': False, u'basename': u'policy:rheft__stdev_factor:0.01', u'output_trace_file': None, u'working_dir': u'/home/hiwot/meta-stomp2/sim_16042020_181058_new_arrival_50_map_rheftmapping_50_trace_50', u'input_trace_file': (False, '../mv_mapping_50_trace_50.trc'), u'logging_level': u'INFO'}}

/home/hiwot/meta-stomp2/sim_16042020_181058_new_arrival_50_map_rheftmapping_50_trace_50/../mv_mapping_50_trace_50.trc

Running STOMP simulation...
Dropped,DAG ID,DAG Priority,DAG Type,Slack,Response Time,No-Affinity Time,Energy
0,0,3,0,3146,1462,293,6320.2027
0,1,1,0,3144,1464,295,6320.2027
0,2,1,1,487,14,2,0.2197
0,3,1,2,2330,1090,194,3794.6617
0,4,1,0,3118,1490,297,6320.2027
0,5,1,1,487,14,2,0.2197
0,6,3,2,2180,1240,249,3642.1397
0,7,3,0,2868,1740,350,6620.1797
0,8,3,2,2185,1235,247,3642.1397
0,9,3,2,2167,1253,196,3519.0877
0,10,3,0,2749,1859,350,6632.29349
0,11,1,1,487,14,2,0.2197
0,12,1,2,2113,1307,196,3360.1027
0,13,1,0,2863,1745,350,6632.1397
0,14,3,0,2871,1737,350,6620.1797
0,15,1,0,2875,1733,348,6620.20167
0,16,3,0,2533,2075,350,7258.1147
0,17,3,1,425,76,4,0.2197
0,18,3,0,2708,1900,346,7463.6497
0,19,1,1,464,37,4,0.2197
0,20,3,0,2886,1722,297,7277.9487
0,21,3,0,2874,1734,346,6644.0997
0,22,3,1,150,351,4,0.2197
0,23,3,2,1897,1523,249,4492.7197
0,24,3,0,2859,1749,295,7313.06358
0,25,3,0,2306,2302,293,9287.9227
0,26,3,2,1582,1838,245,5463.0997
0,27,1,1,130,371,4,0.2197
0,28,1,0,2495,2113,293,8620.1857
0,29,3,2,2190,1230,245,3642.1397
0,30,3,1,487,14,2,0.2197
0,31,1,2,2099,1321,245,3914.6847
0,32,1,0,2684,1924,346,7192.2547
0,33,3,2,2091,1329,247,3932.6547
0,34,1,1,487,14,2,0.2197
0,35,1,1,487,14,2,0.2197
0,36,1,1,487,14,2,0.2197
0,37,1,0,3146,1462,293,6320.2027
0,38,1,2,2453,967,194,3360.1027
0,39,1,2,2190,1230,245,3642.1397
0,40,3,0,2978,1630,249,6010.2197
0,41,1,0,2978,1630,249,6010.2197
0,42,1,2,2188,1232,247,3642.1397
0,43,1,1,487,14,2,0.2197
0,44,3,1,487,14,2,0.2197
0,45,1,0,2881,1727,346,6602.2397
0,46,1,0,3144,1464,295,6320.2027
0,47,1,0,3144,1464,295,6320.2027
0,48,1,2,2188,1232,247,3642.1397
0,49,3,0,2881,1727,346,6602.2397
0,50,1,1,487,14,2,0.2197
0,51,1,1,487,14,2,0.2197
0,52,3,2,2453,967,194,3360.1027
0,53,1,1,487,14,2,0.2197
0,54,1,2,2453,967,194,3360.1027
0,55,1,0,2881,1727,346,6602.2397
0,56,1,2,2188,1232,247,3642.1397
0,57,1,1,487,14,2,0.2197
0,58,3,2,2189,1231,245,3642.16167
0,59,3,2,2348,1072,194,3731.0677
0,60,3,1,487,14,2,0.2197
0,61,1,1,487,14,2,0.2197
0,62,3,2,2453,967,194,3360.1027
0,63,3,1,487,14,2,0.2197
0,64,1,0,2980,1628,247,6010.2197
0,65,3,0,2980,1628,247,6010.2197
0,66,3,0,2978,1630,249,6010.2197
0,67,3,1,487,14,2,0.2197
0,68,3,0,3048,1560,295,6659.3707
0,69,3,0,2975,1633,293,6924.3457
0,70,1,1,487,14,2,0.2197
0,71,1,0,2980,1628,247,6010.2197
0,72,1,0,2978,1630,249,6010.2197
0,73,3,2,2186,1234,249,3642.1397
0,74,3,2,2453,967,194,3360.1027
0,75,1,2,2453,967,194,3360.1027
0,76,1,1,487,14,2,0.2197
0,77,3,0,2881,1727,346,6602.2397
0,78,1,1,487,14,2,0.2197
0,79,3,2,2181,1239,247,3642.29349
0,80,3,0,3077,1531,293,6563.9797
0,81,1,1,487,14,2,0.2197
0,82,1,0,3134,1474,293,6362.5987
0,83,3,1,487,14,2,0.2197
0,84,1,1,487,14,2,0.2197
0,85,3,0,2942,1666,293,7040.9347
0,86,3,0,2979,1629,247,6010.24167
0,87,1,2,2190,1230,245,3642.1397
0,88,3,2,2420,1000,194,3476.6917
0,89,1,2,2363,1057,194,3678.0727
0,90,3,0,2980,1628,247,6010.2197
0,91,1,0,3144,1464,295,6320.2027
0,92,1,0,2980,1628,247,6010.2197
0,93,3,1,483,18,2,0.30758
0,94,1,1,487,14,2,0.2197
0,95,1,2,2429,991,194,3444.8947
0,96,1,1,487,14,2,0.2197
0,97,3,0,2881,1727,346,6602.2397
0,98,1,2,2190,1230,245,3642.1397
0,99,3,2,2187,1233,247,3642.16167
0,100,1,0,3078,1530,295,6553.3807
0,101,1,1,487,14,2,0.2197
0,102,3,0,2879,1729,348,6602.2397
0,103,3,0,3005,1603,293,6818.3557
0,104,3,1,487,14,2,0.2197
0,105,1,2,2188,1232,247,3642.1397
0,106,3,1,487,14,2,0.2197
0,107,1,1,482,19,2,0.32955
0,108,3,0,3146,1462,293,6320.2027
0,109,1,2,2453,967,194,3360.1027
0,110,1,2,2190,1230,245,3642.1397
0,111,3,1,487,14,2,0.2197
0,112,3,1,487,14,2,0.2197
0,113,3,1,487,14,2,0.2197
0,114,1,0,3146,1462,293,6320.2027
0,115,1,0,3087,1521,295,6521.5837
0,116,3,2,2190,1230,245,3642.1397
0,117,3,2,2190,1230,245,3642.1397
0,118,3,0,2881,1727,346,6602.2397
0,119,1,0,2980,1628,247,6010.2197
0,120,3,2,2453,967,194,3360.1027
0,121,3,0,3144,1464,295,6320.2027
0,122,3,2,2188,1232,247,3642.1397
0,123,1,1,487,14,2,0.2197
0,124,1,1,487,14,2,0.2197
0,125,3,2,2375,1045,194,3635.6767
0,126,1,0,3146,1462,293,6320.2027
0,127,3,1,487,14,2,0.2197
0,128,3,1,487,14,2,0.2197
0,129,3,0,2980,1628,247,6010.2197
0,130,1,1,487,14,2,0.2197
0,131,3,2,2453,967,194,3360.1027
0,132,3,0,3122,1486,293,6404.9947
0,133,3,1,487,14,2,0.2197
0,134,3,2,2190,1230,245,3642.1397
0,135,1,0,2879,1729,348,6602.2397
0,136,3,0,2978,1630,249,6010.2197
0,137,1,1,487,14,2,0.2197
0,138,1,2,2190,1230,245,3642.1397
0,139,3,2,2190,1230,245,3642.1397
0,140,3,2,2279,1141,194,3974.8447
0,141,3,1,480,21,2,0.37349
0,142,3,1,487,14,2,0.2197
0,143,3,2,2241,1179,196,4102.0327
0,144,1,1,487,14,2,0.2197
0,145,1,1,487,14,2,0.2197
0,146,3,0,2980,1628,247,6010.2197
0,147,3,2,2190,1230,245,3642.1397
0,148,3,1,477,24,2,0.4394
0,149,3,0,3146,1462,293,6320.2027
0,150,3,0,3146,1462,293,6320.2027
0,151,3,0,2881,1727,346,6602.2397
0,152,1,2,2184,1236,247,3642.22758
0,153,3,1,487,14,2,0.2197
0,154,1,0,3065,1543,293,6606.3757
0,155,1,0,3146,1462,293,6320.2027
0,156,3,0,2699,1909,350,6602.2397
0,157,1,1,487,14,2,0.2197
0,158,1,1,487,14,2,0.2197
0,159,1,0,2966,1642,251,6010.2197
0,160,3,1,487,14,2,0.2197
0,161,3,1,487,14,2,0.2197
0,162,1,1,487,14,2,0.2197
0,163,3,2,2453,967,194,3360.1027
0,164,1,2,2453,967,194,3360.1027
0,165,1,2,2190,1230,245,3642.1397
0,166,3,2,2188,1232,247,3642.1397
0,167,1,2,2188,1232,247,3642.1397
0,168,1,2,2188,1232,247,3642.1397
0,169,3,0,2881,1727,346,6602.2397
0,170,1,2,2188,1232,247,3642.1397
0,171,1,0,2938,1670,249,6130.0197
0,172,1,1,487,14,2,0.2197
0,173,3,1,487,14,2,0.2197
0,174,3,0,3146,1462,293,6320.2027
0,175,1,2,2453,967,194,3360.1027
0,176,3,1,487,14,2,0.2197
0,177,1,1,487,14,2,0.2197
0,178,1,0,3146,1462,293,6320.2027
0,179,1,0,3060,1548,295,6616.9747
0,180,3,2,2183,1237,245,3642.29349
0,181,1,0,2881,1727,346,6602.2397
0,182,1,2,2188,1232,247,3642.1397
0,183,1,1,487,14,2,0.2197
0,184,1,1,487,14,2,0.2197
0,185,1,1,487,14,2,0.2197
0,186,1,2,2453,967,194,3360.1027
0,187,1,0,3146,1462,293,6320.2027
0,188,3,1,487,14,2,0.2197
0,189,3,2,2190,1230,245,3642.1397
0,190,3,1,487,14,2,0.2197
0,191,1,1,487,14,2,0.2197
0,192,3,0,3146,1462,293,6320.2027
0,193,1,2,2453,967,194,3360.1027
0,194,3,2,2190,1230,245,3642.1397
0,195,3,1,487,14,2,0.2197
0,196,1,0,2881,1727,346,6602.2397
0,197,3,0,2978,1630,249,6010.2197
0,198,1,1,487,14,2,0.2197
0,199,3,2,2453,967,194,3360.1027
0,200,3,1,480,21,2,0.37349
0,201,3,2,2453,967,194,3360.1027
0,202,3,1,487,14,2,0.2197
0,203,1,0,2980,1628,247,6010.2197
0,204,1,0,3012,1596,295,6786.5587
0,205,3,2,2190,1230,245,3642.1397
0,206,3,0,3129,1479,295,6373.1977
0,207,1,1,487,14,2,0.2197
0,208,1,1,487,14,2,0.2197
0,209,1,2,2318,1102,194,3837.0577
0,210,1,0,2980,1628,247,6010.2197
0,211,1,2,2188,1232,247,3642.1397
0,212,3,2,2188,1232,247,3642.1397
0,213,1,1,487,14,2,0.2197
0,214,3,2,2453,967,194,3360.1027
0,215,1,1,487,14,2,0.2197
0,216,1,2,2453,967,194,3360.1027
0,217,1,1,487,14,2,0.2197
0,218,3,1,487,14,2,0.2197
0,219,3,2,2453,967,194,3360.1027
0,220,3,1,487,14,2,0.2197
0,221,3,0,2976,1632,247,6010.30758
0,222,3,0,2978,1630,249,6010.2197
0,223,1,0,2985,1623,295,6881.9497
0,224,3,1,486,15,2,0.24167
0,225,1,1,487,14,2,0.2197
0,226,3,1,487,14,2,0.2197
0,227,1,1,487,14,2,0.2197
0,228,3,2,2190,1230,245,3642.1397
0,229,1,1,487,14,2,0.2197
0,230,3,2,2270,1150,194,3971.5314
0,231,1,1,487,14,2,0.2197
0,232,1,0,2881,1727,346,6602.2397
0,233,3,2,2188,1232,247,3642.1397
0,234,1,1,487,14,2,0.2197
0,235,1,0,2879,1729,348,6602.2397
0,236,3,2,2249,1171,194,4080.8347
0,237,3,2,2453,967,194,3360.1027
0,238,1,1,487,14,2,0.2197
0,239,1,0,3142,1466,293,6320.29058
0,240,3,2,2190,1230,245,3642.1397
0,241,1,2,2190,1230,245,3642.1397
0,242,1,0,3077,1531,293,6563.9797
0,243,1,2,2359,1061,194,3692.2047
0,244,1,1,487,14,2,0.2197
0,245,3,0,2881,1727,346,6602.2397
0,246,1,1,487,14,2,0.2197
0,247,3,1,487,14,2,0.2197
0,248,1,2,2188,1232,247,3642.1397
0,249,3,2,2429,991,194,3444.8947
0,250,1,2,2398,1022,194,3554.4177
0,251,3,2,2190,1230,245,3642.1397
0,252,1,0,2990,1618,293,6871.3507
0,253,1,1,487,14,2,0.2197
0,254,3,0,3134,1474,297,6320.2027
0,255,3,1,487,14,2,0.2197
0,256,1,0,2814,1794,251,6010.30758
0,257,3,1,487,14,2,0.2197
0,258,1,0,2980,1628,247,6010.2197
0,259,3,2,2354,1066,196,3667.4737
0,260,1,0,2874,1734,346,6644.0997
0,261,3,2,2179,1241,249,3642.16167
0,262,3,1,487,14,2,0.2197
0,263,1,2,2188,1232,247,3642.1397
0,264,3,0,2991,1617,295,6860.7517
0,265,3,2,2188,1232,247,3642.1397
0,266,1,0,2980,1628,247,6010.2197
0,267,3,0,2943,1665,295,7030.3357
0,268,1,1,449,52,4,0.2197
0,269,3,2,2185,1235,247,3651.1247
0,270,3,2,2029,1391,245,4112.44258
0,271,1,1,436,65,4,0.2197
0,272,3,2,2453,967,194,3360.1027
0,273,1,0,3144,1464,295,6320.2027
0,274,1,1,483,18,2,0.30758
0,275,3,2,2190,1230,245,3642.1397
0,276,3,0,3002,1606,293,6828.9547
0,277,3,2,2190,1230,245,3642.1397
0,278,3,0,3146,1462,293,6320.2027
0,279,3,0,2980,1628,247,6010.2197
0,280,1,2,2190,1230,245,3642.1397
0,281,1,2,2188,1232,247,3642.1397
0,282,1,0,3089,1519,293,6521.5837
0,283,1,1,487,14,2,0.2197
0,284,1,1,487,14,2,0.2197
0,285,3,0,2968,1640,249,6010.4394
0,286,3,1,487,14,2,0.2197
0,287,3,2,2393,1027,194,3572.0827
0,288,1,2,2188,1232,247,3642.1397
0,289,1,0,2980,1628,247,6010.2197
0,290,3,2,2188,1232,247,3642.1397
0,291,3,2,2453,967,194,3360.1027
0,292,3,1,487,14,2,0.2197
0,293,3,2,2446,974,194,3360.25649
0,294,3,2,2261,1159,194,4038.4387
0,295,3,0,2980,1628,247,6010.2197
0,296,1,2,2186,1234,245,3642.22758
0,297,3,0,2879,1729,348,6602.2397
0,298,1,1,487,14,2,0.2197
0,299,1,0,3144,1464,295,6320.2027
0,300,3,1,487,14,2,0.2197
0,301,1,0,2980,1628,247,6010.2197
0,302,1,1,487,14,2,0.2197
0,303,3,1,487,14,2,0.2197
0,304,3,0,3020,1588,293,6765.3607
0,305,1,1,487,14,2,0.2197
0,306,3,1,487,14,2,0.2197
0,307,3,2,2188,1232,247,3642.1397
0,308,3,1,487,14,2,0.2197
0,309,1,1,487,14,2,0.2197
0,310,3,2,2453,967,194,3360.1027
0,311,3,2,2189,1231,245,3642.16167
0,312,3,1,487,14,2,0.2197
0,313,1,2,2294,1126,194,3921.8497
0,314,1,0,2980,1628,247,6010.2197
0,315,1,2,2190,1230,245,3642.1397
0,316,3,1,487,14,2,0.2197
0,317,1,0,2879,1729,348,6602.2397
0,318,3,2,2318,1102,194,3837.0577
0,319,1,0,2980,1628,247,6010.2197
0,320,1,0,2978,1630,249,6010.2197
0,321,1,2,2188,1232,247,3642.1397
0,322,1,1,487,14,2,0.2197
0,323,3,1,487,14,2,0.2197
0,324,1,0,3146,1462,293,6320.2027
0,325,1,0,2881,1727,346,6602.2397
0,326,1,1,487,14,2,0.2197
0,327,1,2,2453,967,194,3360.1027
0,328,1,0,3134,1474,297,6320.2027
0,329,3,0,2869,1739,348,6662.0397
0,330,1,2,2168,1252,249,3642.3594
0,331,3,2,2190,1230,245,3642.1397
0,332,3,1,487,14,2,0.2197
0,333,3,1,487,14,2,0.2197
0,334,3,2,2190,1230,245,3642.1397
0,335,3,1,487,14,2,0.2197
0,336,1,2,2453,967,194,3360.1027
0,337,1,2,2453,967,194,3360.1027
0,338,1,1,487,14,2,0.2197
0,339,3,0,2879,1729,348,6602.2397
0,340,3,2,2188,1232,247,3642.1397
0,341,3,0,2879,1729,348,6602.2397
0,342,3,0,2907,1701,247,6228.8547
0,343,3,2,2106,1314,245,3893.7197
0,344,1,2,2188,1232,247,3642.1397
0,345,1,0,3074,1534,293,6574.5787
0,346,3,0,3146,1462,293,6320.2027
0,347,3,0,2881,1727,346,6602.2397
0,348,1,1,487,14,2,0.2197
0,349,3,2,2453,967,194,3360.1027
0,350,3,0,3144,1464,295,6320.2027
0,351,1,0,2978,1630,249,6010.2197
0,352,1,0,2978,1630,249,6010.2197
0,353,3,2,2190,1230,245,3642.1397
0,354,3,2,2190,1230,245,3642.1397
0,355,1,0,3011,1597,293,6797.1577
0,356,3,1,487,14,2,0.2197
0,357,3,0,3041,1567,293,6691.1677
0,358,3,0,2881,1727,346,6602.2397
0,359,3,2,2181,1239,247,3642.29349
0,360,3,2,2188,1232,247,3642.1397
0,361,3,2,2453,967,194,3360.1027
0,362,1,2,2453,967,194,3360.1027
0,363,1,2,2181,1239,247,3642.29349
0,364,3,2,2188,1232,247,3642.1397
0,365,3,0,3146,1462,293,6320.2027
0,366,3,1,487,14,2,0.2197
0,367,3,2,2453,967,194,3360.1027
0,368,1,1,487,14,2,0.2197
0,369,1,1,487,14,2,0.2197
0,370,1,1,487,14,2,0.2197
0,371,3,0,2980,1628,247,6010.2197
0,372,1,0,2939,1669,293,7051.5337
0,373,3,1,480,21,2,0.37349
0,374,3,1,487,14,2,0.2197
0,375,1,0,2944,1664,297,6320.2027
0,376,1,0,2794,1814,297,8263.7027
0,377,3,2,2169,1251,249,3642.1397
0,378,1,2,2178,1242,249,3642.1397
0,379,3,0,2692,1916,350,6937.1197
0,380,1,1,487,14,2,0.2197
0,381,3,1,487,14,2,0.2197
0,382,1,0,2860,1748,350,6644.0997
0,383,1,2,2026,1394,249,3642.1397
0,384,3,0,2775,1833,350,6620.1797
0,385,1,2,1968,1452,249,3642.1397
0,386,3,0,2982,1626,297,6945.5857
0,387,1,1,487,14,2,0.2197
0,388,3,1,480,21,2,0.37349
0,389,1,2,2211,1209,196,3699.2707
0,390,3,0,2502,2106,350,7722.3397
0,391,1,1,165,336,4,0.2197
0,392,3,0,2399,2209,350,7431.8247
0,393,3,2,1490,1930,249,5142.6347
0,394,3,0,2448,2160,297,8804.7407
0,395,3,1,453,48,4,0.2197
0,396,1,2,1719,1701,196,5236.1257
0,397,1,0,2592,2016,350,7401.8547
0,398,1,0,2486,2122,350,7491.81258
0,399,1,2,1452,1968,249,5810.5197
0,400,3,0,1928,2680,350,7955.9497
0,401,3,2,1658,1762,249,5193.5497
0,402,1,0,2492,2116,297,8610.4117
0,403,1,1,342,159,4,0.2197
0,404,3,2,1757,1663,249,4909.0247
0,405,3,0,2474,2134,346,7880.9047
0,406,1,0,2495,2113,297,9700.9627
0,407,1,2,1462,1958,249,5364.2647
0,408,1,2,1460,1960,249,5723.6647
0,409,3,0,2423,2185,346,7982.9047
0,410,3,1,270,231,4,0.2197
0,411,1,1,258,243,4,0.4394
0,412,1,1,366,135,4,0.2197
0,413,3,0,2766,1842,249,6645.1597
0,414,1,2,2263,1157,196,3985.4437
0,415,1,2,2128,1292,247,3801.02849
0,416,3,2,2228,1192,196,4074.01037
0,417,1,2,1603,1817,247,5394.2147
0,418,3,2,1778,1642,194,5744.8777
0,419,1,1,434,67,4,0.2197
0,420,3,2,1949,1471,194,5140.7347
0,421,3,2,1995,1425,245,4226.1647
0,422,1,2,2173,1247,247,3687.0647
0,423,3,1,487,14,2,0.2197
0,424,3,0,2980,1628,247,6010.2197
0,425,1,1,487,14,2,0.2197
0,426,1,2,2453,967,194,3360.1027
0,427,1,2,2453,967,194,3360.1027
0,428,3,2,2186,1234,245,3642.22758
0,429,1,1,485,16,2,0.26364
0,430,3,2,2188,1232,247,3642.1397
0,431,3,1,487,14,2,0.2197
0,432,3,1,487,14,2,0.2197
0,433,1,1,483,18,2,0.30758
0,434,1,1,487,14,2,0.2197
0,435,1,0,2980,1628,247,6010.2197
0,436,1,1,487,14,2,0.2197
0,437,3,1,487,14,2,0.2197
0,438,1,1,483,18,2,0.30758
0,439,3,1,487,14,2,0.2197
0,440,1,2,2453,967,194,3360.1027
0,441,1,2,2453,967,194,3360.1027
0,442,1,2,2190,1230,245,3642.1397
0,443,1,0,2881,1727,346,6602.2397
0,444,3,2,2188,1232,247,3642.1397
0,445,1,0,2879,1729,348,6602.2397
0,446,3,1,487,14,2,0.2197
0,447,1,0,3146,1462,293,6320.2027
0,448,1,0,3144,1464,295,6320.2027
0,449,3,0,2980,1628,247,6010.2197
0,450,1,1,487,14,2,0.2197
0,451,3,2,2190,1230,245,3642.1397
0,452,3,1,486,15,2,0.24167
0,453,1,2,2363,1057,194,3678.0727
0,454,1,1,487,14,2,0.2197
0,455,3,1,487,14,2,0.2197
0,456,1,2,2453,967,194,3360.1027
0,457,3,2,2453,967,194,3360.1027
0,458,1,1,487,14,2,0.2197
0,459,1,0,2976,1632,247,6010.30758
0,460,3,0,2964,1644,249,6010.52728
0,461,3,1,487,14,2,0.2197
0,462,3,2,2294,1126,194,3921.8497
0,463,3,0,2994,1614,295,6850.1527
0,464,1,0,2978,1630,249,6010.2197
0,465,3,2,2188,1232,247,3642.1397
0,466,3,1,487,14,2,0.2197
0,467,1,2,2188,1232,247,3642.1397
0,468,1,0,3116,1492,293,6426.1927
0,469,3,2,2414,1006,194,3497.8897
0,470,3,0,2881,1727,346,6602.2397
0,471,3,1,487,14,2,0.2197
0,472,3,1,487,14,2,0.2197
0,473,3,0,3146,1462,293,6320.2027
0,474,3,2,2453,967,194,3360.1027
0,475,3,2,2190,1230,245,3642.1397
0,476,3,1,487,14,2,0.2197
0,477,3,2,2190,1230,245,3642.1397
0,478,3,2,2190,1230,245,3642.1397
0,479,1,0,3146,1462,293,6320.2027
0,480,1,2,2453,967,194,3360.1027
0,481,1,2,2188,1232,247,3642.1397
0,482,3,2,2190,1230,245,3642.1397
0,483,1,1,487,14,2,0.2197
0,484,3,0,3146,1462,293,6320.2027
0,485,3,1,487,14,2,0.2197
0,486,1,0,3146,1462,293,6320.2027
0,487,3,0,2881,1727,346,6602.2397
0,488,1,2,2188,1232,247,3642.1397
0,489,1,0,2980,1628,247,6010.2197
0,490,3,2,2453,967,194,3360.1027
0,491,3,1,486,15,2,0.24167
0,492,1,2,2324,1096,194,3815.8597
0,493,1,1,487,14,2,0.2197
0,494,1,1,487,14,2,0.2197
0,495,1,1,487,14,2,0.2197
0,496,1,2,2188,1232,247,3642.1397
0,497,3,2,2190,1230,245,3642.1397
0,498,3,0,2955,1653,295,6987.9397
0,499,3,2,2288,1132,194,3943.0477
0,500,3,0,2978,1630,249,6010.2197
0,501,3,2,2190,1230,245,3642.1397
0,502,1,1,487,14,2,0.2197
0,503,1,2,2190,1230,245,3642.1397
0,504,3,2,2188,1232,247,3642.1397
0,505,1,0,3029,1579,293,6733.5637
0,506,3,0,2879,1729,348,6602.2397
0,507,1,1,487,14,2,0.2197
0,508,3,1,487,14,2,0.2197
0,509,1,2,2453,967,194,3360.1027
0,510,3,2,2303,1117,194,3890.0527
0,511,3,2,2453,967,194,3360.1027
0,512,1,0,3146,1462,293,6320.2027
0,513,3,1,487,14,2,0.2197
0,514,3,2,2190,1230,245,3642.1397
0,515,1,0,2881,1727,346,6602.2397
0,516,1,2,2336,1084,194,3773.4637
0,517,3,2,2188,1232,247,3642.1397
0,518,1,1,487,14,2,0.2197
0,519,3,1,487,14,2,0.2197
0,520,3,1,487,14,2,0.2197
0,521,1,0,3135,1473,295,6351.9997
0,522,3,1,487,14,2,0.2197
0,523,3,2,2306,1114,194,3879.4537
0,524,1,0,2877,1731,346,6602.32758
0,525,1,1,487,14,2,0.2197
0,526,1,0,3059,1549,293,6627.5737
0,527,3,1,485,16,4,0.2197
0,528,3,1,487,14,2,0.2197
0,529,1,1,487,14,2,0.2197
0,530,1,1,487,14,2,0.2197
0,531,3,0,3089,1519,293,6521.5837
0,532,1,1,477,24,2,0.4394
0,533,3,2,2453,967,194,3360.1027
0,534,1,2,2190,1230,245,3642.1397
0,535,3,2,2190,1230,245,3642.1397
0,536,3,2,2190,1230,245,3642.1397
0,537,1,1,487,14,2,0.2197
0,538,1,0,3020,1588,293,6765.3607
0,539,1,0,2980,1628,247,6010.2197
0,540,3,0,2977,1631,249,6010.24167
0,541,1,1,487,14,2,0.2197
0,542,1,2,2324,1096,194,3815.8597
0,543,1,0,2980,1628,247,6010.2197
0,544,1,0,2958,1650,295,6977.3407
0,545,1,2,2190,1230,245,3642.1397
0,546,1,1,487,14,2,0.2197
0,547,1,0,2991,1617,295,6860.7517
0,548,1,2,2190,1230,245,3642.1397
0,549,1,2,2190,1230,245,3642.1397
0,550,3,2,2188,1232,247,3642.1397
0,551,3,1,487,14,2,0.2197
0,552,1,0,2881,1727,346,6602.2397
0,553,1,2,2453,967,194,3360.1027
0,554,1,2,2420,1000,194,3476.6917
0,555,3,0,2881,1727,346,6602.2397
0,556,3,0,2980,1628,247,6010.2197
0,557,1,1,487,14,2,0.2197
0,558,1,1,487,14,2,0.2197
0,559,3,2,2188,1232,247,3642.1397
0,560,1,2,2426,994,194,3455.4937
0,561,3,1,487,14,2,0.2197
0,562,1,0,3110,1498,293,6447.3907
0,563,1,2,2190,1230,245,3642.1397
0,564,3,1,487,14,2,0.2197
0,565,1,1,487,14,2,0.2197
0,566,1,1,487,14,2,0.2197
0,567,3,0,3146,1462,293,6320.2027
0,568,3,1,487,14,2,0.2197
0,569,1,2,2453,967,194,3360.1027
0,570,1,1,487,14,2,0.2197
0,571,3,1,487,14,2,0.2197
0,572,3,1,487,14,2,0.2197
0,573,1,1,487,14,2,0.2197
0,574,3,0,3146,1462,293,6320.2027
0,575,1,2,2453,967,194,3360.1027
0,576,1,2,2190,1230,245,3642.1397
0,577,1,2,2188,1232,247,3642.1397
0,578,1,2,2188,1232,247,3642.1397
0,579,3,2,2188,1232,247,3642.1397
0,580,3,2,2188,1232,247,3642.1397
0,581,1,1,487,14,2,0.2197
0,582,1,1,487,14,2,0.2197
0,583,1,2,2453,967,194,3360.1027
0,584,1,2,2453,967,194,3360.1027
0,585,3,1,487,14,2,0.2197
0,586,3,1,487,14,2,0.2197
0,587,3,0,3146,1462,293,6320.2027
0,588,3,1,487,14,2,0.2197
0,589,3,0,3139,1469,293,6320.35649
0,590,3,1,487,14,2,0.2197
0,591,3,2,2252,1168,194,4070.2357
0,592,3,2,2180,1240,245,3642.3594
0,593,3,1,487,14,2,0.2197
0,594,3,1,480,21,2,0.37349
0,595,1,1,487,14,2,0.2197
0,596,1,2,2453,967,194,3360.1027
0,597,1,0,2980,1628,247,6010.2197
0,598,1,2,2190,1230,245,3642.1397
0,599,1,0,2879,1729,348,6602.2397
0,600,3,1,485,16,4,0.2197
0,601,1,0,3146,1462,293,6320.2027
0,602,1,0,3104,1504,293,6468.5887
0,603,1,2,2190,1230,245,3642.1397
0,604,1,2,2188,1232,247,3642.1397
0,605,1,1,487,14,2,0.2197
0,606,1,1,487,14,2,0.2197
0,607,1,1,487,14,2,0.2197
0,608,1,2,2453,967,194,3360.1027
0,609,1,2,2449,971,194,3360.19058
0,610,1,0,2976,1632,249,6010.26364
0,611,3,1,487,14,2,0.2197
0,612,1,0,2978,1630,249,6010.2197
0,613,1,2,2190,1230,245,3642.1397
0,614,1,2,2188,1232,247,3642.1397
0,615,3,2,2188,1232,247,3642.1397
0,616,1,2,2188,1232,247,3642.1397
0,617,1,2,2188,1232,247,3642.1397
0,618,3,2,2249,1171,194,4080.8347
0,619,1,0,3004,1604,293,6821.8887
0,620,3,1,487,14,2,0.2197
0,621,1,2,2453,967,194,3360.1027
0,622,1,0,3146,1462,293,6320.2027
0,623,1,0,2980,1628,247,6010.2197
0,624,3,0,2978,1630,249,6010.2197
0,625,1,0,2978,1630,249,6010.2197
0,626,1,2,2285,1135,194,3953.6467
0,627,3,2,2188,1232,247,3642.1397
0,628,3,2,2354,1066,194,3709.8697
0,629,3,1,487,14,2,0.2197
0,630,1,1,487,14,2,0.2197
0,631,1,1,487,14,2,0.2197
0,632,3,0,3146,1462,293,6320.2027
0,633,3,0,3146,1462,293,6320.2027
0,634,3,0,2980,1628,247,6010.2197
0,635,1,2,2339,1081,194,3762.8647
0,636,3,0,2978,1630,249,6010.2197
0,637,3,1,487,14,2,0.2197
0,638,3,2,2188,1232,247,3642.1397
0,639,3,1,487,14,2,0.2197
0,640,1,1,487,14,2,0.2197
0,641,1,1,487,14,2,0.2197
0,642,1,2,2453,967,194,3360.1027
0,643,1,0,2945,1663,293,7030.3357
0,644,1,0,2879,1729,348,6602.2397
0,645,3,0,2879,1729,348,6602.2397
0,646,3,0,2879,1729,348,6602.2397
0,647,1,1,487,14,2,0.2197
0,648,1,1,487,14,2,0.2197
0,649,1,2,2453,967,194,3360.1027
0,650,1,0,3118,1490,297,6320.2027
0,651,1,1,487,14,2,0.2197
0,652,1,0,2807,1801,350,6961.0397
0,653,3,0,2859,1749,350,6703.8997
0,654,1,2,2176,1244,249,3642.1397
0,655,1,1,487,14,2,0.2197
0,656,3,0,2863,1745,293,7755.6077
0,657,1,0,2862,1746,348,6703.8997
0,658,3,2,2157,1263,249,3642.3594
0,659,1,2,2178,1242,249,3642.1397
0,660,3,0,3092,1516,295,6557.7527
0,661,3,2,2188,1232,247,3642.1397
0,662,3,0,2859,1749,346,6668.1297
0,663,3,0,2802,1806,346,6838.8447
0,664,1,1,123,378,4,0.2197
0,665,3,1,462,39,2,0.2197
0,666,1,2,2453,967,194,3360.1027
0,667,3,2,2453,967,194,3360.1027
0,668,3,2,2190,1230,245,3642.1397
0,669,1,2,2190,1230,245,3642.1397
0,670,3,1,487,14,2,0.2197
0,671,3,1,487,14,2,0.2197
0,672,1,0,2641,1967,350,7965.6797
0,673,3,1,487,14,2,0.2197
0,674,3,2,1696,1724,249,3642.1397
0,675,1,2,1885,1535,196,3837.0577
0,676,3,2,2012,1408,196,3688.6717
0,677,1,0,2779,1829,350,6632.1397
0,678,1,0,2618,1990,350,6614.1997
0,679,3,1,487,14,2,0.2197
0,680,3,0,2864,1744,350,6620.1797
0,681,3,2,2114,1306,249,3642.1397
0,682,3,0,2869,1739,350,6632.16167
0,683,3,0,2878,1730,346,6620.1797
0,684,3,0,2838,1770,348,6835.4797
0,685,3,2,1885,1535,196,4388.2057
0,686,1,2,1927,1493,196,4568.3887
0,687,3,1,-187,688,4,0.2197
0,688,1,1,-269,770,4,0.2197
0,689,3,0,2487,2121,346,7782.2697
0,690,3,2,1541,1879,245,5582.92167
0,691,3,2,1676,1744,194,6105.2437
0,692,1,2,1577,1843,245,5478.0747
0,693,3,2,2147,1273,194,4441.2007
0,694,3,2,2119,1301,245,3854.7847
0,695,3,0,2648,1960,346,7300.0747
0,696,1,1,357,144,4,0.2197
0,697,3,2,2303,1117,194,3890.0527
0,698,1,2,2312,1108,194,3858.2557
0,699,3,2,2188,1232,247,3642.1397
0,700,1,2,2188,1232,247,3642.1397
0,701,3,0,2881,1727,346,6602.2397
0,702,1,1,487,14,2,0.2197
0,703,3,0,2980,1628,247,6010.2197
0,704,1,1,487,14,2,0.2197
0,705,3,1,487,14,2,0.2197
0,706,1,1,487,14,2,0.2197
0,707,3,1,487,14,2,0.2197
0,708,1,0,3146,1462,293,6320.2027
0,709,3,2,2453,967,194,3360.1027
0,710,1,0,2975,1633,249,6010.2197
0,711,3,0,2978,1630,249,6010.2197
0,712,3,2,2417,1003,194,3487.2907
0,713,3,0,3011,1597,293,6793.64667
0,714,1,0,2878,1730,346,6620.1797
0,715,3,2,2190,1230,245,3642.1397
0,716,1,2,2188,1232,247,3642.1397
0,717,3,0,2980,1628,247,6010.2197
0,718,3,0,2879,1729,348,6602.2397
0,719,3,2,2453,967,194,3360.1027
0,720,3,1,451,50,4,0.2197
0,721,1,2,2453,967,194,3360.1027
0,722,3,2,2188,1232,247,3642.1397
0,723,1,2,2188,1232,247,3642.1397
0,724,1,0,2881,1727,346,6602.2397
0,725,3,2,2429,991,194,3444.8947
0,726,3,2,2279,1141,194,3974.8447
0,727,1,1,487,14,2,0.2197
0,728,1,0,2976,1632,247,6010.30758
0,729,3,1,487,14,2,0.2197
0,730,1,0,3146,1462,293,6320.2027
0,731,3,2,2453,967,194,3360.1027
0,732,1,1,487,14,2,0.2197
0,733,1,0,2980,1628,247,6010.2197
0,734,3,0,2978,1630,249,6010.2197
0,735,1,1,487,14,2,0.2197
0,736,1,0,3126,1482,295,6383.7967
0,737,3,0,3089,1519,293,6521.5837
0,738,3,0,2980,1628,247,6010.2197
0,739,1,1,487,14,2,0.2197
0,740,3,1,487,14,2,0.2197
0,741,1,2,2453,967,194,3360.1027
0,742,1,1,487,14,2,0.2197
0,743,3,1,487,14,2,0.2197
0,744,1,2,2453,967,194,3360.1027
0,745,3,0,2980,1628,247,6010.2197
0,746,1,2,2190,1230,245,3642.1397
0,747,1,2,2188,1232,247,3642.1397
0,748,1,0,2881,1727,346,6602.2397
0,749,3,1,485,16,4,0.2197
0,750,3,0,2988,1620,295,6871.3507
0,751,1,0,2980,1628,247,6010.2197
0,752,3,0,2881,1727,346,6602.2397
0,753,1,1,487,14,2,0.2197
0,754,1,1,487,14,2,0.2197
0,755,3,2,2453,967,194,3360.1027
0,756,1,0,2879,1729,348,6602.2397
0,757,1,0,2954,1654,293,6998.5387
0,758,1,1,487,14,2,0.2197
0,759,3,1,487,14,2,0.2197
0,760,3,0,2860,1748,350,6602.2397
0,761,3,0,2860,1748,350,6602.39349
0,762,3,2,2188,1232,247,3642.1397
0,763,1,0,2873,1735,293,7284.7117
0,764,1,1,485,16,4,0.2197
0,765,1,1,487,14,2,0.2197
0,766,3,0,2851,1757,293,7592.4557
0,767,1,2,2190,1230,245,3642.1397
0,768,3,0,2978,1630,249,6010.2197
0,769,1,2,2190,1230,245,3642.1397
0,770,1,0,2981,1627,293,6903.1477
0,771,3,0,2978,1630,249,6010.2197
0,772,1,0,2879,1729,348,6602.2397
0,773,3,2,2177,1243,194,4335.2107
0,774,1,1,97,404,4,0.2197
0,775,1,1,112,389,4,0.2197
0,776,1,2,1887,1533,247,4543.6347
0,777,3,0,2881,1727,346,6602.2397
0,778,3,1,487,14,2,0.2197
0,779,3,0,3039,1569,295,6691.1677
0,780,1,1,487,14,2,0.2197
0,781,3,0,2978,1630,293,6913.7467
0,782,3,0,2881,1727,346,6602.2397
0,783,1,0,2879,1729,348,6602.2397
0,784,3,1,487,14,2,0.2197
0,785,1,2,2453,967,194,3360.1027
0,786,3,1,487,14,2,0.2197
0,787,1,1,487,14,2,0.2197
0,788,3,2,2453,967,194,3360.1027
0,789,3,2,2255,1165,194,4059.6367
0,790,1,2,2188,1232,247,3642.1397
0,791,1,1,487,14,2,0.2197
0,792,3,2,2453,967,194,3360.1027
0,793,3,1,487,14,2,0.2197
0,794,1,1,487,14,2,0.2197
0,795,3,0,2963,1645,293,6931.6314
0,796,3,1,487,14,2,0.2197
0,797,1,1,487,14,2,0.2197
0,798,1,1,487,14,2,0.2197
0,799,3,0,3093,1515,295,6500.3857
0,800,1,1,487,14,2,0.2197
0,801,1,1,480,21,2,0.37349
0,802,3,2,2171,1249,196,4049.0377
0,803,1,2,2171,1249,249,3642.29349
0,804,1,0,2881,1727,346,6602.2397
0,805,1,1,487,14,2,0.2197
0,806,1,2,2190,1230,245,3642.1397
0,807,1,2,2188,1232,247,3642.1397
0,808,1,2,2188,1232,247,3642.1397
0,809,1,1,487,14,2,0.2197
0,810,1,1,480,21,2,0.37349
0,811,3,0,2940,1668,295,7040.9347
0,812,3,1,487,14,2,0.2197
0,813,3,1,487,14,2,0.2197
0,814,1,0,2881,1727,346,6602.2397
0,815,1,2,2184,1236,247,3642.22758
0,816,3,1,319,182,2,0.2197
0,817,1,2,2453,967,194,3360.1027
0,818,1,0,2980,1628,247,6010.2197
0,819,1,2,2190,1230,245,3642.1397
0,820,1,0,3136,1472,297,6320.2027
0,821,3,1,487,14,2,0.2197
0,822,1,0,3144,1464,295,6320.2027
0,823,3,2,2188,1232,247,3642.1397
0,824,3,2,2188,1232,247,3642.1397
0,825,3,0,2881,1727,346,6602.2397
0,826,3,1,483,18,2,0.30758
0,827,1,1,487,14,2,0.2197
0,828,1,0,2879,1729,348,6602.2397
0,829,3,1,487,14,2,0.2197
0,830,1,1,487,14,2,0.2197
0,831,1,2,2190,1230,245,3642.1397
0,832,3,1,486,15,2,0.24167
0,833,3,2,2288,1132,194,3943.0477
0,834,3,2,2188,1232,247,3642.1397
0,835,1,1,229,272,4,0.2197
0,836,3,2,2453,967,194,3360.1027
0,837,1,0,2980,1628,247,6010.2197
0,838,3,1,487,14,2,0.2197
0,839,3,0,3035,1573,293,6712.3657
0,840,3,1,483,18,2,0.30758
0,841,1,1,487,14,2,0.2197
0,842,1,2,2190,1230,245,3642.1397
0,843,3,0,2849,1759,297,7009.1377
0,844,3,0,2876,1732,350,6602.2397
0,845,3,2,2176,1244,249,3642.1397
0,846,1,2,2258,1162,194,4049.0377
0,847,3,0,2860,1748,350,6602.2397
0,848,1,2,2188,1232,247,3642.1397
0,849,3,2,2188,1232,247,3642.1397
0,850,3,0,3021,1587,295,6754.7617
0,851,1,2,2176,1244,249,3642.1397
0,852,1,2,2188,1232,247,3642.1397
0,853,3,0,2699,1909,348,7141.3397
0,854,3,0,2825,1783,293,7454.2957
0,855,3,0,2980,1628,247,6010.2197
0,856,3,0,2969,1639,293,6945.5437
0,857,3,0,2879,1729,348,6602.2397
0,858,1,0,2879,1729,348,6602.2397
0,859,1,2,1997,1423,245,4220.1747
0,860,1,1,487,14,2,0.2197
0,861,1,1,487,14,2,0.2197
0,862,3,0,3125,1483,297,6320.2027
0,863,1,0,3125,1483,297,6320.35649
0,864,3,0,2978,1630,249,6010.2197
0,865,1,1,487,14,2,0.2197
0,866,1,0,2980,1628,247,6010.2197
0,867,3,1,487,14,2,0.2197
0,868,1,2,2188,1232,247,3642.1397
0,869,1,1,487,14,2,0.2197
0,870,3,0,3039,1569,295,6691.1677
0,871,1,2,2338,1082,194,3731.2874
0,872,1,2,2188,1232,247,3642.1397
0,873,1,2,2186,1234,249,3642.1397
0,874,3,2,2188,1232,247,3642.1397
0,875,1,0,2956,1652,247,6082.0997
0,876,1,1,487,14,2,0.2197
0,877,1,0,3144,1464,295,6320.2027
0,878,1,2,2453,967,194,3360.1027
0,879,1,2,2187,1233,247,3642.16167
0,880,1,1,487,14,2,0.2197
0,881,1,1,487,14,2,0.2197
0,882,1,2,2190,1230,245,3642.1397
0,883,3,1,487,14,2,0.2197
0,884,3,2,2188,1232,247,3642.1397
0,885,3,1,487,14,2,0.2197
0,886,3,1,487,14,2,0.2197
0,887,1,2,2185,1235,249,3642.16167
0,888,1,2,2453,967,194,3360.1027
0,889,1,1,487,14,2,0.2197
0,890,3,2,2453,967,194,3360.1027
0,891,3,1,487,14,2,0.2197
0,892,3,2,2252,1168,194,4070.2357
0,893,3,1,487,14,2,0.2197
0,894,1,1,487,14,2,0.2197
0,895,3,2,2297,1123,194,3911.2507
0,896,3,1,487,14,2,0.2197
0,897,1,0,2980,1628,247,6010.2197
0,898,3,2,2190,1230,245,3642.1397
0,899,3,0,2978,1630,249,6010.2197
0,900,3,0,3054,1554,295,6638.1727
0,901,1,1,487,14,2,0.2197
0,902,3,1,477,24,2,0.4394
0,903,3,1,487,14,2,0.2197
0,904,1,2,2327,1093,194,3805.2607
0,905,1,0,2881,1727,346,6602.2397
0,906,1,0,2881,1727,346,6602.2397
0,907,1,2,2190,1230,245,3642.1397
0,908,1,0,2970,1638,295,6934.9447
0,909,3,2,2188,1232,247,3642.1397
0,910,3,0,3146,1462,293,6320.2027
0,911,1,2,2190,1230,245,3642.1397
0,912,3,0,3101,1507,293,6479.1877
0,913,1,2,2189,1231,245,3642.16167
0,914,3,1,487,14,2,0.2197
0,915,1,2,2453,967,194,3360.1027
0,916,3,1,487,14,2,0.2197
0,917,3,2,2248,1172,194,4084.3677
0,918,1,0,2980,1628,247,6010.2197
0,919,1,1,487,14,2,0.2197
0,920,1,0,2980,1628,247,6010.2197
0,921,3,0,2879,1729,348,6602.2397
0,922,3,1,487,14,2,0.2197
0,923,3,2,2451,969,196,3360.1027
0,924,1,1,487,14,2,0.2197
0,925,1,0,3146,1462,293,6320.2027
0,926,3,0,2881,1727,346,6602.2397
0,927,3,2,2190,1230,245,3642.1397
0,928,3,0,2881,1727,346,6602.2397
0,929,1,1,487,14,2,0.2197
0,930,1,0,3003,1605,295,6818.3557
0,931,3,1,487,14,2,0.2197
0,932,1,1,487,14,2,0.2197
0,933,3,2,2443,977,194,3360.3224
0,934,3,1,487,14,2,0.2197
0,935,3,1,485,16,4,0.2197
0,936,1,2,2252,1168,194,4070.2357
0,937,3,1,487,14,2,0.2197
0,938,1,2,2190,1230,245,3642.1397
0,939,1,2,2290,1130,194,3935.9817
0,940,3,2,2190,1230,245,3642.1397
0,941,1,0,2870,1738,251,6010.2197
0,942,3,0,2966,1642,251,6010.2197
0,943,1,0,2683,1925,297,7982.2697
0,944,3,2,1960,1460,196,3925.3827
0,945,1,2,2176,1244,249,3642.1397
0,946,1,0,2866,1742,350,6620.1797
0,947,1,1,487,14,2,0.2197
0,948,3,2,2176,1244,249,3642.1397
0,949,1,0,2702,1906,350,6871.3397
0,950,1,2,2035,1385,249,3642.1397
0,951,1,2,2158,1262,194,3996.0427
0,952,1,0,2840,1768,350,6602.2397
0,953,3,2,1778,1642,249,4822.25758
0,954,3,0,2852,1756,297,7291.88755
0,955,3,2,1743,1677,245,4980.9047
0,956,3,2,1982,1438,245,4265.0997
0,957,3,2,2243,1177,194,4102.0327
0,958,3,2,2124,1296,247,3813.00849
0,959,3,2,2151,1269,247,3752.9547
0,960,1,2,2206,1214,194,4232.7537
0,961,3,2,1950,1470,247,4354.9497
0,962,1,0,2623,1985,247,7079.4347
0,963,3,2,1744,1676,247,4971.9197
0,964,1,0,2593,2015,249,7160.32167
0,965,3,1,377,124,4,0.2197
0,966,3,1,389,112,4,0.2197
0,967,1,2,2351,1069,194,3720.4687
0,968,1,1,487,14,2,0.2197
0,969,1,0,3056,1552,295,6631.1067
0,970,3,1,487,14,2,0.2197
0,971,1,0,2966,1642,293,6956.1427
0,972,1,0,2978,1630,249,6010.2197
0,973,3,2,2190,1230,245,3642.1397
0,974,3,2,2188,1232,247,3642.1397
0,975,3,0,2875,1733,348,6602.32758
0,976,1,1,487,14,2,0.2197
0,977,3,1,487,14,2,0.2197
0,978,1,2,2453,967,194,3360.1027
0,979,1,2,2453,967,194,3360.1027
0,980,1,0,2980,1628,247,6010.2197
0,981,3,0,2978,1630,249,6010.2197
0,982,3,1,487,14,2,0.2197
0,983,1,1,487,14,2,0.2197
0,984,1,1,487,14,2,0.2197
0,985,3,0,3146,1462,293,6320.2027
0,986,1,1,487,14,2,0.2197
0,987,3,2,2443,977,194,3360.3224
0,988,3,2,2171,1249,247,3642.51319
0,989,1,0,2881,1727,346,6602.2397
0,990,1,1,487,14,2,0.2197
0,991,3,2,2188,1232,247,3642.1397
0,992,1,2,2423,997,194,3466.0927
0,993,1,1,485,16,4,0.2197
0,994,1,0,3144,1464,295,6320.2027
0,995,3,0,2881,1727,346,6602.2397
0,996,1,1,487,14,2,0.2197
0,997,3,1,483,18,2,0.30758
0,998,1,2,2453,967,194,3360.1027
0,999,3,2,2354,1066,194,3709.8697
