CONFIGURATION:
{u'simulation': {u'stdev_factor': 0.01, u'power_mgmt_enabled': False, u'tasks': {u'loc': {u'mean_service_time': {u'gpu': 90, u'cpu_core': 200, u'loc_accel': 10}, u'priority': 1, u'deadline': 1000, u'stdev_service_time': {u'gpu': 0.9, u'cpu_core': 2.0, u'loc_accel': 0.1}, u'power': {u'gpu': 4.457, u'cpu_core': 6.133, u'loc_accel': 0.02197}}, u'detect': {u'mean_service_time': {u'gpu': 0.4607, u'cpu_core': 3.654, u'det_accel': 0.278}, u'priority': 2, u'deadline': 1000, u'stdev_service_time': {u'gpu': 0.004607, u'cpu_core': 0.03654, u'det_accel': 0.0027800000000000004}, u'power': {u'gpu': 90, u'cpu_core': 200, u'det_accel': 10}}, u'Frontier': {u'mean_service_time': {u'cpu_core': 396}, u'priority': 9, u'deadline': 1000, u'stdev_service_time': {u'cpu_core': 3.96}, u'power': {u'cpu_core': 5.98}}, u'track': {u'mean_service_time': {u'gpu': 17, u'tra_accel': 2, u'cpu_core': 1820}, u'priority': 3, u'deadline': 1000, u'stdev_service_time': {u'gpu': 0.17, u'tra_accel': 0.02, u'cpu_core': 18.2}, u'power': {u'gpu': 12.79, u'tra_accel': 0.59, u'cpu_core': 5.6}}, u'sp': {u'mean_service_time': {u'gpu': 379, u'cpu_core': 1004}, u'priority': 11, u'deadline': 1000, u'stdev_service_time': {u'gpu': 3.79, u'cpu_core': 10.040000000000001}, u'power': {u'gpu': 3.302, u'cpu_core': 1004}}, u'mission': {u'mean_service_time': {u'cpu_core': 0.0022}, u'priority': 5, u'deadline': 1000, u'stdev_service_time': {u'cpu_core': 2.2000000000000003e-05}, u'power': {u'cpu_core': 3.534}}, u'motion': {u'mean_service_time': {u'cpu_core': 8}, u'priority': 6, u'deadline': 1000, u'stdev_service_time': {u'cpu_core': 0.08}, u'power': {u'cpu_core': 4.222}}, u'collision': {u'mean_service_time': {u'cpu_core': 8}, u'priority': 7, u'deadline': 1000, u'stdev_service_time': {u'cpu_core': 0.08}, u'power': {u'cpu_core': 0}}, u'fusion': {u'mean_service_time': {u'cpu_core': 1}, u'priority': 4, u'deadline': 1000, u'stdev_service_time': {u'cpu_core': 0.01}, u'power': {u'cpu_core': 0}}, u'map': {u'mean_service_time': {u'gpu': 761, u'cpu_core': 973}, u'priority': 10, u'deadline': 1000, u'stdev_service_time': {u'gpu': 7.61, u'cpu_core': 9.73}, u'power': {u'gpu': 3.533, u'cpu_core': 2.995}}, u'path': {u'mean_service_time': {u'cpu_core': 8}, u'priority': 8, u'deadline': 1000, u'stdev_service_time': {u'cpu_core': 0.08}, u'power': {u'cpu_core': 0}}}, u'sched_policy_module': u'policies.rheft', u'drop': True, u'servers': {u'gpu': {u'count': 2}, u'tra_accel': {u'count': 1}, u'cpu_core': {u'count': 8}, u'loc_accel': {u'count': 1}, u'det_accel': {u'count': 1}}, u'max_tasks_simulated': 10000, u'max_queue_size': 1000000, u'mean_arrival_time': 50, u'arrival_time_scale': 2.8}, u'general': {u'random_seed': 0, u'pre_gen_arrivals': False, u'basename': u'policy:rheft__stdev_factor:0.01', u'output_trace_file': None, u'working_dir': u'/home/hiwot/meta-stomp2/sim_16042020_181058_new_arrival_50_map_rheftmapping_50_trace_50', u'input_trace_file': (False, '../mv_mapping_50_trace_50.trc'), u'logging_level': u'INFO'}}

/home/hiwot/meta-stomp2/sim_16042020_181058_new_arrival_50_map_rheftmapping_50_trace_50/../mv_mapping_50_trace_50.trc

Running STOMP simulation...
Dropped,DAG ID,DAG Priority,DAG Type,Slack,Response Time,No-Affinity Time,Energy
0,0,3,0,2838,1462,293,6320.2027
0,1,1,0,2836,1464,295,6320.2027
0,2,1,1,453,14,2,0.2197
0,3,1,2,2046,1146,194,3992.5097
0,4,1,0,2827,1473,297,6320.2027
0,5,1,1,453,14,2,0.2197
0,6,3,2,1952,1240,249,3642.1397
0,7,3,0,2558,1742,350,6620.1797
0,8,3,2,1547,1645,249,3642.1397
0,9,3,2,1896,1296,196,3957.1797
0,10,3,0,2268,2032,350,6620.33349
0,11,1,1,453,14,2,0.2197
0,12,1,2,2176,1016,196,3384.8337
0,13,1,0,2535,1765,350,6620.1797
0,14,3,0,2549,1751,350,6662.0397
0,15,1,0,2428,1872,350,7385.66364
0,16,3,0,2159,2141,350,7485.6947
0,17,3,1,313,154,4,0.2197
0,18,3,0,2383,1917,350,7072.4247
0,19,1,1,335,132,4,0.2197
0,20,3,0,2442,1858,348,7069.1597
0,21,3,0,2496,1804,295,7611.9617
0,22,3,1,11,456,4,0.2197
0,23,3,2,1858,1334,196,4568.3887
0,24,3,0,2181,2119,346,7764.39955
0,25,3,0,1798,2502,295,9987.4567
0,26,3,2,1430,1762,247,5229.4897
0,27,1,1,165,302,4,0.2197
0,28,1,0,2094,2206,295,8941.6887
0,29,3,2,1740,1452,249,3663.1047
0,30,3,1,109,358,4,0.2197
0,31,1,2,1815,1377,249,4046.4647
0,32,1,0,2407,1893,247,6803.8947
0,33,3,2,1664,1528,245,4534.6497
0,34,1,1,453,14,2,0.2197
0,35,1,1,453,14,2,0.2197
0,36,1,1,453,14,2,0.2197
0,37,1,0,2838,1462,293,6320.2027
0,38,1,2,2154,1038,194,3610.9457
0,39,1,2,1962,1230,245,3642.1397
0,40,3,0,2571,1729,348,6602.2397
0,41,1,0,2640,1660,249,6100.0697
0,42,1,2,1962,1230,245,3642.1397
0,43,1,1,453,14,2,0.2197
0,44,3,1,453,14,2,0.2197
0,45,1,0,2573,1727,346,6602.2397
0,46,1,0,2803,1497,295,6436.7917
0,47,1,0,2834,1466,297,6320.2027
0,48,1,2,1962,1230,245,3642.1397
0,49,3,0,2571,1729,348,6602.2397
0,50,1,1,453,14,2,0.2197
0,51,1,1,453,14,2,0.2197
0,52,3,2,2225,967,194,3360.1027
0,53,1,1,453,14,2,0.2197
0,54,1,2,2225,967,194,3360.1027
0,55,1,0,2573,1727,346,6602.2397
0,56,1,2,1960,1232,247,3642.1397
0,57,1,1,453,14,2,0.2197
0,58,3,2,1960,1232,245,3642.18364
0,59,3,2,2063,1129,194,3932.4487
0,60,3,1,453,14,2,0.2197
0,61,1,1,453,14,2,0.2197
0,62,3,2,2225,967,194,3360.1027
0,63,3,1,453,14,2,0.2197
0,64,1,0,2672,1628,247,6010.2197
0,65,3,0,2672,1628,247,6010.2197
0,66,3,0,2672,1628,247,6010.2197
0,67,3,1,453,14,2,0.2197
0,68,3,0,2670,1630,249,6010.2197
0,69,3,0,2788,1512,295,6489.7867
0,70,1,1,453,14,2,0.2197
0,71,1,0,2781,1519,293,6521.5837
0,72,1,0,2573,1727,346,6602.2397
0,73,3,2,1960,1232,247,3642.1397
0,74,3,2,2150,1042,194,3625.0777
0,75,1,2,2225,967,194,3360.1027
0,76,1,1,453,14,2,0.2197
0,77,3,0,2573,1727,346,6602.2397
0,78,1,1,453,14,2,0.2197
0,79,3,2,1953,1239,247,3642.29349
0,80,3,0,2635,1665,293,7037.4017
0,81,1,1,453,14,2,0.2197
0,82,1,0,2764,1536,293,6581.6447
0,83,3,1,453,14,2,0.2197
0,84,1,1,453,14,2,0.2197
0,85,3,0,2672,1628,247,6010.2197
0,86,3,0,2669,1631,249,6010.24167
0,87,1,2,2014,1178,194,4105.5657
0,88,3,2,2068,1124,194,3914.7837
0,89,1,2,1962,1230,245,3642.1397
0,90,3,0,2672,1628,247,6010.2197
0,91,1,0,2838,1462,293,6320.2027
0,92,1,0,2836,1464,295,6320.2027
0,93,3,1,448,19,2,0.32955
0,94,1,1,453,14,2,0.2197
0,95,1,2,1962,1230,245,3642.1397
0,96,1,1,453,14,2,0.2197
0,97,3,0,2573,1727,346,6602.2397
0,98,1,2,1960,1232,247,3642.1397
0,99,3,2,1959,1233,247,3642.16167
0,100,1,0,2711,1589,295,6761.8277
0,101,1,1,453,14,2,0.2197
0,102,3,0,2836,1464,295,6320.2027
0,103,3,0,2573,1727,346,6602.2397
0,104,3,1,453,14,2,0.2197
0,105,1,2,1960,1232,247,3642.1397
0,106,3,1,453,14,2,0.2197
0,107,1,1,448,19,2,0.32955
0,108,3,0,2838,1462,293,6320.2027
0,109,1,2,2225,967,194,3360.1027
0,110,1,2,1962,1230,245,3642.1397
0,111,3,1,453,14,2,0.2197
0,112,3,1,453,14,2,0.2197
0,113,3,1,453,14,2,0.2197
0,114,1,0,2838,1462,293,6320.2027
0,115,1,0,2719,1581,295,6733.5637
0,116,3,2,1962,1230,245,3642.1397
0,117,3,2,1960,1232,247,3642.1397
0,118,3,0,2672,1628,247,6010.2197
0,119,1,0,2672,1628,247,6010.2197
0,120,3,2,2218,974,194,3384.8337
0,121,3,0,2734,1566,293,6687.6347
0,122,3,2,1960,1232,247,3642.1397
0,123,1,1,453,14,2,0.2197
0,124,1,1,453,14,2,0.2197
0,125,3,2,2081,1111,194,3868.8547
0,126,1,0,2838,1462,293,6320.2027
0,127,3,1,453,14,2,0.2197
0,128,3,1,453,14,2,0.2197
0,129,3,0,2672,1628,247,6010.2197
0,130,1,1,451,16,4,0.2197
0,131,3,2,2220,972,194,3377.7677
0,132,3,0,2750,1550,295,6624.0407
0,133,3,1,453,14,2,0.2197
0,134,3,2,1952,1240,249,3642.1397
0,135,1,0,2571,1729,348,6602.2397
0,136,3,0,2571,1729,348,6602.2397
0,137,1,1,453,14,2,0.2197
0,138,1,2,1960,1232,247,3642.1397
0,139,3,2,1960,1232,247,3642.1397
0,140,3,2,1962,1230,245,3642.1397
0,141,3,1,446,21,2,0.37349
0,142,3,1,453,14,2,0.2197
0,143,3,2,2097,1095,194,3812.3267
0,144,1,1,452,15,2,0.24167
0,145,1,1,453,14,2,0.2197
0,146,3,0,2838,1462,293,6320.2027
0,147,3,2,1960,1232,247,3642.1397
0,148,3,1,434,33,4,0.4394
0,149,3,0,2753,1547,293,6620.5077
0,150,3,0,2713,1587,293,6761.8277
0,151,3,0,2573,1727,346,6602.2397
0,152,1,2,1956,1236,247,3642.22758
0,153,3,1,453,14,2,0.2197
0,154,1,0,2573,1727,346,6602.2397
0,155,1,0,2838,1462,293,6320.2027
0,156,3,0,2767,1533,293,6571.0457
0,157,1,1,453,14,2,0.2197
0,158,1,1,453,14,2,0.2197
0,159,1,0,2561,1739,350,6602.2397
0,160,3,1,453,14,2,0.2197
0,161,3,1,453,14,2,0.2197
0,162,1,1,451,16,4,0.2197
0,163,3,2,2117,1075,196,3360.1027
0,164,1,2,2128,1064,194,3674.5397
0,165,1,2,1962,1230,245,3642.1397
0,166,3,2,1960,1232,247,3642.1397
0,167,1,2,1960,1232,247,3642.1397
0,168,1,2,1960,1232,247,3642.1397
0,169,3,0,2573,1727,346,6602.2397
0,170,1,2,1960,1232,247,3642.1397
0,171,1,0,2571,1729,348,6602.2397
0,172,1,1,453,14,2,0.2197
0,173,3,1,453,14,2,0.2197
0,174,3,0,2838,1462,293,6320.2027
0,175,1,2,2225,967,194,3360.1027
0,176,3,1,453,14,2,0.2197
0,177,1,1,453,14,2,0.2197
0,178,1,0,2831,1469,293,6344.9337
0,179,1,0,2694,1606,295,6821.8887
0,180,3,2,1955,1237,245,3642.29349
0,181,1,0,2573,1727,346,6602.2397
0,182,1,2,1960,1232,247,3642.1397
0,183,1,1,453,14,2,0.2197
0,184,1,1,453,14,2,0.2197
0,185,1,1,453,14,2,0.2197
0,186,1,2,2225,967,194,3360.1027
0,187,1,0,2742,1558,293,6659.3707
0,188,3,1,453,14,2,0.2197
0,189,3,2,1962,1230,245,3642.1397
0,190,3,1,453,14,2,0.2197
0,191,1,1,453,14,2,0.2197
0,192,3,0,2838,1462,293,6320.2027
0,193,1,2,2225,967,194,3360.1027
0,194,3,2,1962,1230,245,3642.1397
0,195,3,1,453,14,2,0.2197
0,196,1,0,2672,1628,247,6010.2197
0,197,3,0,2571,1729,348,6602.2397
0,198,1,1,453,14,2,0.2197
0,199,3,2,2203,989,194,3437.8287
0,200,3,1,446,21,2,0.37349
0,201,3,2,2225,967,194,3360.1027
0,202,3,1,453,14,2,0.2197
0,203,1,0,2670,1630,249,6010.2197
0,204,1,0,2628,1672,295,7055.0667
0,205,3,2,1962,1230,245,3642.1397
0,206,3,0,2761,1539,293,6592.2437
0,207,1,1,453,14,2,0.2197
0,208,1,1,453,14,2,0.2197
0,209,1,2,1962,1230,245,3642.1397
0,210,1,0,2573,1727,346,6602.2397
0,211,1,2,1960,1232,247,3642.1397
0,212,3,2,2082,1110,194,3865.3217
0,213,1,1,453,14,2,0.2197
0,214,3,2,2109,1083,194,3769.9307
0,215,1,1,453,14,2,0.2197
0,216,1,2,2225,967,194,3360.1027
0,217,1,1,453,14,2,0.2197
0,218,3,1,453,14,2,0.2197
0,219,3,2,2225,967,194,3360.1027
0,220,3,1,453,14,2,0.2197
0,221,3,0,2668,1632,247,6010.30758
0,222,3,0,2670,1630,249,6010.2197
0,223,1,0,2624,1676,295,7069.1987
0,224,3,1,452,15,2,0.24167
0,225,1,1,453,14,2,0.2197
0,226,3,1,453,14,2,0.2197
0,227,1,1,453,14,2,0.2197
0,228,3,2,1962,1230,245,3642.1397
0,229,1,1,453,14,2,0.2197
0,230,3,2,1950,1242,247,3642.3594
0,231,1,1,453,14,2,0.2197
0,232,1,0,2696,1604,293,6821.8887
0,233,3,2,1960,1232,247,3642.1397
0,234,1,1,453,14,2,0.2197
0,235,1,0,2571,1729,348,6602.2397
0,236,3,2,1960,1232,247,3642.1397
0,237,3,2,2225,967,194,3360.1027
0,238,1,1,453,14,2,0.2197
0,239,1,0,2834,1466,293,6320.29058
0,240,3,2,1962,1230,245,3642.1397
0,241,1,2,1960,1232,247,3642.1397
0,242,1,0,2710,1590,293,6772.4267
0,243,1,2,2073,1119,194,3897.1187
0,244,1,1,453,14,2,0.2197
0,245,3,0,2573,1727,346,6602.2397
0,246,1,1,453,14,2,0.2197
0,247,3,1,453,14,2,0.2197
0,248,1,2,1960,1232,247,3642.1397
0,249,3,2,2076,1116,194,3886.5197
0,250,1,2,2046,1146,194,3992.5097
0,251,3,2,1962,1230,245,3642.1397
0,252,1,0,2262,2038,350,6602.2397
0,253,1,1,453,14,2,0.2197
0,254,3,0,2827,1473,297,6320.2027
0,255,3,1,453,14,2,0.2197
0,256,1,0,2704,1596,297,6320.31255
0,257,3,1,453,14,2,0.2197
0,258,1,0,2567,1733,346,6638.1197
0,259,3,2,1812,1380,249,3642.1397
0,260,1,0,2568,1732,348,6620.1797
0,261,3,2,1951,1241,249,3642.16167
0,262,3,1,453,14,2,0.2197
0,263,1,2,1962,1230,245,3642.1397
0,264,3,0,2632,1668,293,7048.0007
0,265,3,2,2120,1072,194,3731.0677
0,266,1,0,2635,1665,247,6121.0347
0,267,3,0,2275,2025,346,7494.7497
0,268,1,1,319,148,4,0.2197
0,269,3,2,1852,1340,247,3965.5997
0,270,3,2,1727,1465,247,4325.10955
0,271,1,1,329,138,4,0.2197
0,272,3,2,2225,967,194,3360.1027
0,273,1,0,2836,1464,295,6320.2027
0,274,1,1,449,18,2,0.30758
0,275,3,2,1962,1230,245,3642.1397
0,276,3,0,2429,1871,297,7019.7367
0,277,3,2,1962,1230,245,3642.1397
0,278,3,0,2834,1466,295,6327.2687
0,279,3,0,2566,1734,346,6644.0997
0,280,1,2,1957,1235,247,3642.1397
0,281,1,2,1960,1232,247,3642.1397
0,282,1,0,2656,1644,295,6956.1427
0,283,1,1,453,14,2,0.2197
0,284,1,1,453,14,2,0.2197
0,285,3,0,2662,1638,247,6010.4394
0,286,3,1,453,14,2,0.2197
0,287,3,2,2104,1088,194,3787.5957
0,288,1,2,1962,1230,245,3642.1397
0,289,1,0,2571,1729,348,6602.2397
0,290,3,2,1934,1258,245,3725.9997
0,291,3,2,2119,1073,194,3734.6007
0,292,3,1,453,14,2,0.2197
0,293,3,2,2122,1070,194,3699.42449
0,294,3,2,1962,1230,245,3642.1397
0,295,3,0,2672,1628,247,6010.2197
0,296,1,2,1957,1235,245,3642.24955
0,297,3,0,2739,1561,293,6669.9697
0,298,1,1,453,14,2,0.2197
0,299,1,0,2696,1604,293,6821.8887
0,300,3,1,453,14,2,0.2197
0,301,1,0,2672,1628,247,6010.2197
0,302,1,1,453,14,2,0.2197
0,303,3,1,453,14,2,0.2197
0,304,3,0,2672,1628,247,6010.2197
0,305,1,1,453,14,2,0.2197
0,306,3,1,453,14,2,0.2197
0,307,3,2,2118,1074,194,3738.1337
0,308,3,1,453,14,2,0.2197
0,309,1,1,453,14,2,0.2197
0,310,3,2,2124,1068,194,3716.9357
0,311,3,2,1958,1234,247,3642.18364
0,312,3,1,453,14,2,0.2197
0,313,1,2,1962,1230,245,3642.1397
0,314,1,0,2573,1727,346,6602.2397
0,315,1,2,1960,1232,247,3642.1397
0,316,3,1,453,14,2,0.2197
0,317,1,0,2760,1540,293,6595.7767
0,318,3,2,1962,1230,245,3642.1397
0,319,1,0,2573,1727,346,6602.2397
0,320,1,0,2666,1634,295,6920.8127
0,321,1,2,1960,1232,247,3642.1397
0,322,1,1,453,14,2,0.2197
0,323,3,1,453,14,2,0.2197
0,324,1,0,2672,1628,247,6010.2197
0,325,1,0,2670,1630,249,6010.2197
0,326,1,1,453,14,2,0.2197
0,327,1,2,2225,967,194,3360.1027
0,328,1,0,2826,1474,297,6320.2027
0,329,3,0,2563,1737,346,6662.0397
0,330,1,2,1925,1267,249,3642.3594
0,331,3,2,1958,1234,247,3642.1397
0,332,3,1,453,14,2,0.2197
0,333,3,1,453,14,2,0.2197
0,334,3,2,1962,1230,245,3642.1397
0,335,3,1,453,14,2,0.2197
0,336,1,2,2225,967,194,3360.1027
0,337,1,2,2215,977,194,3395.4327
0,338,1,1,453,14,2,0.2197
0,339,3,0,2573,1727,346,6602.2397
0,340,3,2,1960,1232,247,3642.1397
0,341,3,0,2571,1729,348,6602.2397
0,342,3,0,2523,1777,247,6456.4747
0,343,3,2,1788,1404,245,4163.2697
0,344,1,2,1958,1234,249,3642.1397
0,345,1,0,2708,1592,293,6779.4927
0,346,3,0,2838,1462,293,6320.2027
0,347,3,0,2573,1727,346,6602.2397
0,348,1,1,453,14,2,0.2197
0,349,3,2,2126,1066,194,3709.8697
0,350,3,0,2836,1464,295,6320.2027
0,351,1,0,2672,1628,247,6010.2197
0,352,1,0,2670,1630,249,6010.2197
0,353,3,2,1962,1230,245,3642.1397
0,354,3,2,1960,1232,247,3642.1397
0,355,1,0,2573,1727,346,6602.2397
0,356,3,1,453,14,2,0.2197
0,357,3,0,2836,1464,295,6320.2027
0,358,3,0,2807,1493,297,6415.5937
0,359,3,2,1955,1237,245,3642.29349
0,360,3,2,1960,1232,247,3642.1397
0,361,3,2,1960,1232,247,3642.1397
0,362,1,2,2225,967,194,3360.1027
0,363,1,2,2216,976,194,3367.32249
0,364,3,2,1960,1232,247,3642.1397
0,365,3,0,2721,1579,293,6733.5637
0,366,3,1,453,14,2,0.2197
0,367,3,2,2225,967,194,3360.1027
0,368,1,1,453,14,2,0.2197
0,369,1,1,453,14,2,0.2197
0,370,1,1,453,14,2,0.2197
0,371,3,0,2672,1628,247,6010.2197
0,372,1,0,2672,1628,247,6010.2197
0,373,3,1,446,21,2,0.37349
0,374,3,1,453,14,2,0.2197
0,375,1,0,2455,1845,297,8490.9427
0,376,1,0,2494,1806,297,8305.5627
0,377,3,2,1739,1453,249,3642.1397
0,378,1,2,1656,1536,249,3642.1397
0,379,3,0,2399,1901,350,6632.1397
0,380,1,1,453,14,2,0.2197
0,381,3,1,453,14,2,0.2197
0,382,1,0,2556,1744,350,6620.1797
0,383,1,2,1950,1242,249,3642.1397
0,384,3,0,2558,1742,350,6632.1397
0,385,1,2,1956,1236,249,3642.1397
0,386,3,0,2415,1885,297,7831.1337
0,387,1,1,453,14,2,0.2197
0,388,3,1,446,21,2,0.37349
0,389,1,2,1715,1477,196,3900.6517
0,390,3,0,2554,1746,350,6632.1397
0,391,1,1,-227,694,4,0.2197
0,392,3,0,1816,2484,350,8447.1097
0,393,3,2,1207,1985,196,6264.2287
0,394,3,0,1901,2399,297,9862.3057
0,395,3,1,41,426,4,0.2197
0,396,1,2,1396,1796,249,5088.7247
0,397,1,0,2187,2113,350,7728.3397
0,398,1,0,2190,2110,350,7698.48758
0,399,1,2,1584,1608,249,4589.6582
0,400,3,0,1456,2844,350,8929.5444
0,401,3,2,596,2596,249,5867.4247
0,402,1,0,1971,2329,297,9521.9957
0,403,1,1,430,37,4,0.2197
0,404,3,2,1288,1904,249,4094.3847
0,405,3,0,1961,2339,348,8450.0847
0,406,1,0,2219,2081,297,8730.7297
0,407,1,2,1066,2126,247,6310.6847
0,408,1,2,1229,1963,249,5795.5447
0,409,3,0,1938,2362,346,8504.0647
0,410,3,1,289,178,4,0.2197
0,411,1,1,286,181,4,0.4394
0,412,1,1,142,325,4,0.2197
0,413,3,0,2249,2051,247,7277.1047
0,414,1,2,937,2255,247,6706.0247
0,415,1,2,1580,1612,247,4756.45546
0,416,3,2,1772,1420,194,4918.41934
0,417,1,2,1929,1263,194,4405.8707
0,418,3,2,1237,1955,245,5813.5147
0,419,1,1,47,420,4,0.2197
0,420,3,2,1479,1713,194,5995.7207
0,421,3,2,1550,1642,196,5737.8117
0,422,1,2,1793,1399,247,4142.3047
0,423,3,1,288,179,4,0.2197
0,424,3,0,2573,1727,346,6602.2397
0,425,1,1,453,14,2,0.2197
0,426,1,2,2046,1146,194,3992.5097
0,427,1,2,2070,1122,194,3907.7177
0,428,3,2,1957,1235,245,3642.24955
0,429,1,1,450,17,2,0.28561
0,430,3,2,1962,1230,245,3642.1397
0,431,3,1,453,14,2,0.2197
0,432,3,1,453,14,2,0.2197
0,433,1,1,448,19,2,0.32955
0,434,1,1,453,14,2,0.2197
0,435,1,0,2672,1628,247,6010.2197
0,436,1,1,453,14,2,0.2197
0,437,3,1,453,14,2,0.2197
0,438,1,1,449,18,2,0.30758
0,439,3,1,453,14,2,0.2197
0,440,1,2,2225,967,194,3360.1027
0,441,1,2,2225,967,194,3360.1027
0,442,1,2,1962,1230,245,3642.1397
0,443,1,0,2573,1727,346,6602.2397
0,444,3,2,1960,1232,247,3642.1397
0,445,1,0,2670,1630,249,6010.2197
0,446,3,1,453,14,2,0.2197
0,447,1,0,2838,1462,293,6320.2027
0,448,1,0,2836,1464,295,6320.2027
0,449,3,0,2672,1628,247,6010.2197
0,450,1,1,453,14,2,0.2197
0,451,3,2,1962,1230,245,3642.1397
0,452,3,1,452,15,2,0.24167
0,453,1,2,2078,1114,194,3879.4537
0,454,1,1,453,14,2,0.2197
0,455,3,1,453,14,2,0.2197
0,456,1,2,2225,967,194,3360.1027
0,457,3,2,2225,967,194,3360.1027
0,458,1,1,453,14,2,0.2197
0,459,1,0,2668,1632,247,6010.30758
0,460,3,0,2656,1644,249,6010.52728
0,461,3,1,453,14,2,0.2197
0,462,3,2,2013,1179,194,4109.0987
0,463,3,0,2632,1668,295,7040.9347
0,464,1,0,2670,1630,249,6010.2197
0,465,3,2,1960,1232,247,3642.1397
0,466,3,1,453,14,2,0.2197
0,467,1,2,1960,1232,247,3642.1397
0,468,1,0,2683,1617,293,6867.8177
0,469,3,2,2061,1131,194,3939.5147
0,470,3,0,2571,1729,348,6602.2397
0,471,3,1,453,14,2,0.2197
0,472,3,1,453,14,2,0.2197
0,473,3,0,2732,1568,293,6694.7007
0,474,3,2,2225,967,194,3360.1027
0,475,3,2,1962,1230,245,3642.1397
0,476,3,1,453,14,2,0.2197
0,477,3,2,1960,1232,247,3642.1397
0,478,3,2,1960,1232,247,3642.1397
0,479,1,0,2819,1481,293,6387.3297
0,480,1,2,2225,967,194,3360.1027
0,481,1,2,1960,1232,247,3642.1397
0,482,3,2,1960,1232,247,3642.1397
0,483,1,1,453,14,2,0.2197
0,484,3,0,2754,1546,295,6609.9087
0,485,3,1,453,14,2,0.2197
0,486,1,0,2836,1464,295,6320.2027
0,487,3,0,2672,1628,247,6010.2197
0,488,1,2,1962,1230,245,3642.1397
0,489,1,0,2672,1628,247,6010.2197
0,490,3,2,2124,1068,194,3716.9357
0,491,3,1,452,15,2,0.24167
0,492,1,2,2041,1151,194,4010.1747
0,493,1,1,453,14,2,0.2197
0,494,1,1,453,14,2,0.2197
0,495,1,1,453,14,2,0.2197
0,496,1,2,1960,1232,247,3642.1397
0,497,3,2,1962,1230,245,3642.1397
0,498,3,0,2672,1628,247,6010.2197
0,499,3,2,2055,1137,194,3960.7127
0,500,3,0,2672,1628,247,6010.2197
0,501,3,2,2157,1035,194,3600.3467
0,502,1,1,453,14,2,0.2197
0,503,1,2,1962,1230,245,3642.1397
0,504,3,2,1962,1230,245,3642.1397
0,505,1,0,2573,1727,346,6602.2397
0,506,3,0,2571,1729,348,6602.2397
0,507,1,1,453,14,2,0.2197
0,508,3,1,453,14,2,0.2197
0,509,1,2,2225,967,194,3360.1027
0,510,3,2,2225,967,194,3360.1027
0,511,3,2,2225,967,194,3360.1027
0,512,1,0,2838,1462,293,6320.2027
0,513,3,1,453,14,2,0.2197
0,514,3,2,1962,1230,245,3642.1397
0,515,1,0,2573,1727,346,6602.2397
0,516,1,2,2052,1140,194,3971.3117
0,517,3,2,1960,1232,247,3642.1397
0,518,1,1,453,14,2,0.2197
0,519,3,1,453,14,2,0.2197
0,520,3,1,453,14,2,0.2197
0,521,1,0,2764,1536,295,6574.5787
0,522,3,1,453,14,2,0.2197
0,523,3,2,1960,1232,247,3642.1397
0,524,1,0,2569,1731,346,6602.32758
0,525,1,1,453,14,2,0.2197
0,526,1,0,2836,1464,295,6320.2027
0,527,3,1,453,14,2,0.2197
0,528,3,1,453,14,2,0.2197
0,529,1,1,453,14,2,0.2197
0,530,1,1,453,14,2,0.2197
0,531,3,0,2838,1462,293,6320.2027
0,532,1,1,443,24,2,0.4394
0,533,3,2,2225,967,194,3360.1027
0,534,1,2,1962,1230,245,3642.1397
0,535,3,2,1962,1230,245,3642.1397
0,536,3,2,1960,1232,247,3642.1397
0,537,1,1,453,14,2,0.2197
0,538,1,0,2710,1590,293,6772.4267
0,539,1,0,2672,1628,247,6010.2197
0,540,3,0,2669,1631,249,6010.24167
0,541,1,1,453,14,2,0.2197
0,542,1,2,2041,1151,194,4010.1747
0,543,1,0,2563,1737,350,6602.2397
0,544,1,0,2571,1729,348,6602.2397
0,545,1,2,2185,1007,194,3501.4227
0,546,1,1,453,14,2,0.2197
0,547,1,0,2670,1630,249,6010.2197
0,548,1,2,2176,1016,194,3533.2197
0,549,1,2,1960,1232,247,3642.1397
0,550,3,2,1960,1232,247,3642.1397
0,551,3,1,453,14,2,0.2197
0,552,1,0,2672,1628,247,6010.2197
0,553,1,2,2225,967,194,3360.1027
0,554,1,2,1960,1232,247,3642.1397
0,555,3,0,2807,1493,293,6429.7257
0,556,3,0,2571,1729,348,6602.2397
0,557,1,1,436,31,4,0.2197
0,558,1,1,453,14,2,0.2197
0,559,3,2,1962,1230,245,3642.1397
0,560,1,2,2136,1056,194,3674.5397
0,561,3,1,453,14,2,0.2197
0,562,1,0,2573,1727,346,6602.2397
0,563,1,2,2156,1036,194,3603.8797
0,564,3,1,453,14,2,0.2197
0,565,1,1,453,14,2,0.2197
0,566,1,1,453,14,2,0.2197
0,567,3,0,2712,1588,295,6758.2947
0,568,3,1,453,14,2,0.2197
0,569,1,2,1962,1230,245,3642.1397
0,570,1,1,453,14,2,0.2197
0,571,3,1,453,14,2,0.2197
0,572,3,1,453,14,2,0.2197
0,573,1,1,453,14,2,0.2197
0,574,3,0,2838,1462,293,6320.2027
0,575,1,2,2225,967,194,3360.1027
0,576,1,2,1962,1230,245,3642.1397
0,577,1,2,1960,1232,247,3642.1397
0,578,1,2,1960,1232,247,3642.1397
0,579,3,2,1960,1232,247,3642.1397
0,580,3,2,1960,1232,247,3642.1397
0,581,1,1,453,14,2,0.2197
0,582,1,1,453,14,2,0.2197
0,583,1,2,2225,967,194,3360.1027
0,584,1,2,2225,967,194,3360.1027
0,585,3,1,453,14,2,0.2197
0,586,3,1,453,14,2,0.2197
0,587,3,0,2838,1462,293,6320.2027
0,588,3,1,453,14,2,0.2197
0,589,3,0,2830,1470,293,6320.37846
0,590,3,1,453,14,2,0.2197
0,591,3,2,1962,1230,245,3642.1397
0,592,3,2,1950,1242,247,3642.3594
0,593,3,1,453,14,2,0.2197
0,594,3,1,446,21,2,0.37349
0,595,1,1,453,14,2,0.2197
0,596,1,2,2225,967,194,3360.1027
0,597,1,0,2838,1462,293,6320.2027
0,598,1,2,1962,1230,245,3642.1397
0,599,1,0,2670,1630,249,6010.2197
0,600,3,1,453,14,2,0.2197
0,601,1,0,2672,1628,247,6010.2197
0,602,1,0,2735,1565,293,6684.1017
0,603,1,2,2214,978,194,3398.9657
0,604,1,2,1960,1232,247,3642.1397
0,605,1,1,453,14,2,0.2197
0,606,1,1,453,14,2,0.2197
0,607,1,1,453,14,2,0.2197
0,608,1,2,1734,1458,196,3512.0217
0,609,1,2,1617,1575,196,3575.72555
0,610,1,0,2563,1737,348,6632.20561
0,611,3,1,453,14,2,0.2197
0,612,1,0,2568,1732,348,6620.1797
0,613,1,2,1950,1242,249,3642.1397
0,614,1,2,1958,1234,247,3642.1397
0,615,3,2,1962,1230,245,3642.1397
0,616,1,2,1960,1232,247,3642.1397
0,617,1,2,1960,1232,247,3642.1397
0,618,3,2,1960,1232,247,3642.1397
0,619,1,0,2608,1692,293,7132.7927
0,620,3,1,366,101,2,0.2197
0,621,1,2,2225,967,194,3360.1027
0,622,1,0,2838,1462,293,6320.2027
0,623,1,0,2672,1628,247,6010.2197
0,624,3,0,2670,1630,249,6010.2197
0,625,1,0,2670,1630,249,6010.2197
0,626,1,2,1960,1232,247,3642.1397
0,627,3,2,2151,1041,194,3621.5447
0,628,3,2,2069,1123,194,3911.2507
0,629,3,1,453,14,2,0.2197
0,630,1,1,453,14,2,0.2197
0,631,1,1,453,14,2,0.2197
0,632,3,0,2838,1462,293,6320.2027
0,633,3,0,2838,1462,293,6320.2027
0,634,3,0,2672,1628,247,6010.2197
0,635,1,2,2056,1136,194,3957.1797
0,636,3,0,2670,1630,249,6010.2197
0,637,3,1,453,14,2,0.2197
0,638,3,2,1962,1230,245,3642.1397
0,639,3,1,453,14,2,0.2197
0,640,1,1,453,14,2,0.2197
0,641,1,1,453,14,2,0.2197
0,642,1,2,2225,967,194,3360.1027
0,643,1,0,2573,1727,346,6602.2397
0,644,1,0,2656,1644,295,6956.1427
0,645,3,0,2571,1729,348,6602.2397
0,646,3,0,2670,1630,249,6010.2197
0,647,1,1,453,14,2,0.2197
0,648,1,1,453,14,2,0.2197
0,649,1,2,2225,967,194,3360.1027
0,650,1,0,2827,1473,297,6320.2027
0,651,1,1,453,14,2,0.2197
0,652,1,0,2507,1793,350,6937.1197
0,653,3,0,2542,1758,346,6787.6197
0,654,1,2,1948,1244,249,3642.1397
0,655,1,1,453,14,2,0.2197
0,656,3,0,2556,1744,293,7610.1487
0,657,1,0,2561,1739,348,6662.0397
0,658,3,2,1924,1268,249,3642.3594
0,659,1,2,1937,1255,249,3642.1397
0,660,3,0,2743,1557,295,6653.6657
0,661,3,2,1962,1230,245,3642.1397
0,662,3,0,2471,1829,346,6907.7297
0,663,3,0,2417,1883,346,7069.4597
0,664,1,1,9,458,4,0.2197
0,665,3,1,322,145,4,0.2197
0,666,1,2,2225,967,194,3360.1027
0,667,3,2,2225,967,194,3360.1027
0,668,3,2,1838,1354,249,3642.1397
0,669,1,2,1950,1242,249,3642.1397
0,670,3,1,453,14,2,0.2197
0,671,3,1,453,14,2,0.2197
0,672,1,0,2558,1742,350,6620.1797
0,673,3,1,453,14,2,0.2197
0,674,3,2,1952,1240,249,3642.1397
0,675,1,2,1859,1333,196,4027.8397
0,676,3,2,1937,1255,196,3893.5857
0,677,1,0,2511,1789,350,6620.1797
0,678,1,0,2328,1972,350,7995.5797
0,679,3,1,453,14,2,0.2197
0,680,3,0,2549,1751,350,6697.9197
0,681,3,2,1859,1333,249,3642.1397
0,682,3,0,2542,1758,346,6707.03667
0,683,3,0,2568,1732,348,6620.1797
0,684,3,0,2259,2041,346,7542.6697
0,685,3,2,1654,1538,196,5084.2067
0,686,1,2,1708,1484,196,4617.8507
0,687,3,1,235,232,4,0.2197
0,688,1,1,378,89,4,0.2197
0,689,3,0,2224,2076,249,7345.9897
0,690,3,2,1709,1483,245,4396.90167
0,691,3,2,1251,1941,196,6592.7977
0,692,1,2,1264,1928,249,5696.7097
0,693,3,2,1749,1443,194,5041.8107
0,694,3,2,1486,1706,247,5061.7697
0,695,3,0,2249,2051,348,7566.6297
0,696,1,1,230,237,4,0.2197
0,697,3,2,1960,1232,247,3642.1397
0,698,1,2,1960,1232,247,3642.1397
0,699,3,2,1960,1232,247,3642.1397
0,700,1,2,1960,1232,247,3642.1397
0,701,3,0,2716,1584,293,6751.2287
0,702,1,1,305,162,2,0.2197
0,703,3,0,2830,1470,293,6348.4667
0,704,1,1,453,14,2,0.2197
0,705,3,1,453,14,2,0.2197
0,706,1,1,453,14,2,0.2197
0,707,3,1,453,14,2,0.2197
0,708,1,0,2752,1548,293,6624.0407
0,709,3,2,2151,1041,194,3621.5447
0,710,1,0,2641,1659,251,6010.2197
0,711,3,0,2658,1642,251,6010.2197
0,712,3,2,2042,1150,194,4006.6417
0,713,3,0,2617,1683,251,6010.24167
0,714,1,0,2651,1649,295,6973.8077
0,715,3,2,1949,1243,249,3642.1397
0,716,1,2,1959,1233,247,3642.1397
0,717,3,0,2571,1729,348,6602.2397
0,718,3,0,2672,1628,247,6010.2197
0,719,3,2,2220,972,194,3377.7677
0,720,3,1,453,14,2,0.2197
0,721,1,2,2225,967,194,3360.1027
0,722,3,2,1952,1240,245,3672.0897
0,723,1,2,1962,1230,245,3642.1397
0,724,1,0,2599,1701,247,6228.8547
0,725,3,2,2134,1058,194,3681.6057
0,726,3,2,1960,1232,247,3642.1397
0,727,1,1,453,14,2,0.2197
0,728,1,0,2833,1467,293,6320.31255
0,729,3,1,453,14,2,0.2197
0,730,1,0,2838,1462,293,6320.2027
0,731,3,2,2073,1119,194,3897.1187
0,732,1,1,453,14,2,0.2197
0,733,1,0,2573,1727,346,6602.2397
0,734,3,0,2573,1727,346,6602.2397
0,735,1,1,453,14,2,0.2197
0,736,1,0,2758,1542,293,6602.8427
0,737,3,0,2672,1628,247,6010.2197
0,738,3,0,2786,1514,295,6496.8527
0,739,1,1,453,14,2,0.2197
0,740,3,1,453,14,2,0.2197
0,741,1,2,2120,1072,194,3731.0677
0,742,1,1,453,14,2,0.2197
0,743,3,1,453,14,2,0.2197
0,744,1,2,2225,967,194,3360.1027
0,745,3,0,2453,1847,251,6010.2197
0,746,1,2,1962,1230,245,3642.1397
0,747,1,2,1960,1232,247,3642.1397
0,748,1,0,2559,1741,350,6602.2397
0,749,3,1,453,14,2,0.2197
0,750,3,0,2573,1727,346,6602.2397
0,751,1,0,2793,1507,293,6589.3027
0,752,3,0,2573,1727,346,6602.2397
0,753,1,1,453,14,2,0.2197
0,754,1,1,453,14,2,0.2197
0,755,3,2,2223,969,196,3360.1027
0,756,1,0,2633,1667,251,6010.2197
0,757,1,0,2658,1642,251,6010.2197
0,758,1,1,453,14,2,0.2197
0,759,3,1,453,14,2,0.2197
0,760,3,0,2651,1649,297,6514.5177
0,761,3,0,2650,1650,251,6010.39546
0,762,3,2,1570,1622,247,3642.1397
0,763,1,0,2383,1917,293,8262.9567
0,764,1,1,326,141,2,0.2197
0,765,1,1,453,14,2,0.2197
0,766,3,0,2570,1730,348,6608.2197
0,767,1,2,1952,1240,249,3642.1397
0,768,3,0,2573,1727,346,6602.2397
0,769,1,2,1991,1201,194,4186.8247
0,770,1,0,2617,1683,247,6174.9447
0,771,3,0,2610,1690,293,7125.7267
0,772,1,0,2571,1729,348,6602.2397
0,773,3,2,1961,1231,245,3645.1347
0,774,1,1,69,398,4,0.2197
0,775,1,1,83,384,4,0.2197
0,776,1,2,1661,1531,245,4543.6347
0,777,3,0,2712,1588,293,6765.3607
0,778,3,1,415,52,4,0.2197
0,779,3,0,2672,1628,247,6010.2197
0,780,1,1,453,14,2,0.2197
0,781,3,0,2761,1539,295,6585.1777
0,782,3,0,2672,1628,247,6010.2197
0,783,1,0,2571,1729,348,6602.2397
0,784,3,1,453,14,2,0.2197
0,785,1,2,2225,967,194,3360.1027
0,786,3,1,453,14,2,0.2197
0,787,1,1,453,14,2,0.2197
0,788,3,2,2225,967,194,3360.1027
0,789,3,2,1960,1232,247,3642.1397
0,790,1,2,2077,1115,194,3882.9867
0,791,1,1,453,14,2,0.2197
0,792,3,2,2204,988,194,3434.2957
0,793,3,1,451,16,4,0.2197
0,794,1,1,453,14,2,0.2197
0,795,3,0,2662,1638,247,6010.4394
0,796,3,1,453,14,2,0.2197
0,797,1,1,453,14,2,0.2197
0,798,1,1,453,14,2,0.2197
0,799,3,0,2838,1462,293,6320.2027
0,800,1,1,453,14,2,0.2197
0,801,1,1,446,21,2,0.37349
0,802,3,2,2213,979,194,3402.4987
0,803,1,2,1955,1237,245,3642.29349
0,804,1,0,2672,1628,247,6010.2197
0,805,1,1,453,14,2,0.2197
0,806,1,2,1962,1230,245,3642.1397
0,807,1,2,1960,1232,247,3642.1397
0,808,1,2,1960,1232,247,3642.1397
0,809,1,1,453,14,2,0.2197
0,810,1,1,446,21,2,0.37349
0,811,3,0,2632,1668,293,7048.0007
0,812,3,1,453,14,2,0.2197
0,813,3,1,453,14,2,0.2197
0,814,1,0,2724,1576,293,6722.9647
0,815,1,2,1955,1237,247,3642.24955
0,816,3,1,453,14,2,0.2197
0,817,1,2,1960,1232,247,3642.1397
0,818,1,0,2672,1628,247,6010.2197
0,819,1,2,1962,1230,245,3642.1397
0,820,1,0,2828,1472,297,6320.2027
0,821,3,1,453,14,2,0.2197
0,822,1,0,2836,1464,295,6320.2027
0,823,3,2,1960,1232,247,3642.1397
0,824,3,2,1960,1232,247,3642.1397
0,825,3,0,2573,1727,346,6602.2397
0,826,3,1,449,18,2,0.30758
0,827,1,1,453,14,2,0.2197
0,828,1,0,2670,1630,249,6010.2197
0,829,3,1,453,14,2,0.2197
0,830,1,1,453,14,2,0.2197
0,831,1,2,1962,1230,245,3642.1397
0,832,3,1,452,15,2,0.24167
0,833,3,2,1960,1232,247,3642.1397
0,834,3,2,2027,1165,194,4059.6367
0,835,1,1,115,352,4,0.2197
0,836,3,2,2225,967,194,3360.1027
0,837,1,0,2665,1635,251,6010.2197
0,838,3,1,453,14,2,0.2197
0,839,3,0,2556,1744,350,6632.1397
0,840,3,1,449,18,2,0.30758
0,841,1,1,453,14,2,0.2197
0,842,1,2,1855,1337,196,3868.8547
0,843,3,0,2559,1741,350,6602.2397
0,844,3,0,2590,1710,251,6010.2197
0,845,3,2,2140,1052,196,3360.1027
0,846,1,2,1962,1230,245,3642.1397
0,847,3,0,2561,1739,350,6602.2397
0,848,1,2,2032,1160,194,4041.9717
0,849,3,2,1960,1232,247,3642.1397
0,850,3,0,2308,1992,346,8186.9397
0,851,1,2,1921,1271,247,3687.0647
0,852,1,2,2019,1173,196,3861.7887
0,853,3,0,2402,1898,348,7099.4097
0,854,3,0,2307,1993,346,7398.9097
0,855,3,0,2646,1654,295,6987.96167
0,856,3,0,2670,1630,249,6010.2197
0,857,3,0,2570,1730,346,6620.1797
0,858,1,0,2573,1727,346,6602.2397
0,859,1,2,1937,1255,247,3711.0247
0,860,1,1,453,14,2,0.2197
0,861,1,1,453,14,2,0.2197
0,862,3,0,2824,1476,297,6320.2027
0,863,1,0,2824,1476,297,6320.35649
0,864,3,0,2670,1630,249,6010.2197
0,865,1,1,436,31,4,0.2197
0,866,1,0,2573,1727,346,6602.2397
0,867,3,1,453,14,2,0.2197
0,868,1,2,1960,1232,247,3642.1397
0,869,1,1,453,14,2,0.2197
0,870,3,0,2667,1633,293,6924.3457
0,871,1,2,2064,1128,194,3893.8054
0,872,1,2,1962,1230,245,3642.1397
0,873,1,2,1960,1232,247,3642.1397
0,874,3,2,1960,1232,247,3642.1397
0,875,1,0,2541,1759,249,6396.5747
0,876,1,1,396,71,4,0.2197
0,877,1,0,2720,1580,295,6730.0307
0,878,1,2,2113,1079,194,3755.7987
0,879,1,2,1961,1231,245,3642.16167
0,880,1,1,453,14,2,0.2197
0,881,1,1,453,14,2,0.2197
0,882,1,2,1962,1230,245,3642.1397
0,883,3,1,453,14,2,0.2197
0,884,3,2,1960,1232,247,3642.1397
0,885,3,1,453,14,2,0.2197
0,886,3,1,453,14,2,0.2197
0,887,1,2,1958,1234,247,3642.18364
0,888,1,2,2068,1124,194,3914.7837
0,889,1,1,453,14,2,0.2197
0,890,3,2,2225,967,194,3360.1027
0,891,3,1,451,16,4,0.2197
0,892,3,2,1962,1230,245,3642.1397
0,893,3,1,453,14,2,0.2197
0,894,1,1,453,14,2,0.2197
0,895,3,2,2145,1047,194,3642.7427
0,896,3,1,453,14,2,0.2197
0,897,1,0,2838,1462,293,6320.2027
0,898,3,2,1962,1230,245,3642.1397
0,899,3,0,2672,1628,247,6010.2197
0,900,3,0,2573,1727,346,6602.2397
0,901,1,1,453,14,2,0.2197
0,902,3,1,443,24,2,0.4394
0,903,3,1,453,14,2,0.2197
0,904,1,2,2110,1082,194,3766.3977
0,905,1,0,2699,1601,293,6811.2897
0,906,1,0,2670,1630,249,6010.2197
0,907,1,2,1962,1230,245,3642.1397
0,908,1,0,2571,1729,348,6602.2397
0,909,3,2,1962,1230,245,3642.1397
0,910,3,0,2838,1462,293,6320.2027
0,911,1,2,2102,1090,196,3787.5957
0,912,3,0,2672,1628,247,6010.2197
0,913,1,2,1960,1232,245,3642.18364
0,914,3,1,453,14,2,0.2197
0,915,1,2,2225,967,194,3360.1027
0,916,3,1,453,14,2,0.2197
0,917,3,2,2225,967,194,3360.1027
0,918,1,0,2672,1628,247,6010.2197
0,919,1,1,453,14,2,0.2197
0,920,1,0,2573,1727,346,6602.2397
0,921,3,0,2672,1628,247,6010.2197
0,922,3,1,453,14,2,0.2197
0,923,3,2,2225,967,194,3360.1027
0,924,1,1,453,14,2,0.2197
0,925,1,0,2838,1462,293,6320.2027
0,926,3,0,2573,1727,346,6602.2397
0,927,3,2,1962,1230,245,3642.1397
0,928,3,0,2672,1628,247,6010.2197
0,929,1,1,453,14,2,0.2197
0,930,1,0,2643,1657,293,7009.1377
0,931,3,1,453,14,2,0.2197
0,932,1,1,453,14,2,0.2197
0,933,3,2,2215,977,194,3360.3224
0,934,3,1,453,14,2,0.2197
0,935,3,1,453,14,2,0.2197
0,936,1,2,1962,1230,245,3642.1397
0,937,3,1,453,14,2,0.2197
0,938,1,2,2053,1139,194,3967.7787
0,939,1,2,1962,1230,245,3642.1397
0,940,3,2,2073,1119,194,3897.1187
0,941,1,0,2279,2021,251,6010.2197
0,942,3,0,2357,1943,350,7822.1597
0,943,1,0,2432,1868,350,7194.2597
0,944,3,2,1635,1557,196,3904.1847
0,945,1,2,1770,1422,196,3575.6157
0,946,1,0,2285,2015,350,6644.0997
0,947,1,1,453,14,2,0.2197
0,948,3,2,1899,1293,249,3642.1397
0,949,1,0,2260,2040,350,6620.1797
0,950,1,2,1830,1362,249,3642.1397
0,951,1,2,1950,1242,249,3642.1397
0,952,1,0,2489,1811,350,6838.7747
0,953,3,2,1383,1809,196,4536.70155
0,954,3,0,2313,1987,297,8272.79252
0,955,3,2,1259,1933,249,5472.0847
0,956,3,2,1606,1586,249,4672.4197
0,957,3,2,1825,1367,247,4046.4647
0,958,3,2,1730,1462,247,4310.17849
0,959,3,2,1787,1405,194,4907.5567
0,960,1,2,1737,1455,249,4304.0347
0,961,3,2,1947,1245,247,3681.0747
0,962,1,0,1885,2415,249,8361.2947
0,963,3,2,2037,1155,194,4024.3067
0,964,1,0,2093,2207,247,7738.37864
0,965,3,1,74,393,4,0.2197
0,966,3,1,85,382,4,0.2197
0,967,1,2,1725,1467,245,4351.9547
0,968,1,1,415,52,4,0.2197
0,969,1,0,2559,1741,295,7298.8437
0,970,3,1,450,17,4,0.2197
0,971,1,0,2838,1462,293,6320.2027
0,972,1,0,2672,1628,247,6010.2197
0,973,3,2,1962,1230,245,3642.1397
0,974,3,2,1960,1232,247,3642.1397
0,975,3,0,2568,1732,346,6602.34955
0,976,1,1,453,14,2,0.2197
0,977,3,1,453,14,2,0.2197
0,978,1,2,2225,967,194,3360.1027
0,979,1,2,2225,967,194,3360.1027
0,980,1,0,2672,1628,247,6010.2197
0,981,3,0,2670,1630,249,6010.2197
0,982,3,1,453,14,2,0.2197
0,983,1,1,453,14,2,0.2197
0,984,1,1,453,14,2,0.2197
0,985,3,0,2838,1462,293,6320.2027
0,986,1,1,453,14,2,0.2197
0,987,3,2,2215,977,194,3360.3224
0,988,3,2,1943,1249,247,3642.51319
0,989,1,0,2573,1727,346,6602.2397
0,990,1,1,453,14,2,0.2197
0,991,3,2,1960,1232,247,3642.1397
0,992,1,2,2133,1059,194,3685.1387
0,993,1,1,453,14,2,0.2197
0,994,1,0,2836,1464,295,6320.2027
0,995,3,0,2573,1727,346,6602.2397
0,996,1,1,453,14,2,0.2197
0,997,3,1,449,18,2,0.30758
0,998,1,2,2165,1027,194,3572.0827
0,999,3,2,2070,1122,194,3907.7177
