2020-04-16 18:05:15

CONFIGURATION:
{u'simulation': {u'stdev_factor': 0.01, u'power_mgmt_enabled': False, u'tasks': {u'loc': {u'mean_service_time': {u'gpu': 90, u'cpu_core': 200, u'loc_accel': 10}, u'priority': 1, u'deadline': 1000, u'stdev_service_time': {u'gpu': 0.9, u'cpu_core': 2.0, u'loc_accel': 0.1}, u'power': {u'gpu': 4.457, u'cpu_core': 6.133, u'loc_accel': 0.02197}}, u'detect': {u'mean_service_time': {u'gpu': 0.4607, u'cpu_core': 3.654, u'det_accel': 0.278}, u'priority': 2, u'deadline': 1000, u'stdev_service_time': {u'gpu': 0.004607, u'cpu_core': 0.03654, u'det_accel': 0.0027800000000000004}, u'power': {u'gpu': 90, u'cpu_core': 200, u'det_accel': 10}}, u'Frontier': {u'mean_service_time': {u'cpu_core': 396}, u'priority': 9, u'deadline': 1000, u'stdev_service_time': {u'cpu_core': 3.96}, u'power': {u'cpu_core': 5.98}}, u'track': {u'mean_service_time': {u'gpu': 17, u'tra_accel': 2, u'cpu_core': 1820}, u'priority': 3, u'deadline': 1000, u'stdev_service_time': {u'gpu': 0.17, u'tra_accel': 0.02, u'cpu_core': 18.2}, u'power': {u'gpu': 12.79, u'tra_accel': 0.59, u'cpu_core': 5.6}}, u'sp': {u'mean_service_time': {u'gpu': 379, u'cpu_core': 1004}, u'priority': 11, u'deadline': 1000, u'stdev_service_time': {u'gpu': 3.79, u'cpu_core': 10.040000000000001}, u'power': {u'gpu': 3.302, u'cpu_core': 1004}}, u'mission': {u'mean_service_time': {u'cpu_core': 0.0022}, u'priority': 5, u'deadline': 1000, u'stdev_service_time': {u'cpu_core': 2.2000000000000003e-05}, u'power': {u'cpu_core': 3.534}}, u'motion': {u'mean_service_time': {u'cpu_core': 8}, u'priority': 6, u'deadline': 1000, u'stdev_service_time': {u'cpu_core': 0.08}, u'power': {u'cpu_core': 4.222}}, u'collision': {u'mean_service_time': {u'cpu_core': 8}, u'priority': 7, u'deadline': 1000, u'stdev_service_time': {u'cpu_core': 0.08}, u'power': {u'cpu_core': 0}}, u'fusion': {u'mean_service_time': {u'cpu_core': 1}, u'priority': 4, u'deadline': 1000, u'stdev_service_time': {u'cpu_core': 0.01}, u'power': {u'cpu_core': 0}}, u'map': {u'mean_service_time': {u'gpu': 761, u'cpu_core': 973}, u'priority': 10, u'deadline': 1000, u'stdev_service_time': {u'gpu': 7.61, u'cpu_core': 9.73}, u'power': {u'gpu': 3.533, u'cpu_core': 2.995}}, u'path': {u'mean_service_time': {u'cpu_core': 8}, u'priority': 8, u'deadline': 1000, u'stdev_service_time': {u'cpu_core': 0.08}, u'power': {u'cpu_core': 0}}}, u'sched_policy_module': u'policies.rheft', u'drop': True, u'servers': {u'gpu': {u'count': 2}, u'tra_accel': {u'count': 1}, u'cpu_core': {u'count': 8}, u'loc_accel': {u'count': 1}, u'det_accel': {u'count': 1}}, u'max_tasks_simulated': 10000, u'max_queue_size': 1000000, u'mean_arrival_time': 50, u'arrival_time_scale': 3}, u'general': {u'random_seed': 0, u'pre_gen_arrivals': False, u'basename': u'policy:rheft__stdev_factor:0.01', u'output_trace_file': None, u'working_dir': u'/home/hiwot/meta-stomp2/sim_16042020_180403_new_arrival_50_map_rheftmapping_50_trace_10', u'input_trace_file': (False, '../mv_mapping_50_trace_10.trc'), u'logging_level': u'INFO'}}
Time	Response time (avg)
10	10.0
253	10.0
340	10.0
625	10.0
994	10.0
1150	10.0
1474	10.0
1600	10.0
1960	10.0
1984	10.0
1999	10.0
2017	10.0
2431	10.0
2443	10.0
2455	10.0
2533	10.0
2560	10.0
2584	10.0
3052	10.0
3337	10.0
3382	10.0
3445	10.0
3487	10.0
4006	10.0
4198	10.0
4609	10.0
4738	10.0
4993	10.0
5044	10.0
5500	10.0
5689	10.0
5710	10.0
5818	10.0
6148	10.0
6190	10.0
6307	10.0
6343	10.0
6367	10.0
6583	10.0
6703	10.0
7228	10.0
7267	10.0
7387	10.0
7597	10.0
7624	10.0
7780	10.0
7807	10.0
8248	10.0
8338	10.0
8470	10.0
8480	10.0
8719	10.0
8734	10.0
8764	10.0
9088	10.0
9106	10.0
9277	10.0
9454	10.0
9508	10.0
10117	10.0
10264	10.0
10274	10.0
10330	10.0
10507	10.0
10576	10.0
10939	10.0
11176	10.0
11293	10.0
11353	10.0
11707	10.0
11717	10.0
11734	10.0
11917	10.0
11935	10.0
12319	10.0
12466	10.0
12586	10.0
12637	10.0
12739	10.0
12793	10.0
12934	10.0
13012	10.0
13165	10.0
13492	10.0
13522	10.0
13714	10.0
14032	10.0
14134	10.0
14371	10.0
14401	10.0
14563	10.0
14611	10.0
14621	10.1
14749	10.1
14866	10.1
14876	10.1
14956	10.1
15166	10.1
15214	10.1
15250	10.1
15508	10.1
15518	10.2
15643	10.2
15754	10.2
15769	10.2
15820	10.2
15883	10.2
16393	10.2
16591	10.2
16657	10.2
16693	10.2
16756	10.2
16945	10.2
17239	10.2
17635	10.2
18178	10.2
18232	10.2
18364	10.2
18502	10.2
18541	10.2
18709	10.2
18823	10.2
18928	10.2
19210	10.2
19312	10.2
19336	10.2
19465	10.2
19543	10.2
19699	10.2
19741	10.2
20263	10.2
20320	10.2
20764	10.2
20887	10.2
20953	10.2
20963	10.2
21508	10.2
21673	10.2
21683	10.2
21754	10.2
21790	10.2
21865	10.2
22168	10.2
22249	10.2
22267	10.2
22441	10.2
22597	10.2
22693	10.2
22963	10.2
22987	10.2
23137	10.2
23491	10.2
23773	10.2
23797	10.1
23935	10.1
24079	10.1
24193	10.1
24763	10.1
24850	10.1
25150	10.1
25780	10.1
26155	10.1
26296	10.1
26401	10.1
26566	10.1
26581	10.1
26827	10.1
27019	10.1
27982	10.1
28033	10.1
28420	10.1
28474	10.1
28699	10.1
28709	10.1
28864	10.1
28936	10.1
29002	10.1
29029	10.1
29497	10.1
29908	10.1
30178	10.1
30188	10.1
30454	10.1
30493	10.1
30503	10.2
30513	10.2
30538	10.2
30883	10.2
31000	10.2
31189	10.2
31231	10.2
31546	10.2
31816	10.2
31846	10.2
32665	10.2
32803	10.2
32854	10.2
33058	10.2
33379	10.2
33640	10.2
33650	10.2
33913	10.2
34330	10.2
34756	10.2
35170	10.2
35638	10.2
35749	10.2
35764	10.2
35794	10.2
35845	10.2
35855	10.2
35899	10.2
36142	10.2
36634	10.2
36730	10.2
37243	10.2
38152	10.2
38215	10.2
38254	10.2
39256	10.2
39307	10.2
39499	10.2
39568	10.2
39676	10.2
39686	10.2
39844	10.2
39859	10.2
39880	10.2
40387	10.2
40714	10.2
41092	10.2
41356	10.2
41380	10.2
41557	10.2
42028	10.2
42673	10.2
42922	10.2
42961	10.2
43015	10.2
43243	10.2
43345	10.2
43402	10.2
43723	10.2
43819	10.2
43837	10.2
44065	10.2
44122	10.2
44440	10.2
44560	10.2
44728	10.2
44848	10.2
45040	10.2
45343	10.2
45451	10.2
45544	10.2
45565	10.2
45575	10.2
45757	10.2
45820	10.2
46069	10.2
46079	10.3
46141	10.3
46324	10.3
46372	10.2
46405	10.2
46489	10.2
46600	10.2
46801	10.2
46924	10.2
46990	10.2
47149	10.2
47185	10.2
47314	10.2
47419	10.2
47437	10.2
47447	10.2
47773	10.2
47860	10.2
48010	10.2
48049	10.2
48061	10.2
48154	10.2
48319	10.2
48652	10.2
48841	10.2
48868	10.2
48946	10.2
48964	10.2
49138	10.2
49171	10.2
49207	10.2
49483	10.2
49570	10.2
49708	10.2
49891	10.2
50170	10.2
50380	10.2
50467	10.2
50494	10.2
50518	10.2
50528	10.2
50539	10.2
50549	10.2
50559	10.3
50626	10.3
50962	10.3
51049	10.3
51118	10.2
51181	10.2
51439	10.2
51511	10.2
51550	10.2
51877	10.2
51919	10.2
51970	10.2
52153	10.2
52163	10.2
52309	10.2
52366	10.2
52612	10.2
53023	10.2
53206	10.2
53230	10.2
53266	10.2
53413	10.2
53464	10.2
53518	10.2
53536	10.2
53584	10.2
54163	10.2
54397	10.2
54442	10.2
54673	10.2
54754	10.2
54766	10.2
54904	10.2
54976	10.2
55036	10.2
55612	10.2
55738	10.2
55828	10.2
55897	10.2
55933	10.2
56002	10.2
56056	10.2
56137	10.2
56260	10.2
56270	10.2
56482	10.2
56599	10.2
56609	10.3
56620	10.3
57196	10.3
57206	10.3
57217	10.3
57604	10.3
57745	10.3
57880	10.3
58123	10.3
58393	10.3
58483	10.3
58498	10.3
59092	10.3
59161	10.3
59203	10.3
59404	10.3
59530	10.3
59668	10.3
59839	10.3
60001	10.3
60049	10.3
60376	10.3
60823	10.3
61243	10.3
61420	10.3
61495	10.3
61522	10.3
61846	10.3
61912	10.3
62062	10.3
62173	10.3
62212	10.3
62398	10.3
62408	10.3
63007	10.3
63535	10.3
63637	10.3
64177	10.2
64187	10.3
64342	10.3
64369	10.3
64651	10.2
64678	10.2
65101	10.2
65269	10.2
65281	10.2
66754	10.2
67243	10.2
67369	10.2
67810	10.2
67876	10.2
67886	10.3
68308	10.3
68671	10.3
68681	10.3
68848	10.3
68941	10.3
69271	10.3
69316	10.3
69394	10.3
69547	10.3
69751	10.3
69937	10.3
70048	10.3
70075	10.3
70129	10.3
70222	10.3
70543	10.3
70576	10.3
70651	10.3
70879	10.3
71251	10.3
71353	10.3
71809	10.3
72106	10.3
72544	10.3
72607	10.3
72670	10.3
72682	10.3
72715	10.3
72757	10.3
72775	10.3
72799	10.3
73153	10.3
73372	10.3
73624	10.3
73696	10.3
73765	10.3
73843	10.3
73921	10.3
74329	10.3
74548	10.3
74776	10.3
74812	10.3
74902	10.3
74917	10.3
75052	10.3
75268	10.2
75442	10.2
75583	10.2
75655	10.2
75790	10.2
76006	10.2
76018	10.2
76096	10.2
76453	10.2
76522	10.2
76831	10.2
76894	10.2
77044	10.2
77275	10.2
77428	10.2
77479	10.2
77680	10.2
77986	10.2
78145	10.2
78178	10.2
78205	10.2
78215	10.2
78502	10.2
78607	10.2
78617	10.3
78627	10.3
78823	10.3
79021	10.3
79474	10.3
79537	10.3
79699	10.3
80212	10.3
80269	10.3
80587	10.3
80776	10.3
81046	10.3
81056	10.3
81066	10.3
81148	10.3
81325	10.3
81457	10.3
81583	10.3
81715	10.3
81725	10.3
81735	10.3
81778	10.3
82459	10.3
82597	10.3
82660	10.3
83044	10.3
83158	10.3
83362	10.3
83446	10.3
83536	10.3
83701	10.3
83809	10.3
83986	10.3
84046	10.3
84157	10.3
84592	10.3
84655	10.3
84665	10.3
84679	10.3
84709	10.3
85021	10.3
85450	10.3
85615	10.3
85642	10.3
85669	10.3
85792	10.3
86161	10.3
86254	10.3
86449	10.3
86689	10.3
86734	10.3
86764	10.3
86803	10.3
86929	10.3
87097	10.3
87442	10.3
87739	10.3
87811	10.3
87886	10.3
88036	10.3
88090	10.3
88100	10.3
88288	10.3
88645	10.3
88732	10.3
89443	10.3
89464	10.3
89524	10.3
89534	10.3
89815	10.3
90031	10.3
90145	10.3
90232	10.3
90346	10.3
90595	10.3
90682	10.3
90692	10.3
90703	10.3
90886	10.3
90928	10.3
91051	10.3
91066	10.3
91324	10.3
91408	10.3
91474	10.3
91498	10.3
91678	10.3
91688	10.3
91828	10.3
91909	10.3
91996	10.3
92059	10.3
92224	10.3
92347	10.3
92362	10.3
92446	10.3
92524	10.3
92650	10.3
92869	10.3
93040	10.3
93118	10.3
93187	10.3
93340	10.3
93850	10.3
94105	10.3
94240	10.3
94250	10.3
94444	10.3
94477	10.3
94894	10.3
94957	10.3
95152	10.3
95173	10.3
95183	10.3
95221	10.3
95326	10.3
95473	10.3
95545	10.3
95746	10.3
95956	10.3
95977	10.3
96106	10.3
96346	10.3
96439	10.3
96469	10.3
96535	10.3
96619	10.3
97039	10.3
97090	10.3
97171	10.3
97297	10.3
97321	10.3
97420	10.3
97624	10.3
97999	10.3
98047	10.3
98086	10.3
98224	10.3
98284	10.3
98350	10.3
98551	10.3
98605	10.3
98749	10.3
99058	10.3
99097	10.3
99193	10.3
99685	10.3
99922	10.3
99973	10.3
100438	10.3
100933	10.3
100943	10.3
101026	10.3
101197	10.3
101341	10.3
101383	10.3
101419	10.3
101563	10.3
101830	10.3
101914	10.3
102001	10.3
102310	10.3
102364	10.3
102712	10.3
102727	10.3
102790	10.3
102928	10.3
103438	10.3
103831	10.3
103945	10.3
104020	10.3
104149	10.3
104161	10.3
104185	10.3
104203	10.3
104242	10.3
104347	10.3
104461	10.3
104473	10.3
104506	10.3
104713	10.3
104935	10.3
105223	10.3
105460	10.3
105544	10.3
105886	10.3
106216	10.3
106690	10.3
106801	10.3
107338	10.3
107986	10.3
108160	10.3
108214	10.3
108478	10.3
108532	10.3
109057	10.3
109067	10.3
109077	10.3
109276	10.3
109432	10.3
109663	10.3
109690	10.3
109945	10.3
110068	10.3
110674	10.3
110815	10.3
111067	10.3
111340	10.3
111775	10.3
111838	10.3
111848	10.3
111904	10.3
112336	10.3
112531	10.3
112669	10.3
112702	10.3
112765	10.3
113353	10.3
113554	10.3
113578	10.3
113686	10.3
113863	10.3
113878	10.3
114385	10.3
114859	10.3
114970	10.3
115342	10.3
115480	10.3
115516	10.3
115585	10.3
115813	10.3
115906	10.3
115993	10.3
116443	10.3
116563	10.3
116599	10.3
116638	10.3
116779	10.3
116938	10.3
117010	10.3
117148	10.3
117175	10.3
117208	10.3
117277	10.3
117373	10.3
117610	10.3
117649	10.3
117703	10.3
118189	10.3
118381	10.3
118777	10.3
118855	10.3
118885	10.3
118960	10.3
119089	10.3
119155	10.3
119305	10.3
120184	10.3
120505	10.3
120515	10.3
120619	10.3
120823	10.3
121096	10.3
121195	10.3
121205	10.3
121378	10.3
121462	10.3
121510	10.3
121744	10.3
121924	10.3
121934	10.3
121969	10.3
122098	10.3
122323	10.3
122374	10.3
122563	10.3
122617	10.3
122917	10.3
123166	10.3
123241	10.3
123823	10.3
123865	10.3
124087	10.3
124108	10.3
124387	10.3
124438	10.3
124582	10.3
124627	10.3
124666	10.3
124780	10.3
124924	10.3
125284	10.3
125299	10.3
125309	10.3
125371	10.3
125434	10.3
125473	10.3
125503	10.3
125737	10.3
125917	10.3
126085	10.3
126244	10.3
126403	10.3
126868	10.3
127084	10.3
127171	10.3
127555	10.3
127834	10.3
128353	10.3
128363	10.3
128410	10.3
128420	10.3
128449	10.3
128479	10.3
128686	10.3
128860	10.3
129001	10.3
129385	10.3
129439	10.3
129529	10.3
129565	10.3
129652	10.3
129925	10.3
130105	10.3
130195	10.3
130570	10.3
130597	10.3
130942	10.3
131308	10.3
131485	10.3
131554	10.3
131692	10.3
131755	10.3
132019	10.3
132085	10.3
132289	10.3
132667	10.3
132859	10.3
133525	10.3
133573	10.3
133639	10.3
133690	10.3
133807	10.3
133909	10.3
133919	10.3
133975	10.3
134119	10.3
134251	10.3
134395	10.3
134485	10.3
134563	10.3
134677	10.3
135154	10.3
135514	10.3
135580	10.3
136069	10.3
136219	10.3
136288	10.3
136306	10.3
136453	10.3
136498	10.3
136510	10.3
136660	10.3
136699	10.3
136720	10.3
136828	10.3
136951	10.3
137047	10.3
137098	10.3
138067	10.3
138289	10.3
138406	10.3
138550	10.3
138649	10.3
138679	10.3
138715	10.3
138760	10.3
138952	10.3
139066	10.3
139222	10.3
139633	10.3
139723	10.3
139897	10.3
140002	10.3
140014	10.3
140119	10.3
140464	10.3
140752	10.3
141208	10.3
141403	10.3
141430	10.3
141505	10.3
141700	10.3
141778	10.3
142042	10.3
142393	10.3
142603	10.3
142708	10.3
142726	10.3
142981	10.3
143251	10.3
143335	10.3
143345	10.3
143437	10.3
143464	10.3
143515	10.3
143644	10.3
143761	10.3
144043	10.3
144217	10.3
144388	10.3
144398	10.3
144418	10.3
144556	10.3
144568	10.3
145006	10.3
145264	10.3
145408	10.3
145735	10.3
145921	10.3
146095	10.3
146146	10.3
146194	10.3
146563	10.3
146758	10.3
146797	10.3
146807	10.3
146902	10.3
147157	10.3
147493	10.3
147553	10.3
147571	10.3
147748	10.3
148027	10.3
148264	10.3
148342	10.3
148591	10.3
148633	10.3
148684	10.3
148717	10.3
148735	10.3
148822	10.3
148846	10.3
149068	10.3
149080	10.3
149245	10.3
149305	10.3
149686	10.3
149875	10.3
149885	10.3
149998	10.3
150016	10.3
150271	10.3
150322	10.3
150337	10.3
150373	10.3
150383	10.3
150397	10.3
150544	10.3
150784	10.3
151213	10.3
151252	10.3
151582	10.3
151651	10.3
151798	10.3
151957	10.3
151987	10.3
152008	10.3
152062	10.3
152212	10.3
152272	10.3
152809	10.3
152854	10.3
153133	10.3
153394	10.3
153439	10.3
153559	10.3
153757	10.3
153817	10.3
154027	10.3
154363	10.3
154402	10.3
154456	10.3
154675	10.3
154738	10.3
154861	10.3
154951	10.3
154963	10.3
155380	10.3
155425	10.3
155719	10.3
155929	10.3
156067	10.3
156181	10.3
156191	10.3
156201	10.3
156331	10.3
156562	10.3
156829	10.3
156853	10.3
157057	10.3
157126	10.3
157136	10.3
157222	10.3
157471	10.3
157481	10.3
157831	10.3
157855	10.3
157870	10.3
157909	10.3
158032	10.3
158071	10.3
158476	10.3
158560	10.3
158653	10.3
158752	10.3
159205	10.3
159418	10.3
159508	10.3
159655	10.3
159778	10.3
160297	10.3
160432	10.3
160864	10.3
161251	10.3
161419	10.3
161584	10.3
161635	10.3
161725	10.3
