2020-04-16 18:05:15

CONFIGURATION:
{u'simulation': {u'stdev_factor': 0.01, u'power_mgmt_enabled': False, u'tasks': {u'loc': {u'mean_service_time': {u'gpu': 90, u'cpu_core': 200, u'loc_accel': 10}, u'priority': 1, u'deadline': 1000, u'stdev_service_time': {u'gpu': 0.9, u'cpu_core': 2.0, u'loc_accel': 0.1}, u'power': {u'gpu': 4.457, u'cpu_core': 6.133, u'loc_accel': 0.02197}}, u'detect': {u'mean_service_time': {u'gpu': 0.4607, u'cpu_core': 3.654, u'det_accel': 0.278}, u'priority': 2, u'deadline': 1000, u'stdev_service_time': {u'gpu': 0.004607, u'cpu_core': 0.03654, u'det_accel': 0.0027800000000000004}, u'power': {u'gpu': 90, u'cpu_core': 200, u'det_accel': 10}}, u'Frontier': {u'mean_service_time': {u'cpu_core': 396}, u'priority': 9, u'deadline': 1000, u'stdev_service_time': {u'cpu_core': 3.96}, u'power': {u'cpu_core': 5.98}}, u'track': {u'mean_service_time': {u'gpu': 17, u'tra_accel': 2, u'cpu_core': 1820}, u'priority': 3, u'deadline': 1000, u'stdev_service_time': {u'gpu': 0.17, u'tra_accel': 0.02, u'cpu_core': 18.2}, u'power': {u'gpu': 12.79, u'tra_accel': 0.59, u'cpu_core': 5.6}}, u'sp': {u'mean_service_time': {u'gpu': 379, u'cpu_core': 1004}, u'priority': 11, u'deadline': 1000, u'stdev_service_time': {u'gpu': 3.79, u'cpu_core': 10.040000000000001}, u'power': {u'gpu': 3.302, u'cpu_core': 1004}}, u'mission': {u'mean_service_time': {u'cpu_core': 0.0022}, u'priority': 5, u'deadline': 1000, u'stdev_service_time': {u'cpu_core': 2.2000000000000003e-05}, u'power': {u'cpu_core': 3.534}}, u'motion': {u'mean_service_time': {u'cpu_core': 8}, u'priority': 6, u'deadline': 1000, u'stdev_service_time': {u'cpu_core': 0.08}, u'power': {u'cpu_core': 4.222}}, u'collision': {u'mean_service_time': {u'cpu_core': 8}, u'priority': 7, u'deadline': 1000, u'stdev_service_time': {u'cpu_core': 0.08}, u'power': {u'cpu_core': 0}}, u'fusion': {u'mean_service_time': {u'cpu_core': 1}, u'priority': 4, u'deadline': 1000, u'stdev_service_time': {u'cpu_core': 0.01}, u'power': {u'cpu_core': 0}}, u'map': {u'mean_service_time': {u'gpu': 761, u'cpu_core': 973}, u'priority': 10, u'deadline': 1000, u'stdev_service_time': {u'gpu': 7.61, u'cpu_core': 9.73}, u'power': {u'gpu': 3.533, u'cpu_core': 2.995}}, u'path': {u'mean_service_time': {u'cpu_core': 8}, u'priority': 8, u'deadline': 1000, u'stdev_service_time': {u'cpu_core': 0.08}, u'power': {u'cpu_core': 0}}}, u'sched_policy_module': u'policies.rheft', u'drop': True, u'servers': {u'gpu': {u'count': 2}, u'tra_accel': {u'count': 1}, u'cpu_core': {u'count': 8}, u'loc_accel': {u'count': 1}, u'det_accel': {u'count': 1}}, u'max_tasks_simulated': 10000, u'max_queue_size': 1000000, u'mean_arrival_time': 50, u'arrival_time_scale': 3}, u'general': {u'random_seed': 0, u'pre_gen_arrivals': False, u'basename': u'policy:rheft__stdev_factor:0.01', u'output_trace_file': None, u'working_dir': u'/home/hiwot/meta-stomp2/sim_16042020_180403_new_arrival_50_map_rheftmapping_50_trace_10', u'input_trace_file': (False, '../mv_mapping_50_trace_10.trc'), u'logging_level': u'INFO'}}
Time	Response time (avg)
1204	951.0
1291	951.0
2155	1021.0
2950	1003.5
3106	1020.6
3659	1053.2
3671	1076.4
3749	1093.9
4003	1078.0
4288	1065.3
4598	1079.0
4661	1090.4
4703	1100.1
4957	1089.4
5560	1080.2
5944	1072.1
5954	1080.6
6511	1076.7
6895	1076.7
6926	1083.7
7406	1090.0
7462	1093.0
7559	1098.3
7799	1103.2
8179	1097.1
8413	1094.4
8813	1098.9
8840	1103.1
9023	1107.0
9199	1101.8
9364	1099.3
9686	1103.0
9696	1106.4
9950	1109.6
9980	1112.7
10228	1108.2
10405	1103.9
10724	1106.9
11458	1102.9
11527	1099.1
12155	1101.9
12392	1104.6
12409	1104.9
12478	1105.4
12923	1107.8
12933	1110.2
12950	1112.4
13133	1114.6
13151	1116.7
13360	1115.1
13429	1112.2
13802	1114.2
14020	1119.2
14120	1123.1
14311	1123.5
14443	1120.4
14930	1122.1
15248	1123.7
15262	1123.8
15394	1122.1
15617	1123.6
15779	1125.1
15827	1126.6
15965	1128.0
16092	1129.3
16213	1128.1
16345	1128.1
16724	1129.4
16859	1130.7
17036	1131.9
17099	1133.1
17344	1130.5
17542	1128.1
18295	1127.1
18586	1124.8
19246	1124.0
19537	1122.9
19757	1124.1
20039	1125.2
20144	1126.3
20263	1124.2
20488	1123.0
20759	1124.1
20957	1125.2
21214	1123.1
21439	1123.1
22103	1124.1
22179	1125.2
22624	1123.2
22634	1121.3
23006	1122.4
23081	1123.4
23384	1124.4
23465	1125.3
23575	1123.8
23644	1122.0
24203	1123.0
24353	1123.9
24526	1123.0
24724	1121.3
25013	1122.2
25409	1123.1
26731	1121.5
27247	1119.8
27617	1120.8
27682	1120.7
27797	1121.6
28235	1122.5
28984	1120.9
29660	1119.4
29935	1118.3
30245	1119.1
31129	1117.7
31444	1116.2
31729	1117.1
31754	1117.9
32080	1117.6
32447	1118.4
33754	1117.0
33805	1115.6
34274	1116.5
34595	1117.3
34705	1116.8
34756	1116.8
35129	1117.6
35707	1116.2
36121	1114.9
36658	1114.2
36965	1115.0
37010	1115.8
37061	1116.5
37071	1117.3
37093	1116.0
37681	1114.8
39103	1113.6
39166	1112.4
39470	1113.1
40519	1112.0
40795	1110.8
41096	1111.6
41665	1110.4
42043	1109.3
42572	1110.0
42616	1109.7
43624	1108.6
43873	1107.5
44459	1108.3
44561	1109.0
44618	1109.7
44674	1108.6
44824	1108.0
45625	1107.7
45656	1108.4
45775	1108.0
46256	1108.7
46559	1109.4
46576	1109.5
46726	1109.8
46791	1110.5
47285	1111.1
47357	1111.8
47527	1112.0
47752	1111.1
48140	1111.7
48206	1112.3
48365	1113.0
48401	1113.6
48478	1113.1
48724	1112.1
49076	1112.7
49226	1113.3
49265	1113.9
49277	1114.5
49429	1114.5
49675	1114.0
50057	1114.6
50180	1115.1
50354	1115.7
50380	1116.0
50626	1116.2
50786	1116.7
50924	1117.3
51107	1117.8
51418	1116.9
51577	1116.4
51775	1116.9
51842	1117.5
52178	1118.0
52265	1118.5
52334	1119.0
52390	1118.2
52528	1117.6
52766	1118.1
53093	1118.6
53186	1119.1
53341	1118.7
53369	1119.2
54157	1118.3
54292	1117.9
54734	1118.4
54752	1118.9
55114	1118.0
55348	1117.2
55889	1117.7
55970	1118.2
55982	1118.6
56065	1118.8
56252	1119.3
56563	1118.5
56954	1119.0
57016	1119.0
57044	1119.4
57149	1119.9
57218	1120.3
57272	1120.8
57476	1121.2
57550	1120.4
57880	1121.1
58157	1120.3
58433	1120.7
58555	1120.0
58961	1120.4
59096	1120.8
59108	1120.2
59506	1120.2
59699	1120.6
59714	1121.0
60112	1120.3
60419	1120.7
60457	1120.4
60746	1120.8
61055	1121.2
61063	1121.0
61265	1121.4
61774	1120.7
62371	1119.9
62711	1120.3
62738	1120.7
62797	1120.0
63128	1120.4
63278	1120.8
63322	1120.9
63624	1121.3
63958	1120.6
64486	1119.9
64853	1120.3
65128	1119.7
65403	1120.0
65602	1119.4
65894	1119.7
66079	1119.2
66497	1119.6
67705	1118.9
68194	1118.2
68827	1117.6
69102	1118.0
69622	1117.3
69778	1117.2
70157	1117.6
70532	1118.0
70702	1117.4
70888	1116.7
71264	1117.1
71291	1117.5
71345	1117.8
71438	1118.2
71653	1118.1
71839	1117.5
71867	1117.8
72467	1118.2
72569	1118.6
72760	1117.9
73057	1117.3
73711	1117.1
73931	1117.4
73973	1117.8
73991	1118.1
74015	1118.5
74104	1117.9
74662	1117.3
74981	1117.7
75055	1117.7
75545	1118.1
75727	1117.5
76006	1117.5
76133	1117.8
76484	1118.1
76678	1117.8
76969	1117.2
77006	1117.6
77312	1117.9
77669	1118.3
77782	1117.7
77920	1117.4
78644	1117.7
78733	1117.5
78937	1116.9
79394	1117.3
79421	1117.6
79684	1117.4
79718	1117.7
79888	1117.6
80237	1117.9
80635	1118.0
80753	1118.4
81220	1117.8
81586	1117.4
82171	1117.4
82282	1117.7
82364	1118.1
82537	1117.5
82541	1117.8
82941	1118.2
82951	1118.5
82994	1118.8
83548	1118.2
83611	1117.7
84260	1118.0
84374	1118.3
84499	1118.1
84562	1117.8
84917	1118.1
85025	1118.5
85262	1118.8
85606	1118.2
85630	1117.7
86566	1117.2
86620	1116.7
87517	1116.6
87640	1116.1
87950	1116.4
87980	1116.7
88019	1117.0
88145	1117.3
88313	1117.5
88762	1117.1
88837	1116.6
89252	1116.9
89316	1117.1
89504	1117.4
89713	1117.3
89788	1117.1
90659	1117.4
90664	1117.5
90750	1117.8
90766	1117.3
91247	1117.6
91361	1117.8
91562	1118.1
91615	1117.8
91717	1117.6
91908	1117.9
91919	1118.2
92381	1118.8
92388	1119.3
92540	1119.6
92566	1119.7
92668	1119.3
93044	1119.6
93125	1119.9
93342	1120.3
93517	1120.4
93563	1120.7
93619	1120.6
93662	1120.9
93866	1121.1
94085	1121.4
94256	1121.7
94334	1121.9
94468	1121.9
94801	1121.5
95321	1121.7
95428	1121.3
95456	1121.5
95466	1121.8
95845	1121.3
96173	1121.6
96368	1121.8
96389	1122.1
96399	1122.3
96424	1121.9
96761	1122.1
96796	1121.9
97172	1122.2
97193	1122.4
97322	1122.7
97375	1122.4
97655	1122.7
97747	1123.1
98326	1122.8
98636	1123.1
98698	1122.9
99215	1123.2
99277	1122.8
99302	1123.1
99649	1123.0
99821	1123.2
100228	1123.3
100274	1123.5
100409	1123.7
100636	1123.3
101138	1123.5
101189	1123.8
101389	1123.3
101884	1122.9
102159	1123.1
102242	1123.4
102340	1123.4
102557	1123.6
102635	1123.9
102779	1124.1
102835	1123.8
103130	1124.0
103217	1124.2
103291	1123.9
103786	1123.8
103943	1124.0
104144	1124.2
104389	1123.8
104782	1123.4
105236	1123.6
105340	1123.7
105377	1123.9
105419	1124.1
105458	1124.3
105563	1124.6
105677	1124.8
105722	1125.0
105733	1124.7
106291	1124.6
106676	1124.8
106684	1124.8
107242	1124.6
107752	1124.2
108289	1123.8
108937	1123.4
109240	1123.2
110008	1122.8
110191	1122.8
110293	1123.0
110492	1123.2
110648	1123.4
110959	1123.2
111625	1122.8
111910	1122.7
112283	1123.0
112556	1123.2
112789	1122.8
112861	1122.4
113552	1122.6
113740	1122.5
113812	1122.5
114569	1122.7
114691	1122.7
114763	1122.6
115094	1122.8
115810	1122.4
116293	1122.0
116696	1122.2
116732	1122.4
116764	1122.1
116801	1122.3
117209	1122.5
117394	1122.1
117715	1122.2
117815	1122.4
117995	1122.6
118154	1122.8
118226	1123.0
118345	1122.6
118391	1122.8
118666	1122.7
118865	1122.9
118919	1123.1
119296	1123.1
119597	1123.2
119728	1122.9
120176	1123.1
120247	1123.0
121135	1122.7
121456	1122.3
121835	1122.5
122039	1122.7
122156	1122.3
122407	1122.1
122960	1122.3
123107	1122.1
123140	1122.3
123150	1122.5
123358	1122.2
123779	1122.4
123833	1122.6
124192	1122.2
124816	1121.9
125143	1121.8
125324	1121.9
125603	1122.1
125767	1121.9
126140	1122.1
126235	1121.7
126525	1121.9
126650	1122.1
126689	1122.3
126718	1122.0
126719	1122.2
127133	1122.4
127186	1122.3
127460	1122.5
127619	1122.7
127819	1122.4
128137	1122.2
128387	1122.4
128771	1122.6
129304	1122.2
129314	1121.9
129626	1122.1
129636	1122.3
129665	1122.5
129902	1122.6
130076	1122.8
130217	1123.0
130390	1122.7
130480	1122.3
130781	1122.5
130868	1122.7
131141	1122.9
131321	1123.1
131521	1122.7
131548	1122.4
132158	1122.6
132472	1122.3
132505	1122.0
132524	1122.2
132908	1122.4
132971	1122.5
133235	1122.7
133301	1122.9
133810	1122.6
134590	1122.2
134761	1121.9
135125	1122.1
135135	1122.3
135191	1122.4
135335	1122.6
135541	1122.7
135701	1122.8
135712	1122.9
136492	1122.6
136663	1122.5
137285	1122.7
137435	1122.9
137443	1122.9
137614	1122.9
137876	1123.1
137936	1123.2
138263	1123.4
138314	1123.6
139240	1123.3
139357	1122.9
139766	1123.1
139865	1123.3
139931	1123.4
139976	1123.6
140168	1123.8
140191	1123.8
140308	1123.7
140939	1123.9
141113	1124.0
141142	1124.1
141703	1123.8
142159	1123.5
142619	1123.6
142654	1123.3
143554	1123.0
143659	1122.7
143942	1122.9
144467	1123.0
144505	1123.1
144551	1123.3
144610	1123.3
144653	1123.5
144731	1123.6
144860	1123.8
145259	1123.9
145456	1123.8
145561	1123.9
145784	1124.0
146222	1124.2
146407	1124.2
146512	1124.2
147137	1124.3
147311	1124.5
147362	1124.6
147410	1124.8
147748	1124.5
148108	1124.2
148699	1124.2
148709	1124.4
148964	1124.6
149059	1124.4
149480	1124.6
149558	1124.7
149650	1124.4
149933	1124.6
150019	1124.3
150038	1124.5
150296	1124.6
150521	1124.8
150637	1124.5
150970	1124.2
151232	1124.4
151553	1124.5
151588	1124.6
151589	1124.8
151599	1124.9
151760	1125.1
152164	1124.8
152602	1124.5
153014	1124.7
153115	1124.5
153428	1124.7
153488	1124.8
154084	1124.6
154345	1124.3
155035	1124.1
155626	1123.8
155954	1124.0
155986	1124.0
156167	1124.1
156670	1123.8
156937	1123.7
157283	1123.8
157407	1123.9
157417	1124.1
157547	1124.2
157621	1124.1
157888	1124.0
158273	1124.2
158352	1124.3
158572	1124.3
158697	1124.4
158839	1124.2
159071	1124.4
159086	1124.5
159125	1124.7
159248	1124.8
159287	1125.0
159703	1124.7
160156	1124.4
160634	1124.6
160654	1124.4
161248	1124.1
161648	1124.2
161815	1124.0
162202	1123.7
162635	1123.9
162766	1123.7
