2020-04-16 18:05:15

CONFIGURATION:
{u'simulation': {u'stdev_factor': 0.01, u'power_mgmt_enabled': False, u'tasks': {u'loc': {u'mean_service_time': {u'gpu': 90, u'cpu_core': 200, u'loc_accel': 10}, u'priority': 1, u'deadline': 1000, u'stdev_service_time': {u'gpu': 0.9, u'cpu_core': 2.0, u'loc_accel': 0.1}, u'power': {u'gpu': 4.457, u'cpu_core': 6.133, u'loc_accel': 0.02197}}, u'detect': {u'mean_service_time': {u'gpu': 0.4607, u'cpu_core': 3.654, u'det_accel': 0.278}, u'priority': 2, u'deadline': 1000, u'stdev_service_time': {u'gpu': 0.004607, u'cpu_core': 0.03654, u'det_accel': 0.0027800000000000004}, u'power': {u'gpu': 90, u'cpu_core': 200, u'det_accel': 10}}, u'Frontier': {u'mean_service_time': {u'cpu_core': 396}, u'priority': 9, u'deadline': 1000, u'stdev_service_time': {u'cpu_core': 3.96}, u'power': {u'cpu_core': 5.98}}, u'track': {u'mean_service_time': {u'gpu': 17, u'tra_accel': 2, u'cpu_core': 1820}, u'priority': 3, u'deadline': 1000, u'stdev_service_time': {u'gpu': 0.17, u'tra_accel': 0.02, u'cpu_core': 18.2}, u'power': {u'gpu': 12.79, u'tra_accel': 0.59, u'cpu_core': 5.6}}, u'sp': {u'mean_service_time': {u'gpu': 379, u'cpu_core': 1004}, u'priority': 11, u'deadline': 1000, u'stdev_service_time': {u'gpu': 3.79, u'cpu_core': 10.040000000000001}, u'power': {u'gpu': 3.302, u'cpu_core': 1004}}, u'mission': {u'mean_service_time': {u'cpu_core': 0.0022}, u'priority': 5, u'deadline': 1000, u'stdev_service_time': {u'cpu_core': 2.2000000000000003e-05}, u'power': {u'cpu_core': 3.534}}, u'motion': {u'mean_service_time': {u'cpu_core': 8}, u'priority': 6, u'deadline': 1000, u'stdev_service_time': {u'cpu_core': 0.08}, u'power': {u'cpu_core': 4.222}}, u'collision': {u'mean_service_time': {u'cpu_core': 8}, u'priority': 7, u'deadline': 1000, u'stdev_service_time': {u'cpu_core': 0.08}, u'power': {u'cpu_core': 0}}, u'fusion': {u'mean_service_time': {u'cpu_core': 1}, u'priority': 4, u'deadline': 1000, u'stdev_service_time': {u'cpu_core': 0.01}, u'power': {u'cpu_core': 0}}, u'map': {u'mean_service_time': {u'gpu': 761, u'cpu_core': 973}, u'priority': 10, u'deadline': 1000, u'stdev_service_time': {u'gpu': 7.61, u'cpu_core': 9.73}, u'power': {u'gpu': 3.533, u'cpu_core': 2.995}}, u'path': {u'mean_service_time': {u'cpu_core': 8}, u'priority': 8, u'deadline': 1000, u'stdev_service_time': {u'cpu_core': 0.08}, u'power': {u'cpu_core': 0}}}, u'sched_policy_module': u'policies.rheft', u'drop': True, u'servers': {u'gpu': {u'count': 2}, u'tra_accel': {u'count': 1}, u'cpu_core': {u'count': 8}, u'loc_accel': {u'count': 1}, u'det_accel': {u'count': 1}}, u'max_tasks_simulated': 10000, u'max_queue_size': 1000000, u'mean_arrival_time': 50, u'arrival_time_scale': 3}, u'general': {u'random_seed': 0, u'pre_gen_arrivals': False, u'basename': u'policy:rheft__stdev_factor:0.01', u'output_trace_file': None, u'working_dir': u'/home/hiwot/meta-stomp2/sim_16042020_180403_new_arrival_50_map_rheftmapping_50_trace_10', u'input_trace_file': (False, '../mv_mapping_50_trace_10.trc'), u'logging_level': u'INFO'}}
Time	Response time (avg)
13	3.0
628	3.0
1153	3.0
1477	3.0
1603	3.0
1704	3.3
1793	3.9
1963	3.8
1987	3.7
2434	3.6
2563	3.5
2587	3.5
2655	3.6
3111	3.7
3450	3.8
3662	3.8
3754	3.8
4008	3.9
4171	3.9
4201	3.9
4293	4.0
4603	4.0
4706	4.0
5047	3.9
5161	4.0
5459	4.1
5565	4.1
5692	4.1
5949	4.1
5957	4.1
6151	4.0
6370	4.0
6706	4.0
7011	4.0
7270	4.0
7327	4.0
7397	4.1
7467	4.1
7783	4.1
7807	4.1
8059	4.1
8200	4.1
8418	4.2
8679	4.2
8722	4.2
9026	4.1
9091	4.1
9109	4.1
9204	4.1
9216	4.2
9243	4.2
9369	4.2
10120	4.2
10186	4.2
10198	4.3
10233	4.3
10267	4.3
10277	4.2
10333	4.2
10351	4.2
10482	4.3
10727	4.3
10907	4.3
11463	4.3
11532	4.3
12556	5.4
12563	5.5
12791	6.2
12798	6.3
12930	6.6
12953	6.7
12958	6.8
13015	6.7
13156	6.7
13365	6.7
13430	6.6
13438	6.6
13525	6.6
13635	6.6
13805	6.5
13931	6.6
14125	6.5
14520	6.5
14624	6.5
14811	6.5
14869	6.4
14933	6.4
14945	6.4
14959	6.3
15251	6.3
15253	6.3
15399	6.3
15521	6.2
15620	6.2
15757	6.2
15762	6.1
15772	6.1
15782	6.1
15970	6.1
16327	6.1
16350	6.0
16495	6.1
16660	6.0
16696	6.0
16715	6.0
16759	6.0
16948	6.0
17224	5.9
17349	5.9
17361	5.9
17437	5.9
17601	5.9
18042	5.9
18235	5.9
18367	5.9
18712	5.9
18795	5.9
19086	5.8
19213	5.8
19251	5.8
19339	5.8
19542	5.8
19702	5.8
19760	5.7
20268	5.7
20440	5.7
20493	5.7
20646	5.7
20767	5.7
20956	5.7
20962	5.7
21219	5.7
21259	5.7
21444	5.7
21511	5.7
21757	5.6
22106	5.6
22182	5.6
22270	5.6
22444	5.6
22966	5.5
23084	5.5
23126	5.5
23136	5.5
23387	5.5
23407	5.5
23470	5.5
23938	5.5
24075	5.5
24082	5.5
24146	5.5
24208	5.5
24358	5.5
24766	5.5
24853	5.5
25016	5.4
25026	5.4
25153	5.4
25226	5.4
25810	5.4
26158	5.4
26736	5.4
26830	5.4
27252	5.4
27620	5.4
27800	5.4
27985	5.3
28182	5.3
28423	5.3
28477	5.3
28702	5.3
28735	5.3
28867	5.3
29005	5.3
29484	5.3
29500	5.3
29665	5.3
29911	5.2
30191	5.2
30435	5.2
30457	5.2
30506	5.2
30646	5.2
30886	5.2
31192	5.2
31549	5.2
31629	5.2
31732	5.2
31759	5.2
31819	5.1
31849	5.1
31946	5.1
32085	5.1
32452	5.1
32668	5.1
33810	5.1
34254	5.1
34333	5.1
34675	5.1
34761	5.1
34996	5.1
35134	5.1
35205	5.1
35767	5.1
35902	5.1
36207	5.1
36623	5.1
36637	5.1
36968	5.1
37015	5.1
37158	5.1
37246	5.1
37563	5.1
37573	5.1
37595	5.1
38181	5.1
39259	5.1
39310	5.1
39502	5.1
39603	5.1
39668	5.1
39679	5.1
39689	5.1
39862	5.1
39871	5.1
40390	5.0
41019	5.0
41099	5.0
41297	5.0
41383	5.0
41670	5.0
42031	5.0
42543	5.0
42964	5.0
42973	5.0
43018	5.0
43118	5.0
43629	5.0
43840	5.0
44068	5.0
44125	5.0
44373	5.0
44462	5.0
44679	5.0
44851	5.0
45061	5.0
45120	5.0
45326	5.0
45547	5.0
45760	5.0
45780	5.0
45823	5.0
46057	5.0
46082	5.0
46125	5.0
46327	5.0
46408	4.9
46492	4.9
46581	4.9
46603	4.9
46657	4.9
46794	4.9
46960	4.9
47226	4.9
47317	4.9
47422	4.9
47440	4.9
47532	4.9
47686	4.9
47757	4.9
47758	4.9
48209	5.1
48373	5.1
48406	5.1
48541	5.1
48709	5.1
48871	5.1
48949	5.1
48978	5.1
49222	5.2
49229	5.3
49234	5.3
49270	5.3
49434	5.3
49477	5.3
49777	5.3
50173	5.3
50175	5.3
50357	5.3
50383	5.2
50385	5.2
50458	5.2
50497	5.2
50521	5.2
50531	5.2
50542	5.2
50680	5.2
51110	5.2
51126	5.2
51184	5.2
51187	5.2
51424	5.2
51778	5.2
51847	5.2
51918	5.2
51922	5.2
52077	5.2
52166	5.2
52181	5.2
52270	5.2
52369	5.2
52395	5.2
52533	5.2
52615	5.1
52735	5.1
52771	5.1
53026	5.1
53098	5.1
53233	5.1
53346	5.1
53416	5.1
53467	5.1
53587	5.1
53686	5.1
53871	5.1
54162	5.1
54445	5.1
54737	5.1
54792	5.1
54979	5.1
55252	5.1
55353	5.1
55616	5.1
55892	5.1
55985	5.1
56070	5.1
56140	5.1
56369	5.4
56376	5.4
56485	5.4
56651	5.5
56658	5.5
57049	5.6
57068	5.6
57152	5.6
57199	5.6
57223	5.6
57277	5.6
57355	5.6
57481	5.6
57551	5.6
57555	5.6
57883	5.6
58162	5.6
58933	5.6
58966	5.6
59057	5.6
59095	5.6
59596	5.5
59610	5.6
59671	5.5
59719	5.5
60008	5.5
60199	5.5
60379	5.5
60424	5.5
60462	5.5
60614	5.5
61058	5.5
61246	5.5
61246	5.5
61270	5.5
61563	5.5
61779	5.5
62215	5.5
62376	5.5
62401	5.5
63112	5.5
63133	5.5
63141	5.5
63299	5.5
63778	5.5
63824	5.5
64126	5.5
64345	5.5
64372	5.5
64458	5.5
64491	5.5
64858	5.5
65133	5.5
65272	5.5
65607	5.5
65804	5.5
66084	5.5
66295	5.5
66502	5.5
67372	5.5
67813	5.5
68199	5.5
68205	5.5
68311	5.5
68832	5.5
68851	5.5
69274	5.5
69397	5.4
69503	5.4
69550	5.4
69627	5.4
69783	5.4
70546	5.4
70558	5.4
70933	5.4
71204	5.4
71388	5.4
71665	5.4
71694	5.4
71748	5.4
71841	5.4
72155	5.4
72268	5.4
72341	5.4
72547	5.4
72610	5.4
72685	5.4
72765	5.4
72967	5.4
73062	5.4
73071	5.4
73375	5.4
73627	5.4
73846	5.4
73934	5.4
73996	5.4
74020	5.4
74109	5.4
74211	5.4
74473	5.4
74551	5.4
74667	5.4
74815	5.4
75055	5.4
75060	5.4
75382	5.4
75445	5.4
75548	5.4
75586	5.4
76009	5.4
76136	5.4
76227	5.4
76489	5.4
76508	5.4
76525	5.4
76683	5.4
76974	5.4
77009	5.3
77047	5.3
77278	5.3
77482	5.3
77672	5.3
77812	5.3
77925	5.3
78148	5.3
78218	5.3
78282	5.3
78610	5.3
78630	5.3
79045	5.3
79235	5.3
79439	5.3
79689	5.3
79702	5.3
79795	5.3
79893	5.3
79923	5.3
80119	5.3
80215	5.3
80242	5.3
80640	5.3
80779	5.3
81049	5.3
81225	5.3
81253	5.3
81460	5.3
81591	5.3
81718	5.3
82285	5.3
82462	5.3
82544	5.3
82673	5.3
82866	5.3
82946	5.3
82956	5.3
83039	5.3
83365	5.3
83494	5.3
83553	5.3
83989	5.3
84111	5.3
84160	5.3
84595	5.3
84668	5.3
84712	5.2
84760	5.2
84876	5.3
84922	5.3
85001	5.3
85024	5.3
85030	5.2
85064	5.3
85267	5.3
85453	5.2
85611	5.2
85645	5.2
85795	5.2
86130	5.2
86164	5.2
86257	5.2
86571	5.2
86625	5.2
87445	5.2
87645	5.2
87742	5.2
87983	5.2
88019	5.2
88024	5.2
88093	5.2
88148	5.2
88316	5.2
88351	5.2
88767	5.2
88842	5.2
89257	5.2
89321	5.2
89467	5.2
90004	5.2
90213	5.2
90235	5.2
90290	5.2
90662	5.2
91149	5.7
91156	5.7
91165	6.1
91166	6.1
91266	6.1
91565	6.3
91570	6.3
91579	6.4
91648	6.4
91691	6.4
91722	6.4
91764	6.4
92113	6.6
92120	6.6
92307	6.7
92314	6.7
92324	6.7
92384	6.7
92393	6.7
92571	6.7
92673	6.7
93040	6.7
93052	6.7
93128	6.7
93190	6.7
93345	6.7
93869	6.7
93964	6.7
94017	6.7
94063	6.7
94090	6.7
94121	6.7
94337	6.7
94447	6.7
94473	6.7
94659	6.7
95299	6.8
95306	6.8
95329	6.8
95469	6.8
95722	6.8
95850	6.8
95859	6.8
95930	6.8
96371	6.8
96404	6.8
96572	6.8
96579	6.8
96622	6.8
96766	6.8
96801	6.8
96891	6.8
96926	6.8
97042	6.8
97093	6.8
97174	6.8
97196	6.8
97324	6.8
97327	6.8
97573	6.8
97752	6.8
97875	6.8
98050	6.8
98155	6.8
98227	6.8
98331	6.8
98353	6.8
98639	6.7
98752	6.7
99198	6.7
99282	6.7
99616	6.7
99654	6.7
99804	6.7
100222	6.7
100233	6.7
100414	6.7
100641	6.7
100774	6.7
101386	6.7
101394	6.7
101539	6.7
101590	6.7
101889	6.7
102245	6.7
102345	6.7
102367	6.7
102560	6.7
102640	6.7
102793	6.7
102840	6.7
103057	6.7
103133	6.7
103180	6.7
103296	6.7
103717	6.7
103946	6.6
103948	6.6
104149	6.6
104152	6.6
104286	6.6
104476	6.6
104889	6.8
104896	6.8
104938	6.8
105345	6.8
105380	6.8
105424	6.8
105463	6.8
105637	6.8
105727	6.8
105889	6.8
105964	6.8
106177	6.8
106235	6.8
106296	6.8
106681	6.8
106693	6.7
107184	6.7
107247	6.7
108163	6.7
108252	6.7
108294	6.7
108481	6.7
108535	6.7
109245	6.7
109437	6.7
109666	6.7
109693	6.7
110013	6.7
110071	6.7
110196	6.7
110298	6.7
110497	6.7
111148	6.7
111459	6.7
111778	6.7
111851	6.7
111915	6.7
112125	6.7
112288	6.7
112534	6.7
112559	6.7
112768	6.6
112794	6.6
113361	6.6
113557	6.6
113745	6.6
113817	6.6
113866	6.6
114052	6.6
114388	6.6
114973	6.6
115069	6.6
115193	6.6
115265	6.6
115594	6.6
115815	6.6
115909	6.6
116641	6.6
116699	6.6
116769	6.6
116793	6.6
117151	6.6
117202	6.6
117211	6.6
117232	6.6
117280	6.6
117610	6.6
117820	6.7
117899	6.7
118000	6.7
118322	6.7
118350	6.7
118396	6.7
118654	6.7
118726	6.7
118858	6.7
118868	6.7
118888	6.7
119092	6.7
119166	6.7
119308	6.7
119419	6.7
119733	6.7
119796	6.7
120097	6.7
120252	6.7
120518	6.7
120676	6.7
121099	6.6
121140	6.6
121198	6.6
121465	6.6
121513	6.6
121956	6.6
121972	6.6
122042	6.6
122161	6.6
122238	6.6
122326	6.6
122907	6.6
122920	6.6
123143	6.6
123169	6.6
123363	6.6
123460	6.6
123609	6.6
123652	6.6
123826	6.6
123838	6.6
124279	6.6
124441	6.6
124585	6.6
124630	6.6
124669	6.6
124692	6.6
125302	6.6
125316	6.6
125374	6.5
125643	6.5
125725	6.5
125772	6.5
126004	6.5
126145	6.5
126528	6.5
126694	6.5
126723	6.5
126735	6.5
127053	6.5
127138	6.5
127191	6.5
127221	6.5
127465	6.5
127624	6.5
127824	6.5
127837	6.5
128390	6.5
128482	6.5
128637	6.5
129172	6.5
129319	6.5
129388	6.5
129629	6.5
129668	6.5
129804	6.5
129907	6.5
130081	6.5
130136	6.5
130198	6.5
130395	6.5
130485	6.5
130717	6.5
130786	6.5
131324	6.5
131368	6.5
131526	6.5
131544	6.5
132048	6.5
132161	6.5
132292	6.4
132477	6.4
132670	6.4
132911	6.4
132927	6.4
132976	6.4
133007	6.4
133240	6.4
133304	6.4
133528	6.4
133576	6.4
133693	6.4
134254	6.4
134310	6.4
134680	6.4
135090	6.4
135157	6.4
135194	6.4
135263	6.4
135526	6.4
135538	6.4
135546	6.4
135717	6.4
135837	6.4
136102	6.4
136291	6.4
136456	6.4
136497	6.4
136513	6.4
136668	6.4
136702	6.4
136831	6.4
136954	6.4
137288	6.4
137836	6.4
137941	6.4
137943	6.4
138070	6.4
138116	6.4
138319	6.4
138376	6.4
138682	6.3
138763	6.3
139362	6.3
139636	6.3
139740	6.3
139769	6.3
140017	6.3
140122	6.3
140171	6.3
140332	6.3
140365	6.3
140379	6.3
140467	6.3
140693	6.3
140810	6.3
140944	6.3
141118	6.3
141147	6.3
141433	6.3
141508	6.3
141708	6.3
141781	6.3
142045	6.3
142164	6.3
142396	6.3
142984	6.3
143020	6.3
143156	6.3
143559	6.3
143764	6.3
144159	6.3
144220	6.3
144343	6.3
144391	6.3
144510	6.3
144554	6.3
144559	6.3
144734	6.3
144865	6.3
144868	6.3
145054	6.3
145110	6.3
145566	6.3
145738	6.2
145759	6.2
145956	6.2
146185	6.2
146566	6.2
146623	6.2
146761	6.2
146810	6.2
146905	6.2
146909	6.2
147014	6.2
147142	6.2
147316	6.2
147574	6.2
147753	6.2
147811	6.2
147862	6.2
148594	6.2
148608	6.2
148636	6.2
148704	6.2
148738	6.2
148849	6.2
148967	6.2
149064	6.2
149209	6.2
149248	6.2
149878	6.2
149881	6.2
149888	6.2
149961	6.2
150150	6.2
150274	6.2
150299	6.2
150325	6.2
150433	6.2
150441	6.2
150521	6.2
150787	6.2
150922	6.2
150975	6.2
151139	6.2
151237	6.2
151255	6.2
151558	6.2
151585	6.2
151593	6.2
151594	6.2
151960	6.2
151990	6.2
152011	6.1
152099	6.1
152163	6.1
152169	6.1
152607	6.1
152812	6.1
152857	6.1
153017	6.1
153120	6.1
153431	6.1
153442	6.1
153493	6.1
153562	6.1
153760	6.1
153820	6.1
154089	6.1
154366	6.1
154405	6.1
154459	6.1
154845	6.1
154966	6.1
155383	6.1
155428	6.1
155535	6.1
155631	6.1
155957	6.1
155991	6.1
156170	6.1
156184	6.1
156675	6.1
156856	6.1
156942	6.1
157129	6.1
157225	6.1
157286	6.1
157410	6.1
157422	6.1
157626	6.1
157893	6.1
158047	6.1
158276	6.1
158357	6.1
158479	6.1
158563	6.0
158577	6.0
158656	6.0
159074	6.0
159091	6.0
159098	6.0
159130	6.0
159253	6.0
159292	6.0
159341	6.0
159511	6.0
159781	6.0
160203	6.0
160637	6.0
160658	6.0
160659	6.0
161253	6.0
161587	6.0
161638	6.0
162049	6.0
162207	6.0
162317	6.0
162638	6.0
163266	6.0
