2020-04-16 18:05:15

CONFIGURATION:
{u'simulation': {u'stdev_factor': 0.01, u'power_mgmt_enabled': False, u'tasks': {u'loc': {u'mean_service_time': {u'gpu': 90, u'cpu_core': 200, u'loc_accel': 10}, u'priority': 1, u'deadline': 1000, u'stdev_service_time': {u'gpu': 0.9, u'cpu_core': 2.0, u'loc_accel': 0.1}, u'power': {u'gpu': 4.457, u'cpu_core': 6.133, u'loc_accel': 0.02197}}, u'detect': {u'mean_service_time': {u'gpu': 0.4607, u'cpu_core': 3.654, u'det_accel': 0.278}, u'priority': 2, u'deadline': 1000, u'stdev_service_time': {u'gpu': 0.004607, u'cpu_core': 0.03654, u'det_accel': 0.0027800000000000004}, u'power': {u'gpu': 90, u'cpu_core': 200, u'det_accel': 10}}, u'Frontier': {u'mean_service_time': {u'cpu_core': 396}, u'priority': 9, u'deadline': 1000, u'stdev_service_time': {u'cpu_core': 3.96}, u'power': {u'cpu_core': 5.98}}, u'track': {u'mean_service_time': {u'gpu': 17, u'tra_accel': 2, u'cpu_core': 1820}, u'priority': 3, u'deadline': 1000, u'stdev_service_time': {u'gpu': 0.17, u'tra_accel': 0.02, u'cpu_core': 18.2}, u'power': {u'gpu': 12.79, u'tra_accel': 0.59, u'cpu_core': 5.6}}, u'sp': {u'mean_service_time': {u'gpu': 379, u'cpu_core': 1004}, u'priority': 11, u'deadline': 1000, u'stdev_service_time': {u'gpu': 3.79, u'cpu_core': 10.040000000000001}, u'power': {u'gpu': 3.302, u'cpu_core': 1004}}, u'mission': {u'mean_service_time': {u'cpu_core': 0.0022}, u'priority': 5, u'deadline': 1000, u'stdev_service_time': {u'cpu_core': 2.2000000000000003e-05}, u'power': {u'cpu_core': 3.534}}, u'motion': {u'mean_service_time': {u'cpu_core': 8}, u'priority': 6, u'deadline': 1000, u'stdev_service_time': {u'cpu_core': 0.08}, u'power': {u'cpu_core': 4.222}}, u'collision': {u'mean_service_time': {u'cpu_core': 8}, u'priority': 7, u'deadline': 1000, u'stdev_service_time': {u'cpu_core': 0.08}, u'power': {u'cpu_core': 0}}, u'fusion': {u'mean_service_time': {u'cpu_core': 1}, u'priority': 4, u'deadline': 1000, u'stdev_service_time': {u'cpu_core': 0.01}, u'power': {u'cpu_core': 0}}, u'map': {u'mean_service_time': {u'gpu': 761, u'cpu_core': 973}, u'priority': 10, u'deadline': 1000, u'stdev_service_time': {u'gpu': 7.61, u'cpu_core': 9.73}, u'power': {u'gpu': 3.533, u'cpu_core': 2.995}}, u'path': {u'mean_service_time': {u'cpu_core': 8}, u'priority': 8, u'deadline': 1000, u'stdev_service_time': {u'cpu_core': 0.08}, u'power': {u'cpu_core': 0}}}, u'sched_policy_module': u'policies.rheft', u'drop': True, u'servers': {u'gpu': {u'count': 2}, u'tra_accel': {u'count': 1}, u'cpu_core': {u'count': 8}, u'loc_accel': {u'count': 1}, u'det_accel': {u'count': 1}}, u'max_tasks_simulated': 10000, u'max_queue_size': 1000000, u'mean_arrival_time': 50, u'arrival_time_scale': 3}, u'general': {u'random_seed': 0, u'pre_gen_arrivals': False, u'basename': u'policy:rheft__stdev_factor:0.01', u'output_trace_file': None, u'working_dir': u'/home/hiwot/meta-stomp2/sim_16042020_180403_new_arrival_50_map_rheftmapping_50_trace_10', u'input_trace_file': (False, '../mv_mapping_50_trace_10.trc'), u'logging_level': u'INFO'}}
Time	Response time (avg)
14	1.0
629	1.0
1154	1.0
1478	1.0
1604	1.0
1705	1.0
1794	1.0
1964	1.0
1988	1.0
2435	1.0
2564	1.0
2588	1.0
2656	1.0
3112	1.0
3451	1.0
3663	1.0
3755	1.0
4009	1.0
4172	1.0
4202	1.0
4294	1.0
4604	1.0
4707	1.0
5048	1.0
5162	1.0
5460	1.0
5566	1.0
5693	1.0
5950	1.0
5958	1.0
6152	1.0
6371	1.0
6707	1.0
7012	1.0
7271	1.0
7328	1.0
7398	1.0
7468	1.0
7784	1.0
7810	1.1
8060	1.0
8201	1.0
8419	1.0
8680	1.0
8723	1.0
9027	1.0
9092	1.0
9110	1.0
9205	1.0
9217	1.0
9244	1.0
9370	1.0
10121	1.0
10187	1.0
10199	1.0
10234	1.0
10268	1.0
10278	1.0
10334	1.0
10352	1.0
10483	1.0
10728	1.0
10908	1.0
11464	1.0
11533	1.0
12566	1.2
12569	1.2
12801	1.4
12804	1.4
12936	1.5
12961	1.6
12964	1.7
13016	1.6
13157	1.6
13366	1.6
13431	1.6
13439	1.6
13526	1.6
13636	1.6
13806	1.6
13932	1.6
14126	1.6
14521	1.6
14625	1.6
14812	1.6
14870	1.5
14934	1.5
14946	1.5
14960	1.5
15252	1.5
15256	1.5
15400	1.5
15522	1.5
15621	1.5
15758	1.5
15763	1.5
15773	1.5
15783	1.5
15971	1.5
16328	1.5
16351	1.5
16496	1.5
16661	1.5
16697	1.5
16716	1.5
16760	1.5
16949	1.5
17225	1.5
17350	1.4
17362	1.4
17438	1.4
17602	1.4
18043	1.4
18236	1.4
18368	1.4
18713	1.4
18796	1.4
19087	1.4
19214	1.4
19252	1.4
19340	1.4
19543	1.4
19703	1.4
19761	1.4
20269	1.4
20441	1.4
20494	1.4
20647	1.4
20768	1.4
20957	1.4
20963	1.4
21220	1.4
21260	1.4
21445	1.4
21512	1.4
21758	1.4
22107	1.4
22183	1.4
22271	1.4
22445	1.4
22967	1.3
23085	1.3
23127	1.3
23137	1.3
23388	1.3
23408	1.3
23471	1.3
23939	1.3
24076	1.3
24083	1.3
24147	1.3
24209	1.3
24359	1.3
24767	1.3
24854	1.3
25017	1.3
25027	1.3
25154	1.3
25227	1.3
25811	1.3
26159	1.3
26737	1.3
26831	1.3
27253	1.3
27621	1.3
27801	1.3
27986	1.3
28183	1.3
28424	1.3
28478	1.3
28703	1.3
28736	1.3
28868	1.3
29006	1.3
29485	1.3
29501	1.3
29666	1.3
29912	1.3
30192	1.3
30436	1.3
30458	1.3
30507	1.3
30647	1.3
30887	1.3
31193	1.3
31550	1.3
31630	1.3
31733	1.3
31760	1.3
31820	1.3
31850	1.3
31947	1.3
32086	1.3
32453	1.3
32669	1.3
33811	1.2
34255	1.2
34334	1.2
34676	1.2
34762	1.2
34997	1.2
35135	1.2
35206	1.2
35768	1.2
35903	1.2
36208	1.2
36624	1.2
36638	1.2
36969	1.2
37016	1.2
37159	1.2
37247	1.2
37564	1.2
37574	1.2
37596	1.2
38182	1.2
39260	1.2
39311	1.2
39503	1.2
39604	1.2
39669	1.2
39680	1.2
39690	1.2
39863	1.2
39872	1.2
40391	1.2
41020	1.2
41100	1.2
41298	1.2
41384	1.2
41671	1.2
42032	1.2
42544	1.2
42965	1.2
42974	1.2
43019	1.2
43119	1.2
43630	1.2
43841	1.2
44069	1.2
44126	1.2
44374	1.2
44463	1.2
44680	1.2
44852	1.2
45062	1.2
45121	1.2
45327	1.2
45548	1.2
45761	1.2
45781	1.2
45824	1.2
46058	1.2
46083	1.2
46126	1.2
46328	1.2
46409	1.2
46493	1.2
46582	1.2
46604	1.2
46658	1.2
46795	1.2
46961	1.2
47227	1.2
47318	1.2
47423	1.2
47441	1.2
47533	1.2
47687	1.2
47758	1.2
47759	1.2
48368	1.8
48374	1.8
48407	1.8
48542	1.8
48710	1.8
48872	1.7
48950	1.7
48979	1.7
49229	1.8
49232	1.8
49235	1.8
49271	1.8
49435	1.8
49478	1.8
49778	1.8
50174	1.7
50176	1.7
50358	1.7
50384	1.7
50386	1.7
50459	1.7
50498	1.7
50522	1.7
50532	1.7
50543	1.7
50681	1.7
51111	1.7
51127	1.7
51185	1.7
51188	1.7
51425	1.7
51779	1.7
51848	1.7
51919	1.7
51923	1.7
52078	1.7
52167	1.7
52182	1.7
52271	1.7
52370	1.7
52396	1.7
52534	1.7
52616	1.7
52736	1.7
52772	1.7
53027	1.7
53099	1.7
53234	1.7
53347	1.7
53417	1.7
53468	1.7
53588	1.7
53687	1.7
53872	1.7
54163	1.7
54446	1.7
54738	1.7
54793	1.7
54980	1.7
55253	1.6
55354	1.6
55617	1.6
55893	1.6
55986	1.6
56071	1.6
56141	1.6
56379	1.7
56382	1.7
56486	1.7
56661	1.7
56664	1.7
57061	1.7
57069	1.7
57153	1.7
57200	1.7
57224	1.7
57278	1.7
57356	1.7
57482	1.7
57552	1.7
57558	1.7
57884	1.7
58163	1.7
58934	1.7
58967	1.7
59058	1.7
59096	1.7
59597	1.7
59611	1.7
59672	1.7
59720	1.7
60009	1.7
60200	1.7
60380	1.7
60425	1.7
60463	1.7
60615	1.7
61059	1.7
61247	1.7
61247	1.7
61271	1.7
61564	1.7
61780	1.7
62216	1.7
62377	1.7
62402	1.7
63113	1.7
63134	1.7
63142	1.7
63300	1.7
63779	1.7
63825	1.7
64127	1.7
64346	1.7
64373	1.7
64459	1.7
64492	1.7
64859	1.7
65134	1.7
65273	1.7
65608	1.7
65805	1.7
66085	1.6
66296	1.6
66503	1.6
67373	1.6
67814	1.6
68200	1.6
68206	1.6
68312	1.6
68833	1.6
68852	1.6
69275	1.6
69398	1.6
69504	1.6
69551	1.6
69628	1.6
69784	1.6
70547	1.6
70559	1.6
70934	1.6
71205	1.6
71389	1.6
71666	1.6
71695	1.6
71749	1.6
71842	1.6
72156	1.6
72269	1.6
72342	1.6
72548	1.6
72611	1.6
72686	1.6
72766	1.6
72968	1.6
73063	1.6
73072	1.6
73376	1.6
73628	1.6
73847	1.6
73935	1.6
73997	1.6
74021	1.6
74110	1.6
74212	1.6
74474	1.6
74552	1.6
74668	1.6
74816	1.6
75058	1.6
75061	1.6
75383	1.6
75446	1.6
75549	1.6
75587	1.6
76010	1.6
76137	1.6
76228	1.6
76490	1.6
76509	1.6
76526	1.6
76684	1.6
76975	1.6
77010	1.6
77048	1.6
77279	1.6
77483	1.6
77673	1.6
77813	1.6
77926	1.6
78149	1.6
78219	1.6
78283	1.6
78611	1.6
78631	1.6
79046	1.6
79236	1.6
79440	1.6
79690	1.5
79703	1.5
79796	1.5
79894	1.5
79924	1.5
80120	1.5
80216	1.5
80243	1.5
80641	1.5
80780	1.5
81050	1.5
81226	1.5
81254	1.5
81461	1.5
81592	1.5
81719	1.5
82286	1.5
82463	1.5
82545	1.5
82674	1.5
82867	1.5
82947	1.5
82957	1.5
83040	1.5
83366	1.5
83495	1.5
83554	1.5
83990	1.5
84112	1.5
84161	1.5
84596	1.5
84669	1.5
84713	1.5
84761	1.5
84877	1.5
84923	1.5
85002	1.5
85025	1.5
85031	1.5
85065	1.5
85268	1.5
85454	1.5
85612	1.5
85646	1.5
85796	1.5
86131	1.5
86165	1.5
86258	1.5
86572	1.5
86626	1.5
87446	1.5
87646	1.5
87743	1.5
87984	1.5
88022	1.5
88025	1.5
88094	1.5
88149	1.5
88317	1.5
88352	1.5
88768	1.5
88843	1.5
89258	1.5
89322	1.5
89468	1.5
90005	1.5
90214	1.5
90236	1.5
90291	1.5
90663	1.5
91159	1.5
91162	1.5
91169	1.5
91172	1.5
91267	1.5
91573	1.5
91576	1.5
91580	1.5
91649	1.5
91692	1.5
91723	1.5
91765	1.5
92123	1.5
92126	1.6
92317	1.6
92318	1.6
92325	1.6
92385	1.6
92394	1.6
92572	1.6
92674	1.6
93047	1.6
93053	1.6
93129	1.6
93191	1.6
93346	1.6
93870	1.6
93965	1.6
94018	1.6
94064	1.6
94091	1.6
94122	1.6
94338	1.6
94448	1.6
94474	1.6
94660	1.6
95309	1.6
95312	1.6
95330	1.6
95470	1.6
95723	1.6
95851	1.6
95860	1.6
95931	1.6
96372	1.6
96405	1.6
96582	1.6
96585	1.6
96623	1.6
96767	1.6
96802	1.6
96892	1.6
96927	1.6
97043	1.6
97094	1.6
97175	1.6
97197	1.6
97325	1.6
97330	1.6
97574	1.6
97753	1.6
97876	1.6
98051	1.6
98156	1.6
98228	1.6
98332	1.6
98354	1.6
98640	1.6
98753	1.6
99199	1.6
99283	1.6
99617	1.6
99655	1.6
99805	1.6
100223	1.6
100234	1.6
100415	1.6
100642	1.6
100775	1.6
101387	1.6
101395	1.6
101540	1.6
101591	1.6
101890	1.6
102246	1.6
102346	1.6
102368	1.6
102561	1.6
102641	1.6
102794	1.6
102841	1.6
103058	1.6
103134	1.6
103181	1.6
103297	1.6
103718	1.6
103947	1.6
103951	1.6
104152	1.6
104153	1.6
104287	1.6
104477	1.6
104899	1.6
104902	1.6
104939	1.6
105346	1.6
105381	1.6
105425	1.6
105464	1.6
105638	1.6
105728	1.6
105890	1.6
105965	1.6
106178	1.6
106236	1.6
106297	1.6
106682	1.6
106694	1.6
107185	1.6
107248	1.6
108164	1.6
108253	1.6
108295	1.6
108482	1.6
108536	1.6
109246	1.6
109438	1.6
109667	1.6
109694	1.6
110014	1.6
110072	1.6
110197	1.6
110299	1.6
110498	1.6
111149	1.6
111460	1.6
111779	1.6
111852	1.6
111916	1.6
112126	1.6
112289	1.6
112535	1.5
112560	1.5
112769	1.5
112795	1.5
113362	1.5
113558	1.5
113746	1.5
113818	1.5
113867	1.5
114053	1.5
114389	1.5
114974	1.5
115070	1.5
115194	1.5
115266	1.5
115595	1.5
115816	1.5
115910	1.5
116642	1.5
116700	1.5
116770	1.5
116794	1.5
117152	1.5
117203	1.5
117212	1.5
117233	1.5
117281	1.5
117611	1.5
117892	1.6
117900	1.6
118001	1.6
118323	1.6
118351	1.6
118397	1.6
118655	1.6
118727	1.6
118859	1.6
118869	1.6
118889	1.6
119093	1.6
119167	1.6
119309	1.6
119420	1.6
119734	1.6
119797	1.6
120098	1.6
120253	1.6
120519	1.6
120677	1.6
121100	1.6
121141	1.6
121199	1.6
121466	1.6
121514	1.6
121957	1.6
121973	1.6
122043	1.6
122162	1.6
122239	1.6
122327	1.6
122908	1.6
122921	1.6
123144	1.6
123170	1.6
123364	1.6
123461	1.6
123610	1.6
123653	1.6
123827	1.6
123839	1.6
124280	1.6
124442	1.6
124586	1.6
124631	1.6
124670	1.6
124693	1.6
125303	1.6
125317	1.6
125375	1.6
125644	1.6
125726	1.6
125773	1.6
126005	1.6
126146	1.6
126529	1.6
126695	1.6
126724	1.6
126736	1.6
127054	1.6
127139	1.6
127192	1.6
127222	1.6
127466	1.6
127625	1.6
127825	1.6
127838	1.6
128391	1.6
128483	1.6
128638	1.6
129173	1.6
129320	1.6
129389	1.6
129630	1.6
129669	1.6
129805	1.6
129908	1.6
130082	1.6
130137	1.6
130199	1.6
130396	1.6
130486	1.6
130718	1.6
130787	1.6
131325	1.6
131369	1.6
131527	1.6
131545	1.6
132049	1.6
132162	1.6
132293	1.6
132478	1.6
132671	1.6
132912	1.6
132928	1.6
132977	1.6
133008	1.6
133241	1.6
133305	1.6
133529	1.6
133577	1.5
133694	1.5
134255	1.5
134311	1.5
134681	1.5
135091	1.5
135158	1.5
135195	1.5
135264	1.5
135527	1.5
135539	1.5
135547	1.5
135718	1.5
135838	1.5
136103	1.5
136292	1.5
136457	1.5
136498	1.5
136514	1.5
136669	1.5
136703	1.5
136832	1.5
136955	1.5
137289	1.5
137837	1.5
137942	1.5
137944	1.5
138071	1.5
138117	1.5
138320	1.5
138377	1.5
138683	1.5
138764	1.5
139363	1.5
139637	1.5
139741	1.5
139770	1.5
140018	1.5
140123	1.5
140172	1.5
140333	1.5
140366	1.5
140380	1.5
140468	1.5
140694	1.5
140811	1.5
140945	1.5
141119	1.5
141148	1.5
141434	1.5
141509	1.5
141709	1.5
141782	1.5
142046	1.5
142165	1.5
142397	1.5
142985	1.5
143021	1.5
143157	1.5
143560	1.5
143765	1.5
144160	1.5
144221	1.5
144344	1.5
144392	1.5
144511	1.5
144555	1.5
144560	1.5
144735	1.5
144866	1.5
144869	1.5
145055	1.5
145111	1.5
145567	1.5
145739	1.5
145760	1.5
145957	1.5
146186	1.5
146567	1.5
146624	1.5
146762	1.5
146811	1.5
146906	1.5
146910	1.5
147015	1.5
147143	1.5
147317	1.5
147575	1.5
147754	1.5
147812	1.5
147863	1.5
148595	1.5
148609	1.5
148637	1.5
148705	1.5
148739	1.5
148850	1.5
148968	1.5
149065	1.5
149210	1.5
149249	1.5
149879	1.5
149882	1.5
149889	1.5
149962	1.5
150151	1.5
150275	1.5
150300	1.5
150326	1.5
150434	1.5
150442	1.5
150522	1.5
150788	1.5
150923	1.5
150976	1.5
151140	1.5
151238	1.5
151256	1.5
151559	1.5
151586	1.5
151594	1.5
151597	1.5
151961	1.5
151991	1.5
152012	1.5
152100	1.5
152164	1.5
152170	1.5
152608	1.5
152813	1.5
152858	1.5
153018	1.5
153121	1.5
153432	1.5
153443	1.5
153494	1.5
153563	1.5
153761	1.5
153821	1.5
154090	1.5
154367	1.5
154406	1.5
154460	1.5
154846	1.5
154967	1.5
155384	1.5
155429	1.5
155536	1.5
155632	1.5
155958	1.5
155992	1.5
156171	1.5
156185	1.5
156676	1.5
156857	1.5
156943	1.5
157130	1.5
157226	1.5
157287	1.5
157411	1.5
157423	1.5
157627	1.5
157894	1.5
158048	1.5
158277	1.5
158358	1.5
158480	1.5
158564	1.5
158578	1.5
158657	1.5
159075	1.5
159092	1.5
159099	1.5
159131	1.5
159254	1.5
159293	1.5
159342	1.5
159512	1.5
159782	1.5
160204	1.5
160638	1.5
160659	1.5
160662	1.5
161254	1.5
161588	1.5
161639	1.5
162050	1.5
162208	1.5
162318	1.4
162639	1.4
163267	1.4
