2020-04-16 18:05:15

CONFIGURATION:
{u'simulation': {u'stdev_factor': 0.01, u'power_mgmt_enabled': False, u'tasks': {u'loc': {u'mean_service_time': {u'gpu': 90, u'cpu_core': 200, u'loc_accel': 10}, u'priority': 1, u'deadline': 1000, u'stdev_service_time': {u'gpu': 0.9, u'cpu_core': 2.0, u'loc_accel': 0.1}, u'power': {u'gpu': 4.457, u'cpu_core': 6.133, u'loc_accel': 0.02197}}, u'detect': {u'mean_service_time': {u'gpu': 0.4607, u'cpu_core': 3.654, u'det_accel': 0.278}, u'priority': 2, u'deadline': 1000, u'stdev_service_time': {u'gpu': 0.004607, u'cpu_core': 0.03654, u'det_accel': 0.0027800000000000004}, u'power': {u'gpu': 90, u'cpu_core': 200, u'det_accel': 10}}, u'Frontier': {u'mean_service_time': {u'cpu_core': 396}, u'priority': 9, u'deadline': 1000, u'stdev_service_time': {u'cpu_core': 3.96}, u'power': {u'cpu_core': 5.98}}, u'track': {u'mean_service_time': {u'gpu': 17, u'tra_accel': 2, u'cpu_core': 1820}, u'priority': 3, u'deadline': 1000, u'stdev_service_time': {u'gpu': 0.17, u'tra_accel': 0.02, u'cpu_core': 18.2}, u'power': {u'gpu': 12.79, u'tra_accel': 0.59, u'cpu_core': 5.6}}, u'sp': {u'mean_service_time': {u'gpu': 379, u'cpu_core': 1004}, u'priority': 11, u'deadline': 1000, u'stdev_service_time': {u'gpu': 3.79, u'cpu_core': 10.040000000000001}, u'power': {u'gpu': 3.302, u'cpu_core': 1004}}, u'mission': {u'mean_service_time': {u'cpu_core': 0.0022}, u'priority': 5, u'deadline': 1000, u'stdev_service_time': {u'cpu_core': 2.2000000000000003e-05}, u'power': {u'cpu_core': 3.534}}, u'motion': {u'mean_service_time': {u'cpu_core': 8}, u'priority': 6, u'deadline': 1000, u'stdev_service_time': {u'cpu_core': 0.08}, u'power': {u'cpu_core': 4.222}}, u'collision': {u'mean_service_time': {u'cpu_core': 8}, u'priority': 7, u'deadline': 1000, u'stdev_service_time': {u'cpu_core': 0.08}, u'power': {u'cpu_core': 0}}, u'fusion': {u'mean_service_time': {u'cpu_core': 1}, u'priority': 4, u'deadline': 1000, u'stdev_service_time': {u'cpu_core': 0.01}, u'power': {u'cpu_core': 0}}, u'map': {u'mean_service_time': {u'gpu': 761, u'cpu_core': 973}, u'priority': 10, u'deadline': 1000, u'stdev_service_time': {u'gpu': 7.61, u'cpu_core': 9.73}, u'power': {u'gpu': 3.533, u'cpu_core': 2.995}}, u'path': {u'mean_service_time': {u'cpu_core': 8}, u'priority': 8, u'deadline': 1000, u'stdev_service_time': {u'cpu_core': 0.08}, u'power': {u'cpu_core': 0}}}, u'sched_policy_module': u'policies.rheft', u'drop': True, u'servers': {u'gpu': {u'count': 2}, u'tra_accel': {u'count': 1}, u'cpu_core': {u'count': 8}, u'loc_accel': {u'count': 1}, u'det_accel': {u'count': 1}}, u'max_tasks_simulated': 10000, u'max_queue_size': 1000000, u'mean_arrival_time': 50, u'arrival_time_scale': 3}, u'general': {u'random_seed': 0, u'pre_gen_arrivals': False, u'basename': u'policy:rheft__stdev_factor:0.01', u'output_trace_file': None, u'working_dir': u'/home/hiwot/meta-stomp2/sim_16042020_180403_new_arrival_50_map_rheftmapping_50_trace_10', u'input_trace_file': (False, '../mv_mapping_50_trace_10.trc'), u'logging_level': u'INFO'}}
Time	Response time (avg)
1699	495.0
1786	495.0
2650	495.0
3445	495.0
4166	495.0
5156	495.0
5452	495.0
7006	495.0
7322	484.0
7390	485.1
7802	477.0
8054	478.5
8195	472.2
8674	473.8
9209	468.6
9236	464.1
10181	465.9
10191	467.5
10346	463.7
10475	465.3
10900	466.7
12551	463.5
12788	460.6
12904	462.0
13425	463.6
13431	464.9
13628	466.0
13924	467.1
14515	468.0
14806	468.9
14938	469.8
15757	470.6
16322	471.3
16488	469.1
16708	469.8
17219	470.5
17354	471.2
17432	469.2
17594	469.9
18037	470.5
18790	471.1
19081	471.7
20435	469.9
20639	470.5
21254	471.0
23119	471.5
23129	472.0
23402	470.5
24070	471.0
24139	471.4
25021	471.9
25219	472.3
25805	470.9
28177	471.4
28730	471.8
29479	472.2
30430	472.6
30641	471.3
31624	471.7
31939	472.1
34249	472.4
34670	471.2
34991	470.0
35200	470.4
36202	470.8
36616	471.2
37153	471.5
37556	471.9
37566	472.2
37588	472.5
38176	472.8
39598	473.1
39661	473.4
39866	472.4
41014	472.7
41290	473.0
42538	473.3
42968	472.3
43111	472.6
44368	472.9
45056	473.1
45113	473.4
45319	473.7
46052	472.7
46120	473.0
46652	472.1
46955	471.2
47221	471.5
47681	470.6
47753	469.8
48536	469.0
48704	469.3
48973	469.6
49219	469.9
49472	469.1
49772	469.4
50170	469.6
50453	468.9
50675	469.1
51121	469.4
51182	468.7
51419	468.9
51913	469.2
52072	469.4
52730	468.7
53681	469.0
53864	469.2
54787	469.5
55247	469.7
55609	469.9
56366	469.3
56648	468.6
57058	468.8
57350	468.2
57544	468.5
58928	468.7
59050	468.9
59591	469.1
59603	469.4
60001	469.6
60194	469.8
60607	470.0
61241	470.2
61558	470.4
63107	469.8
63134	469.2
63292	469.4
63773	469.6
63817	469.8
64119	470.0
64453	470.2
65799	469.6
66290	469.1
68200	469.3
69498	468.7
70553	468.2
70928	467.7
71197	467.9
71383	468.1
71660	467.6
71687	467.0
71741	466.5
71834	466.0
72148	466.2
72263	465.8
72334	466.0
72962	466.2
73064	466.4
74206	466.6
74468	466.7
75377	466.3
76222	466.5
76501	466.6
77807	466.8
78277	467.0
79040	466.6
79228	466.7
79432	466.9
79790	466.5
79916	466.6
80114	466.2
81248	466.4
82666	466.6
82859	466.7
83032	466.9
83489	467.1
84106	467.2
84755	467.4
84869	467.6
84994	467.7
85057	467.9
86125	468.1
88012	468.2
88346	467.8
89999	467.9
90208	468.1
90283	468.3
91146	467.8
91159	468.0
91261	468.1
91643	467.8
91757	467.4
92110	467.5
92304	467.1
92315	466.7
93035	466.9
93959	466.5
94012	466.7
94058	466.3
94114	466.4
94652	466.1
95296	466.2
95717	465.9
95852	465.5
95923	465.6
96569	465.3
96884	465.4
96919	465.6
97568	465.2
97870	465.4
98150	465.5
99193	465.7
99611	465.3
99797	465.5
100217	465.1
100769	465.3
101534	465.0
101585	464.6
102555	464.3
103052	464.4
103175	464.1
103712	464.3
104281	464.4
104884	464.6
105632	464.2
105959	463.9
106172	464.1
106228	464.2
107179	464.3
108247	464.5
109432	464.6
111143	464.8
111454	464.9
112120	465.0
113356	465.2
114047	465.3
115064	465.4
115186	465.6
115258	465.7
115589	465.8
116788	465.9
117197	465.6
117227	465.8
117605	465.5
117889	465.6
118315	465.7
118649	465.9
118721	466.0
119161	466.1
119414	466.2
119791	466.3
120092	466.5
120671	466.6
121951	466.7
122231	466.4
122902	466.5
123455	466.6
123602	466.8
123645	466.9
124274	467.0
124687	467.1
125311	467.2
125638	467.3
125720	467.0
125999	466.7
126730	466.9
127046	466.6
127214	466.7
128632	466.8
129167	466.5
129799	466.6
130131	466.7
130712	466.9
131363	467.0
131537	466.7
132043	466.8
132920	466.5
133000	466.6
134305	466.7
135085	466.9
135256	467.0
135521	466.7
135531	466.4
135830	466.5
136097	466.3
137831	466.0
137938	466.1
138109	466.2
138371	466.3
138758	466.4
139735	466.5
140327	466.3
140360	466.4
140372	466.1
140686	466.2
140803	466.3
143015	466.1
143149	466.2
144154	466.3
144338	466.1
144863	465.8
145049	465.6
145105	465.7
145754	465.8
145951	465.9
146180	465.6
146618	465.4
146902	465.5
147007	465.6
147806	465.4
147857	465.5
148603	465.6
149204	465.7
149876	465.4
149954	465.2
150145	465.3
150428	465.4
150434	465.2
150514	465.3
150917	465.1
151132	465.2
152094	465.2
152156	465.0
154840	465.1
155530	465.2
158042	465.3
159093	465.1
159334	465.2
160198	465.3
160651	465.4
162044	465.2
162310	465.2
163261	465.3
