CONFIGURATION:
{u'simulation': {u'stdev_factor': 0.01, u'power_mgmt_enabled': False, u'tasks': {u'loc': {u'mean_service_time': {u'gpu': 90, u'cpu_core': 200, u'loc_accel': 10}, u'priority': 1, u'deadline': 1000, u'stdev_service_time': {u'gpu': 0.9, u'cpu_core': 2.0, u'loc_accel': 0.1}, u'power': {u'gpu': 4.457, u'cpu_core': 6.133, u'loc_accel': 0.02197}}, u'detect': {u'mean_service_time': {u'gpu': 0.4607, u'cpu_core': 3.654, u'det_accel': 0.278}, u'priority': 2, u'deadline': 1000, u'stdev_service_time': {u'gpu': 0.004607, u'cpu_core': 0.03654, u'det_accel': 0.0027800000000000004}, u'power': {u'gpu': 90, u'cpu_core': 200, u'det_accel': 10}}, u'Frontier': {u'mean_service_time': {u'cpu_core': 396}, u'priority': 9, u'deadline': 1000, u'stdev_service_time': {u'cpu_core': 3.96}, u'power': {u'cpu_core': 5.98}}, u'track': {u'mean_service_time': {u'gpu': 17, u'tra_accel': 2, u'cpu_core': 1820}, u'priority': 3, u'deadline': 1000, u'stdev_service_time': {u'gpu': 0.17, u'tra_accel': 0.02, u'cpu_core': 18.2}, u'power': {u'gpu': 12.79, u'tra_accel': 0.59, u'cpu_core': 5.6}}, u'sp': {u'mean_service_time': {u'gpu': 379, u'cpu_core': 1004}, u'priority': 11, u'deadline': 1000, u'stdev_service_time': {u'gpu': 3.79, u'cpu_core': 10.040000000000001}, u'power': {u'gpu': 3.302, u'cpu_core': 1004}}, u'mission': {u'mean_service_time': {u'cpu_core': 0.0022}, u'priority': 5, u'deadline': 1000, u'stdev_service_time': {u'cpu_core': 2.2000000000000003e-05}, u'power': {u'cpu_core': 3.534}}, u'motion': {u'mean_service_time': {u'cpu_core': 8}, u'priority': 6, u'deadline': 1000, u'stdev_service_time': {u'cpu_core': 0.08}, u'power': {u'cpu_core': 4.222}}, u'collision': {u'mean_service_time': {u'cpu_core': 8}, u'priority': 7, u'deadline': 1000, u'stdev_service_time': {u'cpu_core': 0.08}, u'power': {u'cpu_core': 0}}, u'fusion': {u'mean_service_time': {u'cpu_core': 1}, u'priority': 4, u'deadline': 1000, u'stdev_service_time': {u'cpu_core': 0.01}, u'power': {u'cpu_core': 0}}, u'map': {u'mean_service_time': {u'gpu': 761, u'cpu_core': 973}, u'priority': 10, u'deadline': 1000, u'stdev_service_time': {u'gpu': 7.61, u'cpu_core': 9.73}, u'power': {u'gpu': 3.533, u'cpu_core': 2.995}}, u'path': {u'mean_service_time': {u'cpu_core': 8}, u'priority': 8, u'deadline': 1000, u'stdev_service_time': {u'cpu_core': 0.08}, u'power': {u'cpu_core': 0}}}, u'sched_policy_module': u'policies.rheft', u'drop': True, u'servers': {u'gpu': {u'count': 2}, u'tra_accel': {u'count': 1}, u'cpu_core': {u'count': 8}, u'loc_accel': {u'count': 1}, u'det_accel': {u'count': 1}}, u'max_tasks_simulated': 10000, u'max_queue_size': 1000000, u'mean_arrival_time': 50, u'arrival_time_scale': 2.4}, u'general': {u'random_seed': 0, u'pre_gen_arrivals': False, u'basename': u'policy:rheft__stdev_factor:0.01', u'output_trace_file': None, u'working_dir': u'/home/hiwot/meta-stomp2/sim_16042020_180403_new_arrival_50_map_rheftmapping_50_trace_10', u'input_trace_file': (False, '../mv_mapping_50_trace_10.trc'), u'logging_level': u'INFO'}}

/home/hiwot/meta-stomp2/sim_16042020_180403_new_arrival_50_map_rheftmapping_50_trace_10/../mv_mapping_50_trace_10.trc

Running STOMP simulation...
Dropped,DAG ID,DAG Priority,DAG Type,Slack,Response Time,No-Affinity Time,Energy
0,0,1,1,386,14,2,0.2197
0,1,1,0,2224,1462,293,6320.2027
0,2,1,0,2222,1464,295,6320.2027
0,3,1,1,386,14,2,0.2197
0,4,1,0,2058,1628,247,6010.2197
0,5,1,1,386,14,2,0.2197
0,6,1,1,386,14,2,0.2197
0,7,1,1,386,14,2,0.2197
0,8,1,1,386,14,2,0.2197
0,9,1,1,386,14,2,0.2197
0,10,1,0,2224,1462,293,6320.2027
0,11,1,2,1769,967,194,3360.1027
0,12,1,1,386,14,2,0.2197
0,13,1,2,1504,1232,247,3642.1397
0,14,1,0,1959,1727,346,6602.2397
0,15,1,2,1504,1232,247,3642.1397
0,16,1,1,386,14,2,0.2197
0,17,1,1,386,14,2,0.2197
0,18,1,2,1660,1076,194,3745.1997
0,19,1,2,1769,967,194,3360.1027
0,20,1,2,1504,1232,247,3642.1397
0,21,1,0,1959,1727,346,6602.2397
0,22,1,2,1504,1232,247,3642.1397
0,23,1,0,2056,1630,249,6010.2197
0,24,1,1,386,14,2,0.2197
0,25,1,2,1769,967,194,3360.1027
0,26,1,2,1769,967,194,3360.1027
0,27,1,2,1506,1230,245,3642.1397
0,28,1,1,386,14,2,0.2197
0,29,1,0,2058,1628,247,6010.2197
0,30,1,1,386,14,2,0.2197
0,31,1,0,2154,1532,293,6567.5127
0,32,1,0,2137,1549,293,6627.5737
0,33,1,1,386,14,2,0.2197
0,34,1,0,2058,1628,247,6010.2197
0,35,3,2,1506,1230,245,3642.1397
0,36,1,0,1959,1727,346,6602.2397
0,37,1,1,386,14,2,0.2197
0,38,1,0,2056,1630,249,6010.2197
0,39,1,1,386,14,2,0.2197
0,40,3,0,2224,1462,293,6320.2027
0,41,1,1,386,14,2,0.2197
0,42,1,2,1769,967,194,3360.1027
0,43,1,0,1959,1727,346,6602.2397
0,44,1,0,1957,1729,348,6602.2397
0,45,3,1,386,14,2,0.2197
0,46,1,2,1506,1230,245,3642.1397
0,47,1,2,1634,1102,194,3837.0577
0,48,1,2,1579,1157,194,4031.3727
0,49,3,0,1959,1727,346,6602.2397
0,50,1,0,1954,1732,348,6602.30561
0,51,1,1,386,14,2,0.2197
0,52,1,0,2056,1630,249,6010.2197
0,53,1,0,2056,1630,249,6010.2197
0,54,1,1,386,14,2,0.2197
0,55,1,1,386,14,2,0.2197
0,56,1,2,1504,1232,247,3642.1397
0,57,1,0,2103,1583,293,6747.6957
0,58,1,2,1564,1172,194,4084.3677
0,59,1,1,386,14,2,0.2197
0,60,1,1,386,14,2,0.2197
0,61,1,1,383,17,2,0.28561
0,62,1,1,386,14,2,0.2197
0,63,3,2,1506,1230,245,3642.1397
0,64,3,2,1594,1142,194,3978.3777
0,65,1,0,2126,1560,297,6359.0657
0,66,1,0,1849,1837,350,6913.1997
0,67,1,0,1940,1746,350,6644.0997
0,68,1,2,1496,1240,249,3642.1397
0,69,1,0,1935,1751,348,6733.7997
0,70,1,0,1956,1730,297,7328.85161
0,71,1,2,1336,1400,249,3642.1397
0,72,1,0,2003,1683,295,7189.3627
0,73,1,2,1494,1242,249,3642.1397
0,74,1,2,1492,1244,249,3642.1397
0,75,1,0,1864,1822,251,6561.2997
0,76,1,2,1259,1477,245,4381.9047
0,77,1,0,1786,1900,297,7832.3267
0,78,1,1,266,134,4,0.2197
0,79,1,2,1339,1397,194,4879.2927
0,80,1,1,-41,441,4,0.2197
0,81,2,1,17,383,2,0.2197
0,82,1,0,1699,1987,350,7344.9997
0,83,1,0,1947,1739,350,6620.1797
0,84,1,1,128,272,4,0.2197
0,85,1,2,1388,1348,249,3965.5997
0,86,1,2,1445,1291,249,3642.1397
0,87,1,0,2029,1657,297,6971.6357
0,88,1,2,1473,1263,196,3780.5297
0,89,1,2,1494,1242,249,3642.1397
0,90,1,2,1425,1311,249,3642.1397
0,91,1,0,1853,1833,350,6889.7597
0,92,1,1,302,98,4,0.32955
0,93,1,2,1303,1433,245,4250.1247
0,94,1,1,286,114,4,0.2197
0,95,1,0,1682,2004,293,8217.53355
0,96,1,1,342,58,4,0.2197
0,97,3,0,1782,1904,346,7132.3547
0,98,1,2,1374,1362,194,4755.6377
0,99,1,1,284,116,4,0.2197
0,100,1,0,1952,1734,249,6321.6997
0,101,1,1,277,123,4,0.4394
0,102,1,0,2050,1636,247,6034.1797
0,103,1,1,232,168,4,0.2197
0,104,1,1,241,159,4,0.2197
0,105,1,0,1851,1835,346,6925.6997
0,106,1,0,1799,1887,346,7081.4397
0,107,1,2,1506,1230,245,3642.1397
0,108,1,0,2106,1580,293,6737.0967
0,109,1,1,386,14,2,0.2197
0,110,1,1,386,14,2,0.2197
0,111,1,1,286,114,4,0.2197
0,112,1,1,386,14,2,0.2197
0,113,1,0,2224,1462,293,6320.2027
0,114,1,0,1959,1727,346,6602.2397
0,115,3,2,1769,967,194,3360.1027
0,116,1,1,386,14,2,0.2197
0,117,1,1,386,14,2,0.2197
0,118,1,2,1769,967,194,3360.1027
0,119,1,2,1504,1232,247,3642.1397
0,120,1,1,386,14,2,0.2197
0,121,1,0,2058,1628,247,6010.2197
0,122,1,0,1959,1727,346,6602.2397
0,123,3,1,386,14,2,0.2197
0,124,3,2,1725,1011,194,3515.5547
0,125,1,1,386,14,2,0.2197
0,126,1,2,1589,1147,194,3996.0427
0,127,1,0,2056,1630,249,6010.2197
0,128,1,1,386,14,2,0.2197
0,129,1,2,1504,1232,247,3642.1397
0,130,1,2,1506,1230,245,3642.1397
0,131,1,2,1581,1155,194,4024.3067
0,132,1,1,386,14,2,0.2197
0,133,1,2,1769,967,194,3360.1027
0,134,1,1,386,14,2,0.2197
0,135,1,2,1503,1233,245,3642.20561
0,136,1,1,386,14,2,0.2197
0,137,1,0,2167,1519,293,6521.5837
0,138,1,0,2055,1631,247,6010.28561
0,139,1,1,386,14,2,0.2197
0,140,1,0,2058,1628,247,6010.2197
0,141,1,2,1601,1135,194,3953.6467
0,142,1,2,1506,1230,245,3642.1397
0,143,1,2,1504,1232,247,3642.1397
0,144,1,1,386,14,2,0.2197
0,145,3,1,386,14,2,0.2197
0,146,1,0,1959,1727,346,6602.2397
0,147,3,0,2030,1656,295,6998.5387
0,148,1,1,386,14,2,0.2197
0,149,1,2,1504,1232,247,3642.1397
0,150,3,2,1667,1069,194,3720.4687
0,151,1,0,1959,1727,346,6602.2397
0,152,1,0,1957,1729,348,6602.2397
0,153,1,2,1506,1230,245,3642.1397
0,154,1,1,386,14,2,0.2197
0,155,1,1,386,14,2,0.2197
0,156,1,0,2222,1464,295,6320.2027
0,157,1,1,386,14,2,0.2197
0,158,1,1,386,14,2,0.2197
0,159,1,1,386,14,2,0.2197
0,160,1,2,1769,967,194,3360.1027
0,161,1,1,386,14,2,0.2197
0,162,1,2,1769,967,194,3360.1027
0,163,1,2,1506,1230,245,3642.1397
0,164,1,0,1959,1727,346,6602.2397
0,165,3,2,1504,1232,247,3642.1397
0,166,1,1,386,14,2,0.2197
0,167,1,0,2222,1464,295,6320.2027
0,168,1,1,386,14,2,0.2197
0,169,1,0,2224,1462,293,6320.2027
0,170,1,1,386,14,2,0.2197
0,171,1,1,386,14,2,0.2197
0,172,1,1,386,14,2,0.2197
0,173,1,2,1766,970,194,3360.16861
0,174,1,1,386,14,2,0.2197
0,175,1,0,2058,1628,247,6010.2197
0,176,1,1,386,14,2,0.2197
0,177,1,0,2070,1616,293,6864.2847
0,178,1,1,386,14,2,0.2197
0,179,1,1,386,14,2,0.2197
0,180,1,0,2224,1462,293,6320.2027
0,181,1,1,383,17,2,0.28561
0,182,1,1,386,14,2,0.2197
0,183,1,0,2222,1464,295,6320.2027
0,184,1,1,378,22,2,0.39546
0,185,1,2,1498,1238,247,3642.27152
0,186,1,2,1504,1232,247,3642.1397
0,187,3,1,386,14,2,0.2197
0,188,1,2,1506,1230,245,3642.1397
0,189,1,1,386,14,2,0.2197
0,190,1,2,1660,1076,194,3745.1997
0,191,1,1,386,14,2,0.2197
0,192,1,1,386,14,2,0.2197
0,193,1,1,386,14,2,0.2197
0,194,1,1,386,14,2,0.2197
0,195,1,0,2224,1462,293,6320.2027
0,196,1,2,1769,967,194,3360.1027
0,197,1,0,2058,1628,247,6010.2197
0,198,1,0,2058,1628,247,6010.2197
0,199,1,2,1504,1232,247,3642.1397
0,200,3,0,1953,1733,346,6602.37152
0,201,1,2,1706,1030,194,3582.6817
0,202,1,1,386,14,2,0.2197
0,203,1,0,2224,1462,293,6320.2027
0,204,1,0,2216,1470,293,6348.4667
0,205,1,0,2058,1628,247,6010.2197
0,206,1,2,1613,1123,194,3911.2507
0,207,1,1,386,14,2,0.2197
0,208,1,2,1506,1230,245,3642.1397
0,209,1,0,2058,1628,247,6010.2197
0,210,1,0,1949,1737,348,6602.41546
0,211,1,1,386,14,2,0.2197
0,212,1,0,2040,1646,295,6963.2087
0,213,1,1,386,14,2,0.2197
0,214,1,0,1959,1727,346,6602.2397
0,215,1,1,386,14,2,0.2197
0,216,1,0,2224,1462,293,6320.2027
0,217,1,0,2222,1464,295,6320.2027
0,218,1,0,2056,1630,249,6010.2197
0,219,1,1,386,14,2,0.2197
0,220,1,1,386,14,2,0.2197
0,221,1,1,386,14,2,0.2197
0,222,1,0,2224,1462,293,6320.2027
0,223,3,1,386,14,2,0.2197
0,224,1,1,376,24,2,0.4394
0,225,1,0,2224,1462,293,6320.2027
0,226,1,1,386,14,2,0.2197
0,227,1,2,1504,1232,247,3642.1397
0,228,1,1,386,14,2,0.2197
0,229,1,2,1735,1001,194,3480.2247
0,230,1,0,2224,1462,293,6320.2027
0,231,1,0,2058,1628,247,6010.2197
0,232,1,1,384,16,4,0.2197
0,233,1,0,2058,1628,247,6010.2197
0,234,1,1,386,14,2,0.2197
0,235,1,2,1769,967,194,3360.1027
0,236,1,0,2224,1462,293,6320.2027
0,237,1,1,386,14,2,0.2197
0,238,1,1,386,14,2,0.2197
0,239,1,2,1506,1230,245,3642.1397
0,240,1,0,1959,1727,346,6602.2397
0,241,1,0,2058,1628,247,6010.2197
0,242,3,2,1658,1078,194,3752.2657
0,243,1,0,2058,1628,247,6010.2197
0,244,1,1,386,14,2,0.2197
0,245,1,1,386,14,2,0.2197
0,246,1,1,386,14,2,0.2197
0,247,1,0,2220,1466,297,6320.2027
0,248,3,0,1959,1727,346,6602.2397
0,249,1,2,1504,1232,247,3642.1397
0,250,1,1,386,14,2,0.2197
0,251,1,0,2214,1472,295,6348.4667
0,252,3,0,2058,1628,247,6010.2197
0,253,1,2,1626,1110,194,3865.3217
0,254,1,1,386,14,2,0.2197
0,255,1,0,2058,1628,247,6010.2197
0,256,1,2,1498,1238,245,3642.31546
0,257,1,1,386,14,2,0.2197
0,258,1,1,386,14,2,0.2197
0,259,1,0,1905,1781,297,6800.6907
0,260,1,1,381,19,2,0.32955
0,261,1,0,1949,1737,350,6602.2397
0,262,1,1,386,14,2,0.2197
0,263,1,2,1506,1230,245,3642.1397
0,264,1,1,386,14,2,0.2197
0,265,1,1,386,14,2,0.2197
0,266,1,1,386,14,2,0.2197
0,267,1,2,1726,1010,196,3409.5647
0,268,1,0,2048,1638,251,6010.2197
0,269,1,0,2058,1628,247,6010.2197
0,270,1,2,1494,1242,249,3642.1397
0,271,1,2,1526,1210,196,4045.5047
0,272,1,1,386,14,2,0.2197
0,273,1,1,386,14,2,0.2197
0,274,1,1,386,14,2,0.2197
0,275,1,0,1991,1695,251,6010.28561
0,276,1,0,1877,1809,297,7865.9137
0,277,1,0,1605,2081,350,7002.8997
0,278,1,2,1490,1246,249,3648.1297
0,279,1,2,1304,1432,249,3666.0997
0,280,1,0,1734,1952,350,7198.23667
0,281,1,1,271,129,4,0.2197
0,282,3,2,1367,1369,196,4200.9567
0,283,3,0,1733,1953,350,6733.9497
0,284,1,0,1870,1816,297,7676.3947
0,285,1,1,320,80,4,0.2197
0,286,3,1,375,25,2,0.2197
0,287,1,0,1611,2075,350,6620.1797
0,288,1,2,1496,1240,249,3642.1397
0,289,1,1,60,340,4,0.2197
0,290,1,2,1210,1526,196,5052.4097
0,291,1,0,1856,1830,350,6790.9147
0,292,1,0,1923,1763,350,6689.0247
0,293,1,0,1695,1991,350,7371.9247
0,294,3,2,1342,1394,249,4103.3697
0,295,1,1,-11,411,4,0.2197
0,296,2,1,145,255,4,0.2197
0,297,3,0,2139,1547,297,6529.5027
0,298,1,1,233,167,4,0.2197
0,299,3,1,243,157,4,0.2197
0,300,1,1,247,153,4,0.28561
0,301,1,1,149,251,4,0.28561
0,302,1,0,1759,1927,346,7395.33652
0,303,1,2,1408,1328,196,4565.16328
0,304,3,2,1313,1423,249,4178.2447
0,305,1,2,1384,1352,249,3977.5797
0,306,1,2,1455,1281,247,3779.9097
0,307,1,0,1794,1892,293,7839.3927
0,308,1,1,41,359,4,0.2197
0,309,1,2,1359,1377,247,4076.4147
0,310,1,2,1305,1431,245,4244.1347
0,311,1,2,1263,1473,194,5147.8007
0,312,1,2,1244,1492,247,4420.8397
0,313,1,1,181,219,4,0.2197
0,314,1,0,1752,1934,346,7222.2047
0,315,1,0,1864,1822,247,6591.2497
0,316,1,1,358,42,4,0.28561
0,317,1,2,1341,1395,194,4872.2267
0,318,3,1,182,218,4,0.2197
0,319,1,1,371,29,4,0.2197
0,320,1,1,386,14,2,0.2197
0,321,1,2,1636,1100,194,3829.9917
0,322,1,1,386,14,2,0.2197
0,323,1,0,2058,1628,247,6010.2197
0,324,1,1,386,14,2,0.2197
0,325,1,1,386,14,2,0.2197
0,326,1,2,1506,1230,245,3642.1397
0,327,1,0,1959,1727,346,6602.2397
0,328,1,1,386,14,2,0.2197
0,329,1,0,2037,1649,297,6320.2027
0,330,1,2,1638,1098,194,3822.9257
0,331,1,1,386,14,2,0.2197
0,332,3,2,1492,1244,249,3642.1397
0,333,3,0,1718,1968,350,6620.1797
0,334,1,2,1495,1241,249,3642.16167
0,335,1,2,768,1968,249,3642.1397
0,336,1,1,386,14,2,0.2197
0,337,1,0,1940,1746,350,6632.1397
0,338,1,0,2135,1551,297,6780.6627
0,339,1,0,1999,1687,295,7631.7197
0,340,1,0,1956,1730,346,6620.1797
0,341,1,2,1496,1240,249,3642.1397
0,342,1,2,1445,1291,249,3731.9897
0,343,1,2,1332,1404,245,4163.2697
0,344,1,2,1307,1429,245,4238.1447
0,345,1,1,277,123,4,0.2197
0,346,1,2,1373,1363,247,4034.4847
0,347,1,1,360,40,4,0.39546
0,348,1,1,-369,769,4,0.2197
0,349,1,2,1608,1128,194,3928.9157
0,350,1,1,-282,682,4,0.32955
0,351,1,2,1515,1221,194,4246.95161
0,352,1,1,187,213,4,0.2197
0,353,1,2,1306,1430,245,4220.32849
0,354,3,0,1839,1847,247,6657.20561
0,355,2,0,1949,1737,350,6602.2397
0,356,1,2,1574,1162,194,4049.0377
0,357,1,0,2027,1659,293,7016.2037
0,358,3,0,2058,1628,247,6010.2197
0,359,1,0,2048,1638,251,6010.2197
0,360,1,0,2056,1630,249,6010.2197
0,361,1,2,1506,1230,245,3642.1397
0,362,1,1,386,14,2,0.2197
0,363,1,0,2210,1476,293,6369.6647
0,364,1,2,1677,1059,196,3678.0727
0,365,1,2,1504,1232,247,3642.1397
0,366,1,0,1959,1727,346,6602.2397
0,367,1,1,317,83,4,0.2197
0,368,1,2,1504,1232,247,3642.1397
0,369,1,0,1959,1727,346,6602.2397
0,370,1,2,1504,1232,247,3642.1397
0,371,1,1,351,49,4,0.2197
0,372,1,2,1769,967,194,3360.1027
0,373,1,1,386,14,2,0.2197
0,374,1,2,1769,967,194,3360.1027
0,375,3,0,2056,1630,249,6010.2197
0,376,3,0,2056,1630,249,6010.2197
0,377,1,0,2089,1597,295,6790.0917
0,378,1,2,1506,1230,245,3642.1397
0,379,1,0,1959,1727,346,6602.2397
0,380,1,0,2058,1628,247,6010.2197
0,381,1,1,386,14,2,0.2197
0,382,1,1,386,14,2,0.2197
0,383,1,0,2060,1626,295,6882.01561
0,384,1,0,2069,1617,293,6867.8177
0,385,1,2,1559,1177,194,4102.0327
0,386,3,2,1504,1232,247,3642.1397
0,387,1,2,1599,1137,194,3960.7127
0,388,1,0,1956,1730,346,6602.30561
0,389,1,1,386,14,2,0.2197
0,390,1,1,386,14,2,0.2197
0,391,1,2,1506,1230,245,3642.1397
0,392,1,0,1957,1729,348,6602.2397
0,393,1,2,1769,967,194,3360.1027
0,394,1,1,386,14,2,0.2197
0,395,1,2,1505,1231,245,3642.16167
0,396,1,0,2224,1462,293,6320.2027
0,397,1,2,1769,967,194,3360.1027
0,398,1,1,386,14,2,0.2197
0,399,3,1,386,14,2,0.2197
0,400,1,2,1715,1021,194,3550.8847
0,401,1,0,2048,1638,247,6010.4394
0,402,3,1,386,14,2,0.2197
0,403,1,2,1769,967,194,3360.1027
0,404,3,2,1501,1235,245,3642.24955
0,405,1,1,386,14,2,0.2197
0,406,1,0,2071,1615,293,6860.7517
0,407,1,1,386,14,2,0.2197
0,408,1,0,2058,1628,247,6010.2197
0,409,1,1,386,14,2,0.2197
0,410,1,1,386,14,2,0.2197
0,411,1,0,1912,1774,297,6627.5737
0,412,1,0,1946,1740,251,6010.2197
0,413,1,0,1894,1792,346,6990.9397
0,414,1,0,1981,1705,293,7293.7307
0,415,1,0,1943,1743,348,6685.9597
0,416,3,0,1952,1734,346,6644.0997
0,417,1,1,386,14,2,0.2197
0,418,1,0,1954,1732,348,6620.1797
0,419,1,0,2056,1630,249,6010.2197
0,420,1,0,2089,1597,293,6797.1577
0,421,1,0,2017,1669,293,7051.5337
0,422,1,0,2056,1630,249,6010.2197
0,423,1,2,1382,1354,245,4013.5197
0,424,1,2,1664,1072,194,3731.0677
0,425,1,1,386,14,2,0.2197
0,426,1,1,386,14,2,0.2197
0,427,1,0,2202,1484,293,6397.9287
0,428,1,1,385,15,2,0.24167
0,429,1,2,1504,1232,247,3642.1397
0,430,1,0,1957,1729,348,6602.2397
0,431,1,2,1504,1232,247,3642.1397
0,432,1,2,1504,1232,247,3642.1397
0,433,3,2,1504,1232,247,3642.1397
0,434,1,1,386,14,2,0.2197
0,435,1,1,386,14,2,0.2197
0,436,3,2,1769,967,194,3360.1027
0,437,1,0,2127,1559,293,6662.9037
0,438,1,1,386,14,2,0.2197
0,439,1,2,1506,1230,245,3642.1397
0,440,1,2,1506,1230,245,3642.1397
0,441,1,1,386,14,2,0.2197
0,442,3,0,2137,1549,293,6627.5737
0,443,1,1,386,14,2,0.2197
0,444,1,0,2083,1603,295,6811.2897
0,445,1,2,1506,1230,245,3642.1397
0,446,1,1,386,14,2,0.2197
0,447,1,2,1506,1230,245,3642.1397
0,448,1,1,384,16,4,0.2197
0,449,1,1,386,14,2,0.2197
0,450,1,2,1506,1230,245,3642.1397
0,451,1,2,1504,1232,247,3642.1397
0,452,1,1,386,14,2,0.2197
0,453,1,2,1725,1011,194,3515.5547
0,454,1,0,2089,1597,293,6797.1577
0,455,1,2,1506,1230,245,3642.1397
0,456,1,1,386,14,2,0.2197
0,457,1,0,2058,1628,247,6010.2197
0,458,1,2,1506,1230,245,3642.1397
0,459,1,1,386,14,2,0.2197
0,460,1,1,386,14,2,0.2197
0,461,1,0,2224,1462,293,6320.2027
0,462,1,1,386,14,2,0.2197
0,463,1,0,2224,1462,293,6320.2027
0,464,1,0,2058,1628,247,6010.2197
0,465,1,1,386,14,2,0.2197
0,466,1,0,2056,1630,249,6010.2197
0,467,1,0,2056,1630,249,6010.2197
0,468,1,1,383,17,2,0.28561
0,469,1,0,2130,1556,295,6645.2387
0,470,1,1,386,14,2,0.2197
0,471,1,2,1562,1174,194,4066.85649
0,472,1,1,373,27,2,0.50531
0,473,1,2,1504,1232,247,3642.1397
0,474,1,2,1504,1232,247,3642.1397
0,475,3,2,1504,1232,247,3642.1397
0,476,1,0,1959,1727,346,6602.2397
0,477,1,1,386,14,2,0.2197
0,478,1,1,386,14,2,0.2197
0,479,3,2,1767,969,196,3360.1027
0,480,1,2,1769,967,194,3360.1027
0,481,1,1,386,14,2,0.2197
0,482,1,1,386,14,2,0.2197
0,483,1,0,2053,1633,247,6010.32955
0,484,1,2,1494,1242,245,3642.40334
0,485,1,0,2058,1628,247,6010.2197
0,486,1,2,1663,1073,194,3734.6007
0,487,1,1,386,14,2,0.2197
0,488,1,0,2070,1616,293,6864.2847
0,489,1,1,386,14,2,0.2197
0,490,1,2,1496,1240,245,3642.3594
0,491,1,2,1488,1248,247,3642.49122
0,492,1,0,1959,1727,346,6602.2397
0,493,1,1,386,14,2,0.2197
0,494,1,2,1729,1007,194,3501.4227
0,495,1,0,1949,1737,350,6602.2397
0,496,1,0,2222,1464,295,6320.2027
0,497,1,0,2058,1628,247,6010.2197
0,498,1,1,386,14,2,0.2197
0,499,1,0,1959,1727,346,6602.2397
0,500,1,0,1957,1729,348,6602.2397
0,501,3,2,1661,1075,194,3741.6667
0,502,1,2,1504,1232,247,3642.1397
0,503,1,1,386,14,2,0.2197
0,504,1,2,1619,1117,194,3890.0527
0,505,1,1,386,14,2,0.2197
0,506,1,1,386,14,2,0.2197
0,507,1,2,1504,1232,247,3642.1397
0,508,1,1,378,22,2,0.39546
0,509,1,0,1958,1728,346,6602.26167
0,510,1,1,305,95,4,0.2197
0,511,1,1,384,16,4,0.2197
0,512,1,1,386,14,2,0.2197
0,513,1,2,1769,967,194,3360.1027
0,514,1,1,386,14,2,0.2197
0,515,1,2,1769,967,194,3360.1027
0,516,3,1,386,14,2,0.2197
0,517,1,1,386,14,2,0.2197
0,518,1,1,386,14,2,0.2197
0,519,1,0,2056,1630,249,6010.2197
0,520,1,2,1677,1059,194,3685.1387
0,521,1,0,2123,1563,295,6669.9697
0,522,1,2,1476,1260,247,3642.1397
0,523,1,2,1501,1235,247,3642.1397
0,524,1,2,1506,1230,245,3642.1397
0,525,1,2,1504,1232,247,3642.1397
0,526,1,1,386,14,2,0.2197
0,527,1,1,386,14,2,0.2197
0,528,1,2,1623,1113,194,3875.9207
0,529,3,2,1640,1096,194,3815.8597
0,530,1,2,1504,1232,247,3642.1397
0,531,3,1,386,14,2,0.2197
0,532,1,2,1501,1235,247,3642.20561
0,533,1,0,2058,1628,247,6010.2197
0,534,1,0,2058,1628,247,6010.2197
0,535,1,0,1590,2096,251,6010.2197
0,536,1,2,1769,967,194,3360.1027
0,537,1,1,386,14,2,0.2197
0,538,1,0,2187,1499,297,6481.6627
0,539,1,0,1939,1747,350,6644.16561
0,540,1,0,1944,1742,350,6620.1797
0,541,1,0,1946,1740,350,6620.1797
0,542,1,0,1788,1898,350,6620.1797
0,543,1,1,386,14,2,0.2197
0,544,1,2,1421,1315,249,3642.1397
0,545,1,0,2145,1541,297,6637.9397
0,546,1,2,1676,1060,196,3448.4277
0,547,1,0,1900,1786,350,6662.10561
0,548,1,0,1898,1788,350,6895.32561
0,549,1,1,-7,407,4,0.2197
0,550,1,1,-111,511,4,0.2197
0,551,1,2,1229,1507,249,4453.7847
0,552,1,2,754,1982,196,5494.0347
0,553,1,0,1494,2192,297,8628.1887
0,554,1,2,1025,1711,249,4369.9247
0,555,1,1,219,181,4,0.2197
0,556,1,1,222,178,4,0.2197
0,557,1,2,1230,1506,249,4399.8747
0,558,1,1,145,255,4,0.32955
0,559,1,2,1188,1548,249,4516.6797
0,560,1,2,1250,1486,249,4372.9197
0,561,1,1,235,165,4,0.2197
0,562,1,2,1129,1607,249,4729.3247
0,563,1,1,-110,510,4,0.2197
0,564,1,0,1493,2193,350,8108.2547
0,565,1,0,1518,2168,297,8852.3617
0,566,1,0,1761,1925,297,7913.5857
0,567,1,0,1627,2059,350,7584.5297
0,568,1,2,978,1758,249,4301.0397
0,569,1,2,950,1786,249,5277.4097
0,570,3,0,1286,2400,350,8231.4897
0,571,1,2,921,1815,249,5166.5947
0,572,1,1,98,302,4,0.2197
0,573,1,2,1088,1648,249,4864.0997
0,574,1,0,1931,1755,297,7308.3567
0,575,1,0,1722,1964,297,8665.0897
0,576,1,0,1378,2308,350,8578.0497
0,577,1,2,877,1859,249,5454.3344
0,578,1,1,-55,455,4,0.2197
0,579,1,0,1472,2214,350,8069.6897
0,580,1,2,1195,1541,249,4079.4097
0,581,1,0,1840,1846,350,6949.6097
0,582,1,2,1388,1348,196,4253.9517
0,583,1,0,2032,1654,297,6966.2057
0,584,1,2,1407,1329,249,3878.85455
0,585,1,1,344,56,4,0.2197
0,586,1,1,-178,578,4,0.2197
0,587,1,0,1367,2319,350,7967.9297
0,588,1,2,689,2047,196,6271.2947
0,589,1,2,846,1890,249,5121.6697
0,590,1,0,1628,2058,295,8481.6157
0,591,1,2,1020,1716,249,5028.8247
0,592,1,2,912,1824,249,5391.2197
0,593,1,0,1237,2449,350,8913.6197
0,594,1,0,1309,2377,350,8551.8347
0,595,1,2,835,1901,249,5475.0797
0,596,1,1,153,247,4,0.2197
0,597,1,1,8,392,4,0.2197
0,598,1,1,328,72,4,0.2197
0,599,1,1,297,103,4,0.2197
0,600,1,1,328,72,4,0.2197
0,601,1,2,1494,1242,249,3642.1397
0,602,1,1,-238,638,4,0.2197
0,603,3,2,1494,1242,194,4331.6777
0,604,1,0,2047,1639,293,6945.5437
0,605,1,0,1868,1818,346,6874.7847
0,606,1,1,282,118,4,0.2197
0,607,1,0,1974,1712,247,6261.7997
0,608,1,1,268,132,4,0.2197
0,609,1,2,1429,1307,245,3872.7547
0,610,1,1,266,134,4,0.2197
0,611,1,2,1506,1230,245,3642.1397
0,612,1,0,1931,1755,346,6686.0997
0,613,1,1,316,84,2,0.2197
0,614,1,0,2220,1466,297,6320.2027
0,615,1,2,1769,967,194,3360.1027
0,616,1,2,1375,1361,247,4028.4947
0,617,3,2,1506,1230,245,3642.1397
0,618,1,0,2058,1628,247,6010.2197
0,619,1,0,1959,1727,346,6602.2397
0,620,1,2,1769,967,194,3360.1027
0,621,1,2,1769,967,194,3360.1027
0,622,3,0,1953,1733,346,6620.24561
0,623,1,2,1501,1235,247,3642.1397
0,624,1,2,1504,1232,247,3642.1397
0,625,1,0,2058,1628,247,6010.2197
0,626,1,1,386,14,2,0.2197
0,627,3,2,1603,1133,194,3946.5807
0,628,1,0,2056,1630,249,6010.2197
0,629,1,2,1504,1232,247,3642.1397
0,630,3,2,1603,1133,194,3946.5807
0,631,1,0,2058,1628,247,6010.2197
0,632,1,2,1504,1232,247,3642.1397
0,633,1,1,242,158,4,0.2197
0,634,1,0,1644,2042,295,6613.4417
0,635,1,2,1506,1230,245,3642.1397
0,636,1,1,386,14,2,0.2197
0,637,1,2,1506,1230,245,3642.1397
0,638,1,0,2210,1476,297,6332.1627
0,639,1,2,1571,1165,196,3851.1897
0,640,1,1,386,14,2,0.2197
0,641,1,0,1956,1730,346,6620.1797
0,642,1,1,386,14,2,0.2197
0,643,1,2,1477,1259,249,3642.16167
0,644,1,2,1494,1242,249,3642.1397
0,645,1,2,1504,1232,247,3642.1397
0,646,1,2,1504,1232,247,3642.1397
0,647,1,0,2056,1630,249,6010.2197
0,648,1,0,2089,1597,295,6790.0917
0,649,1,1,386,14,2,0.2197
0,650,1,2,1506,1230,245,3642.1397
0,651,1,0,1838,1848,295,7676.8747
0,652,1,1,-97,497,4,0.2197
0,653,1,2,1462,1274,245,3773.9197
0,654,3,2,1483,1253,196,4363.4747
0,655,1,0,1948,1738,247,6339.6697
0,656,1,1,386,14,2,0.2197
0,657,1,2,1636,1100,194,3829.9917
0,658,1,1,386,14,2,0.2197
0,659,1,0,2061,1625,293,6896.0817
0,660,1,2,1583,1153,194,4017.2407
0,661,1,0,2058,1628,293,6906.6807
0,662,3,1,386,14,2,0.2197
0,663,1,2,1506,1230,245,3642.1397
0,664,1,1,386,14,2,0.2197
0,665,1,1,386,14,2,0.2197
0,666,1,2,1769,967,194,3360.1027
0,667,1,2,1501,1235,245,3642.24955
0,668,3,2,1496,1240,247,3642.31546
0,669,1,2,1684,1052,194,3660.4077
0,670,1,0,1959,1727,346,6602.2397
0,671,1,1,386,14,2,0.2197
0,672,1,1,386,14,2,0.2197
0,673,1,0,2058,1628,247,6010.2197
0,674,1,1,386,14,2,0.2197
0,675,1,0,2224,1462,293,6320.2027
0,676,1,2,1769,967,194,3360.1027
0,677,1,2,1504,1232,247,3642.1397
0,678,1,2,1506,1230,245,3642.1397
0,679,1,1,386,14,2,0.2197
0,680,1,2,1749,987,194,3430.7627
0,681,1,1,378,22,2,0.39546
0,682,1,0,2144,1542,293,6602.8427
0,683,1,0,2056,1630,249,6010.2197
0,684,1,1,386,14,2,0.2197
0,685,1,2,1506,1230,245,3642.1397
0,686,1,2,1504,1232,247,3642.1397
0,687,1,1,386,14,2,0.2197
0,688,1,0,2224,1462,293,6320.2027
0,689,1,1,386,14,2,0.2197
0,690,1,0,2224,1462,293,6320.2027
0,691,1,0,1959,1727,346,6602.2397
0,692,1,1,386,14,2,0.2197
0,693,1,0,1959,1727,346,6602.2397
0,694,3,1,386,14,2,0.2197
0,695,1,2,1769,967,194,3360.1027
0,696,1,1,386,14,2,0.2197
0,697,1,0,2214,1472,297,6320.2027
0,698,1,2,1506,1230,245,3642.1397
0,699,1,0,2048,1638,251,6010.2197
0,700,3,0,2056,1630,249,6010.2197
0,701,1,2,1349,1387,196,4024.3067
0,702,1,1,386,14,2,0.2197
0,703,1,0,1828,1858,350,6632.1397
0,704,1,0,1851,1835,297,8307.6927
0,705,1,2,1463,1273,249,3642.1397
0,706,3,0,1952,1734,348,6632.1397
0,707,1,1,386,14,2,0.2197
0,708,3,2,1501,1235,247,3642.1397
0,709,1,0,1899,1787,295,7666.9097
0,710,1,0,1827,1859,346,7391.5997
0,711,1,1,376,24,4,0.2197
0,712,1,2,1490,1246,249,3642.1397
0,713,1,1,113,287,4,0.2197
0,714,1,1,164,236,2,0.2197
0,715,1,2,1492,1244,194,4338.7437
0,716,1,0,2058,1628,247,6010.2197
0,717,1,2,1506,1230,245,3642.1397
0,718,1,0,1700,1986,247,7082.4297
0,719,1,0,2033,1653,295,6987.9397
0,720,3,0,1957,1729,348,6602.2397
0,721,1,2,1664,1072,194,3731.0677
0,722,1,1,386,14,2,0.2197
0,723,1,1,386,14,2,0.2197
0,724,1,0,1959,1727,346,6602.2397
0,725,1,1,386,14,2,0.2197
0,726,1,2,1506,1230,245,3642.1397
0,727,1,1,386,14,2,0.2197
0,728,1,2,1769,967,194,3360.1027
0,729,3,0,2224,1462,293,6320.2027
0,730,1,1,376,24,2,0.4394
0,731,1,0,2058,1628,247,6010.2197
0,732,1,2,1504,1232,247,3642.1397
0,733,1,1,386,14,2,0.2197
0,734,1,1,386,14,2,0.2197
0,735,3,2,1634,1102,194,3826.52461
0,736,1,0,1959,1727,346,6602.2397
0,737,1,1,386,14,2,0.2197
0,738,1,1,386,14,2,0.2197
0,739,1,0,2222,1464,295,6320.2027
0,740,1,2,1506,1230,245,3642.1397
0,741,3,0,1947,1739,348,6602.4594
0,742,1,1,386,14,2,0.2197
0,743,3,0,1957,1729,348,6602.2397
0,744,1,1,386,14,2,0.2197
0,745,3,2,1619,1117,194,3890.0527
0,746,1,0,2056,1630,249,6010.2197
0,747,1,2,1506,1230,245,3642.1397
0,748,1,1,386,14,2,0.2197
0,749,3,1,386,14,2,0.2197
0,750,1,0,2222,1464,295,6320.2027
0,751,1,1,386,14,2,0.2197
0,752,1,0,1870,1816,297,6320.2027
0,753,1,0,2044,1642,251,6010.2197
0,754,1,0,1907,1779,350,6817.5197
0,755,3,0,2170,1516,297,6488.1647
0,756,1,1,386,14,2,0.2197
0,757,3,1,386,14,2,0.2197
0,758,1,1,386,14,2,0.2197
0,759,1,1,386,14,2,0.2197
0,760,1,2,1492,1244,249,3642.1397
0,761,3,2,1653,1083,196,3727.5347
0,762,1,0,2058,1628,247,6010.2197
0,763,1,1,386,14,2,0.2197
0,764,1,2,1365,1371,249,3642.20561
0,765,1,1,386,14,2,0.2197
0,766,1,0,2055,1631,295,6959.1537
0,767,1,2,1494,1242,249,3642.1397
0,768,1,0,1955,1731,350,6602.2397
0,769,1,2,1364,1372,194,4790.9677
0,770,1,2,1336,1400,247,4145.2997
0,771,1,2,1357,1379,247,4082.4047
0,772,1,2,1468,1268,245,3755.9497
0,773,1,2,1504,1232,247,3642.1397
0,774,1,2,1769,967,194,3360.1027
0,775,1,0,1959,1727,346,6602.2397
0,776,1,2,1560,1176,194,4098.4997
0,777,1,0,1763,1923,251,6010.2197
0,778,1,1,386,14,2,0.2197
0,779,1,0,2191,1495,297,6457.7427
0,780,1,2,1455,1281,196,4080.90061
0,781,1,2,1476,1260,249,3642.1397
0,782,1,0,1949,1737,346,6614.37546
0,783,1,2,1331,1405,249,3642.1397
0,784,1,1,386,14,2,0.2197
0,785,1,2,1496,1240,249,3642.1397
0,786,1,2,1504,1232,247,3642.1397
0,787,1,0,1959,1727,346,6602.2397
0,788,1,1,386,14,2,0.2197
0,789,1,2,1687,1049,194,3649.8087
0,790,1,2,1506,1230,245,3642.1397
0,791,1,2,1574,1162,194,4049.0377
0,792,1,0,1814,1872,247,6740.9997
0,793,3,0,2013,1673,249,6139.0047
0,794,1,2,1426,1310,245,3881.7397
0,795,1,1,371,29,4,0.2197
0,796,1,2,1641,1095,194,3812.3267
0,797,1,0,2058,1628,247,6010.2197
0,798,1,2,1724,1012,194,3519.0877
0,799,1,0,1959,1727,346,6602.2397
0,800,1,2,1504,1232,247,3642.1397
0,801,1,0,1955,1731,350,6602.2397
0,802,3,2,1587,1149,194,4003.1087
0,803,1,2,1504,1232,247,3642.1397
0,804,1,2,1635,1101,194,3833.5247
0,805,1,2,1504,1232,247,3642.1397
0,806,1,1,386,14,2,0.2197
0,807,1,1,386,14,2,0.2197
0,808,1,0,2025,1661,293,7023.2697
0,809,1,1,386,14,2,0.2197
0,810,3,1,386,14,2,0.2197
0,811,1,0,2222,1464,295,6320.2027
0,812,1,1,386,14,2,0.2197
0,813,1,0,2058,1628,247,6010.2197
0,814,1,0,2056,1630,249,6010.2197
0,815,1,0,2051,1635,249,6010.32955
0,816,1,2,1506,1230,245,3642.1397
0,817,1,0,2080,1606,295,6821.8887
0,818,1,1,386,14,2,0.2197
0,819,1,2,1504,1232,247,3642.1397
0,820,1,0,1959,1727,346,6602.2397
0,821,1,2,1557,1179,194,4109.0987
0,822,1,1,386,14,2,0.2197
0,823,1,1,386,14,2,0.2197
0,824,1,2,1769,967,194,3360.1027
0,825,1,2,1506,1230,245,3642.1397
0,826,1,2,1769,967,194,3360.1027
0,827,1,0,2056,1630,249,6010.2197
0,828,1,1,386,14,2,0.2197
0,829,1,0,2056,1630,249,6010.2197
0,830,1,1,386,14,2,0.2197
0,831,1,0,2058,1628,295,6899.6147
0,832,1,1,386,14,2,0.2197
0,833,1,0,2058,1628,247,6010.2197
0,834,1,1,384,16,4,0.2197
0,835,1,2,1504,1232,247,3642.1397
0,836,1,1,386,14,2,0.2197
0,837,1,1,386,14,2,0.2197
0,838,1,0,2055,1631,293,6917.2797
0,839,1,2,1504,1232,247,3642.1397
0,840,3,1,386,14,2,0.2197
0,841,1,0,2224,1462,293,6320.2027
0,842,1,2,1730,1006,196,3476.6917
0,843,1,2,1496,1240,249,3642.1397
0,844,1,0,1957,1729,348,6602.2397
0,845,3,1,384,16,4,0.2197
0,846,1,0,2058,1628,247,6010.2197
0,847,1,0,1957,1729,348,6602.2397
0,848,1,2,1504,1232,247,3642.1397
0,849,1,0,1957,1729,348,6602.2397
0,850,1,0,2017,1669,295,7044.4677
0,851,1,1,379,21,4,0.2197
0,852,1,2,1769,967,194,3360.1027
0,853,1,2,1504,1232,247,3642.1397
0,854,1,2,1435,1301,247,3848.7947
0,855,1,1,334,66,4,0.2197
0,856,1,1,386,14,2,0.2197
0,857,1,1,386,14,2,0.2197
0,858,1,2,1769,967,194,3360.1027
0,859,1,2,1769,967,194,3360.1027
0,860,1,0,2058,1628,247,6010.2197
0,861,1,1,386,14,2,0.2197
0,862,1,1,386,14,2,0.2197
0,863,3,0,2032,1654,293,6998.5387
0,864,1,1,386,14,2,0.2197
0,865,3,1,386,14,2,0.2197
0,866,1,1,384,16,4,0.2197
0,867,1,2,1769,967,194,3360.1027
0,868,1,0,1945,1741,350,6620.1797
0,869,1,0,1950,1736,350,6620.1797
0,870,1,1,386,14,2,0.2197
0,871,1,0,1893,1793,295,8287.6227
0,872,1,2,1494,1242,249,3642.1397
0,873,1,2,1488,1248,249,3642.31546
0,874,1,0,2058,1628,247,6010.2197
0,875,1,0,1957,1729,348,6602.2397
0,876,1,2,1504,1232,247,3642.1397
0,877,1,2,1651,1085,194,3776.9967
0,878,1,1,386,14,2,0.2197
0,879,1,0,1959,1727,346,6602.2397
0,880,1,1,364,36,4,0.2197
0,881,1,1,-3,403,4,0.2197
0,882,1,0,2185,1501,293,6429.90146
0,883,1,2,1319,1417,194,4949.9527
0,884,3,1,125,275,4,0.2197
0,885,1,0,1710,1976,346,7347.9947
0,886,1,0,2056,1630,249,6010.2197
0,887,1,0,1957,1729,348,6602.2397
0,888,1,0,2046,1640,295,6942.0107
0,889,1,1,386,14,2,0.2197
0,890,1,2,1570,1166,194,4063.1697
0,891,1,2,1506,1230,245,3642.1397
0,892,1,0,1959,1727,346,6602.2397
0,893,1,0,2058,1628,247,6010.2197
0,894,1,1,386,14,2,0.2197
0,895,1,1,386,14,2,0.2197
0,896,1,2,1753,983,194,3416.6307
0,897,1,1,379,21,2,0.37349
0,898,1,1,386,14,2,0.2197
0,899,1,0,2058,1628,295,6889.0157
0,900,3,0,1956,1730,346,6620.1797
0,901,1,2,1433,1303,249,3642.1397
0,902,1,1,386,14,2,0.2197
0,903,3,2,1563,1173,194,4087.9007
0,904,1,2,1506,1230,245,3642.1397
0,905,1,0,2048,1638,251,6010.2197
0,906,1,0,2060,1626,293,6899.6147
0,907,1,1,386,14,2,0.2197
0,908,1,1,386,14,2,0.2197
0,909,1,0,2046,1640,251,6010.2197
0,910,1,0,1977,1709,251,6010.2197
0,911,1,1,386,14,2,0.2197
0,912,1,0,2048,1638,251,6010.2197
0,913,1,1,205,195,4,0.2197
0,914,1,0,1751,1935,297,7729.5157
0,915,1,2,1416,1320,249,3648.1297
0,916,1,1,386,14,2,0.2197
0,917,1,0,1938,1748,350,6644.0997
0,918,1,0,2182,1504,295,6461.5227
0,919,1,1,386,14,2,0.2197
0,920,1,1,378,22,2,0.39546
0,921,1,2,1504,1232,247,3642.1397
0,922,1,2,1475,1261,194,4398.8047
0,923,1,1,370,30,4,0.2197
0,924,1,1,386,14,2,0.2197
0,925,1,2,1506,1230,245,3642.1397
0,926,1,2,1504,1232,247,3642.1397
0,927,1,0,1790,1896,293,7842.99161
0,928,1,2,1244,1492,247,4417.86667
0,929,1,0,1807,1879,348,7051.4897
0,930,1,1,329,71,4,0.2197
0,931,1,2,1497,1239,247,3663.1047
0,932,1,1,205,195,2,0.2197
0,933,1,1,386,14,2,0.2197
0,934,1,2,1769,967,194,3360.1027
0,935,1,2,1504,1232,247,3642.1397
0,936,1,1,386,14,2,0.2197
0,937,1,1,386,14,2,0.2197
0,938,1,1,386,14,2,0.2197
0,939,3,2,1728,1008,194,3504.9557
0,940,1,2,1504,1232,247,3642.1397
0,941,1,2,1504,1232,247,3642.1397
0,942,1,1,386,14,2,0.2197
0,943,1,1,386,14,2,0.2197
0,944,1,2,1769,967,194,3360.1027
0,945,1,0,2224,1462,293,6320.2027
0,946,1,1,386,14,2,0.2197
0,947,1,1,386,14,2,0.2197
0,948,1,1,386,14,2,0.2197
0,949,3,1,386,14,2,0.2197
0,950,1,0,2058,1628,247,6010.2197
0,951,1,1,386,14,2,0.2197
0,952,1,1,386,14,2,0.2197
0,953,1,1,386,14,2,0.2197
0,954,3,2,1769,967,194,3360.1027
0,955,1,2,1769,967,194,3360.1027
0,956,1,2,1506,1230,245,3642.1397
0,957,1,2,1504,1232,247,3642.1397
0,958,1,1,386,14,2,0.2197
0,959,1,1,386,14,2,0.2197
0,960,1,1,386,14,2,0.2197
0,961,1,2,1653,1083,194,3769.9307
0,962,1,2,1769,967,194,3360.1027
0,963,1,2,1506,1230,245,3642.1397
0,964,1,1,386,14,2,0.2197
0,965,1,2,1499,1237,247,3642.24955
0,966,1,2,1496,1240,247,3642.31546
0,967,1,0,1947,1739,350,6602.2397
0,968,1,2,1185,1551,249,3642.1397
0,969,1,2,1383,1353,196,3992.5097
0,970,1,1,386,14,2,0.2197
0,971,1,2,1562,1174,196,3533.2197
0,972,1,1,386,14,2,0.2197
0,973,1,2,1502,1234,247,3642.18364
0,974,1,1,386,14,2,0.2197
0,975,1,2,1504,1232,247,3642.1397
0,976,1,0,1950,1736,348,6602.39349
0,977,1,0,2058,1628,247,6010.2197
0,978,1,2,1506,1230,245,3642.1397
0,979,1,2,1504,1232,247,3642.1397
0,980,1,2,1503,1233,194,4299.8807
0,981,1,2,1549,1187,194,4137.3627
0,982,1,2,1497,1239,245,3669.0947
0,983,1,1,357,43,2,0.2197
0,984,3,1,386,14,2,0.2197
0,985,1,1,386,14,2,0.2197
0,986,1,0,1959,1727,346,6602.2397
0,987,1,0,2042,1644,295,6956.1427
0,988,1,2,1707,1029,194,3579.1487
0,989,1,1,385,15,2,0.24167
0,990,1,2,1504,1232,247,3642.1397
0,991,1,1,386,14,2,0.2197
0,992,1,2,1506,1230,245,3642.1397
0,993,1,0,2074,1612,293,6850.1527
0,994,1,0,2224,1462,293,6320.2027
0,995,3,2,1506,1230,245,3642.1397
0,996,1,2,1504,1232,247,3642.1397
0,997,1,1,386,14,2,0.2197
0,998,1,1,386,14,2,0.2197
0,999,1,0,2158,1528,293,6553.3807
