2020-04-16 19:19:49

CONFIGURATION:
{u'simulation': {u'stdev_factor': 0.01, u'power_mgmt_enabled': False, u'tasks': {u'loc': {u'mean_service_time': {u'gpu': 90, u'cpu_core': 200, u'loc_accel': 10}, u'priority': 1, u'deadline': 1000, u'stdev_service_time': {u'gpu': 0.9, u'cpu_core': 2.0, u'loc_accel': 0.1}, u'power': {u'gpu': 4.457, u'cpu_core': 6.133, u'loc_accel': 0.02197}}, u'detect': {u'mean_service_time': {u'gpu': 0.4607, u'cpu_core': 3.654, u'det_accel': 0.278}, u'priority': 2, u'deadline': 1000, u'stdev_service_time': {u'gpu': 0.004607, u'cpu_core': 0.03654, u'det_accel': 0.0027800000000000004}, u'power': {u'gpu': 90, u'cpu_core': 200, u'det_accel': 10}}, u'Frontier': {u'mean_service_time': {u'cpu_core': 396}, u'priority': 9, u'deadline': 1000, u'stdev_service_time': {u'cpu_core': 3.96}, u'power': {u'cpu_core': 5.98}}, u'track': {u'mean_service_time': {u'gpu': 17, u'tra_accel': 2, u'cpu_core': 1820}, u'priority': 3, u'deadline': 1000, u'stdev_service_time': {u'gpu': 0.17, u'tra_accel': 0.02, u'cpu_core': 18.2}, u'power': {u'gpu': 12.79, u'tra_accel': 0.59, u'cpu_core': 5.6}}, u'sp': {u'mean_service_time': {u'gpu': 379, u'cpu_core': 1004}, u'priority': 11, u'deadline': 1000, u'stdev_service_time': {u'gpu': 3.79, u'cpu_core': 10.040000000000001}, u'power': {u'gpu': 3.302, u'cpu_core': 1004}}, u'mission': {u'mean_service_time': {u'cpu_core': 0.0022}, u'priority': 5, u'deadline': 1000, u'stdev_service_time': {u'cpu_core': 2.2000000000000003e-05}, u'power': {u'cpu_core': 3.534}}, u'motion': {u'mean_service_time': {u'cpu_core': 8}, u'priority': 6, u'deadline': 1000, u'stdev_service_time': {u'cpu_core': 0.08}, u'power': {u'cpu_core': 4.222}}, u'collision': {u'mean_service_time': {u'cpu_core': 8}, u'priority': 7, u'deadline': 1000, u'stdev_service_time': {u'cpu_core': 0.08}, u'power': {u'cpu_core': 0}}, u'fusion': {u'mean_service_time': {u'cpu_core': 1}, u'priority': 4, u'deadline': 1000, u'stdev_service_time': {u'cpu_core': 0.01}, u'power': {u'cpu_core': 0}}, u'map': {u'mean_service_time': {u'gpu': 761, u'cpu_core': 973}, u'priority': 10, u'deadline': 1000, u'stdev_service_time': {u'gpu': 7.61, u'cpu_core': 9.73}, u'power': {u'gpu': 3.533, u'cpu_core': 2.995}}, u'path': {u'mean_service_time': {u'cpu_core': 8}, u'priority': 8, u'deadline': 1000, u'stdev_service_time': {u'cpu_core': 0.08}, u'power': {u'cpu_core': 0}}}, u'sched_policy_module': u'policies.heft', u'drop': True, u'servers': {u'gpu': {u'count': 2}, u'tra_accel': {u'count': 1}, u'cpu_core': {u'count': 8}, u'loc_accel': {u'count': 1}, u'det_accel': {u'count': 1}}, u'max_tasks_simulated': 10000, u'max_queue_size': 1000000, u'mean_arrival_time': 50, u'arrival_time_scale': 4.2}, u'general': {u'random_seed': 0, u'pre_gen_arrivals': False, u'basename': u'policy:heft__stdev_factor:0.01', u'output_trace_file': None, u'working_dir': u'/home/hiwot/meta-stomp2/sim_16042020_191827_new_arrival_50_map_rheftmapping_50_trace_10', u'input_trace_file': (False, '../mv_mapping_50_trace_10.trc'), u'logging_level': u'INFO'}}
Time	Response time (avg)
14	1.0
875	1.0
1610	1.0
1802	1.0
1926	1.0
2063	1.0
2240	1.0
2744	1.0
2777	1.0
2839	1.0
3403	1.0
3584	1.0
3617	1.0
3776	1.0
4246	1.0
4636	1.0
4702	1.0
5150	1.0
5225	1.0
5653	1.0
5877	1.0
5952	1.0
6099	1.0
6536	1.0
7056	1.0
7061	1.0
7405	1.0
7586	1.0
7964	1.0
8206	1.0
8607	1.0
8913	1.0
9148	1.0
9384	1.0
9442	1.0
9759	1.0
10096	1.0
10116	1.0
10173	1.0
10393	1.0
10892	1.0
10929	1.0
11294	1.0
11567	1.0
12023	1.0
12206	1.0
12249	1.0
12287	1.0
12500	1.0
12723	1.0
12748	1.0
12889	1.0
13469	1.0
13585	1.0
13843	1.0
13940	1.0
13982	1.0
14163	1.0
14369	1.0
14382	1.0
14462	1.0
14529	1.0
14683	1.0
15662	1.0
15759	1.0
16928	1.0
17110	1.0
17110	1.0
17260	1.0
17643	1.0
17834	1.0
17925	1.0
18003	1.0
18059	1.0
18107	1.0
18211	1.0
18216	1.0
18462	1.0
18909	1.0
18930	1.0
19010	1.0
19128	1.0
19162	1.0
19961	1.0
20336	1.0
20415	1.0
20465	1.0
20597	1.0
20812	1.0
20938	1.0
21287	1.0
21335	1.0
21350	1.0
21379	1.0
21671	1.0
21721	1.0
21743	1.0
22043	1.0
22055	1.0
22076	1.0
22515	1.0
22535	1.0
22945	1.0
23159	1.0
23319	1.0
23350	1.0
23370	1.0
23458	1.0
23723	1.0
23861	1.0
23903	1.0
23951	1.0
24675	1.0
25524	1.0
25582	1.0
25709	1.0
26137	1.0
26192	1.0
26402	1.0
26855	1.0
26894	1.0
27070	1.0
27173	1.0
27578	1.0
27848	1.0
27989	1.0
28113	1.0
28304	1.0
28855	1.0
29069	1.0
29073	1.0
29321	1.0
29334	1.0
29401	1.0
30111	1.0
30272	1.0
30352	1.0
30455	1.0
31173	1.0
31417	1.0
31790	1.0
31804	1.0
31827	1.0
32120	1.0
32148	1.0
32246	1.0
32253	1.0
33083	1.0
33197	1.0
33483	1.0
33509	1.0
33539	1.0
33710	1.0
34501	1.0
34531	1.0
34668	1.0
34732	1.0
34790	1.0
35210	1.0
35318	1.0
36617	1.0
37045	1.0
37557	1.0
37767	1.0
37996	1.0
38429	1.0
38806	1.0
39174	1.0
39276	1.0
39788	1.0
39863	1.0
40178	1.0
40409	1.0
40602	1.0
40694	1.0
41144	1.0
41295	1.0
41871	1.0
41958	1.0
42256	1.0
42261	1.0
42635	1.0
42700	1.0
43236	1.0
43664	1.0
43697	1.0
43931	1.0
43971	1.0
44140	1.0
44164	1.0
44353	1.0
44542	1.0
44584	1.0
44676	1.0
45731	1.0
46948	1.0
47372	1.0
47895	1.0
48049	1.0
48062	1.0
48325	1.0
48696	1.0
48722	1.0
50069	1.0
50106	1.0
50258	1.0
50686	1.0
51287	1.0
51327	1.0
51343	1.0
51401	1.0
51639	1.0
51906	1.0
52140	1.0
52313	1.0
52870	1.0
54860	1.0
54951	1.0
54958	1.0
55029	1.0
55169	1.0
55298	1.0
55546	1.0
55556	1.0
55802	1.0
56541	1.0
56843	1.0
57048	1.0
57231	1.0
57932	1.0
57952	1.0
58839	1.0
58976	1.0
59400	1.0
59793	1.0
60145	1.0
60221	1.0
60695	1.0
61371	1.0
61538	1.0
61691	1.0
61770	1.0
61899	1.0
62143	1.0
62165	1.0
62475	1.0
62787	1.0
63059	1.0
63664	1.0
63761	1.0
63832	1.0
63835	1.0
64059	1.0
64148	1.0
64506	1.0
64615	1.0
64849	1.0
64853	1.0
64928	1.0
64967	1.0
65019	1.0
65084	1.0
65240	1.0
65405	1.0
65944	1.0
66045	1.0
66136	1.0
66239	1.0
66386	1.0
66411	1.0
66474	1.0
67141	1.0
67224	1.0
67277	1.0
67402	1.0
67415	1.0
67920	1.0
68330	1.0
68415	1.0
68484	1.0
68503	1.0
68524	1.0
68620	1.0
68786	1.0
68839	1.0
68873	1.0
69726	1.0
69746	1.0
69828	1.0
70105	1.0
70163	1.0
70238	1.0
70532	1.0
70691	1.0
70725	1.0
70737	1.0
70754	1.0
70776	1.0
71063	1.0
71111	1.0
71194	1.0
71653	1.0
71993	1.0
72092	1.0
72103	1.0
72215	1.0
72562	1.0
72671	1.0
72686	1.0
73026	1.0
73052	1.0
73232	1.0
73312	1.0
73331	1.0
73388	1.0
73580	1.0
73656	1.0
74206	1.0
74232	1.0
74450	1.0
74522	1.0
74727	1.0
74778	1.0
74849	1.0
75017	1.0
75441	1.0
76020	1.0
76141	1.0
76218	1.0
76663	1.0
76966	1.0
77108	1.0
77276	1.0
77758	1.0
77888	1.0
78083	1.0
78227	1.0
78554	1.0
78591	1.0
78774	1.0
79074	1.0
79248	1.0
79304	1.0
79473	1.0
79507	1.0
79524	1.0
79620	1.0
79696	1.0
79760	1.0
79872	1.0
80074	1.0
80191	1.0
80486	1.0
81037	1.0
81637	1.0
82093	1.0
82259	1.0
82485	1.0
82728	1.0
83044	1.0
83085	1.0
83364	1.0
83436	1.0
83535	1.0
83995	1.0
84381	1.0
84387	1.0
84526	1.0
84841	1.0
85055	1.0
85286	1.0
85451	1.0
85740	1.0
86105	1.0
86941	1.0
87096	1.0
87357	1.0
87551	1.0
87744	1.0
87892	1.0
88297	1.0
88389	1.0
88504	1.0
89082	1.0
89657	1.0
89902	1.0
90078	1.0
90115	1.0
90116	1.0
91076	1.0
91350	1.0
91376	1.0
91464	1.0
92094	1.0
92262	1.0
92415	1.0
94316	1.0
94903	1.0
94934	1.0
95093	1.0
95631	1.0
95979	1.0
96387	1.0
96539	1.0
96979	1.0
97092	1.0
97102	1.0
97151	1.0
97365	1.0
98230	1.0
98538	1.0
98760	1.0
99099	1.0
99489	1.0
99681	1.0
99721	1.0
99796	1.0
99924	1.0
100254	1.0
100440	1.0
100943	1.0
101207	1.0
101393	1.0
101561	1.0
101649	1.0
101661	1.0
101754	1.0
101901	1.0
102720	1.0
103073	1.0
103075	1.0
103103	1.0
103136	1.0
103188	1.0
103349	1.0
103380	1.0
103632	1.0
104127	1.0
104367	1.0
104705	1.0
104721	1.0
104736	1.0
105072	1.0
105078	1.0
105618	1.0
105816	1.0
106029	1.0
106134	1.0
106408	1.0
106476	1.0
106591	1.0
106870	1.0
107059	1.0
107130	1.0
107643	1.0
107861	1.0
107987	1.0
108148	1.0
108185	1.0
108470	1.0
108867	1.0
109011	1.0
109403	1.0
109499	1.0
109847	1.0
110049	1.0
110069	1.0
110200	1.0
110798	1.0
111063	1.0
111103	1.0
111275	1.0
111305	1.0
111352	1.0
111578	1.0
111847	1.0
112216	1.0
112296	1.0
112799	1.0
113086	1.0
113329	1.0
113464	1.0
113774	1.0
114039	1.0
114401	1.0
114700	1.0
114922	1.0
115071	1.0
115220	1.0
115442	1.0
115629	1.0
115639	1.0
115873	1.0
116204	1.0
116588	1.0
116706	1.0
117172	1.0
117580	1.0
117819	1.0
117875	1.0
118036	1.0
118274	1.0
118397	1.0
118428	1.0
118490	1.0
118527	1.0
118592	1.0
118663	1.0
118728	1.0
119029	1.0
119470	1.0
119630	1.0
119898	1.0
120108	1.0
120174	1.0
120625	1.0
120755	1.0
120814	1.0
120889	1.0
122317	1.0
122418	1.0
122476	1.0
122685	1.0
122742	1.0
122834	1.0
122918	1.0
122932	1.0
123041	1.0
123326	1.0
123888	1.0
123993	1.0
124466	1.0
124556	1.0
125249	1.0
125316	1.0
125551	1.0
125674	1.0
126173	1.0
126324	1.0
126781	1.0
126960	1.0
127240	1.0
127299	1.0
127355	1.0
127619	1.0
127700	1.0
127734	1.0
128063	1.0
128097	1.0
128183	1.0
128359	1.0
128424	1.0
128447	1.0
128572	1.0
128697	1.0
128710	1.0
128794	1.0
129026	1.0
129113	1.0
129375	1.0
129566	1.0
129775	1.0
129890	1.0
129977	1.0
130461	1.0
130821	1.0
130920	1.0
130926	1.0
130969	1.0
131040	1.0
131149	1.0
131583	1.0
131772	1.0
131894	1.0
132221	1.0
132838	1.0
133162	1.0
133197	1.0
133309	1.0
133456	1.0
133550	1.0
133789	1.0
133804	1.0
134458	1.0
134470	1.0
134555	1.0
134742	1.0
134979	1.0
135149	1.0
135196	1.0
135250	1.0
135266	1.0
135585	1.0
135706	1.0
135854	1.0
135926	1.0
136039	1.0
136051	1.0
136249	1.0
136272	1.0
136599	1.0
136644	1.0
137168	1.0
137265	1.0
137341	1.0
137513	1.0
137690	1.0
138248	1.0
138289	1.0
138646	1.0
138787	1.0
138815	1.0
139263	1.0
139597	1.0
139953	1.0
140086	1.0
140131	1.0
140512	1.0
141338	1.0
141566	1.0
141677	1.0
141936	1.0
142259	1.0
142517	1.0
142891	1.0
142934	1.0
143204	1.0
143309	1.0
143491	1.0
143515	1.0
143707	1.0
143897	1.0
143906	1.0
144187	1.0
144514	1.0
145033	1.0
145138	1.0
145246	1.0
145523	1.0
145808	1.0
146261	1.0
146264	1.0
146316	1.0
146909	1.0
147041	1.0
147077	1.0
147102	1.0
147156	1.0
147214	1.0
147524	1.0
147762	1.0
147800	1.0
148163	1.0
148240	1.0
148265	1.0
148619	1.0
149366	1.0
149474	1.0
149655	1.0
150969	1.0
151226	1.0
151424	1.0
151869	1.0
151944	1.0
152452	1.0
152628	1.0
153528	1.0
153566	1.0
153632	1.0
153642	1.0
153916	1.0
154095	1.0
154204	1.0
154917	1.0
155373	1.0
156094	1.0
156391	1.0
156485	1.0
156583	1.0
156709	1.0
156847	1.0
157526	1.0
157543	1.0
157871	1.0
158293	1.0
158689	1.0
158749	1.0
158884	1.0
158975	1.0
159408	1.0
160139	1.0
160142	1.0
160459	1.0
160774	1.0
160958	1.0
161045	1.0
161755	1.0
162268	1.0
162926	1.0
162938	1.0
163203	1.0
163293	1.0
163354	1.0
163532	1.0
163877	1.0
164007	1.0
164091	1.0
164187	1.0
164454	1.0
164470	1.0
164708	1.0
164830	1.0
165261	1.0
165284	1.0
165327	1.0
165421	1.0
165926	1.0
166367	1.0
166372	1.0
166397	1.0
166439	1.0
166724	1.0
166912	1.0
167027	1.0
167323	1.0
167368	1.0
167777	1.0
168257	1.0
168717	1.0
169210	1.0
169534	1.0
169673	1.0
170046	1.0
170114	1.0
170155	1.0
170161	1.0
170480	1.0
170638	1.0
170756	1.0
171252	1.0
171543	1.0
171646	1.0
171889	1.0
172083	1.0
172317	1.0
172345	1.0
172432	1.0
172553	1.0
172881	1.0
173092	1.0
173352	1.0
173985	1.0
174213	1.0
174414	1.0
174477	1.0
174532	1.0
174859	1.0
175171	1.0
175365	1.0
175418	1.0
175519	1.0
175645	1.0
175755	1.0
175846	1.0
176823	1.0
176922	1.0
177011	1.0
177093	1.0
177247	1.0
177294	1.0
177501	1.0
177547	1.0
177748	1.0
178182	1.0
178568	1.0
178967	1.0
179255	1.0
179367	1.0
179870	1.0
180025	1.0
180659	1.0
180990	1.0
181046	1.0
181139	1.0
181146	1.0
181376	1.0
181499	1.0
181622	1.0
182093	1.0
182167	1.0
182273	1.0
182556	1.0
182728	1.0
183044	1.0
183118	1.0
183608	1.0
183751	1.0
184271	1.0
184449	1.0
185204	1.0
185279	1.0
185391	1.0
185586	1.0
185673	1.0
185719	1.0
185733	1.0
185779	1.0
186137	1.0
186935	1.0
187002	1.0
187166	1.0
187450	1.0
187951	1.0
188542	1.0
188547	1.0
188779	1.0
188781	1.0
189086	1.0
189098	1.0
189106	1.0
189215	1.0
189481	1.0
189606	1.0
189728	1.0
190672	1.0
190765	1.0
190803	1.0
191034	1.0
191114	1.0
191378	1.0
191559	1.0
191623	1.0
191731	1.0
192211	1.0
192442	1.0
192626	1.0
192711	1.0
192890	1.0
193037	1.0
193293	1.0
193315	1.0
194150	1.0
194721	1.0
195052	1.0
195186	1.0
195486	1.0
195508	1.0
195821	1.0
195916	1.0
195979	1.0
196019	1.0
196166	1.0
196169	1.0
196565	1.0
196623	1.0
196649	1.0
196808	1.0
197218	1.0
198002	1.0
198007	1.0
198107	1.0
198489	1.0
198644	1.0
198858	1.0
199350	1.0
199451	1.0
199994	1.0
200173	1.0
200597	1.0
201239	1.0
201265	1.0
201430	1.0
201695	1.0
201895	1.0
201903	1.0
202043	1.0
202139	1.0
202143	1.0
202319	1.0
202378	1.0
202524	1.0
202564	1.0
203108	1.0
203403	1.0
203601	1.0
204029	1.0
204108	1.0
204456	1.0
204817	1.0
205187	1.0
205188	1.0
205242	1.0
205461	1.0
205486	1.0
205525	1.0
205662	1.0
206317	1.0
206386	1.0
206468	1.0
206599	1.0
207467	1.0
207790	1.0
207923	1.0
207940	1.0
208027	1.0
208086	1.0
208229	1.0
208384	1.0
208394	1.0
208943	1.0
209183	1.0
209294	1.0
209607	1.0
209825	1.0
209835	1.0
209840	1.0
209930	1.0
209964	1.0
210379	1.0
210408	1.0
210450	1.0
210556	1.0
211008	1.0
211014	1.0
211097	1.0
211238	1.0
211464	1.0
211740	1.0
211752	1.0
211773	1.0
212214	1.0
212247	1.0
212476	1.0
212651	1.0
212739	1.0
212781	1.0
212811	1.0
213264	1.0
213602	1.0
213932	1.0
213995	1.0
214102	1.0
214215	1.0
214398	1.0
214814	1.0
214982	1.0
215259	1.0
215339	1.0
215343	1.0
216108	1.0
216162	1.0
216199	1.0
216238	1.0
216948	1.0
217085	1.0
217498	1.0
217532	1.0
217586	1.0
217595	1.0
218023	1.0
218149	1.0
218653	1.0
218959	1.0
219253	1.0
219594	1.0
219709	1.0
219881	1.0
219892	1.0
219976	1.0
220110	1.0
220204	1.0
220405	1.0
220778	1.0
220861	1.0
221205	1.0
221412	1.0
221866	1.0
221984	1.0
222083	1.0
222114	1.0
222215	1.0
222236	1.0
222290	1.0
222363	1.0
222413	1.0
222517	1.0
223311	1.0
223689	1.0
223700	1.0
224156	1.0
224335	1.0
224735	1.0
225368	1.0
226052	1.0
226217	1.0
226289	1.0
226704	1.0
226814	1.0
227204	1.0
227863	1.0
