2020-04-16 19:19:49

CONFIGURATION:
{u'simulation': {u'stdev_factor': 0.01, u'power_mgmt_enabled': False, u'tasks': {u'loc': {u'mean_service_time': {u'gpu': 90, u'cpu_core': 200, u'loc_accel': 10}, u'priority': 1, u'deadline': 1000, u'stdev_service_time': {u'gpu': 0.9, u'cpu_core': 2.0, u'loc_accel': 0.1}, u'power': {u'gpu': 4.457, u'cpu_core': 6.133, u'loc_accel': 0.02197}}, u'detect': {u'mean_service_time': {u'gpu': 0.4607, u'cpu_core': 3.654, u'det_accel': 0.278}, u'priority': 2, u'deadline': 1000, u'stdev_service_time': {u'gpu': 0.004607, u'cpu_core': 0.03654, u'det_accel': 0.0027800000000000004}, u'power': {u'gpu': 90, u'cpu_core': 200, u'det_accel': 10}}, u'Frontier': {u'mean_service_time': {u'cpu_core': 396}, u'priority': 9, u'deadline': 1000, u'stdev_service_time': {u'cpu_core': 3.96}, u'power': {u'cpu_core': 5.98}}, u'track': {u'mean_service_time': {u'gpu': 17, u'tra_accel': 2, u'cpu_core': 1820}, u'priority': 3, u'deadline': 1000, u'stdev_service_time': {u'gpu': 0.17, u'tra_accel': 0.02, u'cpu_core': 18.2}, u'power': {u'gpu': 12.79, u'tra_accel': 0.59, u'cpu_core': 5.6}}, u'sp': {u'mean_service_time': {u'gpu': 379, u'cpu_core': 1004}, u'priority': 11, u'deadline': 1000, u'stdev_service_time': {u'gpu': 3.79, u'cpu_core': 10.040000000000001}, u'power': {u'gpu': 3.302, u'cpu_core': 1004}}, u'mission': {u'mean_service_time': {u'cpu_core': 0.0022}, u'priority': 5, u'deadline': 1000, u'stdev_service_time': {u'cpu_core': 2.2000000000000003e-05}, u'power': {u'cpu_core': 3.534}}, u'motion': {u'mean_service_time': {u'cpu_core': 8}, u'priority': 6, u'deadline': 1000, u'stdev_service_time': {u'cpu_core': 0.08}, u'power': {u'cpu_core': 4.222}}, u'collision': {u'mean_service_time': {u'cpu_core': 8}, u'priority': 7, u'deadline': 1000, u'stdev_service_time': {u'cpu_core': 0.08}, u'power': {u'cpu_core': 0}}, u'fusion': {u'mean_service_time': {u'cpu_core': 1}, u'priority': 4, u'deadline': 1000, u'stdev_service_time': {u'cpu_core': 0.01}, u'power': {u'cpu_core': 0}}, u'map': {u'mean_service_time': {u'gpu': 761, u'cpu_core': 973}, u'priority': 10, u'deadline': 1000, u'stdev_service_time': {u'gpu': 7.61, u'cpu_core': 9.73}, u'power': {u'gpu': 3.533, u'cpu_core': 2.995}}, u'path': {u'mean_service_time': {u'cpu_core': 8}, u'priority': 8, u'deadline': 1000, u'stdev_service_time': {u'cpu_core': 0.08}, u'power': {u'cpu_core': 0}}}, u'sched_policy_module': u'policies.heft', u'drop': True, u'servers': {u'gpu': {u'count': 2}, u'tra_accel': {u'count': 1}, u'cpu_core': {u'count': 8}, u'loc_accel': {u'count': 1}, u'det_accel': {u'count': 1}}, u'max_tasks_simulated': 10000, u'max_queue_size': 1000000, u'mean_arrival_time': 50, u'arrival_time_scale': 4.2}, u'general': {u'random_seed': 0, u'pre_gen_arrivals': False, u'basename': u'policy:heft__stdev_factor:0.01', u'output_trace_file': None, u'working_dir': u'/home/hiwot/meta-stomp2/sim_16042020_191827_new_arrival_50_map_rheftmapping_50_trace_10', u'input_trace_file': (False, '../mv_mapping_50_trace_10.trc'), u'logging_level': u'INFO'}}
Time	Response time (avg)
1796	495.0
1918	495.0
2833	495.0
4240	495.0
5144	495.0
6530	495.0
7050	495.0
9142	495.0
9436	495.0
9753	485.1
10108	486.0
10387	486.8
10923	487.4
11561	487.9
12243	481.8
12281	476.4
13463	477.5
13577	478.5
13835	474.2
13976	475.2
14677	476.1
16922	472.5
17102	473.5
17252	474.4
17997	471.2
18053	472.2
18203	473.0
19004	473.8
19154	474.5
19955	475.2
20330	475.8
21281	476.4
22037	477.0
22529	477.5
22939	478.0
23153	478.5
23342	478.9
23855	479.4
23943	479.8
24669	480.1
25576	480.5
26131	480.9
27842	481.2
28107	479.2
29067	479.6
31784	479.9
31796	480.3
32114	478.5
33077	478.8
33477	479.2
34495	477.5
34724	477.9
35312	478.2
38800	476.7
39268	477.0
40688	477.3
41952	477.6
42248	476.2
43691	476.5
44132	476.9
47366	477.1
47889	475.8
48317	476.1
48714	474.9
50100	475.2
50680	475.5
51335	475.8
51631	476.1
51900	476.3
52305	476.6
52864	476.9
54854	477.1
54943	477.4
55163	476.3
56837	476.5
57223	476.8
58970	477.0
59392	477.2
59787	476.2
61532	476.4
62135	476.7
62469	476.9
63053	477.1
63658	477.3
63826	477.5
64609	477.7
64922	477.9
65399	477.0
65938	477.2
66039	477.4
67135	477.6
67394	476.7
67914	476.9
68324	477.1
68612	476.2
68865	476.4
69720	475.6
69820	475.8
70157	475.0
70770	475.2
71105	475.4
71186	475.6
72095	475.8
72209	476.0
73046	476.2
74200	476.3
74721	476.5
76014	476.7
76657	476.8
77270	477.0
78221	477.2
78548	477.3
79298	477.5
79499	477.6
79866	477.8
81631	477.9
82253	477.2
82477	477.4
83079	477.5
83358	476.9
83428	477.0
84379	477.2
85049	477.3
85443	477.4
87545	477.6
87738	476.9
88291	477.1
88381	477.2
88496	477.4
89076	477.5
89651	477.6
91342	477.8
92256	477.9
94897	478.0
96533	478.1
98224	478.3
98532	478.4
99093	478.5
99483	478.6
99675	478.0
99713	477.5
99788	476.9
99918	476.3
100248	476.4
100434	476.6
100937	476.7
101199	476.8
101385	476.9
103180	477.1
103341	477.2
104713	477.3
106128	477.4
106470	476.9
108142	476.4
109005	476.5
109841	476.6
110194	476.7
110792	476.8
111057	476.3
111095	475.8
111344	475.9
112793	476.1
114916	476.2
115214	476.3
115867	476.4
116196	476.5
117166	476.6
117869	476.1
118028	476.3
118266	476.4
118657	476.5
120168	476.6
122470	476.7
123035	476.2
125310	476.3
125545	476.4
125666	476.5
126775	476.7
126954	476.2
127349	475.8
127613	475.9
127726	476.0
128441	475.5
128564	475.6
128691	475.7
129560	475.8
130815	475.9
130914	475.5
131032	475.1
131141	474.7
131766	474.8
132832	474.9
133189	475.0
133544	474.6
133783	474.7
134547	474.3
134734	474.4
135244	474.5
136045	474.6
136591	474.7
136636	474.8
138281	474.4
138640	474.5
138781	474.6
139591	474.7
140123	474.8
141332	474.9
141669	475.0
142926	474.6
143485	474.3
143699	474.4
144508	474.5
145238	474.6
146255	474.6
147206	474.7
147756	474.8
147792	474.9
148157	475.0
149468	475.1
150963	475.2
152622	475.3
154911	475.4
155365	475.5
156385	475.6
158287	475.6
158878	475.3
160136	475.4
160451	475.5
160768	475.1
161037	474.8
162920	474.9
163195	474.9
163526	475.0
163871	475.1
164462	475.2
164822	475.3
165321	475.0
165413	475.0
166361	475.1
166364	475.2
166906	475.3
167315	475.4
168251	475.4
170149	475.5
170474	475.2
171537	474.9
171883	475.0
172311	474.6
172545	474.3
173086	474.4
173979	474.5
174853	474.6
175163	474.7
175359	474.3
175749	474.0
177005	473.7
177085	473.8
177286	473.9
179359	474.0
180019	474.1
181136	474.1
181491	474.2
182087	474.3
183038	474.4
183602	474.5
184443	474.2
185273	474.2
185711	474.3
187444	474.4
188536	474.5
188771	474.5
189080	474.3
189090	474.0
189473	474.0
189722	474.1
192205	474.2
192436	473.9
192705	473.6
193031	473.7
193307	473.8
195046	473.9
195815	473.9
195908	474.0
195971	474.1
196161	474.2
196617	474.2
199445	474.3
199988	474.0
201233	474.1
201424	473.8
202037	473.9
202518	474.0
202556	474.1
203102	474.1
203595	474.2
204102	474.3
204450	474.3
204811	474.4
205179	474.1
206311	474.2
206378	474.3
207461	474.4
207932	474.4
209177	474.2
209286	473.9
209599	474.0
209834	474.0
209958	473.8
210402	473.9
210550	473.9
211002	474.0
212241	474.1
212468	474.1
216193	474.2
217079	474.3
220399	474.3
222077	474.1
222405	474.1
223694	474.2
224329	474.3
226046	474.3
226808	474.4
227857	474.5
