2020-04-16 19:19:49

CONFIGURATION:
{u'simulation': {u'stdev_factor': 0.01, u'power_mgmt_enabled': False, u'tasks': {u'loc': {u'mean_service_time': {u'gpu': 90, u'cpu_core': 200, u'loc_accel': 10}, u'priority': 1, u'deadline': 1000, u'stdev_service_time': {u'gpu': 0.9, u'cpu_core': 2.0, u'loc_accel': 0.1}, u'power': {u'gpu': 4.457, u'cpu_core': 6.133, u'loc_accel': 0.02197}}, u'detect': {u'mean_service_time': {u'gpu': 0.4607, u'cpu_core': 3.654, u'det_accel': 0.278}, u'priority': 2, u'deadline': 1000, u'stdev_service_time': {u'gpu': 0.004607, u'cpu_core': 0.03654, u'det_accel': 0.0027800000000000004}, u'power': {u'gpu': 90, u'cpu_core': 200, u'det_accel': 10}}, u'Frontier': {u'mean_service_time': {u'cpu_core': 396}, u'priority': 9, u'deadline': 1000, u'stdev_service_time': {u'cpu_core': 3.96}, u'power': {u'cpu_core': 5.98}}, u'track': {u'mean_service_time': {u'gpu': 17, u'tra_accel': 2, u'cpu_core': 1820}, u'priority': 3, u'deadline': 1000, u'stdev_service_time': {u'gpu': 0.17, u'tra_accel': 0.02, u'cpu_core': 18.2}, u'power': {u'gpu': 12.79, u'tra_accel': 0.59, u'cpu_core': 5.6}}, u'sp': {u'mean_service_time': {u'gpu': 379, u'cpu_core': 1004}, u'priority': 11, u'deadline': 1000, u'stdev_service_time': {u'gpu': 3.79, u'cpu_core': 10.040000000000001}, u'power': {u'gpu': 3.302, u'cpu_core': 1004}}, u'mission': {u'mean_service_time': {u'cpu_core': 0.0022}, u'priority': 5, u'deadline': 1000, u'stdev_service_time': {u'cpu_core': 2.2000000000000003e-05}, u'power': {u'cpu_core': 3.534}}, u'motion': {u'mean_service_time': {u'cpu_core': 8}, u'priority': 6, u'deadline': 1000, u'stdev_service_time': {u'cpu_core': 0.08}, u'power': {u'cpu_core': 4.222}}, u'collision': {u'mean_service_time': {u'cpu_core': 8}, u'priority': 7, u'deadline': 1000, u'stdev_service_time': {u'cpu_core': 0.08}, u'power': {u'cpu_core': 0}}, u'fusion': {u'mean_service_time': {u'cpu_core': 1}, u'priority': 4, u'deadline': 1000, u'stdev_service_time': {u'cpu_core': 0.01}, u'power': {u'cpu_core': 0}}, u'map': {u'mean_service_time': {u'gpu': 761, u'cpu_core': 973}, u'priority': 10, u'deadline': 1000, u'stdev_service_time': {u'gpu': 7.61, u'cpu_core': 9.73}, u'power': {u'gpu': 3.533, u'cpu_core': 2.995}}, u'path': {u'mean_service_time': {u'cpu_core': 8}, u'priority': 8, u'deadline': 1000, u'stdev_service_time': {u'cpu_core': 0.08}, u'power': {u'cpu_core': 0}}}, u'sched_policy_module': u'policies.heft', u'drop': True, u'servers': {u'gpu': {u'count': 2}, u'tra_accel': {u'count': 1}, u'cpu_core': {u'count': 8}, u'loc_accel': {u'count': 1}, u'det_accel': {u'count': 1}}, u'max_tasks_simulated': 10000, u'max_queue_size': 1000000, u'mean_arrival_time': 50, u'arrival_time_scale': 4.2}, u'general': {u'random_seed': 0, u'pre_gen_arrivals': False, u'basename': u'policy:heft__stdev_factor:0.01', u'output_trace_file': None, u'working_dir': u'/home/hiwot/meta-stomp2/sim_16042020_191827_new_arrival_50_map_rheftmapping_50_trace_10', u'input_trace_file': (False, '../mv_mapping_50_trace_10.trc'), u'logging_level': u'INFO'}}
Time	Response time (avg)
10	10.0
350	10.0
472	10.0
871	10.0
1387	10.0
1606	10.0
2059	10.0
2236	10.0
2740	10.0
2773	10.0
2794	10.0
2819	10.0
3399	10.0
3416	10.0
3433	10.0
3542	10.0
3580	10.0
3613	10.0
4268	10.0
4667	10.0
4730	10.0
4819	10.0
4877	10.0
5604	10.0
5873	10.0
6448	10.0
6629	10.0
6986	10.0
7057	10.0
7696	10.0
7960	10.0
7990	10.0
8141	10.0
8603	10.0
8662	10.0
8825	10.0
8876	10.0
8909	10.0
9212	10.0
9380	10.0
10115	10.0
10169	10.0
10337	10.0
10631	10.0
10669	10.0
10888	10.0
10925	10.0
11543	10.0
11669	10.0
11854	10.0
11866	10.0
12202	10.0
12223	10.0
12265	10.0
12719	10.0
12744	10.0
12983	10.0
13231	10.0
13307	10.0
14159	10.0
14365	10.0
14378	10.0
14458	10.0
14705	10.0
14802	10.0
15310	10.0
15642	10.0
15806	10.0
15890	10.0
16385	10.0
16398	10.0
16423	10.0
16679	10.0
16705	10.0
17242	10.0
17448	10.0
17616	10.0
17687	10.0
17830	10.0
17906	10.0
18103	10.0
18212	10.0
18427	10.0
18884	10.0
18926	10.0
19195	10.0
19640	10.0
19783	10.0
20115	10.0
20157	10.0
20384	10.0
20451	10.0
20461	10.0
20644	10.0
20808	10.0
20818	10.0
20934	10.0
21228	10.0
21295	10.0
21346	10.0
21707	10.0
21717	10.1
21896	10.1
22051	10.1
22072	10.1
22144	10.1
22232	10.1
22946	10.1
23223	10.1
23315	10.1
23366	10.1
23454	10.1
23719	10.1
24130	10.1
24685	10.1
25445	10.1
25520	10.1
25705	10.1
25898	10.1
25953	10.1
26188	10.1
26348	10.1
26495	10.1
26890	10.1
27032	10.1
27066	10.1
27247	10.1
27356	10.1
27574	10.1
27633	10.1
28364	10.1
28444	10.1
29065	10.1
29237	10.1
29330	10.1
29342	10.1
30107	10.1
30338	10.1
30350	10.1
30451	10.1
30502	10.1
30607	10.1
31031	10.1
31144	10.1
31169	10.1
31413	10.1
31631	10.1
31766	10.1
32144	10.1
32177	10.1
32387	10.1
32883	10.1
33278	10.1
33311	10.1
33505	10.1
33706	10.1
33866	10.1
34664	10.1
34786	10.1
35206	10.1
36088	10.1
36613	10.1
36810	10.1
36957	10.1
37188	10.1
37209	10.1
37553	10.1
37822	10.1
39170	10.1
39242	10.1
39784	10.1
39859	10.1
40174	10.1
40187	10.1
40405	10.1
40506	10.1
40598	10.1
40636	10.1
41291	10.1
41867	10.1
42245	10.1
42257	10.1
42631	10.1
42686	10.1
42696	10.1
42711	10.1
42749	10.1
43232	10.1
43396	10.1
43660	10.1
43719	10.1
44160	10.1
44538	10.1
44580	10.1
45727	10.1
45920	10.1
45991	10.1
46277	10.1
46726	10.1
47092	10.1
47102	10.1
47474	10.1
48058	10.1
48654	10.1
49234	10.1
49889	10.1
50044	10.1
50065	10.1
50107	10.1
50179	10.1
50189	10.1
50254	10.1
50594	10.1
51283	10.1
51418	10.1
52136	10.1
53408	10.1
53497	10.1
53551	10.1
54954	10.1
55025	10.1
55294	10.1
55391	10.1
55542	10.1
55552	10.2
55777	10.2
55798	10.2
55828	10.2
56537	10.2
56995	10.2
57524	10.2
57894	10.2
57928	10.2
58175	10.2
58835	10.2
59738	10.2
60086	10.2
60141	10.2
60217	10.2
60536	10.2
60679	10.2
60758	10.2
61208	10.2
61342	10.2
61367	10.2
61687	10.2
61766	10.2
62212	10.2
62380	10.2
62615	10.2
62783	10.2
63052	10.2
63476	10.2
63627	10.1
63757	10.1
63787	10.1
63797	10.2
64055	10.2
64144	10.2
64492	10.2
64502	10.2
64593	10.2
64849	10.2
64916	10.2
64963	10.2
65080	10.2
65236	10.2
65517	10.2
65689	10.2
65782	10.2
66004	10.2
66055	10.2
66235	10.2
66382	10.2
66407	10.2
66420	10.2
66878	10.2
67000	10.2
67210	10.2
67264	10.2
67281	10.2
67411	10.2
67642	10.2
68108	10.2
68373	10.2
68411	10.2
68520	10.2
68545	10.2
68789	10.2
68835	10.2
68885	10.2
69272	10.2
69394	10.2
69587	10.2
69843	10.2
70234	10.2
70528	10.2
70649	10.2
70687	10.2
70721	10.2
70733	10.1
70750	10.1
70763	10.1
70773	10.2
70872	10.2
71342	10.2
71464	10.2
71561	10.2
71649	10.2
72010	10.2
72111	10.2
72166	10.2
72623	10.2
72682	10.2
72754	10.2
73010	10.2
73022	10.2
73228	10.2
73308	10.2
73652	10.2
74228	10.2
74484	10.2
74518	10.2
74568	10.2
74774	10.2
74845	10.2
74921	10.2
74946	10.2
75013	10.2
75824	10.2
76151	10.2
76214	10.2
76538	10.2
76651	10.2
76668	10.2
76861	10.2
76962	10.2
77046	10.2
77852	10.2
78029	10.2
78155	10.1
78251	10.1
78302	10.1
78398	10.1
78474	10.1
78587	10.1
78760	10.1
78770	10.2
79070	10.2
79234	10.2
79244	10.2
79264	10.2
80070	10.2
80080	10.2
80099	10.2
80641	10.2
80839	10.2
81028	10.2
81368	10.2
81746	10.2
81872	10.2
81893	10.2
82724	10.2
82821	10.2
82880	10.2
83161	10.2
83338	10.2
83531	10.2
83770	10.2
83997	10.2
84064	10.2
84522	10.2
85148	10.2
85736	10.2
85984	10.2
86089	10.2
86126	10.2
86580	10.2
86672	10.2
86882	10.2
87038	10.2
87092	10.2
87353	10.2
87365	10.2
88205	10.2
88945	10.2
89087	10.2
89843	10.2
89856	10.2
90074	10.2
90112	10.2
90507	10.2
90545	10.2
91137	10.2
91372	10.2
91389	10.2
93451	10.2
94136	10.2
94312	10.2
94930	10.2
95022	10.2
95032	10.2
95627	10.2
96135	10.2
96145	10.2
96383	10.2
96513	10.2
96975	10.2
97038	10.2
97147	10.2
97361	10.2
97647	10.2
97907	10.2
98063	10.2
98101	10.2
98176	10.2
98306	10.2
98756	10.2
98802	10.2
98907	10.2
99226	10.2
99747	10.2
99890	10.2
100528	10.2
100944	10.2
101557	10.2
101645	10.2
101734	10.2
101750	10.2
101797	10.2
101855	10.2
101881	10.2
101914	10.2
102410	10.2
102716	10.2
103069	10.2
103170	10.2
103267	10.2
103376	10.2
103485	10.2
104056	10.2
104363	10.2
104682	10.2
104732	10.2
104858	10.2
104879	10.2
105068	10.2
105371	10.2
105614	10.2
105812	10.2
105913	10.2
106102	10.2
106404	10.2
106421	10.2
106530	10.2
107030	10.2
107126	10.2
107559	10.2
107647	10.2
107857	10.2
108181	10.2
108395	10.2
108466	10.2
108748	10.2
109176	10.2
109399	10.2
109445	10.2
109483	10.2
109495	10.2
109898	10.2
110045	10.2
110055	10.2
110065	10.2
110348	10.2
110625	10.2
111259	10.2
111347	10.2
111574	10.2
112292	10.2
112372	10.2
112817	10.2
113082	10.2
113460	10.2
113470	10.2
113480	10.2
113603	10.2
113851	10.2
114035	10.2
114212	10.2
114397	10.2
114407	10.2
114417	10.2
114485	10.2
115438	10.2
115631	10.2
115720	10.2
116257	10.2
116417	10.2
116702	10.2
116820	10.2
116946	10.2
117177	10.2
117328	10.2
117576	10.2
117660	10.2
117815	10.2
118424	10.2
118513	10.2
118523	10.2
118546	10.2
118588	10.2
119025	10.2
119626	10.2
119857	10.2
119894	10.2
119932	10.2
120104	10.2
120621	10.2
120751	10.2
121024	10.2
121360	10.2
121423	10.2
121465	10.2
121520	10.2
121696	10.2
121931	10.2
122414	10.2
122830	10.2
122931	10.2
123036	10.2
123246	10.2
123322	10.2
123334	10.2
123599	10.2
124099	10.2
124220	10.2
125216	10.2
125245	10.2
125329	10.2
125342	10.2
125737	10.2
126039	10.2
126199	10.2
126320	10.2
126480	10.2
126829	10.2
126950	10.2
126963	10.2
126980	10.2
127236	10.2
127295	10.2
127467	10.2
127488	10.2
127849	10.2
127967	10.2
128059	10.2
128093	10.2
128345	10.2
128355	10.2
128555	10.2
128668	10.2
128790	10.2
128878	10.2
129109	10.2
129281	10.2
129302	10.2
129420	10.2
129529	10.2
129706	10.2
130012	10.2
130252	10.2
130361	10.2
130457	10.2
130672	10.2
131386	10.2
131743	10.2
131932	10.2
131942	10.2
132217	10.2
132263	10.2
132847	10.2
132935	10.2
133208	10.2
133238	10.2
133248	10.2
133305	10.2
133452	10.2
133658	10.2
133759	10.2
134040	10.2
134334	10.2
134363	10.2
134544	10.2
134880	10.2
135010	10.2
135052	10.2
135145	10.2
135262	10.2
135850	10.2
135922	10.2
136035	10.2
136211	10.2
136245	10.2
136384	10.2
136669	10.2
137194	10.2
137261	10.2
137316	10.2
137509	10.2
137593	10.2
137686	10.2
137967	10.2
138043	10.2
138244	10.2
138677	10.2
138731	10.2
138866	10.2
139555	10.2
139886	10.2
139958	10.2
140609	10.2
141302	10.2
141314	10.2
141432	10.2
141671	10.2
141873	10.2
141932	10.2
141982	10.2
142184	10.2
142558	10.2
142675	10.2
142797	10.2
143230	10.2
143305	10.2
143792	10.2
143813	10.2
143902	10.2
144095	10.2
144809	10.2
145359	10.2
145519	10.2
145624	10.2
145804	10.2
145821	10.2
145855	10.2
145880	10.2
145934	10.2
146081	10.2
146241	10.2
146258	10.2
146304	10.2
146594	10.2
146905	10.2
147308	10.2
147640	10.2
147757	10.2
148236	10.2
148698	10.2
149362	10.2
149517	10.2
150269	10.2
151176	10.2
151420	10.2
151495	10.2
151865	10.2
151940	10.2
152675	10.2
152685	10.2
152696	10.2
152982	10.2
153200	10.2
153524	10.2
153562	10.2
153919	10.2
154091	10.2
154939	10.2
155137	10.2
155489	10.2
155872	10.2
156481	10.2
156569	10.2
156579	10.2
156661	10.2
157266	10.2
157539	10.2
157732	10.2
157778	10.2
157867	10.2
158690	10.2
158971	10.2
159005	10.2
159156	10.2
159404	10.2
159425	10.2
160135	10.2
160798	10.2
160954	10.2
161474	10.2
161668	10.2
161718	10.2
161815	10.2
162134	10.2
162264	10.2
162386	10.2
163016	10.2
163184	10.2
163234	10.2
163289	10.2
163486	10.2
163709	10.2
163810	10.2
164003	10.2
164041	10.2
164087	10.2
164183	10.2
164318	10.2
164650	10.2
164704	10.2
164780	10.2
165460	10.2
165729	10.2
166283	10.2
166393	10.2
166435	10.2
166540	10.2
166720	10.2
166813	10.2
167023	10.2
168253	10.2
168703	10.2
168713	10.2
168862	10.2
169148	10.2
169530	10.2
169669	10.2
169681	10.2
169925	10.2
170042	10.2
170110	10.2
170437	10.2
170689	10.2
170699	10.2
170752	10.2
170933	10.2
171248	10.2
171319	10.2
171584	10.2
171659	10.2
172079	10.2
172428	10.2
172533	10.2
173348	10.2
173407	10.2
173717	10.2
173747	10.2
174137	10.2
174209	10.2
174410	10.2
174473	10.2
174528	10.2
174688	10.2
174889	10.2
175393	10.2
175414	10.2
175427	10.2
175515	10.2
175603	10.2
175658	10.2
175700	10.2
176027	10.2
176279	10.2
176515	10.2
176737	10.2
176960	10.2
177611	10.2
177913	10.2
178035	10.2
178573	10.2
178963	10.2
179690	10.2
179702	10.2
179770	10.2
179780	10.2
179824	10.2
179866	10.2
180156	10.2
180400	10.2
180597	10.2
181135	10.2
181210	10.2
181336	10.2
181387	10.2
181508	10.2
181891	10.2
182143	10.2
182269	10.2
182794	10.2
182831	10.2
183314	10.2
183827	10.2
184075	10.2
184171	10.2
184364	10.2
184453	10.2
184822	10.2
184915	10.2
185200	10.2
185729	10.2
185998	10.2
186931	10.2
186998	10.2
187090	10.2
187162	10.2
187325	10.2
187468	10.2
187478	10.2
187561	10.2
187762	10.2
187947	10.2
188149	10.2
188275	10.2
188384	10.2
188543	10.2
189211	10.2
189715	10.2
189808	10.2
190492	10.2
190702	10.2
190799	10.2
190824	10.2
191030	10.2
191093	10.2
191110	10.2
191320	10.2
191374	10.2
191404	10.2
191555	10.2
191727	10.2
191861	10.2
191933	10.2
193289	10.2
193600	10.2
193764	10.2
193966	10.2
194104	10.2
194146	10.2
194197	10.2
194260	10.2
194528	10.2
194688	10.2
194906	10.2
195482	10.2
195608	10.2
195851	10.2
195998	10.2
196015	10.2
196162	10.2
196645	10.2
197048	10.2
197687	10.2
197960	10.2
197998	10.2
198103	10.2
198376	10.2
198485	10.2
198854	10.2
199346	10.2
199640	10.2
199787	10.2
199812	10.2
200169	10.2
200547	10.2
200665	10.2
200675	10.2
200807	10.2
200845	10.2
200917	10.2
201097	10.2
201261	10.2
201656	10.2
201899	10.2
202139	10.2
202149	10.2
202181	10.2
202374	10.2
202391	10.2
203004	10.2
203365	10.2
203567	10.2
204025	10.2
204285	10.2
204529	10.2
204600	10.2
204667	10.2
205184	10.2
205457	10.2
205511	10.2
205521	10.2
205658	10.2
206015	10.2
206486	10.2
206570	10.2
206595	10.2
206843	10.2
207233	10.2
207565	10.2
207674	10.2
208023	10.2
208082	10.2
208153	10.2
208199	10.2
208225	10.2
208346	10.2
208380	10.2
208691	10.2
208708	10.2
208939	10.2
209023	10.2
209556	10.2
209821	10.2
209831	10.2
209993	10.2
210018	10.2
210375	10.2
210446	10.2
210467	10.2
210518	10.2
210530	10.2
210551	10.2
210757	10.2
211093	10.2
211694	10.2
211748	10.2
212210	10.2
212307	10.2
212513	10.2
212735	10.2
212777	10.2
212807	10.2
212882	10.2
213092	10.2
213176	10.2
213928	10.2
213991	10.2
214382	10.2
214747	10.2
214810	10.2
214978	10.2
215255	10.2
215339	10.2
215633	10.2
216104	10.2
216158	10.2
216234	10.2
216541	10.2
216629	10.2
216801	10.2
216927	10.2
216944	10.2
217528	10.2
217591	10.2
218002	10.2
218296	10.2
218489	10.2
218649	10.2
218659	10.2
218670	10.2
218859	10.2
219182	10.2
219556	10.2
219590	10.2
219875	10.2
219972	10.2
219985	10.2
220106	10.2
220455	10.2
220465	10.2
220959	10.2
220993	10.2
221014	10.2
221068	10.2
221240	10.2
221295	10.2
221862	10.2
221980	10.2
222110	10.2
222248	10.2
222883	10.2
223181	10.2
223307	10.2
223513	10.2
223685	10.2
224411	10.2
224600	10.2
225205	10.2
225747	10.2
225982	10.2
226213	10.2
226285	10.2
226411	10.2
