2020-04-16 19:19:49

CONFIGURATION:
{u'simulation': {u'stdev_factor': 0.01, u'power_mgmt_enabled': False, u'tasks': {u'loc': {u'mean_service_time': {u'gpu': 90, u'cpu_core': 200, u'loc_accel': 10}, u'priority': 1, u'deadline': 1000, u'stdev_service_time': {u'gpu': 0.9, u'cpu_core': 2.0, u'loc_accel': 0.1}, u'power': {u'gpu': 4.457, u'cpu_core': 6.133, u'loc_accel': 0.02197}}, u'detect': {u'mean_service_time': {u'gpu': 0.4607, u'cpu_core': 3.654, u'det_accel': 0.278}, u'priority': 2, u'deadline': 1000, u'stdev_service_time': {u'gpu': 0.004607, u'cpu_core': 0.03654, u'det_accel': 0.0027800000000000004}, u'power': {u'gpu': 90, u'cpu_core': 200, u'det_accel': 10}}, u'Frontier': {u'mean_service_time': {u'cpu_core': 396}, u'priority': 9, u'deadline': 1000, u'stdev_service_time': {u'cpu_core': 3.96}, u'power': {u'cpu_core': 5.98}}, u'track': {u'mean_service_time': {u'gpu': 17, u'tra_accel': 2, u'cpu_core': 1820}, u'priority': 3, u'deadline': 1000, u'stdev_service_time': {u'gpu': 0.17, u'tra_accel': 0.02, u'cpu_core': 18.2}, u'power': {u'gpu': 12.79, u'tra_accel': 0.59, u'cpu_core': 5.6}}, u'sp': {u'mean_service_time': {u'gpu': 379, u'cpu_core': 1004}, u'priority': 11, u'deadline': 1000, u'stdev_service_time': {u'gpu': 3.79, u'cpu_core': 10.040000000000001}, u'power': {u'gpu': 3.302, u'cpu_core': 1004}}, u'mission': {u'mean_service_time': {u'cpu_core': 0.0022}, u'priority': 5, u'deadline': 1000, u'stdev_service_time': {u'cpu_core': 2.2000000000000003e-05}, u'power': {u'cpu_core': 3.534}}, u'motion': {u'mean_service_time': {u'cpu_core': 8}, u'priority': 6, u'deadline': 1000, u'stdev_service_time': {u'cpu_core': 0.08}, u'power': {u'cpu_core': 4.222}}, u'collision': {u'mean_service_time': {u'cpu_core': 8}, u'priority': 7, u'deadline': 1000, u'stdev_service_time': {u'cpu_core': 0.08}, u'power': {u'cpu_core': 0}}, u'fusion': {u'mean_service_time': {u'cpu_core': 1}, u'priority': 4, u'deadline': 1000, u'stdev_service_time': {u'cpu_core': 0.01}, u'power': {u'cpu_core': 0}}, u'map': {u'mean_service_time': {u'gpu': 761, u'cpu_core': 973}, u'priority': 10, u'deadline': 1000, u'stdev_service_time': {u'gpu': 7.61, u'cpu_core': 9.73}, u'power': {u'gpu': 3.533, u'cpu_core': 2.995}}, u'path': {u'mean_service_time': {u'cpu_core': 8}, u'priority': 8, u'deadline': 1000, u'stdev_service_time': {u'cpu_core': 0.08}, u'power': {u'cpu_core': 0}}}, u'sched_policy_module': u'policies.heft', u'drop': True, u'servers': {u'gpu': {u'count': 2}, u'tra_accel': {u'count': 1}, u'cpu_core': {u'count': 8}, u'loc_accel': {u'count': 1}, u'det_accel': {u'count': 1}}, u'max_tasks_simulated': 10000, u'max_queue_size': 1000000, u'mean_arrival_time': 50, u'arrival_time_scale': 4.2}, u'general': {u'random_seed': 0, u'pre_gen_arrivals': False, u'basename': u'policy:heft__stdev_factor:0.01', u'output_trace_file': None, u'working_dir': u'/home/hiwot/meta-stomp2/sim_16042020_191827_new_arrival_50_map_rheftmapping_50_trace_10', u'input_trace_file': (False, '../mv_mapping_50_trace_10.trc'), u'logging_level': u'INFO'}}
Time	Response time (avg)
13	3.0
874	3.0
1609	3.0
1801	3.5
1925	4.2
2062	4.0
2239	3.9
2743	3.8
2776	3.7
2838	3.8
3402	3.7
3583	3.7
3616	3.6
3775	3.7
4245	3.8
4635	3.8
4701	3.8
5149	3.9
5224	3.9
5652	4.0
5876	4.0
5951	4.0
6098	4.0
6535	4.1
7055	4.1
7060	4.1
7404	4.1
7585	4.1
7963	4.1
8205	4.1
8606	4.0
8912	4.0
9147	4.0
9383	4.0
9441	4.0
9758	4.1
10095	4.0
10115	4.1
10172	4.1
10392	4.1
10891	4.1
10928	4.1
11293	4.1
11566	4.1
12022	4.2
12205	4.1
12248	4.1
12286	4.2
12499	4.2
12722	4.2
12747	4.1
12888	4.1
13468	4.1
13584	4.2
13842	4.2
13939	4.2
13981	4.3
14162	4.2
14368	4.2
14381	4.2
14461	4.2
14528	4.2
14682	4.2
15661	4.2
15758	4.2
16927	4.2
17109	4.3
17109	4.3
17259	4.3
17642	4.3
17833	4.3
17924	4.2
18002	4.3
18058	4.3
18106	4.3
18210	4.3
18215	4.3
18461	4.3
18908	4.3
18929	4.2
19009	4.3
19127	4.3
19161	4.3
19960	4.3
20335	4.3
20414	4.3
20464	4.3
20596	4.3
20811	4.3
20937	4.3
21286	4.3
21334	4.3
21349	4.2
21378	4.3
21670	4.2
21720	4.2
21742	4.2
22042	4.2
22054	4.2
22075	4.2
22514	4.2
22534	4.2
22944	4.2
23158	4.2
23318	4.2
23349	4.2
23369	4.2
23457	4.2
23722	4.2
23860	4.2
23902	4.2
23950	4.2
24674	4.3
25523	4.2
25581	4.3
25708	4.2
26136	4.2
26191	4.2
26401	4.2
26854	4.2
26893	4.2
27069	4.2
27172	4.2
27577	4.2
27847	4.2
27988	4.2
28112	4.2
28303	4.2
28854	4.2
29068	4.2
29072	4.2
29320	4.2
29333	4.2
29400	4.2
30110	4.2
30271	4.2
30351	4.2
30454	4.2
31172	4.2
31416	4.2
31789	4.2
31803	4.2
31826	4.2
32119	4.2
32147	4.2
32245	4.2
32252	4.2
33082	4.2
33196	4.2
33482	4.3
33508	4.2
33538	4.2
33709	4.2
34500	4.2
34530	4.2
34667	4.2
34731	4.2
34789	4.2
35209	4.2
35317	4.2
36616	4.2
37044	4.2
37556	4.2
37766	4.2
37995	4.2
38428	4.2
38805	4.2
39173	4.2
39275	4.2
39787	4.2
39862	4.2
40177	4.2
40408	4.2
40601	4.2
40693	4.2
41143	4.2
41294	4.2
41870	4.2
41957	4.2
42255	4.2
42260	4.2
42634	4.2
42699	4.2
43235	4.2
43663	4.2
43696	4.2
43930	4.2
43970	4.2
44139	4.2
44163	4.2
44352	4.2
44541	4.2
44583	4.2
44675	4.2
45730	4.2
46947	4.2
47371	4.2
47894	4.2
48048	4.2
48061	4.2
48324	4.2
48695	4.2
48721	4.2
50068	4.2
50105	4.2
50257	4.2
50685	4.2
51286	4.2
51326	4.2
51342	4.2
51400	4.2
51638	4.2
51905	4.2
52139	4.2
52312	4.3
52869	4.3
54859	4.3
54950	4.3
54957	4.3
55028	4.3
55168	4.3
55297	4.3
55545	4.3
55555	4.2
55801	4.2
56540	4.2
56842	4.2
57047	4.2
57230	4.2
57931	4.2
57951	4.2
58838	4.2
58975	4.2
59399	4.3
59792	4.3
60144	4.3
60220	4.2
60694	4.3
61370	4.2
61537	4.2
61690	4.2
61769	4.2
61898	4.2
62142	4.2
62164	4.2
62474	4.3
62786	4.2
63058	4.2
63663	4.3
63760	4.2
63831	4.3
63834	4.2
64058	4.2
64147	4.2
64505	4.2
64614	4.2
64848	4.2
64852	4.2
64927	4.2
64966	4.2
65018	4.2
65083	4.2
65239	4.2
65404	4.2
65943	4.2
66044	4.2
66135	4.2
66238	4.2
66385	4.2
66410	4.2
66473	4.2
67140	4.2
67223	4.2
67276	4.2
67401	4.2
67414	4.2
67919	4.2
68329	4.2
68414	4.2
68483	4.2
68502	4.2
68523	4.2
68619	4.2
68785	4.2
68838	4.2
68872	4.2
69725	4.2
69745	4.2
69827	4.3
70104	4.2
70162	4.3
70237	4.2
70531	4.2
70690	4.2
70724	4.2
70736	4.2
70753	4.2
70775	4.2
71062	4.2
71110	4.2
71193	4.2
71652	4.2
71992	4.2
72091	4.2
72102	4.2
72214	4.2
72561	4.2
72670	4.2
72685	4.2
73025	4.2
73051	4.2
73231	4.2
73311	4.2
73330	4.2
73387	4.2
73579	4.2
73655	4.2
74205	4.2
74231	4.2
74449	4.2
74521	4.2
74726	4.2
74777	4.2
74848	4.2
75016	4.2
75440	4.2
76019	4.2
76140	4.2
76217	4.2
76662	4.2
76965	4.2
77107	4.2
77275	4.2
77757	4.2
77887	4.2
78082	4.2
78226	4.2
78553	4.2
78590	4.2
78773	4.2
79073	4.2
79247	4.2
79303	4.2
79472	4.2
79506	4.2
79523	4.2
79619	4.2
79695	4.2
79759	4.2
79871	4.2
80073	4.2
80190	4.2
80485	4.2
81036	4.2
81636	4.2
82092	4.2
82258	4.2
82484	4.2
82727	4.2
83043	4.2
83084	4.2
83363	4.2
83435	4.3
83534	4.2
83994	4.2
84380	4.2
84384	4.2
84525	4.2
84840	4.2
85054	4.2
85285	4.3
85450	4.3
85739	4.3
86104	4.3
86940	4.3
87095	4.3
87356	4.3
87550	4.3
87743	4.3
87891	4.3
88296	4.3
88388	4.3
88503	4.3
89081	4.3
89656	4.3
89901	4.3
90077	4.3
90112	4.3
90115	4.3
91075	4.3
91349	4.3
91375	4.3
91463	4.3
92093	4.3
92261	4.3
92414	4.3
94315	4.3
94902	4.3
94933	4.3
95092	4.3
95630	4.3
95978	4.3
96386	4.3
96538	4.3
96978	4.3
97091	4.3
97101	4.3
97150	4.3
97364	4.3
98229	4.3
98537	4.3
98759	4.3
99098	4.3
99488	4.3
99680	4.3
99720	4.3
99795	4.3
99923	4.3
100253	4.3
100439	4.3
100942	4.3
101206	4.3
101392	4.3
101560	4.3
101648	4.3
101660	4.3
101753	4.3
101900	4.3
102719	4.3
103072	4.3
103074	4.3
103102	4.3
103135	4.3
103187	4.3
103348	4.3
103379	4.3
103631	4.3
104126	4.3
104366	4.3
104704	4.3
104720	4.3
104735	4.3
105071	4.3
105077	4.3
105617	4.3
105815	4.3
106028	4.3
106133	4.3
106407	4.3
106475	4.3
106590	4.3
106869	4.3
107058	4.3
107129	4.3
107642	4.3
107860	4.3
107986	4.3
108147	4.3
108184	4.3
108469	4.3
108866	4.3
109010	4.3
109402	4.3
109498	4.3
109846	4.3
110048	4.3
110068	4.3
110199	4.3
110797	4.3
111062	4.3
111102	4.3
111274	4.3
111304	4.3
111351	4.3
111577	4.3
111846	4.3
112215	4.3
112295	4.3
112798	4.3
113085	4.3
113328	4.3
113463	4.3
113773	4.3
114038	4.3
114400	4.3
114699	4.3
114921	4.3
115070	4.3
115219	4.3
115441	4.3
115628	4.3
115638	4.3
115872	4.3
116203	4.3
116587	4.3
116705	4.3
117171	4.3
117579	4.3
117818	4.3
117874	4.3
118035	4.3
118273	4.3
118396	4.3
118427	4.3
118489	4.3
118526	4.3
118591	4.3
118662	4.3
118727	4.3
119028	4.3
119469	4.3
119629	4.3
119897	4.3
120107	4.3
120173	4.3
120624	4.3
120754	4.3
120813	4.3
120888	4.3
122316	4.3
122417	4.3
122475	4.3
122684	4.3
122741	4.3
122833	4.3
122917	4.3
122931	4.3
123040	4.3
123325	4.3
123887	4.3
123992	4.3
124465	4.3
124555	4.3
125248	4.3
125315	4.3
125550	4.3
125673	4.3
126172	4.3
126323	4.3
126780	4.3
126959	4.3
127239	4.3
127298	4.3
127354	4.3
127618	4.3
127699	4.3
127733	4.3
128062	4.3
128096	4.3
128182	4.3
128358	4.3
128423	4.3
128446	4.3
128571	4.3
128696	4.3
128709	4.3
128793	4.3
129025	4.3
129112	4.3
129374	4.3
129565	4.3
129774	4.3
129889	4.3
129976	4.3
130460	4.3
130820	4.3
130919	4.3
130925	4.3
130968	4.3
131039	4.3
131148	4.3
131582	4.3
131771	4.3
131893	4.3
132220	4.3
132837	4.3
133161	4.3
133196	4.3
133308	4.3
133455	4.3
133549	4.3
133788	4.3
133803	4.3
134457	4.3
134469	4.3
134554	4.3
134741	4.3
134978	4.3
135148	4.3
135195	4.3
135249	4.3
135265	4.3
135584	4.3
135705	4.3
135853	4.3
135925	4.3
136038	4.3
136050	4.3
136248	4.3
136271	4.3
136598	4.3
136643	4.3
137167	4.3
137264	4.3
137340	4.3
137512	4.3
137689	4.3
138247	4.3
138286	4.3
138645	4.3
138786	4.3
138814	4.3
139262	4.3
139596	4.3
139952	4.3
140085	4.3
140130	4.3
140511	4.3
141337	4.3
141565	4.3
141676	4.3
141935	4.3
142258	4.3
142516	4.3
142890	4.3
142933	4.3
143203	4.3
143308	4.3
143490	4.3
143514	4.3
143706	4.3
143896	4.3
143905	4.3
144186	4.3
144513	4.3
145032	4.3
145137	4.3
145245	4.3
145522	4.3
145807	4.3
146260	4.3
146261	4.3
146315	4.3
146908	4.3
147040	4.3
147076	4.3
147101	4.3
147155	4.3
147213	4.3
147523	4.3
147761	4.3
147799	4.3
148162	4.3
148239	4.3
148264	4.3
148618	4.3
149365	4.3
149473	4.3
149654	4.3
150968	4.3
151225	4.3
151423	4.3
151868	4.3
151943	4.3
152451	4.3
152627	4.3
153527	4.3
153565	4.3
153631	4.3
153641	4.3
153915	4.3
154094	4.3
154203	4.3
154916	4.3
155372	4.3
156093	4.3
156390	4.3
156484	4.3
156582	4.3
156708	4.3
156846	4.3
157525	4.3
157542	4.3
157870	4.3
158292	4.3
158688	4.3
158748	4.3
158883	4.3
158974	4.3
159407	4.3
160138	4.3
160141	4.3
160458	4.3
160773	4.3
160957	4.3
161044	4.3
161754	4.3
162267	4.3
162925	4.3
162937	4.3
163202	4.3
163292	4.3
163353	4.3
163531	4.3
163876	4.3
164006	4.3
164090	4.3
164186	4.3
164453	4.3
164469	4.3
164707	4.3
164829	4.3
165260	4.3
165283	4.3
165326	4.3
165420	4.3
165925	4.3
166366	4.3
166369	4.3
166396	4.3
166438	4.3
166723	4.3
166911	4.3
167026	4.3
167322	4.3
167367	4.3
167776	4.3
168256	4.3
168716	4.3
169209	4.3
169533	4.3
169672	4.3
170045	4.3
170113	4.3
170154	4.3
170160	4.3
170479	4.3
170637	4.3
170755	4.3
171251	4.3
171542	4.3
171645	4.3
171888	4.3
172082	4.3
172316	4.3
172344	4.3
172431	4.3
172552	4.3
172880	4.3
173091	4.3
173351	4.3
173984	4.3
174212	4.3
174413	4.3
174476	4.3
174531	4.3
174858	4.3
175170	4.3
175364	4.3
175417	4.3
175518	4.3
175644	4.3
175754	4.3
175845	4.3
176822	4.3
176921	4.3
177010	4.3
177092	4.3
177246	4.3
177293	4.3
177500	4.3
177546	4.3
177747	4.3
178181	4.3
178567	4.3
178966	4.3
179254	4.3
179366	4.3
179869	4.3
180024	4.3
180658	4.3
180989	4.3
181045	4.3
181138	4.3
181143	4.3
181375	4.3
181498	4.3
181621	4.3
182092	4.3
182166	4.3
182272	4.3
182555	4.3
182727	4.3
183043	4.3
183117	4.3
183607	4.3
183750	4.3
184270	4.3
184448	4.3
185203	4.3
185278	4.3
185390	4.3
185585	4.3
185672	4.3
185718	4.3
185732	4.3
185778	4.3
186136	4.3
186934	4.3
187001	4.3
187165	4.3
187449	4.3
187950	4.3
188541	4.3
188546	4.3
188778	4.3
188780	4.3
189085	4.3
189097	4.3
189105	4.3
189214	4.3
189480	4.3
189605	4.3
189727	4.3
190671	4.4
190764	4.4
190802	4.3
191033	4.3
191113	4.3
191377	4.3
191558	4.3
191622	4.3
191730	4.3
192210	4.3
192441	4.3
192625	4.3
192710	4.3
192889	4.3
193036	4.3
193292	4.3
193314	4.3
194149	4.3
194720	4.3
195051	4.3
195185	4.3
195485	4.3
195507	4.3
195820	4.3
195915	4.3
195978	4.4
196018	4.4
196165	4.3
196168	4.4
196564	4.4
196622	4.4
196648	4.4
196807	4.4
197217	4.4
198001	4.4
198004	4.4
198106	4.3
198488	4.3
198643	4.3
198857	4.3
199349	4.3
199450	4.3
199993	4.3
200172	4.3
200596	4.3
201238	4.3
201264	4.3
201429	4.3
201694	4.3
201894	4.3
201902	4.3
202042	4.3
202138	4.3
202142	4.3
202318	4.3
202377	4.3
202523	4.3
202563	4.3
203107	4.3
203402	4.3
203600	4.3
204028	4.3
204107	4.3
204455	4.3
204816	4.3
205184	4.4
205187	4.3
205241	4.3
205460	4.3
205485	4.3
205524	4.3
205661	4.3
206316	4.3
206385	4.3
206467	4.4
206598	4.3
207466	4.3
207789	4.3
207922	4.3
207939	4.4
208026	4.4
208085	4.3
208228	4.3
208383	4.3
208393	4.3
208942	4.3
209182	4.3
209293	4.3
209606	4.4
209824	4.4
209834	4.3
209839	4.3
209929	4.4
209963	4.4
210378	4.3
210407	4.3
210449	4.3
210555	4.3
211007	4.3
211011	4.4
211096	4.3
211237	4.3
211463	4.3
211739	4.3
211751	4.3
211772	4.3
212213	4.3
212246	4.3
212475	4.4
212650	4.4
212738	4.3
212780	4.3
212810	4.3
213263	4.3
213601	4.3
213931	4.3
213994	4.3
214101	4.3
214214	4.3
214397	4.3
214813	4.3
214981	4.3
215258	4.3
215338	4.3
215342	4.3
216107	4.3
216161	4.3
216198	4.3
216237	4.3
216947	4.3
217084	4.3
217497	4.3
217531	4.3
217585	4.3
217594	4.3
218022	4.3
218148	4.3
218652	4.3
218958	4.3
219252	4.3
219593	4.3
219708	4.3
219880	4.3
219891	4.3
219975	4.3
220109	4.3
220203	4.3
220404	4.3
220777	4.3
220860	4.3
221204	4.3
221411	4.3
221865	4.3
221983	4.3
222082	4.3
222113	4.3
222214	4.3
222235	4.3
222289	4.3
222362	4.3
222412	4.3
222516	4.3
223310	4.3
223688	4.3
223699	4.3
224155	4.3
224334	4.3
224734	4.3
225367	4.3
226051	4.3
226216	4.3
226288	4.3
226703	4.3
226813	4.3
227203	4.3
227862	4.3
