2020-04-16 19:19:49

CONFIGURATION:
{u'simulation': {u'stdev_factor': 0.01, u'power_mgmt_enabled': False, u'tasks': {u'loc': {u'mean_service_time': {u'gpu': 90, u'cpu_core': 200, u'loc_accel': 10}, u'priority': 1, u'deadline': 1000, u'stdev_service_time': {u'gpu': 0.9, u'cpu_core': 2.0, u'loc_accel': 0.1}, u'power': {u'gpu': 4.457, u'cpu_core': 6.133, u'loc_accel': 0.02197}}, u'detect': {u'mean_service_time': {u'gpu': 0.4607, u'cpu_core': 3.654, u'det_accel': 0.278}, u'priority': 2, u'deadline': 1000, u'stdev_service_time': {u'gpu': 0.004607, u'cpu_core': 0.03654, u'det_accel': 0.0027800000000000004}, u'power': {u'gpu': 90, u'cpu_core': 200, u'det_accel': 10}}, u'Frontier': {u'mean_service_time': {u'cpu_core': 396}, u'priority': 9, u'deadline': 1000, u'stdev_service_time': {u'cpu_core': 3.96}, u'power': {u'cpu_core': 5.98}}, u'track': {u'mean_service_time': {u'gpu': 17, u'tra_accel': 2, u'cpu_core': 1820}, u'priority': 3, u'deadline': 1000, u'stdev_service_time': {u'gpu': 0.17, u'tra_accel': 0.02, u'cpu_core': 18.2}, u'power': {u'gpu': 12.79, u'tra_accel': 0.59, u'cpu_core': 5.6}}, u'sp': {u'mean_service_time': {u'gpu': 379, u'cpu_core': 1004}, u'priority': 11, u'deadline': 1000, u'stdev_service_time': {u'gpu': 3.79, u'cpu_core': 10.040000000000001}, u'power': {u'gpu': 3.302, u'cpu_core': 1004}}, u'mission': {u'mean_service_time': {u'cpu_core': 0.0022}, u'priority': 5, u'deadline': 1000, u'stdev_service_time': {u'cpu_core': 2.2000000000000003e-05}, u'power': {u'cpu_core': 3.534}}, u'motion': {u'mean_service_time': {u'cpu_core': 8}, u'priority': 6, u'deadline': 1000, u'stdev_service_time': {u'cpu_core': 0.08}, u'power': {u'cpu_core': 4.222}}, u'collision': {u'mean_service_time': {u'cpu_core': 8}, u'priority': 7, u'deadline': 1000, u'stdev_service_time': {u'cpu_core': 0.08}, u'power': {u'cpu_core': 0}}, u'fusion': {u'mean_service_time': {u'cpu_core': 1}, u'priority': 4, u'deadline': 1000, u'stdev_service_time': {u'cpu_core': 0.01}, u'power': {u'cpu_core': 0}}, u'map': {u'mean_service_time': {u'gpu': 761, u'cpu_core': 973}, u'priority': 10, u'deadline': 1000, u'stdev_service_time': {u'gpu': 7.61, u'cpu_core': 9.73}, u'power': {u'gpu': 3.533, u'cpu_core': 2.995}}, u'path': {u'mean_service_time': {u'cpu_core': 8}, u'priority': 8, u'deadline': 1000, u'stdev_service_time': {u'cpu_core': 0.08}, u'power': {u'cpu_core': 0}}}, u'sched_policy_module': u'policies.heft', u'drop': True, u'servers': {u'gpu': {u'count': 2}, u'tra_accel': {u'count': 1}, u'cpu_core': {u'count': 8}, u'loc_accel': {u'count': 1}, u'det_accel': {u'count': 1}}, u'max_tasks_simulated': 10000, u'max_queue_size': 1000000, u'mean_arrival_time': 50, u'arrival_time_scale': 4.2}, u'general': {u'random_seed': 0, u'pre_gen_arrivals': False, u'basename': u'policy:heft__stdev_factor:0.01', u'output_trace_file': None, u'working_dir': u'/home/hiwot/meta-stomp2/sim_16042020_191827_new_arrival_50_map_rheftmapping_50_trace_10', u'input_trace_file': (False, '../mv_mapping_50_trace_10.trc'), u'logging_level': u'INFO'}}
Time	Response time (avg)
1301	951.0
1423	951.0
2338	951.0
3745	951.0
3770	951.0
4632	995.2
4649	1026.7
4696	1042.6
5219	1032.4
5647	1027.2
5946	1044.4
6035	1058.7
6093	1070.8
6555	1062.2
7399	1054.8
7580	1048.3
8202	1058.2
8647	1052.2
8941	1046.9
9357	1055.3
9613	1050.4
9892	1048.8
10092	1058.3
10428	1064.9
11066	1060.3
11288	1056.1
11847	1062.0
11885	1067.5
12017	1068.4
12494	1064.5
12885	1069.4
12968	1070.8
13082	1075.2
13439	1079.3
13481	1083.2
13934	1079.5
14182	1076.1
14523	1079.7
15656	1076.4
15753	1073.3
16526	1076.8
16607	1074.1
16757	1071.3
17106	1074.5
17558	1076.4
17601	1079.5
17639	1082.4
17708	1081.3
17921	1084.0
18458	1086.7
18509	1086.2
18659	1084.0
18903	1087.8
19122	1090.2
19460	1089.1
19835	1086.7
20411	1088.9
20591	1086.6
20786	1085.1
21331	1087.3
21373	1089.4
21542	1089.5
21667	1092.5
21737	1092.5
22034	1094.4
22444	1096.3
22511	1098.1
22658	1095.9
22847	1093.8
23360	1095.5
23448	1097.2
23897	1095.2
24174	1093.2
25081	1091.3
25636	1089.4
26396	1087.6
26849	1085.8
27169	1087.5
27347	1086.4
27711	1088.0
27983	1086.3
28298	1085.9
28572	1087.5
28849	1089.0
29315	1087.4
29395	1085.8
30266	1085.1
30346	1084.2
31289	1082.7
31301	1081.2
31718	1082.7
31823	1084.2
32240	1084.3
32247	1085.7
32582	1084.3
32982	1085.7
33191	1084.9
33533	1085.5
34099	1086.9
34229	1085.5
34527	1086.8
34817	1085.5
37039	1084.2
37761	1082.9
37990	1082.4
38404	1083.7
38425	1084.9
38773	1083.7
40193	1082.4
41138	1081.2
41457	1080.1
41852	1081.3
43196	1080.1
43637	1079.0
43927	1080.2
43965	1081.4
44347	1080.2
44670	1079.2
46871	1078.1
46942	1077.0
47493	1078.2
47822	1078.3
48043	1077.3
48318	1078.4
48690	1079.5
49605	1078.5
50185	1077.5
50840	1076.5
51136	1075.6
51323	1076.6
51395	1078.7
51405	1079.8
51810	1080.8
52369	1079.8
54359	1078.9
54448	1077.9
54767	1078.9
56342	1078.0
56728	1077.1
57044	1078.1
57946	1077.2
58475	1076.3
58897	1075.8
59391	1076.8
60689	1075.9
61037	1075.0
61640	1074.3
61895	1076.2
61974	1077.1
62159	1076.3
62558	1077.2
63163	1076.4
63331	1075.6
63831	1076.5
64114	1076.4
64427	1075.6
64843	1076.5
65003	1077.4
65013	1078.2
65443	1077.4
65544	1076.6
66132	1077.5
66468	1076.7
66640	1076.0
66998	1076.8
67220	1077.7
67271	1078.5
67419	1078.0
67829	1077.3
68216	1078.1
68370	1078.1
68480	1078.9
68497	1080.1
68780	1080.5
69324	1081.2
69324	1080.5
69740	1079.8
69761	1080.5
70101	1081.3
70275	1080.9
70610	1081.6
70691	1081.7
71059	1082.5
71600	1081.8
71714	1081.0
71989	1081.8
72088	1082.5
72551	1082.0
72558	1082.7
72665	1083.3
73226	1084.0
73327	1084.7
73382	1085.4
73574	1084.7
73705	1084.0
74226	1084.7
74444	1085.4
75435	1084.7
75519	1084.0
76137	1084.7
76162	1085.3
76775	1084.6
77102	1084.0
77726	1083.9
77754	1084.6
77884	1085.2
78053	1084.9
78077	1085.5
78803	1084.8
79004	1084.3
79371	1084.9
79467	1085.6
79518	1086.2
79614	1086.8
79690	1087.4
79754	1086.9
80185	1086.3
80480	1086.9
81031	1086.3
81136	1086.1
81857	1086.7
81982	1086.1
82087	1086.8
82584	1087.4
82933	1087.2
82962	1087.8
83038	1088.1
83884	1088.0
83989	1088.0
84377	1088.6
84554	1089.2
84835	1089.1
84948	1088.5
85280	1089.0
86099	1088.4
86935	1087.8
87050	1087.3
87342	1087.8
87796	1088.4
87886	1088.0
87888	1088.6
88001	1088.0
88581	1088.6
89156	1088.0
89896	1087.4
90107	1087.2
90847	1086.8
91072	1087.4
91458	1086.8
91761	1087.3
92088	1086.8
92409	1086.5
94402	1086.0
95087	1085.4
95973	1084.9
96038	1084.6
97086	1084.1
97096	1083.6
97729	1084.1
98037	1083.8
98598	1083.2
98988	1083.2
99279	1083.7
99317	1084.2
99392	1084.7
99522	1085.2
99753	1084.7
99939	1084.5
100442	1085.0
100704	1084.6
100890	1084.2
101655	1084.4
101895	1083.9
102685	1083.4
102846	1083.1
103071	1083.8
103097	1084.3
103130	1084.7
103626	1085.2
104121	1084.7
104218	1084.2
104701	1084.7
105072	1084.5
105633	1084.0
106023	1084.2
106074	1084.7
106587	1085.1
106864	1084.7
107053	1084.2
107637	1084.7
107746	1085.1
107981	1084.6
108510	1084.2
108863	1084.6
109346	1084.2
109699	1083.7
110297	1083.9
110661	1084.3
110699	1084.7
110849	1084.3
111271	1084.7
111299	1084.3
111841	1084.7
112210	1084.3
112298	1083.9
113323	1083.4
113768	1083.0
114421	1082.6
114696	1083.0
114719	1083.1
115067	1083.5
115372	1083.8
115623	1084.2
115633	1084.6
115701	1085.0
116582	1084.6
116671	1084.2
117473	1084.6
117533	1084.7
117771	1084.3
118162	1084.7
118393	1085.1
118484	1085.3
118722	1085.2
119464	1084.8
119673	1085.0
120808	1084.6
120883	1084.1
121975	1083.7
122311	1083.3
122639	1083.7
122681	1084.1
122736	1084.5
122912	1084.9
122926	1084.7
123882	1084.3
123987	1083.9
124462	1084.3
124550	1084.6
124815	1085.0
125050	1084.6
125171	1084.2
126167	1083.9
126280	1083.5
126558	1083.9
126953	1084.2
127118	1084.2
127231	1084.1
127696	1084.4
128045	1084.8
128069	1084.9
128179	1085.3
128196	1085.7
128418	1085.3
128704	1085.7
129020	1085.6
129065	1085.9
129369	1085.8
129771	1086.1
129884	1086.5
129971	1086.5
130320	1086.4
130518	1086.7
130636	1087.1
130745	1087.4
130922	1087.8
130963	1087.4
131271	1087.2
131577	1087.6
131888	1087.9
132337	1087.5
132694	1087.2
133148	1087.5
133158	1087.9
133288	1087.7
133798	1087.3
134151	1087.7
134239	1087.5
134454	1087.9
134464	1088.2
134749	1088.2
134975	1088.5
135190	1088.7
135550	1089.0
135579	1089.4
135700	1089.5
136096	1089.9
136141	1090.0
136268	1090.3
137162	1089.9
137335	1089.6
137885	1089.9
138145	1089.6
138286	1089.3
138809	1089.6
139096	1089.5
139259	1090.0
139628	1089.6
139947	1090.0
140082	1090.3
140506	1089.9
140837	1089.6
141174	1089.9
141560	1089.6
142253	1089.2
142511	1089.2
142530	1089.5
142887	1089.8
143089	1090.1
143198	1090.4
143204	1090.3
143509	1089.9
143891	1090.2
144013	1090.5
144181	1090.2
144743	1089.9
145029	1090.2
145132	1090.0
145760	1089.7
146310	1089.4
146711	1089.4
147037	1089.7
147071	1090.0
147096	1090.3
147150	1090.6
147261	1090.4
147297	1090.7
147520	1091.0
147662	1090.9
148259	1090.6
148613	1090.3
148973	1090.6
149649	1090.3
150468	1090.0
151220	1089.6
152127	1089.3
152446	1089.0
153626	1088.7
153636	1088.4
153912	1088.7
154198	1089.0
154416	1089.3
154870	1088.9
155890	1088.6
156088	1088.3
156705	1088.6
156841	1088.3
157520	1088.0
157792	1088.1
158482	1088.4
158683	1088.1
158743	1087.8
159641	1087.5
159956	1087.2
160372	1087.5
160641	1087.8
161749	1087.5
162425	1087.2
162700	1087.0
162934	1087.4
163031	1087.6
163350	1087.9
163376	1087.7
163967	1087.4
164327	1087.4
164450	1087.8
164702	1088.1
164918	1088.1
164925	1088.4
165257	1088.7
165278	1088.4
165866	1088.7
165869	1088.7
165920	1088.9
166411	1088.6
166820	1088.6
167362	1088.6
167756	1088.9
167771	1088.6
169204	1088.3
169654	1088.0
170078	1088.3
170155	1088.1
170632	1087.9
171141	1088.1
171388	1087.8
171640	1087.6
171915	1087.8
172149	1088.1
172339	1087.9
172591	1087.8
172875	1088.0
173484	1087.8
174358	1087.5
174668	1087.2
174963	1087.5
175353	1087.7
175639	1087.5
175840	1087.2
176590	1087.0
176609	1087.2
176791	1087.2
176819	1087.9
176916	1088.2
177243	1088.4
177495	1088.7
177541	1088.6
177742	1088.4
178176	1088.7
178562	1088.4
178864	1088.1
179251	1088.4
179524	1088.1
180641	1087.8
180653	1087.6
180986	1087.8
180996	1088.1
181040	1088.3
181372	1088.6
181592	1088.4
181616	1088.6
182161	1088.4
182543	1088.3
182552	1088.5
182724	1089.0
183107	1089.2
183112	1089.0
183745	1088.7
184047	1089.0
184265	1088.7
184778	1088.5
185216	1088.4
185387	1088.8
185580	1089.0
185669	1089.3
185773	1089.0
186131	1089.2
186949	1089.0
188041	1088.7
188276	1088.5
188684	1088.7
188694	1088.9
188777	1089.2
188978	1089.4
189100	1089.2
189227	1088.9
189600	1089.1
190666	1088.9
190759	1088.6
191617	1088.7
191710	1088.6
192040	1088.8
192309	1089.0
192536	1089.2
192620	1089.5
192812	1089.2
192884	1089.0
194551	1088.7
194715	1088.5
195182	1088.7
195320	1088.9
195413	1089.2
195476	1089.4
195502	1089.2
195666	1089.0
196122	1089.2
196559	1089.0
196802	1088.7
197214	1088.9
197999	1088.7
198638	1088.5
198950	1088.3
199592	1088.5
200591	1088.3
200738	1088.0
201028	1088.3
201542	1088.1
201689	1088.0
201891	1088.2
202023	1088.4
202061	1088.6
202133	1088.9
202313	1089.1
202607	1088.8
203100	1088.6
203397	1088.8
203607	1089.0
203955	1088.8
204316	1088.6
204783	1088.8
205236	1088.6
205480	1088.3
205816	1088.5
205883	1088.8
206462	1088.5
206966	1088.3
207437	1088.1
207786	1088.3
207917	1088.3
208388	1088.4
208781	1088.6
208890	1088.8
209104	1088.6
209339	1088.6
209562	1088.9
209907	1089.1
209924	1089.3
210055	1089.2
210507	1089.0
211006	1088.8
211234	1089.0
211458	1088.9
211734	1089.1
211746	1089.3
211767	1089.5
211973	1089.7
212645	1089.5
213258	1089.3
213596	1089.2
214098	1089.5
214209	1089.5
214392	1089.7
215333	1089.5
215698	1089.3
216584	1089.0
217492	1088.8
217580	1088.6
218017	1088.8
218143	1089.0
218953	1088.8
219247	1088.6
219705	1088.8
219875	1089.0
219886	1089.2
219904	1089.1
220198	1089.0
220772	1089.2
220855	1089.0
221201	1089.2
221406	1089.0
221681	1089.2
221910	1089.0
222209	1089.2
222230	1089.4
222284	1089.6
222357	1089.6
222511	1089.8
223199	1089.6
223834	1089.4
224150	1089.2
224729	1089.4
225362	1089.2
225551	1089.0
226313	1089.0
226698	1088.8
227198	1089.0
227362	1088.8
