CONFIGURATION:
{u'simulation': {u'stdev_factor': 0.01, u'power_mgmt_enabled': False, u'tasks': {u'loc': {u'mean_service_time': {u'gpu': 90, u'cpu_core': 200, u'loc_accel': 10}, u'priority': 1, u'deadline': 1000, u'stdev_service_time': {u'gpu': 0.9, u'cpu_core': 2.0, u'loc_accel': 0.1}, u'power': {u'gpu': 4.457, u'cpu_core': 6.133, u'loc_accel': 0.02197}}, u'detect': {u'mean_service_time': {u'gpu': 0.4607, u'cpu_core': 3.654, u'det_accel': 0.278}, u'priority': 2, u'deadline': 1000, u'stdev_service_time': {u'gpu': 0.004607, u'cpu_core': 0.03654, u'det_accel': 0.0027800000000000004}, u'power': {u'gpu': 90, u'cpu_core': 200, u'det_accel': 10}}, u'Frontier': {u'mean_service_time': {u'cpu_core': 396}, u'priority': 9, u'deadline': 1000, u'stdev_service_time': {u'cpu_core': 3.96}, u'power': {u'cpu_core': 5.98}}, u'track': {u'mean_service_time': {u'gpu': 17, u'tra_accel': 2, u'cpu_core': 1820}, u'priority': 3, u'deadline': 1000, u'stdev_service_time': {u'gpu': 0.17, u'tra_accel': 0.02, u'cpu_core': 18.2}, u'power': {u'gpu': 12.79, u'tra_accel': 0.59, u'cpu_core': 5.6}}, u'sp': {u'mean_service_time': {u'gpu': 379, u'cpu_core': 1004}, u'priority': 11, u'deadline': 1000, u'stdev_service_time': {u'gpu': 3.79, u'cpu_core': 10.040000000000001}, u'power': {u'gpu': 3.302, u'cpu_core': 1004}}, u'mission': {u'mean_service_time': {u'cpu_core': 0.0022}, u'priority': 5, u'deadline': 1000, u'stdev_service_time': {u'cpu_core': 2.2000000000000003e-05}, u'power': {u'cpu_core': 3.534}}, u'motion': {u'mean_service_time': {u'cpu_core': 8}, u'priority': 6, u'deadline': 1000, u'stdev_service_time': {u'cpu_core': 0.08}, u'power': {u'cpu_core': 4.222}}, u'collision': {u'mean_service_time': {u'cpu_core': 8}, u'priority': 7, u'deadline': 1000, u'stdev_service_time': {u'cpu_core': 0.08}, u'power': {u'cpu_core': 0}}, u'fusion': {u'mean_service_time': {u'cpu_core': 1}, u'priority': 4, u'deadline': 1000, u'stdev_service_time': {u'cpu_core': 0.01}, u'power': {u'cpu_core': 0}}, u'map': {u'mean_service_time': {u'gpu': 761, u'cpu_core': 973}, u'priority': 10, u'deadline': 1000, u'stdev_service_time': {u'gpu': 7.61, u'cpu_core': 9.73}, u'power': {u'gpu': 3.533, u'cpu_core': 2.995}}, u'path': {u'mean_service_time': {u'cpu_core': 8}, u'priority': 8, u'deadline': 1000, u'stdev_service_time': {u'cpu_core': 0.08}, u'power': {u'cpu_core': 0}}}, u'sched_policy_module': u'policies.heft', u'drop': True, u'servers': {u'gpu': {u'count': 2}, u'tra_accel': {u'count': 1}, u'cpu_core': {u'count': 8}, u'loc_accel': {u'count': 1}, u'det_accel': {u'count': 1}}, u'max_tasks_simulated': 10000, u'max_queue_size': 1000000, u'mean_arrival_time': 50, u'arrival_time_scale': 3.8}, u'general': {u'random_seed': 0, u'pre_gen_arrivals': False, u'basename': u'policy:heft__stdev_factor:0.01', u'output_trace_file': None, u'working_dir': u'/home/hiwot/meta-stomp2/sim_16042020_191827_new_arrival_50_map_rheftmapping_50_trace_10', u'input_trace_file': (False, '../mv_mapping_50_trace_10.trc'), u'logging_level': u'INFO'}}

/home/hiwot/meta-stomp2/sim_16042020_191827_new_arrival_50_map_rheftmapping_50_trace_10/../mv_mapping_50_trace_10.trc

Running STOMP simulation...
Dropped,DAG ID,DAG Priority,DAG Type,Slack,Response Time,No-Affinity Time,Energy
0,0,1,1,620,14,2,0.2197
0,1,1,0,4374,1462,293,6320.2027
0,2,1,0,4372,1464,295,6320.2027
0,3,1,1,620,14,2,0.2197
0,4,1,0,4362,1474,293,6362.5987
0,5,1,1,620,14,2,0.2197
0,6,1,1,620,14,2,0.2197
0,7,1,1,620,14,2,0.2197
0,8,1,1,620,14,2,0.2197
0,9,1,1,620,14,2,0.2197
0,10,1,0,4374,1462,293,6320.2027
0,11,1,2,3365,967,194,3360.1027
0,12,1,1,620,14,2,0.2197
0,13,1,2,3102,1230,245,3642.1397
0,14,1,0,4109,1727,346,6602.2397
0,15,1,2,3102,1230,245,3642.1397
0,16,1,1,620,14,2,0.2197
0,17,1,1,620,14,2,0.2197
0,18,1,2,3365,967,194,3360.1027
0,19,1,2,3365,967,194,3360.1027
0,20,1,2,3100,1232,247,3642.1397
0,21,1,0,4109,1727,346,6602.2397
0,22,1,2,3100,1232,247,3642.1397
0,23,1,0,4374,1462,293,6320.2027
0,24,1,1,620,14,2,0.2197
0,25,1,2,3365,967,194,3360.1027
0,26,1,2,3341,991,194,3444.8947
0,27,1,2,3102,1230,245,3642.1397
0,28,1,1,620,14,2,0.2197
0,29,1,0,4374,1462,293,6320.2027
0,30,1,1,620,14,2,0.2197
0,31,1,0,4372,1464,295,6320.2027
0,32,1,0,4109,1727,346,6602.2397
0,33,1,1,620,14,2,0.2197
0,34,1,0,4297,1539,293,6592.2437
0,35,3,2,3057,1275,245,3776.9147
0,36,1,0,4224,1612,293,6850.1527
0,37,1,1,620,14,2,0.2197
0,38,1,0,4109,1727,346,6602.2397
0,39,1,1,620,14,2,0.2197
0,40,3,0,4374,1462,293,6320.2027
0,41,1,1,620,14,2,0.2197
0,42,1,2,3365,967,194,3360.1027
0,43,1,0,4208,1628,247,6010.2197
0,44,1,0,4208,1628,247,6010.2197
0,45,3,1,620,14,2,0.2197
0,46,1,2,3102,1230,245,3642.1397
0,47,1,2,3365,967,194,3360.1027
0,48,1,2,3363,969,196,3360.1027
0,49,3,0,4109,1727,346,6602.2397
0,50,1,0,4107,1729,348,6602.2397
0,51,1,1,620,14,2,0.2197
0,52,1,0,4107,1729,348,6602.2397
0,53,1,0,4107,1729,348,6602.2397
0,54,1,1,620,14,2,0.2197
0,55,1,1,620,14,2,0.2197
0,56,1,2,3365,967,194,3360.1027
0,57,1,0,4374,1462,293,6320.2027
0,58,1,2,3100,1232,247,3642.1397
0,59,1,1,620,14,2,0.2197
0,60,1,1,620,14,2,0.2197
0,61,1,1,620,14,2,0.2197
0,62,1,1,620,14,2,0.2197
0,63,3,2,3365,967,194,3360.1027
0,64,3,2,3365,967,194,3360.1027
0,65,1,0,4208,1628,247,6010.2197
0,66,1,0,4268,1568,295,6687.6347
0,67,1,0,4329,1507,295,6472.1217
0,68,1,2,3100,1232,247,3642.1397
0,69,1,0,4208,1628,247,6010.2197
0,70,1,0,4206,1630,249,6010.2197
0,71,1,2,3102,1230,245,3642.1397
0,72,1,0,4256,1580,295,6730.0307
0,73,1,2,3185,1147,194,3996.0427
0,74,1,2,3102,1230,245,3642.1397
0,75,1,0,4109,1727,346,6602.2397
0,76,1,2,3100,1232,247,3642.1397
0,77,1,0,4217,1619,295,6867.8177
0,78,1,1,620,14,2,0.2197
0,79,1,2,3320,1012,194,3519.0877
0,80,1,1,620,14,2,0.2197
0,81,1,1,620,14,2,0.2197
0,82,1,0,4109,1727,346,6602.2397
0,83,1,0,4351,1485,293,6401.4617
0,84,1,1,620,14,2,0.2197
0,85,1,2,3365,967,194,3360.1027
0,86,1,2,3102,1230,245,3642.1397
0,87,1,0,4213,1623,293,6889.0157
0,88,1,2,3246,1086,194,3780.5297
0,89,1,2,3102,1230,245,3642.1397
0,90,1,2,3102,1230,245,3642.1397
0,91,1,0,4109,1727,346,6602.2397
0,92,1,1,618,16,2,0.26364
0,93,1,2,3102,1230,245,3642.1397
0,94,1,1,620,14,2,0.2197
0,95,1,0,4197,1639,293,6938.52164
0,96,1,1,620,14,2,0.2197
0,97,3,0,4311,1525,293,6542.7817
0,98,1,2,3100,1232,247,3642.1397
0,99,1,1,620,14,2,0.2197
0,100,1,0,4208,1628,247,6010.2197
0,101,1,1,610,24,2,0.4394
0,102,1,0,4222,1614,293,6857.2187
0,103,1,1,620,14,2,0.2197
0,104,1,1,620,14,2,0.2197
0,105,1,0,4187,1649,295,6973.8077
0,106,1,0,4109,1727,346,6602.2397
0,107,1,2,3212,1120,194,3900.6517
0,108,1,0,4214,1622,293,6885.4827
0,109,1,1,620,14,2,0.2197
0,110,1,1,620,14,2,0.2197
0,111,1,1,620,14,2,0.2197
0,112,1,1,620,14,2,0.2197
0,113,1,0,4342,1494,293,6433.2587
0,114,1,0,4374,1462,293,6320.2027
0,115,3,2,3365,967,194,3360.1027
0,116,1,1,620,14,2,0.2197
0,117,1,1,620,14,2,0.2197
0,118,1,2,3365,967,194,3360.1027
0,119,1,2,3102,1230,245,3642.1397
0,120,1,1,620,14,2,0.2197
0,121,1,0,4240,1596,293,6793.6247
0,122,1,0,4206,1630,249,6010.2197
0,123,3,1,620,14,2,0.2197
0,124,3,2,3365,967,194,3360.1027
0,125,1,1,620,14,2,0.2197
0,126,1,2,3100,1232,247,3642.1397
0,127,1,0,4201,1635,293,6931.4117
0,128,1,1,620,14,2,0.2197
0,129,1,2,3100,1232,247,3642.1397
0,130,1,2,3365,967,194,3360.1027
0,131,1,2,3226,1106,194,3851.1897
0,132,1,1,620,14,2,0.2197
0,133,1,2,3205,1127,194,3925.3827
0,134,1,1,620,14,2,0.2197
0,135,1,2,3102,1230,245,3642.1397
0,136,1,1,620,14,2,0.2197
0,137,1,0,4374,1462,293,6320.2027
0,138,1,0,4268,1568,295,6687.6347
0,139,1,1,620,14,2,0.2197
0,140,1,0,4208,1628,247,6010.2197
0,141,1,2,3102,1230,245,3642.1397
0,142,1,2,3102,1230,245,3642.1397
0,143,1,2,3100,1232,247,3642.1397
0,144,1,1,620,14,2,0.2197
0,145,3,1,620,14,2,0.2197
0,146,1,0,4374,1462,293,6320.2027
0,147,3,0,4374,1462,293,6320.2027
0,148,1,1,620,14,2,0.2197
0,149,1,2,3102,1230,245,3642.1397
0,150,3,2,3102,1230,245,3642.1397
0,151,1,0,4374,1462,293,6320.2027
0,152,1,0,4372,1464,295,6320.2027
0,153,1,2,3100,1232,247,3642.1397
0,154,1,1,620,14,2,0.2197
0,155,1,1,620,14,2,0.2197
0,156,1,0,4312,1524,293,6539.2487
0,157,1,1,620,14,2,0.2197
0,158,1,1,620,14,2,0.2197
0,159,1,1,620,14,2,0.2197
0,160,1,2,3365,967,194,3360.1027
0,161,1,1,620,14,2,0.2197
0,162,1,2,3365,967,194,3360.1027
0,163,1,2,3200,1132,194,3943.0477
0,164,1,0,4208,1628,247,6010.2197
0,165,3,2,3102,1230,245,3642.1397
0,166,1,1,620,14,2,0.2197
0,167,1,0,4337,1499,295,6443.8577
0,168,1,1,620,14,2,0.2197
0,169,1,0,4374,1462,293,6320.2027
0,170,1,1,620,14,2,0.2197
0,171,1,1,620,14,2,0.2197
0,172,1,1,620,14,2,0.2197
0,173,1,2,3365,967,194,3360.1027
0,174,1,1,620,14,2,0.2197
0,175,1,0,4374,1462,293,6320.2027
0,176,1,1,620,14,2,0.2197
0,177,1,0,4206,1630,249,6010.2197
0,178,1,1,620,14,2,0.2197
0,179,1,1,620,14,2,0.2197
0,180,1,0,4374,1462,293,6320.2027
0,181,1,1,620,14,2,0.2197
0,182,1,1,620,14,2,0.2197
0,183,1,0,4372,1464,295,6320.2027
0,184,1,1,614,20,2,0.35152
0,185,1,2,3102,1230,245,3642.1397
0,186,1,2,3100,1232,247,3642.1397
0,187,3,1,620,14,2,0.2197
0,188,1,2,3365,967,194,3360.1027
0,189,1,1,620,14,2,0.2197
0,190,1,2,3349,983,194,3416.6307
0,191,1,1,620,14,2,0.2197
0,192,1,1,620,14,2,0.2197
0,193,1,1,620,14,2,0.2197
0,194,1,1,620,14,2,0.2197
0,195,1,0,4374,1462,293,6320.2027
0,196,1,2,3365,967,194,3360.1027
0,197,1,0,4208,1628,247,6010.2197
0,198,1,0,4109,1727,346,6602.2397
0,199,1,2,3365,967,194,3360.1027
0,200,3,0,4369,1467,295,6320.26861
0,201,1,2,3100,1232,247,3642.1397
0,202,1,1,620,14,2,0.2197
0,203,1,0,4374,1462,293,6320.2027
0,204,1,0,4374,1462,293,6320.2027
0,205,1,0,4374,1462,293,6320.2027
0,206,1,2,3102,1230,245,3642.1397
0,207,1,1,620,14,2,0.2197
0,208,1,2,3035,1297,247,3836.8147
0,209,1,0,4276,1560,295,6659.3707
0,210,1,0,4102,1734,346,6602.39349
0,211,1,1,620,14,2,0.2197
0,212,1,0,4109,1727,346,6602.2397
0,213,1,1,620,14,2,0.2197
0,214,1,0,4374,1462,293,6320.2027
0,215,1,1,620,14,2,0.2197
0,216,1,0,4374,1462,293,6320.2027
0,217,1,0,4372,1464,295,6320.2027
0,218,1,0,4208,1628,247,6010.2197
0,219,1,1,620,14,2,0.2197
0,220,1,1,620,14,2,0.2197
0,221,1,1,620,14,2,0.2197
0,222,1,0,4374,1462,293,6320.2027
0,223,3,1,620,14,2,0.2197
0,224,1,1,610,24,2,0.4394
0,225,1,0,4372,1464,295,6320.2027
0,226,1,1,620,14,2,0.2197
0,227,1,2,3102,1230,245,3642.1397
0,228,1,1,620,14,2,0.2197
0,229,1,2,3365,967,194,3360.1027
0,230,1,0,4374,1462,293,6320.2027
0,231,1,0,4234,1602,295,6807.7567
0,232,1,1,620,14,2,0.2197
0,233,1,0,4208,1628,247,6010.2197
0,234,1,1,620,14,2,0.2197
0,235,1,2,3365,967,194,3360.1027
0,236,1,0,4374,1462,293,6320.2027
0,237,1,1,620,14,2,0.2197
0,238,1,1,620,14,2,0.2197
0,239,1,2,3102,1230,245,3642.1397
0,240,1,0,4273,1563,295,6669.9697
0,241,1,0,4109,1727,346,6602.2397
0,242,3,2,3365,967,194,3360.1027
0,243,1,0,4109,1727,346,6602.2397
0,244,1,1,620,14,2,0.2197
0,245,1,1,620,14,2,0.2197
0,246,1,1,620,14,2,0.2197
0,247,1,0,4374,1462,293,6320.2027
0,248,3,0,4372,1464,295,6320.2027
0,249,1,2,3100,1232,247,3642.1397
0,250,1,1,620,14,2,0.2197
0,251,1,0,4183,1653,293,6995.0057
0,252,3,0,4374,1462,293,6320.2027
0,253,1,2,3100,1232,247,3642.1397
0,254,1,1,620,14,2,0.2197
0,255,1,0,4109,1727,346,6602.2397
0,256,1,2,3093,1239,247,3642.29349
0,257,1,1,620,14,2,0.2197
0,258,1,1,620,14,2,0.2197
0,259,1,0,4374,1462,293,6320.2027
0,260,1,1,618,16,2,0.26364
0,261,1,0,4372,1464,295,6320.2027
0,262,1,1,620,14,2,0.2197
0,263,1,2,3102,1230,245,3642.1397
0,264,1,1,620,14,2,0.2197
0,265,1,1,620,14,2,0.2197
0,266,1,1,620,14,2,0.2197
0,267,1,2,3341,991,194,3444.8947
0,268,1,0,4374,1462,293,6320.2027
0,269,1,0,4206,1630,249,6010.2197
0,270,1,2,3100,1232,247,3642.1397
0,271,1,2,3100,1232,247,3642.1397
0,272,1,1,620,14,2,0.2197
0,273,1,1,620,14,2,0.2197
0,274,1,1,620,14,2,0.2197
0,275,1,0,4216,1620,293,6878.4167
0,276,1,0,4374,1462,293,6320.2027
0,277,1,0,4109,1727,346,6602.2397
0,278,1,2,3100,1232,247,3642.1397
0,279,1,2,3100,1232,247,3642.1397
0,280,1,0,4109,1727,346,6602.2397
0,281,1,1,620,14,2,0.2197
0,282,3,2,3362,970,194,3370.7017
0,283,3,0,4374,1462,293,6320.2027
0,284,1,0,4109,1727,346,6602.2397
0,285,1,1,620,14,2,0.2197
0,286,3,1,620,14,2,0.2197
0,287,1,0,4235,1601,295,6804.2237
0,288,1,2,3102,1230,245,3642.1397
0,289,1,1,620,14,2,0.2197
0,290,1,2,3100,1232,247,3642.1397
0,291,1,0,4374,1462,293,6320.2027
0,292,1,0,4206,1630,249,6010.2197
0,293,1,0,4226,1610,295,6836.0207
0,294,3,2,3100,1232,247,3642.1397
0,295,1,1,618,16,4,0.2197
0,296,1,1,620,14,2,0.2197
0,297,3,0,4374,1462,293,6320.2027
0,298,1,1,620,14,2,0.2197
0,299,3,1,620,14,2,0.2197
0,300,1,1,620,14,2,0.2197
0,301,1,1,620,14,2,0.2197
0,302,1,0,4339,1497,295,6436.7917
0,303,1,2,3096,1236,245,3642.27152
0,304,3,2,3102,1230,245,3642.1397
0,305,1,2,3102,1230,245,3642.1397
0,306,1,2,3102,1230,245,3642.1397
0,307,1,0,4247,1589,293,6768.8937
0,308,1,1,620,14,2,0.2197
0,309,1,2,3365,967,194,3360.1027
0,310,1,2,3100,1232,247,3642.1397
0,311,1,2,3100,1232,247,3642.1397
0,312,1,2,3249,1083,194,3769.9307
0,313,1,1,620,14,2,0.2197
0,314,1,0,4109,1727,346,6602.2397
0,315,1,0,4325,1511,295,6486.2537
0,316,1,1,620,14,2,0.2197
0,317,1,2,3102,1230,245,3642.1397
0,318,3,1,620,14,2,0.2197
0,319,1,1,620,14,2,0.2197
0,320,1,1,620,14,2,0.2197
0,321,1,2,3365,967,194,3360.1027
0,322,1,1,620,14,2,0.2197
0,323,1,0,4374,1462,293,6320.2027
0,324,1,1,620,14,2,0.2197
0,325,1,1,620,14,2,0.2197
0,326,1,2,3102,1230,245,3642.1397
0,327,1,0,4109,1727,346,6602.2397
0,328,1,1,620,14,2,0.2197
0,329,1,0,4374,1462,293,6320.2027
0,330,1,2,3365,967,194,3360.1027
0,331,1,1,620,14,2,0.2197
0,332,3,2,3102,1230,245,3642.1397
0,333,3,0,4172,1664,293,7033.8687
0,334,1,2,3102,1230,245,3642.1397
0,335,1,2,3102,1230,245,3642.1397
0,336,1,1,620,14,2,0.2197
0,337,1,0,4230,1606,295,6821.8887
0,338,1,0,4308,1528,293,6553.3807
0,339,1,0,4168,1668,295,7040.9347
0,340,1,0,4206,1630,249,6010.2197
0,341,1,2,3102,1230,245,3642.1397
0,342,1,2,3100,1232,247,3642.1397
0,343,1,2,3100,1232,247,3642.1397
0,344,1,2,3100,1232,247,3642.1397
0,345,1,1,620,14,2,0.2197
0,346,1,2,3169,1163,194,4052.5707
0,347,1,1,613,21,2,0.37349
0,348,1,1,620,14,2,0.2197
0,349,1,2,3301,1031,194,3586.2147
0,350,1,1,618,16,2,0.26364
0,351,1,2,3100,1232,247,3642.1397
0,352,1,1,620,14,2,0.2197
0,353,1,2,3359,973,194,3360.23452
0,354,3,0,4208,1628,247,6010.2197
0,355,1,0,4372,1464,295,6320.2027
0,356,1,2,3102,1230,245,3642.1397
0,357,1,0,4278,1558,295,6652.3047
0,358,3,0,4107,1729,348,6602.2397
0,359,1,0,4372,1464,295,6320.2027
0,360,1,0,4206,1630,249,6010.2197
0,361,1,2,3102,1230,245,3642.1397
0,362,1,1,620,14,2,0.2197
0,363,1,0,4374,1462,293,6320.2027
0,364,1,2,3365,967,194,3360.1027
0,365,1,2,3100,1232,247,3642.1397
0,366,1,0,4208,1628,247,6010.2197
0,367,1,1,620,14,2,0.2197
0,368,1,2,3273,1059,194,3685.1387
0,369,1,0,4372,1464,295,6320.2027
0,370,1,2,3100,1232,247,3642.1397
0,371,1,1,620,14,2,0.2197
0,372,1,2,3365,967,194,3360.1027
0,373,1,1,620,14,2,0.2197
0,374,1,2,3365,967,194,3360.1027
0,375,3,0,4275,1561,293,6669.9697
0,376,3,0,4208,1628,247,6010.2197
0,377,1,0,4109,1727,346,6602.2397
0,378,1,2,3100,1232,247,3642.1397
0,379,1,0,4234,1602,295,6807.7567
0,380,1,0,4180,1656,295,6998.5387
0,381,1,1,620,14,2,0.2197
0,382,1,1,620,14,2,0.2197
0,383,1,0,4106,1730,348,6602.2397
0,384,1,0,4374,1462,293,6320.2027
0,385,1,2,3365,967,194,3360.1027
0,386,3,2,3212,1120,194,3900.6517
0,387,1,2,3091,1241,245,3675.0847
0,388,1,0,4245,1591,295,6768.8937
0,389,1,1,620,14,2,0.2197
0,390,1,1,620,14,2,0.2197
0,391,1,2,3365,967,194,3360.1027
0,392,1,0,4109,1727,346,6602.2397
0,393,1,2,3365,967,194,3360.1027
0,394,1,1,620,14,2,0.2197
0,395,1,2,3212,1120,194,3900.6517
0,396,1,0,4374,1462,293,6320.2027
0,397,1,2,3365,967,194,3360.1027
0,398,1,1,620,14,2,0.2197
0,399,3,1,620,14,2,0.2197
0,400,1,2,3365,967,194,3360.1027
0,401,1,0,4225,1611,293,6811.5094
0,402,3,1,620,14,2,0.2197
0,403,1,2,3365,967,194,3360.1027
0,404,3,2,3280,1052,194,3653.38564
0,405,1,1,620,14,2,0.2197
0,406,1,0,4109,1727,346,6602.2397
0,407,1,1,620,14,2,0.2197
0,408,1,0,4240,1596,293,6793.6247
0,409,1,1,620,14,2,0.2197
0,410,1,1,620,14,2,0.2197
0,411,1,0,4374,1462,293,6320.2027
0,412,1,0,4109,1727,346,6602.2397
0,413,1,0,4214,1622,295,6878.4167
0,414,1,0,4206,1630,249,6010.2197
0,415,1,0,4206,1630,249,6010.2197
0,416,3,0,4206,1630,249,6010.2197
0,417,1,1,620,14,2,0.2197
0,418,1,0,4374,1462,293,6320.2027
0,419,1,0,4107,1729,348,6602.2397
0,420,1,0,4316,1520,295,6518.0507
0,421,1,0,4278,1558,293,6659.3707
0,422,1,0,4107,1729,348,6602.2397
0,423,1,2,3365,967,194,3360.1027
0,424,1,2,3365,967,194,3360.1027
0,425,1,1,620,14,2,0.2197
0,426,1,1,620,14,2,0.2197
0,427,1,0,4372,1464,295,6320.2027
0,428,1,1,620,14,2,0.2197
0,429,1,2,3049,1283,245,3800.8747
0,430,1,0,4246,1590,295,6765.3607
0,431,1,2,3100,1232,247,3642.1397
0,432,1,2,3100,1232,247,3642.1397
0,433,3,2,3100,1232,247,3642.1397
0,434,1,1,620,14,2,0.2197
0,435,1,1,620,14,2,0.2197
0,436,3,2,3365,967,194,3360.1027
0,437,1,0,4374,1462,293,6320.2027
0,438,1,1,620,14,2,0.2197
0,439,1,2,3102,1230,245,3642.1397
0,440,1,2,3216,1116,194,3886.5197
0,441,1,1,620,14,2,0.2197
0,442,3,0,4372,1464,295,6320.2027
0,443,1,1,620,14,2,0.2197
0,444,1,0,4208,1628,247,6010.2197
0,445,1,2,3102,1230,245,3642.1397
0,446,1,1,620,14,2,0.2197
0,447,1,2,3365,967,194,3360.1027
0,448,1,1,620,14,2,0.2197
0,449,1,1,620,14,2,0.2197
0,450,1,2,3365,967,194,3360.1027
0,451,1,2,3100,1232,247,3642.1397
0,452,1,1,620,14,2,0.2197
0,453,1,2,3364,968,194,3363.6357
0,454,1,0,4208,1628,247,6010.2197
0,455,1,2,3365,967,194,3360.1027
0,456,1,1,620,14,2,0.2197
0,457,1,0,4372,1464,295,6320.2027
0,458,1,2,3102,1230,245,3642.1397
0,459,1,1,620,14,2,0.2197
0,460,1,1,620,14,2,0.2197
0,461,1,0,4374,1462,293,6320.2027
0,462,1,1,620,14,2,0.2197
0,463,1,0,4374,1462,293,6320.2027
0,464,1,0,4208,1628,247,6010.2197
0,465,1,1,620,14,2,0.2197
0,466,1,0,4371,1465,295,6323.7357
0,467,1,0,4206,1630,249,6010.2197
0,468,1,1,620,14,2,0.2197
0,469,1,0,4372,1464,295,6320.2027
0,470,1,1,620,14,2,0.2197
0,471,1,2,3094,1238,247,3642.27152
0,472,1,1,611,23,2,0.41743
0,473,1,2,3230,1102,194,3837.0577
0,474,1,2,3100,1232,247,3642.1397
0,475,3,2,3365,967,194,3360.1027
0,476,1,0,4193,1643,293,6959.6757
0,477,1,1,620,14,2,0.2197
0,478,1,1,620,14,2,0.2197
0,479,3,2,3365,967,194,3360.1027
0,480,1,2,3365,967,194,3360.1027
0,481,1,1,620,14,2,0.2197
0,482,1,1,620,14,2,0.2197
0,483,1,0,4370,1466,295,6320.24664
0,484,1,2,3094,1238,245,3642.31546
0,485,1,0,4109,1727,346,6602.2397
0,486,1,2,3349,983,194,3416.6307
0,487,1,1,620,14,2,0.2197
0,488,1,0,4109,1727,346,6602.2397
0,489,1,1,620,14,2,0.2197
0,490,1,2,3021,1311,247,3849.0144
0,491,1,2,3087,1245,247,3642.42531
0,492,1,0,4338,1498,295,6440.3247
0,493,1,1,620,14,2,0.2197
0,494,1,2,3365,967,194,3360.1027
0,495,1,0,4374,1462,293,6320.2027
0,496,1,0,4208,1628,247,6010.2197
0,497,1,0,4206,1630,249,6010.2197
0,498,1,1,620,14,2,0.2197
0,499,1,0,4372,1464,295,6320.2027
0,500,1,0,4372,1464,295,6320.2027
0,501,3,2,3100,1232,247,3642.1397
0,502,1,2,3100,1232,247,3642.1397
0,503,1,1,620,14,2,0.2197
0,504,1,2,3174,1158,194,4034.9057
0,505,1,1,620,14,2,0.2197
0,506,1,1,618,16,4,0.2197
0,507,1,2,3365,967,194,3360.1027
0,508,1,1,611,23,4,0.37349
0,509,1,0,4109,1727,346,6602.2397
0,510,1,1,620,14,2,0.2197
0,511,1,1,620,14,2,0.2197
0,512,1,1,620,14,2,0.2197
0,513,1,2,3365,967,194,3360.1027
0,514,1,1,620,14,2,0.2197
0,515,1,2,3365,967,194,3360.1027
0,516,3,1,620,14,2,0.2197
0,517,1,1,620,14,2,0.2197
0,518,1,1,620,14,2,0.2197
0,519,1,0,4374,1462,293,6320.2027
0,520,1,2,3365,967,194,3360.1027
0,521,1,0,4208,1628,247,6010.2197
0,522,1,2,3102,1230,245,3642.1397
0,523,1,2,3100,1232,247,3642.1397
0,524,1,2,3100,1232,247,3642.1397
0,525,1,2,3235,1097,194,3819.3927
0,526,1,1,618,16,4,0.2197
0,527,1,1,620,14,2,0.2197
0,528,1,2,3365,967,194,3360.1027
0,529,3,2,3283,1049,194,3649.8087
0,530,1,2,3102,1230,245,3642.1397
0,531,3,1,620,14,2,0.2197
0,532,1,2,3100,1232,247,3642.1397
0,533,1,0,4109,1727,346,6602.2397
0,534,1,0,4372,1464,295,6320.2027
0,535,1,0,4372,1464,295,6320.2027
0,536,1,2,3365,967,194,3360.1027
0,537,1,1,620,14,2,0.2197
0,538,1,0,4374,1462,293,6320.2027
0,539,1,0,4208,1628,247,6010.2197
0,540,1,0,4208,1628,247,6010.2197
0,541,1,0,4166,1670,295,7048.0007
0,542,1,0,4208,1628,295,6899.6147
0,543,1,1,620,14,2,0.2197
0,544,1,2,3100,1232,247,3642.1397
0,545,1,0,4109,1727,346,6602.2397
0,546,1,2,3102,1230,245,3642.1397
0,547,1,0,4109,1727,346,6602.2397
0,548,1,0,4105,1731,350,6602.2397
0,549,1,1,620,14,2,0.2197
0,550,1,1,620,14,2,0.2197
0,551,1,2,3365,967,194,3360.1027
0,552,1,2,3365,967,194,3360.1027
0,553,1,0,4208,1628,247,6010.2197
0,554,1,2,3102,1230,245,3642.1397
0,555,1,1,620,14,2,0.2197
0,556,1,1,620,14,2,0.2197
0,557,1,2,3208,1124,194,3914.7837
0,558,1,1,618,16,2,0.26364
0,559,1,2,3365,967,194,3360.1027
0,560,1,2,3100,1232,247,3642.1397
0,561,1,1,620,14,2,0.2197
0,562,1,2,3102,1230,245,3642.1397
0,563,1,1,620,14,2,0.2197
0,564,1,0,4206,1630,249,6010.2197
0,565,1,0,4206,1630,249,6010.2197
0,566,1,0,4237,1599,295,6797.1577
0,567,1,0,4303,1533,295,6563.9797
0,568,1,2,3102,1230,245,3642.1397
0,569,1,2,3100,1232,247,3642.1397
0,570,3,0,4109,1727,346,6602.2397
0,571,1,2,3100,1232,247,3642.1397
0,572,1,1,620,14,2,0.2197
0,573,1,2,3365,967,194,3360.1027
0,574,1,0,4374,1462,293,6320.2027
0,575,1,0,4372,1464,295,6320.2027
0,576,1,0,4208,1628,247,6010.2197
0,577,1,2,3092,1240,245,3642.3594
0,578,1,1,620,14,2,0.2197
0,579,1,0,4215,1621,295,6874.8837
0,580,1,2,3365,967,194,3360.1027
0,581,1,0,4109,1727,346,6602.2397
0,582,1,2,3102,1230,245,3642.1397
0,583,1,0,4109,1727,346,6602.2397
0,584,1,2,3098,1234,247,3642.18364
0,585,1,1,620,14,2,0.2197
0,586,1,1,620,14,2,0.2197
0,587,1,0,4372,1464,295,6320.2027
0,588,1,2,3239,1093,194,3805.2607
0,589,1,2,3100,1232,247,3642.1397
0,590,1,0,4109,1727,346,6602.2397
0,591,1,2,3100,1232,247,3642.1397
0,592,1,2,3216,1116,194,3886.5197
0,593,1,0,4309,1527,295,6542.7817
0,594,1,0,4109,1727,346,6602.2397
0,595,1,2,3100,1232,247,3642.1397
0,596,1,1,620,14,2,0.2197
0,597,1,1,618,16,4,0.2197
0,598,1,1,620,14,2,0.2197
0,599,1,1,620,14,2,0.2197
0,600,1,1,620,14,2,0.2197
0,601,1,2,3363,969,196,3360.1027
0,602,1,1,620,14,2,0.2197
0,603,3,2,3365,967,194,3360.1027
0,604,1,0,4208,1628,247,6010.2197
0,605,1,0,4312,1524,293,6539.2487
0,606,1,1,620,14,2,0.2197
0,607,1,0,4264,1572,295,6701.7667
0,608,1,1,620,14,2,0.2197
0,609,1,2,3102,1230,245,3642.1397
0,610,1,1,620,14,2,0.2197
0,611,1,2,3100,1232,247,3642.1397
0,612,1,0,4109,1727,346,6602.2397
0,613,1,1,620,14,2,0.2197
0,614,1,0,4374,1462,293,6320.2027
0,615,1,2,3365,967,194,3360.1027
0,616,1,2,3100,1232,247,3642.1397
0,617,3,2,3209,1123,194,3911.2507
0,618,1,0,4374,1462,293,6320.2027
0,619,1,0,4208,1628,247,6010.2197
0,620,1,2,3211,1121,194,3904.1847
0,621,1,2,3365,967,194,3360.1027
0,622,3,0,4208,1628,247,6010.2197
0,623,1,2,3102,1230,245,3642.1397
0,624,1,2,3222,1110,194,3865.3217
0,625,1,0,4208,1628,247,6010.2197
0,626,1,1,620,14,2,0.2197
0,627,3,2,3102,1230,245,3642.1397
0,628,1,0,4221,1615,293,6860.7517
0,629,1,2,3100,1232,247,3642.1397
0,630,3,2,2992,1340,245,3971.5897
0,631,1,0,4298,1538,293,6588.7107
0,632,1,2,3208,1124,194,3914.7837
0,633,1,1,620,14,2,0.2197
0,634,1,0,4246,1590,295,6765.3607
0,635,1,2,3102,1230,245,3642.1397
0,636,1,1,620,14,2,0.2197
0,637,1,2,3100,1232,247,3642.1397
0,638,1,0,4374,1462,293,6320.2027
0,639,1,2,3363,969,196,3360.1027
0,640,1,1,620,14,2,0.2197
0,641,1,0,4208,1628,247,6010.2197
0,642,1,1,620,14,2,0.2197
0,643,1,2,3330,1002,194,3483.7577
0,644,1,2,3102,1230,245,3642.1397
0,645,1,2,3100,1232,247,3642.1397
0,646,1,2,3100,1232,247,3642.1397
0,647,1,0,4109,1727,346,6602.2397
0,648,1,0,4219,1617,295,6860.7517
0,649,1,1,620,14,2,0.2197
0,650,1,2,3100,1232,247,3642.1397
0,651,1,0,4206,1630,249,6010.2197
0,652,1,1,620,14,2,0.2197
0,653,1,2,3365,967,194,3360.1027
0,654,3,2,3365,967,194,3360.1027
0,655,1,0,4109,1727,346,6602.2397
0,656,1,1,620,14,2,0.2197
0,657,1,2,3365,967,194,3360.1027
0,658,1,1,620,14,2,0.2197
0,659,1,0,4374,1462,293,6320.2027
0,660,1,2,3365,967,194,3360.1027
0,661,1,0,4374,1462,293,6320.2027
0,662,3,1,620,14,2,0.2197
0,663,1,2,3365,967,194,3360.1027
0,664,1,1,620,14,2,0.2197
0,665,1,1,620,14,2,0.2197
0,666,1,2,3365,967,194,3360.1027
0,667,1,2,3362,970,194,3360.16861
0,668,3,2,3101,1231,245,3642.16167
0,669,1,2,3102,1230,245,3642.1397
0,670,1,0,4109,1727,346,6602.2397
0,671,1,1,620,14,2,0.2197
0,672,1,1,620,14,2,0.2197
0,673,1,0,4374,1462,293,6320.2027
0,674,1,1,620,14,2,0.2197
0,675,1,0,4374,1462,293,6320.2027
0,676,1,2,3365,967,194,3360.1027
0,677,1,2,3102,1230,245,3642.1397
0,678,1,2,3258,1074,194,3738.1337
0,679,1,1,620,14,2,0.2197
0,680,1,2,3365,967,194,3360.1027
0,681,1,1,614,20,2,0.35152
0,682,1,0,4208,1628,247,6010.2197
0,683,1,0,4372,1464,295,6320.2027
0,684,1,1,620,14,2,0.2197
0,685,1,2,3365,967,194,3360.1027
0,686,1,2,3102,1230,245,3642.1397
0,687,1,1,620,14,2,0.2197
0,688,1,0,4374,1462,293,6320.2027
0,689,1,1,620,14,2,0.2197
0,690,1,0,4372,1464,295,6320.2027
0,691,1,0,4208,1628,247,6010.2197
0,692,1,1,620,14,2,0.2197
0,693,1,0,4206,1630,249,6010.2197
0,694,3,1,620,14,2,0.2197
0,695,1,2,3365,967,194,3360.1027
0,696,1,1,620,14,2,0.2197
0,697,1,0,4372,1464,295,6320.2027
0,698,1,2,3057,1275,245,3776.9147
0,699,1,0,4255,1581,293,6740.6297
0,700,3,0,4109,1727,346,6602.2397
0,701,1,2,3102,1230,245,3642.1397
0,702,1,1,620,14,2,0.2197
0,703,1,0,4247,1589,293,6768.8937
0,704,1,0,4372,1464,295,6320.2027
0,705,1,2,3102,1230,245,3642.1397
0,706,3,0,4109,1727,346,6602.2397
0,707,1,1,620,14,2,0.2197
0,708,3,2,3283,1049,194,3649.8087
0,709,1,0,4206,1630,249,6010.2197
0,710,1,0,4208,1628,247,6010.2197
0,711,1,1,620,14,2,0.2197
0,712,1,2,3342,990,194,3441.3617
0,713,1,1,620,14,2,0.2197
0,714,1,1,620,14,2,0.2197
0,715,1,2,3100,1232,247,3642.1397
0,716,1,0,4374,1462,293,6320.2027
0,717,1,2,3100,1232,247,3642.1397
0,718,1,0,4109,1727,346,6602.2397
0,719,1,0,4374,1462,293,6320.2027
0,720,3,0,4372,1464,295,6320.2027
0,721,1,2,3159,1173,194,4087.9007
0,722,1,1,620,14,2,0.2197
0,723,1,1,620,14,2,0.2197
0,724,1,0,4109,1727,346,6602.2397
0,725,1,1,620,14,2,0.2197
0,726,1,2,3365,967,194,3360.1027
0,727,1,1,620,14,2,0.2197
0,728,1,2,3365,967,194,3360.1027
0,729,3,0,4374,1462,293,6320.2027
0,730,1,1,610,24,2,0.4394
0,731,1,0,4208,1628,247,6010.2197
0,732,1,2,3223,1109,194,3861.7887
0,733,1,1,620,14,2,0.2197
0,734,1,1,620,14,2,0.2197
0,735,3,2,3299,1033,194,3593.2807
0,736,1,0,4208,1628,247,6010.2197
0,737,1,1,620,14,2,0.2197
0,738,1,1,620,14,2,0.2197
0,739,1,0,4374,1462,293,6320.2027
0,740,1,2,3092,1240,245,3672.0897
0,741,3,0,4267,1569,295,6656.0574
0,742,1,1,620,14,2,0.2197
0,743,3,0,4109,1727,346,6602.2397
0,744,1,1,620,14,2,0.2197
0,745,3,2,3212,1120,194,3900.6517
0,746,1,0,4109,1727,346,6602.2397
0,747,1,2,3187,1145,194,3988.9767
0,748,1,1,620,14,2,0.2197
0,749,3,1,620,14,2,0.2197
0,750,1,0,4368,1468,293,6341.4007
0,751,1,1,620,14,2,0.2197
0,752,1,0,4374,1462,293,6320.2027
0,753,1,0,4372,1464,295,6320.2027
0,754,1,0,4109,1727,346,6602.2397
0,755,3,0,4208,1628,247,6010.2197
0,756,1,1,620,14,2,0.2197
0,757,3,1,620,14,2,0.2197
0,758,1,1,620,14,2,0.2197
0,759,1,1,620,14,2,0.2197
0,760,1,2,3365,967,194,3360.1027
0,761,3,2,3365,967,194,3360.1027
0,762,1,0,4208,1628,247,6010.2197
0,763,1,1,620,14,2,0.2197
0,764,1,2,3102,1230,245,3642.1397
0,765,1,1,620,14,2,0.2197
0,766,1,0,4249,1587,295,6754.7617
0,767,1,2,3102,1230,245,3642.1397
0,768,1,0,4109,1727,346,6602.2397
0,769,1,2,3365,967,194,3360.1027
0,770,1,2,3100,1232,247,3642.1397
0,771,1,2,3100,1232,247,3642.1397
0,772,1,2,3317,1015,194,3529.6867
0,773,1,2,3257,1075,194,3741.6667
0,774,1,2,3156,1176,194,4098.4997
0,775,1,0,4176,1660,295,7012.6707
0,776,1,2,3102,1230,245,3642.1397
0,777,1,0,4208,1628,247,6010.2197
0,778,1,1,620,14,2,0.2197
0,779,1,0,4372,1464,295,6320.2027
0,780,1,2,3365,967,194,3360.1027
0,781,1,2,3102,1230,245,3642.1397
0,782,1,0,4102,1734,346,6602.39349
0,783,1,2,3100,1232,247,3642.1397
0,784,1,1,620,14,2,0.2197
0,785,1,2,3102,1230,245,3642.1397
0,786,1,2,3100,1232,247,3642.1397
0,787,1,0,4244,1592,293,6779.4927
0,788,1,1,620,14,2,0.2197
0,789,1,2,3365,967,194,3360.1027
0,790,1,2,3100,1232,247,3642.1397
0,791,1,2,3100,1232,247,3642.1397
0,792,1,0,4109,1727,346,6602.2397
0,793,3,0,4372,1464,295,6320.2027
0,794,1,2,3258,1074,194,3738.1337
0,795,1,1,620,14,2,0.2197
0,796,1,2,3068,1264,245,3743.9697
0,797,1,0,4274,1562,293,6673.5027
0,798,1,2,3365,967,194,3360.1027
0,799,1,0,4221,1615,295,6853.6857
0,800,1,2,3102,1230,245,3642.1397
0,801,1,0,4196,1640,295,6942.0107
0,802,3,2,3102,1230,245,3642.1397
0,803,1,2,3100,1232,247,3642.1397
0,804,1,2,3164,1168,194,4070.2357
0,805,1,2,3100,1232,247,3642.1397
0,806,1,1,620,14,2,0.2197
0,807,1,1,620,14,2,0.2197
0,808,1,0,4374,1462,293,6320.2027
0,809,1,1,620,14,2,0.2197
0,810,3,1,620,14,2,0.2197
0,811,1,0,4374,1462,293,6320.2027
0,812,1,1,620,14,2,0.2197
0,813,1,0,4372,1464,295,6320.2027
0,814,1,0,4208,1628,247,6010.2197
0,815,1,0,4204,1632,249,6010.26364
0,816,1,2,3102,1230,245,3642.1397
0,817,1,0,4208,1628,247,6010.2197
0,818,1,1,620,14,2,0.2197
0,819,1,2,3365,967,194,3360.1027
0,820,1,0,4280,1556,295,6645.2387
0,821,1,2,3100,1232,247,3642.1397
0,822,1,1,620,14,2,0.2197
0,823,1,1,620,14,2,0.2197
0,824,1,2,3365,967,194,3360.1027
0,825,1,2,3365,967,194,3360.1027
0,826,1,2,3102,1230,245,3642.1397
0,827,1,0,4316,1520,293,6525.1167
0,828,1,1,620,14,2,0.2197
0,829,1,0,4342,1494,293,6433.2587
0,830,1,1,620,14,2,0.2197
0,831,1,0,4208,1628,247,6010.2197
0,832,1,1,620,14,2,0.2197
0,833,1,0,4109,1727,346,6602.2397
0,834,1,1,620,14,2,0.2197
0,835,1,2,3100,1232,247,3642.1397
0,836,1,1,620,14,2,0.2197
0,837,1,1,620,14,2,0.2197
0,838,1,0,4372,1464,295,6320.2027
0,839,1,2,3365,967,194,3360.1027
0,840,3,1,620,14,2,0.2197
0,841,1,0,4374,1462,293,6320.2027
0,842,1,2,3365,967,194,3360.1027
0,843,1,2,3102,1230,245,3642.1397
0,844,1,0,4109,1727,346,6602.2397
0,845,3,1,620,14,2,0.2197
0,846,1,0,4107,1729,348,6602.2397
0,847,1,0,4107,1729,348,6602.2397
0,848,1,2,3254,1078,194,3752.2657
0,849,1,0,4257,1579,295,6726.4977
0,850,1,0,4109,1727,346,6602.2397
0,851,1,1,620,14,2,0.2197
0,852,1,2,3279,1053,194,3663.9407
0,853,1,2,3352,980,194,3406.0317
0,854,1,2,3100,1232,247,3642.1397
0,855,1,1,620,14,2,0.2197
0,856,1,1,620,14,2,0.2197
0,857,1,1,620,14,2,0.2197
0,858,1,2,3365,967,194,3360.1027
0,859,1,2,3365,967,194,3360.1027
0,860,1,0,4247,1589,293,6768.8937
0,861,1,1,620,14,2,0.2197
0,862,1,1,618,16,4,0.2197
0,863,3,0,4208,1628,247,6010.2197
0,864,1,1,620,14,2,0.2197
0,865,3,1,620,14,2,0.2197
0,866,1,1,620,14,2,0.2197
0,867,1,2,3365,967,194,3360.1027
0,868,1,0,4374,1462,293,6320.2027
0,869,1,0,4208,1628,247,6010.2197
0,870,1,1,620,14,2,0.2197
0,871,1,0,4244,1592,293,6779.4927
0,872,1,2,2971,1361,247,4028.4947
0,873,1,2,3095,1237,245,3642.29349
0,874,1,0,4345,1491,295,6415.5937
0,875,1,0,4109,1727,346,6602.2397
0,876,1,2,3100,1232,247,3642.1397
0,877,1,2,3100,1232,247,3642.1397
0,878,1,1,620,14,2,0.2197
0,879,1,0,4296,1540,293,6595.7767
0,880,1,1,620,14,2,0.2197
0,881,1,1,620,14,2,0.2197
0,882,1,0,4366,1470,295,6320.33452
0,883,1,2,3102,1230,245,3642.1397
0,884,3,1,620,14,2,0.2197
0,885,1,0,4208,1628,247,6010.2197
0,886,1,0,4374,1462,293,6320.2027
0,887,1,0,4374,1462,293,6320.2027
0,888,1,0,4208,1628,247,6010.2197
0,889,1,1,620,14,2,0.2197
0,890,1,2,3365,967,194,3360.1027
0,891,1,2,3365,967,194,3360.1027
0,892,1,0,4109,1727,346,6602.2397
0,893,1,0,4107,1729,348,6602.2397
0,894,1,1,620,14,2,0.2197
0,895,1,1,620,14,2,0.2197
0,896,1,2,3363,969,196,3360.1027
0,897,1,1,614,20,2,0.35152
0,898,1,1,620,14,2,0.2197
0,899,1,0,4371,1465,295,6320.2027
0,900,3,0,4304,1532,293,6567.5127
0,901,1,2,3102,1230,245,3642.1397
0,902,1,1,620,14,2,0.2197
0,903,3,2,3162,1170,194,4077.3017
0,904,1,2,3102,1230,245,3642.1397
0,905,1,0,4330,1506,293,6475.6547
0,906,1,0,4206,1630,249,6010.2197
0,907,1,1,620,14,2,0.2197
0,908,1,1,620,14,2,0.2197
0,909,1,0,4372,1464,295,6320.2027
0,910,1,0,4208,1628,247,6010.2197
0,911,1,1,620,14,2,0.2197
0,912,1,0,4208,1628,247,6010.2197
0,913,1,1,620,14,2,0.2197
0,914,1,0,4374,1462,293,6320.2027
0,915,1,2,3102,1230,245,3642.1397
0,916,1,1,620,14,2,0.2197
0,917,1,0,4210,1626,293,6899.6147
0,918,1,0,4204,1632,295,6913.7467
0,919,1,1,620,14,2,0.2197
0,920,1,1,613,21,2,0.37349
0,921,1,2,3100,1232,247,3642.1397
0,922,1,2,3100,1232,247,3642.1397
0,923,1,1,620,14,2,0.2197
0,924,1,1,620,14,2,0.2197
0,925,1,2,3365,967,194,3360.1027
0,926,1,2,3100,1232,247,3642.1397
0,927,1,0,4107,1729,348,6602.2397
0,928,1,2,3100,1232,247,3642.1397
0,929,1,0,4342,1494,293,6433.2587
0,930,1,1,620,14,2,0.2197
0,931,1,2,3365,967,194,3360.1027
0,932,1,1,620,14,2,0.2197
0,933,1,1,620,14,2,0.2197
0,934,1,2,3365,967,194,3360.1027
0,935,1,2,3155,1177,194,4102.0327
0,936,1,1,620,14,2,0.2197
0,937,1,1,620,14,2,0.2197
0,938,1,1,620,14,2,0.2197
0,939,3,2,3102,1230,245,3642.1397
0,940,1,2,3100,1232,247,3642.1397
0,941,1,2,3201,1131,194,3939.5147
0,942,1,1,620,14,2,0.2197
0,943,1,1,620,14,2,0.2197
0,944,1,2,3365,967,194,3360.1027
0,945,1,0,4374,1462,293,6320.2027
0,946,1,1,620,14,2,0.2197
0,947,1,1,620,14,2,0.2197
0,948,1,1,620,14,2,0.2197
0,949,3,1,620,14,2,0.2197
0,950,1,0,4374,1462,293,6320.2027
0,951,1,1,620,14,2,0.2197
0,952,1,1,620,14,2,0.2197
0,953,1,1,620,14,2,0.2197
0,954,3,2,3363,969,196,3360.1027
0,955,1,2,3314,1018,194,3540.2857
0,956,1,2,3100,1232,247,3642.1397
0,957,1,2,3100,1232,247,3642.1397
0,958,1,1,620,14,2,0.2197
0,959,1,1,620,14,2,0.2197
0,960,1,1,620,14,2,0.2197
0,961,1,2,3365,967,194,3360.1027
0,962,1,2,3365,967,194,3360.1027
0,963,1,2,3102,1230,245,3642.1397
0,964,1,1,620,14,2,0.2197
0,965,1,2,3100,1232,245,3642.18364
0,966,1,2,3099,1233,247,3642.16167
0,967,1,0,4198,1638,293,6942.0107
0,968,1,2,3216,1116,194,3886.5197
0,969,1,2,3100,1232,247,3642.1397
0,970,1,1,620,14,2,0.2197
0,971,1,2,3158,1174,194,4091.4337
0,972,1,1,620,14,2,0.2197
0,973,1,2,3102,1230,245,3642.1397
0,974,1,1,620,14,2,0.2197
0,975,1,2,3365,967,194,3360.1027
0,976,1,0,4103,1733,346,6602.37152
0,977,1,0,4194,1642,295,6949.0767
0,978,1,2,3102,1230,245,3642.1397
0,979,1,2,3098,1234,249,3642.1397
0,980,1,2,3100,1232,247,3642.1397
0,981,1,2,3100,1232,247,3642.1397
0,982,1,2,3174,1158,194,4034.9057
0,983,1,1,620,14,2,0.2197
0,984,3,1,620,14,2,0.2197
0,985,1,1,620,14,2,0.2197
0,986,1,0,4374,1462,293,6320.2027
0,987,1,0,4374,1462,293,6320.2027
0,988,1,2,3257,1075,194,3741.6667
0,989,1,1,620,14,2,0.2197
0,990,1,2,3100,1232,247,3642.1397
0,991,1,1,620,14,2,0.2197
0,992,1,2,3365,967,194,3360.1027
0,993,1,0,4374,1462,293,6320.2027
0,994,1,0,4208,1628,247,6010.2197
0,995,3,2,3365,967,194,3360.1027
0,996,1,2,3365,967,194,3360.1027
0,997,1,1,620,14,2,0.2197
0,998,1,1,620,14,2,0.2197
0,999,1,0,4109,1727,346,6602.2397
