CONFIGURATION:
{u'simulation': {u'stdev_factor': 0.01, u'power_mgmt_enabled': False, u'tasks': {u'loc': {u'mean_service_time': {u'gpu': 90, u'cpu_core': 200, u'loc_accel': 10}, u'priority': 1, u'deadline': 1000, u'stdev_service_time': {u'gpu': 0.9, u'cpu_core': 2.0, u'loc_accel': 0.1}, u'power': {u'gpu': 4.457, u'cpu_core': 6.133, u'loc_accel': 0.02197}}, u'detect': {u'mean_service_time': {u'gpu': 0.4607, u'cpu_core': 3.654, u'det_accel': 0.278}, u'priority': 2, u'deadline': 1000, u'stdev_service_time': {u'gpu': 0.004607, u'cpu_core': 0.03654, u'det_accel': 0.0027800000000000004}, u'power': {u'gpu': 90, u'cpu_core': 200, u'det_accel': 10}}, u'Frontier': {u'mean_service_time': {u'cpu_core': 396}, u'priority': 9, u'deadline': 1000, u'stdev_service_time': {u'cpu_core': 3.96}, u'power': {u'cpu_core': 5.98}}, u'track': {u'mean_service_time': {u'gpu': 17, u'tra_accel': 2, u'cpu_core': 1820}, u'priority': 3, u'deadline': 1000, u'stdev_service_time': {u'gpu': 0.17, u'tra_accel': 0.02, u'cpu_core': 18.2}, u'power': {u'gpu': 12.79, u'tra_accel': 0.59, u'cpu_core': 5.6}}, u'sp': {u'mean_service_time': {u'gpu': 379, u'cpu_core': 1004}, u'priority': 11, u'deadline': 1000, u'stdev_service_time': {u'gpu': 3.79, u'cpu_core': 10.040000000000001}, u'power': {u'gpu': 3.302, u'cpu_core': 1004}}, u'mission': {u'mean_service_time': {u'cpu_core': 0.0022}, u'priority': 5, u'deadline': 1000, u'stdev_service_time': {u'cpu_core': 2.2000000000000003e-05}, u'power': {u'cpu_core': 3.534}}, u'motion': {u'mean_service_time': {u'cpu_core': 8}, u'priority': 6, u'deadline': 1000, u'stdev_service_time': {u'cpu_core': 0.08}, u'power': {u'cpu_core': 4.222}}, u'collision': {u'mean_service_time': {u'cpu_core': 8}, u'priority': 7, u'deadline': 1000, u'stdev_service_time': {u'cpu_core': 0.08}, u'power': {u'cpu_core': 0}}, u'fusion': {u'mean_service_time': {u'cpu_core': 1}, u'priority': 4, u'deadline': 1000, u'stdev_service_time': {u'cpu_core': 0.01}, u'power': {u'cpu_core': 0}}, u'map': {u'mean_service_time': {u'gpu': 761, u'cpu_core': 973}, u'priority': 10, u'deadline': 1000, u'stdev_service_time': {u'gpu': 7.61, u'cpu_core': 9.73}, u'power': {u'gpu': 3.533, u'cpu_core': 2.995}}, u'path': {u'mean_service_time': {u'cpu_core': 8}, u'priority': 8, u'deadline': 1000, u'stdev_service_time': {u'cpu_core': 0.08}, u'power': {u'cpu_core': 0}}}, u'sched_policy_module': u'policies.heft', u'drop': True, u'servers': {u'gpu': {u'count': 2}, u'tra_accel': {u'count': 1}, u'cpu_core': {u'count': 8}, u'loc_accel': {u'count': 1}, u'det_accel': {u'count': 1}}, u'max_tasks_simulated': 10000, u'max_queue_size': 1000000, u'mean_arrival_time': 50, u'arrival_time_scale': 4.2}, u'general': {u'random_seed': 0, u'pre_gen_arrivals': False, u'basename': u'policy:heft__stdev_factor:0.01', u'output_trace_file': None, u'working_dir': u'/home/hiwot/meta-stomp2/sim_16042020_191827_new_arrival_50_map_rheftmapping_50_trace_10', u'input_trace_file': (False, '../mv_mapping_50_trace_10.trc'), u'logging_level': u'INFO'}}

/home/hiwot/meta-stomp2/sim_16042020_191827_new_arrival_50_map_rheftmapping_50_trace_10/../mv_mapping_50_trace_10.trc

Running STOMP simulation...
Dropped,DAG ID,DAG Priority,DAG Type,Slack,Response Time,No-Affinity Time,Energy
0,0,1,1,687,14,2,0.2197
0,1,1,0,4989,1462,293,6320.2027
0,2,1,0,4987,1464,295,6320.2027
0,3,1,1,687,14,2,0.2197
0,4,1,0,4989,1462,293,6320.2027
0,5,1,1,687,14,2,0.2197
0,6,1,1,687,14,2,0.2197
0,7,1,1,687,14,2,0.2197
0,8,1,1,687,14,2,0.2197
0,9,1,1,687,14,2,0.2197
0,10,1,0,4989,1462,293,6320.2027
0,11,1,2,3821,967,194,3360.1027
0,12,1,1,687,14,2,0.2197
0,13,1,2,3558,1230,245,3642.1397
0,14,1,0,4724,1727,346,6602.2397
0,15,1,2,3618,1170,194,4077.3017
0,16,1,1,687,14,2,0.2197
0,17,1,1,687,14,2,0.2197
0,18,1,2,3821,967,194,3360.1027
0,19,1,2,3792,996,194,3462.5597
0,20,1,2,3556,1232,247,3642.1397
0,21,1,0,4724,1727,346,6602.2397
0,22,1,2,3556,1232,247,3642.1397
0,23,1,0,4989,1462,293,6320.2027
0,24,1,1,687,14,2,0.2197
0,25,1,2,3821,967,194,3360.1027
0,26,1,2,3821,967,194,3360.1027
0,27,1,2,3558,1230,245,3642.1397
0,28,1,1,687,14,2,0.2197
0,29,1,0,4989,1462,293,6320.2027
0,30,1,1,687,14,2,0.2197
0,31,1,0,4989,1462,293,6320.2027
0,32,1,0,4823,1628,247,6010.2197
0,33,1,1,687,14,2,0.2197
0,34,1,0,4987,1464,295,6320.2027
0,35,3,2,3507,1281,245,3794.8847
0,36,1,0,4924,1527,293,6549.8477
0,37,1,1,687,14,2,0.2197
0,38,1,0,4724,1727,346,6602.2397
0,39,1,1,687,14,2,0.2197
0,40,3,0,4989,1462,293,6320.2027
0,41,1,1,687,14,2,0.2197
0,42,1,2,3821,967,194,3360.1027
0,43,1,0,4823,1628,247,6010.2197
0,44,1,0,4823,1628,247,6010.2197
0,45,3,1,687,14,2,0.2197
0,46,1,2,3680,1108,194,3858.2557
0,47,1,2,3821,967,194,3360.1027
0,48,1,2,3558,1230,245,3642.1397
0,49,3,0,4826,1625,293,6896.0817
0,50,1,0,4722,1729,348,6602.2397
0,51,1,1,687,14,2,0.2197
0,52,1,0,4821,1630,249,6010.2197
0,53,1,0,4724,1727,346,6602.2397
0,54,1,1,687,14,2,0.2197
0,55,1,1,687,14,2,0.2197
0,56,1,2,3821,967,194,3360.1027
0,57,1,0,4989,1462,293,6320.2027
0,58,1,2,3556,1232,247,3642.1397
0,59,1,1,687,14,2,0.2197
0,60,1,1,687,14,2,0.2197
0,61,1,1,687,14,2,0.2197
0,62,1,1,687,14,2,0.2197
0,63,3,2,3821,967,194,3360.1027
0,64,3,2,3821,967,194,3360.1027
0,65,1,0,4823,1628,247,6010.2197
0,66,1,0,4973,1478,295,6369.6647
0,67,1,0,4987,1464,295,6320.2027
0,68,1,2,3558,1230,245,3642.1397
0,69,1,0,4823,1628,247,6010.2197
0,70,1,0,4780,1671,293,7058.5997
0,71,1,2,3558,1230,245,3642.1397
0,72,1,0,4909,1542,295,6595.7767
0,73,1,2,3558,1230,245,3642.1397
0,74,1,2,3558,1230,245,3642.1397
0,75,1,0,4879,1572,293,6708.8327
0,76,1,2,3485,1303,247,3854.7847
0,77,1,0,4966,1485,295,6394.3957
0,78,1,1,687,14,2,0.2197
0,79,1,2,3556,1232,247,3642.1397
0,80,1,1,687,14,2,0.2197
0,81,1,1,687,14,2,0.2197
0,82,1,0,4907,1544,293,6609.9087
0,83,1,0,4989,1462,293,6320.2027
0,84,1,1,687,14,2,0.2197
0,85,1,2,3558,1230,245,3642.1397
0,86,1,2,3821,967,194,3360.1027
0,87,1,0,4937,1514,293,6503.9187
0,88,1,2,3558,1230,245,3642.1397
0,89,1,2,3556,1232,247,3642.1397
0,90,1,2,3491,1297,245,3842.8047
0,91,1,0,4849,1602,293,6814.8227
0,92,1,1,685,16,2,0.26364
0,93,1,2,3679,1109,194,3861.7887
0,94,1,1,687,14,2,0.2197
0,95,1,0,4722,1729,346,6602.28364
0,96,1,1,687,14,2,0.2197
0,97,3,0,4724,1727,346,6602.2397
0,98,1,2,3558,1230,245,3642.1397
0,99,1,1,687,14,2,0.2197
0,100,1,0,4989,1462,293,6320.2027
0,101,1,1,677,24,2,0.4394
0,102,1,0,4987,1464,295,6320.2027
0,103,1,1,687,14,2,0.2197
0,104,1,1,687,14,2,0.2197
0,105,1,0,4724,1727,346,6602.2397
0,106,1,0,4722,1729,348,6602.2397
0,107,1,2,3821,967,194,3360.1027
0,108,1,0,4989,1462,293,6320.2027
0,109,1,1,687,14,2,0.2197
0,110,1,1,687,14,2,0.2197
0,111,1,1,687,14,2,0.2197
0,112,1,1,687,14,2,0.2197
0,113,1,0,4989,1462,293,6320.2027
0,114,1,0,4989,1462,293,6320.2027
0,115,3,2,3821,967,194,3360.1027
0,116,1,1,687,14,2,0.2197
0,117,1,1,687,14,2,0.2197
0,118,1,2,3821,967,194,3360.1027
0,119,1,2,3558,1230,245,3642.1397
0,120,1,1,687,14,2,0.2197
0,121,1,0,4941,1510,293,6489.7867
0,122,1,0,4823,1628,247,6010.2197
0,123,3,1,687,14,2,0.2197
0,124,3,2,3821,967,194,3360.1027
0,125,1,1,687,14,2,0.2197
0,126,1,2,3721,1067,194,3713.4027
0,127,1,0,4724,1727,346,6602.2397
0,128,1,1,687,14,2,0.2197
0,129,1,2,3556,1232,247,3642.1397
0,130,1,2,3821,967,194,3360.1027
0,131,1,2,3821,967,194,3360.1027
0,132,1,1,687,14,2,0.2197
0,133,1,2,3743,1045,194,3635.6767
0,134,1,1,687,14,2,0.2197
0,135,1,2,3768,1020,194,3547.3517
0,136,1,1,687,14,2,0.2197
0,137,1,0,4989,1462,293,6320.2027
0,138,1,0,4987,1464,295,6320.2027
0,139,1,1,687,14,2,0.2197
0,140,1,0,4823,1628,247,6010.2197
0,141,1,2,3558,1230,245,3642.1397
0,142,1,2,3556,1232,247,3642.1397
0,143,1,2,3676,1112,194,3872.3877
0,144,1,1,687,14,2,0.2197
0,145,3,1,687,14,2,0.2197
0,146,1,0,4989,1462,293,6320.2027
0,147,3,0,4724,1727,346,6602.2397
0,148,1,1,687,14,2,0.2197
0,149,1,2,3758,1030,194,3582.6817
0,150,3,2,3626,1162,194,4049.0377
0,151,1,0,4823,1628,247,6010.2197
0,152,1,0,4987,1464,295,6320.2027
0,153,1,2,3558,1230,245,3642.1397
0,154,1,1,687,14,2,0.2197
0,155,1,1,687,14,2,0.2197
0,156,1,0,4989,1462,293,6320.2027
0,157,1,1,687,14,2,0.2197
0,158,1,1,687,14,2,0.2197
0,159,1,1,687,14,2,0.2197
0,160,1,2,3821,967,194,3360.1027
0,161,1,1,687,14,2,0.2197
0,162,1,2,3821,967,194,3360.1027
0,163,1,2,3739,1049,194,3649.8087
0,164,1,0,4823,1628,247,6010.2197
0,165,3,2,3558,1230,245,3642.1397
0,166,1,1,687,14,2,0.2197
0,167,1,0,4987,1464,295,6320.2027
0,168,1,1,687,14,2,0.2197
0,169,1,0,4989,1462,293,6320.2027
0,170,1,1,687,14,2,0.2197
0,171,1,1,687,14,2,0.2197
0,172,1,1,687,14,2,0.2197
0,173,1,2,3821,967,194,3360.1027
0,174,1,1,687,14,2,0.2197
0,175,1,0,4989,1462,293,6320.2027
0,176,1,1,687,14,2,0.2197
0,177,1,0,4821,1630,249,6010.2197
0,178,1,1,687,14,2,0.2197
0,179,1,1,687,14,2,0.2197
0,180,1,0,4989,1462,293,6320.2027
0,181,1,1,687,14,2,0.2197
0,182,1,1,687,14,2,0.2197
0,183,1,0,4987,1464,295,6320.2027
0,184,1,1,681,20,2,0.35152
0,185,1,2,3558,1230,245,3642.1397
0,186,1,2,3556,1232,247,3642.1397
0,187,3,1,687,14,2,0.2197
0,188,1,2,3821,967,194,3360.1027
0,189,1,1,687,14,2,0.2197
0,190,1,2,3821,967,194,3360.1027
0,191,1,1,687,14,2,0.2197
0,192,1,1,687,14,2,0.2197
0,193,1,1,687,14,2,0.2197
0,194,1,1,687,14,2,0.2197
0,195,1,0,4989,1462,293,6320.2027
0,196,1,2,3821,967,194,3360.1027
0,197,1,0,4823,1628,247,6010.2197
0,198,1,0,4842,1609,295,6832.4877
0,199,1,2,3821,967,194,3360.1027
0,200,3,0,4819,1632,249,6010.26364
0,201,1,2,3556,1232,247,3642.1397
0,202,1,1,687,14,2,0.2197
0,203,1,0,4989,1462,293,6320.2027
0,204,1,0,4989,1462,293,6320.2027
0,205,1,0,4987,1464,295,6320.2027
0,206,1,2,3421,1367,247,4046.4647
0,207,1,1,687,14,2,0.2197
0,208,1,2,3558,1230,245,3642.1397
0,209,1,0,4981,1470,295,6341.4007
0,210,1,0,4718,1733,346,6602.37152
0,211,1,1,687,14,2,0.2197
0,212,1,0,4722,1729,348,6602.2397
0,213,1,1,687,14,2,0.2197
0,214,1,0,4989,1462,293,6320.2027
0,215,1,1,687,14,2,0.2197
0,216,1,0,4989,1462,293,6320.2027
0,217,1,0,4987,1464,295,6320.2027
0,218,1,0,4823,1628,247,6010.2197
0,219,1,1,687,14,2,0.2197
0,220,1,1,687,14,2,0.2197
0,221,1,1,687,14,2,0.2197
0,222,1,0,4989,1462,293,6320.2027
0,223,3,1,687,14,2,0.2197
0,224,1,1,677,24,2,0.4394
0,225,1,0,4987,1464,295,6320.2027
0,226,1,1,687,14,2,0.2197
0,227,1,2,3558,1230,245,3642.1397
0,228,1,1,687,14,2,0.2197
0,229,1,2,3821,967,194,3360.1027
0,230,1,0,4989,1462,293,6320.2027
0,231,1,0,4935,1516,295,6503.9187
0,232,1,1,687,14,2,0.2197
0,233,1,0,4823,1628,247,6010.2197
0,234,1,1,687,14,2,0.2197
0,235,1,2,3821,967,194,3360.1027
0,236,1,0,4989,1462,293,6320.2027
0,237,1,1,687,14,2,0.2197
0,238,1,1,687,14,2,0.2197
0,239,1,2,3415,1373,245,4070.4247
0,240,1,0,4977,1474,295,6355.5327
0,241,1,0,4724,1727,346,6602.2397
0,242,3,2,3821,967,194,3360.1027
0,243,1,0,4724,1727,346,6602.2397
0,244,1,1,687,14,2,0.2197
0,245,1,1,687,14,2,0.2197
0,246,1,1,687,14,2,0.2197
0,247,1,0,4989,1462,293,6320.2027
0,248,3,0,4989,1462,293,6320.2027
0,249,1,2,3558,1230,245,3642.1397
0,250,1,1,687,14,2,0.2197
0,251,1,0,4878,1573,293,6712.3657
0,252,3,0,4989,1462,293,6320.2027
0,253,1,2,3556,1232,247,3642.1397
0,254,1,1,687,14,2,0.2197
0,255,1,0,4823,1628,247,6010.2197
0,256,1,2,3550,1238,247,3642.27152
0,257,1,1,687,14,2,0.2197
0,258,1,1,687,14,2,0.2197
0,259,1,0,4989,1462,293,6320.2027
0,260,1,1,686,15,2,0.24167
0,261,1,0,4989,1462,293,6320.2027
0,262,1,1,687,14,2,0.2197
0,263,1,2,3558,1230,245,3642.1397
0,264,1,1,687,14,2,0.2197
0,265,1,1,687,14,2,0.2197
0,266,1,1,687,14,2,0.2197
0,267,1,2,3821,967,194,3360.1027
0,268,1,0,4989,1462,293,6320.2027
0,269,1,0,4821,1630,249,6010.2197
0,270,1,2,3558,1230,245,3642.1397
0,271,1,2,3556,1232,247,3642.1397
0,272,1,1,687,14,2,0.2197
0,273,1,1,687,14,2,0.2197
0,274,1,1,687,14,2,0.2197
0,275,1,0,4941,1510,293,6489.7867
0,276,1,0,4989,1462,293,6320.2027
0,277,1,0,4821,1630,249,6010.2197
0,278,1,2,3485,1303,247,3854.7847
0,279,1,2,3558,1230,245,3642.1397
0,280,1,0,4849,1602,295,6807.7567
0,281,1,1,687,14,2,0.2197
0,282,3,2,3634,1154,194,4020.7737
0,283,3,0,4823,1628,247,6010.2197
0,284,1,0,4986,1465,295,6326.1827
0,285,1,1,687,14,2,0.2197
0,286,3,1,687,14,2,0.2197
0,287,1,0,4823,1628,247,6010.2197
0,288,1,2,3821,967,194,3360.1027
0,289,1,1,687,14,2,0.2197
0,290,1,2,3558,1230,245,3642.1397
0,291,1,0,4937,1514,293,6503.9187
0,292,1,0,4724,1727,346,6602.2397
0,293,1,0,4834,1617,295,6860.7517
0,294,3,2,3558,1230,245,3642.1397
0,295,1,1,687,14,2,0.2197
0,296,1,1,687,14,2,0.2197
0,297,3,0,4987,1464,295,6320.2027
0,298,1,1,687,14,2,0.2197
0,299,3,1,687,14,2,0.2197
0,300,1,1,687,14,2,0.2197
0,301,1,1,687,14,2,0.2197
0,302,1,0,4989,1462,293,6320.2027
0,303,1,2,3552,1236,245,3642.27152
0,304,3,2,3558,1230,245,3642.1397
0,305,1,2,3558,1230,245,3642.1397
0,306,1,2,3571,1217,194,4243.3527
0,307,1,0,4950,1501,293,6457.9897
0,308,1,1,687,14,2,0.2197
0,309,1,2,3556,1232,247,3642.1397
0,310,1,2,3558,1230,245,3642.1397
0,311,1,2,3556,1232,247,3642.1397
0,312,1,2,3821,967,194,3360.1027
0,313,1,1,687,14,2,0.2197
0,314,1,0,4989,1462,293,6320.2027
0,315,1,0,4724,1727,346,6602.2397
0,316,1,1,687,14,2,0.2197
0,317,1,2,3556,1232,247,3642.1397
0,318,3,1,687,14,2,0.2197
0,319,1,1,687,14,2,0.2197
0,320,1,1,687,14,2,0.2197
0,321,1,2,3821,967,194,3360.1027
0,322,1,1,687,14,2,0.2197
0,323,1,0,4989,1462,293,6320.2027
0,324,1,1,687,14,2,0.2197
0,325,1,1,687,14,2,0.2197
0,326,1,2,3558,1230,245,3642.1397
0,327,1,0,4724,1727,346,6602.2397
0,328,1,1,687,14,2,0.2197
0,329,1,0,4989,1462,293,6320.2027
0,330,1,2,3821,967,194,3360.1027
0,331,1,1,687,14,2,0.2197
0,332,3,2,3558,1230,245,3642.1397
0,333,3,0,4865,1586,293,6758.2947
0,334,1,2,3558,1230,245,3642.1397
0,335,1,2,3556,1232,247,3642.1397
0,336,1,1,687,14,2,0.2197
0,337,1,0,4933,1518,293,6518.0507
0,338,1,0,4989,1462,293,6320.2027
0,339,1,0,4963,1488,295,6404.9947
0,340,1,0,4724,1727,346,6602.2397
0,341,1,2,3556,1232,247,3642.1397
0,342,1,2,3556,1232,247,3642.1397
0,343,1,2,3556,1232,247,3642.1397
0,344,1,2,3556,1232,247,3642.1397
0,345,1,1,687,14,2,0.2197
0,346,1,2,3778,1010,194,3512.0217
0,347,1,1,681,20,2,0.35152
0,348,1,1,687,14,2,0.2197
0,349,1,2,3821,967,194,3360.1027
0,350,1,1,686,15,2,0.24167
0,351,1,2,3556,1232,247,3642.1397
0,352,1,1,687,14,2,0.2197
0,353,1,2,3815,973,194,3360.23452
0,354,3,0,4903,1548,293,6624.0407
0,355,1,0,4823,1628,247,6010.2197
0,356,1,2,3524,1264,194,4409.4037
0,357,1,0,4984,1467,295,6330.8017
0,358,3,0,4724,1727,346,6602.2397
0,359,1,0,4823,1628,247,6010.2197
0,360,1,0,4877,1574,295,6708.8327
0,361,1,2,3627,1161,194,4045.5047
0,362,1,1,687,14,2,0.2197
0,363,1,0,4875,1576,295,6715.8987
0,364,1,2,3663,1125,194,3918.3167
0,365,1,2,3558,1230,245,3642.1397
0,366,1,0,4724,1727,346,6602.2397
0,367,1,1,687,14,2,0.2197
0,368,1,2,3707,1081,194,3762.8647
0,369,1,0,4987,1464,295,6320.2027
0,370,1,2,3556,1232,247,3642.1397
0,371,1,1,687,14,2,0.2197
0,372,1,2,3821,967,194,3360.1027
0,373,1,1,687,14,2,0.2197
0,374,1,2,3821,967,194,3360.1027
0,375,3,0,4979,1472,293,6355.5327
0,376,3,0,4823,1628,247,6010.2197
0,377,1,0,4724,1727,346,6602.2397
0,378,1,2,3558,1230,245,3642.1397
0,379,1,0,4934,1517,295,6507.4517
0,380,1,0,4975,1476,295,6362.5987
0,381,1,1,687,14,2,0.2197
0,382,1,1,687,14,2,0.2197
0,383,1,0,4724,1727,346,6602.2397
0,384,1,0,4989,1462,293,6320.2027
0,385,1,2,3821,967,194,3360.1027
0,386,3,2,3750,1038,196,3603.8797
0,387,1,2,3545,1243,245,3681.0747
0,388,1,0,4947,1504,295,6461.5227
0,389,1,1,687,14,2,0.2197
0,390,1,1,687,14,2,0.2197
0,391,1,2,3821,967,194,3360.1027
0,392,1,0,4724,1727,346,6602.2397
0,393,1,2,3821,967,194,3360.1027
0,394,1,1,687,14,2,0.2197
0,395,1,2,3752,1036,194,3603.8797
0,396,1,0,4989,1462,293,6320.2027
0,397,1,2,3821,967,194,3360.1027
0,398,1,1,687,14,2,0.2197
0,399,3,1,687,14,2,0.2197
0,400,1,2,3821,967,194,3360.1027
0,401,1,0,4924,1527,293,6514.7374
0,402,3,1,687,14,2,0.2197
0,403,1,2,3821,967,194,3360.1027
0,404,3,2,3819,969,194,3360.14664
0,405,1,1,687,14,2,0.2197
0,406,1,0,4724,1727,346,6602.2397
0,407,1,1,687,14,2,0.2197
0,408,1,0,4941,1510,293,6489.7867
0,409,1,1,687,14,2,0.2197
0,410,1,1,687,14,2,0.2197
0,411,1,0,4989,1462,293,6320.2027
0,412,1,0,4859,1592,293,6779.4927
0,413,1,0,4823,1628,247,6010.2197
0,414,1,0,4821,1630,249,6010.2197
0,415,1,0,4821,1630,249,6010.2197
0,416,3,0,4823,1628,247,6010.2197
0,417,1,1,687,14,2,0.2197
0,418,1,0,4989,1462,293,6320.2027
0,419,1,0,4908,1543,293,6606.3757
0,420,1,0,4724,1727,346,6602.2397
0,421,1,0,4981,1470,295,6341.4007
0,422,1,0,4938,1513,295,6493.3197
0,423,1,2,3645,1143,194,3981.9107
0,424,1,2,3821,967,194,3360.1027
0,425,1,1,687,14,2,0.2197
0,426,1,1,687,14,2,0.2197
0,427,1,0,4987,1464,295,6320.2027
0,428,1,1,687,14,2,0.2197
0,429,1,2,3500,1288,245,3815.8497
0,430,1,0,4947,1504,295,6461.5227
0,431,1,2,3556,1232,247,3642.1397
0,432,1,2,3556,1232,247,3642.1397
0,433,3,2,3556,1232,247,3642.1397
0,434,1,1,687,14,2,0.2197
0,435,1,1,687,14,2,0.2197
0,436,3,2,3821,967,194,3360.1027
0,437,1,0,4987,1464,295,6320.2027
0,438,1,1,687,14,2,0.2197
0,439,1,2,3558,1230,245,3642.1397
0,440,1,2,3756,1032,194,3589.7477
0,441,1,1,687,14,2,0.2197
0,442,3,0,4989,1462,293,6320.2027
0,443,1,1,687,14,2,0.2197
0,444,1,0,4823,1628,247,6010.2197
0,445,1,2,3628,1160,194,4041.9717
0,446,1,1,687,14,2,0.2197
0,447,1,2,3558,1230,245,3642.1397
0,448,1,1,687,14,2,0.2197
0,449,1,1,687,14,2,0.2197
0,450,1,2,3821,967,194,3360.1027
0,451,1,2,3821,967,194,3360.1027
0,452,1,1,687,14,2,0.2197
0,453,1,2,3556,1232,247,3642.1397
0,454,1,0,4823,1628,247,6010.2197
0,455,1,2,3821,967,194,3360.1027
0,456,1,1,687,14,2,0.2197
0,457,1,0,4989,1462,293,6320.2027
0,458,1,2,3558,1230,245,3642.1397
0,459,1,1,687,14,2,0.2197
0,460,1,1,687,14,2,0.2197
0,461,1,0,4989,1462,293,6320.2027
0,462,1,1,687,14,2,0.2197
0,463,1,0,4989,1462,293,6320.2027
0,464,1,0,4819,1632,293,6920.8127
0,465,1,1,687,14,2,0.2197
0,466,1,0,4823,1628,247,6010.2197
0,467,1,0,4821,1630,249,6010.2197
0,468,1,1,687,14,2,0.2197
0,469,1,0,4987,1464,295,6320.2027
0,470,1,1,687,14,2,0.2197
0,471,1,2,3553,1235,245,3642.24955
0,472,1,1,680,21,2,0.37349
0,473,1,2,3821,967,194,3360.1027
0,474,1,2,3556,1232,247,3642.1397
0,475,3,2,3821,967,194,3360.1027
0,476,1,0,4989,1462,293,6320.2027
0,477,1,1,687,14,2,0.2197
0,478,1,1,687,14,2,0.2197
0,479,3,2,3821,967,194,3360.1027
0,480,1,2,3821,967,194,3360.1027
0,481,1,1,687,14,2,0.2197
0,482,1,1,687,14,2,0.2197
0,483,1,0,4987,1464,293,6320.24664
0,484,1,2,3551,1237,245,3642.29349
0,485,1,0,4824,1627,293,6903.1477
0,486,1,2,3558,1230,245,3642.1397
0,487,1,1,687,14,2,0.2197
0,488,1,0,4780,1671,293,7058.5997
0,489,1,1,687,14,2,0.2197
0,490,1,2,3546,1242,247,3642.3594
0,491,1,2,3544,1244,247,3642.40334
0,492,1,0,4722,1729,348,6602.2397
0,493,1,1,687,14,2,0.2197
0,494,1,2,3821,967,194,3360.1027
0,495,1,0,4989,1462,293,6320.2027
0,496,1,0,4823,1628,247,6010.2197
0,497,1,0,4822,1629,295,6903.1477
0,498,1,1,687,14,2,0.2197
0,499,1,0,4987,1464,295,6320.2027
0,500,1,0,4724,1727,346,6602.2397
0,501,3,2,3558,1230,245,3642.1397
0,502,1,2,3616,1172,194,4084.3677
0,503,1,1,687,14,2,0.2197
0,504,1,2,3710,1078,194,3752.2657
0,505,1,1,687,14,2,0.2197
0,506,1,1,687,14,2,0.2197
0,507,1,2,3821,967,194,3360.1027
0,508,1,1,681,20,2,0.35152
0,509,1,0,4813,1638,293,6942.0107
0,510,1,1,687,14,2,0.2197
0,511,1,1,687,14,2,0.2197
0,512,1,1,687,14,2,0.2197
0,513,1,2,3821,967,194,3360.1027
0,514,1,1,687,14,2,0.2197
0,515,1,2,3821,967,194,3360.1027
0,516,3,1,687,14,2,0.2197
0,517,1,1,687,14,2,0.2197
0,518,1,1,687,14,2,0.2197
0,519,1,0,4989,1462,293,6320.2027
0,520,1,2,3821,967,194,3360.1027
0,521,1,0,4823,1628,247,6010.2197
0,522,1,2,3558,1230,245,3642.1397
0,523,1,2,3556,1232,247,3642.1397
0,524,1,2,3556,1232,247,3642.1397
0,525,1,2,3777,1011,194,3515.5547
0,526,1,1,687,14,2,0.2197
0,527,1,1,687,14,2,0.2197
0,528,1,2,3821,967,194,3360.1027
0,529,3,2,3821,967,194,3360.1027
0,530,1,2,3558,1230,245,3642.1397
0,531,3,1,687,14,2,0.2197
0,532,1,2,3556,1232,247,3642.1397
0,533,1,0,4724,1727,346,6602.2397
0,534,1,0,4989,1462,293,6320.2027
0,535,1,0,4987,1464,295,6320.2027
0,536,1,2,3821,967,194,3360.1027
0,537,1,1,687,14,2,0.2197
0,538,1,0,4989,1462,293,6320.2027
0,539,1,0,4823,1628,247,6010.2197
0,540,1,0,4823,1628,247,6010.2197
0,541,1,0,4861,1590,293,6772.4267
0,542,1,0,4906,1545,295,6606.3757
0,543,1,1,687,14,2,0.2197
0,544,1,2,3558,1230,245,3642.1397
0,545,1,0,4823,1628,247,6010.2197
0,546,1,2,3545,1243,245,3681.0747
0,547,1,0,4832,1619,295,6867.8177
0,548,1,0,4724,1727,346,6602.2397
0,549,1,1,687,14,2,0.2197
0,550,1,1,687,14,2,0.2197
0,551,1,2,3821,967,194,3360.1027
0,552,1,2,3556,1232,247,3642.1397
0,553,1,0,4724,1727,346,6602.2397
0,554,1,2,3719,1069,194,3720.4687
0,555,1,1,687,14,2,0.2197
0,556,1,1,687,14,2,0.2197
0,557,1,2,3748,1040,194,3618.0117
0,558,1,1,685,16,2,0.26364
0,559,1,2,3558,1230,245,3642.1397
0,560,1,2,3556,1232,247,3642.1397
0,561,1,1,687,14,2,0.2197
0,562,1,2,3679,1109,194,3861.7887
0,563,1,1,687,14,2,0.2197
0,564,1,0,4901,1550,293,6631.1067
0,565,1,0,4823,1628,247,6010.2197
0,566,1,0,4821,1630,249,6010.2197
0,567,1,0,4821,1630,249,6010.2197
0,568,1,2,3558,1230,245,3642.1397
0,569,1,2,3821,967,194,3360.1027
0,570,3,0,4921,1530,293,6560.4467
0,571,1,2,3556,1232,247,3642.1397
0,572,1,1,687,14,2,0.2197
0,573,1,2,3556,1232,247,3642.1397
0,574,1,0,4989,1462,293,6320.2027
0,575,1,0,4987,1464,295,6320.2027
0,576,1,0,4823,1628,247,6010.2197
0,577,1,2,3548,1240,245,3642.3594
0,578,1,1,687,14,2,0.2197
0,579,1,0,4915,1536,293,6581.6447
0,580,1,2,3821,967,194,3360.1027
0,581,1,0,4821,1630,249,6010.2197
0,582,1,2,3528,1260,245,3731.9897
0,583,1,0,4937,1514,295,6496.8527
0,584,1,2,3554,1234,247,3642.18364
0,585,1,1,687,14,2,0.2197
0,586,1,1,687,14,2,0.2197
0,587,1,0,4849,1602,293,6814.8227
0,588,1,2,3558,1230,245,3642.1397
0,589,1,2,3622,1166,194,4063.1697
0,590,1,0,4724,1727,346,6602.2397
0,591,1,2,3556,1232,247,3642.1397
0,592,1,2,3616,1172,194,4084.3677
0,593,1,0,4722,1729,348,6602.2397
0,594,1,0,4807,1644,295,6956.1427
0,595,1,2,3558,1230,245,3642.1397
0,596,1,1,687,14,2,0.2197
0,597,1,1,687,14,2,0.2197
0,598,1,1,687,14,2,0.2197
0,599,1,1,687,14,2,0.2197
0,600,1,1,687,14,2,0.2197
0,601,1,2,3821,967,194,3360.1027
0,602,1,1,687,14,2,0.2197
0,603,3,2,3821,967,194,3360.1027
0,604,1,0,4821,1630,249,6010.2197
0,605,1,0,4989,1462,293,6320.2027
0,606,1,1,687,14,2,0.2197
0,607,1,0,4970,1481,293,6387.3297
0,608,1,1,687,14,2,0.2197
0,609,1,2,3556,1232,247,3642.1397
0,610,1,1,687,14,2,0.2197
0,611,1,2,3482,1306,245,3869.7597
0,612,1,0,4887,1564,293,6680.5687
0,613,1,1,687,14,2,0.2197
0,614,1,0,4987,1464,295,6320.2027
0,615,1,2,3556,1232,247,3642.1397
0,616,1,2,3558,1230,245,3642.1397
0,617,3,2,3821,967,194,3360.1027
0,618,1,0,4989,1462,293,6320.2027
0,619,1,0,4722,1729,348,6602.2397
0,620,1,2,3821,967,194,3360.1027
0,621,1,2,3821,967,194,3360.1027
0,622,3,0,4821,1630,249,6010.2197
0,623,1,2,3693,1095,194,3812.3267
0,624,1,2,3558,1230,245,3642.1397
0,625,1,0,4823,1628,247,6010.2197
0,626,1,1,687,14,2,0.2197
0,627,3,2,3556,1232,247,3642.1397
0,628,1,0,4918,1533,295,6563.9797
0,629,1,2,3821,967,194,3360.1027
0,630,3,2,3556,1232,247,3642.1397
0,631,1,0,4724,1727,346,6602.2397
0,632,1,2,3821,967,194,3360.1027
0,633,1,1,687,14,2,0.2197
0,634,1,0,4987,1464,295,6320.2027
0,635,1,2,3558,1230,245,3642.1397
0,636,1,1,687,14,2,0.2197
0,637,1,2,3735,1053,194,3663.9407
0,638,1,0,4989,1462,293,6320.2027
0,639,1,2,3821,967,194,3360.1027
0,640,1,1,687,14,2,0.2197
0,641,1,0,4851,1600,295,6800.6907
0,642,1,1,687,14,2,0.2197
0,643,1,2,3558,1230,245,3642.1397
0,644,1,2,3556,1232,247,3642.1397
0,645,1,2,3556,1232,247,3642.1397
0,646,1,2,3556,1232,247,3642.1397
0,647,1,0,4722,1729,348,6602.2397
0,648,1,0,4920,1531,293,6563.9797
0,649,1,1,685,16,4,0.2197
0,650,1,2,3558,1230,245,3642.1397
0,651,1,0,4872,1579,293,6733.5637
0,652,1,1,687,14,2,0.2197
0,653,1,2,3821,967,194,3360.1027
0,654,3,2,3799,989,194,3437.8287
0,655,1,0,4724,1727,346,6602.2397
0,656,1,1,687,14,2,0.2197
0,657,1,2,3821,967,194,3360.1027
0,658,1,1,687,14,2,0.2197
0,659,1,0,4989,1462,293,6320.2027
0,660,1,2,3821,967,194,3360.1027
0,661,1,0,4989,1462,293,6320.2027
0,662,3,1,687,14,2,0.2197
0,663,1,2,3821,967,194,3360.1027
0,664,1,1,687,14,2,0.2197
0,665,1,1,687,14,2,0.2197
0,666,1,2,3821,967,194,3360.1027
0,667,1,2,3820,968,194,3360.12467
0,668,3,2,3558,1230,245,3642.1397
0,669,1,2,3556,1232,247,3642.1397
0,670,1,0,4724,1727,346,6602.2397
0,671,1,1,687,14,2,0.2197
0,672,1,1,687,14,2,0.2197
0,673,1,0,4987,1464,295,6320.2027
0,674,1,1,687,14,2,0.2197
0,675,1,0,4989,1462,293,6320.2027
0,676,1,2,3821,967,194,3360.1027
0,677,1,2,3558,1230,245,3642.1397
0,678,1,2,3803,985,194,3423.6967
0,679,1,1,687,14,2,0.2197
0,680,1,2,3821,967,194,3360.1027
0,681,1,1,681,20,2,0.35152
0,682,1,0,4809,1642,293,6956.1427
0,683,1,0,4823,1628,247,6010.2197
0,684,1,1,687,14,2,0.2197
0,685,1,2,3821,967,194,3360.1027
0,686,1,2,3807,981,194,3409.5647
0,687,1,1,687,14,2,0.2197
0,688,1,0,4989,1462,293,6320.2027
0,689,1,1,687,14,2,0.2197
0,690,1,0,4987,1464,295,6320.2027
0,691,1,0,4823,1628,247,6010.2197
0,692,1,1,687,14,2,0.2197
0,693,1,0,4821,1630,249,6010.2197
0,694,3,1,687,14,2,0.2197
0,695,1,2,3821,967,194,3360.1027
0,696,1,1,687,14,2,0.2197
0,697,1,0,4989,1462,293,6320.2027
0,698,1,2,3508,1280,245,3791.8897
0,699,1,0,4956,1495,295,6429.7257
0,700,3,0,4724,1727,346,6602.2397
0,701,1,2,3558,1230,245,3642.1397
0,702,1,1,687,14,2,0.2197
0,703,1,0,4950,1501,293,6457.9897
0,704,1,0,4987,1464,295,6320.2027
0,705,1,2,3508,1280,245,3791.8897
0,706,3,0,4845,1606,295,6821.8887
0,707,1,1,687,14,2,0.2197
0,708,3,2,3556,1232,247,3642.1397
0,709,1,0,4823,1628,247,6010.2197
0,710,1,0,4830,1621,295,6874.8837
0,711,1,1,687,14,2,0.2197
0,712,1,2,3558,1230,245,3642.1397
0,713,1,1,687,14,2,0.2197
0,714,1,1,687,14,2,0.2197
0,715,1,2,3812,976,194,3391.8997
0,716,1,0,4724,1727,346,6602.2397
0,717,1,2,3556,1232,247,3642.1397
0,718,1,0,4849,1602,295,6807.7567
0,719,1,0,4989,1462,293,6320.2027
0,720,3,0,4847,1604,295,6814.8227
0,721,1,2,3693,1095,194,3812.3267
0,722,1,1,687,14,2,0.2197
0,723,1,1,687,14,2,0.2197
0,724,1,0,4724,1727,346,6602.2397
0,725,1,1,687,14,2,0.2197
0,726,1,2,3814,974,194,3384.8337
0,727,1,1,687,14,2,0.2197
0,728,1,2,3821,967,194,3360.1027
0,729,3,0,4989,1462,293,6320.2027
0,730,1,1,677,24,2,0.4394
0,731,1,0,4823,1628,247,6010.2197
0,732,1,2,3765,1023,194,3557.9507
0,733,1,1,687,14,2,0.2197
0,734,1,1,687,14,2,0.2197
0,735,3,2,3821,967,194,3360.1027
0,736,1,0,4823,1628,247,6010.2197
0,737,1,1,687,14,2,0.2197
0,738,1,1,687,14,2,0.2197
0,739,1,0,4989,1462,293,6320.2027
0,740,1,2,3821,967,194,3360.1027
0,741,3,0,4813,1638,247,6010.4394
0,742,1,1,687,14,2,0.2197
0,743,3,0,4821,1630,249,6010.2197
0,744,1,1,687,14,2,0.2197
0,745,3,2,3752,1036,194,3603.8797
0,746,1,0,4933,1518,293,6518.0507
0,747,1,2,3556,1232,247,3642.1397
0,748,1,1,687,14,2,0.2197
0,749,3,1,687,14,2,0.2197
0,750,1,0,4989,1462,293,6320.2027
0,751,1,1,687,14,2,0.2197
0,752,1,0,4989,1462,293,6320.2027
0,753,1,0,4987,1464,295,6320.2027
0,754,1,0,4823,1628,247,6010.2197
0,755,3,0,4823,1628,247,6010.2197
0,756,1,1,687,14,2,0.2197
0,757,3,1,687,14,2,0.2197
0,758,1,1,687,14,2,0.2197
0,759,1,1,687,14,2,0.2197
0,760,1,2,3821,967,194,3360.1027
0,761,3,2,3821,967,194,3360.1027
0,762,1,0,4823,1628,247,6010.2197
0,763,1,1,687,14,2,0.2197
0,764,1,2,3382,1406,245,4169.2597
0,765,1,1,687,14,2,0.2197
0,766,1,0,4951,1500,295,6447.3907
0,767,1,2,3514,1274,247,3767.9297
0,768,1,0,4847,1604,295,6814.8227
0,769,1,2,3558,1230,245,3642.1397
0,770,1,2,3556,1232,247,3642.1397
0,771,1,2,3746,1042,194,3625.0777
0,772,1,2,3767,1021,194,3550.8847
0,773,1,2,3556,1232,247,3642.1397
0,774,1,2,3821,967,194,3360.1027
0,775,1,0,4987,1464,295,6320.2027
0,776,1,2,3558,1230,245,3642.1397
0,777,1,0,4989,1462,293,6320.2027
0,778,1,1,687,14,2,0.2197
0,779,1,0,4985,1466,297,6320.2027
0,780,1,2,3821,967,194,3360.1027
0,781,1,2,3558,1230,245,3642.1397
0,782,1,0,4716,1735,348,6602.37152
0,783,1,2,3556,1232,247,3642.1397
0,784,1,1,687,14,2,0.2197
0,785,1,2,3558,1230,245,3642.1397
0,786,1,2,3556,1232,247,3642.1397
0,787,1,0,4945,1506,293,6475.6547
0,788,1,1,687,14,2,0.2197
0,789,1,2,3821,967,194,3360.1027
0,790,1,2,3558,1230,245,3642.1397
0,791,1,2,3437,1351,245,4004.5347
0,792,1,0,4905,1546,293,6616.9747
0,793,3,0,4724,1727,346,6602.2397
0,794,1,2,3803,985,194,3423.6967
0,795,1,1,687,14,2,0.2197
0,796,1,2,3821,967,194,3360.1027
0,797,1,0,4823,1628,247,6010.2197
0,798,1,2,3821,967,194,3360.1027
0,799,1,0,4989,1462,293,6320.2027
0,800,1,2,3462,1326,245,3929.6597
0,801,1,0,4893,1558,295,6652.3047
0,802,3,2,3556,1232,247,3642.1397
0,803,1,2,3558,1230,245,3642.1397
0,804,1,2,3821,967,194,3360.1027
0,805,1,2,3556,1232,247,3642.1397
0,806,1,1,687,14,2,0.2197
0,807,1,1,687,14,2,0.2197
0,808,1,0,4989,1462,293,6320.2027
0,809,1,1,687,14,2,0.2197
0,810,3,1,687,14,2,0.2197
0,811,1,0,4989,1462,293,6320.2027
0,812,1,1,687,14,2,0.2197
0,813,1,0,4987,1464,295,6320.2027
0,814,1,0,4823,1628,247,6010.2197
0,815,1,0,4820,1631,249,6010.24167
0,816,1,2,3558,1230,245,3642.1397
0,817,1,0,4722,1729,348,6602.2397
0,818,1,1,687,14,2,0.2197
0,819,1,2,3821,967,194,3360.1027
0,820,1,0,4988,1463,293,6323.7357
0,821,1,2,3556,1232,247,3642.1397
0,822,1,1,687,14,2,0.2197
0,823,1,1,687,14,2,0.2197
0,824,1,2,3821,967,194,3360.1027
0,825,1,2,3821,967,194,3360.1027
0,826,1,2,3647,1141,194,3974.8447
0,827,1,0,4932,1519,293,6521.5837
0,828,1,1,687,14,2,0.2197
0,829,1,0,4823,1628,247,6010.2197
0,830,1,1,687,14,2,0.2197
0,831,1,0,4823,1628,247,6010.2197
0,832,1,1,687,14,2,0.2197
0,833,1,0,4724,1727,346,6602.2397
0,834,1,1,687,14,2,0.2197
0,835,1,2,3556,1232,247,3642.1397
0,836,1,1,687,14,2,0.2197
0,837,1,1,687,14,2,0.2197
0,838,1,0,4987,1464,295,6320.2027
0,839,1,2,3821,967,194,3360.1027
0,840,3,1,687,14,2,0.2197
0,841,1,0,4989,1462,293,6320.2027
0,842,1,2,3821,967,194,3360.1027
0,843,1,2,3558,1230,245,3642.1397
0,844,1,0,4724,1727,346,6602.2397
0,845,3,1,687,14,2,0.2197
0,846,1,0,4722,1729,348,6602.2397
0,847,1,0,4722,1729,348,6602.2397
0,848,1,2,3798,990,194,3441.3617
0,849,1,0,4960,1491,295,6415.5937
0,850,1,0,4724,1727,346,6602.2397
0,851,1,1,687,14,2,0.2197
0,852,1,2,3821,967,194,3360.1027
0,853,1,2,3821,967,194,3360.1027
0,854,1,2,3558,1230,245,3642.1397
0,855,1,1,687,14,2,0.2197
0,856,1,1,687,14,2,0.2197
0,857,1,1,687,14,2,0.2197
0,858,1,2,3819,969,196,3360.1027
0,859,1,2,3821,967,194,3360.1027
0,860,1,0,4950,1501,293,6457.9897
0,861,1,1,687,14,2,0.2197
0,862,1,1,687,14,2,0.2197
0,863,3,0,4823,1628,247,6010.2197
0,864,1,1,687,14,2,0.2197
0,865,3,1,687,14,2,0.2197
0,866,1,1,687,14,2,0.2197
0,867,1,2,3821,967,194,3360.1027
0,868,1,0,4989,1462,293,6320.2027
0,869,1,0,4823,1628,247,6010.2197
0,870,1,1,687,14,2,0.2197
0,871,1,0,4945,1506,293,6475.6547
0,872,1,2,3748,1040,194,3618.0117
0,873,1,2,3552,1236,245,3642.27152
0,874,1,0,4724,1727,346,6602.2397
0,875,1,0,4722,1729,348,6602.2397
0,876,1,2,3556,1232,247,3642.1397
0,877,1,2,3556,1232,247,3642.1397
0,878,1,1,687,14,2,0.2197
0,879,1,0,4989,1462,293,6320.2027
0,880,1,1,687,14,2,0.2197
0,881,1,1,687,14,2,0.2197
0,882,1,0,4983,1468,293,6320.33452
0,883,1,2,3556,1232,247,3642.1397
0,884,3,1,687,14,2,0.2197
0,885,1,0,4724,1727,346,6602.2397
0,886,1,0,4989,1462,293,6320.2027
0,887,1,0,4989,1462,293,6320.2027
0,888,1,0,4821,1630,249,6010.2197
0,889,1,1,687,14,2,0.2197
0,890,1,2,3821,967,194,3360.1027
0,891,1,2,3821,967,194,3360.1027
0,892,1,0,4724,1727,346,6602.2397
0,893,1,0,4722,1729,348,6602.2397
0,894,1,1,687,14,2,0.2197
0,895,1,1,687,14,2,0.2197
0,896,1,2,3821,967,194,3360.1027
0,897,1,1,682,19,2,0.32955
0,898,1,1,687,14,2,0.2197
0,899,1,0,4989,1462,293,6320.2027
0,900,3,0,4987,1464,295,6320.2027
0,901,1,2,3558,1230,245,3642.1397
0,902,1,1,687,14,2,0.2197
0,903,3,2,3698,1090,194,3794.6617
0,904,1,2,3617,1171,194,4080.8347
0,905,1,0,4823,1628,247,6010.2197
0,906,1,0,4821,1630,249,6010.2197
0,907,1,1,687,14,2,0.2197
0,908,1,1,687,14,2,0.2197
0,909,1,0,4987,1464,295,6320.2027
0,910,1,0,4800,1651,293,6987.9397
0,911,1,1,687,14,2,0.2197
0,912,1,0,4823,1628,247,6010.2197
0,913,1,1,687,14,2,0.2197
0,914,1,0,4724,1727,346,6602.2397
0,915,1,2,3556,1232,247,3642.1397
0,916,1,1,687,14,2,0.2197
0,917,1,0,4908,1543,293,6606.3757
0,918,1,0,4989,1462,293,6320.2027
0,919,1,1,687,14,2,0.2197
0,920,1,1,681,20,2,0.35152
0,921,1,2,3757,1031,196,3579.1487
0,922,1,2,3558,1230,245,3642.1397
0,923,1,1,687,14,2,0.2197
0,924,1,1,687,14,2,0.2197
0,925,1,2,3781,1007,194,3501.4227
0,926,1,2,3556,1232,247,3642.1397
0,927,1,0,4724,1727,346,6602.2397
0,928,1,2,3556,1232,247,3642.1397
0,929,1,0,4722,1729,348,6602.2397
0,930,1,1,687,14,2,0.2197
0,931,1,2,3821,967,194,3360.1027
0,932,1,1,687,14,2,0.2197
0,933,1,1,687,14,2,0.2197
0,934,1,2,3821,967,194,3360.1027
0,935,1,2,3689,1099,194,3826.4587
0,936,1,1,687,14,2,0.2197
0,937,1,1,687,14,2,0.2197
0,938,1,1,687,14,2,0.2197
0,939,3,2,3558,1230,245,3642.1397
0,940,1,2,3655,1133,194,3946.5807
0,941,1,2,3556,1232,247,3642.1397
0,942,1,1,687,14,2,0.2197
0,943,1,1,687,14,2,0.2197
0,944,1,2,3821,967,194,3360.1027
0,945,1,0,4989,1462,293,6320.2027
0,946,1,1,687,14,2,0.2197
0,947,1,1,687,14,2,0.2197
0,948,1,1,687,14,2,0.2197
0,949,3,1,687,14,2,0.2197
0,950,1,0,4989,1462,293,6320.2027
0,951,1,1,687,14,2,0.2197
0,952,1,1,687,14,2,0.2197
0,953,1,1,687,14,2,0.2197
0,954,3,2,3821,967,194,3360.1027
0,955,1,2,3821,967,194,3360.1027
0,956,1,2,3556,1232,247,3642.1397
0,957,1,2,3556,1232,247,3642.1397
0,958,1,1,687,14,2,0.2197
0,959,1,1,687,14,2,0.2197
0,960,1,1,687,14,2,0.2197
0,961,1,2,3821,967,194,3360.1027
0,962,1,2,3821,967,194,3360.1027
0,963,1,2,3558,1230,245,3642.1397
0,964,1,1,687,14,2,0.2197
0,965,1,2,3554,1234,247,3642.18364
0,966,1,2,3556,1232,247,3642.1397
0,967,1,0,4895,1556,293,6652.3047
0,968,1,2,3756,1032,194,3589.7477
0,969,1,2,3556,1232,247,3642.1397
0,970,1,1,687,14,2,0.2197
0,971,1,2,3792,996,194,3462.5597
0,972,1,1,687,14,2,0.2197
0,973,1,2,3558,1230,245,3642.1397
0,974,1,1,687,14,2,0.2197
0,975,1,2,3821,967,194,3360.1027
0,976,1,0,4817,1634,247,6010.35152
0,977,1,0,4987,1464,295,6320.2027
0,978,1,2,3556,1232,247,3642.1397
0,979,1,2,3556,1232,247,3642.1397
0,980,1,2,3556,1232,247,3642.1397
0,981,1,2,3655,1133,194,3946.5807
0,982,1,2,3556,1232,247,3642.1397
0,983,1,1,687,14,2,0.2197
0,984,3,1,687,14,2,0.2197
0,985,1,1,687,14,2,0.2197
0,986,1,0,4989,1462,293,6320.2027
0,987,1,0,4989,1462,293,6320.2027
0,988,1,2,3803,985,194,3423.6967
0,989,1,1,687,14,2,0.2197
0,990,1,2,3556,1232,247,3642.1397
0,991,1,1,687,14,2,0.2197
0,992,1,2,3821,967,194,3360.1027
0,993,1,0,4989,1462,293,6320.2027
0,994,1,0,4832,1619,293,6874.8837
0,995,3,2,3821,967,194,3360.1027
0,996,1,2,3556,1232,247,3642.1397
0,997,1,1,687,14,2,0.2197
0,998,1,1,687,14,2,0.2197
0,999,1,0,4989,1462,293,6320.2027
